2014-12-19T11:28:55Z
RequestParameter:  billNo: lkqAd1418988532 | startTime:2014-12-19 11:28:55

2014-12-19T11:28:55Z
https://www.pesopay.com/b2c2/eng/merchant/api/orderApi.jsp?payType=N&merchantId=18062075&pMethod=MASTER&lang=E&cardHolder=Jacqueline%20Marum&cardNo=5353161318679174&securityCode=210&epMonth=01&epYear=2017&amount=10&currCode=840&orderRef=lkqAd1418988532&remark=Test%20Transaction

2014-12-19T11:28:56Z
ResponseParameter:  billNo: lkqAd1418988532 | endTime:2014-12-19 11:28:56

2014-12-19T11:28:56Z
resultCode=-1&orderStatus=&ref=&payRef=&amt=&cur=&errMsg=Invalid Action Type.


2014-12-19T11:42:55Z
RequestParameter:  billNo: axG1U1418989368 | startTime:2014-12-19 11:42:55

2014-12-19T11:42:55Z
https://www.pesopay.com/b2c2/eng/merchant/api/orderApi.jsp?payType=N&merchantId=18062075&pMethod=MASTER&lang=E&cardHolder=Jacqueline%20Marum&cardNo=5353161318679174&securityCode=210&epMonth=01&epYear=2017&amount=10&currCode=840&orderRef=axG1U1418989368&remark=Test%20Transaction

2014-12-19T11:42:56Z
ResponseParameter:  billNo: axG1U1418989368 | endTime:2014-12-19 11:42:56

2014-12-19T11:42:56Z
resultCode=-1&orderStatus=&ref=&payRef=&amt=&cur=&errMsg=Invalid Action Type.


2014-12-19T12:32:56Z
RequestParameter:  billNo: ULXIy1418992374 | startTime:2014-12-19 12:32:56

2014-12-19T12:32:56Z
https://www.pesopay.com/b2c2/eng/merchant/api/orderApi.jsp?payType=N&merchantId=18139939&pMethod=MASTER&lang=E&cardHolder=Jacqueline%20Marum&cardNo=5353161318679174&securityCode=210&epMonth=01&epYear=2017&amount=10&currCode=840&orderRef=ULXIy1418992374&remark=Test%20Transaction

2014-12-19T12:32:57Z
ResponseParameter:  billNo: ULXIy1418992374 | endTime:2014-12-19 12:32:57

2014-12-19T12:32:57Z
resultCode=-1&orderStatus=&ref=&payRef=&amt=&cur=&errMsg=Invalid Action Type.


