2014-12-09T05:25:21Z
RequestParameter:  billNo: 20141202151214 | startTime:2014-12-09 05:25:21

2014-12-09T05:25:21Z
https://test.pesopay.com/b2cDemo/eng/directPay/payComp.jsp?payType=N&merchantId=18062075&pMethod=MASTER&lang=E&cardHolder=Test%20Name&cardNo=5309700000000001&securityCode=467&epMonth=01&epYear=2015&amount=10&currCode=608&orderRef=20141202151214&remark=test

2014-12-09T05:25:22Z
ResponseParameter:  billNo: 20141202151214 | endTime:2014-12-09 05:25:22

2014-12-09T05:25:22Z
successcode=-1&Ref=&PayRef=&Amt=&Cur=&prc=&src=&Ord=&Holder=&AuthId=&TxTime=&errMsg=Parameter Payment Method Incorrect


2014-12-09T05:46:14Z
RequestParameter:  billNo: YgSGf1418103972 | startTime:2014-12-09 05:46:14

2014-12-09T05:46:14Z
https://test.pesopay.com/b2cDemo/eng/directPay/payComp.jsp?payType=N&merchantId=18062075&pMethod=VISA&lang=E&cardHolder=Test%20Name&cardNo=4918914107195005&securityCode=123&epMonth=07&epYear=2015&amount=10&currCode=608&orderRef=YgSGf1418103972&remark=Test

2014-12-09T05:46:15Z
ResponseParameter:  billNo: YgSGf1418103972 | endTime:2014-12-09 05:46:15

2014-12-09T05:46:15Z
successcode=-1&Ref=&PayRef=&Amt=&Cur=&prc=&src=&Ord=&Holder=&AuthId=&TxTime=&errMsg=Your account doesn't support this channel.


2014-12-09T05:49:58Z
RequestParameter:  billNo: vAlyG1418104196 | startTime:2014-12-09 05:49:58

2014-12-09T05:49:58Z
https://test.pesopay.com/b2cDemo/eng/directPay/payComp.jsp?payType=N&merchantId=18062075&pMethod=MASTER&lang=E&cardHolder=Test%20Name&cardNo=5309700000000001&securityCode=467&epMonth=01&epYear=2015&amount=10&currCode=608&orderRef=vAlyG1418104196&remark=Test

2014-12-09T05:49:59Z
ResponseParameter:  billNo: vAlyG1418104196 | endTime:2014-12-09 05:49:59

2014-12-09T05:49:59Z
successcode=-1&Ref=&PayRef=&Amt=&Cur=&prc=&src=&Ord=&Holder=&AuthId=&TxTime=&errMsg=Parameter Payment Method Incorrect


2014-12-09T06:29:23Z
RequestParameter:  billNo: 20141209141229 | startTime:2014-12-09 06:29:23

2014-12-09T06:29:23Z
https://test.pesopay.com/b2cDemo/eng/directPay/payComp.jsp?payType=N&merchantId=18062075&pMethod=MASTER&lang=E&cardHolder=Test%20Name&cardNo=5309700000000001&securityCode=467&epMonth=01&epYear=2015&amount=10&currCode=608&orderRef=20141209141229&remark=Test

2014-12-09T06:29:25Z
ResponseParameter:  billNo: 20141209141229 | endTime:2014-12-09 06:29:25

2014-12-09T06:29:25Z
successcode=-1&Ref=&PayRef=&Amt=&Cur=&prc=&src=&Ord=&Holder=&AuthId=&TxTime=&errMsg=Parameter Payment Method Incorrect


2014-12-09T07:03:16Z
RequestParameter:  billNo: 20141209141259 | startTime:2014-12-09 07:03:16

2014-12-09T07:03:16Z
https://test.pesopay.com/b2cDemo/eng/directPay/payComp.jsp?payType=N&merchantId=18062075&pMethod=MASTER&lang=E&cardHolder=Test%20Name&cardNo=5309700000000001&securityCode=467&epMonth=01&epYear=2015&amount=10&currCode=608&orderRef=20141209141259&remark=Test

2014-12-09T07:03:18Z
ResponseParameter:  billNo: 20141209141259 | endTime:2014-12-09 07:03:18

2014-12-09T07:03:18Z
successcode=-1&Ref=&PayRef=&Amt=&Cur=&prc=&src=&Ord=&Holder=&AuthId=&TxTime=&errMsg=Parameter Payment Method Incorrect


2014-12-09T07:08:27Z
RequestParameter:  billNo: 20141209141260 | startTime:2014-12-09 07:08:27

2014-12-09T07:08:27Z
https://test.pesopay.com/b2cDemo/eng/directPay/payComp.jsp?payType=N&merchantId=18062075&pMethod=MASTER&lang=E&cardHolder=Test%20Name&cardNo=5309700000000001&securityCode=467&epMonth=01&epYear=2015&amount=10&currCode=608&orderRef=20141209141260&remark=Test

2014-12-09T07:08:28Z
ResponseParameter:  billNo: 20141209141260 | endTime:2014-12-09 07:08:28

2014-12-09T07:08:28Z
successcode=-1&Ref=&PayRef=&Amt=&Cur=&prc=&src=&Ord=&Holder=&AuthId=&TxTime=&errMsg=Parameter Payment Method Incorrect


2014-12-09T07:09:57Z
RequestParameter:  billNo: 20141209141261 | startTime:2014-12-09 07:09:57

2014-12-09T07:09:57Z
https://test.pesopay.com/b2cDemo/eng/directPay/payComp.jsp?payType=N&merchantId=18062075&pMethod=MASTER&lang=E&cardHolder=Test%20Name&cardNo=5309700000000001&securityCode=467&epMonth=01&epYear=2015&amount=10&currCode=608&orderRef=20141209141261&remark=Test

2014-12-09T07:09:58Z
ResponseParameter:  billNo: 20141209141261 | endTime:2014-12-09 07:09:58

2014-12-09T07:09:58Z
successcode=-1&Ref=&PayRef=&Amt=&Cur=&prc=&src=&Ord=&Holder=&AuthId=&TxTime=&errMsg=Parameter Payment Method Incorrect


2014-12-09T07:14:26Z
RequestParameter:  billNo: 20141209141265 | startTime:2014-12-09 07:14:26

2014-12-09T07:14:26Z
https://test.pesopay.com/b2cDemo/eng/directPay/payComp.jsp?payType=N&merchantId=18062075&pMethod=MASTER&lang=E&cardHolder=Test%20Name&cardNo=5309700000000001&securityCode=467&epMonth=01&epYear=2015&amount=10&currCode=608&orderRef=20141209141265&remark=Test

2014-12-09T07:14:26Z
ResponseParameter:  billNo: 20141209141265 | endTime:2014-12-09 07:14:26

2014-12-09T07:14:26Z
successcode=-1&Ref=&PayRef=&Amt=&Cur=&prc=&src=&Ord=&Holder=&AuthId=&TxTime=&errMsg=Parameter Payment Method Incorrect


2014-12-09T07:15:48Z
RequestParameter:  billNo: 20141209141266 | startTime:2014-12-09 07:15:48

2014-12-09T07:15:48Z
https://test.pesopay.com/b2cDemo/eng/directPay/payComp.jsp?payType=N&merchantId=18062075&pMethod=MASTER&lang=E&cardHolder=Test%20Name&cardNo=5309700000000001&securityCode=467&epMonth=01&epYear=2015&amount=10&currCode=608&orderRef=20141209141266&remark=Test

2014-12-09T07:15:48Z
ResponseParameter:  billNo: 20141209141266 | endTime:2014-12-09 07:15:48

2014-12-09T07:15:48Z
successcode=-1&Ref=&PayRef=&Amt=&Cur=&prc=&src=&Ord=&Holder=&AuthId=&TxTime=&errMsg=Parameter Payment Method Incorrect


2014-12-09T08:57:02Z
RequestParameter:  billNo: 20141209141271 | startTime:2014-12-09 08:57:02

2014-12-09T08:57:02Z
https://test.pesopay.com/b2cDemo/eng/directPay/payComp.jsp?payType=N&merchantId=18062075&pMethod=MASTER&lang=E&cardHolder=Test%20Name&cardNo=5309700000000001&securityCode=467&epMonth=01&epYear=2015&amount=10&currCode=608&orderRef=20141209141271&remark=Test

2014-12-09T08:57:04Z
ResponseParameter:  billNo: 20141209141271 | endTime:2014-12-09 08:57:04

2014-12-09T08:57:04Z
successcode=-1&Ref=&PayRef=&Amt=&Cur=&prc=&src=&Ord=&Holder=&AuthId=&TxTime=&errMsg=Parameter Payment Method Incorrect


2014-12-09T08:57:41Z
RequestParameter:  billNo: 20141209141272 | startTime:2014-12-09 08:57:41

2014-12-09T08:57:41Z
https://test.pesopay.com/b2cDemo/eng/directPay/payComp.jsp?payType=N&merchantId=18062075&pMethod=MASTER&lang=E&cardHolder=Test%20Name&cardNo=5309700000000001&securityCode=467&epMonth=01&epYear=2015&amount=10&currCode=608&orderRef=20141209141272&remark=Test

2014-12-09T08:57:43Z
ResponseParameter:  billNo: 20141209141272 | endTime:2014-12-09 08:57:43

2014-12-09T08:57:43Z
successcode=-1&Ref=&PayRef=&Amt=&Cur=&prc=&src=&Ord=&Holder=&AuthId=&TxTime=&errMsg=Parameter Payment Method Incorrect


2014-12-09T08:59:13Z
RequestParameter:  billNo: 20141209141273 | startTime:2014-12-09 08:59:13

2014-12-09T08:59:13Z
https://test.pesopay.com/b2cDemo/eng/directPay/payComp.jsp?payType=N&merchantId=18062075&pMethod=MASTER&lang=E&cardHolder=Test%20Name&cardNo=5309700000000001&securityCode=467&epMonth=01&epYear=2015&amount=20&currCode=608&orderRef=20141209141273&remark=Test

2014-12-09T08:59:19Z
ResponseParameter:  billNo: 20141209141273 | endTime:2014-12-09 08:59:19

2014-12-09T08:59:19Z
successcode=-1&Ref=&PayRef=&Amt=&Cur=&prc=&src=&Ord=&Holder=&AuthId=&TxTime=&errMsg=Parameter Payment Method Incorrect


2014-12-09T09:00:10Z
RequestParameter:  billNo: 20141209141274 | startTime:2014-12-09 09:00:10

2014-12-09T09:00:10Z
https://test.pesopay.com/b2cDemo/eng/directPay/payComp.jsp?payType=N&merchantId=18062075&pMethod=MASTER&lang=E&cardHolder=Test%20Name&cardNo=5309700000000001&securityCode=467&epMonth=01&epYear=2015&amount=20&currCode=608&orderRef=20141209141274&remark=Test

2014-12-09T09:00:40Z
ResponseParameter:  billNo: 20141209141274 | endTime:2014-12-09 09:00:40

2014-12-09T09:00:40Z
successcode=-1&Ref=&PayRef=&Amt=&Cur=&prc=&src=&Ord=&Holder=&AuthId=&TxTime=&errMsg=Parameter Payment Method Incorrect


2014-12-09T09:07:03Z
RequestParameter:  billNo: 20141209141275 | startTime:2014-12-09 09:07:03

2014-12-09T09:07:03Z
https://test.pesopay.com/b2cDemo/eng/directPay/payComp.jsp?payType=N&merchantId=18062075&pMethod=MASTER&lang=E&cardHolder=Test%20Name&cardNo=5309700000000001&securityCode=467&epMonth=01&epYear=2015&amount=20&currCode=608&orderRef=20141209141275&remark=Test

2014-12-09T09:07:03Z
ResponseParameter:  billNo: 20141209141275 | endTime:2014-12-09 09:07:03

2014-12-09T09:07:03Z
successcode=-1&Ref=&PayRef=&Amt=&Cur=&prc=&src=&Ord=&Holder=&AuthId=&TxTime=&errMsg=Parameter Payment Method Incorrect


2014-12-09T09:09:14Z
RequestParameter:  billNo: 20141209141276 | startTime:2014-12-09 09:09:14

2014-12-09T09:09:14Z
https://test.pesopay.com/b2cDemo/eng/directPay/payComp.jsp?payType=N&merchantId=18062075&pMethod=MASTER&lang=E&cardHolder=Test%20Name&cardNo=5309700000000001&securityCode=467&epMonth=01&epYear=2015&amount=20&currCode=608&orderRef=20141209141276&remark=Test

2014-12-09T09:09:15Z
ResponseParameter:  billNo: 20141209141276 | endTime:2014-12-09 09:09:15

2014-12-09T09:09:15Z
successcode=-1&Ref=&PayRef=&Amt=&Cur=&prc=&src=&Ord=&Holder=&AuthId=&TxTime=&errMsg=Parameter Payment Method Incorrect


2014-12-09T09:23:22Z
RequestParameter:  billNo: 20141209141277 | startTime:2014-12-09 09:23:22

2014-12-09T09:23:22Z
https://test.pesopay.com/b2cDemo/eng/directPay/payComp.jsp?payType=N&merchantId=18062075&pMethod=MASTER&lang=E&cardHolder=Test%20Name&cardNo=5309700000000001&securityCode=467&epMonth=01&epYear=2015&amount=20&currCode=608&orderRef=20141209141277&remark=Test

2014-12-09T09:23:22Z
ResponseParameter:  billNo: 20141209141277 | endTime:2014-12-09 09:23:22

2014-12-09T09:23:22Z
successcode=-1&Ref=&PayRef=&Amt=&Cur=&prc=&src=&Ord=&Holder=&AuthId=&TxTime=&errMsg=Parameter Payment Method Incorrect


2014-12-09T09:26:09Z
RequestParameter:  billNo: 20141209141278 | startTime:2014-12-09 09:26:09

2014-12-09T09:26:09Z
https://test.pesopay.com/b2cDemo/eng/directPay/payComp.jsp?payType=N&merchantId=18062075&pMethod=MASTER&lang=E&cardHolder=Test%20Name&cardNo=5309700000000001&securityCode=467&epMonth=01&epYear=2015&amount=10&currCode=608&orderRef=20141209141278&remark=Test

2014-12-09T09:26:09Z
ResponseParameter:  billNo: 20141209141278 | endTime:2014-12-09 09:26:09

2014-12-09T09:26:09Z
successcode=-1&Ref=&PayRef=&Amt=&Cur=&prc=&src=&Ord=&Holder=&AuthId=&TxTime=&errMsg=Parameter Payment Method Incorrect


