2015-01-11T12:31:07Z
RequestParameter:  billNo: 1139-4507_7247 | startTime:2015-01-11 12:31:07

2015-01-11T12:31:07Z
Array
(
    [MODE] => Q
    [FRMT] => XML
    [VERS] => 0600
    [MERC] => 680000
    [SESS] => 6koi4oq7vh77iq1r2jg0ajatf7
    [ORDR] => 1139-4507_7247
    [CURR] => EUR
    [PENC] => KHASH
    [PTYP] => CARD
    [PTOK] => 333333WORC2JSFDP7443
    [IPAD] => 5.29.78.11
    [MACK] => Y
    [PROD_DESC[0]] => Binary Trade
    [PROD_TYPE[0]] => Binary Trade
    [PROD_ITEM[0]] => SKU-BCL-BinaryTrade
    [PROD_QUANT[0]] => 1
    [PROD_PRICE[0]] => 1000
    [TOTL] => 1000
    [SITE] => VERT001
    [UDF[MERCHANT_ID]] => 20001MERBBCAPITAL
    [NAME] => Illiam GIOMIS
    [B2A1] => 1231231132
    [B2CC] => FR
    [B2CI] => sadas
    [B2PC] => 0001
    [B2PN] => 123333
    [B2ST] => NA
    [S2A1] => 
    [S2CC] => 
    [S2CI] => 
    [S2EM] => 
    [S2NM] =>  
    [S2PC] => 
    [S2PN] => 
    [S2ST] => 
    [SHTP] => 
    [CASH] => 10
    [DOB] => --
    [GENDER] => 
    [EMAL] => igiomis@yahoo.com
)


2015-01-11T12:31:09Z
ResponseParameter:  billNo: 1139-4507_7247 | endTime:2015-01-11 12:31:09

2015-01-11T12:31:09Z
<?xml version="1.0" encoding="UTF-8"?>
<RESPONSE>
  <VERS>0600</VERS>
  <MODE>Q</MODE>
  <TRAN>3VPS0WXRND6V</TRAN>
  <MERC>680000</MERC>
  <SESS>6koi4oq7vh77iq1r2jg0ajatf7</SESS>
  <ORDR>1139-4507_7247</ORDR>
  <AUTO>A</AUTO>
  <SCOR>79</SCOR>
  <GEOX>IL</GEOX>
  <BRND>JCB</BRND>
  <REGN>IL_02</REGN>
  <NETW>N</NETW>
  <KAPT>Y</KAPT>
  <CARDS>3</CARDS>
  <DEVICES>2</DEVICES>
  <EMAILS>1</EMAILS>
  <VELO>0</VELO>
  <VMAX>0</VMAX>
  <SITE>VERT001</SITE>
  <DEVICE_LAYERS>586E8D8773.3B08876E11.988742D4D9.C6CC5C45FA.16C0067C05</DEVICE_LAYERS>
  <FINGERPRINT>3B879C9EA18FC88DC67772B85EA0DC4F</FINGERPRINT>
  <TIMEZONE>1320</TIMEZONE>
  <LOCALTIME>2015-01-11 14:31</LOCALTIME>
  <REGION>IL_02</REGION>
  <COUNTRY>IL</COUNTRY>
  <PROXY>N</PROXY>
  <JAVASCRIPT>Y</JAVASCRIPT>
  <FLASH>Y</FLASH>
  <COOKIES>Y</COOKIES>
  <HTTP_COUNTRY>FR</HTTP_COUNTRY>
  <LANGUAGE>FR</LANGUAGE>
  <MOBILE_DEVICE>N</MOBILE_DEVICE>
  <MOBILE_TYPE></MOBILE_TYPE>
  <MOBILE_FORWARDER>N</MOBILE_FORWARDER>
  <VOICE_DEVICE>N</VOICE_DEVICE>
  <PC_REMOTE>N</PC_REMOTE>
  <RULES_TRIGGERED>4</RULES_TRIGGERED>
  <RULE_ID_0>330718</RULE_ID_0>
  <RULE_DESCRIPTION_0>GEO Billing &lt;&gt; Device Country (1pt)</RULE_DESCRIPTION_0>
  <RULE_ID_1>330720</RULE_ID_1>
  <RULE_DESCRIPTION_1>GEO  Distance from Device to Billing &gt; 1000km (1pt)</RULE_DESCRIPTION_1>
  <RULE_ID_2>330722</RULE_ID_2>
  <RULE_DESCRIPTION_2>GEO BIN and Device Country not equal (1pt)</RULE_DESCRIPTION_2>
  <RULE_ID_3>330730</RULE_ID_3>
  <RULE_DESCRIPTION_3>FRAUD_SCRD GEO Counter Triggered (5pts)</RULE_DESCRIPTION_3>
  <COUNTERS_TRIGGERED>2</COUNTERS_TRIGGERED>
  <COUNTER_NAME_0>GEO</COUNTER_NAME_0>
  <COUNTER_VALUE_0>3</COUNTER_VALUE_0>
  <COUNTER_NAME_1>FRAUD_SCRD</COUNTER_NAME_1>
  <COUNTER_VALUE_1>5</COUNTER_VALUE_1>
  <REASON_CODE></REASON_CODE>
  <MASTERCARD></MASTERCARD>
  <DDFS>2015-01-11</DDFS>
  <DSR>800x1280</DSR>
  <UAS>Mozilla/5.0 (Macintosh; Intel Mac OS X 10_10_0) AppleWebKit/537.36 (KHTML, like Gecko) Chrome/39.0.2171.65 Safari/537.36 OPR/26.0.1656.24</UAS>
  <BROWSER>Chrome 39.0.2171.65</BROWSER>
  <OS>Mac OS X 10_10_0</OS>
  <PIP_IPAD></PIP_IPAD>
  <PIP_LAT></PIP_LAT>
  <PIP_LON></PIP_LON>
  <PIP_COUNTRY></PIP_COUNTRY>
  <PIP_REGION></PIP_REGION>
  <PIP_CITY></PIP_CITY>
  <PIP_ORG></PIP_ORG>
  <IP_IPAD>5.29.78.11</IP_IPAD>
  <IP_LAT>32.1508</IP_LAT>
  <IP_LON>34.8883</IP_LON>
  <IP_COUNTRY>IL</IP_COUNTRY>
  <IP_REGION>HaMerkaz</IP_REGION>
  <IP_CITY>Hod Hasharon</IP_CITY>
  <IP_ORG>HOT-NET INTERNET SERVICES LTD.</IP_ORG>
  <WARNING_0>399 BAD_OPTN Cause: [value [--] did not match regex /^((19|20)\d\d-(0[1-9]|1[012])-(0[1-9]|[12][0-9]|3[01]))?$/], Field: [DOB], Value: [--]</WARNING_0>
  <WARNING_COUNT>1</WARNING_COUNT>
</RESPONSE>

2015-01-11T12:35:28Z
RequestParameter:  billNo: 6792-3403_8976 | startTime:2015-01-11 12:35:28

2015-01-11T12:35:28Z
Array
(
    [MODE] => Q
    [FRMT] => XML
    [VERS] => 0600
    [MERC] => 680000
    [SESS] => 6koi4oq7vh77iq1r2jg0ajatf7
    [ORDR] => 6792-3403_8976
    [CURR] => EUR
    [PENC] => KHASH
    [PTYP] => CARD
    [PTOK] => 530446WR6DECEX82N7VV
    [IPAD] => 5.29.78.11
    [MACK] => Y
    [PROD_DESC[0]] => Binary Trade
    [PROD_TYPE[0]] => Binary Trade
    [PROD_ITEM[0]] => SKU-BCL-BinaryTrade
    [PROD_QUANT[0]] => 1
    [PROD_PRICE[0]] => 1000
    [TOTL] => 1000
    [SITE] => VERT001
    [UDF[MERCHANT_ID]] => 20001MERBBCAPITAL
    [NAME] => Illiam GIOMIS
    [B2A1] => Rue Gambetta
    [B2CC] => FR
    [B2CI] => Vence
    [B2PC] => 06140
    [B2PN] => 123333
    [B2ST] => NA
    [S2A1] => 
    [S2CC] => 
    [S2CI] => 
    [S2EM] => 
    [S2NM] =>  
    [S2PC] => 
    [S2PN] => 
    [S2ST] => 
    [SHTP] => 
    [CASH] => 10
    [DOB] => --
    [GENDER] => 
    [EMAL] => igiomis@yahoo.com
)


2015-01-11T12:35:30Z
ResponseParameter:  billNo: 6792-3403_8976 | endTime:2015-01-11 12:35:30

2015-01-11T12:35:30Z
<?xml version="1.0" encoding="UTF-8"?>
<RESPONSE>
  <VERS>0600</VERS>
  <MODE>Q</MODE>
  <TRAN>3VPS012X66ZV</TRAN>
  <MERC>680000</MERC>
  <SESS>6koi4oq7vh77iq1r2jg0ajatf7</SESS>
  <ORDR>6792-3403_8976</ORDR>
  <AUTO>A</AUTO>
  <SCOR>79</SCOR>
  <GEOX>IL</GEOX>
  <BRND>MSTR</BRND>
  <REGN>IL_02</REGN>
  <NETW>N</NETW>
  <KAPT>Y</KAPT>
  <CARDS>3</CARDS>
  <DEVICES>2</DEVICES>
  <EMAILS>1</EMAILS>
  <VELO>0</VELO>
  <VMAX>0</VMAX>
  <SITE>VERT001</SITE>
  <DEVICE_LAYERS>586E8D8773.3B08876E11.988742D4D9.C6CC5C45FA.16C0067C05</DEVICE_LAYERS>
  <FINGERPRINT>3B879C9EA18FC88DC67772B85EA0DC4F</FINGERPRINT>
  <TIMEZONE>1320</TIMEZONE>
  <LOCALTIME>2015-01-11 14:35</LOCALTIME>
  <REGION>IL_02</REGION>
  <COUNTRY>IL</COUNTRY>
  <PROXY>N</PROXY>
  <JAVASCRIPT>Y</JAVASCRIPT>
  <FLASH>Y</FLASH>
  <COOKIES>Y</COOKIES>
  <HTTP_COUNTRY>FR</HTTP_COUNTRY>
  <LANGUAGE>FR</LANGUAGE>
  <MOBILE_DEVICE>N</MOBILE_DEVICE>
  <MOBILE_TYPE></MOBILE_TYPE>
  <MOBILE_FORWARDER>N</MOBILE_FORWARDER>
  <VOICE_DEVICE>N</VOICE_DEVICE>
  <PC_REMOTE>N</PC_REMOTE>
  <RULES_TRIGGERED>5</RULES_TRIGGERED>
  <RULE_ID_0>330718</RULE_ID_0>
  <RULE_DESCRIPTION_0>GEO Billing &lt;&gt; Device Country (1pt)</RULE_DESCRIPTION_0>
  <RULE_ID_1>330720</RULE_ID_1>
  <RULE_DESCRIPTION_1>GEO  Distance from Device to Billing &gt; 1000km (1pt)</RULE_DESCRIPTION_1>
  <RULE_ID_2>330722</RULE_ID_2>
  <RULE_DESCRIPTION_2>GEO BIN and Device Country not equal (1pt)</RULE_DESCRIPTION_2>
  <RULE_ID_3>330724</RULE_ID_3>
  <RULE_DESCRIPTION_3>GEO Billing &lt;&gt; BIN Country (1pt)</RULE_DESCRIPTION_3>
  <RULE_ID_4>330730</RULE_ID_4>
  <RULE_DESCRIPTION_4>FRAUD_SCRD GEO Counter Triggered (5pts)</RULE_DESCRIPTION_4>
  <COUNTERS_TRIGGERED>2</COUNTERS_TRIGGERED>
  <COUNTER_NAME_0>GEO</COUNTER_NAME_0>
  <COUNTER_VALUE_0>4</COUNTER_VALUE_0>
  <COUNTER_NAME_1>FRAUD_SCRD</COUNTER_NAME_1>
  <COUNTER_VALUE_1>5</COUNTER_VALUE_1>
  <REASON_CODE></REASON_CODE>
  <MASTERCARD></MASTERCARD>
  <DDFS>2015-01-11</DDFS>
  <DSR>800x1280</DSR>
  <UAS>Mozilla/5.0 (Macintosh; Intel Mac OS X 10_10_0) AppleWebKit/537.36 (KHTML, like Gecko) Chrome/39.0.2171.65 Safari/537.36 OPR/26.0.1656.24</UAS>
  <BROWSER>Chrome 39.0.2171.65</BROWSER>
  <OS>Mac OS X 10_10_0</OS>
  <PIP_IPAD></PIP_IPAD>
  <PIP_LAT></PIP_LAT>
  <PIP_LON></PIP_LON>
  <PIP_COUNTRY></PIP_COUNTRY>
  <PIP_REGION></PIP_REGION>
  <PIP_CITY></PIP_CITY>
  <PIP_ORG></PIP_ORG>
  <IP_IPAD>5.29.78.11</IP_IPAD>
  <IP_LAT>32.1508</IP_LAT>
  <IP_LON>34.8883</IP_LON>
  <IP_COUNTRY>IL</IP_COUNTRY>
  <IP_REGION>HaMerkaz</IP_REGION>
  <IP_CITY>Hod Hasharon</IP_CITY>
  <IP_ORG>HOT-NET INTERNET SERVICES LTD.</IP_ORG>
  <WARNING_0>399 BAD_OPTN Cause: [value [--] did not match regex /^((19|20)\d\d-(0[1-9]|1[012])-(0[1-9]|[12][0-9]|3[01]))?$/], Field: [DOB], Value: [--]</WARNING_0>
  <WARNING_COUNT>1</WARNING_COUNT>
</RESPONSE>

2015-01-11T12:45:49Z
RequestParameter:  billNo: 248-9447_2972 | startTime:2015-01-11 12:45:49

2015-01-11T12:45:49Z
Array
(
    [MODE] => Q
    [FRMT] => XML
    [VERS] => 0600
    [MERC] => 680000
    [SESS] => 6koi4oq7vh77iq1r2jg0ajatf7
    [ORDR] => 248-9447_2972
    [CURR] => EUR
    [PENC] => KHASH
    [PTYP] => CARD
    [PTOK] => 530446WR6DECEX82N7VV
    [IPAD] => 5.29.78.11
    [MACK] => Y
    [PROD_DESC[0]] => Binary Trade
    [PROD_TYPE[0]] => Binary Trade
    [PROD_ITEM[0]] => SKU-BCL-BinaryTrade
    [PROD_QUANT[0]] => 1
    [PROD_PRICE[0]] => 1000
    [TOTL] => 1000
    [SITE] => VERT001
    [UDF[MERCHANT_ID]] => 20001MERBBCAPITAL
    [NAME] => Illiam GIOMIS
    [B2A1] => Rue Gambetta
    [B2CC] => FR
    [B2CI] => Vence
    [B2PC] => 06140
    [B2PN] => 123333
    [B2ST] => NA
    [S2A1] => 
    [S2CC] => 
    [S2CI] => 
    [S2EM] => 
    [S2NM] =>  
    [S2PC] => 
    [S2PN] => 
    [S2ST] => 
    [SHTP] => 
    [CASH] => 10
    [DOB] => --
    [GENDER] => 
    [EMAL] => igiomis@yahoo.com
)


2015-01-11T12:45:52Z
ResponseParameter:  billNo: 248-9447_2972 | endTime:2015-01-11 12:45:52

2015-01-11T12:45:52Z
<?xml version="1.0" encoding="UTF-8"?>
<RESPONSE>
  <VERS>0600</VERS>
  <MODE>Q</MODE>
  <TRAN>3VPS0GY4LMR0</TRAN>
  <MERC>680000</MERC>
  <SESS>6koi4oq7vh77iq1r2jg0ajatf7</SESS>
  <ORDR>248-9447_2972</ORDR>
  <AUTO>A</AUTO>
  <SCOR>79</SCOR>
  <GEOX>IL</GEOX>
  <BRND>MSTR</BRND>
  <REGN>IL_02</REGN>
  <NETW>N</NETW>
  <KAPT>Y</KAPT>
  <CARDS>3</CARDS>
  <DEVICES>2</DEVICES>
  <EMAILS>1</EMAILS>
  <VELO>0</VELO>
  <VMAX>0</VMAX>
  <SITE>VERT001</SITE>
  <DEVICE_LAYERS>586E8D8773.3B08876E11.988742D4D9.C6CC5C45FA.16C0067C05</DEVICE_LAYERS>
  <FINGERPRINT>3B879C9EA18FC88DC67772B85EA0DC4F</FINGERPRINT>
  <TIMEZONE>1320</TIMEZONE>
  <LOCALTIME>2015-01-11 14:46</LOCALTIME>
  <REGION>IL_02</REGION>
  <COUNTRY>IL</COUNTRY>
  <PROXY>N</PROXY>
  <JAVASCRIPT>Y</JAVASCRIPT>
  <FLASH>Y</FLASH>
  <COOKIES>Y</COOKIES>
  <HTTP_COUNTRY>FR</HTTP_COUNTRY>
  <LANGUAGE>FR</LANGUAGE>
  <MOBILE_DEVICE>N</MOBILE_DEVICE>
  <MOBILE_TYPE></MOBILE_TYPE>
  <MOBILE_FORWARDER>N</MOBILE_FORWARDER>
  <VOICE_DEVICE>N</VOICE_DEVICE>
  <PC_REMOTE>N</PC_REMOTE>
  <RULES_TRIGGERED>5</RULES_TRIGGERED>
  <RULE_ID_0>330718</RULE_ID_0>
  <RULE_DESCRIPTION_0>GEO Billing &lt;&gt; Device Country (1pt)</RULE_DESCRIPTION_0>
  <RULE_ID_1>330720</RULE_ID_1>
  <RULE_DESCRIPTION_1>GEO  Distance from Device to Billing &gt; 1000km (1pt)</RULE_DESCRIPTION_1>
  <RULE_ID_2>330722</RULE_ID_2>
  <RULE_DESCRIPTION_2>GEO BIN and Device Country not equal (1pt)</RULE_DESCRIPTION_2>
  <RULE_ID_3>330724</RULE_ID_3>
  <RULE_DESCRIPTION_3>GEO Billing &lt;&gt; BIN Country (1pt)</RULE_DESCRIPTION_3>
  <RULE_ID_4>330730</RULE_ID_4>
  <RULE_DESCRIPTION_4>FRAUD_SCRD GEO Counter Triggered (5pts)</RULE_DESCRIPTION_4>
  <COUNTERS_TRIGGERED>2</COUNTERS_TRIGGERED>
  <COUNTER_NAME_0>GEO</COUNTER_NAME_0>
  <COUNTER_VALUE_0>4</COUNTER_VALUE_0>
  <COUNTER_NAME_1>FRAUD_SCRD</COUNTER_NAME_1>
  <COUNTER_VALUE_1>5</COUNTER_VALUE_1>
  <REASON_CODE></REASON_CODE>
  <MASTERCARD></MASTERCARD>
  <DDFS>2015-01-11</DDFS>
  <DSR>800x1280</DSR>
  <UAS>Mozilla/5.0 (Macintosh; Intel Mac OS X 10_10_0) AppleWebKit/537.36 (KHTML, like Gecko) Chrome/39.0.2171.65 Safari/537.36 OPR/26.0.1656.24</UAS>
  <BROWSER>Chrome 39.0.2171.65</BROWSER>
  <OS>Mac OS X 10_10_0</OS>
  <PIP_IPAD></PIP_IPAD>
  <PIP_LAT></PIP_LAT>
  <PIP_LON></PIP_LON>
  <PIP_COUNTRY></PIP_COUNTRY>
  <PIP_REGION></PIP_REGION>
  <PIP_CITY></PIP_CITY>
  <PIP_ORG></PIP_ORG>
  <IP_IPAD>5.29.78.11</IP_IPAD>
  <IP_LAT>32.1508</IP_LAT>
  <IP_LON>34.8883</IP_LON>
  <IP_COUNTRY>IL</IP_COUNTRY>
  <IP_REGION>HaMerkaz</IP_REGION>
  <IP_CITY>Hod Hasharon</IP_CITY>
  <IP_ORG>HOT-NET INTERNET SERVICES LTD.</IP_ORG>
  <WARNING_0>399 BAD_OPTN Cause: [value [--] did not match regex /^((19|20)\d\d-(0[1-9]|1[012])-(0[1-9]|[12][0-9]|3[01]))?$/], Field: [DOB], Value: [--]</WARNING_0>
  <WARNING_COUNT>1</WARNING_COUNT>
</RESPONSE>

2015-01-11T12:48:16Z
RequestParameter:  billNo: 1208-3262_7527 | startTime:2015-01-11 12:48:16

2015-01-11T12:48:16Z
Array
(
    [MODE] => Q
    [FRMT] => XML
    [VERS] => 0600
    [MERC] => 680000
    [SESS] => 6koi4oq7vh77iq1r2jg0ajatf7
    [ORDR] => 1208-3262_7527
    [CURR] => EUR
    [PENC] => KHASH
    [PTYP] => CARD
    [PTOK] => 530446WR6DECEX82N7VV
    [IPAD] => 5.29.78.11
    [MACK] => Y
    [PROD_DESC[0]] => Binary Trade
    [PROD_TYPE[0]] => Binary Trade
    [PROD_ITEM[0]] => SKU-BCL-BinaryTrade
    [PROD_QUANT[0]] => 1
    [PROD_PRICE[0]] => 1000
    [TOTL] => 1000
    [SITE] => VERT001
    [UDF[MERCHANT_ID]] => 20001MERBBCAPITAL
    [NAME] => Illiam GIOMIS
    [B2A1] => Rue Gambetta
    [B2CC] => FR
    [B2CI] => Vence
    [B2PC] => 06140
    [B2PN] => 123333
    [B2ST] => NA
    [S2A1] => 
    [S2CC] => 
    [S2CI] => 
    [S2EM] => 
    [S2NM] =>  
    [S2PC] => 
    [S2PN] => 
    [S2ST] => 
    [SHTP] => 
    [CASH] => 10
    [DOB] => --
    [GENDER] => 
    [EMAL] => igiomis@yahoo.com
)


2015-01-11T12:48:17Z
ResponseParameter:  billNo: 1208-3262_7527 | endTime:2015-01-11 12:48:17

2015-01-11T12:48:17Z
<?xml version="1.0" encoding="UTF-8"?>
<RESPONSE>
  <VERS>0600</VERS>
  <MODE>Q</MODE>
  <TRAN>3VPS0VW983VW</TRAN>
  <MERC>680000</MERC>
  <SESS>6koi4oq7vh77iq1r2jg0ajatf7</SESS>
  <ORDR>1208-3262_7527</ORDR>
  <AUTO>A</AUTO>
  <SCOR>79</SCOR>
  <GEOX>IL</GEOX>
  <BRND>MSTR</BRND>
  <REGN>IL_02</REGN>
  <NETW>N</NETW>
  <KAPT>Y</KAPT>
  <CARDS>3</CARDS>
  <DEVICES>2</DEVICES>
  <EMAILS>1</EMAILS>
  <VELO>0</VELO>
  <VMAX>0</VMAX>
  <SITE>VERT001</SITE>
  <DEVICE_LAYERS>586E8D8773.3B08876E11.988742D4D9.C6CC5C45FA.16C0067C05</DEVICE_LAYERS>
  <FINGERPRINT>3B879C9EA18FC88DC67772B85EA0DC4F</FINGERPRINT>
  <TIMEZONE>1320</TIMEZONE>
  <LOCALTIME>2015-01-11 14:48</LOCALTIME>
  <REGION>IL_02</REGION>
  <COUNTRY>IL</COUNTRY>
  <PROXY>N</PROXY>
  <JAVASCRIPT>Y</JAVASCRIPT>
  <FLASH>Y</FLASH>
  <COOKIES>Y</COOKIES>
  <HTTP_COUNTRY>FR</HTTP_COUNTRY>
  <LANGUAGE>FR</LANGUAGE>
  <MOBILE_DEVICE>N</MOBILE_DEVICE>
  <MOBILE_TYPE></MOBILE_TYPE>
  <MOBILE_FORWARDER>N</MOBILE_FORWARDER>
  <VOICE_DEVICE>N</VOICE_DEVICE>
  <PC_REMOTE>N</PC_REMOTE>
  <RULES_TRIGGERED>5</RULES_TRIGGERED>
  <RULE_ID_0>330718</RULE_ID_0>
  <RULE_DESCRIPTION_0>GEO Billing &lt;&gt; Device Country (1pt)</RULE_DESCRIPTION_0>
  <RULE_ID_1>330720</RULE_ID_1>
  <RULE_DESCRIPTION_1>GEO  Distance from Device to Billing &gt; 1000km (1pt)</RULE_DESCRIPTION_1>
  <RULE_ID_2>330722</RULE_ID_2>
  <RULE_DESCRIPTION_2>GEO BIN and Device Country not equal (1pt)</RULE_DESCRIPTION_2>
  <RULE_ID_3>330724</RULE_ID_3>
  <RULE_DESCRIPTION_3>GEO Billing &lt;&gt; BIN Country (1pt)</RULE_DESCRIPTION_3>
  <RULE_ID_4>330730</RULE_ID_4>
  <RULE_DESCRIPTION_4>FRAUD_SCRD GEO Counter Triggered (5pts)</RULE_DESCRIPTION_4>
  <COUNTERS_TRIGGERED>2</COUNTERS_TRIGGERED>
  <COUNTER_NAME_0>GEO</COUNTER_NAME_0>
  <COUNTER_VALUE_0>4</COUNTER_VALUE_0>
  <COUNTER_NAME_1>FRAUD_SCRD</COUNTER_NAME_1>
  <COUNTER_VALUE_1>5</COUNTER_VALUE_1>
  <REASON_CODE></REASON_CODE>
  <MASTERCARD></MASTERCARD>
  <DDFS>2015-01-11</DDFS>
  <DSR>800x1280</DSR>
  <UAS>Mozilla/5.0 (Macintosh; Intel Mac OS X 10_10_0) AppleWebKit/537.36 (KHTML, like Gecko) Chrome/39.0.2171.65 Safari/537.36 OPR/26.0.1656.24</UAS>
  <BROWSER>Chrome 39.0.2171.65</BROWSER>
  <OS>Mac OS X 10_10_0</OS>
  <PIP_IPAD></PIP_IPAD>
  <PIP_LAT></PIP_LAT>
  <PIP_LON></PIP_LON>
  <PIP_COUNTRY></PIP_COUNTRY>
  <PIP_REGION></PIP_REGION>
  <PIP_CITY></PIP_CITY>
  <PIP_ORG></PIP_ORG>
  <IP_IPAD>5.29.78.11</IP_IPAD>
  <IP_LAT>32.1508</IP_LAT>
  <IP_LON>34.8883</IP_LON>
  <IP_COUNTRY>IL</IP_COUNTRY>
  <IP_REGION>HaMerkaz</IP_REGION>
  <IP_CITY>Hod Hasharon</IP_CITY>
  <IP_ORG>HOT-NET INTERNET SERVICES LTD.</IP_ORG>
  <WARNING_0>399 BAD_OPTN Cause: [value [--] did not match regex /^((19|20)\d\d-(0[1-9]|1[012])-(0[1-9]|[12][0-9]|3[01]))?$/], Field: [DOB], Value: [--]</WARNING_0>
  <WARNING_COUNT>1</WARNING_COUNT>
</RESPONSE>

2015-01-11T12:50:46Z
RequestParameter:  billNo: 7901-8043_5465 | startTime:2015-01-11 12:50:46

2015-01-11T12:50:46Z
Array
(
    [MODE] => Q
    [FRMT] => XML
    [VERS] => 0600
    [MERC] => 680000
    [SESS] => 6koi4oq7vh77iq1r2jg0ajatf7
    [ORDR] => 7901-8043_5465
    [CURR] => EUR
    [PENC] => KHASH
    [PTYP] => CARD
    [PTOK] => 459440ZK97USER1019VV
    [IPAD] => 5.29.78.11
    [MACK] => Y
    [PROD_DESC[0]] => Binary Trade
    [PROD_TYPE[0]] => Binary Trade
    [PROD_ITEM[0]] => SKU-BCL-BinaryTrade
    [PROD_QUANT[0]] => 1
    [PROD_PRICE[0]] => 1000
    [TOTL] => 1000
    [SITE] => VERT001
    [UDF[MERCHANT_ID]] => 20001MERBBCAPITAL
    [NAME] => Illiam GIOMIS
    [B2A1] => Rue Gambetta
    [B2CC] => FR
    [B2CI] => Vence
    [B2PC] => 06140
    [B2PN] => 123333
    [B2ST] => NA
    [S2A1] => 
    [S2CC] => 
    [S2CI] => 
    [S2EM] => 
    [S2NM] =>  
    [S2PC] => 
    [S2PN] => 
    [S2ST] => 
    [SHTP] => 
    [CASH] => 10
    [DOB] => --
    [GENDER] => 
    [EMAL] => igiomis@yahoo.com
)


2015-01-11T12:50:49Z
ResponseParameter:  billNo: 7901-8043_5465 | endTime:2015-01-11 12:50:49

2015-01-11T12:50:49Z
<?xml version="1.0" encoding="UTF-8"?>
<RESPONSE>
  <VERS>0600</VERS>
  <MODE>Q</MODE>
  <TRAN>3VPS09JHG6V8</TRAN>
  <MERC>680000</MERC>
  <SESS>6koi4oq7vh77iq1r2jg0ajatf7</SESS>
  <ORDR>7901-8043_5465</ORDR>
  <AUTO>A</AUTO>
  <SCOR>88</SCOR>
  <GEOX>IL</GEOX>
  <BRND>VISA</BRND>
  <REGN>IL_02</REGN>
  <NETW>N</NETW>
  <KAPT>Y</KAPT>
  <CARDS>4</CARDS>
  <DEVICES>2</DEVICES>
  <EMAILS>1</EMAILS>
  <VELO>0</VELO>
  <VMAX>0</VMAX>
  <SITE>VERT001</SITE>
  <DEVICE_LAYERS>586E8D8773.3B08876E11.988742D4D9.C6CC5C45FA.16C0067C05</DEVICE_LAYERS>
  <FINGERPRINT>3B879C9EA18FC88DC67772B85EA0DC4F</FINGERPRINT>
  <TIMEZONE>1320</TIMEZONE>
  <LOCALTIME>2015-01-11 14:51</LOCALTIME>
  <REGION>IL_02</REGION>
  <COUNTRY>IL</COUNTRY>
  <PROXY>N</PROXY>
  <JAVASCRIPT>Y</JAVASCRIPT>
  <FLASH>Y</FLASH>
  <COOKIES>Y</COOKIES>
  <HTTP_COUNTRY>FR</HTTP_COUNTRY>
  <LANGUAGE>FR</LANGUAGE>
  <MOBILE_DEVICE>N</MOBILE_DEVICE>
  <MOBILE_TYPE></MOBILE_TYPE>
  <MOBILE_FORWARDER>N</MOBILE_FORWARDER>
  <VOICE_DEVICE>N</VOICE_DEVICE>
  <PC_REMOTE>N</PC_REMOTE>
  <RULES_TRIGGERED>5</RULES_TRIGGERED>
  <RULE_ID_0>330718</RULE_ID_0>
  <RULE_DESCRIPTION_0>GEO Billing &lt;&gt; Device Country (1pt)</RULE_DESCRIPTION_0>
  <RULE_ID_1>330720</RULE_ID_1>
  <RULE_DESCRIPTION_1>GEO  Distance from Device to Billing &gt; 1000km (1pt)</RULE_DESCRIPTION_1>
  <RULE_ID_2>330724</RULE_ID_2>
  <RULE_DESCRIPTION_2>GEO Billing &lt;&gt; BIN Country (1pt)</RULE_DESCRIPTION_2>
  <RULE_ID_3>330730</RULE_ID_3>
  <RULE_DESCRIPTION_3>FRAUD_SCRD GEO Counter Triggered (5pts)</RULE_DESCRIPTION_3>
  <RULE_ID_4>330744</RULE_ID_4>
  <RULE_DESCRIPTION_4>FRAUD_SCRD Score &gt; 80 &amp; &lt; 95 (15pts)</RULE_DESCRIPTION_4>
  <COUNTERS_TRIGGERED>2</COUNTERS_TRIGGERED>
  <COUNTER_NAME_0>GEO</COUNTER_NAME_0>
  <COUNTER_VALUE_0>3</COUNTER_VALUE_0>
  <COUNTER_NAME_1>FRAUD_SCRD</COUNTER_NAME_1>
  <COUNTER_VALUE_1>20</COUNTER_VALUE_1>
  <REASON_CODE></REASON_CODE>
  <MASTERCARD></MASTERCARD>
  <DDFS>2015-01-11</DDFS>
  <DSR>800x1280</DSR>
  <UAS>Mozilla/5.0 (Macintosh; Intel Mac OS X 10_10_0) AppleWebKit/537.36 (KHTML, like Gecko) Chrome/39.0.2171.65 Safari/537.36 OPR/26.0.1656.24</UAS>
  <BROWSER>Chrome 39.0.2171.65</BROWSER>
  <OS>Mac OS X 10_10_0</OS>
  <PIP_IPAD></PIP_IPAD>
  <PIP_LAT></PIP_LAT>
  <PIP_LON></PIP_LON>
  <PIP_COUNTRY></PIP_COUNTRY>
  <PIP_REGION></PIP_REGION>
  <PIP_CITY></PIP_CITY>
  <PIP_ORG></PIP_ORG>
  <IP_IPAD>5.29.78.11</IP_IPAD>
  <IP_LAT>32.1508</IP_LAT>
  <IP_LON>34.8883</IP_LON>
  <IP_COUNTRY>IL</IP_COUNTRY>
  <IP_REGION>HaMerkaz</IP_REGION>
  <IP_CITY>Hod Hasharon</IP_CITY>
  <IP_ORG>HOT-NET INTERNET SERVICES LTD.</IP_ORG>
  <WARNING_0>399 BAD_OPTN Cause: [value [--] did not match regex /^((19|20)\d\d-(0[1-9]|1[012])-(0[1-9]|[12][0-9]|3[01]))?$/], Field: [DOB], Value: [--]</WARNING_0>
  <WARNING_COUNT>1</WARNING_COUNT>
</RESPONSE>

2015-01-11T12:54:45Z
RequestParameter:  billNo: 7662-3515_4837 | startTime:2015-01-11 12:54:45

2015-01-11T12:54:45Z
Array
(
    [MODE] => Q
    [FRMT] => XML
    [VERS] => 0600
    [MERC] => 680000
    [SESS] => 6koi4oq7vh77iq1r2jg0ajatf7
    [ORDR] => 7662-3515_4837
    [CURR] => USD
    [PENC] => KHASH
    [PTYP] => CARD
    [PTOK] => 530446WR6DECEX82N7VV
    [IPAD] => 5.29.78.11
    [MACK] => Y
    [PROD_DESC[0]] => Binary Trade
    [PROD_TYPE[0]] => Binary Trade
    [PROD_ITEM[0]] => SKU-BCL-BinaryTrade
    [PROD_QUANT[0]] => 1
    [PROD_PRICE[0]] => 1000
    [TOTL] => 1000
    [SITE] => VERT001
    [UDF[MERCHANT_ID]] => 20001MERBBCAPITAL
    [NAME] => Illiam GIOMIS
    [B2A1] => Rue Gambetta
    [B2CC] => FR
    [B2CI] => Vence
    [B2PC] => 06140
    [B2PN] => 123333
    [B2ST] => NA
    [S2A1] => 
    [S2CC] => 
    [S2CI] => 
    [S2EM] => 
    [S2NM] =>  
    [S2PC] => 
    [S2PN] => 
    [S2ST] => 
    [SHTP] => 
    [CASH] => 10
    [DOB] => --
    [GENDER] => 
    [EMAL] => igiomis@yahoo.com
)


2015-01-11T12:54:46Z
ResponseParameter:  billNo: 7662-3515_4837 | endTime:2015-01-11 12:54:46

2015-01-11T12:54:46Z
<?xml version="1.0" encoding="UTF-8"?>
<RESPONSE>
  <VERS>0600</VERS>
  <MODE>Q</MODE>
  <TRAN>3VPS0PS6625T</TRAN>
  <MERC>680000</MERC>
  <SESS>6koi4oq7vh77iq1r2jg0ajatf7</SESS>
  <ORDR>7662-3515_4837</ORDR>
  <AUTO>A</AUTO>
  <SCOR>88</SCOR>
  <GEOX>IL</GEOX>
  <BRND>MSTR</BRND>
  <REGN>IL_02</REGN>
  <NETW>N</NETW>
  <KAPT>Y</KAPT>
  <CARDS>4</CARDS>
  <DEVICES>2</DEVICES>
  <EMAILS>1</EMAILS>
  <VELO>0</VELO>
  <VMAX>0</VMAX>
  <SITE>VERT001</SITE>
  <DEVICE_LAYERS>586E8D8773.3B08876E11.988742D4D9.C6CC5C45FA.16C0067C05</DEVICE_LAYERS>
  <FINGERPRINT>3B879C9EA18FC88DC67772B85EA0DC4F</FINGERPRINT>
  <TIMEZONE>1320</TIMEZONE>
  <LOCALTIME>2015-01-11 14:55</LOCALTIME>
  <REGION>IL_02</REGION>
  <COUNTRY>IL</COUNTRY>
  <PROXY>N</PROXY>
  <JAVASCRIPT>Y</JAVASCRIPT>
  <FLASH>Y</FLASH>
  <COOKIES>Y</COOKIES>
  <HTTP_COUNTRY>FR</HTTP_COUNTRY>
  <LANGUAGE>FR</LANGUAGE>
  <MOBILE_DEVICE>N</MOBILE_DEVICE>
  <MOBILE_TYPE></MOBILE_TYPE>
  <MOBILE_FORWARDER>N</MOBILE_FORWARDER>
  <VOICE_DEVICE>N</VOICE_DEVICE>
  <PC_REMOTE>N</PC_REMOTE>
  <RULES_TRIGGERED>6</RULES_TRIGGERED>
  <RULE_ID_0>330718</RULE_ID_0>
  <RULE_DESCRIPTION_0>GEO Billing &lt;&gt; Device Country (1pt)</RULE_DESCRIPTION_0>
  <RULE_ID_1>330720</RULE_ID_1>
  <RULE_DESCRIPTION_1>GEO  Distance from Device to Billing &gt; 1000km (1pt)</RULE_DESCRIPTION_1>
  <RULE_ID_2>330722</RULE_ID_2>
  <RULE_DESCRIPTION_2>GEO BIN and Device Country not equal (1pt)</RULE_DESCRIPTION_2>
  <RULE_ID_3>330724</RULE_ID_3>
  <RULE_DESCRIPTION_3>GEO Billing &lt;&gt; BIN Country (1pt)</RULE_DESCRIPTION_3>
  <RULE_ID_4>330730</RULE_ID_4>
  <RULE_DESCRIPTION_4>FRAUD_SCRD GEO Counter Triggered (5pts)</RULE_DESCRIPTION_4>
  <RULE_ID_5>330744</RULE_ID_5>
  <RULE_DESCRIPTION_5>FRAUD_SCRD Score &gt; 80 &amp; &lt; 95 (15pts)</RULE_DESCRIPTION_5>
  <COUNTERS_TRIGGERED>2</COUNTERS_TRIGGERED>
  <COUNTER_NAME_0>GEO</COUNTER_NAME_0>
  <COUNTER_VALUE_0>4</COUNTER_VALUE_0>
  <COUNTER_NAME_1>FRAUD_SCRD</COUNTER_NAME_1>
  <COUNTER_VALUE_1>20</COUNTER_VALUE_1>
  <REASON_CODE></REASON_CODE>
  <MASTERCARD></MASTERCARD>
  <DDFS>2015-01-11</DDFS>
  <DSR>800x1280</DSR>
  <UAS>Mozilla/5.0 (Macintosh; Intel Mac OS X 10_10_0) AppleWebKit/537.36 (KHTML, like Gecko) Chrome/39.0.2171.65 Safari/537.36 OPR/26.0.1656.24</UAS>
  <BROWSER>Chrome 39.0.2171.65</BROWSER>
  <OS>Mac OS X 10_10_0</OS>
  <PIP_IPAD></PIP_IPAD>
  <PIP_LAT></PIP_LAT>
  <PIP_LON></PIP_LON>
  <PIP_COUNTRY></PIP_COUNTRY>
  <PIP_REGION></PIP_REGION>
  <PIP_CITY></PIP_CITY>
  <PIP_ORG></PIP_ORG>
  <IP_IPAD>5.29.78.11</IP_IPAD>
  <IP_LAT>32.1508</IP_LAT>
  <IP_LON>34.8883</IP_LON>
  <IP_COUNTRY>IL</IP_COUNTRY>
  <IP_REGION>HaMerkaz</IP_REGION>
  <IP_CITY>Hod Hasharon</IP_CITY>
  <IP_ORG>HOT-NET INTERNET SERVICES LTD.</IP_ORG>
  <WARNING_0>399 BAD_OPTN Cause: [value [--] did not match regex /^((19|20)\d\d-(0[1-9]|1[012])-(0[1-9]|[12][0-9]|3[01]))?$/], Field: [DOB], Value: [--]</WARNING_0>
  <WARNING_COUNT>1</WARNING_COUNT>
</RESPONSE>

2015-01-11T12:56:14Z
RequestParameter:  billNo: 5330-5235_890 | startTime:2015-01-11 12:56:14

2015-01-11T12:56:14Z
Array
(
    [MODE] => Q
    [FRMT] => XML
    [VERS] => 0600
    [MERC] => 680000
    [SESS] => 6koi4oq7vh77iq1r2jg0ajatf7
    [ORDR] => 5330-5235_890
    [CURR] => USD
    [PENC] => KHASH
    [PTYP] => CARD
    [PTOK] => 5304461NNMHPGII0G6L5
    [IPAD] => 5.29.78.11
    [MACK] => Y
    [PROD_DESC[0]] => Binary Trade
    [PROD_TYPE[0]] => Binary Trade
    [PROD_ITEM[0]] => SKU-BCL-BinaryTrade
    [PROD_QUANT[0]] => 1
    [PROD_PRICE[0]] => 1000
    [TOTL] => 1000
    [SITE] => VERT001
    [UDF[MERCHANT_ID]] => 20001MERBBCAPITAL
    [NAME] => Illiam GIOMIS
    [B2A1] => Rue Gambetta
    [B2CC] => FR
    [B2CI] => Vence
    [B2PC] => 06140
    [B2PN] => 123333
    [B2ST] => NA
    [S2A1] => 
    [S2CC] => 
    [S2CI] => 
    [S2EM] => 
    [S2NM] =>  
    [S2PC] => 
    [S2PN] => 
    [S2ST] => 
    [SHTP] => 
    [CASH] => 10
    [DOB] => --
    [GENDER] => 
    [EMAL] => igiomis@yahoo.com
)


2015-01-11T12:56:15Z
ResponseParameter:  billNo: 5330-5235_890 | endTime:2015-01-11 12:56:15

2015-01-11T12:56:15Z
<?xml version="1.0" encoding="UTF-8"?>
<RESPONSE>
  <VERS>0600</VERS>
  <MODE>Q</MODE>
  <TRAN>3VPS0RZ21D24</TRAN>
  <MERC>680000</MERC>
  <SESS>6koi4oq7vh77iq1r2jg0ajatf7</SESS>
  <ORDR>5330-5235_890</ORDR>
  <AUTO>A</AUTO>
  <SCOR>90</SCOR>
  <GEOX>IL</GEOX>
  <BRND>MSTR</BRND>
  <REGN>IL_02</REGN>
  <NETW>N</NETW>
  <KAPT>Y</KAPT>
  <CARDS>5</CARDS>
  <DEVICES>2</DEVICES>
  <EMAILS>1</EMAILS>
  <VELO>0</VELO>
  <VMAX>0</VMAX>
  <SITE>VERT001</SITE>
  <DEVICE_LAYERS>586E8D8773.3B08876E11.988742D4D9.C6CC5C45FA.16C0067C05</DEVICE_LAYERS>
  <FINGERPRINT>3B879C9EA18FC88DC67772B85EA0DC4F</FINGERPRINT>
  <TIMEZONE>1320</TIMEZONE>
  <LOCALTIME>2015-01-11 14:56</LOCALTIME>
  <REGION>IL_02</REGION>
  <COUNTRY>IL</COUNTRY>
  <PROXY>N</PROXY>
  <JAVASCRIPT>Y</JAVASCRIPT>
  <FLASH>Y</FLASH>
  <COOKIES>Y</COOKIES>
  <HTTP_COUNTRY>FR</HTTP_COUNTRY>
  <LANGUAGE>FR</LANGUAGE>
  <MOBILE_DEVICE>N</MOBILE_DEVICE>
  <MOBILE_TYPE></MOBILE_TYPE>
  <MOBILE_FORWARDER>N</MOBILE_FORWARDER>
  <VOICE_DEVICE>N</VOICE_DEVICE>
  <PC_REMOTE>N</PC_REMOTE>
  <RULES_TRIGGERED>6</RULES_TRIGGERED>
  <RULE_ID_0>330718</RULE_ID_0>
  <RULE_DESCRIPTION_0>GEO Billing &lt;&gt; Device Country (1pt)</RULE_DESCRIPTION_0>
  <RULE_ID_1>330720</RULE_ID_1>
  <RULE_DESCRIPTION_1>GEO  Distance from Device to Billing &gt; 1000km (1pt)</RULE_DESCRIPTION_1>
  <RULE_ID_2>330722</RULE_ID_2>
  <RULE_DESCRIPTION_2>GEO BIN and Device Country not equal (1pt)</RULE_DESCRIPTION_2>
  <RULE_ID_3>330724</RULE_ID_3>
  <RULE_DESCRIPTION_3>GEO Billing &lt;&gt; BIN Country (1pt)</RULE_DESCRIPTION_3>
  <RULE_ID_4>330730</RULE_ID_4>
  <RULE_DESCRIPTION_4>FRAUD_SCRD GEO Counter Triggered (5pts)</RULE_DESCRIPTION_4>
  <RULE_ID_5>330744</RULE_ID_5>
  <RULE_DESCRIPTION_5>FRAUD_SCRD Score &gt; 80 &amp; &lt; 95 (15pts)</RULE_DESCRIPTION_5>
  <COUNTERS_TRIGGERED>2</COUNTERS_TRIGGERED>
  <COUNTER_NAME_0>GEO</COUNTER_NAME_0>
  <COUNTER_VALUE_0>4</COUNTER_VALUE_0>
  <COUNTER_NAME_1>FRAUD_SCRD</COUNTER_NAME_1>
  <COUNTER_VALUE_1>20</COUNTER_VALUE_1>
  <REASON_CODE></REASON_CODE>
  <MASTERCARD></MASTERCARD>
  <DDFS>2015-01-11</DDFS>
  <DSR>800x1280</DSR>
  <UAS>Mozilla/5.0 (Macintosh; Intel Mac OS X 10_10_0) AppleWebKit/537.36 (KHTML, like Gecko) Chrome/39.0.2171.65 Safari/537.36 OPR/26.0.1656.24</UAS>
  <BROWSER>Chrome 39.0.2171.65</BROWSER>
  <OS>Mac OS X 10_10_0</OS>
  <PIP_IPAD></PIP_IPAD>
  <PIP_LAT></PIP_LAT>
  <PIP_LON></PIP_LON>
  <PIP_COUNTRY></PIP_COUNTRY>
  <PIP_REGION></PIP_REGION>
  <PIP_CITY></PIP_CITY>
  <PIP_ORG></PIP_ORG>
  <IP_IPAD>5.29.78.11</IP_IPAD>
  <IP_LAT>32.1508</IP_LAT>
  <IP_LON>34.8883</IP_LON>
  <IP_COUNTRY>IL</IP_COUNTRY>
  <IP_REGION>HaMerkaz</IP_REGION>
  <IP_CITY>Hod Hasharon</IP_CITY>
  <IP_ORG>HOT-NET INTERNET SERVICES LTD.</IP_ORG>
  <WARNING_0>399 BAD_OPTN Cause: [value [--] did not match regex /^((19|20)\d\d-(0[1-9]|1[012])-(0[1-9]|[12][0-9]|3[01]))?$/], Field: [DOB], Value: [--]</WARNING_0>
  <WARNING_COUNT>1</WARNING_COUNT>
</RESPONSE>

2015-01-11T13:00:21Z
RequestParameter:  billNo: 320-3167_7529 | startTime:2015-01-11 13:00:21

2015-01-11T13:00:21Z
Array
(
    [MODE] => Q
    [FRMT] => XML
    [VERS] => 0600
    [MERC] => 680000
    [SESS] => 6koi4oq7vh77iq1r2jg0ajatf7
    [ORDR] => 320-3167_7529
    [CURR] => USD
    [PENC] => KHASH
    [PTYP] => CARD
    [PTOK] => 459440ZK97USER1019VV
    [IPAD] => 5.29.78.11
    [MACK] => Y
    [PROD_DESC[0]] => Binary Trade
    [PROD_TYPE[0]] => Binary Trade
    [PROD_ITEM[0]] => SKU-BCL-BinaryTrade
    [PROD_QUANT[0]] => 1
    [PROD_PRICE[0]] => 1000
    [TOTL] => 1000
    [SITE] => VERT001
    [UDF[MERCHANT_ID]] => 20001MERBBCAPITAL
    [NAME] => Illiam GIOMIS
    [B2A1] => Rue Gambetta
    [B2CC] => FR
    [B2CI] => Vence
    [B2PC] => 06140
    [B2PN] => 123333
    [B2ST] => NA
    [S2A1] => 
    [S2CC] => 
    [S2CI] => 
    [S2EM] => 
    [S2NM] =>  
    [S2PC] => 
    [S2PN] => 
    [S2ST] => 
    [SHTP] => 
    [CASH] => 10
    [DOB] => --
    [GENDER] => 
    [EMAL] => igiomis@yahoo.com
)


2015-01-11T13:00:24Z
ResponseParameter:  billNo: 320-3167_7529 | endTime:2015-01-11 13:00:24

2015-01-11T13:00:24Z
<?xml version="1.0" encoding="UTF-8"?>
<RESPONSE>
  <VERS>0600</VERS>
  <MODE>Q</MODE>
  <TRAN>3VPV08PSWB9D</TRAN>
  <MERC>680000</MERC>
  <SESS>6koi4oq7vh77iq1r2jg0ajatf7</SESS>
  <ORDR>320-3167_7529</ORDR>
  <AUTO>A</AUTO>
  <SCOR>90</SCOR>
  <GEOX>IL</GEOX>
  <BRND>VISA</BRND>
  <REGN>IL_02</REGN>
  <NETW>N</NETW>
  <KAPT>Y</KAPT>
  <CARDS>5</CARDS>
  <DEVICES>2</DEVICES>
  <EMAILS>1</EMAILS>
  <VELO>0</VELO>
  <VMAX>0</VMAX>
  <SITE>VERT001</SITE>
  <DEVICE_LAYERS>586E8D8773.3B08876E11.988742D4D9.C6CC5C45FA.16C0067C05</DEVICE_LAYERS>
  <FINGERPRINT>3B879C9EA18FC88DC67772B85EA0DC4F</FINGERPRINT>
  <TIMEZONE>1320</TIMEZONE>
  <LOCALTIME>2015-01-11 15:00</LOCALTIME>
  <REGION>IL_02</REGION>
  <COUNTRY>IL</COUNTRY>
  <PROXY>N</PROXY>
  <JAVASCRIPT>Y</JAVASCRIPT>
  <FLASH>Y</FLASH>
  <COOKIES>Y</COOKIES>
  <HTTP_COUNTRY>FR</HTTP_COUNTRY>
  <LANGUAGE>FR</LANGUAGE>
  <MOBILE_DEVICE>N</MOBILE_DEVICE>
  <MOBILE_TYPE></MOBILE_TYPE>
  <MOBILE_FORWARDER>N</MOBILE_FORWARDER>
  <VOICE_DEVICE>N</VOICE_DEVICE>
  <PC_REMOTE>N</PC_REMOTE>
  <RULES_TRIGGERED>5</RULES_TRIGGERED>
  <RULE_ID_0>330718</RULE_ID_0>
  <RULE_DESCRIPTION_0>GEO Billing &lt;&gt; Device Country (1pt)</RULE_DESCRIPTION_0>
  <RULE_ID_1>330720</RULE_ID_1>
  <RULE_DESCRIPTION_1>GEO  Distance from Device to Billing &gt; 1000km (1pt)</RULE_DESCRIPTION_1>
  <RULE_ID_2>330724</RULE_ID_2>
  <RULE_DESCRIPTION_2>GEO Billing &lt;&gt; BIN Country (1pt)</RULE_DESCRIPTION_2>
  <RULE_ID_3>330730</RULE_ID_3>
  <RULE_DESCRIPTION_3>FRAUD_SCRD GEO Counter Triggered (5pts)</RULE_DESCRIPTION_3>
  <RULE_ID_4>330744</RULE_ID_4>
  <RULE_DESCRIPTION_4>FRAUD_SCRD Score &gt; 80 &amp; &lt; 95 (15pts)</RULE_DESCRIPTION_4>
  <COUNTERS_TRIGGERED>2</COUNTERS_TRIGGERED>
  <COUNTER_NAME_0>GEO</COUNTER_NAME_0>
  <COUNTER_VALUE_0>3</COUNTER_VALUE_0>
  <COUNTER_NAME_1>FRAUD_SCRD</COUNTER_NAME_1>
  <COUNTER_VALUE_1>20</COUNTER_VALUE_1>
  <REASON_CODE></REASON_CODE>
  <MASTERCARD></MASTERCARD>
  <DDFS>2015-01-11</DDFS>
  <DSR>800x1280</DSR>
  <UAS>Mozilla/5.0 (Macintosh; Intel Mac OS X 10_10_0) AppleWebKit/537.36 (KHTML, like Gecko) Chrome/39.0.2171.65 Safari/537.36 OPR/26.0.1656.24</UAS>
  <BROWSER>Chrome 39.0.2171.65</BROWSER>
  <OS>Mac OS X 10_10_0</OS>
  <PIP_IPAD></PIP_IPAD>
  <PIP_LAT></PIP_LAT>
  <PIP_LON></PIP_LON>
  <PIP_COUNTRY></PIP_COUNTRY>
  <PIP_REGION></PIP_REGION>
  <PIP_CITY></PIP_CITY>
  <PIP_ORG></PIP_ORG>
  <IP_IPAD>5.29.78.11</IP_IPAD>
  <IP_LAT>32.1508</IP_LAT>
  <IP_LON>34.8883</IP_LON>
  <IP_COUNTRY>IL</IP_COUNTRY>
  <IP_REGION>HaMerkaz</IP_REGION>
  <IP_CITY>Hod Hasharon</IP_CITY>
  <IP_ORG>HOT-NET INTERNET SERVICES LTD.</IP_ORG>
  <WARNING_0>399 BAD_OPTN Cause: [value [--] did not match regex /^((19|20)\d\d-(0[1-9]|1[012])-(0[1-9]|[12][0-9]|3[01]))?$/], Field: [DOB], Value: [--]</WARNING_0>
  <WARNING_COUNT>1</WARNING_COUNT>
</RESPONSE>

2015-01-11T13:01:53Z
RequestParameter:  billNo: 6166-7999_9714 | startTime:2015-01-11 13:01:53

2015-01-11T13:01:53Z
Array
(
    [MODE] => Q
    [FRMT] => XML
    [VERS] => 0600
    [MERC] => 680000
    [SESS] => 6koi4oq7vh77iq1r2jg0ajatf7
    [ORDR] => 6166-7999_9714
    [CURR] => USD
    [PENC] => KHASH
    [PTYP] => CARD
    [PTOK] => 459440FMPKU51ZKNFUFM
    [IPAD] => 5.29.78.11
    [MACK] => Y
    [PROD_DESC[0]] => Binary Trade
    [PROD_TYPE[0]] => Binary Trade
    [PROD_ITEM[0]] => SKU-BCL-BinaryTrade
    [PROD_QUANT[0]] => 1
    [PROD_PRICE[0]] => 1000
    [TOTL] => 1000
    [SITE] => VERT001
    [UDF[MERCHANT_ID]] => 20001MERBBCAPITAL
    [NAME] => Illiam GIOMIS
    [B2A1] => Rue Gambetta
    [B2CC] => FR
    [B2CI] => Vence
    [B2PC] => 06140
    [B2PN] => 123333
    [B2ST] => NA
    [S2A1] => 
    [S2CC] => 
    [S2CI] => 
    [S2EM] => 
    [S2NM] =>  
    [S2PC] => 
    [S2PN] => 
    [S2ST] => 
    [SHTP] => 
    [CASH] => 10
    [DOB] => --
    [GENDER] => 
    [EMAL] => igiomis@yahoo.com
)


2015-01-11T13:01:54Z
ResponseParameter:  billNo: 6166-7999_9714 | endTime:2015-01-11 13:01:54

2015-01-11T13:01:54Z
<?xml version="1.0" encoding="UTF-8"?>
<RESPONSE>
  <VERS>0600</VERS>
  <MODE>Q</MODE>
  <TRAN>3VPV0KRRY4K5</TRAN>
  <MERC>680000</MERC>
  <SESS>6koi4oq7vh77iq1r2jg0ajatf7</SESS>
  <ORDR>6166-7999_9714</ORDR>
  <AUTO>A</AUTO>
  <SCOR>98</SCOR>
  <GEOX>IL</GEOX>
  <BRND>VISA</BRND>
  <REGN>IL_02</REGN>
  <NETW>N</NETW>
  <KAPT>Y</KAPT>
  <CARDS>6</CARDS>
  <DEVICES>2</DEVICES>
  <EMAILS>1</EMAILS>
  <VELO>0</VELO>
  <VMAX>0</VMAX>
  <SITE>VERT001</SITE>
  <DEVICE_LAYERS>586E8D8773.3B08876E11.988742D4D9.C6CC5C45FA.16C0067C05</DEVICE_LAYERS>
  <FINGERPRINT>3B879C9EA18FC88DC67772B85EA0DC4F</FINGERPRINT>
  <TIMEZONE>1320</TIMEZONE>
  <LOCALTIME>2015-01-11 15:02</LOCALTIME>
  <REGION>IL_02</REGION>
  <COUNTRY>IL</COUNTRY>
  <PROXY>N</PROXY>
  <JAVASCRIPT>Y</JAVASCRIPT>
  <FLASH>Y</FLASH>
  <COOKIES>Y</COOKIES>
  <HTTP_COUNTRY>FR</HTTP_COUNTRY>
  <LANGUAGE>FR</LANGUAGE>
  <MOBILE_DEVICE>N</MOBILE_DEVICE>
  <MOBILE_TYPE></MOBILE_TYPE>
  <MOBILE_FORWARDER>N</MOBILE_FORWARDER>
  <VOICE_DEVICE>N</VOICE_DEVICE>
  <PC_REMOTE>N</PC_REMOTE>
  <RULES_TRIGGERED>5</RULES_TRIGGERED>
  <RULE_ID_0>330718</RULE_ID_0>
  <RULE_DESCRIPTION_0>GEO Billing &lt;&gt; Device Country (1pt)</RULE_DESCRIPTION_0>
  <RULE_ID_1>330720</RULE_ID_1>
  <RULE_DESCRIPTION_1>GEO  Distance from Device to Billing &gt; 1000km (1pt)</RULE_DESCRIPTION_1>
  <RULE_ID_2>330724</RULE_ID_2>
  <RULE_DESCRIPTION_2>GEO Billing &lt;&gt; BIN Country (1pt)</RULE_DESCRIPTION_2>
  <RULE_ID_3>330730</RULE_ID_3>
  <RULE_DESCRIPTION_3>FRAUD_SCRD GEO Counter Triggered (5pts)</RULE_DESCRIPTION_3>
  <RULE_ID_4>330734</RULE_ID_4>
  <RULE_DESCRIPTION_4>FRAUD_SCRD Score 95 or greater (20pts)</RULE_DESCRIPTION_4>
  <COUNTERS_TRIGGERED>2</COUNTERS_TRIGGERED>
  <COUNTER_NAME_0>GEO</COUNTER_NAME_0>
  <COUNTER_VALUE_0>3</COUNTER_VALUE_0>
  <COUNTER_NAME_1>FRAUD_SCRD</COUNTER_NAME_1>
  <COUNTER_VALUE_1>25</COUNTER_VALUE_1>
  <REASON_CODE></REASON_CODE>
  <MASTERCARD></MASTERCARD>
  <DDFS>2015-01-11</DDFS>
  <DSR>800x1280</DSR>
  <UAS>Mozilla/5.0 (Macintosh; Intel Mac OS X 10_10_0) AppleWebKit/537.36 (KHTML, like Gecko) Chrome/39.0.2171.65 Safari/537.36 OPR/26.0.1656.24</UAS>
  <BROWSER>Chrome 39.0.2171.65</BROWSER>
  <OS>Mac OS X 10_10_0</OS>
  <PIP_IPAD></PIP_IPAD>
  <PIP_LAT></PIP_LAT>
  <PIP_LON></PIP_LON>
  <PIP_COUNTRY></PIP_COUNTRY>
  <PIP_REGION></PIP_REGION>
  <PIP_CITY></PIP_CITY>
  <PIP_ORG></PIP_ORG>
  <IP_IPAD>5.29.78.11</IP_IPAD>
  <IP_LAT>32.1508</IP_LAT>
  <IP_LON>34.8883</IP_LON>
  <IP_COUNTRY>IL</IP_COUNTRY>
  <IP_REGION>HaMerkaz</IP_REGION>
  <IP_CITY>Hod Hasharon</IP_CITY>
  <IP_ORG>HOT-NET INTERNET SERVICES LTD.</IP_ORG>
  <WARNING_0>399 BAD_OPTN Cause: [value [--] did not match regex /^((19|20)\d\d-(0[1-9]|1[012])-(0[1-9]|[12][0-9]|3[01]))?$/], Field: [DOB], Value: [--]</WARNING_0>
  <WARNING_COUNT>1</WARNING_COUNT>
</RESPONSE>

2015-01-11T13:06:45Z
RequestParameter:  billNo: 6846-8568_8889 | startTime:2015-01-11 13:06:45

2015-01-11T13:06:45Z
Array
(
    [MODE] => Q
    [FRMT] => XML
    [VERS] => 0600
    [MERC] => 680000
    [SESS] => 6koi4oq7vh77iq1r2jg0ajatf7
    [ORDR] => 6846-8568_8889
    [CURR] => EUR
    [PENC] => KHASH
    [PTYP] => CARD
    [PTOK] => 530446WR6DECEX82N7VV
    [IPAD] => 5.29.78.11
    [MACK] => Y
    [PROD_DESC[0]] => Binary Trade
    [PROD_TYPE[0]] => Binary Trade
    [PROD_ITEM[0]] => SKU-BCL-BinaryTrade
    [PROD_QUANT[0]] => 1
    [PROD_PRICE[0]] => 1000
    [TOTL] => 1000
    [SITE] => VERT001
    [UDF[MERCHANT_ID]] => 20001MERBBCAPITAL
    [NAME] => Illiam GIOMIS
    [B2A1] => Rue Gambetta
    [B2CC] => FR
    [B2CI] => Vence
    [B2PC] => 06140
    [B2PN] => 123333
    [B2ST] => NA
    [S2A1] => 
    [S2CC] => 
    [S2CI] => 
    [S2EM] => 
    [S2NM] =>  
    [S2PC] => 
    [S2PN] => 
    [S2ST] => 
    [SHTP] => 
    [CASH] => 10
    [DOB] => 1970-01-01
    [GENDER] => 
    [EMAL] => igiomis@yahoo.com
)


2015-01-11T13:06:47Z
ResponseParameter:  billNo: 6846-8568_8889 | endTime:2015-01-11 13:06:47

2015-01-11T13:06:47Z
<?xml version="1.0" encoding="UTF-8"?>
<RESPONSE>
  <VERS>0600</VERS>
  <MODE>Q</MODE>
  <TRAN>3VPV01T6JQ8N</TRAN>
  <MERC>680000</MERC>
  <SESS>6koi4oq7vh77iq1r2jg0ajatf7</SESS>
  <ORDR>6846-8568_8889</ORDR>
  <AUTO>A</AUTO>
  <SCOR>98</SCOR>
  <GEOX>IL</GEOX>
  <BRND>MSTR</BRND>
  <REGN>IL_02</REGN>
  <NETW>N</NETW>
  <KAPT>Y</KAPT>
  <CARDS>6</CARDS>
  <DEVICES>2</DEVICES>
  <EMAILS>1</EMAILS>
  <VELO>0</VELO>
  <VMAX>0</VMAX>
  <SITE>VERT001</SITE>
  <DEVICE_LAYERS>586E8D8773.3B08876E11.988742D4D9.C6CC5C45FA.16C0067C05</DEVICE_LAYERS>
  <FINGERPRINT>3B879C9EA18FC88DC67772B85EA0DC4F</FINGERPRINT>
  <TIMEZONE>1320</TIMEZONE>
  <LOCALTIME>2015-01-11 15:07</LOCALTIME>
  <REGION>IL_02</REGION>
  <COUNTRY>IL</COUNTRY>
  <PROXY>N</PROXY>
  <JAVASCRIPT>Y</JAVASCRIPT>
  <FLASH>Y</FLASH>
  <COOKIES>Y</COOKIES>
  <HTTP_COUNTRY>FR</HTTP_COUNTRY>
  <LANGUAGE>FR</LANGUAGE>
  <MOBILE_DEVICE>N</MOBILE_DEVICE>
  <MOBILE_TYPE></MOBILE_TYPE>
  <MOBILE_FORWARDER>N</MOBILE_FORWARDER>
  <VOICE_DEVICE>N</VOICE_DEVICE>
  <PC_REMOTE>N</PC_REMOTE>
  <RULES_TRIGGERED>6</RULES_TRIGGERED>
  <RULE_ID_0>330718</RULE_ID_0>
  <RULE_DESCRIPTION_0>GEO Billing &lt;&gt; Device Country (1pt)</RULE_DESCRIPTION_0>
  <RULE_ID_1>330720</RULE_ID_1>
  <RULE_DESCRIPTION_1>GEO  Distance from Device to Billing &gt; 1000km (1pt)</RULE_DESCRIPTION_1>
  <RULE_ID_2>330722</RULE_ID_2>
  <RULE_DESCRIPTION_2>GEO BIN and Device Country not equal (1pt)</RULE_DESCRIPTION_2>
  <RULE_ID_3>330724</RULE_ID_3>
  <RULE_DESCRIPTION_3>GEO Billing &lt;&gt; BIN Country (1pt)</RULE_DESCRIPTION_3>
  <RULE_ID_4>330730</RULE_ID_4>
  <RULE_DESCRIPTION_4>FRAUD_SCRD GEO Counter Triggered (5pts)</RULE_DESCRIPTION_4>
  <RULE_ID_5>330734</RULE_ID_5>
  <RULE_DESCRIPTION_5>FRAUD_SCRD Score 95 or greater (20pts)</RULE_DESCRIPTION_5>
  <COUNTERS_TRIGGERED>2</COUNTERS_TRIGGERED>
  <COUNTER_NAME_0>GEO</COUNTER_NAME_0>
  <COUNTER_VALUE_0>4</COUNTER_VALUE_0>
  <COUNTER_NAME_1>FRAUD_SCRD</COUNTER_NAME_1>
  <COUNTER_VALUE_1>25</COUNTER_VALUE_1>
  <REASON_CODE></REASON_CODE>
  <MASTERCARD></MASTERCARD>
  <DDFS>2015-01-11</DDFS>
  <DSR>800x1280</DSR>
  <UAS>Mozilla/5.0 (Macintosh; Intel Mac OS X 10_10_0) AppleWebKit/537.36 (KHTML, like Gecko) Chrome/39.0.2171.65 Safari/537.36 OPR/26.0.1656.24</UAS>
  <BROWSER>Chrome 39.0.2171.65</BROWSER>
  <OS>Mac OS X 10_10_0</OS>
  <PIP_IPAD></PIP_IPAD>
  <PIP_LAT></PIP_LAT>
  <PIP_LON></PIP_LON>
  <PIP_COUNTRY></PIP_COUNTRY>
  <PIP_REGION></PIP_REGION>
  <PIP_CITY></PIP_CITY>
  <PIP_ORG></PIP_ORG>
  <IP_IPAD>5.29.78.11</IP_IPAD>
  <IP_LAT>32.1508</IP_LAT>
  <IP_LON>34.8883</IP_LON>
  <IP_COUNTRY>IL</IP_COUNTRY>
  <IP_REGION>HaMerkaz</IP_REGION>
  <IP_CITY>Hod Hasharon</IP_CITY>
  <IP_ORG>HOT-NET INTERNET SERVICES LTD.</IP_ORG>
  <WARNING_COUNT>0</WARNING_COUNT>
</RESPONSE>

2015-01-11T13:10:49Z
RequestParameter:  billNo: 3525-9029_3889 | startTime:2015-01-11 13:10:49

2015-01-11T13:10:49Z
Array
(
    [MODE] => Q
    [FRMT] => XML
    [VERS] => 0600
    [MERC] => 680000
    [SESS] => 6koi4oq7vh77iq1r2jg0ajatf7
    [ORDR] => 3525-9029_3889
    [CURR] => EUR
    [PENC] => KHASH
    [PTYP] => CARD
    [PTOK] => 459440ZK97USER1019VV
    [IPAD] => 5.29.78.11
    [MACK] => Y
    [PROD_DESC[0]] => Binary Trade
    [PROD_TYPE[0]] => Binary Trade
    [PROD_ITEM[0]] => SKU-BCL-BinaryTrade
    [PROD_QUANT[0]] => 1
    [PROD_PRICE[0]] => 1000
    [TOTL] => 1000
    [SITE] => VERT001
    [UDF[MERCHANT_ID]] => 20001MERBBCAPITAL
    [NAME] => Illiam GIOMIS
    [B2A1] => Rue Gambetta
    [B2CC] => FR
    [B2CI] => Vence
    [B2PC] => 06140
    [B2PN] => 123333
    [B2ST] => NA
    [S2A1] => 
    [S2CC] => 
    [S2CI] => 
    [S2EM] => 
    [S2NM] =>  
    [S2PC] => 
    [S2PN] => 
    [S2ST] => 
    [SHTP] => 
    [CASH] => 10
    [DOB] => 1970-01-01
    [GENDER] => 
    [EMAL] => igiomis@yahoo.com
)


2015-01-11T13:10:51Z
ResponseParameter:  billNo: 3525-9029_3889 | endTime:2015-01-11 13:10:51

2015-01-11T13:10:51Z
<?xml version="1.0" encoding="UTF-8"?>
<RESPONSE>
  <VERS>0600</VERS>
  <MODE>Q</MODE>
  <TRAN>3VPV0X2JHG3T</TRAN>
  <MERC>680000</MERC>
  <SESS>6koi4oq7vh77iq1r2jg0ajatf7</SESS>
  <ORDR>3525-9029_3889</ORDR>
  <AUTO>A</AUTO>
  <SCOR>98</SCOR>
  <GEOX>IL</GEOX>
  <BRND>VISA</BRND>
  <REGN>IL_02</REGN>
  <NETW>N</NETW>
  <KAPT>Y</KAPT>
  <CARDS>6</CARDS>
  <DEVICES>2</DEVICES>
  <EMAILS>1</EMAILS>
  <VELO>0</VELO>
  <VMAX>0</VMAX>
  <SITE>VERT001</SITE>
  <DEVICE_LAYERS>586E8D8773.3B08876E11.988742D4D9.C6CC5C45FA.16C0067C05</DEVICE_LAYERS>
  <FINGERPRINT>3B879C9EA18FC88DC67772B85EA0DC4F</FINGERPRINT>
  <TIMEZONE>1320</TIMEZONE>
  <LOCALTIME>2015-01-11 15:11</LOCALTIME>
  <REGION>IL_02</REGION>
  <COUNTRY>IL</COUNTRY>
  <PROXY>N</PROXY>
  <JAVASCRIPT>Y</JAVASCRIPT>
  <FLASH>Y</FLASH>
  <COOKIES>Y</COOKIES>
  <HTTP_COUNTRY>FR</HTTP_COUNTRY>
  <LANGUAGE>FR</LANGUAGE>
  <MOBILE_DEVICE>N</MOBILE_DEVICE>
  <MOBILE_TYPE></MOBILE_TYPE>
  <MOBILE_FORWARDER>N</MOBILE_FORWARDER>
  <VOICE_DEVICE>N</VOICE_DEVICE>
  <PC_REMOTE>N</PC_REMOTE>
  <RULES_TRIGGERED>5</RULES_TRIGGERED>
  <RULE_ID_0>330718</RULE_ID_0>
  <RULE_DESCRIPTION_0>GEO Billing &lt;&gt; Device Country (1pt)</RULE_DESCRIPTION_0>
  <RULE_ID_1>330720</RULE_ID_1>
  <RULE_DESCRIPTION_1>GEO  Distance from Device to Billing &gt; 1000km (1pt)</RULE_DESCRIPTION_1>
  <RULE_ID_2>330724</RULE_ID_2>
  <RULE_DESCRIPTION_2>GEO Billing &lt;&gt; BIN Country (1pt)</RULE_DESCRIPTION_2>
  <RULE_ID_3>330730</RULE_ID_3>
  <RULE_DESCRIPTION_3>FRAUD_SCRD GEO Counter Triggered (5pts)</RULE_DESCRIPTION_3>
  <RULE_ID_4>330734</RULE_ID_4>
  <RULE_DESCRIPTION_4>FRAUD_SCRD Score 95 or greater (20pts)</RULE_DESCRIPTION_4>
  <COUNTERS_TRIGGERED>2</COUNTERS_TRIGGERED>
  <COUNTER_NAME_0>GEO</COUNTER_NAME_0>
  <COUNTER_VALUE_0>3</COUNTER_VALUE_0>
  <COUNTER_NAME_1>FRAUD_SCRD</COUNTER_NAME_1>
  <COUNTER_VALUE_1>25</COUNTER_VALUE_1>
  <REASON_CODE></REASON_CODE>
  <MASTERCARD></MASTERCARD>
  <DDFS>2015-01-11</DDFS>
  <DSR>800x1280</DSR>
  <UAS>Mozilla/5.0 (Macintosh; Intel Mac OS X 10_10_0) AppleWebKit/537.36 (KHTML, like Gecko) Chrome/39.0.2171.65 Safari/537.36 OPR/26.0.1656.24</UAS>
  <BROWSER>Chrome 39.0.2171.65</BROWSER>
  <OS>Mac OS X 10_10_0</OS>
  <PIP_IPAD></PIP_IPAD>
  <PIP_LAT></PIP_LAT>
  <PIP_LON></PIP_LON>
  <PIP_COUNTRY></PIP_COUNTRY>
  <PIP_REGION></PIP_REGION>
  <PIP_CITY></PIP_CITY>
  <PIP_ORG></PIP_ORG>
  <IP_IPAD>5.29.78.11</IP_IPAD>
  <IP_LAT>32.1508</IP_LAT>
  <IP_LON>34.8883</IP_LON>
  <IP_COUNTRY>IL</IP_COUNTRY>
  <IP_REGION>HaMerkaz</IP_REGION>
  <IP_CITY>Hod Hasharon</IP_CITY>
  <IP_ORG>HOT-NET INTERNET SERVICES LTD.</IP_ORG>
  <WARNING_COUNT>0</WARNING_COUNT>
</RESPONSE>

2015-01-11T13:12:42Z
RequestParameter:  billNo: 9702-1801_5663 | startTime:2015-01-11 13:12:42

2015-01-11T13:12:42Z
Array
(
    [MODE] => Q
    [FRMT] => XML
    [VERS] => 0600
    [MERC] => 680000
    [SESS] => 6koi4oq7vh77iq1r2jg0ajatf7
    [ORDR] => 9702-1801_5663
    [CURR] => USD
    [PENC] => KHASH
    [PTYP] => CARD
    [PTOK] => 530446WR6DECEX82N7VV
    [IPAD] => 5.29.78.11
    [MACK] => Y
    [PROD_DESC[0]] => Binary Trade
    [PROD_TYPE[0]] => Binary Trade
    [PROD_ITEM[0]] => SKU-BCL-BinaryTrade
    [PROD_QUANT[0]] => 1
    [PROD_PRICE[0]] => 1000
    [TOTL] => 1000
    [SITE] => VERT001
    [UDF[MERCHANT_ID]] => 20001MERBBCAPITAL
    [NAME] => Illiam GIOMIS
    [B2A1] => Rue Gambetta
    [B2CC] => FR
    [B2CI] => Vence
    [B2PC] => 06140
    [B2PN] => 123333
    [B2ST] => NA
    [S2A1] => 
    [S2CC] => 
    [S2CI] => 
    [S2EM] => 
    [S2NM] =>  
    [S2PC] => 
    [S2PN] => 
    [S2ST] => 
    [SHTP] => 
    [CASH] => 10
    [DOB] => 1970-01-01
    [GENDER] => 
    [EMAL] => igiomis@yahoo.com
)


2015-01-11T13:12:44Z
ResponseParameter:  billNo: 9702-1801_5663 | endTime:2015-01-11 13:12:44

2015-01-11T13:12:44Z
<?xml version="1.0" encoding="UTF-8"?>
<RESPONSE>
  <VERS>0600</VERS>
  <MODE>Q</MODE>
  <TRAN>3VPV0CP9RKM9</TRAN>
  <MERC>680000</MERC>
  <SESS>6koi4oq7vh77iq1r2jg0ajatf7</SESS>
  <ORDR>9702-1801_5663</ORDR>
  <AUTO>A</AUTO>
  <SCOR>98</SCOR>
  <GEOX>IL</GEOX>
  <BRND>MSTR</BRND>
  <REGN>IL_02</REGN>
  <NETW>N</NETW>
  <KAPT>Y</KAPT>
  <CARDS>6</CARDS>
  <DEVICES>2</DEVICES>
  <EMAILS>1</EMAILS>
  <VELO>0</VELO>
  <VMAX>0</VMAX>
  <SITE>VERT001</SITE>
  <DEVICE_LAYERS>586E8D8773.3B08876E11.988742D4D9.C6CC5C45FA.16C0067C05</DEVICE_LAYERS>
  <FINGERPRINT>3B879C9EA18FC88DC67772B85EA0DC4F</FINGERPRINT>
  <TIMEZONE>1320</TIMEZONE>
  <LOCALTIME>2015-01-11 15:13</LOCALTIME>
  <REGION>IL_02</REGION>
  <COUNTRY>IL</COUNTRY>
  <PROXY>N</PROXY>
  <JAVASCRIPT>Y</JAVASCRIPT>
  <FLASH>Y</FLASH>
  <COOKIES>Y</COOKIES>
  <HTTP_COUNTRY>FR</HTTP_COUNTRY>
  <LANGUAGE>FR</LANGUAGE>
  <MOBILE_DEVICE>N</MOBILE_DEVICE>
  <MOBILE_TYPE></MOBILE_TYPE>
  <MOBILE_FORWARDER>N</MOBILE_FORWARDER>
  <VOICE_DEVICE>N</VOICE_DEVICE>
  <PC_REMOTE>N</PC_REMOTE>
  <RULES_TRIGGERED>6</RULES_TRIGGERED>
  <RULE_ID_0>330718</RULE_ID_0>
  <RULE_DESCRIPTION_0>GEO Billing &lt;&gt; Device Country (1pt)</RULE_DESCRIPTION_0>
  <RULE_ID_1>330720</RULE_ID_1>
  <RULE_DESCRIPTION_1>GEO  Distance from Device to Billing &gt; 1000km (1pt)</RULE_DESCRIPTION_1>
  <RULE_ID_2>330722</RULE_ID_2>
  <RULE_DESCRIPTION_2>GEO BIN and Device Country not equal (1pt)</RULE_DESCRIPTION_2>
  <RULE_ID_3>330724</RULE_ID_3>
  <RULE_DESCRIPTION_3>GEO Billing &lt;&gt; BIN Country (1pt)</RULE_DESCRIPTION_3>
  <RULE_ID_4>330730</RULE_ID_4>
  <RULE_DESCRIPTION_4>FRAUD_SCRD GEO Counter Triggered (5pts)</RULE_DESCRIPTION_4>
  <RULE_ID_5>330734</RULE_ID_5>
  <RULE_DESCRIPTION_5>FRAUD_SCRD Score 95 or greater (20pts)</RULE_DESCRIPTION_5>
  <COUNTERS_TRIGGERED>2</COUNTERS_TRIGGERED>
  <COUNTER_NAME_0>GEO</COUNTER_NAME_0>
  <COUNTER_VALUE_0>4</COUNTER_VALUE_0>
  <COUNTER_NAME_1>FRAUD_SCRD</COUNTER_NAME_1>
  <COUNTER_VALUE_1>25</COUNTER_VALUE_1>
  <REASON_CODE></REASON_CODE>
  <MASTERCARD></MASTERCARD>
  <DDFS>2015-01-11</DDFS>
  <DSR>800x1280</DSR>
  <UAS>Mozilla/5.0 (Macintosh; Intel Mac OS X 10_10_0) AppleWebKit/537.36 (KHTML, like Gecko) Chrome/39.0.2171.65 Safari/537.36 OPR/26.0.1656.24</UAS>
  <BROWSER>Chrome 39.0.2171.65</BROWSER>
  <OS>Mac OS X 10_10_0</OS>
  <PIP_IPAD></PIP_IPAD>
  <PIP_LAT></PIP_LAT>
  <PIP_LON></PIP_LON>
  <PIP_COUNTRY></PIP_COUNTRY>
  <PIP_REGION></PIP_REGION>
  <PIP_CITY></PIP_CITY>
  <PIP_ORG></PIP_ORG>
  <IP_IPAD>5.29.78.11</IP_IPAD>
  <IP_LAT>32.1508</IP_LAT>
  <IP_LON>34.8883</IP_LON>
  <IP_COUNTRY>IL</IP_COUNTRY>
  <IP_REGION>HaMerkaz</IP_REGION>
  <IP_CITY>Hod Hasharon</IP_CITY>
  <IP_ORG>HOT-NET INTERNET SERVICES LTD.</IP_ORG>
  <WARNING_COUNT>0</WARNING_COUNT>
</RESPONSE>

2015-01-11T13:13:06Z
RequestParameter:  billNo: 6166-7999_9714 | startTime:2015-01-11 13:13:06

2015-01-11T13:13:06Z
Array
(
    [MODE] => Q
    [FRMT] => XML
    [VERS] => 0600
    [MERC] => 680000
    [SESS] => 6koi4oq7vh77iq1r2jg0ajatf7
    [ORDR] => 6166-7999_9714
    [CURR] => USD
    [PENC] => KHASH
    [PTYP] => CARD
    [PTOK] => 434567IEIYGH7YDWKPFW
    [IPAD] => 5.29.78.11
    [MACK] => Y
    [PROD_DESC[0]] => Binary Trade
    [PROD_TYPE[0]] => Binary Trade
    [PROD_ITEM[0]] => SKU-BCL-BinaryTrade
    [PROD_QUANT[0]] => 1
    [PROD_PRICE[0]] => 1000
    [TOTL] => 1000
    [SITE] => VERT001
    [UDF[MERCHANT_ID]] => 20001MERBBCAPITAL
    [NAME] => Illiam GIOMIS
    [B2A1] => Rue Gambetta
    [B2CC] => FR
    [B2CI] => Vence
    [B2PC] => 06140
    [B2PN] => 123333
    [B2ST] => NA
    [S2A1] => 
    [S2CC] => 
    [S2CI] => 
    [S2EM] => 
    [S2NM] =>  
    [S2PC] => 
    [S2PN] => 
    [S2ST] => 
    [SHTP] => 
    [CASH] => 10
    [DOB] => --
    [GENDER] => 
    [EMAL] => igiomis@yahoo.com
)


2015-01-11T13:13:08Z
ResponseParameter:  billNo: 6166-7999_9714 | endTime:2015-01-11 13:13:08

2015-01-11T13:13:08Z
<?xml version="1.0" encoding="UTF-8"?>
<RESPONSE>
  <VERS>0600</VERS>
  <MODE>Q</MODE>
  <TRAN>3VPV0S6WKB9B</TRAN>
  <MERC>680000</MERC>
  <SESS>6koi4oq7vh77iq1r2jg0ajatf7</SESS>
  <ORDR>6166-7999_9714</ORDR>
  <AUTO>A</AUTO>
  <SCOR>99</SCOR>
  <GEOX>IL</GEOX>
  <BRND>VISA</BRND>
  <REGN>IL_02</REGN>
  <NETW>N</NETW>
  <KAPT>Y</KAPT>
  <CARDS>7</CARDS>
  <DEVICES>2</DEVICES>
  <EMAILS>1</EMAILS>
  <VELO>0</VELO>
  <VMAX>0</VMAX>
  <SITE>VERT001</SITE>
  <DEVICE_LAYERS>586E8D8773.3B08876E11.988742D4D9.C6CC5C45FA.16C0067C05</DEVICE_LAYERS>
  <FINGERPRINT>3B879C9EA18FC88DC67772B85EA0DC4F</FINGERPRINT>
  <TIMEZONE>1320</TIMEZONE>
  <LOCALTIME>2015-01-11 15:13</LOCALTIME>
  <REGION>IL_02</REGION>
  <COUNTRY>IL</COUNTRY>
  <PROXY>N</PROXY>
  <JAVASCRIPT>Y</JAVASCRIPT>
  <FLASH>Y</FLASH>
  <COOKIES>Y</COOKIES>
  <HTTP_COUNTRY>FR</HTTP_COUNTRY>
  <LANGUAGE>FR</LANGUAGE>
  <MOBILE_DEVICE>N</MOBILE_DEVICE>
  <MOBILE_TYPE></MOBILE_TYPE>
  <MOBILE_FORWARDER>N</MOBILE_FORWARDER>
  <VOICE_DEVICE>N</VOICE_DEVICE>
  <PC_REMOTE>N</PC_REMOTE>
  <RULES_TRIGGERED>6</RULES_TRIGGERED>
  <RULE_ID_0>330718</RULE_ID_0>
  <RULE_DESCRIPTION_0>GEO Billing &lt;&gt; Device Country (1pt)</RULE_DESCRIPTION_0>
  <RULE_ID_1>330720</RULE_ID_1>
  <RULE_DESCRIPTION_1>GEO  Distance from Device to Billing &gt; 1000km (1pt)</RULE_DESCRIPTION_1>
  <RULE_ID_2>330722</RULE_ID_2>
  <RULE_DESCRIPTION_2>GEO BIN and Device Country not equal (1pt)</RULE_DESCRIPTION_2>
  <RULE_ID_3>330724</RULE_ID_3>
  <RULE_DESCRIPTION_3>GEO Billing &lt;&gt; BIN Country (1pt)</RULE_DESCRIPTION_3>
  <RULE_ID_4>330730</RULE_ID_4>
  <RULE_DESCRIPTION_4>FRAUD_SCRD GEO Counter Triggered (5pts)</RULE_DESCRIPTION_4>
  <RULE_ID_5>330734</RULE_ID_5>
  <RULE_DESCRIPTION_5>FRAUD_SCRD Score 95 or greater (20pts)</RULE_DESCRIPTION_5>
  <COUNTERS_TRIGGERED>2</COUNTERS_TRIGGERED>
  <COUNTER_NAME_0>GEO</COUNTER_NAME_0>
  <COUNTER_VALUE_0>4</COUNTER_VALUE_0>
  <COUNTER_NAME_1>FRAUD_SCRD</COUNTER_NAME_1>
  <COUNTER_VALUE_1>25</COUNTER_VALUE_1>
  <REASON_CODE></REASON_CODE>
  <MASTERCARD></MASTERCARD>
  <DDFS>2015-01-11</DDFS>
  <DSR>800x1280</DSR>
  <UAS>Mozilla/5.0 (Macintosh; Intel Mac OS X 10_10_0) AppleWebKit/537.36 (KHTML, like Gecko) Chrome/39.0.2171.65 Safari/537.36 OPR/26.0.1656.24</UAS>
  <BROWSER>Chrome 39.0.2171.65</BROWSER>
  <OS>Mac OS X 10_10_0</OS>
  <PIP_IPAD></PIP_IPAD>
  <PIP_LAT></PIP_LAT>
  <PIP_LON></PIP_LON>
  <PIP_COUNTRY></PIP_COUNTRY>
  <PIP_REGION></PIP_REGION>
  <PIP_CITY></PIP_CITY>
  <PIP_ORG></PIP_ORG>
  <IP_IPAD>5.29.78.11</IP_IPAD>
  <IP_LAT>32.1508</IP_LAT>
  <IP_LON>34.8883</IP_LON>
  <IP_COUNTRY>IL</IP_COUNTRY>
  <IP_REGION>HaMerkaz</IP_REGION>
  <IP_CITY>Hod Hasharon</IP_CITY>
  <IP_ORG>HOT-NET INTERNET SERVICES LTD.</IP_ORG>
  <WARNING_0>399 BAD_OPTN Cause: [value [--] did not match regex /^((19|20)\d\d-(0[1-9]|1[012])-(0[1-9]|[12][0-9]|3[01]))?$/], Field: [DOB], Value: [--]</WARNING_0>
  <WARNING_COUNT>1</WARNING_COUNT>
</RESPONSE>

2015-01-11T13:14:42Z
RequestParameter:  billNo: 6166-7999_9714 | startTime:2015-01-11 13:14:42

2015-01-11T13:14:42Z
Array
(
    [MODE] => Q
    [FRMT] => XML
    [VERS] => 0600
    [MERC] => 680000
    [SESS] => 6koi4oq7vh77iq1r2jg0ajatf7
    [ORDR] => 6166-7999_9714
    [CURR] => USD
    [PENC] => KHASH
    [PTYP] => CARD
    [PTOK] => 445678CSNGPS9F7T4UVL
    [IPAD] => 5.29.78.11
    [MACK] => Y
    [PROD_DESC[0]] => Binary Trade
    [PROD_TYPE[0]] => Binary Trade
    [PROD_ITEM[0]] => SKU-BCL-BinaryTrade
    [PROD_QUANT[0]] => 1
    [PROD_PRICE[0]] => 1000
    [TOTL] => 1000
    [SITE] => VERT001
    [UDF[MERCHANT_ID]] => 20001MERBBCAPITAL
    [NAME] => Illiam GIOMIS
    [B2A1] => Rue Gambetta
    [B2CC] => FR
    [B2CI] => Vence
    [B2PC] => 06140
    [B2PN] => 123333
    [B2ST] => NA
    [S2A1] => 
    [S2CC] => 
    [S2CI] => 
    [S2EM] => 
    [S2NM] =>  
    [S2PC] => 
    [S2PN] => 
    [S2ST] => 
    [SHTP] => 
    [CASH] => 10
    [DOB] => 1984-09-20
    [GENDER] => 
    [EMAL] => igiomis@yahoo.com
)


2015-01-11T13:14:43Z
ResponseParameter:  billNo: 6166-7999_9714 | endTime:2015-01-11 13:14:43

2015-01-11T13:14:43Z
<?xml version="1.0" encoding="UTF-8"?>
<RESPONSE>
  <VERS>0600</VERS>
  <MODE>Q</MODE>
  <TRAN>3VPV0083QKDB</TRAN>
  <MERC>680000</MERC>
  <SESS>6koi4oq7vh77iq1r2jg0ajatf7</SESS>
  <ORDR>6166-7999_9714</ORDR>
  <AUTO>A</AUTO>
  <SCOR>99</SCOR>
  <GEOX>IL</GEOX>
  <BRND>VISA</BRND>
  <REGN>IL_02</REGN>
  <NETW>N</NETW>
  <KAPT>Y</KAPT>
  <CARDS>7</CARDS>
  <DEVICES>2</DEVICES>
  <EMAILS>1</EMAILS>
  <VELO>0</VELO>
  <VMAX>0</VMAX>
  <SITE>VERT001</SITE>
  <DEVICE_LAYERS>586E8D8773.3B08876E11.988742D4D9.C6CC5C45FA.16C0067C05</DEVICE_LAYERS>
  <FINGERPRINT>3B879C9EA18FC88DC67772B85EA0DC4F</FINGERPRINT>
  <TIMEZONE>1320</TIMEZONE>
  <LOCALTIME>2015-01-11 15:15</LOCALTIME>
  <REGION>IL_02</REGION>
  <COUNTRY>IL</COUNTRY>
  <PROXY>N</PROXY>
  <JAVASCRIPT>Y</JAVASCRIPT>
  <FLASH>Y</FLASH>
  <COOKIES>Y</COOKIES>
  <HTTP_COUNTRY>FR</HTTP_COUNTRY>
  <LANGUAGE>FR</LANGUAGE>
  <MOBILE_DEVICE>N</MOBILE_DEVICE>
  <MOBILE_TYPE></MOBILE_TYPE>
  <MOBILE_FORWARDER>N</MOBILE_FORWARDER>
  <VOICE_DEVICE>N</VOICE_DEVICE>
  <PC_REMOTE>N</PC_REMOTE>
  <RULES_TRIGGERED>6</RULES_TRIGGERED>
  <RULE_ID_0>330718</RULE_ID_0>
  <RULE_DESCRIPTION_0>GEO Billing &lt;&gt; Device Country (1pt)</RULE_DESCRIPTION_0>
  <RULE_ID_1>330720</RULE_ID_1>
  <RULE_DESCRIPTION_1>GEO  Distance from Device to Billing &gt; 1000km (1pt)</RULE_DESCRIPTION_1>
  <RULE_ID_2>330722</RULE_ID_2>
  <RULE_DESCRIPTION_2>GEO BIN and Device Country not equal (1pt)</RULE_DESCRIPTION_2>
  <RULE_ID_3>330724</RULE_ID_3>
  <RULE_DESCRIPTION_3>GEO Billing &lt;&gt; BIN Country (1pt)</RULE_DESCRIPTION_3>
  <RULE_ID_4>330730</RULE_ID_4>
  <RULE_DESCRIPTION_4>FRAUD_SCRD GEO Counter Triggered (5pts)</RULE_DESCRIPTION_4>
  <RULE_ID_5>330734</RULE_ID_5>
  <RULE_DESCRIPTION_5>FRAUD_SCRD Score 95 or greater (20pts)</RULE_DESCRIPTION_5>
  <COUNTERS_TRIGGERED>2</COUNTERS_TRIGGERED>
  <COUNTER_NAME_0>GEO</COUNTER_NAME_0>
  <COUNTER_VALUE_0>4</COUNTER_VALUE_0>
  <COUNTER_NAME_1>FRAUD_SCRD</COUNTER_NAME_1>
  <COUNTER_VALUE_1>25</COUNTER_VALUE_1>
  <REASON_CODE></REASON_CODE>
  <MASTERCARD></MASTERCARD>
  <DDFS>2015-01-11</DDFS>
  <DSR>800x1280</DSR>
  <UAS>Mozilla/5.0 (Macintosh; Intel Mac OS X 10_10_0) AppleWebKit/537.36 (KHTML, like Gecko) Chrome/39.0.2171.65 Safari/537.36 OPR/26.0.1656.24</UAS>
  <BROWSER>Chrome 39.0.2171.65</BROWSER>
  <OS>Mac OS X 10_10_0</OS>
  <PIP_IPAD></PIP_IPAD>
  <PIP_LAT></PIP_LAT>
  <PIP_LON></PIP_LON>
  <PIP_COUNTRY></PIP_COUNTRY>
  <PIP_REGION></PIP_REGION>
  <PIP_CITY></PIP_CITY>
  <PIP_ORG></PIP_ORG>
  <IP_IPAD>5.29.78.11</IP_IPAD>
  <IP_LAT>32.1508</IP_LAT>
  <IP_LON>34.8883</IP_LON>
  <IP_COUNTRY>IL</IP_COUNTRY>
  <IP_REGION>HaMerkaz</IP_REGION>
  <IP_CITY>Hod Hasharon</IP_CITY>
  <IP_ORG>HOT-NET INTERNET SERVICES LTD.</IP_ORG>
  <WARNING_COUNT>0</WARNING_COUNT>
</RESPONSE>

2015-01-11T13:14:54Z
RequestParameter:  billNo: 3240-8233_5794 | startTime:2015-01-11 13:14:54

2015-01-11T13:14:54Z
Array
(
    [MODE] => Q
    [FRMT] => XML
    [VERS] => 0600
    [MERC] => 680000
    [SESS] => 6koi4oq7vh77iq1r2jg0ajatf7
    [ORDR] => 3240-8233_5794
    [CURR] => USD
    [PENC] => KHASH
    [PTYP] => CARD
    [PTOK] => 530446WR6DECEX82N7VV
    [IPAD] => 5.29.78.11
    [MACK] => Y
    [PROD_DESC[0]] => Binary Trade
    [PROD_TYPE[0]] => Binary Trade
    [PROD_ITEM[0]] => SKU-BCL-BinaryTrade
    [PROD_QUANT[0]] => 1
    [PROD_PRICE[0]] => 1000
    [TOTL] => 1000
    [SITE] => VERT001
    [UDF[MERCHANT_ID]] => 20001MERBBCAPITAL
    [NAME] => Illiam GIOMIS
    [B2A1] => Rue Gambetta
    [B2CC] => FR
    [B2CI] => Vence
    [B2PC] => 06140
    [B2PN] => 123333
    [B2ST] => NA
    [S2A1] => 
    [S2CC] => 
    [S2CI] => 
    [S2EM] => 
    [S2NM] =>  
    [S2PC] => 
    [S2PN] => 
    [S2ST] => 
    [SHTP] => 
    [CASH] => 10
    [DOB] => 1970-01-01
    [GENDER] => 
    [EMAL] => igiomis@yahoo.com
)


2015-01-11T13:14:57Z
ResponseParameter:  billNo: 3240-8233_5794 | endTime:2015-01-11 13:14:57

2015-01-11T13:14:57Z
<?xml version="1.0" encoding="UTF-8"?>
<RESPONSE>
  <VERS>0600</VERS>
  <MODE>Q</MODE>
  <TRAN>3VPV0Q06PMJ1</TRAN>
  <MERC>680000</MERC>
  <SESS>6koi4oq7vh77iq1r2jg0ajatf7</SESS>
  <ORDR>3240-8233_5794</ORDR>
  <AUTO>A</AUTO>
  <SCOR>99</SCOR>
  <GEOX>IL</GEOX>
  <BRND>MSTR</BRND>
  <REGN>IL_02</REGN>
  <NETW>N</NETW>
  <KAPT>Y</KAPT>
  <CARDS>7</CARDS>
  <DEVICES>2</DEVICES>
  <EMAILS>1</EMAILS>
  <VELO>0</VELO>
  <VMAX>0</VMAX>
  <SITE>VERT001</SITE>
  <DEVICE_LAYERS>586E8D8773.3B08876E11.988742D4D9.C6CC5C45FA.16C0067C05</DEVICE_LAYERS>
  <FINGERPRINT>3B879C9EA18FC88DC67772B85EA0DC4F</FINGERPRINT>
  <TIMEZONE>1320</TIMEZONE>
  <LOCALTIME>2015-01-11 15:15</LOCALTIME>
  <REGION>IL_02</REGION>
  <COUNTRY>IL</COUNTRY>
  <PROXY>N</PROXY>
  <JAVASCRIPT>Y</JAVASCRIPT>
  <FLASH>Y</FLASH>
  <COOKIES>Y</COOKIES>
  <HTTP_COUNTRY>FR</HTTP_COUNTRY>
  <LANGUAGE>FR</LANGUAGE>
  <MOBILE_DEVICE>N</MOBILE_DEVICE>
  <MOBILE_TYPE></MOBILE_TYPE>
  <MOBILE_FORWARDER>N</MOBILE_FORWARDER>
  <VOICE_DEVICE>N</VOICE_DEVICE>
  <PC_REMOTE>N</PC_REMOTE>
  <RULES_TRIGGERED>6</RULES_TRIGGERED>
  <RULE_ID_0>330718</RULE_ID_0>
  <RULE_DESCRIPTION_0>GEO Billing &lt;&gt; Device Country (1pt)</RULE_DESCRIPTION_0>
  <RULE_ID_1>330720</RULE_ID_1>
  <RULE_DESCRIPTION_1>GEO  Distance from Device to Billing &gt; 1000km (1pt)</RULE_DESCRIPTION_1>
  <RULE_ID_2>330722</RULE_ID_2>
  <RULE_DESCRIPTION_2>GEO BIN and Device Country not equal (1pt)</RULE_DESCRIPTION_2>
  <RULE_ID_3>330724</RULE_ID_3>
  <RULE_DESCRIPTION_3>GEO Billing &lt;&gt; BIN Country (1pt)</RULE_DESCRIPTION_3>
  <RULE_ID_4>330730</RULE_ID_4>
  <RULE_DESCRIPTION_4>FRAUD_SCRD GEO Counter Triggered (5pts)</RULE_DESCRIPTION_4>
  <RULE_ID_5>330734</RULE_ID_5>
  <RULE_DESCRIPTION_5>FRAUD_SCRD Score 95 or greater (20pts)</RULE_DESCRIPTION_5>
  <COUNTERS_TRIGGERED>2</COUNTERS_TRIGGERED>
  <COUNTER_NAME_0>GEO</COUNTER_NAME_0>
  <COUNTER_VALUE_0>4</COUNTER_VALUE_0>
  <COUNTER_NAME_1>FRAUD_SCRD</COUNTER_NAME_1>
  <COUNTER_VALUE_1>25</COUNTER_VALUE_1>
  <REASON_CODE></REASON_CODE>
  <MASTERCARD></MASTERCARD>
  <DDFS>2015-01-11</DDFS>
  <DSR>800x1280</DSR>
  <UAS>Mozilla/5.0 (Macintosh; Intel Mac OS X 10_10_0) AppleWebKit/537.36 (KHTML, like Gecko) Chrome/39.0.2171.65 Safari/537.36 OPR/26.0.1656.24</UAS>
  <BROWSER>Chrome 39.0.2171.65</BROWSER>
  <OS>Mac OS X 10_10_0</OS>
  <PIP_IPAD></PIP_IPAD>
  <PIP_LAT></PIP_LAT>
  <PIP_LON></PIP_LON>
  <PIP_COUNTRY></PIP_COUNTRY>
  <PIP_REGION></PIP_REGION>
  <PIP_CITY></PIP_CITY>
  <PIP_ORG></PIP_ORG>
  <IP_IPAD>5.29.78.11</IP_IPAD>
  <IP_LAT>32.1508</IP_LAT>
  <IP_LON>34.8883</IP_LON>
  <IP_COUNTRY>IL</IP_COUNTRY>
  <IP_REGION>HaMerkaz</IP_REGION>
  <IP_CITY>Hod Hasharon</IP_CITY>
  <IP_ORG>HOT-NET INTERNET SERVICES LTD.</IP_ORG>
  <WARNING_COUNT>0</WARNING_COUNT>
</RESPONSE>

2015-01-11T13:16:28Z
RequestParameter:  billNo: 6240-2402_1558 | startTime:2015-01-11 13:16:28

2015-01-11T13:16:28Z
Array
(
    [MODE] => Q
    [FRMT] => XML
    [VERS] => 0600
    [MERC] => 680000
    [SESS] => 6koi4oq7vh77iq1r2jg0ajatf7
    [ORDR] => 6240-2402_1558
    [CURR] => USD
    [PENC] => KHASH
    [PTYP] => CARD
    [PTOK] => 459440ZK97USER1019VV
    [IPAD] => 5.29.78.11
    [MACK] => Y
    [PROD_DESC[0]] => Binary Trade
    [PROD_TYPE[0]] => Binary Trade
    [PROD_ITEM[0]] => SKU-BCL-BinaryTrade
    [PROD_QUANT[0]] => 1
    [PROD_PRICE[0]] => 1000
    [TOTL] => 1000
    [SITE] => VERT001
    [UDF[MERCHANT_ID]] => 20001MERBBCAPITAL
    [NAME] => Illiam GIOMIS
    [B2A1] => Rue Gambetta
    [B2CC] => FR
    [B2CI] => Vence
    [B2PC] => 06140
    [B2PN] => 123333
    [B2ST] => NA
    [S2A1] => 
    [S2CC] => 
    [S2CI] => 
    [S2EM] => 
    [S2NM] =>  
    [S2PC] => 
    [S2PN] => 
    [S2ST] => 
    [SHTP] => 
    [CASH] => 10
    [DOB] => 1970-01-01
    [GENDER] => 
    [EMAL] => igiomis@yahoo.com
)


2015-01-11T13:16:29Z
ResponseParameter:  billNo: 6240-2402_1558 | endTime:2015-01-11 13:16:29

2015-01-11T13:16:29Z
<?xml version="1.0" encoding="UTF-8"?>
<RESPONSE>
  <VERS>0600</VERS>
  <MODE>Q</MODE>
  <TRAN>3VPV0TQ9ZC7Q</TRAN>
  <MERC>680000</MERC>
  <SESS>6koi4oq7vh77iq1r2jg0ajatf7</SESS>
  <ORDR>6240-2402_1558</ORDR>
  <AUTO>A</AUTO>
  <SCOR>99</SCOR>
  <GEOX>IL</GEOX>
  <BRND>VISA</BRND>
  <REGN>IL_02</REGN>
  <NETW>N</NETW>
  <KAPT>Y</KAPT>
  <CARDS>7</CARDS>
  <DEVICES>2</DEVICES>
  <EMAILS>1</EMAILS>
  <VELO>0</VELO>
  <VMAX>0</VMAX>
  <SITE>VERT001</SITE>
  <DEVICE_LAYERS>586E8D8773.3B08876E11.988742D4D9.C6CC5C45FA.16C0067C05</DEVICE_LAYERS>
  <FINGERPRINT>3B879C9EA18FC88DC67772B85EA0DC4F</FINGERPRINT>
  <TIMEZONE>1320</TIMEZONE>
  <LOCALTIME>2015-01-11 15:16</LOCALTIME>
  <REGION>IL_02</REGION>
  <COUNTRY>IL</COUNTRY>
  <PROXY>N</PROXY>
  <JAVASCRIPT>Y</JAVASCRIPT>
  <FLASH>Y</FLASH>
  <COOKIES>Y</COOKIES>
  <HTTP_COUNTRY>FR</HTTP_COUNTRY>
  <LANGUAGE>FR</LANGUAGE>
  <MOBILE_DEVICE>N</MOBILE_DEVICE>
  <MOBILE_TYPE></MOBILE_TYPE>
  <MOBILE_FORWARDER>N</MOBILE_FORWARDER>
  <VOICE_DEVICE>N</VOICE_DEVICE>
  <PC_REMOTE>N</PC_REMOTE>
  <RULES_TRIGGERED>5</RULES_TRIGGERED>
  <RULE_ID_0>330718</RULE_ID_0>
  <RULE_DESCRIPTION_0>GEO Billing &lt;&gt; Device Country (1pt)</RULE_DESCRIPTION_0>
  <RULE_ID_1>330720</RULE_ID_1>
  <RULE_DESCRIPTION_1>GEO  Distance from Device to Billing &gt; 1000km (1pt)</RULE_DESCRIPTION_1>
  <RULE_ID_2>330724</RULE_ID_2>
  <RULE_DESCRIPTION_2>GEO Billing &lt;&gt; BIN Country (1pt)</RULE_DESCRIPTION_2>
  <RULE_ID_3>330730</RULE_ID_3>
  <RULE_DESCRIPTION_3>FRAUD_SCRD GEO Counter Triggered (5pts)</RULE_DESCRIPTION_3>
  <RULE_ID_4>330734</RULE_ID_4>
  <RULE_DESCRIPTION_4>FRAUD_SCRD Score 95 or greater (20pts)</RULE_DESCRIPTION_4>
  <COUNTERS_TRIGGERED>2</COUNTERS_TRIGGERED>
  <COUNTER_NAME_0>GEO</COUNTER_NAME_0>
  <COUNTER_VALUE_0>3</COUNTER_VALUE_0>
  <COUNTER_NAME_1>FRAUD_SCRD</COUNTER_NAME_1>
  <COUNTER_VALUE_1>25</COUNTER_VALUE_1>
  <REASON_CODE></REASON_CODE>
  <MASTERCARD></MASTERCARD>
  <DDFS>2015-01-11</DDFS>
  <DSR>800x1280</DSR>
  <UAS>Mozilla/5.0 (Macintosh; Intel Mac OS X 10_10_0) AppleWebKit/537.36 (KHTML, like Gecko) Chrome/39.0.2171.65 Safari/537.36 OPR/26.0.1656.24</UAS>
  <BROWSER>Chrome 39.0.2171.65</BROWSER>
  <OS>Mac OS X 10_10_0</OS>
  <PIP_IPAD></PIP_IPAD>
  <PIP_LAT></PIP_LAT>
  <PIP_LON></PIP_LON>
  <PIP_COUNTRY></PIP_COUNTRY>
  <PIP_REGION></PIP_REGION>
  <PIP_CITY></PIP_CITY>
  <PIP_ORG></PIP_ORG>
  <IP_IPAD>5.29.78.11</IP_IPAD>
  <IP_LAT>32.1508</IP_LAT>
  <IP_LON>34.8883</IP_LON>
  <IP_COUNTRY>IL</IP_COUNTRY>
  <IP_REGION>HaMerkaz</IP_REGION>
  <IP_CITY>Hod Hasharon</IP_CITY>
  <IP_ORG>HOT-NET INTERNET SERVICES LTD.</IP_ORG>
  <WARNING_COUNT>0</WARNING_COUNT>
</RESPONSE>

2015-01-11T13:19:33Z
RequestParameter:  billNo: 6166-7999_9714 | startTime:2015-01-11 13:19:33

2015-01-11T13:19:33Z
Array
(
    [MODE] => Q
    [FRMT] => XML
    [VERS] => 0600
    [MERC] => 680000
    [SESS] => 6koi4oq7vh77iq1r2jg0ajatf7
    [ORDR] => 6166-7999_9714
    [CURR] => USD
    [PENC] => KHASH
    [PTYP] => CARD
    [PTOK] => 423456LNB6YL7MSHUHLH
    [IPAD] => 5.29.78.11
    [MACK] => Y
    [PROD_DESC[0]] => Binary Trade
    [PROD_TYPE[0]] => Binary Trade
    [PROD_ITEM[0]] => SKU-BCL-BinaryTrade
    [PROD_QUANT[0]] => 1
    [PROD_PRICE[0]] => 1000
    [TOTL] => 1000
    [SITE] => VERT001
    [UDF[MERCHANT_ID]] => 20001MERBBCAPITAL
    [NAME] => Illiam GIOMIS
    [B2A1] => Rue Gambetta
    [B2CC] => FR
    [B2CI] => Vence
    [B2PC] => 06140
    [B2PN] => 123333
    [B2ST] => NA
    [S2A1] => 
    [S2CC] => 
    [S2CI] => 
    [S2EM] => 
    [S2NM] =>  
    [S2PC] => 
    [S2PN] => 
    [S2ST] => 
    [SHTP] => 
    [CASH] => 10
    [DOB] => 1984-09-22
    [GENDER] => 
    [EMAL] => igiomis@yahoo.com
)


2015-01-11T13:19:35Z
ResponseParameter:  billNo: 6166-7999_9714 | endTime:2015-01-11 13:19:35

2015-01-11T13:19:35Z
<?xml version="1.0" encoding="UTF-8"?>
<RESPONSE>
  <VERS>0600</VERS>
  <MODE>Q</MODE>
  <TRAN>3VPV0LCK01R2</TRAN>
  <MERC>680000</MERC>
  <SESS>6koi4oq7vh77iq1r2jg0ajatf7</SESS>
  <ORDR>6166-7999_9714</ORDR>
  <AUTO>A</AUTO>
  <SCOR>99</SCOR>
  <GEOX>IL</GEOX>
  <BRND>VISA</BRND>
  <REGN>IL_02</REGN>
  <NETW>N</NETW>
  <KAPT>Y</KAPT>
  <CARDS>9</CARDS>
  <DEVICES>2</DEVICES>
  <EMAILS>1</EMAILS>
  <VELO>0</VELO>
  <VMAX>0</VMAX>
  <SITE>VERT001</SITE>
  <DEVICE_LAYERS>586E8D8773.3B08876E11.988742D4D9.C6CC5C45FA.16C0067C05</DEVICE_LAYERS>
  <FINGERPRINT>3B879C9EA18FC88DC67772B85EA0DC4F</FINGERPRINT>
  <TIMEZONE>1320</TIMEZONE>
  <LOCALTIME>2015-01-11 15:19</LOCALTIME>
  <REGION>IL_02</REGION>
  <COUNTRY>IL</COUNTRY>
  <PROXY>N</PROXY>
  <JAVASCRIPT>Y</JAVASCRIPT>
  <FLASH>Y</FLASH>
  <COOKIES>Y</COOKIES>
  <HTTP_COUNTRY>FR</HTTP_COUNTRY>
  <LANGUAGE>FR</LANGUAGE>
  <MOBILE_DEVICE>N</MOBILE_DEVICE>
  <MOBILE_TYPE></MOBILE_TYPE>
  <MOBILE_FORWARDER>N</MOBILE_FORWARDER>
  <VOICE_DEVICE>N</VOICE_DEVICE>
  <PC_REMOTE>N</PC_REMOTE>
  <RULES_TRIGGERED>6</RULES_TRIGGERED>
  <RULE_ID_0>330718</RULE_ID_0>
  <RULE_DESCRIPTION_0>GEO Billing &lt;&gt; Device Country (1pt)</RULE_DESCRIPTION_0>
  <RULE_ID_1>330720</RULE_ID_1>
  <RULE_DESCRIPTION_1>GEO  Distance from Device to Billing &gt; 1000km (1pt)</RULE_DESCRIPTION_1>
  <RULE_ID_2>330722</RULE_ID_2>
  <RULE_DESCRIPTION_2>GEO BIN and Device Country not equal (1pt)</RULE_DESCRIPTION_2>
  <RULE_ID_3>330724</RULE_ID_3>
  <RULE_DESCRIPTION_3>GEO Billing &lt;&gt; BIN Country (1pt)</RULE_DESCRIPTION_3>
  <RULE_ID_4>330730</RULE_ID_4>
  <RULE_DESCRIPTION_4>FRAUD_SCRD GEO Counter Triggered (5pts)</RULE_DESCRIPTION_4>
  <RULE_ID_5>330734</RULE_ID_5>
  <RULE_DESCRIPTION_5>FRAUD_SCRD Score 95 or greater (20pts)</RULE_DESCRIPTION_5>
  <COUNTERS_TRIGGERED>2</COUNTERS_TRIGGERED>
  <COUNTER_NAME_0>GEO</COUNTER_NAME_0>
  <COUNTER_VALUE_0>4</COUNTER_VALUE_0>
  <COUNTER_NAME_1>FRAUD_SCRD</COUNTER_NAME_1>
  <COUNTER_VALUE_1>25</COUNTER_VALUE_1>
  <REASON_CODE></REASON_CODE>
  <MASTERCARD></MASTERCARD>
  <DDFS>2015-01-11</DDFS>
  <DSR>800x1280</DSR>
  <UAS>Mozilla/5.0 (Macintosh; Intel Mac OS X 10_10_0) AppleWebKit/537.36 (KHTML, like Gecko) Chrome/39.0.2171.65 Safari/537.36 OPR/26.0.1656.24</UAS>
  <BROWSER>Chrome 39.0.2171.65</BROWSER>
  <OS>Mac OS X 10_10_0</OS>
  <PIP_IPAD></PIP_IPAD>
  <PIP_LAT></PIP_LAT>
  <PIP_LON></PIP_LON>
  <PIP_COUNTRY></PIP_COUNTRY>
  <PIP_REGION></PIP_REGION>
  <PIP_CITY></PIP_CITY>
  <PIP_ORG></PIP_ORG>
  <IP_IPAD>5.29.78.11</IP_IPAD>
  <IP_LAT>32.1508</IP_LAT>
  <IP_LON>34.8883</IP_LON>
  <IP_COUNTRY>IL</IP_COUNTRY>
  <IP_REGION>HaMerkaz</IP_REGION>
  <IP_CITY>Hod Hasharon</IP_CITY>
  <IP_ORG>HOT-NET INTERNET SERVICES LTD.</IP_ORG>
  <WARNING_COUNT>0</WARNING_COUNT>
</RESPONSE>

2015-01-11T13:20:44Z
RequestParameter:  billNo: 2663-2876_1476 | startTime:2015-01-11 13:20:44

2015-01-11T13:20:44Z
Array
(
    [MODE] => Q
    [FRMT] => XML
    [VERS] => 0600
    [MERC] => 680000
    [SESS] => 6koi4oq7vh77iq1r2jg0ajatf7
    [ORDR] => 2663-2876_1476
    [CURR] => USD
    [PENC] => KHASH
    [PTYP] => CARD
    [PTOK] => 530446WR6DECEX82N7VV
    [IPAD] => 5.29.78.11
    [MACK] => Y
    [PROD_DESC[0]] => Binary Trade
    [PROD_TYPE[0]] => Binary Trade
    [PROD_ITEM[0]] => SKU-BCL-BinaryTrade
    [PROD_QUANT[0]] => 1
    [PROD_PRICE[0]] => 1000
    [TOTL] => 1000
    [SITE] => VERT001
    [UDF[MERCHANT_ID]] => 20001MERBBCAPITAL
    [NAME] => Illiam GIOMIS
    [B2A1] => Rue Gambetta
    [B2CC] => FR
    [B2CI] => Vence
    [B2PC] => 06140
    [B2PN] => 123333
    [B2ST] => NA
    [S2A1] => 
    [S2CC] => 
    [S2CI] => 
    [S2EM] => 
    [S2NM] =>  
    [S2PC] => 
    [S2PN] => 
    [S2ST] => 
    [SHTP] => 
    [CASH] => 10
    [DOB] => 1970-01-01
    [GENDER] => 
    [EMAL] => igiomis@yahoo.com
)


2015-01-11T13:20:45Z
ResponseParameter:  billNo: 2663-2876_1476 | endTime:2015-01-11 13:20:45

2015-01-11T13:20:45Z
<?xml version="1.0" encoding="UTF-8"?>
<RESPONSE>
  <VERS>0600</VERS>
  <MODE>Q</MODE>
  <TRAN>3VPV0DH1PJ4P</TRAN>
  <MERC>680000</MERC>
  <SESS>6koi4oq7vh77iq1r2jg0ajatf7</SESS>
  <ORDR>2663-2876_1476</ORDR>
  <AUTO>A</AUTO>
  <SCOR>99</SCOR>
  <GEOX>IL</GEOX>
  <BRND>MSTR</BRND>
  <REGN>IL_02</REGN>
  <NETW>N</NETW>
  <KAPT>Y</KAPT>
  <CARDS>8</CARDS>
  <DEVICES>2</DEVICES>
  <EMAILS>1</EMAILS>
  <VELO>0</VELO>
  <VMAX>0</VMAX>
  <SITE>VERT001</SITE>
  <DEVICE_LAYERS>586E8D8773.3B08876E11.988742D4D9.C6CC5C45FA.16C0067C05</DEVICE_LAYERS>
  <FINGERPRINT>3B879C9EA18FC88DC67772B85EA0DC4F</FINGERPRINT>
  <TIMEZONE>1320</TIMEZONE>
  <LOCALTIME>2015-01-11 15:21</LOCALTIME>
  <REGION>IL_02</REGION>
  <COUNTRY>IL</COUNTRY>
  <PROXY>N</PROXY>
  <JAVASCRIPT>Y</JAVASCRIPT>
  <FLASH>Y</FLASH>
  <COOKIES>Y</COOKIES>
  <HTTP_COUNTRY>FR</HTTP_COUNTRY>
  <LANGUAGE>FR</LANGUAGE>
  <MOBILE_DEVICE>N</MOBILE_DEVICE>
  <MOBILE_TYPE></MOBILE_TYPE>
  <MOBILE_FORWARDER>N</MOBILE_FORWARDER>
  <VOICE_DEVICE>N</VOICE_DEVICE>
  <PC_REMOTE>N</PC_REMOTE>
  <RULES_TRIGGERED>6</RULES_TRIGGERED>
  <RULE_ID_0>330718</RULE_ID_0>
  <RULE_DESCRIPTION_0>GEO Billing &lt;&gt; Device Country (1pt)</RULE_DESCRIPTION_0>
  <RULE_ID_1>330720</RULE_ID_1>
  <RULE_DESCRIPTION_1>GEO  Distance from Device to Billing &gt; 1000km (1pt)</RULE_DESCRIPTION_1>
  <RULE_ID_2>330722</RULE_ID_2>
  <RULE_DESCRIPTION_2>GEO BIN and Device Country not equal (1pt)</RULE_DESCRIPTION_2>
  <RULE_ID_3>330724</RULE_ID_3>
  <RULE_DESCRIPTION_3>GEO Billing &lt;&gt; BIN Country (1pt)</RULE_DESCRIPTION_3>
  <RULE_ID_4>330730</RULE_ID_4>
  <RULE_DESCRIPTION_4>FRAUD_SCRD GEO Counter Triggered (5pts)</RULE_DESCRIPTION_4>
  <RULE_ID_5>330734</RULE_ID_5>
  <RULE_DESCRIPTION_5>FRAUD_SCRD Score 95 or greater (20pts)</RULE_DESCRIPTION_5>
  <COUNTERS_TRIGGERED>2</COUNTERS_TRIGGERED>
  <COUNTER_NAME_0>GEO</COUNTER_NAME_0>
  <COUNTER_VALUE_0>4</COUNTER_VALUE_0>
  <COUNTER_NAME_1>FRAUD_SCRD</COUNTER_NAME_1>
  <COUNTER_VALUE_1>25</COUNTER_VALUE_1>
  <REASON_CODE></REASON_CODE>
  <MASTERCARD></MASTERCARD>
  <DDFS>2015-01-11</DDFS>
  <DSR>800x1280</DSR>
  <UAS>Mozilla/5.0 (Macintosh; Intel Mac OS X 10_10_0) AppleWebKit/537.36 (KHTML, like Gecko) Chrome/39.0.2171.65 Safari/537.36 OPR/26.0.1656.24</UAS>
  <BROWSER>Chrome 39.0.2171.65</BROWSER>
  <OS>Mac OS X 10_10_0</OS>
  <PIP_IPAD></PIP_IPAD>
  <PIP_LAT></PIP_LAT>
  <PIP_LON></PIP_LON>
  <PIP_COUNTRY></PIP_COUNTRY>
  <PIP_REGION></PIP_REGION>
  <PIP_CITY></PIP_CITY>
  <PIP_ORG></PIP_ORG>
  <IP_IPAD>5.29.78.11</IP_IPAD>
  <IP_LAT>32.1508</IP_LAT>
  <IP_LON>34.8883</IP_LON>
  <IP_COUNTRY>IL</IP_COUNTRY>
  <IP_REGION>HaMerkaz</IP_REGION>
  <IP_CITY>Hod Hasharon</IP_CITY>
  <IP_ORG>HOT-NET INTERNET SERVICES LTD.</IP_ORG>
  <WARNING_COUNT>0</WARNING_COUNT>
</RESPONSE>

2015-01-11T13:22:19Z
RequestParameter:  billNo: 139-6009_5066 | startTime:2015-01-11 13:22:19

2015-01-11T13:22:19Z
Array
(
    [MODE] => Q
    [FRMT] => XML
    [VERS] => 0600
    [MERC] => 680000
    [SESS] => 6koi4oq7vh77iq1r2jg0ajatf7
    [ORDR] => 139-6009_5066
    [CURR] => USD
    [PENC] => KHASH
    [PTYP] => CARD
    [PTOK] => 530446WR6DECEX82N7VV
    [IPAD] => 5.29.78.11
    [MACK] => Y
    [PROD_DESC[0]] => Binary Trade
    [PROD_TYPE[0]] => Binary Trade
    [PROD_ITEM[0]] => SKU-BCL-BinaryTrade
    [PROD_QUANT[0]] => 1
    [PROD_PRICE[0]] => 1000
    [TOTL] => 1000
    [SITE] => VERT001
    [UDF[MERCHANT_ID]] => 20001MERBBCAPITAL
    [NAME] => Illiam GIOMIS
    [B2A1] => Rue Gambetta
    [B2CC] => FR
    [B2CI] => Vence
    [B2PC] => 06140
    [B2PN] => 123333
    [B2ST] => NA
    [S2A1] => 
    [S2CC] => 
    [S2CI] => 
    [S2EM] => 
    [S2NM] =>  
    [S2PC] => 
    [S2PN] => 
    [S2ST] => 
    [SHTP] => 
    [CASH] => 10
    [DOB] => 1970-01-01
    [GENDER] => 
    [EMAL] => igiomis@yahoo.com
)


2015-01-11T13:22:21Z
ResponseParameter:  billNo: 139-6009_5066 | endTime:2015-01-11 13:22:21

2015-01-11T13:22:21Z
<?xml version="1.0" encoding="UTF-8"?>
<RESPONSE>
  <VERS>0600</VERS>
  <MODE>Q</MODE>
  <TRAN>3VPV0Z94SBBB</TRAN>
  <MERC>680000</MERC>
  <SESS>6koi4oq7vh77iq1r2jg0ajatf7</SESS>
  <ORDR>139-6009_5066</ORDR>
  <AUTO>A</AUTO>
  <SCOR>99</SCOR>
  <GEOX>IL</GEOX>
  <BRND>MSTR</BRND>
  <REGN>IL_02</REGN>
  <NETW>N</NETW>
  <KAPT>Y</KAPT>
  <CARDS>9</CARDS>
  <DEVICES>2</DEVICES>
  <EMAILS>1</EMAILS>
  <VELO>0</VELO>
  <VMAX>0</VMAX>
  <SITE>VERT001</SITE>
  <DEVICE_LAYERS>586E8D8773.3B08876E11.988742D4D9.C6CC5C45FA.16C0067C05</DEVICE_LAYERS>
  <FINGERPRINT>3B879C9EA18FC88DC67772B85EA0DC4F</FINGERPRINT>
  <TIMEZONE>1320</TIMEZONE>
  <LOCALTIME>2015-01-11 15:22</LOCALTIME>
  <REGION>IL_02</REGION>
  <COUNTRY>IL</COUNTRY>
  <PROXY>N</PROXY>
  <JAVASCRIPT>Y</JAVASCRIPT>
  <FLASH>Y</FLASH>
  <COOKIES>Y</COOKIES>
  <HTTP_COUNTRY>FR</HTTP_COUNTRY>
  <LANGUAGE>FR</LANGUAGE>
  <MOBILE_DEVICE>N</MOBILE_DEVICE>
  <MOBILE_TYPE></MOBILE_TYPE>
  <MOBILE_FORWARDER>N</MOBILE_FORWARDER>
  <VOICE_DEVICE>N</VOICE_DEVICE>
  <PC_REMOTE>N</PC_REMOTE>
  <RULES_TRIGGERED>6</RULES_TRIGGERED>
  <RULE_ID_0>330718</RULE_ID_0>
  <RULE_DESCRIPTION_0>GEO Billing &lt;&gt; Device Country (1pt)</RULE_DESCRIPTION_0>
  <RULE_ID_1>330720</RULE_ID_1>
  <RULE_DESCRIPTION_1>GEO  Distance from Device to Billing &gt; 1000km (1pt)</RULE_DESCRIPTION_1>
  <RULE_ID_2>330722</RULE_ID_2>
  <RULE_DESCRIPTION_2>GEO BIN and Device Country not equal (1pt)</RULE_DESCRIPTION_2>
  <RULE_ID_3>330724</RULE_ID_3>
  <RULE_DESCRIPTION_3>GEO Billing &lt;&gt; BIN Country (1pt)</RULE_DESCRIPTION_3>
  <RULE_ID_4>330730</RULE_ID_4>
  <RULE_DESCRIPTION_4>FRAUD_SCRD GEO Counter Triggered (5pts)</RULE_DESCRIPTION_4>
  <RULE_ID_5>330734</RULE_ID_5>
  <RULE_DESCRIPTION_5>FRAUD_SCRD Score 95 or greater (20pts)</RULE_DESCRIPTION_5>
  <COUNTERS_TRIGGERED>2</COUNTERS_TRIGGERED>
  <COUNTER_NAME_0>GEO</COUNTER_NAME_0>
  <COUNTER_VALUE_0>4</COUNTER_VALUE_0>
  <COUNTER_NAME_1>FRAUD_SCRD</COUNTER_NAME_1>
  <COUNTER_VALUE_1>25</COUNTER_VALUE_1>
  <REASON_CODE></REASON_CODE>
  <MASTERCARD></MASTERCARD>
  <DDFS>2015-01-11</DDFS>
  <DSR>800x1280</DSR>
  <UAS>Mozilla/5.0 (Macintosh; Intel Mac OS X 10_10_0) AppleWebKit/537.36 (KHTML, like Gecko) Chrome/39.0.2171.65 Safari/537.36 OPR/26.0.1656.24</UAS>
  <BROWSER>Chrome 39.0.2171.65</BROWSER>
  <OS>Mac OS X 10_10_0</OS>
  <PIP_IPAD></PIP_IPAD>
  <PIP_LAT></PIP_LAT>
  <PIP_LON></PIP_LON>
  <PIP_COUNTRY></PIP_COUNTRY>
  <PIP_REGION></PIP_REGION>
  <PIP_CITY></PIP_CITY>
  <PIP_ORG></PIP_ORG>
  <IP_IPAD>5.29.78.11</IP_IPAD>
  <IP_LAT>32.1508</IP_LAT>
  <IP_LON>34.8883</IP_LON>
  <IP_COUNTRY>IL</IP_COUNTRY>
  <IP_REGION>HaMerkaz</IP_REGION>
  <IP_CITY>Hod Hasharon</IP_CITY>
  <IP_ORG>HOT-NET INTERNET SERVICES LTD.</IP_ORG>
  <WARNING_COUNT>0</WARNING_COUNT>
</RESPONSE>

2015-01-11T13:30:07Z
RequestParameter:  billNo: 2583-7381_9981 | startTime:2015-01-11 13:30:07

2015-01-11T13:30:07Z
Array
(
    [MODE] => Q
    [FRMT] => XML
    [VERS] => 0600
    [MERC] => 680000
    [SESS] => 6koi4oq7vh77iq1r2jg0ajatf7
    [ORDR] => 2583-7381_9981
    [CURR] => USD
    [PENC] => KHASH
    [PTYP] => CARD
    [PTOK] => 530446WR6DECEX82N7VV
    [IPAD] => 5.29.78.11
    [MACK] => Y
    [PROD_DESC[0]] => Binary Trade
    [PROD_TYPE[0]] => Binary Trade
    [PROD_ITEM[0]] => SKU-BCL-BinaryTrade
    [PROD_QUANT[0]] => 1
    [PROD_PRICE[0]] => 1000
    [TOTL] => 1000
    [SITE] => VERT001
    [UDF[MERCHANT_ID]] => 20001MERBBCAPITAL
    [NAME] => Illiam GIOMIS
    [B2A1] => Rue Gambetta
    [B2CC] => FR
    [B2CI] => Vence
    [B2PC] => 06140
    [B2PN] => 123333
    [B2ST] => NA
    [S2A1] => 
    [S2CC] => 
    [S2CI] => 
    [S2EM] => 
    [S2NM] =>  
    [S2PC] => 
    [S2PN] => 
    [S2ST] => 
    [SHTP] => 
    [CASH] => 10
    [DOB] => 1970-01-01
    [GENDER] => 
    [EMAL] => igiomis@yahoo.com
)


2015-01-11T13:30:08Z
ResponseParameter:  billNo: 2583-7381_9981 | endTime:2015-01-11 13:30:08

2015-01-11T13:30:08Z
<?xml version="1.0" encoding="UTF-8"?>
<RESPONSE>
  <VERS>0600</VERS>
  <MODE>Q</MODE>
  <TRAN>3VPV07RP395G</TRAN>
  <MERC>680000</MERC>
  <SESS>6koi4oq7vh77iq1r2jg0ajatf7</SESS>
  <ORDR>2583-7381_9981</ORDR>
  <AUTO>A</AUTO>
  <SCOR>99</SCOR>
  <GEOX>IL</GEOX>
  <BRND>MSTR</BRND>
  <REGN>IL_02</REGN>
  <NETW>N</NETW>
  <KAPT>Y</KAPT>
  <CARDS>9</CARDS>
  <DEVICES>2</DEVICES>
  <EMAILS>1</EMAILS>
  <VELO>0</VELO>
  <VMAX>0</VMAX>
  <SITE>VERT001</SITE>
  <DEVICE_LAYERS>586E8D8773.3B08876E11.988742D4D9.C6CC5C45FA.16C0067C05</DEVICE_LAYERS>
  <FINGERPRINT>3B879C9EA18FC88DC67772B85EA0DC4F</FINGERPRINT>
  <TIMEZONE>1320</TIMEZONE>
  <LOCALTIME>2015-01-11 15:30</LOCALTIME>
  <REGION>IL_02</REGION>
  <COUNTRY>IL</COUNTRY>
  <PROXY>N</PROXY>
  <JAVASCRIPT>Y</JAVASCRIPT>
  <FLASH>Y</FLASH>
  <COOKIES>Y</COOKIES>
  <HTTP_COUNTRY>FR</HTTP_COUNTRY>
  <LANGUAGE>FR</LANGUAGE>
  <MOBILE_DEVICE>N</MOBILE_DEVICE>
  <MOBILE_TYPE></MOBILE_TYPE>
  <MOBILE_FORWARDER>N</MOBILE_FORWARDER>
  <VOICE_DEVICE>N</VOICE_DEVICE>
  <PC_REMOTE>N</PC_REMOTE>
  <RULES_TRIGGERED>6</RULES_TRIGGERED>
  <RULE_ID_0>330718</RULE_ID_0>
  <RULE_DESCRIPTION_0>GEO Billing &lt;&gt; Device Country (1pt)</RULE_DESCRIPTION_0>
  <RULE_ID_1>330720</RULE_ID_1>
  <RULE_DESCRIPTION_1>GEO  Distance from Device to Billing &gt; 1000km (1pt)</RULE_DESCRIPTION_1>
  <RULE_ID_2>330722</RULE_ID_2>
  <RULE_DESCRIPTION_2>GEO BIN and Device Country not equal (1pt)</RULE_DESCRIPTION_2>
  <RULE_ID_3>330724</RULE_ID_3>
  <RULE_DESCRIPTION_3>GEO Billing &lt;&gt; BIN Country (1pt)</RULE_DESCRIPTION_3>
  <RULE_ID_4>330730</RULE_ID_4>
  <RULE_DESCRIPTION_4>FRAUD_SCRD GEO Counter Triggered (5pts)</RULE_DESCRIPTION_4>
  <RULE_ID_5>330734</RULE_ID_5>
  <RULE_DESCRIPTION_5>FRAUD_SCRD Score 95 or greater (20pts)</RULE_DESCRIPTION_5>
  <COUNTERS_TRIGGERED>2</COUNTERS_TRIGGERED>
  <COUNTER_NAME_0>GEO</COUNTER_NAME_0>
  <COUNTER_VALUE_0>4</COUNTER_VALUE_0>
  <COUNTER_NAME_1>FRAUD_SCRD</COUNTER_NAME_1>
  <COUNTER_VALUE_1>25</COUNTER_VALUE_1>
  <REASON_CODE></REASON_CODE>
  <MASTERCARD></MASTERCARD>
  <DDFS>2015-01-11</DDFS>
  <DSR>800x1280</DSR>
  <UAS>Mozilla/5.0 (Macintosh; Intel Mac OS X 10_10_0) AppleWebKit/537.36 (KHTML, like Gecko) Chrome/39.0.2171.65 Safari/537.36 OPR/26.0.1656.24</UAS>
  <BROWSER>Chrome 39.0.2171.65</BROWSER>
  <OS>Mac OS X 10_10_0</OS>
  <PIP_IPAD></PIP_IPAD>
  <PIP_LAT></PIP_LAT>
  <PIP_LON></PIP_LON>
  <PIP_COUNTRY></PIP_COUNTRY>
  <PIP_REGION></PIP_REGION>
  <PIP_CITY></PIP_CITY>
  <PIP_ORG></PIP_ORG>
  <IP_IPAD>5.29.78.11</IP_IPAD>
  <IP_LAT>32.1508</IP_LAT>
  <IP_LON>34.8883</IP_LON>
  <IP_COUNTRY>IL</IP_COUNTRY>
  <IP_REGION>HaMerkaz</IP_REGION>
  <IP_CITY>Hod Hasharon</IP_CITY>
  <IP_ORG>HOT-NET INTERNET SERVICES LTD.</IP_ORG>
  <WARNING_COUNT>0</WARNING_COUNT>
</RESPONSE>

