2015-09-14T04:12:50Z
RequestParameter:  billNo: f5beb10e048f40638650d1c1ef465625 | startTime:2015-09-14 04:12:50

2015-09-14T04:12:50Z
Array
(
    [MODE] => Q
    [FRMT] => XML
    [VERS] => 0630
    [MERC] => 680000
    [UDF[CUSTOMER_IPAD]] => 5.143.7.213
    [SESS] => 1bb9ca12d183405388b1e713bb7b0136
    [ORDR] => f5beb10e048f40638650d1c1ef465625
    [CURR] => USD
    [PENC] => KHASH
    [PTYP] => CARD
    [PTOK] => 427650G3NLGS4C3HRLZU
    [IPAD] => 5.143.7.213
    [MACK] => Y
    [AUTH] => A
    [PROD_DESC[0]] => Binary Trade
    [PROD_TYPE[0]] => Binary Trade
    [PROD_ITEM[0]] => SKU-HBR-BinaryTrade
    [PROD_QUANT[0]] => 1
    [PROD_PRICE[0]] => 300000
    [TOTL] => 300000
    [SITE] => VERT001
    [UDF[MERCHANT_ID]] => 20001MERHIBRO
    [NAME] => NATALIA  PUSTYREVA
    [B2A1] => Komarova street
    [B2CC] => RU
    [B2CI] => Vladivostok
    [B2PC] => 690091
    [B2PN] => +79147073552
    [B2ST] => RU
    [S2A1] => 
    [S2CC] => 
    [S2CI] => 
    [S2EM] => 
    [S2NM] =>  
    [S2PC] => 
    [S2PN] => 
    [S2ST] => 
    [SHTP] => 
    [CASH] => 3000
    [DOB] => 1982-12-03
    [GENDER] => M
    [EMAL] => oliviy@mail.ru
)


2015-09-14T04:12:51Z
ResponseParameter:  billNo: f5beb10e048f40638650d1c1ef465625 | endTime:2015-09-14 04:12:51

2015-09-14T04:12:51Z
<?xml version="1.0" encoding="UTF-8"?>
<RESPONSE>
  <VERS>0630</VERS>
  <MODE>Q</MODE>
  <TRAN>360M0QLBZ4X2</TRAN>
  <MERC>680000</MERC>
  <SESS>1bb9ca12d183405388b1e713bb7b0136</SESS>
  <ORDR>f5beb10e048f40638650d1c1ef465625</ORDR>
  <AUTO>A</AUTO>
  <SCOR>33</SCOR>
  <GEOX>RU</GEOX>
  <BRND>VISA</BRND>
  <REGN>RU_59</REGN>
  <NETW>N</NETW>
  <KAPT>Y</KAPT>
  <CARDS>1</CARDS>
  <DEVICES>1</DEVICES>
  <EMAILS>1</EMAILS>
  <VELO>0</VELO>
  <VMAX>0</VMAX>
  <SITE>VERT001</SITE>
  <DEVICE_LAYERS>1556E64217.8FFE19876C.7656EFA79E.895F3146CD.C1758E3BAB</DEVICE_LAYERS>
  <FINGERPRINT>600248F2D6C329A9ECE2C386955369F2</FINGERPRINT>
  <TIMEZONE>1260</TIMEZONE>
  <LOCALTIME>2015-09-14 07:12</LOCALTIME>
  <REGION>RU_59</REGION>
  <COUNTRY>RU</COUNTRY>
  <PROXY>N</PROXY>
  <JAVASCRIPT>Y</JAVASCRIPT>
  <FLASH>Y</FLASH>
  <COOKIES>Y</COOKIES>
  <HTTP_COUNTRY>RU</HTTP_COUNTRY>
  <LANGUAGE>RU</LANGUAGE>
  <MOBILE_DEVICE>N</MOBILE_DEVICE>
  <MOBILE_TYPE></MOBILE_TYPE>
  <MOBILE_FORWARDER>N</MOBILE_FORWARDER>
  <VOICE_DEVICE>N</VOICE_DEVICE>
  <PC_REMOTE>N</PC_REMOTE>
  <RULES_TRIGGERED>0</RULES_TRIGGERED>
  <COUNTERS_TRIGGERED>0</COUNTERS_TRIGGERED>
  <REASON_CODE></REASON_CODE>
  <MASTERCARD></MASTERCARD>
  <DDFS>2015-09-13</DDFS>
  <DSR>800x1280</DSR>
  <UAS>Mozilla/5.0 (Windows NT 6.0) AppleWebKit/537.36 (KHTML, like Gecko) Chrome/45.0.2454.85 Safari/537.36</UAS>
  <BROWSER>Chrome 45.0.2454.85</BROWSER>
  <OS>Windows Vista</OS>
  <PIP_IPAD></PIP_IPAD>
  <PIP_LAT></PIP_LAT>
  <PIP_LON></PIP_LON>
  <PIP_COUNTRY></PIP_COUNTRY>
  <PIP_REGION></PIP_REGION>
  <PIP_CITY></PIP_CITY>
  <PIP_ORG></PIP_ORG>
  <IP_IPAD>5.143.7.213</IP_IPAD>
  <IP_LAT>43.1056</IP_LAT>
  <IP_LON>131.8735</IP_LON>
  <IP_COUNTRY>RU</IP_COUNTRY>
  <IP_REGION>Primorye</IP_REGION>
  <IP_CITY>Vladivostok</IP_CITY>
  <IP_ORG>OJSC ROSTELECOM</IP_ORG>
  <WARNING_COUNT>0</WARNING_COUNT>
</RESPONSE>

2015-09-14T04:14:25Z
RequestParameter:  billNo: fa9d71dd97d04bfbb6bf9032511fc093 | startTime:2015-09-14 04:14:25

2015-09-14T04:14:25Z
Array
(
    [MODE] => Q
    [FRMT] => XML
    [VERS] => 0630
    [MERC] => 680000
    [UDF[CUSTOMER_IPAD]] => 5.143.7.213
    [SESS] => c6367680d6c742d09787ed268a4862f3
    [ORDR] => fa9d71dd97d04bfbb6bf9032511fc093
    [CURR] => USD
    [PENC] => KHASH
    [PTYP] => CARD
    [PTOK] => 427650G3NLGS4C3HRLZU
    [IPAD] => 5.143.7.213
    [MACK] => Y
    [AUTH] => A
    [PROD_DESC[0]] => Binary Trade
    [PROD_TYPE[0]] => Binary Trade
    [PROD_ITEM[0]] => SKU-HBR-BinaryTrade
    [PROD_QUANT[0]] => 1
    [PROD_PRICE[0]] => 300000
    [TOTL] => 300000
    [SITE] => VERT001
    [UDF[MERCHANT_ID]] => 20001MERHIBRO
    [NAME] => NATALIA  PUSTYREVA
    [B2A1] => Komarova street
    [B2CC] => RU
    [B2CI] => Vladivostok
    [B2PC] => 690091
    [B2PN] => +79147073552
    [B2ST] => RU
    [S2A1] => 
    [S2CC] => 
    [S2CI] => 
    [S2EM] => 
    [S2NM] =>  
    [S2PC] => 
    [S2PN] => 
    [S2ST] => 
    [SHTP] => 
    [CASH] => 3000
    [DOB] => 1982-12-03
    [GENDER] => M
    [EMAL] => oliviy@mail.ru
)


2015-09-14T04:14:27Z
ResponseParameter:  billNo: fa9d71dd97d04bfbb6bf9032511fc093 | endTime:2015-09-14 04:14:27

2015-09-14T04:14:27Z
<?xml version="1.0" encoding="UTF-8"?>
<RESPONSE>
  <VERS>0630</VERS>
  <MODE>Q</MODE>
  <TRAN>360M0VGKX0B8</TRAN>
  <MERC>680000</MERC>
  <SESS>c6367680d6c742d09787ed268a4862f3</SESS>
  <ORDR>fa9d71dd97d04bfbb6bf9032511fc093</ORDR>
  <AUTO>A</AUTO>
  <SCOR>33</SCOR>
  <GEOX>RU</GEOX>
  <BRND>VISA</BRND>
  <REGN>RU_59</REGN>
  <NETW>N</NETW>
  <KAPT>Y</KAPT>
  <CARDS>1</CARDS>
  <DEVICES>1</DEVICES>
  <EMAILS>1</EMAILS>
  <VELO>0</VELO>
  <VMAX>0</VMAX>
  <SITE>VERT001</SITE>
  <DEVICE_LAYERS>1556E64217.8FFE19876C.7656EFA79E.895F3146CD.C1758E3BAB</DEVICE_LAYERS>
  <FINGERPRINT>600248F2D6C329A9ECE2C386955369F2</FINGERPRINT>
  <TIMEZONE>1260</TIMEZONE>
  <LOCALTIME>2015-09-14 07:14</LOCALTIME>
  <REGION>RU_59</REGION>
  <COUNTRY>RU</COUNTRY>
  <PROXY>N</PROXY>
  <JAVASCRIPT>Y</JAVASCRIPT>
  <FLASH>Y</FLASH>
  <COOKIES>Y</COOKIES>
  <HTTP_COUNTRY>RU</HTTP_COUNTRY>
  <LANGUAGE>RU</LANGUAGE>
  <MOBILE_DEVICE>N</MOBILE_DEVICE>
  <MOBILE_TYPE></MOBILE_TYPE>
  <MOBILE_FORWARDER>N</MOBILE_FORWARDER>
  <VOICE_DEVICE>N</VOICE_DEVICE>
  <PC_REMOTE>N</PC_REMOTE>
  <RULES_TRIGGERED>0</RULES_TRIGGERED>
  <COUNTERS_TRIGGERED>0</COUNTERS_TRIGGERED>
  <REASON_CODE></REASON_CODE>
  <MASTERCARD></MASTERCARD>
  <DDFS>2015-09-13</DDFS>
  <DSR>800x1280</DSR>
  <UAS>Mozilla/5.0 (Windows NT 6.0) AppleWebKit/537.36 (KHTML, like Gecko) Chrome/45.0.2454.85 Safari/537.36</UAS>
  <BROWSER>Chrome 45.0.2454.85</BROWSER>
  <OS>Windows Vista</OS>
  <PIP_IPAD></PIP_IPAD>
  <PIP_LAT></PIP_LAT>
  <PIP_LON></PIP_LON>
  <PIP_COUNTRY></PIP_COUNTRY>
  <PIP_REGION></PIP_REGION>
  <PIP_CITY></PIP_CITY>
  <PIP_ORG></PIP_ORG>
  <IP_IPAD>5.143.7.213</IP_IPAD>
  <IP_LAT>43.1056</IP_LAT>
  <IP_LON>131.8735</IP_LON>
  <IP_COUNTRY>RU</IP_COUNTRY>
  <IP_REGION>Primorye</IP_REGION>
  <IP_CITY>Vladivostok</IP_CITY>
  <IP_ORG>OJSC ROSTELECOM</IP_ORG>
  <WARNING_COUNT>0</WARNING_COUNT>
</RESPONSE>

2015-09-14T06:49:20Z
RequestParameter:  billNo: fb39419ecc974672b69f949a77589d38 | startTime:2015-09-14 06:49:20

2015-09-14T06:49:20Z
Array
(
    [MODE] => Q
    [FRMT] => XML
    [VERS] => 0630
    [MERC] => 680000
    [UDF[CUSTOMER_IPAD]] => 193.138.132.121
    [SESS] => 72e9f2c78cbd45348b51342a9bc05bf7
    [ORDR] => fb39419ecc974672b69f949a77589d38
    [CURR] => USD
    [PENC] => KHASH
    [PTYP] => CARD
    [PTOK] => 091185PMFQJU89PD7G2B
    [IPAD] => 193.138.132.121
    [MACK] => Y
    [AUTH] => A
    [PROD_DESC[0]] => Binary Trade
    [PROD_TYPE[0]] => Binary Trade
    [PROD_ITEM[0]] => SKU-HBR-BinaryTrade
    [PROD_QUANT[0]] => 1
    [PROD_PRICE[0]] => 30000
    [TOTL] => 30000
    [SITE] => VERT001
    [UDF[MERCHANT_ID]] => 20001MERHIBRO
    [NAME] => Maliia Malikowa
    [B2A1] => Lenina 1
    [B2CC] => BY
    [B2CI] => Minck
    [B2PC] => 000000
    [B2PN] => +375445708299
    [B2ST] => BY
    [S2A1] => 
    [S2CC] => 
    [S2CI] => 
    [S2EM] => 
    [S2NM] =>  
    [S2PC] => 
    [S2PN] => 
    [S2ST] => 
    [SHTP] => 
    [CASH] => 300
    [DOB] => 1986-10-28
    [GENDER] => M
    [EMAL] => 375445708299@mail.ru
)


2015-09-14T06:49:21Z
ResponseParameter:  billNo: fb39419ecc974672b69f949a77589d38 | endTime:2015-09-14 06:49:21

2015-09-14T06:49:21Z
<?xml version="1.0" encoding="UTF-8"?>
<RESPONSE>
  <VERS>0630</VERS>
  <MODE>Q</MODE>
  <TRAN>360X087M8QLN</TRAN>
  <MERC>680000</MERC>
  <SESS>72e9f2c78cbd45348b51342a9bc05bf7</SESS>
  <ORDR>fb39419ecc974672b69f949a77589d38</ORDR>
  <AUTO>A</AUTO>
  <SCOR>87</SCOR>
  <GEOX>RU</GEOX>
  <BRND></BRND>
  <REGN>RU_91</REGN>
  <NETW>N</NETW>
  <KAPT>Y</KAPT>
  <CARDS>3</CARDS>
  <DEVICES>3</DEVICES>
  <EMAILS>3</EMAILS>
  <VELO>0</VELO>
  <VMAX>0</VMAX>
  <SITE>VERT001</SITE>
  <DEVICE_LAYERS>BA062F8B1A.40D5201CAA.0BCBD04AE2.E54C12F40D.D560BAD8DA</DEVICE_LAYERS>
  <FINGERPRINT>2684659FB042BEF17D69B5FE8EAF636F</FINGERPRINT>
  <TIMEZONE>1380</TIMEZONE>
  <LOCALTIME>2015-09-14 07:49</LOCALTIME>
  <REGION>UA_24</REGION>
  <COUNTRY>UA</COUNTRY>
  <PROXY>N</PROXY>
  <JAVASCRIPT>Y</JAVASCRIPT>
  <FLASH>Y</FLASH>
  <COOKIES>Y</COOKIES>
  <HTTP_COUNTRY>US</HTTP_COUNTRY>
  <LANGUAGE>EN</LANGUAGE>
  <MOBILE_DEVICE>N</MOBILE_DEVICE>
  <MOBILE_TYPE></MOBILE_TYPE>
  <MOBILE_FORWARDER>N</MOBILE_FORWARDER>
  <VOICE_DEVICE>N</VOICE_DEVICE>
  <PC_REMOTE>N</PC_REMOTE>
  <RULES_TRIGGERED>4</RULES_TRIGGERED>
  <RULE_ID_0>330718</RULE_ID_0>
  <RULE_DESCRIPTION_0>GEO Billing &lt;&gt; Device Country (1pt)</RULE_DESCRIPTION_0>
  <RULE_ID_1>330722</RULE_ID_1>
  <RULE_DESCRIPTION_1>GEO BIN and Device Country not equal (1pt)</RULE_DESCRIPTION_1>
  <RULE_ID_2>330730</RULE_ID_2>
  <RULE_DESCRIPTION_2>FRAUD_SCRD GEO Counter Triggered (5pts)</RULE_DESCRIPTION_2>
  <RULE_ID_3>330744</RULE_ID_3>
  <RULE_DESCRIPTION_3>FRAUD_SCRD Score &gt; 80 &amp; &lt; 95 (15pts)</RULE_DESCRIPTION_3>
  <COUNTERS_TRIGGERED>2</COUNTERS_TRIGGERED>
  <COUNTER_NAME_0>GEO</COUNTER_NAME_0>
  <COUNTER_VALUE_0>2</COUNTER_VALUE_0>
  <COUNTER_NAME_1>FRAUD_SCRD</COUNTER_NAME_1>
  <COUNTER_VALUE_1>20</COUNTER_VALUE_1>
  <REASON_CODE></REASON_CODE>
  <MASTERCARD></MASTERCARD>
  <DDFS>2015-04-25</DDFS>
  <DSR>768x1366</DSR>
  <UAS>Mozilla/5.0 (X11; Linux i686) AppleWebKit/537.36 (KHTML, like Gecko) Chrome/40.0.2214.111 Safari/537.36</UAS>
  <BROWSER>Chrome 40.0.2214.111</BROWSER>
  <OS>Linux i686</OS>
  <PIP_IPAD></PIP_IPAD>
  <PIP_LAT></PIP_LAT>
  <PIP_LON></PIP_LON>
  <PIP_COUNTRY></PIP_COUNTRY>
  <PIP_REGION></PIP_REGION>
  <PIP_CITY></PIP_CITY>
  <PIP_ORG></PIP_ORG>
  <IP_IPAD>193.138.132.121</IP_IPAD>
  <IP_LAT>50.7593</IP_LAT>
  <IP_LON>25.3424</IP_LON>
  <IP_COUNTRY>UA</IP_COUNTRY>
  <IP_REGION>Volynska Oblast</IP_REGION>
  <IP_CITY>Lutsk</IP_CITY>
  <IP_ORG>NASCHA MEREZHA LTD</IP_ORG>
  <WARNING_COUNT>0</WARNING_COUNT>
</RESPONSE>

2015-09-14T07:17:02Z
RequestParameter:  billNo: 7d3dd2418b0048fda506557c44917586 | startTime:2015-09-14 07:17:02

2015-09-14T07:17:02Z
Array
(
    [MODE] => Q
    [FRMT] => XML
    [VERS] => 0630
    [MERC] => 680000
    [UDF[CUSTOMER_IPAD]] => 92.46.20.163
    [SESS] => 4e94386c352c4f578673909ebb62d3fc
    [ORDR] => 7d3dd2418b0048fda506557c44917586
    [CURR] => USD
    [PENC] => KHASH
    [PTYP] => CARD
    [PTOK] => 440257MGFCJBHOMPAF3L
    [IPAD] => 92.46.20.163
    [MACK] => Y
    [AUTH] => A
    [PROD_DESC[0]] => Binary Trade
    [PROD_TYPE[0]] => Binary Trade
    [PROD_ITEM[0]] => SKU-HBR-BinaryTrade
    [PROD_QUANT[0]] => 1
    [PROD_PRICE[0]] => 25000
    [TOTL] => 25000
    [SITE] => VERT001
    [UDF[MERCHANT_ID]] => 20001MERHIBRO
    [NAME] => sailau suleimenov
    [B2A1] => almaty
    [B2CC] => KZ
    [B2CI] => almaty
    [B2PC] => 040708
    [B2PN] => +77012107020
    [B2ST] => KZ
    [S2A1] => 
    [S2CC] => 
    [S2CI] => 
    [S2EM] => 
    [S2NM] =>  
    [S2PC] => 
    [S2PN] => 
    [S2ST] => 
    [SHTP] => 
    [CASH] => 250
    [DOB] => 2001-01-01
    [GENDER] => M
    [EMAL] => tore.ssm@mail.ru
)


2015-09-14T07:17:03Z
ResponseParameter:  billNo: 7d3dd2418b0048fda506557c44917586 | endTime:2015-09-14 07:17:03

2015-09-14T07:17:03Z
<?xml version="1.0" encoding="UTF-8"?>
<RESPONSE>
  <VERS>0630</VERS>
  <MODE>Q</MODE>
  <TRAN>360901LKRKB0</TRAN>
  <MERC>680000</MERC>
  <SESS>4e94386c352c4f578673909ebb62d3fc</SESS>
  <ORDR>7d3dd2418b0048fda506557c44917586</ORDR>
  <AUTO>A</AUTO>
  <SCOR>19</SCOR>
  <GEOX>KZ</GEOX>
  <BRND>VISA</BRND>
  <REGN>KZ_02</REGN>
  <NETW>N</NETW>
  <KAPT>Y</KAPT>
  <CARDS>1</CARDS>
  <DEVICES>1</DEVICES>
  <EMAILS>1</EMAILS>
  <VELO>0</VELO>
  <VMAX>0</VMAX>
  <SITE>VERT001</SITE>
  <DEVICE_LAYERS>E286FB3C94.3E439F63E6.ED7AD11216.F9D8DAA47C.23817C0B0D</DEVICE_LAYERS>
  <FINGERPRINT>EC94F650EF858D971E8B7EEFFF3411A8</FINGERPRINT>
  <TIMEZONE>1080</TIMEZONE>
  <LOCALTIME>2015-09-14 13:17</LOCALTIME>
  <REGION>KZ_02</REGION>
  <COUNTRY>KZ</COUNTRY>
  <PROXY>N</PROXY>
  <JAVASCRIPT>Y</JAVASCRIPT>
  <FLASH>Y</FLASH>
  <COOKIES>Y</COOKIES>
  <HTTP_COUNTRY></HTTP_COUNTRY>
  <LANGUAGE>RU</LANGUAGE>
  <MOBILE_DEVICE>N</MOBILE_DEVICE>
  <MOBILE_TYPE></MOBILE_TYPE>
  <MOBILE_FORWARDER>N</MOBILE_FORWARDER>
  <VOICE_DEVICE>N</VOICE_DEVICE>
  <PC_REMOTE>N</PC_REMOTE>
  <RULES_TRIGGERED>1</RULES_TRIGGERED>
  <RULE_ID_0>330732</RULE_ID_0>
  <RULE_DESCRIPTION_0>FRAUD_SCRD Score less than 25 and Device Data present (-10pts)</RULE_DESCRIPTION_0>
  <COUNTERS_TRIGGERED>1</COUNTERS_TRIGGERED>
  <COUNTER_NAME_0>FRAUD_SCORD</COUNTER_NAME_0>
  <COUNTER_VALUE_0>-10</COUNTER_VALUE_0>
  <REASON_CODE></REASON_CODE>
  <MASTERCARD></MASTERCARD>
  <DDFS>2015-09-14</DDFS>
  <DSR>768x1366</DSR>
  <UAS>Mozilla/5.0 (Windows NT 6.1; WOW64) AppleWebKit/537.36 (KHTML, like Gecko) Chrome/43.0.2357.124 YaBrowser/15.7.2357.2877 Safari/537.36</UAS>
  <BROWSER>Chrome 43.0.2357.124</BROWSER>
  <OS>Windows 7</OS>
  <PIP_IPAD></PIP_IPAD>
  <PIP_LAT></PIP_LAT>
  <PIP_LON></PIP_LON>
  <PIP_COUNTRY></PIP_COUNTRY>
  <PIP_REGION></PIP_REGION>
  <PIP_CITY></PIP_CITY>
  <PIP_ORG></PIP_ORG>
  <IP_IPAD>92.46.20.163</IP_IPAD>
  <IP_LAT>43.2565</IP_LAT>
  <IP_LON>76.9285</IP_LON>
  <IP_COUNTRY>KZ</IP_COUNTRY>
  <IP_REGION>Almaty City</IP_REGION>
  <IP_CITY>Almaty</IP_CITY>
  <IP_ORG>JSC KAZAKHTELECOM</IP_ORG>
  <WARNING_COUNT>0</WARNING_COUNT>
</RESPONSE>

2015-09-14T07:18:22Z
RequestParameter:  billNo: abca62105efe49f4becf44fd71992b9c | startTime:2015-09-14 07:18:22

2015-09-14T07:18:22Z
Array
(
    [MODE] => Q
    [FRMT] => XML
    [VERS] => 0630
    [MERC] => 680000
    [UDF[CUSTOMER_IPAD]] => 92.46.20.163
    [SESS] => 2b6f0abbc0784147a42591e2f6ac04c7
    [ORDR] => abca62105efe49f4becf44fd71992b9c
    [CURR] => USD
    [PENC] => KHASH
    [PTYP] => CARD
    [PTOK] => 440257MGFCJBHOMPAF3L
    [IPAD] => 92.46.20.163
    [MACK] => Y
    [AUTH] => A
    [PROD_DESC[0]] => Binary Trade
    [PROD_TYPE[0]] => Binary Trade
    [PROD_ITEM[0]] => SKU-HBR-BinaryTrade
    [PROD_QUANT[0]] => 1
    [PROD_PRICE[0]] => 24000
    [TOTL] => 24000
    [SITE] => VERT001
    [UDF[MERCHANT_ID]] => 20001MERHIBRO
    [NAME] => sailau suleimenov
    [B2A1] => almaty
    [B2CC] => KZ
    [B2CI] => almaty
    [B2PC] => 040708
    [B2PN] => +77012107020
    [B2ST] => KZ
    [S2A1] => 
    [S2CC] => 
    [S2CI] => 
    [S2EM] => 
    [S2NM] =>  
    [S2PC] => 
    [S2PN] => 
    [S2ST] => 
    [SHTP] => 
    [CASH] => 240
    [DOB] => 2001-01-01
    [GENDER] => M
    [EMAL] => tore.ssm@mail.ru
)


2015-09-14T07:18:23Z
ResponseParameter:  billNo: abca62105efe49f4becf44fd71992b9c | endTime:2015-09-14 07:18:23

2015-09-14T07:18:23Z
<?xml version="1.0" encoding="UTF-8"?>
<RESPONSE>
  <VERS>0630</VERS>
  <MODE>Q</MODE>
  <TRAN>36090B17DM6B</TRAN>
  <MERC>680000</MERC>
  <SESS>2b6f0abbc0784147a42591e2f6ac04c7</SESS>
  <ORDR>abca62105efe49f4becf44fd71992b9c</ORDR>
  <AUTO>A</AUTO>
  <SCOR>19</SCOR>
  <GEOX>KZ</GEOX>
  <BRND>VISA</BRND>
  <REGN>KZ_02</REGN>
  <NETW>N</NETW>
  <KAPT>Y</KAPT>
  <CARDS>1</CARDS>
  <DEVICES>1</DEVICES>
  <EMAILS>1</EMAILS>
  <VELO>0</VELO>
  <VMAX>0</VMAX>
  <SITE>VERT001</SITE>
  <DEVICE_LAYERS>E286FB3C94.3E439F63E6.ED7AD11216.F9D8DAA47C.23817C0B0D</DEVICE_LAYERS>
  <FINGERPRINT>EC94F650EF858D971E8B7EEFFF3411A8</FINGERPRINT>
  <TIMEZONE>1080</TIMEZONE>
  <LOCALTIME>2015-09-14 13:18</LOCALTIME>
  <REGION>KZ_02</REGION>
  <COUNTRY>KZ</COUNTRY>
  <PROXY>N</PROXY>
  <JAVASCRIPT>Y</JAVASCRIPT>
  <FLASH>Y</FLASH>
  <COOKIES>Y</COOKIES>
  <HTTP_COUNTRY></HTTP_COUNTRY>
  <LANGUAGE>RU</LANGUAGE>
  <MOBILE_DEVICE>N</MOBILE_DEVICE>
  <MOBILE_TYPE></MOBILE_TYPE>
  <MOBILE_FORWARDER>N</MOBILE_FORWARDER>
  <VOICE_DEVICE>N</VOICE_DEVICE>
  <PC_REMOTE>N</PC_REMOTE>
  <RULES_TRIGGERED>1</RULES_TRIGGERED>
  <RULE_ID_0>330732</RULE_ID_0>
  <RULE_DESCRIPTION_0>FRAUD_SCRD Score less than 25 and Device Data present (-10pts)</RULE_DESCRIPTION_0>
  <COUNTERS_TRIGGERED>1</COUNTERS_TRIGGERED>
  <COUNTER_NAME_0>FRAUD_SCORD</COUNTER_NAME_0>
  <COUNTER_VALUE_0>-10</COUNTER_VALUE_0>
  <REASON_CODE></REASON_CODE>
  <MASTERCARD></MASTERCARD>
  <DDFS>2015-09-14</DDFS>
  <DSR>768x1366</DSR>
  <UAS>Mozilla/5.0 (Windows NT 6.1; WOW64) AppleWebKit/537.36 (KHTML, like Gecko) Chrome/43.0.2357.124 YaBrowser/15.7.2357.2877 Safari/537.36</UAS>
  <BROWSER>Chrome 43.0.2357.124</BROWSER>
  <OS>Windows 7</OS>
  <PIP_IPAD></PIP_IPAD>
  <PIP_LAT></PIP_LAT>
  <PIP_LON></PIP_LON>
  <PIP_COUNTRY></PIP_COUNTRY>
  <PIP_REGION></PIP_REGION>
  <PIP_CITY></PIP_CITY>
  <PIP_ORG></PIP_ORG>
  <IP_IPAD>92.46.20.163</IP_IPAD>
  <IP_LAT>43.2565</IP_LAT>
  <IP_LON>76.9285</IP_LON>
  <IP_COUNTRY>KZ</IP_COUNTRY>
  <IP_REGION>Almaty City</IP_REGION>
  <IP_CITY>Almaty</IP_CITY>
  <IP_ORG>JSC KAZAKHTELECOM</IP_ORG>
  <WARNING_COUNT>0</WARNING_COUNT>
</RESPONSE>

2015-09-14T07:40:01Z
RequestParameter:  billNo: e850a27ed94844fabdc8c00aface2448 | startTime:2015-09-14 07:40:01

2015-09-14T07:40:01Z
Array
(
    [MODE] => Q
    [FRMT] => XML
    [VERS] => 0630
    [MERC] => 680000
    [UDF[CUSTOMER_IPAD]] => 92.46.20.163
    [SESS] => f778c2316ce14832a718ed5adeebb0ff
    [ORDR] => e850a27ed94844fabdc8c00aface2448
    [CURR] => USD
    [PENC] => KHASH
    [PTYP] => CARD
    [PTOK] => 440257MGFCJBHOMPAF3L
    [IPAD] => 92.46.20.163
    [MACK] => Y
    [AUTH] => A
    [PROD_DESC[0]] => Binary Trade
    [PROD_TYPE[0]] => Binary Trade
    [PROD_ITEM[0]] => SKU-HBR-BinaryTrade
    [PROD_QUANT[0]] => 1
    [PROD_PRICE[0]] => 24000
    [TOTL] => 24000
    [SITE] => VERT001
    [UDF[MERCHANT_ID]] => 20001MERHIBRO
    [NAME] => sailau suleimenov
    [B2A1] => almaty
    [B2CC] => KZ
    [B2CI] => almaty
    [B2PC] => 040708
    [B2PN] => +77012107020
    [B2ST] => KZ
    [S2A1] => 
    [S2CC] => 
    [S2CI] => 
    [S2EM] => 
    [S2NM] =>  
    [S2PC] => 
    [S2PN] => 
    [S2ST] => 
    [SHTP] => 
    [CASH] => 240
    [DOB] => 2001-01-01
    [GENDER] => M
    [EMAL] => tore.ssm@mail.ru
)


2015-09-14T07:40:02Z
ResponseParameter:  billNo: e850a27ed94844fabdc8c00aface2448 | endTime:2015-09-14 07:40:02

2015-09-14T07:40:02Z
<?xml version="1.0" encoding="UTF-8"?>
<RESPONSE>
  <VERS>0630</VERS>
  <MODE>Q</MODE>
  <TRAN>36090CR8NN0W</TRAN>
  <MERC>680000</MERC>
  <SESS>f778c2316ce14832a718ed5adeebb0ff</SESS>
  <ORDR>e850a27ed94844fabdc8c00aface2448</ORDR>
  <AUTO>A</AUTO>
  <SCOR>19</SCOR>
  <GEOX>KZ</GEOX>
  <BRND>VISA</BRND>
  <REGN>KZ_02</REGN>
  <NETW>N</NETW>
  <KAPT>Y</KAPT>
  <CARDS>1</CARDS>
  <DEVICES>1</DEVICES>
  <EMAILS>1</EMAILS>
  <VELO>0</VELO>
  <VMAX>0</VMAX>
  <SITE>VERT001</SITE>
  <DEVICE_LAYERS>E286FB3C94.3E439F63E6.ED7AD11216.F9D8DAA47C.23817C0B0D</DEVICE_LAYERS>
  <FINGERPRINT>EC94F650EF858D971E8B7EEFFF3411A8</FINGERPRINT>
  <TIMEZONE>1080</TIMEZONE>
  <LOCALTIME>2015-09-14 13:40</LOCALTIME>
  <REGION>KZ_02</REGION>
  <COUNTRY>KZ</COUNTRY>
  <PROXY>N</PROXY>
  <JAVASCRIPT>Y</JAVASCRIPT>
  <FLASH>Y</FLASH>
  <COOKIES>Y</COOKIES>
  <HTTP_COUNTRY></HTTP_COUNTRY>
  <LANGUAGE>RU</LANGUAGE>
  <MOBILE_DEVICE>N</MOBILE_DEVICE>
  <MOBILE_TYPE></MOBILE_TYPE>
  <MOBILE_FORWARDER>N</MOBILE_FORWARDER>
  <VOICE_DEVICE>N</VOICE_DEVICE>
  <PC_REMOTE>N</PC_REMOTE>
  <RULES_TRIGGERED>1</RULES_TRIGGERED>
  <RULE_ID_0>330732</RULE_ID_0>
  <RULE_DESCRIPTION_0>FRAUD_SCRD Score less than 25 and Device Data present (-10pts)</RULE_DESCRIPTION_0>
  <COUNTERS_TRIGGERED>1</COUNTERS_TRIGGERED>
  <COUNTER_NAME_0>FRAUD_SCORD</COUNTER_NAME_0>
  <COUNTER_VALUE_0>-10</COUNTER_VALUE_0>
  <REASON_CODE></REASON_CODE>
  <MASTERCARD></MASTERCARD>
  <DDFS>2015-09-14</DDFS>
  <DSR>768x1366</DSR>
  <UAS>Mozilla/5.0 (Windows NT 6.1; WOW64) AppleWebKit/537.36 (KHTML, like Gecko) Chrome/43.0.2357.124 YaBrowser/15.7.2357.2877 Safari/537.36</UAS>
  <BROWSER>Chrome 43.0.2357.124</BROWSER>
  <OS>Windows 7</OS>
  <PIP_IPAD></PIP_IPAD>
  <PIP_LAT></PIP_LAT>
  <PIP_LON></PIP_LON>
  <PIP_COUNTRY></PIP_COUNTRY>
  <PIP_REGION></PIP_REGION>
  <PIP_CITY></PIP_CITY>
  <PIP_ORG></PIP_ORG>
  <IP_IPAD>92.46.20.163</IP_IPAD>
  <IP_LAT>43.2565</IP_LAT>
  <IP_LON>76.9285</IP_LON>
  <IP_COUNTRY>KZ</IP_COUNTRY>
  <IP_REGION>Almaty City</IP_REGION>
  <IP_CITY>Almaty</IP_CITY>
  <IP_ORG>JSC KAZAKHTELECOM</IP_ORG>
  <WARNING_COUNT>0</WARNING_COUNT>
</RESPONSE>

2015-09-14T12:10:48Z
RequestParameter:  billNo: e95d483e7a3541e6a7e0d37c2fa01274 | startTime:2015-09-14 12:10:48

2015-09-14T12:10:48Z
Array
(
    [MODE] => Q
    [FRMT] => XML
    [VERS] => 0630
    [MERC] => 680000
    [UDF[CUSTOMER_IPAD]] => 62.182.137.14
    [SESS] => 624706f10f284d999f9dc379b0fd734c
    [ORDR] => e95d483e7a3541e6a7e0d37c2fa01274
    [CURR] => EUR
    [PENC] => KHASH
    [PTYP] => CARD
    [PTOK] => 427630BTEZN8YQXYK79E
    [IPAD] => 62.182.137.14
    [MACK] => Y
    [AUTH] => A
    [PROD_DESC[0]] => Binary Trade
    [PROD_TYPE[0]] => Binary Trade
    [PROD_ITEM[0]] => SKU-HBR-BinaryTrade
    [PROD_QUANT[0]] => 1
    [PROD_PRICE[0]] => 50000
    [TOTL] => 50000
    [SITE] => VERT001
    [UDF[MERCHANT_ID]] => 20001MERHIBRO1
    [NAME] => MARINA BONDARENKO
    [B2A1] => VISHNEVAYA 23
    [B2CC] => RU
    [B2CI] => SOCHI
    [B2PC] => 354003
    [B2PN] =>  79182004121
    [B2ST] => RU
    [S2A1] => 
    [S2CC] => 
    [S2CI] => 
    [S2EM] => 
    [S2NM] =>  
    [S2PC] => 
    [S2PN] => 
    [S2ST] => 
    [SHTP] => 
    [CASH] => 500
    [DOB] => 2001-01-01
    [GENDER] => M
    [EMAL] => hzo@yandex.ru
)


2015-09-14T12:10:50Z
ResponseParameter:  billNo: e95d483e7a3541e6a7e0d37c2fa01274 | endTime:2015-09-14 12:10:50

2015-09-14T12:10:50Z
<?xml version="1.0" encoding="UTF-8"?>
<RESPONSE>
  <VERS>0630</VERS>
  <MODE>Q</MODE>
  <TRAN>360W07KGKBL8</TRAN>
  <MERC>680000</MERC>
  <SESS>624706f10f284d999f9dc379b0fd734c</SESS>
  <ORDR>e95d483e7a3541e6a7e0d37c2fa01274</ORDR>
  <AUTO>A</AUTO>
  <SCOR>30</SCOR>
  <GEOX>RU</GEOX>
  <BRND>VISA</BRND>
  <REGN></REGN>
  <NETW>N</NETW>
  <KAPT>Y</KAPT>
  <CARDS>1</CARDS>
  <DEVICES>1</DEVICES>
  <EMAILS>1</EMAILS>
  <VELO>0</VELO>
  <VMAX>0</VMAX>
  <SITE>VERT001</SITE>
  <DEVICE_LAYERS>1556E64217.17AAD52C59.AA1FD01196.895F3146CD.1DB058C242</DEVICE_LAYERS>
  <FINGERPRINT>BA2FD8CDDC4A78DE57A0014D836DEBC5</FINGERPRINT>
  <TIMEZONE>1260</TIMEZONE>
  <LOCALTIME>2015-09-14 15:10</LOCALTIME>
  <REGION></REGION>
  <COUNTRY>RU</COUNTRY>
  <PROXY>N</PROXY>
  <JAVASCRIPT>Y</JAVASCRIPT>
  <FLASH>Y</FLASH>
  <COOKIES>Y</COOKIES>
  <HTTP_COUNTRY>RU</HTTP_COUNTRY>
  <LANGUAGE>RU</LANGUAGE>
  <MOBILE_DEVICE>N</MOBILE_DEVICE>
  <MOBILE_TYPE></MOBILE_TYPE>
  <MOBILE_FORWARDER>N</MOBILE_FORWARDER>
  <VOICE_DEVICE>N</VOICE_DEVICE>
  <PC_REMOTE>N</PC_REMOTE>
  <RULES_TRIGGERED>2</RULES_TRIGGERED>
  <RULE_ID_0>330720</RULE_ID_0>
  <RULE_DESCRIPTION_0>GEO  Distance from Device to Billing &gt; 1000km (1pt)</RULE_DESCRIPTION_0>
  <RULE_ID_1>330730</RULE_ID_1>
  <RULE_DESCRIPTION_1>FRAUD_SCRD GEO Counter Triggered (5pts)</RULE_DESCRIPTION_1>
  <COUNTERS_TRIGGERED>2</COUNTERS_TRIGGERED>
  <COUNTER_NAME_0>GEO</COUNTER_NAME_0>
  <COUNTER_VALUE_0>1</COUNTER_VALUE_0>
  <COUNTER_NAME_1>FRAUD_SCRD</COUNTER_NAME_1>
  <COUNTER_VALUE_1>5</COUNTER_VALUE_1>
  <REASON_CODE></REASON_CODE>
  <MASTERCARD></MASTERCARD>
  <DDFS>2015-09-14</DDFS>
  <DSR>840x1344</DSR>
  <UAS>Mozilla/5.0 (Windows NT 6.1; WOW64; rv:40.0) Gecko/20100101 Firefox/40.0</UAS>
  <BROWSER>Firefox 40.0</BROWSER>
  <OS>Windows 7</OS>
  <PIP_IPAD></PIP_IPAD>
  <PIP_LAT></PIP_LAT>
  <PIP_LON></PIP_LON>
  <PIP_COUNTRY></PIP_COUNTRY>
  <PIP_REGION></PIP_REGION>
  <PIP_CITY></PIP_CITY>
  <PIP_ORG></PIP_ORG>
  <IP_IPAD>62.182.137.14</IP_IPAD>
  <IP_LAT>55.75</IP_LAT>
  <IP_LON>37.6166</IP_LON>
  <IP_COUNTRY>RU</IP_COUNTRY>
  <IP_REGION>UNKNOWN</IP_REGION>
  <IP_CITY></IP_CITY>
  <IP_ORG>MOBILE TELESYSTEMS PUBLIC JOINT STOCK COMPANY</IP_ORG>
  <WARNING_COUNT>0</WARNING_COUNT>
</RESPONSE>

2015-09-14T12:11:28Z
RequestParameter:  billNo: 80376b6a73b3465aae98534b09027845 | startTime:2015-09-14 12:11:28

2015-09-14T12:11:28Z
Array
(
    [MODE] => Q
    [FRMT] => XML
    [VERS] => 0630
    [MERC] => 680000
    [UDF[CUSTOMER_IPAD]] => 62.182.137.14
    [SESS] => 37bb29582fae4e7a8d5a40abe05c324e
    [ORDR] => 80376b6a73b3465aae98534b09027845
    [CURR] => USD
    [PENC] => KHASH
    [PTYP] => CARD
    [PTOK] => 427630BTEZN8YQXYK79E
    [IPAD] => 62.182.137.14
    [MACK] => Y
    [AUTH] => A
    [PROD_DESC[0]] => Binary Trade
    [PROD_TYPE[0]] => Binary Trade
    [PROD_ITEM[0]] => SKU-HBR-BinaryTrade
    [PROD_QUANT[0]] => 1
    [PROD_PRICE[0]] => 50000
    [TOTL] => 50000
    [SITE] => VERT001
    [UDF[MERCHANT_ID]] => 20001MERHIBRO
    [NAME] => MARINA BONDARENKO
    [B2A1] => VISHNEVAYA 23
    [B2CC] => RU
    [B2CI] => SOCHI
    [B2PC] => 354003
    [B2PN] =>  79182004121
    [B2ST] => RU
    [S2A1] => 
    [S2CC] => 
    [S2CI] => 
    [S2EM] => 
    [S2NM] =>  
    [S2PC] => 
    [S2PN] => 
    [S2ST] => 
    [SHTP] => 
    [CASH] => 500
    [DOB] => 2001-01-01
    [GENDER] => M
    [EMAL] => hzo@yandex.ru
)


2015-09-14T12:11:29Z
ResponseParameter:  billNo: 80376b6a73b3465aae98534b09027845 | endTime:2015-09-14 12:11:29

2015-09-14T12:11:29Z
<?xml version="1.0" encoding="UTF-8"?>
<RESPONSE>
  <VERS>0630</VERS>
  <MODE>Q</MODE>
  <TRAN>360W0P1TKVX3</TRAN>
  <MERC>680000</MERC>
  <SESS>37bb29582fae4e7a8d5a40abe05c324e</SESS>
  <ORDR>80376b6a73b3465aae98534b09027845</ORDR>
  <AUTO>A</AUTO>
  <SCOR>30</SCOR>
  <GEOX>RU</GEOX>
  <BRND>VISA</BRND>
  <REGN></REGN>
  <NETW>N</NETW>
  <KAPT>Y</KAPT>
  <CARDS>1</CARDS>
  <DEVICES>1</DEVICES>
  <EMAILS>1</EMAILS>
  <VELO>0</VELO>
  <VMAX>0</VMAX>
  <SITE>VERT001</SITE>
  <DEVICE_LAYERS>1556E64217.17AAD52C59.AA1FD01196.895F3146CD.1DB058C242</DEVICE_LAYERS>
  <FINGERPRINT>BA2FD8CDDC4A78DE57A0014D836DEBC5</FINGERPRINT>
  <TIMEZONE>1260</TIMEZONE>
  <LOCALTIME>2015-09-14 15:11</LOCALTIME>
  <REGION></REGION>
  <COUNTRY>RU</COUNTRY>
  <PROXY>N</PROXY>
  <JAVASCRIPT>Y</JAVASCRIPT>
  <FLASH>Y</FLASH>
  <COOKIES>Y</COOKIES>
  <HTTP_COUNTRY>RU</HTTP_COUNTRY>
  <LANGUAGE>RU</LANGUAGE>
  <MOBILE_DEVICE>N</MOBILE_DEVICE>
  <MOBILE_TYPE></MOBILE_TYPE>
  <MOBILE_FORWARDER>N</MOBILE_FORWARDER>
  <VOICE_DEVICE>N</VOICE_DEVICE>
  <PC_REMOTE>N</PC_REMOTE>
  <RULES_TRIGGERED>2</RULES_TRIGGERED>
  <RULE_ID_0>330720</RULE_ID_0>
  <RULE_DESCRIPTION_0>GEO  Distance from Device to Billing &gt; 1000km (1pt)</RULE_DESCRIPTION_0>
  <RULE_ID_1>330730</RULE_ID_1>
  <RULE_DESCRIPTION_1>FRAUD_SCRD GEO Counter Triggered (5pts)</RULE_DESCRIPTION_1>
  <COUNTERS_TRIGGERED>2</COUNTERS_TRIGGERED>
  <COUNTER_NAME_0>GEO</COUNTER_NAME_0>
  <COUNTER_VALUE_0>1</COUNTER_VALUE_0>
  <COUNTER_NAME_1>FRAUD_SCRD</COUNTER_NAME_1>
  <COUNTER_VALUE_1>5</COUNTER_VALUE_1>
  <REASON_CODE></REASON_CODE>
  <MASTERCARD></MASTERCARD>
  <DDFS>2015-09-14</DDFS>
  <DSR>840x1344</DSR>
  <UAS>Mozilla/5.0 (Windows NT 6.1; WOW64; rv:40.0) Gecko/20100101 Firefox/40.0</UAS>
  <BROWSER>Firefox 40.0</BROWSER>
  <OS>Windows 7</OS>
  <PIP_IPAD></PIP_IPAD>
  <PIP_LAT></PIP_LAT>
  <PIP_LON></PIP_LON>
  <PIP_COUNTRY></PIP_COUNTRY>
  <PIP_REGION></PIP_REGION>
  <PIP_CITY></PIP_CITY>
  <PIP_ORG></PIP_ORG>
  <IP_IPAD>62.182.137.14</IP_IPAD>
  <IP_LAT>55.75</IP_LAT>
  <IP_LON>37.6166</IP_LON>
  <IP_COUNTRY>RU</IP_COUNTRY>
  <IP_REGION>UNKNOWN</IP_REGION>
  <IP_CITY></IP_CITY>
  <IP_ORG>MOBILE TELESYSTEMS PUBLIC JOINT STOCK COMPANY</IP_ORG>
  <WARNING_COUNT>0</WARNING_COUNT>
</RESPONSE>

2015-09-14T12:14:04Z
RequestParameter:  billNo: 2c68a735032446c0a4d7535b62e44950 | startTime:2015-09-14 12:14:04

2015-09-14T12:14:04Z
Array
(
    [MODE] => Q
    [FRMT] => XML
    [VERS] => 0630
    [MERC] => 680000
    [UDF[CUSTOMER_IPAD]] => 62.182.137.14
    [SESS] => 2018b4096b9f4ae68eda8b7bf0de32fc
    [ORDR] => 2c68a735032446c0a4d7535b62e44950
    [CURR] => USD
    [PENC] => KHASH
    [PTYP] => CARD
    [PTOK] => 427630BTEZN8YQXYK79E
    [IPAD] => 62.182.137.14
    [MACK] => Y
    [AUTH] => A
    [PROD_DESC[0]] => Binary Trade
    [PROD_TYPE[0]] => Binary Trade
    [PROD_ITEM[0]] => SKU-HBR-BinaryTrade
    [PROD_QUANT[0]] => 1
    [PROD_PRICE[0]] => 48000
    [TOTL] => 48000
    [SITE] => VERT001
    [UDF[MERCHANT_ID]] => 20001MERHIBRO
    [NAME] => MARINA BONDARENKO
    [B2A1] => VISHNEVAYA 23
    [B2CC] => RU
    [B2CI] => SOCHI
    [B2PC] => 354003
    [B2PN] =>  79182004121
    [B2ST] => RU
    [S2A1] => 
    [S2CC] => 
    [S2CI] => 
    [S2EM] => 
    [S2NM] =>  
    [S2PC] => 
    [S2PN] => 
    [S2ST] => 
    [SHTP] => 
    [CASH] => 480
    [DOB] => 2001-01-01
    [GENDER] => M
    [EMAL] => hzo@yandex.ru
)


2015-09-14T12:14:05Z
ResponseParameter:  billNo: 2c68a735032446c0a4d7535b62e44950 | endTime:2015-09-14 12:14:05

2015-09-14T12:14:05Z
<?xml version="1.0" encoding="UTF-8"?>
<RESPONSE>
  <VERS>0630</VERS>
  <MODE>Q</MODE>
  <TRAN>360W0X9JGNJH</TRAN>
  <MERC>680000</MERC>
  <SESS>2018b4096b9f4ae68eda8b7bf0de32fc</SESS>
  <ORDR>2c68a735032446c0a4d7535b62e44950</ORDR>
  <AUTO>A</AUTO>
  <SCOR>30</SCOR>
  <GEOX>RU</GEOX>
  <BRND>VISA</BRND>
  <REGN></REGN>
  <NETW>N</NETW>
  <KAPT>Y</KAPT>
  <CARDS>1</CARDS>
  <DEVICES>1</DEVICES>
  <EMAILS>1</EMAILS>
  <VELO>0</VELO>
  <VMAX>0</VMAX>
  <SITE>VERT001</SITE>
  <DEVICE_LAYERS>1556E64217.17AAD52C59.AA1FD01196.895F3146CD.1DB058C242</DEVICE_LAYERS>
  <FINGERPRINT>BA2FD8CDDC4A78DE57A0014D836DEBC5</FINGERPRINT>
  <TIMEZONE>1260</TIMEZONE>
  <LOCALTIME>2015-09-14 15:14</LOCALTIME>
  <REGION></REGION>
  <COUNTRY>RU</COUNTRY>
  <PROXY>N</PROXY>
  <JAVASCRIPT>Y</JAVASCRIPT>
  <FLASH>Y</FLASH>
  <COOKIES>Y</COOKIES>
  <HTTP_COUNTRY>RU</HTTP_COUNTRY>
  <LANGUAGE>RU</LANGUAGE>
  <MOBILE_DEVICE>N</MOBILE_DEVICE>
  <MOBILE_TYPE></MOBILE_TYPE>
  <MOBILE_FORWARDER>N</MOBILE_FORWARDER>
  <VOICE_DEVICE>N</VOICE_DEVICE>
  <PC_REMOTE>N</PC_REMOTE>
  <RULES_TRIGGERED>2</RULES_TRIGGERED>
  <RULE_ID_0>330720</RULE_ID_0>
  <RULE_DESCRIPTION_0>GEO  Distance from Device to Billing &gt; 1000km (1pt)</RULE_DESCRIPTION_0>
  <RULE_ID_1>330730</RULE_ID_1>
  <RULE_DESCRIPTION_1>FRAUD_SCRD GEO Counter Triggered (5pts)</RULE_DESCRIPTION_1>
  <COUNTERS_TRIGGERED>2</COUNTERS_TRIGGERED>
  <COUNTER_NAME_0>GEO</COUNTER_NAME_0>
  <COUNTER_VALUE_0>1</COUNTER_VALUE_0>
  <COUNTER_NAME_1>FRAUD_SCRD</COUNTER_NAME_1>
  <COUNTER_VALUE_1>5</COUNTER_VALUE_1>
  <REASON_CODE></REASON_CODE>
  <MASTERCARD></MASTERCARD>
  <DDFS>2015-09-14</DDFS>
  <DSR>840x1344</DSR>
  <UAS>Mozilla/5.0 (Windows NT 6.1; WOW64; rv:40.0) Gecko/20100101 Firefox/40.0</UAS>
  <BROWSER>Firefox 40.0</BROWSER>
  <OS>Windows 7</OS>
  <PIP_IPAD></PIP_IPAD>
  <PIP_LAT></PIP_LAT>
  <PIP_LON></PIP_LON>
  <PIP_COUNTRY></PIP_COUNTRY>
  <PIP_REGION></PIP_REGION>
  <PIP_CITY></PIP_CITY>
  <PIP_ORG></PIP_ORG>
  <IP_IPAD>62.182.137.14</IP_IPAD>
  <IP_LAT>55.75</IP_LAT>
  <IP_LON>37.6166</IP_LON>
  <IP_COUNTRY>RU</IP_COUNTRY>
  <IP_REGION>UNKNOWN</IP_REGION>
  <IP_CITY></IP_CITY>
  <IP_ORG>MOBILE TELESYSTEMS PUBLIC JOINT STOCK COMPANY</IP_ORG>
  <WARNING_COUNT>0</WARNING_COUNT>
</RESPONSE>

