2015-07-12T07:49:54Z
RequestParameter:  billNo: lpxh81436687392 | startTime:2015-07-12 07:49:54

2015-07-12T07:49:54Z
https://www.pesopay.com/b2c2/eng/directPay/payComp.jsp?payType=N&merchantId=18139939&pMethod=Master&lang=E&cardHolder=ali%20khader&cardNo=5************768&securityCode=***&epMonth=02&epYear=2018&amount=1350&currCode=840&orderRef=lpxh81436687392&remark=520297
1350$

2015-07-12T07:49:59Z
ResponseParameter:  billNo: lpxh81436687392 | endTime:2015-07-12 07:49:59

2015-07-12T07:49:59Z
successcode=0&Ref=lpxh81436687392&PayRef=7491436&Amt=1350.0&Cur=840&prc=0&src=0&Ord=519317389770&Holder=ali khader&AuthId=T45153&TxTime=2015-07-12 15:50:08.0&errMsg=Transaction completed







2015-07-12T07:52:50Z
RequestParameter:  billNo: SaoYL1436687568 | startTime:2015-07-12 07:52:50

2015-07-12T07:52:50Z
https://www.pesopay.com/b2c2/eng/directPay/payComp.jsp?payType=N&merchantId=18139939&pMethod=Master&lang=E&cardHolder=ali%20khader&cardNo=5************768&securityCode=***&epMonth=02&epYear=2018&amount=3650&currCode=840&orderRef=SaoYL1436687568&remark=520297
3650$

2015-07-12T07:52:53Z
ResponseParameter:  billNo: SaoYL1436687568 | endTime:2015-07-12 07:52:53

2015-07-12T07:52:53Z
successcode=1&Ref=SaoYL1436687568&PayRef=7491461&Amt=3650.0&Cur=840&prc=1&src=551&Ord=519317389797&Holder=ali khader&AuthId=&TxTime=2015-07-12 15:53:02.0&errMsg=Transaction failed







2015-07-12T07:54:52Z
RequestParameter:  billNo: c2kZD1436687690 | startTime:2015-07-12 07:54:52

2015-07-12T07:54:52Z
https://www.pesopay.com/b2c2/eng/directPay/payComp.jsp?payType=N&merchantId=18139939&pMethod=Master&lang=E&cardHolder=ali%20khader&cardNo=5************768&securityCode=***&epMonth=02&epYear=2018&amount=1150&currCode=840&orderRef=c2kZD1436687690&remark=520297
1150$

2015-07-12T07:54:55Z
ResponseParameter:  billNo: c2kZD1436687690 | endTime:2015-07-12 07:54:55

2015-07-12T07:54:55Z
successcode=1&Ref=c2kZD1436687690&PayRef=7491481&Amt=1150.0&Cur=840&prc=1&src=551&Ord=519317389818&Holder=ali khader&AuthId=&TxTime=2015-07-12 15:55:04.0&errMsg=Transaction failed







2015-07-12T08:12:36Z
RequestParameter:  billNo: L9xdl1436688754 | startTime:2015-07-12 08:12:36

2015-07-12T08:12:36Z
https://www.pesopay.com/b2c2/eng/directPay/payComp.jsp?payType=N&merchantId=18139939&pMethod=Master&lang=E&cardHolder=kamal%20tabar&cardNo=5************997&securityCode=***&epMonth=08&epYear=2018&amount=5000&currCode=840&orderRef=L9xdl1436688754&remark=523451
5000$

2015-07-12T08:12:39Z
ResponseParameter:  billNo: L9xdl1436688754 | endTime:2015-07-12 08:12:39

2015-07-12T08:12:39Z
successcode=1&Ref=L9xdl1436688754&PayRef=7491564&Amt=5000.0&Cur=840&prc=1&src=205&Ord=519318389919&Holder=kamal tabar&AuthId=&TxTime=2015-07-12 16:12:49.0&errMsg=Transaction failed







2015-07-12T08:13:12Z
RequestParameter:  billNo: BohLn1436688791 | startTime:2015-07-12 08:13:12

2015-07-12T08:13:12Z
https://www.pesopay.com/b2c2/eng/directPay/payComp.jsp?payType=N&merchantId=18139939&pMethod=Master&lang=E&cardHolder=kamal%20tabar&cardNo=5************997&securityCode=***&epMonth=08&epYear=2016&amount=5000&currCode=840&orderRef=BohLn1436688791&remark=523451
5000$

2015-07-12T08:13:16Z
ResponseParameter:  billNo: BohLn1436688791 | endTime:2015-07-12 08:13:16

2015-07-12T08:13:16Z
successcode=1&Ref=BohLn1436688791&PayRef=7491568&Amt=5000.0&Cur=840&prc=1&src=205&Ord=519318389922&Holder=kamal tabar&AuthId=&TxTime=2015-07-12 16:13:25.0&errMsg=Transaction failed







2015-07-12T10:46:05Z
RequestParameter:  billNo: pyRkD1436697963 | startTime:2015-07-12 10:46:05

2015-07-12T10:46:05Z
https://www.pesopay.com/b2c2/eng/directPay/payComp.jsp?payType=N&merchantId=18139939&pMethod=VISA&lang=E&cardHolder=mhmad%20hmedan&cardNo=4************675&securityCode=***&epMonth=09&epYear=2017&amount=250&currCode=840&orderRef=pyRkD1436697963&remark=524546

2015-07-12T10:46:07Z
ResponseParameter:  billNo: pyRkD1436697963 | endTime:2015-07-12 10:46:07

2015-07-12T10:46:07Z
successcode=1&Ref=pyRkD1436697963&PayRef=7492272&Amt=250.0&Cur=840&prc=-8&src=2017&Ord=&Holder=mhmad hmedan&AuthId=&TxTime=2015-07-12 18:46:18.0&errMsg=Transaction failed







2015-07-12T12:57:39Z
RequestParameter:  billNo: KDiNS1436705857 | startTime:2015-07-12 12:57:39

2015-07-12T12:57:39Z
https://www.pesopay.com/b2c2/eng/directPay/payComp.jsp?payType=N&merchantId=18139939&pMethod=Master&lang=E&cardHolder=ali%20khader&cardNo=5************768&securityCode=***&epMonth=02&epYear=2018&amount=5000&currCode=840&orderRef=KDiNS1436705857&remark=520297
5000$

2015-07-12T12:57:43Z
ResponseParameter:  billNo: KDiNS1436705857 | endTime:2015-07-12 12:57:43

2015-07-12T12:57:43Z
successcode=1&Ref=KDiNS1436705857&PayRef=7493114&Amt=5000.0&Cur=840&prc=1&src=261&Ord=519322391573&Holder=ali khader&AuthId=&TxTime=2015-07-12 20:57:53.0&errMsg=Transaction failed







2015-07-12T12:58:24Z
RequestParameter:  billNo: BJmcX1436705902 | startTime:2015-07-12 12:58:24

2015-07-12T12:58:24Z
https://www.pesopay.com/b2c2/eng/directPay/payComp.jsp?payType=N&merchantId=18139939&pMethod=Master&lang=E&cardHolder=ali%20khader&cardNo=5************768&securityCode=***&epMonth=02&epYear=2018&amount=2500&currCode=840&orderRef=BJmcX1436705902&remark=520297
2500$

2015-07-12T12:58:28Z
ResponseParameter:  billNo: BJmcX1436705902 | endTime:2015-07-12 12:58:28

2015-07-12T12:58:28Z
successcode=1&Ref=BJmcX1436705902&PayRef=7493116&Amt=2500.0&Cur=840&prc=1&src=551&Ord=519322391575&Holder=ali khader&AuthId=&TxTime=2015-07-12 20:58:37.0&errMsg=Transaction failed







2015-07-12T12:59:21Z
RequestParameter:  billNo: ziXEB1436705959 | startTime:2015-07-12 12:59:21

2015-07-12T12:59:21Z
https://www.pesopay.com/b2c2/eng/directPay/payComp.jsp?payType=N&merchantId=18139939&pMethod=Master&lang=E&cardHolder=ali%20khader&cardNo=5************768&securityCode=***&epMonth=02&epYear=2018&amount=1200&currCode=840&orderRef=ziXEB1436705959&remark=520297
1200$

2015-07-12T12:59:23Z
ResponseParameter:  billNo: ziXEB1436705959 | endTime:2015-07-12 12:59:23

2015-07-12T12:59:23Z
successcode=0&Ref=ziXEB1436705959&PayRef=7493121&Amt=1200.0&Cur=840&prc=0&src=0&Ord=519322391582&Holder=ali khader&AuthId=T86685&TxTime=2015-07-12 20:59:33.0&errMsg=Transaction completed







2015-07-12T13:01:53Z
RequestParameter:  billNo: EHmST1436706112 | startTime:2015-07-12 13:01:53

2015-07-12T13:01:53Z
https://www.pesopay.com/b2c2/eng/directPay/payComp.jsp?payType=N&merchantId=18139939&pMethod=Master&lang=E&cardHolder=Ali%20%20Kheder&cardNo=5************768&securityCode=***&epMonth=02&epYear=2018&amount=1200&currCode=840&orderRef=EHmST1436706112&remark=520297
1200$

2015-07-12T13:01:57Z
ResponseParameter:  billNo: EHmST1436706112 | endTime:2015-07-12 13:01:57

2015-07-12T13:01:57Z
successcode=0&Ref=EHmST1436706112&PayRef=7493131&Amt=1200.0&Cur=840&prc=0&src=0&Ord=519323391600&Holder=Ali  Kheder&AuthId=T14633&TxTime=2015-07-12 21:02:06.0&errMsg=Transaction completed







2015-07-12T13:04:05Z
RequestParameter:  billNo: bO8JH1436706243 | startTime:2015-07-12 13:04:05

2015-07-12T13:04:05Z
https://www.pesopay.com/b2c2/eng/directPay/payComp.jsp?payType=N&merchantId=18139939&pMethod=Master&lang=E&cardHolder=ali%20kheder&cardNo=5************768&securityCode=***&epMonth=02&epYear=2018&amount=1200&currCode=840&orderRef=bO8JH1436706243&remark=520297
1200$

2015-07-12T13:04:08Z
ResponseParameter:  billNo: bO8JH1436706243 | endTime:2015-07-12 13:04:08

2015-07-12T13:04:08Z
successcode=0&Ref=bO8JH1436706243&PayRef=7493140&Amt=1200.0&Cur=840&prc=0&src=0&Ord=519323391610&Holder=ali kheder&AuthId=T23654&TxTime=2015-07-12 21:04:17.0&errMsg=Transaction completed







2015-07-12T13:06:31Z
RequestParameter:  billNo: cNxfK1436706389 | startTime:2015-07-12 13:06:31

2015-07-12T13:06:31Z
https://www.pesopay.com/b2c2/eng/directPay/payComp.jsp?payType=N&merchantId=18139939&pMethod=Master&lang=E&cardHolder=ali%20Kheder&cardNo=5************768&securityCode=***&epMonth=02&epYear=2018&amount=1350&currCode=840&orderRef=cNxfK1436706389&remark=520297
1350$

2015-07-12T13:06:34Z
ResponseParameter:  billNo: cNxfK1436706389 | endTime:2015-07-12 13:06:34

2015-07-12T13:06:34Z
successcode=1&Ref=cNxfK1436706389&PayRef=7493154&Amt=1350.0&Cur=840&prc=1&src=261&Ord=519323391626&Holder=ali Kheder&AuthId=&TxTime=2015-07-12 21:06:44.0&errMsg=Transaction failed







2015-07-12T13:07:18Z
RequestParameter:  billNo: hQaEM1436706436 | startTime:2015-07-12 13:07:18

2015-07-12T13:07:18Z
https://www.pesopay.com/b2c2/eng/directPay/payComp.jsp?payType=N&merchantId=18139939&pMethod=Master&lang=E&cardHolder=ali%20Kheder&cardNo=5************768&securityCode=***&epMonth=02&epYear=2018&amount=1200&currCode=840&orderRef=hQaEM1436706436&remark=520297
1200$

2015-07-12T13:07:21Z
ResponseParameter:  billNo: hQaEM1436706436 | endTime:2015-07-12 13:07:21

2015-07-12T13:07:21Z
successcode=1&Ref=hQaEM1436706436&PayRef=7493159&Amt=1200.0&Cur=840&prc=1&src=261&Ord=519323391631&Holder=ali Kheder&AuthId=&TxTime=2015-07-12 21:07:31.0&errMsg=Transaction failed







2015-07-12T13:07:57Z
RequestParameter:  billNo: jGUMX1436706475 | startTime:2015-07-12 13:07:57

2015-07-12T13:07:57Z
https://www.pesopay.com/b2c2/eng/directPay/payComp.jsp?payType=N&merchantId=18139939&pMethod=Master&lang=E&cardHolder=ali%20Kheder&cardNo=5************768&securityCode=***&epMonth=02&epYear=2018&amount=1000&currCode=840&orderRef=jGUMX1436706475&remark=520297
1000$

2015-07-12T13:07:59Z
ResponseParameter:  billNo: jGUMX1436706475 | endTime:2015-07-12 13:07:59

2015-07-12T13:07:59Z
successcode=1&Ref=jGUMX1436706475&PayRef=7493160&Amt=1000.0&Cur=840&prc=1&src=261&Ord=519323391635&Holder=ali Kheder&AuthId=&TxTime=2015-07-12 21:08:09.0&errMsg=Transaction failed







2015-07-12T13:08:13Z
RequestParameter:  billNo: LFXTS1436706492 | startTime:2015-07-12 13:08:13

2015-07-12T13:08:13Z
https://www.pesopay.com/b2c2/eng/directPay/payComp.jsp?payType=N&merchantId=18139939&pMethod=VISA&lang=E&cardHolder=motaz%20abdawi&cardNo=4************334&securityCode=***&epMonth=10&epYear=2016&amount=500&currCode=840&orderRef=LFXTS1436706492&remark=524553
500$

2015-07-12T13:08:16Z
ResponseParameter:  billNo: LFXTS1436706492 | endTime:2015-07-12 13:08:16

2015-07-12T13:08:16Z
successcode=1&Ref=LFXTS1436706492&PayRef=7493162&Amt=500.0&Cur=840&prc=1&src=551&Ord=519323391636&Holder=motaz abdawi&AuthId=&TxTime=2015-07-12 21:08:26.0&errMsg=Transaction failed







2015-07-12T13:08:46Z
RequestParameter:  billNo: o8nNa1436706524 | startTime:2015-07-12 13:08:46

2015-07-12T13:08:46Z
https://www.pesopay.com/b2c2/eng/directPay/payComp.jsp?payType=N&merchantId=18139939&pMethod=VISA&lang=E&cardHolder=motaz%20abdawi&cardNo=4************334&securityCode=***&epMonth=10&epYear=2016&amount=100&currCode=840&orderRef=o8nNa1436706524&remark=524553
100$

2015-07-12T13:08:48Z
ResponseParameter:  billNo: o8nNa1436706524 | endTime:2015-07-12 13:08:48

2015-07-12T13:08:48Z
successcode=1&Ref=o8nNa1436706524&PayRef=7493164&Amt=100.0&Cur=840&prc=1&src=551&Ord=519323391641&Holder=motaz abdawi&AuthId=&TxTime=2015-07-12 21:08:58.0&errMsg=Transaction failed







2015-07-12T13:28:41Z
RequestParameter:  billNo: eqXBG1436707719 | startTime:2015-07-12 13:28:41

2015-07-12T13:28:41Z
https://www.pesopay.com/b2c2/eng/directPay/payComp.jsp?payType=N&merchantId=18139939&pMethod=VISA&lang=E&cardHolder=Alsaadan%20%20Mohammad&cardNo=4************189&securityCode=***&epMonth=03&epYear=2018&amount=350&currCode=840&orderRef=eqXBG1436707719&remark=132560
350$

2015-07-12T13:28:46Z
ResponseParameter:  billNo: eqXBG1436707719 | endTime:2015-07-12 13:28:46

2015-07-12T13:28:46Z
successcode=0&Ref=eqXBG1436707719&PayRef=7493324&Amt=350.0&Cur=840&prc=0&src=0&Ord=519323391844&Holder=Alsaadan  Mohammad&AuthId=780197&TxTime=2015-07-12 21:28:54.0&errMsg=Transaction completed







2015-07-12T13:34:14Z
RequestParameter:  billNo: iIcsb1436708052 | startTime:2015-07-12 13:34:14

2015-07-12T13:34:14Z
https://www.pesopay.com/b2c2/eng/directPay/payComp.jsp?payType=N&merchantId=18139939&pMethod=VISA&lang=E&cardHolder=Khaled%20%20Hidar%20Ahmed%20Mohamed&cardNo=4************101&securityCode=***&epMonth=02&epYear=2016&amount=3000&currCode=840&orderRef=iIcsb1436708052&remark=524533

2015-07-12T13:34:18Z
ResponseParameter:  billNo: iIcsb1436708052 | endTime:2015-07-12 13:34:18

2015-07-12T13:34:18Z
successcode=1&Ref=iIcsb1436708052&PayRef=7493335&Amt=3000.0&Cur=840&prc=1&src=205&Ord=519323391870&Holder=Khaled  Hidar Ahmed Mohamed&AuthId=&TxTime=2015-07-12 21:34:27.0&errMsg=Transaction failed







2015-07-12T13:34:53Z
RequestParameter:  billNo: avWjN1436708092 | startTime:2015-07-12 13:34:53

2015-07-12T13:34:53Z
https://www.pesopay.com/b2c2/eng/directPay/payComp.jsp?payType=N&merchantId=18139939&pMethod=VISA&lang=E&cardHolder=Khaled%20%20Hidar%20Ahmed%20Mohamed&cardNo=4************101&securityCode=***&epMonth=02&epYear=2016&amount=250&currCode=840&orderRef=avWjN1436708092&remark=524533
250$

2015-07-12T13:34:57Z
ResponseParameter:  billNo: avWjN1436708092 | endTime:2015-07-12 13:34:57

2015-07-12T13:34:57Z
successcode=1&Ref=avWjN1436708092&PayRef=7493339&Amt=250.0&Cur=840&prc=1&src=205&Ord=519323391874&Holder=Khaled  Hidar Ahmed Mohamed&AuthId=&TxTime=2015-07-12 21:35:06.0&errMsg=Transaction failed







2015-07-12T13:55:28Z
RequestParameter:  billNo: mE9nK1436709326 | startTime:2015-07-12 13:55:28

2015-07-12T13:55:28Z
https://www.pesopay.com/b2c2/eng/directPay/payComp.jsp?payType=N&merchantId=18139939&pMethod=VISA&lang=E&cardHolder=Mohamad%20%20Halwany&cardNo=4************533&securityCode=***&epMonth=06&epYear=2016&amount=140&currCode=840&orderRef=mE9nK1436709326&remark=524561
140$

2015-07-12T13:55:31Z
ResponseParameter:  billNo: mE9nK1436709326 | endTime:2015-07-12 13:55:31

2015-07-12T13:55:31Z
successcode=1&Ref=mE9nK1436709326&PayRef=7493405&Amt=140.0&Cur=840&prc=1&src=142&Ord=519323391953&Holder=Mohamad  Halwany&AuthId=&TxTime=2015-07-12 21:55:41.0&errMsg=Transaction failed







2015-07-12T13:56:08Z
RequestParameter:  billNo: ifRzF1436709366 | startTime:2015-07-12 13:56:08

2015-07-12T13:56:08Z
https://www.pesopay.com/b2c2/eng/directPay/payComp.jsp?payType=N&merchantId=18139939&pMethod=VISA&lang=E&cardHolder=Mohamad%20%20Halwany&cardNo=4************533&securityCode=***&epMonth=06&epYear=2016&amount=100&currCode=840&orderRef=ifRzF1436709366&remark=524561
100
$

2015-07-12T13:56:11Z
ResponseParameter:  billNo: ifRzF1436709366 | endTime:2015-07-12 13:56:11

2015-07-12T13:56:11Z
successcode=1&Ref=ifRzF1436709366&PayRef=7493408&Amt=100.0&Cur=840&prc=1&src=142&Ord=519323391960&Holder=Mohamad  Halwany&AuthId=&TxTime=2015-07-12 21:56:21.0&errMsg=Transaction failed







2015-07-12T13:59:01Z
RequestParameter:  billNo: GDigF1436709539 | startTime:2015-07-12 13:59:01

2015-07-12T13:59:01Z
https://www.pesopay.com/b2c2/eng/directPay/payComp.jsp?payType=N&merchantId=18139954&pMethod=VISA&lang=E&cardHolder=adam%20babinskil&cardNo=4************638&securityCode=***&epMonth=01&epYear=2017&amount=2500&currCode=978&orderRef=GDigF1436709539&remark=deposit

2015-07-12T13:59:04Z
ResponseParameter:  billNo: GDigF1436709539 | endTime:2015-07-12 13:59:04

2015-07-12T13:59:04Z
successcode=1&Ref=GDigF1436709539&PayRef=7493418&Amt=2500.0&Cur=978&prc=1&src=257&Ord=519323391968&Holder=adam babinskil&AuthId=&TxTime=2015-07-12 21:59:13.0&errMsg=Transaction failed







2015-07-12T14:00:38Z
RequestParameter:  billNo: mGtke1436709636 | startTime:2015-07-12 14:00:38

2015-07-12T14:00:38Z
https://www.pesopay.com/b2c2/eng/directPay/payComp.jsp?payType=N&merchantId=18139954&pMethod=VISA&lang=E&cardHolder=adam%20babinskil&cardNo=4************638&securityCode=***&epMonth=01&epYear=2017&amount=1000&currCode=978&orderRef=mGtke1436709636&remark=deposit

2015-07-12T14:00:42Z
ResponseParameter:  billNo: mGtke1436709636 | endTime:2015-07-12 14:00:42

2015-07-12T14:00:42Z
successcode=1&Ref=mGtke1436709636&PayRef=7493428&Amt=1000.0&Cur=978&prc=1&src=257&Ord=519400391978&Holder=adam babinskil&AuthId=&TxTime=2015-07-12 22:00:52.0&errMsg=Transaction failed







2015-07-12T14:01:50Z
RequestParameter:  billNo: oxtqc1436709708 | startTime:2015-07-12 14:01:50

2015-07-12T14:01:50Z
https://www.pesopay.com/b2c2/eng/directPay/payComp.jsp?payType=N&merchantId=18139954&pMethod=VISA&lang=E&cardHolder=adam%20babinskil&cardNo=4************638&securityCode=***&epMonth=01&epYear=2017&amount=1000&currCode=978&orderRef=oxtqc1436709708&remark=deposit

2015-07-12T14:01:53Z
ResponseParameter:  billNo: oxtqc1436709708 | endTime:2015-07-12 14:01:53

2015-07-12T14:01:53Z
successcode=1&Ref=oxtqc1436709708&PayRef=7493437&Amt=1000.0&Cur=978&prc=1&src=257&Ord=519400391991&Holder=adam babinskil&AuthId=&TxTime=2015-07-12 22:02:03.0&errMsg=Transaction failed







2015-07-12T14:04:38Z
RequestParameter:  billNo: WHtML1436709876 | startTime:2015-07-12 14:04:38

2015-07-12T14:04:38Z
https://www.pesopay.com/b2c2/eng/directPay/payComp.jsp?payType=N&merchantId=18139954&pMethod=VISA&lang=E&cardHolder=adam%20babinskil&cardNo=4************638&securityCode=***&epMonth=01&epYear=2017&amount=1500&currCode=978&orderRef=WHtML1436709876&remark=deposit

2015-07-12T14:04:41Z
ResponseParameter:  billNo: WHtML1436709876 | endTime:2015-07-12 14:04:41

2015-07-12T14:04:41Z
successcode=1&Ref=WHtML1436709876&PayRef=7493449&Amt=1500.0&Cur=978&prc=1&src=257&Ord=519400392003&Holder=adam babinskil&AuthId=&TxTime=2015-07-12 22:04:50.0&errMsg=Transaction failed







2015-07-12T14:04:57Z
RequestParameter:  billNo: rmY1G1436709895 | startTime:2015-07-12 14:04:57

2015-07-12T14:04:57Z
https://www.pesopay.com/b2c2/eng/directPay/payComp.jsp?payType=N&merchantId=18139954&pMethod=VISA&lang=E&cardHolder=adam%20babinskil&cardNo=4************638&securityCode=***&epMonth=01&epYear=2017&amount=1500&currCode=840&orderRef=rmY1G1436709895&remark=deposit

2015-07-12T14:04:58Z
ResponseParameter:  billNo: rmY1G1436709895 | endTime:2015-07-12 14:04:58

2015-07-12T14:04:58Z
successcode=-1&Ref=&PayRef=&Amt=&Cur=&prc=&src=&Ord=&Holder=&AuthId=&TxTime=&errMsg=Parameter currCode incorrect


2015-07-12T14:06:35Z
RequestParameter:  billNo: vpS461436709993 | startTime:2015-07-12 14:06:35

2015-07-12T14:06:35Z
https://www.pesopay.com/b2c2/eng/directPay/payComp.jsp?payType=N&merchantId=18139939&pMethod=Master&lang=E&cardHolder=Kamal%20%20%20Tabar&cardNo=5************997&securityCode=***&epMonth=08&epYear=2016&amount=5000&currCode=840&orderRef=vpS461436709993&remark=523451
5000
$

2015-07-12T14:06:37Z
ResponseParameter:  billNo: vpS461436709993 | endTime:2015-07-12 14:06:37

2015-07-12T14:06:37Z
successcode=1&Ref=vpS461436709993&PayRef=7493463&Amt=5000.0&Cur=840&prc=1&src=205&Ord=519400392017&Holder=Kamal   Tabar&AuthId=&TxTime=2015-07-12 22:06:47.0&errMsg=Transaction failed







2015-07-12T14:10:17Z
RequestParameter:  billNo: Xt3ov1436710216 | startTime:2015-07-12 14:10:17

2015-07-12T14:10:17Z
https://www.pesopay.com/b2c2/eng/directPay/payComp.jsp?payType=N&merchantId=18139954&pMethod=VISA&lang=E&cardHolder=grzegorz%20%20marach&cardNo=4************833&securityCode=***&epMonth=08&epYear=2017&amount=2500&currCode=978&orderRef=Xt3ov1436710216&remark=deposit

2015-07-12T14:10:21Z
ResponseParameter:  billNo: Xt3ov1436710216 | endTime:2015-07-12 14:10:21

2015-07-12T14:10:21Z
successcode=0&Ref=Xt3ov1436710216&PayRef=7493474&Amt=2500.0&Cur=978&prc=0&src=0&Ord=519400392033&Holder=grzegorz  marach&AuthId=267805&TxTime=2015-07-12 22:10:31.0&errMsg=Transaction completed







2015-07-12T14:15:36Z
RequestParameter:  billNo: wTDYj1436710534 | startTime:2015-07-12 14:15:36

2015-07-12T14:15:36Z
https://www.pesopay.com/b2c2/eng/directPay/payComp.jsp?payType=N&merchantId=18139954&pMethod=VISA&lang=E&cardHolder=grzegorz%20marach&cardNo=4************833&securityCode=***&epMonth=08&epYear=2017&amount=2500&currCode=978&orderRef=wTDYj1436710534&remark=deposit

2015-07-12T14:15:40Z
ResponseParameter:  billNo: wTDYj1436710534 | endTime:2015-07-12 14:15:40

2015-07-12T14:15:40Z
successcode=0&Ref=wTDYj1436710534&PayRef=7493490&Amt=2500.0&Cur=978&prc=0&src=0&Ord=519400392057&Holder=grzegorz marach&AuthId=401203&TxTime=2015-07-12 22:15:48.0&errMsg=Transaction completed







2015-07-12T15:48:38Z
RequestParameter:  billNo: sfWRY1436716116 | startTime:2015-07-12 15:48:38

2015-07-12T15:48:38Z
https://www.pesopay.com/b2c2/eng/directPay/payComp.jsp?payType=N&merchantId=18139939&pMethod=Master&lang=E&cardHolder=Kamal%20%20%20Tabar&cardNo=5************997&securityCode=***&epMonth=08&epYear=2016&amount=5000&currCode=840&orderRef=sfWRY1436716116&remark=523451
5000
$

2015-07-12T15:48:41Z
ResponseParameter:  billNo: sfWRY1436716116 | endTime:2015-07-12 15:48:41

2015-07-12T15:48:41Z
successcode=1&Ref=sfWRY1436716116&PayRef=7493850&Amt=5000.0&Cur=840&prc=1&src=205&Ord=519401392527&Holder=Kamal   Tabar&AuthId=&TxTime=2015-07-12 23:48:51.0&errMsg=Transaction failed







2015-07-12T15:51:08Z
RequestParameter:  billNo: LkFgZ1436716266 | startTime:2015-07-12 15:51:08

2015-07-12T15:51:08Z
https://www.pesopay.com/b2c2/eng/directPay/payComp.jsp?payType=N&merchantId=18139939&pMethod=VISA&lang=E&cardHolder=naema%20%20elhakmani&cardNo=4************80&securityCode=***&epMonth=01&epYear=2025&amount=50&currCode=840&orderRef=LkFgZ1436716266&remark=131210
50
$

2015-07-12T15:51:09Z
ResponseParameter:  billNo: LkFgZ1436716266 | endTime:2015-07-12 15:51:09

2015-07-12T15:51:09Z
successcode=-1&Ref=&PayRef=&Amt=&Cur=&prc=&src=&Ord=&Holder=&AuthId=&TxTime=&errMsg=Parameter cardNo incorrect


