2015-12-18T01:40:19Z
RequestParameter:  billNo: Tcve81450402817

2015-12-18T01:40:19Z
Array
(
    [Version] => 2.0
    [Referer] => CommerceDataServices
    [Identifier] => Tcve81450402817
    [Items] => Product Item
    [Amount] => 10
    [DateMM] => 07
    [DateYY] => 18
    [CVV] => ***
    [CardType] => M
    [Card] => 5************007
    [Name] => JUAN DELA CRUZ
    [Email] => dewynn@transcommglobal.com
    [Address] => 12345678 qwertyu
    [City] => MAKATI
    [Country] => PH
    [IPAddress] => 112.211.18.77
)


2015-12-18T01:40:25Z
RequestParameter:  billNo: Tcve81450402817

2015-12-18T01:40:25Z
Array
(
    [rc] => 0
    [result] => ReceiptCode=D151812024032637,Identifier=Tcve81450402817,AcceptReject=T,Auth=12345,ReasonCode=0,CardNoDigest=6CA5F54FA9315311CB458A8A6D200730
)


