2015-04-03T05:49:33Z
RequestParameter:  billNo: 1428040066-69415 | startTime:2015-04-03 05:49:33

2015-04-03T05:49:33Z
https://www.pesopay.com/b2c2/eng/directPay/payComp.jsp?payType=N&merchantId=18139954&pMethod=Master&lang=E&cardHolder=Johnny%20PONT&cardNo=5************800&securityCode=***&epMonth=09&epYear=2017&amount=150&currCode=978&orderRef=1428040066-69415&remark=

2015-04-03T05:49:40Z
ResponseParameter:  billNo: 1428040066-69415 | endTime:2015-04-03 05:49:40

2015-04-03T05:49:40Z
successcode=1&Ref=1428040066-69415&PayRef=6711667&Amt=150.0&Cur=978&prc=1&src=205&Ord=509316344495&Holder=Johnny PONT&AuthId=&TxTime=2015-04-03 13:49:27.0&errMsg=Transaction failed







2015-04-03T06:50:25Z
RequestParameter:  billNo: 1428043615-39715 | startTime:2015-04-03 06:50:25

2015-04-03T06:50:25Z
https://www.pesopay.com/b2c2/eng/directPay/payComp.jsp?payType=N&merchantId=18139954&pMethod=VISA&lang=E&cardHolder=Willy%20CARIOU&cardNo=4************640&securityCode=***&epMonth=06&epYear=2017&amount=3000&currCode=978&orderRef=1428043615-39715&remark=

2015-04-03T06:50:33Z
ResponseParameter:  billNo: 1428043615-39715 | endTime:2015-04-03 06:50:33

2015-04-03T06:50:33Z
successcode=0&Ref=1428043615-39715&PayRef=6711811&Amt=3000.0&Cur=978&prc=0&src=0&Ord=509317344743&Holder=Willy CARIOU&AuthId=610223&TxTime=2015-04-03 14:50:20.0&errMsg=Transaction completed







2015-04-03T06:56:48Z
RequestParameter:  billNo: 1428044120-3395 | startTime:2015-04-03 06:56:48

2015-04-03T06:56:48Z
https://www.pesopay.com/b2c2/eng/directPay/payComp.jsp?payType=N&merchantId=18139954&pMethod=Master&lang=E&cardHolder=Jean%20Paul%20Patarozzi&cardNo=5************074&securityCode=***&epMonth=09&epYear=2017&amount=1000&currCode=978&orderRef=1428044120-3395&remark=

2015-04-03T06:56:50Z
ResponseParameter:  billNo: 1428044120-3395 | endTime:2015-04-03 06:56:50

2015-04-03T06:56:50Z
successcode=1&Ref=1428044120-3395&PayRef=6711832&Amt=1000.0&Cur=978&prc=1&src=205&Ord=509317344775&Holder=Jean Paul Patarozzi&AuthId=&TxTime=2015-04-03 14:56:41.0&errMsg=Transaction failed







2015-04-03T06:58:28Z
RequestParameter:  billNo: 1428044205-3395 | startTime:2015-04-03 06:58:28

2015-04-03T06:58:28Z
https://www.pesopay.com/b2c2/eng/directPay/payComp.jsp?payType=N&merchantId=18139954&pMethod=Master&lang=E&cardHolder=Jean%20Paul%20Patarozzi&cardNo=5************074&securityCode=***&epMonth=09&epYear=2017&amount=500&currCode=978&orderRef=1428044205-3395&remark=

2015-04-03T06:58:31Z
ResponseParameter:  billNo: 1428044205-3395 | endTime:2015-04-03 06:58:31

2015-04-03T06:58:31Z
successcode=1&Ref=1428044205-3395&PayRef=6711838&Amt=500.0&Cur=978&prc=1&src=205&Ord=509317344786&Holder=Jean Paul Patarozzi&AuthId=&TxTime=2015-04-03 14:58:21.0&errMsg=Transaction failed







2015-04-03T07:12:20Z
RequestParameter:  billNo: fehcbiidgd | startTime:2015-04-03 07:12:20

2015-04-03T07:12:20Z
https://www.pesopay.com/b2c2/eng/directPay/payComp.jsp?payType=N&merchantId=18139954&pMethod=VISA&lang=E&cardHolder=mike%20kkkkk&cardNo=4************192&securityCode=***&epMonth=11&epYear=2016&amount=10&currCode=978&orderRef=fehcbiidgd&remark=

2015-04-03T07:12:29Z
ResponseParameter:  billNo: fehcbiidgd | endTime:2015-04-03 07:12:29

2015-04-03T07:12:29Z
successcode=0&Ref=fehcbiidgd&PayRef=6711869&Amt=10.0&Cur=978&prc=0&src=0&Ord=509318344850&Holder=mike kkkkk&AuthId=457281&TxTime=2015-04-03 15:12:14.0&errMsg=Transaction completed







2015-04-03T07:12:56Z
RequestParameter:  billNo: 3abde7ad219e4a49baa113206a46f84e | startTime:2015-04-03 07:12:56

2015-04-03T07:12:56Z
https://www.pesopay.com/b2c2/eng/directPay/payComp.jsp?payType=N&merchantId=18139954&pMethod=VISA&lang=E&cardHolder=alain%20vanden&cardNo=4************443&securityCode=***&epMonth=09&epYear=2016&amount=200&currCode=978&orderRef=3abde7ad219e4a49baa113206a46f84e&remark=

2015-04-03T07:13:00Z
ResponseParameter:  billNo: 3abde7ad219e4a49baa113206a46f84e | endTime:2015-04-03 07:13:00

2015-04-03T07:13:00Z
successcode=1&Ref=3abde7ad219e4a49baa113206a46f84e&PayRef=6711873&Amt=200.0&Cur=978&prc=1&src=214&Ord=509318344854&Holder=alain vanden&AuthId=&TxTime=2015-04-03 15:12:50.0&errMsg=Transaction failed







2015-04-03T07:37:01Z
RequestParameter:  billNo: 1428046487-3340 | startTime:2015-04-03 07:37:01

2015-04-03T07:37:01Z
https://www.pesopay.com/b2c2/eng/directPay/payComp.jsp?payType=N&merchantId=18139954&pMethod=Master&lang=E&cardHolder=SOUFFLET%20Jean%20Louis&cardNo=5************827&securityCode=***&epMonth=09&epYear=2017&amount=1000&currCode=978&orderRef=1428046487-3340&remark=

2015-04-03T07:37:03Z
ResponseParameter:  billNo: 1428046487-3340 | endTime:2015-04-03 07:37:03

2015-04-03T07:37:03Z
successcode=1&Ref=1428046487-3340&PayRef=6711938&Amt=1000.0&Cur=978&prc=-8&src=2017&Ord=&Holder=SOUFFLET Jean Louis&AuthId=&TxTime=2015-04-03 15:36:55.0&errMsg=Transaction failed







2015-04-03T07:50:37Z
RequestParameter:  billNo: abkiiikfdb | startTime:2015-04-03 07:50:37

2015-04-03T07:50:37Z
https://www.pesopay.com/b2c2/eng/directPay/payComp.jsp?payType=N&merchantId=18139954&pMethod=VISA&lang=E&cardHolder=mike%20kkkkk&cardNo=4************192&securityCode=***&epMonth=11&epYear=2016&amount=50&currCode=978&orderRef=abkiiikfdb&remark=

2015-04-03T07:50:48Z
ResponseParameter:  billNo: abkiiikfdb | endTime:2015-04-03 07:50:48

2015-04-03T07:50:48Z
successcode=0&Ref=abkiiikfdb&PayRef=6711980&Amt=50.0&Cur=978&prc=0&src=0&Ord=509318346266&Holder=mike kkkkk&AuthId=864755&TxTime=2015-04-03 15:50:32.0&errMsg=Transaction completed







2015-04-03T07:59:44Z
RequestParameter:  billNo: 1428047808-15586 | startTime:2015-04-03 07:59:44

2015-04-03T07:59:44Z
https://www.pesopay.com/b2c2/eng/directPay/payComp.jsp?payType=N&merchantId=18139954&pMethod=VISA&lang=E&cardHolder=GUY%20GENVO%20%20GUY&cardNo=4************011&securityCode=***&epMonth=07&epYear=2017&amount=250&currCode=978&orderRef=1428047808-15586&remark=

2015-04-03T07:59:50Z
ResponseParameter:  billNo: 1428047808-15586 | endTime:2015-04-03 07:59:50

2015-04-03T07:59:50Z
successcode=0&Ref=1428047808-15586&PayRef=6712026&Amt=250.0&Cur=978&prc=0&src=0&Ord=509318346324&Holder=GUY GENVO  GUY&AuthId=013030&TxTime=2015-04-03 15:59:37.0&errMsg=Transaction completed







2015-04-03T08:29:11Z
RequestParameter:  billNo: 8cb5b8865e344c1585dee0cf6f65d29a | startTime:2015-04-03 08:29:11

2015-04-03T08:29:11Z
https://www.pesopay.com/b2c2/eng/directPay/payComp.jsp?payType=N&merchantId=18139954&pMethod=VISA&lang=E&cardHolder=alain%20vanden&cardNo=4************443&securityCode=***&epMonth=09&epYear=2016&amount=200&currCode=978&orderRef=8cb5b8865e344c1585dee0cf6f65d29a&remark=

2015-04-03T08:29:16Z
ResponseParameter:  billNo: 8cb5b8865e344c1585dee0cf6f65d29a | endTime:2015-04-03 08:29:16

2015-04-03T08:29:16Z
successcode=1&Ref=8cb5b8865e344c1585dee0cf6f65d29a&PayRef=6712119&Amt=200.0&Cur=978&prc=1&src=214&Ord=509319346432&Holder=alain vanden&AuthId=&TxTime=2015-04-03 16:29:05.0&errMsg=Transaction failed







2015-04-03T08:36:46Z
RequestParameter:  billNo: 1428049905-39251 | startTime:2015-04-03 08:36:46

2015-04-03T08:36:46Z
https://www.pesopay.com/b2c2/eng/directPay/payComp.jsp?payType=N&merchantId=18139954&pMethod=VISA&lang=E&cardHolder=dominique%20dorotte&cardNo=4************610&securityCode=***&epMonth=09&epYear=2017&amount=1500&currCode=978&orderRef=1428049905-39251&remark=

2015-04-03T08:36:52Z
ResponseParameter:  billNo: 1428049905-39251 | endTime:2015-04-03 08:36:52

2015-04-03T08:36:52Z
successcode=0&Ref=1428049905-39251&PayRef=6712138&Amt=1500.0&Cur=978&prc=0&src=0&Ord=509319346455&Holder=dominique dorotte&AuthId=945513&TxTime=2015-04-03 16:36:39.0&errMsg=Transaction completed







2015-04-03T08:58:22Z
RequestParameter:  billNo: 56d61f4ef46248e689deab0da842bdb9 | startTime:2015-04-03 08:58:22

2015-04-03T08:58:22Z
https://www.pesopay.com/b2c2/eng/directPay/payComp.jsp?payType=N&merchantId=18139954&pMethod=VISA&lang=E&cardHolder=patrick%20cardoso&cardNo=4************225&securityCode=***&epMonth=09&epYear=2015&amount=200&currCode=978&orderRef=56d61f4ef46248e689deab0da842bdb9&remark=

2015-04-03T08:58:28Z
ResponseParameter:  billNo: 56d61f4ef46248e689deab0da842bdb9 | endTime:2015-04-03 08:58:28

2015-04-03T08:58:28Z
successcode=0&Ref=56d61f4ef46248e689deab0da842bdb9&PayRef=6712204&Amt=200.0&Cur=978&prc=0&src=0&Ord=509319346537&Holder=patrick cardoso&AuthId=529431&TxTime=2015-04-03 16:58:15.0&errMsg=Transaction completed







2015-04-03T09:12:59Z
RequestParameter:  billNo: 280678c8d96945e1b8d9b4b8766dfe93 | startTime:2015-04-03 09:12:59

2015-04-03T09:12:59Z
https://www.pesopay.com/b2c2/eng/directPay/payComp.jsp?payType=N&merchantId=18139954&pMethod=VISA&lang=E&cardHolder=mona%20chlebek&cardNo=4************967&securityCode=***&epMonth=09&epYear=2015&amount=1000&currCode=978&orderRef=280678c8d96945e1b8d9b4b8766dfe93&remark=

2015-04-03T09:13:04Z
ResponseParameter:  billNo: 280678c8d96945e1b8d9b4b8766dfe93 | endTime:2015-04-03 09:13:04

2015-04-03T09:13:04Z
successcode=1&Ref=280678c8d96945e1b8d9b4b8766dfe93&PayRef=6712228&Amt=1000.0&Cur=978&prc=1&src=551&Ord=509320346582&Holder=mona chlebek&AuthId=&TxTime=2015-04-03 17:12:54.0&errMsg=Transaction failed







2015-04-03T09:13:34Z
RequestParameter:  billNo: f67d74a85edb4ce1ae8c2a19a9193fff | startTime:2015-04-03 09:13:34

2015-04-03T09:13:34Z
https://www.pesopay.com/b2c2/eng/directPay/payComp.jsp?payType=N&merchantId=18139954&pMethod=VISA&lang=E&cardHolder=mona%20chlebek&cardNo=4************967&securityCode=***&epMonth=09&epYear=2015&amount=500&currCode=978&orderRef=f67d74a85edb4ce1ae8c2a19a9193fff&remark=

2015-04-03T09:13:43Z
ResponseParameter:  billNo: f67d74a85edb4ce1ae8c2a19a9193fff | endTime:2015-04-03 09:13:43

2015-04-03T09:13:43Z
successcode=0&Ref=f67d74a85edb4ce1ae8c2a19a9193fff&PayRef=6712232&Amt=500.0&Cur=978&prc=0&src=0&Ord=509320346589&Holder=mona chlebek&AuthId=145215&TxTime=2015-04-03 17:13:28.0&errMsg=Transaction completed







2015-04-03T09:14:56Z
RequestParameter:  billNo: a9ff4d6621364e178919852be4872e1b | startTime:2015-04-03 09:14:56

2015-04-03T09:14:56Z
https://www.pesopay.com/b2c2/eng/directPay/payComp.jsp?payType=N&merchantId=18139954&pMethod=VISA&lang=E&cardHolder=mona%20chlebek&cardNo=4************967&securityCode=***&epMonth=09&epYear=2015&amount=500&currCode=978&orderRef=a9ff4d6621364e178919852be4872e1b&remark=

2015-04-03T09:15:02Z
ResponseParameter:  billNo: a9ff4d6621364e178919852be4872e1b | endTime:2015-04-03 09:15:02

2015-04-03T09:15:02Z
successcode=0&Ref=a9ff4d6621364e178919852be4872e1b&PayRef=6712235&Amt=500.0&Cur=978&prc=0&src=0&Ord=509320346594&Holder=mona chlebek&AuthId=234795&TxTime=2015-04-03 17:14:49.0&errMsg=Transaction completed







2015-04-03T09:18:47Z
RequestParameter:  billNo: b51a92f5d2c14c96b120cffcb42a80f8 | startTime:2015-04-03 09:18:47

2015-04-03T09:18:47Z
https://www.pesopay.com/b2c2/eng/directPay/payComp.jsp?payType=N&merchantId=18139954&pMethod=Master&lang=E&cardHolder=mostafa%20%20boulahya&cardNo=5************568&securityCode=***&epMonth=02&epYear=2017&amount=200&currCode=978&orderRef=b51a92f5d2c14c96b120cffcb42a80f8&remark=

2015-04-03T09:18:52Z
ResponseParameter:  billNo: b51a92f5d2c14c96b120cffcb42a80f8 | endTime:2015-04-03 09:18:52

2015-04-03T09:18:52Z
successcode=1&Ref=b51a92f5d2c14c96b120cffcb42a80f8&PayRef=6712246&Amt=200.0&Cur=978&prc=1&src=551&Ord=509320346611&Holder=mostafa  boulahya&AuthId=&TxTime=2015-04-03 17:18:41.0&errMsg=Transaction failed







2015-04-03T09:23:05Z
RequestParameter:  billNo: 4a2fbb13d2704fcdad0f8fb14c96fdf5 | startTime:2015-04-03 09:23:05

2015-04-03T09:23:05Z
https://www.pesopay.com/b2c2/eng/directPay/payComp.jsp?payType=N&merchantId=18139954&pMethod=Master&lang=E&cardHolder=mostafa%20%20boulahya&cardNo=5************568&securityCode=***&epMonth=02&epYear=2017&amount=200&currCode=978&orderRef=4a2fbb13d2704fcdad0f8fb14c96fdf5&remark=

2015-04-03T09:23:08Z
ResponseParameter:  billNo: 4a2fbb13d2704fcdad0f8fb14c96fdf5 | endTime:2015-04-03 09:23:08

2015-04-03T09:23:08Z
successcode=1&Ref=4a2fbb13d2704fcdad0f8fb14c96fdf5&PayRef=6712260&Amt=200.0&Cur=978&prc=1&src=551&Ord=509320346628&Holder=mostafa  boulahya&AuthId=&TxTime=2015-04-03 17:22:58.0&errMsg=Transaction failed







2015-04-03T09:33:31Z
RequestParameter:  billNo: a134f5e9476e4d0c9b574d1e13d9621c | startTime:2015-04-03 09:33:31

2015-04-03T09:33:31Z
https://www.pesopay.com/b2c2/eng/directPay/payComp.jsp?payType=N&merchantId=18139954&pMethod=VISA&lang=E&cardHolder=ali%20benabed&cardNo=4************537&securityCode=***&epMonth=09&epYear=2017&amount=200&currCode=978&orderRef=a134f5e9476e4d0c9b574d1e13d9621c&remark=

2015-04-03T09:33:36Z
ResponseParameter:  billNo: a134f5e9476e4d0c9b574d1e13d9621c | endTime:2015-04-03 09:33:36

2015-04-03T09:33:36Z
successcode=1&Ref=a134f5e9476e4d0c9b574d1e13d9621c&PayRef=6712295&Amt=200.0&Cur=978&prc=1&src=205&Ord=509320346681&Holder=ali benabed&AuthId=&TxTime=2015-04-03 17:33:26.0&errMsg=Transaction failed







2015-04-03T09:46:31Z
RequestParameter:  billNo: 97a172d1320d409b8b06bb1630239d42 | startTime:2015-04-03 09:46:31

2015-04-03T09:46:31Z
https://www.pesopay.com/b2c2/eng/directPay/payComp.jsp?payType=N&merchantId=18139954&pMethod=VISA&lang=E&cardHolder=alain%20vanden%20abeele&cardNo=4************443&securityCode=***&epMonth=05&epYear=2016&amount=200&currCode=978&orderRef=97a172d1320d409b8b06bb1630239d42&remark=

2015-04-03T09:46:36Z
ResponseParameter:  billNo: 97a172d1320d409b8b06bb1630239d42 | endTime:2015-04-03 09:46:36

2015-04-03T09:46:36Z
successcode=0&Ref=97a172d1320d409b8b06bb1630239d42&PayRef=6712318&Amt=200.0&Cur=978&prc=0&src=0&Ord=509320346716&Holder=alain vanden abeele&AuthId=036351&TxTime=2015-04-03 17:46:24.0&errMsg=Transaction completed







2015-04-03T09:53:22Z
RequestParameter:  billNo: f9c9cb8fed7f4c8880b303290e14d2b1 | startTime:2015-04-03 09:53:22

2015-04-03T09:53:22Z
https://www.pesopay.com/b2c2/eng/directPay/payComp.jsp?payType=N&merchantId=18139954&pMethod=VISA&lang=E&cardHolder=JULIEN%20VILCOT&cardNo=4************631&securityCode=***&epMonth=09&epYear=2017&amount=200&currCode=978&orderRef=f9c9cb8fed7f4c8880b303290e14d2b1&remark=

2015-04-03T09:53:27Z
ResponseParameter:  billNo: f9c9cb8fed7f4c8880b303290e14d2b1 | endTime:2015-04-03 09:53:27

2015-04-03T09:53:27Z
successcode=1&Ref=f9c9cb8fed7f4c8880b303290e14d2b1&PayRef=6712337&Amt=200.0&Cur=978&prc=1&src=551&Ord=509320346744&Holder=JULIEN VILCOT&AuthId=&TxTime=2015-04-03 17:53:16.0&errMsg=Transaction failed







2015-04-03T09:54:48Z
RequestParameter:  billNo: 1428054808-3395 | startTime:2015-04-03 09:54:48

2015-04-03T09:54:48Z
https://www.pesopay.com/b2c2/eng/directPay/payComp.jsp?payType=N&merchantId=18139954&pMethod=Master&lang=E&cardHolder=Jean%20Paul%20Patarozzi&cardNo=5************074&securityCode=***&epMonth=09&epYear=2017&amount=500&currCode=978&orderRef=1428054808-3395&remark=

2015-04-03T09:54:51Z
ResponseParameter:  billNo: 1428054808-3395 | endTime:2015-04-03 09:54:51

2015-04-03T09:54:51Z
successcode=1&Ref=1428054808-3395&PayRef=6712340&Amt=500.0&Cur=978&prc=1&src=257&Ord=509320346752&Holder=Jean Paul Patarozzi&AuthId=&TxTime=2015-04-03 17:54:42.0&errMsg=Transaction failed







2015-04-03T09:55:10Z
RequestParameter:  billNo: 7c60044cd93144ae90d5c17ca1e47dc8 | startTime:2015-04-03 09:55:10

2015-04-03T09:55:10Z
https://www.pesopay.com/b2c2/eng/directPay/payComp.jsp?payType=N&merchantId=18139954&pMethod=VISA&lang=E&cardHolder=JULIEN%20VILCOT&cardNo=4************631&securityCode=***&epMonth=09&epYear=2017&amount=200&currCode=978&orderRef=7c60044cd93144ae90d5c17ca1e47dc8&remark=

2015-04-03T09:55:15Z
ResponseParameter:  billNo: 7c60044cd93144ae90d5c17ca1e47dc8 | endTime:2015-04-03 09:55:15

2015-04-03T09:55:15Z
successcode=1&Ref=7c60044cd93144ae90d5c17ca1e47dc8&PayRef=6712343&Amt=200.0&Cur=978&prc=1&src=551&Ord=509320346755&Holder=JULIEN VILCOT&AuthId=&TxTime=2015-04-03 17:55:04.0&errMsg=Transaction failed







2015-04-03T09:56:43Z
RequestParameter:  billNo: c4b01a91272b4f9aadff0893049fb5f4 | startTime:2015-04-03 09:56:43

2015-04-03T09:56:43Z
https://www.pesopay.com/b2c2/eng/directPay/payComp.jsp?payType=N&merchantId=18139954&pMethod=VISA&lang=E&cardHolder=julien%20vilcot&cardNo=4************631&securityCode=***&epMonth=09&epYear=2017&amount=200&currCode=978&orderRef=c4b01a91272b4f9aadff0893049fb5f4&remark=

2015-04-03T09:56:46Z
ResponseParameter:  billNo: c4b01a91272b4f9aadff0893049fb5f4 | endTime:2015-04-03 09:56:46

2015-04-03T09:56:46Z
successcode=1&Ref=c4b01a91272b4f9aadff0893049fb5f4&PayRef=6712360&Amt=200.0&Cur=978&prc=1&src=551&Ord=509320346771&Holder=julien vilcot&AuthId=&TxTime=2015-04-03 17:56:36.0&errMsg=Transaction failed







2015-04-03T10:13:57Z
RequestParameter:  billNo: 1c0a7413c299467092f00d2f4e0cdcc6 | startTime:2015-04-03 10:13:57

2015-04-03T10:13:57Z
https://www.pesopay.com/b2c2/eng/directPay/payComp.jsp?payType=N&merchantId=18139954&pMethod=Master&lang=E&cardHolder=francois%20fontaine&cardNo=5************826&securityCode=***&epMonth=09&epYear=2016&amount=700&currCode=978&orderRef=1c0a7413c299467092f00d2f4e0cdcc6&remark=

2015-04-03T10:14:03Z
ResponseParameter:  billNo: 1c0a7413c299467092f00d2f4e0cdcc6 | endTime:2015-04-03 10:14:03

2015-04-03T10:14:03Z
successcode=1&Ref=1c0a7413c299467092f00d2f4e0cdcc6&PayRef=6712410&Amt=700.0&Cur=978&prc=1&src=257&Ord=509321346844&Holder=francois fontaine&AuthId=&TxTime=2015-04-03 18:13:51.0&errMsg=Transaction failed







2015-04-03T10:18:41Z
RequestParameter:  billNo: bec51d4500164698bf9481d8699bb6b6 | startTime:2015-04-03 10:18:41

2015-04-03T10:18:41Z
https://www.pesopay.com/b2c2/eng/directPay/payComp.jsp?payType=N&merchantId=18139954&pMethod=VISA&lang=E&cardHolder=JULIEN%20VILCOT&cardNo=4************631&securityCode=***&epMonth=09&epYear=2017&amount=200&currCode=978&orderRef=bec51d4500164698bf9481d8699bb6b6&remark=

2015-04-03T10:18:48Z
ResponseParameter:  billNo: bec51d4500164698bf9481d8699bb6b6 | endTime:2015-04-03 10:18:48

2015-04-03T10:18:48Z
successcode=1&Ref=bec51d4500164698bf9481d8699bb6b6&PayRef=6712423&Amt=200.0&Cur=978&prc=1&src=551&Ord=509321346860&Holder=JULIEN VILCOT&AuthId=&TxTime=2015-04-03 18:18:34.0&errMsg=Transaction failed







2015-04-03T10:20:23Z
RequestParameter:  billNo: 59940ef904114986abfaca3839e74523 | startTime:2015-04-03 10:20:23

2015-04-03T10:20:23Z
https://www.pesopay.com/b2c2/eng/directPay/payComp.jsp?payType=N&merchantId=18139954&pMethod=VISA&lang=E&cardHolder=JULIEN%20VILCOT&cardNo=4************631&securityCode=***&epMonth=09&epYear=2017&amount=200&currCode=978&orderRef=59940ef904114986abfaca3839e74523&remark=

2015-04-03T10:20:27Z
ResponseParameter:  billNo: 59940ef904114986abfaca3839e74523 | endTime:2015-04-03 10:20:27

2015-04-03T10:20:27Z
successcode=1&Ref=59940ef904114986abfaca3839e74523&PayRef=6712427&Amt=200.0&Cur=978&prc=1&src=551&Ord=509321346866&Holder=JULIEN VILCOT&AuthId=&TxTime=2015-04-03 18:20:17.0&errMsg=Transaction failed







2015-04-03T10:21:59Z
RequestParameter:  billNo: 74b6fafaa5794ac5a3f9f03cc7fc1a5d | startTime:2015-04-03 10:21:59

2015-04-03T10:21:59Z
https://www.pesopay.com/b2c2/eng/directPay/payComp.jsp?payType=N&merchantId=18139954&pMethod=VISA&lang=E&cardHolder=VILCOT%20JULIEN&cardNo=4************631&securityCode=***&epMonth=09&epYear=2017&amount=200&currCode=978&orderRef=74b6fafaa5794ac5a3f9f03cc7fc1a5d&remark=

2015-04-03T10:22:02Z
ResponseParameter:  billNo: 74b6fafaa5794ac5a3f9f03cc7fc1a5d | endTime:2015-04-03 10:22:02

2015-04-03T10:22:02Z
successcode=1&Ref=74b6fafaa5794ac5a3f9f03cc7fc1a5d&PayRef=6712435&Amt=200.0&Cur=978&prc=1&src=551&Ord=509321346876&Holder=VILCOT JULIEN&AuthId=&TxTime=2015-04-03 18:21:52.0&errMsg=Transaction failed







2015-04-03T10:32:18Z
RequestParameter:  billNo: 76c483e233f94455bdcd8ec02dfd84c2 | startTime:2015-04-03 10:32:18

2015-04-03T10:32:18Z
https://www.pesopay.com/b2c2/eng/directPay/payComp.jsp?payType=N&merchantId=18139954&pMethod=Master&lang=E&cardHolder=pascal%20dousset&cardNo=5************012&securityCode=***&epMonth=02&epYear=2017&amount=700&currCode=978&orderRef=76c483e233f94455bdcd8ec02dfd84c2&remark=

2015-04-03T10:32:26Z
ResponseParameter:  billNo: 76c483e233f94455bdcd8ec02dfd84c2 | endTime:2015-04-03 10:32:26

2015-04-03T10:32:26Z
successcode=0&Ref=76c483e233f94455bdcd8ec02dfd84c2&PayRef=6712455&Amt=700.0&Cur=978&prc=0&src=0&Ord=509321346902&Holder=pascal dousset&AuthId=440330&TxTime=2015-04-03 18:32:11.0&errMsg=Transaction completed







2015-04-03T10:48:12Z
RequestParameter:  billNo: 3ab17c0c5bc243028ceaab6fc866fff0 | startTime:2015-04-03 10:48:12

2015-04-03T10:48:12Z
https://www.pesopay.com/b2c2/eng/directPay/payComp.jsp?payType=N&merchantId=18139954&pMethod=VISA&lang=E&cardHolder=ALI%20BENABED&cardNo=4************537&securityCode=***&epMonth=09&epYear=2017&amount=200&currCode=978&orderRef=3ab17c0c5bc243028ceaab6fc866fff0&remark=

2015-04-03T10:48:17Z
ResponseParameter:  billNo: 3ab17c0c5bc243028ceaab6fc866fff0 | endTime:2015-04-03 10:48:17

2015-04-03T10:48:17Z
successcode=1&Ref=3ab17c0c5bc243028ceaab6fc866fff0&PayRef=6712505&Amt=200.0&Cur=978&prc=1&src=205&Ord=509321347004&Holder=ALI BENABED&AuthId=&TxTime=2015-04-03 18:48:07.0&errMsg=Transaction failed







2015-04-03T10:57:54Z
RequestParameter:  billNo: 6b2a23b974354d6d97d3443b3dcc6a46 | startTime:2015-04-03 10:57:54

2015-04-03T10:57:54Z
https://www.pesopay.com/b2c2/eng/directPay/payComp.jsp?payType=N&merchantId=18139954&pMethod=VISA&lang=E&cardHolder=ALI%20BENABED&cardNo=4************537&securityCode=***&epMonth=09&epYear=2017&amount=200&currCode=978&orderRef=6b2a23b974354d6d97d3443b3dcc6a46&remark=

2015-04-03T10:57:57Z
ResponseParameter:  billNo: 6b2a23b974354d6d97d3443b3dcc6a46 | endTime:2015-04-03 10:57:57

2015-04-03T10:57:57Z
successcode=1&Ref=6b2a23b974354d6d97d3443b3dcc6a46&PayRef=6712544&Amt=200.0&Cur=978&prc=1&src=205&Ord=509321347049&Holder=ALI BENABED&AuthId=&TxTime=2015-04-03 18:57:48.0&errMsg=Transaction failed







2015-04-03T11:00:09Z
RequestParameter:  billNo: 3f61f828b0bf4474a312db4d051d32f4 | startTime:2015-04-03 11:00:09

2015-04-03T11:00:09Z
https://www.pesopay.com/b2c2/eng/directPay/payComp.jsp?payType=N&merchantId=18139954&pMethod=VISA&lang=E&cardHolder=ALI%20BENABED&cardNo=4************537&securityCode=***&epMonth=09&epYear=2017&amount=200&currCode=978&orderRef=3f61f828b0bf4474a312db4d051d32f4&remark=

2015-04-03T11:00:19Z
ResponseParameter:  billNo: 3f61f828b0bf4474a312db4d051d32f4 | endTime:2015-04-03 11:00:19

2015-04-03T11:00:19Z
successcode=1&Ref=3f61f828b0bf4474a312db4d051d32f4&PayRef=6712556&Amt=200.0&Cur=978&prc=1&src=205&Ord=509322347063&Holder=ALI BENABED&AuthId=&TxTime=2015-04-03 19:00:03.0&errMsg=Transaction failed







2015-04-03T11:24:10Z
RequestParameter:  billNo: 13b4307af4934f34a316200429b8064a | startTime:2015-04-03 11:24:10

2015-04-03T11:24:10Z
https://www.pesopay.com/b2c2/eng/directPay/payComp.jsp?payType=N&merchantId=18139954&pMethod=VISA&lang=E&cardHolder=julien%20vilcot&cardNo=4************631&securityCode=***&epMonth=09&epYear=2017&amount=200&currCode=978&orderRef=13b4307af4934f34a316200429b8064a&remark=

2015-04-03T11:24:17Z
ResponseParameter:  billNo: 13b4307af4934f34a316200429b8064a | endTime:2015-04-03 11:24:17

2015-04-03T11:24:17Z
successcode=1&Ref=13b4307af4934f34a316200429b8064a&PayRef=6712629&Amt=200.0&Cur=978&prc=1&src=551&Ord=509322347174&Holder=julien vilcot&AuthId=&TxTime=2015-04-03 19:24:04.0&errMsg=Transaction failed







2015-04-03T12:56:36Z
RequestParameter:  billNo: a907cf1a9a8744618de6a2fc113eb14d | startTime:2015-04-03 12:56:36

2015-04-03T12:56:36Z
https://www.pesopay.com/b2c2/eng/directPay/payComp.jsp?payType=N&merchantId=18139954&pMethod=Master&lang=E&cardHolder=mathilde%20aragon&cardNo=5************747&securityCode=***&epMonth=01&epYear=2016&amount=1500&currCode=978&orderRef=a907cf1a9a8744618de6a2fc113eb14d&remark=

2015-04-03T12:56:41Z
ResponseParameter:  billNo: a907cf1a9a8744618de6a2fc113eb14d | endTime:2015-04-03 12:56:41

2015-04-03T12:56:41Z
successcode=0&Ref=a907cf1a9a8744618de6a2fc113eb14d&PayRef=6712982&Amt=1500.0&Cur=978&prc=0&src=0&Ord=509323347555&Holder=mathilde aragon&AuthId=107139&TxTime=2015-04-03 20:56:31.0&errMsg=Transaction completed







2015-04-03T13:07:20Z
RequestParameter:  billNo: bill635636629795659176 | startTime:2015-04-03 13:07:20

2015-04-03T13:07:20Z
https://www.pesopay.com/b2c2/eng/directPay/payComp.jsp?payType=N&merchantId=18139954&pMethod=VISA&lang=E&cardHolder=Remi%20Groh&cardNo=4************946&securityCode=***&epMonth=4&epYear=2016&amount=300&currCode=978&orderRef=bill635636629795659176&remark=

2015-04-03T13:07:23Z
ResponseParameter:  billNo: bill635636629795659176 | endTime:2015-04-03 13:07:23

2015-04-03T13:07:23Z
successcode=0&Ref=bill635636629795659176&PayRef=6713023&Amt=300.0&Cur=978&prc=0&src=0&Ord=509400347596&Holder=Remi Groh&AuthId=748795&TxTime=2015-04-03 21:07:13.0&errMsg=Transaction completed







