2015-02-09T08:18:58Z
RequestParameter:  billNo: 1423218996-27149 | startTime:2015-02-09 08:18:58

2015-02-09T08:18:58Z
https://www.pesopay.com/b2c2/eng/directPay/payComp.jsp?payType=N&merchantId=18139954&pMethod=Master&lang=E&cardHolder=fabien%20disseix&cardNo=5290970006988622&securityCode=575&epMonth=06&epYear=2017&amount=300&currCode=978&orderRef=1423218996-27149&remark=

2015-02-09T08:19:06Z
ResponseParameter:  billNo: 1423218996-27149 | endTime:2015-02-09 08:19:06

2015-02-09T08:19:06Z
successcode=1&Ref=1423218996-27149&PayRef=6361990&Amt=300.0&Cur=978&prc=1&src=551&Ord=504019588623&Holder=fabien disseix&AuthId=&TxTime=2015-02-09 16:19:32.0&errMsg=Transaction failed







2015-02-09T09:26:02Z
RequestParameter:  billNo: 1423127196-7178 | startTime:2015-02-09 09:26:02

2015-02-09T09:26:02Z
https://www.pesopay.com/b2c2/eng/directPay/payComp.jsp?payType=N&merchantId=18139954&pMethod=VISA&lang=E&cardHolder=Ben%20Ammar%20%20.anis&cardNo=4978043302049333&securityCode=899&epMonth=12&epYear=2017&amount=250&currCode=978&orderRef=1423127196-7178&remark=

2015-02-09T09:26:08Z
ResponseParameter:  billNo: 1423127196-7178 | endTime:2015-02-09 09:26:08

2015-02-09T09:26:08Z
successcode=0&Ref=1423127196-7178&PayRef=6362311&Amt=250.0&Cur=978&prc=0&src=0&Ord=504020590155&Holder=Ben Ammar  .anis&AuthId=244044&TxTime=2015-02-09 17:26:35.0&errMsg=Transaction completed







2015-02-09T09:33:13Z
RequestParameter:  billNo: 0002Yua | startTime:2015-02-09 09:33:13

2015-02-09T09:33:13Z
https://www.pesopay.com/b2c2/eng/directPay/payComp.jsp?payType=N&merchantId=18139939&pMethod=VISA&lang=E&cardHolder=Antonio%20Perdue&cardNo=4737020983367095&securityCode=565&epMonth=11&epYear=2017&amount=250&currCode=840&orderRef=0002Yua&remark=

2015-02-09T09:33:17Z
ResponseParameter:  billNo: 0002Yua | endTime:2015-02-09 09:33:17

2015-02-09T09:33:17Z
successcode=1&Ref=0002Yua&PayRef=6362343&Amt=250.0&Cur=840&prc=1&src=551&Ord=504020590199&Holder=Antonio Perdue&AuthId=&TxTime=2015-02-09 17:33:45.0&errMsg=Transaction failed







2015-02-09T09:41:56Z
RequestParameter:  billNo: 1423150770-3697 | startTime:2015-02-09 09:41:56

2015-02-09T09:41:56Z
https://www.pesopay.com/b2c2/eng/directPay/payComp.jsp?payType=N&merchantId=18139954&pMethod=VISA&lang=E&cardHolder=%20Alfred%20Cornioley&cardNo=4950180149251441&securityCode=524&epMonth=04&epYear=2017&amount=1000&currCode=978&orderRef=1423150770-3697&remark=

2015-02-09T09:42:00Z
ResponseParameter:  billNo: 1423150770-3697 | endTime:2015-02-09 09:42:00

2015-02-09T09:42:00Z
successcode=0&Ref=1423150770-3697&PayRef=6362386&Amt=1000.0&Cur=978&prc=0&src=0&Ord=504020590257&Holder= Alfred Cornioley&AuthId=050738&TxTime=2015-02-09 17:42:28.0&errMsg=Transaction completed







2015-02-09T09:59:38Z
RequestParameter:  billNo: 1423227277-1299 | startTime:2015-02-09 09:59:38

2015-02-09T09:59:38Z
https://www.pesopay.com/b2c2/eng/directPay/payComp.jsp?payType=N&merchantId=18139954&pMethod=VISA&lang=E&cardHolder=Michel%20Corbel&cardNo=4974904625438749&securityCode=578&epMonth=03&epYear=2016&amount=250&currCode=978&orderRef=1423227277-1299&remark=

2015-02-09T09:59:44Z
ResponseParameter:  billNo: 1423227277-1299 | endTime:2015-02-09 09:59:44

2015-02-09T09:59:44Z
successcode=0&Ref=1423227277-1299&PayRef=6362460&Amt=250.0&Cur=978&prc=0&src=0&Ord=504021590393&Holder=Michel Corbel&AuthId=154634&TxTime=2015-02-09 18:00:10.0&errMsg=Transaction completed







2015-02-09T10:16:05Z
RequestParameter:  billNo: 1423474203-18408 | startTime:2015-02-09 10:16:05

2015-02-09T10:16:05Z
https://www.pesopay.com/b2c2/eng/directPay/payComp.jsp?payType=N&merchantId=18139954&pMethod=Master&lang=E&cardHolder=jean%20paul%20le%20foll&cardNo=5290970000590176&securityCode=738&epMonth=10&epYear=2017&amount=100&currCode=978&orderRef=1423474203-18408&remark=

2015-02-09T10:16:12Z
ResponseParameter:  billNo: 1423474203-18408 | endTime:2015-02-09 10:16:12

2015-02-09T10:16:12Z
successcode=1&Ref=1423474203-18408&PayRef=6362582&Amt=100.0&Cur=978&prc=1&src=551&Ord=504021590483&Holder=jean paul le foll&AuthId=&TxTime=2015-02-09 18:16:37.0&errMsg=Transaction failed







2015-02-09T10:24:14Z
RequestParameter:  billNo: 0002Yuy | startTime:2015-02-09 10:24:14

2015-02-09T10:24:14Z
https://www.pesopay.com/b2c2/eng/directPay/payComp.jsp?payType=N&merchantId=18139939&pMethod=VISA&lang=E&cardHolder=Aziy%20%20Zaimie&cardNo=4182382022639565&securityCode=317&epMonth=03&epYear=2019&amount=370&currCode=840&orderRef=0002Yuy&remark=

2015-02-09T10:24:18Z
ResponseParameter:  billNo: 0002Yuy | endTime:2015-02-09 10:24:18

2015-02-09T10:24:18Z
successcode=0&Ref=0002Yuy&PayRef=6362623&Amt=370.0&Cur=840&prc=0&src=0&Ord=504021590534&Holder=Aziy  Zaimie&AuthId=207401&TxTime=2015-02-09 18:24:46.0&errMsg=Transaction completed







2015-02-09T10:29:52Z
RequestParameter:  billNo: 0002Yv4 | startTime:2015-02-09 10:29:52

2015-02-09T10:29:52Z
https://www.pesopay.com/b2c2/eng/directPay/payComp.jsp?payType=N&merchantId=18139939&pMethod=VISA&lang=E&cardHolder=Aziy%20Zaimie&cardNo=4182382022639565&securityCode=317&epMonth=03&epYear=2019&amount=250&currCode=840&orderRef=0002Yv4&remark=

2015-02-09T10:30:05Z
ResponseParameter:  billNo: 0002Yv4 | endTime:2015-02-09 10:30:05

2015-02-09T10:30:05Z
successcode=0&Ref=0002Yv4&PayRef=6362642&Amt=250.0&Cur=840&prc=0&src=0&Ord=504021590566&Holder=Aziy Zaimie&AuthId=207402&TxTime=2015-02-09 18:30:25.0&errMsg=Transaction completed







2015-02-09T12:02:40Z
RequestParameter:  billNo: 0002Yvg | startTime:2015-02-09 12:02:40

2015-02-09T12:02:40Z
https://www.pesopay.com/b2c2/eng/directPay/payComp.jsp?payType=N&merchantId=18139939&pMethod=Master&lang=E&cardHolder=Rasheed%20Abi%20Eid&cardNo=5576526603829596&securityCode=725&epMonth=10&epYear=2019&amount=400&currCode=840&orderRef=0002Yvg&remark=

2015-02-09T12:02:47Z
ResponseParameter:  billNo: 0002Yvg | endTime:2015-02-09 12:02:47

2015-02-09T12:02:47Z
successcode=1&Ref=0002Yvg&PayRef=6363035&Amt=400.0&Cur=840&prc=1&src=257&Ord=504023591089&Holder=Rasheed Abi Eid&AuthId=&TxTime=2015-02-09 20:03:13.0&errMsg=Transaction failed







2015-02-09T12:09:37Z
RequestParameter:  billNo: 0002Yvi | startTime:2015-02-09 12:09:37

2015-02-09T12:09:37Z
https://www.pesopay.com/b2c2/eng/directPay/payComp.jsp?payType=N&merchantId=18139939&pMethod=Master&lang=E&cardHolder=Rasheed%20Abu%20Eid&cardNo=5576526603829596&securityCode=725&epMonth=10&epYear=2019&amount=250&currCode=840&orderRef=0002Yvi&remark=

2015-02-09T12:09:44Z
ResponseParameter:  billNo: 0002Yvi | endTime:2015-02-09 12:09:44

2015-02-09T12:09:44Z
successcode=1&Ref=0002Yvi&PayRef=6363116&Amt=250.0&Cur=840&prc=1&src=257&Ord=504023591128&Holder=Rasheed Abu Eid&AuthId=&TxTime=2015-02-09 20:10:10.0&errMsg=Transaction failed







2015-02-09T12:27:18Z
RequestParameter:  billNo: 1423477990-1299 | startTime:2015-02-09 12:27:18

2015-02-09T12:27:18Z
https://www.pesopay.com/b2c2/eng/directPay/payComp.jsp?payType=N&merchantId=18139954&pMethod=VISA&lang=E&cardHolder=Michel%20Corbel&cardNo=4974904625438749&securityCode=578&epMonth=03&epYear=2016&amount=250&currCode=978&orderRef=1423477990-1299&remark=

2015-02-09T12:27:23Z
ResponseParameter:  billNo: 1423477990-1299 | endTime:2015-02-09 12:27:23

2015-02-09T12:27:23Z
successcode=0&Ref=1423477990-1299&PayRef=6363244&Amt=250.0&Cur=978&prc=0&src=0&Ord=504023591188&Holder=Michel Corbel&AuthId=004332&TxTime=2015-02-09 20:27:51.0&errMsg=Transaction completed







2015-02-09T12:33:51Z
RequestParameter:  billNo: 1423222192-37601 | startTime:2015-02-09 12:33:51

2015-02-09T12:33:51Z
https://www.pesopay.com/b2c2/eng/directPay/payComp.jsp?payType=N&merchantId=18139954&pMethod=Master&lang=E&cardHolder=d%20adduzio%20antonio&cardNo=5255000009761884&securityCode=630&epMonth=09&epYear=2015&amount=1000&currCode=978&orderRef=1423222192-37601&remark=

2015-02-09T12:33:56Z
ResponseParameter:  billNo: 1423222192-37601 | endTime:2015-02-09 12:33:56

2015-02-09T12:33:56Z
successcode=0&Ref=1423222192-37601&PayRef=6363267&Amt=1000.0&Cur=978&prc=0&src=0&Ord=504023591217&Holder=d adduzio antonio&AuthId=948865&TxTime=2015-02-09 20:34:23.0&errMsg=Transaction completed







2015-02-09T12:37:23Z
RequestParameter:  billNo: 1422973329-40982 | startTime:2015-02-09 12:37:23

2015-02-09T12:37:23Z
https://www.pesopay.com/b2c2/eng/directPay/payComp.jsp?payType=N&merchantId=18139954&pMethod=Master&lang=E&cardHolder=Suzette%20Chassibout&cardNo=5136250009164978&securityCode=335&epMonth=09&epYear=2015&amount=500&currCode=978&orderRef=1422973329-40982&remark=

2015-02-09T12:37:28Z
ResponseParameter:  billNo: 1422973329-40982 | endTime:2015-02-09 12:37:28

2015-02-09T12:37:28Z
successcode=0&Ref=1422973329-40982&PayRef=6363279&Amt=500.0&Cur=978&prc=0&src=0&Ord=504023591246&Holder=Suzette Chassibout&AuthId=254131&TxTime=2015-02-09 20:37:55.0&errMsg=Transaction completed







2015-02-09T13:10:28Z
RequestParameter:  billNo: 1423483389-21624 | startTime:2015-02-09 13:10:28

2015-02-09T13:10:28Z
https://www.pesopay.com/b2c2/eng/directPay/payComp.jsp?payType=N&merchantId=18139954&pMethod=Master&lang=E&cardHolder=leonardo%20zanca%20zanca&cardNo=5338750279740098&securityCode=17&epMonth=08&epYear=2019&amount=500&currCode=978&orderRef=1423483389-21624&remark=

2015-02-09T13:10:30Z
ResponseParameter:  billNo: 1423483389-21624 | endTime:2015-02-09 13:10:30

2015-02-09T13:10:30Z
successcode=-1&Ref=&PayRef=&Amt=&Cur=&prc=&src=&Ord=&Holder=&AuthId=&TxTime=&errMsg=Invalid Card Verification Number


2015-02-09T13:13:40Z
RequestParameter:  billNo: 1422546774-18234 | startTime:2015-02-09 13:13:40

2015-02-09T13:13:40Z
https://www.pesopay.com/b2c2/eng/directPay/payComp.jsp?payType=N&merchantId=18139954&pMethod=VISA&lang=E&cardHolder=Vincent%20Romagne&cardNo=4974014531557036&securityCode=473&epMonth=05&epYear=2017&amount=250&currCode=978&orderRef=1422546774-18234&remark=

2015-02-09T13:14:00Z
ResponseParameter:  billNo: 1422546774-18234 | endTime:2015-02-09 13:14:00

2015-02-09T13:14:00Z
successcode=0&Ref=1422546774-18234&PayRef=6363392&Amt=250.0&Cur=978&prc=0&src=0&Ord=504100591421&Holder=Vincent Romagne&AuthId=753952&TxTime=2015-02-09 21:14:13.0&errMsg=Transaction completed







2015-02-09T14:36:58Z
RequestParameter:  billNo: 0002Yvu | startTime:2015-02-09 14:36:58

2015-02-09T14:36:58Z
https://www.pesopay.com/b2c2/eng/directPay/payComp.jsp?payType=N&merchantId=18139939&pMethod=VISA&lang=E&cardHolder=Robroy%20Puetz&cardNo=4207670094872531&securityCode=294&epMonth=12&epYear=2017&amount=500&currCode=840&orderRef=0002Yvu&remark=

2015-02-09T14:37:04Z
ResponseParameter:  billNo: 0002Yvu | endTime:2015-02-09 14:37:04

2015-02-09T14:37:04Z
successcode=1&Ref=0002Yvu&PayRef=6363662&Amt=500.0&Cur=840&prc=1&src=205&Ord=504101591857&Holder=Robroy Puetz&AuthId=&TxTime=2015-02-09 22:37:31.0&errMsg=Transaction failed







2015-02-09T14:41:57Z
RequestParameter:  billNo: 1423490670-21624 | startTime:2015-02-09 14:41:57

2015-02-09T14:41:57Z
https://www.pesopay.com/b2c2/eng/directPay/payComp.jsp?payType=N&merchantId=18139954&pMethod=Master&lang=E&cardHolder=leonardo%20%20zanca&cardNo=5338750279740098&securityCode=17&epMonth=08&epYear=2019&amount=500&currCode=978&orderRef=1423490670-21624&remark=

2015-02-09T14:41:59Z
ResponseParameter:  billNo: 1423490670-21624 | endTime:2015-02-09 14:41:59

2015-02-09T14:41:59Z
successcode=-1&Ref=&PayRef=&Amt=&Cur=&prc=&src=&Ord=&Holder=&AuthId=&TxTime=&errMsg=Invalid Card Verification Number


2015-02-09T14:50:43Z
RequestParameter:  billNo: 0002Yvw | startTime:2015-02-09 14:50:43

2015-02-09T14:50:43Z
https://www.pesopay.com/b2c2/eng/directPay/payComp.jsp?payType=N&merchantId=18139939&pMethod=VISA&lang=E&cardHolder=Myron%20Knapp&cardNo=4336090000038693&securityCode=062&epMonth=01&epYear=2017&amount=2000&currCode=840&orderRef=0002Yvw&remark=

2015-02-09T14:50:48Z
ResponseParameter:  billNo: 0002Yvw | endTime:2015-02-09 14:50:48

2015-02-09T14:50:48Z
successcode=0&Ref=0002Yvw&PayRef=6363709&Amt=2000.0&Cur=840&prc=0&src=0&Ord=504101591927&Holder=Myron Knapp&AuthId=773075&TxTime=2015-02-09 22:51:15.0&errMsg=Transaction completed







2015-02-09T14:52:37Z
RequestParameter:  billNo: 1423487807-1364 | startTime:2015-02-09 14:52:37

2015-02-09T14:52:37Z
https://www.pesopay.com/b2c2/eng/directPay/payComp.jsp?payType=N&merchantId=18139954&pMethod=Master&lang=E&cardHolder=Brassart%20veronique&cardNo=5131417960657838&securityCode=403&epMonth=09&epYear=2015&amount=500&currCode=978&orderRef=1423487807-1364&remark=

2015-02-09T14:52:46Z
ResponseParameter:  billNo: 1423487807-1364 | endTime:2015-02-09 14:52:46

2015-02-09T14:52:46Z
successcode=0&Ref=1423487807-1364&PayRef=6363712&Amt=500.0&Cur=978&prc=0&src=0&Ord=504101591931&Holder=Brassart veronique&AuthId=017650&TxTime=2015-02-09 22:53:09.0&errMsg=Transaction completed







2015-02-09T15:17:13Z
RequestParameter:  billNo: 1423161086-27454 | startTime:2015-02-09 15:17:13

2015-02-09T15:17:13Z
https://www.pesopay.com/b2c2/eng/directPay/payComp.jsp?payType=N&merchantId=18139954&pMethod=Master&lang=E&cardHolder=CEDRIC%20HAZARD&cardNo=5439334759964607&securityCode=983&epMonth=02&epYear=2018&amount=300&currCode=978&orderRef=1423161086-27454&remark=

2015-02-09T15:17:19Z
ResponseParameter:  billNo: 1423161086-27454 | endTime:2015-02-09 15:17:19

2015-02-09T15:17:19Z
successcode=0&Ref=1423161086-27454&PayRef=6363784&Amt=300.0&Cur=978&prc=0&src=0&Ord=504102592055&Holder=CEDRIC HAZARD&AuthId=958667&TxTime=2015-02-09 23:17:45.0&errMsg=Transaction completed







2015-02-09T15:34:30Z
RequestParameter:  billNo: 0002Yw6 | startTime:2015-02-09 15:34:30

2015-02-09T15:34:30Z
https://www.pesopay.com/b2c2/eng/directPay/payComp.jsp?payType=N&merchantId=18139939&pMethod=Master&lang=E&cardHolder=Beth%20richetts&cardNo=5113212502016110&securityCode=986&epMonth=12&epYear=2018&amount=300&currCode=840&orderRef=0002Yw6&remark=

2015-02-09T15:34:37Z
ResponseParameter:  billNo: 0002Yw6 | endTime:2015-02-09 15:34:37

2015-02-09T15:34:37Z
successcode=1&Ref=0002Yw6&PayRef=6363831&Amt=300.0&Cur=840&prc=1&src=243&Ord=504102592128&Holder=Beth richetts&AuthId=&TxTime=2015-02-09 23:35:04.0&errMsg=Transaction failed







2015-02-09T15:50:28Z
RequestParameter:  billNo: 0002YwG | startTime:2015-02-09 15:50:28

2015-02-09T15:50:28Z
https://www.pesopay.com/b2c2/eng/directPay/payComp.jsp?payType=N&merchantId=18139939&pMethod=Master&lang=E&cardHolder=Yvette%20NG&cardNo=5264710319695338&securityCode=352&epMonth=10&epYear=2017&amount=1000&currCode=840&orderRef=0002YwG&remark=

2015-02-09T15:50:33Z
ResponseParameter:  billNo: 0002YwG | endTime:2015-02-09 15:50:33

2015-02-09T15:50:33Z
successcode=0&Ref=0002YwG&PayRef=6363875&Amt=1000.0&Cur=840&prc=0&src=0&Ord=504102592192&Holder=Yvette NG&AuthId=T07795&TxTime=2015-02-09 23:51:01.0&errMsg=Transaction completed







2015-02-09T15:59:21Z
RequestParameter:  billNo: 0002YwM | startTime:2015-02-09 15:59:21

2015-02-09T15:59:21Z
https://www.pesopay.com/b2c2/eng/directPay/payComp.jsp?payType=N&merchantId=18139939&pMethod=VISA&lang=E&cardHolder=Peggyann%20Cote&cardNo=4496060044453089&securityCode=970&epMonth=07&epYear=2016&amount=500&currCode=840&orderRef=0002YwM&remark=

2015-02-09T15:59:24Z
ResponseParameter:  billNo: 0002YwM | endTime:2015-02-09 15:59:24

2015-02-09T15:59:24Z
successcode=1&Ref=0002YwM&PayRef=6363905&Amt=500.0&Cur=840&prc=1&src=551&Ord=504102592233&Holder=Peggyann Cote&AuthId=&TxTime=2015-02-09 23:59:54.0&errMsg=Transaction failed







2015-02-09T16:00:29Z
RequestParameter:  billNo: 0002YwO | startTime:2015-02-09 16:00:29

2015-02-09T16:00:29Z
https://www.pesopay.com/b2c2/eng/directPay/payComp.jsp?payType=N&merchantId=18139939&pMethod=VISA&lang=E&cardHolder=muhamad%20%20musa&cardNo=4493491238616913&securityCode=335&epMonth=02&epYear=2018&amount=1000&currCode=840&orderRef=0002YwO&remark=

2015-02-09T16:00:34Z
ResponseParameter:  billNo: 0002YwO | endTime:2015-02-09 16:00:34

2015-02-09T16:00:34Z
successcode=1&Ref=0002YwO&PayRef=6363908&Amt=1000.0&Cur=840&prc=1&src=257&Ord=504103592236&Holder=muhamad  musa&AuthId=&TxTime=2015-02-10 00:01:02.0&errMsg=Transaction failed







2015-02-09T16:11:50Z
RequestParameter:  billNo: 0002YwS | startTime:2015-02-09 16:11:50

2015-02-09T16:11:50Z
https://www.pesopay.com/b2c2/eng/directPay/payComp.jsp?payType=N&merchantId=18139939&pMethod=VISA&lang=E&cardHolder=Jerome%20Woods&cardNo=4815820071220980&securityCode=653&epMonth=01&epYear=2019&amount=250&currCode=840&orderRef=0002YwS&remark=

2015-02-09T16:11:53Z
ResponseParameter:  billNo: 0002YwS | endTime:2015-02-09 16:11:53

2015-02-09T16:11:53Z
successcode=0&Ref=0002YwS&PayRef=6363935&Amt=250.0&Cur=840&prc=0&src=0&Ord=504103592270&Holder=Jerome Woods&AuthId=121720&TxTime=2015-02-10 00:12:22.0&errMsg=Transaction completed







2015-02-09T16:32:40Z
RequestParameter:  billNo: 0002YwW | startTime:2015-02-09 16:32:40

2015-02-09T16:32:40Z
https://www.pesopay.com/b2c2/eng/directPay/payComp.jsp?payType=N&merchantId=18139939&pMethod=VISA&lang=E&cardHolder=pamela%20payton&cardNo=4342581011549217&securityCode=523&epMonth=08&epYear=2017&amount=250&currCode=840&orderRef=0002YwW&remark=

2015-02-09T16:32:43Z
ResponseParameter:  billNo: 0002YwW | endTime:2015-02-09 16:32:43

2015-02-09T16:32:43Z
successcode=1&Ref=0002YwW&PayRef=6363972&Amt=250.0&Cur=840&prc=1&src=214&Ord=504103592363&Holder=pamela payton&AuthId=&TxTime=2015-02-10 00:33:12.0&errMsg=Transaction failed







2015-02-09T17:25:55Z
RequestParameter:  billNo: 1423499793-27680 | startTime:2015-02-09 17:25:55

2015-02-09T17:25:55Z
https://www.pesopay.com/b2c2/eng/directPay/payComp.jsp?payType=N&merchantId=18139954&pMethod=Master&lang=E&cardHolder=alain%20thfoin&cardNo=5136010116562120&securityCode=393&epMonth=11&epYear=2015&amount=500&currCode=978&orderRef=1423499793-27680&remark=

2015-02-09T17:26:00Z
ResponseParameter:  billNo: 1423499793-27680 | endTime:2015-02-09 17:26:00

2015-02-09T17:26:00Z
successcode=0&Ref=1423499793-27680&PayRef=6364073&Amt=500.0&Cur=978&prc=0&src=0&Ord=504104592509&Holder=alain thfoin&AuthId=173326&TxTime=2015-02-10 01:26:27.0&errMsg=Transaction completed







2015-02-09T17:26:09Z
RequestParameter:  billNo: 1423499708-27680 | startTime:2015-02-09 17:26:09

2015-02-09T17:26:09Z
https://www.pesopay.com/b2c2/eng/directPay/payComp.jsp?payType=N&merchantId=18139954&pMethod=Master&lang=E&cardHolder=alain%20thfoin&cardNo=5136010116562120&securityCode=393&epMonth=11&epYear=2015&amount=500&currCode=978&orderRef=1423499708-27680&remark=

2015-02-09T17:26:11Z
ResponseParameter:  billNo: 1423499708-27680 | endTime:2015-02-09 17:26:11

2015-02-09T17:26:11Z
successcode=1&Ref=1423499708-27680&PayRef=6364074&Amt=500.0&Cur=978&prc=1&src=205&Ord=504104592510&Holder=alain thfoin&AuthId=&TxTime=2015-02-10 01:26:41.0&errMsg=Transaction failed







2015-02-09T17:49:09Z
RequestParameter:  billNo: 1423503049-27680 | startTime:2015-02-09 17:49:09

2015-02-09T17:49:09Z
https://www.pesopay.com/b2c2/eng/directPay/payComp.jsp?payType=N&merchantId=18139954&pMethod=Master&lang=E&cardHolder=alain%20thfoin&cardNo=5136010116562120&securityCode=393&epMonth=11&epYear=2015&amount=250&currCode=978&orderRef=1423503049-27680&remark=

2015-02-09T17:49:14Z
ResponseParameter:  billNo: 1423503049-27680 | endTime:2015-02-09 17:49:14

2015-02-09T17:49:14Z
successcode=1&Ref=1423503049-27680&PayRef=6364110&Amt=250.0&Cur=978&prc=1&src=205&Ord=504104592559&Holder=alain thfoin&AuthId=&TxTime=2015-02-10 01:49:41.0&errMsg=Transaction failed







2015-02-09T17:49:22Z
RequestParameter:  billNo: 1423502936-27680 | startTime:2015-02-09 17:49:22

2015-02-09T17:49:22Z
https://www.pesopay.com/b2c2/eng/directPay/payComp.jsp?payType=N&merchantId=18139954&pMethod=Master&lang=E&cardHolder=alain%20thfoin&cardNo=5136010116562120&securityCode=393&epMonth=11&epYear=2015&amount=250&currCode=978&orderRef=1423502936-27680&remark=

2015-02-09T17:49:25Z
ResponseParameter:  billNo: 1423502936-27680 | endTime:2015-02-09 17:49:25

2015-02-09T17:49:25Z
successcode=1&Ref=1423502936-27680&PayRef=6364111&Amt=250.0&Cur=978&prc=1&src=205&Ord=504104592560&Holder=alain thfoin&AuthId=&TxTime=2015-02-10 01:49:54.0&errMsg=Transaction failed







2015-02-09T17:59:34Z
RequestParameter:  billNo: 1423499301-748 | startTime:2015-02-09 17:59:34

2015-02-09T17:59:34Z
https://www.pesopay.com/b2c2/eng/directPay/payComp.jsp?payType=N&merchantId=18139954&pMethod=VISA&lang=E&cardHolder=Moussa%20%20%20Kamara&cardNo=4537044884572027&securityCode=152&epMonth=09&epYear=2017&amount=115&currCode=978&orderRef=1423499301-748&remark=

2015-02-09T17:59:41Z
ResponseParameter:  billNo: 1423499301-748 | endTime:2015-02-09 17:59:41

2015-02-09T17:59:41Z
successcode=1&Ref=1423499301-748&PayRef=6364134&Amt=115.0&Cur=978&prc=1&src=205&Ord=504105592587&Holder=Moussa   Kamara&AuthId=&TxTime=2015-02-10 02:00:06.0&errMsg=Transaction failed







2015-02-09T18:20:34Z
RequestParameter:  billNo: 0002Ywu | startTime:2015-02-09 18:20:34

2015-02-09T18:20:34Z
https://www.pesopay.com/b2c2/eng/directPay/payComp.jsp?payType=N&merchantId=18139939&pMethod=VISA&lang=E&cardHolder=Cory%20Davis&cardNo=4815820056542119&securityCode=027&epMonth=10&epYear=2018&amount=250&currCode=840&orderRef=0002Ywu&remark=

2015-02-09T18:20:39Z
ResponseParameter:  billNo: 0002Ywu | endTime:2015-02-09 18:20:39

2015-02-09T18:20:39Z
successcode=0&Ref=0002Ywu&PayRef=6364170&Amt=250.0&Cur=840&prc=0&src=0&Ord=504105592618&Holder=Cory Davis&AuthId=162118&TxTime=2015-02-10 02:21:07.0&errMsg=Transaction completed







2015-02-09T19:37:47Z
RequestParameter:  billNo: 0002YxA | startTime:2015-02-09 19:37:47

2015-02-09T19:37:47Z
https://www.pesopay.com/b2c2/eng/directPay/payComp.jsp?payType=N&merchantId=18139939&pMethod=VISA&lang=E&cardHolder=DAVID%20BERENBAUM&cardNo=4366182294799032&securityCode=236&epMonth=12&epYear=2018&amount=250&currCode=840&orderRef=0002YxA&remark=

2015-02-09T19:37:50Z
ResponseParameter:  billNo: 0002YxA | endTime:2015-02-09 19:37:50

2015-02-09T19:37:50Z
successcode=1&Ref=0002YxA&PayRef=6364441&Amt=250.0&Cur=840&prc=1&src=205&Ord=504106592921&Holder=DAVID BERENBAUM&AuthId=&TxTime=2015-02-10 03:38:20.0&errMsg=Transaction failed







2015-02-09T21:58:32Z
RequestParameter:  billNo: 0002Yyk | startTime:2015-02-09 21:58:32

2015-02-09T21:58:32Z
https://www.pesopay.com/b2c2/eng/directPay/payComp.jsp?payType=N&merchantId=18139939&pMethod=Master&lang=E&cardHolder=RICHARD%20LANEAU&cardNo=5465404212331582&securityCode=182&epMonth=05&epYear=2016&amount=250&currCode=840&orderRef=0002Yyk&remark=

2015-02-09T21:58:36Z
ResponseParameter:  billNo: 0002Yyk | endTime:2015-02-09 21:58:36

2015-02-09T21:58:36Z
successcode=0&Ref=0002Yyk&PayRef=6364631&Amt=250.0&Cur=840&prc=0&src=0&Ord=504108593196&Holder=RICHARD LANEAU&AuthId=003128&TxTime=2015-02-10 05:59:05.0&errMsg=Transaction completed







