2015-06-13T12:30:00Z
RequestParameter:  billNo: d4f3c43f828d4c41b6faa2374817811f | startTime:2015-06-13 12:30:00

2015-06-13T12:30:00Z
https://www.pesopay.com/b2c2/eng/directPay/payComp.jsp?payType=N&merchantId=18139954&pMethod=VISA&lang=E&cardHolder=Allan%20Mahaut&cardNo=4************391&securityCode=***&epMonth=05&epYear=2016&amount=300&currCode=978&orderRef=d4f3c43f828d4c41b6faa2374817811f&remark=

2015-06-13T12:30:04Z
ResponseParameter:  billNo: d4f3c43f828d4c41b6faa2374817811f | endTime:2015-06-13 12:30:04

2015-06-13T12:30:04Z
successcode=1&Ref=d4f3c43f828d4c41b6faa2374817811f&PayRef=7235378&Amt=300.0&Cur=978&prc=1&src=205&Ord=516422541834&Holder=Allan Mahaut&AuthId=&TxTime=2015-06-13 20:30:06.0&errMsg=Transaction failed







2015-06-13T15:35:06Z
RequestParameter:  billNo: b54863cda64e4615962b7ba60a39f6cd | startTime:2015-06-13 15:35:06

2015-06-13T15:35:06Z
https://www.pesopay.com/b2c2/eng/directPay/payComp.jsp?payType=N&merchantId=18139954&pMethod=VISA&lang=E&cardHolder=allan%20mahaut&cardNo=4************391&securityCode=***&epMonth=05&epYear=2016&amount=300&currCode=978&orderRef=b54863cda64e4615962b7ba60a39f6cd&remark=

2015-06-13T15:35:09Z
ResponseParameter:  billNo: b54863cda64e4615962b7ba60a39f6cd | endTime:2015-06-13 15:35:09

2015-06-13T15:35:09Z
successcode=1&Ref=b54863cda64e4615962b7ba60a39f6cd&PayRef=7236153&Amt=300.0&Cur=978&prc=1&src=214&Ord=516501542709&Holder=allan mahaut&AuthId=&TxTime=2015-06-13 23:35:11.0&errMsg=Transaction failed







2015-06-13T15:35:22Z
RequestParameter:  billNo: 2b2882aa116f4808b5989cd5f798f503 | startTime:2015-06-13 15:35:22

2015-06-13T15:35:22Z
https://www.pesopay.com/b2c2/eng/directPay/payComp.jsp?payType=N&merchantId=18139954&pMethod=VISA&lang=E&cardHolder=allan%20mahaut&cardNo=4************391&securityCode=***&epMonth=05&epYear=2016&amount=200&currCode=978&orderRef=2b2882aa116f4808b5989cd5f798f503&remark=

2015-06-13T15:35:27Z
ResponseParameter:  billNo: 2b2882aa116f4808b5989cd5f798f503 | endTime:2015-06-13 15:35:27

2015-06-13T15:35:27Z
successcode=1&Ref=2b2882aa116f4808b5989cd5f798f503&PayRef=7236154&Amt=200.0&Cur=978&prc=1&src=214&Ord=516501542710&Holder=allan mahaut&AuthId=&TxTime=2015-06-13 23:35:28.0&errMsg=Transaction failed







