2015-11-03T06:49:58Z
RequestParameter:  billNo: 1446533400754 | startTime:2015-11-03 06:49:58

2015-11-03T06:49:58Z
Array
(
    [MODE] => Q
    [FRMT] => XML
    [VERS] => 0630
    [MERC] => 680000
    [UDF[CUSTOMER_IPAD]] => 37.142.64.10
    [SESS] => 078aa55e202d5678b85028d5f50f098d
    [ORDR] => 1446533400754
    [CURR] => USD
    [PENC] => KHASH
    [PTYP] => CARD
    [PTOK] => 455744TBIJ4X9WAVBTBB
    [IPAD] => 37.142.64.10
    [MACK] => Y
    [AUTH] => A
    [PROD_DESC[0]] => Binary Trade
    [PROD_TYPE[0]] => Binary Trade
    [PROD_ITEM[0]] => SKU-ACI-BinaryTrade
    [PROD_QUANT[0]] => 1
    [PROD_PRICE[0]] => 2000
    [TOTL] => 2000
    [SITE] => VERT001
    [UDF[MERCHANT_ID]] => 20001MERACIM1
    [UDF[MERCHANT_PRVDR]] => UVP-11631,11633,11635,11635-FP-USD,EUR-VSA,MAS
    [NAME] => Alessandro Sepich
    [B2A1] => NAA
    [B2CC] => IL
    [B2CI] => NAA
    [B2PC] => 0NA
    [B2PN] => 0546437619
    [B2ST] => NAA
    [S2A1] => 
    [S2CC] => 
    [S2CI] => 
    [S2EM] => 
    [S2NM] =>  
    [S2PC] => 
    [S2PN] => 
    [S2ST] => 
    [SHTP] => 
    [CASH] => 20
    [DOB] => 1980-11-11
    [GENDER] => M
    [EMAL] => Trans1@aslabs.com
)


2015-11-03T06:49:59Z
ResponseParameter:  billNo: 1446533400754 | endTime:2015-11-03 06:49:59

2015-11-03T06:49:59Z
<?xml version="1.0" encoding="UTF-8"?>
<RESPONSE>
  <VERS>0630</VERS>
  <MODE>Q</MODE>
  <TRAN>33SS007ZKKG7</TRAN>
  <MERC>680000</MERC>
  <SESS>078aa55e202d5678b85028d5f50f098d</SESS>
  <ORDR>1446533400754</ORDR>
  <AUTO>D</AUTO>
  <SCOR>72</SCOR>
  <GEOX>IL</GEOX>
  <BRND>VISA</BRND>
  <REGN>IL_05</REGN>
  <NETW>N</NETW>
  <KAPT>N</KAPT>
  <CARDS>5</CARDS>
  <DEVICES>1</DEVICES>
  <EMAILS>2</EMAILS>
  <VELO>5</VELO>
  <VMAX>5</VMAX>
  <SITE>VERT001</SITE>
  <DEVICE_LAYERS>....</DEVICE_LAYERS>
  <FINGERPRINT></FINGERPRINT>
  <TIMEZONE></TIMEZONE>
  <LOCALTIME> </LOCALTIME>
  <REGION></REGION>
  <COUNTRY></COUNTRY>
  <PROXY></PROXY>
  <JAVASCRIPT></JAVASCRIPT>
  <FLASH></FLASH>
  <COOKIES></COOKIES>
  <HTTP_COUNTRY></HTTP_COUNTRY>
  <LANGUAGE></LANGUAGE>
  <MOBILE_DEVICE></MOBILE_DEVICE>
  <MOBILE_TYPE></MOBILE_TYPE>
  <MOBILE_FORWARDER></MOBILE_FORWARDER>
  <VOICE_DEVICE></VOICE_DEVICE>
  <PC_REMOTE></PC_REMOTE>
  <RULES_TRIGGERED>3</RULES_TRIGGERED>
  <RULE_ID_0>330714</RULE_ID_0>
  <RULE_DESCRIPTION_0>PERS_VAR More than 4 unique Credit Cards on Single Device (1 pt)</RULE_DESCRIPTION_0>
  <RULE_ID_1>330728</RULE_ID_1>
  <RULE_DESCRIPTION_1>FRAUD_SCRD PERS_VAR Counter Triggered (5pts)</RULE_DESCRIPTION_1>
  <RULE_ID_2>341348</RULE_ID_2>
  <RULE_DESCRIPTION_2>Decline Device Data Collector Missing &amp; Score &gt; 66 &amp; Mode=Internet</RULE_DESCRIPTION_2>
  <COUNTERS_TRIGGERED>2</COUNTERS_TRIGGERED>
  <COUNTER_NAME_0>PERS_VAR</COUNTER_NAME_0>
  <COUNTER_VALUE_0>1</COUNTER_VALUE_0>
  <COUNTER_NAME_1>FRAUD_SCRD</COUNTER_NAME_1>
  <COUNTER_VALUE_1>5</COUNTER_VALUE_1>
  <REASON_CODE></REASON_CODE>
  <MASTERCARD></MASTERCARD>
  <DDFS></DDFS>
  <DSR></DSR>
  <UAS></UAS>
  <BROWSER></BROWSER>
  <OS></OS>
  <PIP_IPAD></PIP_IPAD>
  <PIP_LAT></PIP_LAT>
  <PIP_LON></PIP_LON>
  <PIP_COUNTRY></PIP_COUNTRY>
  <PIP_REGION></PIP_REGION>
  <PIP_CITY></PIP_CITY>
  <PIP_ORG></PIP_ORG>
  <IP_IPAD></IP_IPAD>
  <IP_LAT></IP_LAT>
  <IP_LON></IP_LON>
  <IP_COUNTRY></IP_COUNTRY>
  <IP_REGION></IP_REGION>
  <IP_CITY></IP_CITY>
  <IP_ORG></IP_ORG>
  <WARNING_COUNT>0</WARNING_COUNT>
</RESPONSE>

2015-11-03T06:56:02Z
RequestParameter:  billNo: 1446533765823 | startTime:2015-11-03 06:56:02

2015-11-03T06:56:02Z
Array
(
    [MODE] => Q
    [FRMT] => XML
    [VERS] => 0630
    [MERC] => 680000
    [UDF[CUSTOMER_IPAD]] => 37.142.64.10
    [SESS] => 0926e2ae6ad909b6ac92ccb9b372e56d
    [ORDR] => 1446533765823
    [CURR] => USD
    [PENC] => KHASH
    [PTYP] => CARD
    [PTOK] => 455744TBIJ4X9WAVBTBB
    [IPAD] => 37.142.64.10
    [MACK] => Y
    [AUTH] => A
    [PROD_DESC[0]] => Binary Trade
    [PROD_TYPE[0]] => Binary Trade
    [PROD_ITEM[0]] => SKU-ACI-BinaryTrade
    [PROD_QUANT[0]] => 1
    [PROD_PRICE[0]] => 2000
    [TOTL] => 2000
    [SITE] => VERT001
    [UDF[MERCHANT_ID]] => 20001MERACIM1
    [UDF[MERCHANT_PRVDR]] => UVP-11631,11633,11635,11635-FP-USD,EUR-VSA,MAS
    [NAME] => Alessandro Sepich
    [B2A1] => NAA
    [B2CC] => IL
    [B2CI] => NAA
    [B2PC] => 0NA
    [B2PN] => 0546437619
    [B2ST] => NAA
    [S2A1] => 
    [S2CC] => 
    [S2CI] => 
    [S2EM] => 
    [S2NM] =>  
    [S2PC] => 
    [S2PN] => 
    [S2ST] => 
    [SHTP] => 
    [CASH] => 20
    [DOB] => 1980-11-11
    [GENDER] => M
    [EMAL] => Trans1@aslabs.com
)


2015-11-03T06:56:04Z
ResponseParameter:  billNo: 1446533765823 | endTime:2015-11-03 06:56:04

2015-11-03T06:56:04Z
<?xml version="1.0" encoding="UTF-8"?>
<RESPONSE>
  <VERS>0630</VERS>
  <MODE>Q</MODE>
  <TRAN>33SS0TR6BVNS</TRAN>
  <MERC>680000</MERC>
  <SESS>0926e2ae6ad909b6ac92ccb9b372e56d</SESS>
  <ORDR>1446533765823</ORDR>
  <AUTO>A</AUTO>
  <SCOR>83</SCOR>
  <GEOX>IL</GEOX>
  <BRND>VISA</BRND>
  <REGN>IL_05</REGN>
  <NETW>N</NETW>
  <KAPT>Y</KAPT>
  <CARDS>5</CARDS>
  <DEVICES>1</DEVICES>
  <EMAILS>2</EMAILS>
  <VELO>6</VELO>
  <VMAX>5</VMAX>
  <SITE>VERT001</SITE>
  <DEVICE_LAYERS>1E46F64B89.6E76FC957E.1089D693C6.D300F3BD95.2761CA6BDD</DEVICE_LAYERS>
  <FINGERPRINT>C97D2B4529F52B347053EC35225763F0</FINGERPRINT>
  <TIMEZONE>1320</TIMEZONE>
  <LOCALTIME>2015-11-03 08:56</LOCALTIME>
  <REGION>IL_05</REGION>
  <COUNTRY>IL</COUNTRY>
  <PROXY>N</PROXY>
  <JAVASCRIPT>Y</JAVASCRIPT>
  <FLASH>Y</FLASH>
  <COOKIES>Y</COOKIES>
  <HTTP_COUNTRY>US</HTTP_COUNTRY>
  <LANGUAGE>EN</LANGUAGE>
  <MOBILE_DEVICE>N</MOBILE_DEVICE>
  <MOBILE_TYPE></MOBILE_TYPE>
  <MOBILE_FORWARDER>N</MOBILE_FORWARDER>
  <VOICE_DEVICE>N</VOICE_DEVICE>
  <PC_REMOTE>N</PC_REMOTE>
  <RULES_TRIGGERED>3</RULES_TRIGGERED>
  <RULE_ID_0>330714</RULE_ID_0>
  <RULE_DESCRIPTION_0>PERS_VAR More than 4 unique Credit Cards on Single Device (1 pt)</RULE_DESCRIPTION_0>
  <RULE_ID_1>330728</RULE_ID_1>
  <RULE_DESCRIPTION_1>FRAUD_SCRD PERS_VAR Counter Triggered (5pts)</RULE_DESCRIPTION_1>
  <RULE_ID_2>330744</RULE_ID_2>
  <RULE_DESCRIPTION_2>FRAUD_SCRD Score &gt; 80 &amp; &lt; 95 (15pts)</RULE_DESCRIPTION_2>
  <COUNTERS_TRIGGERED>2</COUNTERS_TRIGGERED>
  <COUNTER_NAME_0>PERS_VAR</COUNTER_NAME_0>
  <COUNTER_VALUE_0>1</COUNTER_VALUE_0>
  <COUNTER_NAME_1>FRAUD_SCRD</COUNTER_NAME_1>
  <COUNTER_VALUE_1>20</COUNTER_VALUE_1>
  <REASON_CODE></REASON_CODE>
  <MASTERCARD></MASTERCARD>
  <DDFS>2015-11-02</DDFS>
  <DSR>1080x1920</DSR>
  <UAS>Mozilla/5.0 (Windows NT 10.0; WOW64) AppleWebKit/537.36 (KHTML, like Gecko) Chrome/46.0.2490.80 Safari/537.36</UAS>
  <BROWSER>Chrome 46.0.2490.80</BROWSER>
  <OS></OS>
  <PIP_IPAD></PIP_IPAD>
  <PIP_LAT></PIP_LAT>
  <PIP_LON></PIP_LON>
  <PIP_COUNTRY></PIP_COUNTRY>
  <PIP_REGION></PIP_REGION>
  <PIP_CITY></PIP_CITY>
  <PIP_ORG></PIP_ORG>
  <IP_IPAD>37.142.64.10</IP_IPAD>
  <IP_LAT>32.0667</IP_LAT>
  <IP_LON>34.7667</IP_LON>
  <IP_COUNTRY>IL</IP_COUNTRY>
  <IP_REGION>Tel Aviv</IP_REGION>
  <IP_CITY>Tel Aviv</IP_CITY>
  <IP_ORG>HOTNET</IP_ORG>
  <WARNING_COUNT>0</WARNING_COUNT>
</RESPONSE>

2015-11-03T07:30:30Z
RequestParameter:  billNo: 1446535833791 | startTime:2015-11-03 07:30:30

2015-11-03T07:30:30Z
Array
(
    [MODE] => Q
    [FRMT] => XML
    [VERS] => 0630
    [MERC] => 680000
    [UDF[CUSTOMER_IPAD]] => 78.129.168.143
    [SESS] => 919d6554176f60a0e9077e9bc7845a93
    [ORDR] => 1446535833791
    [CURR] => USD
    [PENC] => KHASH
    [PTYP] => CARD
    [PTOK] => 458019YQB3VJA64H7KS2
    [IPAD] => 78.129.168.143
    [MACK] => Y
    [AUTH] => A
    [PROD_DESC[0]] => Binary Trade
    [PROD_TYPE[0]] => Binary Trade
    [PROD_ITEM[0]] => SKU-ACI-BinaryTrade
    [PROD_QUANT[0]] => 1
    [PROD_PRICE[0]] => 30000
    [TOTL] => 30000
    [SITE] => VERT001
    [UDF[MERCHANT_ID]] => 20001MERACIM1
    [UDF[MERCHANT_PRVDR]] => UVP-11631,11633,11635,11635-FP-USD,EUR-VSA,MAS
    [NAME] => Test Test
    [B2A1] => NAA
    [B2CC] => GB
    [B2CI] => NAA
    [B2PC] => 0NA
    [B2PN] => 08521478542
    [B2ST] => NAA
    [S2A1] => 
    [S2CC] => 
    [S2CI] => 
    [S2EM] => 
    [S2NM] =>  
    [S2PC] => 
    [S2PN] => 
    [S2ST] => 
    [SHTP] => 
    [CASH] => 300
    [DOB] => 1980-11-11
    [GENDER] => M
    [EMAL] => 8774jane@gmail.com
)


2015-11-03T07:30:32Z
ResponseParameter:  billNo: 1446535833791 | endTime:2015-11-03 07:30:32

2015-11-03T07:30:32Z
<?xml version="1.0" encoding="UTF-8"?>
<RESPONSE>
  <VERS>0630</VERS>
  <MODE>Q</MODE>
  <TRAN>33SV001BG8KD</TRAN>
  <MERC>680000</MERC>
  <SESS>919d6554176f60a0e9077e9bc7845a93</SESS>
  <ORDR>1446535833791</ORDR>
  <AUTO>D</AUTO>
  <SCOR>26</SCOR>
  <GEOX>GB</GEOX>
  <BRND>VISA</BRND>
  <REGN>GB_H9</REGN>
  <NETW>N</NETW>
  <KAPT>Y</KAPT>
  <CARDS>1</CARDS>
  <DEVICES>1</DEVICES>
  <EMAILS>1</EMAILS>
  <VELO>0</VELO>
  <VMAX>0</VMAX>
  <SITE>VERT001</SITE>
  <DEVICE_LAYERS>B522311BEF.98462401BA.1089D693C6.D300F3BD95.6E348B9545</DEVICE_LAYERS>
  <FINGERPRINT>442769A46B7A06A3D0576833E71C75E9</FINGERPRINT>
  <TIMEZONE>1320</TIMEZONE>
  <LOCALTIME>2015-11-03 09:30</LOCALTIME>
  <REGION>GB_H9</REGION>
  <COUNTRY>GB</COUNTRY>
  <PROXY>N</PROXY>
  <JAVASCRIPT>Y</JAVASCRIPT>
  <FLASH>Y</FLASH>
  <COOKIES>Y</COOKIES>
  <HTTP_COUNTRY>US</HTTP_COUNTRY>
  <LANGUAGE>EN</LANGUAGE>
  <MOBILE_DEVICE>N</MOBILE_DEVICE>
  <MOBILE_TYPE></MOBILE_TYPE>
  <MOBILE_FORWARDER>N</MOBILE_FORWARDER>
  <VOICE_DEVICE>N</VOICE_DEVICE>
  <PC_REMOTE>N</PC_REMOTE>
  <RULES_TRIGGERED>5</RULES_TRIGGERED>
  <RULE_ID_0>330722</RULE_ID_0>
  <RULE_DESCRIPTION_0>GEO BIN and Device Country not equal (1pt)</RULE_DESCRIPTION_0>
  <RULE_ID_1>383608</RULE_ID_1>
  <RULE_DESCRIPTION_1>GEO Billing &lt;&gt; BIN Country (1pt)</RULE_DESCRIPTION_1>
  <RULE_ID_2>330730</RULE_ID_2>
  <RULE_DESCRIPTION_2>FRAUD_SCRD GEO Counter Triggered (5pts)</RULE_DESCRIPTION_2>
  <RULE_ID_3>345044</RULE_ID_3>
  <RULE_DESCRIPTION_3>Decline Customer Name Validation</RULE_DESCRIPTION_3>
  <RULE_ID_4>383612</RULE_ID_4>
  <RULE_DESCRIPTION_4>Decline MERCH_PRVDR = UVP &amp; GEO Billing &lt;&gt; BIN Country</RULE_DESCRIPTION_4>
  <COUNTERS_TRIGGERED>2</COUNTERS_TRIGGERED>
  <COUNTER_NAME_0>GEO</COUNTER_NAME_0>
  <COUNTER_VALUE_0>2</COUNTER_VALUE_0>
  <COUNTER_NAME_1>FRAUD_SCRD</COUNTER_NAME_1>
  <COUNTER_VALUE_1>5</COUNTER_VALUE_1>
  <REASON_CODE></REASON_CODE>
  <MASTERCARD></MASTERCARD>
  <DDFS>2015-11-02</DDFS>
  <DSR>768x1366</DSR>
  <UAS>Mozilla/5.0 (Windows NT 6.1; WOW64) AppleWebKit/537.36 (KHTML, like Gecko) Chrome/46.0.2490.80 Safari/537.36</UAS>
  <BROWSER>Chrome 46.0.2490.80</BROWSER>
  <OS>Windows 7</OS>
  <PIP_IPAD></PIP_IPAD>
  <PIP_LAT></PIP_LAT>
  <PIP_LON></PIP_LON>
  <PIP_COUNTRY></PIP_COUNTRY>
  <PIP_REGION></PIP_REGION>
  <PIP_CITY></PIP_CITY>
  <PIP_ORG></PIP_ORG>
  <IP_IPAD>78.129.168.143</IP_IPAD>
  <IP_LAT>51.5144</IP_LAT>
  <IP_LON>-.0941</IP_LON>
  <IP_COUNTRY>GB</IP_COUNTRY>
  <IP_REGION>London,  City of</IP_REGION>
  <IP_CITY>London</IP_CITY>
  <IP_ORG>IOMART HOSTING LIMITED</IP_ORG>
  <WARNING_COUNT>0</WARNING_COUNT>
</RESPONSE>

