2015-06-01T09:38:10Z


2015-06-01T09:38:10Z
RequestParameter:  billNo: ffe6d8fcbf0f4fd0b61339354379c671 | startTime:2015-06-01 09:38:10

2015-06-01T09:38:10Z
Array
(
    [reason[30Z608JK0RJ9]] => R1
    [note[30Z608JK0RJ9]] => *remarks: [] *psi method [refundapi] *trigger: [transaction refund]
)


2015-06-01T09:38:10Z
REFUND

2015-06-01T09:38:10Z
ResponseParameter:  billNo: ffe6d8fcbf0f4fd0b61339354379c671 | endTime:2015-06-01 09:38:10

2015-06-01T09:38:10Z


2015-06-01T10:13:42Z


2015-06-01T10:13:42Z
RequestParameter:  billNo: 1430657280564 | startTime:2015-06-01 10:13:42

2015-06-01T10:13:42Z
Array
(
    [reason[3H360G064PPC]] => R1
    [note[3H360G064PPC]] => *remarks: [] *psi method [refundapi] *trigger: [transaction refund]
)


2015-06-01T10:13:42Z
REFUND

2015-06-01T10:13:42Z
ResponseParameter:  billNo: 1430657280564 | endTime:2015-06-01 10:13:42

2015-06-01T10:13:42Z


2015-06-01T11:32:23Z


2015-06-01T11:32:23Z
RequestParameter:  billNo: 1430157326838 | startTime:2015-06-01 11:32:23

2015-06-01T11:32:23Z
Array
(
    [reason[3HCV0K2LT26C]] => R1
    [note[3HCV0K2LT26C]] => *remarks: [] *psi method [refundapi] *trigger: [transaction refund]
)


2015-06-01T11:32:23Z
REFUND

2015-06-01T11:32:23Z
ResponseParameter:  billNo: 1430157326838 | endTime:2015-06-01 11:32:23

2015-06-01T11:32:23Z


2015-06-01T13:15:28Z


2015-06-01T13:15:28Z
RequestParameter:  billNo: MUD5x1432640849 | startTime:2015-06-01 13:15:28

2015-06-01T13:15:28Z
Array
(
    [reason[30CD09TYC5K9]] => R1
    [note[30CD09TYC5K9]] => *remarks: [] *psi method [refundapi] *trigger: [transaction refund]
)


2015-06-01T13:15:28Z
REFUND

2015-06-01T13:15:28Z
ResponseParameter:  billNo: MUD5x1432640849 | endTime:2015-06-01 13:15:28

2015-06-01T13:15:28Z


2015-06-01T15:34:00Z


2015-06-01T15:34:00Z
RequestParameter:  billNo: 7mZRJ1432275936 | startTime:2015-06-01 15:34:00

2015-06-01T15:34:00Z
Array
(
    [reason[30YN04DX2ZWR]] => R1
    [note[30YN04DX2ZWR]] => *remarks: [] *psi method [refundapi] *trigger: [transaction refund]
)


2015-06-01T15:34:00Z
REFUND

2015-06-01T15:34:00Z
ResponseParameter:  billNo: 7mZRJ1432275936 | endTime:2015-06-01 15:34:00

2015-06-01T15:34:00Z


