2015-06-28T11:33:28Z
RequestParameter:  billNo: bgPZO1435491206 | startTime:2015-06-28 11:33:28

2015-06-28T11:33:28Z
https://www.pesopay.com/b2c2/eng/directPay/payComp.jsp?payType=N&merchantId=18139939&pMethod=VISA&lang=E&cardHolder=Jameel%20%20Aljoufi&cardNo=4************254&securityCode=***&epMonth=07&epYear=2015&amount=350&currCode=840&orderRef=bgPZO1435491206&remark=IC%20-%20%2061045

2015-06-28T11:33:34Z
ResponseParameter:  billNo: bgPZO1435491206 | endTime:2015-06-28 11:33:34

2015-06-28T11:33:34Z
successcode=1&Ref=bgPZO1435491206&PayRef=7368929&Amt=350.0&Cur=840&prc=1&src=214&Ord=517921643371&Holder=Jameel  Aljoufi&AuthId=&TxTime=2015-06-28 19:33:35.0&errMsg=Transaction failed







2015-06-28T15:05:03Z
RequestParameter:  billNo: 235a79eb0d324e7383343a880b78967a | startTime:2015-06-28 15:05:03

2015-06-28T15:05:03Z
https://www.pesopay.com/b2c2/eng/directPay/payComp.jsp?payType=N&merchantId=18139954&pMethod=Master&lang=E&cardHolder=evelyne%20roemer-faignez&cardNo=5************469&securityCode=***&epMonth=09&epYear=2016&amount=1000&currCode=978&orderRef=235a79eb0d324e7383343a880b78967a&remark=

2015-06-28T15:05:08Z
ResponseParameter:  billNo: 235a79eb0d324e7383343a880b78967a | endTime:2015-06-28 15:05:08

2015-06-28T15:05:08Z
successcode=1&Ref=235a79eb0d324e7383343a880b78967a&PayRef=7370161&Amt=1000.0&Cur=978&prc=1&src=551&Ord=518001644973&Holder=evelyne roemer-faignez&AuthId=&TxTime=2015-06-28 23:05:12.0&errMsg=Transaction failed







2015-06-28T17:22:27Z
RequestParameter:  billNo: cMnR71435512145 | startTime:2015-06-28 17:22:27

2015-06-28T17:22:27Z
https://www.pesopay.com/b2c2/eng/directPay/payComp.jsp?payType=N&merchantId=18139939&pMethod=VISA&lang=E&cardHolder=Brendan%20%20Farr&cardNo=4************278&securityCode=***&epMonth=03&epYear=2018&amount=250&currCode=840&orderRef=cMnR71435512145&remark=Buno

2015-06-28T17:22:31Z
ResponseParameter:  billNo: cMnR71435512145 | endTime:2015-06-28 17:22:31

2015-06-28T17:22:31Z
successcode=1&Ref=cMnR71435512145&PayRef=7370558&Amt=250.0&Cur=840&prc=1&src=551&Ord=518003645479&Holder=Brendan  Farr&AuthId=&TxTime=2015-06-29 01:22:34.0&errMsg=Transaction failed







2015-06-28T20:38:24Z
RequestParameter:  billNo: 680c74d6179e439bbfe0a9287c151c76 | startTime:2015-06-28 20:38:24

2015-06-28T20:38:24Z
https://www.pesopay.com/b2c2/eng/directPay/payComp.jsp?payType=N&merchantId=18139954&pMethod=Master&lang=E&cardHolder=evelyne%20roemer-faignez&cardNo=5************469&securityCode=***&epMonth=09&epYear=2016&amount=500&currCode=978&orderRef=680c74d6179e439bbfe0a9287c151c76&remark=

2015-06-28T20:38:38Z
ResponseParameter:  billNo: 680c74d6179e439bbfe0a9287c151c76 | endTime:2015-06-28 20:38:38

2015-06-28T20:38:38Z
successcode=0&Ref=680c74d6179e439bbfe0a9287c151c76&PayRef=7370936&Amt=500.0&Cur=978&prc=0&src=0&Ord=518006645903&Holder=evelyne roemer-faignez&AuthId=113613&TxTime=2015-06-29 04:38:32.0&errMsg=Transaction completed







2015-06-28T20:40:15Z
RequestParameter:  billNo: 25e421acd92f4a7fa45ffaa94b6f2241 | startTime:2015-06-28 20:40:15

2015-06-28T20:40:15Z
https://www.pesopay.com/b2c2/eng/directPay/payComp.jsp?payType=N&merchantId=18139954&pMethod=Master&lang=E&cardHolder=evelyne%20roemer-faignez&cardNo=5************469&securityCode=***&epMonth=09&epYear=2016&amount=300&currCode=978&orderRef=25e421acd92f4a7fa45ffaa94b6f2241&remark=

2015-06-28T20:40:19Z
ResponseParameter:  billNo: 25e421acd92f4a7fa45ffaa94b6f2241 | endTime:2015-06-28 20:40:19

2015-06-28T20:40:19Z
successcode=1&Ref=25e421acd92f4a7fa45ffaa94b6f2241&PayRef=7370939&Amt=300.0&Cur=978&prc=1&src=551&Ord=518006645906&Holder=evelyne roemer-faignez&AuthId=&TxTime=2015-06-29 04:40:22.0&errMsg=Transaction failed







2015-06-28T20:42:06Z
RequestParameter:  billNo: 0b1368a0fcef469fa461f057726950e9 | startTime:2015-06-28 20:42:06

2015-06-28T20:42:06Z
https://www.pesopay.com/b2c2/eng/directPay/payComp.jsp?payType=N&merchantId=18139954&pMethod=Master&lang=E&cardHolder=evelyne%20roemer-faignez&cardNo=5************469&securityCode=***&epMonth=09&epYear=2016&amount=200&currCode=978&orderRef=0b1368a0fcef469fa461f057726950e9&remark=

2015-06-28T20:42:09Z
ResponseParameter:  billNo: 0b1368a0fcef469fa461f057726950e9 | endTime:2015-06-28 20:42:09

2015-06-28T20:42:09Z
successcode=1&Ref=0b1368a0fcef469fa461f057726950e9&PayRef=7370944&Amt=200.0&Cur=978&prc=1&src=551&Ord=518006645912&Holder=evelyne roemer-faignez&AuthId=&TxTime=2015-06-29 04:42:13.0&errMsg=Transaction failed







2015-06-28T20:42:38Z
RequestParameter:  billNo: 2558f1f61c944232a94ea8cedb9fc623 | startTime:2015-06-28 20:42:38

2015-06-28T20:42:38Z
https://www.pesopay.com/b2c2/eng/directPay/payComp.jsp?payType=N&merchantId=18139954&pMethod=Master&lang=E&cardHolder=evelyne%20roemer-faignez&cardNo=5************469&securityCode=***&epMonth=09&epYear=2016&amount=100&currCode=978&orderRef=2558f1f61c944232a94ea8cedb9fc623&remark=

2015-06-28T20:42:41Z
ResponseParameter:  billNo: 2558f1f61c944232a94ea8cedb9fc623 | endTime:2015-06-28 20:42:41

2015-06-28T20:42:41Z
successcode=1&Ref=2558f1f61c944232a94ea8cedb9fc623&PayRef=7370945&Amt=100.0&Cur=978&prc=1&src=551&Ord=518006645913&Holder=evelyne roemer-faignez&AuthId=&TxTime=2015-06-29 04:42:44.0&errMsg=Transaction failed







2015-06-28T20:46:37Z
RequestParameter:  billNo: c00affb1010346a58c1024b4eacc8b36 | startTime:2015-06-28 20:46:37

2015-06-28T20:46:37Z
https://www.pesopay.com/b2c2/eng/directPay/payComp.jsp?payType=N&merchantId=18139954&pMethod=Master&lang=E&cardHolder=ophelie%20roemer&cardNo=5************648&securityCode=***&epMonth=10&epYear=2016&amount=500&currCode=978&orderRef=c00affb1010346a58c1024b4eacc8b36&remark=

2015-06-28T20:46:41Z
ResponseParameter:  billNo: c00affb1010346a58c1024b4eacc8b36 | endTime:2015-06-28 20:46:41

2015-06-28T20:46:41Z
successcode=0&Ref=c00affb1010346a58c1024b4eacc8b36&PayRef=7370954&Amt=500.0&Cur=978&prc=0&src=0&Ord=518006645927&Holder=ophelie roemer&AuthId=350765&TxTime=2015-06-29 04:46:43.0&errMsg=Transaction completed







