2015-01-20T01:09:09Z
RequestParameter:  billNo: 8fC2P1421716121 | startTime:2015-01-20 01:09:09

2015-01-20T01:09:09Z
https://www.pesopay.com/b2c2/eng/directPay/payComp.jsp?payType=N&merchantId=18139954&pMethod=Master&lang=E&cardHolder=aljen%20patingo&cardNo=545464542422452&securityCode=123&epMonth=03&epYear=2015&amount=100&currCode=978&orderRef=8fC2P1421716121&remark=

2015-01-20T01:09:11Z
ResponseParameter:  billNo: 8fC2P1421716121 | endTime:2015-01-20 01:09:11

2015-01-20T01:09:11Z
successcode=-1&Ref=&PayRef=&Amt=&Cur=&prc=&src=&Ord=&Holder=&AuthId=&TxTime=&errMsg=Parameter cardNo incorrect


2015-01-20T01:16:26Z
RequestParameter:  billNo: abBow1421716583 | startTime:2015-01-20 01:16:26

2015-01-20T01:16:26Z
https://www.pesopay.com/b2c2/eng/directPay/payComp.jsp?payType=N&merchantId=18139954&pMethod=VISA&lang=E&cardHolder=Shahid%20Tanveer&cardNo=4215850023025845&securityCode=914&epMonth=02&epYear=2017&amount=10&currCode=840&orderRef=abBow1421716583&remark=Test

2015-01-20T01:16:26Z
ResponseParameter:  billNo: abBow1421716583 | endTime:2015-01-20 01:16:26

2015-01-20T01:16:26Z
successcode=-1&Ref=&PayRef=&Amt=&Cur=&prc=&src=&Ord=&Holder=&AuthId=&TxTime=&errMsg=Parameter currCode incorrect


2015-01-20T01:19:17Z
RequestParameter:  billNo: BQMiP1421716755 | startTime:2015-01-20 01:19:17

2015-01-20T01:19:17Z
https://www.pesopay.com/b2c2/eng/directPay/payComp.jsp?payType=N&merchantId=18139954&pMethod=VISA&lang=E&cardHolder=Shahid%20Tanveer&cardNo=4375070004589000&securityCode=126&epMonth=09&epYear=2020&amount=10&currCode=840&orderRef=BQMiP1421716755&remark=Test

2015-01-20T01:19:18Z
ResponseParameter:  billNo: BQMiP1421716755 | endTime:2015-01-20 01:19:18

2015-01-20T01:19:18Z
successcode=-1&Ref=&PayRef=&Amt=&Cur=&prc=&src=&Ord=&Holder=&AuthId=&TxTime=&errMsg=Parameter currCode incorrect


2015-01-20T01:23:10Z
RequestParameter:  billNo: PxGye1421716987 | startTime:2015-01-20 01:23:10

2015-01-20T01:23:10Z
https://www.pesopay.com/b2c2/eng/directPay/payComp.jsp?payType=N&merchantId=18139954&pMethod=VISA&lang=E&cardHolder=Shahid%20Tanveer&cardNo=4375070004589000&securityCode=126&epMonth=09&epYear=2020&amount=10&currCode=978&orderRef=PxGye1421716987&remark=Test

2015-01-20T01:23:18Z
ResponseParameter:  billNo: PxGye1421716987 | endTime:2015-01-20 01:23:18

2015-01-20T01:23:18Z
successcode=0&Ref=PxGye1421716987&PayRef=6235366&Amt=10.0&Cur=978&prc=0&src=0&Ord=502012458189&Holder=Shahid Tanveer&AuthId=474347&TxTime=2015-01-20 09:23:32.0&errMsg=Transaction completed







2015-01-20T01:25:54Z
RequestParameter:  billNo: BWR7o1421717091 | startTime:2015-01-20 01:25:54

2015-01-20T01:25:54Z
https://www.pesopay.com/b2c2/eng/directPay/payComp.jsp?payType=N&merchantId=18139954&pMethod=VISA&lang=E&cardHolder=Shahid%20Tanveer&cardNo=4375070004589000&securityCode=126&epMonth=09&epYear=2020&amount=10&currCode=978&orderRef=BWR7o1421717091&remark=

2015-01-20T01:25:58Z
ResponseParameter:  billNo: BWR7o1421717091 | endTime:2015-01-20 01:25:58

2015-01-20T01:25:58Z
successcode=0&Ref=BWR7o1421717091&PayRef=6235407&Amt=10.0&Cur=978&prc=0&src=0&Ord=502012458251&Holder=Shahid Tanveer&AuthId=035042&TxTime=2015-01-20 09:26:17.0&errMsg=Transaction completed







2015-01-20T01:28:15Z
RequestParameter:  billNo: YTWI61421717294 | startTime:2015-01-20 01:28:15

2015-01-20T01:28:15Z
https://www.pesopay.com/b2c2/eng/directPay/payComp.jsp?payType=N&merchantId=18139954&pMethod=VISA&lang=E&cardHolder=Shahid%20Tanveer&cardNo=4375070004589000&securityCode=126&epMonth=09&epYear=2020&amount=10&currCode=978&orderRef=YTWI61421717294&remark=test

2015-01-20T01:28:19Z
ResponseParameter:  billNo: YTWI61421717294 | endTime:2015-01-20 01:28:19

2015-01-20T01:28:19Z
successcode=0&Ref=YTWI61421717294&PayRef=6235444&Amt=10.0&Cur=978&prc=0&src=0&Ord=502012458308&Holder=Shahid Tanveer&AuthId=567049&TxTime=2015-01-20 09:28:38.0&errMsg=Transaction completed







2015-01-20T01:59:12Z
RequestParameter:  billNo: hlwC91421719149 | startTime:2015-01-20 01:59:12

2015-01-20T01:59:12Z
https://www.pesopay.com/b2c2/eng/directPay/payComp.jsp?payType=N&merchantId=18139954&pMethod=VISA&lang=E&cardHolder=Shahid%20Tanveer&cardNo=4181570076064372&securityCode=994&epMonth=02&epYear=2020&amount=10&currCode=978&orderRef=hlwC91421719149&remark=Test

2015-01-20T01:59:15Z
ResponseParameter:  billNo: hlwC91421719149 | endTime:2015-01-20 01:59:15

2015-01-20T01:59:15Z
successcode=0&Ref=hlwC91421719149&PayRef=6235955&Amt=10.0&Cur=978&prc=0&src=0&Ord=502012458957&Holder=Shahid Tanveer&AuthId=000598&TxTime=2015-01-20 09:59:35.0&errMsg=Transaction completed







2015-01-20T02:04:11Z
RequestParameter:  billNo: CbvOu1421719413 | startTime:2015-01-20 02:04:11

2015-01-20T02:04:11Z
https://www.pesopay.com/b2c2/eng/directPay/payComp.jsp?payType=N&merchantId=18139954&pMethod=Master&lang=E&cardHolder=Shahid%20Tanveer&cardNo=5286670960061491&securityCode=857&epMonth=05&epYear=2024&amount=10&currCode=978&orderRef=CbvOu1421719413&remark=

2015-01-20T02:04:14Z
ResponseParameter:  billNo: CbvOu1421719413 | endTime:2015-01-20 02:04:14

2015-01-20T02:04:14Z
successcode=0&Ref=CbvOu1421719413&PayRef=6236068&Amt=10.0&Cur=978&prc=0&src=0&Ord=502013459071&Holder=Shahid Tanveer&AuthId=403230&TxTime=2015-01-20 10:04:33.0&errMsg=Transaction completed







2015-01-20T12:00:15Z
RequestParameter:  billNo: 1421742007-18226 | startTime:2015-01-20 12:00:15

2015-01-20T12:00:15Z
https://www.pesopay.com/b2c2/eng/directPay/payComp.jsp?payType=N&merchantId=18139954&pMethod=VISA&lang=E&cardHolder=corneil%20stephane&cardNo=4978313901644473&securityCode=868&epMonth=03&epYear=2015&amount=200&currCode=978&orderRef=1421742007-18226&remark=

2015-01-20T12:00:24Z
ResponseParameter:  billNo: 1421742007-18226 | endTime:2015-01-20 12:00:24

2015-01-20T12:00:24Z
successcode=1&Ref=1421742007-18226&PayRef=6239302&Amt=200.0&Cur=978&prc=1&src=551&Ord=502023465657&Holder=corneil stephane&AuthId=&TxTime=2015-01-20 20:00:40.0&errMsg=Transaction failed







2015-01-20T17:40:35Z
RequestParameter:  billNo: 1421748522-1188 | startTime:2015-01-20 17:40:35

2015-01-20T17:40:35Z
https://www.pesopay.com/b2c2/eng/directPay/payComp.jsp?payType=N&merchantId=18139954&pMethod=Master&lang=E&cardHolder=Vermeersch%20.Christiaan&cardNo=5256366117795984&securityCode=584&epMonth=10&epYear=2015&amount=500&currCode=978&orderRef=1421748522-1188&remark=

2015-01-20T17:40:39Z
ResponseParameter:  billNo: 1421748522-1188 | endTime:2015-01-20 17:40:39

2015-01-20T17:40:39Z
successcode=0&Ref=1421748522-1188&PayRef=6240388&Amt=500.0&Cur=978&prc=0&src=0&Ord=502104467043&Holder=Vermeersch .Christiaan&AuthId=067261&TxTime=2015-01-21 01:40:59.0&errMsg=Transaction completed







