2015-02-27T00:35:42Z
RequestParameter:  billNo: 1424866883-1075 | startTime:2015-02-27 00:35:42

2015-02-27T00:35:42Z
1

2015-02-27T00:35:44Z
ResponseParameter:  billNo: 1424866883-1075 | endTime:2015-02-27 00:35:44

2015-02-27T00:35:44Z
<?xml version="1.0" encoding="UTF-8"?>
<RESPONSE>
  <VERS>0600</VERS>
  <MODE>U</MODE>
  <TRAN>3TW7048V7ZS8</TRAN>
  <MERC>680000</MERC>
  <SESS>5f11de729f79d13f2cc1490d870b712c</SESS>
  <RULES_TRIGGERED>0</RULES_TRIGGERED>
  <COUNTERS_TRIGGERED>0</COUNTERS_TRIGGERED>
  <REASON_CODE></REASON_CODE>
  <MASTERCARD></MASTERCARD>
  <WARNING_COUNT>0</WARNING_COUNT>
</RESPONSE>

