2015-11-18T05:10:36Z
RequestParameter:  billNo: 144124561 | startTime:2015-11-18 05:10:36

2015-11-18T05:10:36Z
Array
(
    [MODE] => Q
    [FRMT] => XML
    [VERS] => 0630
    [MERC] => 680000
    [UDF[CUSTOMER_IPAD]] => 103.18.0.194
    [SESS] => 4ef0fca1dnt0ska6mgnk56ced1
    [UDF[CUSTOMER_URL]] => 
    [ORDR] => 144124561
    [CURR] => USD
    [PENC] => KHASH
    [PTYP] => CARD
    [PTOK] => 4215856EW0UBNZ4S374N
    [IPAD] => 103.18.0.194
    [MACK] => Y
    [AUTH] => A
    [PROD_DESC[0]] => Binary Trade
    [PROD_TYPE[0]] => Binary Trade
    [PROD_ITEM[0]] => SKU-ACI-BinaryTrade
    [PROD_QUANT[0]] => 1
    [PROD_PRICE[0]] => 1000
    [TOTL] => 1000
    [SITE] => VERT999
    [UDF[MERCHANT_ID]] => PSIMERCH999

    [NAME] => Leow Hong Tee
    [B2A1] => Malaysia
    [B2CC] => PH
    [B2CI] => malaysia
    [B2PC] => 00000
    [B2PN] => 0954687156
    [B2ST] => NAA
    [S2A1] => 
    [S2CC] => 
    [S2CI] => 
    [S2EM] => 
    [S2NM] =>  
    [S2PC] => 
    [S2PN] => 
    [S2ST] => 
    [SHTP] => 
    [CASH] => 10
    [DOB] => 1980-11-13
    [GENDER] => M
    [EMAL] => hongtee_leow@hotmail.com
)


2015-11-18T05:10:37Z
ResponseParameter:  billNo: 144124561 | endTime:2015-11-18 05:10:37

2015-11-18T05:10:37Z
<?xml version="1.0" encoding="UTF-8"?>
<RESPONSE>
  <VERS>0630</VERS>
  <MODE>Q</MODE>
  <TRAN>337G0L8KXQ1D</TRAN>
  <MERC>680000</MERC>
  <SESS>4ef0fca1dnt0ska6mgnk56ced1</SESS>
  <ORDR>144124561</ORDR>
  <AUTO>A</AUTO>
  <SCOR>37</SCOR>
  <GEOX>MY</GEOX>
  <BRND>VISA</BRND>
  <REGN>MY_14</REGN>
  <NETW>N</NETW>
  <KAPT>N</KAPT>
  <CARDS>3</CARDS>
  <DEVICES>1</DEVICES>
  <EMAILS>1</EMAILS>
  <VELO>1</VELO>
  <VMAX>1</VMAX>
  <SITE>VERT999</SITE>
  <DEVICE_LAYERS>....</DEVICE_LAYERS>
  <FINGERPRINT></FINGERPRINT>
  <TIMEZONE></TIMEZONE>
  <LOCALTIME> </LOCALTIME>
  <REGION></REGION>
  <COUNTRY></COUNTRY>
  <PROXY></PROXY>
  <JAVASCRIPT></JAVASCRIPT>
  <FLASH></FLASH>
  <COOKIES></COOKIES>
  <HTTP_COUNTRY></HTTP_COUNTRY>
  <LANGUAGE></LANGUAGE>
  <MOBILE_DEVICE></MOBILE_DEVICE>
  <MOBILE_TYPE></MOBILE_TYPE>
  <MOBILE_FORWARDER></MOBILE_FORWARDER>
  <VOICE_DEVICE></VOICE_DEVICE>
  <PC_REMOTE></PC_REMOTE>
  <RULES_TRIGGERED>0</RULES_TRIGGERED>
  <COUNTERS_TRIGGERED>0</COUNTERS_TRIGGERED>
  <REASON_CODE></REASON_CODE>
  <MASTERCARD></MASTERCARD>
  <DDFS></DDFS>
  <DSR></DSR>
  <UAS></UAS>
  <BROWSER></BROWSER>
  <OS></OS>
  <PIP_IPAD></PIP_IPAD>
  <PIP_LAT></PIP_LAT>
  <PIP_LON></PIP_LON>
  <PIP_COUNTRY></PIP_COUNTRY>
  <PIP_REGION></PIP_REGION>
  <PIP_CITY></PIP_CITY>
  <PIP_ORG></PIP_ORG>
  <IP_IPAD></IP_IPAD>
  <IP_LAT></IP_LAT>
  <IP_LON></IP_LON>
  <IP_COUNTRY></IP_COUNTRY>
  <IP_REGION></IP_REGION>
  <IP_CITY></IP_CITY>
  <IP_ORG></IP_ORG>
  <WARNING_COUNT>0</WARNING_COUNT>
</RESPONSE>

2015-11-18T05:11:46Z
RequestParameter:  billNo: 144124561 | startTime:2015-11-18 05:11:46

2015-11-18T05:11:46Z
Array
(
    [MODE] => Q
    [FRMT] => XML
    [VERS] => 0630
    [MERC] => 680000
    [UDF[CUSTOMER_IPAD]] => 103.18.0.194
    [SESS] => 035d70dc4c7cf09e3af450979ddd0f5b
    [UDF[CUSTOMER_URL]] => 
    [ORDR] => 144124561
    [CURR] => EUR
    [PENC] => KHASH
    [PTYP] => CARD
    [PTOK] => 4215856EW0UBNZ4S374N
    [IPAD] => 103.18.0.194
    [MACK] => Y
    [AUTH] => A
    [PROD_DESC[0]] => Binary Trade
    [PROD_TYPE[0]] => Binary Trade
    [PROD_ITEM[0]] => SKU-ACI-BinaryTrade
    [PROD_QUANT[0]] => 1
    [PROD_PRICE[0]] => 1000
    [TOTL] => 1000
    [SITE] => VERT999
    [UDF[MERCHANT_ID]] => PSIMERCH999

    [NAME] => Leow Hong Tee
    [B2A1] => Malaysia
    [B2CC] => PH
    [B2CI] => malaysia
    [B2PC] => 00000
    [B2PN] => 0954687156
    [B2ST] => NAA
    [S2A1] => 
    [S2CC] => 
    [S2CI] => 
    [S2EM] => 
    [S2NM] =>  
    [S2PC] => 
    [S2PN] => 
    [S2ST] => 
    [SHTP] => 
    [CASH] => 10
    [DOB] => 1980-11-13
    [GENDER] => M
    [EMAL] => hongtee_leow@hotmail.com
)


2015-11-18T05:11:47Z
ResponseParameter:  billNo: 144124561 | endTime:2015-11-18 05:11:47

2015-11-18T05:11:47Z
<?xml version="1.0" encoding="UTF-8"?>
<RESPONSE>
  <VERS>0630</VERS>
  <MODE>Q</MODE>
  <TRAN>337G0K1G3BBJ</TRAN>
  <MERC>680000</MERC>
  <SESS>035d70dc4c7cf09e3af450979ddd0f5b</SESS>
  <ORDR>144124561</ORDR>
  <AUTO>A</AUTO>
  <SCOR>36</SCOR>
  <GEOX>MY</GEOX>
  <BRND>VISA</BRND>
  <REGN>MY_14</REGN>
  <NETW>N</NETW>
  <KAPT>Y</KAPT>
  <CARDS>3</CARDS>
  <DEVICES>1</DEVICES>
  <EMAILS>1</EMAILS>
  <VELO>1</VELO>
  <VMAX>1</VMAX>
  <SITE>VERT999</SITE>
  <DEVICE_LAYERS>C56AC8CEAF.F00BB70BB9.1089D693C6.A80EBD4F24.B8E8AE1490</DEVICE_LAYERS>
  <FINGERPRINT>9E7F2954F398C34E04EACB8AD704716C</FINGERPRINT>
  <TIMEZONE>960</TIMEZONE>
  <LOCALTIME>2015-11-18 13:11</LOCALTIME>
  <REGION>MY_14</REGION>
  <COUNTRY>MY</COUNTRY>
  <PROXY>N</PROXY>
  <JAVASCRIPT>Y</JAVASCRIPT>
  <FLASH>Y</FLASH>
  <COOKIES>Y</COOKIES>
  <HTTP_COUNTRY>US</HTTP_COUNTRY>
  <LANGUAGE>EN</LANGUAGE>
  <MOBILE_DEVICE>N</MOBILE_DEVICE>
  <MOBILE_TYPE></MOBILE_TYPE>
  <MOBILE_FORWARDER>N</MOBILE_FORWARDER>
  <VOICE_DEVICE>N</VOICE_DEVICE>
  <PC_REMOTE>N</PC_REMOTE>
  <RULES_TRIGGERED>4</RULES_TRIGGERED>
  <RULE_ID_0>330718</RULE_ID_0>
  <RULE_DESCRIPTION_0>GEO Billing &lt;&gt; Device Country (1pt)</RULE_DESCRIPTION_0>
  <RULE_ID_1>330720</RULE_ID_1>
  <RULE_DESCRIPTION_1>GEO  Distance from Device to Billing &gt; 1000km (1pt)</RULE_DESCRIPTION_1>
  <RULE_ID_2>330722</RULE_ID_2>
  <RULE_DESCRIPTION_2>GEO BIN and Device Country not equal (1pt)</RULE_DESCRIPTION_2>
  <RULE_ID_3>330730</RULE_ID_3>
  <RULE_DESCRIPTION_3>FRAUD_SCRD GEO Counter Triggered (5pts)</RULE_DESCRIPTION_3>
  <COUNTERS_TRIGGERED>2</COUNTERS_TRIGGERED>
  <COUNTER_NAME_0>GEO</COUNTER_NAME_0>
  <COUNTER_VALUE_0>3</COUNTER_VALUE_0>
  <COUNTER_NAME_1>FRAUD_SCRD</COUNTER_NAME_1>
  <COUNTER_VALUE_1>5</COUNTER_VALUE_1>
  <REASON_CODE></REASON_CODE>
  <MASTERCARD></MASTERCARD>
  <DDFS>2015-11-04</DDFS>
  <DSR>1080x1920</DSR>
  <UAS>Mozilla/5.0 (Windows NT 6.1) AppleWebKit/537.36 (KHTML, like Gecko) Chrome/46.0.2490.80 Safari/537.36</UAS>
  <BROWSER>Chrome 46.0.2490.80</BROWSER>
  <OS>Windows 7</OS>
  <PIP_IPAD></PIP_IPAD>
  <PIP_LAT></PIP_LAT>
  <PIP_LON></PIP_LON>
  <PIP_COUNTRY></PIP_COUNTRY>
  <PIP_REGION></PIP_REGION>
  <PIP_CITY></PIP_CITY>
  <PIP_ORG></PIP_ORG>
  <IP_IPAD>103.18.0.194</IP_IPAD>
  <IP_LAT>3.1698</IP_LAT>
  <IP_LON>101.7026</IP_LON>
  <IP_COUNTRY>MY</IP_COUNTRY>
  <IP_REGION>Kuala Lumpur</IP_REGION>
  <IP_CITY>Kuala Lumpur</IP_CITY>
  <IP_ORG>UNIVERSITY OF MALAYA</IP_ORG>
  <WARNING_COUNT>0</WARNING_COUNT>
</RESPONSE>

