2015-09-09T10:37:44Z
RequestParameter:  billNo: bb7a108b73f64c4e8ce802482624abfc | startTime:2015-09-09 10:37:44

2015-09-09T10:37:44Z
Array
(
    [MODE] => U
    [FRMT] => XML
    [VERS] => 0630
    [MERC] => 680000
    [SESS] => 5aebf97fcf6c44b885a8718511db54ce
    [TRAN] => 36V60LV3WCHS
    [AUTH] => D
    [MACK] => Y
)


2015-09-09T10:37:45Z
ResponseParameter:  billNo: bb7a108b73f64c4e8ce802482624abfc | endTime:2015-09-09 10:37:45

2015-09-09T10:37:45Z
<?xml version="1.0" encoding="UTF-8"?>
<RESPONSE>
  <VERS>0630</VERS>
  <MODE>U</MODE>
  <TRAN>36V60LV3WCHS</TRAN>
  <MERC>680000</MERC>
  <SESS>5aebf97fcf6c44b885a8718511db54ce</SESS>
  <RULES_TRIGGERED>0</RULES_TRIGGERED>
  <COUNTERS_TRIGGERED>0</COUNTERS_TRIGGERED>
  <REASON_CODE></REASON_CODE>
  <MASTERCARD></MASTERCARD>
  <WARNING_COUNT>0</WARNING_COUNT>
</RESPONSE>

2015-09-09T14:18:49Z
RequestParameter:  billNo: 0fbb434e18c04d189323c6a58a5a9128 | startTime:2015-09-09 14:18:49

2015-09-09T14:18:49Z
Array
(
    [MODE] => U
    [FRMT] => XML
    [VERS] => 0630
    [MERC] => 680000
    [SESS] => a03bbcd2d87e490093621c3fede7b1b9
    [TRAN] => 36V7058PXYVZ
    [AUTH] => D
    [MACK] => Y
)


2015-09-09T14:18:50Z
ResponseParameter:  billNo: 0fbb434e18c04d189323c6a58a5a9128 | endTime:2015-09-09 14:18:50

2015-09-09T14:18:50Z
<?xml version="1.0" encoding="UTF-8"?>
<RESPONSE>
  <VERS>0630</VERS>
  <MODE>U</MODE>
  <TRAN>36V7058PXYVZ</TRAN>
  <MERC>680000</MERC>
  <SESS>a03bbcd2d87e490093621c3fede7b1b9</SESS>
  <RULES_TRIGGERED>0</RULES_TRIGGERED>
  <COUNTERS_TRIGGERED>0</COUNTERS_TRIGGERED>
  <REASON_CODE></REASON_CODE>
  <MASTERCARD></MASTERCARD>
  <WARNING_COUNT>0</WARNING_COUNT>
</RESPONSE>

2015-09-09T14:19:26Z
RequestParameter:  billNo: a58b151eec844f389293576976962cfb | startTime:2015-09-09 14:19:26

2015-09-09T14:19:26Z
Array
(
    [MODE] => U
    [FRMT] => XML
    [VERS] => 0630
    [MERC] => 680000
    [SESS] => deb0a74089da46308bbb700241d606ce
    [TRAN] => 36V70VQD6PV8
    [AUTH] => D
    [MACK] => Y
)


2015-09-09T14:19:27Z
ResponseParameter:  billNo: a58b151eec844f389293576976962cfb | endTime:2015-09-09 14:19:27

2015-09-09T14:19:27Z
<?xml version="1.0" encoding="UTF-8"?>
<RESPONSE>
  <VERS>0630</VERS>
  <MODE>U</MODE>
  <TRAN>36V70VQD6PV8</TRAN>
  <MERC>680000</MERC>
  <SESS>deb0a74089da46308bbb700241d606ce</SESS>
  <RULES_TRIGGERED>0</RULES_TRIGGERED>
  <COUNTERS_TRIGGERED>0</COUNTERS_TRIGGERED>
  <REASON_CODE></REASON_CODE>
  <MASTERCARD></MASTERCARD>
  <WARNING_COUNT>0</WARNING_COUNT>
</RESPONSE>

2015-09-09T15:46:15Z
RequestParameter:  billNo: a8b49309adea4954a66e851e2174ad56 | startTime:2015-09-09 15:46:15

2015-09-09T15:46:15Z
Array
(
    [MODE] => U
    [FRMT] => XML
    [VERS] => 0630
    [MERC] => 680000
    [SESS] => 8b1d65ee0b504de38c1cf28e9df8c228
    [TRAN] => 36VD0Z62LCHR
    [AUTH] => D
    [MACK] => Y
)


2015-09-09T15:46:16Z
ResponseParameter:  billNo: a8b49309adea4954a66e851e2174ad56 | endTime:2015-09-09 15:46:16

2015-09-09T15:46:16Z
<?xml version="1.0" encoding="UTF-8"?>
<RESPONSE>
  <VERS>0630</VERS>
  <MODE>U</MODE>
  <TRAN>36VD0Z62LCHR</TRAN>
  <MERC>680000</MERC>
  <SESS>8b1d65ee0b504de38c1cf28e9df8c228</SESS>
  <RULES_TRIGGERED>0</RULES_TRIGGERED>
  <COUNTERS_TRIGGERED>0</COUNTERS_TRIGGERED>
  <REASON_CODE></REASON_CODE>
  <MASTERCARD></MASTERCARD>
  <WARNING_COUNT>0</WARNING_COUNT>
</RESPONSE>

2015-09-09T15:47:50Z
RequestParameter:  billNo: c4f7f32082f745e8acc771f5816079de | startTime:2015-09-09 15:47:50

2015-09-09T15:47:50Z
Array
(
    [MODE] => U
    [FRMT] => XML
    [VERS] => 0630
    [MERC] => 680000
    [SESS] => 7783b47d70b648caa92b3e63a8dde369
    [TRAN] => 36VD0YBPV64K
    [AUTH] => D
    [MACK] => Y
)


2015-09-09T15:47:51Z
ResponseParameter:  billNo: c4f7f32082f745e8acc771f5816079de | endTime:2015-09-09 15:47:51

2015-09-09T15:47:51Z
<?xml version="1.0" encoding="UTF-8"?>
<RESPONSE>
  <VERS>0630</VERS>
  <MODE>U</MODE>
  <TRAN>36VD0YBPV64K</TRAN>
  <MERC>680000</MERC>
  <SESS>7783b47d70b648caa92b3e63a8dde369</SESS>
  <RULES_TRIGGERED>0</RULES_TRIGGERED>
  <COUNTERS_TRIGGERED>0</COUNTERS_TRIGGERED>
  <REASON_CODE></REASON_CODE>
  <MASTERCARD></MASTERCARD>
  <WARNING_COUNT>0</WARNING_COUNT>
</RESPONSE>

2015-09-09T15:48:14Z
RequestParameter:  billNo: 54545b0dc7a34d4a847ab3646ee7d8dc | startTime:2015-09-09 15:48:14

2015-09-09T15:48:14Z
Array
(
    [MODE] => U
    [FRMT] => XML
    [VERS] => 0630
    [MERC] => 680000
    [SESS] => 767192e8bb0f4005a7cf587a20146a64
    [TRAN] => 36VD00RXN7Y3
    [AUTH] => D
    [MACK] => Y
)


2015-09-09T15:48:15Z
ResponseParameter:  billNo: 54545b0dc7a34d4a847ab3646ee7d8dc | endTime:2015-09-09 15:48:15

2015-09-09T15:48:15Z
<?xml version="1.0" encoding="UTF-8"?>
<RESPONSE>
  <VERS>0630</VERS>
  <MODE>U</MODE>
  <TRAN>36VD00RXN7Y3</TRAN>
  <MERC>680000</MERC>
  <SESS>767192e8bb0f4005a7cf587a20146a64</SESS>
  <RULES_TRIGGERED>0</RULES_TRIGGERED>
  <COUNTERS_TRIGGERED>0</COUNTERS_TRIGGERED>
  <REASON_CODE></REASON_CODE>
  <MASTERCARD></MASTERCARD>
  <WARNING_COUNT>0</WARNING_COUNT>
</RESPONSE>

2015-09-09T15:48:32Z
RequestParameter:  billNo: 48346fcb3f2e4a0fbbab9249fc292a29 | startTime:2015-09-09 15:48:32

2015-09-09T15:48:32Z
Array
(
    [MODE] => U
    [FRMT] => XML
    [VERS] => 0630
    [MERC] => 680000
    [SESS] => 22c749a27b564911b6de2becbe71efac
    [TRAN] => 36VD0ZHC8258
    [AUTH] => D
    [MACK] => Y
)


2015-09-09T15:48:33Z
ResponseParameter:  billNo: 48346fcb3f2e4a0fbbab9249fc292a29 | endTime:2015-09-09 15:48:33

2015-09-09T15:48:33Z
<?xml version="1.0" encoding="UTF-8"?>
<RESPONSE>
  <VERS>0630</VERS>
  <MODE>U</MODE>
  <TRAN>36VD0ZHC8258</TRAN>
  <MERC>680000</MERC>
  <SESS>22c749a27b564911b6de2becbe71efac</SESS>
  <RULES_TRIGGERED>0</RULES_TRIGGERED>
  <COUNTERS_TRIGGERED>0</COUNTERS_TRIGGERED>
  <REASON_CODE></REASON_CODE>
  <MASTERCARD></MASTERCARD>
  <WARNING_COUNT>0</WARNING_COUNT>
</RESPONSE>

2015-09-09T15:48:58Z
RequestParameter:  billNo: 50fb5b86f73747c8bbce9321bd4a33b9 | startTime:2015-09-09 15:48:58

2015-09-09T15:48:58Z
Array
(
    [MODE] => U
    [FRMT] => XML
    [VERS] => 0630
    [MERC] => 680000
    [SESS] => 99e5185533b145579e835fa422b323c6
    [TRAN] => 36VD0M4TR4TB
    [AUTH] => D
    [MACK] => Y
)


2015-09-09T15:48:59Z
ResponseParameter:  billNo: 50fb5b86f73747c8bbce9321bd4a33b9 | endTime:2015-09-09 15:48:59

2015-09-09T15:48:59Z
<?xml version="1.0" encoding="UTF-8"?>
<RESPONSE>
  <VERS>0630</VERS>
  <MODE>U</MODE>
  <TRAN>36VD0M4TR4TB</TRAN>
  <MERC>680000</MERC>
  <SESS>99e5185533b145579e835fa422b323c6</SESS>
  <RULES_TRIGGERED>0</RULES_TRIGGERED>
  <COUNTERS_TRIGGERED>0</COUNTERS_TRIGGERED>
  <REASON_CODE></REASON_CODE>
  <MASTERCARD></MASTERCARD>
  <WARNING_COUNT>0</WARNING_COUNT>
</RESPONSE>

2015-09-09T16:19:04Z
RequestParameter:  billNo: 1b21ae546f8a420fa120fa642679331e | startTime:2015-09-09 16:19:04

2015-09-09T16:19:04Z
Array
(
    [MODE] => U
    [FRMT] => XML
    [VERS] => 0630
    [MERC] => 680000
    [SESS] => 1b21ae546f8a420fa120fa642679331e
    [TRAN] => 36WK0ZC6KSDM
    [AUTH] => D
    [MACK] => Y
)


2015-09-09T16:19:05Z
ResponseParameter:  billNo: 1b21ae546f8a420fa120fa642679331e | endTime:2015-09-09 16:19:05

2015-09-09T16:19:05Z
<?xml version="1.0" encoding="UTF-8"?>
<RESPONSE>
  <VERS>0630</VERS>
  <MODE>U</MODE>
  <TRAN>36WK0ZC6KSDM</TRAN>
  <MERC>680000</MERC>
  <SESS>1b21ae546f8a420fa120fa642679331e</SESS>
  <RULES_TRIGGERED>0</RULES_TRIGGERED>
  <COUNTERS_TRIGGERED>0</COUNTERS_TRIGGERED>
  <REASON_CODE></REASON_CODE>
  <MASTERCARD></MASTERCARD>
  <WARNING_COUNT>0</WARNING_COUNT>
</RESPONSE>

2015-09-09T16:19:49Z
RequestParameter:  billNo: 7e11efe066424f26a4047e56130e102d | startTime:2015-09-09 16:19:49

2015-09-09T16:19:49Z
Array
(
    [MODE] => U
    [FRMT] => XML
    [VERS] => 0630
    [MERC] => 680000
    [SESS] => 7e11efe066424f26a4047e56130e102d
    [TRAN] => 36WK0T619K80
    [AUTH] => D
    [MACK] => Y
)


2015-09-09T16:19:49Z
ResponseParameter:  billNo: 7e11efe066424f26a4047e56130e102d | endTime:2015-09-09 16:19:49

2015-09-09T16:19:49Z
<?xml version="1.0" encoding="UTF-8"?>
<RESPONSE>
  <VERS>0630</VERS>
  <MODE>U</MODE>
  <TRAN>36WK0T619K80</TRAN>
  <MERC>680000</MERC>
  <SESS>7e11efe066424f26a4047e56130e102d</SESS>
  <RULES_TRIGGERED>0</RULES_TRIGGERED>
  <COUNTERS_TRIGGERED>0</COUNTERS_TRIGGERED>
  <REASON_CODE></REASON_CODE>
  <MASTERCARD></MASTERCARD>
  <WARNING_COUNT>0</WARNING_COUNT>
</RESPONSE>

