2015-07-10T02:55:03Z
RequestParameter:  billNo: 1429104711435

2015-07-10T02:55:03Z
https://www.pesopay.com/b2c2/eng/merchant/api/orderApi.jsp?merchantId=18139954&loginId=AllianzMetro1&password=Kaft5mNDjsks29d&actionType=OnlineRefund&payRef=6787286&amount=500

2015-07-10T02:55:08Z
ResponseParameter:  billNo: 1429104711435

2015-07-10T02:55:08Z
resultCode=0&orderStatus=&ref=&payRef=&amt=&cur=&errMsg=Online Refund Success...





2015-07-10T02:56:45Z
RequestParameter:  billNo: 1429104869301

2015-07-10T02:56:45Z
https://www.pesopay.com/b2c2/eng/merchant/api/orderApi.jsp?merchantId=18139954&loginId=AllianzMetro1&password=Kaft5mNDjsks29d&actionType=OnlineRefund&payRef=6787298&amount=200

2015-07-10T02:56:47Z
ResponseParameter:  billNo: 1429104869301

2015-07-10T02:56:47Z
resultCode=0&orderStatus=&ref=&payRef=&amt=&cur=&errMsg=Online Refund Success...





2015-07-10T02:57:54Z
RequestParameter:  billNo: 03d64edae93a40c7a26aafdbc1546a23

2015-07-10T02:57:54Z
https://www.pesopay.com/b2c2/eng/merchant/api/orderApi.jsp?merchantId=18139954&loginId=AllianzMetro1&password=Kaft5mNDjsks29d&actionType=OnlineRefund&payRef=7032175&amount=200

2015-07-10T02:57:56Z
ResponseParameter:  billNo: 03d64edae93a40c7a26aafdbc1546a23

2015-07-10T02:57:56Z
resultCode=0&orderStatus=&ref=&payRef=&amt=&cur=&errMsg=Online Refund Success...





2015-07-10T02:59:12Z
RequestParameter:  billNo: 8fb9836645df4195920fa82317e88274

2015-07-10T02:59:12Z
https://www.pesopay.com/b2c2/eng/merchant/api/orderApi.jsp?merchantId=18139954&loginId=AllianzMetro1&password=Kaft5mNDjsks29d&actionType=OnlineRefund&payRef=7032225&amount=300

2015-07-10T02:59:16Z
ResponseParameter:  billNo: 8fb9836645df4195920fa82317e88274

2015-07-10T02:59:16Z
resultCode=0&orderStatus=&ref=&payRef=&amt=&cur=&errMsg=Online Refund Success...





2015-07-10T03:00:17Z
RequestParameter:  billNo: efeb6ff0585f46eab0212d41712b2c26

2015-07-10T03:00:17Z
https://www.pesopay.com/b2c2/eng/merchant/api/orderApi.jsp?merchantId=18139954&loginId=AllianzMetro1&password=Kaft5mNDjsks29d&actionType=OnlineRefund&payRef=7068160&amount=400

2015-07-10T03:00:20Z
ResponseParameter:  billNo: efeb6ff0585f46eab0212d41712b2c26

2015-07-10T03:00:20Z
resultCode=0&orderStatus=&ref=&payRef=&amt=&cur=&errMsg=Online Refund Success...





2015-07-10T03:01:35Z
RequestParameter:  billNo: 429ac6e0a80141e196ac9c2ecad9c514

2015-07-10T03:01:35Z
https://www.pesopay.com/b2c2/eng/merchant/api/orderApi.jsp?merchantId=18139954&loginId=AllianzMetro1&password=Kaft5mNDjsks29d&actionType=OnlineRefund&payRef=7137936&amount=500

2015-07-10T03:01:37Z
ResponseParameter:  billNo: 429ac6e0a80141e196ac9c2ecad9c514

2015-07-10T03:01:37Z
resultCode=0&orderStatus=&ref=&payRef=&amt=&cur=&errMsg=Online Refund Success...





2015-07-10T03:03:04Z
RequestParameter:  billNo: c5fbdcd73fc14771afc0e4002a41f2bd

2015-07-10T03:03:04Z
https://www.pesopay.com/b2c2/eng/merchant/api/orderApi.jsp?merchantId=18139954&loginId=AllianzMetro1&password=Kaft5mNDjsks29d&actionType=OnlineRefund&payRef=7137923&amount=500

2015-07-10T03:03:07Z
ResponseParameter:  billNo: c5fbdcd73fc14771afc0e4002a41f2bd

2015-07-10T03:03:07Z
resultCode=0&orderStatus=&ref=&payRef=&amt=&cur=&errMsg=Online Refund Success...





2015-07-10T03:05:14Z
RequestParameter:  billNo: 89098c4f4a7f4c99bedf0058bf18b721

2015-07-10T03:05:14Z
https://www.pesopay.com/b2c2/eng/merchant/api/orderApi.jsp?merchantId=18139954&loginId=AllianzMetro1&password=Kaft5mNDjsks29d&actionType=OnlineRefund&payRef=7206454&amount=200

2015-07-10T03:05:16Z
ResponseParameter:  billNo: 89098c4f4a7f4c99bedf0058bf18b721

2015-07-10T03:05:16Z
resultCode=0&orderStatus=&ref=&payRef=&amt=&cur=&errMsg=Online Refund Success...





2015-07-10T03:06:04Z
RequestParameter:  billNo: 6df0440fbddd4c7bb90f6448a9e12aef

2015-07-10T03:06:04Z
https://www.pesopay.com/b2c2/eng/merchant/api/orderApi.jsp?merchantId=18139954&loginId=AllianzMetro1&password=Kaft5mNDjsks29d&actionType=OnlineRefund&payRef=7261089&amount=250

2015-07-10T03:06:07Z
ResponseParameter:  billNo: 6df0440fbddd4c7bb90f6448a9e12aef

2015-07-10T03:06:07Z
resultCode=0&orderStatus=&ref=&payRef=&amt=&cur=&errMsg=Online Refund Success...





2015-07-10T07:49:06Z
RequestParameter:  billNo: 119c93c39a824e518c25183c3d146ac0

2015-07-10T07:49:06Z
https://www.pesopay.com/b2c2/eng/merchant/api/orderApi.jsp?merchantId=18139954&loginId=AllianzMetro1&password=Kaft5mNDjsks29d&actionType=OnlineRefund&payRef=7459554&amount=300

2015-07-10T07:49:09Z
ResponseParameter:  billNo: 119c93c39a824e518c25183c3d146ac0

2015-07-10T07:49:09Z
resultCode=0&orderStatus=&ref=&payRef=&amt=&cur=&errMsg=Online Refund Success...





2015-07-10T07:49:55Z
RequestParameter:  billNo: 5c52279ce2384abf9a91dabc0c2e32c3

2015-07-10T07:49:55Z
https://www.pesopay.com/b2c2/eng/merchant/api/orderApi.jsp?merchantId=18139954&loginId=AllianzMetro1&password=Kaft5mNDjsks29d&actionType=OnlineRefund&payRef=7457979&amount=200

2015-07-10T07:49:59Z
ResponseParameter:  billNo: 5c52279ce2384abf9a91dabc0c2e32c3

2015-07-10T07:49:59Z
resultCode=0&orderStatus=&ref=&payRef=&amt=&cur=&errMsg=Online Refund Success...





2015-07-10T07:50:43Z
RequestParameter:  billNo: 4642d4fea1f3459c8513b9e3424fdf5c

2015-07-10T07:50:43Z
https://www.pesopay.com/b2c2/eng/merchant/api/orderApi.jsp?merchantId=18139954&loginId=AllianzMetro1&password=Kaft5mNDjsks29d&actionType=OnlineRefund&payRef=7465389&amount=200

2015-07-10T07:50:45Z
ResponseParameter:  billNo: 4642d4fea1f3459c8513b9e3424fdf5c

2015-07-10T07:50:45Z
resultCode=0&orderStatus=&ref=&payRef=&amt=&cur=&errMsg=Online Refund Success...





2015-07-10T07:51:38Z
RequestParameter:  billNo: 334b16bf91c9429c800470be00c1b0da

2015-07-10T07:51:38Z
https://www.pesopay.com/b2c2/eng/merchant/api/orderApi.jsp?merchantId=18139954&loginId=AllianzMetro1&password=Kaft5mNDjsks29d&actionType=OnlineRefund&payRef=7465406&amount=300

2015-07-10T07:51:40Z
ResponseParameter:  billNo: 334b16bf91c9429c800470be00c1b0da

2015-07-10T07:51:40Z
resultCode=0&orderStatus=&ref=&payRef=&amt=&cur=&errMsg=Online Refund Success...





2015-07-10T07:54:26Z
RequestParameter:  billNo: 8d12bbdbfa0b4c789dd9d915479570f6

2015-07-10T07:54:26Z
https://www.pesopay.com/b2c2/eng/merchant/api/orderApi.jsp?merchantId=18139954&loginId=AllianzMetro1&password=Kaft5mNDjsks29d&actionType=OnlineRefund&payRef=7466672&amount=200

2015-07-10T07:54:26Z
ResponseParameter:  billNo: 8d12bbdbfa0b4c789dd9d915479570f6

2015-07-10T07:54:26Z
resultCode=-1&orderStatus=&ref=&payRef=&amt=&cur=&errMsg=Online refund fail..





2015-07-10T11:23:01Z
RequestParameter:  billNo: 21ce9708d3104494ab9480187ad9a73b

2015-07-10T11:23:01Z
https://www.pesopay.com/b2c2/eng/merchant/api/orderApi.jsp?merchantId=18139954&loginId=AllianzMetro1&password=Kaft5mNDjsks29d&actionType=OnlineRefund&payRef=7458680&amount=200

2015-07-10T11:23:04Z
ResponseParameter:  billNo: 21ce9708d3104494ab9480187ad9a73b

2015-07-10T11:23:04Z
resultCode=0&orderStatus=&ref=&payRef=&amt=&cur=&errMsg=Online Refund Success...





