2015-10-09T13:58:42Z
RequestParameter:  billNo: a95fab5b7489467d92ca2b1cd878b8f3 | startTime:2015-10-09 13:58:42

2015-10-09T13:58:42Z
Array
(
    [MODE] => Q
    [FRMT] => XML
    [VERS] => 0630
    [MERC] => 680000
    [UDF[CUSTOMER_IPAD]] => 2.133.109.196
    [SESS] => afef04858ab0454e8df9fac4f1a641f9
    [ORDR] => a95fab5b7489467d92ca2b1cd878b8f3
    [CURR] => USD
    [PENC] => KHASH
    [PTYP] => CARD
    [PTOK] => 4263456ZTNUC0W0VBU3S
    [IPAD] => 2.133.109.196
    [MACK] => Y
    [AUTH] => A
    [PROD_DESC[0]] => Binary Trade
    [PROD_TYPE[0]] => Binary Trade
    [PROD_ITEM[0]] => SKU-HBR-BinaryTrade
    [PROD_QUANT[0]] => 1
    [PROD_PRICE[0]] => 30000
    [TOTL] => 30000
    [SITE] => VERT001
    [UDF[MERCHANT_ID]] => 20001MERHIBRO
    [NAME] => Serik Akysh
    [B2A1] => Baitursynova 78-31
    [B2CC] => KZ
    [B2CI] => Almaty
    [B2PC] => 050000
    [B2PN] => +77071778028
    [B2ST] => KZ
    [S2A1] => 
    [S2CC] => 
    [S2CI] => 
    [S2EM] => 
    [S2NM] =>  
    [S2PC] => 
    [S2PN] => 
    [S2ST] => 
    [SHTP] => 
    [CASH] => 300
    [DOB] => 2000-12-31
    [GENDER] => M
    [EMAL] => sak28kz@bk.ru
)


2015-10-09T13:58:43Z
ResponseParameter:  billNo: a95fab5b7489467d92ca2b1cd878b8f3 | endTime:2015-10-09 13:58:43

2015-10-09T13:58:43Z
<?xml version="1.0" encoding="UTF-8"?>
<RESPONSE>
  <VERS>0630</VERS>
  <MODE>Q</MODE>
  <TRAN>31TH0Y278DJQ</TRAN>
  <MERC>680000</MERC>
  <SESS>afef04858ab0454e8df9fac4f1a641f9</SESS>
  <ORDR>a95fab5b7489467d92ca2b1cd878b8f3</ORDR>
  <AUTO>A</AUTO>
  <SCOR>17</SCOR>
  <GEOX>KZ</GEOX>
  <BRND>VISA</BRND>
  <REGN>KZ_02</REGN>
  <NETW>N</NETW>
  <KAPT>Y</KAPT>
  <CARDS>1</CARDS>
  <DEVICES>1</DEVICES>
  <EMAILS>1</EMAILS>
  <VELO>0</VELO>
  <VMAX>0</VMAX>
  <SITE>VERT001</SITE>
  <DEVICE_LAYERS>E286FB3C94.C3225D9C98.8CCCAD9BDD.93782A2EC8.A3CE89EF61</DEVICE_LAYERS>
  <FINGERPRINT>C2036BDD23F37938DC1ADF314BE9CA9E</FINGERPRINT>
  <TIMEZONE>1080</TIMEZONE>
  <LOCALTIME>2015-10-09 19:58</LOCALTIME>
  <REGION>KZ_02</REGION>
  <COUNTRY>KZ</COUNTRY>
  <PROXY>N</PROXY>
  <JAVASCRIPT>Y</JAVASCRIPT>
  <FLASH>Y</FLASH>
  <COOKIES>Y</COOKIES>
  <HTTP_COUNTRY>RU</HTTP_COUNTRY>
  <LANGUAGE>RU</LANGUAGE>
  <MOBILE_DEVICE>N</MOBILE_DEVICE>
  <MOBILE_TYPE></MOBILE_TYPE>
  <MOBILE_FORWARDER>N</MOBILE_FORWARDER>
  <VOICE_DEVICE>N</VOICE_DEVICE>
  <PC_REMOTE>N</PC_REMOTE>
  <RULES_TRIGGERED>1</RULES_TRIGGERED>
  <RULE_ID_0>330732</RULE_ID_0>
  <RULE_DESCRIPTION_0>FRAUD_SCRD Score less than 25 and Device Data present (-10pts)</RULE_DESCRIPTION_0>
  <COUNTERS_TRIGGERED>1</COUNTERS_TRIGGERED>
  <COUNTER_NAME_0>FRAUD_SCORD</COUNTER_NAME_0>
  <COUNTER_VALUE_0>-10</COUNTER_VALUE_0>
  <REASON_CODE></REASON_CODE>
  <MASTERCARD></MASTERCARD>
  <DDFS>2015-10-09</DDFS>
  <DSR>900x1600</DSR>
  <UAS>Mozilla/5.0 (Windows NT 6.1) AppleWebKit/537.36 (KHTML, like Gecko) Chrome/42.0.2311.254 Amigo/42.0.2311.254 MRCHROME SOC Safari/537.36</UAS>
  <BROWSER>Chrome 42.0.2311.254</BROWSER>
  <OS>Windows 7</OS>
  <PIP_IPAD></PIP_IPAD>
  <PIP_LAT></PIP_LAT>
  <PIP_LON></PIP_LON>
  <PIP_COUNTRY></PIP_COUNTRY>
  <PIP_REGION></PIP_REGION>
  <PIP_CITY></PIP_CITY>
  <PIP_ORG></PIP_ORG>
  <IP_IPAD>2.133.109.196</IP_IPAD>
  <IP_LAT>43.2565</IP_LAT>
  <IP_LON>76.9285</IP_LON>
  <IP_COUNTRY>KZ</IP_COUNTRY>
  <IP_REGION>Almaty City</IP_REGION>
  <IP_CITY>Almaty</IP_CITY>
  <IP_ORG>JSC KAZAKHTELECOM</IP_ORG>
  <WARNING_COUNT>0</WARNING_COUNT>
</RESPONSE>

2015-10-09T13:59:43Z
RequestParameter:  billNo: 7b9a5639575f4781834f11dffa2ffb19 | startTime:2015-10-09 13:59:43

2015-10-09T13:59:43Z
Array
(
    [MODE] => Q
    [FRMT] => XML
    [VERS] => 0630
    [MERC] => 680000
    [UDF[CUSTOMER_IPAD]] => 2.133.109.196
    [SESS] => f142e3f090174b81bdfd69cc9c03acac
    [ORDR] => 7b9a5639575f4781834f11dffa2ffb19
    [CURR] => USD
    [PENC] => KHASH
    [PTYP] => CARD
    [PTOK] => 4263456ZTNUC0W0VBU3S
    [IPAD] => 2.133.109.196
    [MACK] => Y
    [AUTH] => A
    [PROD_DESC[0]] => Binary Trade
    [PROD_TYPE[0]] => Binary Trade
    [PROD_ITEM[0]] => SKU-HBR-BinaryTrade
    [PROD_QUANT[0]] => 1
    [PROD_PRICE[0]] => 30000
    [TOTL] => 30000
    [SITE] => VERT001
    [UDF[MERCHANT_ID]] => 20001MERHIBRO
    [NAME] => Serik Akysh
    [B2A1] => Baitursynova 78-31
    [B2CC] => KZ
    [B2CI] => Almaty
    [B2PC] => 050000
    [B2PN] => +77071778028
    [B2ST] => KZ
    [S2A1] => 
    [S2CC] => 
    [S2CI] => 
    [S2EM] => 
    [S2NM] =>  
    [S2PC] => 
    [S2PN] => 
    [S2ST] => 
    [SHTP] => 
    [CASH] => 300
    [DOB] => 2000-12-31
    [GENDER] => M
    [EMAL] => sak28kz@bk.ru
)


2015-10-09T13:59:44Z
ResponseParameter:  billNo: 7b9a5639575f4781834f11dffa2ffb19 | endTime:2015-10-09 13:59:44

2015-10-09T13:59:44Z
<?xml version="1.0" encoding="UTF-8"?>
<RESPONSE>
  <VERS>0630</VERS>
  <MODE>Q</MODE>
  <TRAN>31TH05QD2HQS</TRAN>
  <MERC>680000</MERC>
  <SESS>f142e3f090174b81bdfd69cc9c03acac</SESS>
  <ORDR>7b9a5639575f4781834f11dffa2ffb19</ORDR>
  <AUTO>A</AUTO>
  <SCOR>17</SCOR>
  <GEOX>KZ</GEOX>
  <BRND>VISA</BRND>
  <REGN>KZ_02</REGN>
  <NETW>N</NETW>
  <KAPT>Y</KAPT>
  <CARDS>1</CARDS>
  <DEVICES>1</DEVICES>
  <EMAILS>1</EMAILS>
  <VELO>0</VELO>
  <VMAX>0</VMAX>
  <SITE>VERT001</SITE>
  <DEVICE_LAYERS>E286FB3C94.C3225D9C98.8CCCAD9BDD.93782A2EC8.A3CE89EF61</DEVICE_LAYERS>
  <FINGERPRINT>C2036BDD23F37938DC1ADF314BE9CA9E</FINGERPRINT>
  <TIMEZONE>1080</TIMEZONE>
  <LOCALTIME>2015-10-09 19:59</LOCALTIME>
  <REGION>KZ_02</REGION>
  <COUNTRY>KZ</COUNTRY>
  <PROXY>N</PROXY>
  <JAVASCRIPT>Y</JAVASCRIPT>
  <FLASH>Y</FLASH>
  <COOKIES>Y</COOKIES>
  <HTTP_COUNTRY>RU</HTTP_COUNTRY>
  <LANGUAGE>RU</LANGUAGE>
  <MOBILE_DEVICE>N</MOBILE_DEVICE>
  <MOBILE_TYPE></MOBILE_TYPE>
  <MOBILE_FORWARDER>N</MOBILE_FORWARDER>
  <VOICE_DEVICE>N</VOICE_DEVICE>
  <PC_REMOTE>N</PC_REMOTE>
  <RULES_TRIGGERED>1</RULES_TRIGGERED>
  <RULE_ID_0>330732</RULE_ID_0>
  <RULE_DESCRIPTION_0>FRAUD_SCRD Score less than 25 and Device Data present (-10pts)</RULE_DESCRIPTION_0>
  <COUNTERS_TRIGGERED>1</COUNTERS_TRIGGERED>
  <COUNTER_NAME_0>FRAUD_SCORD</COUNTER_NAME_0>
  <COUNTER_VALUE_0>-10</COUNTER_VALUE_0>
  <REASON_CODE></REASON_CODE>
  <MASTERCARD></MASTERCARD>
  <DDFS>2015-10-09</DDFS>
  <DSR>900x1600</DSR>
  <UAS>Mozilla/5.0 (Windows NT 6.1) AppleWebKit/537.36 (KHTML, like Gecko) Chrome/42.0.2311.254 Amigo/42.0.2311.254 MRCHROME SOC Safari/537.36</UAS>
  <BROWSER>Chrome 42.0.2311.254</BROWSER>
  <OS>Windows 7</OS>
  <PIP_IPAD></PIP_IPAD>
  <PIP_LAT></PIP_LAT>
  <PIP_LON></PIP_LON>
  <PIP_COUNTRY></PIP_COUNTRY>
  <PIP_REGION></PIP_REGION>
  <PIP_CITY></PIP_CITY>
  <PIP_ORG></PIP_ORG>
  <IP_IPAD>2.133.109.196</IP_IPAD>
  <IP_LAT>43.2565</IP_LAT>
  <IP_LON>76.9285</IP_LON>
  <IP_COUNTRY>KZ</IP_COUNTRY>
  <IP_REGION>Almaty City</IP_REGION>
  <IP_CITY>Almaty</IP_CITY>
  <IP_ORG>JSC KAZAKHTELECOM</IP_ORG>
  <WARNING_COUNT>0</WARNING_COUNT>
</RESPONSE>

2015-10-09T15:02:46Z
RequestParameter:  billNo: a95fab5b7489 | startTime:2015-10-09 15:02:46

2015-10-09T15:02:46Z
Array
(
    [MODE] => Q
    [FRMT] => XML
    [VERS] => 0630
    [MERC] => 680000
    [UDF[CUSTOMER_IPAD]] => 2.133.109.196
    [SESS] => afef04858ab0454e8df9fac4f1a641f9
    [ORDR] => a95fab5b7489
    [CURR] => USD
    [PENC] => KHASH
    [PTYP] => CARD
    [PTOK] => 4265679H1N4IX8MN3GMT
    [IPAD] => 2.133.109.196
    [MACK] => Y
    [AUTH] => A
    [PROD_DESC[0]] => Binary Trade
    [PROD_TYPE[0]] => Binary Trade
    [PROD_ITEM[0]] => SKU-DHR-BinaryTrade
    [PROD_QUANT[0]] => 1
    [PROD_PRICE[0]] => 30000
    [TOTL] => 30000
    [SITE] => VERT999
    [UDF[MERCHANT_ID]] => PSIMERCH999

    [NAME] => Juan Dela Cruz
    [B2A1] => Baitursynova 78-31
    [B2CC] => KZ
    [B2CI] => Almaty
    [B2PC] => 050000
    [B2PN] => +77071778028
    [B2ST] => KZ
    [S2A1] => 
    [S2CC] => 
    [S2CI] => 
    [S2EM] => 
    [S2NM] =>  
    [S2PC] => 
    [S2PN] => 
    [S2ST] => 
    [SHTP] => 
    [CASH] => 300
    [DOB] => 2000-12-31
    [GENDER] => M
    [EMAL] => juan@mail.com
)


2015-10-09T15:02:48Z
ResponseParameter:  billNo: a95fab5b7489 | endTime:2015-10-09 15:02:48

2015-10-09T15:02:48Z
<?xml version="1.0" encoding="UTF-8"?>
<RESPONSE>
  <VERS>0630</VERS>
  <MODE>Q</MODE>
  <TRAN>31TC018S39C3</TRAN>
  <MERC>680000</MERC>
  <SESS>afef04858ab0454e8df9fac4f1a641f9</SESS>
  <ORDR>a95fab5b7489</ORDR>
  <AUTO>A</AUTO>
  <SCOR>41</SCOR>
  <GEOX>KZ</GEOX>
  <BRND>VISA</BRND>
  <REGN>KZ_02</REGN>
  <NETW>N</NETW>
  <KAPT>Y</KAPT>
  <CARDS>2</CARDS>
  <DEVICES>1</DEVICES>
  <EMAILS>2</EMAILS>
  <VELO>0</VELO>
  <VMAX>0</VMAX>
  <SITE>VERT999</SITE>
  <DEVICE_LAYERS>E286FB3C94.C3225D9C98.8CCCAD9BDD.93782A2EC8.A3CE89EF61</DEVICE_LAYERS>
  <FINGERPRINT>C2036BDD23F37938DC1ADF314BE9CA9E</FINGERPRINT>
  <TIMEZONE>1080</TIMEZONE>
  <LOCALTIME>2015-10-09 21:02</LOCALTIME>
  <REGION>KZ_02</REGION>
  <COUNTRY>KZ</COUNTRY>
  <PROXY>N</PROXY>
  <JAVASCRIPT>Y</JAVASCRIPT>
  <FLASH>Y</FLASH>
  <COOKIES>Y</COOKIES>
  <HTTP_COUNTRY>RU</HTTP_COUNTRY>
  <LANGUAGE>RU</LANGUAGE>
  <MOBILE_DEVICE>N</MOBILE_DEVICE>
  <MOBILE_TYPE></MOBILE_TYPE>
  <MOBILE_FORWARDER>N</MOBILE_FORWARDER>
  <VOICE_DEVICE>N</VOICE_DEVICE>
  <PC_REMOTE>N</PC_REMOTE>
  <RULES_TRIGGERED>3</RULES_TRIGGERED>
  <RULE_ID_0>330722</RULE_ID_0>
  <RULE_DESCRIPTION_0>GEO BIN and Device Country not equal (1pt)</RULE_DESCRIPTION_0>
  <RULE_ID_1>330724</RULE_ID_1>
  <RULE_DESCRIPTION_1>GEO Billing &lt;&gt; BIN Country (1pt)</RULE_DESCRIPTION_1>
  <RULE_ID_2>330730</RULE_ID_2>
  <RULE_DESCRIPTION_2>FRAUD_SCRD GEO Counter Triggered (5pts)</RULE_DESCRIPTION_2>
  <COUNTERS_TRIGGERED>2</COUNTERS_TRIGGERED>
  <COUNTER_NAME_0>GEO</COUNTER_NAME_0>
  <COUNTER_VALUE_0>2</COUNTER_VALUE_0>
  <COUNTER_NAME_1>FRAUD_SCRD</COUNTER_NAME_1>
  <COUNTER_VALUE_1>5</COUNTER_VALUE_1>
  <REASON_CODE></REASON_CODE>
  <MASTERCARD></MASTERCARD>
  <DDFS>2015-10-09</DDFS>
  <DSR>900x1600</DSR>
  <UAS>Mozilla/5.0 (Windows NT 6.1) AppleWebKit/537.36 (KHTML, like Gecko) Chrome/42.0.2311.254 Amigo/42.0.2311.254 MRCHROME SOC Safari/537.36</UAS>
  <BROWSER>Chrome 42.0.2311.254</BROWSER>
  <OS>Windows 7</OS>
  <PIP_IPAD></PIP_IPAD>
  <PIP_LAT></PIP_LAT>
  <PIP_LON></PIP_LON>
  <PIP_COUNTRY></PIP_COUNTRY>
  <PIP_REGION></PIP_REGION>
  <PIP_CITY></PIP_CITY>
  <PIP_ORG></PIP_ORG>
  <IP_IPAD>2.133.109.196</IP_IPAD>
  <IP_LAT>43.2565</IP_LAT>
  <IP_LON>76.9285</IP_LON>
  <IP_COUNTRY>KZ</IP_COUNTRY>
  <IP_REGION>Almaty City</IP_REGION>
  <IP_CITY>Almaty</IP_CITY>
  <IP_ORG>JSC KAZAKHTELECOM</IP_ORG>
  <WARNING_COUNT>0</WARNING_COUNT>
</RESPONSE>

2015-10-09T15:21:48Z
RequestParameter:  billNo: a95fab5b7878b8f3 | startTime:2015-10-09 15:21:48

2015-10-09T15:21:48Z
Array
(
    [MODE] => Q
    [FRMT] => XML
    [VERS] => 0630
    [MERC] => 680000
    [UDF[CUSTOMER_IPAD]] => 2.133.109.196
    [SESS] => afef04858ab0454e8df9fac4f1a641f9
    [ORDR] => a95fab5b7878b8f3
    [CURR] => USD
    [PENC] => KHASH
    [PTYP] => CARD
    [PTOK] => 426879JJ7BOW16SU977J
    [IPAD] => 2.133.109.196
    [MACK] => Y
    [AUTH] => A
    [PROD_DESC[0]] => Binary Trade
    [PROD_TYPE[0]] => Binary Trade
    [PROD_ITEM[0]] => SKU-DHR-BinaryTrade
    [PROD_QUANT[0]] => 1
    [PROD_PRICE[0]] => 30000
    [TOTL] => 30000
    [SITE] => VERT999
    [UDF[MERCHANT_ID]] => PSIMERCH999

    [NAME] => JAUN DELA CRUZ
    [B2A1] => Baitursynova 78-31
    [B2CC] => KZ
    [B2CI] => Almaty
    [B2PC] => 050000
    [B2PN] => +77071778028
    [B2ST] => KZ
    [S2A1] => 
    [S2CC] => 
    [S2CI] => 
    [S2EM] => 
    [S2NM] =>  
    [S2PC] => 
    [S2PN] => 
    [S2ST] => 
    [SHTP] => 
    [CASH] => 300
    [DOB] => 2000-12-31
    [GENDER] => M
    [EMAL] => JUAN@gmail.com
)


2015-10-09T15:21:50Z
ResponseParameter:  billNo: a95fab5b7878b8f3 | endTime:2015-10-09 15:21:50

2015-10-09T15:21:50Z
<?xml version="1.0" encoding="UTF-8"?>
<RESPONSE>
  <VERS>0630</VERS>
  <MODE>Q</MODE>
  <TRAN>31TC0Y2MNJ9W</TRAN>
  <MERC>680000</MERC>
  <SESS>afef04858ab0454e8df9fac4f1a641f9</SESS>
  <ORDR>a95fab5b7878b8f3</ORDR>
  <AUTO>A</AUTO>
  <SCOR>58</SCOR>
  <GEOX>KZ</GEOX>
  <BRND>VISA</BRND>
  <REGN>KZ_02</REGN>
  <NETW>N</NETW>
  <KAPT>Y</KAPT>
  <CARDS>3</CARDS>
  <DEVICES>1</DEVICES>
  <EMAILS>3</EMAILS>
  <VELO>0</VELO>
  <VMAX>0</VMAX>
  <SITE>VERT999</SITE>
  <DEVICE_LAYERS>E286FB3C94.C3225D9C98.8CCCAD9BDD.93782A2EC8.A3CE89EF61</DEVICE_LAYERS>
  <FINGERPRINT>C2036BDD23F37938DC1ADF314BE9CA9E</FINGERPRINT>
  <TIMEZONE>1080</TIMEZONE>
  <LOCALTIME>2015-10-09 21:21</LOCALTIME>
  <REGION>KZ_02</REGION>
  <COUNTRY>KZ</COUNTRY>
  <PROXY>N</PROXY>
  <JAVASCRIPT>Y</JAVASCRIPT>
  <FLASH>Y</FLASH>
  <COOKIES>Y</COOKIES>
  <HTTP_COUNTRY>RU</HTTP_COUNTRY>
  <LANGUAGE>RU</LANGUAGE>
  <MOBILE_DEVICE>N</MOBILE_DEVICE>
  <MOBILE_TYPE></MOBILE_TYPE>
  <MOBILE_FORWARDER>N</MOBILE_FORWARDER>
  <VOICE_DEVICE>N</VOICE_DEVICE>
  <PC_REMOTE>N</PC_REMOTE>
  <RULES_TRIGGERED>3</RULES_TRIGGERED>
  <RULE_ID_0>330722</RULE_ID_0>
  <RULE_DESCRIPTION_0>GEO BIN and Device Country not equal (1pt)</RULE_DESCRIPTION_0>
  <RULE_ID_1>330724</RULE_ID_1>
  <RULE_DESCRIPTION_1>GEO Billing &lt;&gt; BIN Country (1pt)</RULE_DESCRIPTION_1>
  <RULE_ID_2>330730</RULE_ID_2>
  <RULE_DESCRIPTION_2>FRAUD_SCRD GEO Counter Triggered (5pts)</RULE_DESCRIPTION_2>
  <COUNTERS_TRIGGERED>2</COUNTERS_TRIGGERED>
  <COUNTER_NAME_0>GEO</COUNTER_NAME_0>
  <COUNTER_VALUE_0>2</COUNTER_VALUE_0>
  <COUNTER_NAME_1>FRAUD_SCRD</COUNTER_NAME_1>
  <COUNTER_VALUE_1>5</COUNTER_VALUE_1>
  <REASON_CODE></REASON_CODE>
  <MASTERCARD></MASTERCARD>
  <DDFS>2015-10-09</DDFS>
  <DSR>900x1600</DSR>
  <UAS>Mozilla/5.0 (Windows NT 6.1) AppleWebKit/537.36 (KHTML, like Gecko) Chrome/42.0.2311.254 Amigo/42.0.2311.254 MRCHROME SOC Safari/537.36</UAS>
  <BROWSER>Chrome 42.0.2311.254</BROWSER>
  <OS>Windows 7</OS>
  <PIP_IPAD></PIP_IPAD>
  <PIP_LAT></PIP_LAT>
  <PIP_LON></PIP_LON>
  <PIP_COUNTRY></PIP_COUNTRY>
  <PIP_REGION></PIP_REGION>
  <PIP_CITY></PIP_CITY>
  <PIP_ORG></PIP_ORG>
  <IP_IPAD>2.133.109.196</IP_IPAD>
  <IP_LAT>43.2565</IP_LAT>
  <IP_LON>76.9285</IP_LON>
  <IP_COUNTRY>KZ</IP_COUNTRY>
  <IP_REGION>Almaty City</IP_REGION>
  <IP_CITY>Almaty</IP_CITY>
  <IP_ORG>JSC KAZAKHTELECOM</IP_ORG>
  <WARNING_COUNT>0</WARNING_COUNT>
</RESPONSE>

