2015-04-23T08:42:23Z
RequestParameter:  billNo: 7cb3f1b8e4e94c74a0d2010f58cb3165 | startTime:2015-04-23 08:42:23

2015-04-23T08:42:23Z
Array
(
    [MODE] => U
    [FRMT] => XML
    [VERS] => 0630
    [MERC] => 680000
    [SESS] => b65c052c4e7f42e4909d4dd07e43a7e1
    [TRAN] => 3HTS0TNJWKKG
    [AUTH] => D
    [MACK] => Y
)


2015-04-23T08:42:24Z
ResponseParameter:  billNo: 7cb3f1b8e4e94c74a0d2010f58cb3165 | endTime:2015-04-23 08:42:24

2015-04-23T08:42:24Z
<?xml version="1.0" encoding="UTF-8"?>
<RESPONSE>
  <VERS>0630</VERS>
  <MODE>U</MODE>
  <TRAN>3HTS0TNJWKKG</TRAN>
  <MERC>680000</MERC>
  <SESS>b65c052c4e7f42e4909d4dd07e43a7e1</SESS>
  <RULES_TRIGGERED>0</RULES_TRIGGERED>
  <COUNTERS_TRIGGERED>0</COUNTERS_TRIGGERED>
  <REASON_CODE></REASON_CODE>
  <MASTERCARD></MASTERCARD>
  <WARNING_COUNT>0</WARNING_COUNT>
</RESPONSE>

2015-04-23T09:20:32Z
RequestParameter:  billNo: 561073089 | startTime:2015-04-23 09:20:32

2015-04-23T09:20:32Z
Array
(
    [MODE] => U
    [FRMT] => XML
    [VERS] => 0630
    [MERC] => 680000
    [SESS] => 561073089
    [TRAN] => 3HTV0PV4LZWB
    [AUTH] => D
    [MACK] => Y
)


2015-04-23T09:20:33Z
ResponseParameter:  billNo: 561073089 | endTime:2015-04-23 09:20:33

2015-04-23T09:20:33Z
<?xml version="1.0" encoding="UTF-8"?>
<RESPONSE>
  <VERS>0630</VERS>
  <MODE>U</MODE>
  <TRAN>3HTV0PV4LZWB</TRAN>
  <MERC>680000</MERC>
  <SESS>561073089</SESS>
  <RULES_TRIGGERED>0</RULES_TRIGGERED>
  <COUNTERS_TRIGGERED>0</COUNTERS_TRIGGERED>
  <REASON_CODE></REASON_CODE>
  <MASTERCARD></MASTERCARD>
  <WARNING_COUNT>0</WARNING_COUNT>
</RESPONSE>

2015-04-23T09:21:47Z
RequestParameter:  billNo: 663853503 | startTime:2015-04-23 09:21:47

2015-04-23T09:21:47Z
Array
(
    [MODE] => U
    [FRMT] => XML
    [VERS] => 0630
    [MERC] => 680000
    [SESS] => 663853503
    [TRAN] => 3HTV07Y9TY45
    [AUTH] => D
    [MACK] => Y
)


2015-04-23T09:21:48Z
ResponseParameter:  billNo: 663853503 | endTime:2015-04-23 09:21:48

2015-04-23T09:21:48Z
<?xml version="1.0" encoding="UTF-8"?>
<RESPONSE>
  <VERS>0630</VERS>
  <MODE>U</MODE>
  <TRAN>3HTV07Y9TY45</TRAN>
  <MERC>680000</MERC>
  <SESS>663853503</SESS>
  <RULES_TRIGGERED>0</RULES_TRIGGERED>
  <COUNTERS_TRIGGERED>0</COUNTERS_TRIGGERED>
  <REASON_CODE></REASON_CODE>
  <MASTERCARD></MASTERCARD>
  <WARNING_COUNT>0</WARNING_COUNT>
</RESPONSE>

2015-04-23T09:44:35Z
RequestParameter:  billNo: 39ad47662e8a48b5a1d42211b08f54c5 | startTime:2015-04-23 09:44:35

2015-04-23T09:44:35Z
Array
(
    [MODE] => U
    [FRMT] => XML
    [VERS] => 0630
    [MERC] => 680000
    [SESS] => e72032f83fd14fa4b5e2f6654b6c0ef3
    [TRAN] => 3HTV0KYG8R5B
    [AUTH] => D
    [MACK] => Y
)


2015-04-23T09:44:36Z
ResponseParameter:  billNo: 39ad47662e8a48b5a1d42211b08f54c5 | endTime:2015-04-23 09:44:36

2015-04-23T09:44:36Z
<?xml version="1.0" encoding="UTF-8"?>
<RESPONSE>
  <VERS>0630</VERS>
  <MODE>U</MODE>
  <TRAN>3HTV0KYG8R5B</TRAN>
  <MERC>680000</MERC>
  <SESS>e72032f83fd14fa4b5e2f6654b6c0ef3</SESS>
  <RULES_TRIGGERED>0</RULES_TRIGGERED>
  <COUNTERS_TRIGGERED>0</COUNTERS_TRIGGERED>
  <REASON_CODE></REASON_CODE>
  <MASTERCARD></MASTERCARD>
  <WARNING_COUNT>0</WARNING_COUNT>
</RESPONSE>

2015-04-23T09:44:53Z
RequestParameter:  billNo: bbd34fe577a94ad5b5a76933408665d0 | startTime:2015-04-23 09:44:53

2015-04-23T09:44:53Z
Array
(
    [MODE] => U
    [FRMT] => XML
    [VERS] => 0630
    [MERC] => 680000
    [SESS] => 26242a6360dc41fd8451218fbe94910c
    [TRAN] => 3HTV0SGWBBKM
    [AUTH] => D
    [MACK] => Y
)


2015-04-23T09:44:53Z
ResponseParameter:  billNo: bbd34fe577a94ad5b5a76933408665d0 | endTime:2015-04-23 09:44:53

2015-04-23T09:44:53Z
<?xml version="1.0" encoding="UTF-8"?>
<RESPONSE>
  <VERS>0630</VERS>
  <MODE>U</MODE>
  <TRAN>3HTV0SGWBBKM</TRAN>
  <MERC>680000</MERC>
  <SESS>26242a6360dc41fd8451218fbe94910c</SESS>
  <RULES_TRIGGERED>0</RULES_TRIGGERED>
  <COUNTERS_TRIGGERED>0</COUNTERS_TRIGGERED>
  <REASON_CODE></REASON_CODE>
  <MASTERCARD></MASTERCARD>
  <WARNING_COUNT>0</WARNING_COUNT>
</RESPONSE>

2015-04-23T09:45:06Z
RequestParameter:  billNo: dd581f50e93f4add85f7e322a7ce8ea5 | startTime:2015-04-23 09:45:06

2015-04-23T09:45:06Z
Array
(
    [MODE] => U
    [FRMT] => XML
    [VERS] => 0630
    [MERC] => 680000
    [SESS] => d64efbf1a9d64f50be61357a39246988
    [TRAN] => 3HTV0QCK42K4
    [AUTH] => D
    [MACK] => Y
)


2015-04-23T09:45:07Z
ResponseParameter:  billNo: dd581f50e93f4add85f7e322a7ce8ea5 | endTime:2015-04-23 09:45:07

2015-04-23T09:45:07Z
<?xml version="1.0" encoding="UTF-8"?>
<RESPONSE>
  <VERS>0630</VERS>
  <MODE>U</MODE>
  <TRAN>3HTV0QCK42K4</TRAN>
  <MERC>680000</MERC>
  <SESS>d64efbf1a9d64f50be61357a39246988</SESS>
  <RULES_TRIGGERED>0</RULES_TRIGGERED>
  <COUNTERS_TRIGGERED>0</COUNTERS_TRIGGERED>
  <REASON_CODE></REASON_CODE>
  <MASTERCARD></MASTERCARD>
  <WARNING_COUNT>0</WARNING_COUNT>
</RESPONSE>

2015-04-23T09:47:08Z
RequestParameter:  billNo: ac7898bfc47946048525697164e8c4db | startTime:2015-04-23 09:47:08

2015-04-23T09:47:08Z
Array
(
    [MODE] => U
    [FRMT] => XML
    [VERS] => 0630
    [MERC] => 680000
    [SESS] => 1f9b84985e7044f293a17b1d40d7716f
    [TRAN] => 3HTV05J5X02K
    [AUTH] => D
    [MACK] => Y
)


2015-04-23T09:47:09Z
ResponseParameter:  billNo: ac7898bfc47946048525697164e8c4db | endTime:2015-04-23 09:47:09

2015-04-23T09:47:09Z
<?xml version="1.0" encoding="UTF-8"?>
<RESPONSE>
  <VERS>0630</VERS>
  <MODE>U</MODE>
  <TRAN>3HTV05J5X02K</TRAN>
  <MERC>680000</MERC>
  <SESS>1f9b84985e7044f293a17b1d40d7716f</SESS>
  <RULES_TRIGGERED>0</RULES_TRIGGERED>
  <COUNTERS_TRIGGERED>0</COUNTERS_TRIGGERED>
  <REASON_CODE></REASON_CODE>
  <MASTERCARD></MASTERCARD>
  <WARNING_COUNT>0</WARNING_COUNT>
</RESPONSE>

2015-04-23T09:54:12Z
RequestParameter:  billNo: 3e40e0376b74400da646523224946f06 | startTime:2015-04-23 09:54:12

2015-04-23T09:54:12Z
Array
(
    [MODE] => U
    [FRMT] => XML
    [VERS] => 0630
    [MERC] => 680000
    [SESS] => 3e40e0376b74400da646523224946f06
    [TRAN] => 3HTV00J6KR34
    [AUTH] => D
    [MACK] => Y
)


2015-04-23T09:54:13Z
ResponseParameter:  billNo: 3e40e0376b74400da646523224946f06 | endTime:2015-04-23 09:54:13

2015-04-23T09:54:13Z
<?xml version="1.0" encoding="UTF-8"?>
<RESPONSE>
  <VERS>0630</VERS>
  <MODE>U</MODE>
  <TRAN>3HTV00J6KR34</TRAN>
  <MERC>680000</MERC>
  <SESS>3e40e0376b74400da646523224946f06</SESS>
  <RULES_TRIGGERED>0</RULES_TRIGGERED>
  <COUNTERS_TRIGGERED>0</COUNTERS_TRIGGERED>
  <REASON_CODE></REASON_CODE>
  <MASTERCARD></MASTERCARD>
  <WARNING_COUNT>0</WARNING_COUNT>
</RESPONSE>

2015-04-23T09:59:28Z
RequestParameter:  billNo: 503979ad09ce42e48a25fc3e243df16e | startTime:2015-04-23 09:59:28

2015-04-23T09:59:28Z
Array
(
    [MODE] => U
    [FRMT] => XML
    [VERS] => 0630
    [MERC] => 680000
    [SESS] => 503979ad09ce42e48a25fc3e243df16e
    [TRAN] => 3HTV005P8VCK
    [AUTH] => D
    [MACK] => Y
)


2015-04-23T09:59:29Z
ResponseParameter:  billNo: 503979ad09ce42e48a25fc3e243df16e | endTime:2015-04-23 09:59:29

2015-04-23T09:59:29Z
<?xml version="1.0" encoding="UTF-8"?>
<RESPONSE>
  <VERS>0630</VERS>
  <MODE>U</MODE>
  <TRAN>3HTV005P8VCK</TRAN>
  <MERC>680000</MERC>
  <SESS>503979ad09ce42e48a25fc3e243df16e</SESS>
  <RULES_TRIGGERED>0</RULES_TRIGGERED>
  <COUNTERS_TRIGGERED>0</COUNTERS_TRIGGERED>
  <REASON_CODE></REASON_CODE>
  <MASTERCARD></MASTERCARD>
  <WARNING_COUNT>0</WARNING_COUNT>
</RESPONSE>

2015-04-23T10:44:02Z
RequestParameter:  billNo: 9952691fa603447b88083130613f2e5c | startTime:2015-04-23 10:44:02

2015-04-23T10:44:02Z
Array
(
    [MODE] => U
    [FRMT] => XML
    [VERS] => 0630
    [MERC] => 680000
    [SESS] => d00d7afd5a5a4deaa5fefc0c870739ac
    [TRAN] => 3HTW0BCL7KG4
    [AUTH] => D
    [MACK] => Y
)


2015-04-23T10:44:03Z
ResponseParameter:  billNo: 9952691fa603447b88083130613f2e5c | endTime:2015-04-23 10:44:03

2015-04-23T10:44:03Z
<?xml version="1.0" encoding="UTF-8"?>
<RESPONSE>
  <VERS>0630</VERS>
  <MODE>U</MODE>
  <TRAN>3HTW0BCL7KG4</TRAN>
  <MERC>680000</MERC>
  <SESS>d00d7afd5a5a4deaa5fefc0c870739ac</SESS>
  <RULES_TRIGGERED>0</RULES_TRIGGERED>
  <COUNTERS_TRIGGERED>0</COUNTERS_TRIGGERED>
  <REASON_CODE></REASON_CODE>
  <MASTERCARD></MASTERCARD>
  <WARNING_COUNT>0</WARNING_COUNT>
</RESPONSE>

2015-04-23T11:09:48Z
RequestParameter:  billNo: 65326091e6ee4afd9f55a5b7cd356434 | startTime:2015-04-23 11:09:48

2015-04-23T11:09:48Z
Array
(
    [MODE] => U
    [FRMT] => XML
    [VERS] => 0630
    [MERC] => 680000
    [SESS] => 65a8573a247b41acb93aab2878266a41
    [TRAN] => 3HTT015J5CH0
    [AUTH] => D
    [MACK] => Y
)


2015-04-23T11:09:49Z
ResponseParameter:  billNo: 65326091e6ee4afd9f55a5b7cd356434 | endTime:2015-04-23 11:09:49

2015-04-23T11:09:49Z
<?xml version="1.0" encoding="UTF-8"?>
<RESPONSE>
  <VERS>0630</VERS>
  <MODE>U</MODE>
  <TRAN>3HTT015J5CH0</TRAN>
  <MERC>680000</MERC>
  <SESS>65a8573a247b41acb93aab2878266a41</SESS>
  <RULES_TRIGGERED>0</RULES_TRIGGERED>
  <COUNTERS_TRIGGERED>0</COUNTERS_TRIGGERED>
  <REASON_CODE></REASON_CODE>
  <MASTERCARD></MASTERCARD>
  <WARNING_COUNT>0</WARNING_COUNT>
</RESPONSE>

2015-04-23T11:10:30Z
RequestParameter:  billNo: 27ef4406d7354e049e900f2b5b5e18a8 | startTime:2015-04-23 11:10:30

2015-04-23T11:10:30Z
Array
(
    [MODE] => U
    [FRMT] => XML
    [VERS] => 0630
    [MERC] => 680000
    [SESS] => 5dd0171fc5c04c8583a8ef9bad9e3442
    [TRAN] => 3HTT0TMWTM6J
    [AUTH] => D
    [MACK] => Y
)


2015-04-23T11:10:31Z
ResponseParameter:  billNo: 27ef4406d7354e049e900f2b5b5e18a8 | endTime:2015-04-23 11:10:31

2015-04-23T11:10:31Z
<?xml version="1.0" encoding="UTF-8"?>
<RESPONSE>
  <VERS>0630</VERS>
  <MODE>U</MODE>
  <TRAN>3HTT0TMWTM6J</TRAN>
  <MERC>680000</MERC>
  <SESS>5dd0171fc5c04c8583a8ef9bad9e3442</SESS>
  <RULES_TRIGGERED>0</RULES_TRIGGERED>
  <COUNTERS_TRIGGERED>0</COUNTERS_TRIGGERED>
  <REASON_CODE></REASON_CODE>
  <MASTERCARD></MASTERCARD>
  <WARNING_COUNT>0</WARNING_COUNT>
</RESPONSE>

2015-04-23T11:11:09Z
RequestParameter:  billNo: 6dad7290bc814641ad319d27226edef5 | startTime:2015-04-23 11:11:09

2015-04-23T11:11:09Z
Array
(
    [MODE] => U
    [FRMT] => XML
    [VERS] => 0630
    [MERC] => 680000
    [SESS] => cd3b4b172b844d75911dbc634341620c
    [TRAN] => 3HTT0CBW8246
    [AUTH] => D
    [MACK] => Y
)


2015-04-23T11:11:09Z
ResponseParameter:  billNo: 6dad7290bc814641ad319d27226edef5 | endTime:2015-04-23 11:11:09

2015-04-23T11:11:09Z
<?xml version="1.0" encoding="UTF-8"?>
<RESPONSE>
  <VERS>0630</VERS>
  <MODE>U</MODE>
  <TRAN>3HTT0CBW8246</TRAN>
  <MERC>680000</MERC>
  <SESS>cd3b4b172b844d75911dbc634341620c</SESS>
  <RULES_TRIGGERED>0</RULES_TRIGGERED>
  <COUNTERS_TRIGGERED>0</COUNTERS_TRIGGERED>
  <REASON_CODE></REASON_CODE>
  <MASTERCARD></MASTERCARD>
  <WARNING_COUNT>0</WARNING_COUNT>
</RESPONSE>

2015-04-23T11:11:54Z
RequestParameter:  billNo: ff9eabdf39ba4814a8d25cb831b159f3 | startTime:2015-04-23 11:11:54

2015-04-23T11:11:54Z
Array
(
    [MODE] => U
    [FRMT] => XML
    [VERS] => 0630
    [MERC] => 680000
    [SESS] => 02f49669ee904036a7ecf9e9e0affc0d
    [TRAN] => 3HTT0HDSSC9X
    [AUTH] => D
    [MACK] => Y
)


2015-04-23T11:11:55Z
ResponseParameter:  billNo: ff9eabdf39ba4814a8d25cb831b159f3 | endTime:2015-04-23 11:11:55

2015-04-23T11:11:55Z
<?xml version="1.0" encoding="UTF-8"?>
<RESPONSE>
  <VERS>0630</VERS>
  <MODE>U</MODE>
  <TRAN>3HTT0HDSSC9X</TRAN>
  <MERC>680000</MERC>
  <SESS>02f49669ee904036a7ecf9e9e0affc0d</SESS>
  <RULES_TRIGGERED>0</RULES_TRIGGERED>
  <COUNTERS_TRIGGERED>0</COUNTERS_TRIGGERED>
  <REASON_CODE></REASON_CODE>
  <MASTERCARD></MASTERCARD>
  <WARNING_COUNT>0</WARNING_COUNT>
</RESPONSE>

2015-04-23T11:14:47Z
RequestParameter:  billNo: fd329444d15542cebec20ea1f615d265 | startTime:2015-04-23 11:14:47

2015-04-23T11:14:47Z
Array
(
    [MODE] => U
    [FRMT] => XML
    [VERS] => 0630
    [MERC] => 680000
    [SESS] => 54d37fd27fc34a458e4765ba8246e9ac
    [TRAN] => 3HTT0852R3K2
    [AUTH] => D
    [MACK] => Y
)


2015-04-23T11:14:48Z
ResponseParameter:  billNo: fd329444d15542cebec20ea1f615d265 | endTime:2015-04-23 11:14:48

2015-04-23T11:14:48Z
<?xml version="1.0" encoding="UTF-8"?>
<RESPONSE>
  <VERS>0630</VERS>
  <MODE>U</MODE>
  <TRAN>3HTT0852R3K2</TRAN>
  <MERC>680000</MERC>
  <SESS>54d37fd27fc34a458e4765ba8246e9ac</SESS>
  <RULES_TRIGGERED>0</RULES_TRIGGERED>
  <COUNTERS_TRIGGERED>0</COUNTERS_TRIGGERED>
  <REASON_CODE></REASON_CODE>
  <MASTERCARD></MASTERCARD>
  <WARNING_COUNT>0</WARNING_COUNT>
</RESPONSE>

2015-04-23T11:57:58Z
RequestParameter:  billNo: xTZUL1426596228 | startTime:2015-04-23 11:57:58

2015-04-23T11:57:58Z
Array
(
    [MODE] => U
    [FRMT] => XML
    [VERS] => 0630
    [MERC] => 680000
    [SESS] => xTZUL1426596228
    [TRAN] => 3YGS0KM234V8
    [AUTH] => 
    [MACK] => Y
    [RFCB] => R
)


2015-04-23T11:57:59Z
ResponseParameter:  billNo: xTZUL1426596228 | endTime:2015-04-23 11:57:59

2015-04-23T11:57:59Z
<?xml version="1.0" encoding="UTF-8"?>
<RESPONSE>
  <VERS>0630</VERS>
  <MODE>U</MODE>
  <TRAN>3YGS0KM234V8</TRAN>
  <MERC>680000</MERC>
  <SESS>xTZUL1426596228</SESS>
  <RULES_TRIGGERED>0</RULES_TRIGGERED>
  <COUNTERS_TRIGGERED>0</COUNTERS_TRIGGERED>
  <REASON_CODE></REASON_CODE>
  <MASTERCARD></MASTERCARD>
  <WARNING_COUNT>0</WARNING_COUNT>
</RESPONSE>

2015-04-23T12:01:00Z
RequestParameter:  billNo: XoSI51426596377 | startTime:2015-04-23 12:01:00

2015-04-23T12:01:00Z
Array
(
    [MODE] => U
    [FRMT] => XML
    [VERS] => 0630
    [MERC] => 680000
    [SESS] => XoSI51426596377
    [TRAN] => 3YGS0Q27X962
    [AUTH] => 
    [MACK] => Y
    [RFCB] => R
)


2015-04-23T12:01:00Z
ResponseParameter:  billNo: XoSI51426596377 | endTime:2015-04-23 12:01:00

2015-04-23T12:01:00Z
<?xml version="1.0" encoding="UTF-8"?>
<RESPONSE>
  <VERS>0630</VERS>
  <MODE>U</MODE>
  <TRAN>3YGS0Q27X962</TRAN>
  <MERC>680000</MERC>
  <SESS>XoSI51426596377</SESS>
  <RULES_TRIGGERED>0</RULES_TRIGGERED>
  <COUNTERS_TRIGGERED>0</COUNTERS_TRIGGERED>
  <REASON_CODE></REASON_CODE>
  <MASTERCARD></MASTERCARD>
  <WARNING_COUNT>0</WARNING_COUNT>
</RESPONSE>

2015-04-23T12:03:19Z
RequestParameter:  billNo: 8UmST1426764549 | startTime:2015-04-23 12:03:19

2015-04-23T12:03:19Z
Array
(
    [MODE] => U
    [FRMT] => XML
    [VERS] => 0630
    [MERC] => 680000
    [SESS] => 8UmST1426764549
    [TRAN] => 3Y9G03Z2HDLG
    [AUTH] => 
    [MACK] => Y
    [RFCB] => R
)


2015-04-23T12:03:20Z
ResponseParameter:  billNo: 8UmST1426764549 | endTime:2015-04-23 12:03:20

2015-04-23T12:03:20Z
<?xml version="1.0" encoding="UTF-8"?>
<RESPONSE>
  <VERS>0630</VERS>
  <MODE>U</MODE>
  <TRAN>3Y9G03Z2HDLG</TRAN>
  <MERC>680000</MERC>
  <SESS>8UmST1426764549</SESS>
  <RULES_TRIGGERED>0</RULES_TRIGGERED>
  <COUNTERS_TRIGGERED>0</COUNTERS_TRIGGERED>
  <REASON_CODE></REASON_CODE>
  <MASTERCARD></MASTERCARD>
  <WARNING_COUNT>0</WARNING_COUNT>
</RESPONSE>

2015-04-23T12:04:22Z
RequestParameter:  billNo: 4WSyE1426765391 | startTime:2015-04-23 12:04:22

2015-04-23T12:04:22Z
Array
(
    [MODE] => U
    [FRMT] => XML
    [VERS] => 0630
    [MERC] => 680000
    [SESS] => 4WSyE1426765391
    [TRAN] => 3Y9G04GRKYWS
    [AUTH] => 
    [MACK] => Y
    [RFCB] => R
)


2015-04-23T12:04:23Z
ResponseParameter:  billNo: 4WSyE1426765391 | endTime:2015-04-23 12:04:23

2015-04-23T12:04:23Z
<?xml version="1.0" encoding="UTF-8"?>
<RESPONSE>
  <VERS>0630</VERS>
  <MODE>U</MODE>
  <TRAN>3Y9G04GRKYWS</TRAN>
  <MERC>680000</MERC>
  <SESS>4WSyE1426765391</SESS>
  <RULES_TRIGGERED>0</RULES_TRIGGERED>
  <COUNTERS_TRIGGERED>0</COUNTERS_TRIGGERED>
  <REASON_CODE></REASON_CODE>
  <MASTERCARD></MASTERCARD>
  <WARNING_COUNT>0</WARNING_COUNT>
</RESPONSE>

2015-04-23T12:07:11Z
RequestParameter:  billNo: 1427789654-3364 | startTime:2015-04-23 12:07:11

2015-04-23T12:07:11Z
Array
(
    [MODE] => U
    [FRMT] => XML
    [VERS] => 0630
    [MERC] => 680000
    [SESS] => 9d851c0c97b428c9156fd79a0460cc12
    [TRAN] => 3YZM0S5BYHBX
    [AUTH] => 
    [MACK] => Y
    [RFCB] => R
)


2015-04-23T12:07:12Z
ResponseParameter:  billNo: 1427789654-3364 | endTime:2015-04-23 12:07:12

2015-04-23T12:07:12Z
<?xml version="1.0" encoding="UTF-8"?>
<RESPONSE>
  <VERS>0630</VERS>
  <MODE>U</MODE>
  <TRAN>3YZM0S5BYHBX</TRAN>
  <MERC>680000</MERC>
  <SESS>9d851c0c97b428c9156fd79a0460cc12</SESS>
  <RULES_TRIGGERED>0</RULES_TRIGGERED>
  <COUNTERS_TRIGGERED>0</COUNTERS_TRIGGERED>
  <REASON_CODE></REASON_CODE>
  <MASTERCARD></MASTERCARD>
  <WARNING_COUNT>0</WARNING_COUNT>
</RESPONSE>

2015-04-23T12:08:52Z
RequestParameter:  billNo: fc4416921b6547ebbe016ce08e9d879e | startTime:2015-04-23 12:08:52

2015-04-23T12:08:52Z
Array
(
    [MODE] => U
    [FRMT] => XML
    [VERS] => 0630
    [MERC] => 680000
    [SESS] => fc4416921b6547ebbe016ce08e9d879e
    [TRAN] => 3Y7Z0PZJ7DZ5
    [AUTH] => 
    [MACK] => Y
    [RFCB] => R
)


2015-04-23T12:08:53Z
ResponseParameter:  billNo: fc4416921b6547ebbe016ce08e9d879e | endTime:2015-04-23 12:08:53

2015-04-23T12:08:53Z
<?xml version="1.0" encoding="UTF-8"?>
<RESPONSE>
  <VERS>0630</VERS>
  <MODE>U</MODE>
  <TRAN>3Y7Z0PZJ7DZ5</TRAN>
  <MERC>680000</MERC>
  <SESS>fc4416921b6547ebbe016ce08e9d879e</SESS>
  <RULES_TRIGGERED>0</RULES_TRIGGERED>
  <COUNTERS_TRIGGERED>0</COUNTERS_TRIGGERED>
  <REASON_CODE></REASON_CODE>
  <MASTERCARD></MASTERCARD>
  <WARNING_COUNT>0</WARNING_COUNT>
</RESPONSE>

2015-04-23T12:09:52Z
RequestParameter:  billNo: 90113adf3856445ea61c046ac60f18e5 | startTime:2015-04-23 12:09:52

2015-04-23T12:09:52Z
Array
(
    [MODE] => U
    [FRMT] => XML
    [VERS] => 0630
    [MERC] => 680000
    [SESS] => 90113adf3856445ea61c046ac60f18e5
    [TRAN] => 3Y7Z0Y5SCVB1
    [AUTH] => 
    [MACK] => Y
    [RFCB] => R
)


2015-04-23T12:09:52Z
ResponseParameter:  billNo: 90113adf3856445ea61c046ac60f18e5 | endTime:2015-04-23 12:09:52

2015-04-23T12:09:52Z
<?xml version="1.0" encoding="UTF-8"?>
<RESPONSE>
  <VERS>0630</VERS>
  <MODE>U</MODE>
  <TRAN>3Y7Z0Y5SCVB1</TRAN>
  <MERC>680000</MERC>
  <SESS>90113adf3856445ea61c046ac60f18e5</SESS>
  <RULES_TRIGGERED>0</RULES_TRIGGERED>
  <COUNTERS_TRIGGERED>0</COUNTERS_TRIGGERED>
  <REASON_CODE></REASON_CODE>
  <MASTERCARD></MASTERCARD>
  <WARNING_COUNT>0</WARNING_COUNT>
</RESPONSE>

2015-04-23T12:40:39Z
RequestParameter:  billNo: 572d557d95964e25b027b4370a8b874a | startTime:2015-04-23 12:40:39

2015-04-23T12:40:39Z
Array
(
    [MODE] => U
    [FRMT] => XML
    [VERS] => 0630
    [MERC] => 680000
    [SESS] => 572d557d95964e25b027b4370a8b874a
    [TRAN] => 3HTY0D3QHHSX
    [AUTH] => D
    [MACK] => Y
)


2015-04-23T12:40:40Z
ResponseParameter:  billNo: 572d557d95964e25b027b4370a8b874a | endTime:2015-04-23 12:40:40

2015-04-23T12:40:40Z
<?xml version="1.0" encoding="UTF-8"?>
<RESPONSE>
  <VERS>0630</VERS>
  <MODE>U</MODE>
  <TRAN>3HTY0D3QHHSX</TRAN>
  <MERC>680000</MERC>
  <SESS>572d557d95964e25b027b4370a8b874a</SESS>
  <RULES_TRIGGERED>0</RULES_TRIGGERED>
  <COUNTERS_TRIGGERED>0</COUNTERS_TRIGGERED>
  <REASON_CODE></REASON_CODE>
  <MASTERCARD></MASTERCARD>
  <WARNING_COUNT>0</WARNING_COUNT>
</RESPONSE>

2015-04-23T12:42:45Z
RequestParameter:  billNo: a26faf3a37404193af3fca726777771d | startTime:2015-04-23 12:42:45

2015-04-23T12:42:45Z
Array
(
    [MODE] => U
    [FRMT] => XML
    [VERS] => 0630
    [MERC] => 680000
    [SESS] => a950383ceb564824a5fa6d036a77dbbb
    [TRAN] => 3HTY0W5K9MZB
    [AUTH] => D
    [MACK] => Y
)


2015-04-23T12:42:46Z
ResponseParameter:  billNo: a26faf3a37404193af3fca726777771d | endTime:2015-04-23 12:42:46

2015-04-23T12:42:46Z
<?xml version="1.0" encoding="UTF-8"?>
<RESPONSE>
  <VERS>0630</VERS>
  <MODE>U</MODE>
  <TRAN>3HTY0W5K9MZB</TRAN>
  <MERC>680000</MERC>
  <SESS>a950383ceb564824a5fa6d036a77dbbb</SESS>
  <RULES_TRIGGERED>0</RULES_TRIGGERED>
  <COUNTERS_TRIGGERED>0</COUNTERS_TRIGGERED>
  <REASON_CODE></REASON_CODE>
  <MASTERCARD></MASTERCARD>
  <WARNING_COUNT>0</WARNING_COUNT>
</RESPONSE>

2015-04-23T13:06:14Z
RequestParameter:  billNo: 33ea9452ba934c1e830259f1823fc493 | startTime:2015-04-23 13:06:14

2015-04-23T13:06:14Z
Array
(
    [MODE] => U
    [FRMT] => XML
    [VERS] => 0630
    [MERC] => 680000
    [SESS] => 29f84880a21c4543b90250d11c3169a9
    [TRAN] => 3HTH0ZQYQ6DS
    [AUTH] => D
    [MACK] => Y
)


2015-04-23T13:06:16Z
ResponseParameter:  billNo: 33ea9452ba934c1e830259f1823fc493 | endTime:2015-04-23 13:06:16

2015-04-23T13:06:16Z
<?xml version="1.0" encoding="UTF-8"?>
<RESPONSE>
  <VERS>0630</VERS>
  <MODE>U</MODE>
  <TRAN>3HTH0ZQYQ6DS</TRAN>
  <MERC>680000</MERC>
  <SESS>29f84880a21c4543b90250d11c3169a9</SESS>
  <RULES_TRIGGERED>0</RULES_TRIGGERED>
  <COUNTERS_TRIGGERED>0</COUNTERS_TRIGGERED>
  <REASON_CODE></REASON_CODE>
  <MASTERCARD></MASTERCARD>
  <WARNING_COUNT>0</WARNING_COUNT>
</RESPONSE>

2015-04-23T13:06:48Z
RequestParameter:  billNo: d72a9f5dcbf344c49e0d92762e64d908 | startTime:2015-04-23 13:06:48

2015-04-23T13:06:48Z
Array
(
    [MODE] => U
    [FRMT] => XML
    [VERS] => 0630
    [MERC] => 680000
    [SESS] => d5e5fcd5e6144f389df5196b091d2410
    [TRAN] => 3HTH0HV3JRX6
    [AUTH] => D
    [MACK] => Y
)


2015-04-23T13:06:48Z
ResponseParameter:  billNo: d72a9f5dcbf344c49e0d92762e64d908 | endTime:2015-04-23 13:06:48

2015-04-23T13:06:48Z
<?xml version="1.0" encoding="UTF-8"?>
<RESPONSE>
  <VERS>0630</VERS>
  <MODE>U</MODE>
  <TRAN>3HTH0HV3JRX6</TRAN>
  <MERC>680000</MERC>
  <SESS>d5e5fcd5e6144f389df5196b091d2410</SESS>
  <RULES_TRIGGERED>0</RULES_TRIGGERED>
  <COUNTERS_TRIGGERED>0</COUNTERS_TRIGGERED>
  <REASON_CODE></REASON_CODE>
  <MASTERCARD></MASTERCARD>
  <WARNING_COUNT>0</WARNING_COUNT>
</RESPONSE>

2015-04-23T13:06:58Z
RequestParameter:  billNo: 986c8fd0617c470fa18e1e558f5afd34 | startTime:2015-04-23 13:06:58

2015-04-23T13:06:58Z
Array
(
    [MODE] => U
    [FRMT] => XML
    [VERS] => 0630
    [MERC] => 680000
    [SESS] => bb25a4bee4584c91bf63967d0ac68f2f
    [TRAN] => 3HTH070Z9J3M
    [AUTH] => D
    [MACK] => Y
)


2015-04-23T13:06:59Z
ResponseParameter:  billNo: 986c8fd0617c470fa18e1e558f5afd34 | endTime:2015-04-23 13:06:59

2015-04-23T13:06:59Z
<?xml version="1.0" encoding="UTF-8"?>
<RESPONSE>
  <VERS>0630</VERS>
  <MODE>U</MODE>
  <TRAN>3HTH070Z9J3M</TRAN>
  <MERC>680000</MERC>
  <SESS>bb25a4bee4584c91bf63967d0ac68f2f</SESS>
  <RULES_TRIGGERED>0</RULES_TRIGGERED>
  <COUNTERS_TRIGGERED>0</COUNTERS_TRIGGERED>
  <REASON_CODE></REASON_CODE>
  <MASTERCARD></MASTERCARD>
  <WARNING_COUNT>0</WARNING_COUNT>
</RESPONSE>

2015-04-23T13:11:05Z
RequestParameter:  billNo: 6e350294f4514e33aec162d9e4a5b258 | startTime:2015-04-23 13:11:05

2015-04-23T13:11:05Z
Array
(
    [MODE] => U
    [FRMT] => XML
    [VERS] => 0630
    [MERC] => 680000
    [SESS] => ea6cc99479c943baae260848152adc11
    [TRAN] => 3HTH008JV6C8
    [AUTH] => D
    [MACK] => Y
)


2015-04-23T13:11:06Z
ResponseParameter:  billNo: 6e350294f4514e33aec162d9e4a5b258 | endTime:2015-04-23 13:11:06

2015-04-23T13:11:06Z
<?xml version="1.0" encoding="UTF-8"?>
<RESPONSE>
  <VERS>0630</VERS>
  <MODE>U</MODE>
  <TRAN>3HTH008JV6C8</TRAN>
  <MERC>680000</MERC>
  <SESS>ea6cc99479c943baae260848152adc11</SESS>
  <RULES_TRIGGERED>0</RULES_TRIGGERED>
  <COUNTERS_TRIGGERED>0</COUNTERS_TRIGGERED>
  <REASON_CODE></REASON_CODE>
  <MASTERCARD></MASTERCARD>
  <WARNING_COUNT>0</WARNING_COUNT>
</RESPONSE>

2015-04-23T13:15:28Z
RequestParameter:  billNo: 84105c3eb2954a93a46ebf4ddc932f6e | startTime:2015-04-23 13:15:28

2015-04-23T13:15:28Z
Array
(
    [MODE] => U
    [FRMT] => XML
    [VERS] => 0630
    [MERC] => 680000
    [SESS] => c337e98f664041828eded0c131bd9da6
    [TRAN] => 3HTH0P4SK282
    [AUTH] => D
    [MACK] => Y
)


2015-04-23T13:15:29Z
ResponseParameter:  billNo: 84105c3eb2954a93a46ebf4ddc932f6e | endTime:2015-04-23 13:15:29

2015-04-23T13:15:29Z
<?xml version="1.0" encoding="UTF-8"?>
<RESPONSE>
  <VERS>0630</VERS>
  <MODE>U</MODE>
  <TRAN>3HTH0P4SK282</TRAN>
  <MERC>680000</MERC>
  <SESS>c337e98f664041828eded0c131bd9da6</SESS>
  <RULES_TRIGGERED>0</RULES_TRIGGERED>
  <COUNTERS_TRIGGERED>0</COUNTERS_TRIGGERED>
  <REASON_CODE></REASON_CODE>
  <MASTERCARD></MASTERCARD>
  <WARNING_COUNT>0</WARNING_COUNT>
</RESPONSE>

2015-04-23T18:54:43Z
RequestParameter:  billNo: 6e671f3f53fa45528bab89f4fd437de3 | startTime:2015-04-23 18:54:43

2015-04-23T18:54:43Z
Array
(
    [MODE] => U
    [FRMT] => XML
    [VERS] => 0630
    [MERC] => 680000
    [SESS] => 0a6b0f66e661446284d599c10034765d
    [TRAN] => 3HT60XWDXG96
    [AUTH] => D
    [MACK] => Y
)


2015-04-23T18:54:44Z
ResponseParameter:  billNo: 6e671f3f53fa45528bab89f4fd437de3 | endTime:2015-04-23 18:54:44

2015-04-23T18:54:44Z
<?xml version="1.0" encoding="UTF-8"?>
<RESPONSE>
  <VERS>0630</VERS>
  <MODE>U</MODE>
  <TRAN>3HT60XWDXG96</TRAN>
  <MERC>680000</MERC>
  <SESS>0a6b0f66e661446284d599c10034765d</SESS>
  <RULES_TRIGGERED>0</RULES_TRIGGERED>
  <COUNTERS_TRIGGERED>0</COUNTERS_TRIGGERED>
  <REASON_CODE></REASON_CODE>
  <MASTERCARD></MASTERCARD>
  <WARNING_COUNT>0</WARNING_COUNT>
</RESPONSE>

2015-04-23T18:55:21Z
RequestParameter:  billNo: 334343068ef34305873e4f3911be4d01 | startTime:2015-04-23 18:55:21

2015-04-23T18:55:21Z
Array
(
    [MODE] => U
    [FRMT] => XML
    [VERS] => 0630
    [MERC] => 680000
    [SESS] => aab04bf698424dce914535caadf3d613
    [TRAN] => 3HT60PK0KKN8
    [AUTH] => D
    [MACK] => Y
)


2015-04-23T18:55:22Z
ResponseParameter:  billNo: 334343068ef34305873e4f3911be4d01 | endTime:2015-04-23 18:55:22

2015-04-23T18:55:22Z
<?xml version="1.0" encoding="UTF-8"?>
<RESPONSE>
  <VERS>0630</VERS>
  <MODE>U</MODE>
  <TRAN>3HT60PK0KKN8</TRAN>
  <MERC>680000</MERC>
  <SESS>aab04bf698424dce914535caadf3d613</SESS>
  <RULES_TRIGGERED>0</RULES_TRIGGERED>
  <COUNTERS_TRIGGERED>0</COUNTERS_TRIGGERED>
  <REASON_CODE></REASON_CODE>
  <MASTERCARD></MASTERCARD>
  <WARNING_COUNT>0</WARNING_COUNT>
</RESPONSE>

2015-04-23T19:05:00Z
RequestParameter:  billNo: ec3716d637cf473c94ec8b88228e6c64 | startTime:2015-04-23 19:05:00

2015-04-23T19:05:00Z
Array
(
    [MODE] => U
    [FRMT] => XML
    [VERS] => 0630
    [MERC] => 680000
    [SESS] => ca61a092ff3d426583e1650825a4b7b1
    [TRAN] => 3HT100S5CXWX
    [AUTH] => D
    [MACK] => Y
)


2015-04-23T19:05:01Z
ResponseParameter:  billNo: ec3716d637cf473c94ec8b88228e6c64 | endTime:2015-04-23 19:05:01

2015-04-23T19:05:01Z
<?xml version="1.0" encoding="UTF-8"?>
<RESPONSE>
  <VERS>0630</VERS>
  <MODE>U</MODE>
  <TRAN>3HT100S5CXWX</TRAN>
  <MERC>680000</MERC>
  <SESS>ca61a092ff3d426583e1650825a4b7b1</SESS>
  <RULES_TRIGGERED>0</RULES_TRIGGERED>
  <COUNTERS_TRIGGERED>0</COUNTERS_TRIGGERED>
  <REASON_CODE></REASON_CODE>
  <MASTERCARD></MASTERCARD>
  <WARNING_COUNT>0</WARNING_COUNT>
</RESPONSE>

2015-04-23T19:20:21Z
RequestParameter:  billNo: 89ab2db473e942d795ee17aa3ac497e6 | startTime:2015-04-23 19:20:21

2015-04-23T19:20:21Z
Array
(
    [MODE] => U
    [FRMT] => XML
    [VERS] => 0630
    [MERC] => 680000
    [SESS] => 89ab2db473e942d795ee17aa3ac497e6
    [TRAN] => 3HT10121SVRN
    [AUTH] => D
    [MACK] => Y
)


2015-04-23T19:20:22Z
ResponseParameter:  billNo: 89ab2db473e942d795ee17aa3ac497e6 | endTime:2015-04-23 19:20:22

2015-04-23T19:20:22Z
<?xml version="1.0" encoding="UTF-8"?>
<RESPONSE>
  <VERS>0630</VERS>
  <MODE>U</MODE>
  <TRAN>3HT10121SVRN</TRAN>
  <MERC>680000</MERC>
  <SESS>89ab2db473e942d795ee17aa3ac497e6</SESS>
  <RULES_TRIGGERED>0</RULES_TRIGGERED>
  <COUNTERS_TRIGGERED>0</COUNTERS_TRIGGERED>
  <REASON_CODE></REASON_CODE>
  <MASTERCARD></MASTERCARD>
  <WARNING_COUNT>0</WARNING_COUNT>
</RESPONSE>

