2015-06-27T12:35:01Z
RequestParameter:  billNo: 05cefc5a0aac427f858c5a747d199453 | startTime:2015-06-27 12:35:01

2015-06-27T12:35:01Z
Array
(
    [MODE] => Q
    [FRMT] => XML
    [VERS] => 0630
    [MERC] => 680000
    [UDF[CUSTOMER_IPAD]] => 84.101.50.23
    [SESS] => 8196d9579b6b48cdb4c19e65c6e3ae5c
    [ORDR] => 05cefc5a0aac427f858c5a747d199453
    [CURR] => EUR
    [PENC] => KHASH
    [PTYP] => CARD
    [PTOK] => 497040ZLBZJBSV5N1U9A
    [IPAD] => 84.101.50.23
    [MACK] => Y
    [AUTH] => A
    [PROD_DESC[0]] => Binary Trade
    [PROD_TYPE[0]] => Binary Trade
    [PROD_ITEM[0]] => SKU-ANT-BinaryTrade
    [PROD_QUANT[0]] => 1
    [PROD_PRICE[0]] => 50000
    [TOTL] => 50000
    [SITE] => VERT001
    [UDF[MERCHANT_ID]] => 20001MERANTY
    [NAME] => eric amougou
    [B2A1] => 36 rue bastiat
    [B2CC] => FR
    [B2CI] => Toulouse
    [B2PC] => 31200
    [B2PN] => 0631165513
    [B2ST] => FR
    [S2A1] => 
    [S2CC] => 
    [S2CI] => 
    [S2EM] => 
    [S2NM] =>  
    [S2PC] => 
    [S2PN] => 
    [S2ST] => 
    [SHTP] => 
    [CASH] => 500
    [DOB] => 1988-09-27
    [GENDER] => M
    [EMAL] => master_pi@hotmail.fr
)


2015-06-27T12:35:03Z
ResponseParameter:  billNo: 05cefc5a0aac427f858c5a747d199453 | endTime:2015-06-27 12:35:03

2015-06-27T12:35:03Z
<?xml version="1.0" encoding="UTF-8"?>
<RESPONSE>
  <VERS>0630</VERS>
  <MODE>Q</MODE>
  <TRAN>3C1Y00R6PZY5</TRAN>
  <MERC>680000</MERC>
  <SESS>8196d9579b6b48cdb4c19e65c6e3ae5c</SESS>
  <ORDR>05cefc5a0aac427f858c5a747d199453</ORDR>
  <AUTO>A</AUTO>
  <SCOR>24</SCOR>
  <GEOX>FR</GEOX>
  <BRND>VISA</BRND>
  <REGN>FR_B3</REGN>
  <NETW>N</NETW>
  <KAPT>Y</KAPT>
  <CARDS>1</CARDS>
  <DEVICES>1</DEVICES>
  <EMAILS>1</EMAILS>
  <VELO>0</VELO>
  <VMAX>0</VMAX>
  <SITE>VERT001</SITE>
  <DEVICE_LAYERS>D96CF07D73.14AF81825C.B2DB8D0F13.8354684CD2.41371D7D57</DEVICE_LAYERS>
  <FINGERPRINT>E6E79648419DAB7D5E72E1911C323669</FINGERPRINT>
  <TIMEZONE>1320</TIMEZONE>
  <LOCALTIME>2015-06-27 14:35</LOCALTIME>
  <REGION>FR_B3</REGION>
  <COUNTRY>FR</COUNTRY>
  <PROXY>N</PROXY>
  <JAVASCRIPT>Y</JAVASCRIPT>
  <FLASH>Y</FLASH>
  <COOKIES>Y</COOKIES>
  <HTTP_COUNTRY>FR</HTTP_COUNTRY>
  <LANGUAGE>FR</LANGUAGE>
  <MOBILE_DEVICE>N</MOBILE_DEVICE>
  <MOBILE_TYPE></MOBILE_TYPE>
  <MOBILE_FORWARDER>N</MOBILE_FORWARDER>
  <VOICE_DEVICE>N</VOICE_DEVICE>
  <PC_REMOTE>N</PC_REMOTE>
  <RULES_TRIGGERED>1</RULES_TRIGGERED>
  <RULE_ID_0>330732</RULE_ID_0>
  <RULE_DESCRIPTION_0>FRAUD_SCRD Score less than 25 and Device Data present (-10pts)</RULE_DESCRIPTION_0>
  <COUNTERS_TRIGGERED>1</COUNTERS_TRIGGERED>
  <COUNTER_NAME_0>FRAUD_SCORD</COUNTER_NAME_0>
  <COUNTER_VALUE_0>-10</COUNTER_VALUE_0>
  <REASON_CODE></REASON_CODE>
  <MASTERCARD></MASTERCARD>
  <DDFS>2015-06-26</DDFS>
  <DSR>900x1600</DSR>
  <UAS>Mozilla/5.0 (Windows NT 6.3; WOW64) AppleWebKit/537.36 (KHTML, like Gecko) Chrome/43.0.2357.130 Safari/537.36</UAS>
  <BROWSER>Chrome 43.0.2357.130</BROWSER>
  <OS>Windows 8.1</OS>
  <PIP_IPAD></PIP_IPAD>
  <PIP_LAT></PIP_LAT>
  <PIP_LON></PIP_LON>
  <PIP_COUNTRY></PIP_COUNTRY>
  <PIP_REGION></PIP_REGION>
  <PIP_CITY></PIP_CITY>
  <PIP_ORG></PIP_ORG>
  <IP_IPAD>84.101.50.23</IP_IPAD>
  <IP_LAT>43.6043</IP_LAT>
  <IP_LON>1.4437</IP_LON>
  <IP_COUNTRY>FR</IP_COUNTRY>
  <IP_REGION>Midi-Pyrenees</IP_REGION>
  <IP_CITY>Toulouse</IP_CITY>
  <IP_ORG>SFR</IP_ORG>
  <WARNING_COUNT>0</WARNING_COUNT>
</RESPONSE>

2015-06-27T12:36:22Z
RequestParameter:  billNo: 34e9ad84ff5540cbb7b31ad744085e46 | startTime:2015-06-27 12:36:22

2015-06-27T12:36:22Z
Array
(
    [MODE] => Q
    [FRMT] => XML
    [VERS] => 0630
    [MERC] => 680000
    [UDF[CUSTOMER_IPAD]] => 84.101.50.23
    [SESS] => 8b86e4929d0a484f8152a88e331e1329
    [ORDR] => 34e9ad84ff5540cbb7b31ad744085e46
    [CURR] => EUR
    [PENC] => KHASH
    [PTYP] => CARD
    [PTOK] => 497040ZLBZJBSV5N1U9A
    [IPAD] => 84.101.50.23
    [MACK] => Y
    [AUTH] => A
    [PROD_DESC[0]] => Binary Trade
    [PROD_TYPE[0]] => Binary Trade
    [PROD_ITEM[0]] => SKU-ANT-BinaryTrade
    [PROD_QUANT[0]] => 1
    [PROD_PRICE[0]] => 50000
    [TOTL] => 50000
    [SITE] => VERT001
    [UDF[MERCHANT_ID]] => 20001MERANTY
    [NAME] => ERIC AMOUGOU
    [B2A1] => 36 rue bastiat
    [B2CC] => FR
    [B2CI] => Toulouse
    [B2PC] => 31200
    [B2PN] => 0631165513
    [B2ST] => FR
    [S2A1] => 
    [S2CC] => 
    [S2CI] => 
    [S2EM] => 
    [S2NM] =>  
    [S2PC] => 
    [S2PN] => 
    [S2ST] => 
    [SHTP] => 
    [CASH] => 500
    [DOB] => 1988-09-27
    [GENDER] => M
    [EMAL] => master_pi@hotmail.fr
)


2015-06-27T12:36:23Z
ResponseParameter:  billNo: 34e9ad84ff5540cbb7b31ad744085e46 | endTime:2015-06-27 12:36:23

2015-06-27T12:36:23Z
<?xml version="1.0" encoding="UTF-8"?>
<RESPONSE>
  <VERS>0630</VERS>
  <MODE>Q</MODE>
  <TRAN>3C1Y030GGCY9</TRAN>
  <MERC>680000</MERC>
  <SESS>8b86e4929d0a484f8152a88e331e1329</SESS>
  <ORDR>34e9ad84ff5540cbb7b31ad744085e46</ORDR>
  <AUTO>A</AUTO>
  <SCOR>24</SCOR>
  <GEOX>FR</GEOX>
  <BRND>VISA</BRND>
  <REGN>FR_B3</REGN>
  <NETW>N</NETW>
  <KAPT>Y</KAPT>
  <CARDS>1</CARDS>
  <DEVICES>1</DEVICES>
  <EMAILS>1</EMAILS>
  <VELO>0</VELO>
  <VMAX>0</VMAX>
  <SITE>VERT001</SITE>
  <DEVICE_LAYERS>D96CF07D73.14AF81825C.B2DB8D0F13.8354684CD2.41371D7D57</DEVICE_LAYERS>
  <FINGERPRINT>E6E79648419DAB7D5E72E1911C323669</FINGERPRINT>
  <TIMEZONE>1320</TIMEZONE>
  <LOCALTIME>2015-06-27 14:36</LOCALTIME>
  <REGION>FR_B3</REGION>
  <COUNTRY>FR</COUNTRY>
  <PROXY>N</PROXY>
  <JAVASCRIPT>Y</JAVASCRIPT>
  <FLASH>Y</FLASH>
  <COOKIES>Y</COOKIES>
  <HTTP_COUNTRY>FR</HTTP_COUNTRY>
  <LANGUAGE>FR</LANGUAGE>
  <MOBILE_DEVICE>N</MOBILE_DEVICE>
  <MOBILE_TYPE></MOBILE_TYPE>
  <MOBILE_FORWARDER>N</MOBILE_FORWARDER>
  <VOICE_DEVICE>N</VOICE_DEVICE>
  <PC_REMOTE>N</PC_REMOTE>
  <RULES_TRIGGERED>1</RULES_TRIGGERED>
  <RULE_ID_0>330732</RULE_ID_0>
  <RULE_DESCRIPTION_0>FRAUD_SCRD Score less than 25 and Device Data present (-10pts)</RULE_DESCRIPTION_0>
  <COUNTERS_TRIGGERED>1</COUNTERS_TRIGGERED>
  <COUNTER_NAME_0>FRAUD_SCORD</COUNTER_NAME_0>
  <COUNTER_VALUE_0>-10</COUNTER_VALUE_0>
  <REASON_CODE></REASON_CODE>
  <MASTERCARD></MASTERCARD>
  <DDFS>2015-06-26</DDFS>
  <DSR>900x1600</DSR>
  <UAS>Mozilla/5.0 (Windows NT 6.3; WOW64) AppleWebKit/537.36 (KHTML, like Gecko) Chrome/43.0.2357.130 Safari/537.36</UAS>
  <BROWSER>Chrome 43.0.2357.130</BROWSER>
  <OS>Windows 8.1</OS>
  <PIP_IPAD></PIP_IPAD>
  <PIP_LAT></PIP_LAT>
  <PIP_LON></PIP_LON>
  <PIP_COUNTRY></PIP_COUNTRY>
  <PIP_REGION></PIP_REGION>
  <PIP_CITY></PIP_CITY>
  <PIP_ORG></PIP_ORG>
  <IP_IPAD>84.101.50.23</IP_IPAD>
  <IP_LAT>43.6043</IP_LAT>
  <IP_LON>1.4437</IP_LON>
  <IP_COUNTRY>FR</IP_COUNTRY>
  <IP_REGION>Midi-Pyrenees</IP_REGION>
  <IP_CITY>Toulouse</IP_CITY>
  <IP_ORG>SFR</IP_ORG>
  <WARNING_COUNT>0</WARNING_COUNT>
</RESPONSE>

