2015-05-22T00:26:36Z
RequestParameter:  billNo: 1432254403833 | startTime:2015-05-22 00:26:36

2015-05-22T00:26:36Z
Array
(
    [MODE] => U
    [FRMT] => XML
    [VERS] => 0630
    [MERC] => 680000
    [SESS] => a7c5c061d3fcbd15da366699ed416c30
    [TRAN] => 30T303KNWDC0
    [AUTH] => D
    [MACK] => Y
)


2015-05-22T00:26:37Z
ResponseParameter:  billNo: 1432254403833 | endTime:2015-05-22 00:26:37

2015-05-22T00:26:37Z
<?xml version="1.0" encoding="UTF-8"?>
<RESPONSE>
  <VERS>0630</VERS>
  <MODE>U</MODE>
  <TRAN>30T303KNWDC0</TRAN>
  <MERC>680000</MERC>
  <SESS>a7c5c061d3fcbd15da366699ed416c30</SESS>
  <RULES_TRIGGERED>0</RULES_TRIGGERED>
  <COUNTERS_TRIGGERED>0</COUNTERS_TRIGGERED>
  <REASON_CODE></REASON_CODE>
  <MASTERCARD></MASTERCARD>
  <WARNING_COUNT>0</WARNING_COUNT>
</RESPONSE>

2015-05-22T02:36:34Z
RequestParameter:  billNo: 1432262197264 | startTime:2015-05-22 02:36:34

2015-05-22T02:36:34Z
Array
(
    [MODE] => U
    [FRMT] => XML
    [VERS] => 0630
    [MERC] => 680000
    [SESS] => 4545c1897f429432165d6f37e4e39b88
    [TRAN] => 30T70Q6668JZ
    [AUTH] => D
    [MACK] => Y
)


2015-05-22T02:36:35Z
ResponseParameter:  billNo: 1432262197264 | endTime:2015-05-22 02:36:35

2015-05-22T02:36:35Z
<?xml version="1.0" encoding="UTF-8"?>
<RESPONSE>
  <VERS>0630</VERS>
  <MODE>U</MODE>
  <TRAN>30T70Q6668JZ</TRAN>
  <MERC>680000</MERC>
  <SESS>4545c1897f429432165d6f37e4e39b88</SESS>
  <RULES_TRIGGERED>0</RULES_TRIGGERED>
  <COUNTERS_TRIGGERED>0</COUNTERS_TRIGGERED>
  <REASON_CODE></REASON_CODE>
  <MASTERCARD></MASTERCARD>
  <WARNING_COUNT>0</WARNING_COUNT>
</RESPONSE>

2015-05-22T02:39:03Z
RequestParameter:  billNo: 1432262348329 | startTime:2015-05-22 02:39:03

2015-05-22T02:39:03Z
Array
(
    [MODE] => U
    [FRMT] => XML
    [VERS] => 0630
    [MERC] => 680000
    [SESS] => 8519e1af82798ff718a3b5ad4856be6a
    [TRAN] => 30T704CNW0TW
    [AUTH] => D
    [MACK] => Y
)


2015-05-22T02:39:03Z
ResponseParameter:  billNo: 1432262348329 | endTime:2015-05-22 02:39:03

2015-05-22T02:39:03Z
<?xml version="1.0" encoding="UTF-8"?>
<RESPONSE>
  <VERS>0630</VERS>
  <MODE>U</MODE>
  <TRAN>30T704CNW0TW</TRAN>
  <MERC>680000</MERC>
  <SESS>8519e1af82798ff718a3b5ad4856be6a</SESS>
  <RULES_TRIGGERED>0</RULES_TRIGGERED>
  <COUNTERS_TRIGGERED>0</COUNTERS_TRIGGERED>
  <REASON_CODE></REASON_CODE>
  <MASTERCARD></MASTERCARD>
  <WARNING_COUNT>0</WARNING_COUNT>
</RESPONSE>

2015-05-22T04:24:07Z
RequestParameter:  billNo: 1429610639-3995 | startTime:2015-05-22 04:24:07

2015-05-22T04:24:07Z
Array
(
    [MODE] => U
    [FRMT] => XML
    [VERS] => 0630
    [MERC] => 680000
    [SESS] => 420cbf897a05af0ebc55b2181230ca3a
    [TRAN] => 3HV00RX84KD7
    [AUTH] => 
    [MACK] => Y
    [RFCB] => R
)


2015-05-22T04:24:08Z
ResponseParameter:  billNo: 1429610639-3995 | endTime:2015-05-22 04:24:08

2015-05-22T04:24:08Z
<?xml version="1.0" encoding="UTF-8"?>
<RESPONSE>
  <VERS>0630</VERS>
  <MODE>U</MODE>
  <TRAN>3HV00RX84KD7</TRAN>
  <MERC>680000</MERC>
  <SESS>420cbf897a05af0ebc55b2181230ca3a</SESS>
  <RULES_TRIGGERED>0</RULES_TRIGGERED>
  <COUNTERS_TRIGGERED>0</COUNTERS_TRIGGERED>
  <REASON_CODE></REASON_CODE>
  <MASTERCARD></MASTERCARD>
  <WARNING_COUNT>0</WARNING_COUNT>
</RESPONSE>

2015-05-22T04:26:49Z
RequestParameter:  billNo: 1426790232-303 | startTime:2015-05-22 04:26:49

2015-05-22T04:26:49Z
Array
(
    [MODE] => U
    [FRMT] => XML
    [VERS] => 0630
    [MERC] => 680000
    [SESS] => 9cadd796361d9335d056271fcb6ec06b
    [TRAN] => 3Y9W0LJMK2XH
    [AUTH] => 
    [MACK] => Y
    [RFCB] => R
)


2015-05-22T04:26:50Z
ResponseParameter:  billNo: 1426790232-303 | endTime:2015-05-22 04:26:50

2015-05-22T04:26:50Z
<?xml version="1.0" encoding="UTF-8"?>
<RESPONSE>
  <VERS>0630</VERS>
  <MODE>U</MODE>
  <TRAN>3Y9W0LJMK2XH</TRAN>
  <MERC>680000</MERC>
  <SESS>9cadd796361d9335d056271fcb6ec06b</SESS>
  <RULES_TRIGGERED>0</RULES_TRIGGERED>
  <COUNTERS_TRIGGERED>0</COUNTERS_TRIGGERED>
  <REASON_CODE></REASON_CODE>
  <MASTERCARD></MASTERCARD>
  <WARNING_COUNT>0</WARNING_COUNT>
</RESPONSE>

2015-05-22T04:29:14Z
RequestParameter:  billNo: 1428486372-2 | startTime:2015-05-22 04:29:14

2015-05-22T04:29:14Z
Array
(
    [MODE] => U
    [FRMT] => XML
    [VERS] => 0630
    [MERC] => 680000
    [SESS] => fba8cddc2284cc565f7faa0d50710eb2
    [TRAN] => 3YDH0MQXPD7R
    [AUTH] => 
    [MACK] => Y
    [RFCB] => R
)


2015-05-22T04:29:15Z
ResponseParameter:  billNo: 1428486372-2 | endTime:2015-05-22 04:29:15

2015-05-22T04:29:15Z
<?xml version="1.0" encoding="UTF-8"?>
<RESPONSE>
  <VERS>0630</VERS>
  <MODE>U</MODE>
  <TRAN>3YDH0MQXPD7R</TRAN>
  <MERC>680000</MERC>
  <SESS>fba8cddc2284cc565f7faa0d50710eb2</SESS>
  <RULES_TRIGGERED>0</RULES_TRIGGERED>
  <COUNTERS_TRIGGERED>0</COUNTERS_TRIGGERED>
  <REASON_CODE></REASON_CODE>
  <MASTERCARD></MASTERCARD>
  <WARNING_COUNT>0</WARNING_COUNT>
</RESPONSE>

2015-05-22T04:31:25Z
RequestParameter:  billNo: 1428484388-2 | startTime:2015-05-22 04:31:25

2015-05-22T04:31:25Z
Array
(
    [MODE] => U
    [FRMT] => XML
    [VERS] => 0630
    [MERC] => 680000
    [SESS] => 67174259a1243f2f7c82f9819f5343b5
    [TRAN] => 3YDH0QTHNZ5T
    [AUTH] => 
    [MACK] => Y
    [RFCB] => R
)


2015-05-22T04:31:26Z
ResponseParameter:  billNo: 1428484388-2 | endTime:2015-05-22 04:31:26

2015-05-22T04:31:26Z
<?xml version="1.0" encoding="UTF-8"?>
<RESPONSE>
  <VERS>0630</VERS>
  <MODE>U</MODE>
  <TRAN>3YDH0QTHNZ5T</TRAN>
  <MERC>680000</MERC>
  <SESS>67174259a1243f2f7c82f9819f5343b5</SESS>
  <RULES_TRIGGERED>0</RULES_TRIGGERED>
  <COUNTERS_TRIGGERED>0</COUNTERS_TRIGGERED>
  <REASON_CODE></REASON_CODE>
  <MASTERCARD></MASTERCARD>
  <WARNING_COUNT>0</WARNING_COUNT>
</RESPONSE>

2015-05-22T04:32:51Z
RequestParameter:  billNo: jbccdghecd | startTime:2015-05-22 04:32:51

2015-05-22T04:32:51Z
Array
(
    [MODE] => U
    [FRMT] => XML
    [VERS] => 0630
    [MERC] => 680000
    [SESS] => jbccdghecd
    [TRAN] => 3HPY0NTLSZW2
    [AUTH] => 
    [MACK] => Y
    [RFCB] => R
)


2015-05-22T04:32:51Z
ResponseParameter:  billNo: jbccdghecd | endTime:2015-05-22 04:32:51

2015-05-22T04:32:51Z
<?xml version="1.0" encoding="UTF-8"?>
<RESPONSE>
  <VERS>0630</VERS>
  <MODE>U</MODE>
  <TRAN>3HPY0NTLSZW2</TRAN>
  <MERC>680000</MERC>
  <SESS>jbccdghecd</SESS>
  <RULES_TRIGGERED>0</RULES_TRIGGERED>
  <COUNTERS_TRIGGERED>0</COUNTERS_TRIGGERED>
  <REASON_CODE></REASON_CODE>
  <MASTERCARD></MASTERCARD>
  <WARNING_COUNT>0</WARNING_COUNT>
</RESPONSE>

2015-05-22T04:36:33Z
RequestParameter:  billNo: 1427790430340 | startTime:2015-05-22 04:36:33

2015-05-22T04:36:33Z
Array
(
    [MODE] => U
    [FRMT] => XML
    [VERS] => 0630
    [MERC] => 680000
    [SESS] => 0473eebd73aaae9f2f85c2406b53b8b0
    [TRAN] => 3YZM0PMW4L9L
    [AUTH] => 
    [MACK] => Y
    [RFCB] => R
)


2015-05-22T04:36:34Z
ResponseParameter:  billNo: 1427790430340 | endTime:2015-05-22 04:36:34

2015-05-22T04:36:34Z
<?xml version="1.0" encoding="UTF-8"?>
<RESPONSE>
  <VERS>0630</VERS>
  <MODE>U</MODE>
  <TRAN>3YZM0PMW4L9L</TRAN>
  <MERC>680000</MERC>
  <SESS>0473eebd73aaae9f2f85c2406b53b8b0</SESS>
  <RULES_TRIGGERED>0</RULES_TRIGGERED>
  <COUNTERS_TRIGGERED>0</COUNTERS_TRIGGERED>
  <REASON_CODE></REASON_CODE>
  <MASTERCARD></MASTERCARD>
  <WARNING_COUNT>0</WARNING_COUNT>
</RESPONSE>

2015-05-22T04:40:14Z
RequestParameter:  billNo: 1427790412620 | startTime:2015-05-22 04:40:14

2015-05-22T04:40:14Z
Array
(
    [MODE] => U
    [FRMT] => XML
    [VERS] => 0630
    [MERC] => 680000
    [SESS] => 0473eebd73aaae9f2f85c2406b53b8b0
    [TRAN] => 3YZM0S9YYDBX
    [AUTH] => 
    [MACK] => Y
    [RFCB] => R
)


2015-05-22T04:40:15Z
ResponseParameter:  billNo: 1427790412620 | endTime:2015-05-22 04:40:15

2015-05-22T04:40:15Z
<?xml version="1.0" encoding="UTF-8"?>
<RESPONSE>
  <VERS>0630</VERS>
  <MODE>U</MODE>
  <TRAN>3YZM0S9YYDBX</TRAN>
  <MERC>680000</MERC>
  <SESS>0473eebd73aaae9f2f85c2406b53b8b0</SESS>
  <RULES_TRIGGERED>0</RULES_TRIGGERED>
  <COUNTERS_TRIGGERED>0</COUNTERS_TRIGGERED>
  <REASON_CODE></REASON_CODE>
  <MASTERCARD></MASTERCARD>
  <WARNING_COUNT>0</WARNING_COUNT>
</RESPONSE>

2015-05-22T04:41:20Z
RequestParameter:  billNo: 7245096fe25747eb9ff4b8c2aedb942e | startTime:2015-05-22 04:41:20

2015-05-22T04:41:20Z
Array
(
    [MODE] => U
    [FRMT] => XML
    [VERS] => 0630
    [MERC] => 680000
    [SESS] => 7245096fe25747eb9ff4b8c2aedb942e
    [TRAN] => 3HCK05K0PRS4
    [AUTH] => 
    [MACK] => Y
    [RFCB] => R
)


2015-05-22T04:41:21Z
ResponseParameter:  billNo: 7245096fe25747eb9ff4b8c2aedb942e | endTime:2015-05-22 04:41:21

2015-05-22T04:41:21Z
<?xml version="1.0" encoding="UTF-8"?>
<RESPONSE>
  <VERS>0630</VERS>
  <MODE>U</MODE>
  <TRAN>3HCK05K0PRS4</TRAN>
  <MERC>680000</MERC>
  <SESS>7245096fe25747eb9ff4b8c2aedb942e</SESS>
  <RULES_TRIGGERED>0</RULES_TRIGGERED>
  <COUNTERS_TRIGGERED>0</COUNTERS_TRIGGERED>
  <REASON_CODE></REASON_CODE>
  <MASTERCARD></MASTERCARD>
  <WARNING_COUNT>0</WARNING_COUNT>
</RESPONSE>

2015-05-22T04:42:46Z
RequestParameter:  billNo: a273fea533a7498cb77827383b693801 | startTime:2015-05-22 04:42:46

2015-05-22T04:42:46Z
Array
(
    [MODE] => U
    [FRMT] => XML
    [VERS] => 0630
    [MERC] => 680000
    [SESS] => a273fea533a7498cb77827383b693801
    [TRAN] => 3HCK0K1T0X3W
    [AUTH] => 
    [MACK] => Y
    [RFCB] => R
)


2015-05-22T04:42:47Z
ResponseParameter:  billNo: a273fea533a7498cb77827383b693801 | endTime:2015-05-22 04:42:47

2015-05-22T04:42:47Z
<?xml version="1.0" encoding="UTF-8"?>
<RESPONSE>
  <VERS>0630</VERS>
  <MODE>U</MODE>
  <TRAN>3HCK0K1T0X3W</TRAN>
  <MERC>680000</MERC>
  <SESS>a273fea533a7498cb77827383b693801</SESS>
  <RULES_TRIGGERED>0</RULES_TRIGGERED>
  <COUNTERS_TRIGGERED>0</COUNTERS_TRIGGERED>
  <REASON_CODE></REASON_CODE>
  <MASTERCARD></MASTERCARD>
  <WARNING_COUNT>0</WARNING_COUNT>
</RESPONSE>

2015-05-22T04:44:03Z
RequestParameter:  billNo: 1429087583-7485 | startTime:2015-05-22 04:44:03

2015-05-22T04:44:03Z
Array
(
    [MODE] => U
    [FRMT] => XML
    [VERS] => 0630
    [MERC] => 680000
    [SESS] => 5e54cbc0d1178a3473161b20ce4e0e97
    [TRAN] => 3HXK0KNVKQ17
    [AUTH] => 
    [MACK] => Y
    [RFCB] => R
)


2015-05-22T04:44:04Z
ResponseParameter:  billNo: 1429087583-7485 | endTime:2015-05-22 04:44:04

2015-05-22T04:44:04Z
<?xml version="1.0" encoding="UTF-8"?>
<RESPONSE>
  <VERS>0630</VERS>
  <MODE>U</MODE>
  <TRAN>3HXK0KNVKQ17</TRAN>
  <MERC>680000</MERC>
  <SESS>5e54cbc0d1178a3473161b20ce4e0e97</SESS>
  <RULES_TRIGGERED>0</RULES_TRIGGERED>
  <COUNTERS_TRIGGERED>0</COUNTERS_TRIGGERED>
  <REASON_CODE></REASON_CODE>
  <MASTERCARD></MASTERCARD>
  <WARNING_COUNT>0</WARNING_COUNT>
</RESPONSE>

2015-05-22T04:45:33Z
RequestParameter:  billNo: 1429177189803 | startTime:2015-05-22 04:45:33

2015-05-22T04:45:33Z
Array
(
    [MODE] => U
    [FRMT] => XML
    [VERS] => 0630
    [MERC] => 680000
    [SESS] => 34e2355b5432cbf536ede28363c3b609
    [TRAN] => 3HXD0KY7DMG4
    [AUTH] => 
    [MACK] => Y
    [RFCB] => R
)


2015-05-22T04:45:34Z
ResponseParameter:  billNo: 1429177189803 | endTime:2015-05-22 04:45:34

2015-05-22T04:45:34Z
<?xml version="1.0" encoding="UTF-8"?>
<RESPONSE>
  <VERS>0630</VERS>
  <MODE>U</MODE>
  <TRAN>3HXD0KY7DMG4</TRAN>
  <MERC>680000</MERC>
  <SESS>34e2355b5432cbf536ede28363c3b609</SESS>
  <RULES_TRIGGERED>0</RULES_TRIGGERED>
  <COUNTERS_TRIGGERED>0</COUNTERS_TRIGGERED>
  <REASON_CODE></REASON_CODE>
  <MASTERCARD></MASTERCARD>
  <WARNING_COUNT>0</WARNING_COUNT>
</RESPONSE>

2015-05-22T04:46:23Z
RequestParameter:  billNo: dea8c9d14ec64320a16c4119628c2bc4 | startTime:2015-05-22 04:46:23

2015-05-22T04:46:23Z
Array
(
    [MODE] => U
    [FRMT] => XML
    [VERS] => 0630
    [MERC] => 680000
    [SESS] => dea8c9d14ec64320a16c4119628c2bc4
    [TRAN] => 3HCM0KJG3SMX
    [AUTH] => 
    [MACK] => Y
    [RFCB] => R
)


2015-05-22T04:46:24Z
ResponseParameter:  billNo: dea8c9d14ec64320a16c4119628c2bc4 | endTime:2015-05-22 04:46:24

2015-05-22T04:46:24Z
<?xml version="1.0" encoding="UTF-8"?>
<RESPONSE>
  <VERS>0630</VERS>
  <MODE>U</MODE>
  <TRAN>3HCM0KJG3SMX</TRAN>
  <MERC>680000</MERC>
  <SESS>dea8c9d14ec64320a16c4119628c2bc4</SESS>
  <RULES_TRIGGERED>0</RULES_TRIGGERED>
  <COUNTERS_TRIGGERED>0</COUNTERS_TRIGGERED>
  <REASON_CODE></REASON_CODE>
  <MASTERCARD></MASTERCARD>
  <WARNING_COUNT>0</WARNING_COUNT>
</RESPONSE>

2015-05-22T04:47:13Z
RequestParameter:  billNo: 70fb4a67ad4e4390968048916eafe115 | startTime:2015-05-22 04:47:13

2015-05-22T04:47:13Z
Array
(
    [MODE] => U
    [FRMT] => XML
    [VERS] => 0630
    [MERC] => 680000
    [SESS] => 8cc4679d68674fb9a57372a3dcfb33fc
    [TRAN] => 3H9M06Q6LS0K
    [AUTH] => 
    [MACK] => Y
    [RFCB] => R
)


2015-05-22T04:47:14Z
ResponseParameter:  billNo: 70fb4a67ad4e4390968048916eafe115 | endTime:2015-05-22 04:47:14

2015-05-22T04:47:14Z
<?xml version="1.0" encoding="UTF-8"?>
<RESPONSE>
  <VERS>0630</VERS>
  <MODE>U</MODE>
  <TRAN>3H9M06Q6LS0K</TRAN>
  <MERC>680000</MERC>
  <SESS>8cc4679d68674fb9a57372a3dcfb33fc</SESS>
  <RULES_TRIGGERED>0</RULES_TRIGGERED>
  <COUNTERS_TRIGGERED>0</COUNTERS_TRIGGERED>
  <REASON_CODE></REASON_CODE>
  <MASTERCARD></MASTERCARD>
  <WARNING_COUNT>0</WARNING_COUNT>
</RESPONSE>

2015-05-22T05:31:48Z
RequestParameter:  billNo: 35f4f64162ed444ba3aa06ff542b70a9 | startTime:2015-05-22 05:31:48

2015-05-22T05:31:48Z
Array
(
    [MODE] => U
    [FRMT] => XML
    [VERS] => 0630
    [MERC] => 680000
    [SESS] => 35f4f64162ed444ba3aa06ff542b70a9
    [TRAN] => 3HV80415CKXQ
    [AUTH] => 
    [MACK] => Y
    [RFCB] => R
)


2015-05-22T05:31:49Z
ResponseParameter:  billNo: 35f4f64162ed444ba3aa06ff542b70a9 | endTime:2015-05-22 05:31:49

2015-05-22T05:31:49Z
<?xml version="1.0" encoding="UTF-8"?>
<RESPONSE>
  <VERS>0630</VERS>
  <MODE>U</MODE>
  <TRAN>3HV80415CKXQ</TRAN>
  <MERC>680000</MERC>
  <SESS>35f4f64162ed444ba3aa06ff542b70a9</SESS>
  <RULES_TRIGGERED>0</RULES_TRIGGERED>
  <COUNTERS_TRIGGERED>0</COUNTERS_TRIGGERED>
  <REASON_CODE></REASON_CODE>
  <MASTERCARD></MASTERCARD>
  <WARNING_COUNT>0</WARNING_COUNT>
</RESPONSE>

2015-05-22T05:32:45Z
RequestParameter:  billNo: b9693640248949ee97b9feb1113dbc41 | startTime:2015-05-22 05:32:45

2015-05-22T05:32:45Z
Array
(
    [MODE] => U
    [FRMT] => XML
    [VERS] => 0630
    [MERC] => 680000
    [SESS] => b9693640248949ee97b9feb1113dbc41
    [TRAN] => 3HV80J3BK2QL
    [AUTH] => 
    [MACK] => Y
    [RFCB] => R
)


2015-05-22T05:32:46Z
ResponseParameter:  billNo: b9693640248949ee97b9feb1113dbc41 | endTime:2015-05-22 05:32:46

2015-05-22T05:32:46Z
<?xml version="1.0" encoding="UTF-8"?>
<RESPONSE>
  <VERS>0630</VERS>
  <MODE>U</MODE>
  <TRAN>3HV80J3BK2QL</TRAN>
  <MERC>680000</MERC>
  <SESS>b9693640248949ee97b9feb1113dbc41</SESS>
  <RULES_TRIGGERED>0</RULES_TRIGGERED>
  <COUNTERS_TRIGGERED>0</COUNTERS_TRIGGERED>
  <REASON_CODE></REASON_CODE>
  <MASTERCARD></MASTERCARD>
  <WARNING_COUNT>0</WARNING_COUNT>
</RESPONSE>

2015-05-22T06:01:01Z
RequestParameter:  billNo: 27f08ced6c244ef2b9b2226185188998 | startTime:2015-05-22 06:01:01

2015-05-22T06:01:01Z
Array
(
    [MODE] => U
    [FRMT] => XML
    [VERS] => 0630
    [MERC] => 680000
    [SESS] => 15fa9b168e2146dd857b28efcab55a30
    [TRAN] => 30WY0WNN3HMN
    [AUTH] => 
    [MACK] => Y
    [RFCB] => R
)


2015-05-22T06:01:02Z
ResponseParameter:  billNo: 27f08ced6c244ef2b9b2226185188998 | endTime:2015-05-22 06:01:02

2015-05-22T06:01:02Z
<?xml version="1.0" encoding="UTF-8"?>
<RESPONSE>
  <VERS>0630</VERS>
  <MODE>U</MODE>
  <TRAN>30WY0WNN3HMN</TRAN>
  <MERC>680000</MERC>
  <SESS>15fa9b168e2146dd857b28efcab55a30</SESS>
  <RULES_TRIGGERED>0</RULES_TRIGGERED>
  <COUNTERS_TRIGGERED>0</COUNTERS_TRIGGERED>
  <REASON_CODE></REASON_CODE>
  <MASTERCARD></MASTERCARD>
  <WARNING_COUNT>0</WARNING_COUNT>
</RESPONSE>

2015-05-22T06:01:40Z
RequestParameter:  billNo: 59db9471b892483dade50482afc60352 | startTime:2015-05-22 06:01:40

2015-05-22T06:01:40Z
Array
(
    [MODE] => U
    [FRMT] => XML
    [VERS] => 0630
    [MERC] => 680000
    [SESS] => 57f6658cfb684dc5ad29ac3a0cfe600c
    [TRAN] => 30V80DZ5R6L6
    [AUTH] => 
    [MACK] => Y
    [RFCB] => R
)


2015-05-22T06:01:40Z
ResponseParameter:  billNo: 59db9471b892483dade50482afc60352 | endTime:2015-05-22 06:01:40

2015-05-22T06:01:40Z
<?xml version="1.0" encoding="UTF-8"?>
<RESPONSE>
  <VERS>0630</VERS>
  <MODE>U</MODE>
  <TRAN>30V80DZ5R6L6</TRAN>
  <MERC>680000</MERC>
  <SESS>57f6658cfb684dc5ad29ac3a0cfe600c</SESS>
  <RULES_TRIGGERED>0</RULES_TRIGGERED>
  <COUNTERS_TRIGGERED>0</COUNTERS_TRIGGERED>
  <REASON_CODE></REASON_CODE>
  <MASTERCARD></MASTERCARD>
  <WARNING_COUNT>0</WARNING_COUNT>
</RESPONSE>

2015-05-22T07:01:38Z
RequestParameter:  billNo: Oao071432278092 | startTime:2015-05-22 07:01:38

2015-05-22T07:01:38Z
Array
(
    [MODE] => U
    [FRMT] => XML
    [VERS] => 0630
    [MERC] => 680000
    [SESS] => Oao071432278092
    [TRAN] => 30YJ050M2M3M
    [AUTH] => D
    [MACK] => Y
)


2015-05-22T07:01:39Z
ResponseParameter:  billNo: Oao071432278092 | endTime:2015-05-22 07:01:39

2015-05-22T07:01:39Z
<?xml version="1.0" encoding="UTF-8"?>
<RESPONSE>
  <VERS>0630</VERS>
  <MODE>U</MODE>
  <TRAN>30YJ050M2M3M</TRAN>
  <MERC>680000</MERC>
  <SESS>Oao071432278092</SESS>
  <RULES_TRIGGERED>0</RULES_TRIGGERED>
  <COUNTERS_TRIGGERED>0</COUNTERS_TRIGGERED>
  <REASON_CODE></REASON_CODE>
  <MASTERCARD></MASTERCARD>
  <WARNING_COUNT>0</WARNING_COUNT>
</RESPONSE>

2015-05-22T07:02:02Z
RequestParameter:  billNo: hCo6z1432278117 | startTime:2015-05-22 07:02:02

2015-05-22T07:02:02Z
Array
(
    [MODE] => U
    [FRMT] => XML
    [VERS] => 0630
    [MERC] => 680000
    [SESS] => hCo6z1432278117
    [TRAN] => 30YJ02NVNKCD
    [AUTH] => D
    [MACK] => Y
)


2015-05-22T07:02:03Z
ResponseParameter:  billNo: hCo6z1432278117 | endTime:2015-05-22 07:02:03

2015-05-22T07:02:03Z
<?xml version="1.0" encoding="UTF-8"?>
<RESPONSE>
  <VERS>0630</VERS>
  <MODE>U</MODE>
  <TRAN>30YJ02NVNKCD</TRAN>
  <MERC>680000</MERC>
  <SESS>hCo6z1432278117</SESS>
  <RULES_TRIGGERED>0</RULES_TRIGGERED>
  <COUNTERS_TRIGGERED>0</COUNTERS_TRIGGERED>
  <REASON_CODE></REASON_CODE>
  <MASTERCARD></MASTERCARD>
  <WARNING_COUNT>0</WARNING_COUNT>
</RESPONSE>

2015-05-22T07:02:18Z
RequestParameter:  billNo: oLM0k1432278133 | startTime:2015-05-22 07:02:18

2015-05-22T07:02:18Z
Array
(
    [MODE] => U
    [FRMT] => XML
    [VERS] => 0630
    [MERC] => 680000
    [SESS] => oLM0k1432278133
    [TRAN] => 30YJ09H9BWBN
    [AUTH] => D
    [MACK] => Y
)


2015-05-22T07:02:19Z
ResponseParameter:  billNo: oLM0k1432278133 | endTime:2015-05-22 07:02:19

2015-05-22T07:02:19Z
<?xml version="1.0" encoding="UTF-8"?>
<RESPONSE>
  <VERS>0630</VERS>
  <MODE>U</MODE>
  <TRAN>30YJ09H9BWBN</TRAN>
  <MERC>680000</MERC>
  <SESS>oLM0k1432278133</SESS>
  <RULES_TRIGGERED>0</RULES_TRIGGERED>
  <COUNTERS_TRIGGERED>0</COUNTERS_TRIGGERED>
  <REASON_CODE></REASON_CODE>
  <MASTERCARD></MASTERCARD>
  <WARNING_COUNT>0</WARNING_COUNT>
</RESPONSE>

2015-05-22T07:02:32Z
RequestParameter:  billNo: n7idw1432278148 | startTime:2015-05-22 07:02:32

2015-05-22T07:02:32Z
Array
(
    [MODE] => U
    [FRMT] => XML
    [VERS] => 0630
    [MERC] => 680000
    [SESS] => n7idw1432278148
    [TRAN] => 30YJ0L3G0Q4P
    [AUTH] => D
    [MACK] => Y
)


2015-05-22T07:02:33Z
ResponseParameter:  billNo: n7idw1432278148 | endTime:2015-05-22 07:02:33

2015-05-22T07:02:33Z
<?xml version="1.0" encoding="UTF-8"?>
<RESPONSE>
  <VERS>0630</VERS>
  <MODE>U</MODE>
  <TRAN>30YJ0L3G0Q4P</TRAN>
  <MERC>680000</MERC>
  <SESS>n7idw1432278148</SESS>
  <RULES_TRIGGERED>0</RULES_TRIGGERED>
  <COUNTERS_TRIGGERED>0</COUNTERS_TRIGGERED>
  <REASON_CODE></REASON_CODE>
  <MASTERCARD></MASTERCARD>
  <WARNING_COUNT>0</WARNING_COUNT>
</RESPONSE>

2015-05-22T07:02:49Z
RequestParameter:  billNo: bQUHP1432278164 | startTime:2015-05-22 07:02:49

2015-05-22T07:02:49Z
Array
(
    [MODE] => U
    [FRMT] => XML
    [VERS] => 0630
    [MERC] => 680000
    [SESS] => bQUHP1432278164
    [TRAN] => 30YJ067TWJLB
    [AUTH] => D
    [MACK] => Y
)


2015-05-22T07:02:49Z
ResponseParameter:  billNo: bQUHP1432278164 | endTime:2015-05-22 07:02:49

2015-05-22T07:02:49Z
<?xml version="1.0" encoding="UTF-8"?>
<RESPONSE>
  <VERS>0630</VERS>
  <MODE>U</MODE>
  <TRAN>30YJ067TWJLB</TRAN>
  <MERC>680000</MERC>
  <SESS>bQUHP1432278164</SESS>
  <RULES_TRIGGERED>0</RULES_TRIGGERED>
  <COUNTERS_TRIGGERED>0</COUNTERS_TRIGGERED>
  <REASON_CODE></REASON_CODE>
  <MASTERCARD></MASTERCARD>
  <WARNING_COUNT>0</WARNING_COUNT>
</RESPONSE>

2015-05-22T07:03:17Z
RequestParameter:  billNo: PXkqd1432278192 | startTime:2015-05-22 07:03:17

2015-05-22T07:03:17Z
Array
(
    [MODE] => U
    [FRMT] => XML
    [VERS] => 0630
    [MERC] => 680000
    [SESS] => PXkqd1432278192
    [TRAN] => 30YJ0D4ZM1BY
    [AUTH] => D
    [MACK] => Y
)


2015-05-22T07:03:18Z
ResponseParameter:  billNo: PXkqd1432278192 | endTime:2015-05-22 07:03:18

2015-05-22T07:03:18Z
<?xml version="1.0" encoding="UTF-8"?>
<RESPONSE>
  <VERS>0630</VERS>
  <MODE>U</MODE>
  <TRAN>30YJ0D4ZM1BY</TRAN>
  <MERC>680000</MERC>
  <SESS>PXkqd1432278192</SESS>
  <RULES_TRIGGERED>0</RULES_TRIGGERED>
  <COUNTERS_TRIGGERED>0</COUNTERS_TRIGGERED>
  <REASON_CODE></REASON_CODE>
  <MASTERCARD></MASTERCARD>
  <WARNING_COUNT>0</WARNING_COUNT>
</RESPONSE>

2015-05-22T07:04:57Z
RequestParameter:  billNo: mglnU1432278293 | startTime:2015-05-22 07:04:57

2015-05-22T07:04:57Z
Array
(
    [MODE] => U
    [FRMT] => XML
    [VERS] => 0630
    [MERC] => 680000
    [SESS] => mglnU1432278293
    [TRAN] => 30YJ06XSHV85
    [AUTH] => D
    [MACK] => Y
)


2015-05-22T07:04:58Z
ResponseParameter:  billNo: mglnU1432278293 | endTime:2015-05-22 07:04:58

2015-05-22T07:04:58Z
<?xml version="1.0" encoding="UTF-8"?>
<RESPONSE>
  <VERS>0630</VERS>
  <MODE>U</MODE>
  <TRAN>30YJ06XSHV85</TRAN>
  <MERC>680000</MERC>
  <SESS>mglnU1432278293</SESS>
  <RULES_TRIGGERED>0</RULES_TRIGGERED>
  <COUNTERS_TRIGGERED>0</COUNTERS_TRIGGERED>
  <REASON_CODE></REASON_CODE>
  <MASTERCARD></MASTERCARD>
  <WARNING_COUNT>0</WARNING_COUNT>
</RESPONSE>

2015-05-22T07:43:42Z
RequestParameter:  billNo: d72a1ebf13e54d9783a9a22b84ffadeb | startTime:2015-05-22 07:43:42

2015-05-22T07:43:42Z
Array
(
    [MODE] => U
    [FRMT] => XML
    [VERS] => 0630
    [MERC] => 680000
    [SESS] => d72a1ebf13e54d9783a9a22b84ffadeb
    [TRAN] => 30YJ0M1V5JXK
    [AUTH] => D
    [MACK] => Y
)


2015-05-22T07:43:43Z
ResponseParameter:  billNo: d72a1ebf13e54d9783a9a22b84ffadeb | endTime:2015-05-22 07:43:43

2015-05-22T07:43:43Z
<?xml version="1.0" encoding="UTF-8"?>
<RESPONSE>
  <VERS>0630</VERS>
  <MODE>U</MODE>
  <TRAN>30YJ0M1V5JXK</TRAN>
  <MERC>680000</MERC>
  <SESS>d72a1ebf13e54d9783a9a22b84ffadeb</SESS>
  <RULES_TRIGGERED>0</RULES_TRIGGERED>
  <COUNTERS_TRIGGERED>0</COUNTERS_TRIGGERED>
  <REASON_CODE></REASON_CODE>
  <MASTERCARD></MASTERCARD>
  <WARNING_COUNT>0</WARNING_COUNT>
</RESPONSE>

2015-05-22T07:43:46Z
RequestParameter:  billNo: 7c83dea8552c4032ba3c25b4de68baac | startTime:2015-05-22 07:43:46

2015-05-22T07:43:46Z
Array
(
    [MODE] => U
    [FRMT] => XML
    [VERS] => 0630
    [MERC] => 680000
    [SESS] => 7c83dea8552c4032ba3c25b4de68baac
    [TRAN] => 30YJ07JS3H44
    [AUTH] => D
    [MACK] => Y
)


2015-05-22T07:43:47Z
ResponseParameter:  billNo: 7c83dea8552c4032ba3c25b4de68baac | endTime:2015-05-22 07:43:47

2015-05-22T07:43:47Z
<?xml version="1.0" encoding="UTF-8"?>
<RESPONSE>
  <VERS>0630</VERS>
  <MODE>U</MODE>
  <TRAN>30YJ07JS3H44</TRAN>
  <MERC>680000</MERC>
  <SESS>7c83dea8552c4032ba3c25b4de68baac</SESS>
  <RULES_TRIGGERED>0</RULES_TRIGGERED>
  <COUNTERS_TRIGGERED>0</COUNTERS_TRIGGERED>
  <REASON_CODE></REASON_CODE>
  <MASTERCARD></MASTERCARD>
  <WARNING_COUNT>0</WARNING_COUNT>
</RESPONSE>

2015-05-22T07:44:53Z
RequestParameter:  billNo: 4cc6b545b87846a3ace89e2c4c9125b9 | startTime:2015-05-22 07:44:53

2015-05-22T07:44:53Z
Array
(
    [MODE] => U
    [FRMT] => XML
    [VERS] => 0630
    [MERC] => 680000
    [SESS] => 4cc6b545b87846a3ace89e2c4c9125b9
    [TRAN] => 30YJ01ZWBN8P
    [AUTH] => D
    [MACK] => Y
)


2015-05-22T07:44:54Z
ResponseParameter:  billNo: 4cc6b545b87846a3ace89e2c4c9125b9 | endTime:2015-05-22 07:44:54

2015-05-22T07:44:54Z
<?xml version="1.0" encoding="UTF-8"?>
<RESPONSE>
  <VERS>0630</VERS>
  <MODE>U</MODE>
  <TRAN>30YJ01ZWBN8P</TRAN>
  <MERC>680000</MERC>
  <SESS>4cc6b545b87846a3ace89e2c4c9125b9</SESS>
  <RULES_TRIGGERED>0</RULES_TRIGGERED>
  <COUNTERS_TRIGGERED>0</COUNTERS_TRIGGERED>
  <REASON_CODE></REASON_CODE>
  <MASTERCARD></MASTERCARD>
  <WARNING_COUNT>0</WARNING_COUNT>
</RESPONSE>

2015-05-22T07:45:40Z
RequestParameter:  billNo: 1432280668-3363 | startTime:2015-05-22 07:45:40

2015-05-22T07:45:40Z
Array
(
    [MODE] => U
    [FRMT] => XML
    [VERS] => 0630
    [MERC] => 680000
    [SESS] => 4c40ceccfa54a36f0fc2bc83696b5cb5
    [TRAN] => 30YJ0MP2RJG5
    [AUTH] => D
    [MACK] => Y
)


2015-05-22T07:45:41Z
ResponseParameter:  billNo: 1432280668-3363 | endTime:2015-05-22 07:45:41

2015-05-22T07:45:41Z
<?xml version="1.0" encoding="UTF-8"?>
<RESPONSE>
  <VERS>0630</VERS>
  <MODE>U</MODE>
  <TRAN>30YJ0MP2RJG5</TRAN>
  <MERC>680000</MERC>
  <SESS>4c40ceccfa54a36f0fc2bc83696b5cb5</SESS>
  <RULES_TRIGGERED>0</RULES_TRIGGERED>
  <COUNTERS_TRIGGERED>0</COUNTERS_TRIGGERED>
  <REASON_CODE></REASON_CODE>
  <MASTERCARD></MASTERCARD>
  <WARNING_COUNT>0</WARNING_COUNT>
</RESPONSE>

2015-05-22T07:45:55Z
RequestParameter:  billNo: d01258d877c24545a6b63c3b0adb0816 | startTime:2015-05-22 07:45:55

2015-05-22T07:45:55Z
Array
(
    [MODE] => U
    [FRMT] => XML
    [VERS] => 0630
    [MERC] => 680000
    [SESS] => d01258d877c24545a6b63c3b0adb0816
    [TRAN] => 30YJ0DB7T8YB
    [AUTH] => D
    [MACK] => Y
)


2015-05-22T07:45:56Z
ResponseParameter:  billNo: d01258d877c24545a6b63c3b0adb0816 | endTime:2015-05-22 07:45:56

2015-05-22T07:45:56Z
<?xml version="1.0" encoding="UTF-8"?>
<RESPONSE>
  <VERS>0630</VERS>
  <MODE>U</MODE>
  <TRAN>30YJ0DB7T8YB</TRAN>
  <MERC>680000</MERC>
  <SESS>d01258d877c24545a6b63c3b0adb0816</SESS>
  <RULES_TRIGGERED>0</RULES_TRIGGERED>
  <COUNTERS_TRIGGERED>0</COUNTERS_TRIGGERED>
  <REASON_CODE></REASON_CODE>
  <MASTERCARD></MASTERCARD>
  <WARNING_COUNT>0</WARNING_COUNT>
</RESPONSE>

2015-05-22T07:47:35Z
RequestParameter:  billNo: 1432280756-3363 | startTime:2015-05-22 07:47:35

2015-05-22T07:47:35Z
Array
(
    [MODE] => U
    [FRMT] => XML
    [VERS] => 0630
    [MERC] => 680000
    [SESS] => 5f094712969051c92b369b9b92064b5d
    [TRAN] => 30YJ0326SB68
    [AUTH] => D
    [MACK] => Y
)


2015-05-22T07:47:35Z
ResponseParameter:  billNo: 1432280756-3363 | endTime:2015-05-22 07:47:35

2015-05-22T07:47:35Z
<?xml version="1.0" encoding="UTF-8"?>
<RESPONSE>
  <VERS>0630</VERS>
  <MODE>U</MODE>
  <TRAN>30YJ0326SB68</TRAN>
  <MERC>680000</MERC>
  <SESS>5f094712969051c92b369b9b92064b5d</SESS>
  <RULES_TRIGGERED>0</RULES_TRIGGERED>
  <COUNTERS_TRIGGERED>0</COUNTERS_TRIGGERED>
  <REASON_CODE></REASON_CODE>
  <MASTERCARD></MASTERCARD>
  <WARNING_COUNT>0</WARNING_COUNT>
</RESPONSE>

2015-05-22T07:47:51Z
RequestParameter:  billNo: 180cb975a06f4c1f814c88ae9c8c42f7 | startTime:2015-05-22 07:47:51

2015-05-22T07:47:51Z
Array
(
    [MODE] => U
    [FRMT] => XML
    [VERS] => 0630
    [MERC] => 680000
    [SESS] => 180cb975a06f4c1f814c88ae9c8c42f7
    [TRAN] => 30YJ0ZGQKSX8
    [AUTH] => D
    [MACK] => Y
)


2015-05-22T07:47:52Z
ResponseParameter:  billNo: 180cb975a06f4c1f814c88ae9c8c42f7 | endTime:2015-05-22 07:47:52

2015-05-22T07:47:52Z
<?xml version="1.0" encoding="UTF-8"?>
<RESPONSE>
  <VERS>0630</VERS>
  <MODE>U</MODE>
  <TRAN>30YJ0ZGQKSX8</TRAN>
  <MERC>680000</MERC>
  <SESS>180cb975a06f4c1f814c88ae9c8c42f7</SESS>
  <RULES_TRIGGERED>0</RULES_TRIGGERED>
  <COUNTERS_TRIGGERED>0</COUNTERS_TRIGGERED>
  <REASON_CODE></REASON_CODE>
  <MASTERCARD></MASTERCARD>
  <WARNING_COUNT>0</WARNING_COUNT>
</RESPONSE>

2015-05-22T07:50:32Z
RequestParameter:  billNo: 1432281039-26601 | startTime:2015-05-22 07:50:32

2015-05-22T07:50:32Z
Array
(
    [MODE] => U
    [FRMT] => XML
    [VERS] => 0630
    [MERC] => 680000
    [SESS] => 1432281039-26601
    [TRAN] => 30YJ0KTTCY2T
    [AUTH] => D
    [MACK] => Y
)


2015-05-22T07:50:33Z
ResponseParameter:  billNo: 1432281039-26601 | endTime:2015-05-22 07:50:33

2015-05-22T07:50:33Z
<?xml version="1.0" encoding="UTF-8"?>
<RESPONSE>
  <VERS>0630</VERS>
  <MODE>U</MODE>
  <TRAN>30YJ0KTTCY2T</TRAN>
  <MERC>680000</MERC>
  <SESS>1432281039-26601</SESS>
  <RULES_TRIGGERED>0</RULES_TRIGGERED>
  <COUNTERS_TRIGGERED>0</COUNTERS_TRIGGERED>
  <REASON_CODE></REASON_CODE>
  <MASTERCARD></MASTERCARD>
  <WARNING_COUNT>0</WARNING_COUNT>
</RESPONSE>

2015-05-22T07:50:51Z
RequestParameter:  billNo: 1432281058-26601 | startTime:2015-05-22 07:50:51

2015-05-22T07:50:51Z
Array
(
    [MODE] => U
    [FRMT] => XML
    [VERS] => 0630
    [MERC] => 680000
    [SESS] => 1432281058-26601
    [TRAN] => 30YJ0VL62KCL
    [AUTH] => D
    [MACK] => Y
)


2015-05-22T07:50:52Z
ResponseParameter:  billNo: 1432281058-26601 | endTime:2015-05-22 07:50:52

2015-05-22T07:50:52Z
<?xml version="1.0" encoding="UTF-8"?>
<RESPONSE>
  <VERS>0630</VERS>
  <MODE>U</MODE>
  <TRAN>30YJ0VL62KCL</TRAN>
  <MERC>680000</MERC>
  <SESS>1432281058-26601</SESS>
  <RULES_TRIGGERED>0</RULES_TRIGGERED>
  <COUNTERS_TRIGGERED>0</COUNTERS_TRIGGERED>
  <REASON_CODE></REASON_CODE>
  <MASTERCARD></MASTERCARD>
  <WARNING_COUNT>0</WARNING_COUNT>
</RESPONSE>

2015-05-22T07:52:19Z
RequestParameter:  billNo: 7abaf859e72345f180382c22e82f32e8 | startTime:2015-05-22 07:52:19

2015-05-22T07:52:19Z
Array
(
    [MODE] => U
    [FRMT] => XML
    [VERS] => 0630
    [MERC] => 680000
    [SESS] => 7abaf859e72345f180382c22e82f32e8
    [TRAN] => 30YJ0Q8X35WK
    [AUTH] => D
    [MACK] => Y
)


2015-05-22T07:52:20Z
ResponseParameter:  billNo: 7abaf859e72345f180382c22e82f32e8 | endTime:2015-05-22 07:52:20

2015-05-22T07:52:20Z
<?xml version="1.0" encoding="UTF-8"?>
<RESPONSE>
  <VERS>0630</VERS>
  <MODE>U</MODE>
  <TRAN>30YJ0Q8X35WK</TRAN>
  <MERC>680000</MERC>
  <SESS>7abaf859e72345f180382c22e82f32e8</SESS>
  <RULES_TRIGGERED>0</RULES_TRIGGERED>
  <COUNTERS_TRIGGERED>0</COUNTERS_TRIGGERED>
  <REASON_CODE></REASON_CODE>
  <MASTERCARD></MASTERCARD>
  <WARNING_COUNT>0</WARNING_COUNT>
</RESPONSE>

2015-05-22T07:54:34Z
RequestParameter:  billNo: 0203f49b6bd7444a9ab0251f7c9798ab | startTime:2015-05-22 07:54:34

2015-05-22T07:54:34Z
Array
(
    [MODE] => U
    [FRMT] => XML
    [VERS] => 0630
    [MERC] => 680000
    [SESS] => 0203f49b6bd7444a9ab0251f7c9798ab
    [TRAN] => 30YJ0GY2N101
    [AUTH] => D
    [MACK] => Y
)


2015-05-22T07:54:35Z
ResponseParameter:  billNo: 0203f49b6bd7444a9ab0251f7c9798ab | endTime:2015-05-22 07:54:35

2015-05-22T07:54:35Z
<?xml version="1.0" encoding="UTF-8"?>
<RESPONSE>
  <VERS>0630</VERS>
  <MODE>U</MODE>
  <TRAN>30YJ0GY2N101</TRAN>
  <MERC>680000</MERC>
  <SESS>0203f49b6bd7444a9ab0251f7c9798ab</SESS>
  <RULES_TRIGGERED>0</RULES_TRIGGERED>
  <COUNTERS_TRIGGERED>0</COUNTERS_TRIGGERED>
  <REASON_CODE></REASON_CODE>
  <MASTERCARD></MASTERCARD>
  <WARNING_COUNT>0</WARNING_COUNT>
</RESPONSE>

2015-05-22T07:57:33Z
RequestParameter:  billNo: 292ed8346f8140c1acf3e134c13e22e6 | startTime:2015-05-22 07:57:33

2015-05-22T07:57:33Z
Array
(
    [MODE] => U
    [FRMT] => XML
    [VERS] => 0630
    [MERC] => 680000
    [SESS] => 5a080345904143b9b6d8fda919e0efe4
    [TRAN] => 30YJ0TGS7RM2
    [AUTH] => D
    [MACK] => Y
)


2015-05-22T07:57:34Z
ResponseParameter:  billNo: 292ed8346f8140c1acf3e134c13e22e6 | endTime:2015-05-22 07:57:34

2015-05-22T07:57:34Z
<?xml version="1.0" encoding="UTF-8"?>
<RESPONSE>
  <VERS>0630</VERS>
  <MODE>U</MODE>
  <TRAN>30YJ0TGS7RM2</TRAN>
  <MERC>680000</MERC>
  <SESS>5a080345904143b9b6d8fda919e0efe4</SESS>
  <RULES_TRIGGERED>0</RULES_TRIGGERED>
  <COUNTERS_TRIGGERED>0</COUNTERS_TRIGGERED>
  <REASON_CODE></REASON_CODE>
  <MASTERCARD></MASTERCARD>
  <WARNING_COUNT>0</WARNING_COUNT>
</RESPONSE>

2015-05-22T07:58:53Z
RequestParameter:  billNo: d4a5a6533e73411694997955ea91e418 | startTime:2015-05-22 07:58:53

2015-05-22T07:58:53Z
Array
(
    [MODE] => U
    [FRMT] => XML
    [VERS] => 0630
    [MERC] => 680000
    [SESS] => d4a5a6533e73411694997955ea91e418
    [TRAN] => 30YJ0GQ5C4BX
    [AUTH] => D
    [MACK] => Y
)


2015-05-22T07:58:54Z
ResponseParameter:  billNo: d4a5a6533e73411694997955ea91e418 | endTime:2015-05-22 07:58:54

2015-05-22T07:58:54Z
<?xml version="1.0" encoding="UTF-8"?>
<RESPONSE>
  <VERS>0630</VERS>
  <MODE>U</MODE>
  <TRAN>30YJ0GQ5C4BX</TRAN>
  <MERC>680000</MERC>
  <SESS>d4a5a6533e73411694997955ea91e418</SESS>
  <RULES_TRIGGERED>0</RULES_TRIGGERED>
  <COUNTERS_TRIGGERED>0</COUNTERS_TRIGGERED>
  <REASON_CODE></REASON_CODE>
  <MASTERCARD></MASTERCARD>
  <WARNING_COUNT>0</WARNING_COUNT>
</RESPONSE>

2015-05-22T07:59:09Z
RequestParameter:  billNo: 1432281555-26601 | startTime:2015-05-22 07:59:09

2015-05-22T07:59:09Z
Array
(
    [MODE] => U
    [FRMT] => XML
    [VERS] => 0630
    [MERC] => 680000
    [SESS] => 1432281555-26601
    [TRAN] => 30YJ0JN0SPP8
    [AUTH] => D
    [MACK] => Y
)


2015-05-22T07:59:10Z
ResponseParameter:  billNo: 1432281555-26601 | endTime:2015-05-22 07:59:10

2015-05-22T07:59:10Z
<?xml version="1.0" encoding="UTF-8"?>
<RESPONSE>
  <VERS>0630</VERS>
  <MODE>U</MODE>
  <TRAN>30YJ0JN0SPP8</TRAN>
  <MERC>680000</MERC>
  <SESS>1432281555-26601</SESS>
  <RULES_TRIGGERED>0</RULES_TRIGGERED>
  <COUNTERS_TRIGGERED>0</COUNTERS_TRIGGERED>
  <REASON_CODE></REASON_CODE>
  <MASTERCARD></MASTERCARD>
  <WARNING_COUNT>0</WARNING_COUNT>
</RESPONSE>

2015-05-22T08:00:06Z
RequestParameter:  billNo: 1432281615-26601 | startTime:2015-05-22 08:00:06

2015-05-22T08:00:06Z
Array
(
    [MODE] => U
    [FRMT] => XML
    [VERS] => 0630
    [MERC] => 680000
    [SESS] => 1432281615-26601
    [TRAN] => 30YM07JRSX67
    [AUTH] => D
    [MACK] => Y
)


2015-05-22T08:00:07Z
ResponseParameter:  billNo: 1432281615-26601 | endTime:2015-05-22 08:00:07

2015-05-22T08:00:07Z
<?xml version="1.0" encoding="UTF-8"?>
<RESPONSE>
  <VERS>0630</VERS>
  <MODE>U</MODE>
  <TRAN>30YM07JRSX67</TRAN>
  <MERC>680000</MERC>
  <SESS>1432281615-26601</SESS>
  <RULES_TRIGGERED>0</RULES_TRIGGERED>
  <COUNTERS_TRIGGERED>0</COUNTERS_TRIGGERED>
  <REASON_CODE></REASON_CODE>
  <MASTERCARD></MASTERCARD>
  <WARNING_COUNT>0</WARNING_COUNT>
</RESPONSE>

2015-05-22T08:00:55Z
RequestParameter:  billNo: 1432281665-26601 | startTime:2015-05-22 08:00:55

2015-05-22T08:00:55Z
Array
(
    [MODE] => U
    [FRMT] => XML
    [VERS] => 0630
    [MERC] => 680000
    [SESS] => 1432281665-26601
    [TRAN] => 30YM0PY42YVD
    [AUTH] => D
    [MACK] => Y
)


2015-05-22T08:00:56Z
ResponseParameter:  billNo: 1432281665-26601 | endTime:2015-05-22 08:00:56

2015-05-22T08:00:56Z
<?xml version="1.0" encoding="UTF-8"?>
<RESPONSE>
  <VERS>0630</VERS>
  <MODE>U</MODE>
  <TRAN>30YM0PY42YVD</TRAN>
  <MERC>680000</MERC>
  <SESS>1432281665-26601</SESS>
  <RULES_TRIGGERED>0</RULES_TRIGGERED>
  <COUNTERS_TRIGGERED>0</COUNTERS_TRIGGERED>
  <REASON_CODE></REASON_CODE>
  <MASTERCARD></MASTERCARD>
  <WARNING_COUNT>0</WARNING_COUNT>
</RESPONSE>

2015-05-22T08:01:06Z
RequestParameter:  billNo: 1432281674583 | startTime:2015-05-22 08:01:06

2015-05-22T08:01:06Z
Array
(
    [MODE] => U
    [FRMT] => XML
    [VERS] => 0630
    [MERC] => 680000
    [SESS] => 5972deec9faf4f0701435bde92a2106a
    [TRAN] => 30YM0G29CX0B
    [AUTH] => D
    [MACK] => Y
)


2015-05-22T08:01:07Z
ResponseParameter:  billNo: 1432281674583 | endTime:2015-05-22 08:01:07

2015-05-22T08:01:07Z
<?xml version="1.0" encoding="UTF-8"?>
<RESPONSE>
  <VERS>0630</VERS>
  <MODE>U</MODE>
  <TRAN>30YM0G29CX0B</TRAN>
  <MERC>680000</MERC>
  <SESS>5972deec9faf4f0701435bde92a2106a</SESS>
  <RULES_TRIGGERED>0</RULES_TRIGGERED>
  <COUNTERS_TRIGGERED>0</COUNTERS_TRIGGERED>
  <REASON_CODE></REASON_CODE>
  <MASTERCARD></MASTERCARD>
  <WARNING_COUNT>0</WARNING_COUNT>
</RESPONSE>

2015-05-22T08:03:15Z
RequestParameter:  billNo: 1432281802111 | startTime:2015-05-22 08:03:15

2015-05-22T08:03:15Z
Array
(
    [MODE] => U
    [FRMT] => XML
    [VERS] => 0630
    [MERC] => 680000
    [SESS] => 7c64ca87e197fe1d925464f01c9193fb
    [TRAN] => 30YM0D9Q4CW4
    [AUTH] => D
    [MACK] => Y
)


2015-05-22T08:03:16Z
ResponseParameter:  billNo: 1432281802111 | endTime:2015-05-22 08:03:16

2015-05-22T08:03:16Z
<?xml version="1.0" encoding="UTF-8"?>
<RESPONSE>
  <VERS>0630</VERS>
  <MODE>U</MODE>
  <TRAN>30YM0D9Q4CW4</TRAN>
  <MERC>680000</MERC>
  <SESS>7c64ca87e197fe1d925464f01c9193fb</SESS>
  <RULES_TRIGGERED>0</RULES_TRIGGERED>
  <COUNTERS_TRIGGERED>0</COUNTERS_TRIGGERED>
  <REASON_CODE></REASON_CODE>
  <MASTERCARD></MASTERCARD>
  <WARNING_COUNT>0</WARNING_COUNT>
</RESPONSE>

2015-05-22T08:05:05Z
RequestParameter:  billNo: 6ec4eccdb9df40dbae4022c018fd1b11 | startTime:2015-05-22 08:05:05

2015-05-22T08:05:05Z
Array
(
    [MODE] => U
    [FRMT] => XML
    [VERS] => 0630
    [MERC] => 680000
    [SESS] => 6ec4eccdb9df40dbae4022c018fd1b11
    [TRAN] => 30YM026VJK30
    [AUTH] => D
    [MACK] => Y
)


2015-05-22T08:05:05Z
ResponseParameter:  billNo: 6ec4eccdb9df40dbae4022c018fd1b11 | endTime:2015-05-22 08:05:05

2015-05-22T08:05:05Z
<?xml version="1.0" encoding="UTF-8"?>
<RESPONSE>
  <VERS>0630</VERS>
  <MODE>U</MODE>
  <TRAN>30YM026VJK30</TRAN>
  <MERC>680000</MERC>
  <SESS>6ec4eccdb9df40dbae4022c018fd1b11</SESS>
  <RULES_TRIGGERED>0</RULES_TRIGGERED>
  <COUNTERS_TRIGGERED>0</COUNTERS_TRIGGERED>
  <REASON_CODE></REASON_CODE>
  <MASTERCARD></MASTERCARD>
  <WARNING_COUNT>0</WARNING_COUNT>
</RESPONSE>

2015-05-22T08:07:49Z
RequestParameter:  billNo: lEndW1432282065 | startTime:2015-05-22 08:07:49

2015-05-22T08:07:49Z
Array
(
    [MODE] => U
    [FRMT] => XML
    [VERS] => 0630
    [MERC] => 680000
    [SESS] => lEndW1432282065
    [TRAN] => 30YM04SKYY48
    [AUTH] => D
    [MACK] => Y
)


2015-05-22T08:07:50Z
ResponseParameter:  billNo: lEndW1432282065 | endTime:2015-05-22 08:07:50

2015-05-22T08:07:50Z
<?xml version="1.0" encoding="UTF-8"?>
<RESPONSE>
  <VERS>0630</VERS>
  <MODE>U</MODE>
  <TRAN>30YM04SKYY48</TRAN>
  <MERC>680000</MERC>
  <SESS>lEndW1432282065</SESS>
  <RULES_TRIGGERED>0</RULES_TRIGGERED>
  <COUNTERS_TRIGGERED>0</COUNTERS_TRIGGERED>
  <REASON_CODE></REASON_CODE>
  <MASTERCARD></MASTERCARD>
  <WARNING_COUNT>0</WARNING_COUNT>
</RESPONSE>

2015-05-22T08:13:05Z
RequestParameter:  billNo: 1432282393-26601 | startTime:2015-05-22 08:13:05

2015-05-22T08:13:05Z
Array
(
    [MODE] => U
    [FRMT] => XML
    [VERS] => 0630
    [MERC] => 680000
    [SESS] => 1432282393-26601
    [TRAN] => 30YM0CXK4H3W
    [AUTH] => D
    [MACK] => Y
)


2015-05-22T08:13:06Z
ResponseParameter:  billNo: 1432282393-26601 | endTime:2015-05-22 08:13:06

2015-05-22T08:13:06Z
<?xml version="1.0" encoding="UTF-8"?>
<RESPONSE>
  <VERS>0630</VERS>
  <MODE>U</MODE>
  <TRAN>30YM0CXK4H3W</TRAN>
  <MERC>680000</MERC>
  <SESS>1432282393-26601</SESS>
  <RULES_TRIGGERED>0</RULES_TRIGGERED>
  <COUNTERS_TRIGGERED>0</COUNTERS_TRIGGERED>
  <REASON_CODE></REASON_CODE>
  <MASTERCARD></MASTERCARD>
  <WARNING_COUNT>0</WARNING_COUNT>
</RESPONSE>

2015-05-22T08:20:12Z
RequestParameter:  billNo: JjpSY1432282806 | startTime:2015-05-22 08:20:12

2015-05-22T08:20:12Z
Array
(
    [MODE] => U
    [FRMT] => XML
    [VERS] => 0630
    [MERC] => 680000
    [SESS] => JjpSY1432282806
    [TRAN] => 30YM0Z701TRW
    [AUTH] => D
    [MACK] => Y
)


2015-05-22T08:20:12Z
ResponseParameter:  billNo: JjpSY1432282806 | endTime:2015-05-22 08:20:12

2015-05-22T08:20:12Z
<?xml version="1.0" encoding="UTF-8"?>
<RESPONSE>
  <VERS>0630</VERS>
  <MODE>U</MODE>
  <TRAN>30YM0Z701TRW</TRAN>
  <MERC>680000</MERC>
  <SESS>JjpSY1432282806</SESS>
  <RULES_TRIGGERED>0</RULES_TRIGGERED>
  <COUNTERS_TRIGGERED>0</COUNTERS_TRIGGERED>
  <REASON_CODE></REASON_CODE>
  <MASTERCARD></MASTERCARD>
  <WARNING_COUNT>0</WARNING_COUNT>
</RESPONSE>

2015-05-22T08:20:38Z
RequestParameter:  billNo: tDAOY1432282834 | startTime:2015-05-22 08:20:38

2015-05-22T08:20:38Z
Array
(
    [MODE] => U
    [FRMT] => XML
    [VERS] => 0630
    [MERC] => 680000
    [SESS] => tDAOY1432282834
    [TRAN] => 30YM0G4WCMW2
    [AUTH] => D
    [MACK] => Y
)


2015-05-22T08:20:38Z
ResponseParameter:  billNo: tDAOY1432282834 | endTime:2015-05-22 08:20:38

2015-05-22T08:20:38Z
<?xml version="1.0" encoding="UTF-8"?>
<RESPONSE>
  <VERS>0630</VERS>
  <MODE>U</MODE>
  <TRAN>30YM0G4WCMW2</TRAN>
  <MERC>680000</MERC>
  <SESS>tDAOY1432282834</SESS>
  <RULES_TRIGGERED>0</RULES_TRIGGERED>
  <COUNTERS_TRIGGERED>0</COUNTERS_TRIGGERED>
  <REASON_CODE></REASON_CODE>
  <MASTERCARD></MASTERCARD>
  <WARNING_COUNT>0</WARNING_COUNT>
</RESPONSE>

2015-05-22T08:21:02Z
RequestParameter:  billNo: 1GQE51432282858 | startTime:2015-05-22 08:21:02

2015-05-22T08:21:02Z
Array
(
    [MODE] => U
    [FRMT] => XML
    [VERS] => 0630
    [MERC] => 680000
    [SESS] => 1GQE51432282858
    [TRAN] => 30YM0QXLR883
    [AUTH] => D
    [MACK] => Y
)


2015-05-22T08:21:03Z
ResponseParameter:  billNo: 1GQE51432282858 | endTime:2015-05-22 08:21:03

2015-05-22T08:21:03Z
<?xml version="1.0" encoding="UTF-8"?>
<RESPONSE>
  <VERS>0630</VERS>
  <MODE>U</MODE>
  <TRAN>30YM0QXLR883</TRAN>
  <MERC>680000</MERC>
  <SESS>1GQE51432282858</SESS>
  <RULES_TRIGGERED>0</RULES_TRIGGERED>
  <COUNTERS_TRIGGERED>0</COUNTERS_TRIGGERED>
  <REASON_CODE></REASON_CODE>
  <MASTERCARD></MASTERCARD>
  <WARNING_COUNT>0</WARNING_COUNT>
</RESPONSE>

2015-05-22T08:22:12Z
RequestParameter:  billNo: 15Mxg1432282928 | startTime:2015-05-22 08:22:12

2015-05-22T08:22:12Z
Array
(
    [MODE] => U
    [FRMT] => XML
    [VERS] => 0630
    [MERC] => 680000
    [SESS] => 15Mxg1432282928
    [TRAN] => 30YM08XR3CTP
    [AUTH] => D
    [MACK] => Y
)


2015-05-22T08:22:13Z
ResponseParameter:  billNo: 15Mxg1432282928 | endTime:2015-05-22 08:22:13

2015-05-22T08:22:13Z
<?xml version="1.0" encoding="UTF-8"?>
<RESPONSE>
  <VERS>0630</VERS>
  <MODE>U</MODE>
  <TRAN>30YM08XR3CTP</TRAN>
  <MERC>680000</MERC>
  <SESS>15Mxg1432282928</SESS>
  <RULES_TRIGGERED>0</RULES_TRIGGERED>
  <COUNTERS_TRIGGERED>0</COUNTERS_TRIGGERED>
  <REASON_CODE></REASON_CODE>
  <MASTERCARD></MASTERCARD>
  <WARNING_COUNT>0</WARNING_COUNT>
</RESPONSE>

2015-05-22T08:22:41Z
RequestParameter:  billNo: 6LrKv1432282956 | startTime:2015-05-22 08:22:41

2015-05-22T08:22:41Z
Array
(
    [MODE] => U
    [FRMT] => XML
    [VERS] => 0630
    [MERC] => 680000
    [SESS] => 6LrKv1432282956
    [TRAN] => 30YM01TNYSVV
    [AUTH] => D
    [MACK] => Y
)


2015-05-22T08:22:42Z
ResponseParameter:  billNo: 6LrKv1432282956 | endTime:2015-05-22 08:22:42

2015-05-22T08:22:42Z
<?xml version="1.0" encoding="UTF-8"?>
<RESPONSE>
  <VERS>0630</VERS>
  <MODE>U</MODE>
  <TRAN>30YM01TNYSVV</TRAN>
  <MERC>680000</MERC>
  <SESS>6LrKv1432282956</SESS>
  <RULES_TRIGGERED>0</RULES_TRIGGERED>
  <COUNTERS_TRIGGERED>0</COUNTERS_TRIGGERED>
  <REASON_CODE></REASON_CODE>
  <MASTERCARD></MASTERCARD>
  <WARNING_COUNT>0</WARNING_COUNT>
</RESPONSE>

2015-05-22T08:36:25Z
RequestParameter:  billNo: 5c9deadb317b4c26908dd44d39d4266c | startTime:2015-05-22 08:36:25

2015-05-22T08:36:25Z
Array
(
    [MODE] => U
    [FRMT] => XML
    [VERS] => 0630
    [MERC] => 680000
    [SESS] => ee508fc0f59448e19bce7552fb2ec18e
    [TRAN] => 30YM0NN5H9K3
    [AUTH] => D
    [MACK] => Y
)


2015-05-22T08:36:26Z
ResponseParameter:  billNo: 5c9deadb317b4c26908dd44d39d4266c | endTime:2015-05-22 08:36:26

2015-05-22T08:36:26Z
<?xml version="1.0" encoding="UTF-8"?>
<RESPONSE>
  <VERS>0630</VERS>
  <MODE>U</MODE>
  <TRAN>30YM0NN5H9K3</TRAN>
  <MERC>680000</MERC>
  <SESS>ee508fc0f59448e19bce7552fb2ec18e</SESS>
  <RULES_TRIGGERED>0</RULES_TRIGGERED>
  <COUNTERS_TRIGGERED>0</COUNTERS_TRIGGERED>
  <REASON_CODE></REASON_CODE>
  <MASTERCARD></MASTERCARD>
  <WARNING_COUNT>0</WARNING_COUNT>
</RESPONSE>

2015-05-22T08:37:22Z
RequestParameter:  billNo: 8bafba12953b429db86aee8584730c79 | startTime:2015-05-22 08:37:22

2015-05-22T08:37:22Z
Array
(
    [MODE] => U
    [FRMT] => XML
    [VERS] => 0630
    [MERC] => 680000
    [SESS] => 8672e3899deb4b70b0648f052b3a4194
    [TRAN] => 30YM0KR4B4PG
    [AUTH] => D
    [MACK] => Y
)


2015-05-22T08:37:23Z
ResponseParameter:  billNo: 8bafba12953b429db86aee8584730c79 | endTime:2015-05-22 08:37:23

2015-05-22T08:37:23Z
<?xml version="1.0" encoding="UTF-8"?>
<RESPONSE>
  <VERS>0630</VERS>
  <MODE>U</MODE>
  <TRAN>30YM0KR4B4PG</TRAN>
  <MERC>680000</MERC>
  <SESS>8672e3899deb4b70b0648f052b3a4194</SESS>
  <RULES_TRIGGERED>0</RULES_TRIGGERED>
  <COUNTERS_TRIGGERED>0</COUNTERS_TRIGGERED>
  <REASON_CODE></REASON_CODE>
  <MASTERCARD></MASTERCARD>
  <WARNING_COUNT>0</WARNING_COUNT>
</RESPONSE>

2015-05-22T08:51:41Z
RequestParameter:  billNo: f9d0cfbd8490422495a91a2a1091d839 | startTime:2015-05-22 08:51:41

2015-05-22T08:51:41Z
Array
(
    [MODE] => U
    [FRMT] => XML
    [VERS] => 0630
    [MERC] => 680000
    [SESS] => f9d0cfbd8490422495a91a2a1091d839
    [TRAN] => 30YM02WHZZYM
    [AUTH] => D
    [MACK] => Y
)


2015-05-22T08:51:42Z
ResponseParameter:  billNo: f9d0cfbd8490422495a91a2a1091d839 | endTime:2015-05-22 08:51:42

2015-05-22T08:51:42Z
<?xml version="1.0" encoding="UTF-8"?>
<RESPONSE>
  <VERS>0630</VERS>
  <MODE>U</MODE>
  <TRAN>30YM02WHZZYM</TRAN>
  <MERC>680000</MERC>
  <SESS>f9d0cfbd8490422495a91a2a1091d839</SESS>
  <RULES_TRIGGERED>0</RULES_TRIGGERED>
  <COUNTERS_TRIGGERED>0</COUNTERS_TRIGGERED>
  <REASON_CODE></REASON_CODE>
  <MASTERCARD></MASTERCARD>
  <WARNING_COUNT>0</WARNING_COUNT>
</RESPONSE>

2015-05-22T08:54:24Z
RequestParameter:  billNo: 3d48a92feae749579f435aaa00b368b0 | startTime:2015-05-22 08:54:24

2015-05-22T08:54:24Z
Array
(
    [MODE] => U
    [FRMT] => XML
    [VERS] => 0630
    [MERC] => 680000
    [SESS] => 3d48a92feae749579f435aaa00b368b0
    [TRAN] => 30YM0R4HV27D
    [AUTH] => D
    [MACK] => Y
)


2015-05-22T08:54:25Z
ResponseParameter:  billNo: 3d48a92feae749579f435aaa00b368b0 | endTime:2015-05-22 08:54:25

2015-05-22T08:54:25Z
<?xml version="1.0" encoding="UTF-8"?>
<RESPONSE>
  <VERS>0630</VERS>
  <MODE>U</MODE>
  <TRAN>30YM0R4HV27D</TRAN>
  <MERC>680000</MERC>
  <SESS>3d48a92feae749579f435aaa00b368b0</SESS>
  <RULES_TRIGGERED>0</RULES_TRIGGERED>
  <COUNTERS_TRIGGERED>0</COUNTERS_TRIGGERED>
  <REASON_CODE></REASON_CODE>
  <MASTERCARD></MASTERCARD>
  <WARNING_COUNT>0</WARNING_COUNT>
</RESPONSE>

2015-05-22T08:56:08Z
RequestParameter:  billNo: 0a9b0e0c9d0a4d358ec413fe7609d570 | startTime:2015-05-22 08:56:08

2015-05-22T08:56:08Z
Array
(
    [MODE] => U
    [FRMT] => XML
    [VERS] => 0630
    [MERC] => 680000
    [SESS] => 0a9b0e0c9d0a4d358ec413fe7609d570
    [TRAN] => 30YM005WTTDQ
    [AUTH] => D
    [MACK] => Y
)


2015-05-22T08:56:09Z
ResponseParameter:  billNo: 0a9b0e0c9d0a4d358ec413fe7609d570 | endTime:2015-05-22 08:56:09

2015-05-22T08:56:09Z
<?xml version="1.0" encoding="UTF-8"?>
<RESPONSE>
  <VERS>0630</VERS>
  <MODE>U</MODE>
  <TRAN>30YM005WTTDQ</TRAN>
  <MERC>680000</MERC>
  <SESS>0a9b0e0c9d0a4d358ec413fe7609d570</SESS>
  <RULES_TRIGGERED>0</RULES_TRIGGERED>
  <COUNTERS_TRIGGERED>0</COUNTERS_TRIGGERED>
  <REASON_CODE></REASON_CODE>
  <MASTERCARD></MASTERCARD>
  <WARNING_COUNT>0</WARNING_COUNT>
</RESPONSE>

2015-05-22T08:58:36Z
RequestParameter:  billNo: 933c3701197d4cc8a54f166ba93fcf9b | startTime:2015-05-22 08:58:36

2015-05-22T08:58:36Z
Array
(
    [MODE] => U
    [FRMT] => XML
    [VERS] => 0630
    [MERC] => 680000
    [SESS] => 933c3701197d4cc8a54f166ba93fcf9b
    [TRAN] => 30YM0BZPKBTL
    [AUTH] => D
    [MACK] => Y
)


2015-05-22T08:58:37Z
ResponseParameter:  billNo: 933c3701197d4cc8a54f166ba93fcf9b | endTime:2015-05-22 08:58:37

2015-05-22T08:58:37Z
<?xml version="1.0" encoding="UTF-8"?>
<RESPONSE>
  <VERS>0630</VERS>
  <MODE>U</MODE>
  <TRAN>30YM0BZPKBTL</TRAN>
  <MERC>680000</MERC>
  <SESS>933c3701197d4cc8a54f166ba93fcf9b</SESS>
  <RULES_TRIGGERED>0</RULES_TRIGGERED>
  <COUNTERS_TRIGGERED>0</COUNTERS_TRIGGERED>
  <REASON_CODE></REASON_CODE>
  <MASTERCARD></MASTERCARD>
  <WARNING_COUNT>0</WARNING_COUNT>
</RESPONSE>

2015-05-22T08:59:20Z
RequestParameter:  billNo: 1432285167-772 | startTime:2015-05-22 08:59:20

2015-05-22T08:59:20Z
Array
(
    [MODE] => U
    [FRMT] => XML
    [VERS] => 0630
    [MERC] => 680000
    [SESS] => 1432285167-772
    [TRAN] => 30YM0WWRZK0V
    [AUTH] => D
    [MACK] => Y
)


2015-05-22T08:59:21Z
ResponseParameter:  billNo: 1432285167-772 | endTime:2015-05-22 08:59:21

2015-05-22T08:59:21Z
<?xml version="1.0" encoding="UTF-8"?>
<RESPONSE>
  <VERS>0630</VERS>
  <MODE>U</MODE>
  <TRAN>30YM0WWRZK0V</TRAN>
  <MERC>680000</MERC>
  <SESS>1432285167-772</SESS>
  <RULES_TRIGGERED>0</RULES_TRIGGERED>
  <COUNTERS_TRIGGERED>0</COUNTERS_TRIGGERED>
  <REASON_CODE></REASON_CODE>
  <MASTERCARD></MASTERCARD>
  <WARNING_COUNT>0</WARNING_COUNT>
</RESPONSE>

2015-05-22T08:59:45Z
RequestParameter:  billNo: 1432285192-772 | startTime:2015-05-22 08:59:45

2015-05-22T08:59:45Z
Array
(
    [MODE] => U
    [FRMT] => XML
    [VERS] => 0630
    [MERC] => 680000
    [SESS] => 1432285192-772
    [TRAN] => 30YM0L0YK3Z3
    [AUTH] => D
    [MACK] => Y
)


2015-05-22T08:59:46Z
ResponseParameter:  billNo: 1432285192-772 | endTime:2015-05-22 08:59:46

2015-05-22T08:59:46Z
<?xml version="1.0" encoding="UTF-8"?>
<RESPONSE>
  <VERS>0630</VERS>
  <MODE>U</MODE>
  <TRAN>30YM0L0YK3Z3</TRAN>
  <MERC>680000</MERC>
  <SESS>1432285192-772</SESS>
  <RULES_TRIGGERED>0</RULES_TRIGGERED>
  <COUNTERS_TRIGGERED>0</COUNTERS_TRIGGERED>
  <REASON_CODE></REASON_CODE>
  <MASTERCARD></MASTERCARD>
  <WARNING_COUNT>0</WARNING_COUNT>
</RESPONSE>

2015-05-22T09:00:10Z
RequestParameter:  billNo: 1432285217-772 | startTime:2015-05-22 09:00:10

2015-05-22T09:00:10Z
Array
(
    [MODE] => U
    [FRMT] => XML
    [VERS] => 0630
    [MERC] => 680000
    [SESS] => 1432285217-772
    [TRAN] => 30YG0W95BQJ2
    [AUTH] => D
    [MACK] => Y
)


2015-05-22T09:00:11Z
ResponseParameter:  billNo: 1432285217-772 | endTime:2015-05-22 09:00:11

2015-05-22T09:00:11Z
<?xml version="1.0" encoding="UTF-8"?>
<RESPONSE>
  <VERS>0630</VERS>
  <MODE>U</MODE>
  <TRAN>30YG0W95BQJ2</TRAN>
  <MERC>680000</MERC>
  <SESS>1432285217-772</SESS>
  <RULES_TRIGGERED>0</RULES_TRIGGERED>
  <COUNTERS_TRIGGERED>0</COUNTERS_TRIGGERED>
  <REASON_CODE></REASON_CODE>
  <MASTERCARD></MASTERCARD>
  <WARNING_COUNT>0</WARNING_COUNT>
</RESPONSE>

2015-05-22T09:00:41Z
RequestParameter:  billNo: 1432285247-772 | startTime:2015-05-22 09:00:41

2015-05-22T09:00:41Z
Array
(
    [MODE] => U
    [FRMT] => XML
    [VERS] => 0630
    [MERC] => 680000
    [SESS] => 1432285247-772
    [TRAN] => 30YG0L70X7B0
    [AUTH] => D
    [MACK] => Y
)


2015-05-22T09:00:41Z
ResponseParameter:  billNo: 1432285247-772 | endTime:2015-05-22 09:00:41

2015-05-22T09:00:41Z
<?xml version="1.0" encoding="UTF-8"?>
<RESPONSE>
  <VERS>0630</VERS>
  <MODE>U</MODE>
  <TRAN>30YG0L70X7B0</TRAN>
  <MERC>680000</MERC>
  <SESS>1432285247-772</SESS>
  <RULES_TRIGGERED>0</RULES_TRIGGERED>
  <COUNTERS_TRIGGERED>0</COUNTERS_TRIGGERED>
  <REASON_CODE></REASON_CODE>
  <MASTERCARD></MASTERCARD>
  <WARNING_COUNT>0</WARNING_COUNT>
</RESPONSE>

2015-05-22T09:01:05Z
RequestParameter:  billNo: 1432285271-772 | startTime:2015-05-22 09:01:05

2015-05-22T09:01:05Z
Array
(
    [MODE] => U
    [FRMT] => XML
    [VERS] => 0630
    [MERC] => 680000
    [SESS] => 1432285271-772
    [TRAN] => 30YG0R7N4QJH
    [AUTH] => D
    [MACK] => Y
)


2015-05-22T09:01:06Z
ResponseParameter:  billNo: 1432285271-772 | endTime:2015-05-22 09:01:06

2015-05-22T09:01:06Z
<?xml version="1.0" encoding="UTF-8"?>
<RESPONSE>
  <VERS>0630</VERS>
  <MODE>U</MODE>
  <TRAN>30YG0R7N4QJH</TRAN>
  <MERC>680000</MERC>
  <SESS>1432285271-772</SESS>
  <RULES_TRIGGERED>0</RULES_TRIGGERED>
  <COUNTERS_TRIGGERED>0</COUNTERS_TRIGGERED>
  <REASON_CODE></REASON_CODE>
  <MASTERCARD></MASTERCARD>
  <WARNING_COUNT>0</WARNING_COUNT>
</RESPONSE>

2015-05-22T09:02:03Z
RequestParameter:  billNo: 5pwVW1432285320 | startTime:2015-05-22 09:02:03

2015-05-22T09:02:03Z
Array
(
    [MODE] => U
    [FRMT] => XML
    [VERS] => 0630
    [MERC] => 680000
    [SESS] => 5pwVW1432285320
    [TRAN] => 30YG0MTYC82H
    [AUTH] => D
    [MACK] => Y
)


2015-05-22T09:02:04Z
ResponseParameter:  billNo: 5pwVW1432285320 | endTime:2015-05-22 09:02:04

2015-05-22T09:02:04Z
<?xml version="1.0" encoding="UTF-8"?>
<RESPONSE>
  <VERS>0630</VERS>
  <MODE>U</MODE>
  <TRAN>30YG0MTYC82H</TRAN>
  <MERC>680000</MERC>
  <SESS>5pwVW1432285320</SESS>
  <RULES_TRIGGERED>0</RULES_TRIGGERED>
  <COUNTERS_TRIGGERED>0</COUNTERS_TRIGGERED>
  <REASON_CODE></REASON_CODE>
  <MASTERCARD></MASTERCARD>
  <WARNING_COUNT>0</WARNING_COUNT>
</RESPONSE>

2015-05-22T09:06:14Z
RequestParameter:  billNo: IkEem1432285566 | startTime:2015-05-22 09:06:14

2015-05-22T09:06:14Z
Array
(
    [MODE] => U
    [FRMT] => XML
    [VERS] => 0630
    [MERC] => 680000
    [SESS] => IkEem1432285566
    [TRAN] => 30YG00TCYSJ8
    [AUTH] => D
    [MACK] => Y
)


2015-05-22T09:06:14Z
ResponseParameter:  billNo: IkEem1432285566 | endTime:2015-05-22 09:06:14

2015-05-22T09:06:14Z
<?xml version="1.0" encoding="UTF-8"?>
<RESPONSE>
  <VERS>0630</VERS>
  <MODE>U</MODE>
  <TRAN>30YG00TCYSJ8</TRAN>
  <MERC>680000</MERC>
  <SESS>IkEem1432285566</SESS>
  <RULES_TRIGGERED>0</RULES_TRIGGERED>
  <COUNTERS_TRIGGERED>0</COUNTERS_TRIGGERED>
  <REASON_CODE></REASON_CODE>
  <MASTERCARD></MASTERCARD>
  <WARNING_COUNT>0</WARNING_COUNT>
</RESPONSE>

2015-05-22T09:07:21Z
RequestParameter:  billNo: e4kqJ1432285636 | startTime:2015-05-22 09:07:21

2015-05-22T09:07:21Z
Array
(
    [MODE] => U
    [FRMT] => XML
    [VERS] => 0630
    [MERC] => 680000
    [SESS] => e4kqJ1432285636
    [TRAN] => 30YG0GQHWZKX
    [AUTH] => D
    [MACK] => Y
)


2015-05-22T09:07:22Z
ResponseParameter:  billNo: e4kqJ1432285636 | endTime:2015-05-22 09:07:22

2015-05-22T09:07:22Z
<?xml version="1.0" encoding="UTF-8"?>
<RESPONSE>
  <VERS>0630</VERS>
  <MODE>U</MODE>
  <TRAN>30YG0GQHWZKX</TRAN>
  <MERC>680000</MERC>
  <SESS>e4kqJ1432285636</SESS>
  <RULES_TRIGGERED>0</RULES_TRIGGERED>
  <COUNTERS_TRIGGERED>0</COUNTERS_TRIGGERED>
  <REASON_CODE></REASON_CODE>
  <MASTERCARD></MASTERCARD>
  <WARNING_COUNT>0</WARNING_COUNT>
</RESPONSE>

2015-05-22T09:08:50Z
RequestParameter:  billNo: 439f44bb10164e2b9104c15dc175c26a | startTime:2015-05-22 09:08:50

2015-05-22T09:08:50Z
Array
(
    [MODE] => U
    [FRMT] => XML
    [VERS] => 0630
    [MERC] => 680000
    [SESS] => 439f44bb10164e2b9104c15dc175c26a
    [TRAN] => 30YG08RBZKNJ
    [AUTH] => D
    [MACK] => Y
)


2015-05-22T09:08:51Z
ResponseParameter:  billNo: 439f44bb10164e2b9104c15dc175c26a | endTime:2015-05-22 09:08:51

2015-05-22T09:08:51Z
<?xml version="1.0" encoding="UTF-8"?>
<RESPONSE>
  <VERS>0630</VERS>
  <MODE>U</MODE>
  <TRAN>30YG08RBZKNJ</TRAN>
  <MERC>680000</MERC>
  <SESS>439f44bb10164e2b9104c15dc175c26a</SESS>
  <RULES_TRIGGERED>0</RULES_TRIGGERED>
  <COUNTERS_TRIGGERED>0</COUNTERS_TRIGGERED>
  <REASON_CODE></REASON_CODE>
  <MASTERCARD></MASTERCARD>
  <WARNING_COUNT>0</WARNING_COUNT>
</RESPONSE>

2015-05-22T09:09:30Z
RequestParameter:  billNo: Qxi2p1432285765 | startTime:2015-05-22 09:09:30

2015-05-22T09:09:30Z
Array
(
    [MODE] => U
    [FRMT] => XML
    [VERS] => 0630
    [MERC] => 680000
    [SESS] => Qxi2p1432285765
    [TRAN] => 30YG0X7JKS4P
    [AUTH] => D
    [MACK] => Y
)


2015-05-22T09:09:30Z
ResponseParameter:  billNo: Qxi2p1432285765 | endTime:2015-05-22 09:09:30

2015-05-22T09:09:30Z
<?xml version="1.0" encoding="UTF-8"?>
<RESPONSE>
  <VERS>0630</VERS>
  <MODE>U</MODE>
  <TRAN>30YG0X7JKS4P</TRAN>
  <MERC>680000</MERC>
  <SESS>Qxi2p1432285765</SESS>
  <RULES_TRIGGERED>0</RULES_TRIGGERED>
  <COUNTERS_TRIGGERED>0</COUNTERS_TRIGGERED>
  <REASON_CODE></REASON_CODE>
  <MASTERCARD></MASTERCARD>
  <WARNING_COUNT>0</WARNING_COUNT>
</RESPONSE>

2015-05-22T09:10:44Z
RequestParameter:  billNo: ed141798cb244b54a64b67d2205002e4 | startTime:2015-05-22 09:10:44

2015-05-22T09:10:44Z
Array
(
    [MODE] => U
    [FRMT] => XML
    [VERS] => 0630
    [MERC] => 680000
    [SESS] => c56d19c2e07646c9a65da051ab1ba037
    [TRAN] => 30YG0081K7QV
    [AUTH] => D
    [MACK] => Y
)


2015-05-22T09:10:45Z
ResponseParameter:  billNo: ed141798cb244b54a64b67d2205002e4 | endTime:2015-05-22 09:10:45

2015-05-22T09:10:45Z
<?xml version="1.0" encoding="UTF-8"?>
<RESPONSE>
  <VERS>0630</VERS>
  <MODE>U</MODE>
  <TRAN>30YG0081K7QV</TRAN>
  <MERC>680000</MERC>
  <SESS>c56d19c2e07646c9a65da051ab1ba037</SESS>
  <RULES_TRIGGERED>0</RULES_TRIGGERED>
  <COUNTERS_TRIGGERED>0</COUNTERS_TRIGGERED>
  <REASON_CODE></REASON_CODE>
  <MASTERCARD></MASTERCARD>
  <WARNING_COUNT>0</WARNING_COUNT>
</RESPONSE>

2015-05-22T09:11:05Z
RequestParameter:  billNo: 06109fae00684b07ba8cb3262d25f7cc | startTime:2015-05-22 09:11:05

2015-05-22T09:11:05Z
Array
(
    [MODE] => U
    [FRMT] => XML
    [VERS] => 0630
    [MERC] => 680000
    [SESS] => 3c605163dc7b4a96b194831e8346b668
    [TRAN] => 30YG03NRZ3PP
    [AUTH] => D
    [MACK] => Y
)


2015-05-22T09:11:06Z
ResponseParameter:  billNo: 06109fae00684b07ba8cb3262d25f7cc | endTime:2015-05-22 09:11:06

2015-05-22T09:11:06Z
<?xml version="1.0" encoding="UTF-8"?>
<RESPONSE>
  <VERS>0630</VERS>
  <MODE>U</MODE>
  <TRAN>30YG03NRZ3PP</TRAN>
  <MERC>680000</MERC>
  <SESS>3c605163dc7b4a96b194831e8346b668</SESS>
  <RULES_TRIGGERED>0</RULES_TRIGGERED>
  <COUNTERS_TRIGGERED>0</COUNTERS_TRIGGERED>
  <REASON_CODE></REASON_CODE>
  <MASTERCARD></MASTERCARD>
  <WARNING_COUNT>0</WARNING_COUNT>
</RESPONSE>

2015-05-22T09:18:39Z
RequestParameter:  billNo: e3c2d9cf7a784a36bca54943c0195c58 | startTime:2015-05-22 09:18:39

2015-05-22T09:18:39Z
Array
(
    [MODE] => U
    [FRMT] => XML
    [VERS] => 0630
    [MERC] => 680000
    [SESS] => e3c2d9cf7a784a36bca54943c0195c58
    [TRAN] => 30YG07DP1KRX
    [AUTH] => D
    [MACK] => Y
)


2015-05-22T09:18:40Z
ResponseParameter:  billNo: e3c2d9cf7a784a36bca54943c0195c58 | endTime:2015-05-22 09:18:40

2015-05-22T09:18:40Z
<?xml version="1.0" encoding="UTF-8"?>
<RESPONSE>
  <VERS>0630</VERS>
  <MODE>U</MODE>
  <TRAN>30YG07DP1KRX</TRAN>
  <MERC>680000</MERC>
  <SESS>e3c2d9cf7a784a36bca54943c0195c58</SESS>
  <RULES_TRIGGERED>0</RULES_TRIGGERED>
  <COUNTERS_TRIGGERED>0</COUNTERS_TRIGGERED>
  <REASON_CODE></REASON_CODE>
  <MASTERCARD></MASTERCARD>
  <WARNING_COUNT>0</WARNING_COUNT>
</RESPONSE>

2015-05-22T09:19:38Z
RequestParameter:  billNo: 00453aeaa53343c3a448111c8c3f8933 | startTime:2015-05-22 09:19:38

2015-05-22T09:19:38Z
Array
(
    [MODE] => U
    [FRMT] => XML
    [VERS] => 0630
    [MERC] => 680000
    [SESS] => af36d4997b96443ab3ccc971681e6548
    [TRAN] => 30YG017WRY4J
    [AUTH] => D
    [MACK] => Y
)


2015-05-22T09:19:39Z
ResponseParameter:  billNo: 00453aeaa53343c3a448111c8c3f8933 | endTime:2015-05-22 09:19:39

2015-05-22T09:19:39Z
<?xml version="1.0" encoding="UTF-8"?>
<RESPONSE>
  <VERS>0630</VERS>
  <MODE>U</MODE>
  <TRAN>30YG017WRY4J</TRAN>
  <MERC>680000</MERC>
  <SESS>af36d4997b96443ab3ccc971681e6548</SESS>
  <RULES_TRIGGERED>0</RULES_TRIGGERED>
  <COUNTERS_TRIGGERED>0</COUNTERS_TRIGGERED>
  <REASON_CODE></REASON_CODE>
  <MASTERCARD></MASTERCARD>
  <WARNING_COUNT>0</WARNING_COUNT>
</RESPONSE>

2015-05-22T09:19:53Z
RequestParameter:  billNo: a3e2e19e61a2489598ed0387842b9426 | startTime:2015-05-22 09:19:53

2015-05-22T09:19:53Z
Array
(
    [MODE] => U
    [FRMT] => XML
    [VERS] => 0630
    [MERC] => 680000
    [SESS] => 2dba93acd86946eba73d7244907b4e40
    [TRAN] => 30YG059S0HCY
    [AUTH] => D
    [MACK] => Y
)


2015-05-22T09:19:54Z
ResponseParameter:  billNo: a3e2e19e61a2489598ed0387842b9426 | endTime:2015-05-22 09:19:54

2015-05-22T09:19:54Z
<?xml version="1.0" encoding="UTF-8"?>
<RESPONSE>
  <VERS>0630</VERS>
  <MODE>U</MODE>
  <TRAN>30YG059S0HCY</TRAN>
  <MERC>680000</MERC>
  <SESS>2dba93acd86946eba73d7244907b4e40</SESS>
  <RULES_TRIGGERED>0</RULES_TRIGGERED>
  <COUNTERS_TRIGGERED>0</COUNTERS_TRIGGERED>
  <REASON_CODE></REASON_CODE>
  <MASTERCARD></MASTERCARD>
  <WARNING_COUNT>0</WARNING_COUNT>
</RESPONSE>

2015-05-22T09:21:07Z
RequestParameter:  billNo: 92b13ced4e724ed5a784949be47507f3 | startTime:2015-05-22 09:21:07

2015-05-22T09:21:07Z
Array
(
    [MODE] => U
    [FRMT] => XML
    [VERS] => 0630
    [MERC] => 680000
    [SESS] => 3a2f503ea96a40e087a3f31a58504d0f
    [TRAN] => 30YG0ZG9LMC5
    [AUTH] => D
    [MACK] => Y
)


2015-05-22T09:21:08Z
ResponseParameter:  billNo: 92b13ced4e724ed5a784949be47507f3 | endTime:2015-05-22 09:21:08

2015-05-22T09:21:08Z
<?xml version="1.0" encoding="UTF-8"?>
<RESPONSE>
  <VERS>0630</VERS>
  <MODE>U</MODE>
  <TRAN>30YG0ZG9LMC5</TRAN>
  <MERC>680000</MERC>
  <SESS>3a2f503ea96a40e087a3f31a58504d0f</SESS>
  <RULES_TRIGGERED>0</RULES_TRIGGERED>
  <COUNTERS_TRIGGERED>0</COUNTERS_TRIGGERED>
  <REASON_CODE></REASON_CODE>
  <MASTERCARD></MASTERCARD>
  <WARNING_COUNT>0</WARNING_COUNT>
</RESPONSE>

2015-05-22T09:35:13Z
RequestParameter:  billNo: cOa5D1432287307 | startTime:2015-05-22 09:35:13

2015-05-22T09:35:13Z
Array
(
    [MODE] => U
    [FRMT] => XML
    [VERS] => 0630
    [MERC] => 680000
    [SESS] => cOa5D1432287307
    [TRAN] => 30YG0K613YB5
    [AUTH] => D
    [MACK] => Y
)


2015-05-22T09:35:15Z
ResponseParameter:  billNo: cOa5D1432287307 | endTime:2015-05-22 09:35:15

2015-05-22T09:35:15Z
<?xml version="1.0" encoding="UTF-8"?>
<RESPONSE>
  <VERS>0630</VERS>
  <MODE>U</MODE>
  <TRAN>30YG0K613YB5</TRAN>
  <MERC>680000</MERC>
  <SESS>cOa5D1432287307</SESS>
  <RULES_TRIGGERED>0</RULES_TRIGGERED>
  <COUNTERS_TRIGGERED>0</COUNTERS_TRIGGERED>
  <REASON_CODE></REASON_CODE>
  <MASTERCARD></MASTERCARD>
  <WARNING_COUNT>0</WARNING_COUNT>
</RESPONSE>

2015-05-22T09:38:07Z
RequestParameter:  billNo: bc1691252b074447a0760423366b9b83 | startTime:2015-05-22 09:38:07

2015-05-22T09:38:07Z
Array
(
    [MODE] => U
    [FRMT] => XML
    [VERS] => 0630
    [MERC] => 680000
    [SESS] => bc1691252b074447a0760423366b9b83
    [TRAN] => 30YG0GPKYSR6
    [AUTH] => D
    [MACK] => Y
)


2015-05-22T09:38:08Z
ResponseParameter:  billNo: bc1691252b074447a0760423366b9b83 | endTime:2015-05-22 09:38:08

2015-05-22T09:38:08Z
<?xml version="1.0" encoding="UTF-8"?>
<RESPONSE>
  <VERS>0630</VERS>
  <MODE>U</MODE>
  <TRAN>30YG0GPKYSR6</TRAN>
  <MERC>680000</MERC>
  <SESS>bc1691252b074447a0760423366b9b83</SESS>
  <RULES_TRIGGERED>0</RULES_TRIGGERED>
  <COUNTERS_TRIGGERED>0</COUNTERS_TRIGGERED>
  <REASON_CODE></REASON_CODE>
  <MASTERCARD></MASTERCARD>
  <WARNING_COUNT>0</WARNING_COUNT>
</RESPONSE>

2015-05-22T09:41:25Z
RequestParameter:  billNo: fe4b89bfe457418880d6662d60d79c18 | startTime:2015-05-22 09:41:25

2015-05-22T09:41:25Z
Array
(
    [MODE] => U
    [FRMT] => XML
    [VERS] => 0630
    [MERC] => 680000
    [SESS] => fe4b89bfe457418880d6662d60d79c18
    [TRAN] => 30YG0H39H5W3
    [AUTH] => D
    [MACK] => Y
)


2015-05-22T09:41:27Z
ResponseParameter:  billNo: fe4b89bfe457418880d6662d60d79c18 | endTime:2015-05-22 09:41:27

2015-05-22T09:41:27Z
<?xml version="1.0" encoding="UTF-8"?>
<RESPONSE>
  <VERS>0630</VERS>
  <MODE>U</MODE>
  <TRAN>30YG0H39H5W3</TRAN>
  <MERC>680000</MERC>
  <SESS>fe4b89bfe457418880d6662d60d79c18</SESS>
  <RULES_TRIGGERED>0</RULES_TRIGGERED>
  <COUNTERS_TRIGGERED>0</COUNTERS_TRIGGERED>
  <REASON_CODE></REASON_CODE>
  <MASTERCARD></MASTERCARD>
  <WARNING_COUNT>0</WARNING_COUNT>
</RESPONSE>

2015-05-22T09:44:56Z
RequestParameter:  billNo: 46bacb3dc7f44eb38ed857bfe9d9c7b0 | startTime:2015-05-22 09:44:56

2015-05-22T09:44:56Z
Array
(
    [MODE] => U
    [FRMT] => XML
    [VERS] => 0630
    [MERC] => 680000
    [SESS] => 46bacb3dc7f44eb38ed857bfe9d9c7b0
    [TRAN] => 30YG0VYZY35J
    [AUTH] => D
    [MACK] => Y
)


2015-05-22T09:44:57Z
ResponseParameter:  billNo: 46bacb3dc7f44eb38ed857bfe9d9c7b0 | endTime:2015-05-22 09:44:57

2015-05-22T09:44:57Z
<?xml version="1.0" encoding="UTF-8"?>
<RESPONSE>
  <VERS>0630</VERS>
  <MODE>U</MODE>
  <TRAN>30YG0VYZY35J</TRAN>
  <MERC>680000</MERC>
  <SESS>46bacb3dc7f44eb38ed857bfe9d9c7b0</SESS>
  <RULES_TRIGGERED>0</RULES_TRIGGERED>
  <COUNTERS_TRIGGERED>0</COUNTERS_TRIGGERED>
  <REASON_CODE></REASON_CODE>
  <MASTERCARD></MASTERCARD>
  <WARNING_COUNT>0</WARNING_COUNT>
</RESPONSE>

2015-05-22T09:47:38Z
RequestParameter:  billNo: qmvQk1432288054 | startTime:2015-05-22 09:47:38

2015-05-22T09:47:38Z
Array
(
    [MODE] => U
    [FRMT] => XML
    [VERS] => 0630
    [MERC] => 680000
    [SESS] => qmvQk1432288054
    [TRAN] => 30YG0TT0P2HJ
    [AUTH] => D
    [MACK] => Y
)


2015-05-22T09:47:39Z
ResponseParameter:  billNo: qmvQk1432288054 | endTime:2015-05-22 09:47:39

2015-05-22T09:47:39Z
<?xml version="1.0" encoding="UTF-8"?>
<RESPONSE>
  <VERS>0630</VERS>
  <MODE>U</MODE>
  <TRAN>30YG0TT0P2HJ</TRAN>
  <MERC>680000</MERC>
  <SESS>qmvQk1432288054</SESS>
  <RULES_TRIGGERED>0</RULES_TRIGGERED>
  <COUNTERS_TRIGGERED>0</COUNTERS_TRIGGERED>
  <REASON_CODE></REASON_CODE>
  <MASTERCARD></MASTERCARD>
  <WARNING_COUNT>0</WARNING_COUNT>
</RESPONSE>

2015-05-22T09:48:01Z
RequestParameter:  billNo: ZwvOT1432288076 | startTime:2015-05-22 09:48:01

2015-05-22T09:48:01Z
Array
(
    [MODE] => U
    [FRMT] => XML
    [VERS] => 0630
    [MERC] => 680000
    [SESS] => ZwvOT1432288076
    [TRAN] => 30YG0K2N4V1S
    [AUTH] => D
    [MACK] => Y
)


2015-05-22T09:48:06Z
ResponseParameter:  billNo: ZwvOT1432288076 | endTime:2015-05-22 09:48:06

2015-05-22T09:48:06Z
<?xml version="1.0" encoding="UTF-8"?>
<RESPONSE>
  <VERS>0630</VERS>
  <MODE>U</MODE>
  <TRAN>30YG0K2N4V1S</TRAN>
  <MERC>680000</MERC>
  <SESS>ZwvOT1432288076</SESS>
  <RULES_TRIGGERED>0</RULES_TRIGGERED>
  <COUNTERS_TRIGGERED>0</COUNTERS_TRIGGERED>
  <REASON_CODE></REASON_CODE>
  <MASTERCARD></MASTERCARD>
  <WARNING_COUNT>0</WARNING_COUNT>
</RESPONSE>

2015-05-22T09:58:00Z
RequestParameter:  billNo: 193b4a0ebf2d48769cd1bbac596cf8f5 | startTime:2015-05-22 09:58:00

2015-05-22T09:58:00Z
Array
(
    [MODE] => U
    [FRMT] => XML
    [VERS] => 0630
    [MERC] => 680000
    [SESS] => 193b4a0ebf2d48769cd1bbac596cf8f5
    [TRAN] => 30YG0CX1HHJ7
    [AUTH] => D
    [MACK] => Y
)


2015-05-22T09:58:01Z
ResponseParameter:  billNo: 193b4a0ebf2d48769cd1bbac596cf8f5 | endTime:2015-05-22 09:58:01

2015-05-22T09:58:01Z
<?xml version="1.0" encoding="UTF-8"?>
<RESPONSE>
  <VERS>0630</VERS>
  <MODE>U</MODE>
  <TRAN>30YG0CX1HHJ7</TRAN>
  <MERC>680000</MERC>
  <SESS>193b4a0ebf2d48769cd1bbac596cf8f5</SESS>
  <RULES_TRIGGERED>0</RULES_TRIGGERED>
  <COUNTERS_TRIGGERED>0</COUNTERS_TRIGGERED>
  <REASON_CODE></REASON_CODE>
  <MASTERCARD></MASTERCARD>
  <WARNING_COUNT>0</WARNING_COUNT>
</RESPONSE>

2015-05-22T10:00:36Z
RequestParameter:  billNo: 3bb06182f5a44f42adeb6512a3df827a | startTime:2015-05-22 10:00:36

2015-05-22T10:00:36Z
Array
(
    [MODE] => U
    [FRMT] => XML
    [VERS] => 0630
    [MERC] => 680000
    [SESS] => 3bb06182f5a44f42adeb6512a3df827a
    [TRAN] => 30YX0B2T64T7
    [AUTH] => D
    [MACK] => Y
)


2015-05-22T10:00:37Z
ResponseParameter:  billNo: 3bb06182f5a44f42adeb6512a3df827a | endTime:2015-05-22 10:00:37

2015-05-22T10:00:37Z
<?xml version="1.0" encoding="UTF-8"?>
<RESPONSE>
  <VERS>0630</VERS>
  <MODE>U</MODE>
  <TRAN>30YX0B2T64T7</TRAN>
  <MERC>680000</MERC>
  <SESS>3bb06182f5a44f42adeb6512a3df827a</SESS>
  <RULES_TRIGGERED>0</RULES_TRIGGERED>
  <COUNTERS_TRIGGERED>0</COUNTERS_TRIGGERED>
  <REASON_CODE></REASON_CODE>
  <MASTERCARD></MASTERCARD>
  <WARNING_COUNT>0</WARNING_COUNT>
</RESPONSE>

2015-05-22T10:06:31Z
RequestParameter:  billNo: a51b33059b5c464e801a7d7bc3df666a | startTime:2015-05-22 10:06:31

2015-05-22T10:06:31Z
Array
(
    [MODE] => U
    [FRMT] => XML
    [VERS] => 0630
    [MERC] => 680000
    [SESS] => a51b33059b5c464e801a7d7bc3df666a
    [TRAN] => 30YX0KMKDP9D
    [AUTH] => D
    [MACK] => Y
)


2015-05-22T10:06:32Z
ResponseParameter:  billNo: a51b33059b5c464e801a7d7bc3df666a | endTime:2015-05-22 10:06:32

2015-05-22T10:06:32Z
<?xml version="1.0" encoding="UTF-8"?>
<RESPONSE>
  <VERS>0630</VERS>
  <MODE>U</MODE>
  <TRAN>30YX0KMKDP9D</TRAN>
  <MERC>680000</MERC>
  <SESS>a51b33059b5c464e801a7d7bc3df666a</SESS>
  <RULES_TRIGGERED>0</RULES_TRIGGERED>
  <COUNTERS_TRIGGERED>0</COUNTERS_TRIGGERED>
  <REASON_CODE></REASON_CODE>
  <MASTERCARD></MASTERCARD>
  <WARNING_COUNT>0</WARNING_COUNT>
</RESPONSE>

2015-05-22T10:07:03Z
RequestParameter:  billNo: be658cc774a34473bc3a18526c63161a | startTime:2015-05-22 10:07:03

2015-05-22T10:07:03Z
Array
(
    [MODE] => U
    [FRMT] => XML
    [VERS] => 0630
    [MERC] => 680000
    [SESS] => be658cc774a34473bc3a18526c63161a
    [TRAN] => 30YX0XLG8MTG
    [AUTH] => D
    [MACK] => Y
)


2015-05-22T10:07:04Z
ResponseParameter:  billNo: be658cc774a34473bc3a18526c63161a | endTime:2015-05-22 10:07:04

2015-05-22T10:07:04Z
<?xml version="1.0" encoding="UTF-8"?>
<RESPONSE>
  <VERS>0630</VERS>
  <MODE>U</MODE>
  <TRAN>30YX0XLG8MTG</TRAN>
  <MERC>680000</MERC>
  <SESS>be658cc774a34473bc3a18526c63161a</SESS>
  <RULES_TRIGGERED>0</RULES_TRIGGERED>
  <COUNTERS_TRIGGERED>0</COUNTERS_TRIGGERED>
  <REASON_CODE></REASON_CODE>
  <MASTERCARD></MASTERCARD>
  <WARNING_COUNT>0</WARNING_COUNT>
</RESPONSE>

2015-05-22T10:14:42Z
RequestParameter:  billNo: bill635678862318634907 | startTime:2015-05-22 10:14:42

2015-05-22T10:14:42Z
Array
(
    [MODE] => U
    [FRMT] => XML
    [VERS] => 0630
    [MERC] => 680000
    [SESS] => sess635678862318634907
    [TRAN] => 30YX0Q075H4V
    [AUTH] => D
    [MACK] => Y
)


2015-05-22T10:14:43Z
ResponseParameter:  billNo: bill635678862318634907 | endTime:2015-05-22 10:14:43

2015-05-22T10:14:43Z
<?xml version="1.0" encoding="UTF-8"?>
<RESPONSE>
  <VERS>0630</VERS>
  <MODE>U</MODE>
  <TRAN>30YX0Q075H4V</TRAN>
  <MERC>680000</MERC>
  <SESS>sess635678862318634907</SESS>
  <RULES_TRIGGERED>0</RULES_TRIGGERED>
  <COUNTERS_TRIGGERED>0</COUNTERS_TRIGGERED>
  <REASON_CODE></REASON_CODE>
  <MASTERCARD></MASTERCARD>
  <WARNING_COUNT>0</WARNING_COUNT>
</RESPONSE>

2015-05-22T10:14:44Z
RequestParameter:  billNo: 1432289691-5018 | startTime:2015-05-22 10:14:44

2015-05-22T10:14:44Z
Array
(
    [MODE] => U
    [FRMT] => XML
    [VERS] => 0630
    [MERC] => 680000
    [SESS] => 1432289691-5018
    [TRAN] => 30YX03ZNQK1H
    [AUTH] => D
    [MACK] => Y
)


2015-05-22T10:14:45Z
ResponseParameter:  billNo: 1432289691-5018 | endTime:2015-05-22 10:14:45

2015-05-22T10:14:45Z
<?xml version="1.0" encoding="UTF-8"?>
<RESPONSE>
  <VERS>0630</VERS>
  <MODE>U</MODE>
  <TRAN>30YX03ZNQK1H</TRAN>
  <MERC>680000</MERC>
  <SESS>1432289691-5018</SESS>
  <RULES_TRIGGERED>0</RULES_TRIGGERED>
  <COUNTERS_TRIGGERED>0</COUNTERS_TRIGGERED>
  <REASON_CODE></REASON_CODE>
  <MASTERCARD></MASTERCARD>
  <WARNING_COUNT>0</WARNING_COUNT>
</RESPONSE>

2015-05-22T10:15:03Z
RequestParameter:  billNo: 1432289709-5018 | startTime:2015-05-22 10:15:03

2015-05-22T10:15:03Z
Array
(
    [MODE] => U
    [FRMT] => XML
    [VERS] => 0630
    [MERC] => 680000
    [SESS] => 1432289709-5018
    [TRAN] => 30YX01C6KMDY
    [AUTH] => D
    [MACK] => Y
)


2015-05-22T10:15:04Z
ResponseParameter:  billNo: 1432289709-5018 | endTime:2015-05-22 10:15:04

2015-05-22T10:15:04Z
<?xml version="1.0" encoding="UTF-8"?>
<RESPONSE>
  <VERS>0630</VERS>
  <MODE>U</MODE>
  <TRAN>30YX01C6KMDY</TRAN>
  <MERC>680000</MERC>
  <SESS>1432289709-5018</SESS>
  <RULES_TRIGGERED>0</RULES_TRIGGERED>
  <COUNTERS_TRIGGERED>0</COUNTERS_TRIGGERED>
  <REASON_CODE></REASON_CODE>
  <MASTERCARD></MASTERCARD>
  <WARNING_COUNT>0</WARNING_COUNT>
</RESPONSE>

2015-05-22T10:16:23Z
RequestParameter:  billNo: bill635678863273806213 | startTime:2015-05-22 10:16:23

2015-05-22T10:16:23Z
Array
(
    [MODE] => U
    [FRMT] => XML
    [VERS] => 0630
    [MERC] => 680000
    [SESS] => sess635678863273806213
    [TRAN] => 30YX0KDY84G4
    [AUTH] => D
    [MACK] => Y
)


2015-05-22T10:16:24Z
ResponseParameter:  billNo: bill635678863273806213 | endTime:2015-05-22 10:16:24

2015-05-22T10:16:24Z
<?xml version="1.0" encoding="UTF-8"?>
<RESPONSE>
  <VERS>0630</VERS>
  <MODE>U</MODE>
  <TRAN>30YX0KDY84G4</TRAN>
  <MERC>680000</MERC>
  <SESS>sess635678863273806213</SESS>
  <RULES_TRIGGERED>0</RULES_TRIGGERED>
  <COUNTERS_TRIGGERED>0</COUNTERS_TRIGGERED>
  <REASON_CODE></REASON_CODE>
  <MASTERCARD></MASTERCARD>
  <WARNING_COUNT>0</WARNING_COUNT>
</RESPONSE>

2015-05-22T10:16:37Z
RequestParameter:  billNo: a5ecd9e28eab423fb12a1b07b9e31320 | startTime:2015-05-22 10:16:37

2015-05-22T10:16:37Z
Array
(
    [MODE] => U
    [FRMT] => XML
    [VERS] => 0630
    [MERC] => 680000
    [SESS] => a5ecd9e28eab423fb12a1b07b9e31320
    [TRAN] => 30YX0KX3XR2Y
    [AUTH] => D
    [MACK] => Y
)


2015-05-22T10:16:37Z
ResponseParameter:  billNo: a5ecd9e28eab423fb12a1b07b9e31320 | endTime:2015-05-22 10:16:37

2015-05-22T10:16:37Z
<?xml version="1.0" encoding="UTF-8"?>
<RESPONSE>
  <VERS>0630</VERS>
  <MODE>U</MODE>
  <TRAN>30YX0KX3XR2Y</TRAN>
  <MERC>680000</MERC>
  <SESS>a5ecd9e28eab423fb12a1b07b9e31320</SESS>
  <RULES_TRIGGERED>0</RULES_TRIGGERED>
  <COUNTERS_TRIGGERED>0</COUNTERS_TRIGGERED>
  <REASON_CODE></REASON_CODE>
  <MASTERCARD></MASTERCARD>
  <WARNING_COUNT>0</WARNING_COUNT>
</RESPONSE>

2015-05-22T10:25:32Z
RequestParameter:  billNo: bill635678867942441380 | startTime:2015-05-22 10:25:32

2015-05-22T10:25:32Z
Array
(
    [MODE] => U
    [FRMT] => XML
    [VERS] => 0630
    [MERC] => 680000
    [SESS] => sess635678867942441380
    [TRAN] => 30YX07W2VLCW
    [AUTH] => D
    [MACK] => Y
)


2015-05-22T10:25:33Z
ResponseParameter:  billNo: bill635678867942441380 | endTime:2015-05-22 10:25:33

2015-05-22T10:25:33Z
<?xml version="1.0" encoding="UTF-8"?>
<RESPONSE>
  <VERS>0630</VERS>
  <MODE>U</MODE>
  <TRAN>30YX07W2VLCW</TRAN>
  <MERC>680000</MERC>
  <SESS>sess635678867942441380</SESS>
  <RULES_TRIGGERED>0</RULES_TRIGGERED>
  <COUNTERS_TRIGGERED>0</COUNTERS_TRIGGERED>
  <REASON_CODE></REASON_CODE>
  <MASTERCARD></MASTERCARD>
  <WARNING_COUNT>0</WARNING_COUNT>
</RESPONSE>

2015-05-22T10:26:56Z
RequestParameter:  billNo: ALXYs1432290411 | startTime:2015-05-22 10:26:56

2015-05-22T10:26:56Z
Array
(
    [MODE] => U
    [FRMT] => XML
    [VERS] => 0630
    [MERC] => 680000
    [SESS] => ALXYs1432290411
    [TRAN] => 30YX0PN6TWBY
    [AUTH] => D
    [MACK] => Y
)


2015-05-22T10:26:57Z
ResponseParameter:  billNo: ALXYs1432290411 | endTime:2015-05-22 10:26:57

2015-05-22T10:26:57Z
<?xml version="1.0" encoding="UTF-8"?>
<RESPONSE>
  <VERS>0630</VERS>
  <MODE>U</MODE>
  <TRAN>30YX0PN6TWBY</TRAN>
  <MERC>680000</MERC>
  <SESS>ALXYs1432290411</SESS>
  <RULES_TRIGGERED>0</RULES_TRIGGERED>
  <COUNTERS_TRIGGERED>0</COUNTERS_TRIGGERED>
  <REASON_CODE></REASON_CODE>
  <MASTERCARD></MASTERCARD>
  <WARNING_COUNT>0</WARNING_COUNT>
</RESPONSE>

2015-05-22T10:27:03Z
RequestParameter:  billNo: bill635678869794440701 | startTime:2015-05-22 10:27:03

2015-05-22T10:27:03Z
Array
(
    [MODE] => U
    [FRMT] => XML
    [VERS] => 0630
    [MERC] => 680000
    [SESS] => sess635678869794440701
    [TRAN] => 30YX0498K6MQ
    [AUTH] => D
    [MACK] => Y
)


2015-05-22T10:27:04Z
ResponseParameter:  billNo: bill635678869794440701 | endTime:2015-05-22 10:27:04

2015-05-22T10:27:04Z
<?xml version="1.0" encoding="UTF-8"?>
<RESPONSE>
  <VERS>0630</VERS>
  <MODE>U</MODE>
  <TRAN>30YX0498K6MQ</TRAN>
  <MERC>680000</MERC>
  <SESS>sess635678869794440701</SESS>
  <RULES_TRIGGERED>0</RULES_TRIGGERED>
  <COUNTERS_TRIGGERED>0</COUNTERS_TRIGGERED>
  <REASON_CODE></REASON_CODE>
  <MASTERCARD></MASTERCARD>
  <WARNING_COUNT>0</WARNING_COUNT>
</RESPONSE>

2015-05-22T10:30:43Z
RequestParameter:  billNo: f7OWL1432290638 | startTime:2015-05-22 10:30:43

2015-05-22T10:30:43Z
Array
(
    [MODE] => U
    [FRMT] => XML
    [VERS] => 0630
    [MERC] => 680000
    [SESS] => f7OWL1432290638
    [TRAN] => 30YX03R0T4MK
    [AUTH] => D
    [MACK] => Y
)


2015-05-22T10:30:44Z
ResponseParameter:  billNo: f7OWL1432290638 | endTime:2015-05-22 10:30:44

2015-05-22T10:30:44Z
<?xml version="1.0" encoding="UTF-8"?>
<RESPONSE>
  <VERS>0630</VERS>
  <MODE>U</MODE>
  <TRAN>30YX03R0T4MK</TRAN>
  <MERC>680000</MERC>
  <SESS>f7OWL1432290638</SESS>
  <RULES_TRIGGERED>0</RULES_TRIGGERED>
  <COUNTERS_TRIGGERED>0</COUNTERS_TRIGGERED>
  <REASON_CODE></REASON_CODE>
  <MASTERCARD></MASTERCARD>
  <WARNING_COUNT>0</WARNING_COUNT>
</RESPONSE>

2015-05-22T10:31:22Z
RequestParameter:  billNo: bill635678872410424956 | startTime:2015-05-22 10:31:22

2015-05-22T10:31:22Z
Array
(
    [MODE] => U
    [FRMT] => XML
    [VERS] => 0630
    [MERC] => 680000
    [SESS] => sess635678872410424956
    [TRAN] => 30YX0J9Z44CJ
    [AUTH] => D
    [MACK] => Y
)


2015-05-22T10:31:23Z
ResponseParameter:  billNo: bill635678872410424956 | endTime:2015-05-22 10:31:23

2015-05-22T10:31:23Z
<?xml version="1.0" encoding="UTF-8"?>
<RESPONSE>
  <VERS>0630</VERS>
  <MODE>U</MODE>
  <TRAN>30YX0J9Z44CJ</TRAN>
  <MERC>680000</MERC>
  <SESS>sess635678872410424956</SESS>
  <RULES_TRIGGERED>0</RULES_TRIGGERED>
  <COUNTERS_TRIGGERED>0</COUNTERS_TRIGGERED>
  <REASON_CODE></REASON_CODE>
  <MASTERCARD></MASTERCARD>
  <WARNING_COUNT>0</WARNING_COUNT>
</RESPONSE>

2015-05-22T10:33:04Z
RequestParameter:  billNo: f76250d864c94f0d96435f9342aeac0e | startTime:2015-05-22 10:33:04

2015-05-22T10:33:04Z
Array
(
    [MODE] => U
    [FRMT] => XML
    [VERS] => 0630
    [MERC] => 680000
    [SESS] => f76250d864c94f0d96435f9342aeac0e
    [TRAN] => 30YX0LJH0CX7
    [AUTH] => D
    [MACK] => Y
)


2015-05-22T10:33:05Z
ResponseParameter:  billNo: f76250d864c94f0d96435f9342aeac0e | endTime:2015-05-22 10:33:05

2015-05-22T10:33:05Z
<?xml version="1.0" encoding="UTF-8"?>
<RESPONSE>
  <VERS>0630</VERS>
  <MODE>U</MODE>
  <TRAN>30YX0LJH0CX7</TRAN>
  <MERC>680000</MERC>
  <SESS>f76250d864c94f0d96435f9342aeac0e</SESS>
  <RULES_TRIGGERED>0</RULES_TRIGGERED>
  <COUNTERS_TRIGGERED>0</COUNTERS_TRIGGERED>
  <REASON_CODE></REASON_CODE>
  <MASTERCARD></MASTERCARD>
  <WARNING_COUNT>0</WARNING_COUNT>
</RESPONSE>

2015-05-22T10:33:27Z
RequestParameter:  billNo: e682b6090ed342bb9ff06056780da431 | startTime:2015-05-22 10:33:27

2015-05-22T10:33:27Z
Array
(
    [MODE] => U
    [FRMT] => XML
    [VERS] => 0630
    [MERC] => 680000
    [SESS] => e682b6090ed342bb9ff06056780da431
    [TRAN] => 30YX0JKSD8DH
    [AUTH] => D
    [MACK] => Y
)


2015-05-22T10:33:28Z
ResponseParameter:  billNo: e682b6090ed342bb9ff06056780da431 | endTime:2015-05-22 10:33:28

2015-05-22T10:33:28Z
<?xml version="1.0" encoding="UTF-8"?>
<RESPONSE>
  <VERS>0630</VERS>
  <MODE>U</MODE>
  <TRAN>30YX0JKSD8DH</TRAN>
  <MERC>680000</MERC>
  <SESS>e682b6090ed342bb9ff06056780da431</SESS>
  <RULES_TRIGGERED>0</RULES_TRIGGERED>
  <COUNTERS_TRIGGERED>0</COUNTERS_TRIGGERED>
  <REASON_CODE></REASON_CODE>
  <MASTERCARD></MASTERCARD>
  <WARNING_COUNT>0</WARNING_COUNT>
</RESPONSE>

2015-05-22T10:38:27Z
RequestParameter:  billNo: d239dbdc932f4346a1dda72ab11f0379 | startTime:2015-05-22 10:38:27

2015-05-22T10:38:27Z
Array
(
    [MODE] => U
    [FRMT] => XML
    [VERS] => 0630
    [MERC] => 680000
    [SESS] => d239dbdc932f4346a1dda72ab11f0379
    [TRAN] => 30YX0MZZ00P0
    [AUTH] => D
    [MACK] => Y
)


2015-05-22T10:38:28Z
ResponseParameter:  billNo: d239dbdc932f4346a1dda72ab11f0379 | endTime:2015-05-22 10:38:28

2015-05-22T10:38:28Z
<?xml version="1.0" encoding="UTF-8"?>
<RESPONSE>
  <VERS>0630</VERS>
  <MODE>U</MODE>
  <TRAN>30YX0MZZ00P0</TRAN>
  <MERC>680000</MERC>
  <SESS>d239dbdc932f4346a1dda72ab11f0379</SESS>
  <RULES_TRIGGERED>0</RULES_TRIGGERED>
  <COUNTERS_TRIGGERED>0</COUNTERS_TRIGGERED>
  <REASON_CODE></REASON_CODE>
  <MASTERCARD></MASTERCARD>
  <WARNING_COUNT>0</WARNING_COUNT>
</RESPONSE>

2015-05-22T10:44:08Z
RequestParameter:  billNo: 89e4ce580a2640178e6314222ad6e050 | startTime:2015-05-22 10:44:08

2015-05-22T10:44:08Z
Array
(
    [MODE] => U
    [FRMT] => XML
    [VERS] => 0630
    [MERC] => 680000
    [SESS] => 89e4ce580a2640178e6314222ad6e050
    [TRAN] => 30YX051QX6BM
    [AUTH] => D
    [MACK] => Y
)


2015-05-22T10:44:09Z
ResponseParameter:  billNo: 89e4ce580a2640178e6314222ad6e050 | endTime:2015-05-22 10:44:09

2015-05-22T10:44:09Z
<?xml version="1.0" encoding="UTF-8"?>
<RESPONSE>
  <VERS>0630</VERS>
  <MODE>U</MODE>
  <TRAN>30YX051QX6BM</TRAN>
  <MERC>680000</MERC>
  <SESS>89e4ce580a2640178e6314222ad6e050</SESS>
  <RULES_TRIGGERED>0</RULES_TRIGGERED>
  <COUNTERS_TRIGGERED>0</COUNTERS_TRIGGERED>
  <REASON_CODE></REASON_CODE>
  <MASTERCARD></MASTERCARD>
  <WARNING_COUNT>0</WARNING_COUNT>
</RESPONSE>

2015-05-22T10:45:27Z
RequestParameter:  billNo: f22114d7429b4781aba836ccf304d253 | startTime:2015-05-22 10:45:27

2015-05-22T10:45:27Z
Array
(
    [MODE] => U
    [FRMT] => XML
    [VERS] => 0630
    [MERC] => 680000
    [SESS] => f22114d7429b4781aba836ccf304d253
    [TRAN] => 30YX0XHKDBQ0
    [AUTH] => D
    [MACK] => Y
)


2015-05-22T10:45:28Z
ResponseParameter:  billNo: f22114d7429b4781aba836ccf304d253 | endTime:2015-05-22 10:45:28

2015-05-22T10:45:28Z
<?xml version="1.0" encoding="UTF-8"?>
<RESPONSE>
  <VERS>0630</VERS>
  <MODE>U</MODE>
  <TRAN>30YX0XHKDBQ0</TRAN>
  <MERC>680000</MERC>
  <SESS>f22114d7429b4781aba836ccf304d253</SESS>
  <RULES_TRIGGERED>0</RULES_TRIGGERED>
  <COUNTERS_TRIGGERED>0</COUNTERS_TRIGGERED>
  <REASON_CODE></REASON_CODE>
  <MASTERCARD></MASTERCARD>
  <WARNING_COUNT>0</WARNING_COUNT>
</RESPONSE>

2015-05-22T10:46:41Z
RequestParameter:  billNo: 5b79b6a964bd472c940bcaef9022ea83 | startTime:2015-05-22 10:46:41

2015-05-22T10:46:41Z
Array
(
    [MODE] => U
    [FRMT] => XML
    [VERS] => 0630
    [MERC] => 680000
    [SESS] => 5b79b6a964bd472c940bcaef9022ea83
    [TRAN] => 30YX0SGW14W6
    [AUTH] => D
    [MACK] => Y
)


2015-05-22T10:46:42Z
ResponseParameter:  billNo: 5b79b6a964bd472c940bcaef9022ea83 | endTime:2015-05-22 10:46:42

2015-05-22T10:46:42Z
<?xml version="1.0" encoding="UTF-8"?>
<RESPONSE>
  <VERS>0630</VERS>
  <MODE>U</MODE>
  <TRAN>30YX0SGW14W6</TRAN>
  <MERC>680000</MERC>
  <SESS>5b79b6a964bd472c940bcaef9022ea83</SESS>
  <RULES_TRIGGERED>0</RULES_TRIGGERED>
  <COUNTERS_TRIGGERED>0</COUNTERS_TRIGGERED>
  <REASON_CODE></REASON_CODE>
  <MASTERCARD></MASTERCARD>
  <WARNING_COUNT>0</WARNING_COUNT>
</RESPONSE>

2015-05-22T10:46:59Z
RequestParameter:  billNo: cf3a3a2885da49f6897336ad5819ffd2 | startTime:2015-05-22 10:46:59

2015-05-22T10:46:59Z
Array
(
    [MODE] => U
    [FRMT] => XML
    [VERS] => 0630
    [MERC] => 680000
    [SESS] => cf3a3a2885da49f6897336ad5819ffd2
    [TRAN] => 30YX0K39H4N5
    [AUTH] => D
    [MACK] => Y
)


2015-05-22T10:47:00Z
ResponseParameter:  billNo: cf3a3a2885da49f6897336ad5819ffd2 | endTime:2015-05-22 10:47:00

2015-05-22T10:47:00Z
<?xml version="1.0" encoding="UTF-8"?>
<RESPONSE>
  <VERS>0630</VERS>
  <MODE>U</MODE>
  <TRAN>30YX0K39H4N5</TRAN>
  <MERC>680000</MERC>
  <SESS>cf3a3a2885da49f6897336ad5819ffd2</SESS>
  <RULES_TRIGGERED>0</RULES_TRIGGERED>
  <COUNTERS_TRIGGERED>0</COUNTERS_TRIGGERED>
  <REASON_CODE></REASON_CODE>
  <MASTERCARD></MASTERCARD>
  <WARNING_COUNT>0</WARNING_COUNT>
</RESPONSE>

2015-05-22T10:50:37Z
RequestParameter:  billNo: ca8f5e1dc60d4e36bc1656316318e34a | startTime:2015-05-22 10:50:37

2015-05-22T10:50:37Z
Array
(
    [MODE] => U
    [FRMT] => XML
    [VERS] => 0630
    [MERC] => 680000
    [SESS] => ca8f5e1dc60d4e36bc1656316318e34a
    [TRAN] => 30YX0QZQMKLM
    [AUTH] => D
    [MACK] => Y
)


2015-05-22T10:50:38Z
ResponseParameter:  billNo: ca8f5e1dc60d4e36bc1656316318e34a | endTime:2015-05-22 10:50:38

2015-05-22T10:50:38Z
<?xml version="1.0" encoding="UTF-8"?>
<RESPONSE>
  <VERS>0630</VERS>
  <MODE>U</MODE>
  <TRAN>30YX0QZQMKLM</TRAN>
  <MERC>680000</MERC>
  <SESS>ca8f5e1dc60d4e36bc1656316318e34a</SESS>
  <RULES_TRIGGERED>0</RULES_TRIGGERED>
  <COUNTERS_TRIGGERED>0</COUNTERS_TRIGGERED>
  <REASON_CODE></REASON_CODE>
  <MASTERCARD></MASTERCARD>
  <WARNING_COUNT>0</WARNING_COUNT>
</RESPONSE>

2015-05-22T10:53:36Z
RequestParameter:  billNo: 0b0025f9c5214ed6adc6ad763a9b02d2 | startTime:2015-05-22 10:53:36

2015-05-22T10:53:36Z
Array
(
    [MODE] => U
    [FRMT] => XML
    [VERS] => 0630
    [MERC] => 680000
    [SESS] => 0b0025f9c5214ed6adc6ad763a9b02d2
    [TRAN] => 30YX0BKKYM90
    [AUTH] => D
    [MACK] => Y
)


2015-05-22T10:53:37Z
ResponseParameter:  billNo: 0b0025f9c5214ed6adc6ad763a9b02d2 | endTime:2015-05-22 10:53:37

2015-05-22T10:53:37Z
<?xml version="1.0" encoding="UTF-8"?>
<RESPONSE>
  <VERS>0630</VERS>
  <MODE>U</MODE>
  <TRAN>30YX0BKKYM90</TRAN>
  <MERC>680000</MERC>
  <SESS>0b0025f9c5214ed6adc6ad763a9b02d2</SESS>
  <RULES_TRIGGERED>0</RULES_TRIGGERED>
  <COUNTERS_TRIGGERED>0</COUNTERS_TRIGGERED>
  <REASON_CODE></REASON_CODE>
  <MASTERCARD></MASTERCARD>
  <WARNING_COUNT>0</WARNING_COUNT>
</RESPONSE>

2015-05-22T11:07:59Z
RequestParameter:  billNo: 81df067200cf4cec8792f90504b507c6 | startTime:2015-05-22 11:07:59

2015-05-22T11:07:59Z
Array
(
    [MODE] => U
    [FRMT] => XML
    [VERS] => 0630
    [MERC] => 680000
    [SESS] => 81df067200cf4cec8792f90504b507c6
    [TRAN] => 30Y90P4B42RL
    [AUTH] => D
    [MACK] => Y
)


2015-05-22T11:07:59Z
ResponseParameter:  billNo: 81df067200cf4cec8792f90504b507c6 | endTime:2015-05-22 11:07:59

2015-05-22T11:07:59Z
<?xml version="1.0" encoding="UTF-8"?>
<RESPONSE>
  <VERS>0630</VERS>
  <MODE>U</MODE>
  <TRAN>30Y90P4B42RL</TRAN>
  <MERC>680000</MERC>
  <SESS>81df067200cf4cec8792f90504b507c6</SESS>
  <RULES_TRIGGERED>0</RULES_TRIGGERED>
  <COUNTERS_TRIGGERED>0</COUNTERS_TRIGGERED>
  <REASON_CODE></REASON_CODE>
  <MASTERCARD></MASTERCARD>
  <WARNING_COUNT>0</WARNING_COUNT>
</RESPONSE>

2015-05-22T11:15:13Z
RequestParameter:  billNo: ysCqa1432293307 | startTime:2015-05-22 11:15:13

2015-05-22T11:15:13Z
Array
(
    [MODE] => U
    [FRMT] => XML
    [VERS] => 0630
    [MERC] => 680000
    [SESS] => ysCqa1432293307
    [TRAN] => 30Y90JYYMJR7
    [AUTH] => D
    [MACK] => Y
)


2015-05-22T11:15:14Z
ResponseParameter:  billNo: ysCqa1432293307 | endTime:2015-05-22 11:15:14

2015-05-22T11:15:14Z
<?xml version="1.0" encoding="UTF-8"?>
<RESPONSE>
  <VERS>0630</VERS>
  <MODE>U</MODE>
  <TRAN>30Y90JYYMJR7</TRAN>
  <MERC>680000</MERC>
  <SESS>ysCqa1432293307</SESS>
  <RULES_TRIGGERED>0</RULES_TRIGGERED>
  <COUNTERS_TRIGGERED>0</COUNTERS_TRIGGERED>
  <REASON_CODE></REASON_CODE>
  <MASTERCARD></MASTERCARD>
  <WARNING_COUNT>0</WARNING_COUNT>
</RESPONSE>

2015-05-22T11:16:10Z
RequestParameter:  billNo: 99d759ba6d6f4bd8aea47e2f29bcb9e9 | startTime:2015-05-22 11:16:10

2015-05-22T11:16:10Z
Array
(
    [MODE] => U
    [FRMT] => XML
    [VERS] => 0630
    [MERC] => 680000
    [SESS] => 99d759ba6d6f4bd8aea47e2f29bcb9e9
    [TRAN] => 30Y90N61XD5T
    [AUTH] => D
    [MACK] => Y
)


2015-05-22T11:16:11Z
ResponseParameter:  billNo: 99d759ba6d6f4bd8aea47e2f29bcb9e9 | endTime:2015-05-22 11:16:11

2015-05-22T11:16:11Z
<?xml version="1.0" encoding="UTF-8"?>
<RESPONSE>
  <VERS>0630</VERS>
  <MODE>U</MODE>
  <TRAN>30Y90N61XD5T</TRAN>
  <MERC>680000</MERC>
  <SESS>99d759ba6d6f4bd8aea47e2f29bcb9e9</SESS>
  <RULES_TRIGGERED>0</RULES_TRIGGERED>
  <COUNTERS_TRIGGERED>0</COUNTERS_TRIGGERED>
  <REASON_CODE></REASON_CODE>
  <MASTERCARD></MASTERCARD>
  <WARNING_COUNT>0</WARNING_COUNT>
</RESPONSE>

2015-05-22T11:17:43Z
RequestParameter:  billNo: 9a9a74ef28594a9f9b1f14eeb122f3a9 | startTime:2015-05-22 11:17:43

2015-05-22T11:17:43Z
Array
(
    [MODE] => U
    [FRMT] => XML
    [VERS] => 0630
    [MERC] => 680000
    [SESS] => 9a9a74ef28594a9f9b1f14eeb122f3a9
    [TRAN] => 30Y901BZ6JQY
    [AUTH] => D
    [MACK] => Y
)


2015-05-22T11:17:44Z
ResponseParameter:  billNo: 9a9a74ef28594a9f9b1f14eeb122f3a9 | endTime:2015-05-22 11:17:44

2015-05-22T11:17:44Z
<?xml version="1.0" encoding="UTF-8"?>
<RESPONSE>
  <VERS>0630</VERS>
  <MODE>U</MODE>
  <TRAN>30Y901BZ6JQY</TRAN>
  <MERC>680000</MERC>
  <SESS>9a9a74ef28594a9f9b1f14eeb122f3a9</SESS>
  <RULES_TRIGGERED>0</RULES_TRIGGERED>
  <COUNTERS_TRIGGERED>0</COUNTERS_TRIGGERED>
  <REASON_CODE></REASON_CODE>
  <MASTERCARD></MASTERCARD>
  <WARNING_COUNT>0</WARNING_COUNT>
</RESPONSE>

2015-05-22T11:43:36Z
RequestParameter:  billNo: 3d36ed9cd4f344ed8146397662ec5ec2 | startTime:2015-05-22 11:43:36

2015-05-22T11:43:36Z
Array
(
    [MODE] => U
    [FRMT] => XML
    [VERS] => 0630
    [MERC] => 680000
    [SESS] => 3d36ed9cd4f344ed8146397662ec5ec2
    [TRAN] => 30YG00DXKG4K
    [AUTH] => 
    [MACK] => Y
    [RFCB] => R
)


2015-05-22T11:43:37Z
ResponseParameter:  billNo: 3d36ed9cd4f344ed8146397662ec5ec2 | endTime:2015-05-22 11:43:37

2015-05-22T11:43:37Z
<?xml version="1.0" encoding="UTF-8"?>
<RESPONSE>
  <VERS>0630</VERS>
  <MODE>U</MODE>
  <TRAN>30YG00DXKG4K</TRAN>
  <MERC>680000</MERC>
  <SESS>3d36ed9cd4f344ed8146397662ec5ec2</SESS>
  <RULES_TRIGGERED>0</RULES_TRIGGERED>
  <COUNTERS_TRIGGERED>0</COUNTERS_TRIGGERED>
  <REASON_CODE></REASON_CODE>
  <MASTERCARD></MASTERCARD>
  <WARNING_COUNT>0</WARNING_COUNT>
</RESPONSE>

2015-05-22T13:03:14Z
RequestParameter:  billNo: kIjno1432299786 | startTime:2015-05-22 13:03:14

2015-05-22T13:03:14Z
Array
(
    [MODE] => U
    [FRMT] => XML
    [VERS] => 0630
    [MERC] => 680000
    [SESS] => kIjno1432299786
    [TRAN] => 30Y505ZCW5BR
    [AUTH] => D
    [MACK] => Y
)


2015-05-22T13:03:14Z
ResponseParameter:  billNo: kIjno1432299786 | endTime:2015-05-22 13:03:14

2015-05-22T13:03:14Z
<?xml version="1.0" encoding="UTF-8"?>
<RESPONSE>
  <VERS>0630</VERS>
  <MODE>U</MODE>
  <TRAN>30Y505ZCW5BR</TRAN>
  <MERC>680000</MERC>
  <SESS>kIjno1432299786</SESS>
  <RULES_TRIGGERED>0</RULES_TRIGGERED>
  <COUNTERS_TRIGGERED>0</COUNTERS_TRIGGERED>
  <REASON_CODE></REASON_CODE>
  <MASTERCARD></MASTERCARD>
  <WARNING_COUNT>0</WARNING_COUNT>
</RESPONSE>

