2015-06-05T03:52:11Z
RequestParameter:  billNo: p4C8J1433476325 | startTime:2015-06-05 03:52:11

2015-06-05T03:52:11Z
Array
(
    [MODE] => U
    [FRMT] => XML
    [VERS] => 0630
    [MERC] => 680000
    [SESS] => p4C8J1433476325
    [TRAN] => 3CKP0KKWLZ7M
    [AUTH] => D
    [MACK] => Y
)


2015-06-05T03:52:12Z
ResponseParameter:  billNo: p4C8J1433476325 | endTime:2015-06-05 03:52:12

2015-06-05T03:52:12Z
<?xml version="1.0" encoding="UTF-8"?>
<RESPONSE>
  <VERS>0630</VERS>
  <MODE>U</MODE>
  <TRAN>3CKP0KKWLZ7M</TRAN>
  <MERC>680000</MERC>
  <SESS>p4C8J1433476325</SESS>
  <RULES_TRIGGERED>0</RULES_TRIGGERED>
  <COUNTERS_TRIGGERED>0</COUNTERS_TRIGGERED>
  <REASON_CODE></REASON_CODE>
  <MASTERCARD></MASTERCARD>
  <WARNING_COUNT>0</WARNING_COUNT>
</RESPONSE>

2015-06-05T04:00:15Z
RequestParameter:  billNo: fLZm51433476810 | startTime:2015-06-05 04:00:15

2015-06-05T04:00:15Z
Array
(
    [MODE] => U
    [FRMT] => XML
    [VERS] => 0630
    [MERC] => 680000
    [SESS] => fLZm51433476810
    [TRAN] => 3CK707V8KBXC
    [AUTH] => D
    [MACK] => Y
)


2015-06-05T04:00:17Z
ResponseParameter:  billNo: fLZm51433476810 | endTime:2015-06-05 04:00:17

2015-06-05T04:00:17Z
<?xml version="1.0" encoding="UTF-8"?>
<RESPONSE>
  <VERS>0630</VERS>
  <MODE>U</MODE>
  <TRAN>3CK707V8KBXC</TRAN>
  <MERC>680000</MERC>
  <SESS>fLZm51433476810</SESS>
  <RULES_TRIGGERED>0</RULES_TRIGGERED>
  <COUNTERS_TRIGGERED>0</COUNTERS_TRIGGERED>
  <REASON_CODE></REASON_CODE>
  <MASTERCARD></MASTERCARD>
  <WARNING_COUNT>0</WARNING_COUNT>
</RESPONSE>

2015-06-05T04:03:15Z
RequestParameter:  billNo: 48m3F1433476370 | startTime:2015-06-05 04:03:15

2015-06-05T04:03:15Z
Array
(
    [MODE] => U
    [FRMT] => XML
    [VERS] => 0630
    [MERC] => 680000
    [SESS] => 48m3F1433476370
    [TRAN] => 3CKP0V51YCBB
    [AUTH] => 
    [MACK] => Y
    [RFCB] => R
)


2015-06-05T04:03:16Z
ResponseParameter:  billNo: 48m3F1433476370 | endTime:2015-06-05 04:03:16

2015-06-05T04:03:16Z
<?xml version="1.0" encoding="UTF-8"?>
<RESPONSE>
  <VERS>0630</VERS>
  <MODE>U</MODE>
  <TRAN>3CKP0V51YCBB</TRAN>
  <MERC>680000</MERC>
  <SESS>48m3F1433476370</SESS>
  <RULES_TRIGGERED>0</RULES_TRIGGERED>
  <COUNTERS_TRIGGERED>0</COUNTERS_TRIGGERED>
  <REASON_CODE></REASON_CODE>
  <MASTERCARD></MASTERCARD>
  <WARNING_COUNT>0</WARNING_COUNT>
</RESPONSE>

2015-06-05T04:06:34Z
RequestParameter:  billNo: 6OnoM1433477150 | startTime:2015-06-05 04:06:34

2015-06-05T04:06:34Z
Array
(
    [MODE] => U
    [FRMT] => XML
    [VERS] => 0630
    [MERC] => 680000
    [SESS] => 6OnoM1433477150
    [TRAN] => 3CK70S1GZQ0P
    [AUTH] => 
    [MACK] => Y
    [RFCB] => R
)


2015-06-05T04:06:35Z
ResponseParameter:  billNo: 6OnoM1433477150 | endTime:2015-06-05 04:06:35

2015-06-05T04:06:35Z
<?xml version="1.0" encoding="UTF-8"?>
<RESPONSE>
  <VERS>0630</VERS>
  <MODE>U</MODE>
  <TRAN>3CK70S1GZQ0P</TRAN>
  <MERC>680000</MERC>
  <SESS>6OnoM1433477150</SESS>
  <RULES_TRIGGERED>0</RULES_TRIGGERED>
  <COUNTERS_TRIGGERED>0</COUNTERS_TRIGGERED>
  <REASON_CODE></REASON_CODE>
  <MASTERCARD></MASTERCARD>
  <WARNING_COUNT>0</WARNING_COUNT>
</RESPONSE>

2015-06-05T04:10:11Z
RequestParameter:  billNo: AJNKU1433477280 | startTime:2015-06-05 04:10:11

2015-06-05T04:10:11Z
Array
(
    [MODE] => U
    [FRMT] => XML
    [VERS] => 0630
    [MERC] => 680000
    [SESS] => AJNKU1433477280
    [TRAN] => 3CK70JT26SMM
    [AUTH] => 
    [MACK] => Y
    [RFCB] => R
)


2015-06-05T04:10:12Z
ResponseParameter:  billNo: AJNKU1433477280 | endTime:2015-06-05 04:10:12

2015-06-05T04:10:12Z
<?xml version="1.0" encoding="UTF-8"?>
<RESPONSE>
  <VERS>0630</VERS>
  <MODE>U</MODE>
  <TRAN>3CK70JT26SMM</TRAN>
  <MERC>680000</MERC>
  <SESS>AJNKU1433477280</SESS>
  <RULES_TRIGGERED>0</RULES_TRIGGERED>
  <COUNTERS_TRIGGERED>0</COUNTERS_TRIGGERED>
  <REASON_CODE></REASON_CODE>
  <MASTERCARD></MASTERCARD>
  <WARNING_COUNT>0</WARNING_COUNT>
</RESPONSE>

2015-06-05T04:18:49Z
RequestParameter:  billNo: P2kY5S102 | startTime:2015-06-05 04:18:49

2015-06-05T04:18:49Z
Array
(
    [MODE] => U
    [FRMT] => XML
    [VERS] => 0630
    [MERC] => 680000
    [SESS] => tajimb9i7hr4loqg3icq23cen7
    [TRAN] => 3CK70Z65NLQ9
    [AUTH] => D
    [MACK] => Y
)


2015-06-05T04:18:50Z
ResponseParameter:  billNo: P2kY5S102 | endTime:2015-06-05 04:18:50

2015-06-05T04:18:50Z
<?xml version="1.0" encoding="UTF-8"?>
<RESPONSE>
  <VERS>0630</VERS>
  <MODE>U</MODE>
  <TRAN>3CK70Z65NLQ9</TRAN>
  <MERC>680000</MERC>
  <SESS>tajimb9i7hr4loqg3icq23cen7</SESS>
  <RULES_TRIGGERED>0</RULES_TRIGGERED>
  <COUNTERS_TRIGGERED>0</COUNTERS_TRIGGERED>
  <REASON_CODE></REASON_CODE>
  <MASTERCARD></MASTERCARD>
  <WARNING_COUNT>0</WARNING_COUNT>
</RESPONSE>

2015-06-05T04:33:45Z
RequestParameter:  billNo: P2kY5S113 | startTime:2015-06-05 04:33:45

2015-06-05T04:33:45Z
Array
(
    [MODE] => U
    [FRMT] => XML
    [VERS] => 0630
    [MERC] => 680000
    [SESS] => tajimb9i7hr4loqg3icq23cen7
    [TRAN] => 3CK70CLBQ44P
    [AUTH] => D
    [MACK] => Y
)


2015-06-05T04:33:46Z
ResponseParameter:  billNo: P2kY5S113 | endTime:2015-06-05 04:33:46

2015-06-05T04:33:46Z
<?xml version="1.0" encoding="UTF-8"?>
<RESPONSE>
  <VERS>0630</VERS>
  <MODE>U</MODE>
  <TRAN>3CK70CLBQ44P</TRAN>
  <MERC>680000</MERC>
  <SESS>tajimb9i7hr4loqg3icq23cen7</SESS>
  <RULES_TRIGGERED>0</RULES_TRIGGERED>
  <COUNTERS_TRIGGERED>0</COUNTERS_TRIGGERED>
  <REASON_CODE></REASON_CODE>
  <MASTERCARD></MASTERCARD>
  <WARNING_COUNT>0</WARNING_COUNT>
</RESPONSE>

2015-06-05T05:02:18Z
RequestParameter:  billNo: P2kY5S120 | startTime:2015-06-05 05:02:18

2015-06-05T05:02:18Z
Array
(
    [MODE] => U
    [FRMT] => XML
    [VERS] => 0630
    [MERC] => 680000
    [SESS] => tajimb9i7hr4loqg3icq23cen7
    [TRAN] => 3CKD0DJZW84T
    [AUTH] => D
    [MACK] => Y
)


2015-06-05T05:02:19Z
ResponseParameter:  billNo: P2kY5S120 | endTime:2015-06-05 05:02:19

2015-06-05T05:02:19Z
<?xml version="1.0" encoding="UTF-8"?>
<RESPONSE>
  <VERS>0630</VERS>
  <MODE>U</MODE>
  <TRAN>3CKD0DJZW84T</TRAN>
  <MERC>680000</MERC>
  <SESS>tajimb9i7hr4loqg3icq23cen7</SESS>
  <RULES_TRIGGERED>0</RULES_TRIGGERED>
  <COUNTERS_TRIGGERED>0</COUNTERS_TRIGGERED>
  <REASON_CODE></REASON_CODE>
  <MASTERCARD></MASTERCARD>
  <WARNING_COUNT>0</WARNING_COUNT>
</RESPONSE>

2015-06-05T05:05:34Z
RequestParameter:  billNo: P2kY5S121 | startTime:2015-06-05 05:05:34

2015-06-05T05:05:34Z
Array
(
    [MODE] => U
    [FRMT] => XML
    [VERS] => 0630
    [MERC] => 680000
    [SESS] => tajimb9i7hr4loqg3icq23cen7
    [TRAN] => 3CKD0YGSG8QP
    [AUTH] => D
    [MACK] => Y
)


2015-06-05T05:05:35Z
ResponseParameter:  billNo: P2kY5S121 | endTime:2015-06-05 05:05:35

2015-06-05T05:05:35Z
<?xml version="1.0" encoding="UTF-8"?>
<RESPONSE>
  <VERS>0630</VERS>
  <MODE>U</MODE>
  <TRAN>3CKD0YGSG8QP</TRAN>
  <MERC>680000</MERC>
  <SESS>tajimb9i7hr4loqg3icq23cen7</SESS>
  <RULES_TRIGGERED>0</RULES_TRIGGERED>
  <COUNTERS_TRIGGERED>0</COUNTERS_TRIGGERED>
  <REASON_CODE></REASON_CODE>
  <MASTERCARD></MASTERCARD>
  <WARNING_COUNT>0</WARNING_COUNT>
</RESPONSE>

2015-06-05T05:23:02Z
RequestParameter:  billNo: ubJSq1433481545 | startTime:2015-06-05 05:23:02

2015-06-05T05:23:02Z
Array
(
    [MODE] => U
    [FRMT] => XML
    [VERS] => 0630
    [MERC] => 680000
    [SESS] => ubJSq1433481545
    [TRAN] => 3CKD0HQWPBHC
    [AUTH] => 
    [MACK] => Y
    [RFCB] => C
)


2015-06-05T05:23:03Z
ResponseParameter:  billNo: ubJSq1433481545 | endTime:2015-06-05 05:23:03

2015-06-05T05:23:03Z
<?xml version="1.0" encoding="UTF-8"?>
<RESPONSE>
  <VERS>0630</VERS>
  <MODE>U</MODE>
  <TRAN>3CKD0HQWPBHC</TRAN>
  <MERC>680000</MERC>
  <SESS>ubJSq1433481545</SESS>
  <RULES_TRIGGERED>0</RULES_TRIGGERED>
  <COUNTERS_TRIGGERED>0</COUNTERS_TRIGGERED>
  <REASON_CODE></REASON_CODE>
  <MASTERCARD></MASTERCARD>
  <WARNING_COUNT>0</WARNING_COUNT>
</RESPONSE>

2015-06-05T05:31:08Z
RequestParameter:  billNo: elFVa1433482217 | startTime:2015-06-05 05:31:08

2015-06-05T05:31:08Z
Array
(
    [MODE] => U
    [FRMT] => XML
    [VERS] => 0630
    [MERC] => 680000
    [SESS] => elFVa1433482217
    [TRAN] => 3CKD052TNNK1
    [AUTH] => 
    [MACK] => Y
    [RFCB] => C
)


2015-06-05T05:31:09Z
ResponseParameter:  billNo: elFVa1433482217 | endTime:2015-06-05 05:31:09

2015-06-05T05:31:09Z
<?xml version="1.0" encoding="UTF-8"?>
<RESPONSE>
  <VERS>0630</VERS>
  <MODE>U</MODE>
  <TRAN>3CKD052TNNK1</TRAN>
  <MERC>680000</MERC>
  <SESS>elFVa1433482217</SESS>
  <RULES_TRIGGERED>0</RULES_TRIGGERED>
  <COUNTERS_TRIGGERED>0</COUNTERS_TRIGGERED>
  <REASON_CODE></REASON_CODE>
  <MASTERCARD></MASTERCARD>
  <WARNING_COUNT>0</WARNING_COUNT>
</RESPONSE>

2015-06-05T06:59:00Z
RequestParameter:  billNo: 557148accb3b0 | startTime:2015-06-05 06:59:00

2015-06-05T06:59:00Z
Array
(
    [MODE] => U
    [FRMT] => XML
    [VERS] => 0630
    [MERC] => 680000
    [SESS] => 557148accb3b0
    [TRAN] => 3CKK0BRL4NLK
    [AUTH] => D
    [MACK] => Y
)


2015-06-05T06:59:01Z
ResponseParameter:  billNo: 557148accb3b0 | endTime:2015-06-05 06:59:01

2015-06-05T06:59:01Z
<?xml version="1.0" encoding="UTF-8"?>
<RESPONSE>
  <VERS>0630</VERS>
  <MODE>U</MODE>
  <TRAN>3CKK0BRL4NLK</TRAN>
  <MERC>680000</MERC>
  <SESS>557148accb3b0</SESS>
  <RULES_TRIGGERED>0</RULES_TRIGGERED>
  <COUNTERS_TRIGGERED>0</COUNTERS_TRIGGERED>
  <REASON_CODE></REASON_CODE>
  <MASTERCARD></MASTERCARD>
  <WARNING_COUNT>0</WARNING_COUNT>
</RESPONSE>

2015-06-05T06:59:17Z
RequestParameter:  billNo: acb8ea3b61c14c57ab1d62425565cbfb | startTime:2015-06-05 06:59:17

2015-06-05T06:59:17Z
Array
(
    [MODE] => U
    [FRMT] => XML
    [VERS] => 0630
    [MERC] => 680000
    [SESS] => acb8ea3b61c14c57ab1d62425565cbfb
    [TRAN] => 3CKK07DHVLR7
    [AUTH] => D
    [MACK] => Y
)


2015-06-05T06:59:18Z
ResponseParameter:  billNo: acb8ea3b61c14c57ab1d62425565cbfb | endTime:2015-06-05 06:59:18

2015-06-05T06:59:18Z
<?xml version="1.0" encoding="UTF-8"?>
<RESPONSE>
  <VERS>0630</VERS>
  <MODE>U</MODE>
  <TRAN>3CKK07DHVLR7</TRAN>
  <MERC>680000</MERC>
  <SESS>acb8ea3b61c14c57ab1d62425565cbfb</SESS>
  <RULES_TRIGGERED>0</RULES_TRIGGERED>
  <COUNTERS_TRIGGERED>0</COUNTERS_TRIGGERED>
  <REASON_CODE></REASON_CODE>
  <MASTERCARD></MASTERCARD>
  <WARNING_COUNT>0</WARNING_COUNT>
</RESPONSE>

2015-06-05T07:00:53Z
RequestParameter:  billNo: 4adbdc88d8ec4ef98a4230434e7aac99 | startTime:2015-06-05 07:00:53

2015-06-05T07:00:53Z
Array
(
    [MODE] => U
    [FRMT] => XML
    [VERS] => 0630
    [MERC] => 680000
    [SESS] => 4adbdc88d8ec4ef98a4230434e7aac99
    [TRAN] => 3CKK07VCL3RH
    [AUTH] => D
    [MACK] => Y
)


2015-06-05T07:00:54Z
ResponseParameter:  billNo: 4adbdc88d8ec4ef98a4230434e7aac99 | endTime:2015-06-05 07:00:54

2015-06-05T07:00:54Z
<?xml version="1.0" encoding="UTF-8"?>
<RESPONSE>
  <VERS>0630</VERS>
  <MODE>U</MODE>
  <TRAN>3CKK07VCL3RH</TRAN>
  <MERC>680000</MERC>
  <SESS>4adbdc88d8ec4ef98a4230434e7aac99</SESS>
  <RULES_TRIGGERED>0</RULES_TRIGGERED>
  <COUNTERS_TRIGGERED>0</COUNTERS_TRIGGERED>
  <REASON_CODE></REASON_CODE>
  <MASTERCARD></MASTERCARD>
  <WARNING_COUNT>0</WARNING_COUNT>
</RESPONSE>

2015-06-05T07:01:40Z
RequestParameter:  billNo: 5571494e6f6a2 | startTime:2015-06-05 07:01:40

2015-06-05T07:01:40Z
Array
(
    [MODE] => U
    [FRMT] => XML
    [VERS] => 0630
    [MERC] => 680000
    [SESS] => 5571494e6f6a2
    [TRAN] => 3CKK0375DMLP
    [AUTH] => D
    [MACK] => Y
)


2015-06-05T07:01:41Z
ResponseParameter:  billNo: 5571494e6f6a2 | endTime:2015-06-05 07:01:41

2015-06-05T07:01:41Z
<?xml version="1.0" encoding="UTF-8"?>
<RESPONSE>
  <VERS>0630</VERS>
  <MODE>U</MODE>
  <TRAN>3CKK0375DMLP</TRAN>
  <MERC>680000</MERC>
  <SESS>5571494e6f6a2</SESS>
  <RULES_TRIGGERED>0</RULES_TRIGGERED>
  <COUNTERS_TRIGGERED>0</COUNTERS_TRIGGERED>
  <REASON_CODE></REASON_CODE>
  <MASTERCARD></MASTERCARD>
  <WARNING_COUNT>0</WARNING_COUNT>
</RESPONSE>

2015-06-05T07:02:06Z
RequestParameter:  billNo: 032ba1b9b99246f6ac5ce8c3775196ab | startTime:2015-06-05 07:02:06

2015-06-05T07:02:06Z
Array
(
    [MODE] => U
    [FRMT] => XML
    [VERS] => 0630
    [MERC] => 680000
    [SESS] => 032ba1b9b99246f6ac5ce8c3775196ab
    [TRAN] => 3CKK0KVD6CXC
    [AUTH] => D
    [MACK] => Y
)


2015-06-05T07:02:07Z
ResponseParameter:  billNo: 032ba1b9b99246f6ac5ce8c3775196ab | endTime:2015-06-05 07:02:07

2015-06-05T07:02:07Z
<?xml version="1.0" encoding="UTF-8"?>
<RESPONSE>
  <VERS>0630</VERS>
  <MODE>U</MODE>
  <TRAN>3CKK0KVD6CXC</TRAN>
  <MERC>680000</MERC>
  <SESS>032ba1b9b99246f6ac5ce8c3775196ab</SESS>
  <RULES_TRIGGERED>0</RULES_TRIGGERED>
  <COUNTERS_TRIGGERED>0</COUNTERS_TRIGGERED>
  <REASON_CODE></REASON_CODE>
  <MASTERCARD></MASTERCARD>
  <WARNING_COUNT>0</WARNING_COUNT>
</RESPONSE>

2015-06-05T07:02:40Z
RequestParameter:  billNo: 55714987b5672 | startTime:2015-06-05 07:02:40

2015-06-05T07:02:40Z
Array
(
    [MODE] => U
    [FRMT] => XML
    [VERS] => 0630
    [MERC] => 680000
    [SESS] => 55714987b5672
    [TRAN] => 3CKK0T450P89
    [AUTH] => D
    [MACK] => Y
)


2015-06-05T07:02:41Z
ResponseParameter:  billNo: 55714987b5672 | endTime:2015-06-05 07:02:41

2015-06-05T07:02:41Z
<?xml version="1.0" encoding="UTF-8"?>
<RESPONSE>
  <VERS>0630</VERS>
  <MODE>U</MODE>
  <TRAN>3CKK0T450P89</TRAN>
  <MERC>680000</MERC>
  <SESS>55714987b5672</SESS>
  <RULES_TRIGGERED>0</RULES_TRIGGERED>
  <COUNTERS_TRIGGERED>0</COUNTERS_TRIGGERED>
  <REASON_CODE></REASON_CODE>
  <MASTERCARD></MASTERCARD>
  <WARNING_COUNT>0</WARNING_COUNT>
</RESPONSE>

2015-06-05T07:03:08Z
RequestParameter:  billNo: 3kpHv1431626802 | startTime:2015-06-05 07:03:08

2015-06-05T07:03:08Z
Array
(
    [MODE] => U
    [FRMT] => XML
    [VERS] => 0630
    [MERC] => 680000
    [SESS] => 3kpHv1431626802
    [TRAN] => 309M053DK6NX
    [AUTH] => 
    [MACK] => Y
    [RFCB] => R
)


2015-06-05T07:03:09Z
ResponseParameter:  billNo: 3kpHv1431626802 | endTime:2015-06-05 07:03:09

2015-06-05T07:03:09Z
<?xml version="1.0" encoding="UTF-8"?>
<RESPONSE>
  <VERS>0630</VERS>
  <MODE>U</MODE>
  <TRAN>309M053DK6NX</TRAN>
  <MERC>680000</MERC>
  <SESS>3kpHv1431626802</SESS>
  <RULES_TRIGGERED>0</RULES_TRIGGERED>
  <COUNTERS_TRIGGERED>0</COUNTERS_TRIGGERED>
  <REASON_CODE></REASON_CODE>
  <MASTERCARD></MASTERCARD>
  <WARNING_COUNT>0</WARNING_COUNT>
</RESPONSE>

2015-06-05T07:03:22Z
RequestParameter:  billNo: 6410c6edffb44e55a9edd2294f401aa9 | startTime:2015-06-05 07:03:22

2015-06-05T07:03:22Z
Array
(
    [MODE] => U
    [FRMT] => XML
    [VERS] => 0630
    [MERC] => 680000
    [SESS] => 6410c6edffb44e55a9edd2294f401aa9
    [TRAN] => 3CKK02Q3CJ4S
    [AUTH] => D
    [MACK] => Y
)


2015-06-05T07:03:23Z
ResponseParameter:  billNo: 6410c6edffb44e55a9edd2294f401aa9 | endTime:2015-06-05 07:03:23

2015-06-05T07:03:23Z
<?xml version="1.0" encoding="UTF-8"?>
<RESPONSE>
  <VERS>0630</VERS>
  <MODE>U</MODE>
  <TRAN>3CKK02Q3CJ4S</TRAN>
  <MERC>680000</MERC>
  <SESS>6410c6edffb44e55a9edd2294f401aa9</SESS>
  <RULES_TRIGGERED>0</RULES_TRIGGERED>
  <COUNTERS_TRIGGERED>0</COUNTERS_TRIGGERED>
  <REASON_CODE></REASON_CODE>
  <MASTERCARD></MASTERCARD>
  <WARNING_COUNT>0</WARNING_COUNT>
</RESPONSE>

2015-06-05T07:04:02Z
RequestParameter:  billNo: 95ab019a4b3c4806a7a9163a358ba429 | startTime:2015-06-05 07:04:02

2015-06-05T07:04:02Z
Array
(
    [MODE] => U
    [FRMT] => XML
    [VERS] => 0630
    [MERC] => 680000
    [SESS] => 95ab019a4b3c4806a7a9163a358ba429
    [TRAN] => 3CKK0XTHRDJ7
    [AUTH] => D
    [MACK] => Y
)


2015-06-05T07:04:03Z
ResponseParameter:  billNo: 95ab019a4b3c4806a7a9163a358ba429 | endTime:2015-06-05 07:04:03

2015-06-05T07:04:03Z
<?xml version="1.0" encoding="UTF-8"?>
<RESPONSE>
  <VERS>0630</VERS>
  <MODE>U</MODE>
  <TRAN>3CKK0XTHRDJ7</TRAN>
  <MERC>680000</MERC>
  <SESS>95ab019a4b3c4806a7a9163a358ba429</SESS>
  <RULES_TRIGGERED>0</RULES_TRIGGERED>
  <COUNTERS_TRIGGERED>0</COUNTERS_TRIGGERED>
  <REASON_CODE></REASON_CODE>
  <MASTERCARD></MASTERCARD>
  <WARNING_COUNT>0</WARNING_COUNT>
</RESPONSE>

2015-06-05T07:04:15Z
RequestParameter:  billNo: 557149e962a3f | startTime:2015-06-05 07:04:15

2015-06-05T07:04:15Z
Array
(
    [MODE] => U
    [FRMT] => XML
    [VERS] => 0630
    [MERC] => 680000
    [SESS] => 557149e962a3f
    [TRAN] => 3CKK0R6TYSTY
    [AUTH] => D
    [MACK] => Y
)


2015-06-05T07:04:16Z
ResponseParameter:  billNo: 557149e962a3f | endTime:2015-06-05 07:04:16

2015-06-05T07:04:16Z
<?xml version="1.0" encoding="UTF-8"?>
<RESPONSE>
  <VERS>0630</VERS>
  <MODE>U</MODE>
  <TRAN>3CKK0R6TYSTY</TRAN>
  <MERC>680000</MERC>
  <SESS>557149e962a3f</SESS>
  <RULES_TRIGGERED>0</RULES_TRIGGERED>
  <COUNTERS_TRIGGERED>0</COUNTERS_TRIGGERED>
  <REASON_CODE></REASON_CODE>
  <MASTERCARD></MASTERCARD>
  <WARNING_COUNT>0</WARNING_COUNT>
</RESPONSE>

2015-06-05T07:06:13Z
RequestParameter:  billNo: b1a77fae115e40ab8d6934960030542d | startTime:2015-06-05 07:06:13

2015-06-05T07:06:13Z
Array
(
    [MODE] => U
    [FRMT] => XML
    [VERS] => 0630
    [MERC] => 680000
    [SESS] => a2d80106d3a74531806dd16b224fc939
    [TRAN] => 3HWY0XGV8YTV
    [AUTH] => 
    [MACK] => Y
    [RFCB] => R
)


2015-06-05T07:06:14Z
ResponseParameter:  billNo: b1a77fae115e40ab8d6934960030542d | endTime:2015-06-05 07:06:14

2015-06-05T07:06:14Z
<?xml version="1.0" encoding="UTF-8"?>
<RESPONSE>
  <VERS>0630</VERS>
  <MODE>U</MODE>
  <TRAN>3HWY0XGV8YTV</TRAN>
  <MERC>680000</MERC>
  <SESS>a2d80106d3a74531806dd16b224fc939</SESS>
  <RULES_TRIGGERED>0</RULES_TRIGGERED>
  <COUNTERS_TRIGGERED>0</COUNTERS_TRIGGERED>
  <REASON_CODE></REASON_CODE>
  <MASTERCARD></MASTERCARD>
  <WARNING_COUNT>0</WARNING_COUNT>
</RESPONSE>

2015-06-05T07:08:07Z
RequestParameter:  billNo: 0544bd8b4d0c44889decc7f069e609ed | startTime:2015-06-05 07:08:07

2015-06-05T07:08:07Z
Array
(
    [MODE] => U
    [FRMT] => XML
    [VERS] => 0630
    [MERC] => 680000
    [SESS] => 6dbddc12fbb34086ac3c892ab6990fee
    [TRAN] => 3HCJ018YD1TK
    [AUTH] => 
    [MACK] => Y
    [RFCB] => R
)


2015-06-05T07:08:08Z
ResponseParameter:  billNo: 0544bd8b4d0c44889decc7f069e609ed | endTime:2015-06-05 07:08:08

2015-06-05T07:08:08Z
<?xml version="1.0" encoding="UTF-8"?>
<RESPONSE>
  <VERS>0630</VERS>
  <MODE>U</MODE>
  <TRAN>3HCJ018YD1TK</TRAN>
  <MERC>680000</MERC>
  <SESS>6dbddc12fbb34086ac3c892ab6990fee</SESS>
  <RULES_TRIGGERED>0</RULES_TRIGGERED>
  <COUNTERS_TRIGGERED>0</COUNTERS_TRIGGERED>
  <REASON_CODE></REASON_CODE>
  <MASTERCARD></MASTERCARD>
  <WARNING_COUNT>0</WARNING_COUNT>
</RESPONSE>

2015-06-05T07:09:08Z
RequestParameter:  billNo: QY7rR1432047313 | startTime:2015-06-05 07:09:08

2015-06-05T07:09:08Z
Array
(
    [MODE] => U
    [FRMT] => XML
    [VERS] => 0630
    [MERC] => 680000
    [SESS] => QY7rR1432047313
    [TRAN] => 30V00S1WBM98
    [AUTH] => 
    [MACK] => Y
    [RFCB] => R
)


2015-06-05T07:09:09Z
ResponseParameter:  billNo: QY7rR1432047313 | endTime:2015-06-05 07:09:09

2015-06-05T07:09:09Z
<?xml version="1.0" encoding="UTF-8"?>
<RESPONSE>
  <VERS>0630</VERS>
  <MODE>U</MODE>
  <TRAN>30V00S1WBM98</TRAN>
  <MERC>680000</MERC>
  <SESS>QY7rR1432047313</SESS>
  <RULES_TRIGGERED>0</RULES_TRIGGERED>
  <COUNTERS_TRIGGERED>0</COUNTERS_TRIGGERED>
  <REASON_CODE></REASON_CODE>
  <MASTERCARD></MASTERCARD>
  <WARNING_COUNT>0</WARNING_COUNT>
</RESPONSE>

2015-06-05T07:10:27Z
RequestParameter:  billNo: 35d8dab92d5a4da49f657c07e0bc509e | startTime:2015-06-05 07:10:27

2015-06-05T07:10:27Z
Array
(
    [MODE] => U
    [FRMT] => XML
    [VERS] => 0630
    [MERC] => 680000
    [SESS] => 35d8dab92d5a4da49f657c07e0bc509e
    [TRAN] => 3CKK0KX0V2K5
    [AUTH] => D
    [MACK] => Y
)


2015-06-05T07:10:28Z
ResponseParameter:  billNo: 35d8dab92d5a4da49f657c07e0bc509e | endTime:2015-06-05 07:10:28

2015-06-05T07:10:28Z
<?xml version="1.0" encoding="UTF-8"?>
<RESPONSE>
  <VERS>0630</VERS>
  <MODE>U</MODE>
  <TRAN>3CKK0KX0V2K5</TRAN>
  <MERC>680000</MERC>
  <SESS>35d8dab92d5a4da49f657c07e0bc509e</SESS>
  <RULES_TRIGGERED>0</RULES_TRIGGERED>
  <COUNTERS_TRIGGERED>0</COUNTERS_TRIGGERED>
  <REASON_CODE></REASON_CODE>
  <MASTERCARD></MASTERCARD>
  <WARNING_COUNT>0</WARNING_COUNT>
</RESPONSE>

2015-06-05T07:10:29Z
RequestParameter:  billNo: y2s0I1428507390 | startTime:2015-06-05 07:10:29

2015-06-05T07:10:29Z
Array
(
    [MODE] => U
    [FRMT] => XML
    [VERS] => 0630
    [MERC] => 680000
    [SESS] => y2s0I1428507390
    [TRAN] => 3YD10QS60990
    [AUTH] => 
    [MACK] => Y
    [RFCB] => R
)


2015-06-05T07:10:30Z
ResponseParameter:  billNo: y2s0I1428507390 | endTime:2015-06-05 07:10:30

2015-06-05T07:10:30Z
<?xml version="1.0" encoding="UTF-8"?>
<RESPONSE>
  <VERS>0630</VERS>
  <MODE>U</MODE>
  <TRAN>3YD10QS60990</TRAN>
  <MERC>680000</MERC>
  <SESS>y2s0I1428507390</SESS>
  <RULES_TRIGGERED>0</RULES_TRIGGERED>
  <COUNTERS_TRIGGERED>0</COUNTERS_TRIGGERED>
  <REASON_CODE></REASON_CODE>
  <MASTERCARD></MASTERCARD>
  <WARNING_COUNT>0</WARNING_COUNT>
</RESPONSE>

2015-06-05T07:11:23Z
RequestParameter:  billNo: yjHlG1428507527 | startTime:2015-06-05 07:11:23

2015-06-05T07:11:23Z
Array
(
    [MODE] => U
    [FRMT] => XML
    [VERS] => 0630
    [MERC] => 680000
    [SESS] => yjHlG1428507527
    [TRAN] => 3YD10ZC1G5JW
    [AUTH] => 
    [MACK] => Y
    [RFCB] => R
)


2015-06-05T07:11:23Z
ResponseParameter:  billNo: yjHlG1428507527 | endTime:2015-06-05 07:11:23

2015-06-05T07:11:23Z
<?xml version="1.0" encoding="UTF-8"?>
<RESPONSE>
  <VERS>0630</VERS>
  <MODE>U</MODE>
  <TRAN>3YD10ZC1G5JW</TRAN>
  <MERC>680000</MERC>
  <SESS>yjHlG1428507527</SESS>
  <RULES_TRIGGERED>0</RULES_TRIGGERED>
  <COUNTERS_TRIGGERED>0</COUNTERS_TRIGGERED>
  <REASON_CODE></REASON_CODE>
  <MASTERCARD></MASTERCARD>
  <WARNING_COUNT>0</WARNING_COUNT>
</RESPONSE>

2015-06-05T07:12:15Z
RequestParameter:  billNo: 1427881383-26322 | startTime:2015-06-05 07:12:15

2015-06-05T07:12:15Z
Array
(
    [MODE] => U
    [FRMT] => XML
    [VERS] => 0630
    [MERC] => 680000
    [SESS] => d512bf7cfa163968509b55e85cfee613
    [TRAN] => 3Y8J0BXLD6MT
    [AUTH] => 
    [MACK] => Y
    [RFCB] => R
)


2015-06-05T07:12:16Z
ResponseParameter:  billNo: 1427881383-26322 | endTime:2015-06-05 07:12:16

2015-06-05T07:12:16Z
<?xml version="1.0" encoding="UTF-8"?>
<RESPONSE>
  <VERS>0630</VERS>
  <MODE>U</MODE>
  <TRAN>3Y8J0BXLD6MT</TRAN>
  <MERC>680000</MERC>
  <SESS>d512bf7cfa163968509b55e85cfee613</SESS>
  <RULES_TRIGGERED>0</RULES_TRIGGERED>
  <COUNTERS_TRIGGERED>0</COUNTERS_TRIGGERED>
  <REASON_CODE></REASON_CODE>
  <MASTERCARD></MASTERCARD>
  <WARNING_COUNT>0</WARNING_COUNT>
</RESPONSE>

2015-06-05T07:15:03Z
RequestParameter:  billNo: 1428399573-26322 | startTime:2015-06-05 07:15:03

2015-06-05T07:15:03Z
Array
(
    [MODE] => U
    [FRMT] => XML
    [VERS] => 0630
    [MERC] => 680000
    [SESS] => adcaf71a9177aebe0eb8efb3794f5dbe
    [TRAN] => 3Y7C08D4ZZ9K
    [AUTH] => 
    [MACK] => Y
    [RFCB] => R
)


2015-06-05T07:15:04Z
ResponseParameter:  billNo: 1428399573-26322 | endTime:2015-06-05 07:15:04

2015-06-05T07:15:04Z
<?xml version="1.0" encoding="UTF-8"?>
<RESPONSE>
  <VERS>0630</VERS>
  <MODE>U</MODE>
  <TRAN>3Y7C08D4ZZ9K</TRAN>
  <MERC>680000</MERC>
  <SESS>adcaf71a9177aebe0eb8efb3794f5dbe</SESS>
  <RULES_TRIGGERED>0</RULES_TRIGGERED>
  <COUNTERS_TRIGGERED>0</COUNTERS_TRIGGERED>
  <REASON_CODE></REASON_CODE>
  <MASTERCARD></MASTERCARD>
  <WARNING_COUNT>0</WARNING_COUNT>
</RESPONSE>

2015-06-05T07:16:17Z
RequestParameter:  billNo: 1428484273-26322 | startTime:2015-06-05 07:16:17

2015-06-05T07:16:17Z
Array
(
    [MODE] => U
    [FRMT] => XML
    [VERS] => 0630
    [MERC] => 680000
    [SESS] => a5566ad253d31169fb3dd8d0812b9eb4
    [TRAN] => 3YDH0ZL5ZVS2
    [AUTH] => 
    [MACK] => Y
    [RFCB] => R
)


2015-06-05T07:16:18Z
ResponseParameter:  billNo: 1428484273-26322 | endTime:2015-06-05 07:16:18

2015-06-05T07:16:18Z
<?xml version="1.0" encoding="UTF-8"?>
<RESPONSE>
  <VERS>0630</VERS>
  <MODE>U</MODE>
  <TRAN>3YDH0ZL5ZVS2</TRAN>
  <MERC>680000</MERC>
  <SESS>a5566ad253d31169fb3dd8d0812b9eb4</SESS>
  <RULES_TRIGGERED>0</RULES_TRIGGERED>
  <COUNTERS_TRIGGERED>0</COUNTERS_TRIGGERED>
  <REASON_CODE></REASON_CODE>
  <MASTERCARD></MASTERCARD>
  <WARNING_COUNT>0</WARNING_COUNT>
</RESPONSE>

2015-06-05T07:17:24Z
RequestParameter:  billNo: a4a2bdf5f39946a397fcd5a0ea1846a2 | startTime:2015-06-05 07:17:24

2015-06-05T07:17:24Z
Array
(
    [MODE] => U
    [FRMT] => XML
    [VERS] => 0630
    [MERC] => 680000
    [SESS] => 1989edb1e29b453486029b391e14f6ec
    [TRAN] => 3HMW0YH0J5QC
    [AUTH] => 
    [MACK] => Y
    [RFCB] => R
)


2015-06-05T07:17:24Z
ResponseParameter:  billNo: a4a2bdf5f39946a397fcd5a0ea1846a2 | endTime:2015-06-05 07:17:24

2015-06-05T07:17:24Z
<?xml version="1.0" encoding="UTF-8"?>
<RESPONSE>
  <VERS>0630</VERS>
  <MODE>U</MODE>
  <TRAN>3HMW0YH0J5QC</TRAN>
  <MERC>680000</MERC>
  <SESS>1989edb1e29b453486029b391e14f6ec</SESS>
  <RULES_TRIGGERED>0</RULES_TRIGGERED>
  <COUNTERS_TRIGGERED>0</COUNTERS_TRIGGERED>
  <REASON_CODE></REASON_CODE>
  <MASTERCARD></MASTERCARD>
  <WARNING_COUNT>0</WARNING_COUNT>
</RESPONSE>

2015-06-05T07:19:37Z
RequestParameter:  billNo: 1429091880-7487 | startTime:2015-06-05 07:19:37

2015-06-05T07:19:37Z
Array
(
    [MODE] => U
    [FRMT] => XML
    [VERS] => 0630
    [MERC] => 680000
    [SESS] => 9f5375ea908c42469da81ba3c6f151f9
    [TRAN] => 3HXK04QZ7DPP
    [AUTH] => 
    [MACK] => Y
    [RFCB] => R
)


2015-06-05T07:19:38Z
ResponseParameter:  billNo: 1429091880-7487 | endTime:2015-06-05 07:19:38

2015-06-05T07:19:38Z
<?xml version="1.0" encoding="UTF-8"?>
<RESPONSE>
  <VERS>0630</VERS>
  <MODE>U</MODE>
  <TRAN>3HXK04QZ7DPP</TRAN>
  <MERC>680000</MERC>
  <SESS>9f5375ea908c42469da81ba3c6f151f9</SESS>
  <RULES_TRIGGERED>0</RULES_TRIGGERED>
  <COUNTERS_TRIGGERED>0</COUNTERS_TRIGGERED>
  <REASON_CODE></REASON_CODE>
  <MASTERCARD></MASTERCARD>
  <WARNING_COUNT>0</WARNING_COUNT>
</RESPONSE>

2015-06-05T07:20:39Z
RequestParameter:  billNo: 1429091792-7487 | startTime:2015-06-05 07:20:39

2015-06-05T07:20:39Z
Array
(
    [MODE] => U
    [FRMT] => XML
    [VERS] => 0630
    [MERC] => 680000
    [SESS] => b9fd5ebd31e8d9a06b3deb64cfc386ee
    [TRAN] => 3HXK0ZZ7H7V6
    [AUTH] => 
    [MACK] => Y
    [RFCB] => R
)


2015-06-05T07:20:40Z
ResponseParameter:  billNo: 1429091792-7487 | endTime:2015-06-05 07:20:40

2015-06-05T07:20:40Z
<?xml version="1.0" encoding="UTF-8"?>
<RESPONSE>
  <VERS>0630</VERS>
  <MODE>U</MODE>
  <TRAN>3HXK0ZZ7H7V6</TRAN>
  <MERC>680000</MERC>
  <SESS>b9fd5ebd31e8d9a06b3deb64cfc386ee</SESS>
  <RULES_TRIGGERED>0</RULES_TRIGGERED>
  <COUNTERS_TRIGGERED>0</COUNTERS_TRIGGERED>
  <REASON_CODE></REASON_CODE>
  <MASTERCARD></MASTERCARD>
  <WARNING_COUNT>0</WARNING_COUNT>
</RESPONSE>

2015-06-05T07:21:25Z
RequestParameter:  billNo: ff51941cf45b4b7d8a91945aef2b16e1 | startTime:2015-06-05 07:21:25

2015-06-05T07:21:25Z
Array
(
    [MODE] => U
    [FRMT] => XML
    [VERS] => 0630
    [MERC] => 680000
    [SESS] => ff51941cf45b4b7d8a91945aef2b16e1
    [TRAN] => 3CKK09K1W14X
    [AUTH] => D
    [MACK] => Y
)


2015-06-05T07:21:26Z
ResponseParameter:  billNo: ff51941cf45b4b7d8a91945aef2b16e1 | endTime:2015-06-05 07:21:26

2015-06-05T07:21:26Z
<?xml version="1.0" encoding="UTF-8"?>
<RESPONSE>
  <VERS>0630</VERS>
  <MODE>U</MODE>
  <TRAN>3CKK09K1W14X</TRAN>
  <MERC>680000</MERC>
  <SESS>ff51941cf45b4b7d8a91945aef2b16e1</SESS>
  <RULES_TRIGGERED>0</RULES_TRIGGERED>
  <COUNTERS_TRIGGERED>0</COUNTERS_TRIGGERED>
  <REASON_CODE></REASON_CODE>
  <MASTERCARD></MASTERCARD>
  <WARNING_COUNT>0</WARNING_COUNT>
</RESPONSE>

2015-06-05T07:21:41Z
RequestParameter:  billNo: 1429109841-26322 | startTime:2015-06-05 07:21:41

2015-06-05T07:21:41Z
Array
(
    [MODE] => U
    [FRMT] => XML
    [VERS] => 0630
    [MERC] => 680000
    [SESS] => 7d64d6b505eb9ba985186c3d40beb086
    [TRAN] => 3HXX0QCWK9X8
    [AUTH] => 
    [MACK] => Y
    [RFCB] => R
)


2015-06-05T07:21:42Z
ResponseParameter:  billNo: 1429109841-26322 | endTime:2015-06-05 07:21:42

2015-06-05T07:21:42Z
<?xml version="1.0" encoding="UTF-8"?>
<RESPONSE>
  <VERS>0630</VERS>
  <MODE>U</MODE>
  <TRAN>3HXX0QCWK9X8</TRAN>
  <MERC>680000</MERC>
  <SESS>7d64d6b505eb9ba985186c3d40beb086</SESS>
  <RULES_TRIGGERED>0</RULES_TRIGGERED>
  <COUNTERS_TRIGGERED>0</COUNTERS_TRIGGERED>
  <REASON_CODE></REASON_CODE>
  <MASTERCARD></MASTERCARD>
  <WARNING_COUNT>0</WARNING_COUNT>
</RESPONSE>

2015-06-05T07:22:45Z
RequestParameter:  billNo: 1429109944-26322 | startTime:2015-06-05 07:22:45

2015-06-05T07:22:45Z
Array
(
    [MODE] => U
    [FRMT] => XML
    [VERS] => 0630
    [MERC] => 680000
    [SESS] => c9e83637ef7d2310065582d4408b1d91
    [TRAN] => 3HX908R8LXM7
    [AUTH] => 
    [MACK] => Y
    [RFCB] => R
)


2015-06-05T07:22:46Z
ResponseParameter:  billNo: 1429109944-26322 | endTime:2015-06-05 07:22:46

2015-06-05T07:22:46Z
<?xml version="1.0" encoding="UTF-8"?>
<RESPONSE>
  <VERS>0630</VERS>
  <MODE>U</MODE>
  <TRAN>3HX908R8LXM7</TRAN>
  <MERC>680000</MERC>
  <SESS>c9e83637ef7d2310065582d4408b1d91</SESS>
  <RULES_TRIGGERED>0</RULES_TRIGGERED>
  <COUNTERS_TRIGGERED>0</COUNTERS_TRIGGERED>
  <REASON_CODE></REASON_CODE>
  <MASTERCARD></MASTERCARD>
  <WARNING_COUNT>0</WARNING_COUNT>
</RESPONSE>

2015-06-05T07:24:39Z
RequestParameter:  billNo: 71d0e4ce3b9243458ecd7fcf914b8a30 | startTime:2015-06-05 07:24:39

2015-06-05T07:24:39Z
Array
(
    [MODE] => U
    [FRMT] => XML
    [VERS] => 0630
    [MERC] => 680000
    [SESS] => 71d0e4ce3b9243458ecd7fcf914b8a30
    [TRAN] => 30S00KKSG3L5
    [AUTH] => 
    [MACK] => Y
    [RFCB] => R
)


2015-06-05T07:24:40Z
ResponseParameter:  billNo: 71d0e4ce3b9243458ecd7fcf914b8a30 | endTime:2015-06-05 07:24:40

2015-06-05T07:24:40Z
<?xml version="1.0" encoding="UTF-8"?>
<RESPONSE>
  <VERS>0630</VERS>
  <MODE>U</MODE>
  <TRAN>30S00KKSG3L5</TRAN>
  <MERC>680000</MERC>
  <SESS>71d0e4ce3b9243458ecd7fcf914b8a30</SESS>
  <RULES_TRIGGERED>0</RULES_TRIGGERED>
  <COUNTERS_TRIGGERED>0</COUNTERS_TRIGGERED>
  <REASON_CODE></REASON_CODE>
  <MASTERCARD></MASTERCARD>
  <WARNING_COUNT>0</WARNING_COUNT>
</RESPONSE>

2015-06-05T07:25:11Z
RequestParameter:  billNo: 55714ed19c959 | startTime:2015-06-05 07:25:11

2015-06-05T07:25:11Z
Array
(
    [MODE] => U
    [FRMT] => XML
    [VERS] => 0630
    [MERC] => 680000
    [SESS] => 55714ed19c959
    [TRAN] => 3CKK093DRDBW
    [AUTH] => D
    [MACK] => Y
)


2015-06-05T07:25:12Z
ResponseParameter:  billNo: 55714ed19c959 | endTime:2015-06-05 07:25:12

2015-06-05T07:25:12Z
<?xml version="1.0" encoding="UTF-8"?>
<RESPONSE>
  <VERS>0630</VERS>
  <MODE>U</MODE>
  <TRAN>3CKK093DRDBW</TRAN>
  <MERC>680000</MERC>
  <SESS>55714ed19c959</SESS>
  <RULES_TRIGGERED>0</RULES_TRIGGERED>
  <COUNTERS_TRIGGERED>0</COUNTERS_TRIGGERED>
  <REASON_CODE></REASON_CODE>
  <MASTERCARD></MASTERCARD>
  <WARNING_COUNT>0</WARNING_COUNT>
</RESPONSE>

2015-06-05T07:25:40Z
RequestParameter:  billNo: 3b1147480ff14cd6824f367c9cfcd32b | startTime:2015-06-05 07:25:40

2015-06-05T07:25:40Z
Array
(
    [MODE] => U
    [FRMT] => XML
    [VERS] => 0630
    [MERC] => 680000
    [SESS] => 3b1147480ff14cd6824f367c9cfcd32b
    [TRAN] => 30S009VQ8TRB
    [AUTH] => 
    [MACK] => Y
    [RFCB] => R
)


2015-06-05T07:25:41Z
ResponseParameter:  billNo: 3b1147480ff14cd6824f367c9cfcd32b | endTime:2015-06-05 07:25:41

2015-06-05T07:25:41Z
<?xml version="1.0" encoding="UTF-8"?>
<RESPONSE>
  <VERS>0630</VERS>
  <MODE>U</MODE>
  <TRAN>30S009VQ8TRB</TRAN>
  <MERC>680000</MERC>
  <SESS>3b1147480ff14cd6824f367c9cfcd32b</SESS>
  <RULES_TRIGGERED>0</RULES_TRIGGERED>
  <COUNTERS_TRIGGERED>0</COUNTERS_TRIGGERED>
  <REASON_CODE></REASON_CODE>
  <MASTERCARD></MASTERCARD>
  <WARNING_COUNT>0</WARNING_COUNT>
</RESPONSE>

2015-06-05T07:26:31Z
RequestParameter:  billNo: dfe17f8551284399a6320389100c44c7 | startTime:2015-06-05 07:26:31

2015-06-05T07:26:31Z
Array
(
    [MODE] => U
    [FRMT] => XML
    [VERS] => 0630
    [MERC] => 680000
    [SESS] => dfe17f8551284399a6320389100c44c7
    [TRAN] => 30GP0YZQVHM9
    [AUTH] => 
    [MACK] => Y
    [RFCB] => R
)


2015-06-05T07:26:32Z
ResponseParameter:  billNo: dfe17f8551284399a6320389100c44c7 | endTime:2015-06-05 07:26:32

2015-06-05T07:26:32Z
<?xml version="1.0" encoding="UTF-8"?>
<RESPONSE>
  <VERS>0630</VERS>
  <MODE>U</MODE>
  <TRAN>30GP0YZQVHM9</TRAN>
  <MERC>680000</MERC>
  <SESS>dfe17f8551284399a6320389100c44c7</SESS>
  <RULES_TRIGGERED>0</RULES_TRIGGERED>
  <COUNTERS_TRIGGERED>0</COUNTERS_TRIGGERED>
  <REASON_CODE></REASON_CODE>
  <MASTERCARD></MASTERCARD>
  <WARNING_COUNT>0</WARNING_COUNT>
</RESPONSE>

2015-06-05T07:26:55Z
RequestParameter:  billNo: 55714f3824a7c | startTime:2015-06-05 07:26:55

2015-06-05T07:26:55Z
Array
(
    [MODE] => U
    [FRMT] => XML
    [VERS] => 0630
    [MERC] => 680000
    [SESS] => 55714f3824a7c
    [TRAN] => 3CKK00KM7314
    [AUTH] => D
    [MACK] => Y
)


2015-06-05T07:26:56Z
ResponseParameter:  billNo: 55714f3824a7c | endTime:2015-06-05 07:26:56

2015-06-05T07:26:56Z
<?xml version="1.0" encoding="UTF-8"?>
<RESPONSE>
  <VERS>0630</VERS>
  <MODE>U</MODE>
  <TRAN>3CKK00KM7314</TRAN>
  <MERC>680000</MERC>
  <SESS>55714f3824a7c</SESS>
  <RULES_TRIGGERED>0</RULES_TRIGGERED>
  <COUNTERS_TRIGGERED>0</COUNTERS_TRIGGERED>
  <REASON_CODE></REASON_CODE>
  <MASTERCARD></MASTERCARD>
  <WARNING_COUNT>0</WARNING_COUNT>
</RESPONSE>

2015-06-05T07:27:17Z
RequestParameter:  billNo: 1431610223-47103 | startTime:2015-06-05 07:27:17

2015-06-05T07:27:17Z
Array
(
    [MODE] => U
    [FRMT] => XML
    [VERS] => 0630
    [MERC] => 680000
    [SESS] => 1431610223-47103
    [TRAN] => 30XD0DJ7MY42
    [AUTH] => 
    [MACK] => Y
    [RFCB] => R
)


2015-06-05T07:27:18Z
ResponseParameter:  billNo: 1431610223-47103 | endTime:2015-06-05 07:27:18

2015-06-05T07:27:18Z
<?xml version="1.0" encoding="UTF-8"?>
<RESPONSE>
  <VERS>0630</VERS>
  <MODE>U</MODE>
  <TRAN>30XD0DJ7MY42</TRAN>
  <MERC>680000</MERC>
  <SESS>1431610223-47103</SESS>
  <RULES_TRIGGERED>0</RULES_TRIGGERED>
  <COUNTERS_TRIGGERED>0</COUNTERS_TRIGGERED>
  <REASON_CODE></REASON_CODE>
  <MASTERCARD></MASTERCARD>
  <WARNING_COUNT>0</WARNING_COUNT>
</RESPONSE>

2015-06-05T07:28:00Z
RequestParameter:  billNo: 440d9b8c352a4125add6a4b4d7b836af | startTime:2015-06-05 07:28:00

2015-06-05T07:28:00Z
Array
(
    [MODE] => U
    [FRMT] => XML
    [VERS] => 0630
    [MERC] => 680000
    [SESS] => 4c7ca34f26b1455a842378f9269e115c
    [TRAN] => 3HM40595L3CP
    [AUTH] => 
    [MACK] => Y
    [RFCB] => R
)


2015-06-05T07:28:01Z
ResponseParameter:  billNo: 440d9b8c352a4125add6a4b4d7b836af | endTime:2015-06-05 07:28:01

2015-06-05T07:28:01Z
<?xml version="1.0" encoding="UTF-8"?>
<RESPONSE>
  <VERS>0630</VERS>
  <MODE>U</MODE>
  <TRAN>3HM40595L3CP</TRAN>
  <MERC>680000</MERC>
  <SESS>4c7ca34f26b1455a842378f9269e115c</SESS>
  <RULES_TRIGGERED>0</RULES_TRIGGERED>
  <COUNTERS_TRIGGERED>0</COUNTERS_TRIGGERED>
  <REASON_CODE></REASON_CODE>
  <MASTERCARD></MASTERCARD>
  <WARNING_COUNT>0</WARNING_COUNT>
</RESPONSE>

2015-06-05T07:30:20Z
RequestParameter:  billNo: a3935ee2ee8848f5b4b31d50061c7847 | startTime:2015-06-05 07:30:20

2015-06-05T07:30:20Z
Array
(
    [MODE] => U
    [FRMT] => XML
    [VERS] => 0630
    [MERC] => 680000
    [SESS] => dc42903129474bceb9159c2639574cf5
    [TRAN] => 3HM40Z99JKG7
    [AUTH] => 
    [MACK] => Y
    [RFCB] => R
)


2015-06-05T07:30:21Z
ResponseParameter:  billNo: a3935ee2ee8848f5b4b31d50061c7847 | endTime:2015-06-05 07:30:21

2015-06-05T07:30:21Z
<?xml version="1.0" encoding="UTF-8"?>
<RESPONSE>
  <VERS>0630</VERS>
  <MODE>U</MODE>
  <TRAN>3HM40Z99JKG7</TRAN>
  <MERC>680000</MERC>
  <SESS>dc42903129474bceb9159c2639574cf5</SESS>
  <RULES_TRIGGERED>0</RULES_TRIGGERED>
  <COUNTERS_TRIGGERED>0</COUNTERS_TRIGGERED>
  <REASON_CODE></REASON_CODE>
  <MASTERCARD></MASTERCARD>
  <WARNING_COUNT>0</WARNING_COUNT>
</RESPONSE>

2015-06-05T07:30:23Z
RequestParameter:  billNo: 5571500949c43 | startTime:2015-06-05 07:30:23

2015-06-05T07:30:23Z
Array
(
    [MODE] => U
    [FRMT] => XML
    [VERS] => 0630
    [MERC] => 680000
    [SESS] => 5571500949c43
    [TRAN] => 3CKK0JC1Y92N
    [AUTH] => D
    [MACK] => Y
)


2015-06-05T07:30:23Z
ResponseParameter:  billNo: 5571500949c43 | endTime:2015-06-05 07:30:23

2015-06-05T07:30:23Z
<?xml version="1.0" encoding="UTF-8"?>
<RESPONSE>
  <VERS>0630</VERS>
  <MODE>U</MODE>
  <TRAN>3CKK0JC1Y92N</TRAN>
  <MERC>680000</MERC>
  <SESS>5571500949c43</SESS>
  <RULES_TRIGGERED>0</RULES_TRIGGERED>
  <COUNTERS_TRIGGERED>0</COUNTERS_TRIGGERED>
  <REASON_CODE></REASON_CODE>
  <MASTERCARD></MASTERCARD>
  <WARNING_COUNT>0</WARNING_COUNT>
</RESPONSE>

2015-06-05T07:31:06Z
RequestParameter:  billNo: 704caa1ab6e24e1db3f28139fe3f3044 | startTime:2015-06-05 07:31:06

2015-06-05T07:31:06Z
Array
(
    [MODE] => U
    [FRMT] => XML
    [VERS] => 0630
    [MERC] => 680000
    [SESS] => 08cf8cdada3b45538ed9051529c78a02
    [TRAN] => 3HX70Y87MDW2
    [AUTH] => 
    [MACK] => Y
    [RFCB] => R
)


2015-06-05T07:31:07Z
ResponseParameter:  billNo: 704caa1ab6e24e1db3f28139fe3f3044 | endTime:2015-06-05 07:31:07

2015-06-05T07:31:07Z
<?xml version="1.0" encoding="UTF-8"?>
<RESPONSE>
  <VERS>0630</VERS>
  <MODE>U</MODE>
  <TRAN>3HX70Y87MDW2</TRAN>
  <MERC>680000</MERC>
  <SESS>08cf8cdada3b45538ed9051529c78a02</SESS>
  <RULES_TRIGGERED>0</RULES_TRIGGERED>
  <COUNTERS_TRIGGERED>0</COUNTERS_TRIGGERED>
  <REASON_CODE></REASON_CODE>
  <MASTERCARD></MASTERCARD>
  <WARNING_COUNT>0</WARNING_COUNT>
</RESPONSE>

2015-06-05T07:31:52Z
RequestParameter:  billNo: b6a64d761abf4c9fb9c309b2dffd1dd2 | startTime:2015-06-05 07:31:52

2015-06-05T07:31:52Z
Array
(
    [MODE] => U
    [FRMT] => XML
    [VERS] => 0630
    [MERC] => 680000
    [SESS] => b6a64d761abf4c9fb9c309b2dffd1dd2
    [TRAN] => 3CKK0VNL5W41
    [AUTH] => D
    [MACK] => Y
)


2015-06-05T07:31:53Z
ResponseParameter:  billNo: b6a64d761abf4c9fb9c309b2dffd1dd2 | endTime:2015-06-05 07:31:53

2015-06-05T07:31:53Z
<?xml version="1.0" encoding="UTF-8"?>
<RESPONSE>
  <VERS>0630</VERS>
  <MODE>U</MODE>
  <TRAN>3CKK0VNL5W41</TRAN>
  <MERC>680000</MERC>
  <SESS>b6a64d761abf4c9fb9c309b2dffd1dd2</SESS>
  <RULES_TRIGGERED>0</RULES_TRIGGERED>
  <COUNTERS_TRIGGERED>0</COUNTERS_TRIGGERED>
  <REASON_CODE></REASON_CODE>
  <MASTERCARD></MASTERCARD>
  <WARNING_COUNT>0</WARNING_COUNT>
</RESPONSE>

2015-06-05T07:32:17Z
RequestParameter:  billNo: 1433489531462 | startTime:2015-06-05 07:32:17

2015-06-05T07:32:17Z
Array
(
    [MODE] => U
    [FRMT] => XML
    [VERS] => 0630
    [MERC] => 680000
    [SESS] => a2acaa47dfa74709a00348d677303d27
    [TRAN] => 3CKK0M0Y0CWK
    [AUTH] => D
    [MACK] => Y
)


2015-06-05T07:32:18Z
ResponseParameter:  billNo: 1433489531462 | endTime:2015-06-05 07:32:18

2015-06-05T07:32:18Z
<?xml version="1.0" encoding="UTF-8"?>
<RESPONSE>
  <VERS>0630</VERS>
  <MODE>U</MODE>
  <TRAN>3CKK0M0Y0CWK</TRAN>
  <MERC>680000</MERC>
  <SESS>a2acaa47dfa74709a00348d677303d27</SESS>
  <RULES_TRIGGERED>0</RULES_TRIGGERED>
  <COUNTERS_TRIGGERED>0</COUNTERS_TRIGGERED>
  <REASON_CODE></REASON_CODE>
  <MASTERCARD></MASTERCARD>
  <WARNING_COUNT>0</WARNING_COUNT>
</RESPONSE>

2015-06-05T07:33:13Z
RequestParameter:  billNo: a8585d5a340e457e9021c538cd134708 | startTime:2015-06-05 07:33:13

2015-06-05T07:33:13Z
Array
(
    [MODE] => U
    [FRMT] => XML
    [VERS] => 0630
    [MERC] => 680000
    [SESS] => 3ef332dc262041d68addcd80c1678ec1
    [TRAN] => 3HVH0HPCRKJ3
    [AUTH] => 
    [MACK] => Y
    [RFCB] => R
)


2015-06-05T07:33:14Z
ResponseParameter:  billNo: a8585d5a340e457e9021c538cd134708 | endTime:2015-06-05 07:33:14

2015-06-05T07:33:14Z
<?xml version="1.0" encoding="UTF-8"?>
<RESPONSE>
  <VERS>0630</VERS>
  <MODE>U</MODE>
  <TRAN>3HVH0HPCRKJ3</TRAN>
  <MERC>680000</MERC>
  <SESS>3ef332dc262041d68addcd80c1678ec1</SESS>
  <RULES_TRIGGERED>0</RULES_TRIGGERED>
  <COUNTERS_TRIGGERED>0</COUNTERS_TRIGGERED>
  <REASON_CODE></REASON_CODE>
  <MASTERCARD></MASTERCARD>
  <WARNING_COUNT>0</WARNING_COUNT>
</RESPONSE>

2015-06-05T07:34:01Z
RequestParameter:  billNo: 2765b9ef4f82454e9ae0488b88b7960b | startTime:2015-06-05 07:34:01

2015-06-05T07:34:01Z
Array
(
    [MODE] => U
    [FRMT] => XML
    [VERS] => 0630
    [MERC] => 680000
    [SESS] => 029e1e8b43fa4c4daaf78b9361ef2572
    [TRAN] => 3HVH0MR4X8VJ
    [AUTH] => 
    [MACK] => Y
    [RFCB] => R
)


2015-06-05T07:34:01Z
ResponseParameter:  billNo: 2765b9ef4f82454e9ae0488b88b7960b | endTime:2015-06-05 07:34:01

2015-06-05T07:34:01Z
<?xml version="1.0" encoding="UTF-8"?>
<RESPONSE>
  <VERS>0630</VERS>
  <MODE>U</MODE>
  <TRAN>3HVH0MR4X8VJ</TRAN>
  <MERC>680000</MERC>
  <SESS>029e1e8b43fa4c4daaf78b9361ef2572</SESS>
  <RULES_TRIGGERED>0</RULES_TRIGGERED>
  <COUNTERS_TRIGGERED>0</COUNTERS_TRIGGERED>
  <REASON_CODE></REASON_CODE>
  <MASTERCARD></MASTERCARD>
  <WARNING_COUNT>0</WARNING_COUNT>
</RESPONSE>

2015-06-05T07:34:43Z
RequestParameter:  billNo: c3db617c2cab47a6ab4a594824b2d29d | startTime:2015-06-05 07:34:43

2015-06-05T07:34:43Z
Array
(
    [MODE] => U
    [FRMT] => XML
    [VERS] => 0630
    [MERC] => 680000
    [SESS] => 6fe640adc1f648a8884eca0e35602cd7
    [TRAN] => 3HWY0WPBRG5P
    [AUTH] => 
    [MACK] => Y
    [RFCB] => R
)


2015-06-05T07:34:44Z
ResponseParameter:  billNo: c3db617c2cab47a6ab4a594824b2d29d | endTime:2015-06-05 07:34:44

2015-06-05T07:34:44Z
<?xml version="1.0" encoding="UTF-8"?>
<RESPONSE>
  <VERS>0630</VERS>
  <MODE>U</MODE>
  <TRAN>3HWY0WPBRG5P</TRAN>
  <MERC>680000</MERC>
  <SESS>6fe640adc1f648a8884eca0e35602cd7</SESS>
  <RULES_TRIGGERED>0</RULES_TRIGGERED>
  <COUNTERS_TRIGGERED>0</COUNTERS_TRIGGERED>
  <REASON_CODE></REASON_CODE>
  <MASTERCARD></MASTERCARD>
  <WARNING_COUNT>0</WARNING_COUNT>
</RESPONSE>

2015-06-05T07:34:47Z
RequestParameter:  billNo: 516ff8e40df64914ad76399d07bd3d71 | startTime:2015-06-05 07:34:47

2015-06-05T07:34:47Z
Array
(
    [MODE] => U
    [FRMT] => XML
    [VERS] => 0630
    [MERC] => 680000
    [SESS] => 516ff8e40df64914ad76399d07bd3d71
    [TRAN] => 3CKK0C2PVP9N
    [AUTH] => D
    [MACK] => Y
)


2015-06-05T07:34:48Z
ResponseParameter:  billNo: 516ff8e40df64914ad76399d07bd3d71 | endTime:2015-06-05 07:34:48

2015-06-05T07:34:48Z
<?xml version="1.0" encoding="UTF-8"?>
<RESPONSE>
  <VERS>0630</VERS>
  <MODE>U</MODE>
  <TRAN>3CKK0C2PVP9N</TRAN>
  <MERC>680000</MERC>
  <SESS>516ff8e40df64914ad76399d07bd3d71</SESS>
  <RULES_TRIGGERED>0</RULES_TRIGGERED>
  <COUNTERS_TRIGGERED>0</COUNTERS_TRIGGERED>
  <REASON_CODE></REASON_CODE>
  <MASTERCARD></MASTERCARD>
  <WARNING_COUNT>0</WARNING_COUNT>
</RESPONSE>

2015-06-05T07:35:29Z
RequestParameter:  billNo: iakeibbfgi | startTime:2015-06-05 07:35:29

2015-06-05T07:35:29Z
Array
(
    [MODE] => U
    [FRMT] => XML
    [VERS] => 0630
    [MERC] => 680000
    [SESS] => ynwtk1gpvd4gcxps6tctq25do4mehgg6
    [TRAN] => 3H6N00PQ32SW
    [AUTH] => 
    [MACK] => Y
    [RFCB] => R
)


2015-06-05T07:35:30Z
ResponseParameter:  billNo: iakeibbfgi | endTime:2015-06-05 07:35:30

2015-06-05T07:35:30Z
<?xml version="1.0" encoding="UTF-8"?>
<RESPONSE>
  <VERS>0630</VERS>
  <MODE>U</MODE>
  <TRAN>3H6N00PQ32SW</TRAN>
  <MERC>680000</MERC>
  <SESS>ynwtk1gpvd4gcxps6tctq25do4mehgg6</SESS>
  <RULES_TRIGGERED>0</RULES_TRIGGERED>
  <COUNTERS_TRIGGERED>0</COUNTERS_TRIGGERED>
  <REASON_CODE></REASON_CODE>
  <MASTERCARD></MASTERCARD>
  <WARNING_COUNT>0</WARNING_COUNT>
</RESPONSE>

2015-06-05T07:36:56Z
RequestParameter:  billNo: 997db4198c1f461fb0fee5aab350f92e | startTime:2015-06-05 07:36:56

2015-06-05T07:36:56Z
Array
(
    [MODE] => U
    [FRMT] => XML
    [VERS] => 0630
    [MERC] => 680000
    [SESS] => 997db4198c1f461fb0fee5aab350f92e
    [TRAN] => 3CKK0T3GV901
    [AUTH] => D
    [MACK] => Y
)


2015-06-05T07:36:57Z
ResponseParameter:  billNo: 997db4198c1f461fb0fee5aab350f92e | endTime:2015-06-05 07:36:57

2015-06-05T07:36:57Z
<?xml version="1.0" encoding="UTF-8"?>
<RESPONSE>
  <VERS>0630</VERS>
  <MODE>U</MODE>
  <TRAN>3CKK0T3GV901</TRAN>
  <MERC>680000</MERC>
  <SESS>997db4198c1f461fb0fee5aab350f92e</SESS>
  <RULES_TRIGGERED>0</RULES_TRIGGERED>
  <COUNTERS_TRIGGERED>0</COUNTERS_TRIGGERED>
  <REASON_CODE></REASON_CODE>
  <MASTERCARD></MASTERCARD>
  <WARNING_COUNT>0</WARNING_COUNT>
</RESPONSE>

2015-06-05T07:39:58Z
RequestParameter:  billNo: af42141c47f14fd2a59ccf47e1fbb84e | startTime:2015-06-05 07:39:58

2015-06-05T07:39:58Z
Array
(
    [MODE] => U
    [FRMT] => XML
    [VERS] => 0630
    [MERC] => 680000
    [SESS] => af42141c47f14fd2a59ccf47e1fbb84e
    [TRAN] => 3CKK03SS39D8
    [AUTH] => D
    [MACK] => Y
)


2015-06-05T07:39:59Z
ResponseParameter:  billNo: af42141c47f14fd2a59ccf47e1fbb84e | endTime:2015-06-05 07:39:59

2015-06-05T07:39:59Z
<?xml version="1.0" encoding="UTF-8"?>
<RESPONSE>
  <VERS>0630</VERS>
  <MODE>U</MODE>
  <TRAN>3CKK03SS39D8</TRAN>
  <MERC>680000</MERC>
  <SESS>af42141c47f14fd2a59ccf47e1fbb84e</SESS>
  <RULES_TRIGGERED>0</RULES_TRIGGERED>
  <COUNTERS_TRIGGERED>0</COUNTERS_TRIGGERED>
  <REASON_CODE></REASON_CODE>
  <MASTERCARD></MASTERCARD>
  <WARNING_COUNT>0</WARNING_COUNT>
</RESPONSE>

2015-06-05T07:42:28Z
RequestParameter:  billNo: 1433490143356 | startTime:2015-06-05 07:42:28

2015-06-05T07:42:28Z
Array
(
    [MODE] => U
    [FRMT] => XML
    [VERS] => 0630
    [MERC] => 680000
    [SESS] => 87d3503a774c67db6578a608448e0324
    [TRAN] => 3CKK03943GWW
    [AUTH] => D
    [MACK] => Y
)


2015-06-05T07:42:29Z
ResponseParameter:  billNo: 1433490143356 | endTime:2015-06-05 07:42:29

2015-06-05T07:42:29Z
<?xml version="1.0" encoding="UTF-8"?>
<RESPONSE>
  <VERS>0630</VERS>
  <MODE>U</MODE>
  <TRAN>3CKK03943GWW</TRAN>
  <MERC>680000</MERC>
  <SESS>87d3503a774c67db6578a608448e0324</SESS>
  <RULES_TRIGGERED>0</RULES_TRIGGERED>
  <COUNTERS_TRIGGERED>0</COUNTERS_TRIGGERED>
  <REASON_CODE></REASON_CODE>
  <MASTERCARD></MASTERCARD>
  <WARNING_COUNT>0</WARNING_COUNT>
</RESPONSE>

2015-06-05T07:42:36Z
RequestParameter:  billNo: 44f223540ada4f9095483c10f373a848 | startTime:2015-06-05 07:42:36

2015-06-05T07:42:36Z
Array
(
    [MODE] => U
    [FRMT] => XML
    [VERS] => 0630
    [MERC] => 680000
    [SESS] => 44f223540ada4f9095483c10f373a848
    [TRAN] => 3CKK045RB996
    [AUTH] => D
    [MACK] => Y
)


2015-06-05T07:42:37Z
ResponseParameter:  billNo: 44f223540ada4f9095483c10f373a848 | endTime:2015-06-05 07:42:37

2015-06-05T07:42:37Z
<?xml version="1.0" encoding="UTF-8"?>
<RESPONSE>
  <VERS>0630</VERS>
  <MODE>U</MODE>
  <TRAN>3CKK045RB996</TRAN>
  <MERC>680000</MERC>
  <SESS>44f223540ada4f9095483c10f373a848</SESS>
  <RULES_TRIGGERED>0</RULES_TRIGGERED>
  <COUNTERS_TRIGGERED>0</COUNTERS_TRIGGERED>
  <REASON_CODE></REASON_CODE>
  <MASTERCARD></MASTERCARD>
  <WARNING_COUNT>0</WARNING_COUNT>
</RESPONSE>

2015-06-05T07:43:09Z
RequestParameter:  billNo: 95dc55767368423693755e6d080dbe06 | startTime:2015-06-05 07:43:09

2015-06-05T07:43:09Z
Array
(
    [MODE] => U
    [FRMT] => XML
    [VERS] => 0630
    [MERC] => 680000
    [SESS] => 95dc55767368423693755e6d080dbe06
    [TRAN] => 3CKK0JCWS0ZW
    [AUTH] => D
    [MACK] => Y
)


2015-06-05T07:43:10Z
ResponseParameter:  billNo: 95dc55767368423693755e6d080dbe06 | endTime:2015-06-05 07:43:10

2015-06-05T07:43:10Z
<?xml version="1.0" encoding="UTF-8"?>
<RESPONSE>
  <VERS>0630</VERS>
  <MODE>U</MODE>
  <TRAN>3CKK0JCWS0ZW</TRAN>
  <MERC>680000</MERC>
  <SESS>95dc55767368423693755e6d080dbe06</SESS>
  <RULES_TRIGGERED>0</RULES_TRIGGERED>
  <COUNTERS_TRIGGERED>0</COUNTERS_TRIGGERED>
  <REASON_CODE></REASON_CODE>
  <MASTERCARD></MASTERCARD>
  <WARNING_COUNT>0</WARNING_COUNT>
</RESPONSE>

2015-06-05T07:44:40Z
RequestParameter:  billNo: b38223e417de4ce2a1ec93b0654933e2 | startTime:2015-06-05 07:44:40

2015-06-05T07:44:40Z
Array
(
    [MODE] => U
    [FRMT] => XML
    [VERS] => 0630
    [MERC] => 680000
    [SESS] => b38223e417de4ce2a1ec93b0654933e2
    [TRAN] => 3CKK0KSLR3TD
    [AUTH] => D
    [MACK] => Y
)


2015-06-05T07:44:40Z
ResponseParameter:  billNo: b38223e417de4ce2a1ec93b0654933e2 | endTime:2015-06-05 07:44:40

2015-06-05T07:44:40Z
<?xml version="1.0" encoding="UTF-8"?>
<RESPONSE>
  <VERS>0630</VERS>
  <MODE>U</MODE>
  <TRAN>3CKK0KSLR3TD</TRAN>
  <MERC>680000</MERC>
  <SESS>b38223e417de4ce2a1ec93b0654933e2</SESS>
  <RULES_TRIGGERED>0</RULES_TRIGGERED>
  <COUNTERS_TRIGGERED>0</COUNTERS_TRIGGERED>
  <REASON_CODE></REASON_CODE>
  <MASTERCARD></MASTERCARD>
  <WARNING_COUNT>0</WARNING_COUNT>
</RESPONSE>

2015-06-05T07:48:42Z
RequestParameter:  billNo: QCs0X1433490517 | startTime:2015-06-05 07:48:42

2015-06-05T07:48:42Z
Array
(
    [MODE] => U
    [FRMT] => XML
    [VERS] => 0630
    [MERC] => 680000
    [SESS] => QCs0X1433490517
    [TRAN] => 3CKK0TKGS5JR
    [AUTH] => D
    [MACK] => Y
)


2015-06-05T07:48:43Z
ResponseParameter:  billNo: QCs0X1433490517 | endTime:2015-06-05 07:48:43

2015-06-05T07:48:43Z
<?xml version="1.0" encoding="UTF-8"?>
<RESPONSE>
  <VERS>0630</VERS>
  <MODE>U</MODE>
  <TRAN>3CKK0TKGS5JR</TRAN>
  <MERC>680000</MERC>
  <SESS>QCs0X1433490517</SESS>
  <RULES_TRIGGERED>0</RULES_TRIGGERED>
  <COUNTERS_TRIGGERED>0</COUNTERS_TRIGGERED>
  <REASON_CODE></REASON_CODE>
  <MASTERCARD></MASTERCARD>
  <WARNING_COUNT>0</WARNING_COUNT>
</RESPONSE>

2015-06-05T07:49:27Z
RequestParameter:  billNo: c5da795fa6f349d783ab973a97a9fc23 | startTime:2015-06-05 07:49:27

2015-06-05T07:49:27Z
Array
(
    [MODE] => U
    [FRMT] => XML
    [VERS] => 0630
    [MERC] => 680000
    [SESS] => c5da795fa6f349d783ab973a97a9fc23
    [TRAN] => 3CKK0Z28Y28Y
    [AUTH] => D
    [MACK] => Y
)


2015-06-05T07:49:28Z
ResponseParameter:  billNo: c5da795fa6f349d783ab973a97a9fc23 | endTime:2015-06-05 07:49:28

2015-06-05T07:49:28Z
<?xml version="1.0" encoding="UTF-8"?>
<RESPONSE>
  <VERS>0630</VERS>
  <MODE>U</MODE>
  <TRAN>3CKK0Z28Y28Y</TRAN>
  <MERC>680000</MERC>
  <SESS>c5da795fa6f349d783ab973a97a9fc23</SESS>
  <RULES_TRIGGERED>0</RULES_TRIGGERED>
  <COUNTERS_TRIGGERED>0</COUNTERS_TRIGGERED>
  <REASON_CODE></REASON_CODE>
  <MASTERCARD></MASTERCARD>
  <WARNING_COUNT>0</WARNING_COUNT>
</RESPONSE>

2015-06-05T07:49:28Z
RequestParameter:  billNo: vZI1u1433490566 | startTime:2015-06-05 07:49:28

2015-06-05T07:49:28Z
Array
(
    [MODE] => U
    [FRMT] => XML
    [VERS] => 0630
    [MERC] => 680000
    [SESS] => vZI1u1433490566
    [TRAN] => 3CKK0WDZPX3V
    [AUTH] => D
    [MACK] => Y
)


2015-06-05T07:49:29Z
ResponseParameter:  billNo: vZI1u1433490566 | endTime:2015-06-05 07:49:29

2015-06-05T07:49:29Z
<?xml version="1.0" encoding="UTF-8"?>
<RESPONSE>
  <VERS>0630</VERS>
  <MODE>U</MODE>
  <TRAN>3CKK0WDZPX3V</TRAN>
  <MERC>680000</MERC>
  <SESS>vZI1u1433490566</SESS>
  <RULES_TRIGGERED>0</RULES_TRIGGERED>
  <COUNTERS_TRIGGERED>0</COUNTERS_TRIGGERED>
  <REASON_CODE></REASON_CODE>
  <MASTERCARD></MASTERCARD>
  <WARNING_COUNT>0</WARNING_COUNT>
</RESPONSE>

2015-06-05T07:52:16Z
RequestParameter:  billNo: bill635690872707862281 | startTime:2015-06-05 07:52:16

2015-06-05T07:52:16Z
Array
(
    [MODE] => U
    [FRMT] => XML
    [VERS] => 0630
    [MERC] => 680000
    [SESS] => sess635690872707862281
    [TRAN] => 3CKK0LWYY1ZG
    [AUTH] => D
    [MACK] => Y
)


2015-06-05T07:52:17Z
ResponseParameter:  billNo: bill635690872707862281 | endTime:2015-06-05 07:52:17

2015-06-05T07:52:17Z
<?xml version="1.0" encoding="UTF-8"?>
<RESPONSE>
  <VERS>0630</VERS>
  <MODE>U</MODE>
  <TRAN>3CKK0LWYY1ZG</TRAN>
  <MERC>680000</MERC>
  <SESS>sess635690872707862281</SESS>
  <RULES_TRIGGERED>0</RULES_TRIGGERED>
  <COUNTERS_TRIGGERED>0</COUNTERS_TRIGGERED>
  <REASON_CODE></REASON_CODE>
  <MASTERCARD></MASTERCARD>
  <WARNING_COUNT>0</WARNING_COUNT>
</RESPONSE>

2015-06-05T07:54:23Z
RequestParameter:  billNo: 9mJcP1433490858 | startTime:2015-06-05 07:54:23

2015-06-05T07:54:23Z
Array
(
    [MODE] => U
    [FRMT] => XML
    [VERS] => 0630
    [MERC] => 680000
    [SESS] => 9mJcP1433490858
    [TRAN] => 3CKK080PBKS6
    [AUTH] => D
    [MACK] => Y
)


2015-06-05T07:54:24Z
ResponseParameter:  billNo: 9mJcP1433490858 | endTime:2015-06-05 07:54:24

2015-06-05T07:54:24Z
<?xml version="1.0" encoding="UTF-8"?>
<RESPONSE>
  <VERS>0630</VERS>
  <MODE>U</MODE>
  <TRAN>3CKK080PBKS6</TRAN>
  <MERC>680000</MERC>
  <SESS>9mJcP1433490858</SESS>
  <RULES_TRIGGERED>0</RULES_TRIGGERED>
  <COUNTERS_TRIGGERED>0</COUNTERS_TRIGGERED>
  <REASON_CODE></REASON_CODE>
  <MASTERCARD></MASTERCARD>
  <WARNING_COUNT>0</WARNING_COUNT>
</RESPONSE>

2015-06-05T07:56:29Z
RequestParameter:  billNo: 5f87ec562c90478b8df57023f2686c09 | startTime:2015-06-05 07:56:29

2015-06-05T07:56:29Z
Array
(
    [MODE] => U
    [FRMT] => XML
    [VERS] => 0630
    [MERC] => 680000
    [SESS] => 5f87ec562c90478b8df57023f2686c09
    [TRAN] => 3CKK017NM4MT
    [AUTH] => D
    [MACK] => Y
)


2015-06-05T07:56:30Z
ResponseParameter:  billNo: 5f87ec562c90478b8df57023f2686c09 | endTime:2015-06-05 07:56:30

2015-06-05T07:56:30Z
<?xml version="1.0" encoding="UTF-8"?>
<RESPONSE>
  <VERS>0630</VERS>
  <MODE>U</MODE>
  <TRAN>3CKK017NM4MT</TRAN>
  <MERC>680000</MERC>
  <SESS>5f87ec562c90478b8df57023f2686c09</SESS>
  <RULES_TRIGGERED>0</RULES_TRIGGERED>
  <COUNTERS_TRIGGERED>0</COUNTERS_TRIGGERED>
  <REASON_CODE></REASON_CODE>
  <MASTERCARD></MASTERCARD>
  <WARNING_COUNT>0</WARNING_COUNT>
</RESPONSE>

2015-06-05T08:08:12Z
RequestParameter:  billNo: bill635690882079910053 | startTime:2015-06-05 08:08:12

2015-06-05T08:08:12Z
Array
(
    [MODE] => U
    [FRMT] => XML
    [VERS] => 0630
    [MERC] => 680000
    [SESS] => sess635690882079910053
    [TRAN] => 3CKN09M1VVCR
    [AUTH] => D
    [MACK] => Y
)


2015-06-05T08:08:13Z
ResponseParameter:  billNo: bill635690882079910053 | endTime:2015-06-05 08:08:13

2015-06-05T08:08:13Z
<?xml version="1.0" encoding="UTF-8"?>
<RESPONSE>
  <VERS>0630</VERS>
  <MODE>U</MODE>
  <TRAN>3CKN09M1VVCR</TRAN>
  <MERC>680000</MERC>
  <SESS>sess635690882079910053</SESS>
  <RULES_TRIGGERED>0</RULES_TRIGGERED>
  <COUNTERS_TRIGGERED>0</COUNTERS_TRIGGERED>
  <REASON_CODE></REASON_CODE>
  <MASTERCARD></MASTERCARD>
  <WARNING_COUNT>0</WARNING_COUNT>
</RESPONSE>

2015-06-05T08:08:14Z
RequestParameter:  billNo: 2c819b681a02431a882013d91704c99c | startTime:2015-06-05 08:08:14

2015-06-05T08:08:14Z
Array
(
    [MODE] => U
    [FRMT] => XML
    [VERS] => 0630
    [MERC] => 680000
    [SESS] => 2c819b681a02431a882013d91704c99c
    [TRAN] => 3CKN0B4SVNS9
    [AUTH] => D
    [MACK] => Y
)


2015-06-05T08:08:15Z
ResponseParameter:  billNo: 2c819b681a02431a882013d91704c99c | endTime:2015-06-05 08:08:15

2015-06-05T08:08:15Z
<?xml version="1.0" encoding="UTF-8"?>
<RESPONSE>
  <VERS>0630</VERS>
  <MODE>U</MODE>
  <TRAN>3CKN0B4SVNS9</TRAN>
  <MERC>680000</MERC>
  <SESS>2c819b681a02431a882013d91704c99c</SESS>
  <RULES_TRIGGERED>0</RULES_TRIGGERED>
  <COUNTERS_TRIGGERED>0</COUNTERS_TRIGGERED>
  <REASON_CODE></REASON_CODE>
  <MASTERCARD></MASTERCARD>
  <WARNING_COUNT>0</WARNING_COUNT>
</RESPONSE>

2015-06-05T08:09:36Z
RequestParameter:  billNo: bill635690882992613241 | startTime:2015-06-05 08:09:36

2015-06-05T08:09:36Z
Array
(
    [MODE] => U
    [FRMT] => XML
    [VERS] => 0630
    [MERC] => 680000
    [SESS] => sess635690882992613241
    [TRAN] => 3CKN0BL6J7W9
    [AUTH] => D
    [MACK] => Y
)


2015-06-05T08:09:37Z
ResponseParameter:  billNo: bill635690882992613241 | endTime:2015-06-05 08:09:37

2015-06-05T08:09:37Z
<?xml version="1.0" encoding="UTF-8"?>
<RESPONSE>
  <VERS>0630</VERS>
  <MODE>U</MODE>
  <TRAN>3CKN0BL6J7W9</TRAN>
  <MERC>680000</MERC>
  <SESS>sess635690882992613241</SESS>
  <RULES_TRIGGERED>0</RULES_TRIGGERED>
  <COUNTERS_TRIGGERED>0</COUNTERS_TRIGGERED>
  <REASON_CODE></REASON_CODE>
  <MASTERCARD></MASTERCARD>
  <WARNING_COUNT>0</WARNING_COUNT>
</RESPONSE>

2015-06-05T08:11:28Z
RequestParameter:  billNo: 5fea5e5738194995afa956a180274f9d | startTime:2015-06-05 08:11:28

2015-06-05T08:11:28Z
Array
(
    [MODE] => U
    [FRMT] => XML
    [VERS] => 0630
    [MERC] => 680000
    [SESS] => 5fea5e5738194995afa956a180274f9d
    [TRAN] => 3CKN0GB74LGH
    [AUTH] => D
    [MACK] => Y
)


2015-06-05T08:11:29Z
ResponseParameter:  billNo: 5fea5e5738194995afa956a180274f9d | endTime:2015-06-05 08:11:29

2015-06-05T08:11:29Z
<?xml version="1.0" encoding="UTF-8"?>
<RESPONSE>
  <VERS>0630</VERS>
  <MODE>U</MODE>
  <TRAN>3CKN0GB74LGH</TRAN>
  <MERC>680000</MERC>
  <SESS>5fea5e5738194995afa956a180274f9d</SESS>
  <RULES_TRIGGERED>0</RULES_TRIGGERED>
  <COUNTERS_TRIGGERED>0</COUNTERS_TRIGGERED>
  <REASON_CODE></REASON_CODE>
  <MASTERCARD></MASTERCARD>
  <WARNING_COUNT>0</WARNING_COUNT>
</RESPONSE>

2015-06-05T08:13:15Z
RequestParameter:  billNo: b9c054379149441d815bc0437b932aec | startTime:2015-06-05 08:13:15

2015-06-05T08:13:15Z
Array
(
    [MODE] => U
    [FRMT] => XML
    [VERS] => 0630
    [MERC] => 680000
    [SESS] => b9c054379149441d815bc0437b932aec
    [TRAN] => 3CKN0BZ8WJYV
    [AUTH] => D
    [MACK] => Y
)


2015-06-05T08:13:16Z
ResponseParameter:  billNo: b9c054379149441d815bc0437b932aec | endTime:2015-06-05 08:13:16

2015-06-05T08:13:16Z
<?xml version="1.0" encoding="UTF-8"?>
<RESPONSE>
  <VERS>0630</VERS>
  <MODE>U</MODE>
  <TRAN>3CKN0BZ8WJYV</TRAN>
  <MERC>680000</MERC>
  <SESS>b9c054379149441d815bc0437b932aec</SESS>
  <RULES_TRIGGERED>0</RULES_TRIGGERED>
  <COUNTERS_TRIGGERED>0</COUNTERS_TRIGGERED>
  <REASON_CODE></REASON_CODE>
  <MASTERCARD></MASTERCARD>
  <WARNING_COUNT>0</WARNING_COUNT>
</RESPONSE>

2015-06-05T08:14:13Z
RequestParameter:  billNo: bill635690885151162783 | startTime:2015-06-05 08:14:13

2015-06-05T08:14:13Z
Array
(
    [MODE] => U
    [FRMT] => XML
    [VERS] => 0630
    [MERC] => 680000
    [SESS] => sess635690885151162783
    [TRAN] => 3CKN0GW1WM2D
    [AUTH] => D
    [MACK] => Y
)


2015-06-05T08:14:14Z
ResponseParameter:  billNo: bill635690885151162783 | endTime:2015-06-05 08:14:14

2015-06-05T08:14:14Z
<?xml version="1.0" encoding="UTF-8"?>
<RESPONSE>
  <VERS>0630</VERS>
  <MODE>U</MODE>
  <TRAN>3CKN0GW1WM2D</TRAN>
  <MERC>680000</MERC>
  <SESS>sess635690885151162783</SESS>
  <RULES_TRIGGERED>0</RULES_TRIGGERED>
  <COUNTERS_TRIGGERED>0</COUNTERS_TRIGGERED>
  <REASON_CODE></REASON_CODE>
  <MASTERCARD></MASTERCARD>
  <WARNING_COUNT>0</WARNING_COUNT>
</RESPONSE>

2015-06-05T08:14:15Z
RequestParameter:  billNo: TOt231433492050 | startTime:2015-06-05 08:14:15

2015-06-05T08:14:15Z
Array
(
    [MODE] => U
    [FRMT] => XML
    [VERS] => 0630
    [MERC] => 680000
    [SESS] => TOt231433492050
    [TRAN] => 3CKN0846BCLT
    [AUTH] => D
    [MACK] => Y
)


2015-06-05T08:14:15Z
ResponseParameter:  billNo: TOt231433492050 | endTime:2015-06-05 08:14:15

2015-06-05T08:14:15Z
<?xml version="1.0" encoding="UTF-8"?>
<RESPONSE>
  <VERS>0630</VERS>
  <MODE>U</MODE>
  <TRAN>3CKN0846BCLT</TRAN>
  <MERC>680000</MERC>
  <SESS>TOt231433492050</SESS>
  <RULES_TRIGGERED>0</RULES_TRIGGERED>
  <COUNTERS_TRIGGERED>0</COUNTERS_TRIGGERED>
  <REASON_CODE></REASON_CODE>
  <MASTERCARD></MASTERCARD>
  <WARNING_COUNT>0</WARNING_COUNT>
</RESPONSE>

2015-06-05T08:15:35Z
RequestParameter:  billNo: bill635690886689679555 | startTime:2015-06-05 08:15:35

2015-06-05T08:15:35Z
Array
(
    [MODE] => U
    [FRMT] => XML
    [VERS] => 0630
    [MERC] => 680000
    [SESS] => sess635690886689679555
    [TRAN] => 3CKN0Z05X7TX
    [AUTH] => D
    [MACK] => Y
)


2015-06-05T08:15:36Z
ResponseParameter:  billNo: bill635690886689679555 | endTime:2015-06-05 08:15:36

2015-06-05T08:15:36Z
<?xml version="1.0" encoding="UTF-8"?>
<RESPONSE>
  <VERS>0630</VERS>
  <MODE>U</MODE>
  <TRAN>3CKN0Z05X7TX</TRAN>
  <MERC>680000</MERC>
  <SESS>sess635690886689679555</SESS>
  <RULES_TRIGGERED>0</RULES_TRIGGERED>
  <COUNTERS_TRIGGERED>0</COUNTERS_TRIGGERED>
  <REASON_CODE></REASON_CODE>
  <MASTERCARD></MASTERCARD>
  <WARNING_COUNT>0</WARNING_COUNT>
</RESPONSE>

2015-06-05T08:16:33Z
RequestParameter:  billNo: w6cCA1433492189 | startTime:2015-06-05 08:16:33

2015-06-05T08:16:33Z
Array
(
    [MODE] => U
    [FRMT] => XML
    [VERS] => 0630
    [MERC] => 680000
    [SESS] => w6cCA1433492189
    [TRAN] => 3CKN00YKX0ZK
    [AUTH] => D
    [MACK] => Y
)


2015-06-05T08:16:34Z
ResponseParameter:  billNo: w6cCA1433492189 | endTime:2015-06-05 08:16:34

2015-06-05T08:16:34Z
<?xml version="1.0" encoding="UTF-8"?>
<RESPONSE>
  <VERS>0630</VERS>
  <MODE>U</MODE>
  <TRAN>3CKN00YKX0ZK</TRAN>
  <MERC>680000</MERC>
  <SESS>w6cCA1433492189</SESS>
  <RULES_TRIGGERED>0</RULES_TRIGGERED>
  <COUNTERS_TRIGGERED>0</COUNTERS_TRIGGERED>
  <REASON_CODE></REASON_CODE>
  <MASTERCARD></MASTERCARD>
  <WARNING_COUNT>0</WARNING_COUNT>
</RESPONSE>

2015-06-05T08:16:52Z
RequestParameter:  billNo: yP4RG1433492207 | startTime:2015-06-05 08:16:52

2015-06-05T08:16:52Z
Array
(
    [MODE] => U
    [FRMT] => XML
    [VERS] => 0630
    [MERC] => 680000
    [SESS] => yP4RG1433492207
    [TRAN] => 3CKN0HLZGSZT
    [AUTH] => D
    [MACK] => Y
)


2015-06-05T08:16:53Z
ResponseParameter:  billNo: yP4RG1433492207 | endTime:2015-06-05 08:16:53

2015-06-05T08:16:53Z
<?xml version="1.0" encoding="UTF-8"?>
<RESPONSE>
  <VERS>0630</VERS>
  <MODE>U</MODE>
  <TRAN>3CKN0HLZGSZT</TRAN>
  <MERC>680000</MERC>
  <SESS>yP4RG1433492207</SESS>
  <RULES_TRIGGERED>0</RULES_TRIGGERED>
  <COUNTERS_TRIGGERED>0</COUNTERS_TRIGGERED>
  <REASON_CODE></REASON_CODE>
  <MASTERCARD></MASTERCARD>
  <WARNING_COUNT>0</WARNING_COUNT>
</RESPONSE>

2015-06-05T08:17:24Z
RequestParameter:  billNo: bill635690887796924391 | startTime:2015-06-05 08:17:24

2015-06-05T08:17:24Z
Array
(
    [MODE] => U
    [FRMT] => XML
    [VERS] => 0630
    [MERC] => 680000
    [SESS] => sess635690887796924391
    [TRAN] => 3CKN035YVJNZ
    [AUTH] => D
    [MACK] => Y
)


2015-06-05T08:17:24Z
ResponseParameter:  billNo: bill635690887796924391 | endTime:2015-06-05 08:17:24

2015-06-05T08:17:24Z
<?xml version="1.0" encoding="UTF-8"?>
<RESPONSE>
  <VERS>0630</VERS>
  <MODE>U</MODE>
  <TRAN>3CKN035YVJNZ</TRAN>
  <MERC>680000</MERC>
  <SESS>sess635690887796924391</SESS>
  <RULES_TRIGGERED>0</RULES_TRIGGERED>
  <COUNTERS_TRIGGERED>0</COUNTERS_TRIGGERED>
  <REASON_CODE></REASON_CODE>
  <MASTERCARD></MASTERCARD>
  <WARNING_COUNT>0</WARNING_COUNT>
</RESPONSE>

2015-06-05T08:31:49Z
RequestParameter:  billNo: b0MzJ1433493105 | startTime:2015-06-05 08:31:49

2015-06-05T08:31:49Z
Array
(
    [MODE] => U
    [FRMT] => XML
    [VERS] => 0630
    [MERC] => 680000
    [SESS] => b0MzJ1433493105
    [TRAN] => 3CKN07KKVT6J
    [AUTH] => D
    [MACK] => Y
)


2015-06-05T08:31:50Z
ResponseParameter:  billNo: b0MzJ1433493105 | endTime:2015-06-05 08:31:50

2015-06-05T08:31:50Z
<?xml version="1.0" encoding="UTF-8"?>
<RESPONSE>
  <VERS>0630</VERS>
  <MODE>U</MODE>
  <TRAN>3CKN07KKVT6J</TRAN>
  <MERC>680000</MERC>
  <SESS>b0MzJ1433493105</SESS>
  <RULES_TRIGGERED>0</RULES_TRIGGERED>
  <COUNTERS_TRIGGERED>0</COUNTERS_TRIGGERED>
  <REASON_CODE></REASON_CODE>
  <MASTERCARD></MASTERCARD>
  <WARNING_COUNT>0</WARNING_COUNT>
</RESPONSE>

2015-06-05T08:32:56Z
RequestParameter:  billNo: e8da4ab91cc345859482b555e5230f3e | startTime:2015-06-05 08:32:56

2015-06-05T08:32:56Z
Array
(
    [MODE] => U
    [FRMT] => XML
    [VERS] => 0630
    [MERC] => 680000
    [SESS] => e8da4ab91cc345859482b555e5230f3e
    [TRAN] => 3CKN0VPTSNTW
    [AUTH] => D
    [MACK] => Y
)


2015-06-05T08:32:57Z
ResponseParameter:  billNo: e8da4ab91cc345859482b555e5230f3e | endTime:2015-06-05 08:32:57

2015-06-05T08:32:57Z
<?xml version="1.0" encoding="UTF-8"?>
<RESPONSE>
  <VERS>0630</VERS>
  <MODE>U</MODE>
  <TRAN>3CKN0VPTSNTW</TRAN>
  <MERC>680000</MERC>
  <SESS>e8da4ab91cc345859482b555e5230f3e</SESS>
  <RULES_TRIGGERED>0</RULES_TRIGGERED>
  <COUNTERS_TRIGGERED>0</COUNTERS_TRIGGERED>
  <REASON_CODE></REASON_CODE>
  <MASTERCARD></MASTERCARD>
  <WARNING_COUNT>0</WARNING_COUNT>
</RESPONSE>

2015-06-05T08:36:14Z
RequestParameter:  billNo: WDMvj1433493369 | startTime:2015-06-05 08:36:14

2015-06-05T08:36:14Z
Array
(
    [MODE] => U
    [FRMT] => XML
    [VERS] => 0630
    [MERC] => 680000
    [SESS] => WDMvj1433493369
    [TRAN] => 3CKN0562Z7V9
    [AUTH] => D
    [MACK] => Y
)


2015-06-05T08:36:15Z
ResponseParameter:  billNo: WDMvj1433493369 | endTime:2015-06-05 08:36:15

2015-06-05T08:36:15Z
<?xml version="1.0" encoding="UTF-8"?>
<RESPONSE>
  <VERS>0630</VERS>
  <MODE>U</MODE>
  <TRAN>3CKN0562Z7V9</TRAN>
  <MERC>680000</MERC>
  <SESS>WDMvj1433493369</SESS>
  <RULES_TRIGGERED>0</RULES_TRIGGERED>
  <COUNTERS_TRIGGERED>0</COUNTERS_TRIGGERED>
  <REASON_CODE></REASON_CODE>
  <MASTERCARD></MASTERCARD>
  <WARNING_COUNT>0</WARNING_COUNT>
</RESPONSE>

2015-06-05T09:07:59Z
RequestParameter:  billNo: af79fcf5314f42af9616c5978d585b5b | startTime:2015-06-05 09:07:59

2015-06-05T09:07:59Z
Array
(
    [MODE] => U
    [FRMT] => XML
    [VERS] => 0630
    [MERC] => 680000
    [SESS] => d06f3516a223475887543c7e740ec034
    [TRAN] => 3CKJ0WN1MNHW
    [AUTH] => D
    [MACK] => Y
)


2015-06-05T09:08:00Z
ResponseParameter:  billNo: af79fcf5314f42af9616c5978d585b5b | endTime:2015-06-05 09:08:00

2015-06-05T09:08:00Z
<?xml version="1.0" encoding="UTF-8"?>
<RESPONSE>
  <VERS>0630</VERS>
  <MODE>U</MODE>
  <TRAN>3CKJ0WN1MNHW</TRAN>
  <MERC>680000</MERC>
  <SESS>d06f3516a223475887543c7e740ec034</SESS>
  <RULES_TRIGGERED>0</RULES_TRIGGERED>
  <COUNTERS_TRIGGERED>0</COUNTERS_TRIGGERED>
  <REASON_CODE></REASON_CODE>
  <MASTERCARD></MASTERCARD>
  <WARNING_COUNT>0</WARNING_COUNT>
</RESPONSE>

2015-06-05T09:08:42Z
RequestParameter:  billNo: 837db7af322a42b9abdf65c3ad4cd3f0 | startTime:2015-06-05 09:08:42

2015-06-05T09:08:42Z
Array
(
    [MODE] => U
    [FRMT] => XML
    [VERS] => 0630
    [MERC] => 680000
    [SESS] => fea886853b4c43a6849c1ea8bee54bad
    [TRAN] => 3CKJ0XWH2CGV
    [AUTH] => D
    [MACK] => Y
)


2015-06-05T09:08:43Z
ResponseParameter:  billNo: 837db7af322a42b9abdf65c3ad4cd3f0 | endTime:2015-06-05 09:08:43

2015-06-05T09:08:43Z
<?xml version="1.0" encoding="UTF-8"?>
<RESPONSE>
  <VERS>0630</VERS>
  <MODE>U</MODE>
  <TRAN>3CKJ0XWH2CGV</TRAN>
  <MERC>680000</MERC>
  <SESS>fea886853b4c43a6849c1ea8bee54bad</SESS>
  <RULES_TRIGGERED>0</RULES_TRIGGERED>
  <COUNTERS_TRIGGERED>0</COUNTERS_TRIGGERED>
  <REASON_CODE></REASON_CODE>
  <MASTERCARD></MASTERCARD>
  <WARNING_COUNT>0</WARNING_COUNT>
</RESPONSE>

2015-06-05T09:10:39Z
RequestParameter:  billNo: 3671e59a62a14b239f2e1b64ee2054bc | startTime:2015-06-05 09:10:39

2015-06-05T09:10:39Z
Array
(
    [MODE] => U
    [FRMT] => XML
    [VERS] => 0630
    [MERC] => 680000
    [SESS] => 3671e59a62a14b239f2e1b64ee2054bc
    [TRAN] => 3CKJ0JGZYRMP
    [AUTH] => D
    [MACK] => Y
)


2015-06-05T09:10:40Z
ResponseParameter:  billNo: 3671e59a62a14b239f2e1b64ee2054bc | endTime:2015-06-05 09:10:40

2015-06-05T09:10:40Z
<?xml version="1.0" encoding="UTF-8"?>
<RESPONSE>
  <VERS>0630</VERS>
  <MODE>U</MODE>
  <TRAN>3CKJ0JGZYRMP</TRAN>
  <MERC>680000</MERC>
  <SESS>3671e59a62a14b239f2e1b64ee2054bc</SESS>
  <RULES_TRIGGERED>0</RULES_TRIGGERED>
  <COUNTERS_TRIGGERED>0</COUNTERS_TRIGGERED>
  <REASON_CODE></REASON_CODE>
  <MASTERCARD></MASTERCARD>
  <WARNING_COUNT>0</WARNING_COUNT>
</RESPONSE>

2015-06-05T09:10:54Z
RequestParameter:  billNo: e278734f012b48a59ecf923d0c27034e | startTime:2015-06-05 09:10:54

2015-06-05T09:10:54Z
Array
(
    [MODE] => U
    [FRMT] => XML
    [VERS] => 0630
    [MERC] => 680000
    [SESS] => e278734f012b48a59ecf923d0c27034e
    [TRAN] => 3CKJ0LJGZ3M0
    [AUTH] => D
    [MACK] => Y
)


2015-06-05T09:10:54Z
ResponseParameter:  billNo: e278734f012b48a59ecf923d0c27034e | endTime:2015-06-05 09:10:54

2015-06-05T09:10:54Z
<?xml version="1.0" encoding="UTF-8"?>
<RESPONSE>
  <VERS>0630</VERS>
  <MODE>U</MODE>
  <TRAN>3CKJ0LJGZ3M0</TRAN>
  <MERC>680000</MERC>
  <SESS>e278734f012b48a59ecf923d0c27034e</SESS>
  <RULES_TRIGGERED>0</RULES_TRIGGERED>
  <COUNTERS_TRIGGERED>0</COUNTERS_TRIGGERED>
  <REASON_CODE></REASON_CODE>
  <MASTERCARD></MASTERCARD>
  <WARNING_COUNT>0</WARNING_COUNT>
</RESPONSE>

2015-06-05T09:13:32Z
RequestParameter:  billNo: 14d162a46247493b92df554cf98b21c1 | startTime:2015-06-05 09:13:32

2015-06-05T09:13:32Z
Array
(
    [MODE] => U
    [FRMT] => XML
    [VERS] => 0630
    [MERC] => 680000
    [SESS] => 14d162a46247493b92df554cf98b21c1
    [TRAN] => 3CKJ0G43XC6M
    [AUTH] => D
    [MACK] => Y
)


2015-06-05T09:13:33Z
ResponseParameter:  billNo: 14d162a46247493b92df554cf98b21c1 | endTime:2015-06-05 09:13:33

2015-06-05T09:13:33Z
<?xml version="1.0" encoding="UTF-8"?>
<RESPONSE>
  <VERS>0630</VERS>
  <MODE>U</MODE>
  <TRAN>3CKJ0G43XC6M</TRAN>
  <MERC>680000</MERC>
  <SESS>14d162a46247493b92df554cf98b21c1</SESS>
  <RULES_TRIGGERED>0</RULES_TRIGGERED>
  <COUNTERS_TRIGGERED>0</COUNTERS_TRIGGERED>
  <REASON_CODE></REASON_CODE>
  <MASTERCARD></MASTERCARD>
  <WARNING_COUNT>0</WARNING_COUNT>
</RESPONSE>

2015-06-05T09:14:00Z
RequestParameter:  billNo: 016fc24fb42a466bbfa4cd71822f33de | startTime:2015-06-05 09:14:00

2015-06-05T09:14:00Z
Array
(
    [MODE] => U
    [FRMT] => XML
    [VERS] => 0630
    [MERC] => 680000
    [SESS] => 016fc24fb42a466bbfa4cd71822f33de
    [TRAN] => 3CKJ0TQCTM4G
    [AUTH] => D
    [MACK] => Y
)


2015-06-05T09:14:00Z
ResponseParameter:  billNo: 016fc24fb42a466bbfa4cd71822f33de | endTime:2015-06-05 09:14:00

2015-06-05T09:14:00Z
<?xml version="1.0" encoding="UTF-8"?>
<RESPONSE>
  <VERS>0630</VERS>
  <MODE>U</MODE>
  <TRAN>3CKJ0TQCTM4G</TRAN>
  <MERC>680000</MERC>
  <SESS>016fc24fb42a466bbfa4cd71822f33de</SESS>
  <RULES_TRIGGERED>0</RULES_TRIGGERED>
  <COUNTERS_TRIGGERED>0</COUNTERS_TRIGGERED>
  <REASON_CODE></REASON_CODE>
  <MASTERCARD></MASTERCARD>
  <WARNING_COUNT>0</WARNING_COUNT>
</RESPONSE>

2015-06-05T09:15:02Z
RequestParameter:  billNo: 131ee18599784388b011b97e6ff749cc | startTime:2015-06-05 09:15:02

2015-06-05T09:15:02Z
Array
(
    [MODE] => U
    [FRMT] => XML
    [VERS] => 0630
    [MERC] => 680000
    [SESS] => 131ee18599784388b011b97e6ff749cc
    [TRAN] => 307T0T37HDGT
    [AUTH] => 
    [MACK] => Y
    [RFCB] => R
)


2015-06-05T09:15:03Z
ResponseParameter:  billNo: 131ee18599784388b011b97e6ff749cc | endTime:2015-06-05 09:15:03

2015-06-05T09:15:03Z
<?xml version="1.0" encoding="UTF-8"?>
<RESPONSE>
  <VERS>0630</VERS>
  <MODE>U</MODE>
  <TRAN>307T0T37HDGT</TRAN>
  <MERC>680000</MERC>
  <SESS>131ee18599784388b011b97e6ff749cc</SESS>
  <RULES_TRIGGERED>0</RULES_TRIGGERED>
  <COUNTERS_TRIGGERED>0</COUNTERS_TRIGGERED>
  <REASON_CODE></REASON_CODE>
  <MASTERCARD></MASTERCARD>
  <WARNING_COUNT>0</WARNING_COUNT>
</RESPONSE>

2015-06-05T09:35:10Z
RequestParameter:  billNo: HgCAt1433496905 | startTime:2015-06-05 09:35:10

2015-06-05T09:35:10Z
Array
(
    [MODE] => U
    [FRMT] => XML
    [VERS] => 0630
    [MERC] => 680000
    [SESS] => HgCAt1433496905
    [TRAN] => 3CKJ00L6JPKD
    [AUTH] => D
    [MACK] => Y
)


2015-06-05T09:35:11Z
ResponseParameter:  billNo: HgCAt1433496905 | endTime:2015-06-05 09:35:11

2015-06-05T09:35:11Z
<?xml version="1.0" encoding="UTF-8"?>
<RESPONSE>
  <VERS>0630</VERS>
  <MODE>U</MODE>
  <TRAN>3CKJ00L6JPKD</TRAN>
  <MERC>680000</MERC>
  <SESS>HgCAt1433496905</SESS>
  <RULES_TRIGGERED>0</RULES_TRIGGERED>
  <COUNTERS_TRIGGERED>0</COUNTERS_TRIGGERED>
  <REASON_CODE></REASON_CODE>
  <MASTERCARD></MASTERCARD>
  <WARNING_COUNT>0</WARNING_COUNT>
</RESPONSE>

2015-06-05T09:36:44Z
RequestParameter:  billNo: bill635690935425951541 | startTime:2015-06-05 09:36:44

2015-06-05T09:36:44Z
Array
(
    [MODE] => U
    [FRMT] => XML
    [VERS] => 0630
    [MERC] => 680000
    [SESS] => sess635690935425951541
    [TRAN] => 3CKJ0T13PNKX
    [AUTH] => D
    [MACK] => Y
)


2015-06-05T09:36:45Z
ResponseParameter:  billNo: bill635690935425951541 | endTime:2015-06-05 09:36:45

2015-06-05T09:36:45Z
<?xml version="1.0" encoding="UTF-8"?>
<RESPONSE>
  <VERS>0630</VERS>
  <MODE>U</MODE>
  <TRAN>3CKJ0T13PNKX</TRAN>
  <MERC>680000</MERC>
  <SESS>sess635690935425951541</SESS>
  <RULES_TRIGGERED>0</RULES_TRIGGERED>
  <COUNTERS_TRIGGERED>0</COUNTERS_TRIGGERED>
  <REASON_CODE></REASON_CODE>
  <MASTERCARD></MASTERCARD>
  <WARNING_COUNT>0</WARNING_COUNT>
</RESPONSE>

2015-06-05T09:41:25Z
RequestParameter:  billNo: 1fa40886959348bfb32224971522c6e6 | startTime:2015-06-05 09:41:25

2015-06-05T09:41:25Z
Array
(
    [MODE] => U
    [FRMT] => XML
    [VERS] => 0630
    [MERC] => 680000
    [SESS] => 1fa40886959348bfb32224971522c6e6
    [TRAN] => 3CKJ0Y8QW5MX
    [AUTH] => D
    [MACK] => Y
)


2015-06-05T09:41:26Z
ResponseParameter:  billNo: 1fa40886959348bfb32224971522c6e6 | endTime:2015-06-05 09:41:26

2015-06-05T09:41:26Z
<?xml version="1.0" encoding="UTF-8"?>
<RESPONSE>
  <VERS>0630</VERS>
  <MODE>U</MODE>
  <TRAN>3CKJ0Y8QW5MX</TRAN>
  <MERC>680000</MERC>
  <SESS>1fa40886959348bfb32224971522c6e6</SESS>
  <RULES_TRIGGERED>0</RULES_TRIGGERED>
  <COUNTERS_TRIGGERED>0</COUNTERS_TRIGGERED>
  <REASON_CODE></REASON_CODE>
  <MASTERCARD></MASTERCARD>
  <WARNING_COUNT>0</WARNING_COUNT>
</RESPONSE>

2015-06-05T09:46:41Z
RequestParameter:  billNo: 94f3495942044803a392a74b7c08e364 | startTime:2015-06-05 09:46:41

2015-06-05T09:46:41Z
Array
(
    [MODE] => U
    [FRMT] => XML
    [VERS] => 0630
    [MERC] => 680000
    [SESS] => 94f3495942044803a392a74b7c08e364
    [TRAN] => 3CKJ08Z4LTW9
    [AUTH] => D
    [MACK] => Y
)


2015-06-05T09:46:42Z
ResponseParameter:  billNo: 94f3495942044803a392a74b7c08e364 | endTime:2015-06-05 09:46:42

2015-06-05T09:46:42Z
<?xml version="1.0" encoding="UTF-8"?>
<RESPONSE>
  <VERS>0630</VERS>
  <MODE>U</MODE>
  <TRAN>3CKJ08Z4LTW9</TRAN>
  <MERC>680000</MERC>
  <SESS>94f3495942044803a392a74b7c08e364</SESS>
  <RULES_TRIGGERED>0</RULES_TRIGGERED>
  <COUNTERS_TRIGGERED>0</COUNTERS_TRIGGERED>
  <REASON_CODE></REASON_CODE>
  <MASTERCARD></MASTERCARD>
  <WARNING_COUNT>0</WARNING_COUNT>
</RESPONSE>

2015-06-05T09:47:31Z
RequestParameter:  billNo: 9f50d7d84e9240dcad8cc33911c7bc94 | startTime:2015-06-05 09:47:31

2015-06-05T09:47:31Z
Array
(
    [MODE] => U
    [FRMT] => XML
    [VERS] => 0630
    [MERC] => 680000
    [SESS] => 9f50d7d84e9240dcad8cc33911c7bc94
    [TRAN] => 3CKJ0WW8DV53
    [AUTH] => D
    [MACK] => Y
)


2015-06-05T09:47:32Z
ResponseParameter:  billNo: 9f50d7d84e9240dcad8cc33911c7bc94 | endTime:2015-06-05 09:47:32

2015-06-05T09:47:32Z
<?xml version="1.0" encoding="UTF-8"?>
<RESPONSE>
  <VERS>0630</VERS>
  <MODE>U</MODE>
  <TRAN>3CKJ0WW8DV53</TRAN>
  <MERC>680000</MERC>
  <SESS>9f50d7d84e9240dcad8cc33911c7bc94</SESS>
  <RULES_TRIGGERED>0</RULES_TRIGGERED>
  <COUNTERS_TRIGGERED>0</COUNTERS_TRIGGERED>
  <REASON_CODE></REASON_CODE>
  <MASTERCARD></MASTERCARD>
  <WARNING_COUNT>0</WARNING_COUNT>
</RESPONSE>

2015-06-05T09:49:06Z
RequestParameter:  billNo: 9c3ddc0a4ca744caab05c3c811360f4a | startTime:2015-06-05 09:49:06

2015-06-05T09:49:06Z
Array
(
    [MODE] => U
    [FRMT] => XML
    [VERS] => 0630
    [MERC] => 680000
    [SESS] => 9c3ddc0a4ca744caab05c3c811360f4a
    [TRAN] => 3CKJ0TWDKGQ7
    [AUTH] => D
    [MACK] => Y
)


2015-06-05T09:49:06Z
ResponseParameter:  billNo: 9c3ddc0a4ca744caab05c3c811360f4a | endTime:2015-06-05 09:49:06

2015-06-05T09:49:06Z
<?xml version="1.0" encoding="UTF-8"?>
<RESPONSE>
  <VERS>0630</VERS>
  <MODE>U</MODE>
  <TRAN>3CKJ0TWDKGQ7</TRAN>
  <MERC>680000</MERC>
  <SESS>9c3ddc0a4ca744caab05c3c811360f4a</SESS>
  <RULES_TRIGGERED>0</RULES_TRIGGERED>
  <COUNTERS_TRIGGERED>0</COUNTERS_TRIGGERED>
  <REASON_CODE></REASON_CODE>
  <MASTERCARD></MASTERCARD>
  <WARNING_COUNT>0</WARNING_COUNT>
</RESPONSE>

2015-06-05T09:50:41Z
RequestParameter:  billNo: 473b74dfed6d46b5aeddef62fa12e01d | startTime:2015-06-05 09:50:41

2015-06-05T09:50:41Z
Array
(
    [MODE] => U
    [FRMT] => XML
    [VERS] => 0630
    [MERC] => 680000
    [SESS] => 473b74dfed6d46b5aeddef62fa12e01d
    [TRAN] => 3CKJ0KQ9499T
    [AUTH] => D
    [MACK] => Y
)


2015-06-05T09:50:42Z
ResponseParameter:  billNo: 473b74dfed6d46b5aeddef62fa12e01d | endTime:2015-06-05 09:50:42

2015-06-05T09:50:42Z
<?xml version="1.0" encoding="UTF-8"?>
<RESPONSE>
  <VERS>0630</VERS>
  <MODE>U</MODE>
  <TRAN>3CKJ0KQ9499T</TRAN>
  <MERC>680000</MERC>
  <SESS>473b74dfed6d46b5aeddef62fa12e01d</SESS>
  <RULES_TRIGGERED>0</RULES_TRIGGERED>
  <COUNTERS_TRIGGERED>0</COUNTERS_TRIGGERED>
  <REASON_CODE></REASON_CODE>
  <MASTERCARD></MASTERCARD>
  <WARNING_COUNT>0</WARNING_COUNT>
</RESPONSE>

2015-06-05T09:54:11Z
RequestParameter:  billNo: S2zQF1433498046 | startTime:2015-06-05 09:54:11

2015-06-05T09:54:11Z
Array
(
    [MODE] => U
    [FRMT] => XML
    [VERS] => 0630
    [MERC] => 680000
    [SESS] => S2zQF1433498046
    [TRAN] => 3CKJ0BKQWBSD
    [AUTH] => D
    [MACK] => Y
)


2015-06-05T09:54:12Z
ResponseParameter:  billNo: S2zQF1433498046 | endTime:2015-06-05 09:54:12

2015-06-05T09:54:12Z
<?xml version="1.0" encoding="UTF-8"?>
<RESPONSE>
  <VERS>0630</VERS>
  <MODE>U</MODE>
  <TRAN>3CKJ0BKQWBSD</TRAN>
  <MERC>680000</MERC>
  <SESS>S2zQF1433498046</SESS>
  <RULES_TRIGGERED>0</RULES_TRIGGERED>
  <COUNTERS_TRIGGERED>0</COUNTERS_TRIGGERED>
  <REASON_CODE></REASON_CODE>
  <MASTERCARD></MASTERCARD>
  <WARNING_COUNT>0</WARNING_COUNT>
</RESPONSE>

2015-06-05T10:01:16Z
RequestParameter:  billNo: bill635690949976236048 | startTime:2015-06-05 10:01:16

2015-06-05T10:01:16Z
Array
(
    [MODE] => U
    [FRMT] => XML
    [VERS] => 0630
    [MERC] => 680000
    [SESS] => sess635690949976236048
    [TRAN] => 3CKM0NBQT3ZB
    [AUTH] => D
    [MACK] => Y
)


2015-06-05T10:01:17Z
ResponseParameter:  billNo: bill635690949976236048 | endTime:2015-06-05 10:01:17

2015-06-05T10:01:17Z
<?xml version="1.0" encoding="UTF-8"?>
<RESPONSE>
  <VERS>0630</VERS>
  <MODE>U</MODE>
  <TRAN>3CKM0NBQT3ZB</TRAN>
  <MERC>680000</MERC>
  <SESS>sess635690949976236048</SESS>
  <RULES_TRIGGERED>0</RULES_TRIGGERED>
  <COUNTERS_TRIGGERED>0</COUNTERS_TRIGGERED>
  <REASON_CODE></REASON_CODE>
  <MASTERCARD></MASTERCARD>
  <WARNING_COUNT>0</WARNING_COUNT>
</RESPONSE>

2015-06-05T10:01:59Z
RequestParameter:  billNo: 5ea54ab9f84b4aaba03c06bc998e2e6f | startTime:2015-06-05 10:01:59

2015-06-05T10:01:59Z
Array
(
    [MODE] => U
    [FRMT] => XML
    [VERS] => 0630
    [MERC] => 680000
    [SESS] => 5ea54ab9f84b4aaba03c06bc998e2e6f
    [TRAN] => 3CKM0YVK4PKN
    [AUTH] => D
    [MACK] => Y
)


2015-06-05T10:02:00Z
ResponseParameter:  billNo: 5ea54ab9f84b4aaba03c06bc998e2e6f | endTime:2015-06-05 10:02:00

2015-06-05T10:02:00Z
<?xml version="1.0" encoding="UTF-8"?>
<RESPONSE>
  <VERS>0630</VERS>
  <MODE>U</MODE>
  <TRAN>3CKM0YVK4PKN</TRAN>
  <MERC>680000</MERC>
  <SESS>5ea54ab9f84b4aaba03c06bc998e2e6f</SESS>
  <RULES_TRIGGERED>0</RULES_TRIGGERED>
  <COUNTERS_TRIGGERED>0</COUNTERS_TRIGGERED>
  <REASON_CODE></REASON_CODE>
  <MASTERCARD></MASTERCARD>
  <WARNING_COUNT>0</WARNING_COUNT>
</RESPONSE>

2015-06-05T10:08:03Z
RequestParameter:  billNo: d6bbf6f2f14b403a974048a7dcb57b82 | startTime:2015-06-05 10:08:03

2015-06-05T10:08:03Z
Array
(
    [MODE] => U
    [FRMT] => XML
    [VERS] => 0630
    [MERC] => 680000
    [SESS] => d6bbf6f2f14b403a974048a7dcb57b82
    [TRAN] => 3CKM06C2RD0Q
    [AUTH] => D
    [MACK] => Y
)


2015-06-05T10:08:05Z
ResponseParameter:  billNo: d6bbf6f2f14b403a974048a7dcb57b82 | endTime:2015-06-05 10:08:05

2015-06-05T10:08:05Z
<?xml version="1.0" encoding="UTF-8"?>
<RESPONSE>
  <VERS>0630</VERS>
  <MODE>U</MODE>
  <TRAN>3CKM06C2RD0Q</TRAN>
  <MERC>680000</MERC>
  <SESS>d6bbf6f2f14b403a974048a7dcb57b82</SESS>
  <RULES_TRIGGERED>0</RULES_TRIGGERED>
  <COUNTERS_TRIGGERED>0</COUNTERS_TRIGGERED>
  <REASON_CODE></REASON_CODE>
  <MASTERCARD></MASTERCARD>
  <WARNING_COUNT>0</WARNING_COUNT>
</RESPONSE>

2015-06-05T10:17:54Z
RequestParameter:  billNo: 5571774a257ee | startTime:2015-06-05 10:17:54

2015-06-05T10:17:54Z
Array
(
    [MODE] => U
    [FRMT] => XML
    [VERS] => 0630
    [MERC] => 680000
    [SESS] => 5571774a257ee
    [TRAN] => 3CKM0D0PTV9X
    [AUTH] => D
    [MACK] => Y
)


2015-06-05T10:17:54Z
ResponseParameter:  billNo: 5571774a257ee | endTime:2015-06-05 10:17:54

2015-06-05T10:17:54Z
<?xml version="1.0" encoding="UTF-8"?>
<RESPONSE>
  <VERS>0630</VERS>
  <MODE>U</MODE>
  <TRAN>3CKM0D0PTV9X</TRAN>
  <MERC>680000</MERC>
  <SESS>5571774a257ee</SESS>
  <RULES_TRIGGERED>0</RULES_TRIGGERED>
  <COUNTERS_TRIGGERED>0</COUNTERS_TRIGGERED>
  <REASON_CODE></REASON_CODE>
  <MASTERCARD></MASTERCARD>
  <WARNING_COUNT>0</WARNING_COUNT>
</RESPONSE>

2015-06-05T10:21:34Z
RequestParameter:  billNo: 10640782b29e432c98cab1b912b4dd24 | startTime:2015-06-05 10:21:34

2015-06-05T10:21:34Z
Array
(
    [MODE] => U
    [FRMT] => XML
    [VERS] => 0630
    [MERC] => 680000
    [SESS] => 10640782b29e432c98cab1b912b4dd24
    [TRAN] => 3CKM09SS0523
    [AUTH] => D
    [MACK] => Y
)


2015-06-05T10:21:35Z
ResponseParameter:  billNo: 10640782b29e432c98cab1b912b4dd24 | endTime:2015-06-05 10:21:35

2015-06-05T10:21:35Z
<?xml version="1.0" encoding="UTF-8"?>
<RESPONSE>
  <VERS>0630</VERS>
  <MODE>U</MODE>
  <TRAN>3CKM09SS0523</TRAN>
  <MERC>680000</MERC>
  <SESS>10640782b29e432c98cab1b912b4dd24</SESS>
  <RULES_TRIGGERED>0</RULES_TRIGGERED>
  <COUNTERS_TRIGGERED>0</COUNTERS_TRIGGERED>
  <REASON_CODE></REASON_CODE>
  <MASTERCARD></MASTERCARD>
  <WARNING_COUNT>0</WARNING_COUNT>
</RESPONSE>

2015-06-05T10:33:58Z
RequestParameter:  billNo: FUWfd1433500433 | startTime:2015-06-05 10:33:58

2015-06-05T10:33:58Z
Array
(
    [MODE] => U
    [FRMT] => XML
    [VERS] => 0630
    [MERC] => 680000
    [SESS] => FUWfd1433500433
    [TRAN] => 3CKM001KJ5Q4
    [AUTH] => D
    [MACK] => Y
)


2015-06-05T10:33:59Z
ResponseParameter:  billNo: FUWfd1433500433 | endTime:2015-06-05 10:33:59

2015-06-05T10:33:59Z
<?xml version="1.0" encoding="UTF-8"?>
<RESPONSE>
  <VERS>0630</VERS>
  <MODE>U</MODE>
  <TRAN>3CKM001KJ5Q4</TRAN>
  <MERC>680000</MERC>
  <SESS>FUWfd1433500433</SESS>
  <RULES_TRIGGERED>0</RULES_TRIGGERED>
  <COUNTERS_TRIGGERED>0</COUNTERS_TRIGGERED>
  <REASON_CODE></REASON_CODE>
  <MASTERCARD></MASTERCARD>
  <WARNING_COUNT>0</WARNING_COUNT>
</RESPONSE>

2015-06-05T10:34:29Z
RequestParameter:  billNo: Ux6wS1433500464 | startTime:2015-06-05 10:34:29

2015-06-05T10:34:29Z
Array
(
    [MODE] => U
    [FRMT] => XML
    [VERS] => 0630
    [MERC] => 680000
    [SESS] => Ux6wS1433500464
    [TRAN] => 3CKM0PR782RQ
    [AUTH] => D
    [MACK] => Y
)


2015-06-05T10:34:30Z
ResponseParameter:  billNo: Ux6wS1433500464 | endTime:2015-06-05 10:34:30

2015-06-05T10:34:30Z
<?xml version="1.0" encoding="UTF-8"?>
<RESPONSE>
  <VERS>0630</VERS>
  <MODE>U</MODE>
  <TRAN>3CKM0PR782RQ</TRAN>
  <MERC>680000</MERC>
  <SESS>Ux6wS1433500464</SESS>
  <RULES_TRIGGERED>0</RULES_TRIGGERED>
  <COUNTERS_TRIGGERED>0</COUNTERS_TRIGGERED>
  <REASON_CODE></REASON_CODE>
  <MASTERCARD></MASTERCARD>
  <WARNING_COUNT>0</WARNING_COUNT>
</RESPONSE>

2015-06-05T10:40:22Z
RequestParameter:  billNo: 6b3b2c790f4f469ab0fb8500b60b8df3 | startTime:2015-06-05 10:40:22

2015-06-05T10:40:22Z
Array
(
    [MODE] => U
    [FRMT] => XML
    [VERS] => 0630
    [MERC] => 680000
    [SESS] => 6b3b2c790f4f469ab0fb8500b60b8df3
    [TRAN] => 3CKM0J2RGZ2J
    [AUTH] => D
    [MACK] => Y
)


2015-06-05T10:40:23Z
ResponseParameter:  billNo: 6b3b2c790f4f469ab0fb8500b60b8df3 | endTime:2015-06-05 10:40:23

2015-06-05T10:40:23Z
<?xml version="1.0" encoding="UTF-8"?>
<RESPONSE>
  <VERS>0630</VERS>
  <MODE>U</MODE>
  <TRAN>3CKM0J2RGZ2J</TRAN>
  <MERC>680000</MERC>
  <SESS>6b3b2c790f4f469ab0fb8500b60b8df3</SESS>
  <RULES_TRIGGERED>0</RULES_TRIGGERED>
  <COUNTERS_TRIGGERED>0</COUNTERS_TRIGGERED>
  <REASON_CODE></REASON_CODE>
  <MASTERCARD></MASTERCARD>
  <WARNING_COUNT>0</WARNING_COUNT>
</RESPONSE>

2015-06-05T10:41:07Z
RequestParameter:  billNo: 214d601026be46aa8ec3ccd1d892333b | startTime:2015-06-05 10:41:07

2015-06-05T10:41:07Z
Array
(
    [MODE] => U
    [FRMT] => XML
    [VERS] => 0630
    [MERC] => 680000
    [SESS] => 214d601026be46aa8ec3ccd1d892333b
    [TRAN] => 3CKM0VYR57YB
    [AUTH] => D
    [MACK] => Y
)


2015-06-05T10:41:08Z
ResponseParameter:  billNo: 214d601026be46aa8ec3ccd1d892333b | endTime:2015-06-05 10:41:08

2015-06-05T10:41:08Z
<?xml version="1.0" encoding="UTF-8"?>
<RESPONSE>
  <VERS>0630</VERS>
  <MODE>U</MODE>
  <TRAN>3CKM0VYR57YB</TRAN>
  <MERC>680000</MERC>
  <SESS>214d601026be46aa8ec3ccd1d892333b</SESS>
  <RULES_TRIGGERED>0</RULES_TRIGGERED>
  <COUNTERS_TRIGGERED>0</COUNTERS_TRIGGERED>
  <REASON_CODE></REASON_CODE>
  <MASTERCARD></MASTERCARD>
  <WARNING_COUNT>0</WARNING_COUNT>
</RESPONSE>

2015-06-05T10:41:38Z
RequestParameter:  billNo: c1e5674083ee4780a1ae6f625925918a | startTime:2015-06-05 10:41:38

2015-06-05T10:41:38Z
Array
(
    [MODE] => U
    [FRMT] => XML
    [VERS] => 0630
    [MERC] => 680000
    [SESS] => c1e5674083ee4780a1ae6f625925918a
    [TRAN] => 3CKM06JSVDBR
    [AUTH] => D
    [MACK] => Y
)


2015-06-05T10:41:39Z
ResponseParameter:  billNo: c1e5674083ee4780a1ae6f625925918a | endTime:2015-06-05 10:41:39

2015-06-05T10:41:39Z
<?xml version="1.0" encoding="UTF-8"?>
<RESPONSE>
  <VERS>0630</VERS>
  <MODE>U</MODE>
  <TRAN>3CKM06JSVDBR</TRAN>
  <MERC>680000</MERC>
  <SESS>c1e5674083ee4780a1ae6f625925918a</SESS>
  <RULES_TRIGGERED>0</RULES_TRIGGERED>
  <COUNTERS_TRIGGERED>0</COUNTERS_TRIGGERED>
  <REASON_CODE></REASON_CODE>
  <MASTERCARD></MASTERCARD>
  <WARNING_COUNT>0</WARNING_COUNT>
</RESPONSE>

2015-06-05T10:50:21Z
RequestParameter:  billNo: iG7QW1433501416 | startTime:2015-06-05 10:50:21

2015-06-05T10:50:21Z
Array
(
    [MODE] => U
    [FRMT] => XML
    [VERS] => 0630
    [MERC] => 680000
    [SESS] => iG7QW1433501416
    [TRAN] => 3CKM05DLLBGT
    [AUTH] => D
    [MACK] => Y
)


2015-06-05T10:50:23Z
ResponseParameter:  billNo: iG7QW1433501416 | endTime:2015-06-05 10:50:23

2015-06-05T10:50:23Z
<?xml version="1.0" encoding="UTF-8"?>
<RESPONSE>
  <VERS>0630</VERS>
  <MODE>U</MODE>
  <TRAN>3CKM05DLLBGT</TRAN>
  <MERC>680000</MERC>
  <SESS>iG7QW1433501416</SESS>
  <RULES_TRIGGERED>0</RULES_TRIGGERED>
  <COUNTERS_TRIGGERED>0</COUNTERS_TRIGGERED>
  <REASON_CODE></REASON_CODE>
  <MASTERCARD></MASTERCARD>
  <WARNING_COUNT>0</WARNING_COUNT>
</RESPONSE>

2015-06-05T10:53:00Z
RequestParameter:  billNo: faa49b42173f466cae8b03485dd4ef58 | startTime:2015-06-05 10:53:00

2015-06-05T10:53:00Z
Array
(
    [MODE] => U
    [FRMT] => XML
    [VERS] => 0630
    [MERC] => 680000
    [SESS] => faa49b42173f466cae8b03485dd4ef58
    [TRAN] => 3CKM0PXSX8R6
    [AUTH] => D
    [MACK] => Y
)


2015-06-05T10:53:03Z
ResponseParameter:  billNo: faa49b42173f466cae8b03485dd4ef58 | endTime:2015-06-05 10:53:03

2015-06-05T10:53:03Z
<?xml version="1.0" encoding="UTF-8"?>
<RESPONSE>
  <VERS>0630</VERS>
  <MODE>U</MODE>
  <TRAN>3CKM0PXSX8R6</TRAN>
  <MERC>680000</MERC>
  <SESS>faa49b42173f466cae8b03485dd4ef58</SESS>
  <RULES_TRIGGERED>0</RULES_TRIGGERED>
  <COUNTERS_TRIGGERED>0</COUNTERS_TRIGGERED>
  <REASON_CODE></REASON_CODE>
  <MASTERCARD></MASTERCARD>
  <WARNING_COUNT>0</WARNING_COUNT>
</RESPONSE>

2015-06-05T10:56:32Z
RequestParameter:  billNo: c3c88a4bd74c4bd798a234afe8123df3 | startTime:2015-06-05 10:56:32

2015-06-05T10:56:32Z
Array
(
    [MODE] => U
    [FRMT] => XML
    [VERS] => 0630
    [MERC] => 680000
    [SESS] => c3c88a4bd74c4bd798a234afe8123df3
    [TRAN] => 3CKM0DBRM0SX
    [AUTH] => D
    [MACK] => Y
)


2015-06-05T10:56:33Z
ResponseParameter:  billNo: c3c88a4bd74c4bd798a234afe8123df3 | endTime:2015-06-05 10:56:33

2015-06-05T10:56:33Z
<?xml version="1.0" encoding="UTF-8"?>
<RESPONSE>
  <VERS>0630</VERS>
  <MODE>U</MODE>
  <TRAN>3CKM0DBRM0SX</TRAN>
  <MERC>680000</MERC>
  <SESS>c3c88a4bd74c4bd798a234afe8123df3</SESS>
  <RULES_TRIGGERED>0</RULES_TRIGGERED>
  <COUNTERS_TRIGGERED>0</COUNTERS_TRIGGERED>
  <REASON_CODE></REASON_CODE>
  <MASTERCARD></MASTERCARD>
  <WARNING_COUNT>0</WARNING_COUNT>
</RESPONSE>

2015-06-05T10:58:11Z
RequestParameter:  billNo: 1433501782-7818 | startTime:2015-06-05 10:58:11

2015-06-05T10:58:11Z
Array
(
    [MODE] => U
    [FRMT] => XML
    [VERS] => 0630
    [MERC] => 680000
    [SESS] => 218312c89d3814ef1d7947dbe10fb99a
    [TRAN] => 3CKM0R1P4ZMW
    [AUTH] => D
    [MACK] => Y
)


2015-06-05T10:58:12Z
ResponseParameter:  billNo: 1433501782-7818 | endTime:2015-06-05 10:58:12

2015-06-05T10:58:12Z
<?xml version="1.0" encoding="UTF-8"?>
<RESPONSE>
  <VERS>0630</VERS>
  <MODE>U</MODE>
  <TRAN>3CKM0R1P4ZMW</TRAN>
  <MERC>680000</MERC>
  <SESS>218312c89d3814ef1d7947dbe10fb99a</SESS>
  <RULES_TRIGGERED>0</RULES_TRIGGERED>
  <COUNTERS_TRIGGERED>0</COUNTERS_TRIGGERED>
  <REASON_CODE></REASON_CODE>
  <MASTERCARD></MASTERCARD>
  <WARNING_COUNT>0</WARNING_COUNT>
</RESPONSE>

2015-06-05T11:01:16Z
RequestParameter:  billNo: 1433501972-3956 | startTime:2015-06-05 11:01:16

2015-06-05T11:01:16Z
Array
(
    [MODE] => U
    [FRMT] => XML
    [VERS] => 0630
    [MERC] => 680000
    [SESS] => 183b8b5a90e11b13e9c6cf25c85e1e8e
    [TRAN] => 3CKG0B99KWXM
    [AUTH] => D
    [MACK] => Y
)


2015-06-05T11:01:16Z
ResponseParameter:  billNo: 1433501972-3956 | endTime:2015-06-05 11:01:16

2015-06-05T11:01:16Z
<?xml version="1.0" encoding="UTF-8"?>
<RESPONSE>
  <VERS>0630</VERS>
  <MODE>U</MODE>
  <TRAN>3CKG0B99KWXM</TRAN>
  <MERC>680000</MERC>
  <SESS>183b8b5a90e11b13e9c6cf25c85e1e8e</SESS>
  <RULES_TRIGGERED>0</RULES_TRIGGERED>
  <COUNTERS_TRIGGERED>0</COUNTERS_TRIGGERED>
  <REASON_CODE></REASON_CODE>
  <MASTERCARD></MASTERCARD>
  <WARNING_COUNT>0</WARNING_COUNT>
</RESPONSE>

2015-06-05T11:02:04Z
RequestParameter:  billNo: bill635690986516095334 | startTime:2015-06-05 11:02:04

2015-06-05T11:02:04Z
Array
(
    [MODE] => U
    [FRMT] => XML
    [VERS] => 0630
    [MERC] => 680000
    [SESS] => sess635690986516095334
    [TRAN] => 3CKG0MQHPWWS
    [AUTH] => D
    [MACK] => Y
)


2015-06-05T11:02:05Z
ResponseParameter:  billNo: bill635690986516095334 | endTime:2015-06-05 11:02:05

2015-06-05T11:02:05Z
<?xml version="1.0" encoding="UTF-8"?>
<RESPONSE>
  <VERS>0630</VERS>
  <MODE>U</MODE>
  <TRAN>3CKG0MQHPWWS</TRAN>
  <MERC>680000</MERC>
  <SESS>sess635690986516095334</SESS>
  <RULES_TRIGGERED>0</RULES_TRIGGERED>
  <COUNTERS_TRIGGERED>0</COUNTERS_TRIGGERED>
  <REASON_CODE></REASON_CODE>
  <MASTERCARD></MASTERCARD>
  <WARNING_COUNT>0</WARNING_COUNT>
</RESPONSE>

2015-06-05T11:10:21Z
RequestParameter:  billNo: bill635690991433537620 | startTime:2015-06-05 11:10:21

2015-06-05T11:10:21Z
Array
(
    [MODE] => U
    [FRMT] => XML
    [VERS] => 0630
    [MERC] => 680000
    [SESS] => sess635690991433537620
    [TRAN] => 3CKG060VNX9T
    [AUTH] => D
    [MACK] => Y
)


2015-06-05T11:10:22Z
ResponseParameter:  billNo: bill635690991433537620 | endTime:2015-06-05 11:10:22

2015-06-05T11:10:22Z
<?xml version="1.0" encoding="UTF-8"?>
<RESPONSE>
  <VERS>0630</VERS>
  <MODE>U</MODE>
  <TRAN>3CKG060VNX9T</TRAN>
  <MERC>680000</MERC>
  <SESS>sess635690991433537620</SESS>
  <RULES_TRIGGERED>0</RULES_TRIGGERED>
  <COUNTERS_TRIGGERED>0</COUNTERS_TRIGGERED>
  <REASON_CODE></REASON_CODE>
  <MASTERCARD></MASTERCARD>
  <WARNING_COUNT>0</WARNING_COUNT>
</RESPONSE>

2015-06-05T11:14:27Z
RequestParameter:  billNo: Jm3OE1433502865 | startTime:2015-06-05 11:14:27

2015-06-05T11:14:27Z
Array
(
    [MODE] => U
    [FRMT] => XML
    [VERS] => 0630
    [MERC] => 680000
    [SESS] => Jm3OE1433502865
    [TRAN] => 3CKG0G6YC5PK
    [AUTH] => D
    [MACK] => Y
)


2015-06-05T11:14:28Z
ResponseParameter:  billNo: Jm3OE1433502865 | endTime:2015-06-05 11:14:28

2015-06-05T11:14:28Z
<?xml version="1.0" encoding="UTF-8"?>
<RESPONSE>
  <VERS>0630</VERS>
  <MODE>U</MODE>
  <TRAN>3CKG0G6YC5PK</TRAN>
  <MERC>680000</MERC>
  <SESS>Jm3OE1433502865</SESS>
  <RULES_TRIGGERED>0</RULES_TRIGGERED>
  <COUNTERS_TRIGGERED>0</COUNTERS_TRIGGERED>
  <REASON_CODE></REASON_CODE>
  <MASTERCARD></MASTERCARD>
  <WARNING_COUNT>0</WARNING_COUNT>
</RESPONSE>

2015-06-05T11:15:14Z
RequestParameter:  billNo: yUktY1433502910 | startTime:2015-06-05 11:15:14

2015-06-05T11:15:14Z
Array
(
    [MODE] => U
    [FRMT] => XML
    [VERS] => 0630
    [MERC] => 680000
    [SESS] => yUktY1433502910
    [TRAN] => 3CKG0ZST870N
    [AUTH] => D
    [MACK] => Y
)


2015-06-05T11:15:15Z
ResponseParameter:  billNo: yUktY1433502910 | endTime:2015-06-05 11:15:15

2015-06-05T11:15:15Z
<?xml version="1.0" encoding="UTF-8"?>
<RESPONSE>
  <VERS>0630</VERS>
  <MODE>U</MODE>
  <TRAN>3CKG0ZST870N</TRAN>
  <MERC>680000</MERC>
  <SESS>yUktY1433502910</SESS>
  <RULES_TRIGGERED>0</RULES_TRIGGERED>
  <COUNTERS_TRIGGERED>0</COUNTERS_TRIGGERED>
  <REASON_CODE></REASON_CODE>
  <MASTERCARD></MASTERCARD>
  <WARNING_COUNT>0</WARNING_COUNT>
</RESPONSE>

2015-06-05T11:16:28Z
RequestParameter:  billNo: Fo0Mr1433502984 | startTime:2015-06-05 11:16:28

2015-06-05T11:16:28Z
Array
(
    [MODE] => U
    [FRMT] => XML
    [VERS] => 0630
    [MERC] => 680000
    [SESS] => Fo0Mr1433502984
    [TRAN] => 3CKG07VG6WXX
    [AUTH] => D
    [MACK] => Y
)


2015-06-05T11:16:29Z
ResponseParameter:  billNo: Fo0Mr1433502984 | endTime:2015-06-05 11:16:29

2015-06-05T11:16:29Z
<?xml version="1.0" encoding="UTF-8"?>
<RESPONSE>
  <VERS>0630</VERS>
  <MODE>U</MODE>
  <TRAN>3CKG07VG6WXX</TRAN>
  <MERC>680000</MERC>
  <SESS>Fo0Mr1433502984</SESS>
  <RULES_TRIGGERED>0</RULES_TRIGGERED>
  <COUNTERS_TRIGGERED>0</COUNTERS_TRIGGERED>
  <REASON_CODE></REASON_CODE>
  <MASTERCARD></MASTERCARD>
  <WARNING_COUNT>0</WARNING_COUNT>
</RESPONSE>

2015-06-05T11:48:14Z
RequestParameter:  billNo: QlLXx1433504888 | startTime:2015-06-05 11:48:14

2015-06-05T11:48:14Z
Array
(
    [MODE] => U
    [FRMT] => XML
    [VERS] => 0630
    [MERC] => 680000
    [SESS] => QlLXx1433504888
    [TRAN] => 3CKG0V4RLR8W
    [AUTH] => D
    [MACK] => Y
)


2015-06-05T11:48:15Z
ResponseParameter:  billNo: QlLXx1433504888 | endTime:2015-06-05 11:48:15

2015-06-05T11:48:15Z
<?xml version="1.0" encoding="UTF-8"?>
<RESPONSE>
  <VERS>0630</VERS>
  <MODE>U</MODE>
  <TRAN>3CKG0V4RLR8W</TRAN>
  <MERC>680000</MERC>
  <SESS>QlLXx1433504888</SESS>
  <RULES_TRIGGERED>0</RULES_TRIGGERED>
  <COUNTERS_TRIGGERED>0</COUNTERS_TRIGGERED>
  <REASON_CODE></REASON_CODE>
  <MASTERCARD></MASTERCARD>
  <WARNING_COUNT>0</WARNING_COUNT>
</RESPONSE>

2015-06-05T12:17:03Z
RequestParameter:  billNo: 1433506484-542 | startTime:2015-06-05 12:17:03

2015-06-05T12:17:03Z
Array
(
    [MODE] => U
    [FRMT] => XML
    [VERS] => 0630
    [MERC] => 680000
    [SESS] => dc3ddba9030fe95cb9fb2d26558ddc81
    [TRAN] => 3CKX0767Z91K
    [AUTH] => D
    [MACK] => Y
)


2015-06-05T12:17:04Z
ResponseParameter:  billNo: 1433506484-542 | endTime:2015-06-05 12:17:04

2015-06-05T12:17:04Z
<?xml version="1.0" encoding="UTF-8"?>
<RESPONSE>
  <VERS>0630</VERS>
  <MODE>U</MODE>
  <TRAN>3CKX0767Z91K</TRAN>
  <MERC>680000</MERC>
  <SESS>dc3ddba9030fe95cb9fb2d26558ddc81</SESS>
  <RULES_TRIGGERED>0</RULES_TRIGGERED>
  <COUNTERS_TRIGGERED>0</COUNTERS_TRIGGERED>
  <REASON_CODE></REASON_CODE>
  <MASTERCARD></MASTERCARD>
  <WARNING_COUNT>0</WARNING_COUNT>
</RESPONSE>

2015-06-05T12:23:18Z
RequestParameter:  billNo: 1433506863-542 | startTime:2015-06-05 12:23:18

2015-06-05T12:23:18Z
Array
(
    [MODE] => U
    [FRMT] => XML
    [VERS] => 0630
    [MERC] => 680000
    [SESS] => c5a68c8df71b1102692920836e057a97
    [TRAN] => 3CKX0K1KLVBV
    [AUTH] => D
    [MACK] => Y
)


2015-06-05T12:23:19Z
ResponseParameter:  billNo: 1433506863-542 | endTime:2015-06-05 12:23:19

2015-06-05T12:23:19Z
<?xml version="1.0" encoding="UTF-8"?>
<RESPONSE>
  <VERS>0630</VERS>
  <MODE>U</MODE>
  <TRAN>3CKX0K1KLVBV</TRAN>
  <MERC>680000</MERC>
  <SESS>c5a68c8df71b1102692920836e057a97</SESS>
  <RULES_TRIGGERED>0</RULES_TRIGGERED>
  <COUNTERS_TRIGGERED>0</COUNTERS_TRIGGERED>
  <REASON_CODE></REASON_CODE>
  <MASTERCARD></MASTERCARD>
  <WARNING_COUNT>0</WARNING_COUNT>
</RESPONSE>

2015-06-05T13:14:51Z
RequestParameter:  billNo: B6YUj1433510082 | startTime:2015-06-05 13:14:51

2015-06-05T13:14:51Z
Array
(
    [MODE] => U
    [FRMT] => XML
    [VERS] => 0630
    [MERC] => 680000
    [SESS] => B6YUj1433510082
    [TRAN] => 3CK908CC5SWM
    [AUTH] => D
    [MACK] => Y
)


2015-06-05T13:14:52Z
ResponseParameter:  billNo: B6YUj1433510082 | endTime:2015-06-05 13:14:52

2015-06-05T13:14:52Z
<?xml version="1.0" encoding="UTF-8"?>
<RESPONSE>
  <VERS>0630</VERS>
  <MODE>U</MODE>
  <TRAN>3CK908CC5SWM</TRAN>
  <MERC>680000</MERC>
  <SESS>B6YUj1433510082</SESS>
  <RULES_TRIGGERED>0</RULES_TRIGGERED>
  <COUNTERS_TRIGGERED>0</COUNTERS_TRIGGERED>
  <REASON_CODE></REASON_CODE>
  <MASTERCARD></MASTERCARD>
  <WARNING_COUNT>0</WARNING_COUNT>
</RESPONSE>

2015-06-05T13:15:18Z
RequestParameter:  billNo: PVqtf1433510113 | startTime:2015-06-05 13:15:18

2015-06-05T13:15:18Z
Array
(
    [MODE] => U
    [FRMT] => XML
    [VERS] => 0630
    [MERC] => 680000
    [SESS] => PVqtf1433510113
    [TRAN] => 3CK90HJHB9XD
    [AUTH] => D
    [MACK] => Y
)


2015-06-05T13:15:19Z
ResponseParameter:  billNo: PVqtf1433510113 | endTime:2015-06-05 13:15:19

2015-06-05T13:15:19Z
<?xml version="1.0" encoding="UTF-8"?>
<RESPONSE>
  <VERS>0630</VERS>
  <MODE>U</MODE>
  <TRAN>3CK90HJHB9XD</TRAN>
  <MERC>680000</MERC>
  <SESS>PVqtf1433510113</SESS>
  <RULES_TRIGGERED>0</RULES_TRIGGERED>
  <COUNTERS_TRIGGERED>0</COUNTERS_TRIGGERED>
  <REASON_CODE></REASON_CODE>
  <MASTERCARD></MASTERCARD>
  <WARNING_COUNT>0</WARNING_COUNT>
</RESPONSE>

2015-06-05T13:25:26Z
RequestParameter:  billNo: lJsTF1433510720 | startTime:2015-06-05 13:25:26

2015-06-05T13:25:26Z
Array
(
    [MODE] => U
    [FRMT] => XML
    [VERS] => 0630
    [MERC] => 680000
    [SESS] => lJsTF1433510720
    [TRAN] => 3CK90GJG4PPY
    [AUTH] => D
    [MACK] => Y
)


2015-06-05T13:25:27Z
ResponseParameter:  billNo: lJsTF1433510720 | endTime:2015-06-05 13:25:27

2015-06-05T13:25:27Z
<?xml version="1.0" encoding="UTF-8"?>
<RESPONSE>
  <VERS>0630</VERS>
  <MODE>U</MODE>
  <TRAN>3CK90GJG4PPY</TRAN>
  <MERC>680000</MERC>
  <SESS>lJsTF1433510720</SESS>
  <RULES_TRIGGERED>0</RULES_TRIGGERED>
  <COUNTERS_TRIGGERED>0</COUNTERS_TRIGGERED>
  <REASON_CODE></REASON_CODE>
  <MASTERCARD></MASTERCARD>
  <WARNING_COUNT>0</WARNING_COUNT>
</RESPONSE>

2015-06-05T13:26:46Z
RequestParameter:  billNo: M9dzV1433510802 | startTime:2015-06-05 13:26:46

2015-06-05T13:26:46Z
Array
(
    [MODE] => U
    [FRMT] => XML
    [VERS] => 0630
    [MERC] => 680000
    [SESS] => M9dzV1433510802
    [TRAN] => 3CK90B67Y4Z4
    [AUTH] => D
    [MACK] => Y
)


2015-06-05T13:26:47Z
ResponseParameter:  billNo: M9dzV1433510802 | endTime:2015-06-05 13:26:47

2015-06-05T13:26:47Z
<?xml version="1.0" encoding="UTF-8"?>
<RESPONSE>
  <VERS>0630</VERS>
  <MODE>U</MODE>
  <TRAN>3CK90B67Y4Z4</TRAN>
  <MERC>680000</MERC>
  <SESS>M9dzV1433510802</SESS>
  <RULES_TRIGGERED>0</RULES_TRIGGERED>
  <COUNTERS_TRIGGERED>0</COUNTERS_TRIGGERED>
  <REASON_CODE></REASON_CODE>
  <MASTERCARD></MASTERCARD>
  <WARNING_COUNT>0</WARNING_COUNT>
</RESPONSE>

2015-06-05T13:42:25Z
RequestParameter:  billNo: 6f27e7f8acc9474e874cf9d24a0f3da1 | startTime:2015-06-05 13:42:25

2015-06-05T13:42:25Z
Array
(
    [MODE] => U
    [FRMT] => XML
    [VERS] => 0630
    [MERC] => 680000
    [SESS] => 6f27e7f8acc9474e874cf9d24a0f3da1
    [TRAN] => 3CK9098RJRQS
    [AUTH] => D
    [MACK] => Y
)


2015-06-05T13:42:26Z
ResponseParameter:  billNo: 6f27e7f8acc9474e874cf9d24a0f3da1 | endTime:2015-06-05 13:42:26

2015-06-05T13:42:26Z
<?xml version="1.0" encoding="UTF-8"?>
<RESPONSE>
  <VERS>0630</VERS>
  <MODE>U</MODE>
  <TRAN>3CK9098RJRQS</TRAN>
  <MERC>680000</MERC>
  <SESS>6f27e7f8acc9474e874cf9d24a0f3da1</SESS>
  <RULES_TRIGGERED>0</RULES_TRIGGERED>
  <COUNTERS_TRIGGERED>0</COUNTERS_TRIGGERED>
  <REASON_CODE></REASON_CODE>
  <MASTERCARD></MASTERCARD>
  <WARNING_COUNT>0</WARNING_COUNT>
</RESPONSE>

