2015-12-18T01:45:18Z
RequestParameter:  billNo: Tcve81450402817 | startTime:2015-12-18 01:45:18

2015-12-18T01:45:18Z
Array
(
    [MODE] => U
    [FRMT] => XML
    [VERS] => 0630
    [MERC] => 680000
    [SESS] => Tcve81450402817
    [TRAN] => 3PD80N5DHSYM
    [AUTH] => 
    [MACK] => Y
    [RFCB] => R
)


2015-12-18T01:45:19Z
ResponseParameter:  billNo: Tcve81450402817 | endTime:2015-12-18 01:45:19

2015-12-18T01:45:19Z
<?xml version="1.0" encoding="UTF-8"?>
<RESPONSE>
  <VERS>0630</VERS>
  <MODE>U</MODE>
  <TRAN>3PD80N5DHSYM</TRAN>
  <MERC>680000</MERC>
  <SESS>Tcve81450402817</SESS>
  <RULES_TRIGGERED>0</RULES_TRIGGERED>
  <COUNTERS_TRIGGERED>0</COUNTERS_TRIGGERED>
  <REASON_CODE></REASON_CODE>
  <MASTERCARD></MASTERCARD>
  <WARNING_COUNT>0</WARNING_COUNT>
</RESPONSE>

