2015-03-30T06:49:23Z
RequestParameter:  billNo: EMxOj1427698153 | startTime:2015-03-30 06:49:23

2015-03-30T06:49:23Z
Array
(
    [MODE] => U
    [FRMT] => XML
    [VERS] => 0630
    [MERC] => 680000
    [SESS] => EMxOj1427698153
    [TRAN] => 3YCM0VW103N1
    [AUTH] => D
    [MACK] => Y
)


2015-03-30T06:49:24Z
ResponseParameter:  billNo: EMxOj1427698153 | endTime:2015-03-30 06:49:24

2015-03-30T06:49:24Z
<?xml version="1.0" encoding="UTF-8"?>
<RESPONSE>
  <VERS>0630</VERS>
  <MODE>U</MODE>
  <TRAN>3YCM0VW103N1</TRAN>
  <MERC>680000</MERC>
  <SESS>EMxOj1427698153</SESS>
  <RULES_TRIGGERED>0</RULES_TRIGGERED>
  <COUNTERS_TRIGGERED>0</COUNTERS_TRIGGERED>
  <REASON_CODE></REASON_CODE>
  <MASTERCARD></MASTERCARD>
  <WARNING_COUNT>0</WARNING_COUNT>
</RESPONSE>

2015-03-30T06:50:16Z
RequestParameter:  billNo: 4zNaS1427698208 | startTime:2015-03-30 06:50:16

2015-03-30T06:50:16Z
Array
(
    [MODE] => U
    [FRMT] => XML
    [VERS] => 0630
    [MERC] => 680000
    [SESS] => 4zNaS1427698208
    [TRAN] => 3YCM0P5GWLHV
    [AUTH] => D
    [MACK] => Y
)


2015-03-30T06:50:17Z
ResponseParameter:  billNo: 4zNaS1427698208 | endTime:2015-03-30 06:50:17

2015-03-30T06:50:17Z
<?xml version="1.0" encoding="UTF-8"?>
<RESPONSE>
  <VERS>0630</VERS>
  <MODE>U</MODE>
  <TRAN>3YCM0P5GWLHV</TRAN>
  <MERC>680000</MERC>
  <SESS>4zNaS1427698208</SESS>
  <RULES_TRIGGERED>0</RULES_TRIGGERED>
  <COUNTERS_TRIGGERED>0</COUNTERS_TRIGGERED>
  <REASON_CODE></REASON_CODE>
  <MASTERCARD></MASTERCARD>
  <WARNING_COUNT>0</WARNING_COUNT>
</RESPONSE>

2015-03-30T08:36:48Z
RequestParameter:  billNo: 42x8Z1427704600 | startTime:2015-03-30 08:36:48

2015-03-30T08:36:48Z
Array
(
    [MODE] => U
    [FRMT] => XML
    [VERS] => 0630
    [MERC] => 680000
    [SESS] => 42x8Z1427704600
    [TRAN] => 3YCX0RPQZ3ML
    [AUTH] => D
    [MACK] => Y
)


2015-03-30T08:36:49Z
ResponseParameter:  billNo: 42x8Z1427704600 | endTime:2015-03-30 08:36:49

2015-03-30T08:36:49Z
<?xml version="1.0" encoding="UTF-8"?>
<RESPONSE>
  <VERS>0630</VERS>
  <MODE>U</MODE>
  <TRAN>3YCX0RPQZ3ML</TRAN>
  <MERC>680000</MERC>
  <SESS>42x8Z1427704600</SESS>
  <RULES_TRIGGERED>0</RULES_TRIGGERED>
  <COUNTERS_TRIGGERED>0</COUNTERS_TRIGGERED>
  <REASON_CODE></REASON_CODE>
  <MASTERCARD></MASTERCARD>
  <WARNING_COUNT>0</WARNING_COUNT>
</RESPONSE>

2015-03-30T08:37:19Z
RequestParameter:  billNo: LUwic1427704631 | startTime:2015-03-30 08:37:19

2015-03-30T08:37:19Z
Array
(
    [MODE] => U
    [FRMT] => XML
    [VERS] => 0630
    [MERC] => 680000
    [SESS] => LUwic1427704631
    [TRAN] => 3YCX044GR4RW
    [AUTH] => D
    [MACK] => Y
)


2015-03-30T08:37:20Z
ResponseParameter:  billNo: LUwic1427704631 | endTime:2015-03-30 08:37:20

2015-03-30T08:37:20Z
<?xml version="1.0" encoding="UTF-8"?>
<RESPONSE>
  <VERS>0630</VERS>
  <MODE>U</MODE>
  <TRAN>3YCX044GR4RW</TRAN>
  <MERC>680000</MERC>
  <SESS>LUwic1427704631</SESS>
  <RULES_TRIGGERED>0</RULES_TRIGGERED>
  <COUNTERS_TRIGGERED>0</COUNTERS_TRIGGERED>
  <REASON_CODE></REASON_CODE>
  <MASTERCARD></MASTERCARD>
  <WARNING_COUNT>0</WARNING_COUNT>
</RESPONSE>

2015-03-30T08:39:19Z
RequestParameter:  billNo: wyTGQ1427704743 | startTime:2015-03-30 08:39:19

2015-03-30T08:39:19Z
Array
(
    [MODE] => U
    [FRMT] => XML
    [VERS] => 0630
    [MERC] => 680000
    [SESS] => wyTGQ1427704743
    [TRAN] => 3YCX07M78WYJ
    [AUTH] => D
    [MACK] => Y
)


2015-03-30T08:39:20Z
ResponseParameter:  billNo: wyTGQ1427704743 | endTime:2015-03-30 08:39:20

2015-03-30T08:39:20Z
<?xml version="1.0" encoding="UTF-8"?>
<RESPONSE>
  <VERS>0630</VERS>
  <MODE>U</MODE>
  <TRAN>3YCX07M78WYJ</TRAN>
  <MERC>680000</MERC>
  <SESS>wyTGQ1427704743</SESS>
  <RULES_TRIGGERED>0</RULES_TRIGGERED>
  <COUNTERS_TRIGGERED>0</COUNTERS_TRIGGERED>
  <REASON_CODE></REASON_CODE>
  <MASTERCARD></MASTERCARD>
  <WARNING_COUNT>0</WARNING_COUNT>
</RESPONSE>

2015-03-30T08:40:00Z
RequestParameter:  billNo: bill635633013621680046 | startTime:2015-03-30 08:40:00

2015-03-30T08:40:00Z
Array
(
    [MODE] => U
    [FRMT] => XML
    [VERS] => 0630
    [MERC] => 680000
    [SESS] => sess635633013621680046
    [TRAN] => 3YCX0BK8LHKD
    [AUTH] => D
    [MACK] => Y
)


2015-03-30T08:40:01Z
ResponseParameter:  billNo: bill635633013621680046 | endTime:2015-03-30 08:40:01

2015-03-30T08:40:01Z
<?xml version="1.0" encoding="UTF-8"?>
<RESPONSE>
  <VERS>0630</VERS>
  <MODE>U</MODE>
  <TRAN>3YCX0BK8LHKD</TRAN>
  <MERC>680000</MERC>
  <SESS>sess635633013621680046</SESS>
  <RULES_TRIGGERED>0</RULES_TRIGGERED>
  <COUNTERS_TRIGGERED>0</COUNTERS_TRIGGERED>
  <REASON_CODE></REASON_CODE>
  <MASTERCARD></MASTERCARD>
  <WARNING_COUNT>0</WARNING_COUNT>
</RESPONSE>

2015-03-30T09:06:10Z
RequestParameter:  billNo: bill635633029004744524 | startTime:2015-03-30 09:06:10

2015-03-30T09:06:10Z
Array
(
    [MODE] => U
    [FRMT] => XML
    [VERS] => 0630
    [MERC] => 680000
    [SESS] => sess635633029004744524
    [TRAN] => 3YC9079DDJDL
    [AUTH] => D
    [MACK] => Y
)


2015-03-30T09:06:11Z
ResponseParameter:  billNo: bill635633029004744524 | endTime:2015-03-30 09:06:11

2015-03-30T09:06:11Z
<?xml version="1.0" encoding="UTF-8"?>
<RESPONSE>
  <VERS>0630</VERS>
  <MODE>U</MODE>
  <TRAN>3YC9079DDJDL</TRAN>
  <MERC>680000</MERC>
  <SESS>sess635633029004744524</SESS>
  <RULES_TRIGGERED>0</RULES_TRIGGERED>
  <COUNTERS_TRIGGERED>0</COUNTERS_TRIGGERED>
  <REASON_CODE></REASON_CODE>
  <MASTERCARD></MASTERCARD>
  <WARNING_COUNT>0</WARNING_COUNT>
</RESPONSE>

2015-03-30T09:09:31Z
RequestParameter:  billNo: bill635633030279027398 | startTime:2015-03-30 09:09:31

2015-03-30T09:09:31Z
Array
(
    [MODE] => U
    [FRMT] => XML
    [VERS] => 0630
    [MERC] => 680000
    [SESS] => sess635633030279027398
    [TRAN] => 3YC90Z9LHQ7B
    [AUTH] => D
    [MACK] => Y
)


2015-03-30T09:09:32Z
ResponseParameter:  billNo: bill635633030279027398 | endTime:2015-03-30 09:09:32

2015-03-30T09:09:32Z
<?xml version="1.0" encoding="UTF-8"?>
<RESPONSE>
  <VERS>0630</VERS>
  <MODE>U</MODE>
  <TRAN>3YC90Z9LHQ7B</TRAN>
  <MERC>680000</MERC>
  <SESS>sess635633030279027398</SESS>
  <RULES_TRIGGERED>0</RULES_TRIGGERED>
  <COUNTERS_TRIGGERED>0</COUNTERS_TRIGGERED>
  <REASON_CODE></REASON_CODE>
  <MASTERCARD></MASTERCARD>
  <WARNING_COUNT>0</WARNING_COUNT>
</RESPONSE>

2015-03-30T09:11:25Z
RequestParameter:  billNo: bill635633032521965241 | startTime:2015-03-30 09:11:25

2015-03-30T09:11:25Z
Array
(
    [MODE] => U
    [FRMT] => XML
    [VERS] => 0630
    [MERC] => 680000
    [SESS] => sess635633032521965241
    [TRAN] => 3YC90217BLLV
    [AUTH] => D
    [MACK] => Y
)


2015-03-30T09:11:26Z
ResponseParameter:  billNo: bill635633032521965241 | endTime:2015-03-30 09:11:26

2015-03-30T09:11:26Z
<?xml version="1.0" encoding="UTF-8"?>
<RESPONSE>
  <VERS>0630</VERS>
  <MODE>U</MODE>
  <TRAN>3YC90217BLLV</TRAN>
  <MERC>680000</MERC>
  <SESS>sess635633032521965241</SESS>
  <RULES_TRIGGERED>0</RULES_TRIGGERED>
  <COUNTERS_TRIGGERED>0</COUNTERS_TRIGGERED>
  <REASON_CODE></REASON_CODE>
  <MASTERCARD></MASTERCARD>
  <WARNING_COUNT>0</WARNING_COUNT>
</RESPONSE>

2015-03-30T09:20:48Z
RequestParameter:  billNo: bill635633038099176396 | startTime:2015-03-30 09:20:48

2015-03-30T09:20:48Z
Array
(
    [MODE] => U
    [FRMT] => XML
    [VERS] => 0630
    [MERC] => 680000
    [SESS] => sess635633038099176396
    [TRAN] => 3YC90KBKP00V
    [AUTH] => D
    [MACK] => Y
)


2015-03-30T09:20:49Z
ResponseParameter:  billNo: bill635633038099176396 | endTime:2015-03-30 09:20:49

2015-03-30T09:20:49Z
<?xml version="1.0" encoding="UTF-8"?>
<RESPONSE>
  <VERS>0630</VERS>
  <MODE>U</MODE>
  <TRAN>3YC90KBKP00V</TRAN>
  <MERC>680000</MERC>
  <SESS>sess635633038099176396</SESS>
  <RULES_TRIGGERED>0</RULES_TRIGGERED>
  <COUNTERS_TRIGGERED>0</COUNTERS_TRIGGERED>
  <REASON_CODE></REASON_CODE>
  <MASTERCARD></MASTERCARD>
  <WARNING_COUNT>0</WARNING_COUNT>
</RESPONSE>

2015-03-30T11:07:20Z
RequestParameter:  billNo: bill635633101956292527 | startTime:2015-03-30 11:07:20

2015-03-30T11:07:20Z
Array
(
    [MODE] => U
    [FRMT] => XML
    [VERS] => 0630
    [MERC] => 680000
    [SESS] => sess635633101956292527
    [TRAN] => 3YC50KZN4VWQ
    [AUTH] => D
    [MACK] => Y
)


2015-03-30T11:07:21Z
ResponseParameter:  billNo: bill635633101956292527 | endTime:2015-03-30 11:07:21

2015-03-30T11:07:21Z
<?xml version="1.0" encoding="UTF-8"?>
<RESPONSE>
  <VERS>0630</VERS>
  <MODE>U</MODE>
  <TRAN>3YC50KZN4VWQ</TRAN>
  <MERC>680000</MERC>
  <SESS>sess635633101956292527</SESS>
  <RULES_TRIGGERED>0</RULES_TRIGGERED>
  <COUNTERS_TRIGGERED>0</COUNTERS_TRIGGERED>
  <REASON_CODE></REASON_CODE>
  <MASTERCARD></MASTERCARD>
  <WARNING_COUNT>0</WARNING_COUNT>
</RESPONSE>

2015-03-30T11:38:43Z
RequestParameter:  billNo: bill635633118119580022 | startTime:2015-03-30 11:38:43

2015-03-30T11:38:43Z
Array
(
    [MODE] => U
    [FRMT] => XML
    [VERS] => 0630
    [MERC] => 680000
    [SESS] => sess635633118119580022
    [TRAN] => 3YC50ZHDVXRC
    [AUTH] => D
    [MACK] => Y
)


2015-03-30T11:38:44Z
ResponseParameter:  billNo: bill635633118119580022 | endTime:2015-03-30 11:38:44

2015-03-30T11:38:44Z
<?xml version="1.0" encoding="UTF-8"?>
<RESPONSE>
  <VERS>0630</VERS>
  <MODE>U</MODE>
  <TRAN>3YC50ZHDVXRC</TRAN>
  <MERC>680000</MERC>
  <SESS>sess635633118119580022</SESS>
  <RULES_TRIGGERED>0</RULES_TRIGGERED>
  <COUNTERS_TRIGGERED>0</COUNTERS_TRIGGERED>
  <REASON_CODE></REASON_CODE>
  <MASTERCARD></MASTERCARD>
  <WARNING_COUNT>0</WARNING_COUNT>
</RESPONSE>

2015-03-30T12:36:26Z
RequestParameter:  billNo: bill635633155494215662 | startTime:2015-03-30 12:36:26

2015-03-30T12:36:26Z
Array
(
    [MODE] => U
    [FRMT] => XML
    [VERS] => 0630
    [MERC] => 680000
    [SESS] => sess635633155494215662
    [TRAN] => 3YCS0XZQL9NQ
    [AUTH] => D
    [MACK] => Y
)


2015-03-30T12:36:27Z
ResponseParameter:  billNo: bill635633155494215662 | endTime:2015-03-30 12:36:27

2015-03-30T12:36:27Z
<?xml version="1.0" encoding="UTF-8"?>
<RESPONSE>
  <VERS>0630</VERS>
  <MODE>U</MODE>
  <TRAN>3YCS0XZQL9NQ</TRAN>
  <MERC>680000</MERC>
  <SESS>sess635633155494215662</SESS>
  <RULES_TRIGGERED>0</RULES_TRIGGERED>
  <COUNTERS_TRIGGERED>0</COUNTERS_TRIGGERED>
  <REASON_CODE></REASON_CODE>
  <MASTERCARD></MASTERCARD>
  <WARNING_COUNT>0</WARNING_COUNT>
</RESPONSE>

2015-03-30T12:40:26Z
RequestParameter:  billNo: bill635633157840612452 | startTime:2015-03-30 12:40:26

2015-03-30T12:40:26Z
Array
(
    [MODE] => U
    [FRMT] => XML
    [VERS] => 0630
    [MERC] => 680000
    [SESS] => sess635633157840612452
    [TRAN] => 3YCS06HH0KC7
    [AUTH] => D
    [MACK] => Y
)


2015-03-30T12:40:27Z
ResponseParameter:  billNo: bill635633157840612452 | endTime:2015-03-30 12:40:27

2015-03-30T12:40:27Z
<?xml version="1.0" encoding="UTF-8"?>
<RESPONSE>
  <VERS>0630</VERS>
  <MODE>U</MODE>
  <TRAN>3YCS06HH0KC7</TRAN>
  <MERC>680000</MERC>
  <SESS>sess635633157840612452</SESS>
  <RULES_TRIGGERED>0</RULES_TRIGGERED>
  <COUNTERS_TRIGGERED>0</COUNTERS_TRIGGERED>
  <REASON_CODE></REASON_CODE>
  <MASTERCARD></MASTERCARD>
  <WARNING_COUNT>0</WARNING_COUNT>
</RESPONSE>

2015-03-30T14:14:50Z
RequestParameter:  billNo: 1427724798-68829 | startTime:2015-03-30 14:14:50

2015-03-30T14:14:50Z
Array
(
    [MODE] => U
    [FRMT] => XML
    [VERS] => 0630
    [MERC] => 680000
    [SESS] => 11e831cfd999edfb2e4b226168480eb0
    [TRAN] => 3YCW02SMRSX6
    [AUTH] => D
    [MACK] => Y
)


2015-03-30T14:14:51Z
ResponseParameter:  billNo: 1427724798-68829 | endTime:2015-03-30 14:14:51

2015-03-30T14:14:51Z
<?xml version="1.0" encoding="UTF-8"?>
<RESPONSE>
  <VERS>0630</VERS>
  <MODE>U</MODE>
  <TRAN>3YCW02SMRSX6</TRAN>
  <MERC>680000</MERC>
  <SESS>11e831cfd999edfb2e4b226168480eb0</SESS>
  <RULES_TRIGGERED>0</RULES_TRIGGERED>
  <COUNTERS_TRIGGERED>0</COUNTERS_TRIGGERED>
  <REASON_CODE></REASON_CODE>
  <MASTERCARD></MASTERCARD>
  <WARNING_COUNT>0</WARNING_COUNT>
</RESPONSE>

2015-03-30T14:43:58Z
RequestParameter:  billNo: ELxSz1427726606 | startTime:2015-03-30 14:43:58

2015-03-30T14:43:58Z
Array
(
    [MODE] => U
    [FRMT] => XML
    [VERS] => 0630
    [MERC] => 680000
    [SESS] => ELxSz1427726606
    [TRAN] => 3YCW0593YCTW
    [AUTH] => D
    [MACK] => Y
)


2015-03-30T14:43:59Z
ResponseParameter:  billNo: ELxSz1427726606 | endTime:2015-03-30 14:43:59

2015-03-30T14:43:59Z
<?xml version="1.0" encoding="UTF-8"?>
<RESPONSE>
  <VERS>0630</VERS>
  <MODE>U</MODE>
  <TRAN>3YCW0593YCTW</TRAN>
  <MERC>680000</MERC>
  <SESS>ELxSz1427726606</SESS>
  <RULES_TRIGGERED>0</RULES_TRIGGERED>
  <COUNTERS_TRIGGERED>0</COUNTERS_TRIGGERED>
  <REASON_CODE></REASON_CODE>
  <MASTERCARD></MASTERCARD>
  <WARNING_COUNT>0</WARNING_COUNT>
</RESPONSE>

2015-03-30T14:44:44Z
RequestParameter:  billNo: yLFlw1427726654 | startTime:2015-03-30 14:44:44

2015-03-30T14:44:44Z
Array
(
    [MODE] => U
    [FRMT] => XML
    [VERS] => 0630
    [MERC] => 680000
    [SESS] => yLFlw1427726654
    [TRAN] => 3YCW0GKVGK0P
    [AUTH] => D
    [MACK] => Y
)


2015-03-30T14:44:45Z
ResponseParameter:  billNo: yLFlw1427726654 | endTime:2015-03-30 14:44:45

2015-03-30T14:44:45Z
<?xml version="1.0" encoding="UTF-8"?>
<RESPONSE>
  <VERS>0630</VERS>
  <MODE>U</MODE>
  <TRAN>3YCW0GKVGK0P</TRAN>
  <MERC>680000</MERC>
  <SESS>yLFlw1427726654</SESS>
  <RULES_TRIGGERED>0</RULES_TRIGGERED>
  <COUNTERS_TRIGGERED>0</COUNTERS_TRIGGERED>
  <REASON_CODE></REASON_CODE>
  <MASTERCARD></MASTERCARD>
  <WARNING_COUNT>0</WARNING_COUNT>
</RESPONSE>

2015-03-30T14:45:28Z
RequestParameter:  billNo: osZQ81427726701 | startTime:2015-03-30 14:45:28

2015-03-30T14:45:28Z
Array
(
    [MODE] => U
    [FRMT] => XML
    [VERS] => 0630
    [MERC] => 680000
    [SESS] => osZQ81427726701
    [TRAN] => 3YCW046S2PRP
    [AUTH] => D
    [MACK] => Y
)


2015-03-30T14:45:30Z
ResponseParameter:  billNo: osZQ81427726701 | endTime:2015-03-30 14:45:30

2015-03-30T14:45:30Z
<?xml version="1.0" encoding="UTF-8"?>
<RESPONSE>
  <VERS>0630</VERS>
  <MODE>U</MODE>
  <TRAN>3YCW046S2PRP</TRAN>
  <MERC>680000</MERC>
  <SESS>osZQ81427726701</SESS>
  <RULES_TRIGGERED>0</RULES_TRIGGERED>
  <COUNTERS_TRIGGERED>0</COUNTERS_TRIGGERED>
  <REASON_CODE></REASON_CODE>
  <MASTERCARD></MASTERCARD>
  <WARNING_COUNT>0</WARNING_COUNT>
</RESPONSE>

2015-03-30T14:46:04Z
RequestParameter:  billNo: gMxdZ1427726743 | startTime:2015-03-30 14:46:04

2015-03-30T14:46:04Z
Array
(
    [MODE] => U
    [FRMT] => XML
    [VERS] => 0630
    [MERC] => 680000
    [SESS] => gMxdZ1427726743
    [TRAN] => 3YCW0SJMDPSM
    [AUTH] => D
    [MACK] => Y
)


2015-03-30T14:46:05Z
ResponseParameter:  billNo: gMxdZ1427726743 | endTime:2015-03-30 14:46:05

2015-03-30T14:46:05Z
<?xml version="1.0" encoding="UTF-8"?>
<RESPONSE>
  <VERS>0630</VERS>
  <MODE>U</MODE>
  <TRAN>3YCW0SJMDPSM</TRAN>
  <MERC>680000</MERC>
  <SESS>gMxdZ1427726743</SESS>
  <RULES_TRIGGERED>0</RULES_TRIGGERED>
  <COUNTERS_TRIGGERED>0</COUNTERS_TRIGGERED>
  <REASON_CODE></REASON_CODE>
  <MASTERCARD></MASTERCARD>
  <WARNING_COUNT>0</WARNING_COUNT>
</RESPONSE>

2015-03-30T15:17:30Z
RequestParameter:  billNo: WGpfr1427728639 | startTime:2015-03-30 15:17:30

2015-03-30T15:17:30Z
Array
(
    [MODE] => U
    [FRMT] => XML
    [VERS] => 0630
    [MERC] => 680000
    [SESS] => WGpfr1427728639
    [TRAN] => 3YCT0T0V90X7
    [AUTH] => D
    [MACK] => Y
)


2015-03-30T15:17:31Z
ResponseParameter:  billNo: WGpfr1427728639 | endTime:2015-03-30 15:17:31

2015-03-30T15:17:31Z
<?xml version="1.0" encoding="UTF-8"?>
<RESPONSE>
  <VERS>0630</VERS>
  <MODE>U</MODE>
  <TRAN>3YCT0T0V90X7</TRAN>
  <MERC>680000</MERC>
  <SESS>WGpfr1427728639</SESS>
  <RULES_TRIGGERED>0</RULES_TRIGGERED>
  <COUNTERS_TRIGGERED>0</COUNTERS_TRIGGERED>
  <REASON_CODE></REASON_CODE>
  <MASTERCARD></MASTERCARD>
  <WARNING_COUNT>0</WARNING_COUNT>
</RESPONSE>

2015-03-30T15:17:57Z
RequestParameter:  billNo: 8uFLt1427728672 | startTime:2015-03-30 15:17:57

2015-03-30T15:17:57Z
Array
(
    [MODE] => U
    [FRMT] => XML
    [VERS] => 0630
    [MERC] => 680000
    [SESS] => 8uFLt1427728672
    [TRAN] => 3YCT0CDQTK2P
    [AUTH] => D
    [MACK] => Y
)


2015-03-30T15:17:58Z
ResponseParameter:  billNo: 8uFLt1427728672 | endTime:2015-03-30 15:17:58

2015-03-30T15:17:58Z
<?xml version="1.0" encoding="UTF-8"?>
<RESPONSE>
  <VERS>0630</VERS>
  <MODE>U</MODE>
  <TRAN>3YCT0CDQTK2P</TRAN>
  <MERC>680000</MERC>
  <SESS>8uFLt1427728672</SESS>
  <RULES_TRIGGERED>0</RULES_TRIGGERED>
  <COUNTERS_TRIGGERED>0</COUNTERS_TRIGGERED>
  <REASON_CODE></REASON_CODE>
  <MASTERCARD></MASTERCARD>
  <WARNING_COUNT>0</WARNING_COUNT>
</RESPONSE>

2015-03-30T15:30:00Z
RequestParameter:  billNo: 1427729272-7200 | startTime:2015-03-30 15:30:00

2015-03-30T15:30:00Z
Array
(
    [MODE] => U
    [FRMT] => XML
    [VERS] => 0630
    [MERC] => 680000
    [SESS] => c9fc1c64f3fcf9b599c1054b8b6e883e
    [TRAN] => 3YCT069PQ5BL
    [AUTH] => D
    [MACK] => Y
)


2015-03-30T15:30:01Z
ResponseParameter:  billNo: 1427729272-7200 | endTime:2015-03-30 15:30:01

2015-03-30T15:30:01Z
<?xml version="1.0" encoding="UTF-8"?>
<RESPONSE>
  <VERS>0630</VERS>
  <MODE>U</MODE>
  <TRAN>3YCT069PQ5BL</TRAN>
  <MERC>680000</MERC>
  <SESS>c9fc1c64f3fcf9b599c1054b8b6e883e</SESS>
  <RULES_TRIGGERED>0</RULES_TRIGGERED>
  <COUNTERS_TRIGGERED>0</COUNTERS_TRIGGERED>
  <REASON_CODE></REASON_CODE>
  <MASTERCARD></MASTERCARD>
  <WARNING_COUNT>0</WARNING_COUNT>
</RESPONSE>

2015-03-30T15:31:10Z
RequestParameter:  billNo: 1427729401-7200 | startTime:2015-03-30 15:31:10

2015-03-30T15:31:10Z
Array
(
    [MODE] => U
    [FRMT] => XML
    [VERS] => 0630
    [MERC] => 680000
    [SESS] => ea521f1b47723678af2293a392e88eb2
    [TRAN] => 3YCT0RVYY70V
    [AUTH] => D
    [MACK] => Y
)


2015-03-30T15:31:11Z
ResponseParameter:  billNo: 1427729401-7200 | endTime:2015-03-30 15:31:11

2015-03-30T15:31:11Z
<?xml version="1.0" encoding="UTF-8"?>
<RESPONSE>
  <VERS>0630</VERS>
  <MODE>U</MODE>
  <TRAN>3YCT0RVYY70V</TRAN>
  <MERC>680000</MERC>
  <SESS>ea521f1b47723678af2293a392e88eb2</SESS>
  <RULES_TRIGGERED>0</RULES_TRIGGERED>
  <COUNTERS_TRIGGERED>0</COUNTERS_TRIGGERED>
  <REASON_CODE></REASON_CODE>
  <MASTERCARD></MASTERCARD>
  <WARNING_COUNT>0</WARNING_COUNT>
</RESPONSE>

2015-03-30T16:11:22Z
RequestParameter:  billNo: 1427731869126 | startTime:2015-03-30 16:11:22

2015-03-30T16:11:22Z
Array
(
    [MODE] => U
    [FRMT] => XML
    [VERS] => 0630
    [MERC] => 680000
    [SESS] => 142296f98aff91e1ee354660991e1027
    [TRAN] => 3YCY0JLV0LVV
    [AUTH] => D
    [MACK] => Y
)


2015-03-30T16:11:23Z
ResponseParameter:  billNo: 1427731869126 | endTime:2015-03-30 16:11:23

2015-03-30T16:11:23Z
<?xml version="1.0" encoding="UTF-8"?>
<RESPONSE>
  <VERS>0630</VERS>
  <MODE>U</MODE>
  <TRAN>3YCY0JLV0LVV</TRAN>
  <MERC>680000</MERC>
  <SESS>142296f98aff91e1ee354660991e1027</SESS>
  <RULES_TRIGGERED>0</RULES_TRIGGERED>
  <COUNTERS_TRIGGERED>0</COUNTERS_TRIGGERED>
  <REASON_CODE></REASON_CODE>
  <MASTERCARD></MASTERCARD>
  <WARNING_COUNT>0</WARNING_COUNT>
</RESPONSE>

