2015-03-12T09:26:53Z
RequestParameter:  billNo: KAOze1426152406 | startTime:2015-03-12 09:26:53

2015-03-12T09:26:53Z
1

2015-03-12T09:26:54Z
ResponseParameter:  billNo: KAOze1426152406 | endTime:2015-03-12 09:26:54

2015-03-12T09:26:54Z
<?xml version="1.0" encoding="UTF-8"?>
<RESPONSE>
  <VERS>0600</VERS>
  <MODE>U</MODE>
  <TRAN>3YKC015Z1YC0</TRAN>
  <MERC>680000</MERC>
  <SESS>KAOze1426152406</SESS>
  <RULES_TRIGGERED>0</RULES_TRIGGERED>
  <COUNTERS_TRIGGERED>0</COUNTERS_TRIGGERED>
  <REASON_CODE></REASON_CODE>
  <MASTERCARD></MASTERCARD>
  <WARNING_COUNT>0</WARNING_COUNT>
</RESPONSE>

2015-03-12T09:27:13Z
RequestParameter:  billNo: GkVhS1426152428 | startTime:2015-03-12 09:27:13

2015-03-12T09:27:13Z
1

2015-03-12T09:27:14Z
ResponseParameter:  billNo: GkVhS1426152428 | endTime:2015-03-12 09:27:14

2015-03-12T09:27:14Z
<?xml version="1.0" encoding="UTF-8"?>
<RESPONSE>
  <VERS>0600</VERS>
  <MODE>U</MODE>
  <TRAN>3YKC02SGH9ZZ</TRAN>
  <MERC>680000</MERC>
  <SESS>GkVhS1426152428</SESS>
  <RULES_TRIGGERED>0</RULES_TRIGGERED>
  <COUNTERS_TRIGGERED>0</COUNTERS_TRIGGERED>
  <REASON_CODE></REASON_CODE>
  <MASTERCARD></MASTERCARD>
  <WARNING_COUNT>0</WARNING_COUNT>
</RESPONSE>

2015-03-12T09:27:35Z
RequestParameter:  billNo: NdgZP1426152449 | startTime:2015-03-12 09:27:35

2015-03-12T09:27:35Z
1

2015-03-12T09:27:36Z
ResponseParameter:  billNo: NdgZP1426152449 | endTime:2015-03-12 09:27:36

2015-03-12T09:27:36Z
<?xml version="1.0" encoding="UTF-8"?>
<RESPONSE>
  <VERS>0600</VERS>
  <MODE>U</MODE>
  <TRAN>3YKC023TNR47</TRAN>
  <MERC>680000</MERC>
  <SESS>NdgZP1426152449</SESS>
  <RULES_TRIGGERED>0</RULES_TRIGGERED>
  <COUNTERS_TRIGGERED>0</COUNTERS_TRIGGERED>
  <REASON_CODE></REASON_CODE>
  <MASTERCARD></MASTERCARD>
  <WARNING_COUNT>0</WARNING_COUNT>
</RESPONSE>

2015-03-12T10:48:28Z
RequestParameter:  billNo: PgvOC1426157302 | startTime:2015-03-12 10:48:28

2015-03-12T10:48:28Z
1

2015-03-12T10:48:29Z
ResponseParameter:  billNo: PgvOC1426157302 | endTime:2015-03-12 10:48:29

2015-03-12T10:48:29Z
<?xml version="1.0" encoding="UTF-8"?>
<RESPONSE>
  <VERS>0600</VERS>
  <MODE>U</MODE>
  <TRAN>3YKZ0CD7G6G1</TRAN>
  <MERC>680000</MERC>
  <SESS>PgvOC1426157302</SESS>
  <RULES_TRIGGERED>0</RULES_TRIGGERED>
  <COUNTERS_TRIGGERED>0</COUNTERS_TRIGGERED>
  <REASON_CODE></REASON_CODE>
  <MASTERCARD></MASTERCARD>
  <WARNING_COUNT>0</WARNING_COUNT>
</RESPONSE>

2015-03-12T10:48:48Z
RequestParameter:  billNo: SwBUo1426157322 | startTime:2015-03-12 10:48:48

2015-03-12T10:48:48Z
1

2015-03-12T10:48:50Z
ResponseParameter:  billNo: SwBUo1426157322 | endTime:2015-03-12 10:48:50

2015-03-12T10:48:50Z
<?xml version="1.0" encoding="UTF-8"?>
<RESPONSE>
  <VERS>0600</VERS>
  <MODE>U</MODE>
  <TRAN>3YKZ0G3SC24V</TRAN>
  <MERC>680000</MERC>
  <SESS>SwBUo1426157322</SESS>
  <RULES_TRIGGERED>0</RULES_TRIGGERED>
  <COUNTERS_TRIGGERED>0</COUNTERS_TRIGGERED>
  <REASON_CODE></REASON_CODE>
  <MASTERCARD></MASTERCARD>
  <WARNING_COUNT>0</WARNING_COUNT>
</RESPONSE>

2015-03-12T10:49:10Z
RequestParameter:  billNo: WSluD1426157342 | startTime:2015-03-12 10:49:10

2015-03-12T10:49:10Z
1

2015-03-12T10:49:11Z
ResponseParameter:  billNo: WSluD1426157342 | endTime:2015-03-12 10:49:11

2015-03-12T10:49:11Z
<?xml version="1.0" encoding="UTF-8"?>
<RESPONSE>
  <VERS>0600</VERS>
  <MODE>U</MODE>
  <TRAN>3YKZ0D0CZRKD</TRAN>
  <MERC>680000</MERC>
  <SESS>WSluD1426157342</SESS>
  <RULES_TRIGGERED>0</RULES_TRIGGERED>
  <COUNTERS_TRIGGERED>0</COUNTERS_TRIGGERED>
  <REASON_CODE></REASON_CODE>
  <MASTERCARD></MASTERCARD>
  <WARNING_COUNT>0</WARNING_COUNT>
</RESPONSE>

2015-03-12T11:01:27Z
RequestParameter:  billNo: WSx6j1426158080 | startTime:2015-03-12 11:01:27

2015-03-12T11:01:27Z
1

2015-03-12T11:01:28Z
ResponseParameter:  billNo: WSx6j1426158080 | endTime:2015-03-12 11:01:28

2015-03-12T11:01:28Z
<?xml version="1.0" encoding="UTF-8"?>
<RESPONSE>
  <VERS>0600</VERS>
  <MODE>U</MODE>
  <TRAN>3YK80R93K5K4</TRAN>
  <MERC>680000</MERC>
  <SESS>WSx6j1426158080</SESS>
  <RULES_TRIGGERED>0</RULES_TRIGGERED>
  <COUNTERS_TRIGGERED>0</COUNTERS_TRIGGERED>
  <REASON_CODE></REASON_CODE>
  <MASTERCARD></MASTERCARD>
  <WARNING_COUNT>0</WARNING_COUNT>
</RESPONSE>

2015-03-12T11:01:55Z
RequestParameter:  billNo: CgdYT1426158102 | startTime:2015-03-12 11:01:55

2015-03-12T11:01:55Z
1

2015-03-12T11:01:57Z
ResponseParameter:  billNo: CgdYT1426158102 | endTime:2015-03-12 11:01:57

2015-03-12T11:01:57Z
<?xml version="1.0" encoding="UTF-8"?>
<RESPONSE>
  <VERS>0600</VERS>
  <MODE>U</MODE>
  <TRAN>3YK806144YMZ</TRAN>
  <MERC>680000</MERC>
  <SESS>CgdYT1426158102</SESS>
  <RULES_TRIGGERED>0</RULES_TRIGGERED>
  <COUNTERS_TRIGGERED>0</COUNTERS_TRIGGERED>
  <REASON_CODE></REASON_CODE>
  <MASTERCARD></MASTERCARD>
  <WARNING_COUNT>0</WARNING_COUNT>
</RESPONSE>

2015-03-12T11:02:20Z
RequestParameter:  billNo: Yq5au1426158133 | startTime:2015-03-12 11:02:20

2015-03-12T11:02:20Z
1

2015-03-12T11:02:21Z
ResponseParameter:  billNo: Yq5au1426158133 | endTime:2015-03-12 11:02:21

2015-03-12T11:02:21Z
<?xml version="1.0" encoding="UTF-8"?>
<RESPONSE>
  <VERS>0600</VERS>
  <MODE>U</MODE>
  <TRAN>3YK80V5TT8MY</TRAN>
  <MERC>680000</MERC>
  <SESS>Yq5au1426158133</SESS>
  <RULES_TRIGGERED>0</RULES_TRIGGERED>
  <COUNTERS_TRIGGERED>0</COUNTERS_TRIGGERED>
  <REASON_CODE></REASON_CODE>
  <MASTERCARD></MASTERCARD>
  <WARNING_COUNT>0</WARNING_COUNT>
</RESPONSE>

2015-03-12T11:13:57Z
RequestParameter:  billNo: iuU6H1426158832 | startTime:2015-03-12 11:13:57

2015-03-12T11:13:57Z
1

2015-03-12T11:13:58Z
ResponseParameter:  billNo: iuU6H1426158832 | endTime:2015-03-12 11:13:58

2015-03-12T11:13:58Z
<?xml version="1.0" encoding="UTF-8"?>
<RESPONSE>
  <VERS>0600</VERS>
  <MODE>U</MODE>
  <TRAN>3YK8032KYKQV</TRAN>
  <MERC>680000</MERC>
  <SESS>iuU6H1426158832</SESS>
  <RULES_TRIGGERED>0</RULES_TRIGGERED>
  <COUNTERS_TRIGGERED>0</COUNTERS_TRIGGERED>
  <REASON_CODE></REASON_CODE>
  <MASTERCARD></MASTERCARD>
  <WARNING_COUNT>0</WARNING_COUNT>
</RESPONSE>

2015-03-12T11:14:15Z
RequestParameter:  billNo: YXngk1426158851 | startTime:2015-03-12 11:14:15

2015-03-12T11:14:15Z
1

2015-03-12T11:14:16Z
ResponseParameter:  billNo: YXngk1426158851 | endTime:2015-03-12 11:14:16

2015-03-12T11:14:16Z
<?xml version="1.0" encoding="UTF-8"?>
<RESPONSE>
  <VERS>0600</VERS>
  <MODE>U</MODE>
  <TRAN>3YK80XZ50PC8</TRAN>
  <MERC>680000</MERC>
  <SESS>YXngk1426158851</SESS>
  <RULES_TRIGGERED>0</RULES_TRIGGERED>
  <COUNTERS_TRIGGERED>0</COUNTERS_TRIGGERED>
  <REASON_CODE></REASON_CODE>
  <MASTERCARD></MASTERCARD>
  <WARNING_COUNT>0</WARNING_COUNT>
</RESPONSE>

2015-03-12T11:14:38Z
RequestParameter:  billNo: npWQL1426158871 | startTime:2015-03-12 11:14:38

2015-03-12T11:14:38Z
1

2015-03-12T11:14:39Z
ResponseParameter:  billNo: npWQL1426158871 | endTime:2015-03-12 11:14:39

2015-03-12T11:14:39Z
<?xml version="1.0" encoding="UTF-8"?>
<RESPONSE>
  <VERS>0600</VERS>
  <MODE>U</MODE>
  <TRAN>3YK80C8LNGH7</TRAN>
  <MERC>680000</MERC>
  <SESS>npWQL1426158871</SESS>
  <RULES_TRIGGERED>0</RULES_TRIGGERED>
  <COUNTERS_TRIGGERED>0</COUNTERS_TRIGGERED>
  <REASON_CODE></REASON_CODE>
  <MASTERCARD></MASTERCARD>
  <WARNING_COUNT>0</WARNING_COUNT>
</RESPONSE>

2015-03-12T12:05:12Z
RequestParameter:  billNo: A7SI31426161907 | startTime:2015-03-12 12:05:12

2015-03-12T12:05:12Z
1

2015-03-12T12:05:13Z
ResponseParameter:  billNo: A7SI31426161907 | endTime:2015-03-12 12:05:13

2015-03-12T12:05:13Z
<?xml version="1.0" encoding="UTF-8"?>
<RESPONSE>
  <VERS>0600</VERS>
  <MODE>U</MODE>
  <TRAN>3YK60YLHQ23K</TRAN>
  <MERC>680000</MERC>
  <SESS>A7SI31426161907</SESS>
  <RULES_TRIGGERED>0</RULES_TRIGGERED>
  <COUNTERS_TRIGGERED>0</COUNTERS_TRIGGERED>
  <REASON_CODE></REASON_CODE>
  <MASTERCARD></MASTERCARD>
  <WARNING_COUNT>0</WARNING_COUNT>
</RESPONSE>

2015-03-12T12:05:40Z
RequestParameter:  billNo: HxMPW1426161933 | startTime:2015-03-12 12:05:40

2015-03-12T12:05:40Z
1

2015-03-12T12:05:41Z
ResponseParameter:  billNo: HxMPW1426161933 | endTime:2015-03-12 12:05:41

2015-03-12T12:05:41Z
<?xml version="1.0" encoding="UTF-8"?>
<RESPONSE>
  <VERS>0600</VERS>
  <MODE>U</MODE>
  <TRAN>3YK60NP1X01C</TRAN>
  <MERC>680000</MERC>
  <SESS>HxMPW1426161933</SESS>
  <RULES_TRIGGERED>0</RULES_TRIGGERED>
  <COUNTERS_TRIGGERED>0</COUNTERS_TRIGGERED>
  <REASON_CODE></REASON_CODE>
  <MASTERCARD></MASTERCARD>
  <WARNING_COUNT>0</WARNING_COUNT>
</RESPONSE>

2015-03-12T12:06:06Z
RequestParameter:  billNo: wIhni1426161957 | startTime:2015-03-12 12:06:06

2015-03-12T12:06:06Z
1

2015-03-12T12:06:07Z
ResponseParameter:  billNo: wIhni1426161957 | endTime:2015-03-12 12:06:07

2015-03-12T12:06:07Z
<?xml version="1.0" encoding="UTF-8"?>
<RESPONSE>
  <VERS>0600</VERS>
  <MODE>U</MODE>
  <TRAN>3YK60K7GHSK8</TRAN>
  <MERC>680000</MERC>
  <SESS>wIhni1426161957</SESS>
  <RULES_TRIGGERED>0</RULES_TRIGGERED>
  <COUNTERS_TRIGGERED>0</COUNTERS_TRIGGERED>
  <REASON_CODE></REASON_CODE>
  <MASTERCARD></MASTERCARD>
  <WARNING_COUNT>0</WARNING_COUNT>
</RESPONSE>

2015-03-12T12:06:41Z
RequestParameter:  billNo: tcFsX1426161998 | startTime:2015-03-12 12:06:41

2015-03-12T12:06:41Z
1

2015-03-12T12:06:42Z
ResponseParameter:  billNo: tcFsX1426161998 | endTime:2015-03-12 12:06:42

2015-03-12T12:06:42Z
<?xml version="1.0" encoding="UTF-8"?>
<RESPONSE>
  <VERS>0600</VERS>
  <MODE>U</MODE>
  <TRAN>3YK60VXC1H7Q</TRAN>
  <MERC>680000</MERC>
  <SESS>tcFsX1426161998</SESS>
  <RULES_TRIGGERED>0</RULES_TRIGGERED>
  <COUNTERS_TRIGGERED>0</COUNTERS_TRIGGERED>
  <REASON_CODE></REASON_CODE>
  <MASTERCARD></MASTERCARD>
  <WARNING_COUNT>0</WARNING_COUNT>
</RESPONSE>

2015-03-12T12:10:01Z
RequestParameter:  billNo: pMR3k1426162194 | startTime:2015-03-12 12:10:01

2015-03-12T12:10:01Z
1

2015-03-12T12:10:02Z
ResponseParameter:  billNo: pMR3k1426162194 | endTime:2015-03-12 12:10:02

2015-03-12T12:10:02Z
<?xml version="1.0" encoding="UTF-8"?>
<RESPONSE>
  <VERS>0600</VERS>
  <MODE>U</MODE>
  <TRAN>3YK60H4LTV35</TRAN>
  <MERC>680000</MERC>
  <SESS>pMR3k1426162194</SESS>
  <RULES_TRIGGERED>0</RULES_TRIGGERED>
  <COUNTERS_TRIGGERED>0</COUNTERS_TRIGGERED>
  <REASON_CODE></REASON_CODE>
  <MASTERCARD></MASTERCARD>
  <WARNING_COUNT>0</WARNING_COUNT>
</RESPONSE>

2015-03-12T12:10:36Z
RequestParameter:  billNo: WO94u1426162221 | startTime:2015-03-12 12:10:36

2015-03-12T12:10:36Z
1

2015-03-12T12:10:37Z
ResponseParameter:  billNo: WO94u1426162221 | endTime:2015-03-12 12:10:37

2015-03-12T12:10:37Z
<?xml version="1.0" encoding="UTF-8"?>
<RESPONSE>
  <VERS>0600</VERS>
  <MODE>U</MODE>
  <TRAN>3YK60SBK0D2V</TRAN>
  <MERC>680000</MERC>
  <SESS>WO94u1426162221</SESS>
  <RULES_TRIGGERED>0</RULES_TRIGGERED>
  <COUNTERS_TRIGGERED>0</COUNTERS_TRIGGERED>
  <REASON_CODE></REASON_CODE>
  <MASTERCARD></MASTERCARD>
  <WARNING_COUNT>0</WARNING_COUNT>
</RESPONSE>

2015-03-12T12:11:01Z
RequestParameter:  billNo: JZTaG1426162253 | startTime:2015-03-12 12:11:01

2015-03-12T12:11:01Z
1

2015-03-12T12:11:02Z
ResponseParameter:  billNo: JZTaG1426162253 | endTime:2015-03-12 12:11:02

2015-03-12T12:11:02Z
<?xml version="1.0" encoding="UTF-8"?>
<RESPONSE>
  <VERS>0600</VERS>
  <MODE>U</MODE>
  <TRAN>3YK607XDDK3M</TRAN>
  <MERC>680000</MERC>
  <SESS>JZTaG1426162253</SESS>
  <RULES_TRIGGERED>0</RULES_TRIGGERED>
  <COUNTERS_TRIGGERED>0</COUNTERS_TRIGGERED>
  <REASON_CODE></REASON_CODE>
  <MASTERCARD></MASTERCARD>
  <WARNING_COUNT>0</WARNING_COUNT>
</RESPONSE>

2015-03-12T13:35:02Z
RequestParameter:  billNo: tHB0J1426167289 | startTime:2015-03-12 13:35:02

2015-03-12T13:35:02Z
1

2015-03-12T13:35:03Z
ResponseParameter:  billNo: tHB0J1426167289 | endTime:2015-03-12 13:35:03

2015-03-12T13:35:03Z
<?xml version="1.0" encoding="UTF-8"?>
<RESPONSE>
  <VERS>0600</VERS>
  <MODE>U</MODE>
  <TRAN>3YK10KKXWJWR</TRAN>
  <MERC>680000</MERC>
  <SESS>tHB0J1426167289</SESS>
  <RULES_TRIGGERED>0</RULES_TRIGGERED>
  <COUNTERS_TRIGGERED>0</COUNTERS_TRIGGERED>
  <REASON_CODE></REASON_CODE>
  <MASTERCARD></MASTERCARD>
  <WARNING_COUNT>0</WARNING_COUNT>
</RESPONSE>

2015-03-12T13:39:52Z
RequestParameter:  billNo: clvxu1426167587 | startTime:2015-03-12 13:39:52

2015-03-12T13:39:52Z
1

2015-03-12T13:39:53Z
ResponseParameter:  billNo: clvxu1426167587 | endTime:2015-03-12 13:39:53

2015-03-12T13:39:53Z
<?xml version="1.0" encoding="UTF-8"?>
<RESPONSE>
  <VERS>0600</VERS>
  <MODE>U</MODE>
  <TRAN>3YK10SLGMTML</TRAN>
  <MERC>680000</MERC>
  <SESS>clvxu1426167587</SESS>
  <RULES_TRIGGERED>0</RULES_TRIGGERED>
  <COUNTERS_TRIGGERED>0</COUNTERS_TRIGGERED>
  <REASON_CODE></REASON_CODE>
  <MASTERCARD></MASTERCARD>
  <WARNING_COUNT>0</WARNING_COUNT>
</RESPONSE>

2015-03-12T13:40:19Z
RequestParameter:  billNo: eYW8M1426167612 | startTime:2015-03-12 13:40:19

2015-03-12T13:40:19Z
1

2015-03-12T13:40:20Z
ResponseParameter:  billNo: eYW8M1426167612 | endTime:2015-03-12 13:40:20

2015-03-12T13:40:20Z
<?xml version="1.0" encoding="UTF-8"?>
<RESPONSE>
  <VERS>0600</VERS>
  <MODE>U</MODE>
  <TRAN>3YK10C8R759M</TRAN>
  <MERC>680000</MERC>
  <SESS>eYW8M1426167612</SESS>
  <RULES_TRIGGERED>0</RULES_TRIGGERED>
  <COUNTERS_TRIGGERED>0</COUNTERS_TRIGGERED>
  <REASON_CODE></REASON_CODE>
  <MASTERCARD></MASTERCARD>
  <WARNING_COUNT>0</WARNING_COUNT>
</RESPONSE>

2015-03-12T13:41:14Z
RequestParameter:  billNo: vgKqQ1426167640 | startTime:2015-03-12 13:41:14

2015-03-12T13:41:14Z
1

2015-03-12T13:41:15Z
ResponseParameter:  billNo: vgKqQ1426167640 | endTime:2015-03-12 13:41:15

2015-03-12T13:41:15Z
<?xml version="1.0" encoding="UTF-8"?>
<RESPONSE>
  <VERS>0600</VERS>
  <MODE>U</MODE>
  <TRAN>3YK1026ZTBT9</TRAN>
  <MERC>680000</MERC>
  <SESS>vgKqQ1426167640</SESS>
  <RULES_TRIGGERED>0</RULES_TRIGGERED>
  <COUNTERS_TRIGGERED>0</COUNTERS_TRIGGERED>
  <REASON_CODE></REASON_CODE>
  <MASTERCARD></MASTERCARD>
  <WARNING_COUNT>0</WARNING_COUNT>
</RESPONSE>

2015-03-12T13:56:48Z
RequestParameter:  billNo: YbSDW1426168604 | startTime:2015-03-12 13:56:48

2015-03-12T13:56:48Z
1

2015-03-12T13:56:49Z
ResponseParameter:  billNo: YbSDW1426168604 | endTime:2015-03-12 13:56:49

2015-03-12T13:56:49Z
<?xml version="1.0" encoding="UTF-8"?>
<RESPONSE>
  <VERS>0600</VERS>
  <MODE>U</MODE>
  <TRAN>3YK10WY4GDM6</TRAN>
  <MERC>680000</MERC>
  <SESS>YbSDW1426168604</SESS>
  <RULES_TRIGGERED>0</RULES_TRIGGERED>
  <COUNTERS_TRIGGERED>0</COUNTERS_TRIGGERED>
  <REASON_CODE></REASON_CODE>
  <MASTERCARD></MASTERCARD>
  <WARNING_COUNT>0</WARNING_COUNT>
</RESPONSE>

2015-03-12T14:14:02Z
RequestParameter:  billNo: tBgMi1426169637 | startTime:2015-03-12 14:14:02

2015-03-12T14:14:02Z
1

2015-03-12T14:14:03Z
ResponseParameter:  billNo: tBgMi1426169637 | endTime:2015-03-12 14:14:03

2015-03-12T14:14:03Z
<?xml version="1.0" encoding="UTF-8"?>
<RESPONSE>
  <VERS>0600</VERS>
  <MODE>U</MODE>
  <TRAN>3YK30P81DKNW</TRAN>
  <MERC>680000</MERC>
  <SESS>tBgMi1426169637</SESS>
  <RULES_TRIGGERED>0</RULES_TRIGGERED>
  <COUNTERS_TRIGGERED>0</COUNTERS_TRIGGERED>
  <REASON_CODE></REASON_CODE>
  <MASTERCARD></MASTERCARD>
  <WARNING_COUNT>0</WARNING_COUNT>
</RESPONSE>

2015-03-12T14:14:36Z
RequestParameter:  billNo: deh0U1426169669 | startTime:2015-03-12 14:14:36

2015-03-12T14:14:36Z
1

2015-03-12T14:14:37Z
ResponseParameter:  billNo: deh0U1426169669 | endTime:2015-03-12 14:14:37

2015-03-12T14:14:37Z
<?xml version="1.0" encoding="UTF-8"?>
<RESPONSE>
  <VERS>0600</VERS>
  <MODE>U</MODE>
  <TRAN>3YK30NK9LD2C</TRAN>
  <MERC>680000</MERC>
  <SESS>deh0U1426169669</SESS>
  <RULES_TRIGGERED>0</RULES_TRIGGERED>
  <COUNTERS_TRIGGERED>0</COUNTERS_TRIGGERED>
  <REASON_CODE></REASON_CODE>
  <MASTERCARD></MASTERCARD>
  <WARNING_COUNT>0</WARNING_COUNT>
</RESPONSE>

2015-03-12T14:15:02Z
RequestParameter:  billNo: lOLkR1426169695 | startTime:2015-03-12 14:15:02

2015-03-12T14:15:02Z
1

2015-03-12T14:15:03Z
ResponseParameter:  billNo: lOLkR1426169695 | endTime:2015-03-12 14:15:03

2015-03-12T14:15:03Z
<?xml version="1.0" encoding="UTF-8"?>
<RESPONSE>
  <VERS>0600</VERS>
  <MODE>U</MODE>
  <TRAN>3YK30GKSKW91</TRAN>
  <MERC>680000</MERC>
  <SESS>lOLkR1426169695</SESS>
  <RULES_TRIGGERED>0</RULES_TRIGGERED>
  <COUNTERS_TRIGGERED>0</COUNTERS_TRIGGERED>
  <REASON_CODE></REASON_CODE>
  <MASTERCARD></MASTERCARD>
  <WARNING_COUNT>0</WARNING_COUNT>
</RESPONSE>

2015-03-12T14:59:21Z
RequestParameter:  billNo: kcKza1426172354 | startTime:2015-03-12 14:59:21

2015-03-12T14:59:21Z
1

2015-03-12T14:59:22Z
ResponseParameter:  billNo: kcKza1426172354 | endTime:2015-03-12 14:59:22

2015-03-12T14:59:22Z
<?xml version="1.0" encoding="UTF-8"?>
<RESPONSE>
  <VERS>0600</VERS>
  <MODE>U</MODE>
  <TRAN>3YK30LJM6NTM</TRAN>
  <MERC>680000</MERC>
  <SESS>kcKza1426172354</SESS>
  <RULES_TRIGGERED>0</RULES_TRIGGERED>
  <COUNTERS_TRIGGERED>0</COUNTERS_TRIGGERED>
  <REASON_CODE></REASON_CODE>
  <MASTERCARD></MASTERCARD>
  <WARNING_COUNT>0</WARNING_COUNT>
</RESPONSE>

2015-03-12T14:59:45Z
RequestParameter:  billNo: YMJB51426172377 | startTime:2015-03-12 14:59:45

2015-03-12T14:59:45Z
1

2015-03-12T14:59:46Z
ResponseParameter:  billNo: YMJB51426172377 | endTime:2015-03-12 14:59:46

2015-03-12T14:59:46Z
<?xml version="1.0" encoding="UTF-8"?>
<RESPONSE>
  <VERS>0600</VERS>
  <MODE>U</MODE>
  <TRAN>3YK306K9K1PB</TRAN>
  <MERC>680000</MERC>
  <SESS>YMJB51426172377</SESS>
  <RULES_TRIGGERED>0</RULES_TRIGGERED>
  <COUNTERS_TRIGGERED>0</COUNTERS_TRIGGERED>
  <REASON_CODE></REASON_CODE>
  <MASTERCARD></MASTERCARD>
  <WARNING_COUNT>0</WARNING_COUNT>
</RESPONSE>

2015-03-12T15:00:12Z
RequestParameter:  billNo: UMYXW1426172402 | startTime:2015-03-12 15:00:12

2015-03-12T15:00:12Z
1

2015-03-12T15:00:13Z
ResponseParameter:  billNo: UMYXW1426172402 | endTime:2015-03-12 15:00:13

2015-03-12T15:00:13Z
<?xml version="1.0" encoding="UTF-8"?>
<RESPONSE>
  <VERS>0600</VERS>
  <MODE>U</MODE>
  <TRAN>3YKP0JC0WDRZ</TRAN>
  <MERC>680000</MERC>
  <SESS>UMYXW1426172402</SESS>
  <RULES_TRIGGERED>0</RULES_TRIGGERED>
  <COUNTERS_TRIGGERED>0</COUNTERS_TRIGGERED>
  <REASON_CODE></REASON_CODE>
  <MASTERCARD></MASTERCARD>
  <WARNING_COUNT>0</WARNING_COUNT>
</RESPONSE>

2015-03-12T15:00:33Z
RequestParameter:  billNo: SqfkD1426172429 | startTime:2015-03-12 15:00:33

2015-03-12T15:00:33Z
1

2015-03-12T15:00:34Z
ResponseParameter:  billNo: SqfkD1426172429 | endTime:2015-03-12 15:00:34

2015-03-12T15:00:34Z
<?xml version="1.0" encoding="UTF-8"?>
<RESPONSE>
  <VERS>0600</VERS>
  <MODE>U</MODE>
  <TRAN>3YKP06TGQ59X</TRAN>
  <MERC>680000</MERC>
  <SESS>SqfkD1426172429</SESS>
  <RULES_TRIGGERED>0</RULES_TRIGGERED>
  <COUNTERS_TRIGGERED>0</COUNTERS_TRIGGERED>
  <REASON_CODE></REASON_CODE>
  <MASTERCARD></MASTERCARD>
  <WARNING_COUNT>0</WARNING_COUNT>
</RESPONSE>

2015-03-12T15:11:47Z
RequestParameter:  billNo: ryx611426173101 | startTime:2015-03-12 15:11:47

2015-03-12T15:11:47Z
1

2015-03-12T15:11:48Z
ResponseParameter:  billNo: ryx611426173101 | endTime:2015-03-12 15:11:48

2015-03-12T15:11:48Z
<?xml version="1.0" encoding="UTF-8"?>
<RESPONSE>
  <VERS>0600</VERS>
  <MODE>U</MODE>
  <TRAN>3YKP0SC4BP4H</TRAN>
  <MERC>680000</MERC>
  <SESS>ryx611426173101</SESS>
  <RULES_TRIGGERED>0</RULES_TRIGGERED>
  <COUNTERS_TRIGGERED>0</COUNTERS_TRIGGERED>
  <REASON_CODE></REASON_CODE>
  <MASTERCARD></MASTERCARD>
  <WARNING_COUNT>0</WARNING_COUNT>
</RESPONSE>

2015-03-12T15:12:08Z
RequestParameter:  billNo: azl6Q1426173124 | startTime:2015-03-12 15:12:08

2015-03-12T15:12:08Z
1

2015-03-12T15:12:09Z
ResponseParameter:  billNo: azl6Q1426173124 | endTime:2015-03-12 15:12:09

2015-03-12T15:12:09Z
<?xml version="1.0" encoding="UTF-8"?>
<RESPONSE>
  <VERS>0600</VERS>
  <MODE>U</MODE>
  <TRAN>3YKP0201KLKY</TRAN>
  <MERC>680000</MERC>
  <SESS>azl6Q1426173124</SESS>
  <RULES_TRIGGERED>0</RULES_TRIGGERED>
  <COUNTERS_TRIGGERED>0</COUNTERS_TRIGGERED>
  <REASON_CODE></REASON_CODE>
  <MASTERCARD></MASTERCARD>
  <WARNING_COUNT>0</WARNING_COUNT>
</RESPONSE>

2015-03-12T15:12:30Z
RequestParameter:  billNo: 8jICb1426173145 | startTime:2015-03-12 15:12:30

2015-03-12T15:12:30Z
1

2015-03-12T15:12:31Z
ResponseParameter:  billNo: 8jICb1426173145 | endTime:2015-03-12 15:12:31

2015-03-12T15:12:31Z
<?xml version="1.0" encoding="UTF-8"?>
<RESPONSE>
  <VERS>0600</VERS>
  <MODE>U</MODE>
  <TRAN>3YKP04PNMCDJ</TRAN>
  <MERC>680000</MERC>
  <SESS>8jICb1426173145</SESS>
  <RULES_TRIGGERED>0</RULES_TRIGGERED>
  <COUNTERS_TRIGGERED>0</COUNTERS_TRIGGERED>
  <REASON_CODE></REASON_CODE>
  <MASTERCARD></MASTERCARD>
  <WARNING_COUNT>0</WARNING_COUNT>
</RESPONSE>

2015-03-12T15:13:57Z
RequestParameter:  billNo: dMtTr1426173232 | startTime:2015-03-12 15:13:57

2015-03-12T15:13:57Z
1

2015-03-12T15:13:58Z
ResponseParameter:  billNo: dMtTr1426173232 | endTime:2015-03-12 15:13:58

2015-03-12T15:13:58Z
<?xml version="1.0" encoding="UTF-8"?>
<RESPONSE>
  <VERS>0600</VERS>
  <MODE>U</MODE>
  <TRAN>3YKP0XLCZVJP</TRAN>
  <MERC>680000</MERC>
  <SESS>dMtTr1426173232</SESS>
  <RULES_TRIGGERED>0</RULES_TRIGGERED>
  <COUNTERS_TRIGGERED>0</COUNTERS_TRIGGERED>
  <REASON_CODE></REASON_CODE>
  <MASTERCARD></MASTERCARD>
  <WARNING_COUNT>0</WARNING_COUNT>
</RESPONSE>

2015-03-12T15:14:16Z
RequestParameter:  billNo: tLujP1426173251 | startTime:2015-03-12 15:14:16

2015-03-12T15:14:16Z
1

2015-03-12T15:14:17Z
ResponseParameter:  billNo: tLujP1426173251 | endTime:2015-03-12 15:14:17

2015-03-12T15:14:17Z
<?xml version="1.0" encoding="UTF-8"?>
<RESPONSE>
  <VERS>0600</VERS>
  <MODE>U</MODE>
  <TRAN>3YKP05KBKN2J</TRAN>
  <MERC>680000</MERC>
  <SESS>tLujP1426173251</SESS>
  <RULES_TRIGGERED>0</RULES_TRIGGERED>
  <COUNTERS_TRIGGERED>0</COUNTERS_TRIGGERED>
  <REASON_CODE></REASON_CODE>
  <MASTERCARD></MASTERCARD>
  <WARNING_COUNT>0</WARNING_COUNT>
</RESPONSE>

2015-03-12T15:14:37Z
RequestParameter:  billNo: CeyTV1426173272 | startTime:2015-03-12 15:14:37

2015-03-12T15:14:37Z
1

2015-03-12T15:14:38Z
ResponseParameter:  billNo: CeyTV1426173272 | endTime:2015-03-12 15:14:38

2015-03-12T15:14:38Z
<?xml version="1.0" encoding="UTF-8"?>
<RESPONSE>
  <VERS>0600</VERS>
  <MODE>U</MODE>
  <TRAN>3YKP0G0BHST1</TRAN>
  <MERC>680000</MERC>
  <SESS>CeyTV1426173272</SESS>
  <RULES_TRIGGERED>0</RULES_TRIGGERED>
  <COUNTERS_TRIGGERED>0</COUNTERS_TRIGGERED>
  <REASON_CODE></REASON_CODE>
  <MASTERCARD></MASTERCARD>
  <WARNING_COUNT>0</WARNING_COUNT>
</RESPONSE>

2015-03-12T15:21:23Z
RequestParameter:  billNo: HO0nA1426173677 | startTime:2015-03-12 15:21:23

2015-03-12T15:21:23Z
1

2015-03-12T15:21:24Z
ResponseParameter:  billNo: HO0nA1426173677 | endTime:2015-03-12 15:21:24

2015-03-12T15:21:24Z
<?xml version="1.0" encoding="UTF-8"?>
<RESPONSE>
  <VERS>0600</VERS>
  <MODE>U</MODE>
  <TRAN>3YKP0BXPS79X</TRAN>
  <MERC>680000</MERC>
  <SESS>HO0nA1426173677</SESS>
  <RULES_TRIGGERED>0</RULES_TRIGGERED>
  <COUNTERS_TRIGGERED>0</COUNTERS_TRIGGERED>
  <REASON_CODE></REASON_CODE>
  <MASTERCARD></MASTERCARD>
  <WARNING_COUNT>0</WARNING_COUNT>
</RESPONSE>

2015-03-12T15:21:42Z
RequestParameter:  billNo: fi8aq1426173698 | startTime:2015-03-12 15:21:42

2015-03-12T15:21:42Z
1

2015-03-12T15:21:43Z
ResponseParameter:  billNo: fi8aq1426173698 | endTime:2015-03-12 15:21:43

2015-03-12T15:21:43Z
<?xml version="1.0" encoding="UTF-8"?>
<RESPONSE>
  <VERS>0600</VERS>
  <MODE>U</MODE>
  <TRAN>3YKP03JTZRYL</TRAN>
  <MERC>680000</MERC>
  <SESS>fi8aq1426173698</SESS>
  <RULES_TRIGGERED>0</RULES_TRIGGERED>
  <COUNTERS_TRIGGERED>0</COUNTERS_TRIGGERED>
  <REASON_CODE></REASON_CODE>
  <MASTERCARD></MASTERCARD>
  <WARNING_COUNT>0</WARNING_COUNT>
</RESPONSE>

2015-03-12T15:22:01Z
RequestParameter:  billNo: eCLIP1426173716 | startTime:2015-03-12 15:22:01

2015-03-12T15:22:01Z
1

2015-03-12T15:22:02Z
ResponseParameter:  billNo: eCLIP1426173716 | endTime:2015-03-12 15:22:02

2015-03-12T15:22:02Z
<?xml version="1.0" encoding="UTF-8"?>
<RESPONSE>
  <VERS>0600</VERS>
  <MODE>U</MODE>
  <TRAN>3YKP0749XM5W</TRAN>
  <MERC>680000</MERC>
  <SESS>eCLIP1426173716</SESS>
  <RULES_TRIGGERED>0</RULES_TRIGGERED>
  <COUNTERS_TRIGGERED>0</COUNTERS_TRIGGERED>
  <REASON_CODE></REASON_CODE>
  <MASTERCARD></MASTERCARD>
  <WARNING_COUNT>0</WARNING_COUNT>
</RESPONSE>

2015-03-12T16:47:10Z
RequestParameter:  billNo: CGtmJ1426178824 | startTime:2015-03-12 16:47:10

2015-03-12T16:47:10Z
1

2015-03-12T16:47:11Z
ResponseParameter:  billNo: CGtmJ1426178824 | endTime:2015-03-12 16:47:11

2015-03-12T16:47:11Z
<?xml version="1.0" encoding="UTF-8"?>
<RESPONSE>
  <VERS>0600</VERS>
  <MODE>U</MODE>
  <TRAN>3YK7094VJRSS</TRAN>
  <MERC>680000</MERC>
  <SESS>CGtmJ1426178824</SESS>
  <RULES_TRIGGERED>0</RULES_TRIGGERED>
  <COUNTERS_TRIGGERED>0</COUNTERS_TRIGGERED>
  <REASON_CODE></REASON_CODE>
  <MASTERCARD></MASTERCARD>
  <WARNING_COUNT>0</WARNING_COUNT>
</RESPONSE>

2015-03-12T16:47:32Z
RequestParameter:  billNo: 3S1Ky1426178846 | startTime:2015-03-12 16:47:32

2015-03-12T16:47:32Z
1

2015-03-12T16:47:33Z
ResponseParameter:  billNo: 3S1Ky1426178846 | endTime:2015-03-12 16:47:33

2015-03-12T16:47:33Z
<?xml version="1.0" encoding="UTF-8"?>
<RESPONSE>
  <VERS>0600</VERS>
  <MODE>U</MODE>
  <TRAN>3YK70V63ZTGC</TRAN>
  <MERC>680000</MERC>
  <SESS>3S1Ky1426178846</SESS>
  <RULES_TRIGGERED>0</RULES_TRIGGERED>
  <COUNTERS_TRIGGERED>0</COUNTERS_TRIGGERED>
  <REASON_CODE></REASON_CODE>
  <MASTERCARD></MASTERCARD>
  <WARNING_COUNT>0</WARNING_COUNT>
</RESPONSE>

2015-03-12T16:47:54Z
RequestParameter:  billNo: BHb7N1426178869 | startTime:2015-03-12 16:47:54

2015-03-12T16:47:54Z
1

2015-03-12T16:47:55Z
ResponseParameter:  billNo: BHb7N1426178869 | endTime:2015-03-12 16:47:55

2015-03-12T16:47:55Z
<?xml version="1.0" encoding="UTF-8"?>
<RESPONSE>
  <VERS>0600</VERS>
  <MODE>U</MODE>
  <TRAN>3YK708PP841R</TRAN>
  <MERC>680000</MERC>
  <SESS>BHb7N1426178869</SESS>
  <RULES_TRIGGERED>0</RULES_TRIGGERED>
  <COUNTERS_TRIGGERED>0</COUNTERS_TRIGGERED>
  <REASON_CODE></REASON_CODE>
  <MASTERCARD></MASTERCARD>
  <WARNING_COUNT>0</WARNING_COUNT>
</RESPONSE>

2015-03-12T16:52:10Z
RequestParameter:  billNo: 0IpPs1426179124 | startTime:2015-03-12 16:52:10

2015-03-12T16:52:10Z
1

2015-03-12T16:52:11Z
ResponseParameter:  billNo: 0IpPs1426179124 | endTime:2015-03-12 16:52:11

2015-03-12T16:52:11Z
<?xml version="1.0" encoding="UTF-8"?>
<RESPONSE>
  <VERS>0600</VERS>
  <MODE>U</MODE>
  <TRAN>3YK70TLKSBQ8</TRAN>
  <MERC>680000</MERC>
  <SESS>0IpPs1426179124</SESS>
  <RULES_TRIGGERED>0</RULES_TRIGGERED>
  <COUNTERS_TRIGGERED>0</COUNTERS_TRIGGERED>
  <REASON_CODE></REASON_CODE>
  <MASTERCARD></MASTERCARD>
  <WARNING_COUNT>0</WARNING_COUNT>
</RESPONSE>

2015-03-12T16:52:29Z
RequestParameter:  billNo: zbM7C1426179144 | startTime:2015-03-12 16:52:29

2015-03-12T16:52:29Z
1

2015-03-12T16:52:30Z
ResponseParameter:  billNo: zbM7C1426179144 | endTime:2015-03-12 16:52:30

2015-03-12T16:52:30Z
<?xml version="1.0" encoding="UTF-8"?>
<RESPONSE>
  <VERS>0600</VERS>
  <MODE>U</MODE>
  <TRAN>3YK70SK7XZRK</TRAN>
  <MERC>680000</MERC>
  <SESS>zbM7C1426179144</SESS>
  <RULES_TRIGGERED>0</RULES_TRIGGERED>
  <COUNTERS_TRIGGERED>0</COUNTERS_TRIGGERED>
  <REASON_CODE></REASON_CODE>
  <MASTERCARD></MASTERCARD>
  <WARNING_COUNT>0</WARNING_COUNT>
</RESPONSE>

2015-03-12T16:58:43Z
RequestParameter:  billNo: bjRVa1426179517 | startTime:2015-03-12 16:58:43

2015-03-12T16:58:43Z
1

2015-03-12T16:58:44Z
ResponseParameter:  billNo: bjRVa1426179517 | endTime:2015-03-12 16:58:44

2015-03-12T16:58:44Z
<?xml version="1.0" encoding="UTF-8"?>
<RESPONSE>
  <VERS>0600</VERS>
  <MODE>U</MODE>
  <TRAN>3YK70D9X6X1J</TRAN>
  <MERC>680000</MERC>
  <SESS>bjRVa1426179517</SESS>
  <RULES_TRIGGERED>0</RULES_TRIGGERED>
  <COUNTERS_TRIGGERED>0</COUNTERS_TRIGGERED>
  <REASON_CODE></REASON_CODE>
  <MASTERCARD></MASTERCARD>
  <WARNING_COUNT>0</WARNING_COUNT>
</RESPONSE>

2015-03-12T16:59:01Z
RequestParameter:  billNo: CoITB1426179536 | startTime:2015-03-12 16:59:01

2015-03-12T16:59:01Z
1

2015-03-12T16:59:02Z
ResponseParameter:  billNo: CoITB1426179536 | endTime:2015-03-12 16:59:02

2015-03-12T16:59:02Z
<?xml version="1.0" encoding="UTF-8"?>
<RESPONSE>
  <VERS>0600</VERS>
  <MODE>U</MODE>
  <TRAN>3YK70DK6NM4Z</TRAN>
  <MERC>680000</MERC>
  <SESS>CoITB1426179536</SESS>
  <RULES_TRIGGERED>0</RULES_TRIGGERED>
  <COUNTERS_TRIGGERED>0</COUNTERS_TRIGGERED>
  <REASON_CODE></REASON_CODE>
  <MASTERCARD></MASTERCARD>
  <WARNING_COUNT>0</WARNING_COUNT>
</RESPONSE>

2015-03-12T16:59:18Z
RequestParameter:  billNo: BX2El1426179554 | startTime:2015-03-12 16:59:18

2015-03-12T16:59:18Z
1

2015-03-12T16:59:19Z
ResponseParameter:  billNo: BX2El1426179554 | endTime:2015-03-12 16:59:19

2015-03-12T16:59:19Z
<?xml version="1.0" encoding="UTF-8"?>
<RESPONSE>
  <VERS>0600</VERS>
  <MODE>U</MODE>
  <TRAN>3YK70247KCT5</TRAN>
  <MERC>680000</MERC>
  <SESS>BX2El1426179554</SESS>
  <RULES_TRIGGERED>0</RULES_TRIGGERED>
  <COUNTERS_TRIGGERED>0</COUNTERS_TRIGGERED>
  <REASON_CODE></REASON_CODE>
  <MASTERCARD></MASTERCARD>
  <WARNING_COUNT>0</WARNING_COUNT>
</RESPONSE>

2015-03-12T17:11:15Z
RequestParameter:  billNo: fSQvb1426180264 | startTime:2015-03-12 17:11:15

2015-03-12T17:11:15Z
1

2015-03-12T17:11:17Z
ResponseParameter:  billNo: fSQvb1426180264 | endTime:2015-03-12 17:11:17

2015-03-12T17:11:17Z
<?xml version="1.0" encoding="UTF-8"?>
<RESPONSE>
  <VERS>0600</VERS>
  <MODE>U</MODE>
  <TRAN>3YKD0Z98LZVX</TRAN>
  <MERC>680000</MERC>
  <SESS>fSQvb1426180264</SESS>
  <RULES_TRIGGERED>0</RULES_TRIGGERED>
  <COUNTERS_TRIGGERED>0</COUNTERS_TRIGGERED>
  <REASON_CODE></REASON_CODE>
  <MASTERCARD></MASTERCARD>
  <WARNING_COUNT>0</WARNING_COUNT>
</RESPONSE>

2015-03-12T17:11:52Z
RequestParameter:  billNo: KXFzH1426180302 | startTime:2015-03-12 17:11:52

2015-03-12T17:11:52Z
1

2015-03-12T17:11:53Z
ResponseParameter:  billNo: KXFzH1426180302 | endTime:2015-03-12 17:11:53

2015-03-12T17:11:53Z
<?xml version="1.0" encoding="UTF-8"?>
<RESPONSE>
  <VERS>0600</VERS>
  <MODE>U</MODE>
  <TRAN>3YKD0LHY013K</TRAN>
  <MERC>680000</MERC>
  <SESS>KXFzH1426180302</SESS>
  <RULES_TRIGGERED>0</RULES_TRIGGERED>
  <COUNTERS_TRIGGERED>0</COUNTERS_TRIGGERED>
  <REASON_CODE></REASON_CODE>
  <MASTERCARD></MASTERCARD>
  <WARNING_COUNT>0</WARNING_COUNT>
</RESPONSE>

2015-03-12T17:12:16Z
RequestParameter:  billNo: brJB41426180331 | startTime:2015-03-12 17:12:16

2015-03-12T17:12:16Z
1

2015-03-12T17:12:17Z
ResponseParameter:  billNo: brJB41426180331 | endTime:2015-03-12 17:12:17

2015-03-12T17:12:17Z
<?xml version="1.0" encoding="UTF-8"?>
<RESPONSE>
  <VERS>0600</VERS>
  <MODE>U</MODE>
  <TRAN>3YKD0RX6339X</TRAN>
  <MERC>680000</MERC>
  <SESS>brJB41426180331</SESS>
  <RULES_TRIGGERED>0</RULES_TRIGGERED>
  <COUNTERS_TRIGGERED>0</COUNTERS_TRIGGERED>
  <REASON_CODE></REASON_CODE>
  <MASTERCARD></MASTERCARD>
  <WARNING_COUNT>0</WARNING_COUNT>
</RESPONSE>

2015-03-12T17:12:40Z
RequestParameter:  billNo: boq5X1426180355 | startTime:2015-03-12 17:12:40

2015-03-12T17:12:40Z
1

2015-03-12T17:12:41Z
ResponseParameter:  billNo: boq5X1426180355 | endTime:2015-03-12 17:12:41

2015-03-12T17:12:41Z
<?xml version="1.0" encoding="UTF-8"?>
<RESPONSE>
  <VERS>0600</VERS>
  <MODE>U</MODE>
  <TRAN>3YKD0LWW0847</TRAN>
  <MERC>680000</MERC>
  <SESS>boq5X1426180355</SESS>
  <RULES_TRIGGERED>0</RULES_TRIGGERED>
  <COUNTERS_TRIGGERED>0</COUNTERS_TRIGGERED>
  <REASON_CODE></REASON_CODE>
  <MASTERCARD></MASTERCARD>
  <WARNING_COUNT>0</WARNING_COUNT>
</RESPONSE>

2015-03-12T17:16:24Z
RequestParameter:  billNo: wK6cW1426167321 | startTime:2015-03-12 17:16:24

2015-03-12T17:16:24Z
1

2015-03-12T17:16:26Z
ResponseParameter:  billNo: wK6cW1426167321 | endTime:2015-03-12 17:16:26

2015-03-12T17:16:26Z
<?xml version="1.0" encoding="UTF-8"?>
<RESPONSE>
  <VERS>0600</VERS>
  <MODE>U</MODE>
  <TRAN>3YK10RB7DGKR</TRAN>
  <MERC>680000</MERC>
  <SESS>wK6cW1426167321</SESS>
  <RULES_TRIGGERED>0</RULES_TRIGGERED>
  <COUNTERS_TRIGGERED>0</COUNTERS_TRIGGERED>
  <REASON_CODE></REASON_CODE>
  <MASTERCARD></MASTERCARD>
  <WARNING_COUNT>0</WARNING_COUNT>
</RESPONSE>

2015-03-12T17:25:39Z
RequestParameter:  billNo: qNkOL1426181134 | startTime:2015-03-12 17:25:39

2015-03-12T17:25:39Z
1

2015-03-12T17:25:40Z
ResponseParameter:  billNo: qNkOL1426181134 | endTime:2015-03-12 17:25:40

2015-03-12T17:25:40Z
<?xml version="1.0" encoding="UTF-8"?>
<RESPONSE>
  <VERS>0600</VERS>
  <MODE>U</MODE>
  <TRAN>3YKD0SHW3MSJ</TRAN>
  <MERC>680000</MERC>
  <SESS>qNkOL1426181134</SESS>
  <RULES_TRIGGERED>0</RULES_TRIGGERED>
  <COUNTERS_TRIGGERED>0</COUNTERS_TRIGGERED>
  <REASON_CODE></REASON_CODE>
  <MASTERCARD></MASTERCARD>
  <WARNING_COUNT>0</WARNING_COUNT>
</RESPONSE>

2015-03-12T17:26:06Z
RequestParameter:  billNo: 1T5v61426181160 | startTime:2015-03-12 17:26:06

2015-03-12T17:26:06Z
1

2015-03-12T17:26:07Z
ResponseParameter:  billNo: 1T5v61426181160 | endTime:2015-03-12 17:26:07

2015-03-12T17:26:07Z
<?xml version="1.0" encoding="UTF-8"?>
<RESPONSE>
  <VERS>0600</VERS>
  <MODE>U</MODE>
  <TRAN>3YKD0KTKGR7L</TRAN>
  <MERC>680000</MERC>
  <SESS>1T5v61426181160</SESS>
  <RULES_TRIGGERED>0</RULES_TRIGGERED>
  <COUNTERS_TRIGGERED>0</COUNTERS_TRIGGERED>
  <REASON_CODE></REASON_CODE>
  <MASTERCARD></MASTERCARD>
  <WARNING_COUNT>0</WARNING_COUNT>
</RESPONSE>

2015-03-12T17:27:17Z
RequestParameter:  billNo: nNDBb1426181233 | startTime:2015-03-12 17:27:17

2015-03-12T17:27:17Z
1

2015-03-12T17:27:18Z
ResponseParameter:  billNo: nNDBb1426181233 | endTime:2015-03-12 17:27:18

2015-03-12T17:27:18Z
<?xml version="1.0" encoding="UTF-8"?>
<RESPONSE>
  <VERS>0600</VERS>
  <MODE>U</MODE>
  <TRAN>3YKD010TDYDS</TRAN>
  <MERC>680000</MERC>
  <SESS>nNDBb1426181233</SESS>
  <RULES_TRIGGERED>0</RULES_TRIGGERED>
  <COUNTERS_TRIGGERED>0</COUNTERS_TRIGGERED>
  <REASON_CODE></REASON_CODE>
  <MASTERCARD></MASTERCARD>
  <WARNING_COUNT>0</WARNING_COUNT>
</RESPONSE>

2015-03-12T17:27:35Z
RequestParameter:  billNo: dJUIA1426181250 | startTime:2015-03-12 17:27:35

2015-03-12T17:27:35Z
1

2015-03-12T17:27:36Z
ResponseParameter:  billNo: dJUIA1426181250 | endTime:2015-03-12 17:27:36

2015-03-12T17:27:36Z
<?xml version="1.0" encoding="UTF-8"?>
<RESPONSE>
  <VERS>0600</VERS>
  <MODE>U</MODE>
  <TRAN>3YKD0YWG2LDQ</TRAN>
  <MERC>680000</MERC>
  <SESS>dJUIA1426181250</SESS>
  <RULES_TRIGGERED>0</RULES_TRIGGERED>
  <COUNTERS_TRIGGERED>0</COUNTERS_TRIGGERED>
  <REASON_CODE></REASON_CODE>
  <MASTERCARD></MASTERCARD>
  <WARNING_COUNT>0</WARNING_COUNT>
</RESPONSE>

2015-03-12T17:28:50Z
RequestParameter:  billNo: mG1tu1426181325 | startTime:2015-03-12 17:28:50

2015-03-12T17:28:50Z
1

2015-03-12T17:28:51Z
ResponseParameter:  billNo: mG1tu1426181325 | endTime:2015-03-12 17:28:51

2015-03-12T17:28:51Z
<?xml version="1.0" encoding="UTF-8"?>
<RESPONSE>
  <VERS>0600</VERS>
  <MODE>U</MODE>
  <TRAN>3YKD0S20Y8JT</TRAN>
  <MERC>680000</MERC>
  <SESS>mG1tu1426181325</SESS>
  <RULES_TRIGGERED>0</RULES_TRIGGERED>
  <COUNTERS_TRIGGERED>0</COUNTERS_TRIGGERED>
  <REASON_CODE></REASON_CODE>
  <MASTERCARD></MASTERCARD>
  <WARNING_COUNT>0</WARNING_COUNT>
</RESPONSE>

2015-03-12T17:31:56Z
RequestParameter:  billNo: J5Nuq1426181510 | startTime:2015-03-12 17:31:56

2015-03-12T17:31:56Z
1

2015-03-12T17:31:57Z
ResponseParameter:  billNo: J5Nuq1426181510 | endTime:2015-03-12 17:31:57

2015-03-12T17:31:57Z
<?xml version="1.0" encoding="UTF-8"?>
<RESPONSE>
  <VERS>0600</VERS>
  <MODE>U</MODE>
  <TRAN>3YKD0MCTGX7D</TRAN>
  <MERC>680000</MERC>
  <SESS>J5Nuq1426181510</SESS>
  <RULES_TRIGGERED>0</RULES_TRIGGERED>
  <COUNTERS_TRIGGERED>0</COUNTERS_TRIGGERED>
  <REASON_CODE></REASON_CODE>
  <MASTERCARD></MASTERCARD>
  <WARNING_COUNT>0</WARNING_COUNT>
</RESPONSE>

2015-03-12T17:34:28Z
RequestParameter:  billNo: f4AUq1426181663 | startTime:2015-03-12 17:34:28

2015-03-12T17:34:28Z
1

2015-03-12T17:34:29Z
ResponseParameter:  billNo: f4AUq1426181663 | endTime:2015-03-12 17:34:29

2015-03-12T17:34:29Z
<?xml version="1.0" encoding="UTF-8"?>
<RESPONSE>
  <VERS>0600</VERS>
  <MODE>U</MODE>
  <TRAN>3YKD033MDKDH</TRAN>
  <MERC>680000</MERC>
  <SESS>f4AUq1426181663</SESS>
  <RULES_TRIGGERED>0</RULES_TRIGGERED>
  <COUNTERS_TRIGGERED>0</COUNTERS_TRIGGERED>
  <REASON_CODE></REASON_CODE>
  <MASTERCARD></MASTERCARD>
  <WARNING_COUNT>0</WARNING_COUNT>
</RESPONSE>

2015-03-12T17:41:34Z
RequestParameter:  billNo: tIjZn1426182090 | startTime:2015-03-12 17:41:34

2015-03-12T17:41:34Z
1

2015-03-12T17:41:35Z
ResponseParameter:  billNo: tIjZn1426182090 | endTime:2015-03-12 17:41:35

2015-03-12T17:41:35Z
<?xml version="1.0" encoding="UTF-8"?>
<RESPONSE>
  <VERS>0600</VERS>
  <MODE>U</MODE>
  <TRAN>3YKD0ZBN4DB2</TRAN>
  <MERC>680000</MERC>
  <SESS>tIjZn1426182090</SESS>
  <RULES_TRIGGERED>0</RULES_TRIGGERED>
  <COUNTERS_TRIGGERED>0</COUNTERS_TRIGGERED>
  <REASON_CODE></REASON_CODE>
  <MASTERCARD></MASTERCARD>
  <WARNING_COUNT>0</WARNING_COUNT>
</RESPONSE>

2015-03-12T17:41:54Z
RequestParameter:  billNo: aYTrH1426182108 | startTime:2015-03-12 17:41:54

2015-03-12T17:41:54Z
1

2015-03-12T17:41:55Z
ResponseParameter:  billNo: aYTrH1426182108 | endTime:2015-03-12 17:41:55

2015-03-12T17:41:55Z
<?xml version="1.0" encoding="UTF-8"?>
<RESPONSE>
  <VERS>0600</VERS>
  <MODE>U</MODE>
  <TRAN>3YKD083GSZ4J</TRAN>
  <MERC>680000</MERC>
  <SESS>aYTrH1426182108</SESS>
  <RULES_TRIGGERED>0</RULES_TRIGGERED>
  <COUNTERS_TRIGGERED>0</COUNTERS_TRIGGERED>
  <REASON_CODE></REASON_CODE>
  <MASTERCARD></MASTERCARD>
  <WARNING_COUNT>0</WARNING_COUNT>
</RESPONSE>

2015-03-12T17:42:11Z
RequestParameter:  billNo: LaRbp1426182127 | startTime:2015-03-12 17:42:11

2015-03-12T17:42:11Z
1

2015-03-12T17:42:12Z
ResponseParameter:  billNo: LaRbp1426182127 | endTime:2015-03-12 17:42:12

2015-03-12T17:42:12Z
<?xml version="1.0" encoding="UTF-8"?>
<RESPONSE>
  <VERS>0600</VERS>
  <MODE>U</MODE>
  <TRAN>3YKD0LS8W87K</TRAN>
  <MERC>680000</MERC>
  <SESS>LaRbp1426182127</SESS>
  <RULES_TRIGGERED>0</RULES_TRIGGERED>
  <COUNTERS_TRIGGERED>0</COUNTERS_TRIGGERED>
  <REASON_CODE></REASON_CODE>
  <MASTERCARD></MASTERCARD>
  <WARNING_COUNT>0</WARNING_COUNT>
</RESPONSE>

2015-03-12T17:42:27Z
RequestParameter:  billNo: k5aPR1426182145 | startTime:2015-03-12 17:42:27

2015-03-12T17:42:27Z
1

2015-03-12T17:42:28Z
ResponseParameter:  billNo: k5aPR1426182145 | endTime:2015-03-12 17:42:28

2015-03-12T17:42:28Z
<?xml version="1.0" encoding="UTF-8"?>
<RESPONSE>
  <VERS>0600</VERS>
  <MODE>U</MODE>
  <TRAN>3YKD0XRPJHQ1</TRAN>
  <MERC>680000</MERC>
  <SESS>k5aPR1426182145</SESS>
  <RULES_TRIGGERED>0</RULES_TRIGGERED>
  <COUNTERS_TRIGGERED>0</COUNTERS_TRIGGERED>
  <REASON_CODE></REASON_CODE>
  <MASTERCARD></MASTERCARD>
  <WARNING_COUNT>0</WARNING_COUNT>
</RESPONSE>

2015-03-12T17:44:21Z
RequestParameter:  billNo: n71eZ1426182257 | startTime:2015-03-12 17:44:21

2015-03-12T17:44:21Z
1

2015-03-12T17:44:22Z
ResponseParameter:  billNo: n71eZ1426182257 | endTime:2015-03-12 17:44:22

2015-03-12T17:44:22Z
<?xml version="1.0" encoding="UTF-8"?>
<RESPONSE>
  <VERS>0600</VERS>
  <MODE>U</MODE>
  <TRAN>3YKD05Q8L0KK</TRAN>
  <MERC>680000</MERC>
  <SESS>n71eZ1426182257</SESS>
  <RULES_TRIGGERED>0</RULES_TRIGGERED>
  <COUNTERS_TRIGGERED>0</COUNTERS_TRIGGERED>
  <REASON_CODE></REASON_CODE>
  <MASTERCARD></MASTERCARD>
  <WARNING_COUNT>0</WARNING_COUNT>
</RESPONSE>

2015-03-12T17:44:36Z
RequestParameter:  billNo: V2E8i1426182273 | startTime:2015-03-12 17:44:36

2015-03-12T17:44:36Z
1

2015-03-12T17:44:37Z
ResponseParameter:  billNo: V2E8i1426182273 | endTime:2015-03-12 17:44:37

2015-03-12T17:44:37Z
<?xml version="1.0" encoding="UTF-8"?>
<RESPONSE>
  <VERS>0600</VERS>
  <MODE>U</MODE>
  <TRAN>3YKD0G87KBMN</TRAN>
  <MERC>680000</MERC>
  <SESS>V2E8i1426182273</SESS>
  <RULES_TRIGGERED>0</RULES_TRIGGERED>
  <COUNTERS_TRIGGERED>0</COUNTERS_TRIGGERED>
  <REASON_CODE></REASON_CODE>
  <MASTERCARD></MASTERCARD>
  <WARNING_COUNT>0</WARNING_COUNT>
</RESPONSE>

2015-03-12T17:45:54Z
RequestParameter:  billNo: eh0VM1426182348 | startTime:2015-03-12 17:45:54

2015-03-12T17:45:54Z
1

2015-03-12T17:45:55Z
ResponseParameter:  billNo: eh0VM1426182348 | endTime:2015-03-12 17:45:55

2015-03-12T17:45:55Z
<?xml version="1.0" encoding="UTF-8"?>
<RESPONSE>
  <VERS>0600</VERS>
  <MODE>U</MODE>
  <TRAN>3YKD0LQDSGQM</TRAN>
  <MERC>680000</MERC>
  <SESS>eh0VM1426182348</SESS>
  <RULES_TRIGGERED>0</RULES_TRIGGERED>
  <COUNTERS_TRIGGERED>0</COUNTERS_TRIGGERED>
  <REASON_CODE></REASON_CODE>
  <MASTERCARD></MASTERCARD>
  <WARNING_COUNT>0</WARNING_COUNT>
</RESPONSE>

2015-03-12T17:46:24Z
RequestParameter:  billNo: kIuA41426182379 | startTime:2015-03-12 17:46:24

2015-03-12T17:46:24Z
1

2015-03-12T17:46:25Z
ResponseParameter:  billNo: kIuA41426182379 | endTime:2015-03-12 17:46:25

2015-03-12T17:46:25Z
<?xml version="1.0" encoding="UTF-8"?>
<RESPONSE>
  <VERS>0600</VERS>
  <MODE>U</MODE>
  <TRAN>3YKD091XLJ5V</TRAN>
  <MERC>680000</MERC>
  <SESS>kIuA41426182379</SESS>
  <RULES_TRIGGERED>0</RULES_TRIGGERED>
  <COUNTERS_TRIGGERED>0</COUNTERS_TRIGGERED>
  <REASON_CODE></REASON_CODE>
  <MASTERCARD></MASTERCARD>
  <WARNING_COUNT>0</WARNING_COUNT>
</RESPONSE>

2015-03-12T18:05:35Z
RequestParameter:  billNo: Jtyuf1426183530 | startTime:2015-03-12 18:05:35

2015-03-12T18:05:35Z
1

2015-03-12T18:05:36Z
ResponseParameter:  billNo: Jtyuf1426183530 | endTime:2015-03-12 18:05:36

2015-03-12T18:05:36Z
<?xml version="1.0" encoding="UTF-8"?>
<RESPONSE>
  <VERS>0600</VERS>
  <MODE>U</MODE>
  <TRAN>3YKK0WKQLGZJ</TRAN>
  <MERC>680000</MERC>
  <SESS>Jtyuf1426183530</SESS>
  <RULES_TRIGGERED>0</RULES_TRIGGERED>
  <COUNTERS_TRIGGERED>0</COUNTERS_TRIGGERED>
  <REASON_CODE></REASON_CODE>
  <MASTERCARD></MASTERCARD>
  <WARNING_COUNT>0</WARNING_COUNT>
</RESPONSE>

2015-03-12T18:05:54Z
RequestParameter:  billNo: E5XQy1426183549 | startTime:2015-03-12 18:05:54

2015-03-12T18:05:54Z
1

2015-03-12T18:05:55Z
ResponseParameter:  billNo: E5XQy1426183549 | endTime:2015-03-12 18:05:55

2015-03-12T18:05:55Z
<?xml version="1.0" encoding="UTF-8"?>
<RESPONSE>
  <VERS>0600</VERS>
  <MODE>U</MODE>
  <TRAN>3YKK04MS84WV</TRAN>
  <MERC>680000</MERC>
  <SESS>E5XQy1426183549</SESS>
  <RULES_TRIGGERED>0</RULES_TRIGGERED>
  <COUNTERS_TRIGGERED>0</COUNTERS_TRIGGERED>
  <REASON_CODE></REASON_CODE>
  <MASTERCARD></MASTERCARD>
  <WARNING_COUNT>0</WARNING_COUNT>
</RESPONSE>

2015-03-12T18:06:12Z
RequestParameter:  billNo: 3n5ko1426183567 | startTime:2015-03-12 18:06:12

2015-03-12T18:06:12Z
1

2015-03-12T18:06:13Z
ResponseParameter:  billNo: 3n5ko1426183567 | endTime:2015-03-12 18:06:13

2015-03-12T18:06:13Z
<?xml version="1.0" encoding="UTF-8"?>
<RESPONSE>
  <VERS>0600</VERS>
  <MODE>U</MODE>
  <TRAN>3YKK0NP86SC4</TRAN>
  <MERC>680000</MERC>
  <SESS>3n5ko1426183567</SESS>
  <RULES_TRIGGERED>0</RULES_TRIGGERED>
  <COUNTERS_TRIGGERED>0</COUNTERS_TRIGGERED>
  <REASON_CODE></REASON_CODE>
  <MASTERCARD></MASTERCARD>
  <WARNING_COUNT>0</WARNING_COUNT>
</RESPONSE>

2015-03-12T18:06:31Z
RequestParameter:  billNo: CtfpS1426183586 | startTime:2015-03-12 18:06:31

2015-03-12T18:06:31Z
1

2015-03-12T18:06:32Z
ResponseParameter:  billNo: CtfpS1426183586 | endTime:2015-03-12 18:06:32

2015-03-12T18:06:32Z
<?xml version="1.0" encoding="UTF-8"?>
<RESPONSE>
  <VERS>0600</VERS>
  <MODE>U</MODE>
  <TRAN>3YKK0DG5KPL0</TRAN>
  <MERC>680000</MERC>
  <SESS>CtfpS1426183586</SESS>
  <RULES_TRIGGERED>0</RULES_TRIGGERED>
  <COUNTERS_TRIGGERED>0</COUNTERS_TRIGGERED>
  <REASON_CODE></REASON_CODE>
  <MASTERCARD></MASTERCARD>
  <WARNING_COUNT>0</WARNING_COUNT>
</RESPONSE>

