2015-04-26T07:50:45Z
RequestParameter:  billNo: 86845be3fb3b4935b40a38fdbc6e6188 | startTime:2015-04-26 07:50:45

2015-04-26T07:50:45Z
Array
(
    [MODE] => Q
    [FRMT] => XML
    [VERS] => 0630
    [MERC] => 680000
    [UDF[CUSTOMER_IPAD]] => 31.168.80.120
    [SESS] => b3b673cca9fb471bb4e4c71ea49290ae
    [ORDR] => 86845be3fb3b4935b40a38fdbc6e6188
    [CURR] => USD
    [PENC] => KHASH
    [PTYP] => CARD
    [PTOK] => 430191U9M844ZL732V47
    [IPAD] => 31.168.80.120
    [MACK] => Y
    [AUTH] => A
    [PROD_DESC[0]] => Binary Trade
    [PROD_TYPE[0]] => Binary Trade
    [PROD_ITEM[0]] => SKU-FFF-BinaryTrade
    [PROD_QUANT[0]] => 1
    [PROD_PRICE[0]] => 10000
    [TOTL] => 10000
    [SITE] => VERT001
    [UDF[MERCHANT_ID]] => 20001MER55FIN
    [NAME] => MARI TURIASHVILI
    [B2A1] => 14 CHanturia st
    [B2CC] => GE
    [B2CI] => Tbilisi
    [B2PC] => 0108
    [B2PN] => +1121213265665
    [B2ST] => GE
    [S2A1] => 
    [S2CC] => 
    [S2CI] => 
    [S2EM] => 
    [S2NM] =>  
    [S2PC] => 
    [S2PN] => 
    [S2ST] => 
    [SHTP] => 
    [CASH] => 100
    [DOB] => 1974-10-15
    [GENDER] => M
    [EMAL] => alfatest1@alfatest2.com
)


2015-04-26T07:50:46Z
ResponseParameter:  billNo: 86845be3fb3b4935b40a38fdbc6e6188 | endTime:2015-04-26 07:50:46

2015-04-26T07:50:46Z
<?xml version="1.0" encoding="UTF-8"?>
<RESPONSE>
  <VERS>0630</VERS>
  <MODE>Q</MODE>
  <TRAN>3H0J0M60JNWY</TRAN>
  <MERC>680000</MERC>
  <SESS>b3b673cca9fb471bb4e4c71ea49290ae</SESS>
  <ORDR>86845be3fb3b4935b40a38fdbc6e6188</ORDR>
  <AUTO>A</AUTO>
  <SCOR>50</SCOR>
  <GEOX>IL</GEOX>
  <BRND>VISA</BRND>
  <REGN>IL_05</REGN>
  <NETW>N</NETW>
  <KAPT>Y</KAPT>
  <CARDS>1</CARDS>
  <DEVICES>1</DEVICES>
  <EMAILS>1</EMAILS>
  <VELO>0</VELO>
  <VMAX>0</VMAX>
  <SITE>VERT001</SITE>
  <DEVICE_LAYERS>8295DD92E1.2D21D24EEE.335E87E8FA.D300F3BD95.114BDB31F3</DEVICE_LAYERS>
  <FINGERPRINT>67A2A8C5F4A737097B6820D1946EA4F5</FINGERPRINT>
  <TIMEZONE>1260</TIMEZONE>
  <LOCALTIME>2015-04-26 10:50</LOCALTIME>
  <REGION>IL_05</REGION>
  <COUNTRY>IL</COUNTRY>
  <PROXY>N</PROXY>
  <JAVASCRIPT>Y</JAVASCRIPT>
  <FLASH>Y</FLASH>
  <COOKIES>Y</COOKIES>
  <HTTP_COUNTRY>US</HTTP_COUNTRY>
  <LANGUAGE>EN</LANGUAGE>
  <MOBILE_DEVICE>N</MOBILE_DEVICE>
  <MOBILE_TYPE></MOBILE_TYPE>
  <MOBILE_FORWARDER>N</MOBILE_FORWARDER>
  <VOICE_DEVICE>N</VOICE_DEVICE>
  <PC_REMOTE>N</PC_REMOTE>
  <RULES_TRIGGERED>3</RULES_TRIGGERED>
  <RULE_ID_0>330718</RULE_ID_0>
  <RULE_DESCRIPTION_0>GEO Billing &lt;&gt; Device Country (1pt)</RULE_DESCRIPTION_0>
  <RULE_ID_1>330722</RULE_ID_1>
  <RULE_DESCRIPTION_1>GEO BIN and Device Country not equal (1pt)</RULE_DESCRIPTION_1>
  <RULE_ID_2>330730</RULE_ID_2>
  <RULE_DESCRIPTION_2>FRAUD_SCRD GEO Counter Triggered (5pts)</RULE_DESCRIPTION_2>
  <COUNTERS_TRIGGERED>2</COUNTERS_TRIGGERED>
  <COUNTER_NAME_0>GEO</COUNTER_NAME_0>
  <COUNTER_VALUE_0>2</COUNTER_VALUE_0>
  <COUNTER_NAME_1>FRAUD_SCRD</COUNTER_NAME_1>
  <COUNTER_VALUE_1>5</COUNTER_VALUE_1>
  <REASON_CODE></REASON_CODE>
  <MASTERCARD></MASTERCARD>
  <DDFS>2015-04-26</DDFS>
  <DSR>1080x1920</DSR>
  <UAS>Mozilla/5.0 (Windows NT 6.1; WOW64; rv:37.0) Gecko/20100101 Firefox/37.0</UAS>
  <BROWSER>Firefox 37.0</BROWSER>
  <OS>Windows 7</OS>
  <PIP_IPAD></PIP_IPAD>
  <PIP_LAT></PIP_LAT>
  <PIP_LON></PIP_LON>
  <PIP_COUNTRY></PIP_COUNTRY>
  <PIP_REGION></PIP_REGION>
  <PIP_CITY></PIP_CITY>
  <PIP_ORG></PIP_ORG>
  <IP_IPAD>31.168.80.120</IP_IPAD>
  <IP_LAT>32.0667</IP_LAT>
  <IP_LON>34.7667</IP_LON>
  <IP_COUNTRY>IL</IP_COUNTRY>
  <IP_REGION>Tel Aviv</IP_REGION>
  <IP_CITY>Tel Aviv</IP_CITY>
  <IP_ORG>BEZEQ INTERNATIONAL</IP_ORG>
  <WARNING_COUNT>0</WARNING_COUNT>
</RESPONSE>

2015-04-26T07:52:19Z
RequestParameter:  billNo: 4e1efdc9913c4fbd9e1888901cedc7d5 | startTime:2015-04-26 07:52:19

2015-04-26T07:52:19Z
Array
(
    [MODE] => Q
    [FRMT] => XML
    [VERS] => 0630
    [MERC] => 680000
    [UDF[CUSTOMER_IPAD]] => 31.168.80.120
    [SESS] => 537c5386c11949778c60b9c0b418e20d
    [ORDR] => 4e1efdc9913c4fbd9e1888901cedc7d5
    [CURR] => USD
    [PENC] => KHASH
    [PTYP] => CARD
    [PTOK] => 430191U9M844ZL732V47
    [IPAD] => 31.168.80.120
    [MACK] => Y
    [AUTH] => A
    [PROD_DESC[0]] => Binary Trade
    [PROD_TYPE[0]] => Binary Trade
    [PROD_ITEM[0]] => SKU-FFF-BinaryTrade
    [PROD_QUANT[0]] => 1
    [PROD_PRICE[0]] => 10000
    [TOTL] => 10000
    [SITE] => VERT001
    [UDF[MERCHANT_ID]] => 20001MER55FIN
    [NAME] => MARI TURIASHVILI
    [B2A1] => 14 CHanturia st
    [B2CC] => GE
    [B2CI] => Tbilisi
    [B2PC] => 0108
    [B2PN] => +1121213265665
    [B2ST] => GE
    [S2A1] => 
    [S2CC] => 
    [S2CI] => 
    [S2EM] => 
    [S2NM] =>  
    [S2PC] => 
    [S2PN] => 
    [S2ST] => 
    [SHTP] => 
    [CASH] => 100
    [DOB] => 1977-06-11
    [GENDER] => M
    [EMAL] => alfatest1@alfatest2.com
)


2015-04-26T07:52:20Z
ResponseParameter:  billNo: 4e1efdc9913c4fbd9e1888901cedc7d5 | endTime:2015-04-26 07:52:20

2015-04-26T07:52:20Z
<?xml version="1.0" encoding="UTF-8"?>
<RESPONSE>
  <VERS>0630</VERS>
  <MODE>Q</MODE>
  <TRAN>3H0J06BPZSPH</TRAN>
  <MERC>680000</MERC>
  <SESS>537c5386c11949778c60b9c0b418e20d</SESS>
  <ORDR>4e1efdc9913c4fbd9e1888901cedc7d5</ORDR>
  <AUTO>A</AUTO>
  <SCOR>50</SCOR>
  <GEOX>IL</GEOX>
  <BRND>VISA</BRND>
  <REGN>IL_05</REGN>
  <NETW>N</NETW>
  <KAPT>Y</KAPT>
  <CARDS>1</CARDS>
  <DEVICES>1</DEVICES>
  <EMAILS>1</EMAILS>
  <VELO>0</VELO>
  <VMAX>0</VMAX>
  <SITE>VERT001</SITE>
  <DEVICE_LAYERS>8295DD92E1.2D21D24EEE.335E87E8FA.D300F3BD95.114BDB31F3</DEVICE_LAYERS>
  <FINGERPRINT>67A2A8C5F4A737097B6820D1946EA4F5</FINGERPRINT>
  <TIMEZONE>1260</TIMEZONE>
  <LOCALTIME>2015-04-26 10:52</LOCALTIME>
  <REGION>IL_05</REGION>
  <COUNTRY>IL</COUNTRY>
  <PROXY>N</PROXY>
  <JAVASCRIPT>Y</JAVASCRIPT>
  <FLASH>Y</FLASH>
  <COOKIES>Y</COOKIES>
  <HTTP_COUNTRY>US</HTTP_COUNTRY>
  <LANGUAGE>EN</LANGUAGE>
  <MOBILE_DEVICE>N</MOBILE_DEVICE>
  <MOBILE_TYPE></MOBILE_TYPE>
  <MOBILE_FORWARDER>N</MOBILE_FORWARDER>
  <VOICE_DEVICE>N</VOICE_DEVICE>
  <PC_REMOTE>N</PC_REMOTE>
  <RULES_TRIGGERED>3</RULES_TRIGGERED>
  <RULE_ID_0>330718</RULE_ID_0>
  <RULE_DESCRIPTION_0>GEO Billing &lt;&gt; Device Country (1pt)</RULE_DESCRIPTION_0>
  <RULE_ID_1>330722</RULE_ID_1>
  <RULE_DESCRIPTION_1>GEO BIN and Device Country not equal (1pt)</RULE_DESCRIPTION_1>
  <RULE_ID_2>330730</RULE_ID_2>
  <RULE_DESCRIPTION_2>FRAUD_SCRD GEO Counter Triggered (5pts)</RULE_DESCRIPTION_2>
  <COUNTERS_TRIGGERED>2</COUNTERS_TRIGGERED>
  <COUNTER_NAME_0>GEO</COUNTER_NAME_0>
  <COUNTER_VALUE_0>2</COUNTER_VALUE_0>
  <COUNTER_NAME_1>FRAUD_SCRD</COUNTER_NAME_1>
  <COUNTER_VALUE_1>5</COUNTER_VALUE_1>
  <REASON_CODE></REASON_CODE>
  <MASTERCARD></MASTERCARD>
  <DDFS>2015-04-26</DDFS>
  <DSR>1080x1920</DSR>
  <UAS>Mozilla/5.0 (Windows NT 6.1; WOW64; rv:37.0) Gecko/20100101 Firefox/37.0</UAS>
  <BROWSER>Firefox 37.0</BROWSER>
  <OS>Windows 7</OS>
  <PIP_IPAD></PIP_IPAD>
  <PIP_LAT></PIP_LAT>
  <PIP_LON></PIP_LON>
  <PIP_COUNTRY></PIP_COUNTRY>
  <PIP_REGION></PIP_REGION>
  <PIP_CITY></PIP_CITY>
  <PIP_ORG></PIP_ORG>
  <IP_IPAD>31.168.80.120</IP_IPAD>
  <IP_LAT>32.0667</IP_LAT>
  <IP_LON>34.7667</IP_LON>
  <IP_COUNTRY>IL</IP_COUNTRY>
  <IP_REGION>Tel Aviv</IP_REGION>
  <IP_CITY>Tel Aviv</IP_CITY>
  <IP_ORG>BEZEQ INTERNATIONAL</IP_ORG>
  <WARNING_COUNT>0</WARNING_COUNT>
</RESPONSE>

2015-04-26T07:52:35Z
RequestParameter:  billNo: 5e8dbba8761542acae1cf7571333b09e | startTime:2015-04-26 07:52:35

2015-04-26T07:52:35Z
Array
(
    [MODE] => Q
    [FRMT] => XML
    [VERS] => 0630
    [MERC] => 680000
    [UDF[CUSTOMER_IPAD]] => 31.168.80.120
    [SESS] => b570a44c770645f7a93b6259c62e601a
    [ORDR] => 5e8dbba8761542acae1cf7571333b09e
    [CURR] => USD
    [PENC] => KHASH
    [PTYP] => CARD
    [PTOK] => 430191U9M844ZL732V47
    [IPAD] => 31.168.80.120
    [MACK] => Y
    [AUTH] => A
    [PROD_DESC[0]] => Binary Trade
    [PROD_TYPE[0]] => Binary Trade
    [PROD_ITEM[0]] => SKU-FFF-BinaryTrade
    [PROD_QUANT[0]] => 1
    [PROD_PRICE[0]] => 10000
    [TOTL] => 10000
    [SITE] => VERT001
    [UDF[MERCHANT_ID]] => 20001MER55FIN
    [NAME] => MARI TURIASHVILI
    [B2A1] => 14 CHanturia st
    [B2CC] => GE
    [B2CI] => Tbilisi
    [B2PC] => 0108
    [B2PN] => +1121213265665
    [B2ST] => GE
    [S2A1] => 
    [S2CC] => 
    [S2CI] => 
    [S2EM] => 
    [S2NM] =>  
    [S2PC] => 
    [S2PN] => 
    [S2ST] => 
    [SHTP] => 
    [CASH] => 100
    [DOB] => 1992-08-17
    [GENDER] => M
    [EMAL] => alfatest1@alfatest2.com
)


2015-04-26T07:52:36Z
ResponseParameter:  billNo: 5e8dbba8761542acae1cf7571333b09e | endTime:2015-04-26 07:52:36

2015-04-26T07:52:36Z
<?xml version="1.0" encoding="UTF-8"?>
<RESPONSE>
  <VERS>0630</VERS>
  <MODE>Q</MODE>
  <TRAN>3H0J0TCKSX5G</TRAN>
  <MERC>680000</MERC>
  <SESS>b570a44c770645f7a93b6259c62e601a</SESS>
  <ORDR>5e8dbba8761542acae1cf7571333b09e</ORDR>
  <AUTO>A</AUTO>
  <SCOR>50</SCOR>
  <GEOX>IL</GEOX>
  <BRND>VISA</BRND>
  <REGN>IL_05</REGN>
  <NETW>N</NETW>
  <KAPT>Y</KAPT>
  <CARDS>1</CARDS>
  <DEVICES>1</DEVICES>
  <EMAILS>1</EMAILS>
  <VELO>0</VELO>
  <VMAX>0</VMAX>
  <SITE>VERT001</SITE>
  <DEVICE_LAYERS>8295DD92E1.2D21D24EEE.335E87E8FA.D300F3BD95.114BDB31F3</DEVICE_LAYERS>
  <FINGERPRINT>67A2A8C5F4A737097B6820D1946EA4F5</FINGERPRINT>
  <TIMEZONE>1260</TIMEZONE>
  <LOCALTIME>2015-04-26 10:52</LOCALTIME>
  <REGION>IL_05</REGION>
  <COUNTRY>IL</COUNTRY>
  <PROXY>N</PROXY>
  <JAVASCRIPT>Y</JAVASCRIPT>
  <FLASH>Y</FLASH>
  <COOKIES>Y</COOKIES>
  <HTTP_COUNTRY>US</HTTP_COUNTRY>
  <LANGUAGE>EN</LANGUAGE>
  <MOBILE_DEVICE>N</MOBILE_DEVICE>
  <MOBILE_TYPE></MOBILE_TYPE>
  <MOBILE_FORWARDER>N</MOBILE_FORWARDER>
  <VOICE_DEVICE>N</VOICE_DEVICE>
  <PC_REMOTE>N</PC_REMOTE>
  <RULES_TRIGGERED>3</RULES_TRIGGERED>
  <RULE_ID_0>330718</RULE_ID_0>
  <RULE_DESCRIPTION_0>GEO Billing &lt;&gt; Device Country (1pt)</RULE_DESCRIPTION_0>
  <RULE_ID_1>330722</RULE_ID_1>
  <RULE_DESCRIPTION_1>GEO BIN and Device Country not equal (1pt)</RULE_DESCRIPTION_1>
  <RULE_ID_2>330730</RULE_ID_2>
  <RULE_DESCRIPTION_2>FRAUD_SCRD GEO Counter Triggered (5pts)</RULE_DESCRIPTION_2>
  <COUNTERS_TRIGGERED>2</COUNTERS_TRIGGERED>
  <COUNTER_NAME_0>GEO</COUNTER_NAME_0>
  <COUNTER_VALUE_0>2</COUNTER_VALUE_0>
  <COUNTER_NAME_1>FRAUD_SCRD</COUNTER_NAME_1>
  <COUNTER_VALUE_1>5</COUNTER_VALUE_1>
  <REASON_CODE></REASON_CODE>
  <MASTERCARD></MASTERCARD>
  <DDFS>2015-04-26</DDFS>
  <DSR>1080x1920</DSR>
  <UAS>Mozilla/5.0 (Windows NT 6.1; WOW64; rv:37.0) Gecko/20100101 Firefox/37.0</UAS>
  <BROWSER>Firefox 37.0</BROWSER>
  <OS>Windows 7</OS>
  <PIP_IPAD></PIP_IPAD>
  <PIP_LAT></PIP_LAT>
  <PIP_LON></PIP_LON>
  <PIP_COUNTRY></PIP_COUNTRY>
  <PIP_REGION></PIP_REGION>
  <PIP_CITY></PIP_CITY>
  <PIP_ORG></PIP_ORG>
  <IP_IPAD>31.168.80.120</IP_IPAD>
  <IP_LAT>32.0667</IP_LAT>
  <IP_LON>34.7667</IP_LON>
  <IP_COUNTRY>IL</IP_COUNTRY>
  <IP_REGION>Tel Aviv</IP_REGION>
  <IP_CITY>Tel Aviv</IP_CITY>
  <IP_ORG>BEZEQ INTERNATIONAL</IP_ORG>
  <WARNING_COUNT>0</WARNING_COUNT>
</RESPONSE>

