2015-09-08T08:36:39Z
RequestParameter:  billNo: mRTrB1441701393 | startTime:2015-09-08 08:36:39

2015-09-08T08:36:39Z
Array
(
    [MODE] => U
    [FRMT] => XML
    [VERS] => 0630
    [MERC] => 680000
    [SESS] => mRTrB1441701393
    [TRAN] => 36S600S10J65
    [AUTH] => D
    [MACK] => Y
)


2015-09-08T08:36:39Z
ResponseParameter:  billNo: mRTrB1441701393 | endTime:2015-09-08 08:36:39

2015-09-08T08:36:39Z
<?xml version="1.0" encoding="UTF-8"?>
<RESPONSE>
  <VERS>0630</VERS>
  <MODE>U</MODE>
  <TRAN>36S600S10J65</TRAN>
  <MERC>680000</MERC>
  <SESS>mRTrB1441701393</SESS>
  <RULES_TRIGGERED>0</RULES_TRIGGERED>
  <COUNTERS_TRIGGERED>0</COUNTERS_TRIGGERED>
  <REASON_CODE></REASON_CODE>
  <MASTERCARD></MASTERCARD>
  <WARNING_COUNT>0</WARNING_COUNT>
</RESPONSE>

2015-09-08T08:46:46Z
RequestParameter:  billNo: 0Snr21441702001 | startTime:2015-09-08 08:46:46

2015-09-08T08:46:46Z
Array
(
    [MODE] => U
    [FRMT] => XML
    [VERS] => 0630
    [MERC] => 680000
    [SESS] => 0Snr21441702001
    [TRAN] => 36S60215KZG6
    [AUTH] => D
    [MACK] => Y
)


2015-09-08T08:46:47Z
ResponseParameter:  billNo: 0Snr21441702001 | endTime:2015-09-08 08:46:47

2015-09-08T08:46:47Z
<?xml version="1.0" encoding="UTF-8"?>
<RESPONSE>
  <VERS>0630</VERS>
  <MODE>U</MODE>
  <TRAN>36S60215KZG6</TRAN>
  <MERC>680000</MERC>
  <SESS>0Snr21441702001</SESS>
  <RULES_TRIGGERED>0</RULES_TRIGGERED>
  <COUNTERS_TRIGGERED>0</COUNTERS_TRIGGERED>
  <REASON_CODE></REASON_CODE>
  <MASTERCARD></MASTERCARD>
  <WARNING_COUNT>0</WARNING_COUNT>
</RESPONSE>

2015-09-08T08:58:37Z
RequestParameter:  billNo: 6a8ee06769f54277a04583cf1ec4065a | startTime:2015-09-08 08:58:37

2015-09-08T08:58:37Z
Array
(
    [MODE] => U
    [FRMT] => XML
    [VERS] => 0630
    [MERC] => 680000
    [SESS] => 2df953b45a0e4aabbe9edf7daaceb4ba
    [TRAN] => 36S60Z05KYNC
    [AUTH] => D
    [MACK] => Y
)


2015-09-08T08:58:38Z
ResponseParameter:  billNo: 6a8ee06769f54277a04583cf1ec4065a | endTime:2015-09-08 08:58:38

2015-09-08T08:58:38Z
<?xml version="1.0" encoding="UTF-8"?>
<RESPONSE>
  <VERS>0630</VERS>
  <MODE>U</MODE>
  <TRAN>36S60Z05KYNC</TRAN>
  <MERC>680000</MERC>
  <SESS>2df953b45a0e4aabbe9edf7daaceb4ba</SESS>
  <RULES_TRIGGERED>0</RULES_TRIGGERED>
  <COUNTERS_TRIGGERED>0</COUNTERS_TRIGGERED>
  <REASON_CODE></REASON_CODE>
  <MASTERCARD></MASTERCARD>
  <WARNING_COUNT>0</WARNING_COUNT>
</RESPONSE>

2015-09-08T08:59:14Z
RequestParameter:  billNo: 3d306073b0ed43c1945bcab6fe32f5c0 | startTime:2015-09-08 08:59:14

2015-09-08T08:59:14Z
Array
(
    [MODE] => U
    [FRMT] => XML
    [VERS] => 0630
    [MERC] => 680000
    [SESS] => c894e17cc6ba431284ea9b71360c33b3
    [TRAN] => 36S60993PT8P
    [AUTH] => D
    [MACK] => Y
)


2015-09-08T08:59:15Z
ResponseParameter:  billNo: 3d306073b0ed43c1945bcab6fe32f5c0 | endTime:2015-09-08 08:59:15

2015-09-08T08:59:15Z
<?xml version="1.0" encoding="UTF-8"?>
<RESPONSE>
  <VERS>0630</VERS>
  <MODE>U</MODE>
  <TRAN>36S60993PT8P</TRAN>
  <MERC>680000</MERC>
  <SESS>c894e17cc6ba431284ea9b71360c33b3</SESS>
  <RULES_TRIGGERED>0</RULES_TRIGGERED>
  <COUNTERS_TRIGGERED>0</COUNTERS_TRIGGERED>
  <REASON_CODE></REASON_CODE>
  <MASTERCARD></MASTERCARD>
  <WARNING_COUNT>0</WARNING_COUNT>
</RESPONSE>

2015-09-08T09:00:08Z
RequestParameter:  billNo: fe48df39226243f3a597e26f08e87ee9 | startTime:2015-09-08 09:00:08

2015-09-08T09:00:08Z
Array
(
    [MODE] => U
    [FRMT] => XML
    [VERS] => 0630
    [MERC] => 680000
    [SESS] => a83f12d767764927936fd2804a587626
    [TRAN] => 36S102KH2Z0G
    [AUTH] => D
    [MACK] => Y
)


2015-09-08T09:00:09Z
ResponseParameter:  billNo: fe48df39226243f3a597e26f08e87ee9 | endTime:2015-09-08 09:00:09

2015-09-08T09:00:09Z
<?xml version="1.0" encoding="UTF-8"?>
<RESPONSE>
  <VERS>0630</VERS>
  <MODE>U</MODE>
  <TRAN>36S102KH2Z0G</TRAN>
  <MERC>680000</MERC>
  <SESS>a83f12d767764927936fd2804a587626</SESS>
  <RULES_TRIGGERED>0</RULES_TRIGGERED>
  <COUNTERS_TRIGGERED>0</COUNTERS_TRIGGERED>
  <REASON_CODE></REASON_CODE>
  <MASTERCARD></MASTERCARD>
  <WARNING_COUNT>0</WARNING_COUNT>
</RESPONSE>

2015-09-08T09:00:28Z
RequestParameter:  billNo: 8fe287a5153249c7b9dcb8ecacabe313 | startTime:2015-09-08 09:00:28

2015-09-08T09:00:28Z
Array
(
    [MODE] => U
    [FRMT] => XML
    [VERS] => 0630
    [MERC] => 680000
    [SESS] => 4624f62f96d941f9afcafbea77d97f32
    [TRAN] => 36S10KRK7H76
    [AUTH] => D
    [MACK] => Y
)


2015-09-08T09:00:30Z
ResponseParameter:  billNo: 8fe287a5153249c7b9dcb8ecacabe313 | endTime:2015-09-08 09:00:30

2015-09-08T09:00:30Z
<?xml version="1.0" encoding="UTF-8"?>
<RESPONSE>
  <VERS>0630</VERS>
  <MODE>U</MODE>
  <TRAN>36S10KRK7H76</TRAN>
  <MERC>680000</MERC>
  <SESS>4624f62f96d941f9afcafbea77d97f32</SESS>
  <RULES_TRIGGERED>0</RULES_TRIGGERED>
  <COUNTERS_TRIGGERED>0</COUNTERS_TRIGGERED>
  <REASON_CODE></REASON_CODE>
  <MASTERCARD></MASTERCARD>
  <WARNING_COUNT>0</WARNING_COUNT>
</RESPONSE>

2015-09-08T09:00:48Z
RequestParameter:  billNo: 13400795840b4f709d89b0362582c0c9 | startTime:2015-09-08 09:00:48

2015-09-08T09:00:48Z
Array
(
    [MODE] => U
    [FRMT] => XML
    [VERS] => 0630
    [MERC] => 680000
    [SESS] => 6121a6676b8a42169458b28b07ca1e03
    [TRAN] => 36S10GK458HG
    [AUTH] => D
    [MACK] => Y
)


2015-09-08T09:00:49Z
ResponseParameter:  billNo: 13400795840b4f709d89b0362582c0c9 | endTime:2015-09-08 09:00:49

2015-09-08T09:00:49Z
<?xml version="1.0" encoding="UTF-8"?>
<RESPONSE>
  <VERS>0630</VERS>
  <MODE>U</MODE>
  <TRAN>36S10GK458HG</TRAN>
  <MERC>680000</MERC>
  <SESS>6121a6676b8a42169458b28b07ca1e03</SESS>
  <RULES_TRIGGERED>0</RULES_TRIGGERED>
  <COUNTERS_TRIGGERED>0</COUNTERS_TRIGGERED>
  <REASON_CODE></REASON_CODE>
  <MASTERCARD></MASTERCARD>
  <WARNING_COUNT>0</WARNING_COUNT>
</RESPONSE>

2015-09-08T09:02:52Z
RequestParameter:  billNo: f1feba025fbe42678f60b15feb99f7f2 | startTime:2015-09-08 09:02:52

2015-09-08T09:02:52Z
Array
(
    [MODE] => U
    [FRMT] => XML
    [VERS] => 0630
    [MERC] => 680000
    [SESS] => df10279b688c40d3b8dd564e09cc900b
    [TRAN] => 36S100YD38RC
    [AUTH] => D
    [MACK] => Y
)


2015-09-08T09:02:53Z
ResponseParameter:  billNo: f1feba025fbe42678f60b15feb99f7f2 | endTime:2015-09-08 09:02:53

2015-09-08T09:02:53Z
<?xml version="1.0" encoding="UTF-8"?>
<RESPONSE>
  <VERS>0630</VERS>
  <MODE>U</MODE>
  <TRAN>36S100YD38RC</TRAN>
  <MERC>680000</MERC>
  <SESS>df10279b688c40d3b8dd564e09cc900b</SESS>
  <RULES_TRIGGERED>0</RULES_TRIGGERED>
  <COUNTERS_TRIGGERED>0</COUNTERS_TRIGGERED>
  <REASON_CODE></REASON_CODE>
  <MASTERCARD></MASTERCARD>
  <WARNING_COUNT>0</WARNING_COUNT>
</RESPONSE>

2015-09-08T09:04:07Z
RequestParameter:  billNo: 89604d55b7244a22b9bc1fa58c98bae9 | startTime:2015-09-08 09:04:07

2015-09-08T09:04:07Z
Array
(
    [MODE] => U
    [FRMT] => XML
    [VERS] => 0630
    [MERC] => 680000
    [SESS] => 525657987df24ff287c963ca3b9312d9
    [TRAN] => 36S1044311QK
    [AUTH] => D
    [MACK] => Y
)


2015-09-08T09:04:08Z
ResponseParameter:  billNo: 89604d55b7244a22b9bc1fa58c98bae9 | endTime:2015-09-08 09:04:08

2015-09-08T09:04:08Z
<?xml version="1.0" encoding="UTF-8"?>
<RESPONSE>
  <VERS>0630</VERS>
  <MODE>U</MODE>
  <TRAN>36S1044311QK</TRAN>
  <MERC>680000</MERC>
  <SESS>525657987df24ff287c963ca3b9312d9</SESS>
  <RULES_TRIGGERED>0</RULES_TRIGGERED>
  <COUNTERS_TRIGGERED>0</COUNTERS_TRIGGERED>
  <REASON_CODE></REASON_CODE>
  <MASTERCARD></MASTERCARD>
  <WARNING_COUNT>0</WARNING_COUNT>
</RESPONSE>

2015-09-08T09:06:39Z
RequestParameter:  billNo: 8908d5bece4b48d08510098dfc3931aa | startTime:2015-09-08 09:06:39

2015-09-08T09:06:39Z
Array
(
    [MODE] => U
    [FRMT] => XML
    [VERS] => 0630
    [MERC] => 680000
    [SESS] => 5bd08b5353444022a73352d4f7dd89e6
    [TRAN] => 36S10K8XL78J
    [AUTH] => D
    [MACK] => Y
)


2015-09-08T09:06:40Z
ResponseParameter:  billNo: 8908d5bece4b48d08510098dfc3931aa | endTime:2015-09-08 09:06:40

2015-09-08T09:06:40Z
<?xml version="1.0" encoding="UTF-8"?>
<RESPONSE>
  <VERS>0630</VERS>
  <MODE>U</MODE>
  <TRAN>36S10K8XL78J</TRAN>
  <MERC>680000</MERC>
  <SESS>5bd08b5353444022a73352d4f7dd89e6</SESS>
  <RULES_TRIGGERED>0</RULES_TRIGGERED>
  <COUNTERS_TRIGGERED>0</COUNTERS_TRIGGERED>
  <REASON_CODE></REASON_CODE>
  <MASTERCARD></MASTERCARD>
  <WARNING_COUNT>0</WARNING_COUNT>
</RESPONSE>

2015-09-08T09:06:40Z
RequestParameter:  billNo: 7e8683710e5248aa9701f4bf1a2bb0aa | startTime:2015-09-08 09:06:40

2015-09-08T09:06:40Z
Array
(
    [MODE] => U
    [FRMT] => XML
    [VERS] => 0630
    [MERC] => 680000
    [SESS] => 7e8683710e5248aa9701f4bf1a2bb0aa
    [TRAN] => 36S10RC9BHYL
    [AUTH] => D
    [MACK] => Y
)


2015-09-08T09:06:41Z
ResponseParameter:  billNo: 7e8683710e5248aa9701f4bf1a2bb0aa | endTime:2015-09-08 09:06:41

2015-09-08T09:06:41Z
<?xml version="1.0" encoding="UTF-8"?>
<RESPONSE>
  <VERS>0630</VERS>
  <MODE>U</MODE>
  <TRAN>36S10RC9BHYL</TRAN>
  <MERC>680000</MERC>
  <SESS>7e8683710e5248aa9701f4bf1a2bb0aa</SESS>
  <RULES_TRIGGERED>0</RULES_TRIGGERED>
  <COUNTERS_TRIGGERED>0</COUNTERS_TRIGGERED>
  <REASON_CODE></REASON_CODE>
  <MASTERCARD></MASTERCARD>
  <WARNING_COUNT>0</WARNING_COUNT>
</RESPONSE>

2015-09-08T09:07:24Z
RequestParameter:  billNo: 3ffb2870811b4b2c9f2f3bb347ac8177 | startTime:2015-09-08 09:07:24

2015-09-08T09:07:24Z
Array
(
    [MODE] => U
    [FRMT] => XML
    [VERS] => 0630
    [MERC] => 680000
    [SESS] => 3ffb2870811b4b2c9f2f3bb347ac8177
    [TRAN] => 36S10BJ5GVBZ
    [AUTH] => D
    [MACK] => Y
)


2015-09-08T09:07:25Z
ResponseParameter:  billNo: 3ffb2870811b4b2c9f2f3bb347ac8177 | endTime:2015-09-08 09:07:25

2015-09-08T09:07:25Z
<?xml version="1.0" encoding="UTF-8"?>
<RESPONSE>
  <VERS>0630</VERS>
  <MODE>U</MODE>
  <TRAN>36S10BJ5GVBZ</TRAN>
  <MERC>680000</MERC>
  <SESS>3ffb2870811b4b2c9f2f3bb347ac8177</SESS>
  <RULES_TRIGGERED>0</RULES_TRIGGERED>
  <COUNTERS_TRIGGERED>0</COUNTERS_TRIGGERED>
  <REASON_CODE></REASON_CODE>
  <MASTERCARD></MASTERCARD>
  <WARNING_COUNT>0</WARNING_COUNT>
</RESPONSE>

2015-09-08T09:21:16Z
RequestParameter:  billNo: 5f3ab70a87134c0f8d81f1d3c815e1d4 | startTime:2015-09-08 09:21:16

2015-09-08T09:21:16Z
Array
(
    [MODE] => U
    [FRMT] => XML
    [VERS] => 0630
    [MERC] => 680000
    [SESS] => 5f3ab70a87134c0f8d81f1d3c815e1d4
    [TRAN] => 36S10ZTPXTKM
    [AUTH] => D
    [MACK] => Y
)


2015-09-08T09:21:17Z
ResponseParameter:  billNo: 5f3ab70a87134c0f8d81f1d3c815e1d4 | endTime:2015-09-08 09:21:17

2015-09-08T09:21:17Z
<?xml version="1.0" encoding="UTF-8"?>
<RESPONSE>
  <VERS>0630</VERS>
  <MODE>U</MODE>
  <TRAN>36S10ZTPXTKM</TRAN>
  <MERC>680000</MERC>
  <SESS>5f3ab70a87134c0f8d81f1d3c815e1d4</SESS>
  <RULES_TRIGGERED>0</RULES_TRIGGERED>
  <COUNTERS_TRIGGERED>0</COUNTERS_TRIGGERED>
  <REASON_CODE></REASON_CODE>
  <MASTERCARD></MASTERCARD>
  <WARNING_COUNT>0</WARNING_COUNT>
</RESPONSE>

2015-09-08T10:00:45Z
RequestParameter:  billNo: 52262b187157442ab0c754f39b4890cc | startTime:2015-09-08 10:00:45

2015-09-08T10:00:45Z
Array
(
    [MODE] => U
    [FRMT] => XML
    [VERS] => 0630
    [MERC] => 680000
    [SESS] => 4831d00448d64a7ea6db0e2208db14c8
    [TRAN] => 36S30KVKH5K8
    [AUTH] => D
    [MACK] => Y
)


2015-09-08T10:00:46Z
ResponseParameter:  billNo: 52262b187157442ab0c754f39b4890cc | endTime:2015-09-08 10:00:46

2015-09-08T10:00:46Z
<?xml version="1.0" encoding="UTF-8"?>
<RESPONSE>
  <VERS>0630</VERS>
  <MODE>U</MODE>
  <TRAN>36S30KVKH5K8</TRAN>
  <MERC>680000</MERC>
  <SESS>4831d00448d64a7ea6db0e2208db14c8</SESS>
  <RULES_TRIGGERED>0</RULES_TRIGGERED>
  <COUNTERS_TRIGGERED>0</COUNTERS_TRIGGERED>
  <REASON_CODE></REASON_CODE>
  <MASTERCARD></MASTERCARD>
  <WARNING_COUNT>0</WARNING_COUNT>
</RESPONSE>

2015-09-08T10:08:20Z
RequestParameter:  billNo: 9aa1cb4237ff413fbd5562fbabd2c39a | startTime:2015-09-08 10:08:20

2015-09-08T10:08:20Z
Array
(
    [MODE] => U
    [FRMT] => XML
    [VERS] => 0630
    [MERC] => 680000
    [SESS] => ab8a261312a94088ab716bab02695bf8
    [TRAN] => 36S307QT9QTP
    [AUTH] => D
    [MACK] => Y
)


2015-09-08T10:08:21Z
ResponseParameter:  billNo: 9aa1cb4237ff413fbd5562fbabd2c39a | endTime:2015-09-08 10:08:21

2015-09-08T10:08:21Z
<?xml version="1.0" encoding="UTF-8"?>
<RESPONSE>
  <VERS>0630</VERS>
  <MODE>U</MODE>
  <TRAN>36S307QT9QTP</TRAN>
  <MERC>680000</MERC>
  <SESS>ab8a261312a94088ab716bab02695bf8</SESS>
  <RULES_TRIGGERED>0</RULES_TRIGGERED>
  <COUNTERS_TRIGGERED>0</COUNTERS_TRIGGERED>
  <REASON_CODE></REASON_CODE>
  <MASTERCARD></MASTERCARD>
  <WARNING_COUNT>0</WARNING_COUNT>
</RESPONSE>

2015-09-08T10:11:49Z
RequestParameter:  billNo: 38eb408c47034af4862dc03bfe5f4043 | startTime:2015-09-08 10:11:49

2015-09-08T10:11:49Z
Array
(
    [MODE] => U
    [FRMT] => XML
    [VERS] => 0630
    [MERC] => 680000
    [SESS] => 268fa60df46f4db5ab7642bf2155b146
    [TRAN] => 36S304R7QMRP
    [AUTH] => D
    [MACK] => Y
)


2015-09-08T10:11:49Z
ResponseParameter:  billNo: 38eb408c47034af4862dc03bfe5f4043 | endTime:2015-09-08 10:11:49

2015-09-08T10:11:49Z
<?xml version="1.0" encoding="UTF-8"?>
<RESPONSE>
  <VERS>0630</VERS>
  <MODE>U</MODE>
  <TRAN>36S304R7QMRP</TRAN>
  <MERC>680000</MERC>
  <SESS>268fa60df46f4db5ab7642bf2155b146</SESS>
  <RULES_TRIGGERED>0</RULES_TRIGGERED>
  <COUNTERS_TRIGGERED>0</COUNTERS_TRIGGERED>
  <REASON_CODE></REASON_CODE>
  <MASTERCARD></MASTERCARD>
  <WARNING_COUNT>0</WARNING_COUNT>
</RESPONSE>

2015-09-08T12:31:48Z
RequestParameter:  billNo: 7234d88f78b34e66889186e46dba6042 | startTime:2015-09-08 12:31:48

2015-09-08T12:31:48Z
Array
(
    [MODE] => U
    [FRMT] => XML
    [VERS] => 0630
    [MERC] => 680000
    [SESS] => 093d25f589a047f083f9060051a453fc
    [TRAN] => 36S70KZRHQWR
    [AUTH] => D
    [MACK] => Y
)


2015-09-08T12:31:49Z
ResponseParameter:  billNo: 7234d88f78b34e66889186e46dba6042 | endTime:2015-09-08 12:31:49

2015-09-08T12:31:49Z
<?xml version="1.0" encoding="UTF-8"?>
<RESPONSE>
  <VERS>0630</VERS>
  <MODE>U</MODE>
  <TRAN>36S70KZRHQWR</TRAN>
  <MERC>680000</MERC>
  <SESS>093d25f589a047f083f9060051a453fc</SESS>
  <RULES_TRIGGERED>0</RULES_TRIGGERED>
  <COUNTERS_TRIGGERED>0</COUNTERS_TRIGGERED>
  <REASON_CODE></REASON_CODE>
  <MASTERCARD></MASTERCARD>
  <WARNING_COUNT>0</WARNING_COUNT>
</RESPONSE>

2015-09-08T12:32:14Z
RequestParameter:  billNo: 1ef4fbc4bcf842cc967ef8bdaddf1f03 | startTime:2015-09-08 12:32:14

2015-09-08T12:32:14Z
Array
(
    [MODE] => U
    [FRMT] => XML
    [VERS] => 0630
    [MERC] => 680000
    [SESS] => 35d66e4062dd46b8bbdb0f28a9847e02
    [TRAN] => 36S70VK43MGX
    [AUTH] => D
    [MACK] => Y
)


2015-09-08T12:32:15Z
ResponseParameter:  billNo: 1ef4fbc4bcf842cc967ef8bdaddf1f03 | endTime:2015-09-08 12:32:15

2015-09-08T12:32:15Z
<?xml version="1.0" encoding="UTF-8"?>
<RESPONSE>
  <VERS>0630</VERS>
  <MODE>U</MODE>
  <TRAN>36S70VK43MGX</TRAN>
  <MERC>680000</MERC>
  <SESS>35d66e4062dd46b8bbdb0f28a9847e02</SESS>
  <RULES_TRIGGERED>0</RULES_TRIGGERED>
  <COUNTERS_TRIGGERED>0</COUNTERS_TRIGGERED>
  <REASON_CODE></REASON_CODE>
  <MASTERCARD></MASTERCARD>
  <WARNING_COUNT>0</WARNING_COUNT>
</RESPONSE>

2015-09-08T12:46:44Z
RequestParameter:  billNo: 1af7a7a8eb604852b4441cf7aaa84865 | startTime:2015-09-08 12:46:44

2015-09-08T12:46:44Z
Array
(
    [MODE] => U
    [FRMT] => XML
    [VERS] => 0630
    [MERC] => 680000
    [SESS] => 325e2dd0ce6443cda839470c43ff7e64
    [TRAN] => 36S701Q6CQ32
    [AUTH] => D
    [MACK] => Y
)


2015-09-08T12:46:45Z
ResponseParameter:  billNo: 1af7a7a8eb604852b4441cf7aaa84865 | endTime:2015-09-08 12:46:45

2015-09-08T12:46:45Z
<?xml version="1.0" encoding="UTF-8"?>
<RESPONSE>
  <VERS>0630</VERS>
  <MODE>U</MODE>
  <TRAN>36S701Q6CQ32</TRAN>
  <MERC>680000</MERC>
  <SESS>325e2dd0ce6443cda839470c43ff7e64</SESS>
  <RULES_TRIGGERED>0</RULES_TRIGGERED>
  <COUNTERS_TRIGGERED>0</COUNTERS_TRIGGERED>
  <REASON_CODE></REASON_CODE>
  <MASTERCARD></MASTERCARD>
  <WARNING_COUNT>0</WARNING_COUNT>
</RESPONSE>

2015-09-08T12:49:32Z
RequestParameter:  billNo: 0eff0455b12d432d8a4a6da8f639d3d0 | startTime:2015-09-08 12:49:32

2015-09-08T12:49:32Z
Array
(
    [MODE] => U
    [FRMT] => XML
    [VERS] => 0630
    [MERC] => 680000
    [SESS] => a64d12c810fa435fa5974636d3dfd9bd
    [TRAN] => 36S708MD0VK8
    [AUTH] => D
    [MACK] => Y
)


2015-09-08T12:49:33Z
ResponseParameter:  billNo: 0eff0455b12d432d8a4a6da8f639d3d0 | endTime:2015-09-08 12:49:33

2015-09-08T12:49:33Z
<?xml version="1.0" encoding="UTF-8"?>
<RESPONSE>
  <VERS>0630</VERS>
  <MODE>U</MODE>
  <TRAN>36S708MD0VK8</TRAN>
  <MERC>680000</MERC>
  <SESS>a64d12c810fa435fa5974636d3dfd9bd</SESS>
  <RULES_TRIGGERED>0</RULES_TRIGGERED>
  <COUNTERS_TRIGGERED>0</COUNTERS_TRIGGERED>
  <REASON_CODE></REASON_CODE>
  <MASTERCARD></MASTERCARD>
  <WARNING_COUNT>0</WARNING_COUNT>
</RESPONSE>

2015-09-08T13:43:03Z
RequestParameter:  billNo: effafd867da143ac9bb9547950ce25b1 | startTime:2015-09-08 13:43:03

2015-09-08T13:43:03Z
Array
(
    [MODE] => U
    [FRMT] => XML
    [VERS] => 0630
    [MERC] => 680000
    [SESS] => 9a6bf92403de47bca77b3e9f439318c3
    [TRAN] => 36SD02V1KTLS
    [AUTH] => D
    [MACK] => Y
)


2015-09-08T13:43:04Z
ResponseParameter:  billNo: effafd867da143ac9bb9547950ce25b1 | endTime:2015-09-08 13:43:04

2015-09-08T13:43:04Z
<?xml version="1.0" encoding="UTF-8"?>
<RESPONSE>
  <VERS>0630</VERS>
  <MODE>U</MODE>
  <TRAN>36SD02V1KTLS</TRAN>
  <MERC>680000</MERC>
  <SESS>9a6bf92403de47bca77b3e9f439318c3</SESS>
  <RULES_TRIGGERED>0</RULES_TRIGGERED>
  <COUNTERS_TRIGGERED>0</COUNTERS_TRIGGERED>
  <REASON_CODE></REASON_CODE>
  <MASTERCARD></MASTERCARD>
  <WARNING_COUNT>0</WARNING_COUNT>
</RESPONSE>

2015-09-08T13:45:24Z
RequestParameter:  billNo: 7fb5dd16b0aa4aa1bdf000e8009d4745 | startTime:2015-09-08 13:45:24

2015-09-08T13:45:24Z
Array
(
    [MODE] => U
    [FRMT] => XML
    [VERS] => 0630
    [MERC] => 680000
    [SESS] => a8a237abe2df40fb80191439d98d67b9
    [TRAN] => 36SD0D9Z1TGM
    [AUTH] => D
    [MACK] => Y
)


2015-09-08T13:45:25Z
ResponseParameter:  billNo: 7fb5dd16b0aa4aa1bdf000e8009d4745 | endTime:2015-09-08 13:45:25

2015-09-08T13:45:25Z
<?xml version="1.0" encoding="UTF-8"?>
<RESPONSE>
  <VERS>0630</VERS>
  <MODE>U</MODE>
  <TRAN>36SD0D9Z1TGM</TRAN>
  <MERC>680000</MERC>
  <SESS>a8a237abe2df40fb80191439d98d67b9</SESS>
  <RULES_TRIGGERED>0</RULES_TRIGGERED>
  <COUNTERS_TRIGGERED>0</COUNTERS_TRIGGERED>
  <REASON_CODE></REASON_CODE>
  <MASTERCARD></MASTERCARD>
  <WARNING_COUNT>0</WARNING_COUNT>
</RESPONSE>

2015-09-08T15:53:58Z
RequestParameter:  billNo: 4ea0f679b3424315893a5dd979f590f3 | startTime:2015-09-08 15:53:58

2015-09-08T15:53:58Z
Array
(
    [MODE] => U
    [FRMT] => XML
    [VERS] => 0630
    [MERC] => 680000
    [SESS] => 9a51a54613364624906960d0c26dc1ab
    [TRAN] => 36VK028T0KHG
    [AUTH] => D
    [MACK] => Y
)


2015-09-08T15:53:59Z
ResponseParameter:  billNo: 4ea0f679b3424315893a5dd979f590f3 | endTime:2015-09-08 15:53:59

2015-09-08T15:53:59Z
<?xml version="1.0" encoding="UTF-8"?>
<RESPONSE>
  <VERS>0630</VERS>
  <MODE>U</MODE>
  <TRAN>36VK028T0KHG</TRAN>
  <MERC>680000</MERC>
  <SESS>9a51a54613364624906960d0c26dc1ab</SESS>
  <RULES_TRIGGERED>0</RULES_TRIGGERED>
  <COUNTERS_TRIGGERED>0</COUNTERS_TRIGGERED>
  <REASON_CODE></REASON_CODE>
  <MASTERCARD></MASTERCARD>
  <WARNING_COUNT>0</WARNING_COUNT>
</RESPONSE>

2015-09-08T17:45:35Z
RequestParameter:  billNo: 15097ea0315f440fb74d6e31adb0f8dd | startTime:2015-09-08 17:45:35

2015-09-08T17:45:35Z
Array
(
    [MODE] => U
    [FRMT] => XML
    [VERS] => 0630
    [MERC] => 680000
    [SESS] => 24b347ca129d44bca22cdfa605710268
    [TRAN] => 36VJ0B5PBXSZ
    [AUTH] => D
    [MACK] => Y
)


2015-09-08T17:45:35Z
ResponseParameter:  billNo: 15097ea0315f440fb74d6e31adb0f8dd | endTime:2015-09-08 17:45:35

2015-09-08T17:45:35Z
<?xml version="1.0" encoding="UTF-8"?>
<RESPONSE>
  <VERS>0630</VERS>
  <MODE>U</MODE>
  <TRAN>36VJ0B5PBXSZ</TRAN>
  <MERC>680000</MERC>
  <SESS>24b347ca129d44bca22cdfa605710268</SESS>
  <RULES_TRIGGERED>0</RULES_TRIGGERED>
  <COUNTERS_TRIGGERED>0</COUNTERS_TRIGGERED>
  <REASON_CODE></REASON_CODE>
  <MASTERCARD></MASTERCARD>
  <WARNING_COUNT>0</WARNING_COUNT>
</RESPONSE>

2015-09-08T18:02:44Z
RequestParameter:  billNo: a0d0321b95434396938956aea4a7d505 | startTime:2015-09-08 18:02:44

2015-09-08T18:02:44Z
Array
(
    [MODE] => U
    [FRMT] => XML
    [VERS] => 0630
    [MERC] => 680000
    [SESS] => 88d16102c7ec428e825c930baaad2553
    [TRAN] => 36VM0W7B05BB
    [AUTH] => D
    [MACK] => Y
)


2015-09-08T18:02:45Z
ResponseParameter:  billNo: a0d0321b95434396938956aea4a7d505 | endTime:2015-09-08 18:02:45

2015-09-08T18:02:45Z
<?xml version="1.0" encoding="UTF-8"?>
<RESPONSE>
  <VERS>0630</VERS>
  <MODE>U</MODE>
  <TRAN>36VM0W7B05BB</TRAN>
  <MERC>680000</MERC>
  <SESS>88d16102c7ec428e825c930baaad2553</SESS>
  <RULES_TRIGGERED>0</RULES_TRIGGERED>
  <COUNTERS_TRIGGERED>0</COUNTERS_TRIGGERED>
  <REASON_CODE></REASON_CODE>
  <MASTERCARD></MASTERCARD>
  <WARNING_COUNT>0</WARNING_COUNT>
</RESPONSE>

2015-09-08T21:12:11Z
RequestParameter:  billNo: 9a7d4813c87c4b2e9af5ff0c101e314b | startTime:2015-09-08 21:12:11

2015-09-08T21:12:11Z
Array
(
    [MODE] => U
    [FRMT] => XML
    [VERS] => 0630
    [MERC] => 680000
    [SESS] => a5f19bd052774d829ac83743d96ba35a
    [TRAN] => 36V900WG6MKB
    [AUTH] => D
    [MACK] => Y
)


2015-09-08T21:12:12Z
ResponseParameter:  billNo: 9a7d4813c87c4b2e9af5ff0c101e314b | endTime:2015-09-08 21:12:12

2015-09-08T21:12:12Z
<?xml version="1.0" encoding="UTF-8"?>
<RESPONSE>
  <VERS>0630</VERS>
  <MODE>U</MODE>
  <TRAN>36V900WG6MKB</TRAN>
  <MERC>680000</MERC>
  <SESS>a5f19bd052774d829ac83743d96ba35a</SESS>
  <RULES_TRIGGERED>0</RULES_TRIGGERED>
  <COUNTERS_TRIGGERED>0</COUNTERS_TRIGGERED>
  <REASON_CODE></REASON_CODE>
  <MASTERCARD></MASTERCARD>
  <WARNING_COUNT>0</WARNING_COUNT>
</RESPONSE>

2015-09-08T21:15:17Z
RequestParameter:  billNo: eba1a7e0ccd3414e8331419a1c5c856b | startTime:2015-09-08 21:15:17

2015-09-08T21:15:17Z
Array
(
    [MODE] => U
    [FRMT] => XML
    [VERS] => 0630
    [MERC] => 680000
    [SESS] => 90261a842e3c4a14b7057bb7f7f4ac33
    [TRAN] => 36V90018CKHX
    [AUTH] => D
    [MACK] => Y
)


2015-09-08T21:15:18Z
ResponseParameter:  billNo: eba1a7e0ccd3414e8331419a1c5c856b | endTime:2015-09-08 21:15:18

2015-09-08T21:15:18Z
<?xml version="1.0" encoding="UTF-8"?>
<RESPONSE>
  <VERS>0630</VERS>
  <MODE>U</MODE>
  <TRAN>36V90018CKHX</TRAN>
  <MERC>680000</MERC>
  <SESS>90261a842e3c4a14b7057bb7f7f4ac33</SESS>
  <RULES_TRIGGERED>0</RULES_TRIGGERED>
  <COUNTERS_TRIGGERED>0</COUNTERS_TRIGGERED>
  <REASON_CODE></REASON_CODE>
  <MASTERCARD></MASTERCARD>
  <WARNING_COUNT>0</WARNING_COUNT>
</RESPONSE>

2015-09-08T21:18:29Z
RequestParameter:  billNo: dfc4ec71412d45b198a3038d63ed53a4 | startTime:2015-09-08 21:18:29

2015-09-08T21:18:29Z
Array
(
    [MODE] => U
    [FRMT] => XML
    [VERS] => 0630
    [MERC] => 680000
    [SESS] => fdc5fbfce0ff4aa598f4ae9134f82702
    [TRAN] => 36V907LDZ75X
    [AUTH] => D
    [MACK] => Y
)


2015-09-08T21:18:30Z
ResponseParameter:  billNo: dfc4ec71412d45b198a3038d63ed53a4 | endTime:2015-09-08 21:18:30

2015-09-08T21:18:30Z
<?xml version="1.0" encoding="UTF-8"?>
<RESPONSE>
  <VERS>0630</VERS>
  <MODE>U</MODE>
  <TRAN>36V907LDZ75X</TRAN>
  <MERC>680000</MERC>
  <SESS>fdc5fbfce0ff4aa598f4ae9134f82702</SESS>
  <RULES_TRIGGERED>0</RULES_TRIGGERED>
  <COUNTERS_TRIGGERED>0</COUNTERS_TRIGGERED>
  <REASON_CODE></REASON_CODE>
  <MASTERCARD></MASTERCARD>
  <WARNING_COUNT>0</WARNING_COUNT>
</RESPONSE>

2015-09-08T21:23:01Z
RequestParameter:  billNo: c20e3e07afd742abbaa53987ebb6dffc | startTime:2015-09-08 21:23:01

2015-09-08T21:23:01Z
Array
(
    [MODE] => U
    [FRMT] => XML
    [VERS] => 0630
    [MERC] => 680000
    [SESS] => 9b6c9d1f08d44d8586c3e75d301cdfc4
    [TRAN] => 36V90K1VCWBL
    [AUTH] => D
    [MACK] => Y
)


2015-09-08T21:23:02Z
ResponseParameter:  billNo: c20e3e07afd742abbaa53987ebb6dffc | endTime:2015-09-08 21:23:02

2015-09-08T21:23:02Z
<?xml version="1.0" encoding="UTF-8"?>
<RESPONSE>
  <VERS>0630</VERS>
  <MODE>U</MODE>
  <TRAN>36V90K1VCWBL</TRAN>
  <MERC>680000</MERC>
  <SESS>9b6c9d1f08d44d8586c3e75d301cdfc4</SESS>
  <RULES_TRIGGERED>0</RULES_TRIGGERED>
  <COUNTERS_TRIGGERED>0</COUNTERS_TRIGGERED>
  <REASON_CODE></REASON_CODE>
  <MASTERCARD></MASTERCARD>
  <WARNING_COUNT>0</WARNING_COUNT>
</RESPONSE>

