2015-02-08T09:44:46Z
RequestParameter:  billNo: 1423159287-32382 | startTime:2015-02-08 09:44:46

2015-02-08T09:44:46Z
https://www.pesopay.com/b2c2/eng/directPay/payComp.jsp?payType=N&merchantId=18139954&pMethod=VISA&lang=E&cardHolder=Pierre-François%20BERGER&cardNo=4976900141884422&securityCode=226&epMonth=03&epYear=2017&amount=500&currCode=978&orderRef=1423159287-32382&remark=

2015-02-08T09:44:53Z
ResponseParameter:  billNo: 1423159287-32382 | endTime:2015-02-08 09:44:53

2015-02-08T09:44:53Z
successcode=0&Ref=1423159287-32382&PayRef=6355897&Amt=500.0&Cur=978&prc=0&src=0&Ord=503920580972&Holder=Pierre-François BERGER&AuthId=599338&TxTime=2015-02-08 17:45:19.0&errMsg=Transaction completed







2015-02-08T10:59:30Z
RequestParameter:  billNo: 0002YVA | startTime:2015-02-08 10:59:30

2015-02-08T10:59:30Z
https://www.pesopay.com/b2c2/eng/directPay/payComp.jsp?payType=N&merchantId=18139939&pMethod=VISA&lang=E&cardHolder=ibrahim%20almutawa&cardNo=4507665456274398&securityCode=611&epMonth=05&epYear=2016&amount=1000&currCode=840&orderRef=0002YVA&remark=

2015-02-08T10:59:34Z
ResponseParameter:  billNo: 0002YVA | endTime:2015-02-08 10:59:34

2015-02-08T10:59:34Z
successcode=0&Ref=0002YVA&PayRef=6356122&Amt=1000.0&Cur=840&prc=0&src=0&Ord=503922581278&Holder=ibrahim almutawa&AuthId=701007&TxTime=2015-02-08 19:00:02.0&errMsg=Transaction completed







2015-02-08T11:35:38Z
RequestParameter:  billNo: 0002YVS | startTime:2015-02-08 11:35:38

2015-02-08T11:35:38Z
https://www.pesopay.com/b2c2/eng/directPay/payComp.jsp?payType=N&merchantId=18139939&pMethod=VISA&lang=E&cardHolder=ibrahim%20almutawa&cardNo=4507665456274398&securityCode=611&epMonth=05&epYear=2016&amount=1500&currCode=840&orderRef=0002YVS&remark=

2015-02-08T11:35:41Z
ResponseParameter:  billNo: 0002YVS | endTime:2015-02-08 11:35:41

2015-02-08T11:35:41Z
successcode=0&Ref=0002YVS&PayRef=6356273&Amt=1500.0&Cur=840&prc=0&src=0&Ord=503922581446&Holder=ibrahim almutawa&AuthId=736817&TxTime=2015-02-08 19:36:10.0&errMsg=Transaction completed







