2015-09-07T07:53:35Z
RequestParameter:  billNo: a4a91f2f4b4c48bc9d9cb917b5f61ea6 | startTime:2015-09-07 07:53:35

2015-09-07T07:53:35Z
https://www.pesopay.com/b2c2/eng/directPay/payComp.jsp?payType=N&merchantId=18139939&pMethod=VISA&lang=E&cardHolder=STANISLAU%20RUSKEVICH&cardNo=4************102&securityCode=***&epMonth=06&epYear=2018&amount=100&currCode=840&orderRef=a4a91f2f4b4c48bc9d9cb917b5f61ea6&remark=

2015-09-07T07:53:39Z
ResponseParameter:  billNo: a4a91f2f4b4c48bc9d9cb917b5f61ea6 | endTime:2015-09-07 07:53:39

2015-09-07T07:53:39Z
successcode=1&Ref=a4a91f2f4b4c48bc9d9cb917b5f61ea6&PayRef=7935994&Amt=100.0&Cur=840&prc=1&src=7&Ord=&Holder=STANISLAU RUSKEVICH&AuthId=&TxTime=2015-09-07 15:53:40.0&errMsg=Transaction failed







2015-09-07T09:13:18Z
RequestParameter:  billNo: 805a6c8508a04a98bef80da7681264b9 | startTime:2015-09-07 09:13:18

2015-09-07T09:13:18Z
https://www.pesopay.com/b2c2/eng/directPay/payComp.jsp?payType=N&merchantId=18139954&pMethod=VISA&lang=E&cardHolder=suzinni%20severine&cardNo=4************291&securityCode=***&epMonth=09&epYear=2016&amount=300&currCode=978&orderRef=805a6c8508a04a98bef80da7681264b9&remark=

2015-09-07T09:13:25Z
ResponseParameter:  billNo: 805a6c8508a04a98bef80da7681264b9 | endTime:2015-09-07 09:13:25

2015-09-07T09:13:25Z
successcode=1&Ref=805a6c8508a04a98bef80da7681264b9&PayRef=7936439&Amt=300.0&Cur=978&prc=1&src=7&Ord=&Holder=suzinni severine&AuthId=&TxTime=2015-09-07 17:13:27.0&errMsg=Transaction failed







2015-09-07T09:40:51Z
RequestParameter:  billNo: 7da9113f131443c8871145e778c6ea9e | startTime:2015-09-07 09:40:51

2015-09-07T09:40:51Z
https://www.pesopay.com/b2c2/eng/directPay/payComp.jsp?payType=N&merchantId=18139939&pMethod=VISA&lang=E&cardHolder=yerbol%20turlybek&cardNo=4************876&securityCode=***&epMonth=12&epYear=2016&amount=1000&currCode=840&orderRef=7da9113f131443c8871145e778c6ea9e&remark=

2015-09-07T09:40:53Z
ResponseParameter:  billNo: 7da9113f131443c8871145e778c6ea9e | endTime:2015-09-07 09:40:53

2015-09-07T09:40:53Z
successcode=1&Ref=7da9113f131443c8871145e778c6ea9e&PayRef=7936731&Amt=1000.0&Cur=840&prc=1&src=7&Ord=&Holder=yerbol turlybek&AuthId=&TxTime=2015-09-07 17:40:55.0&errMsg=Transaction failed







2015-09-07T09:41:33Z
RequestParameter:  billNo: 157dfb63703640838f5868caa6e2cbe4 | startTime:2015-09-07 09:41:33

2015-09-07T09:41:33Z
https://www.pesopay.com/b2c2/eng/directPay/payComp.jsp?payType=N&merchantId=18139939&pMethod=VISA&lang=E&cardHolder=yerbol%20turlybek&cardNo=4************876&securityCode=***&epMonth=12&epYear=2016&amount=1000&currCode=840&orderRef=157dfb63703640838f5868caa6e2cbe4&remark=

2015-09-07T09:41:40Z
ResponseParameter:  billNo: 157dfb63703640838f5868caa6e2cbe4 | endTime:2015-09-07 09:41:40

2015-09-07T09:41:40Z
successcode=1&Ref=157dfb63703640838f5868caa6e2cbe4&PayRef=7936735&Amt=1000.0&Cur=840&prc=1&src=7&Ord=&Holder=yerbol turlybek&AuthId=&TxTime=2015-09-07 17:41:41.0&errMsg=Transaction failed







2015-09-07T09:43:48Z
RequestParameter:  billNo: 087d2b8dd09e4085b07ed921dbd385e8 | startTime:2015-09-07 09:43:48

2015-09-07T09:43:48Z
https://www.pesopay.com/b2c2/eng/directPay/payComp.jsp?payType=N&merchantId=18139939&pMethod=VISA&lang=E&cardHolder=yerbol%20turlybek&cardNo=4************876&securityCode=***&epMonth=12&epYear=2016&amount=1000&currCode=840&orderRef=087d2b8dd09e4085b07ed921dbd385e8&remark=

2015-09-07T09:43:50Z
ResponseParameter:  billNo: 087d2b8dd09e4085b07ed921dbd385e8 | endTime:2015-09-07 09:43:50

2015-09-07T09:43:50Z
successcode=1&Ref=087d2b8dd09e4085b07ed921dbd385e8&PayRef=7936751&Amt=1000.0&Cur=840&prc=1&src=7&Ord=&Holder=yerbol turlybek&AuthId=&TxTime=2015-09-07 17:43:51.0&errMsg=Transaction failed







2015-09-07T09:45:31Z
RequestParameter:  billNo: 1d20772e197b41c9a67f720ecf719bf9 | startTime:2015-09-07 09:45:31

2015-09-07T09:45:31Z
https://www.pesopay.com/b2c2/eng/directPay/payComp.jsp?payType=N&merchantId=18139939&pMethod=VISA&lang=E&cardHolder=yerbol%20turlybek&cardNo=4************876&securityCode=***&epMonth=12&epYear=2016&amount=950&currCode=840&orderRef=1d20772e197b41c9a67f720ecf719bf9&remark=

2015-09-07T09:45:33Z
ResponseParameter:  billNo: 1d20772e197b41c9a67f720ecf719bf9 | endTime:2015-09-07 09:45:33

2015-09-07T09:45:33Z
successcode=1&Ref=1d20772e197b41c9a67f720ecf719bf9&PayRef=7936761&Amt=950.0&Cur=840&prc=1&src=7&Ord=&Holder=yerbol turlybek&AuthId=&TxTime=2015-09-07 17:45:34.0&errMsg=Transaction failed







2015-09-07T09:48:29Z
RequestParameter:  billNo: 4fb30a658093418294a0c483ce335518 | startTime:2015-09-07 09:48:29

2015-09-07T09:48:29Z
https://www.pesopay.com/b2c2/eng/directPay/payComp.jsp?payType=N&merchantId=18139939&pMethod=VISA&lang=E&cardHolder=yerbol%20turlybek&cardNo=4************876&securityCode=***&epMonth=12&epYear=2016&amount=900&currCode=840&orderRef=4fb30a658093418294a0c483ce335518&remark=

2015-09-07T09:48:31Z
ResponseParameter:  billNo: 4fb30a658093418294a0c483ce335518 | endTime:2015-09-07 09:48:31

2015-09-07T09:48:31Z
successcode=1&Ref=4fb30a658093418294a0c483ce335518&PayRef=7936776&Amt=900.0&Cur=840&prc=1&src=7&Ord=&Holder=yerbol turlybek&AuthId=&TxTime=2015-09-07 17:48:33.0&errMsg=Transaction failed







2015-09-07T09:48:52Z
RequestParameter:  billNo: 7ea5a5ebbf5e4d3eaa12b4d38d791b9f | startTime:2015-09-07 09:48:52

2015-09-07T09:48:52Z
https://www.pesopay.com/b2c2/eng/directPay/payComp.jsp?payType=N&merchantId=18139939&pMethod=VISA&lang=E&cardHolder=yerbol%20turlybek&cardNo=4************876&securityCode=***&epMonth=12&epYear=2016&amount=880&currCode=840&orderRef=7ea5a5ebbf5e4d3eaa12b4d38d791b9f&remark=

2015-09-07T09:48:54Z
ResponseParameter:  billNo: 7ea5a5ebbf5e4d3eaa12b4d38d791b9f | endTime:2015-09-07 09:48:54

2015-09-07T09:48:54Z
successcode=1&Ref=7ea5a5ebbf5e4d3eaa12b4d38d791b9f&PayRef=7936779&Amt=880.0&Cur=840&prc=1&src=7&Ord=&Holder=yerbol turlybek&AuthId=&TxTime=2015-09-07 17:48:55.0&errMsg=Transaction failed







2015-09-07T09:49:12Z
RequestParameter:  billNo: 9f86b3800a2e4d4d896ee9871e32abb9 | startTime:2015-09-07 09:49:12

2015-09-07T09:49:12Z
https://www.pesopay.com/b2c2/eng/directPay/payComp.jsp?payType=N&merchantId=18139939&pMethod=VISA&lang=E&cardHolder=yerbol%20turlybek&cardNo=4************876&securityCode=***&epMonth=12&epYear=2016&amount=800&currCode=840&orderRef=9f86b3800a2e4d4d896ee9871e32abb9&remark=

2015-09-07T09:49:14Z
ResponseParameter:  billNo: 9f86b3800a2e4d4d896ee9871e32abb9 | endTime:2015-09-07 09:49:14

2015-09-07T09:49:14Z
successcode=1&Ref=9f86b3800a2e4d4d896ee9871e32abb9&PayRef=7936782&Amt=800.0&Cur=840&prc=1&src=7&Ord=&Holder=yerbol turlybek&AuthId=&TxTime=2015-09-07 17:49:15.0&errMsg=Transaction failed







2015-09-07T09:52:29Z
RequestParameter:  billNo: 93b3c680d99a43509270e57a215de481 | startTime:2015-09-07 09:52:29

2015-09-07T09:52:29Z
https://www.pesopay.com/b2c2/eng/directPay/payComp.jsp?payType=N&merchantId=18139939&pMethod=VISA&lang=E&cardHolder=yerbol%20turlybek&cardNo=4************876&securityCode=***&epMonth=12&epYear=2016&amount=900&currCode=840&orderRef=93b3c680d99a43509270e57a215de481&remark=

2015-09-07T09:52:31Z
ResponseParameter:  billNo: 93b3c680d99a43509270e57a215de481 | endTime:2015-09-07 09:52:31

2015-09-07T09:52:31Z
successcode=1&Ref=93b3c680d99a43509270e57a215de481&PayRef=7936812&Amt=900.0&Cur=840&prc=1&src=7&Ord=&Holder=yerbol turlybek&AuthId=&TxTime=2015-09-07 17:52:32.0&errMsg=Transaction failed







2015-09-07T10:14:30Z
RequestParameter:  billNo: 8e004ce905e844ae89fc75b9ca0b4d48 | startTime:2015-09-07 10:14:30

2015-09-07T10:14:30Z
https://www.pesopay.com/b2c2/eng/directPay/payComp.jsp?payType=N&merchantId=18139939&pMethod=VISA&lang=E&cardHolder=Yerbol%20Turlybek&cardNo=4************876&securityCode=***&epMonth=12&epYear=2016&amount=200&currCode=840&orderRef=8e004ce905e844ae89fc75b9ca0b4d48&remark=

2015-09-07T10:14:35Z
ResponseParameter:  billNo: 8e004ce905e844ae89fc75b9ca0b4d48 | endTime:2015-09-07 10:14:35

2015-09-07T10:14:35Z
successcode=1&Ref=8e004ce905e844ae89fc75b9ca0b4d48&PayRef=7936886&Amt=200.0&Cur=840&prc=1&src=7&Ord=&Holder=Yerbol Turlybek&AuthId=&TxTime=2015-09-07 18:14:34.0&errMsg=Transaction failed







2015-09-07T10:14:58Z
RequestParameter:  billNo: 389c7296fba848e2b804d23c295f977c | startTime:2015-09-07 10:14:58

2015-09-07T10:14:58Z
https://www.pesopay.com/b2c2/eng/directPay/payComp.jsp?payType=N&merchantId=18139939&pMethod=VISA&lang=E&cardHolder=Yerbol%20Turlybek&cardNo=4************876&securityCode=***&epMonth=12&epYear=2016&amount=100&currCode=840&orderRef=389c7296fba848e2b804d23c295f977c&remark=

2015-09-07T10:15:02Z
ResponseParameter:  billNo: 389c7296fba848e2b804d23c295f977c | endTime:2015-09-07 10:15:02

2015-09-07T10:15:02Z
successcode=1&Ref=389c7296fba848e2b804d23c295f977c&PayRef=7936889&Amt=100.0&Cur=840&prc=1&src=7&Ord=&Holder=Yerbol Turlybek&AuthId=&TxTime=2015-09-07 18:15:03.0&errMsg=Transaction failed







2015-09-07T12:24:59Z
RequestParameter:  billNo: 4f943afd5b6a40eeae2a5eefb3d96bc5 | startTime:2015-09-07 12:24:59

2015-09-07T12:24:59Z
https://www.pesopay.com/b2c2/eng/directPay/payComp.jsp?payType=N&merchantId=18139939&pMethod=VISA&lang=E&cardHolder=STEPAN%20MIKHANOSHIN&cardNo=4************723&securityCode=***&epMonth=01&epYear=2018&amount=500&currCode=840&orderRef=4f943afd5b6a40eeae2a5eefb3d96bc5&remark=

2015-09-07T12:25:02Z
ResponseParameter:  billNo: 4f943afd5b6a40eeae2a5eefb3d96bc5 | endTime:2015-09-07 12:25:02

2015-09-07T12:25:02Z
successcode=1&Ref=4f943afd5b6a40eeae2a5eefb3d96bc5&PayRef=7937360&Amt=500.0&Cur=840&prc=-8&src=2017&Ord=&Holder=STEPAN MIKHANOSHIN&AuthId=&TxTime=2015-09-07 20:25:05.0&errMsg=Transaction failed







2015-09-07T12:33:43Z
RequestParameter:  billNo: d24108798296427785753ffd75168172 | startTime:2015-09-07 12:33:43

2015-09-07T12:33:43Z
https://www.pesopay.com/b2c2/eng/directPay/payComp.jsp?payType=N&merchantId=18139939&pMethod=VISA&lang=E&cardHolder=STEPAN%20MIKHANOSHIN&cardNo=4************723&securityCode=***&epMonth=01&epYear=2018&amount=500&currCode=840&orderRef=d24108798296427785753ffd75168172&remark=

2015-09-07T12:33:46Z
ResponseParameter:  billNo: d24108798296427785753ffd75168172 | endTime:2015-09-07 12:33:46

2015-09-07T12:33:46Z
successcode=1&Ref=d24108798296427785753ffd75168172&PayRef=7937377&Amt=500.0&Cur=840&prc=-8&src=2017&Ord=&Holder=STEPAN MIKHANOSHIN&AuthId=&TxTime=2015-09-07 20:33:48.0&errMsg=Transaction failed







2015-09-07T12:36:15Z
RequestParameter:  billNo: fee0eb9fe166468593617f4566da28ac | startTime:2015-09-07 12:36:15

2015-09-07T12:36:15Z
https://www.pesopay.com/b2c2/eng/directPay/payComp.jsp?payType=N&merchantId=18139939&pMethod=VISA&lang=E&cardHolder=STEPAN%20MIKHANOSHIN&cardNo=4************723&securityCode=***&epMonth=01&epYear=2018&amount=500&currCode=840&orderRef=fee0eb9fe166468593617f4566da28ac&remark=

2015-09-07T12:36:16Z
ResponseParameter:  billNo: fee0eb9fe166468593617f4566da28ac | endTime:2015-09-07 12:36:16

2015-09-07T12:36:16Z
successcode=1&Ref=fee0eb9fe166468593617f4566da28ac&PayRef=7937388&Amt=500.0&Cur=840&prc=-8&src=2017&Ord=&Holder=STEPAN MIKHANOSHIN&AuthId=&TxTime=2015-09-07 20:36:19.0&errMsg=Transaction failed







2015-09-07T12:49:08Z
RequestParameter:  billNo: 025f6f9454314dee94cdc901976245f7 | startTime:2015-09-07 12:49:08

2015-09-07T12:49:08Z
https://www.pesopay.com/b2c2/eng/directPay/payComp.jsp?payType=N&merchantId=18139939&pMethod=VISA&lang=E&cardHolder=STEPAN%20MIKHANOSHIN&cardNo=4************723&securityCode=***&epMonth=01&epYear=2018&amount=450&currCode=840&orderRef=025f6f9454314dee94cdc901976245f7&remark=

2015-09-07T12:49:09Z
ResponseParameter:  billNo: 025f6f9454314dee94cdc901976245f7 | endTime:2015-09-07 12:49:09

2015-09-07T12:49:09Z
successcode=1&Ref=025f6f9454314dee94cdc901976245f7&PayRef=7937438&Amt=450.0&Cur=840&prc=-8&src=2017&Ord=&Holder=STEPAN MIKHANOSHIN&AuthId=&TxTime=2015-09-07 20:49:12.0&errMsg=Transaction failed







2015-09-07T13:13:20Z
RequestParameter:  billNo: 115c9cc05a0441ae8cbee233a3bb9383 | startTime:2015-09-07 13:13:20

2015-09-07T13:13:20Z
https://www.pesopay.com/b2c2/eng/directPay/payComp.jsp?payType=N&merchantId=18139939&pMethod=VISA&lang=E&cardHolder=Stepan%20%20Mikhanoshin&cardNo=4************723&securityCode=***&epMonth=01&epYear=2018&amount=500&currCode=840&orderRef=115c9cc05a0441ae8cbee233a3bb9383&remark=

2015-09-07T13:13:20Z
ResponseParameter:  billNo: 115c9cc05a0441ae8cbee233a3bb9383 | endTime:2015-09-07 13:13:20

2015-09-07T13:13:20Z
successcode=1&Ref=115c9cc05a0441ae8cbee233a3bb9383&PayRef=7937499&Amt=500.0&Cur=840&prc=-8&src=2017&Ord=&Holder=Stepan  Mikhanoshin&AuthId=&TxTime=2015-09-07 21:13:23.0&errMsg=Transaction failed







2015-09-07T16:27:00Z
RequestParameter:  billNo: cb47083d1caf45dfab3798f13bcb35d8 | startTime:2015-09-07 16:27:00

2015-09-07T16:27:00Z
https://www.pesopay.com/b2c2/eng/directPay/payComp.jsp?payType=N&merchantId=18139954&pMethod=Master&lang=E&cardHolder=sebastien%20travers&cardNo=5************826&securityCode=***&epMonth=04&epYear=2017&amount=500&currCode=978&orderRef=cb47083d1caf45dfab3798f13bcb35d8&remark=

2015-09-07T16:27:05Z
ResponseParameter:  billNo: cb47083d1caf45dfab3798f13bcb35d8 | endTime:2015-09-07 16:27:05

2015-09-07T16:27:05Z
successcode=1&Ref=cb47083d1caf45dfab3798f13bcb35d8&PayRef=7938146&Amt=500.0&Cur=978&prc=1&src=7&Ord=&Holder=sebastien travers&AuthId=&TxTime=2015-09-08 00:27:06.0&errMsg=Transaction failed







2015-09-07T16:27:40Z
RequestParameter:  billNo: 7fd776ab10d74f179ac0ccf0d64c2657 | startTime:2015-09-07 16:27:40

2015-09-07T16:27:40Z
https://www.pesopay.com/b2c2/eng/directPay/payComp.jsp?payType=N&merchantId=18139954&pMethod=Master&lang=E&cardHolder=sebastien%20travers&cardNo=5************826&securityCode=***&epMonth=04&epYear=2017&amount=500&currCode=978&orderRef=7fd776ab10d74f179ac0ccf0d64c2657&remark=

2015-09-07T16:27:43Z
ResponseParameter:  billNo: 7fd776ab10d74f179ac0ccf0d64c2657 | endTime:2015-09-07 16:27:43

2015-09-07T16:27:43Z
successcode=1&Ref=7fd776ab10d74f179ac0ccf0d64c2657&PayRef=7938150&Amt=500.0&Cur=978&prc=1&src=7&Ord=&Holder=sebastien travers&AuthId=&TxTime=2015-09-08 00:27:45.0&errMsg=Transaction failed







2015-09-07T16:28:33Z
RequestParameter:  billNo: 766f048ec2d948f580c7358adcf7c337 | startTime:2015-09-07 16:28:33

2015-09-07T16:28:33Z
https://www.pesopay.com/b2c2/eng/directPay/payComp.jsp?payType=N&merchantId=18139954&pMethod=VISA&lang=E&cardHolder=sebastien%20travers&cardNo=4************496&securityCode=***&epMonth=12&epYear=2016&amount=500&currCode=978&orderRef=766f048ec2d948f580c7358adcf7c337&remark=

2015-09-07T16:28:36Z
ResponseParameter:  billNo: 766f048ec2d948f580c7358adcf7c337 | endTime:2015-09-07 16:28:36

2015-09-07T16:28:36Z
successcode=1&Ref=766f048ec2d948f580c7358adcf7c337&PayRef=7938152&Amt=500.0&Cur=978&prc=1&src=7&Ord=&Holder=sebastien travers&AuthId=&TxTime=2015-09-08 00:28:37.0&errMsg=Transaction failed







2015-09-07T16:29:37Z
RequestParameter:  billNo: 1b08d46f351f4d39bc0d7081199f1a1d | startTime:2015-09-07 16:29:37

2015-09-07T16:29:37Z
https://www.pesopay.com/b2c2/eng/directPay/payComp.jsp?payType=N&merchantId=18139954&pMethod=VISA&lang=E&cardHolder=sebastien%20travers&cardNo=4************496&securityCode=***&epMonth=12&epYear=2016&amount=500&currCode=978&orderRef=1b08d46f351f4d39bc0d7081199f1a1d&remark=

2015-09-07T16:29:39Z
ResponseParameter:  billNo: 1b08d46f351f4d39bc0d7081199f1a1d | endTime:2015-09-07 16:29:39

2015-09-07T16:29:39Z
successcode=1&Ref=1b08d46f351f4d39bc0d7081199f1a1d&PayRef=7938158&Amt=500.0&Cur=978&prc=1&src=7&Ord=&Holder=sebastien travers&AuthId=&TxTime=2015-09-08 00:29:41.0&errMsg=Transaction failed







2015-09-07T16:30:01Z
RequestParameter:  billNo: 3cd1a649ba9e4b389b9d8019a33756b3 | startTime:2015-09-07 16:30:01

2015-09-07T16:30:01Z
https://www.pesopay.com/b2c2/eng/directPay/payComp.jsp?payType=N&merchantId=18139954&pMethod=VISA&lang=E&cardHolder=SEBASTIEN%20TRAVERS&cardNo=4************496&securityCode=***&epMonth=12&epYear=2016&amount=500&currCode=978&orderRef=3cd1a649ba9e4b389b9d8019a33756b3&remark=

2015-09-07T16:30:04Z
ResponseParameter:  billNo: 3cd1a649ba9e4b389b9d8019a33756b3 | endTime:2015-09-07 16:30:04

2015-09-07T16:30:04Z
successcode=1&Ref=3cd1a649ba9e4b389b9d8019a33756b3&PayRef=7938159&Amt=500.0&Cur=978&prc=1&src=7&Ord=&Holder=SEBASTIEN TRAVERS&AuthId=&TxTime=2015-09-08 00:30:05.0&errMsg=Transaction failed







2015-09-07T16:30:50Z
RequestParameter:  billNo: e04790a73aca4c64af18c6d79b581e82 | startTime:2015-09-07 16:30:50

2015-09-07T16:30:50Z
https://www.pesopay.com/b2c2/eng/directPay/payComp.jsp?payType=N&merchantId=18139954&pMethod=VISA&lang=E&cardHolder=SEBASTIEN%20TRAVERS&cardNo=4************496&securityCode=***&epMonth=12&epYear=2016&amount=500&currCode=978&orderRef=e04790a73aca4c64af18c6d79b581e82&remark=

2015-09-07T16:30:52Z
ResponseParameter:  billNo: e04790a73aca4c64af18c6d79b581e82 | endTime:2015-09-07 16:30:52

2015-09-07T16:30:52Z
successcode=1&Ref=e04790a73aca4c64af18c6d79b581e82&PayRef=7938162&Amt=500.0&Cur=978&prc=1&src=7&Ord=&Holder=SEBASTIEN TRAVERS&AuthId=&TxTime=2015-09-08 00:30:54.0&errMsg=Transaction failed







