2015-05-23T11:59:32Z
RequestParameter:  billNo: c08c6bef8f8c4f09bfa23cbca2f28b1c | startTime:2015-05-23 11:59:32

2015-05-23T11:59:32Z
Array
(
    [MODE] => U
    [FRMT] => XML
    [VERS] => 0630
    [MERC] => 680000
    [SESS] => 129b942302c94d959a18b2ef48d98d6d
    [TRAN] => 30HG0L6GMX14
    [AUTH] => D
    [MACK] => Y
)


2015-05-23T11:59:33Z
ResponseParameter:  billNo: c08c6bef8f8c4f09bfa23cbca2f28b1c | endTime:2015-05-23 11:59:33

2015-05-23T11:59:33Z
<?xml version="1.0" encoding="UTF-8"?>
<RESPONSE>
  <VERS>0630</VERS>
  <MODE>U</MODE>
  <TRAN>30HG0L6GMX14</TRAN>
  <MERC>680000</MERC>
  <SESS>129b942302c94d959a18b2ef48d98d6d</SESS>
  <RULES_TRIGGERED>0</RULES_TRIGGERED>
  <COUNTERS_TRIGGERED>0</COUNTERS_TRIGGERED>
  <REASON_CODE></REASON_CODE>
  <MASTERCARD></MASTERCARD>
  <WARNING_COUNT>0</WARNING_COUNT>
</RESPONSE>

2015-05-23T12:00:40Z
RequestParameter:  billNo: c12c43c124ab44f4a89e3bdc840f042a | startTime:2015-05-23 12:00:40

2015-05-23T12:00:40Z
Array
(
    [MODE] => U
    [FRMT] => XML
    [VERS] => 0630
    [MERC] => 680000
    [SESS] => 16411f7afc1f4af68eb7943b6f58dcf7
    [TRAN] => 30HX003KWTQH
    [AUTH] => D
    [MACK] => Y
)


2015-05-23T12:00:41Z
ResponseParameter:  billNo: c12c43c124ab44f4a89e3bdc840f042a | endTime:2015-05-23 12:00:41

2015-05-23T12:00:41Z
<?xml version="1.0" encoding="UTF-8"?>
<RESPONSE>
  <VERS>0630</VERS>
  <MODE>U</MODE>
  <TRAN>30HX003KWTQH</TRAN>
  <MERC>680000</MERC>
  <SESS>16411f7afc1f4af68eb7943b6f58dcf7</SESS>
  <RULES_TRIGGERED>0</RULES_TRIGGERED>
  <COUNTERS_TRIGGERED>0</COUNTERS_TRIGGERED>
  <REASON_CODE></REASON_CODE>
  <MASTERCARD></MASTERCARD>
  <WARNING_COUNT>0</WARNING_COUNT>
</RESPONSE>

2015-05-23T12:02:16Z
RequestParameter:  billNo: 98b7a4161e2f4a62a3ee2c5d7d8f1e71 | startTime:2015-05-23 12:02:16

2015-05-23T12:02:16Z
Array
(
    [MODE] => U
    [FRMT] => XML
    [VERS] => 0630
    [MERC] => 680000
    [SESS] => 556b688743884bb3bdae4f373824cf6b
    [TRAN] => 30HX0SG1NNLB
    [AUTH] => D
    [MACK] => Y
)


2015-05-23T12:02:17Z
ResponseParameter:  billNo: 98b7a4161e2f4a62a3ee2c5d7d8f1e71 | endTime:2015-05-23 12:02:17

2015-05-23T12:02:17Z
<?xml version="1.0" encoding="UTF-8"?>
<RESPONSE>
  <VERS>0630</VERS>
  <MODE>U</MODE>
  <TRAN>30HX0SG1NNLB</TRAN>
  <MERC>680000</MERC>
  <SESS>556b688743884bb3bdae4f373824cf6b</SESS>
  <RULES_TRIGGERED>0</RULES_TRIGGERED>
  <COUNTERS_TRIGGERED>0</COUNTERS_TRIGGERED>
  <REASON_CODE></REASON_CODE>
  <MASTERCARD></MASTERCARD>
  <WARNING_COUNT>0</WARNING_COUNT>
</RESPONSE>

2015-05-23T12:03:23Z
RequestParameter:  billNo: 23496c54361843a398dfdea509ef6eba | startTime:2015-05-23 12:03:23

2015-05-23T12:03:23Z
Array
(
    [MODE] => U
    [FRMT] => XML
    [VERS] => 0630
    [MERC] => 680000
    [SESS] => 9f10119e1da541b19a0ae31374c7cf20
    [TRAN] => 30HX0KBZKMBT
    [AUTH] => D
    [MACK] => Y
)


2015-05-23T12:03:24Z
ResponseParameter:  billNo: 23496c54361843a398dfdea509ef6eba | endTime:2015-05-23 12:03:24

2015-05-23T12:03:24Z
<?xml version="1.0" encoding="UTF-8"?>
<RESPONSE>
  <VERS>0630</VERS>
  <MODE>U</MODE>
  <TRAN>30HX0KBZKMBT</TRAN>
  <MERC>680000</MERC>
  <SESS>9f10119e1da541b19a0ae31374c7cf20</SESS>
  <RULES_TRIGGERED>0</RULES_TRIGGERED>
  <COUNTERS_TRIGGERED>0</COUNTERS_TRIGGERED>
  <REASON_CODE></REASON_CODE>
  <MASTERCARD></MASTERCARD>
  <WARNING_COUNT>0</WARNING_COUNT>
</RESPONSE>

2015-05-23T12:05:25Z
RequestParameter:  billNo: 722275dbbd894162b860c930a8b6217c | startTime:2015-05-23 12:05:25

2015-05-23T12:05:25Z
Array
(
    [MODE] => U
    [FRMT] => XML
    [VERS] => 0630
    [MERC] => 680000
    [SESS] => cc2409317361444f908d63e80f6be2f4
    [TRAN] => 30HX0H9NZ589
    [AUTH] => D
    [MACK] => Y
)


2015-05-23T12:05:26Z
ResponseParameter:  billNo: 722275dbbd894162b860c930a8b6217c | endTime:2015-05-23 12:05:26

2015-05-23T12:05:26Z
<?xml version="1.0" encoding="UTF-8"?>
<RESPONSE>
  <VERS>0630</VERS>
  <MODE>U</MODE>
  <TRAN>30HX0H9NZ589</TRAN>
  <MERC>680000</MERC>
  <SESS>cc2409317361444f908d63e80f6be2f4</SESS>
  <RULES_TRIGGERED>0</RULES_TRIGGERED>
  <COUNTERS_TRIGGERED>0</COUNTERS_TRIGGERED>
  <REASON_CODE></REASON_CODE>
  <MASTERCARD></MASTERCARD>
  <WARNING_COUNT>0</WARNING_COUNT>
</RESPONSE>

2015-05-23T12:07:07Z
RequestParameter:  billNo: b4c148a94e8248a5aa58497cccd48020 | startTime:2015-05-23 12:07:07

2015-05-23T12:07:07Z
Array
(
    [MODE] => U
    [FRMT] => XML
    [VERS] => 0630
    [MERC] => 680000
    [SESS] => c1402e97dcb9467c96e85fa4f4f8efb0
    [TRAN] => 30HX0GWS54ZD
    [AUTH] => D
    [MACK] => Y
)


2015-05-23T12:07:08Z
ResponseParameter:  billNo: b4c148a94e8248a5aa58497cccd48020 | endTime:2015-05-23 12:07:08

2015-05-23T12:07:08Z
<?xml version="1.0" encoding="UTF-8"?>
<RESPONSE>
  <VERS>0630</VERS>
  <MODE>U</MODE>
  <TRAN>30HX0GWS54ZD</TRAN>
  <MERC>680000</MERC>
  <SESS>c1402e97dcb9467c96e85fa4f4f8efb0</SESS>
  <RULES_TRIGGERED>0</RULES_TRIGGERED>
  <COUNTERS_TRIGGERED>0</COUNTERS_TRIGGERED>
  <REASON_CODE></REASON_CODE>
  <MASTERCARD></MASTERCARD>
  <WARNING_COUNT>0</WARNING_COUNT>
</RESPONSE>

2015-05-23T12:08:32Z
RequestParameter:  billNo: d4cc3cc239f04b8c82aaed30e2bb16fe | startTime:2015-05-23 12:08:32

2015-05-23T12:08:32Z
Array
(
    [MODE] => U
    [FRMT] => XML
    [VERS] => 0630
    [MERC] => 680000
    [SESS] => 343ed9ae21154a57a15ef09f84e55100
    [TRAN] => 30HX0Q2BQLZ5
    [AUTH] => D
    [MACK] => Y
)


2015-05-23T12:08:33Z
ResponseParameter:  billNo: d4cc3cc239f04b8c82aaed30e2bb16fe | endTime:2015-05-23 12:08:33

2015-05-23T12:08:33Z
<?xml version="1.0" encoding="UTF-8"?>
<RESPONSE>
  <VERS>0630</VERS>
  <MODE>U</MODE>
  <TRAN>30HX0Q2BQLZ5</TRAN>
  <MERC>680000</MERC>
  <SESS>343ed9ae21154a57a15ef09f84e55100</SESS>
  <RULES_TRIGGERED>0</RULES_TRIGGERED>
  <COUNTERS_TRIGGERED>0</COUNTERS_TRIGGERED>
  <REASON_CODE></REASON_CODE>
  <MASTERCARD></MASTERCARD>
  <WARNING_COUNT>0</WARNING_COUNT>
</RESPONSE>

