2015-09-21T09:53:39Z
RequestParameter:  billNo: 99208c2a4f72468cb96199e5564b7a8e | startTime:2015-09-21 09:53:39

2015-09-21T09:53:39Z
Array
(
    [MODE] => U
    [FRMT] => XML
    [VERS] => 0630
    [MERC] => 680000
    [SESS] => 64f91171b1da40d3ae4767f900010f00
    [TRAN] => 36310T985R01
    [AUTH] => D
    [MACK] => Y
)


2015-09-21T09:53:40Z
ResponseParameter:  billNo: 99208c2a4f72468cb96199e5564b7a8e | endTime:2015-09-21 09:53:40

2015-09-21T09:53:40Z
<?xml version="1.0" encoding="UTF-8"?>
<RESPONSE>
  <VERS>0630</VERS>
  <MODE>U</MODE>
  <TRAN>36310T985R01</TRAN>
  <MERC>680000</MERC>
  <SESS>64f91171b1da40d3ae4767f900010f00</SESS>
  <RULES_TRIGGERED>0</RULES_TRIGGERED>
  <COUNTERS_TRIGGERED>0</COUNTERS_TRIGGERED>
  <REASON_CODE></REASON_CODE>
  <MASTERCARD></MASTERCARD>
  <WARNING_COUNT>0</WARNING_COUNT>
</RESPONSE>

2015-09-21T10:51:53Z
RequestParameter:  billNo: 1fb91c539d374cdbafa70773d57fd93d | startTime:2015-09-21 10:51:53

2015-09-21T10:51:53Z
Array
(
    [MODE] => U
    [FRMT] => XML
    [VERS] => 0630
    [MERC] => 680000
    [SESS] => 1fb91c539d374cdbafa70773d57fd93d
    [TRAN] => 363303JPCCKP
    [AUTH] => D
    [MACK] => Y
)


2015-09-21T10:51:54Z
ResponseParameter:  billNo: 1fb91c539d374cdbafa70773d57fd93d | endTime:2015-09-21 10:51:54

2015-09-21T10:51:54Z
<?xml version="1.0" encoding="UTF-8"?>
<RESPONSE>
  <VERS>0630</VERS>
  <MODE>U</MODE>
  <TRAN>363303JPCCKP</TRAN>
  <MERC>680000</MERC>
  <SESS>1fb91c539d374cdbafa70773d57fd93d</SESS>
  <RULES_TRIGGERED>0</RULES_TRIGGERED>
  <COUNTERS_TRIGGERED>0</COUNTERS_TRIGGERED>
  <REASON_CODE></REASON_CODE>
  <MASTERCARD></MASTERCARD>
  <WARNING_COUNT>0</WARNING_COUNT>
</RESPONSE>

