2015-08-31T11:26:06Z
RequestParameter:  billNo: c1f0b0606184499c9758ad88ddae9071 | startTime:2015-08-31 11:26:06

2015-08-31T11:26:06Z
https://www.pesopay.com/b2c2/eng/directPay/payComp.jsp?payType=N&merchantId=18139954&pMethod=VISA&lang=E&cardHolder=ADAM%20BEN%20BRAHIM&cardNo=4************675&securityCode=***&epMonth=04&epYear=2017&amount=500&currCode=978&orderRef=c1f0b0606184499c9758ad88ddae9071&remark=

2015-08-31T11:26:09Z
ResponseParameter:  billNo: c1f0b0606184499c9758ad88ddae9071 | endTime:2015-08-31 11:26:09

2015-08-31T11:26:09Z
successcode=1&Ref=c1f0b0606184499c9758ad88ddae9071&PayRef=7888267&Amt=500.0&Cur=978&prc=1&src=7&Ord=&Holder=ADAM BEN BRAHIM&AuthId=&TxTime=2015-08-31 19:26:14.0&errMsg=Transaction failed







2015-08-31T11:27:01Z
RequestParameter:  billNo: 058b208f5b454841ac2a424d4b177c44 | startTime:2015-08-31 11:27:01

2015-08-31T11:27:01Z
https://www.pesopay.com/b2c2/eng/directPay/payComp.jsp?payType=N&merchantId=18139954&pMethod=VISA&lang=E&cardHolder=ADAM%20BEN%20BRAHIM&cardNo=4************675&securityCode=***&epMonth=04&epYear=2017&amount=500&currCode=978&orderRef=058b208f5b454841ac2a424d4b177c44&remark=

2015-08-31T11:27:04Z
ResponseParameter:  billNo: 058b208f5b454841ac2a424d4b177c44 | endTime:2015-08-31 11:27:04

2015-08-31T11:27:04Z
successcode=1&Ref=058b208f5b454841ac2a424d4b177c44&PayRef=7888272&Amt=500.0&Cur=978&prc=1&src=7&Ord=&Holder=ADAM BEN BRAHIM&AuthId=&TxTime=2015-08-31 19:27:09.0&errMsg=Transaction failed







2015-08-31T11:27:41Z
RequestParameter:  billNo: c24a1888e0fc47d5bb7c8ab418e809c8 | startTime:2015-08-31 11:27:41

2015-08-31T11:27:41Z
https://www.pesopay.com/b2c2/eng/directPay/payComp.jsp?payType=N&merchantId=18139954&pMethod=VISA&lang=E&cardHolder=ADAM%20BEN%20BRAHIM&cardNo=4************675&securityCode=***&epMonth=04&epYear=2017&amount=500&currCode=978&orderRef=c24a1888e0fc47d5bb7c8ab418e809c8&remark=

2015-08-31T11:27:42Z
ResponseParameter:  billNo: c24a1888e0fc47d5bb7c8ab418e809c8 | endTime:2015-08-31 11:27:42

2015-08-31T11:27:42Z
successcode=1&Ref=c24a1888e0fc47d5bb7c8ab418e809c8&PayRef=7888276&Amt=500.0&Cur=978&prc=1&src=7&Ord=&Holder=ADAM BEN BRAHIM&AuthId=&TxTime=2015-08-31 19:27:47.0&errMsg=Transaction failed







2015-08-31T11:28:03Z
RequestParameter:  billNo: a380c5b8acb34ff8a55d2762aa616e6b | startTime:2015-08-31 11:28:03

2015-08-31T11:28:03Z
https://www.pesopay.com/b2c2/eng/directPay/payComp.jsp?payType=N&merchantId=18139954&pMethod=VISA&lang=E&cardHolder=ADAM%20BEN%20BRAHIM&cardNo=4************675&securityCode=***&epMonth=04&epYear=2017&amount=500&currCode=978&orderRef=a380c5b8acb34ff8a55d2762aa616e6b&remark=

2015-08-31T11:28:05Z
ResponseParameter:  billNo: a380c5b8acb34ff8a55d2762aa616e6b | endTime:2015-08-31 11:28:05

2015-08-31T11:28:05Z
successcode=1&Ref=a380c5b8acb34ff8a55d2762aa616e6b&PayRef=7888277&Amt=500.0&Cur=978&prc=1&src=7&Ord=&Holder=ADAM BEN BRAHIM&AuthId=&TxTime=2015-08-31 19:28:09.0&errMsg=Transaction failed







2015-08-31T11:28:45Z
RequestParameter:  billNo: 18dd5d4f55e744cbb834c50093f2caea | startTime:2015-08-31 11:28:45

2015-08-31T11:28:45Z
https://www.pesopay.com/b2c2/eng/directPay/payComp.jsp?payType=N&merchantId=18139954&pMethod=VISA&lang=E&cardHolder=ADAM%20BEN%20BRAHIM&cardNo=4************675&securityCode=***&epMonth=04&epYear=2017&amount=500&currCode=978&orderRef=18dd5d4f55e744cbb834c50093f2caea&remark=

2015-08-31T11:28:48Z
ResponseParameter:  billNo: 18dd5d4f55e744cbb834c50093f2caea | endTime:2015-08-31 11:28:48

2015-08-31T11:28:48Z
successcode=1&Ref=18dd5d4f55e744cbb834c50093f2caea&PayRef=7888279&Amt=500.0&Cur=978&prc=1&src=7&Ord=&Holder=ADAM BEN BRAHIM&AuthId=&TxTime=2015-08-31 19:28:52.0&errMsg=Transaction failed







