2015-06-24T13:29:32Z
RequestParameter:  CardNumber: 495034L7U0KRTYNKDSJ2 | startTime:2015-06-24 13:29:32

2015-06-24T13:29:32Z
Array
(
    [ptok[4950340149304257]] => D
)


2015-06-24T13:29:34Z
ResponseParameter:  CardNumber: 495034L7U0KRTYNKDSJ2 | endTime:2015-06-24 13:29:34

2015-06-24T13:29:34Z
<?xml version="1.0" encoding="UTF-8"?>
<response><status>ok</status><count><success>1</success><failure>0</failure></count><errors/><result>0</result></response>


2015-06-24T13:42:34Z
RequestParameter:  CardNumber: 497043AZDZ7S2L38TUUT | startTime:2015-06-24 13:42:34

2015-06-24T13:42:34Z
Array
(
    [ptok[4970433106714265]] => D
)


2015-06-24T13:42:36Z
ResponseParameter:  CardNumber: 497043AZDZ7S2L38TUUT | endTime:2015-06-24 13:42:36

2015-06-24T13:42:36Z
<?xml version="1.0" encoding="UTF-8"?>
<response><status>ok</status><count><success>1</success><failure>0</failure></count><errors/><result>0</result></response>


