2015-08-27T12:10:57Z
RequestParameter:  billNo: bill635762741008758544 | startTime:2015-08-27 12:10:57

2015-08-27T12:10:57Z
Array
(
    [MODE] => U
    [FRMT] => XML
    [VERS] => 0630
    [MERC] => 680000
    [SESS] => bill635762741008758544
    [TRAN] => 38D3031LXH8J
    [AUTH] => D
    [MACK] => Y
)


2015-08-27T12:10:57Z
ResponseParameter:  billNo: bill635762741008758544 | endTime:2015-08-27 12:10:57

2015-08-27T12:10:57Z
<?xml version="1.0" encoding="UTF-8"?>
<RESPONSE>
  <VERS>0630</VERS>
  <MODE>U</MODE>
  <TRAN>38D3031LXH8J</TRAN>
  <MERC>680000</MERC>
  <SESS>bill635762741008758544</SESS>
  <RULES_TRIGGERED>0</RULES_TRIGGERED>
  <COUNTERS_TRIGGERED>0</COUNTERS_TRIGGERED>
  <REASON_CODE></REASON_CODE>
  <MASTERCARD></MASTERCARD>
  <WARNING_COUNT>0</WARNING_COUNT>
</RESPONSE>

2015-08-27T12:17:16Z
RequestParameter:  billNo: 825ec387cb1c487aaa6b2688df82475f | startTime:2015-08-27 12:17:16

2015-08-27T12:17:16Z
Array
(
    [MODE] => U
    [FRMT] => XML
    [VERS] => 0630
    [MERC] => 680000
    [SESS] => bb60d6b65a1845c998347319ea44be78
    [TRAN] => 38D30C5LJ20S
    [AUTH] => D
    [MACK] => Y
)


2015-08-27T12:17:17Z
ResponseParameter:  billNo: 825ec387cb1c487aaa6b2688df82475f | endTime:2015-08-27 12:17:17

2015-08-27T12:17:17Z
<?xml version="1.0" encoding="UTF-8"?>
<RESPONSE>
  <VERS>0630</VERS>
  <MODE>U</MODE>
  <TRAN>38D30C5LJ20S</TRAN>
  <MERC>680000</MERC>
  <SESS>bb60d6b65a1845c998347319ea44be78</SESS>
  <RULES_TRIGGERED>0</RULES_TRIGGERED>
  <COUNTERS_TRIGGERED>0</COUNTERS_TRIGGERED>
  <REASON_CODE></REASON_CODE>
  <MASTERCARD></MASTERCARD>
  <WARNING_COUNT>0</WARNING_COUNT>
</RESPONSE>

2015-08-27T12:18:07Z
RequestParameter:  billNo: c714bb949b074b3d9aeb5934a4ab9528 | startTime:2015-08-27 12:18:07

2015-08-27T12:18:07Z
Array
(
    [MODE] => U
    [FRMT] => XML
    [VERS] => 0630
    [MERC] => 680000
    [SESS] => 9c21bf88925448dc8f6a1f0b248c0a70
    [TRAN] => 38D30XPK7N96
    [AUTH] => D
    [MACK] => Y
)


2015-08-27T12:18:08Z
ResponseParameter:  billNo: c714bb949b074b3d9aeb5934a4ab9528 | endTime:2015-08-27 12:18:08

2015-08-27T12:18:08Z
<?xml version="1.0" encoding="UTF-8"?>
<RESPONSE>
  <VERS>0630</VERS>
  <MODE>U</MODE>
  <TRAN>38D30XPK7N96</TRAN>
  <MERC>680000</MERC>
  <SESS>9c21bf88925448dc8f6a1f0b248c0a70</SESS>
  <RULES_TRIGGERED>0</RULES_TRIGGERED>
  <COUNTERS_TRIGGERED>0</COUNTERS_TRIGGERED>
  <REASON_CODE></REASON_CODE>
  <MASTERCARD></MASTERCARD>
  <WARNING_COUNT>0</WARNING_COUNT>
</RESPONSE>

2015-08-27T15:26:14Z
RequestParameter:  billNo: gFyMn1440689168 | startTime:2015-08-27 15:26:14

2015-08-27T15:26:14Z
Array
(
    [MODE] => U
    [FRMT] => XML
    [VERS] => 0630
    [MERC] => 680000
    [SESS] => gFyMn1440689168
    [TRAN] => 38DD0PQVK34W
    [AUTH] => D
    [MACK] => Y
)


2015-08-27T15:26:14Z
ResponseParameter:  billNo: gFyMn1440689168 | endTime:2015-08-27 15:26:14

2015-08-27T15:26:14Z
<?xml version="1.0" encoding="UTF-8"?>
<RESPONSE>
  <VERS>0630</VERS>
  <MODE>U</MODE>
  <TRAN>38DD0PQVK34W</TRAN>
  <MERC>680000</MERC>
  <SESS>gFyMn1440689168</SESS>
  <RULES_TRIGGERED>0</RULES_TRIGGERED>
  <COUNTERS_TRIGGERED>0</COUNTERS_TRIGGERED>
  <REASON_CODE></REASON_CODE>
  <MASTERCARD></MASTERCARD>
  <WARNING_COUNT>0</WARNING_COUNT>
</RESPONSE>

