2015-07-05T05:13:11Z
RequestParameter:  billNo: 4384-9002_2003 | startTime:2015-07-05 05:13:11

2015-07-05T05:13:11Z
Array
(
    [MODE] => Q
    [FRMT] => XML
    [VERS] => 0630
    [MERC] => 680000
    [UDF[CUSTOMER_IPAD]] => 5.29.158.161
    [SESS] => gdl4tpmshsnuf30pf4nu62a8g5
    [ORDR] => 4384-9002_2003
    [CURR] => EUR
    [PENC] => KHASH
    [PTYP] => CARD
    [PTOK] => 458019D6WPROGHPJRDTR
    [IPAD] => 5.29.158.161
    [MACK] => Y
    [AUTH] => A
    [PROD_DESC[0]] => Binary Trade
    [PROD_TYPE[0]] => Binary Trade
    [PROD_ITEM[0]] => SKU-FXS-BinaryTrade
    [PROD_QUANT[0]] => 1
    [PROD_PRICE[0]] => 1000
    [TOTL] => 1000
    [SITE] => VERT001
    [UDF[MERCHANT_ID]] => 20001MERFXSEP1
    [NAME] => Illiam GIOMIS
    [B2A1] => 33 rue Gambetta prolongée
    [B2CC] => FR
    [B2CI] => Vence
    [B2PC] => 06140
    [B2PN] => +33615833159
    [B2ST] => NA
    [S2A1] => 
    [S2CC] => 
    [S2CI] => 
    [S2EM] => 
    [S2NM] =>  
    [S2PC] => 
    [S2PN] => 
    [S2ST] => 
    [SHTP] => 
    [CASH] => 10
    [DOB] => 1970-01-01
    [GENDER] => M
    [EMAL] => igiomis@yahoo.com
)


2015-07-05T05:13:12Z
ResponseParameter:  billNo: 4384-9002_2003 | endTime:2015-07-05 05:13:12

2015-07-05T05:13:12Z
<?xml version="1.0" encoding="UTF-8"?>
<RESPONSE>
  <VERS>0630</VERS>
  <MODE>Q</MODE>
  <TRAN>3ZNC0RHRK426</TRAN>
  <MERC>680000</MERC>
  <SESS>gdl4tpmshsnuf30pf4nu62a8g5</SESS>
  <ORDR>4384-9002_2003</ORDR>
  <AUTO>A</AUTO>
  <SCOR>48</SCOR>
  <GEOX>IL</GEOX>
  <BRND>VISA</BRND>
  <REGN>IL_02</REGN>
  <NETW>N</NETW>
  <KAPT>Y</KAPT>
  <CARDS>3</CARDS>
  <DEVICES>1</DEVICES>
  <EMAILS>1</EMAILS>
  <VELO>0</VELO>
  <VMAX>0</VMAX>
  <SITE>VERT001</SITE>
  <DEVICE_LAYERS>1E46F64B89.C9214547BE.B2DB8D0F13.C6CC5C45FA.41371D7D57</DEVICE_LAYERS>
  <FINGERPRINT>0AB3696228A648A884DE06D7CB2F7692</FINGERPRINT>
  <TIMEZONE>1260</TIMEZONE>
  <LOCALTIME>2015-07-05 08:13</LOCALTIME>
  <REGION>IL_02</REGION>
  <COUNTRY>IL</COUNTRY>
  <PROXY>N</PROXY>
  <JAVASCRIPT>Y</JAVASCRIPT>
  <FLASH>Y</FLASH>
  <COOKIES>Y</COOKIES>
  <HTTP_COUNTRY>FR</HTTP_COUNTRY>
  <LANGUAGE>FR</LANGUAGE>
  <MOBILE_DEVICE>N</MOBILE_DEVICE>
  <MOBILE_TYPE></MOBILE_TYPE>
  <MOBILE_FORWARDER>N</MOBILE_FORWARDER>
  <VOICE_DEVICE>N</VOICE_DEVICE>
  <PC_REMOTE>N</PC_REMOTE>
  <RULES_TRIGGERED>4</RULES_TRIGGERED>
  <RULE_ID_0>330718</RULE_ID_0>
  <RULE_DESCRIPTION_0>GEO Billing &lt;&gt; Device Country (1pt)</RULE_DESCRIPTION_0>
  <RULE_ID_1>330720</RULE_ID_1>
  <RULE_DESCRIPTION_1>GEO  Distance from Device to Billing &gt; 1000km (1pt)</RULE_DESCRIPTION_1>
  <RULE_ID_2>330724</RULE_ID_2>
  <RULE_DESCRIPTION_2>GEO Billing &lt;&gt; BIN Country (1pt)</RULE_DESCRIPTION_2>
  <RULE_ID_3>330730</RULE_ID_3>
  <RULE_DESCRIPTION_3>FRAUD_SCRD GEO Counter Triggered (5pts)</RULE_DESCRIPTION_3>
  <COUNTERS_TRIGGERED>2</COUNTERS_TRIGGERED>
  <COUNTER_NAME_0>GEO</COUNTER_NAME_0>
  <COUNTER_VALUE_0>3</COUNTER_VALUE_0>
  <COUNTER_NAME_1>FRAUD_SCRD</COUNTER_NAME_1>
  <COUNTER_VALUE_1>5</COUNTER_VALUE_1>
  <REASON_CODE></REASON_CODE>
  <MASTERCARD></MASTERCARD>
  <DDFS>2015-07-04</DDFS>
  <DSR>1080x1920</DSR>
  <UAS>Mozilla/5.0 (Windows NT 6.3; WOW64) AppleWebKit/537.36 (KHTML, like Gecko) Chrome/43.0.2357.130 Safari/537.36</UAS>
  <BROWSER>Chrome 43.0.2357.130</BROWSER>
  <OS>Windows 8.1</OS>
  <PIP_IPAD></PIP_IPAD>
  <PIP_LAT></PIP_LAT>
  <PIP_LON></PIP_LON>
  <PIP_COUNTRY></PIP_COUNTRY>
  <PIP_REGION></PIP_REGION>
  <PIP_CITY></PIP_CITY>
  <PIP_ORG></PIP_ORG>
  <IP_IPAD>5.29.158.161</IP_IPAD>
  <IP_LAT>32.1817</IP_LAT>
  <IP_LON>34.9358</IP_LON>
  <IP_COUNTRY>IL</IP_COUNTRY>
  <IP_REGION>HaMerkaz</IP_REGION>
  <IP_CITY>Kfar Saba</IP_CITY>
  <IP_ORG>HOTNET</IP_ORG>
  <WARNING_COUNT>0</WARNING_COUNT>
</RESPONSE>

2015-07-05T05:14:23Z
RequestParameter:  billNo: 4900-9668_2267 | startTime:2015-07-05 05:14:23

2015-07-05T05:14:23Z
Array
(
    [MODE] => Q
    [FRMT] => XML
    [VERS] => 0630
    [MERC] => 680000
    [UDF[CUSTOMER_IPAD]] => 5.29.158.161
    [SESS] => gdl4tpmshsnuf30pf4nu62a8g5
    [ORDR] => 4900-9668_2267
    [CURR] => EUR
    [PENC] => KHASH
    [PTYP] => CARD
    [PTOK] => 459440ZK97USER1019VV
    [IPAD] => 5.29.158.161
    [MACK] => Y
    [AUTH] => A
    [PROD_DESC[0]] => Binary Trade
    [PROD_TYPE[0]] => Binary Trade
    [PROD_ITEM[0]] => SKU-FXS-BinaryTrade
    [PROD_QUANT[0]] => 1
    [PROD_PRICE[0]] => 1000
    [TOTL] => 1000
    [SITE] => VERT001
    [UDF[MERCHANT_ID]] => 20001MERFXSEP1
    [NAME] => Illiam GIOMIS
    [B2A1] => 33 rue Gambetta prolongée
    [B2CC] => FR
    [B2CI] => Vence
    [B2PC] => 06140
    [B2PN] => +33615833159
    [B2ST] => NA
    [S2A1] => 
    [S2CC] => 
    [S2CI] => 
    [S2EM] => 
    [S2NM] =>  
    [S2PC] => 
    [S2PN] => 
    [S2ST] => 
    [SHTP] => 
    [CASH] => 10
    [DOB] => 1970-01-01
    [GENDER] => M
    [EMAL] => igiomis@yahoo.com
)


2015-07-05T05:14:24Z
ResponseParameter:  billNo: 4900-9668_2267 | endTime:2015-07-05 05:14:24

2015-07-05T05:14:24Z
<?xml version="1.0" encoding="UTF-8"?>
<RESPONSE>
  <VERS>0630</VERS>
  <MODE>Q</MODE>
  <TRAN>3ZNC0MJRMYH0</TRAN>
  <MERC>680000</MERC>
  <SESS>gdl4tpmshsnuf30pf4nu62a8g5</SESS>
  <ORDR>4900-9668_2267</ORDR>
  <AUTO>A</AUTO>
  <SCOR>48</SCOR>
  <GEOX>IL</GEOX>
  <BRND>VISA</BRND>
  <REGN>IL_02</REGN>
  <NETW>N</NETW>
  <KAPT>Y</KAPT>
  <CARDS>3</CARDS>
  <DEVICES>1</DEVICES>
  <EMAILS>1</EMAILS>
  <VELO>0</VELO>
  <VMAX>0</VMAX>
  <SITE>VERT001</SITE>
  <DEVICE_LAYERS>1E46F64B89.C9214547BE.B2DB8D0F13.C6CC5C45FA.41371D7D57</DEVICE_LAYERS>
  <FINGERPRINT>0AB3696228A648A884DE06D7CB2F7692</FINGERPRINT>
  <TIMEZONE>1260</TIMEZONE>
  <LOCALTIME>2015-07-05 08:14</LOCALTIME>
  <REGION>IL_02</REGION>
  <COUNTRY>IL</COUNTRY>
  <PROXY>N</PROXY>
  <JAVASCRIPT>Y</JAVASCRIPT>
  <FLASH>Y</FLASH>
  <COOKIES>Y</COOKIES>
  <HTTP_COUNTRY>FR</HTTP_COUNTRY>
  <LANGUAGE>FR</LANGUAGE>
  <MOBILE_DEVICE>N</MOBILE_DEVICE>
  <MOBILE_TYPE></MOBILE_TYPE>
  <MOBILE_FORWARDER>N</MOBILE_FORWARDER>
  <VOICE_DEVICE>N</VOICE_DEVICE>
  <PC_REMOTE>N</PC_REMOTE>
  <RULES_TRIGGERED>4</RULES_TRIGGERED>
  <RULE_ID_0>330718</RULE_ID_0>
  <RULE_DESCRIPTION_0>GEO Billing &lt;&gt; Device Country (1pt)</RULE_DESCRIPTION_0>
  <RULE_ID_1>330720</RULE_ID_1>
  <RULE_DESCRIPTION_1>GEO  Distance from Device to Billing &gt; 1000km (1pt)</RULE_DESCRIPTION_1>
  <RULE_ID_2>330724</RULE_ID_2>
  <RULE_DESCRIPTION_2>GEO Billing &lt;&gt; BIN Country (1pt)</RULE_DESCRIPTION_2>
  <RULE_ID_3>330730</RULE_ID_3>
  <RULE_DESCRIPTION_3>FRAUD_SCRD GEO Counter Triggered (5pts)</RULE_DESCRIPTION_3>
  <COUNTERS_TRIGGERED>2</COUNTERS_TRIGGERED>
  <COUNTER_NAME_0>GEO</COUNTER_NAME_0>
  <COUNTER_VALUE_0>3</COUNTER_VALUE_0>
  <COUNTER_NAME_1>FRAUD_SCRD</COUNTER_NAME_1>
  <COUNTER_VALUE_1>5</COUNTER_VALUE_1>
  <REASON_CODE></REASON_CODE>
  <MASTERCARD></MASTERCARD>
  <DDFS>2015-07-04</DDFS>
  <DSR>1080x1920</DSR>
  <UAS>Mozilla/5.0 (Windows NT 6.3; WOW64) AppleWebKit/537.36 (KHTML, like Gecko) Chrome/43.0.2357.130 Safari/537.36</UAS>
  <BROWSER>Chrome 43.0.2357.130</BROWSER>
  <OS>Windows 8.1</OS>
  <PIP_IPAD></PIP_IPAD>
  <PIP_LAT></PIP_LAT>
  <PIP_LON></PIP_LON>
  <PIP_COUNTRY></PIP_COUNTRY>
  <PIP_REGION></PIP_REGION>
  <PIP_CITY></PIP_CITY>
  <PIP_ORG></PIP_ORG>
  <IP_IPAD>5.29.158.161</IP_IPAD>
  <IP_LAT>32.1817</IP_LAT>
  <IP_LON>34.9358</IP_LON>
  <IP_COUNTRY>IL</IP_COUNTRY>
  <IP_REGION>HaMerkaz</IP_REGION>
  <IP_CITY>Kfar Saba</IP_CITY>
  <IP_ORG>HOTNET</IP_ORG>
  <WARNING_COUNT>0</WARNING_COUNT>
</RESPONSE>

2015-07-05T05:19:32Z
RequestParameter:  billNo: 7654-2298_3189 | startTime:2015-07-05 05:19:32

2015-07-05T05:19:32Z
Array
(
    [MODE] => Q
    [FRMT] => XML
    [VERS] => 0630
    [MERC] => 680000
    [UDF[CUSTOMER_IPAD]] => 5.29.158.161
    [SESS] => gdl4tpmshsnuf30pf4nu62a8g5
    [ORDR] => 7654-2298_3189
    [CURR] => EUR
    [PENC] => KHASH
    [PTYP] => CARD
    [PTOK] => 400000OP1AVWFH0WWREY
    [IPAD] => 5.29.158.161
    [MACK] => Y
    [AUTH] => A
    [PROD_DESC[0]] => Binary Trade
    [PROD_TYPE[0]] => Binary Trade
    [PROD_ITEM[0]] => SKU-FXS-BinaryTrade
    [PROD_QUANT[0]] => 1
    [PROD_PRICE[0]] => 1200
    [TOTL] => 1200
    [SITE] => VERT001
    [UDF[MERCHANT_ID]] => 20001MERFXSEP1
    [NAME] => Illiam GIOMIS
    [B2A1] => 33 rue Pastorelli
    [B2CC] => FR
    [B2CI] => London
    [B2PC] => 06140
    [B2PN] => +33615833159
    [B2ST] => NA
    [S2A1] => 
    [S2CC] => 
    [S2CI] => 
    [S2EM] => 
    [S2NM] =>  
    [S2PC] => 
    [S2PN] => 
    [S2ST] => 
    [SHTP] => 
    [CASH] => 12
    [DOB] => 1900-01-01
    [GENDER] => M
    [EMAL] => igiomis@yahoo.com
)


2015-07-05T05:19:33Z
ResponseParameter:  billNo: 7654-2298_3189 | endTime:2015-07-05 05:19:33

2015-07-05T05:19:33Z
<?xml version="1.0" encoding="UTF-8"?>
<RESPONSE>
  <VERS>0630</VERS>
  <MODE>Q</MODE>
  <TRAN>3ZNC0NL5XT7K</TRAN>
  <MERC>680000</MERC>
  <SESS>gdl4tpmshsnuf30pf4nu62a8g5</SESS>
  <ORDR>7654-2298_3189</ORDR>
  <AUTO>A</AUTO>
  <SCOR>57</SCOR>
  <GEOX>IL</GEOX>
  <BRND>VISA</BRND>
  <REGN>IL_02</REGN>
  <NETW>N</NETW>
  <KAPT>Y</KAPT>
  <CARDS>4</CARDS>
  <DEVICES>1</DEVICES>
  <EMAILS>1</EMAILS>
  <VELO>1</VELO>
  <VMAX>1</VMAX>
  <SITE>VERT001</SITE>
  <DEVICE_LAYERS>1E46F64B89.C9214547BE.B2DB8D0F13.C6CC5C45FA.41371D7D57</DEVICE_LAYERS>
  <FINGERPRINT>0AB3696228A648A884DE06D7CB2F7692</FINGERPRINT>
  <TIMEZONE>1260</TIMEZONE>
  <LOCALTIME>2015-07-05 08:19</LOCALTIME>
  <REGION>IL_02</REGION>
  <COUNTRY>IL</COUNTRY>
  <PROXY>N</PROXY>
  <JAVASCRIPT>Y</JAVASCRIPT>
  <FLASH>Y</FLASH>
  <COOKIES>Y</COOKIES>
  <HTTP_COUNTRY>FR</HTTP_COUNTRY>
  <LANGUAGE>FR</LANGUAGE>
  <MOBILE_DEVICE>N</MOBILE_DEVICE>
  <MOBILE_TYPE></MOBILE_TYPE>
  <MOBILE_FORWARDER>N</MOBILE_FORWARDER>
  <VOICE_DEVICE>N</VOICE_DEVICE>
  <PC_REMOTE>N</PC_REMOTE>
  <RULES_TRIGGERED>5</RULES_TRIGGERED>
  <RULE_ID_0>330718</RULE_ID_0>
  <RULE_DESCRIPTION_0>GEO Billing &lt;&gt; Device Country (1pt)</RULE_DESCRIPTION_0>
  <RULE_ID_1>330720</RULE_ID_1>
  <RULE_DESCRIPTION_1>GEO  Distance from Device to Billing &gt; 1000km (1pt)</RULE_DESCRIPTION_1>
  <RULE_ID_2>330722</RULE_ID_2>
  <RULE_DESCRIPTION_2>GEO BIN and Device Country not equal (1pt)</RULE_DESCRIPTION_2>
  <RULE_ID_3>330724</RULE_ID_3>
  <RULE_DESCRIPTION_3>GEO Billing &lt;&gt; BIN Country (1pt)</RULE_DESCRIPTION_3>
  <RULE_ID_4>330730</RULE_ID_4>
  <RULE_DESCRIPTION_4>FRAUD_SCRD GEO Counter Triggered (5pts)</RULE_DESCRIPTION_4>
  <COUNTERS_TRIGGERED>2</COUNTERS_TRIGGERED>
  <COUNTER_NAME_0>GEO</COUNTER_NAME_0>
  <COUNTER_VALUE_0>4</COUNTER_VALUE_0>
  <COUNTER_NAME_1>FRAUD_SCRD</COUNTER_NAME_1>
  <COUNTER_VALUE_1>5</COUNTER_VALUE_1>
  <REASON_CODE></REASON_CODE>
  <MASTERCARD></MASTERCARD>
  <DDFS>2015-07-04</DDFS>
  <DSR>1080x1920</DSR>
  <UAS>Mozilla/5.0 (Windows NT 6.3; WOW64) AppleWebKit/537.36 (KHTML, like Gecko) Chrome/43.0.2357.130 Safari/537.36</UAS>
  <BROWSER>Chrome 43.0.2357.130</BROWSER>
  <OS>Windows 8.1</OS>
  <PIP_IPAD></PIP_IPAD>
  <PIP_LAT></PIP_LAT>
  <PIP_LON></PIP_LON>
  <PIP_COUNTRY></PIP_COUNTRY>
  <PIP_REGION></PIP_REGION>
  <PIP_CITY></PIP_CITY>
  <PIP_ORG></PIP_ORG>
  <IP_IPAD>5.29.158.161</IP_IPAD>
  <IP_LAT>32.1817</IP_LAT>
  <IP_LON>34.9358</IP_LON>
  <IP_COUNTRY>IL</IP_COUNTRY>
  <IP_REGION>HaMerkaz</IP_REGION>
  <IP_CITY>Kfar Saba</IP_CITY>
  <IP_ORG>HOTNET</IP_ORG>
  <WARNING_COUNT>0</WARNING_COUNT>
</RESPONSE>

2015-07-05T05:30:23Z
RequestParameter:  billNo: 5379-3509_4735 | startTime:2015-07-05 05:30:23

2015-07-05T05:30:23Z
Array
(
    [MODE] => Q
    [FRMT] => XML
    [VERS] => 0630
    [MERC] => 680000
    [UDF[CUSTOMER_IPAD]] => 5.29.158.161
    [SESS] => gdl4tpmshsnuf30pf4nu62a8g5
    [ORDR] => 5379-3509_4735
    [CURR] => EUR
    [PENC] => KHASH
    [PTYP] => CARD
    [PTOK] => 400000VNGQTN4LZWZPUE
    [IPAD] => 5.29.158.161
    [MACK] => Y
    [AUTH] => A
    [PROD_DESC[0]] => Binary Trade
    [PROD_TYPE[0]] => Binary Trade
    [PROD_ITEM[0]] => SKU-FXS-BinaryTrade
    [PROD_QUANT[0]] => 1
    [PROD_PRICE[0]] => 1200
    [TOTL] => 1200
    [SITE] => VERT001
    [UDF[MERCHANT_ID]] => 20001MERFXSEP1
    [NAME] => Illiam GIOMIS
    [B2A1] => 33 rue Gambetta prolongée
    [B2CC] => FR
    [B2CI] => Vence
    [B2PC] => 06140
    [B2PN] => +33615833159
    [B2ST] => NA
    [S2A1] => 
    [S2CC] => 
    [S2CI] => 
    [S2EM] => 
    [S2NM] =>  
    [S2PC] => 
    [S2PN] => 
    [S2ST] => 
    [SHTP] => 
    [CASH] => 12
    [DOB] => 1900-01-01
    [GENDER] => M
    [EMAL] => igiomis@yahoo.com
)


2015-07-05T05:30:30Z
ResponseParameter:  billNo: 5379-3509_4735 | endTime:2015-07-05 05:30:30

2015-07-05T05:30:30Z
<?xml version="1.0" encoding="UTF-8"?>
<RESPONSE>
  <VERS>0630</VERS>
  <MODE>Q</MODE>
  <TRAN>3ZNC0TS6BQH6</TRAN>
  <MERC>680000</MERC>
  <SESS>gdl4tpmshsnuf30pf4nu62a8g5</SESS>
  <ORDR>5379-3509_4735</ORDR>
  <AUTO>A</AUTO>
  <SCOR>57</SCOR>
  <GEOX>IL</GEOX>
  <BRND>VISA</BRND>
  <REGN>IL_02</REGN>
  <NETW>N</NETW>
  <KAPT>Y</KAPT>
  <CARDS>4</CARDS>
  <DEVICES>1</DEVICES>
  <EMAILS>1</EMAILS>
  <VELO>1</VELO>
  <VMAX>1</VMAX>
  <SITE>VERT001</SITE>
  <DEVICE_LAYERS>1E46F64B89.C9214547BE.B2DB8D0F13.C6CC5C45FA.41371D7D57</DEVICE_LAYERS>
  <FINGERPRINT>0AB3696228A648A884DE06D7CB2F7692</FINGERPRINT>
  <TIMEZONE>1260</TIMEZONE>
  <LOCALTIME>2015-07-05 08:30</LOCALTIME>
  <REGION>IL_02</REGION>
  <COUNTRY>IL</COUNTRY>
  <PROXY>N</PROXY>
  <JAVASCRIPT>Y</JAVASCRIPT>
  <FLASH>Y</FLASH>
  <COOKIES>Y</COOKIES>
  <HTTP_COUNTRY>FR</HTTP_COUNTRY>
  <LANGUAGE>FR</LANGUAGE>
  <MOBILE_DEVICE>N</MOBILE_DEVICE>
  <MOBILE_TYPE></MOBILE_TYPE>
  <MOBILE_FORWARDER>N</MOBILE_FORWARDER>
  <VOICE_DEVICE>N</VOICE_DEVICE>
  <PC_REMOTE>N</PC_REMOTE>
  <RULES_TRIGGERED>5</RULES_TRIGGERED>
  <RULE_ID_0>330718</RULE_ID_0>
  <RULE_DESCRIPTION_0>GEO Billing &lt;&gt; Device Country (1pt)</RULE_DESCRIPTION_0>
  <RULE_ID_1>330720</RULE_ID_1>
  <RULE_DESCRIPTION_1>GEO  Distance from Device to Billing &gt; 1000km (1pt)</RULE_DESCRIPTION_1>
  <RULE_ID_2>330722</RULE_ID_2>
  <RULE_DESCRIPTION_2>GEO BIN and Device Country not equal (1pt)</RULE_DESCRIPTION_2>
  <RULE_ID_3>330724</RULE_ID_3>
  <RULE_DESCRIPTION_3>GEO Billing &lt;&gt; BIN Country (1pt)</RULE_DESCRIPTION_3>
  <RULE_ID_4>330730</RULE_ID_4>
  <RULE_DESCRIPTION_4>FRAUD_SCRD GEO Counter Triggered (5pts)</RULE_DESCRIPTION_4>
  <COUNTERS_TRIGGERED>2</COUNTERS_TRIGGERED>
  <COUNTER_NAME_0>GEO</COUNTER_NAME_0>
  <COUNTER_VALUE_0>4</COUNTER_VALUE_0>
  <COUNTER_NAME_1>FRAUD_SCRD</COUNTER_NAME_1>
  <COUNTER_VALUE_1>5</COUNTER_VALUE_1>
  <REASON_CODE></REASON_CODE>
  <MASTERCARD></MASTERCARD>
  <DDFS>2015-07-04</DDFS>
  <DSR>1080x1920</DSR>
  <UAS>Mozilla/5.0 (Windows NT 6.3; WOW64) AppleWebKit/537.36 (KHTML, like Gecko) Chrome/43.0.2357.130 Safari/537.36</UAS>
  <BROWSER>Chrome 43.0.2357.130</BROWSER>
  <OS>Windows 8.1</OS>
  <PIP_IPAD></PIP_IPAD>
  <PIP_LAT></PIP_LAT>
  <PIP_LON></PIP_LON>
  <PIP_COUNTRY></PIP_COUNTRY>
  <PIP_REGION></PIP_REGION>
  <PIP_CITY></PIP_CITY>
  <PIP_ORG></PIP_ORG>
  <IP_IPAD>5.29.158.161</IP_IPAD>
  <IP_LAT>32.1817</IP_LAT>
  <IP_LON>34.9358</IP_LON>
  <IP_COUNTRY>IL</IP_COUNTRY>
  <IP_REGION>HaMerkaz</IP_REGION>
  <IP_CITY>Kfar Saba</IP_CITY>
  <IP_ORG>HOTNET</IP_ORG>
  <WARNING_COUNT>0</WARNING_COUNT>
</RESPONSE>

2015-07-05T08:16:48Z
RequestParameter:  billNo: rpYtE1436084207 | startTime:2015-07-05 08:16:48

2015-07-05T08:16:48Z
Array
(
    [MODE] => P
    [FRMT] => XML
    [VERS] => 0630
    [MERC] => 680000
    [UDF[CUSTOMER_IPAD]] => 63.217.170.10
    [SESS] => rpYtE1436084207
    [ORDR] => rpYtE1436084207
    [CURR] => USD
    [PENC] => KHASH
    [PTYP] => CARD
    [PTOK] => 454684YE4U43LV2J3YTK
    [IPAD] => 10.0.0.1
    [MACK] => Y
    [AUTH] => A
    [PROD_DESC[0]] => Binary Options Investments account 66256
    [PROD_TYPE[0]] => Binary Options Investments 
    [PROD_ITEM[0]] => 66256
    [PROD_QUANT[0]] => 1
    [PROD_PRICE[0]] => 200000
    [TOTL] => 200000
    [SITE] => VERT001
    [UDF[MERCHANT_ID]] => 20001MERICOPTN
    [NAME] => Eyad  qaste
    [B2A1] => Makka 
    [B2CC] => SA
    [B2CI] => Makka 
    [B2PC] => 7854
    [B2PN] => 966506372025
    [B2ST] => Saudi Arabia 
    [S2A1] => 
    [S2CC] => 
    [S2CI] => 
    [S2EM] => 
    [S2NM] =>  
    [S2PC] => 
    [S2PN] => 
    [S2ST] => 
    [SHTP] => 
    [CASH] => 2000
    [DOB] => 1970-02-10
    [GENDER] => M
    [EMAL] => emtgosty@hotmail.com
    [ANID] => 966506372025
)


2015-07-05T08:16:49Z
ResponseParameter:  billNo: rpYtE1436084207 | endTime:2015-07-05 08:16:49

2015-07-05T08:16:49Z
<?xml version="1.0" encoding="UTF-8"?>
<RESPONSE>
  <VERS>0630</VERS>
  <MODE>P</MODE>
  <TRAN>3ZN606V6WC1Y</TRAN>
  <MERC>680000</MERC>
  <SESS>rpYtE1436084207</SESS>
  <ORDR>rpYtE1436084207</ORDR>
  <AUTO>A</AUTO>
  <SCOR>19</SCOR>
  <GEOX>US</GEOX>
  <BRND>VISA</BRND>
  <REGN></REGN>
  <NETW>N</NETW>
  <KAPT>N</KAPT>
  <CARDS>1</CARDS>
  <DEVICES>1</DEVICES>
  <EMAILS>1</EMAILS>
  <VELO>0</VELO>
  <VMAX>0</VMAX>
  <RULES_TRIGGERED>0</RULES_TRIGGERED>
  <COUNTERS_TRIGGERED>0</COUNTERS_TRIGGERED>
  <REASON_CODE></REASON_CODE>
  <MASTERCARD></MASTERCARD>
  <DDFS></DDFS>
  <DSR></DSR>
  <UAS></UAS>
  <BROWSER></BROWSER>
  <OS></OS>
  <PIP_IPAD></PIP_IPAD>
  <PIP_LAT></PIP_LAT>
  <PIP_LON></PIP_LON>
  <PIP_COUNTRY></PIP_COUNTRY>
  <PIP_REGION></PIP_REGION>
  <PIP_CITY></PIP_CITY>
  <PIP_ORG></PIP_ORG>
  <IP_IPAD></IP_IPAD>
  <IP_LAT></IP_LAT>
  <IP_LON></IP_LON>
  <IP_COUNTRY></IP_COUNTRY>
  <IP_REGION></IP_REGION>
  <IP_CITY></IP_CITY>
  <IP_ORG></IP_ORG>
  <WARNING_COUNT>0</WARNING_COUNT>
</RESPONSE>

2015-07-05T08:17:33Z
RequestParameter:  billNo: Pk3N21436084253 | startTime:2015-07-05 08:17:33

2015-07-05T08:17:33Z
Array
(
    [MODE] => P
    [FRMT] => XML
    [VERS] => 0630
    [MERC] => 680000
    [UDF[CUSTOMER_IPAD]] => 63.217.170.10
    [SESS] => Pk3N21436084253
    [ORDR] => Pk3N21436084253
    [CURR] => USD
    [PENC] => KHASH
    [PTYP] => CARD
    [PTOK] => 454684YE4U43LV2J3YTK
    [IPAD] => 10.0.0.1
    [MACK] => Y
    [AUTH] => A
    [PROD_DESC[0]] => Binary Options Investments account 66256
    [PROD_TYPE[0]] => Binary Options Investments 
    [PROD_ITEM[0]] => 66256
    [PROD_QUANT[0]] => 1
    [PROD_PRICE[0]] => 200000
    [TOTL] => 200000
    [SITE] => VERT001
    [UDF[MERCHANT_ID]] => 20001MERICOPTN
    [NAME] => Eyad  qaste
    [B2A1] => Makka 
    [B2CC] => SA
    [B2CI] => Makka 
    [B2PC] => 7854
    [B2PN] => 966506372025
    [B2ST] => Saudi Arabia 
    [S2A1] => 
    [S2CC] => 
    [S2CI] => 
    [S2EM] => 
    [S2NM] =>  
    [S2PC] => 
    [S2PN] => 
    [S2ST] => 
    [SHTP] => 
    [CASH] => 2000
    [DOB] => 1970-02-10
    [GENDER] => M
    [EMAL] => emtgosty@hotmail.com
    [ANID] => 966506372025
)


2015-07-05T08:17:35Z
ResponseParameter:  billNo: Pk3N21436084253 | endTime:2015-07-05 08:17:35

2015-07-05T08:17:35Z
<?xml version="1.0" encoding="UTF-8"?>
<RESPONSE>
  <VERS>0630</VERS>
  <MODE>P</MODE>
  <TRAN>3ZN60LJDB583</TRAN>
  <MERC>680000</MERC>
  <SESS>Pk3N21436084253</SESS>
  <ORDR>Pk3N21436084253</ORDR>
  <AUTO>A</AUTO>
  <SCOR>19</SCOR>
  <GEOX>US</GEOX>
  <BRND>VISA</BRND>
  <REGN></REGN>
  <NETW>N</NETW>
  <KAPT>N</KAPT>
  <CARDS>1</CARDS>
  <DEVICES>1</DEVICES>
  <EMAILS>1</EMAILS>
  <VELO>0</VELO>
  <VMAX>0</VMAX>
  <RULES_TRIGGERED>0</RULES_TRIGGERED>
  <COUNTERS_TRIGGERED>0</COUNTERS_TRIGGERED>
  <REASON_CODE></REASON_CODE>
  <MASTERCARD></MASTERCARD>
  <DDFS></DDFS>
  <DSR></DSR>
  <UAS></UAS>
  <BROWSER></BROWSER>
  <OS></OS>
  <PIP_IPAD></PIP_IPAD>
  <PIP_LAT></PIP_LAT>
  <PIP_LON></PIP_LON>
  <PIP_COUNTRY></PIP_COUNTRY>
  <PIP_REGION></PIP_REGION>
  <PIP_CITY></PIP_CITY>
  <PIP_ORG></PIP_ORG>
  <IP_IPAD></IP_IPAD>
  <IP_LAT></IP_LAT>
  <IP_LON></IP_LON>
  <IP_COUNTRY></IP_COUNTRY>
  <IP_REGION></IP_REGION>
  <IP_CITY></IP_CITY>
  <IP_ORG></IP_ORG>
  <WARNING_COUNT>0</WARNING_COUNT>
</RESPONSE>

2015-07-05T11:57:37Z
RequestParameter:  billNo: G405i1436097457 | startTime:2015-07-05 11:57:37

2015-07-05T11:57:37Z
Array
(
    [MODE] => P
    [FRMT] => XML
    [VERS] => 0630
    [MERC] => 680000
    [UDF[CUSTOMER_IPAD]] => 63.217.170.10
    [SESS] => G405i1436097457
    [ORDR] => G405i1436097457
    [CURR] => USD
    [PENC] => KHASH
    [PTYP] => CARD
    [PTOK] => 464426IL0L1LQYQ6NLUM
    [IPAD] => 10.0.0.1
    [MACK] => Y
    [AUTH] => A
    [PROD_DESC[0]] => Investments ATL 519630
    [PROD_TYPE[0]] => Investments ATL 519630
    [PROD_ITEM[0]] => 519630
    [PROD_QUANT[0]] => 1
    [PROD_PRICE[0]] => 25000
    [TOTL] => 25000
    [SITE] => VERT001
    [UDF[MERCHANT_ID]] => 20001MERICOPTN
    [NAME] => Aboud  Elshehi
    [B2A1] => Oman
    [B2CC] => OM
    [B2CI] => Muscat
    [B2PC] => 8545
    [B2PN] => 96891139339
    [B2ST] => Oman
    [S2A1] => 
    [S2CC] => 
    [S2CI] => 
    [S2EM] => 
    [S2NM] =>  
    [S2PC] => 
    [S2PN] => 
    [S2ST] => 
    [SHTP] => 
    [CASH] => 250
    [DOB] => 1977-03-15
    [GENDER] => M
    [EMAL] => Aboo156@gmail.com
    [ANID] => 96891139339
)


2015-07-05T11:57:38Z
ResponseParameter:  billNo: G405i1436097457 | endTime:2015-07-05 11:57:38

2015-07-05T11:57:38Z
<?xml version="1.0" encoding="UTF-8"?>
<RESPONSE>
  <VERS>0630</VERS>
  <MODE>P</MODE>
  <TRAN>3ZNP0CMXM4B1</TRAN>
  <MERC>680000</MERC>
  <SESS>G405i1436097457</SESS>
  <ORDR>G405i1436097457</ORDR>
  <AUTO>A</AUTO>
  <SCOR>29</SCOR>
  <GEOX>US</GEOX>
  <BRND>VISA</BRND>
  <REGN></REGN>
  <NETW>N</NETW>
  <KAPT>N</KAPT>
  <CARDS>1</CARDS>
  <DEVICES>1</DEVICES>
  <EMAILS>1</EMAILS>
  <VELO>0</VELO>
  <VMAX>0</VMAX>
  <RULES_TRIGGERED>0</RULES_TRIGGERED>
  <COUNTERS_TRIGGERED>0</COUNTERS_TRIGGERED>
  <REASON_CODE></REASON_CODE>
  <MASTERCARD></MASTERCARD>
  <DDFS></DDFS>
  <DSR></DSR>
  <UAS></UAS>
  <BROWSER></BROWSER>
  <OS></OS>
  <PIP_IPAD></PIP_IPAD>
  <PIP_LAT></PIP_LAT>
  <PIP_LON></PIP_LON>
  <PIP_COUNTRY></PIP_COUNTRY>
  <PIP_REGION></PIP_REGION>
  <PIP_CITY></PIP_CITY>
  <PIP_ORG></PIP_ORG>
  <IP_IPAD></IP_IPAD>
  <IP_LAT></IP_LAT>
  <IP_LON></IP_LON>
  <IP_COUNTRY></IP_COUNTRY>
  <IP_REGION></IP_REGION>
  <IP_CITY></IP_CITY>
  <IP_ORG></IP_ORG>
  <WARNING_COUNT>0</WARNING_COUNT>
</RESPONSE>

2015-07-05T12:00:16Z
RequestParameter:  billNo: PV9t51436097615 | startTime:2015-07-05 12:00:16

2015-07-05T12:00:16Z
Array
(
    [MODE] => P
    [FRMT] => XML
    [VERS] => 0630
    [MERC] => 680000
    [UDF[CUSTOMER_IPAD]] => 63.217.170.10
    [SESS] => PV9t51436097615
    [ORDR] => PV9t51436097615
    [CURR] => USD
    [PENC] => KHASH
    [PTYP] => CARD
    [PTOK] => 422912JEQ0FTX1C5K3QF
    [IPAD] => 10.0.0.1
    [MACK] => Y
    [AUTH] => A
    [PROD_DESC[0]] => Investments ATL 523959
    [PROD_TYPE[0]] => Investments ATL 523959
    [PROD_ITEM[0]] => 523959
    [PROD_QUANT[0]] => 1
    [PROD_PRICE[0]] => 10000
    [TOTL] => 10000
    [SITE] => VERT001
    [UDF[MERCHANT_ID]] => 20001MERICOPTN
    [NAME] => Mohamed  al mana
    [B2A1] => Oman
    [B2CC] => OM
    [B2CI] => Muscat
    [B2PC] => 354884
    [B2PN] => 96892553117
    [B2ST] => Oman
    [S2A1] => 
    [S2CC] => 
    [S2CI] => 
    [S2EM] => 
    [S2NM] =>  
    [S2PC] => 
    [S2PN] => 
    [S2ST] => 
    [SHTP] => 
    [CASH] => 100
    [DOB] => 1973-04-17
    [GENDER] => M
    [EMAL] => aalmanaa_1@hotmail.com
    [ANID] => 96892553117
)


2015-07-05T12:00:17Z
ResponseParameter:  billNo: PV9t51436097615 | endTime:2015-07-05 12:00:17

2015-07-05T12:00:17Z
<?xml version="1.0" encoding="UTF-8"?>
<RESPONSE>
  <VERS>0630</VERS>
  <MODE>P</MODE>
  <TRAN>3ZN708952BHN</TRAN>
  <MERC>680000</MERC>
  <SESS>PV9t51436097615</SESS>
  <ORDR>PV9t51436097615</ORDR>
  <AUTO>A</AUTO>
  <SCOR>24</SCOR>
  <GEOX>US</GEOX>
  <BRND>VISA</BRND>
  <REGN></REGN>
  <NETW>N</NETW>
  <KAPT>N</KAPT>
  <CARDS>1</CARDS>
  <DEVICES>1</DEVICES>
  <EMAILS>1</EMAILS>
  <VELO>0</VELO>
  <VMAX>0</VMAX>
  <RULES_TRIGGERED>2</RULES_TRIGGERED>
  <RULE_ID_0>330724</RULE_ID_0>
  <RULE_DESCRIPTION_0>GEO Billing &lt;&gt; BIN Country (1pt)</RULE_DESCRIPTION_0>
  <RULE_ID_1>330730</RULE_ID_1>
  <RULE_DESCRIPTION_1>FRAUD_SCRD GEO Counter Triggered (5pts)</RULE_DESCRIPTION_1>
  <COUNTERS_TRIGGERED>2</COUNTERS_TRIGGERED>
  <COUNTER_NAME_0>GEO</COUNTER_NAME_0>
  <COUNTER_VALUE_0>1</COUNTER_VALUE_0>
  <COUNTER_NAME_1>FRAUD_SCRD</COUNTER_NAME_1>
  <COUNTER_VALUE_1>5</COUNTER_VALUE_1>
  <REASON_CODE></REASON_CODE>
  <MASTERCARD></MASTERCARD>
  <DDFS></DDFS>
  <DSR></DSR>
  <UAS></UAS>
  <BROWSER></BROWSER>
  <OS></OS>
  <PIP_IPAD></PIP_IPAD>
  <PIP_LAT></PIP_LAT>
  <PIP_LON></PIP_LON>
  <PIP_COUNTRY></PIP_COUNTRY>
  <PIP_REGION></PIP_REGION>
  <PIP_CITY></PIP_CITY>
  <PIP_ORG></PIP_ORG>
  <IP_IPAD></IP_IPAD>
  <IP_LAT></IP_LAT>
  <IP_LON></IP_LON>
  <IP_COUNTRY></IP_COUNTRY>
  <IP_REGION></IP_REGION>
  <IP_CITY></IP_CITY>
  <IP_ORG></IP_ORG>
  <WARNING_COUNT>0</WARNING_COUNT>
</RESPONSE>

2015-07-05T12:03:06Z
RequestParameter:  billNo: r43bE1436097786 | startTime:2015-07-05 12:03:06

2015-07-05T12:03:06Z
Array
(
    [MODE] => P
    [FRMT] => XML
    [VERS] => 0630
    [MERC] => 680000
    [UDF[CUSTOMER_IPAD]] => 63.217.170.10
    [SESS] => r43bE1436097786
    [ORDR] => r43bE1436097786
    [CURR] => USD
    [PENC] => KHASH
    [PTYP] => CARD
    [PTOK] => 490955UT28Q69ZCH2UGZ
    [IPAD] => 10.0.0.1
    [MACK] => Y
    [AUTH] => A
    [PROD_DESC[0]] => Investments ATL 523963
    [PROD_TYPE[0]] => Investments ATL 523963
    [PROD_ITEM[0]] => 523963
    [PROD_QUANT[0]] => 1
    [PROD_PRICE[0]] => 10000
    [TOTL] => 10000
    [SITE] => VERT001
    [UDF[MERCHANT_ID]] => 20001MERICOPTN
    [NAME] => Leyla  Raphael
    [B2A1] => Beirut
    [B2CC] => LB
    [B2CI] => Beirut
    [B2PC] => 735154
    [B2PN] => 96170135980
    [B2ST] => Lebanon
    [S2A1] => 
    [S2CC] => 
    [S2CI] => 
    [S2EM] => 
    [S2NM] =>  
    [S2PC] => 
    [S2PN] => 
    [S2ST] => 
    [SHTP] => 
    [CASH] => 100
    [DOB] => 1982-08-18
    [GENDER] => F
    [EMAL] => leyraphlb@gmail.com
    [ANID] => 96170135980
)


2015-07-05T12:03:07Z
ResponseParameter:  billNo: r43bE1436097786 | endTime:2015-07-05 12:03:07

2015-07-05T12:03:07Z
<?xml version="1.0" encoding="UTF-8"?>
<RESPONSE>
  <VERS>0630</VERS>
  <MODE>P</MODE>
  <TRAN>3ZN70SKRS606</TRAN>
  <MERC>680000</MERC>
  <SESS>r43bE1436097786</SESS>
  <ORDR>r43bE1436097786</ORDR>
  <AUTO>A</AUTO>
  <SCOR>29</SCOR>
  <GEOX>US</GEOX>
  <BRND>VISA</BRND>
  <REGN></REGN>
  <NETW>N</NETW>
  <KAPT>N</KAPT>
  <CARDS>1</CARDS>
  <DEVICES>1</DEVICES>
  <EMAILS>1</EMAILS>
  <VELO>0</VELO>
  <VMAX>0</VMAX>
  <RULES_TRIGGERED>0</RULES_TRIGGERED>
  <COUNTERS_TRIGGERED>0</COUNTERS_TRIGGERED>
  <REASON_CODE></REASON_CODE>
  <MASTERCARD></MASTERCARD>
  <DDFS></DDFS>
  <DSR></DSR>
  <UAS></UAS>
  <BROWSER></BROWSER>
  <OS></OS>
  <PIP_IPAD></PIP_IPAD>
  <PIP_LAT></PIP_LAT>
  <PIP_LON></PIP_LON>
  <PIP_COUNTRY></PIP_COUNTRY>
  <PIP_REGION></PIP_REGION>
  <PIP_CITY></PIP_CITY>
  <PIP_ORG></PIP_ORG>
  <IP_IPAD></IP_IPAD>
  <IP_LAT></IP_LAT>
  <IP_LON></IP_LON>
  <IP_COUNTRY></IP_COUNTRY>
  <IP_REGION></IP_REGION>
  <IP_CITY></IP_CITY>
  <IP_ORG></IP_ORG>
  <WARNING_COUNT>0</WARNING_COUNT>
</RESPONSE>

2015-07-05T12:09:56Z
RequestParameter:  billNo: iBF8N1436098196 | startTime:2015-07-05 12:09:56

2015-07-05T12:09:56Z
Array
(
    [MODE] => P
    [FRMT] => XML
    [VERS] => 0630
    [MERC] => 680000
    [UDF[CUSTOMER_IPAD]] => 63.217.170.10
    [SESS] => iBF8N1436098196
    [ORDR] => iBF8N1436098196
    [CURR] => USD
    [PENC] => KHASH
    [PTYP] => CARD
    [PTOK] => 466516KF2W0BRG0IWJTN
    [IPAD] => 10.0.0.1
    [MACK] => Y
    [AUTH] => A
    [PROD_DESC[0]] => Investments IC66209
    [PROD_TYPE[0]] => Investments IC66209
    [PROD_ITEM[0]] => 66209
    [PROD_QUANT[0]] => 1
    [PROD_PRICE[0]] => 25000
    [TOTL] => 25000
    [SITE] => VERT001
    [UDF[MERCHANT_ID]] => 20001MERICOPTN
    [NAME] => Leyla  Raphael
    [B2A1] => baha banr
    [B2CC] => BH
    [B2CI] => baha
    [B2PC] => 12525
    [B2PN] => 97336007593
    [B2ST] => Bahrain
    [S2A1] => 
    [S2CC] => 
    [S2CI] => 
    [S2EM] => 
    [S2NM] =>  
    [S2PC] => 
    [S2PN] => 
    [S2ST] => 
    [SHTP] => 
    [CASH] => 250
    [DOB] => 1980-12-30
    [GENDER] => F
    [EMAL] => safwan.obed@yahoo.com
    [ANID] => 97336007593
)


2015-07-05T12:09:57Z
ResponseParameter:  billNo: iBF8N1436098196 | endTime:2015-07-05 12:09:57

2015-07-05T12:09:57Z
<?xml version="1.0" encoding="UTF-8"?>
<RESPONSE>
  <VERS>0630</VERS>
  <MODE>P</MODE>
  <TRAN>3ZN70LPKK60L</TRAN>
  <MERC>680000</MERC>
  <SESS>iBF8N1436098196</SESS>
  <ORDR>iBF8N1436098196</ORDR>
  <AUTO>A</AUTO>
  <SCOR>29</SCOR>
  <GEOX>US</GEOX>
  <BRND>VISA</BRND>
  <REGN></REGN>
  <NETW>N</NETW>
  <KAPT>N</KAPT>
  <CARDS>1</CARDS>
  <DEVICES>1</DEVICES>
  <EMAILS>1</EMAILS>
  <VELO>0</VELO>
  <VMAX>0</VMAX>
  <RULES_TRIGGERED>0</RULES_TRIGGERED>
  <COUNTERS_TRIGGERED>0</COUNTERS_TRIGGERED>
  <REASON_CODE></REASON_CODE>
  <MASTERCARD></MASTERCARD>
  <DDFS></DDFS>
  <DSR></DSR>
  <UAS></UAS>
  <BROWSER></BROWSER>
  <OS></OS>
  <PIP_IPAD></PIP_IPAD>
  <PIP_LAT></PIP_LAT>
  <PIP_LON></PIP_LON>
  <PIP_COUNTRY></PIP_COUNTRY>
  <PIP_REGION></PIP_REGION>
  <PIP_CITY></PIP_CITY>
  <PIP_ORG></PIP_ORG>
  <IP_IPAD></IP_IPAD>
  <IP_LAT></IP_LAT>
  <IP_LON></IP_LON>
  <IP_COUNTRY></IP_COUNTRY>
  <IP_REGION></IP_REGION>
  <IP_CITY></IP_CITY>
  <IP_ORG></IP_ORG>
  <WARNING_COUNT>0</WARNING_COUNT>
</RESPONSE>

2015-07-05T12:17:23Z
RequestParameter:  billNo: 7NOS21436098643 | startTime:2015-07-05 12:17:23

2015-07-05T12:17:23Z
Array
(
    [MODE] => P
    [FRMT] => XML
    [VERS] => 0630
    [MERC] => 680000
    [UDF[CUSTOMER_IPAD]] => 63.217.170.10
    [SESS] => 7NOS21436098643
    [ORDR] => 7NOS21436098643
    [CURR] => USD
    [PENC] => KHASH
    [PTYP] => CARD
    [PTOK] => 490907ADEAQHW2WPQDDS
    [IPAD] => 10.0.0.1
    [MACK] => Y
    [AUTH] => A
    [PROD_DESC[0]] => Investments ATL 523966
    [PROD_TYPE[0]] => Investments ATL 523966
    [PROD_ITEM[0]] => 523966
    [PROD_QUANT[0]] => 1
    [PROD_PRICE[0]] => 25000
    [TOTL] => 25000
    [SITE] => VERT001
    [UDF[MERCHANT_ID]] => 20001MERICOPTN
    [NAME] => Mahmoud  shatat
    [B2A1] => aman 
    [B2CC] => JO
    [B2CI] => aman
    [B2PC] => 75415
    [B2PN] => 0096896963562
    [B2ST] => aman
    [S2A1] => 
    [S2CC] => 
    [S2CI] => 
    [S2EM] => 
    [S2NM] =>  
    [S2PC] => 
    [S2PN] => 
    [S2ST] => 
    [SHTP] => 
    [CASH] => 250
    [DOB] => 1984-01-03
    [GENDER] => M
    [EMAL] => mamoodshatat@hotmail.com
    [ANID] => 0096896963562
)


2015-07-05T12:17:24Z
ResponseParameter:  billNo: 7NOS21436098643 | endTime:2015-07-05 12:17:24

2015-07-05T12:17:24Z
<?xml version="1.0" encoding="UTF-8"?>
<RESPONSE>
  <VERS>0630</VERS>
  <MODE>P</MODE>
  <TRAN>3ZN70TQ6N7K7</TRAN>
  <MERC>680000</MERC>
  <SESS>7NOS21436098643</SESS>
  <ORDR>7NOS21436098643</ORDR>
  <AUTO>A</AUTO>
  <SCOR>29</SCOR>
  <GEOX>US</GEOX>
  <BRND>VISA</BRND>
  <REGN></REGN>
  <NETW>N</NETW>
  <KAPT>N</KAPT>
  <CARDS>1</CARDS>
  <DEVICES>1</DEVICES>
  <EMAILS>1</EMAILS>
  <VELO>0</VELO>
  <VMAX>0</VMAX>
  <RULES_TRIGGERED>2</RULES_TRIGGERED>
  <RULE_ID_0>330724</RULE_ID_0>
  <RULE_DESCRIPTION_0>GEO Billing &lt;&gt; BIN Country (1pt)</RULE_DESCRIPTION_0>
  <RULE_ID_1>330730</RULE_ID_1>
  <RULE_DESCRIPTION_1>FRAUD_SCRD GEO Counter Triggered (5pts)</RULE_DESCRIPTION_1>
  <COUNTERS_TRIGGERED>2</COUNTERS_TRIGGERED>
  <COUNTER_NAME_0>GEO</COUNTER_NAME_0>
  <COUNTER_VALUE_0>1</COUNTER_VALUE_0>
  <COUNTER_NAME_1>FRAUD_SCRD</COUNTER_NAME_1>
  <COUNTER_VALUE_1>5</COUNTER_VALUE_1>
  <REASON_CODE></REASON_CODE>
  <MASTERCARD></MASTERCARD>
  <DDFS></DDFS>
  <DSR></DSR>
  <UAS></UAS>
  <BROWSER></BROWSER>
  <OS></OS>
  <PIP_IPAD></PIP_IPAD>
  <PIP_LAT></PIP_LAT>
  <PIP_LON></PIP_LON>
  <PIP_COUNTRY></PIP_COUNTRY>
  <PIP_REGION></PIP_REGION>
  <PIP_CITY></PIP_CITY>
  <PIP_ORG></PIP_ORG>
  <IP_IPAD></IP_IPAD>
  <IP_LAT></IP_LAT>
  <IP_LON></IP_LON>
  <IP_COUNTRY></IP_COUNTRY>
  <IP_REGION></IP_REGION>
  <IP_CITY></IP_CITY>
  <IP_ORG></IP_ORG>
  <WARNING_COUNT>0</WARNING_COUNT>
</RESPONSE>

2015-07-05T14:47:47Z
RequestParameter:  billNo: oH7fG1436107666 | startTime:2015-07-05 14:47:47

2015-07-05T14:47:47Z
Array
(
    [MODE] => P
    [FRMT] => XML
    [VERS] => 0630
    [MERC] => 680000
    [UDF[CUSTOMER_IPAD]] => 63.217.170.10
    [SESS] => oH7fG1436107666
    [ORDR] => oH7fG1436107666
    [CURR] => USD
    [PENC] => KHASH
    [PTYP] => CARD
    [PTOK] => 450824RCMVAZL0E0Y4M1
    [IPAD] => 10.0.0.1
    [MACK] => Y
    [AUTH] => A
    [PROD_DESC[0]] => 66219 Investments IC 
    [PROD_TYPE[0]] => 66219 Investments IC
    [PROD_ITEM[0]] => 66219 Investments IC 
    [PROD_QUANT[0]] => 1
    [PROD_PRICE[0]] => 50000
    [TOTL] => 50000
    [SITE] => VERT001
    [UDF[MERCHANT_ID]] => 20001MERICOPTN
    [NAME] => Hussen  wadae
    [B2A1] => Bir hadag
    [B2CC] => SA
    [B2CI] => Alraji
    [B2PC] => 85462
    [B2PN] => 966596766259
    [B2ST] => Saudi Arabia
    [S2A1] => 
    [S2CC] => 
    [S2CI] => 
    [S2EM] => 
    [S2NM] =>  
    [S2PC] => 
    [S2PN] => 
    [S2ST] => 
    [SHTP] => 
    [CASH] => 500
    [DOB] => 1976-07-21
    [GENDER] => M
    [EMAL] => hh112234@hotmail.com
    [ANID] => 966596766259
)


2015-07-05T14:47:48Z
ResponseParameter:  billNo: oH7fG1436107666 | endTime:2015-07-05 14:47:48

2015-07-05T14:47:48Z
<?xml version="1.0" encoding="UTF-8"?>
<RESPONSE>
  <VERS>0630</VERS>
  <MODE>P</MODE>
  <TRAN>3ZJK08N2KD6V</TRAN>
  <MERC>680000</MERC>
  <SESS>oH7fG1436107666</SESS>
  <ORDR>oH7fG1436107666</ORDR>
  <AUTO>A</AUTO>
  <SCOR>19</SCOR>
  <GEOX>US</GEOX>
  <BRND>VISA</BRND>
  <REGN></REGN>
  <NETW>N</NETW>
  <KAPT>N</KAPT>
  <CARDS>1</CARDS>
  <DEVICES>1</DEVICES>
  <EMAILS>1</EMAILS>
  <VELO>0</VELO>
  <VMAX>0</VMAX>
  <RULES_TRIGGERED>0</RULES_TRIGGERED>
  <COUNTERS_TRIGGERED>0</COUNTERS_TRIGGERED>
  <REASON_CODE></REASON_CODE>
  <MASTERCARD></MASTERCARD>
  <DDFS></DDFS>
  <DSR></DSR>
  <UAS></UAS>
  <BROWSER></BROWSER>
  <OS></OS>
  <PIP_IPAD></PIP_IPAD>
  <PIP_LAT></PIP_LAT>
  <PIP_LON></PIP_LON>
  <PIP_COUNTRY></PIP_COUNTRY>
  <PIP_REGION></PIP_REGION>
  <PIP_CITY></PIP_CITY>
  <PIP_ORG></PIP_ORG>
  <IP_IPAD></IP_IPAD>
  <IP_LAT></IP_LAT>
  <IP_LON></IP_LON>
  <IP_COUNTRY></IP_COUNTRY>
  <IP_REGION></IP_REGION>
  <IP_CITY></IP_CITY>
  <IP_ORG></IP_ORG>
  <WARNING_COUNT>0</WARNING_COUNT>
</RESPONSE>

2015-07-05T14:53:51Z
RequestParameter:  billNo: OqFsp1436108030 | startTime:2015-07-05 14:53:51

2015-07-05T14:53:51Z
Array
(
    [MODE] => P
    [FRMT] => XML
    [VERS] => 0630
    [MERC] => 680000
    [UDF[CUSTOMER_IPAD]] => 63.217.170.10
    [SESS] => OqFsp1436108030
    [ORDR] => OqFsp1436108030
    [CURR] => USD
    [PENC] => KHASH
    [PTYP] => CARD
    [PTOK] => 422822YPZSFLFH32FKHD
    [IPAD] => 10.0.0.1
    [MACK] => Y
    [AUTH] => A
    [PROD_DESC[0]] => Investments ATL 523959
    [PROD_TYPE[0]] => Investments ATL 523959
    [PROD_ITEM[0]] => Investments ATL 523959
    [PROD_QUANT[0]] => 1
    [PROD_PRICE[0]] => 10000
    [TOTL] => 10000
    [SITE] => VERT001
    [UDF[MERCHANT_ID]] => 20001MERICOPTN
    [NAME] => Mohamed  al mana
    [B2A1] => Rabat Amon
    [B2CC] => JO
    [B2CI] => Rabat Amon
    [B2PC] => 9825
    [B2PN] => 096892553117
    [B2ST] => Jorden
    [S2A1] => 
    [S2CC] => 
    [S2CI] => 
    [S2EM] => 
    [S2NM] =>  
    [S2PC] => 
    [S2PN] => 
    [S2ST] => 
    [SHTP] => 
    [CASH] => 100
    [DOB] => 1963-03-13
    [GENDER] => M
    [EMAL] => aalmanaa_1@hotmail.com
    [ANID] => 096892553117
)


2015-07-05T14:53:52Z
ResponseParameter:  billNo: OqFsp1436108030 | endTime:2015-07-05 14:53:52

2015-07-05T14:53:52Z
<?xml version="1.0" encoding="UTF-8"?>
<RESPONSE>
  <VERS>0630</VERS>
  <MODE>P</MODE>
  <TRAN>3ZJK0K2CB6ZB</TRAN>
  <MERC>680000</MERC>
  <SESS>OqFsp1436108030</SESS>
  <ORDR>OqFsp1436108030</ORDR>
  <AUTO>A</AUTO>
  <SCOR>32</SCOR>
  <GEOX>US</GEOX>
  <BRND>VISA</BRND>
  <REGN></REGN>
  <NETW>N</NETW>
  <KAPT>N</KAPT>
  <CARDS>2</CARDS>
  <DEVICES>1</DEVICES>
  <EMAILS>1</EMAILS>
  <VELO>0</VELO>
  <VMAX>0</VMAX>
  <RULES_TRIGGERED>2</RULES_TRIGGERED>
  <RULE_ID_0>330724</RULE_ID_0>
  <RULE_DESCRIPTION_0>GEO Billing &lt;&gt; BIN Country (1pt)</RULE_DESCRIPTION_0>
  <RULE_ID_1>330730</RULE_ID_1>
  <RULE_DESCRIPTION_1>FRAUD_SCRD GEO Counter Triggered (5pts)</RULE_DESCRIPTION_1>
  <COUNTERS_TRIGGERED>2</COUNTERS_TRIGGERED>
  <COUNTER_NAME_0>GEO</COUNTER_NAME_0>
  <COUNTER_VALUE_0>1</COUNTER_VALUE_0>
  <COUNTER_NAME_1>FRAUD_SCRD</COUNTER_NAME_1>
  <COUNTER_VALUE_1>5</COUNTER_VALUE_1>
  <REASON_CODE></REASON_CODE>
  <MASTERCARD></MASTERCARD>
  <DDFS></DDFS>
  <DSR></DSR>
  <UAS></UAS>
  <BROWSER></BROWSER>
  <OS></OS>
  <PIP_IPAD></PIP_IPAD>
  <PIP_LAT></PIP_LAT>
  <PIP_LON></PIP_LON>
  <PIP_COUNTRY></PIP_COUNTRY>
  <PIP_REGION></PIP_REGION>
  <PIP_CITY></PIP_CITY>
  <PIP_ORG></PIP_ORG>
  <IP_IPAD></IP_IPAD>
  <IP_LAT></IP_LAT>
  <IP_LON></IP_LON>
  <IP_COUNTRY></IP_COUNTRY>
  <IP_REGION></IP_REGION>
  <IP_CITY></IP_CITY>
  <IP_ORG></IP_ORG>
  <WARNING_COUNT>0</WARNING_COUNT>
</RESPONSE>

