2015-09-09T10:37:41Z
RequestParameter:  billNo: bb7a108b73f64c4e8ce802482624abfc | startTime:2015-09-09 10:37:41

2015-09-09T10:37:41Z
https://www.pesopay.com/b2c2/eng/directPay/payComp.jsp?payType=N&merchantId=18139954&pMethod=VISA&lang=E&cardHolder=andrea%20lauretta&cardNo=4************156&securityCode=***&epMonth=09&epYear=2016&amount=1500&currCode=978&orderRef=bb7a108b73f64c4e8ce802482624abfc&remark=

2015-09-09T10:37:44Z
ResponseParameter:  billNo: bb7a108b73f64c4e8ce802482624abfc | endTime:2015-09-09 10:37:44

2015-09-09T10:37:44Z
successcode=1&Ref=bb7a108b73f64c4e8ce802482624abfc&PayRef=7949797&Amt=1500.0&Cur=978&prc=1&src=7&Ord=&Holder=andrea lauretta&AuthId=&TxTime=2015-09-09 18:37:45.0&errMsg=Transaction failed







2015-09-09T14:18:46Z
RequestParameter:  billNo: 0fbb434e18c04d189323c6a58a5a9128 | startTime:2015-09-09 14:18:46

2015-09-09T14:18:46Z
https://www.pesopay.com/b2c2/eng/directPay/payComp.jsp?payType=N&merchantId=18139939&pMethod=Master&lang=E&cardHolder=NATALIA%20CHIVANOVA&cardNo=5************262&securityCode=***&epMonth=04&epYear=2018&amount=100&currCode=840&orderRef=0fbb434e18c04d189323c6a58a5a9128&remark=

2015-09-09T14:18:49Z
ResponseParameter:  billNo: 0fbb434e18c04d189323c6a58a5a9128 | endTime:2015-09-09 14:18:49

2015-09-09T14:18:49Z
successcode=1&Ref=0fbb434e18c04d189323c6a58a5a9128&PayRef=7950688&Amt=100.0&Cur=840&prc=1&src=7&Ord=&Holder=NATALIA CHIVANOVA&AuthId=&TxTime=2015-09-09 22:18:51.0&errMsg=Transaction failed







2015-09-09T14:19:23Z
RequestParameter:  billNo: a58b151eec844f389293576976962cfb | startTime:2015-09-09 14:19:23

2015-09-09T14:19:23Z
https://www.pesopay.com/b2c2/eng/directPay/payComp.jsp?payType=N&merchantId=18139939&pMethod=Master&lang=E&cardHolder=NATALIA%20CHIVANOVA&cardNo=5************262&securityCode=***&epMonth=04&epYear=2018&amount=200&currCode=840&orderRef=a58b151eec844f389293576976962cfb&remark=

2015-09-09T14:19:26Z
ResponseParameter:  billNo: a58b151eec844f389293576976962cfb | endTime:2015-09-09 14:19:26

2015-09-09T14:19:26Z
successcode=1&Ref=a58b151eec844f389293576976962cfb&PayRef=7950691&Amt=200.0&Cur=840&prc=1&src=7&Ord=&Holder=NATALIA CHIVANOVA&AuthId=&TxTime=2015-09-09 22:19:28.0&errMsg=Transaction failed







2015-09-09T15:46:10Z
RequestParameter:  billNo: a8b49309adea4954a66e851e2174ad56 | startTime:2015-09-09 15:46:10

2015-09-09T15:46:10Z
https://www.pesopay.com/b2c2/eng/directPay/payComp.jsp?payType=N&merchantId=18139954&pMethod=VISA&lang=E&cardHolder=andrea%20Lauretta%20&cardNo=4************156&securityCode=***&epMonth=09&epYear=2016&amount=1500&currCode=978&orderRef=a8b49309adea4954a66e851e2174ad56&remark=

2015-09-09T15:46:15Z
ResponseParameter:  billNo: a8b49309adea4954a66e851e2174ad56 | endTime:2015-09-09 15:46:15

2015-09-09T15:46:15Z
successcode=1&Ref=a8b49309adea4954a66e851e2174ad56&PayRef=7951065&Amt=1500.0&Cur=978&prc=1&src=7&Ord=&Holder=andrea Lauretta &AuthId=&TxTime=2015-09-09 23:46:17.0&errMsg=Transaction failed







2015-09-09T15:47:46Z
RequestParameter:  billNo: c4f7f32082f745e8acc771f5816079de | startTime:2015-09-09 15:47:46

2015-09-09T15:47:46Z
https://www.pesopay.com/b2c2/eng/directPay/payComp.jsp?payType=N&merchantId=18139954&pMethod=VISA&lang=E&cardHolder=andrea%20Lauretta%20&cardNo=4************156&securityCode=***&epMonth=09&epYear=2016&amount=1500&currCode=978&orderRef=c4f7f32082f745e8acc771f5816079de&remark=

2015-09-09T15:47:50Z
ResponseParameter:  billNo: c4f7f32082f745e8acc771f5816079de | endTime:2015-09-09 15:47:50

2015-09-09T15:47:50Z
successcode=1&Ref=c4f7f32082f745e8acc771f5816079de&PayRef=7951071&Amt=1500.0&Cur=978&prc=1&src=7&Ord=&Holder=andrea Lauretta &AuthId=&TxTime=2015-09-09 23:47:52.0&errMsg=Transaction failed







2015-09-09T15:48:12Z
RequestParameter:  billNo: 54545b0dc7a34d4a847ab3646ee7d8dc | startTime:2015-09-09 15:48:12

2015-09-09T15:48:12Z
https://www.pesopay.com/b2c2/eng/directPay/payComp.jsp?payType=N&merchantId=18139954&pMethod=VISA&lang=E&cardHolder=andrea%20Lauretta%20&cardNo=4************156&securityCode=***&epMonth=09&epYear=2016&amount=1500&currCode=978&orderRef=54545b0dc7a34d4a847ab3646ee7d8dc&remark=

2015-09-09T15:48:14Z
ResponseParameter:  billNo: 54545b0dc7a34d4a847ab3646ee7d8dc | endTime:2015-09-09 15:48:14

2015-09-09T15:48:14Z
successcode=1&Ref=54545b0dc7a34d4a847ab3646ee7d8dc&PayRef=7951074&Amt=1500.0&Cur=978&prc=1&src=7&Ord=&Holder=andrea Lauretta &AuthId=&TxTime=2015-09-09 23:48:16.0&errMsg=Transaction failed







2015-09-09T15:48:30Z
RequestParameter:  billNo: 48346fcb3f2e4a0fbbab9249fc292a29 | startTime:2015-09-09 15:48:30

2015-09-09T15:48:30Z
https://www.pesopay.com/b2c2/eng/directPay/payComp.jsp?payType=N&merchantId=18139954&pMethod=VISA&lang=E&cardHolder=andrea%20Lauretta%20&cardNo=4************156&securityCode=***&epMonth=09&epYear=2016&amount=1500&currCode=978&orderRef=48346fcb3f2e4a0fbbab9249fc292a29&remark=

2015-09-09T15:48:32Z
ResponseParameter:  billNo: 48346fcb3f2e4a0fbbab9249fc292a29 | endTime:2015-09-09 15:48:32

2015-09-09T15:48:32Z
successcode=1&Ref=48346fcb3f2e4a0fbbab9249fc292a29&PayRef=7951076&Amt=1500.0&Cur=978&prc=1&src=7&Ord=&Holder=andrea Lauretta &AuthId=&TxTime=2015-09-09 23:48:34.0&errMsg=Transaction failed







2015-09-09T15:48:56Z
RequestParameter:  billNo: 50fb5b86f73747c8bbce9321bd4a33b9 | startTime:2015-09-09 15:48:56

2015-09-09T15:48:56Z
https://www.pesopay.com/b2c2/eng/directPay/payComp.jsp?payType=N&merchantId=18139954&pMethod=VISA&lang=E&cardHolder=andrea%20Lauretta%20&cardNo=4************156&securityCode=***&epMonth=09&epYear=2016&amount=1000&currCode=978&orderRef=50fb5b86f73747c8bbce9321bd4a33b9&remark=

2015-09-09T15:48:58Z
ResponseParameter:  billNo: 50fb5b86f73747c8bbce9321bd4a33b9 | endTime:2015-09-09 15:48:58

2015-09-09T15:48:58Z
successcode=1&Ref=50fb5b86f73747c8bbce9321bd4a33b9&PayRef=7951079&Amt=1000.0&Cur=978&prc=1&src=7&Ord=&Holder=andrea Lauretta &AuthId=&TxTime=2015-09-09 23:49:01.0&errMsg=Transaction failed







2015-09-09T16:18:58Z
RequestParameter:  billNo: 1b21ae546f8a420fa120fa642679331e | startTime:2015-09-09 16:18:58

2015-09-09T16:18:58Z
https://www.pesopay.com/b2c2/eng/directPay/payComp.jsp?payType=N&merchantId=18139954&pMethod=VISA&lang=E&cardHolder=a%20a&cardNo=4************812&securityCode=***&epMonth=01&epYear=2017&amount=1500&currCode=978&orderRef=1b21ae546f8a420fa120fa642679331e&remark=

2015-09-09T16:19:04Z
ResponseParameter:  billNo: 1b21ae546f8a420fa120fa642679331e | endTime:2015-09-09 16:19:04

2015-09-09T16:19:04Z
successcode=1&Ref=1b21ae546f8a420fa120fa642679331e&PayRef=7951440&Amt=1500.0&Cur=978&prc=1&src=7&Ord=&Holder=a a&AuthId=&TxTime=2015-09-10 00:19:06.0&errMsg=Transaction failed







2015-09-09T16:19:46Z
RequestParameter:  billNo: 7e11efe066424f26a4047e56130e102d | startTime:2015-09-09 16:19:46

2015-09-09T16:19:46Z
https://www.pesopay.com/b2c2/eng/directPay/payComp.jsp?payType=N&merchantId=18139954&pMethod=VISA&lang=E&cardHolder=a%20a&cardNo=4************812&securityCode=***&epMonth=01&epYear=2017&amount=500&currCode=978&orderRef=7e11efe066424f26a4047e56130e102d&remark=

2015-09-09T16:19:49Z
ResponseParameter:  billNo: 7e11efe066424f26a4047e56130e102d | endTime:2015-09-09 16:19:49

2015-09-09T16:19:49Z
successcode=1&Ref=7e11efe066424f26a4047e56130e102d&PayRef=7951442&Amt=500.0&Cur=978&prc=1&src=7&Ord=&Holder=a a&AuthId=&TxTime=2015-09-10 00:19:51.0&errMsg=Transaction failed







