2015-03-26T12:32:40Z
RequestParameter:  billNo: YtFOh1427373152 | startTime:2015-03-26 12:32:40

2015-03-26T12:32:40Z
1

2015-03-26T12:32:43Z
ResponseParameter:  billNo: YtFOh1427373152 | endTime:2015-03-26 12:32:43

2015-03-26T12:32:43Z
<?xml version="1.0" encoding="UTF-8"?>
<RESPONSE>
  <VERS>0600</VERS>
  <MODE>U</MODE>
  <TRAN>3YTZ0VTYMYG3</TRAN>
  <MERC>680000</MERC>
  <SESS>YtFOh1427373152</SESS>
  <RULES_TRIGGERED>0</RULES_TRIGGERED>
  <COUNTERS_TRIGGERED>0</COUNTERS_TRIGGERED>
  <REASON_CODE></REASON_CODE>
  <MASTERCARD></MASTERCARD>
  <WARNING_COUNT>0</WARNING_COUNT>
</RESPONSE>

2015-03-26T12:37:23Z
RequestParameter:  billNo: UrfT91427373410 | startTime:2015-03-26 12:37:23

2015-03-26T12:37:23Z
1

2015-03-26T12:37:24Z
ResponseParameter:  billNo: UrfT91427373410 | endTime:2015-03-26 12:37:24

2015-03-26T12:37:24Z
<?xml version="1.0" encoding="UTF-8"?>
<RESPONSE>
  <VERS>0600</VERS>
  <MODE>U</MODE>
  <TRAN>3YTZ0PNMMQW2</TRAN>
  <MERC>680000</MERC>
  <SESS>UrfT91427373410</SESS>
  <RULES_TRIGGERED>0</RULES_TRIGGERED>
  <COUNTERS_TRIGGERED>0</COUNTERS_TRIGGERED>
  <REASON_CODE></REASON_CODE>
  <MASTERCARD></MASTERCARD>
  <WARNING_COUNT>0</WARNING_COUNT>
</RESPONSE>

2015-03-26T12:51:10Z
RequestParameter:  billNo: 457dadbd8b8c462c9ada1fdd1f27e95c | startTime:2015-03-26 12:51:10

2015-03-26T12:51:10Z
1

2015-03-26T12:51:53Z
RequestParameter:  billNo: 6c2d5a3f7e444a2084bd8ffea006ced9 | startTime:2015-03-26 12:51:53

2015-03-26T12:51:53Z
1

2015-03-26T12:51:55Z
ResponseParameter:  billNo: 6c2d5a3f7e444a2084bd8ffea006ced9 | endTime:2015-03-26 12:51:55

2015-03-26T12:51:55Z
<?xml version="1.0" encoding="UTF-8"?>
<RESPONSE>
  <VERS>0600</VERS>
  <MODE>U</MODE>
  <TRAN>3YTZ09KP32KW</TRAN>
  <MERC>680000</MERC>
  <SESS>660d8833e0d746fd93e4b1914d75d560</SESS>
  <RULES_TRIGGERED>0</RULES_TRIGGERED>
  <COUNTERS_TRIGGERED>0</COUNTERS_TRIGGERED>
  <REASON_CODE></REASON_CODE>
  <MASTERCARD></MASTERCARD>
  <WARNING_COUNT>0</WARNING_COUNT>
</RESPONSE>

2015-03-26T13:28:05Z
RequestParameter:  billNo: Ifve81427376479 | startTime:2015-03-26 13:28:05

2015-03-26T13:28:05Z
1

