2015-02-06T08:40:12Z
RequestParameter:  billNo: 0002Y0f | startTime:2015-02-06 08:40:12

2015-02-06T08:40:12Z
1

2015-02-06T08:40:14Z
ResponseParameter:  billNo: 0002Y0f | endTime:2015-02-06 08:40:14

2015-02-06T08:40:14Z
<?xml version="1.0" encoding="UTF-8"?>
<RESPONSE>
  <VERS>0600</VERS>
  <MODE>U</MODE>
  <TRAN>3W1X0LSCTH14</TRAN>
  <MERC>680000</MERC>
  <SESS>0002Y0f</SESS>
  <RULES_TRIGGERED>0</RULES_TRIGGERED>
  <COUNTERS_TRIGGERED>0</COUNTERS_TRIGGERED>
  <REASON_CODE></REASON_CODE>
  <MASTERCARD></MASTERCARD>
  <WARNING_COUNT>0</WARNING_COUNT>
</RESPONSE>

2015-02-06T10:15:43Z
RequestParameter:  billNo: 0002Y1s | startTime:2015-02-06 10:15:43

2015-02-06T10:15:43Z
1

2015-02-06T10:15:44Z
ResponseParameter:  billNo: 0002Y1s | endTime:2015-02-06 10:15:44

2015-02-06T10:15:44Z
<?xml version="1.0" encoding="UTF-8"?>
<RESPONSE>
  <VERS>0600</VERS>
  <MODE>U</MODE>
  <TRAN>3W140CHGHJYR</TRAN>
  <MERC>680000</MERC>
  <SESS>0002Y1s</SESS>
  <RULES_TRIGGERED>0</RULES_TRIGGERED>
  <COUNTERS_TRIGGERED>0</COUNTERS_TRIGGERED>
  <REASON_CODE></REASON_CODE>
  <MASTERCARD></MASTERCARD>
  <WARNING_COUNT>0</WARNING_COUNT>
</RESPONSE>

