2015-04-03T05:49:40Z
RequestParameter:  billNo: 1428040066-69415 | startTime:2015-04-03 05:49:40

2015-04-03T05:49:40Z
Array
(
    [MODE] => U
    [FRMT] => XML
    [VERS] => 0630
    [MERC] => 680000
    [SESS] => 43c8c5fc98fcbde9e87148de191eb96f
    [TRAN] => 3Y610Z0QKKJT
    [AUTH] => D
    [MACK] => Y
)


2015-04-03T05:49:41Z
ResponseParameter:  billNo: 1428040066-69415 | endTime:2015-04-03 05:49:41

2015-04-03T05:49:41Z
<?xml version="1.0" encoding="UTF-8"?>
<RESPONSE>
  <VERS>0630</VERS>
  <MODE>U</MODE>
  <TRAN>3Y610Z0QKKJT</TRAN>
  <MERC>680000</MERC>
  <SESS>43c8c5fc98fcbde9e87148de191eb96f</SESS>
  <RULES_TRIGGERED>0</RULES_TRIGGERED>
  <COUNTERS_TRIGGERED>0</COUNTERS_TRIGGERED>
  <REASON_CODE></REASON_CODE>
  <MASTERCARD></MASTERCARD>
  <WARNING_COUNT>0</WARNING_COUNT>
</RESPONSE>

2015-04-03T06:56:51Z
RequestParameter:  billNo: 1428044120-3395 | startTime:2015-04-03 06:56:51

2015-04-03T06:56:51Z
Array
(
    [MODE] => U
    [FRMT] => XML
    [VERS] => 0630
    [MERC] => 680000
    [SESS] => 5dc5f0529e47aca4788af2f117441d99
    [TRAN] => 3Y630Z4H5GS1
    [AUTH] => D
    [MACK] => Y
)


2015-04-03T06:56:52Z
ResponseParameter:  billNo: 1428044120-3395 | endTime:2015-04-03 06:56:52

2015-04-03T06:56:52Z
<?xml version="1.0" encoding="UTF-8"?>
<RESPONSE>
  <VERS>0630</VERS>
  <MODE>U</MODE>
  <TRAN>3Y630Z4H5GS1</TRAN>
  <MERC>680000</MERC>
  <SESS>5dc5f0529e47aca4788af2f117441d99</SESS>
  <RULES_TRIGGERED>0</RULES_TRIGGERED>
  <COUNTERS_TRIGGERED>0</COUNTERS_TRIGGERED>
  <REASON_CODE></REASON_CODE>
  <MASTERCARD></MASTERCARD>
  <WARNING_COUNT>0</WARNING_COUNT>
</RESPONSE>

2015-04-03T06:58:31Z
RequestParameter:  billNo: 1428044205-3395 | startTime:2015-04-03 06:58:31

2015-04-03T06:58:31Z
Array
(
    [MODE] => U
    [FRMT] => XML
    [VERS] => 0630
    [MERC] => 680000
    [SESS] => 1a043c0d39a04f9aa877cd604551098f
    [TRAN] => 3Y63024PKB6P
    [AUTH] => D
    [MACK] => Y
)


2015-04-03T06:58:32Z
ResponseParameter:  billNo: 1428044205-3395 | endTime:2015-04-03 06:58:32

2015-04-03T06:58:32Z
<?xml version="1.0" encoding="UTF-8"?>
<RESPONSE>
  <VERS>0630</VERS>
  <MODE>U</MODE>
  <TRAN>3Y63024PKB6P</TRAN>
  <MERC>680000</MERC>
  <SESS>1a043c0d39a04f9aa877cd604551098f</SESS>
  <RULES_TRIGGERED>0</RULES_TRIGGERED>
  <COUNTERS_TRIGGERED>0</COUNTERS_TRIGGERED>
  <REASON_CODE></REASON_CODE>
  <MASTERCARD></MASTERCARD>
  <WARNING_COUNT>0</WARNING_COUNT>
</RESPONSE>

2015-04-03T07:13:00Z
RequestParameter:  billNo: 3abde7ad219e4a49baa113206a46f84e | startTime:2015-04-03 07:13:00

2015-04-03T07:13:00Z
Array
(
    [MODE] => U
    [FRMT] => XML
    [VERS] => 0630
    [MERC] => 680000
    [SESS] => 23113ce8f3df406898024d11a1b0bb28
    [TRAN] => 3Y6P02NRSXKC
    [AUTH] => D
    [MACK] => Y
)


2015-04-03T07:13:01Z
ResponseParameter:  billNo: 3abde7ad219e4a49baa113206a46f84e | endTime:2015-04-03 07:13:01

2015-04-03T07:13:01Z
<?xml version="1.0" encoding="UTF-8"?>
<RESPONSE>
  <VERS>0630</VERS>
  <MODE>U</MODE>
  <TRAN>3Y6P02NRSXKC</TRAN>
  <MERC>680000</MERC>
  <SESS>23113ce8f3df406898024d11a1b0bb28</SESS>
  <RULES_TRIGGERED>0</RULES_TRIGGERED>
  <COUNTERS_TRIGGERED>0</COUNTERS_TRIGGERED>
  <REASON_CODE></REASON_CODE>
  <MASTERCARD></MASTERCARD>
  <WARNING_COUNT>0</WARNING_COUNT>
</RESPONSE>

2015-04-03T07:37:03Z
RequestParameter:  billNo: 1428046487-3340 | startTime:2015-04-03 07:37:03

2015-04-03T07:37:03Z
Array
(
    [MODE] => U
    [FRMT] => XML
    [VERS] => 0630
    [MERC] => 680000
    [SESS] => 38bb53e48bf35fdccd42b5c86e4aca6c
    [TRAN] => 3Y6P047C9X2X
    [AUTH] => D
    [MACK] => Y
)


2015-04-03T07:37:04Z
ResponseParameter:  billNo: 1428046487-3340 | endTime:2015-04-03 07:37:04

2015-04-03T07:37:04Z
<?xml version="1.0" encoding="UTF-8"?>
<RESPONSE>
  <VERS>0630</VERS>
  <MODE>U</MODE>
  <TRAN>3Y6P047C9X2X</TRAN>
  <MERC>680000</MERC>
  <SESS>38bb53e48bf35fdccd42b5c86e4aca6c</SESS>
  <RULES_TRIGGERED>0</RULES_TRIGGERED>
  <COUNTERS_TRIGGERED>0</COUNTERS_TRIGGERED>
  <REASON_CODE></REASON_CODE>
  <MASTERCARD></MASTERCARD>
  <WARNING_COUNT>0</WARNING_COUNT>
</RESPONSE>

2015-04-03T08:29:16Z
RequestParameter:  billNo: 8cb5b8865e344c1585dee0cf6f65d29a | startTime:2015-04-03 08:29:16

2015-04-03T08:29:16Z
Array
(
    [MODE] => U
    [FRMT] => XML
    [VERS] => 0630
    [MERC] => 680000
    [SESS] => 8cb5b8865e344c1585dee0cf6f65d29a
    [TRAN] => 3Y6707J2CB15
    [AUTH] => D
    [MACK] => Y
)


2015-04-03T08:29:17Z
ResponseParameter:  billNo: 8cb5b8865e344c1585dee0cf6f65d29a | endTime:2015-04-03 08:29:17

2015-04-03T08:29:17Z
<?xml version="1.0" encoding="UTF-8"?>
<RESPONSE>
  <VERS>0630</VERS>
  <MODE>U</MODE>
  <TRAN>3Y6707J2CB15</TRAN>
  <MERC>680000</MERC>
  <SESS>8cb5b8865e344c1585dee0cf6f65d29a</SESS>
  <RULES_TRIGGERED>0</RULES_TRIGGERED>
  <COUNTERS_TRIGGERED>0</COUNTERS_TRIGGERED>
  <REASON_CODE></REASON_CODE>
  <MASTERCARD></MASTERCARD>
  <WARNING_COUNT>0</WARNING_COUNT>
</RESPONSE>

2015-04-03T09:13:05Z
RequestParameter:  billNo: 280678c8d96945e1b8d9b4b8766dfe93 | startTime:2015-04-03 09:13:05

2015-04-03T09:13:05Z
Array
(
    [MODE] => U
    [FRMT] => XML
    [VERS] => 0630
    [MERC] => 680000
    [SESS] => 0781e9269b3d420fb1f0273293bf9309
    [TRAN] => 3Y6D0KTVG07J
    [AUTH] => D
    [MACK] => Y
)


2015-04-03T09:13:06Z
ResponseParameter:  billNo: 280678c8d96945e1b8d9b4b8766dfe93 | endTime:2015-04-03 09:13:06

2015-04-03T09:13:06Z
<?xml version="1.0" encoding="UTF-8"?>
<RESPONSE>
  <VERS>0630</VERS>
  <MODE>U</MODE>
  <TRAN>3Y6D0KTVG07J</TRAN>
  <MERC>680000</MERC>
  <SESS>0781e9269b3d420fb1f0273293bf9309</SESS>
  <RULES_TRIGGERED>0</RULES_TRIGGERED>
  <COUNTERS_TRIGGERED>0</COUNTERS_TRIGGERED>
  <REASON_CODE></REASON_CODE>
  <MASTERCARD></MASTERCARD>
  <WARNING_COUNT>0</WARNING_COUNT>
</RESPONSE>

2015-04-03T09:18:52Z
RequestParameter:  billNo: b51a92f5d2c14c96b120cffcb42a80f8 | startTime:2015-04-03 09:18:52

2015-04-03T09:18:52Z
Array
(
    [MODE] => U
    [FRMT] => XML
    [VERS] => 0630
    [MERC] => 680000
    [SESS] => b51a92f5d2c14c96b120cffcb42a80f8
    [TRAN] => 3Y6D03ST9X7B
    [AUTH] => D
    [MACK] => Y
)


2015-04-03T09:18:53Z
ResponseParameter:  billNo: b51a92f5d2c14c96b120cffcb42a80f8 | endTime:2015-04-03 09:18:53

2015-04-03T09:18:53Z
<?xml version="1.0" encoding="UTF-8"?>
<RESPONSE>
  <VERS>0630</VERS>
  <MODE>U</MODE>
  <TRAN>3Y6D03ST9X7B</TRAN>
  <MERC>680000</MERC>
  <SESS>b51a92f5d2c14c96b120cffcb42a80f8</SESS>
  <RULES_TRIGGERED>0</RULES_TRIGGERED>
  <COUNTERS_TRIGGERED>0</COUNTERS_TRIGGERED>
  <REASON_CODE></REASON_CODE>
  <MASTERCARD></MASTERCARD>
  <WARNING_COUNT>0</WARNING_COUNT>
</RESPONSE>

2015-04-03T09:23:08Z
RequestParameter:  billNo: 4a2fbb13d2704fcdad0f8fb14c96fdf5 | startTime:2015-04-03 09:23:08

2015-04-03T09:23:08Z
Array
(
    [MODE] => U
    [FRMT] => XML
    [VERS] => 0630
    [MERC] => 680000
    [SESS] => f611759f00a74f8688b689e89b7a4216
    [TRAN] => 3Y6D0406HPH1
    [AUTH] => D
    [MACK] => Y
)


2015-04-03T09:23:09Z
ResponseParameter:  billNo: 4a2fbb13d2704fcdad0f8fb14c96fdf5 | endTime:2015-04-03 09:23:09

2015-04-03T09:23:09Z
<?xml version="1.0" encoding="UTF-8"?>
<RESPONSE>
  <VERS>0630</VERS>
  <MODE>U</MODE>
  <TRAN>3Y6D0406HPH1</TRAN>
  <MERC>680000</MERC>
  <SESS>f611759f00a74f8688b689e89b7a4216</SESS>
  <RULES_TRIGGERED>0</RULES_TRIGGERED>
  <COUNTERS_TRIGGERED>0</COUNTERS_TRIGGERED>
  <REASON_CODE></REASON_CODE>
  <MASTERCARD></MASTERCARD>
  <WARNING_COUNT>0</WARNING_COUNT>
</RESPONSE>

2015-04-03T09:33:36Z
RequestParameter:  billNo: a134f5e9476e4d0c9b574d1e13d9621c | startTime:2015-04-03 09:33:36

2015-04-03T09:33:36Z
Array
(
    [MODE] => U
    [FRMT] => XML
    [VERS] => 0630
    [MERC] => 680000
    [SESS] => a134f5e9476e4d0c9b574d1e13d9621c
    [TRAN] => 3Y6D0DR899QK
    [AUTH] => D
    [MACK] => Y
)


2015-04-03T09:33:38Z
ResponseParameter:  billNo: a134f5e9476e4d0c9b574d1e13d9621c | endTime:2015-04-03 09:33:38

2015-04-03T09:33:38Z
<?xml version="1.0" encoding="UTF-8"?>
<RESPONSE>
  <VERS>0630</VERS>
  <MODE>U</MODE>
  <TRAN>3Y6D0DR899QK</TRAN>
  <MERC>680000</MERC>
  <SESS>a134f5e9476e4d0c9b574d1e13d9621c</SESS>
  <RULES_TRIGGERED>0</RULES_TRIGGERED>
  <COUNTERS_TRIGGERED>0</COUNTERS_TRIGGERED>
  <REASON_CODE></REASON_CODE>
  <MASTERCARD></MASTERCARD>
  <WARNING_COUNT>0</WARNING_COUNT>
</RESPONSE>

2015-04-03T09:53:27Z
RequestParameter:  billNo: f9c9cb8fed7f4c8880b303290e14d2b1 | startTime:2015-04-03 09:53:27

2015-04-03T09:53:27Z
Array
(
    [MODE] => U
    [FRMT] => XML
    [VERS] => 0630
    [MERC] => 680000
    [SESS] => f9c9cb8fed7f4c8880b303290e14d2b1
    [TRAN] => 3Y6D0108NRMH
    [AUTH] => D
    [MACK] => Y
)


2015-04-03T09:53:28Z
ResponseParameter:  billNo: f9c9cb8fed7f4c8880b303290e14d2b1 | endTime:2015-04-03 09:53:28

2015-04-03T09:53:28Z
<?xml version="1.0" encoding="UTF-8"?>
<RESPONSE>
  <VERS>0630</VERS>
  <MODE>U</MODE>
  <TRAN>3Y6D0108NRMH</TRAN>
  <MERC>680000</MERC>
  <SESS>f9c9cb8fed7f4c8880b303290e14d2b1</SESS>
  <RULES_TRIGGERED>0</RULES_TRIGGERED>
  <COUNTERS_TRIGGERED>0</COUNTERS_TRIGGERED>
  <REASON_CODE></REASON_CODE>
  <MASTERCARD></MASTERCARD>
  <WARNING_COUNT>0</WARNING_COUNT>
</RESPONSE>

2015-04-03T09:54:51Z
RequestParameter:  billNo: 1428054808-3395 | startTime:2015-04-03 09:54:51

2015-04-03T09:54:51Z
Array
(
    [MODE] => U
    [FRMT] => XML
    [VERS] => 0630
    [MERC] => 680000
    [SESS] => 5f32253016efb93b3ab6c3f7703c5f72
    [TRAN] => 3Y6D0GKLYK4J
    [AUTH] => D
    [MACK] => Y
)


2015-04-03T09:54:52Z
ResponseParameter:  billNo: 1428054808-3395 | endTime:2015-04-03 09:54:52

2015-04-03T09:54:52Z
<?xml version="1.0" encoding="UTF-8"?>
<RESPONSE>
  <VERS>0630</VERS>
  <MODE>U</MODE>
  <TRAN>3Y6D0GKLYK4J</TRAN>
  <MERC>680000</MERC>
  <SESS>5f32253016efb93b3ab6c3f7703c5f72</SESS>
  <RULES_TRIGGERED>0</RULES_TRIGGERED>
  <COUNTERS_TRIGGERED>0</COUNTERS_TRIGGERED>
  <REASON_CODE></REASON_CODE>
  <MASTERCARD></MASTERCARD>
  <WARNING_COUNT>0</WARNING_COUNT>
</RESPONSE>

2015-04-03T09:55:15Z
RequestParameter:  billNo: 7c60044cd93144ae90d5c17ca1e47dc8 | startTime:2015-04-03 09:55:15

2015-04-03T09:55:15Z
Array
(
    [MODE] => U
    [FRMT] => XML
    [VERS] => 0630
    [MERC] => 680000
    [SESS] => ff32c36973a04b36b9aad1f1edf8a393
    [TRAN] => 3Y6D0PKDXV1K
    [AUTH] => D
    [MACK] => Y
)


2015-04-03T09:55:16Z
ResponseParameter:  billNo: 7c60044cd93144ae90d5c17ca1e47dc8 | endTime:2015-04-03 09:55:16

2015-04-03T09:55:16Z
<?xml version="1.0" encoding="UTF-8"?>
<RESPONSE>
  <VERS>0630</VERS>
  <MODE>U</MODE>
  <TRAN>3Y6D0PKDXV1K</TRAN>
  <MERC>680000</MERC>
  <SESS>ff32c36973a04b36b9aad1f1edf8a393</SESS>
  <RULES_TRIGGERED>0</RULES_TRIGGERED>
  <COUNTERS_TRIGGERED>0</COUNTERS_TRIGGERED>
  <REASON_CODE></REASON_CODE>
  <MASTERCARD></MASTERCARD>
  <WARNING_COUNT>0</WARNING_COUNT>
</RESPONSE>

2015-04-03T09:56:46Z
RequestParameter:  billNo: c4b01a91272b4f9aadff0893049fb5f4 | startTime:2015-04-03 09:56:46

2015-04-03T09:56:46Z
Array
(
    [MODE] => U
    [FRMT] => XML
    [VERS] => 0630
    [MERC] => 680000
    [SESS] => c4b01a91272b4f9aadff0893049fb5f4
    [TRAN] => 3Y6D0NVTJ09N
    [AUTH] => D
    [MACK] => Y
)


2015-04-03T09:56:47Z
ResponseParameter:  billNo: c4b01a91272b4f9aadff0893049fb5f4 | endTime:2015-04-03 09:56:47

2015-04-03T09:56:47Z
<?xml version="1.0" encoding="UTF-8"?>
<RESPONSE>
  <VERS>0630</VERS>
  <MODE>U</MODE>
  <TRAN>3Y6D0NVTJ09N</TRAN>
  <MERC>680000</MERC>
  <SESS>c4b01a91272b4f9aadff0893049fb5f4</SESS>
  <RULES_TRIGGERED>0</RULES_TRIGGERED>
  <COUNTERS_TRIGGERED>0</COUNTERS_TRIGGERED>
  <REASON_CODE></REASON_CODE>
  <MASTERCARD></MASTERCARD>
  <WARNING_COUNT>0</WARNING_COUNT>
</RESPONSE>

2015-04-03T10:14:03Z
RequestParameter:  billNo: 1c0a7413c299467092f00d2f4e0cdcc6 | startTime:2015-04-03 10:14:03

2015-04-03T10:14:03Z
Array
(
    [MODE] => U
    [FRMT] => XML
    [VERS] => 0630
    [MERC] => 680000
    [SESS] => 641770cf4f2f43aab0dfc4ba7ccd90d8
    [TRAN] => 3Y1K0KXXLSZK
    [AUTH] => D
    [MACK] => Y
)


2015-04-03T10:14:04Z
ResponseParameter:  billNo: 1c0a7413c299467092f00d2f4e0cdcc6 | endTime:2015-04-03 10:14:04

2015-04-03T10:14:04Z
<?xml version="1.0" encoding="UTF-8"?>
<RESPONSE>
  <VERS>0630</VERS>
  <MODE>U</MODE>
  <TRAN>3Y1K0KXXLSZK</TRAN>
  <MERC>680000</MERC>
  <SESS>641770cf4f2f43aab0dfc4ba7ccd90d8</SESS>
  <RULES_TRIGGERED>0</RULES_TRIGGERED>
  <COUNTERS_TRIGGERED>0</COUNTERS_TRIGGERED>
  <REASON_CODE></REASON_CODE>
  <MASTERCARD></MASTERCARD>
  <WARNING_COUNT>0</WARNING_COUNT>
</RESPONSE>

2015-04-03T10:18:48Z
RequestParameter:  billNo: bec51d4500164698bf9481d8699bb6b6 | startTime:2015-04-03 10:18:48

2015-04-03T10:18:48Z
Array
(
    [MODE] => U
    [FRMT] => XML
    [VERS] => 0630
    [MERC] => 680000
    [SESS] => 6d253a26847f4d90b8d13b868ec03f96
    [TRAN] => 3Y1K0Q5R43LH
    [AUTH] => D
    [MACK] => Y
)


2015-04-03T10:18:49Z
ResponseParameter:  billNo: bec51d4500164698bf9481d8699bb6b6 | endTime:2015-04-03 10:18:49

2015-04-03T10:18:49Z
<?xml version="1.0" encoding="UTF-8"?>
<RESPONSE>
  <VERS>0630</VERS>
  <MODE>U</MODE>
  <TRAN>3Y1K0Q5R43LH</TRAN>
  <MERC>680000</MERC>
  <SESS>6d253a26847f4d90b8d13b868ec03f96</SESS>
  <RULES_TRIGGERED>0</RULES_TRIGGERED>
  <COUNTERS_TRIGGERED>0</COUNTERS_TRIGGERED>
  <REASON_CODE></REASON_CODE>
  <MASTERCARD></MASTERCARD>
  <WARNING_COUNT>0</WARNING_COUNT>
</RESPONSE>

2015-04-03T10:20:27Z
RequestParameter:  billNo: 59940ef904114986abfaca3839e74523 | startTime:2015-04-03 10:20:27

2015-04-03T10:20:27Z
Array
(
    [MODE] => U
    [FRMT] => XML
    [VERS] => 0630
    [MERC] => 680000
    [SESS] => 9db5c1325ac1484b81f9f2ec9ebfb722
    [TRAN] => 3Y1K068PVMNH
    [AUTH] => D
    [MACK] => Y
)


2015-04-03T10:20:28Z
ResponseParameter:  billNo: 59940ef904114986abfaca3839e74523 | endTime:2015-04-03 10:20:28

2015-04-03T10:20:28Z
<?xml version="1.0" encoding="UTF-8"?>
<RESPONSE>
  <VERS>0630</VERS>
  <MODE>U</MODE>
  <TRAN>3Y1K068PVMNH</TRAN>
  <MERC>680000</MERC>
  <SESS>9db5c1325ac1484b81f9f2ec9ebfb722</SESS>
  <RULES_TRIGGERED>0</RULES_TRIGGERED>
  <COUNTERS_TRIGGERED>0</COUNTERS_TRIGGERED>
  <REASON_CODE></REASON_CODE>
  <MASTERCARD></MASTERCARD>
  <WARNING_COUNT>0</WARNING_COUNT>
</RESPONSE>

2015-04-03T10:22:02Z
RequestParameter:  billNo: 74b6fafaa5794ac5a3f9f03cc7fc1a5d | startTime:2015-04-03 10:22:02

2015-04-03T10:22:02Z
Array
(
    [MODE] => U
    [FRMT] => XML
    [VERS] => 0630
    [MERC] => 680000
    [SESS] => 74b6fafaa5794ac5a3f9f03cc7fc1a5d
    [TRAN] => 3Y1K08SQCMZ1
    [AUTH] => D
    [MACK] => Y
)


2015-04-03T10:22:03Z
ResponseParameter:  billNo: 74b6fafaa5794ac5a3f9f03cc7fc1a5d | endTime:2015-04-03 10:22:03

2015-04-03T10:22:03Z
<?xml version="1.0" encoding="UTF-8"?>
<RESPONSE>
  <VERS>0630</VERS>
  <MODE>U</MODE>
  <TRAN>3Y1K08SQCMZ1</TRAN>
  <MERC>680000</MERC>
  <SESS>74b6fafaa5794ac5a3f9f03cc7fc1a5d</SESS>
  <RULES_TRIGGERED>0</RULES_TRIGGERED>
  <COUNTERS_TRIGGERED>0</COUNTERS_TRIGGERED>
  <REASON_CODE></REASON_CODE>
  <MASTERCARD></MASTERCARD>
  <WARNING_COUNT>0</WARNING_COUNT>
</RESPONSE>

2015-04-03T10:48:17Z
RequestParameter:  billNo: 3ab17c0c5bc243028ceaab6fc866fff0 | startTime:2015-04-03 10:48:17

2015-04-03T10:48:17Z
Array
(
    [MODE] => U
    [FRMT] => XML
    [VERS] => 0630
    [MERC] => 680000
    [SESS] => 79bf49843ed54f83b5457f38555f0a74
    [TRAN] => 3Y1K017K7YQD
    [AUTH] => D
    [MACK] => Y
)


2015-04-03T10:48:18Z
ResponseParameter:  billNo: 3ab17c0c5bc243028ceaab6fc866fff0 | endTime:2015-04-03 10:48:18

2015-04-03T10:48:18Z
<?xml version="1.0" encoding="UTF-8"?>
<RESPONSE>
  <VERS>0630</VERS>
  <MODE>U</MODE>
  <TRAN>3Y1K017K7YQD</TRAN>
  <MERC>680000</MERC>
  <SESS>79bf49843ed54f83b5457f38555f0a74</SESS>
  <RULES_TRIGGERED>0</RULES_TRIGGERED>
  <COUNTERS_TRIGGERED>0</COUNTERS_TRIGGERED>
  <REASON_CODE></REASON_CODE>
  <MASTERCARD></MASTERCARD>
  <WARNING_COUNT>0</WARNING_COUNT>
</RESPONSE>

2015-04-03T10:57:57Z
RequestParameter:  billNo: 6b2a23b974354d6d97d3443b3dcc6a46 | startTime:2015-04-03 10:57:57

2015-04-03T10:57:57Z
Array
(
    [MODE] => U
    [FRMT] => XML
    [VERS] => 0630
    [MERC] => 680000
    [SESS] => 7c57e6eb0f2e4c73a9cfceba3760e7ee
    [TRAN] => 3Y1K0SYNB4WG
    [AUTH] => D
    [MACK] => Y
)


2015-04-03T10:57:58Z
ResponseParameter:  billNo: 6b2a23b974354d6d97d3443b3dcc6a46 | endTime:2015-04-03 10:57:58

2015-04-03T10:57:58Z
<?xml version="1.0" encoding="UTF-8"?>
<RESPONSE>
  <VERS>0630</VERS>
  <MODE>U</MODE>
  <TRAN>3Y1K0SYNB4WG</TRAN>
  <MERC>680000</MERC>
  <SESS>7c57e6eb0f2e4c73a9cfceba3760e7ee</SESS>
  <RULES_TRIGGERED>0</RULES_TRIGGERED>
  <COUNTERS_TRIGGERED>0</COUNTERS_TRIGGERED>
  <REASON_CODE></REASON_CODE>
  <MASTERCARD></MASTERCARD>
  <WARNING_COUNT>0</WARNING_COUNT>
</RESPONSE>

2015-04-03T11:00:19Z
RequestParameter:  billNo: 3f61f828b0bf4474a312db4d051d32f4 | startTime:2015-04-03 11:00:19

2015-04-03T11:00:19Z
Array
(
    [MODE] => U
    [FRMT] => XML
    [VERS] => 0630
    [MERC] => 680000
    [SESS] => 5d1e3b3f2c4748ff9c02e6f223c31805
    [TRAN] => 3Y1K0KM57CH5
    [AUTH] => D
    [MACK] => Y
)


2015-04-03T11:00:20Z
ResponseParameter:  billNo: 3f61f828b0bf4474a312db4d051d32f4 | endTime:2015-04-03 11:00:20

2015-04-03T11:00:20Z
<?xml version="1.0" encoding="UTF-8"?>
<RESPONSE>
  <VERS>0630</VERS>
  <MODE>U</MODE>
  <TRAN>3Y1K0KM57CH5</TRAN>
  <MERC>680000</MERC>
  <SESS>5d1e3b3f2c4748ff9c02e6f223c31805</SESS>
  <RULES_TRIGGERED>0</RULES_TRIGGERED>
  <COUNTERS_TRIGGERED>0</COUNTERS_TRIGGERED>
  <REASON_CODE></REASON_CODE>
  <MASTERCARD></MASTERCARD>
  <WARNING_COUNT>0</WARNING_COUNT>
</RESPONSE>

2015-04-03T11:24:17Z
RequestParameter:  billNo: 13b4307af4934f34a316200429b8064a | startTime:2015-04-03 11:24:17

2015-04-03T11:24:17Z
Array
(
    [MODE] => U
    [FRMT] => XML
    [VERS] => 0630
    [MERC] => 680000
    [SESS] => 13b4307af4934f34a316200429b8064a
    [TRAN] => 3Y1K0B5JH131
    [AUTH] => D
    [MACK] => Y
)


2015-04-03T11:24:18Z
ResponseParameter:  billNo: 13b4307af4934f34a316200429b8064a | endTime:2015-04-03 11:24:18

2015-04-03T11:24:18Z
<?xml version="1.0" encoding="UTF-8"?>
<RESPONSE>
  <VERS>0630</VERS>
  <MODE>U</MODE>
  <TRAN>3Y1K0B5JH131</TRAN>
  <MERC>680000</MERC>
  <SESS>13b4307af4934f34a316200429b8064a</SESS>
  <RULES_TRIGGERED>0</RULES_TRIGGERED>
  <COUNTERS_TRIGGERED>0</COUNTERS_TRIGGERED>
  <REASON_CODE></REASON_CODE>
  <MASTERCARD></MASTERCARD>
  <WARNING_COUNT>0</WARNING_COUNT>
</RESPONSE>

