2015-03-17T10:23:39Z
RequestParameter:  billNo: 1426506077-26527 | startTime:2015-03-17 10:23:39

2015-03-17T10:23:39Z
https://www.pesopay.com/b2c2/eng/directPay/payComp.jsp?payType=N&merchantId=18139954&pMethod=VISA&lang=E&cardHolder=Pellegrini%20pascal&cardNo=4940253907482277&securityCode=760&epMonth=02&epYear=2018&amount=500&currCode=978&orderRef=1426506077-26527&remark=

2015-03-17T10:24:05Z
ResponseParameter:  billNo: 1426506077-26527 | endTime:2015-03-17 10:24:05

2015-03-17T10:24:05Z
successcode=1&Ref=1426506077-26527&PayRef=6600712&Amt=500.0&Cur=978&prc=1&src=551&Ord=507621502654&Holder=Pellegrini pascal&AuthId=&TxTime=2015-03-17 18:23:47.0&errMsg=Transaction failed







2015-03-17T10:29:24Z
RequestParameter:  billNo: 1426520991-22472 | startTime:2015-03-17 10:29:24

2015-03-17T10:29:24Z
https://www.pesopay.com/b2c2/eng/directPay/payComp.jsp?payType=N&merchantId=18139954&pMethod=VISA&lang=E&cardHolder=Emmanuel%20OBJOIS&cardNo=4976786039679465&securityCode=127&epMonth=11&epYear=2016&amount=500&currCode=978&orderRef=1426520991-22472&remark=

2015-03-17T10:29:30Z
ResponseParameter:  billNo: 1426520991-22472 | endTime:2015-03-17 10:29:30

2015-03-17T10:29:30Z
successcode=0&Ref=1426520991-22472&PayRef=6600736&Amt=500.0&Cur=978&prc=0&src=0&Ord=507621502686&Holder=Emmanuel OBJOIS&AuthId=839192&TxTime=2015-03-17 18:29:30.0&errMsg=Transaction completed







2015-03-17T10:31:02Z
RequestParameter:  billNo: 1426514478-29069 | startTime:2015-03-17 10:31:02

2015-03-17T10:31:02Z
https://www.pesopay.com/b2c2/eng/directPay/payComp.jsp?payType=N&merchantId=18139954&pMethod=VISA&lang=E&cardHolder=jean%20marie%20caillol&cardNo=4971640100697267&securityCode=243&epMonth=04&epYear=2017&amount=500&currCode=978&orderRef=1426514478-29069&remark=

2015-03-17T10:31:08Z
ResponseParameter:  billNo: 1426514478-29069 | endTime:2015-03-17 10:31:08

2015-03-17T10:31:08Z
successcode=0&Ref=1426514478-29069&PayRef=6600742&Amt=500.0&Cur=978&prc=0&src=0&Ord=507621502695&Holder=jean marie caillol&AuthId=880358&TxTime=2015-03-17 18:31:08.0&errMsg=Transaction completed







2015-03-17T10:48:33Z
RequestParameter:  billNo: 1426497653-3350 | startTime:2015-03-17 10:48:33

2015-03-17T10:48:33Z
https://www.pesopay.com/b2c2/eng/directPay/payComp.jsp?payType=N&merchantId=18139954&pMethod=Master&lang=E&cardHolder=christophe%20hermouet&cardNo=5132770091225753&securityCode=996&epMonth=03&epYear=2016&amount=400&currCode=978&orderRef=1426497653-3350&remark=

2015-03-17T10:48:46Z
ResponseParameter:  billNo: 1426497653-3350 | endTime:2015-03-17 10:48:46

2015-03-17T10:48:46Z
successcode=0&Ref=1426497653-3350&PayRef=6600814&Amt=400.0&Cur=978&prc=0&src=0&Ord=507621502784&Holder=christophe hermouet&AuthId=639602&TxTime=2015-03-17 18:48:39.0&errMsg=Transaction completed







2015-03-17T10:48:53Z
RequestParameter:  billNo: 1426497452-3350 | startTime:2015-03-17 10:48:53

2015-03-17T10:48:53Z
https://www.pesopay.com/b2c2/eng/directPay/payComp.jsp?payType=N&merchantId=18139954&pMethod=Master&lang=E&cardHolder=christophe%20hermouet&cardNo=5132770091225753&securityCode=996&epMonth=03&epYear=2016&amount=400&currCode=978&orderRef=1426497452-3350&remark=

2015-03-17T10:49:03Z
ResponseParameter:  billNo: 1426497452-3350 | endTime:2015-03-17 10:49:03

2015-03-17T10:49:03Z
successcode=1&Ref=1426497452-3350&PayRef=6600817&Amt=400.0&Cur=978&prc=1&src=205&Ord=507621502787&Holder=christophe hermouet&AuthId=&TxTime=2015-03-17 18:48:59.0&errMsg=Transaction failed







2015-03-17T10:53:01Z
RequestParameter:  billNo: 1426515159-3908 | startTime:2015-03-17 10:53:01

2015-03-17T10:53:01Z
https://www.pesopay.com/b2c2/eng/directPay/payComp.jsp?payType=N&merchantId=18139954&pMethod=VISA&lang=E&cardHolder=Alexis%20Monnier&cardNo=4561449416463992&securityCode=74&epMonth=10&epYear=2015&amount=1500&currCode=978&orderRef=1426515159-3908&remark=

2015-03-17T10:53:01Z
ResponseParameter:  billNo: 1426515159-3908 | endTime:2015-03-17 10:53:01

2015-03-17T10:53:01Z
successcode=-1&Ref=&PayRef=&Amt=&Cur=&prc=&src=&Ord=&Holder=&AuthId=&TxTime=&errMsg=Invalid Card Verification Number


2015-03-17T11:04:44Z
RequestParameter:  billNo: kBWPs1426590282 | startTime:2015-03-17 11:04:44

2015-03-17T11:04:44Z
https://www.pesopay.com/b2c2/eng/directPay/payComp.jsp?payType=N&merchantId=18139954&pMethod=VISA&lang=E&cardHolder=jerome%20boiteux&cardNo=4************235&securityCode=***&epMonth=05&epYear=2017&amount=500&currCode=978&orderRef=kBWPs1426590282&remark=boiteux

2015-03-17T11:04:49Z
ResponseParameter:  billNo: kBWPs1426590282 | endTime:2015-03-17 11:04:49

2015-03-17T11:04:49Z
successcode=1&Ref=kBWPs1426590282&PayRef=6600871&Amt=500.0&Cur=978&prc=1&src=205&Ord=507622502880&Holder=jerome boiteux&AuthId=&TxTime=2015-03-17 19:04:50.0&errMsg=Transaction failed







2015-03-17T11:24:25Z
RequestParameter:  billNo: 1426565126-13013 | startTime:2015-03-17 11:24:25

2015-03-17T11:24:25Z
https://www.pesopay.com/b2c2/eng/directPay/payComp.jsp?payType=N&merchantId=18139954&pMethod=VISA&lang=E&cardHolder=Khassanov%20Sergey&cardNo=4132632001647083&securityCode=450&epMonth=04&epYear=2016&amount=200&currCode=978&orderRef=1426565126-13013&remark=

2015-03-17T11:24:30Z
ResponseParameter:  billNo: 1426565126-13013 | endTime:2015-03-17 11:24:30

2015-03-17T11:24:30Z
successcode=0&Ref=1426565126-13013&PayRef=6600917&Amt=200.0&Cur=978&prc=0&src=0&Ord=507622502963&Holder=Khassanov Sergey&AuthId=273012&TxTime=2015-03-17 19:24:31.0&errMsg=Transaction completed







2015-03-17T11:31:28Z
RequestParameter:  billNo: 1426590754-24372 | startTime:2015-03-17 11:31:28

2015-03-17T11:31:28Z
https://www.pesopay.com/b2c2/eng/directPay/payComp.jsp?payType=N&merchantId=18139954&pMethod=VISA&lang=E&cardHolder=Jean%20Pierre%20Guery&cardNo=4561889994188935&securityCode=59&epMonth=09&epYear=2017&amount=250&currCode=978&orderRef=1426590754-24372&remark=

2015-03-17T11:31:28Z
ResponseParameter:  billNo: 1426590754-24372 | endTime:2015-03-17 11:31:28

2015-03-17T11:31:28Z
successcode=-1&Ref=&PayRef=&Amt=&Cur=&prc=&src=&Ord=&Holder=&AuthId=&TxTime=&errMsg=Invalid Card Verification Number


2015-03-17T11:31:34Z
RequestParameter:  billNo: 1426590695-24372 | startTime:2015-03-17 11:31:34

2015-03-17T11:31:34Z
https://www.pesopay.com/b2c2/eng/directPay/payComp.jsp?payType=N&merchantId=18139954&pMethod=VISA&lang=E&cardHolder=Jean%20Pierre%20Guery&cardNo=4561889994188935&securityCode=59&epMonth=09&epYear=2017&amount=250&currCode=978&orderRef=1426590695-24372&remark=

2015-03-17T11:31:34Z
ResponseParameter:  billNo: 1426590695-24372 | endTime:2015-03-17 11:31:34

2015-03-17T11:31:34Z
successcode=-1&Ref=&PayRef=&Amt=&Cur=&prc=&src=&Ord=&Holder=&AuthId=&TxTime=&errMsg=Invalid Card Verification Number


2015-03-17T11:36:39Z
RequestParameter:  billNo: WvPYJ1426592196 | startTime:2015-03-17 11:36:39

2015-03-17T11:36:39Z
https://www.pesopay.com/b2c2/eng/directPay/payComp.jsp?payType=N&merchantId=18139954&pMethod=VISA&lang=E&cardHolder=bernard%20reppert&cardNo=4************405&securityCode=***&epMonth=03&epYear=2017&amount=2000&currCode=978&orderRef=WvPYJ1426592196&remark=reppert

2015-03-17T11:36:41Z
ResponseParameter:  billNo: WvPYJ1426592196 | endTime:2015-03-17 11:36:41

2015-03-17T11:36:41Z
successcode=1&Ref=WvPYJ1426592196&PayRef=6600961&Amt=2000.0&Cur=978&prc=1&src=257&Ord=507622503022&Holder=bernard reppert&AuthId=&TxTime=2015-03-17 19:36:45.0&errMsg=Transaction failed







2015-03-17T11:36:55Z
RequestParameter:  billNo: Jc8A11426592213 | startTime:2015-03-17 11:36:55

2015-03-17T11:36:55Z
https://www.pesopay.com/b2c2/eng/directPay/payComp.jsp?payType=N&merchantId=18139954&pMethod=VISA&lang=E&cardHolder=bernard%20reppert&cardNo=4************405&securityCode=***&epMonth=03&epYear=2017&amount=1000&currCode=978&orderRef=Jc8A11426592213&remark=reppert

2015-03-17T11:36:58Z
ResponseParameter:  billNo: Jc8A11426592213 | endTime:2015-03-17 11:36:58

2015-03-17T11:36:58Z
successcode=1&Ref=Jc8A11426592213&PayRef=6600964&Amt=1000.0&Cur=978&prc=1&src=257&Ord=507622503023&Holder=bernard reppert&AuthId=&TxTime=2015-03-17 19:37:01.0&errMsg=Transaction failed







2015-03-17T11:38:45Z
RequestParameter:  billNo: 1y3F01426592324 | startTime:2015-03-17 11:38:45

2015-03-17T11:38:45Z
https://www.pesopay.com/b2c2/eng/directPay/payComp.jsp?payType=N&merchantId=18139954&pMethod=Master&lang=E&cardHolder=mario%20couraud&cardNo=5************673&securityCode=***&epMonth=12&epYear=2017&amount=500&currCode=978&orderRef=1y3F01426592324&remark=couraud

2015-03-17T11:39:01Z
ResponseParameter:  billNo: 1y3F01426592324 | endTime:2015-03-17 11:39:01

2015-03-17T11:39:01Z
successcode=1&Ref=1y3F01426592324&PayRef=6600967&Amt=500.0&Cur=978&prc=1&src=551&Ord=507622503034&Holder=mario couraud&AuthId=&TxTime=2015-03-17 19:38:51.0&errMsg=Transaction failed







2015-03-17T11:39:15Z
RequestParameter:  billNo: 1fUCH1426592354 | startTime:2015-03-17 11:39:15

2015-03-17T11:39:15Z
https://www.pesopay.com/b2c2/eng/directPay/payComp.jsp?payType=N&merchantId=18139954&pMethod=Master&lang=E&cardHolder=mario%20couraud&cardNo=5************673&securityCode=***&epMonth=12&epYear=2017&amount=200&currCode=978&orderRef=1fUCH1426592354&remark=couraud

2015-03-17T11:39:21Z
ResponseParameter:  billNo: 1fUCH1426592354 | endTime:2015-03-17 11:39:21

2015-03-17T11:39:21Z
successcode=1&Ref=1fUCH1426592354&PayRef=6600968&Amt=200.0&Cur=978&prc=1&src=551&Ord=507622503037&Holder=mario couraud&AuthId=&TxTime=2015-03-17 19:39:21.0&errMsg=Transaction failed







2015-03-17T11:42:04Z
RequestParameter:  billNo: PIHCa1426592523 | startTime:2015-03-17 11:42:04

2015-03-17T11:42:04Z
https://www.pesopay.com/b2c2/eng/directPay/payComp.jsp?payType=N&merchantId=18139954&pMethod=VISA&lang=E&cardHolder=philipe%20girona&cardNo=4************437&securityCode=***&epMonth=06&epYear=2017&amount=500&currCode=978&orderRef=PIHCa1426592523&remark=girona

2015-03-17T11:42:08Z
ResponseParameter:  billNo: PIHCa1426592523 | endTime:2015-03-17 11:42:08

2015-03-17T11:42:08Z
successcode=1&Ref=PIHCa1426592523&PayRef=6600981&Amt=500.0&Cur=978&prc=1&src=205&Ord=507622503054&Holder=philipe girona&AuthId=&TxTime=2015-03-17 19:42:10.0&errMsg=Transaction failed







2015-03-17T11:42:26Z
RequestParameter:  billNo: zqF1J1426592544 | startTime:2015-03-17 11:42:26

2015-03-17T11:42:26Z
https://www.pesopay.com/b2c2/eng/directPay/payComp.jsp?payType=N&merchantId=18139954&pMethod=VISA&lang=E&cardHolder=philipe%20girona&cardNo=4************437&securityCode=***&epMonth=06&epYear=2017&amount=200&currCode=978&orderRef=zqF1J1426592544&remark=girona

2015-03-17T11:42:30Z
ResponseParameter:  billNo: zqF1J1426592544 | endTime:2015-03-17 11:42:30

2015-03-17T11:42:30Z
successcode=1&Ref=zqF1J1426592544&PayRef=6600983&Amt=200.0&Cur=978&prc=1&src=205&Ord=507622503056&Holder=philipe girona&AuthId=&TxTime=2015-03-17 19:42:32.0&errMsg=Transaction failed







2015-03-17T11:43:50Z
RequestParameter:  billNo: sirRM1426592629 | startTime:2015-03-17 11:43:50

2015-03-17T11:43:50Z
https://www.pesopay.com/b2c2/eng/directPay/payComp.jsp?payType=N&merchantId=18139954&pMethod=VISA&lang=E&cardHolder=francois%20wilfrid&cardNo=4************636&securityCode=***&epMonth=06&epYear=2017&amount=500&currCode=978&orderRef=sirRM1426592629&remark=girona

2015-03-17T11:44:05Z
ResponseParameter:  billNo: sirRM1426592629 | endTime:2015-03-17 11:44:05

2015-03-17T11:44:05Z
successcode=1&Ref=sirRM1426592629&PayRef=6600990&Amt=500.0&Cur=978&prc=1&src=551&Ord=507622503069&Holder=francois wilfrid&AuthId=&TxTime=2015-03-17 19:43:57.0&errMsg=Transaction failed







2015-03-17T11:44:18Z
RequestParameter:  billNo: bNYm41426592656 | startTime:2015-03-17 11:44:18

2015-03-17T11:44:18Z
https://www.pesopay.com/b2c2/eng/directPay/payComp.jsp?payType=N&merchantId=18139954&pMethod=VISA&lang=E&cardHolder=francois%20wilfrid&cardNo=4************636&securityCode=***&epMonth=06&epYear=2017&amount=200&currCode=978&orderRef=bNYm41426592656&remark=girona

2015-03-17T11:44:22Z
ResponseParameter:  billNo: bNYm41426592656 | endTime:2015-03-17 11:44:22

2015-03-17T11:44:22Z
successcode=0&Ref=bNYm41426592656&PayRef=6600993&Amt=200.0&Cur=978&prc=0&src=0&Ord=507622503070&Holder=francois wilfrid&AuthId=984411&TxTime=2015-03-17 19:44:24.0&errMsg=Transaction completed







2015-03-17T11:45:46Z
RequestParameter:  billNo: Yp8k21426592745 | startTime:2015-03-17 11:45:46

2015-03-17T11:45:46Z
https://www.pesopay.com/b2c2/eng/directPay/payComp.jsp?payType=N&merchantId=18139954&pMethod=VISA&lang=E&cardHolder=francois%20wilfrid&cardNo=4************636&securityCode=***&epMonth=06&epYear=2017&amount=300&currCode=978&orderRef=Yp8k21426592745&remark=argrg

2015-03-17T11:45:50Z
ResponseParameter:  billNo: Yp8k21426592745 | endTime:2015-03-17 11:45:50

2015-03-17T11:45:50Z
successcode=1&Ref=Yp8k21426592745&PayRef=6601001&Amt=300.0&Cur=978&prc=1&src=205&Ord=507622503083&Holder=francois wilfrid&AuthId=&TxTime=2015-03-17 19:45:52.0&errMsg=Transaction failed







2015-03-17T11:46:04Z
RequestParameter:  billNo: bqQuh1426592762 | startTime:2015-03-17 11:46:04

2015-03-17T11:46:04Z
https://www.pesopay.com/b2c2/eng/directPay/payComp.jsp?payType=N&merchantId=18139954&pMethod=VISA&lang=E&cardHolder=francois%20wilfrid&cardNo=4************636&securityCode=***&epMonth=06&epYear=2017&amount=200&currCode=978&orderRef=bqQuh1426592762&remark=argrg

2015-03-17T11:46:08Z
ResponseParameter:  billNo: bqQuh1426592762 | endTime:2015-03-17 11:46:08

2015-03-17T11:46:08Z
successcode=0&Ref=bqQuh1426592762&PayRef=6601002&Amt=200.0&Cur=978&prc=0&src=0&Ord=507622503084&Holder=francois wilfrid&AuthId=324217&TxTime=2015-03-17 19:46:10.0&errMsg=Transaction completed







2015-03-17T11:47:35Z
RequestParameter:  billNo: hbUGQ1426592853 | startTime:2015-03-17 11:47:35

2015-03-17T11:47:35Z
https://www.pesopay.com/b2c2/eng/directPay/payComp.jsp?payType=N&merchantId=18139954&pMethod=VISA&lang=E&cardHolder=francois%20wilfrid&cardNo=4************636&securityCode=***&epMonth=06&epYear=2017&amount=100&currCode=978&orderRef=hbUGQ1426592853&remark=sdfgafg

2015-03-17T11:47:37Z
ResponseParameter:  billNo: hbUGQ1426592853 | endTime:2015-03-17 11:47:37

2015-03-17T11:47:37Z
successcode=1&Ref=hbUGQ1426592853&PayRef=6601006&Amt=100.0&Cur=978&prc=1&src=551&Ord=507622503094&Holder=francois wilfrid&AuthId=&TxTime=2015-03-17 19:47:41.0&errMsg=Transaction failed







2015-03-17T11:47:55Z
RequestParameter:  billNo: dwvLu1426592874 | startTime:2015-03-17 11:47:55

2015-03-17T11:47:55Z
https://www.pesopay.com/b2c2/eng/directPay/payComp.jsp?payType=N&merchantId=18139954&pMethod=VISA&lang=E&cardHolder=francois%20wilfrid&cardNo=4************636&securityCode=***&epMonth=06&epYear=2017&amount=50&currCode=978&orderRef=dwvLu1426592874&remark=sdfgafg

2015-03-17T11:48:15Z
ResponseParameter:  billNo: dwvLu1426592874 | endTime:2015-03-17 11:48:15

2015-03-17T11:48:15Z
successcode=0&Ref=dwvLu1426592874&PayRef=6601007&Amt=50.0&Cur=978&prc=0&src=0&Ord=507622503096&Holder=francois wilfrid&AuthId=644422&TxTime=2015-03-17 19:48:01.0&errMsg=Transaction completed







2015-03-17T11:49:43Z
RequestParameter:  billNo: gIiKy1426592981 | startTime:2015-03-17 11:49:43

2015-03-17T11:49:43Z
https://www.pesopay.com/b2c2/eng/directPay/payComp.jsp?payType=N&merchantId=18139954&pMethod=VISA&lang=E&cardHolder=francois%20wilfrid&cardNo=4************636&securityCode=***&epMonth=06&epYear=2017&amount=50&currCode=978&orderRef=gIiKy1426592981&remark=xcavgarsga

2015-03-17T11:49:47Z
ResponseParameter:  billNo: gIiKy1426592981 | endTime:2015-03-17 11:49:47

2015-03-17T11:49:47Z
successcode=1&Ref=gIiKy1426592981&PayRef=6601015&Amt=50.0&Cur=978&prc=1&src=551&Ord=507622503101&Holder=francois wilfrid&AuthId=&TxTime=2015-03-17 19:49:49.0&errMsg=Transaction failed







2015-03-17T11:52:14Z
RequestParameter:  billNo: W4uqm1426593132 | startTime:2015-03-17 11:52:14

2015-03-17T11:52:14Z
https://www.pesopay.com/b2c2/eng/directPay/payComp.jsp?payType=N&merchantId=18139954&pMethod=Master&lang=E&cardHolder=fabien%20nique&cardNo=5************259&securityCode=***&epMonth=11&epYear=2017&amount=500&currCode=978&orderRef=W4uqm1426593132&remark=nique

2015-03-17T11:52:16Z
ResponseParameter:  billNo: W4uqm1426593132 | endTime:2015-03-17 11:52:16

2015-03-17T11:52:16Z
successcode=0&Ref=W4uqm1426593132&PayRef=6601024&Amt=500.0&Cur=978&prc=0&src=0&Ord=507622503111&Holder=fabien nique&AuthId=452585&TxTime=2015-03-17 19:52:20.0&errMsg=Transaction completed







2015-03-17T11:54:10Z
RequestParameter:  billNo: GVyTi1426593248 | startTime:2015-03-17 11:54:10

2015-03-17T11:54:10Z
https://www.pesopay.com/b2c2/eng/directPay/payComp.jsp?payType=N&merchantId=18139954&pMethod=Master&lang=E&cardHolder=fabien%20nique&cardNo=5************259&securityCode=***&epMonth=11&epYear=2017&amount=1500&currCode=978&orderRef=GVyTi1426593248&remark=nique

2015-03-17T11:54:14Z
ResponseParameter:  billNo: GVyTi1426593248 | endTime:2015-03-17 11:54:14

2015-03-17T11:54:14Z
successcode=1&Ref=GVyTi1426593248&PayRef=6601037&Amt=1500.0&Cur=978&prc=1&src=261&Ord=507622503125&Holder=fabien nique&AuthId=&TxTime=2015-03-17 19:54:16.0&errMsg=Transaction failed







2015-03-17T11:54:29Z
RequestParameter:  billNo: ZC3Q81426593268 | startTime:2015-03-17 11:54:29

2015-03-17T11:54:29Z
https://www.pesopay.com/b2c2/eng/directPay/payComp.jsp?payType=N&merchantId=18139954&pMethod=Master&lang=E&cardHolder=fabien%20nique&cardNo=5************259&securityCode=***&epMonth=11&epYear=2017&amount=1000&currCode=978&orderRef=ZC3Q81426593268&remark=nique

2015-03-17T11:54:32Z
ResponseParameter:  billNo: ZC3Q81426593268 | endTime:2015-03-17 11:54:32

2015-03-17T11:54:32Z
successcode=1&Ref=ZC3Q81426593268&PayRef=6601038&Amt=1000.0&Cur=978&prc=1&src=261&Ord=507622503127&Holder=fabien nique&AuthId=&TxTime=2015-03-17 19:54:35.0&errMsg=Transaction failed







2015-03-17T11:54:46Z
RequestParameter:  billNo: Bgi0K1426593283 | startTime:2015-03-17 11:54:46

2015-03-17T11:54:46Z
https://www.pesopay.com/b2c2/eng/directPay/payComp.jsp?payType=N&merchantId=18139954&pMethod=Master&lang=E&cardHolder=fabien%20nique&cardNo=5************259&securityCode=***&epMonth=11&epYear=2017&amount=500&currCode=978&orderRef=Bgi0K1426593283&remark=nique

2015-03-17T11:54:49Z
ResponseParameter:  billNo: Bgi0K1426593283 | endTime:2015-03-17 11:54:49

2015-03-17T11:54:49Z
successcode=0&Ref=Bgi0K1426593283&PayRef=6601040&Amt=500.0&Cur=978&prc=0&src=0&Ord=507622503129&Holder=fabien nique&AuthId=931395&TxTime=2015-03-17 19:54:52.0&errMsg=Transaction completed







2015-03-17T11:56:30Z
RequestParameter:  billNo: gEeCZ1426593389 | startTime:2015-03-17 11:56:30

2015-03-17T11:56:30Z
https://www.pesopay.com/b2c2/eng/directPay/payComp.jsp?payType=N&merchantId=18139954&pMethod=Master&lang=E&cardHolder=fabien%20nique&cardNo=5************259&securityCode=***&epMonth=11&epYear=2017&amount=500&currCode=978&orderRef=gEeCZ1426593389&remark=nique

2015-03-17T11:56:32Z
ResponseParameter:  billNo: gEeCZ1426593389 | endTime:2015-03-17 11:56:32

2015-03-17T11:56:32Z
successcode=1&Ref=gEeCZ1426593389&PayRef=6601047&Amt=500.0&Cur=978&prc=1&src=261&Ord=507622503140&Holder=fabien nique&AuthId=&TxTime=2015-03-17 19:56:36.0&errMsg=Transaction failed







2015-03-17T11:57:23Z
RequestParameter:  billNo: isFb51426593442 | startTime:2015-03-17 11:57:23

2015-03-17T11:57:23Z
https://www.pesopay.com/b2c2/eng/directPay/payComp.jsp?payType=N&merchantId=18139954&pMethod=VISA&lang=E&cardHolder=fabien%20nique&cardNo=4************025&securityCode=***&epMonth=02&epYear=2016&amount=500&currCode=978&orderRef=isFb51426593442&remark=nique

2015-03-17T11:57:26Z
ResponseParameter:  billNo: isFb51426593442 | endTime:2015-03-17 11:57:26

2015-03-17T11:57:26Z
successcode=1&Ref=isFb51426593442&PayRef=6601049&Amt=500.0&Cur=978&prc=1&src=257&Ord=507622503143&Holder=fabien nique&AuthId=&TxTime=2015-03-17 19:57:29.0&errMsg=Transaction failed







2015-03-17T11:58:40Z
RequestParameter:  billNo: GIb9Q1426593518 | startTime:2015-03-17 11:58:40

2015-03-17T11:58:40Z
https://www.pesopay.com/b2c2/eng/directPay/payComp.jsp?payType=N&merchantId=18139954&pMethod=VISA&lang=E&cardHolder=jordan%20pioche&cardNo=4************746&securityCode=***&epMonth=04&epYear=2016&amount=500&currCode=978&orderRef=GIb9Q1426593518&remark=pioche

2015-03-17T11:58:45Z
ResponseParameter:  billNo: GIb9Q1426593518 | endTime:2015-03-17 11:58:45

2015-03-17T11:58:45Z
successcode=1&Ref=GIb9Q1426593518&PayRef=6601055&Amt=500.0&Cur=978&prc=1&src=551&Ord=507622503149&Holder=jordan pioche&AuthId=&TxTime=2015-03-17 19:58:46.0&errMsg=Transaction failed







2015-03-17T11:59:02Z
RequestParameter:  billNo: Gop0L1426593541 | startTime:2015-03-17 11:59:02

2015-03-17T11:59:02Z
https://www.pesopay.com/b2c2/eng/directPay/payComp.jsp?payType=N&merchantId=18139954&pMethod=VISA&lang=E&cardHolder=jordan%20pioche&cardNo=4************746&securityCode=***&epMonth=04&epYear=2016&amount=200&currCode=978&orderRef=Gop0L1426593541&remark=pioche

2015-03-17T11:59:05Z
ResponseParameter:  billNo: Gop0L1426593541 | endTime:2015-03-17 11:59:05

2015-03-17T11:59:05Z
successcode=1&Ref=Gop0L1426593541&PayRef=6601058&Amt=200.0&Cur=978&prc=1&src=551&Ord=507622503153&Holder=jordan pioche&AuthId=&TxTime=2015-03-17 19:59:08.0&errMsg=Transaction failed







2015-03-17T12:06:38Z
RequestParameter:  billNo: EMBt01426593996 | startTime:2015-03-17 12:06:38

2015-03-17T12:06:38Z
https://www.pesopay.com/b2c2/eng/directPay/payComp.jsp?payType=N&merchantId=18139954&pMethod=VISA&lang=E&cardHolder=denis%20chaussivert&cardNo=4************889&securityCode=***&epMonth=06&epYear=2016&amount=200&currCode=978&orderRef=EMBt01426593996&remark=chesnais

2015-03-17T12:06:42Z
ResponseParameter:  billNo: EMBt01426593996 | endTime:2015-03-17 12:06:42

2015-03-17T12:06:42Z
successcode=0&Ref=EMBt01426593996&PayRef=6601075&Amt=200.0&Cur=978&prc=0&src=0&Ord=507623503187&Holder=denis chaussivert&AuthId=287743&TxTime=2015-03-17 20:06:44.0&errMsg=Transaction completed







2015-03-17T12:08:35Z
RequestParameter:  billNo: tzBRD1426594114 | startTime:2015-03-17 12:08:35

2015-03-17T12:08:35Z
https://www.pesopay.com/b2c2/eng/directPay/payComp.jsp?payType=N&merchantId=18139954&pMethod=VISA&lang=E&cardHolder=denis%20chaussivert&cardNo=4************889&securityCode=***&epMonth=06&epYear=2016&amount=800&currCode=978&orderRef=tzBRD1426594114&remark=chaussivert

2015-03-17T12:09:02Z
ResponseParameter:  billNo: tzBRD1426594114 | endTime:2015-03-17 12:09:02

2015-03-17T12:09:02Z
successcode=1&Ref=tzBRD1426594114&PayRef=6601080&Amt=800.0&Cur=978&prc=1&src=551&Ord=507623503197&Holder=denis chaussivert&AuthId=&TxTime=2015-03-17 20:08:41.0&errMsg=Transaction failed







2015-03-17T12:09:15Z
RequestParameter:  billNo: wJdgN1426594154 | startTime:2015-03-17 12:09:15

2015-03-17T12:09:15Z
https://www.pesopay.com/b2c2/eng/directPay/payComp.jsp?payType=N&merchantId=18139954&pMethod=VISA&lang=E&cardHolder=denis%20chaussivert&cardNo=4************889&securityCode=***&epMonth=06&epYear=2016&amount=500&currCode=978&orderRef=wJdgN1426594154&remark=chaussivert

2015-03-17T12:09:45Z
ResponseParameter:  billNo: wJdgN1426594154 | endTime:2015-03-17 12:09:45

2015-03-17T12:09:45Z
successcode=1&Ref=wJdgN1426594154&PayRef=6601087&Amt=500.0&Cur=978&prc=1&src=551&Ord=507623503200&Holder=denis chaussivert&AuthId=&TxTime=2015-03-17 20:09:22.0&errMsg=Transaction failed







2015-03-17T12:10:01Z
RequestParameter:  billNo: lz27k1426594199 | startTime:2015-03-17 12:10:01

2015-03-17T12:10:01Z
https://www.pesopay.com/b2c2/eng/directPay/payComp.jsp?payType=N&merchantId=18139954&pMethod=VISA&lang=E&cardHolder=denis%20chaussivert&cardNo=4************889&securityCode=***&epMonth=06&epYear=2016&amount=300&currCode=978&orderRef=lz27k1426594199&remark=chaussivert

2015-03-17T12:10:29Z
ResponseParameter:  billNo: lz27k1426594199 | endTime:2015-03-17 12:10:29

2015-03-17T12:10:29Z
successcode=1&Ref=lz27k1426594199&PayRef=6601093&Amt=300.0&Cur=978&prc=1&src=551&Ord=507623503212&Holder=denis chaussivert&AuthId=&TxTime=2015-03-17 20:10:07.0&errMsg=Transaction failed







2015-03-17T12:10:44Z
RequestParameter:  billNo: P2GMA1426594243 | startTime:2015-03-17 12:10:44

2015-03-17T12:10:44Z
https://www.pesopay.com/b2c2/eng/directPay/payComp.jsp?payType=N&merchantId=18139954&pMethod=VISA&lang=E&cardHolder=denis%20chaussivert&cardNo=4************889&securityCode=***&epMonth=06&epYear=2016&amount=200&currCode=978&orderRef=P2GMA1426594243&remark=chaussivert

2015-03-17T12:11:19Z
ResponseParameter:  billNo: P2GMA1426594243 | endTime:2015-03-17 12:11:19

2015-03-17T12:11:19Z
successcode=1&Ref=P2GMA1426594243&PayRef=6601098&Amt=200.0&Cur=978&prc=1&src=551&Ord=507623503224&Holder=denis chaussivert&AuthId=&TxTime=2015-03-17 20:10:50.0&errMsg=Transaction failed







2015-03-17T12:12:29Z
RequestParameter:  billNo: 7ZvLd1426594347 | startTime:2015-03-17 12:12:29

2015-03-17T12:12:29Z
https://www.pesopay.com/b2c2/eng/directPay/payComp.jsp?payType=N&merchantId=18139954&pMethod=Master&lang=E&cardHolder=layon%20herte&cardNo=5************972&securityCode=***&epMonth=06&epYear=2017&amount=200&currCode=978&orderRef=7ZvLd1426594347&remark=chaussivert

2015-03-17T12:12:38Z
ResponseParameter:  billNo: 7ZvLd1426594347 | endTime:2015-03-17 12:12:38

2015-03-17T12:12:38Z
successcode=0&Ref=7ZvLd1426594347&PayRef=6601113&Amt=200.0&Cur=978&prc=0&src=0&Ord=507623503236&Holder=layon herte&AuthId=005683&TxTime=2015-03-17 20:12:36.0&errMsg=Transaction completed







2015-03-17T12:14:32Z
RequestParameter:  billNo: w0Hiq1426594469 | startTime:2015-03-17 12:14:32

2015-03-17T12:14:32Z
https://www.pesopay.com/b2c2/eng/directPay/payComp.jsp?payType=N&merchantId=18139954&pMethod=Master&lang=E&cardHolder=layon%20herte&cardNo=5************972&securityCode=***&epMonth=06&epYear=2017&amount=300&currCode=978&orderRef=w0Hiq1426594469&remark=herte

2015-03-17T12:14:41Z
ResponseParameter:  billNo: w0Hiq1426594469 | endTime:2015-03-17 12:14:41

2015-03-17T12:14:41Z
successcode=0&Ref=w0Hiq1426594469&PayRef=6601129&Amt=300.0&Cur=978&prc=0&src=0&Ord=507623503248&Holder=layon herte&AuthId=351242&TxTime=2015-03-17 20:14:38.0&errMsg=Transaction completed







2015-03-17T12:16:22Z
RequestParameter:  billNo: PyTxY1426594581 | startTime:2015-03-17 12:16:22

2015-03-17T12:16:22Z
https://www.pesopay.com/b2c2/eng/directPay/payComp.jsp?payType=N&merchantId=18139954&pMethod=Master&lang=E&cardHolder=layon%20herte&cardNo=5************972&securityCode=***&epMonth=06&epYear=2017&amount=1000&currCode=978&orderRef=PyTxY1426594581&remark=dsdsd

2015-03-17T12:16:28Z
ResponseParameter:  billNo: PyTxY1426594581 | endTime:2015-03-17 12:16:28

2015-03-17T12:16:28Z
successcode=1&Ref=PyTxY1426594581&PayRef=6601150&Amt=1000.0&Cur=978&prc=1&src=261&Ord=507623503262&Holder=layon herte&AuthId=&TxTime=2015-03-17 20:16:29.0&errMsg=Transaction failed







2015-03-17T12:16:42Z
RequestParameter:  billNo: ISbUE1426594600 | startTime:2015-03-17 12:16:42

2015-03-17T12:16:42Z
https://www.pesopay.com/b2c2/eng/directPay/payComp.jsp?payType=N&merchantId=18139954&pMethod=Master&lang=E&cardHolder=layon%20herte&cardNo=5************972&securityCode=***&epMonth=06&epYear=2017&amount=500&currCode=978&orderRef=ISbUE1426594600&remark=dsdsd

2015-03-17T12:16:48Z
ResponseParameter:  billNo: ISbUE1426594600 | endTime:2015-03-17 12:16:48

2015-03-17T12:16:48Z
successcode=0&Ref=ISbUE1426594600&PayRef=6601155&Amt=500.0&Cur=978&prc=0&src=0&Ord=507623503264&Holder=layon herte&AuthId=936574&TxTime=2015-03-17 20:16:48.0&errMsg=Transaction completed







2015-03-17T12:18:22Z
RequestParameter:  billNo: Yqi071426594701 | startTime:2015-03-17 12:18:22

2015-03-17T12:18:22Z
https://www.pesopay.com/b2c2/eng/directPay/payComp.jsp?payType=N&merchantId=18139954&pMethod=Master&lang=E&cardHolder=layon%20herte&cardNo=5************972&securityCode=***&epMonth=06&epYear=2017&amount=500&currCode=978&orderRef=Yqi071426594701&remark=sdfgrsg

2015-03-17T12:18:37Z
ResponseParameter:  billNo: Yqi071426594701 | endTime:2015-03-17 12:18:37

2015-03-17T12:18:37Z
successcode=1&Ref=Yqi071426594701&PayRef=6601173&Amt=500.0&Cur=978&prc=1&src=261&Ord=507623503278&Holder=layon herte&AuthId=&TxTime=2015-03-17 20:18:29.0&errMsg=Transaction failed







2015-03-17T12:18:50Z
RequestParameter:  billNo: VThLN1426594728 | startTime:2015-03-17 12:18:50

2015-03-17T12:18:50Z
https://www.pesopay.com/b2c2/eng/directPay/payComp.jsp?payType=N&merchantId=18139954&pMethod=Master&lang=E&cardHolder=layon%20herte&cardNo=5************972&securityCode=***&epMonth=06&epYear=2017&amount=300&currCode=978&orderRef=VThLN1426594728&remark=sdfgrsg

2015-03-17T12:18:57Z
ResponseParameter:  billNo: VThLN1426594728 | endTime:2015-03-17 12:18:57

2015-03-17T12:18:57Z
successcode=1&Ref=VThLN1426594728&PayRef=6601181&Amt=300.0&Cur=978&prc=1&src=261&Ord=507623503280&Holder=layon herte&AuthId=&TxTime=2015-03-17 20:18:56.0&errMsg=Transaction failed







2015-03-17T12:19:10Z
RequestParameter:  billNo: YexQm1426594748 | startTime:2015-03-17 12:19:10

2015-03-17T12:19:10Z
https://www.pesopay.com/b2c2/eng/directPay/payComp.jsp?payType=N&merchantId=18139954&pMethod=Master&lang=E&cardHolder=layon%20herte&cardNo=5************972&securityCode=***&epMonth=06&epYear=2017&amount=200&currCode=978&orderRef=YexQm1426594748&remark=sdfgrsg

2015-03-17T12:19:16Z
ResponseParameter:  billNo: YexQm1426594748 | endTime:2015-03-17 12:19:16

2015-03-17T12:19:16Z
successcode=1&Ref=YexQm1426594748&PayRef=6601185&Amt=200.0&Cur=978&prc=1&src=261&Ord=507623503281&Holder=layon herte&AuthId=&TxTime=2015-03-17 20:19:16.0&errMsg=Transaction failed







2015-03-17T12:20:48Z
RequestParameter:  billNo: 7hgGa1426594846 | startTime:2015-03-17 12:20:48

2015-03-17T12:20:48Z
https://www.pesopay.com/b2c2/eng/directPay/payComp.jsp?payType=N&merchantId=18139954&pMethod=VISA&lang=E&cardHolder=alain%20benitah&cardNo=4************432&securityCode=***&epMonth=10&epYear=2017&amount=500&currCode=978&orderRef=7hgGa1426594846&remark=sdfgrsg

2015-03-17T12:21:02Z
ResponseParameter:  billNo: 7hgGa1426594846 | endTime:2015-03-17 12:21:02

2015-03-17T12:21:02Z
successcode=1&Ref=7hgGa1426594846&PayRef=6601204&Amt=500.0&Cur=978&prc=1&src=205&Ord=507623503294&Holder=alain benitah&AuthId=&TxTime=2015-03-17 20:20:54.0&errMsg=Transaction failed







2015-03-17T12:21:15Z
RequestParameter:  billNo: JYjdo1426594874 | startTime:2015-03-17 12:21:15

2015-03-17T12:21:15Z
https://www.pesopay.com/b2c2/eng/directPay/payComp.jsp?payType=N&merchantId=18139954&pMethod=VISA&lang=E&cardHolder=alain%20benitah&cardNo=4************432&securityCode=***&epMonth=10&epYear=2017&amount=200&currCode=978&orderRef=JYjdo1426594874&remark=sdfgrsg

2015-03-17T12:21:20Z
ResponseParameter:  billNo: JYjdo1426594874 | endTime:2015-03-17 12:21:20

2015-03-17T12:21:20Z
successcode=1&Ref=JYjdo1426594874&PayRef=6601209&Amt=200.0&Cur=978&prc=1&src=205&Ord=507623503298&Holder=alain benitah&AuthId=&TxTime=2015-03-17 20:21:21.0&errMsg=Transaction failed







2015-03-17T12:22:30Z
RequestParameter:  billNo: QKndZ1426594948 | startTime:2015-03-17 12:22:30

2015-03-17T12:22:30Z
https://www.pesopay.com/b2c2/eng/directPay/payComp.jsp?payType=N&merchantId=18139954&pMethod=VISA&lang=E&cardHolder=stephane%20de%20deecker&cardNo=4************318&securityCode=***&epMonth=06&epYear=2016&amount=200&currCode=978&orderRef=QKndZ1426594948&remark=sdfgrsg

2015-03-17T12:22:36Z
ResponseParameter:  billNo: QKndZ1426594948 | endTime:2015-03-17 12:22:36

2015-03-17T12:22:36Z
successcode=1&Ref=QKndZ1426594948&PayRef=6601221&Amt=200.0&Cur=978&prc=1&src=205&Ord=507623503306&Holder=stephane de deecker&AuthId=&TxTime=2015-03-17 20:22:36.0&errMsg=Transaction failed







2015-03-17T12:26:43Z
RequestParameter:  billNo: ALmyQ1426595202 | startTime:2015-03-17 12:26:43

2015-03-17T12:26:43Z
https://www.pesopay.com/b2c2/eng/directPay/payComp.jsp?payType=N&merchantId=18139954&pMethod=Master&lang=E&cardHolder=guy%20reynaud&cardNo=5************020&securityCode=***&epMonth=01&epYear=2016&amount=500&currCode=978&orderRef=ALmyQ1426595202&remark=sdfgrsg

2015-03-17T12:26:51Z
ResponseParameter:  billNo: ALmyQ1426595202 | endTime:2015-03-17 12:26:51

2015-03-17T12:26:51Z
successcode=0&Ref=ALmyQ1426595202&PayRef=6601281&Amt=500.0&Cur=978&prc=0&src=0&Ord=507623503331&Holder=guy reynaud&AuthId=684922&TxTime=2015-03-17 20:26:51.0&errMsg=Transaction completed







2015-03-17T12:28:53Z
RequestParameter:  billNo: d8raE1426595331 | startTime:2015-03-17 12:28:53

2015-03-17T12:28:53Z
https://www.pesopay.com/b2c2/eng/directPay/payComp.jsp?payType=N&merchantId=18139954&pMethod=Master&lang=E&cardHolder=guy%20reynaud&cardNo=5************020&securityCode=***&epMonth=01&epYear=2016&amount=1500&currCode=978&orderRef=d8raE1426595331&remark=dgfhth

2015-03-17T12:29:06Z
ResponseParameter:  billNo: d8raE1426595331 | endTime:2015-03-17 12:29:06

2015-03-17T12:29:06Z
successcode=1&Ref=d8raE1426595331&PayRef=6601307&Amt=1500.0&Cur=978&prc=1&src=205&Ord=507623503342&Holder=guy reynaud&AuthId=&TxTime=2015-03-17 20:28:59.0&errMsg=Transaction failed







2015-03-17T12:29:20Z
RequestParameter:  billNo: LcKam1426595359 | startTime:2015-03-17 12:29:20

2015-03-17T12:29:20Z
https://www.pesopay.com/b2c2/eng/directPay/payComp.jsp?payType=N&merchantId=18139954&pMethod=Master&lang=E&cardHolder=guy%20reynaud&cardNo=5************020&securityCode=***&epMonth=01&epYear=2016&amount=1000&currCode=978&orderRef=LcKam1426595359&remark=dgfhth

2015-03-17T12:29:28Z
ResponseParameter:  billNo: LcKam1426595359 | endTime:2015-03-17 12:29:28

2015-03-17T12:29:28Z
successcode=1&Ref=LcKam1426595359&PayRef=6601314&Amt=1000.0&Cur=978&prc=1&src=205&Ord=507623503344&Holder=guy reynaud&AuthId=&TxTime=2015-03-17 20:29:27.0&errMsg=Transaction failed







2015-03-17T12:29:42Z
RequestParameter:  billNo: LP0Q11426595380 | startTime:2015-03-17 12:29:42

2015-03-17T12:29:42Z
https://www.pesopay.com/b2c2/eng/directPay/payComp.jsp?payType=N&merchantId=18139954&pMethod=Master&lang=E&cardHolder=guy%20reynaud&cardNo=5************020&securityCode=***&epMonth=01&epYear=2016&amount=500&currCode=978&orderRef=LP0Q11426595380&remark=dgfhth

2015-03-17T12:29:46Z
ResponseParameter:  billNo: LP0Q11426595380 | endTime:2015-03-17 12:29:46

2015-03-17T12:29:46Z
successcode=1&Ref=LP0Q11426595380&PayRef=6601318&Amt=500.0&Cur=978&prc=1&src=205&Ord=507623503348&Holder=guy reynaud&AuthId=&TxTime=2015-03-17 20:29:48.0&errMsg=Transaction failed







2015-03-17T12:31:44Z
RequestParameter:  billNo: giYSu1426595503 | startTime:2015-03-17 12:31:44

2015-03-17T12:31:44Z
https://www.pesopay.com/b2c2/eng/directPay/payComp.jsp?payType=N&merchantId=18139954&pMethod=VISA&lang=E&cardHolder=yvan%20guillaume&cardNo=4************317&securityCode=***&epMonth=07&epYear=2015&amount=500&currCode=978&orderRef=giYSu1426595503&remark=dgfhth

2015-03-17T12:31:54Z
ResponseParameter:  billNo: giYSu1426595503 | endTime:2015-03-17 12:31:54

2015-03-17T12:31:54Z
successcode=1&Ref=giYSu1426595503&PayRef=6601339&Amt=500.0&Cur=978&prc=1&src=551&Ord=507623503372&Holder=yvan guillaume&AuthId=&TxTime=2015-03-17 20:31:51.0&errMsg=Transaction failed







2015-03-17T12:33:50Z
RequestParameter:  billNo: QIMSh1426595629 | startTime:2015-03-17 12:33:50

2015-03-17T12:33:50Z
https://www.pesopay.com/b2c2/eng/directPay/payComp.jsp?payType=N&merchantId=18139954&pMethod=VISA&lang=E&cardHolder=franco%20christine&cardNo=4************817&securityCode=***&epMonth=11&epYear=2016&amount=500&currCode=978&orderRef=QIMSh1426595629&remark=dgfhth

2015-03-17T12:34:08Z
ResponseParameter:  billNo: QIMSh1426595629 | endTime:2015-03-17 12:34:08

2015-03-17T12:34:08Z
successcode=1&Ref=QIMSh1426595629&PayRef=6601343&Amt=500.0&Cur=978&prc=1&src=205&Ord=507623503382&Holder=franco christine&AuthId=&TxTime=2015-03-17 20:33:57.0&errMsg=Transaction failed







2015-03-17T12:35:12Z
RequestParameter:  billNo: UGrVu1426595711 | startTime:2015-03-17 12:35:12

2015-03-17T12:35:12Z
https://www.pesopay.com/b2c2/eng/directPay/payComp.jsp?payType=N&merchantId=18139954&pMethod=VISA&lang=E&cardHolder=franco%20daniel&cardNo=4************914&securityCode=***&epMonth=11&epYear=2017&amount=500&currCode=978&orderRef=UGrVu1426595711&remark=dgfhth

2015-03-17T12:35:24Z
ResponseParameter:  billNo: UGrVu1426595711 | endTime:2015-03-17 12:35:24

2015-03-17T12:35:24Z
successcode=1&Ref=UGrVu1426595711&PayRef=6601348&Amt=500.0&Cur=978&prc=1&src=205&Ord=507623503390&Holder=franco daniel&AuthId=&TxTime=2015-03-17 20:35:18.0&errMsg=Transaction failed







2015-03-17T12:37:34Z
RequestParameter:  billNo: nOcCp1426595852 | startTime:2015-03-17 12:37:34

2015-03-17T12:37:34Z
https://www.pesopay.com/b2c2/eng/directPay/payComp.jsp?payType=N&merchantId=18139954&pMethod=VISA&lang=E&cardHolder=rene%20perrignon&cardNo=4************551&securityCode=***&epMonth=04&epYear=2015&amount=500&currCode=978&orderRef=nOcCp1426595852&remark=dgfhth

2015-03-17T12:37:39Z
ResponseParameter:  billNo: nOcCp1426595852 | endTime:2015-03-17 12:37:39

2015-03-17T12:37:39Z
successcode=0&Ref=nOcCp1426595852&PayRef=6601355&Amt=500.0&Cur=978&prc=0&src=0&Ord=507623503402&Holder=rene perrignon&AuthId=934924&TxTime=2015-03-17 20:37:40.0&errMsg=Transaction completed







2015-03-17T12:39:23Z
RequestParameter:  billNo: BUto81426595961 | startTime:2015-03-17 12:39:23

2015-03-17T12:39:23Z
https://www.pesopay.com/b2c2/eng/directPay/payComp.jsp?payType=N&merchantId=18139954&pMethod=VISA&lang=E&cardHolder=rene%20perrignon&cardNo=4************551&securityCode=***&epMonth=04&epYear=2015&amount=500&currCode=978&orderRef=BUto81426595961&remark=adadsf

2015-03-17T12:39:26Z
ResponseParameter:  billNo: BUto81426595961 | endTime:2015-03-17 12:39:26

2015-03-17T12:39:26Z
successcode=1&Ref=BUto81426595961&PayRef=6601362&Amt=500.0&Cur=978&prc=1&src=551&Ord=507623503414&Holder=rene perrignon&AuthId=&TxTime=2015-03-17 20:39:29.0&errMsg=Transaction failed







2015-03-17T12:39:40Z
RequestParameter:  billNo: PVRGk1426595978 | startTime:2015-03-17 12:39:40

2015-03-17T12:39:40Z
https://www.pesopay.com/b2c2/eng/directPay/payComp.jsp?payType=N&merchantId=18139954&pMethod=VISA&lang=E&cardHolder=rene%20perrignon&cardNo=4************551&securityCode=***&epMonth=04&epYear=2015&amount=200&currCode=978&orderRef=PVRGk1426595978&remark=adadsf

2015-03-17T12:39:43Z
ResponseParameter:  billNo: PVRGk1426595978 | endTime:2015-03-17 12:39:43

2015-03-17T12:39:43Z
successcode=0&Ref=PVRGk1426595978&PayRef=6601363&Amt=200.0&Cur=978&prc=0&src=0&Ord=507623503418&Holder=rene perrignon&AuthId=211269&TxTime=2015-03-17 20:39:46.0&errMsg=Transaction completed







2015-03-17T12:41:55Z
RequestParameter:  billNo: aegu61426596114 | startTime:2015-03-17 12:41:55

2015-03-17T12:41:55Z
https://www.pesopay.com/b2c2/eng/directPay/payComp.jsp?payType=N&merchantId=18139954&pMethod=VISA&lang=E&cardHolder=rene%20%20perrignon&cardNo=4************551&securityCode=***&epMonth=04&epYear=2015&amount=200&currCode=978&orderRef=aegu61426596114&remark=dsfgr

2015-03-17T12:41:59Z
ResponseParameter:  billNo: aegu61426596114 | endTime:2015-03-17 12:41:59

2015-03-17T12:41:59Z
successcode=0&Ref=aegu61426596114&PayRef=6601375&Amt=200.0&Cur=978&prc=0&src=0&Ord=507623503439&Holder=rene  perrignon&AuthId=623520&TxTime=2015-03-17 20:42:01.0&errMsg=Transaction completed







2015-03-17T12:42:09Z
RequestParameter:  billNo: SsHBZ1426596127 | startTime:2015-03-17 12:42:09

2015-03-17T12:42:09Z
https://www.pesopay.com/b2c2/eng/directPay/payComp.jsp?payType=N&merchantId=18139954&pMethod=VISA&lang=E&cardHolder=benita%20alain&cardNo=4************941&securityCode=***&epMonth=11&epYear=2016&amount=5000&currCode=978&orderRef=SsHBZ1426596127&remark=trading

2015-03-17T12:42:12Z
ResponseParameter:  billNo: SsHBZ1426596127 | endTime:2015-03-17 12:42:12

2015-03-17T12:42:12Z
successcode=1&Ref=SsHBZ1426596127&PayRef=6601377&Amt=5000.0&Cur=978&prc=1&src=551&Ord=507623503442&Holder=benita alain&AuthId=&TxTime=2015-03-17 20:42:15.0&errMsg=Transaction failed







2015-03-17T12:42:34Z
RequestParameter:  billNo: FzcR81426596152 | startTime:2015-03-17 12:42:34

2015-03-17T12:42:34Z
https://www.pesopay.com/b2c2/eng/directPay/payComp.jsp?payType=N&merchantId=18139954&pMethod=VISA&lang=E&cardHolder=benita%20alain&cardNo=4************941&securityCode=***&epMonth=11&epYear=2016&amount=3000&currCode=978&orderRef=FzcR81426596152&remark=trading

2015-03-17T12:42:38Z
ResponseParameter:  billNo: FzcR81426596152 | endTime:2015-03-17 12:42:38

2015-03-17T12:42:38Z
successcode=1&Ref=FzcR81426596152&PayRef=6601378&Amt=3000.0&Cur=978&prc=1&src=551&Ord=507623503444&Holder=benita alain&AuthId=&TxTime=2015-03-17 20:42:40.0&errMsg=Transaction failed







2015-03-17T12:43:02Z
RequestParameter:  billNo: eBXJa1426596181 | startTime:2015-03-17 12:43:02

2015-03-17T12:43:02Z
https://www.pesopay.com/b2c2/eng/directPay/payComp.jsp?payType=N&merchantId=18139954&pMethod=VISA&lang=E&cardHolder=benita%20alain&cardNo=4************941&securityCode=***&epMonth=11&epYear=2016&amount=2500&currCode=978&orderRef=eBXJa1426596181&remark=trading

2015-03-17T12:43:18Z
ResponseParameter:  billNo: eBXJa1426596181 | endTime:2015-03-17 12:43:18

2015-03-17T12:43:18Z
successcode=1&Ref=eBXJa1426596181&PayRef=6601381&Amt=2500.0&Cur=978&prc=1&src=551&Ord=507623503446&Holder=benita alain&AuthId=&TxTime=2015-03-17 20:43:09.0&errMsg=Transaction failed







2015-03-17T12:43:26Z
RequestParameter:  billNo: wch4O1426596204 | startTime:2015-03-17 12:43:26

2015-03-17T12:43:26Z
https://www.pesopay.com/b2c2/eng/directPay/payComp.jsp?payType=N&merchantId=18139954&pMethod=VISA&lang=E&cardHolder=rene%20%20perrignon&cardNo=4************551&securityCode=***&epMonth=04&epYear=2015&amount=200&currCode=978&orderRef=wch4O1426596204&remark=sfrwgr

2015-03-17T12:43:37Z
ResponseParameter:  billNo: wch4O1426596204 | endTime:2015-03-17 12:43:37

2015-03-17T12:43:37Z
successcode=1&Ref=wch4O1426596204&PayRef=6601384&Amt=200.0&Cur=978&prc=1&src=551&Ord=507623503449&Holder=rene  perrignon&AuthId=&TxTime=2015-03-17 20:43:32.0&errMsg=Transaction failed







2015-03-17T12:43:49Z
RequestParameter:  billNo: xTZUL1426596228 | startTime:2015-03-17 12:43:49

2015-03-17T12:43:49Z
https://www.pesopay.com/b2c2/eng/directPay/payComp.jsp?payType=N&merchantId=18139954&pMethod=VISA&lang=E&cardHolder=benita%20alain&cardNo=4************941&securityCode=***&epMonth=11&epYear=2016&amount=1500&currCode=978&orderRef=xTZUL1426596228&remark=trading

2015-03-17T12:43:52Z
RequestParameter:  billNo: 5gQ9F1426596230 | startTime:2015-03-17 12:43:52

2015-03-17T12:43:52Z
https://www.pesopay.com/b2c2/eng/directPay/payComp.jsp?payType=N&merchantId=18139954&pMethod=VISA&lang=E&cardHolder=rene%20%20perrignon&cardNo=4************551&securityCode=***&epMonth=04&epYear=2015&amount=100&currCode=978&orderRef=5gQ9F1426596230&remark=sfrwgr

2015-03-17T12:43:56Z
ResponseParameter:  billNo: 5gQ9F1426596230 | endTime:2015-03-17 12:43:56

2015-03-17T12:43:56Z
successcode=1&Ref=5gQ9F1426596230&PayRef=6601387&Amt=100.0&Cur=978&prc=1&src=551&Ord=507623503455&Holder=rene  perrignon&AuthId=&TxTime=2015-03-17 20:43:58.0&errMsg=Transaction failed







2015-03-17T12:44:00Z
ResponseParameter:  billNo: xTZUL1426596228 | endTime:2015-03-17 12:44:00

2015-03-17T12:44:00Z
successcode=0&Ref=xTZUL1426596228&PayRef=6601386&Amt=1500.0&Cur=978&prc=0&src=0&Ord=507623503454&Holder=benita alain&AuthId=243596&TxTime=2015-03-17 20:43:55.0&errMsg=Transaction completed







2015-03-17T12:44:13Z
RequestParameter:  billNo: 6xEPZ1426596251 | startTime:2015-03-17 12:44:13

2015-03-17T12:44:13Z
https://www.pesopay.com/b2c2/eng/directPay/payComp.jsp?payType=N&merchantId=18139954&pMethod=VISA&lang=E&cardHolder=rene%20%20perrignon&cardNo=4************551&securityCode=***&epMonth=04&epYear=2015&amount=50&currCode=978&orderRef=6xEPZ1426596251&remark=sfrwgr

2015-03-17T12:44:17Z
ResponseParameter:  billNo: 6xEPZ1426596251 | endTime:2015-03-17 12:44:17

2015-03-17T12:44:17Z
successcode=0&Ref=6xEPZ1426596251&PayRef=6601388&Amt=50.0&Cur=978&prc=0&src=0&Ord=507623503457&Holder=rene  perrignon&AuthId=569191&TxTime=2015-03-17 20:44:19.0&errMsg=Transaction completed







2015-03-17T12:46:18Z
RequestParameter:  billNo: XoSI51426596377 | startTime:2015-03-17 12:46:18

2015-03-17T12:46:18Z
https://www.pesopay.com/b2c2/eng/directPay/payComp.jsp?payType=N&merchantId=18139954&pMethod=VISA&lang=E&cardHolder=benita%20alain&cardNo=4************941&securityCode=***&epMonth=11&epYear=2016&amount=1500&currCode=978&orderRef=XoSI51426596377&remark=trading

2015-03-17T12:46:22Z
ResponseParameter:  billNo: XoSI51426596377 | endTime:2015-03-17 12:46:22

2015-03-17T12:46:22Z
successcode=0&Ref=XoSI51426596377&PayRef=6601393&Amt=1500.0&Cur=978&prc=0&src=0&Ord=507623503471&Holder=benita alain&AuthId=547240&TxTime=2015-03-17 20:46:24.0&errMsg=Transaction completed







2015-03-17T12:47:53Z
RequestParameter:  billNo: QAvMe1426596472 | startTime:2015-03-17 12:47:53

2015-03-17T12:47:53Z
https://www.pesopay.com/b2c2/eng/directPay/payComp.jsp?payType=N&merchantId=18139954&pMethod=VISA&lang=E&cardHolder=steeve%20leblanc&cardNo=4************054&securityCode=***&epMonth=08&epYear=2017&amount=1000&currCode=978&orderRef=QAvMe1426596472&remark=hghg

2015-03-17T12:47:58Z
ResponseParameter:  billNo: QAvMe1426596472 | endTime:2015-03-17 12:47:58

2015-03-17T12:47:58Z
successcode=1&Ref=QAvMe1426596472&PayRef=6601398&Amt=1000.0&Cur=978&prc=1&src=205&Ord=507623503478&Holder=steeve leblanc&AuthId=&TxTime=2015-03-17 20:48:00.0&errMsg=Transaction failed







2015-03-17T12:48:11Z
RequestParameter:  billNo: 9iNmg1426596490 | startTime:2015-03-17 12:48:11

2015-03-17T12:48:11Z
https://www.pesopay.com/b2c2/eng/directPay/payComp.jsp?payType=N&merchantId=18139954&pMethod=VISA&lang=E&cardHolder=steeve%20leblanc&cardNo=4************054&securityCode=***&epMonth=08&epYear=2017&amount=500&currCode=978&orderRef=9iNmg1426596490&remark=hghg

2015-03-17T12:48:28Z
RequestParameter:  billNo: YiL6W1426596507 | startTime:2015-03-17 12:48:28

2015-03-17T12:48:28Z
https://www.pesopay.com/b2c2/eng/directPay/payComp.jsp?payType=N&merchantId=18139954&pMethod=VISA&lang=E&cardHolder=benita%20alain&cardNo=4************941&securityCode=***&epMonth=11&epYear=2016&amount=1500&currCode=978&orderRef=YiL6W1426596507&remark=trading

2015-03-17T12:48:32Z
ResponseParameter:  billNo: 9iNmg1426596490 | endTime:2015-03-17 12:48:32

2015-03-17T12:48:32Z
successcode=1&Ref=9iNmg1426596490&PayRef=6601401&Amt=500.0&Cur=978&prc=1&src=205&Ord=507623503483&Holder=steeve leblanc&AuthId=&TxTime=2015-03-17 20:48:18.0&errMsg=Transaction failed







2015-03-17T12:48:46Z
ResponseParameter:  billNo: YiL6W1426596507 | endTime:2015-03-17 12:48:46

2015-03-17T12:48:46Z
successcode=1&Ref=YiL6W1426596507&PayRef=6601403&Amt=1500.0&Cur=978&prc=1&src=551&Ord=507623503487&Holder=benita alain&AuthId=&TxTime=2015-03-17 20:48:35.0&errMsg=Transaction failed







2015-03-17T12:48:47Z
RequestParameter:  billNo: hEcVR1426596525 | startTime:2015-03-17 12:48:47

2015-03-17T12:48:47Z
https://www.pesopay.com/b2c2/eng/directPay/payComp.jsp?payType=N&merchantId=18139954&pMethod=VISA&lang=E&cardHolder=steeve%20leblanc&cardNo=4************054&securityCode=***&epMonth=08&epYear=2017&amount=200&currCode=978&orderRef=hEcVR1426596525&remark=hghg

2015-03-17T12:48:56Z
ResponseParameter:  billNo: hEcVR1426596525 | endTime:2015-03-17 12:48:56

2015-03-17T12:48:56Z
successcode=1&Ref=hEcVR1426596525&PayRef=6601407&Amt=200.0&Cur=978&prc=1&src=551&Ord=507623503489&Holder=steeve leblanc&AuthId=&TxTime=2015-03-17 20:48:53.0&errMsg=Transaction failed







2015-03-17T12:49:10Z
RequestParameter:  billNo: xYDa91426596548 | startTime:2015-03-17 12:49:10

2015-03-17T12:49:10Z
https://www.pesopay.com/b2c2/eng/directPay/payComp.jsp?payType=N&merchantId=18139954&pMethod=VISA&lang=E&cardHolder=benita%20alain&cardNo=4************941&securityCode=***&epMonth=11&epYear=2016&amount=1000&currCode=978&orderRef=xYDa91426596548&remark=trading

2015-03-17T12:49:14Z
ResponseParameter:  billNo: xYDa91426596548 | endTime:2015-03-17 12:49:14

2015-03-17T12:49:14Z
successcode=1&Ref=xYDa91426596548&PayRef=6601409&Amt=1000.0&Cur=978&prc=1&src=551&Ord=507623503491&Holder=benita alain&AuthId=&TxTime=2015-03-17 20:49:16.0&errMsg=Transaction failed







2015-03-17T12:49:34Z
RequestParameter:  billNo: Dz6cY1426596572 | startTime:2015-03-17 12:49:34

2015-03-17T12:49:34Z
https://www.pesopay.com/b2c2/eng/directPay/payComp.jsp?payType=N&merchantId=18139954&pMethod=VISA&lang=E&cardHolder=benita%20alain&cardNo=4************941&securityCode=***&epMonth=11&epYear=2016&amount=500&currCode=978&orderRef=Dz6cY1426596572&remark=trading

2015-03-17T12:49:38Z
ResponseParameter:  billNo: Dz6cY1426596572 | endTime:2015-03-17 12:49:38

2015-03-17T12:49:38Z
successcode=1&Ref=Dz6cY1426596572&PayRef=6601410&Amt=500.0&Cur=978&prc=1&src=551&Ord=507623503496&Holder=benita alain&AuthId=&TxTime=2015-03-17 20:49:40.0&errMsg=Transaction failed







2015-03-17T12:49:41Z
RequestParameter:  billNo: 1426586872-16668 | startTime:2015-03-17 12:49:41

2015-03-17T12:49:41Z
https://www.pesopay.com/b2c2/eng/directPay/payComp.jsp?payType=N&merchantId=18139954&pMethod=Master&lang=E&cardHolder=khurana%20ish&cardNo=5421951000129860&securityCode=221&epMonth=07&epYear=2015&amount=500&currCode=978&orderRef=1426586872-16668&remark=

2015-03-17T12:49:44Z
ResponseParameter:  billNo: 1426586872-16668 | endTime:2015-03-17 12:49:44

2015-03-17T12:49:44Z
successcode=1&Ref=1426586872-16668&PayRef=6601411&Amt=500.0&Cur=978&prc=1&src=205&Ord=507623503497&Holder=khurana ish&AuthId=&TxTime=2015-03-17 20:49:47.0&errMsg=Transaction failed







2015-03-17T12:49:59Z
RequestParameter:  billNo: 4BbHm1426596598 | startTime:2015-03-17 12:49:59

2015-03-17T12:49:59Z
https://www.pesopay.com/b2c2/eng/directPay/payComp.jsp?payType=N&merchantId=18139954&pMethod=VISA&lang=E&cardHolder=benita%20alain&cardNo=4************941&securityCode=***&epMonth=11&epYear=2016&amount=300&currCode=978&orderRef=4BbHm1426596598&remark=trading

2015-03-17T12:50:05Z
ResponseParameter:  billNo: 4BbHm1426596598 | endTime:2015-03-17 12:50:05

2015-03-17T12:50:05Z
successcode=1&Ref=4BbHm1426596598&PayRef=6601412&Amt=300.0&Cur=978&prc=1&src=551&Ord=507623503498&Holder=benita alain&AuthId=&TxTime=2015-03-17 20:50:05.0&errMsg=Transaction failed







2015-03-17T12:50:11Z
RequestParameter:  billNo: cwigl1426596610 | startTime:2015-03-17 12:50:11

2015-03-17T12:50:11Z
https://www.pesopay.com/b2c2/eng/directPay/payComp.jsp?payType=N&merchantId=18139954&pMethod=VISA&lang=E&cardHolder=eliane%20lupo&cardNo=4************566&securityCode=***&epMonth=04&epYear=2016&amount=1000&currCode=978&orderRef=cwigl1426596610&remark=hghg

2015-03-17T12:50:13Z
ResponseParameter:  billNo: cwigl1426596610 | endTime:2015-03-17 12:50:13

2015-03-17T12:50:13Z
successcode=1&Ref=cwigl1426596610&PayRef=6601413&Amt=1000.0&Cur=978&prc=-8&src=2017&Ord=&Holder=eliane lupo&AuthId=&TxTime=2015-03-17 20:50:17.0&errMsg=Transaction failed







2015-03-17T12:50:43Z
RequestParameter:  billNo: aQy901426596642 | startTime:2015-03-17 12:50:43

2015-03-17T12:50:43Z
https://www.pesopay.com/b2c2/eng/directPay/payComp.jsp?payType=N&merchantId=18139954&pMethod=VISA&lang=E&cardHolder=eliane%20lupo&cardNo=4************067&securityCode=***&epMonth=04&epYear=2016&amount=1000&currCode=978&orderRef=aQy901426596642&remark=hghg

2015-03-17T12:50:46Z
ResponseParameter:  billNo: aQy901426596642 | endTime:2015-03-17 12:50:46

2015-03-17T12:50:46Z
successcode=1&Ref=aQy901426596642&PayRef=6601414&Amt=1000.0&Cur=978&prc=1&src=205&Ord=507623503503&Holder=eliane lupo&AuthId=&TxTime=2015-03-17 20:50:49.0&errMsg=Transaction failed







2015-03-17T12:50:51Z
RequestParameter:  billNo: oAuJd1426596649 | startTime:2015-03-17 12:50:51

2015-03-17T12:50:51Z
https://www.pesopay.com/b2c2/eng/directPay/payComp.jsp?payType=N&merchantId=18139954&pMethod=VISA&lang=E&cardHolder=benita%20alain&cardNo=4************432&securityCode=***&epMonth=10&epYear=2017&amount=600&currCode=978&orderRef=oAuJd1426596649&remark=trading

2015-03-17T12:50:58Z
ResponseParameter:  billNo: oAuJd1426596649 | endTime:2015-03-17 12:50:58

2015-03-17T12:50:58Z
successcode=0&Ref=oAuJd1426596649&PayRef=6601416&Amt=600.0&Cur=978&prc=0&src=0&Ord=507623503504&Holder=benita alain&AuthId=502414&TxTime=2015-03-17 20:50:57.0&errMsg=Transaction completed







2015-03-17T12:51:05Z
RequestParameter:  billNo: ixcP91426596663 | startTime:2015-03-17 12:51:05

2015-03-17T12:51:05Z
https://www.pesopay.com/b2c2/eng/directPay/payComp.jsp?payType=N&merchantId=18139954&pMethod=VISA&lang=E&cardHolder=eliane%20lupo&cardNo=4************067&securityCode=***&epMonth=04&epYear=2016&amount=500&currCode=978&orderRef=ixcP91426596663&remark=hghg

2015-03-17T12:51:08Z
ResponseParameter:  billNo: ixcP91426596663 | endTime:2015-03-17 12:51:08

2015-03-17T12:51:08Z
successcode=1&Ref=ixcP91426596663&PayRef=6601419&Amt=500.0&Cur=978&prc=1&src=205&Ord=507623503507&Holder=eliane lupo&AuthId=&TxTime=2015-03-17 20:51:11.0&errMsg=Transaction failed







2015-03-17T12:51:48Z
RequestParameter:  billNo: 1AVkP1426596707 | startTime:2015-03-17 12:51:48

2015-03-17T12:51:48Z
https://www.pesopay.com/b2c2/eng/directPay/payComp.jsp?payType=N&merchantId=18139954&pMethod=VISA&lang=E&cardHolder=eliane%20lupo&cardNo=4************566&securityCode=***&epMonth=04&epYear=2016&amount=500&currCode=978&orderRef=1AVkP1426596707&remark=hghg

2015-03-17T12:51:51Z
ResponseParameter:  billNo: 1AVkP1426596707 | endTime:2015-03-17 12:51:51

2015-03-17T12:51:51Z
successcode=1&Ref=1AVkP1426596707&PayRef=6601423&Amt=500.0&Cur=978&prc=-8&src=2017&Ord=&Holder=eliane lupo&AuthId=&TxTime=2015-03-17 20:51:54.0&errMsg=Transaction failed







2015-03-17T12:53:14Z
RequestParameter:  billNo: dE3ln1426596793 | startTime:2015-03-17 12:53:14

2015-03-17T12:53:14Z
https://www.pesopay.com/b2c2/eng/directPay/payComp.jsp?payType=N&merchantId=18139954&pMethod=VISA&lang=E&cardHolder=benita%20alain&cardNo=4************432&securityCode=***&epMonth=10&epYear=2017&amount=1400&currCode=978&orderRef=dE3ln1426596793&remark=trading

2015-03-17T12:53:23Z
ResponseParameter:  billNo: dE3ln1426596793 | endTime:2015-03-17 12:53:23

2015-03-17T12:53:23Z
successcode=0&Ref=dE3ln1426596793&PayRef=6601425&Amt=1400.0&Cur=978&prc=0&src=0&Ord=507623503519&Holder=benita alain&AuthId=144123&TxTime=2015-03-17 20:53:20.0&errMsg=Transaction completed







2015-03-17T12:53:37Z
RequestParameter:  billNo: YwhMj1426596815 | startTime:2015-03-17 12:53:37

2015-03-17T12:53:37Z
https://www.pesopay.com/b2c2/eng/directPay/payComp.jsp?payType=N&merchantId=18139954&pMethod=VISA&lang=E&cardHolder=romain%20thenault&cardNo=4************011&securityCode=***&epMonth=09&epYear=2017&amount=1000&currCode=978&orderRef=YwhMj1426596815&remark=hghg

2015-03-17T12:53:50Z
ResponseParameter:  billNo: YwhMj1426596815 | endTime:2015-03-17 12:53:50

2015-03-17T12:53:50Z
successcode=0&Ref=YwhMj1426596815&PayRef=6601427&Amt=1000.0&Cur=978&prc=0&src=0&Ord=507623503522&Holder=romain thenault&AuthId=836641&TxTime=2015-03-17 20:53:43.0&errMsg=Transaction completed







2015-03-17T12:55:11Z
RequestParameter:  billNo: qMGtR1426596910 | startTime:2015-03-17 12:55:11

2015-03-17T12:55:11Z
https://www.pesopay.com/b2c2/eng/directPay/payComp.jsp?payType=N&merchantId=18139954&pMethod=VISA&lang=E&cardHolder=romain%20thenault&cardNo=4************011&securityCode=***&epMonth=09&epYear=2017&amount=1000&currCode=978&orderRef=qMGtR1426596910&remark=ffddf

2015-03-17T12:55:15Z
ResponseParameter:  billNo: qMGtR1426596910 | endTime:2015-03-17 12:55:15

2015-03-17T12:55:15Z
successcode=1&Ref=qMGtR1426596910&PayRef=6601432&Amt=1000.0&Cur=978&prc=1&src=205&Ord=507623503531&Holder=romain thenault&AuthId=&TxTime=2015-03-17 20:55:17.0&errMsg=Transaction failed







2015-03-17T12:55:29Z
RequestParameter:  billNo: Uy9451426596928 | startTime:2015-03-17 12:55:29

2015-03-17T12:55:29Z
https://www.pesopay.com/b2c2/eng/directPay/payComp.jsp?payType=N&merchantId=18139954&pMethod=VISA&lang=E&cardHolder=romain%20thenault&cardNo=4************011&securityCode=***&epMonth=09&epYear=2017&amount=500&currCode=978&orderRef=Uy9451426596928&remark=ffddf

2015-03-17T12:55:33Z
ResponseParameter:  billNo: Uy9451426596928 | endTime:2015-03-17 12:55:33

2015-03-17T12:55:33Z
successcode=1&Ref=Uy9451426596928&PayRef=6601433&Amt=500.0&Cur=978&prc=1&src=205&Ord=507623503532&Holder=romain thenault&AuthId=&TxTime=2015-03-17 20:55:36.0&errMsg=Transaction failed







2015-03-17T12:55:48Z
RequestParameter:  billNo: yqboe1426596946 | startTime:2015-03-17 12:55:48

2015-03-17T12:55:48Z
https://www.pesopay.com/b2c2/eng/directPay/payComp.jsp?payType=N&merchantId=18139954&pMethod=VISA&lang=E&cardHolder=alain%20benita&cardNo=4************432&securityCode=***&epMonth=10&epYear=2016&amount=2500&currCode=978&orderRef=yqboe1426596946&remark=trading

2015-03-17T12:55:48Z
RequestParameter:  billNo: UymV41426596947 | startTime:2015-03-17 12:55:48

2015-03-17T12:55:48Z
https://www.pesopay.com/b2c2/eng/directPay/payComp.jsp?payType=N&merchantId=18139954&pMethod=VISA&lang=E&cardHolder=romain%20thenault&cardNo=4************011&securityCode=***&epMonth=09&epYear=2017&amount=200&currCode=978&orderRef=UymV41426596947&remark=ffddf

2015-03-17T12:55:51Z
ResponseParameter:  billNo: yqboe1426596946 | endTime:2015-03-17 12:55:51

2015-03-17T12:55:51Z
successcode=1&Ref=yqboe1426596946&PayRef=6601437&Amt=2500.0&Cur=978&prc=1&src=205&Ord=507623503534&Holder=alain benita&AuthId=&TxTime=2015-03-17 20:55:54.0&errMsg=Transaction failed







2015-03-17T12:55:53Z
ResponseParameter:  billNo: UymV41426596947 | endTime:2015-03-17 12:55:53

2015-03-17T12:55:53Z
successcode=0&Ref=UymV41426596947&PayRef=6601438&Amt=200.0&Cur=978&prc=0&src=0&Ord=507623503535&Holder=romain thenault&AuthId=157665&TxTime=2015-03-17 20:55:54.0&errMsg=Transaction completed







2015-03-17T12:56:16Z
RequestParameter:  billNo: jIfsH1426596975 | startTime:2015-03-17 12:56:16

2015-03-17T12:56:16Z
https://www.pesopay.com/b2c2/eng/directPay/payComp.jsp?payType=N&merchantId=18139954&pMethod=VISA&lang=E&cardHolder=alain%20benita&cardNo=4************432&securityCode=***&epMonth=10&epYear=2016&amount=1000&currCode=978&orderRef=jIfsH1426596975&remark=trading

2015-03-17T12:56:20Z
ResponseParameter:  billNo: jIfsH1426596975 | endTime:2015-03-17 12:56:20

2015-03-17T12:56:20Z
successcode=1&Ref=jIfsH1426596975&PayRef=6601439&Amt=1000.0&Cur=978&prc=1&src=205&Ord=507623503540&Holder=alain benita&AuthId=&TxTime=2015-03-17 20:56:22.0&errMsg=Transaction failed







2015-03-17T12:56:40Z
RequestParameter:  billNo: SNTF11426596999 | startTime:2015-03-17 12:56:40

2015-03-17T12:56:40Z
https://www.pesopay.com/b2c2/eng/directPay/payComp.jsp?payType=N&merchantId=18139954&pMethod=VISA&lang=E&cardHolder=alain%20benita&cardNo=4************432&securityCode=***&epMonth=10&epYear=2016&amount=500&currCode=978&orderRef=SNTF11426596999&remark=trading

2015-03-17T12:56:44Z
ResponseParameter:  billNo: SNTF11426596999 | endTime:2015-03-17 12:56:44

2015-03-17T12:56:44Z
successcode=1&Ref=SNTF11426596999&PayRef=6601441&Amt=500.0&Cur=978&prc=1&src=205&Ord=507623503541&Holder=alain benita&AuthId=&TxTime=2015-03-17 20:56:46.0&errMsg=Transaction failed







2015-03-17T12:57:27Z
RequestParameter:  billNo: nHCV21426597046 | startTime:2015-03-17 12:57:27

2015-03-17T12:57:27Z
https://www.pesopay.com/b2c2/eng/directPay/payComp.jsp?payType=N&merchantId=18139954&pMethod=VISA&lang=E&cardHolder=romain%20thenault&cardNo=4************011&securityCode=***&epMonth=09&epYear=2017&amount=250&currCode=978&orderRef=nHCV21426597046&remark=sarfgrsgf

2015-03-17T12:57:30Z
ResponseParameter:  billNo: nHCV21426597046 | endTime:2015-03-17 12:57:30

2015-03-17T12:57:30Z
successcode=1&Ref=nHCV21426597046&PayRef=6601444&Amt=250.0&Cur=978&prc=1&src=205&Ord=507623503546&Holder=romain thenault&AuthId=&TxTime=2015-03-17 20:57:33.0&errMsg=Transaction failed







2015-03-17T12:57:43Z
RequestParameter:  billNo: 1MHX31426597062 | startTime:2015-03-17 12:57:43

2015-03-17T12:57:43Z
https://www.pesopay.com/b2c2/eng/directPay/payComp.jsp?payType=N&merchantId=18139954&pMethod=VISA&lang=E&cardHolder=romain%20thenault&cardNo=4************011&securityCode=***&epMonth=09&epYear=2017&amount=200&currCode=978&orderRef=1MHX31426597062&remark=sarfgrsgf

2015-03-17T12:57:46Z
ResponseParameter:  billNo: 1MHX31426597062 | endTime:2015-03-17 12:57:46

2015-03-17T12:57:46Z
successcode=0&Ref=1MHX31426597062&PayRef=6601446&Amt=200.0&Cur=978&prc=0&src=0&Ord=507623503548&Holder=romain thenault&AuthId=846438&TxTime=2015-03-17 20:57:49.0&errMsg=Transaction completed







2015-03-17T12:58:57Z
RequestParameter:  billNo: fRV2c1426597135 | startTime:2015-03-17 12:58:57

2015-03-17T12:58:57Z
https://www.pesopay.com/b2c2/eng/directPay/payComp.jsp?payType=N&merchantId=18139954&pMethod=VISA&lang=E&cardHolder=romain%20%20thenault&cardNo=4************011&securityCode=***&epMonth=09&epYear=2017&amount=200&currCode=978&orderRef=fRV2c1426597135&remark=frgrg

2015-03-17T12:59:00Z
ResponseParameter:  billNo: fRV2c1426597135 | endTime:2015-03-17 12:59:00

2015-03-17T12:59:00Z
successcode=1&Ref=fRV2c1426597135&PayRef=6601452&Amt=200.0&Cur=978&prc=1&src=205&Ord=507623503557&Holder=romain  thenault&AuthId=&TxTime=2015-03-17 20:59:03.0&errMsg=Transaction failed







2015-03-17T12:59:15Z
RequestParameter:  billNo: NEtGx1426597153 | startTime:2015-03-17 12:59:15

2015-03-17T12:59:15Z
https://www.pesopay.com/b2c2/eng/directPay/payComp.jsp?payType=N&merchantId=18139954&pMethod=VISA&lang=E&cardHolder=romain%20%20thenault&cardNo=4************011&securityCode=***&epMonth=09&epYear=2017&amount=150&currCode=978&orderRef=NEtGx1426597153&remark=frgrg

2015-03-17T12:59:18Z
ResponseParameter:  billNo: NEtGx1426597153 | endTime:2015-03-17 12:59:18

2015-03-17T12:59:18Z
successcode=1&Ref=NEtGx1426597153&PayRef=6601453&Amt=150.0&Cur=978&prc=1&src=205&Ord=507623503559&Holder=romain  thenault&AuthId=&TxTime=2015-03-17 20:59:21.0&errMsg=Transaction failed







2015-03-17T12:59:31Z
RequestParameter:  billNo: lczxs1426597170 | startTime:2015-03-17 12:59:31

2015-03-17T12:59:31Z
https://www.pesopay.com/b2c2/eng/directPay/payComp.jsp?payType=N&merchantId=18139954&pMethod=VISA&lang=E&cardHolder=romain%20%20thenault&cardNo=4************011&securityCode=***&epMonth=09&epYear=2017&amount=100&currCode=978&orderRef=lczxs1426597170&remark=frgrg

2015-03-17T12:59:35Z
ResponseParameter:  billNo: lczxs1426597170 | endTime:2015-03-17 12:59:35

2015-03-17T12:59:35Z
successcode=1&Ref=lczxs1426597170&PayRef=6601454&Amt=100.0&Cur=978&prc=1&src=205&Ord=507623503562&Holder=romain  thenault&AuthId=&TxTime=2015-03-17 20:59:37.0&errMsg=Transaction failed







2015-03-17T12:59:49Z
RequestParameter:  billNo: Dznb91426597188 | startTime:2015-03-17 12:59:49

2015-03-17T12:59:49Z
https://www.pesopay.com/b2c2/eng/directPay/payComp.jsp?payType=N&merchantId=18139954&pMethod=VISA&lang=E&cardHolder=romain%20%20thenault&cardNo=4************011&securityCode=***&epMonth=09&epYear=2017&amount=50&currCode=978&orderRef=Dznb91426597188&remark=frgrg

2015-03-17T12:59:53Z
ResponseParameter:  billNo: Dznb91426597188 | endTime:2015-03-17 12:59:53

2015-03-17T12:59:53Z
successcode=1&Ref=Dznb91426597188&PayRef=6601457&Amt=50.0&Cur=978&prc=1&src=205&Ord=507623503564&Holder=romain  thenault&AuthId=&TxTime=2015-03-17 20:59:55.0&errMsg=Transaction failed







2015-03-17T13:01:42Z
RequestParameter:  billNo: CQp7Y1426597301 | startTime:2015-03-17 13:01:42

2015-03-17T13:01:42Z
https://www.pesopay.com/b2c2/eng/directPay/payComp.jsp?payType=N&merchantId=18139954&pMethod=VISA&lang=E&cardHolder=luc%20legrand&cardNo=4************023&securityCode=***&epMonth=12&epYear=2016&amount=1000&currCode=978&orderRef=CQp7Y1426597301&remark=frgrg

2015-03-17T13:01:47Z
ResponseParameter:  billNo: CQp7Y1426597301 | endTime:2015-03-17 13:01:47

2015-03-17T13:01:47Z
successcode=0&Ref=CQp7Y1426597301&PayRef=6601465&Amt=1000.0&Cur=978&prc=0&src=0&Ord=507700503572&Holder=luc legrand&AuthId=547334&TxTime=2015-03-17 21:01:48.0&errMsg=Transaction completed







2015-03-17T13:03:54Z
RequestParameter:  billNo: H0Z181426597432 | startTime:2015-03-17 13:03:54

2015-03-17T13:03:54Z
https://www.pesopay.com/b2c2/eng/directPay/payComp.jsp?payType=N&merchantId=18139954&pMethod=VISA&lang=E&cardHolder=marcel%20guillaume&cardNo=4************110&securityCode=***&epMonth=12&epYear=2019&amount=2000&currCode=978&orderRef=H0Z181426597432&remark=sfsf

2015-03-17T13:04:03Z
ResponseParameter:  billNo: H0Z181426597432 | endTime:2015-03-17 13:04:03

2015-03-17T13:04:03Z
successcode=1&Ref=H0Z181426597432&PayRef=6601473&Amt=2000.0&Cur=978&prc=1&src=204&Ord=507700503588&Holder=marcel guillaume&AuthId=&TxTime=2015-03-17 21:04:00.0&errMsg=Transaction failed







2015-03-17T13:04:21Z
RequestParameter:  billNo: XYChV1426597460 | startTime:2015-03-17 13:04:21

2015-03-17T13:04:21Z
https://www.pesopay.com/b2c2/eng/directPay/payComp.jsp?payType=N&merchantId=18139954&pMethod=VISA&lang=E&cardHolder=marcel%20guillaume&cardNo=4************110&securityCode=***&epMonth=12&epYear=2019&amount=1500&currCode=978&orderRef=XYChV1426597460&remark=sfsf

2015-03-17T13:04:32Z
ResponseParameter:  billNo: XYChV1426597460 | endTime:2015-03-17 13:04:32

2015-03-17T13:04:32Z
successcode=1&Ref=XYChV1426597460&PayRef=6601476&Amt=1500.0&Cur=978&prc=1&src=204&Ord=507700503591&Holder=marcel guillaume&AuthId=&TxTime=2015-03-17 21:04:27.0&errMsg=Transaction failed







2015-03-17T13:04:45Z
RequestParameter:  billNo: 95mhn1426597484 | startTime:2015-03-17 13:04:45

2015-03-17T13:04:45Z
https://www.pesopay.com/b2c2/eng/directPay/payComp.jsp?payType=N&merchantId=18139954&pMethod=VISA&lang=E&cardHolder=marcel%20guillaume&cardNo=4************110&securityCode=***&epMonth=12&epYear=2019&amount=1000&currCode=978&orderRef=95mhn1426597484&remark=sfsf

2015-03-17T13:05:00Z
ResponseParameter:  billNo: 95mhn1426597484 | endTime:2015-03-17 13:05:00

2015-03-17T13:05:00Z
successcode=1&Ref=95mhn1426597484&PayRef=6601481&Amt=1000.0&Cur=978&prc=1&src=204&Ord=507700503595&Holder=marcel guillaume&AuthId=&TxTime=2015-03-17 21:04:51.0&errMsg=Transaction failed







2015-03-17T13:05:13Z
RequestParameter:  billNo: Npk7O1426597512 | startTime:2015-03-17 13:05:13

2015-03-17T13:05:13Z
https://www.pesopay.com/b2c2/eng/directPay/payComp.jsp?payType=N&merchantId=18139954&pMethod=VISA&lang=E&cardHolder=marcel%20guillaume&cardNo=4************110&securityCode=***&epMonth=12&epYear=2019&amount=500&currCode=978&orderRef=Npk7O1426597512&remark=sfsf

2015-03-17T13:05:17Z
ResponseParameter:  billNo: Npk7O1426597512 | endTime:2015-03-17 13:05:17

2015-03-17T13:05:17Z
successcode=1&Ref=Npk7O1426597512&PayRef=6601485&Amt=500.0&Cur=978&prc=1&src=204&Ord=507700503597&Holder=marcel guillaume&AuthId=&TxTime=2015-03-17 21:05:20.0&errMsg=Transaction failed







2015-03-17T13:08:47Z
RequestParameter:  billNo: Lur971426597726 | startTime:2015-03-17 13:08:47

2015-03-17T13:08:47Z
https://www.pesopay.com/b2c2/eng/directPay/payComp.jsp?payType=N&merchantId=18139954&pMethod=VISA&lang=E&cardHolder=delise%20germain&cardNo=4************837&securityCode=***&epMonth=09&epYear=2017&amount=500&currCode=978&orderRef=Lur971426597726&remark=trading

2015-03-17T13:08:51Z
ResponseParameter:  billNo: Lur971426597726 | endTime:2015-03-17 13:08:51

2015-03-17T13:08:51Z
successcode=1&Ref=Lur971426597726&PayRef=6601493&Amt=500.0&Cur=978&prc=1&src=205&Ord=507700503611&Holder=delise germain&AuthId=&TxTime=2015-03-17 21:08:54.0&errMsg=Transaction failed







2015-03-17T13:09:19Z
RequestParameter:  billNo: 3JSgt1426597758 | startTime:2015-03-17 13:09:19

2015-03-17T13:09:19Z
https://www.pesopay.com/b2c2/eng/directPay/payComp.jsp?payType=N&merchantId=18139954&pMethod=VISA&lang=E&cardHolder=delise%20germain&cardNo=4************837&securityCode=***&epMonth=09&epYear=2017&amount=300&currCode=978&orderRef=3JSgt1426597758&remark=trading

2015-03-17T13:09:32Z
ResponseParameter:  billNo: 3JSgt1426597758 | endTime:2015-03-17 13:09:32

2015-03-17T13:09:32Z
successcode=0&Ref=3JSgt1426597758&PayRef=6601496&Amt=300.0&Cur=978&prc=0&src=0&Ord=507700503615&Holder=delise germain&AuthId=537436&TxTime=2015-03-17 21:09:25.0&errMsg=Transaction completed







2015-03-17T13:11:43Z
RequestParameter:  billNo: o41rq1426597901 | startTime:2015-03-17 13:11:43

2015-03-17T13:11:43Z
https://www.pesopay.com/b2c2/eng/directPay/payComp.jsp?payType=N&merchantId=18139954&pMethod=VISA&lang=E&cardHolder=delisle%20germain&cardNo=4************837&securityCode=***&epMonth=09&epYear=2017&amount=300&currCode=978&orderRef=o41rq1426597901&remark=trading

2015-03-17T13:12:10Z
ResponseParameter:  billNo: o41rq1426597901 | endTime:2015-03-17 13:12:10

2015-03-17T13:12:10Z
successcode=1&Ref=o41rq1426597901&PayRef=6601501&Amt=300.0&Cur=978&prc=1&src=205&Ord=507700503631&Holder=delisle germain&AuthId=&TxTime=2015-03-17 21:11:49.0&errMsg=Transaction failed







2015-03-17T13:12:35Z
RequestParameter:  billNo: lzNB11426597953 | startTime:2015-03-17 13:12:35

2015-03-17T13:12:35Z
https://www.pesopay.com/b2c2/eng/directPay/payComp.jsp?payType=N&merchantId=18139954&pMethod=VISA&lang=E&cardHolder=delisle%20germain&cardNo=4************837&securityCode=***&epMonth=09&epYear=2017&amount=200&currCode=978&orderRef=lzNB11426597953&remark=trading

2015-03-17T13:13:12Z
ResponseParameter:  billNo: lzNB11426597953 | endTime:2015-03-17 13:13:12

2015-03-17T13:13:12Z
successcode=1&Ref=lzNB11426597953&PayRef=6601504&Amt=200.0&Cur=978&prc=1&src=205&Ord=507700503638&Holder=delisle germain&AuthId=&TxTime=2015-03-17 21:12:43.0&errMsg=Transaction failed







2015-03-17T13:14:28Z
RequestParameter:  billNo: WuBRw1426598067 | startTime:2015-03-17 13:14:28

2015-03-17T13:14:28Z
https://www.pesopay.com/b2c2/eng/directPay/payComp.jsp?payType=N&merchantId=18139954&pMethod=VISA&lang=E&cardHolder=sarella%20randrianasovina&cardNo=4************557&securityCode=***&epMonth=05&epYear=2015&amount=1000&currCode=978&orderRef=WuBRw1426598067&remark=sfsf

2015-03-17T13:14:36Z
ResponseParameter:  billNo: WuBRw1426598067 | endTime:2015-03-17 13:14:36

2015-03-17T13:14:36Z
successcode=1&Ref=WuBRw1426598067&PayRef=6601512&Amt=1000.0&Cur=978&prc=1&src=257&Ord=507700503643&Holder=sarella randrianasovina&AuthId=&TxTime=2015-03-17 21:14:34.0&errMsg=Transaction failed







2015-03-17T13:14:48Z
RequestParameter:  billNo: J7wFs1426598087 | startTime:2015-03-17 13:14:48

2015-03-17T13:14:48Z
https://www.pesopay.com/b2c2/eng/directPay/payComp.jsp?payType=N&merchantId=18139954&pMethod=VISA&lang=E&cardHolder=sarella%20randrianasovina&cardNo=4************557&securityCode=***&epMonth=05&epYear=2015&amount=500&currCode=978&orderRef=J7wFs1426598087&remark=sfsf

2015-03-17T13:15:00Z
ResponseParameter:  billNo: J7wFs1426598087 | endTime:2015-03-17 13:15:00

2015-03-17T13:15:00Z
successcode=1&Ref=J7wFs1426598087&PayRef=6601517&Amt=500.0&Cur=978&prc=1&src=257&Ord=507700503648&Holder=sarella randrianasovina&AuthId=&TxTime=2015-03-17 21:14:54.0&errMsg=Transaction failed







2015-03-17T13:15:15Z
RequestParameter:  billNo: Pgwp01426598114 | startTime:2015-03-17 13:15:15

2015-03-17T13:15:15Z
https://www.pesopay.com/b2c2/eng/directPay/payComp.jsp?payType=N&merchantId=18139954&pMethod=VISA&lang=E&cardHolder=sarella%20randrianasovina&cardNo=4************557&securityCode=***&epMonth=05&epYear=2015&amount=300&currCode=978&orderRef=Pgwp01426598114&remark=sfsf

2015-03-17T13:15:24Z
ResponseParameter:  billNo: Pgwp01426598114 | endTime:2015-03-17 13:15:24

2015-03-17T13:15:24Z
successcode=1&Ref=Pgwp01426598114&PayRef=6601520&Amt=300.0&Cur=978&prc=1&src=257&Ord=507700503650&Holder=sarella randrianasovina&AuthId=&TxTime=2015-03-17 21:15:21.0&errMsg=Transaction failed







2015-03-17T13:17:59Z
RequestParameter:  billNo: GJSX91426598278 | startTime:2015-03-17 13:17:59

2015-03-17T13:17:59Z
https://www.pesopay.com/b2c2/eng/directPay/payComp.jsp?payType=N&merchantId=18139954&pMethod=Master&lang=E&cardHolder=rene%20volard&cardNo=5************210&securityCode=***&epMonth=03&epYear=2017&amount=600&currCode=978&orderRef=GJSX91426598278&remark=sfsf

2015-03-17T13:18:06Z
ResponseParameter:  billNo: GJSX91426598278 | endTime:2015-03-17 13:18:06

2015-03-17T13:18:06Z
successcode=0&Ref=GJSX91426598278&PayRef=6601525&Amt=600.0&Cur=978&prc=0&src=0&Ord=507700503657&Holder=rene volard&AuthId=320326&TxTime=2015-03-17 21:18:06.0&errMsg=Transaction completed







2015-03-17T13:23:45Z
RequestParameter:  billNo: 1426593735-22303 | startTime:2015-03-17 13:23:45

2015-03-17T13:23:45Z
https://www.pesopay.com/b2c2/eng/directPay/payComp.jsp?payType=N&merchantId=18139954&pMethod=Master&lang=E&cardHolder=Dimitri%20camain&cardNo=5132830709040935&securityCode=21&epMonth=09&epYear=2016&amount=200&currCode=978&orderRef=1426593735-22303&remark=

2015-03-17T13:23:45Z
ResponseParameter:  billNo: 1426593735-22303 | endTime:2015-03-17 13:23:45

2015-03-17T13:23:45Z
successcode=-1&Ref=&PayRef=&Amt=&Cur=&prc=&src=&Ord=&Holder=&AuthId=&TxTime=&errMsg=Invalid Card Verification Number


2015-03-17T13:28:16Z
RequestParameter:  billNo: cz7Jm1426598894 | startTime:2015-03-17 13:28:16

2015-03-17T13:28:16Z
https://www.pesopay.com/b2c2/eng/directPay/payComp.jsp?payType=N&merchantId=18139954&pMethod=VISA&lang=E&cardHolder=anais%20lacaze&cardNo=4************025&securityCode=***&epMonth=11&epYear=2016&amount=500&currCode=978&orderRef=cz7Jm1426598894&remark=rggg

2015-03-17T13:28:49Z
ResponseParameter:  billNo: cz7Jm1426598894 | endTime:2015-03-17 13:28:49

2015-03-17T13:28:49Z
successcode=1&Ref=cz7Jm1426598894&PayRef=6601565&Amt=500.0&Cur=978&prc=1&src=257&Ord=507700503715&Holder=anais lacaze&AuthId=&TxTime=2015-03-17 21:28:23.0&errMsg=Transaction failed







2015-03-17T13:29:02Z
RequestParameter:  billNo: kKVvw1426598941 | startTime:2015-03-17 13:29:02

2015-03-17T13:29:02Z
https://www.pesopay.com/b2c2/eng/directPay/payComp.jsp?payType=N&merchantId=18139954&pMethod=VISA&lang=E&cardHolder=anais%20lacaze&cardNo=4************025&securityCode=***&epMonth=11&epYear=2016&amount=200&currCode=978&orderRef=kKVvw1426598941&remark=rggg

2015-03-17T13:29:07Z
ResponseParameter:  billNo: kKVvw1426598941 | endTime:2015-03-17 13:29:07

2015-03-17T13:29:07Z
successcode=1&Ref=kKVvw1426598941&PayRef=6601567&Amt=200.0&Cur=978&prc=1&src=257&Ord=507700503716&Holder=anais lacaze&AuthId=&TxTime=2015-03-17 21:29:08.0&errMsg=Transaction failed







2015-03-17T13:39:22Z
RequestParameter:  billNo: OtWHv1426599561 | startTime:2015-03-17 13:39:22

2015-03-17T13:39:22Z
https://www.pesopay.com/b2c2/eng/directPay/payComp.jsp?payType=N&merchantId=18139954&pMethod=VISA&lang=E&cardHolder=arnould%20vercruysen&cardNo=4************541&securityCode=***&epMonth=03&epYear=2017&amount=2000&currCode=978&orderRef=OtWHv1426599561&remark=rggg

2015-03-17T13:39:41Z
ResponseParameter:  billNo: OtWHv1426599561 | endTime:2015-03-17 13:39:41

2015-03-17T13:39:41Z
successcode=1&Ref=OtWHv1426599561&PayRef=6601619&Amt=2000.0&Cur=978&prc=1&src=551&Ord=507700503778&Holder=arnould vercruysen&AuthId=&TxTime=2015-03-17 21:39:30.0&errMsg=Transaction failed







2015-03-17T13:39:52Z
RequestParameter:  billNo: UpZj61426599591 | startTime:2015-03-17 13:39:52

2015-03-17T13:39:52Z
https://www.pesopay.com/b2c2/eng/directPay/payComp.jsp?payType=N&merchantId=18139954&pMethod=VISA&lang=E&cardHolder=de%20decker%20%20stephane&cardNo=4************318&securityCode=***&epMonth=06&epYear=2016&amount=1500&currCode=978&orderRef=UpZj61426599591&remark=trading

2015-03-17T13:40:06Z
RequestParameter:  billNo: qubYc1426599604 | startTime:2015-03-17 13:40:06

2015-03-17T13:40:06Z
https://www.pesopay.com/b2c2/eng/directPay/payComp.jsp?payType=N&merchantId=18139954&pMethod=VISA&lang=E&cardHolder=arnould%20vercruysen&cardNo=4************541&securityCode=***&epMonth=03&epYear=2017&amount=1000&currCode=978&orderRef=qubYc1426599604&remark=rggg

2015-03-17T13:40:07Z
ResponseParameter:  billNo: UpZj61426599591 | endTime:2015-03-17 13:40:07

2015-03-17T13:40:07Z
successcode=1&Ref=UpZj61426599591&PayRef=6601621&Amt=1500.0&Cur=978&prc=1&src=205&Ord=507700503781&Holder=de decker  stephane&AuthId=&TxTime=2015-03-17 21:39:59.0&errMsg=Transaction failed







2015-03-17T13:40:10Z
ResponseParameter:  billNo: qubYc1426599604 | endTime:2015-03-17 13:40:10

2015-03-17T13:40:10Z
successcode=0&Ref=qubYc1426599604&PayRef=6601625&Amt=1000.0&Cur=978&prc=0&src=0&Ord=507700503783&Holder=arnould vercruysen&AuthId=752815&TxTime=2015-03-17 21:40:12.0&errMsg=Transaction completed







2015-03-17T13:40:32Z
RequestParameter:  billNo: qz2ya1426599631 | startTime:2015-03-17 13:40:32

2015-03-17T13:40:32Z
https://www.pesopay.com/b2c2/eng/directPay/payComp.jsp?payType=N&merchantId=18139954&pMethod=VISA&lang=E&cardHolder=de%20decker%20%20stephane&cardNo=4************318&securityCode=***&epMonth=06&epYear=2016&amount=1000&currCode=978&orderRef=qz2ya1426599631&remark=trading

2015-03-17T13:40:38Z
ResponseParameter:  billNo: qz2ya1426599631 | endTime:2015-03-17 13:40:38

2015-03-17T13:40:38Z
successcode=1&Ref=qz2ya1426599631&PayRef=6601626&Amt=1000.0&Cur=978&prc=1&src=205&Ord=507700503785&Holder=de decker  stephane&AuthId=&TxTime=2015-03-17 21:40:38.0&errMsg=Transaction failed







2015-03-17T13:40:59Z
RequestParameter:  billNo: CEUX41426599658 | startTime:2015-03-17 13:40:59

2015-03-17T13:40:59Z
https://www.pesopay.com/b2c2/eng/directPay/payComp.jsp?payType=N&merchantId=18139954&pMethod=VISA&lang=E&cardHolder=de%20decker%20%20stephane&cardNo=4************318&securityCode=***&epMonth=06&epYear=2016&amount=700&currCode=978&orderRef=CEUX41426599658&remark=trading

2015-03-17T13:41:07Z
ResponseParameter:  billNo: CEUX41426599658 | endTime:2015-03-17 13:41:07

2015-03-17T13:41:07Z
successcode=1&Ref=CEUX41426599658&PayRef=6601629&Amt=700.0&Cur=978&prc=1&src=205&Ord=507700503790&Holder=de decker  stephane&AuthId=&TxTime=2015-03-17 21:41:05.0&errMsg=Transaction failed







2015-03-17T13:41:35Z
RequestParameter:  billNo: H2TLs1426599694 | startTime:2015-03-17 13:41:35

2015-03-17T13:41:35Z
https://www.pesopay.com/b2c2/eng/directPay/payComp.jsp?payType=N&merchantId=18139954&pMethod=VISA&lang=E&cardHolder=de%20decker%20%20stephane&cardNo=4************318&securityCode=***&epMonth=06&epYear=2016&amount=400&currCode=978&orderRef=H2TLs1426599694&remark=trading

2015-03-17T13:41:43Z
ResponseParameter:  billNo: H2TLs1426599694 | endTime:2015-03-17 13:41:43

2015-03-17T13:41:43Z
successcode=1&Ref=H2TLs1426599694&PayRef=6601632&Amt=400.0&Cur=978&prc=1&src=205&Ord=507700503794&Holder=de decker  stephane&AuthId=&TxTime=2015-03-17 21:41:41.0&errMsg=Transaction failed







2015-03-17T13:41:58Z
RequestParameter:  billNo: 6NAPy1426599717 | startTime:2015-03-17 13:41:58

2015-03-17T13:41:58Z
https://www.pesopay.com/b2c2/eng/directPay/payComp.jsp?payType=N&merchantId=18139954&pMethod=VISA&lang=E&cardHolder=arnould%20vercruysen&cardNo=4************541&securityCode=***&epMonth=03&epYear=2017&amount=1000&currCode=978&orderRef=6NAPy1426599717&remark=fsrgrsg

2015-03-17T13:42:03Z
ResponseParameter:  billNo: 6NAPy1426599717 | endTime:2015-03-17 13:42:03

2015-03-17T13:42:03Z
successcode=1&Ref=6NAPy1426599717&PayRef=6601634&Amt=1000.0&Cur=978&prc=1&src=551&Ord=507700503797&Holder=arnould vercruysen&AuthId=&TxTime=2015-03-17 21:42:05.0&errMsg=Transaction failed







2015-03-17T13:42:18Z
RequestParameter:  billNo: kLHRO1426599737 | startTime:2015-03-17 13:42:18

2015-03-17T13:42:18Z
https://www.pesopay.com/b2c2/eng/directPay/payComp.jsp?payType=N&merchantId=18139954&pMethod=VISA&lang=E&cardHolder=arnould%20vercruysen&cardNo=4************541&securityCode=***&epMonth=03&epYear=2017&amount=500&currCode=978&orderRef=kLHRO1426599737&remark=fsrgrsg

2015-03-17T13:42:32Z
ResponseParameter:  billNo: kLHRO1426599737 | endTime:2015-03-17 13:42:32

2015-03-17T13:42:32Z
successcode=1&Ref=kLHRO1426599737&PayRef=6601635&Amt=500.0&Cur=978&prc=1&src=551&Ord=507700503800&Holder=arnould vercruysen&AuthId=&TxTime=2015-03-17 21:42:24.0&errMsg=Transaction failed







2015-03-17T13:42:46Z
RequestParameter:  billNo: TIZbH1426599764 | startTime:2015-03-17 13:42:46

2015-03-17T13:42:46Z
https://www.pesopay.com/b2c2/eng/directPay/payComp.jsp?payType=N&merchantId=18139954&pMethod=VISA&lang=E&cardHolder=arnould%20vercruysen&cardNo=4************541&securityCode=***&epMonth=03&epYear=2017&amount=300&currCode=978&orderRef=TIZbH1426599764&remark=fsrgrsg

2015-03-17T13:43:17Z
ResponseParameter:  billNo: TIZbH1426599764 | endTime:2015-03-17 13:43:17

2015-03-17T13:43:17Z
successcode=1&Ref=TIZbH1426599764&PayRef=6601637&Amt=300.0&Cur=978&prc=1&src=551&Ord=507700503802&Holder=arnould vercruysen&AuthId=&TxTime=2015-03-17 21:42:52.0&errMsg=Transaction failed







2015-03-17T13:43:32Z
RequestParameter:  billNo: LZRiV1426599811 | startTime:2015-03-17 13:43:32

2015-03-17T13:43:32Z
https://www.pesopay.com/b2c2/eng/directPay/payComp.jsp?payType=N&merchantId=18139954&pMethod=VISA&lang=E&cardHolder=arnould%20vercruysen&cardNo=4************541&securityCode=***&epMonth=03&epYear=2017&amount=200&currCode=978&orderRef=LZRiV1426599811&remark=fsrgrsg

2015-03-17T13:43:43Z
ResponseParameter:  billNo: LZRiV1426599811 | endTime:2015-03-17 13:43:43

2015-03-17T13:43:43Z
successcode=0&Ref=LZRiV1426599811&PayRef=6601640&Amt=200.0&Cur=978&prc=0&src=0&Ord=507700503804&Holder=arnould vercruysen&AuthId=753021&TxTime=2015-03-17 21:43:38.0&errMsg=Transaction completed







2015-03-17T13:45:13Z
RequestParameter:  billNo: S02CJ1426599912 | startTime:2015-03-17 13:45:13

2015-03-17T13:45:13Z
https://www.pesopay.com/b2c2/eng/directPay/payComp.jsp?payType=N&merchantId=18139954&pMethod=VISA&lang=E&cardHolder=arnould%20vercruysen&cardNo=4************541&securityCode=***&epMonth=03&epYear=2017&amount=200&currCode=978&orderRef=S02CJ1426599912&remark=eyyts

2015-03-17T13:45:29Z
ResponseParameter:  billNo: S02CJ1426599912 | endTime:2015-03-17 13:45:29

2015-03-17T13:45:29Z
successcode=1&Ref=S02CJ1426599912&PayRef=6601646&Amt=200.0&Cur=978&prc=1&src=551&Ord=507700503816&Holder=arnould vercruysen&AuthId=&TxTime=2015-03-17 21:45:19.0&errMsg=Transaction failed







2015-03-17T13:45:45Z
RequestParameter:  billNo: H6zxi1426599944 | startTime:2015-03-17 13:45:45

2015-03-17T13:45:45Z
https://www.pesopay.com/b2c2/eng/directPay/payComp.jsp?payType=N&merchantId=18139954&pMethod=VISA&lang=E&cardHolder=arnould%20vercruysen&cardNo=4************541&securityCode=***&epMonth=03&epYear=2017&amount=50&currCode=978&orderRef=H6zxi1426599944&remark=eyyts

2015-03-17T13:45:49Z
ResponseParameter:  billNo: H6zxi1426599944 | endTime:2015-03-17 13:45:49

2015-03-17T13:45:49Z
successcode=1&Ref=H6zxi1426599944&PayRef=6601648&Amt=50.0&Cur=978&prc=1&src=551&Ord=507700503821&Holder=arnould vercruysen&AuthId=&TxTime=2015-03-17 21:45:51.0&errMsg=Transaction failed







2015-03-17T14:03:40Z
RequestParameter:  billNo: 1426597708-3328 | startTime:2015-03-17 14:03:40

2015-03-17T14:03:40Z
https://www.pesopay.com/b2c2/eng/directPay/payComp.jsp?payType=N&merchantId=18139954&pMethod=VISA&lang=E&cardHolder=nathan%20agnes&cardNo=4562820001147738&securityCode=174&epMonth=02&epYear=2018&amount=700&currCode=978&orderRef=1426597708-3328&remark=

2015-03-17T14:04:00Z
ResponseParameter:  billNo: 1426597708-3328 | endTime:2015-03-17 14:04:00

2015-03-17T14:04:00Z
successcode=0&Ref=1426597708-3328&PayRef=6601727&Amt=700.0&Cur=978&prc=0&src=0&Ord=507701503944&Holder=nathan agnes&AuthId=412144&TxTime=2015-03-17 22:03:47.0&errMsg=Transaction completed







2015-03-17T14:04:11Z
RequestParameter:  billNo: 1426597577-3328 | startTime:2015-03-17 14:04:11

2015-03-17T14:04:11Z
https://www.pesopay.com/b2c2/eng/directPay/payComp.jsp?payType=N&merchantId=18139954&pMethod=VISA&lang=E&cardHolder=nathan%20agnes&cardNo=4562820001147738&securityCode=174&epMonth=02&epYear=2018&amount=700&currCode=978&orderRef=1426597577-3328&remark=

2015-03-17T14:04:20Z
ResponseParameter:  billNo: 1426597577-3328 | endTime:2015-03-17 14:04:20

2015-03-17T14:04:20Z
successcode=0&Ref=1426597577-3328&PayRef=6601730&Amt=700.0&Cur=978&prc=0&src=0&Ord=507701503948&Holder=nathan agnes&AuthId=433996&TxTime=2015-03-17 22:04:17.0&errMsg=Transaction completed







2015-03-17T14:05:10Z
RequestParameter:  billNo: y9L7C1426601109 | startTime:2015-03-17 14:05:10

2015-03-17T14:05:10Z
https://www.pesopay.com/b2c2/eng/directPay/payComp.jsp?payType=N&merchantId=18139954&pMethod=Master&lang=E&cardHolder=%20liliane%20pettenaro&cardNo=5************857&securityCode=***&epMonth=09&epYear=2017&amount=1000&currCode=978&orderRef=y9L7C1426601109&remark=eyyts

2015-03-17T14:05:20Z
ResponseParameter:  billNo: y9L7C1426601109 | endTime:2015-03-17 14:05:20

2015-03-17T14:05:20Z
successcode=1&Ref=y9L7C1426601109&PayRef=6601734&Amt=1000.0&Cur=978&prc=1&src=205&Ord=507701503954&Holder= liliane pettenaro&AuthId=&TxTime=2015-03-17 22:05:17.0&errMsg=Transaction failed







2015-03-17T14:05:33Z
RequestParameter:  billNo: 8NGYB1426601132 | startTime:2015-03-17 14:05:33

2015-03-17T14:05:33Z
https://www.pesopay.com/b2c2/eng/directPay/payComp.jsp?payType=N&merchantId=18139954&pMethod=Master&lang=E&cardHolder=%20liliane%20pettenaro&cardNo=5************857&securityCode=***&epMonth=09&epYear=2017&amount=500&currCode=978&orderRef=8NGYB1426601132&remark=eyyts

2015-03-17T14:05:36Z
ResponseParameter:  billNo: 8NGYB1426601132 | endTime:2015-03-17 14:05:36

2015-03-17T14:05:36Z
successcode=1&Ref=8NGYB1426601132&PayRef=6601737&Amt=500.0&Cur=978&prc=1&src=205&Ord=507701503958&Holder= liliane pettenaro&AuthId=&TxTime=2015-03-17 22:05:40.0&errMsg=Transaction failed







2015-03-17T14:05:51Z
RequestParameter:  billNo: oAB3s1426601150 | startTime:2015-03-17 14:05:51

2015-03-17T14:05:51Z
https://www.pesopay.com/b2c2/eng/directPay/payComp.jsp?payType=N&merchantId=18139954&pMethod=Master&lang=E&cardHolder=%20liliane%20pettenaro&cardNo=5************857&securityCode=***&epMonth=09&epYear=2017&amount=200&currCode=978&orderRef=oAB3s1426601150&remark=eyyts

2015-03-17T14:05:58Z
ResponseParameter:  billNo: oAB3s1426601150 | endTime:2015-03-17 14:05:58

2015-03-17T14:05:58Z
successcode=1&Ref=oAB3s1426601150&PayRef=6601740&Amt=200.0&Cur=978&prc=1&src=205&Ord=507701503961&Holder= liliane pettenaro&AuthId=&TxTime=2015-03-17 22:05:57.0&errMsg=Transaction failed







2015-03-17T15:41:45Z
RequestParameter:  billNo: 1426603928-16668 | startTime:2015-03-17 15:41:45

2015-03-17T15:41:45Z
https://www.pesopay.com/b2c2/eng/directPay/payComp.jsp?payType=N&merchantId=18139954&pMethod=Master&lang=E&cardHolder=khurana%20ish&cardNo=5421951000129860&securityCode=221&epMonth=07&epYear=2015&amount=250&currCode=978&orderRef=1426603928-16668&remark=

2015-03-17T15:41:49Z
ResponseParameter:  billNo: 1426603928-16668 | endTime:2015-03-17 15:41:49

2015-03-17T15:41:49Z
successcode=1&Ref=1426603928-16668&PayRef=6602083&Amt=250.0&Cur=978&prc=1&src=205&Ord=507702504470&Holder=khurana ish&AuthId=&TxTime=2015-03-17 23:41:52.0&errMsg=Transaction failed







2015-03-17T16:42:04Z
RequestParameter:  billNo: 7617-8624_6727 | startTime:2015-03-17 16:42:04

2015-03-17T16:42:04Z
https://www.pesopay.com/b2c2/eng/directPay/payComp.jsp?payType=N&merchantId=18139954&pMethod=VISA&lang=E&cardHolder=Illiam%20GIOMIS&cardNo=4************741&securityCode=***&epMonth=06&epYear=2017&amount=10&currCode=978&orderRef=7617-8624_6727&remark=

2015-03-17T16:42:12Z
ResponseParameter:  billNo: 7617-8624_6727 | endTime:2015-03-17 16:42:12

2015-03-17T16:42:12Z
successcode=0&Ref=7617-8624_6727&PayRef=6602280&Amt=10.0&Cur=978&prc=0&src=0&Ord=507703504680&Holder=Illiam GIOMIS&AuthId=632698&TxTime=2015-03-18 00:42:10.0&errMsg=Transaction completed







2015-03-17T16:42:50Z
RequestParameter:  billNo: 1833-2659_5538 | startTime:2015-03-17 16:42:50

2015-03-17T16:42:50Z
https://www.pesopay.com/b2c2/eng/directPay/payComp.jsp?payType=N&merchantId=18139954&pMethod=VISA&lang=E&cardHolder=Illiam%20GIOMIS&cardNo=4************741&securityCode=***&epMonth=06&epYear=2017&amount=10&currCode=978&orderRef=1833-2659_5538&remark=

2015-03-17T16:43:05Z
ResponseParameter:  billNo: 1833-2659_5538 | endTime:2015-03-17 16:43:05

2015-03-17T16:43:05Z
successcode=0&Ref=1833-2659_5538&PayRef=6602282&Amt=10.0&Cur=978&prc=0&src=0&Ord=507703504681&Holder=Illiam GIOMIS&AuthId=387801&TxTime=2015-03-18 00:42:57.0&errMsg=Transaction completed







2015-03-17T17:51:48Z
RequestParameter:  billNo: 5807-1882_3343 | startTime:2015-03-17 17:51:48

2015-03-17T17:51:48Z
https://www.pesopay.com/b2c2/eng/directPay/payComp.jsp?payType=N&merchantId=18139954&pMethod=Master&lang=E&cardHolder=ben%20ben&cardNo=5************406&securityCode=***&epMonth=06&epYear=2017&amount=10&currCode=978&orderRef=5807-1882_3343&remark=

2015-03-17T17:51:54Z
ResponseParameter:  billNo: 5807-1882_3343 | endTime:2015-03-17 17:51:54

2015-03-17T17:51:54Z
successcode=0&Ref=5807-1882_3343&PayRef=6602423&Amt=10.0&Cur=978&prc=0&src=0&Ord=507704504845&Holder=ben ben&AuthId=405084&TxTime=2015-03-18 01:51:55.0&errMsg=Transaction completed







