2015-10-12T08:04:41Z
RequestParameter:  billNo: 2015101201 | startTime:2015-10-12 08:04:41

2015-10-12T08:04:41Z
Array
(
    [MODE] => U
    [FRMT] => XML
    [VERS] => 0630
    [MERC] => 680000
    [SESS] => 2015101201
    [TRAN] => 310J0DN47MJC
    [AUTH] => 
    [MACK] => Y
    [RFCB] => R
)


2015-10-12T08:04:42Z
ResponseParameter:  billNo: 2015101201 | endTime:2015-10-12 08:04:42

2015-10-12T08:04:42Z
<?xml version="1.0" encoding="UTF-8"?>
<RESPONSE>
  <VERS>0630</VERS>
  <MODE>U</MODE>
  <TRAN>310J0DN47MJC</TRAN>
  <MERC>680000</MERC>
  <SESS>2015101201</SESS>
  <RULES_TRIGGERED>0</RULES_TRIGGERED>
  <COUNTERS_TRIGGERED>0</COUNTERS_TRIGGERED>
  <REASON_CODE></REASON_CODE>
  <MASTERCARD></MASTERCARD>
  <WARNING_COUNT>0</WARNING_COUNT>
</RESPONSE>

2015-10-12T08:05:10Z
RequestParameter:  billNo: 2015101202 | startTime:2015-10-12 08:05:10

2015-10-12T08:05:10Z
Array
(
    [MODE] => U
    [FRMT] => XML
    [VERS] => 0630
    [MERC] => 680000
    [SESS] => 2015101202
    [TRAN] => 310J0J91R7K4
    [AUTH] => 
    [MACK] => Y
    [RFCB] => R
)


2015-10-12T08:05:11Z
ResponseParameter:  billNo: 2015101202 | endTime:2015-10-12 08:05:11

2015-10-12T08:05:11Z
<?xml version="1.0" encoding="UTF-8"?>
<RESPONSE>
  <VERS>0630</VERS>
  <MODE>U</MODE>
  <TRAN>310J0J91R7K4</TRAN>
  <MERC>680000</MERC>
  <SESS>2015101202</SESS>
  <RULES_TRIGGERED>0</RULES_TRIGGERED>
  <COUNTERS_TRIGGERED>0</COUNTERS_TRIGGERED>
  <REASON_CODE></REASON_CODE>
  <MASTERCARD></MASTERCARD>
  <WARNING_COUNT>0</WARNING_COUNT>
</RESPONSE>

2015-10-12T08:05:33Z
RequestParameter:  billNo: 2015101203 | startTime:2015-10-12 08:05:33

2015-10-12T08:05:33Z
Array
(
    [MODE] => U
    [FRMT] => XML
    [VERS] => 0630
    [MERC] => 680000
    [SESS] => 2015101203
    [TRAN] => 310M05NRS55R
    [AUTH] => 
    [MACK] => Y
    [RFCB] => R
)


2015-10-12T08:05:34Z
ResponseParameter:  billNo: 2015101203 | endTime:2015-10-12 08:05:34

2015-10-12T08:05:34Z
<?xml version="1.0" encoding="UTF-8"?>
<RESPONSE>
  <VERS>0630</VERS>
  <MODE>U</MODE>
  <TRAN>310M05NRS55R</TRAN>
  <MERC>680000</MERC>
  <SESS>2015101203</SESS>
  <RULES_TRIGGERED>0</RULES_TRIGGERED>
  <COUNTERS_TRIGGERED>0</COUNTERS_TRIGGERED>
  <REASON_CODE></REASON_CODE>
  <MASTERCARD></MASTERCARD>
  <WARNING_COUNT>0</WARNING_COUNT>
</RESPONSE>

2015-10-12T08:05:53Z
RequestParameter:  billNo: 2015101204 | startTime:2015-10-12 08:05:53

2015-10-12T08:05:53Z
Array
(
    [MODE] => U
    [FRMT] => XML
    [VERS] => 0630
    [MERC] => 680000
    [SESS] => 2015101204
    [TRAN] => 310M0N13THZP
    [AUTH] => 
    [MACK] => Y
    [RFCB] => R
)


2015-10-12T08:05:55Z
ResponseParameter:  billNo: 2015101204 | endTime:2015-10-12 08:05:55

2015-10-12T08:05:55Z
<?xml version="1.0" encoding="UTF-8"?>
<RESPONSE>
  <VERS>0630</VERS>
  <MODE>U</MODE>
  <TRAN>310M0N13THZP</TRAN>
  <MERC>680000</MERC>
  <SESS>2015101204</SESS>
  <RULES_TRIGGERED>0</RULES_TRIGGERED>
  <COUNTERS_TRIGGERED>0</COUNTERS_TRIGGERED>
  <REASON_CODE></REASON_CODE>
  <MASTERCARD></MASTERCARD>
  <WARNING_COUNT>0</WARNING_COUNT>
</RESPONSE>

2015-10-12T10:31:57Z
RequestParameter:  billNo: eowbB1444645902 | startTime:2015-10-12 10:31:57

2015-10-12T10:31:57Z
Array
(
    [MODE] => U
    [FRMT] => XML
    [VERS] => 0630
    [MERC] => 680000
    [SESS] => eowbB1444645902
    [TRAN] => 310X00K5J0W2
    [AUTH] => D
    [MACK] => Y
)


2015-10-12T10:31:58Z
ResponseParameter:  billNo: eowbB1444645902 | endTime:2015-10-12 10:31:58

2015-10-12T10:31:58Z
<?xml version="1.0" encoding="UTF-8"?>
<RESPONSE>
  <VERS>0630</VERS>
  <MODE>U</MODE>
  <TRAN>310X00K5J0W2</TRAN>
  <MERC>680000</MERC>
  <SESS>eowbB1444645902</SESS>
  <RULES_TRIGGERED>0</RULES_TRIGGERED>
  <COUNTERS_TRIGGERED>0</COUNTERS_TRIGGERED>
  <REASON_CODE></REASON_CODE>
  <MASTERCARD></MASTERCARD>
  <WARNING_COUNT>0</WARNING_COUNT>
</RESPONSE>

2015-10-12T11:05:28Z
RequestParameter:  billNo: 82rGy1444647911 | startTime:2015-10-12 11:05:28

2015-10-12T11:05:28Z
Array
(
    [MODE] => U
    [FRMT] => XML
    [VERS] => 0630
    [MERC] => 680000
    [SESS] => 82rGy1444647911
    [TRAN] => 31090XVYQJ9Y
    [AUTH] => D
    [MACK] => Y
)


2015-10-12T11:05:29Z
ResponseParameter:  billNo: 82rGy1444647911 | endTime:2015-10-12 11:05:29

2015-10-12T11:05:29Z
<?xml version="1.0" encoding="UTF-8"?>
<RESPONSE>
  <VERS>0630</VERS>
  <MODE>U</MODE>
  <TRAN>31090XVYQJ9Y</TRAN>
  <MERC>680000</MERC>
  <SESS>82rGy1444647911</SESS>
  <RULES_TRIGGERED>0</RULES_TRIGGERED>
  <COUNTERS_TRIGGERED>0</COUNTERS_TRIGGERED>
  <REASON_CODE></REASON_CODE>
  <MASTERCARD></MASTERCARD>
  <WARNING_COUNT>0</WARNING_COUNT>
</RESPONSE>

2015-10-12T11:05:55Z
RequestParameter:  billNo: oSC9k1444647944 | startTime:2015-10-12 11:05:55

2015-10-12T11:05:55Z
Array
(
    [MODE] => U
    [FRMT] => XML
    [VERS] => 0630
    [MERC] => 680000
    [SESS] => oSC9k1444647944
    [TRAN] => 31090SP2W6N1
    [AUTH] => D
    [MACK] => Y
)


2015-10-12T11:05:56Z
ResponseParameter:  billNo: oSC9k1444647944 | endTime:2015-10-12 11:05:56

2015-10-12T11:05:56Z
<?xml version="1.0" encoding="UTF-8"?>
<RESPONSE>
  <VERS>0630</VERS>
  <MODE>U</MODE>
  <TRAN>31090SP2W6N1</TRAN>
  <MERC>680000</MERC>
  <SESS>oSC9k1444647944</SESS>
  <RULES_TRIGGERED>0</RULES_TRIGGERED>
  <COUNTERS_TRIGGERED>0</COUNTERS_TRIGGERED>
  <REASON_CODE></REASON_CODE>
  <MASTERCARD></MASTERCARD>
  <WARNING_COUNT>0</WARNING_COUNT>
</RESPONSE>

2015-10-12T14:13:52Z
RequestParameter:  billNo: tfh3D1444659227 | startTime:2015-10-12 14:13:52

2015-10-12T14:13:52Z
Array
(
    [MODE] => U
    [FRMT] => XML
    [VERS] => 0630
    [MERC] => 680000
    [SESS] => tfh3D1444659227
    [TRAN] => 310S08L1QMKR
    [AUTH] => D
    [MACK] => Y
)


2015-10-12T14:13:53Z
ResponseParameter:  billNo: tfh3D1444659227 | endTime:2015-10-12 14:13:53

2015-10-12T14:13:53Z
<?xml version="1.0" encoding="UTF-8"?>
<RESPONSE>
  <VERS>0630</VERS>
  <MODE>U</MODE>
  <TRAN>310S08L1QMKR</TRAN>
  <MERC>680000</MERC>
  <SESS>tfh3D1444659227</SESS>
  <RULES_TRIGGERED>0</RULES_TRIGGERED>
  <COUNTERS_TRIGGERED>0</COUNTERS_TRIGGERED>
  <REASON_CODE></REASON_CODE>
  <MASTERCARD></MASTERCARD>
  <WARNING_COUNT>0</WARNING_COUNT>
</RESPONSE>

