2015-08-29T19:21:11Z
RequestParameter:  billNo: 1440876067357 | startTime:2015-08-29 19:21:11

2015-08-29T19:21:11Z
Array
(
    [MODE] => U
    [FRMT] => XML
    [VERS] => 0630
    [MERC] => 680000
    [SESS] => e3eaa2dd43bd83fb130afb1397676201
    [TRAN] => 36KD0XDYR7CP
    [AUTH] => D
    [MACK] => Y
)


2015-08-29T19:21:12Z
ResponseParameter:  billNo: 1440876067357 | endTime:2015-08-29 19:21:12

2015-08-29T19:21:12Z
<?xml version="1.0" encoding="UTF-8"?>
<RESPONSE>
  <VERS>0630</VERS>
  <MODE>U</MODE>
  <TRAN>36KD0XDYR7CP</TRAN>
  <MERC>680000</MERC>
  <SESS>e3eaa2dd43bd83fb130afb1397676201</SESS>
  <RULES_TRIGGERED>0</RULES_TRIGGERED>
  <COUNTERS_TRIGGERED>0</COUNTERS_TRIGGERED>
  <REASON_CODE></REASON_CODE>
  <MASTERCARD></MASTERCARD>
  <WARNING_COUNT>0</WARNING_COUNT>
</RESPONSE>

2015-08-29T19:23:26Z
RequestParameter:  billNo: 1440876204779 | startTime:2015-08-29 19:23:26

2015-08-29T19:23:26Z
Array
(
    [MODE] => U
    [FRMT] => XML
    [VERS] => 0630
    [MERC] => 680000
    [SESS] => 30841ecec0a971851fab3aef34d20474
    [TRAN] => 36KD0668VNQY
    [AUTH] => D
    [MACK] => Y
)


2015-08-29T19:23:27Z
ResponseParameter:  billNo: 1440876204779 | endTime:2015-08-29 19:23:27

2015-08-29T19:23:27Z
<?xml version="1.0" encoding="UTF-8"?>
<RESPONSE>
  <VERS>0630</VERS>
  <MODE>U</MODE>
  <TRAN>36KD0668VNQY</TRAN>
  <MERC>680000</MERC>
  <SESS>30841ecec0a971851fab3aef34d20474</SESS>
  <RULES_TRIGGERED>0</RULES_TRIGGERED>
  <COUNTERS_TRIGGERED>0</COUNTERS_TRIGGERED>
  <REASON_CODE></REASON_CODE>
  <MASTERCARD></MASTERCARD>
  <WARNING_COUNT>0</WARNING_COUNT>
</RESPONSE>

