2015-03-06T08:06:16Z
RequestParameter:  billNo: 1425546326-7035 | startTime:2015-03-06 08:06:16

2015-03-06T08:06:16Z
https://www.pesopay.com/b2c2/eng/directPay/payComp.jsp?payType=N&merchantId=18139954&pMethod=VISA&lang=E&cardHolder=Jean%20Bertin&cardNo=4974014878589626&securityCode=832&epMonth=10&epYear=2016&amount=100&currCode=978&orderRef=1425546326-7035&remark=

2015-03-06T08:06:22Z
ResponseParameter:  billNo: 1425546326-7035 | endTime:2015-03-06 08:06:22

2015-03-06T08:06:22Z
successcode=0&Ref=1425546326-7035&PayRef=6531168&Amt=100.0&Cur=978&prc=0&src=0&Ord=506519584672&Holder=Jean Bertin&AuthId=426082&TxTime=2015-03-06 16:06:18.0&errMsg=Transaction completed







2015-03-06T08:25:32Z
RequestParameter:  billNo: 1425466835-21812 | startTime:2015-03-06 08:25:32

2015-03-06T08:25:32Z
https://www.pesopay.com/b2c2/eng/directPay/payComp.jsp?payType=N&merchantId=18139954&pMethod=VISA&lang=E&cardHolder=raoul%20ferroux&cardNo=4970402054221383&securityCode=772&epMonth=09&epYear=2015&amount=200&currCode=978&orderRef=1425466835-21812&remark=

2015-03-06T08:25:39Z
ResponseParameter:  billNo: 1425466835-21812 | endTime:2015-03-06 08:25:39

2015-03-06T08:25:39Z
successcode=0&Ref=1425466835-21812&PayRef=6531283&Amt=200.0&Cur=978&prc=0&src=0&Ord=506519584828&Holder=raoul ferroux&AuthId=653806&TxTime=2015-03-06 16:25:33.0&errMsg=Transaction completed







2015-03-06T08:29:35Z
RequestParameter:  billNo: 1425551822-4841 | startTime:2015-03-06 08:29:35

2015-03-06T08:29:35Z
https://www.pesopay.com/b2c2/eng/directPay/payComp.jsp?payType=N&merchantId=18139954&pMethod=Master&lang=E&cardHolder=Jean%20Lameynardi&cardNo=5133819975782998&securityCode=54&epMonth=09&epYear=2015&amount=200&currCode=978&orderRef=1425551822-4841&remark=

2015-03-06T08:29:37Z
ResponseParameter:  billNo: 1425551822-4841 | endTime:2015-03-06 08:29:37

2015-03-06T08:29:37Z
successcode=-1&Ref=&PayRef=&Amt=&Cur=&prc=&src=&Ord=&Holder=&AuthId=&TxTime=&errMsg=Invalid Card Verification Number


2015-03-06T08:33:45Z
RequestParameter:  billNo: 1425575671-71887 | startTime:2015-03-06 08:33:45

2015-03-06T08:33:45Z
https://www.pesopay.com/b2c2/eng/directPay/payComp.jsp?payType=N&merchantId=18139954&pMethod=VISA&lang=E&cardHolder=gregoretti%20francesca&cardNo=4775710190570027&securityCode=661&epMonth=12&epYear=2019&amount=1000&currCode=978&orderRef=1425575671-71887&remark=

2015-03-06T08:33:48Z
ResponseParameter:  billNo: 1425575671-71887 | endTime:2015-03-06 08:33:48

2015-03-06T08:33:48Z
successcode=0&Ref=1425575671-71887&PayRef=6531316&Amt=1000.0&Cur=978&prc=0&src=0&Ord=506519584868&Holder=gregoretti francesca&AuthId=605871&TxTime=2015-03-06 16:33:46.0&errMsg=Transaction completed







2015-03-06T08:35:50Z
RequestParameter:  billNo: 1425554768-19224 | startTime:2015-03-06 08:35:50

2015-03-06T08:35:50Z
https://www.pesopay.com/b2c2/eng/directPay/payComp.jsp?payType=N&merchantId=18139954&pMethod=VISA&lang=E&cardHolder=JeanClaude%20LARCHER&cardNo=4562686238324162&securityCode=552&epMonth=09&epYear=2017&amount=500&currCode=978&orderRef=1425554768-19224&remark=

2015-03-06T08:35:53Z
ResponseParameter:  billNo: 1425554768-19224 | endTime:2015-03-06 08:35:53

2015-03-06T08:35:53Z
successcode=1&Ref=1425554768-19224&PayRef=6531328&Amt=500.0&Cur=978&prc=1&src=551&Ord=506519584881&Holder=JeanClaude LARCHER&AuthId=&TxTime=2015-03-06 16:35:51.0&errMsg=Transaction failed







2015-03-06T08:36:45Z
RequestParameter:  billNo: 1425545243-5104 | startTime:2015-03-06 08:36:45

2015-03-06T08:36:45Z
https://www.pesopay.com/b2c2/eng/directPay/payComp.jsp?payType=N&merchantId=18139954&pMethod=Master&lang=E&cardHolder=X%20.%20.KATALA%20KABEYA&cardNo=5545050489402004&securityCode=563&epMonth=07&epYear=2017&amount=250&currCode=978&orderRef=1425545243-5104&remark=

2015-03-06T08:36:51Z
ResponseParameter:  billNo: 1425545243-5104 | endTime:2015-03-06 08:36:51

2015-03-06T08:36:51Z
successcode=0&Ref=1425545243-5104&PayRef=6531333&Amt=250.0&Cur=978&prc=0&src=0&Ord=506519584886&Holder=X . .KATALA KABEYA&AuthId=634608&TxTime=2015-03-06 16:36:46.0&errMsg=Transaction completed







2015-03-06T08:40:52Z
RequestParameter:  billNo: 1425492114-3367 | startTime:2015-03-06 08:40:52

2015-03-06T08:40:52Z
https://www.pesopay.com/b2c2/eng/directPay/payComp.jsp?payType=N&merchantId=18139954&pMethod=Master&lang=E&cardHolder=Philippe%20Desmargez%20Philippe%20Desmargez%20.desmargez&cardNo=5137703916191541&securityCode=261&epMonth=11&epYear=2017&amount=400&currCode=978&orderRef=1425492114-3367&remark=

2015-03-06T08:40:57Z
ResponseParameter:  billNo: 1425492114-3367 | endTime:2015-03-06 08:40:57

2015-03-06T08:40:57Z
successcode=0&Ref=1425492114-3367&PayRef=6531348&Amt=400.0&Cur=978&prc=0&src=0&Ord=506519584915&Holder=Philippe Desmargez Philippe Desmargez .desmargez&AuthId=826841&TxTime=2015-03-06 16:40:53.0&errMsg=Transaction completed







2015-03-06T08:41:03Z
RequestParameter:  billNo: 1425482627-3367 | startTime:2015-03-06 08:41:03

2015-03-06T08:41:03Z
https://www.pesopay.com/b2c2/eng/directPay/payComp.jsp?payType=N&merchantId=18139954&pMethod=Master&lang=E&cardHolder=Philippe%20Desmargez%20Philippe%20Desmargez%20.desmargez&cardNo=5137703916191541&securityCode=261&epMonth=11&epYear=2017&amount=100&currCode=978&orderRef=1425482627-3367&remark=

2015-03-06T08:41:11Z
ResponseParameter:  billNo: 1425482627-3367 | endTime:2015-03-06 08:41:11

2015-03-06T08:41:11Z
successcode=0&Ref=1425482627-3367&PayRef=6531350&Amt=100.0&Cur=978&prc=0&src=0&Ord=506519584916&Holder=Philippe Desmargez Philippe Desmargez .desmargez&AuthId=676134&TxTime=2015-03-06 16:41:04.0&errMsg=Transaction completed







2015-03-06T10:03:11Z
RequestParameter:  billNo: 1425543007-14670 | startTime:2015-03-06 10:03:11

2015-03-06T10:03:11Z
https://www.pesopay.com/b2c2/eng/directPay/payComp.jsp?payType=N&merchantId=18139954&pMethod=VISA&lang=E&cardHolder=Derin%20Jean%20.JEAN%20DERIN&cardNo=4971640101210938&securityCode=500&epMonth=11&epYear=2017&amount=1250&currCode=978&orderRef=1425543007-14670&remark=

2015-03-06T10:03:19Z
ResponseParameter:  billNo: 1425543007-14670 | endTime:2015-03-06 10:03:19

2015-03-06T10:03:19Z
successcode=0&Ref=1425543007-14670&PayRef=6531740&Amt=1250.0&Cur=978&prc=0&src=0&Ord=506521587259&Holder=Derin Jean .JEAN DERIN&AuthId=095067&TxTime=2015-03-06 18:03:13.0&errMsg=Transaction completed







2015-03-06T10:04:58Z
RequestParameter:  billNo: 1425395111-15368 | startTime:2015-03-06 10:04:58

2015-03-06T10:04:58Z
https://www.pesopay.com/b2c2/eng/directPay/payComp.jsp?payType=N&merchantId=18139954&pMethod=VISA&lang=E&cardHolder=fraissinet%20guillaume%20fraissinet&cardNo=4979410473969756&securityCode=447&epMonth=05&epYear=2015&amount=500&currCode=978&orderRef=1425395111-15368&remark=

2015-03-06T10:05:05Z
ResponseParameter:  billNo: 1425395111-15368 | endTime:2015-03-06 10:05:05

2015-03-06T10:05:05Z
successcode=0&Ref=1425395111-15368&PayRef=6531751&Amt=500.0&Cur=978&prc=0&src=0&Ord=506521587270&Holder=fraissinet guillaume fraissinet&AuthId=741916&TxTime=2015-03-06 18:05:00.0&errMsg=Transaction completed







2015-03-06T10:07:07Z
RequestParameter:  billNo: 1425467810-14695 | startTime:2015-03-06 10:07:07

2015-03-06T10:07:07Z
https://www.pesopay.com/b2c2/eng/directPay/payComp.jsp?payType=N&merchantId=18139954&pMethod=VISA&lang=E&cardHolder=Christopher%20BARBE%20.%20.&cardNo=4975984768788455&securityCode=838&epMonth=04&epYear=2016&amount=100&currCode=978&orderRef=1425467810-14695&remark=

2015-03-06T10:07:15Z
ResponseParameter:  billNo: 1425467810-14695 | endTime:2015-03-06 10:07:15

2015-03-06T10:07:15Z
successcode=0&Ref=1425467810-14695&PayRef=6531759&Amt=100.0&Cur=978&prc=0&src=0&Ord=506521587280&Holder=Christopher BARBE . .&AuthId=312153&TxTime=2015-03-06 18:07:08.0&errMsg=Transaction completed







2015-03-06T10:14:00Z
RequestParameter:  billNo: YDUV01425636837 | startTime:2015-03-06 10:14:00

2015-03-06T10:14:00Z
https://www.pesopay.com/b2c2/eng/directPay/payComp.jsp?payType=N&merchantId=18139939&pMethod=VISA&lang=E&cardHolder=juan%20tamad&cardNo=4************43&securityCode=***&epMonth=01&epYear=2016&amount=12&currCode=840&orderRef=YDUV01425636837&remark=d%20asdasdas

2015-03-06T10:14:01Z
ResponseParameter:  billNo: YDUV01425636837 | endTime:2015-03-06 10:14:01

2015-03-06T10:14:01Z
successcode=-1&Ref=&PayRef=&Amt=&Cur=&prc=&src=&Ord=&Holder=&AuthId=&TxTime=&errMsg=Parameter cardNo incorrect


2015-03-06T10:14:21Z
RequestParameter:  billNo: hi5we1425636860 | startTime:2015-03-06 10:14:21

2015-03-06T10:14:21Z
https://www.pesopay.com/b2c2/eng/directPay/payComp.jsp?payType=N&merchantId=18139939&pMethod=Master&lang=E&cardHolder=a%20a&cardNo=5************001&securityCode=***&epMonth=02&epYear=2015&amount=50&currCode=840&orderRef=hi5we1425636860&remark=rwerewr

2015-03-06T10:14:23Z
ResponseParameter:  billNo: hi5we1425636860 | endTime:2015-03-06 10:14:23

2015-03-06T10:14:23Z
successcode=1&Ref=hi5we1425636860&PayRef=6531785&Amt=50.0&Cur=840&prc=-8&src=2017&Ord=&Holder=a a&AuthId=&TxTime=2015-03-06 18:14:23.0&errMsg=Transaction failed







2015-03-06T10:25:21Z
RequestParameter:  billNo: kTgOx1425637520 | startTime:2015-03-06 10:25:21

2015-03-06T10:25:21Z
https://www.pesopay.com/b2c2/eng/directPay/payComp.jsp?payType=N&merchantId=18139954&pMethod=VISA&lang=E&cardHolder=Michael%20Gagulashvili&cardNo=4************826&securityCode=***&epMonth=01&epYear=2018&amount=100&currCode=978&orderRef=kTgOx1425637520&remark=1

2015-03-06T10:25:27Z
ResponseParameter:  billNo: kTgOx1425637520 | endTime:2015-03-06 10:25:27

2015-03-06T10:25:27Z
successcode=1&Ref=kTgOx1425637520&PayRef=6531826&Amt=100.0&Cur=978&prc=1&src=551&Ord=506521587386&Holder=Michael Gagulashvili&AuthId=&TxTime=2015-03-06 18:25:22.0&errMsg=Transaction failed







2015-03-06T10:32:15Z
RequestParameter:  billNo: Kux461425637933 | startTime:2015-03-06 10:32:15

2015-03-06T10:32:15Z
https://www.pesopay.com/b2c2/eng/directPay/payComp.jsp?payType=N&merchantId=18139954&pMethod=VISA&lang=E&cardHolder=didier%20houg&cardNo=4************010&securityCode=***&epMonth=01&epYear=2018&amount=1200&currCode=978&orderRef=Kux461425637933&remark=clien%20trading

2015-03-06T10:32:19Z
ResponseParameter:  billNo: Kux461425637933 | endTime:2015-03-06 10:32:19

2015-03-06T10:32:19Z
successcode=0&Ref=Kux461425637933&PayRef=6531853&Amt=1200.0&Cur=978&prc=0&src=0&Ord=506521587419&Holder=didier houg&AuthId=316660&TxTime=2015-03-06 18:32:16.0&errMsg=Transaction completed







2015-03-06T10:48:16Z
RequestParameter:  billNo: p9VZR1425638893 | startTime:2015-03-06 10:48:16

2015-03-06T10:48:16Z
https://www.pesopay.com/b2c2/eng/directPay/payComp.jsp?payType=N&merchantId=18139954&pMethod=Master&lang=E&cardHolder=coiffard%20albert&cardNo=5************642&securityCode=***&epMonth=11&epYear=2015&amount=1500&currCode=978&orderRef=p9VZR1425638893&remark=trading%20coiffard

2015-03-06T10:48:19Z
ResponseParameter:  billNo: p9VZR1425638893 | endTime:2015-03-06 10:48:19

2015-03-06T10:48:19Z
successcode=0&Ref=p9VZR1425638893&PayRef=6531916&Amt=1500.0&Cur=978&prc=0&src=0&Ord=506521587505&Holder=coiffard albert&AuthId=782226&TxTime=2015-03-06 18:48:17.0&errMsg=Transaction completed







2015-03-06T10:51:03Z
RequestParameter:  billNo: ridlt1425639062 | startTime:2015-03-06 10:51:03

2015-03-06T10:51:03Z
https://www.pesopay.com/b2c2/eng/directPay/payComp.jsp?payType=N&merchantId=18139954&pMethod=VISA&lang=E&cardHolder=didier%20franco&cardNo=4************914&securityCode=***&epMonth=11&epYear=2017&amount=1500&currCode=978&orderRef=ridlt1425639062&remark=franco%20trading

2015-03-06T10:51:07Z
ResponseParameter:  billNo: ridlt1425639062 | endTime:2015-03-06 10:51:07

2015-03-06T10:51:07Z
successcode=1&Ref=ridlt1425639062&PayRef=6531931&Amt=1500.0&Cur=978&prc=1&src=205&Ord=506521587516&Holder=didier franco&AuthId=&TxTime=2015-03-06 18:51:04.0&errMsg=Transaction failed







2015-03-06T10:52:20Z
RequestParameter:  billNo: IX3lD1425639139 | startTime:2015-03-06 10:52:20

2015-03-06T10:52:20Z
https://www.pesopay.com/b2c2/eng/directPay/payComp.jsp?payType=N&merchantId=18139954&pMethod=VISA&lang=E&cardHolder=christine%20franco&cardNo=4************817&securityCode=***&epMonth=11&epYear=2016&amount=1500&currCode=978&orderRef=IX3lD1425639139&remark=franco%20trading

2015-03-06T10:52:23Z
ResponseParameter:  billNo: IX3lD1425639139 | endTime:2015-03-06 10:52:23

2015-03-06T10:52:23Z
successcode=1&Ref=IX3lD1425639139&PayRef=6531940&Amt=1500.0&Cur=978&prc=1&src=205&Ord=506521587522&Holder=christine franco&AuthId=&TxTime=2015-03-06 18:52:21.0&errMsg=Transaction failed







2015-03-06T10:56:55Z
RequestParameter:  billNo: wIplG1425639414 | startTime:2015-03-06 10:56:55

2015-03-06T10:56:55Z
https://www.pesopay.com/b2c2/eng/directPay/payComp.jsp?payType=N&merchantId=18139954&pMethod=VISA&lang=E&cardHolder=daniel%20franco&cardNo=4************914&securityCode=***&epMonth=11&epYear=2017&amount=500&currCode=978&orderRef=wIplG1425639414&remark=franco%20trading

2015-03-06T10:56:58Z
ResponseParameter:  billNo: wIplG1425639414 | endTime:2015-03-06 10:56:58

2015-03-06T10:56:58Z
successcode=1&Ref=wIplG1425639414&PayRef=6531956&Amt=500.0&Cur=978&prc=1&src=205&Ord=506521587551&Holder=daniel franco&AuthId=&TxTime=2015-03-06 18:56:56.0&errMsg=Transaction failed







2015-03-06T11:00:33Z
RequestParameter:  billNo: QFMy61425639632 | startTime:2015-03-06 11:00:33

2015-03-06T11:00:33Z
https://www.pesopay.com/b2c2/eng/directPay/payComp.jsp?payType=N&merchantId=18139954&pMethod=Master&lang=E&cardHolder=brice%20pizzera&cardNo=5************595&securityCode=***&epMonth=05&epYear=2017&amount=2000&currCode=978&orderRef=QFMy61425639632&remark=pizzera%20trading

2015-03-06T11:00:43Z
ResponseParameter:  billNo: QFMy61425639632 | endTime:2015-03-06 11:00:43

2015-03-06T11:00:43Z
successcode=1&Ref=QFMy61425639632&PayRef=6531982&Amt=2000.0&Cur=978&prc=1&src=261&Ord=506522587578&Holder=brice pizzera&AuthId=&TxTime=2015-03-06 19:00:34.0&errMsg=Transaction failed







2015-03-06T11:01:10Z
RequestParameter:  billNo: 2yw9X1425639668 | startTime:2015-03-06 11:01:10

2015-03-06T11:01:10Z
https://www.pesopay.com/b2c2/eng/directPay/payComp.jsp?payType=N&merchantId=18139954&pMethod=Master&lang=E&cardHolder=brice%20pizzera&cardNo=5************595&securityCode=***&epMonth=05&epYear=2017&amount=1000&currCode=978&orderRef=2yw9X1425639668&remark=pizzera%20trading

2015-03-06T11:01:14Z
ResponseParameter:  billNo: 2yw9X1425639668 | endTime:2015-03-06 11:01:14

2015-03-06T11:01:14Z
successcode=1&Ref=2yw9X1425639668&PayRef=6531985&Amt=1000.0&Cur=978&prc=1&src=551&Ord=506522587582&Holder=brice pizzera&AuthId=&TxTime=2015-03-06 19:01:10.0&errMsg=Transaction failed







2015-03-06T11:01:38Z
RequestParameter:  billNo: c04tB1425639697 | startTime:2015-03-06 11:01:38

2015-03-06T11:01:38Z
https://www.pesopay.com/b2c2/eng/directPay/payComp.jsp?payType=N&merchantId=18139954&pMethod=Master&lang=E&cardHolder=brice%20pizzera&cardNo=5************595&securityCode=***&epMonth=05&epYear=2017&amount=500&currCode=978&orderRef=c04tB1425639697&remark=pizzera%20trading

2015-03-06T11:01:47Z
ResponseParameter:  billNo: c04tB1425639697 | endTime:2015-03-06 11:01:47

2015-03-06T11:01:47Z
successcode=1&Ref=c04tB1425639697&PayRef=6531986&Amt=500.0&Cur=978&prc=1&src=551&Ord=506522587584&Holder=brice pizzera&AuthId=&TxTime=2015-03-06 19:01:39.0&errMsg=Transaction failed







2015-03-06T11:09:59Z
RequestParameter:  billNo: AwliT1425640197 | startTime:2015-03-06 11:09:59

2015-03-06T11:09:59Z
https://www.pesopay.com/b2c2/eng/directPay/payComp.jsp?payType=N&merchantId=18139954&pMethod=VISA&lang=E&cardHolder=mahane%20champs&cardNo=4************317&securityCode=***&epMonth=09&epYear=2017&amount=1000&currCode=978&orderRef=AwliT1425640197&remark=champs%20trading

2015-03-06T11:10:07Z
ResponseParameter:  billNo: AwliT1425640197 | endTime:2015-03-06 11:10:07

2015-03-06T11:10:07Z
successcode=0&Ref=AwliT1425640197&PayRef=6532015&Amt=1000.0&Cur=978&prc=0&src=0&Ord=506522587627&Holder=mahane champs&AuthId=440222&TxTime=2015-03-06 19:10:01.0&errMsg=Transaction completed







2015-03-06T11:27:47Z
RequestParameter:  billNo: txJWD1425641264 | startTime:2015-03-06 11:27:47

2015-03-06T11:27:47Z
https://www.pesopay.com/b2c2/eng/directPay/payComp.jsp?payType=N&merchantId=18139954&pMethod=VISA&lang=E&cardHolder=maxime%20lecouvey&cardNo=4************668&securityCode=***&epMonth=04&epYear=2017&amount=500&currCode=978&orderRef=txJWD1425641264&remark=lecouvey%20trading

2015-03-06T11:27:51Z
ResponseParameter:  billNo: txJWD1425641264 | endTime:2015-03-06 11:27:51

2015-03-06T11:27:51Z
successcode=1&Ref=txJWD1425641264&PayRef=6532096&Amt=500.0&Cur=978&prc=1&src=551&Ord=506522587726&Holder=maxime lecouvey&AuthId=&TxTime=2015-03-06 19:27:49.0&errMsg=Transaction failed







2015-03-06T11:28:15Z
RequestParameter:  billNo: gfOHT1425641293 | startTime:2015-03-06 11:28:15

2015-03-06T11:28:15Z
https://www.pesopay.com/b2c2/eng/directPay/payComp.jsp?payType=N&merchantId=18139954&pMethod=VISA&lang=E&cardHolder=maxime%20lecouvey&cardNo=4************668&securityCode=***&epMonth=04&epYear=2017&amount=200&currCode=978&orderRef=gfOHT1425641293&remark=lecouvey%20trading

2015-03-06T11:28:18Z
ResponseParameter:  billNo: gfOHT1425641293 | endTime:2015-03-06 11:28:18

2015-03-06T11:28:18Z
successcode=1&Ref=gfOHT1425641293&PayRef=6532097&Amt=200.0&Cur=978&prc=1&src=551&Ord=506522587729&Holder=maxime lecouvey&AuthId=&TxTime=2015-03-06 19:28:16.0&errMsg=Transaction failed







2015-03-06T11:30:40Z
RequestParameter:  billNo: 2Se7H1425641438 | startTime:2015-03-06 11:30:40

2015-03-06T11:30:40Z
https://www.pesopay.com/b2c2/eng/directPay/payComp.jsp?payType=N&merchantId=18139954&pMethod=Master&lang=E&cardHolder=jeremy%20aggoun&cardNo=5************207&securityCode=***&epMonth=02&epYear=2016&amount=1000&currCode=978&orderRef=2Se7H1425641438&remark=aggoun%20trading

2015-03-06T11:30:42Z
ResponseParameter:  billNo: 2Se7H1425641438 | endTime:2015-03-06 11:30:42

2015-03-06T11:30:42Z
successcode=0&Ref=2Se7H1425641438&PayRef=6532105&Amt=1000.0&Cur=978&prc=0&src=0&Ord=506522587741&Holder=jeremy aggoun&AuthId=175071&TxTime=2015-03-06 19:30:41.0&errMsg=Transaction completed







2015-03-06T11:54:05Z
RequestParameter:  billNo: BVuO61425642843 | startTime:2015-03-06 11:54:05

2015-03-06T11:54:05Z
https://www.pesopay.com/b2c2/eng/directPay/payComp.jsp?payType=N&merchantId=18139954&pMethod=VISA&lang=E&cardHolder=lupo%20eliane&cardNo=4************067&securityCode=***&epMonth=04&epYear=2016&amount=2000&currCode=978&orderRef=BVuO61425642843&remark=lupo%20trading

2015-03-06T11:54:09Z
ResponseParameter:  billNo: BVuO61425642843 | endTime:2015-03-06 11:54:09

2015-03-06T11:54:09Z
successcode=0&Ref=BVuO61425642843&PayRef=6532181&Amt=2000.0&Cur=978&prc=0&src=0&Ord=506522587843&Holder=lupo eliane&AuthId=311718&TxTime=2015-03-06 19:54:07.0&errMsg=Transaction completed







2015-03-06T11:56:11Z
RequestParameter:  billNo: pkwWi1425642970 | startTime:2015-03-06 11:56:11

2015-03-06T11:56:11Z
https://www.pesopay.com/b2c2/eng/directPay/payComp.jsp?payType=N&merchantId=18139954&pMethod=VISA&lang=E&cardHolder=eliane%20lupo&cardNo=4************067&securityCode=***&epMonth=04&epYear=2016&amount=2000&currCode=978&orderRef=pkwWi1425642970&remark=lupo%20trading

2015-03-06T11:56:14Z
ResponseParameter:  billNo: pkwWi1425642970 | endTime:2015-03-06 11:56:14

2015-03-06T11:56:14Z
successcode=0&Ref=pkwWi1425642970&PayRef=6532193&Amt=2000.0&Cur=978&prc=0&src=0&Ord=506522587856&Holder=eliane lupo&AuthId=478414&TxTime=2015-03-06 19:56:12.0&errMsg=Transaction completed







2015-03-06T11:58:40Z
RequestParameter:  billNo: Fy0OT1425643118 | startTime:2015-03-06 11:58:40

2015-03-06T11:58:40Z
https://www.pesopay.com/b2c2/eng/directPay/payComp.jsp?payType=N&merchantId=18139954&pMethod=VISA&lang=E&cardHolder=eliane%20lupo&cardNo=4************067&securityCode=***&epMonth=04&epYear=2016&amount=2000&currCode=978&orderRef=Fy0OT1425643118&remark=lupo%20trading

2015-03-06T11:58:44Z
ResponseParameter:  billNo: Fy0OT1425643118 | endTime:2015-03-06 11:58:44

2015-03-06T11:58:44Z
successcode=0&Ref=Fy0OT1425643118&PayRef=6532206&Amt=2000.0&Cur=978&prc=0&src=0&Ord=506522587878&Holder=eliane lupo&AuthId=667431&TxTime=2015-03-06 19:58:41.0&errMsg=Transaction completed







2015-03-06T12:01:45Z
RequestParameter:  billNo: SAsrR1425643303 | startTime:2015-03-06 12:01:45

2015-03-06T12:01:45Z
https://www.pesopay.com/b2c2/eng/directPay/payComp.jsp?payType=N&merchantId=18139954&pMethod=VISA&lang=E&cardHolder=eliane%20lupo&cardNo=4************067&securityCode=***&epMonth=04&epYear=2016&amount=2000&currCode=978&orderRef=SAsrR1425643303&remark=lupo%20trading

2015-03-06T12:01:49Z
ResponseParameter:  billNo: SAsrR1425643303 | endTime:2015-03-06 12:01:49

2015-03-06T12:01:49Z
successcode=1&Ref=SAsrR1425643303&PayRef=6532213&Amt=2000.0&Cur=978&prc=1&src=205&Ord=506523587889&Holder=eliane lupo&AuthId=&TxTime=2015-03-06 20:01:46.0&errMsg=Transaction failed







2015-03-06T12:02:28Z
RequestParameter:  billNo: EFUQB1425643347 | startTime:2015-03-06 12:02:28

2015-03-06T12:02:28Z
https://www.pesopay.com/b2c2/eng/directPay/payComp.jsp?payType=N&merchantId=18139954&pMethod=VISA&lang=E&cardHolder=eliane%20lupo&cardNo=4************566&securityCode=***&epMonth=04&epYear=2016&amount=2000&currCode=978&orderRef=EFUQB1425643347&remark=lupo%20trading

2015-03-06T12:02:29Z
ResponseParameter:  billNo: EFUQB1425643347 | endTime:2015-03-06 12:02:29

2015-03-06T12:02:29Z
successcode=1&Ref=EFUQB1425643347&PayRef=6532215&Amt=2000.0&Cur=978&prc=-8&src=2017&Ord=&Holder=eliane lupo&AuthId=&TxTime=2015-03-06 20:02:29.0&errMsg=Transaction failed







2015-03-06T12:43:30Z
RequestParameter:  billNo: 2120-4721_1155 | startTime:2015-03-06 12:43:30

2015-03-06T12:43:30Z
https://www.pesopay.com/b2c2/eng/directPay/payComp.jsp?payType=N&merchantId=18139954&pMethod=VISA&lang=E&cardHolder=Illiam%20GIOMIS&cardNo=4************000&securityCode=***&epMonth=12&epYear=202015&amount=100&currCode=978&orderRef=2120-4721_1155&remark=

2015-03-06T12:43:31Z
ResponseParameter:  billNo: 2120-4721_1155 | endTime:2015-03-06 12:43:31

2015-03-06T12:43:31Z
successcode=-1&Ref=&PayRef=&Amt=&Cur=&prc=&src=&Ord=&Holder=&AuthId=&TxTime=&errMsg=Parameter expiry year incorrect


2015-03-06T12:44:48Z
RequestParameter:  billNo: 7475-6807_4962 | startTime:2015-03-06 12:44:48

2015-03-06T12:44:48Z
https://www.pesopay.com/b2c2/eng/directPay/payComp.jsp?payType=N&merchantId=18139954&pMethod=VISA&lang=E&cardHolder=Illiam%20GIOMIS&cardNo=4************000&securityCode=***&epMonth=08&epYear=2018&amount=12&currCode=978&orderRef=7475-6807_4962&remark=

2015-03-06T12:44:50Z
ResponseParameter:  billNo: 7475-6807_4962 | endTime:2015-03-06 12:44:50

2015-03-06T12:44:50Z
successcode=1&Ref=7475-6807_4962&PayRef=6532440&Amt=12.0&Cur=978&prc=-8&src=2017&Ord=&Holder=Illiam GIOMIS&AuthId=&TxTime=2015-03-06 20:44:50.0&errMsg=Transaction failed







