2015-07-13T09:23:24Z
RequestParameter:  billNo: 91ee5dd992c34a3689c4844f83068a91

2015-07-13T09:23:24Z
https://www.pesopay.com/b2c2/eng/merchant/api/orderApi.jsp?merchantId=18139954&loginId=AllianzMetro1&password=Kaft5mNDjsks29d&actionType=OnlineRefund&payRef=7312253&amount=250

2015-07-13T09:23:27Z
ResponseParameter:  billNo: 91ee5dd992c34a3689c4844f83068a91

2015-07-13T09:23:27Z
resultCode=0&orderStatus=&ref=&payRef=&amt=&cur=&errMsg=Online Refund Success...





2015-07-13T09:24:53Z
RequestParameter:  billNo: 4a9437607cb149268a54b9e259bbc871

2015-07-13T09:24:53Z
https://www.pesopay.com/b2c2/eng/merchant/api/orderApi.jsp?merchantId=18139954&loginId=AllianzMetro1&password=Kaft5mNDjsks29d&actionType=OnlineRefund&payRef=6794179&amount=200

2015-07-13T09:24:55Z
ResponseParameter:  billNo: 4a9437607cb149268a54b9e259bbc871

2015-07-13T09:24:55Z
resultCode=0&orderStatus=&ref=&payRef=&amt=&cur=&errMsg=Online Refund Success...





2015-07-13T09:26:03Z
RequestParameter:  billNo: d89ef7f6cc79445db709c0660eb40405

2015-07-13T09:26:03Z
https://www.pesopay.com/b2c2/eng/merchant/api/orderApi.jsp?merchantId=18139954&loginId=AllianzMetro1&password=Kaft5mNDjsks29d&actionType=OnlineRefund&payRef=6937978&amount=500

2015-07-13T09:26:07Z
ResponseParameter:  billNo: d89ef7f6cc79445db709c0660eb40405

2015-07-13T09:26:07Z
resultCode=0&orderStatus=&ref=&payRef=&amt=&cur=&errMsg=Online Refund Success...





2015-07-13T09:27:47Z
RequestParameter:  billNo: 1431334721-12444

2015-07-13T09:27:47Z
https://www.pesopay.com/b2c2/eng/merchant/api/orderApi.jsp?merchantId=18139954&loginId=AllianzMetro1&password=Kaft5mNDjsks29d&actionType=OnlineRefund&payRef=6966633&amount=1000

2015-07-13T09:27:50Z
ResponseParameter:  billNo: 1431334721-12444

2015-07-13T09:27:50Z
resultCode=0&orderStatus=&ref=&payRef=&amt=&cur=&errMsg=Online Refund Success...





2015-07-13T09:33:01Z
RequestParameter:  billNo: 1431334633-12444

2015-07-13T09:33:01Z
https://www.pesopay.com/b2c2/eng/merchant/api/orderApi.jsp?merchantId=18139954&loginId=AllianzMetro1&password=Kaft5mNDjsks29d&actionType=OnlineRefund&payRef=6966618&amount=1000

2015-07-13T09:33:04Z
ResponseParameter:  billNo: 1431334633-12444

2015-07-13T09:33:04Z
resultCode=0&orderStatus=&ref=&payRef=&amt=&cur=&errMsg=Online Refund Success...





2015-07-13T09:36:32Z
RequestParameter:  billNo: 73047086fab2406f9c528fc7a175ede9

2015-07-13T09:36:32Z
https://www.pesopay.com/b2c2/eng/merchant/api/orderApi.jsp?merchantId=18139954&loginId=AllianzMetro1&password=Kaft5mNDjsks29d&actionType=OnlineRefund&payRef=6993589&amount=200

2015-07-13T09:36:35Z
ResponseParameter:  billNo: 73047086fab2406f9c528fc7a175ede9

2015-07-13T09:36:35Z
resultCode=0&orderStatus=&ref=&payRef=&amt=&cur=&errMsg=Online Refund Success...





2015-07-13T09:37:16Z
RequestParameter:  billNo: 73047086fab2406f9c528fc7a175ede9

2015-07-13T09:37:16Z
https://www.pesopay.com/b2c2/eng/merchant/api/orderApi.jsp?merchantId=18139954&loginId=AllianzMetro1&password=Kaft5mNDjsks29d&actionType=OnlineRefund&payRef=6993589&amount=200

2015-07-13T09:37:16Z
ResponseParameter:  billNo: 73047086fab2406f9c528fc7a175ede9

2015-07-13T09:37:16Z
resultCode=-1&orderStatus=&ref=&payRef=&amt=&cur=&errMsg=Online refund fail..





2015-07-13T09:38:51Z
RequestParameter:  billNo: RSFjo1432052323

2015-07-13T09:38:51Z
https://www.pesopay.com/b2c2/eng/merchant/api/orderApi.jsp?merchantId=18139954&loginId=AllianzMetro1&password=Kaft5mNDjsks29d&actionType=OnlineRefund&payRef=7025952&amount=500

2015-07-13T09:38:54Z
ResponseParameter:  billNo: RSFjo1432052323

2015-07-13T09:38:54Z
resultCode=0&orderStatus=&ref=&payRef=&amt=&cur=&errMsg=Online Refund Success...





2015-07-13T09:50:30Z
RequestParameter:  billNo: zTad21432051962

2015-07-13T09:50:30Z
https://www.pesopay.com/b2c2/eng/merchant/api/orderApi.jsp?merchantId=18139954&loginId=AllianzMetro1&password=Kaft5mNDjsks29d&actionType=OnlineRefund&payRef=7025924&amount=500

2015-07-13T09:50:32Z
ResponseParameter:  billNo: zTad21432051962

2015-07-13T09:50:32Z
resultCode=0&orderStatus=&ref=&payRef=&amt=&cur=&errMsg=Online Refund Success...





2015-07-13T09:51:29Z
RequestParameter:  billNo: VdoOQ1432052207

2015-07-13T09:51:29Z
https://www.pesopay.com/b2c2/eng/merchant/api/orderApi.jsp?merchantId=18139954&loginId=AllianzMetro1&password=Kaft5mNDjsks29d&actionType=OnlineRefund&payRef=7025942&amount=500

2015-07-13T09:51:31Z
ResponseParameter:  billNo: VdoOQ1432052207

2015-07-13T09:51:31Z
resultCode=0&orderStatus=&ref=&payRef=&amt=&cur=&errMsg=Online Refund Success...





2015-07-13T09:52:24Z
RequestParameter:  billNo: bY6PJ1432052090

2015-07-13T09:52:24Z
https://www.pesopay.com/b2c2/eng/merchant/api/orderApi.jsp?merchantId=18139954&loginId=AllianzMetro1&password=Kaft5mNDjsks29d&actionType=OnlineRefund&payRef=7025934&amount=500

2015-07-13T09:52:26Z
ResponseParameter:  billNo: bY6PJ1432052090

2015-07-13T09:52:26Z
resultCode=0&orderStatus=&ref=&payRef=&amt=&cur=&errMsg=Online Refund Success...





2015-07-13T09:56:43Z
RequestParameter:  billNo: 1432716123-306

2015-07-13T09:56:43Z
https://www.pesopay.com/b2c2/eng/merchant/api/orderApi.jsp?merchantId=18139954&loginId=AllianzMetro1&password=Kaft5mNDjsks29d&actionType=OnlineRefund&payRef=7080583&amount=500

2015-07-13T09:56:45Z
ResponseParameter:  billNo: 1432716123-306

2015-07-13T09:56:45Z
resultCode=0&orderStatus=&ref=&payRef=&amt=&cur=&errMsg=Online Refund Success...





2015-07-13T09:57:48Z
RequestParameter:  billNo: 1432716027-306

2015-07-13T09:57:48Z
https://www.pesopay.com/b2c2/eng/merchant/api/orderApi.jsp?merchantId=18139954&loginId=AllianzMetro1&password=Kaft5mNDjsks29d&actionType=OnlineRefund&payRef=7080569&amount=500

2015-07-13T09:57:49Z
ResponseParameter:  billNo: 1432716027-306

2015-07-13T09:57:49Z
resultCode=0&orderStatus=&ref=&payRef=&amt=&cur=&errMsg=Online Refund Success...





2015-07-13T10:02:04Z
RequestParameter:  billNo: 1432715940-306

2015-07-13T10:02:04Z
https://www.pesopay.com/b2c2/eng/merchant/api/orderApi.jsp?merchantId=18139954&loginId=AllianzMetro1&password=Kaft5mNDjsks29d&actionType=OnlineRefund&payRef=7080561&amount=500

2015-07-13T10:02:06Z
ResponseParameter:  billNo: 1432715940-306

2015-07-13T10:02:06Z
resultCode=0&orderStatus=&ref=&payRef=&amt=&cur=&errMsg=Online Refund Success...





2015-07-13T10:03:14Z
RequestParameter:  billNo: 1432819066-306

2015-07-13T10:03:14Z
https://www.pesopay.com/b2c2/eng/merchant/api/orderApi.jsp?merchantId=18139954&loginId=AllianzMetro1&password=Kaft5mNDjsks29d&actionType=OnlineRefund&payRef=7091409&amount=100

2015-07-13T10:03:16Z
ResponseParameter:  billNo: 1432819066-306

2015-07-13T10:03:16Z
resultCode=0&orderStatus=&ref=&payRef=&amt=&cur=&errMsg=Online Refund Success...





2015-07-13T10:04:26Z
RequestParameter:  billNo: 1432818985-306

2015-07-13T10:04:26Z
https://www.pesopay.com/b2c2/eng/merchant/api/orderApi.jsp?merchantId=18139954&loginId=AllianzMetro1&password=Kaft5mNDjsks29d&actionType=OnlineRefund&payRef=7091403&amount=100

2015-07-13T10:04:27Z
ResponseParameter:  billNo: 1432818985-306

2015-07-13T10:04:27Z
resultCode=0&orderStatus=&ref=&payRef=&amt=&cur=&errMsg=Online Refund Success...





2015-07-13T10:05:32Z
RequestParameter:  billNo: e9def9eb798847b6beb44cfc43f56204

2015-07-13T10:05:32Z
https://www.pesopay.com/b2c2/eng/merchant/api/orderApi.jsp?merchantId=18139954&loginId=AllianzMetro1&password=Kaft5mNDjsks29d&actionType=OnlineRefund&payRef=6818175&amount=1000

2015-07-13T10:05:34Z
ResponseParameter:  billNo: e9def9eb798847b6beb44cfc43f56204

2015-07-13T10:05:34Z
resultCode=0&orderStatus=&ref=&payRef=&amt=&cur=&errMsg=Online Refund Success...





2015-07-13T10:06:27Z
RequestParameter:  billNo: e9def9eb798847b6beb44cfc43f56204

2015-07-13T10:06:27Z
https://www.pesopay.com/b2c2/eng/merchant/api/orderApi.jsp?merchantId=18139954&loginId=AllianzMetro1&password=Kaft5mNDjsks29d&actionType=OnlineRefund&payRef=6818175&amount=1000

2015-07-13T10:06:28Z
ResponseParameter:  billNo: e9def9eb798847b6beb44cfc43f56204

2015-07-13T10:06:28Z
resultCode=-1&orderStatus=&ref=&payRef=&amt=&cur=&errMsg=Online refund fail..





2015-07-13T10:10:24Z
RequestParameter:  billNo: 1efb38301d6744cab03a70a4ff4bf272

2015-07-13T10:10:24Z
https://www.pesopay.com/b2c2/eng/merchant/api/orderApi.jsp?merchantId=18139954&loginId=AllianzMetro1&password=Kaft5mNDjsks29d&actionType=OnlineRefund&payRef=7199405&amount=2000

2015-07-13T10:10:26Z
ResponseParameter:  billNo: 1efb38301d6744cab03a70a4ff4bf272

2015-07-13T10:10:26Z
resultCode=0&orderStatus=&ref=&payRef=&amt=&cur=&errMsg=Online Refund Success...





2015-07-13T10:11:44Z
RequestParameter:  billNo: c2e9a90cdba049bcbaeb342efcf8b09c

2015-07-13T10:11:44Z
https://www.pesopay.com/b2c2/eng/merchant/api/orderApi.jsp?merchantId=18139954&loginId=AllianzMetro1&password=Kaft5mNDjsks29d&actionType=OnlineRefund&payRef=7199342&amount=2000

2015-07-13T10:11:47Z
ResponseParameter:  billNo: c2e9a90cdba049bcbaeb342efcf8b09c

2015-07-13T10:11:47Z
resultCode=0&orderStatus=&ref=&payRef=&amt=&cur=&errMsg=Online Refund Success...





2015-07-13T10:12:47Z
RequestParameter:  billNo: 459c143e85b34ef093ba2951862d9081

2015-07-13T10:12:47Z
https://www.pesopay.com/b2c2/eng/merchant/api/orderApi.jsp?merchantId=18139954&loginId=AllianzMetro1&password=Kaft5mNDjsks29d&actionType=OnlineRefund&payRef=7218248&amount=200

2015-07-13T10:12:49Z
ResponseParameter:  billNo: 459c143e85b34ef093ba2951862d9081

2015-07-13T10:12:49Z
resultCode=0&orderStatus=&ref=&payRef=&amt=&cur=&errMsg=Online Refund Success...





