2015-08-06T07:53:48Z
RequestParameter:  billNo: GBj1C1438847624 | startTime:2015-08-06 07:53:48

2015-08-06T07:53:48Z
Array
(
    [MODE] => U
    [FRMT] => XML
    [VERS] => 0630
    [MERC] => 680000
    [SESS] => GBj1C1438847624
    [TRAN] => 38X90XRW80K9
    [AUTH] => D
    [MACK] => Y
)


2015-08-06T07:53:49Z
ResponseParameter:  billNo: GBj1C1438847624 | endTime:2015-08-06 07:53:49

2015-08-06T07:53:49Z
<?xml version="1.0" encoding="UTF-8"?>
<RESPONSE>
  <VERS>0630</VERS>
  <MODE>U</MODE>
  <TRAN>38X90XRW80K9</TRAN>
  <MERC>680000</MERC>
  <SESS>GBj1C1438847624</SESS>
  <RULES_TRIGGERED>0</RULES_TRIGGERED>
  <COUNTERS_TRIGGERED>0</COUNTERS_TRIGGERED>
  <REASON_CODE></REASON_CODE>
  <MASTERCARD></MASTERCARD>
  <WARNING_COUNT>0</WARNING_COUNT>
</RESPONSE>

2015-08-06T07:56:28Z
RequestParameter:  billNo: gekFi1438847782 | startTime:2015-08-06 07:56:28

2015-08-06T07:56:28Z
Array
(
    [MODE] => U
    [FRMT] => XML
    [VERS] => 0630
    [MERC] => 680000
    [SESS] => gekFi1438847782
    [TRAN] => 38X90P9PC49T
    [AUTH] => D
    [MACK] => Y
)


2015-08-06T07:56:29Z
ResponseParameter:  billNo: gekFi1438847782 | endTime:2015-08-06 07:56:29

2015-08-06T07:56:29Z
<?xml version="1.0" encoding="UTF-8"?>
<RESPONSE>
  <VERS>0630</VERS>
  <MODE>U</MODE>
  <TRAN>38X90P9PC49T</TRAN>
  <MERC>680000</MERC>
  <SESS>gekFi1438847782</SESS>
  <RULES_TRIGGERED>0</RULES_TRIGGERED>
  <COUNTERS_TRIGGERED>0</COUNTERS_TRIGGERED>
  <REASON_CODE></REASON_CODE>
  <MASTERCARD></MASTERCARD>
  <WARNING_COUNT>0</WARNING_COUNT>
</RESPONSE>

2015-08-06T08:31:18Z
RequestParameter:  billNo: f0e36450e2ca44c9931e7ce2ec4a8c5c | startTime:2015-08-06 08:31:18

2015-08-06T08:31:18Z
Array
(
    [MODE] => U
    [FRMT] => XML
    [VERS] => 0630
    [MERC] => 680000
    [SESS] => dfe419b21b074aa5999be2960e62d856
    [TRAN] => 38X4034VKHMK
    [AUTH] => D
    [MACK] => Y
)


2015-08-06T08:31:19Z
ResponseParameter:  billNo: f0e36450e2ca44c9931e7ce2ec4a8c5c | endTime:2015-08-06 08:31:19

2015-08-06T08:31:19Z
<?xml version="1.0" encoding="UTF-8"?>
<RESPONSE>
  <VERS>0630</VERS>
  <MODE>U</MODE>
  <TRAN>38X4034VKHMK</TRAN>
  <MERC>680000</MERC>
  <SESS>dfe419b21b074aa5999be2960e62d856</SESS>
  <RULES_TRIGGERED>0</RULES_TRIGGERED>
  <COUNTERS_TRIGGERED>0</COUNTERS_TRIGGERED>
  <REASON_CODE></REASON_CODE>
  <MASTERCARD></MASTERCARD>
  <WARNING_COUNT>0</WARNING_COUNT>
</RESPONSE>

2015-08-06T08:32:22Z
RequestParameter:  billNo: 96325d7adbfe48b5bfaacddb224a81a5 | startTime:2015-08-06 08:32:22

2015-08-06T08:32:22Z
Array
(
    [MODE] => U
    [FRMT] => XML
    [VERS] => 0630
    [MERC] => 680000
    [SESS] => 777eec23038d42ab89d8da2457ec022d
    [TRAN] => 38X40H69WNL9
    [AUTH] => D
    [MACK] => Y
)


2015-08-06T08:32:23Z
ResponseParameter:  billNo: 96325d7adbfe48b5bfaacddb224a81a5 | endTime:2015-08-06 08:32:23

2015-08-06T08:32:23Z
<?xml version="1.0" encoding="UTF-8"?>
<RESPONSE>
  <VERS>0630</VERS>
  <MODE>U</MODE>
  <TRAN>38X40H69WNL9</TRAN>
  <MERC>680000</MERC>
  <SESS>777eec23038d42ab89d8da2457ec022d</SESS>
  <RULES_TRIGGERED>0</RULES_TRIGGERED>
  <COUNTERS_TRIGGERED>0</COUNTERS_TRIGGERED>
  <REASON_CODE></REASON_CODE>
  <MASTERCARD></MASTERCARD>
  <WARNING_COUNT>0</WARNING_COUNT>
</RESPONSE>

2015-08-06T11:20:43Z
RequestParameter:  billNo: 147880009 | startTime:2015-08-06 11:20:43

2015-08-06T11:20:43Z
Array
(
    [MODE] => U
    [FRMT] => XML
    [VERS] => 0630
    [MERC] => 680000
    [SESS] => 147880009
    [TRAN] => 38XV0QZRK1WT
    [AUTH] => D
    [MACK] => Y
)


2015-08-06T11:20:44Z
ResponseParameter:  billNo: 147880009 | endTime:2015-08-06 11:20:44

2015-08-06T11:20:44Z
<?xml version="1.0" encoding="UTF-8"?>
<RESPONSE>
  <VERS>0630</VERS>
  <MODE>U</MODE>
  <TRAN>38XV0QZRK1WT</TRAN>
  <MERC>680000</MERC>
  <SESS>147880009</SESS>
  <RULES_TRIGGERED>0</RULES_TRIGGERED>
  <COUNTERS_TRIGGERED>0</COUNTERS_TRIGGERED>
  <REASON_CODE></REASON_CODE>
  <MASTERCARD></MASTERCARD>
  <WARNING_COUNT>0</WARNING_COUNT>
</RESPONSE>

2015-08-06T12:24:28Z
RequestParameter:  billNo: 7xpWO1438863864 | startTime:2015-08-06 12:24:28

2015-08-06T12:24:28Z
Array
(
    [MODE] => U
    [FRMT] => XML
    [VERS] => 0630
    [MERC] => 680000
    [SESS] => 7xpWO1438863864
    [TRAN] => 38XW0TRN3NYV
    [AUTH] => D
    [MACK] => Y
)


2015-08-06T12:24:29Z
ResponseParameter:  billNo: 7xpWO1438863864 | endTime:2015-08-06 12:24:29

2015-08-06T12:24:29Z
<?xml version="1.0" encoding="UTF-8"?>
<RESPONSE>
  <VERS>0630</VERS>
  <MODE>U</MODE>
  <TRAN>38XW0TRN3NYV</TRAN>
  <MERC>680000</MERC>
  <SESS>7xpWO1438863864</SESS>
  <RULES_TRIGGERED>0</RULES_TRIGGERED>
  <COUNTERS_TRIGGERED>0</COUNTERS_TRIGGERED>
  <REASON_CODE></REASON_CODE>
  <MASTERCARD></MASTERCARD>
  <WARNING_COUNT>0</WARNING_COUNT>
</RESPONSE>

2015-08-06T12:25:06Z
RequestParameter:  billNo: N2Qsb1438863902 | startTime:2015-08-06 12:25:06

2015-08-06T12:25:06Z
Array
(
    [MODE] => U
    [FRMT] => XML
    [VERS] => 0630
    [MERC] => 680000
    [SESS] => N2Qsb1438863902
    [TRAN] => 38XW0XGKCDW4
    [AUTH] => D
    [MACK] => Y
)


2015-08-06T12:25:07Z
ResponseParameter:  billNo: N2Qsb1438863902 | endTime:2015-08-06 12:25:07

2015-08-06T12:25:07Z
<?xml version="1.0" encoding="UTF-8"?>
<RESPONSE>
  <VERS>0630</VERS>
  <MODE>U</MODE>
  <TRAN>38XW0XGKCDW4</TRAN>
  <MERC>680000</MERC>
  <SESS>N2Qsb1438863902</SESS>
  <RULES_TRIGGERED>0</RULES_TRIGGERED>
  <COUNTERS_TRIGGERED>0</COUNTERS_TRIGGERED>
  <REASON_CODE></REASON_CODE>
  <MASTERCARD></MASTERCARD>
  <WARNING_COUNT>0</WARNING_COUNT>
</RESPONSE>

2015-08-06T12:27:12Z
RequestParameter:  billNo: XrEtd1438864025 | startTime:2015-08-06 12:27:12

2015-08-06T12:27:12Z
Array
(
    [MODE] => U
    [FRMT] => XML
    [VERS] => 0630
    [MERC] => 680000
    [SESS] => XrEtd1438864025
    [TRAN] => 38XW0H3BKM9M
    [AUTH] => D
    [MACK] => Y
)


2015-08-06T12:27:13Z
ResponseParameter:  billNo: XrEtd1438864025 | endTime:2015-08-06 12:27:13

2015-08-06T12:27:13Z
<?xml version="1.0" encoding="UTF-8"?>
<RESPONSE>
  <VERS>0630</VERS>
  <MODE>U</MODE>
  <TRAN>38XW0H3BKM9M</TRAN>
  <MERC>680000</MERC>
  <SESS>XrEtd1438864025</SESS>
  <RULES_TRIGGERED>0</RULES_TRIGGERED>
  <COUNTERS_TRIGGERED>0</COUNTERS_TRIGGERED>
  <REASON_CODE></REASON_CODE>
  <MASTERCARD></MASTERCARD>
  <WARNING_COUNT>0</WARNING_COUNT>
</RESPONSE>

2015-08-06T12:36:52Z
RequestParameter:  billNo: ADP6m1438864608 | startTime:2015-08-06 12:36:52

2015-08-06T12:36:52Z
Array
(
    [MODE] => U
    [FRMT] => XML
    [VERS] => 0630
    [MERC] => 680000
    [SESS] => ADP6m1438864608
    [TRAN] => 38XW0KRRDKVX
    [AUTH] => D
    [MACK] => Y
)


2015-08-06T12:36:53Z
ResponseParameter:  billNo: ADP6m1438864608 | endTime:2015-08-06 12:36:53

2015-08-06T12:36:53Z
<?xml version="1.0" encoding="UTF-8"?>
<RESPONSE>
  <VERS>0630</VERS>
  <MODE>U</MODE>
  <TRAN>38XW0KRRDKVX</TRAN>
  <MERC>680000</MERC>
  <SESS>ADP6m1438864608</SESS>
  <RULES_TRIGGERED>0</RULES_TRIGGERED>
  <COUNTERS_TRIGGERED>0</COUNTERS_TRIGGERED>
  <REASON_CODE></REASON_CODE>
  <MASTERCARD></MASTERCARD>
  <WARNING_COUNT>0</WARNING_COUNT>
</RESPONSE>

2015-08-06T13:53:26Z
RequestParameter:  billNo: ddf919ed818b48a1bffdf3b5a7bf8c1f | startTime:2015-08-06 13:53:26

2015-08-06T13:53:26Z
Array
(
    [MODE] => U
    [FRMT] => XML
    [VERS] => 0630
    [MERC] => 680000
    [SESS] => 2aec2a34d0304bf7b9f5348461fd5d5c
    [TRAN] => 38XT0WZC3LQZ
    [AUTH] => D
    [MACK] => Y
)


2015-08-06T13:53:27Z
ResponseParameter:  billNo: ddf919ed818b48a1bffdf3b5a7bf8c1f | endTime:2015-08-06 13:53:27

2015-08-06T13:53:27Z
<?xml version="1.0" encoding="UTF-8"?>
<RESPONSE>
  <VERS>0630</VERS>
  <MODE>U</MODE>
  <TRAN>38XT0WZC3LQZ</TRAN>
  <MERC>680000</MERC>
  <SESS>2aec2a34d0304bf7b9f5348461fd5d5c</SESS>
  <RULES_TRIGGERED>0</RULES_TRIGGERED>
  <COUNTERS_TRIGGERED>0</COUNTERS_TRIGGERED>
  <REASON_CODE></REASON_CODE>
  <MASTERCARD></MASTERCARD>
  <WARNING_COUNT>0</WARNING_COUNT>
</RESPONSE>

2015-08-06T14:42:45Z
RequestParameter:  billNo: a8f0579b785a4222b0b03a583873bed3 | startTime:2015-08-06 14:42:45

2015-08-06T14:42:45Z
Array
(
    [MODE] => U
    [FRMT] => XML
    [VERS] => 0630
    [MERC] => 680000
    [SESS] => 70906a7663be4d15ab92755931b3d84b
    [TRAN] => 38XY0MSSWLMK
    [AUTH] => D
    [MACK] => Y
)


2015-08-06T14:42:46Z
ResponseParameter:  billNo: a8f0579b785a4222b0b03a583873bed3 | endTime:2015-08-06 14:42:46

2015-08-06T14:42:46Z
<?xml version="1.0" encoding="UTF-8"?>
<RESPONSE>
  <VERS>0630</VERS>
  <MODE>U</MODE>
  <TRAN>38XY0MSSWLMK</TRAN>
  <MERC>680000</MERC>
  <SESS>70906a7663be4d15ab92755931b3d84b</SESS>
  <RULES_TRIGGERED>0</RULES_TRIGGERED>
  <COUNTERS_TRIGGERED>0</COUNTERS_TRIGGERED>
  <REASON_CODE></REASON_CODE>
  <MASTERCARD></MASTERCARD>
  <WARNING_COUNT>0</WARNING_COUNT>
</RESPONSE>

2015-08-06T14:43:01Z
RequestParameter:  billNo: eca75b252a1e4c669def859ec1e6600f | startTime:2015-08-06 14:43:01

2015-08-06T14:43:01Z
Array
(
    [MODE] => U
    [FRMT] => XML
    [VERS] => 0630
    [MERC] => 680000
    [SESS] => 5aa1b9d849e34b33bbd29f96c6335237
    [TRAN] => 38XY0R9K1KVP
    [AUTH] => D
    [MACK] => Y
)


2015-08-06T14:43:02Z
ResponseParameter:  billNo: eca75b252a1e4c669def859ec1e6600f | endTime:2015-08-06 14:43:02

2015-08-06T14:43:02Z
<?xml version="1.0" encoding="UTF-8"?>
<RESPONSE>
  <VERS>0630</VERS>
  <MODE>U</MODE>
  <TRAN>38XY0R9K1KVP</TRAN>
  <MERC>680000</MERC>
  <SESS>5aa1b9d849e34b33bbd29f96c6335237</SESS>
  <RULES_TRIGGERED>0</RULES_TRIGGERED>
  <COUNTERS_TRIGGERED>0</COUNTERS_TRIGGERED>
  <REASON_CODE></REASON_CODE>
  <MASTERCARD></MASTERCARD>
  <WARNING_COUNT>0</WARNING_COUNT>
</RESPONSE>

2015-08-06T14:43:49Z
RequestParameter:  billNo: 635fe2a483f340819c0aff3aeaf09ff3 | startTime:2015-08-06 14:43:49

2015-08-06T14:43:49Z
Array
(
    [MODE] => U
    [FRMT] => XML
    [VERS] => 0630
    [MERC] => 680000
    [SESS] => 4ce63695289c40f2ab860fa6bfec3372
    [TRAN] => 38XY0YL37NDQ
    [AUTH] => D
    [MACK] => Y
)


2015-08-06T14:43:50Z
ResponseParameter:  billNo: 635fe2a483f340819c0aff3aeaf09ff3 | endTime:2015-08-06 14:43:50

2015-08-06T14:43:50Z
<?xml version="1.0" encoding="UTF-8"?>
<RESPONSE>
  <VERS>0630</VERS>
  <MODE>U</MODE>
  <TRAN>38XY0YL37NDQ</TRAN>
  <MERC>680000</MERC>
  <SESS>4ce63695289c40f2ab860fa6bfec3372</SESS>
  <RULES_TRIGGERED>0</RULES_TRIGGERED>
  <COUNTERS_TRIGGERED>0</COUNTERS_TRIGGERED>
  <REASON_CODE></REASON_CODE>
  <MASTERCARD></MASTERCARD>
  <WARNING_COUNT>0</WARNING_COUNT>
</RESPONSE>

2015-08-06T14:45:18Z
RequestParameter:  billNo: dae8622729e74b6b9055c5d24a9122f3 | startTime:2015-08-06 14:45:18

2015-08-06T14:45:18Z
Array
(
    [MODE] => U
    [FRMT] => XML
    [VERS] => 0630
    [MERC] => 680000
    [SESS] => d940c794a3ac43f6b50ca4f460e1afb3
    [TRAN] => 38XY0HSDJGGS
    [AUTH] => D
    [MACK] => Y
)


2015-08-06T14:45:18Z
RequestParameter:  billNo: b3053366505e46d48a93918a93569a69 | startTime:2015-08-06 14:45:18

2015-08-06T14:45:18Z
Array
(
    [MODE] => U
    [FRMT] => XML
    [VERS] => 0630
    [MERC] => 680000
    [SESS] => f70c0fddb514420da83f2fb3d746f5d8
    [TRAN] => 38XY0THYDHD7
    [AUTH] => D
    [MACK] => Y
)


2015-08-06T14:45:19Z
ResponseParameter:  billNo: dae8622729e74b6b9055c5d24a9122f3 | endTime:2015-08-06 14:45:19

2015-08-06T14:45:19Z
<?xml version="1.0" encoding="UTF-8"?>
<RESPONSE>
  <VERS>0630</VERS>
  <MODE>U</MODE>
  <TRAN>38XY0HSDJGGS</TRAN>
  <MERC>680000</MERC>
  <SESS>d940c794a3ac43f6b50ca4f460e1afb3</SESS>
  <RULES_TRIGGERED>0</RULES_TRIGGERED>
  <COUNTERS_TRIGGERED>0</COUNTERS_TRIGGERED>
  <REASON_CODE></REASON_CODE>
  <MASTERCARD></MASTERCARD>
  <WARNING_COUNT>0</WARNING_COUNT>
</RESPONSE>

2015-08-06T14:45:19Z
ResponseParameter:  billNo: b3053366505e46d48a93918a93569a69 | endTime:2015-08-06 14:45:19

2015-08-06T14:45:19Z
<?xml version="1.0" encoding="UTF-8"?>
<RESPONSE>
  <VERS>0630</VERS>
  <MODE>U</MODE>
  <TRAN>38XY0THYDHD7</TRAN>
  <MERC>680000</MERC>
  <SESS>f70c0fddb514420da83f2fb3d746f5d8</SESS>
  <RULES_TRIGGERED>0</RULES_TRIGGERED>
  <COUNTERS_TRIGGERED>0</COUNTERS_TRIGGERED>
  <REASON_CODE></REASON_CODE>
  <MASTERCARD></MASTERCARD>
  <WARNING_COUNT>0</WARNING_COUNT>
</RESPONSE>

2015-08-06T14:47:17Z
RequestParameter:  billNo: woxLD1438872431 | startTime:2015-08-06 14:47:17

2015-08-06T14:47:17Z
Array
(
    [MODE] => U
    [FRMT] => XML
    [VERS] => 0630
    [MERC] => 680000
    [SESS] => woxLD1438872431
    [TRAN] => 38XY0GK28RL6
    [AUTH] => D
    [MACK] => Y
)


2015-08-06T14:47:18Z
ResponseParameter:  billNo: woxLD1438872431 | endTime:2015-08-06 14:47:18

2015-08-06T14:47:18Z
<?xml version="1.0" encoding="UTF-8"?>
<RESPONSE>
  <VERS>0630</VERS>
  <MODE>U</MODE>
  <TRAN>38XY0GK28RL6</TRAN>
  <MERC>680000</MERC>
  <SESS>woxLD1438872431</SESS>
  <RULES_TRIGGERED>0</RULES_TRIGGERED>
  <COUNTERS_TRIGGERED>0</COUNTERS_TRIGGERED>
  <REASON_CODE></REASON_CODE>
  <MASTERCARD></MASTERCARD>
  <WARNING_COUNT>0</WARNING_COUNT>
</RESPONSE>

2015-08-06T15:11:08Z
RequestParameter:  billNo: 0d2354d119d74982a906c358f92d7fd2 | startTime:2015-08-06 15:11:08

2015-08-06T15:11:08Z
Array
(
    [MODE] => U
    [FRMT] => XML
    [VERS] => 0630
    [MERC] => 680000
    [SESS] => 84055198fa624d97b3aa594f3c208e88
    [TRAN] => 38XH01R2R06V
    [AUTH] => D
    [MACK] => Y
)


2015-08-06T15:11:09Z
ResponseParameter:  billNo: 0d2354d119d74982a906c358f92d7fd2 | endTime:2015-08-06 15:11:09

2015-08-06T15:11:09Z
<?xml version="1.0" encoding="UTF-8"?>
<RESPONSE>
  <VERS>0630</VERS>
  <MODE>U</MODE>
  <TRAN>38XH01R2R06V</TRAN>
  <MERC>680000</MERC>
  <SESS>84055198fa624d97b3aa594f3c208e88</SESS>
  <RULES_TRIGGERED>0</RULES_TRIGGERED>
  <COUNTERS_TRIGGERED>0</COUNTERS_TRIGGERED>
  <REASON_CODE></REASON_CODE>
  <MASTERCARD></MASTERCARD>
  <WARNING_COUNT>0</WARNING_COUNT>
</RESPONSE>

2015-08-06T18:02:23Z
RequestParameter:  billNo: bill635744807463241740 | startTime:2015-08-06 18:02:23

2015-08-06T18:02:23Z
Array
(
    [MODE] => U
    [FRMT] => XML
    [VERS] => 0630
    [MERC] => 680000
    [SESS] => bill635744807463241740
    [TRAN] => 38XZ0LBKRDCQ
    [AUTH] => D
    [MACK] => Y
)


2015-08-06T18:02:24Z
ResponseParameter:  billNo: bill635744807463241740 | endTime:2015-08-06 18:02:24

2015-08-06T18:02:24Z
<?xml version="1.0" encoding="UTF-8"?>
<RESPONSE>
  <VERS>0630</VERS>
  <MODE>U</MODE>
  <TRAN>38XZ0LBKRDCQ</TRAN>
  <MERC>680000</MERC>
  <SESS>bill635744807463241740</SESS>
  <RULES_TRIGGERED>0</RULES_TRIGGERED>
  <COUNTERS_TRIGGERED>0</COUNTERS_TRIGGERED>
  <REASON_CODE></REASON_CODE>
  <MASTERCARD></MASTERCARD>
  <WARNING_COUNT>0</WARNING_COUNT>
</RESPONSE>

