2015-08-04T03:33:36Z
RequestParameter:  billNo: bill635742559286895258 | startTime:2015-08-04 03:33:36

2015-08-04T03:33:36Z
Array
(
    [MODE] => P
    [FRMT] => XML
    [VERS] => 0630
    [MERC] => 680000
    [UDF[CUSTOMER_IPAD]] => 80.215.210.129
    [SESS] => bill635742559286895258
    [ORDR] => bill635742559286895258
    [CURR] => EUR
    [PENC] => KHASH
    [PTYP] => CARD
    [PTOK] => 497958L5DI4YYMUFKDUV
    [IPAD] => 10.0.0.1
    [MACK] => Y
    [AUTH] => A
    [PROD_DESC[0]] => Binary Trade
    [PROD_TYPE[0]] => Binary Trade
    [PROD_ITEM[0]] => SKU-BML-BinaryTrade
    [PROD_QUANT[0]] => 1
    [PROD_PRICE[0]] => 100000
    [TOTL] => 100000
    [SITE] => VERT001
    [UDF[MERCHANT_ID]] => 20001MERBIOSTRADV
    [NAME] => denis dujarrier
    [B2A1] => 9, cours suchet
    [B2CC] => FR
    [B2CI] => lyon
    [B2PC] => 69002
    [B2PN] => 33 781926991
    [B2ST] => MH
    [S2A1] => 
    [S2CC] => 
    [S2CI] => 
    [S2EM] => 
    [S2NM] =>  
    [S2PC] => 
    [S2PN] => 
    [S2ST] => 
    [SHTP] => 
    [CASH] => 1000
    [DOB] => --
    [GENDER] => M
    [EMAL] => d_denis96@msn.com
    [ANID] => 33 781926991
)


2015-08-04T03:33:37Z
ResponseParameter:  billNo: bill635742559286895258 | endTime:2015-08-04 03:33:37

2015-08-04T03:33:37Z
<?xml version="1.0" encoding="UTF-8"?>
<RESPONSE>
  <VERS>0630</VERS>
  <MODE>P</MODE>
  <TRAN>38M90H6JLHLW</TRAN>
  <MERC>680000</MERC>
  <SESS>bill635742559286895258</SESS>
  <ORDR>bill635742559286895258</ORDR>
  <AUTO>A</AUTO>
  <SCOR>25</SCOR>
  <GEOX>US</GEOX>
  <BRND>VISA</BRND>
  <REGN></REGN>
  <NETW>N</NETW>
  <KAPT>N</KAPT>
  <CARDS>1</CARDS>
  <DEVICES>1</DEVICES>
  <EMAILS>1</EMAILS>
  <VELO>0</VELO>
  <VMAX>0</VMAX>
  <RULES_TRIGGERED>0</RULES_TRIGGERED>
  <COUNTERS_TRIGGERED>0</COUNTERS_TRIGGERED>
  <REASON_CODE></REASON_CODE>
  <MASTERCARD></MASTERCARD>
  <DDFS></DDFS>
  <DSR></DSR>
  <UAS></UAS>
  <BROWSER></BROWSER>
  <OS></OS>
  <PIP_IPAD></PIP_IPAD>
  <PIP_LAT></PIP_LAT>
  <PIP_LON></PIP_LON>
  <PIP_COUNTRY></PIP_COUNTRY>
  <PIP_REGION></PIP_REGION>
  <PIP_CITY></PIP_CITY>
  <PIP_ORG></PIP_ORG>
  <IP_IPAD></IP_IPAD>
  <IP_LAT></IP_LAT>
  <IP_LON></IP_LON>
  <IP_COUNTRY></IP_COUNTRY>
  <IP_REGION></IP_REGION>
  <IP_CITY></IP_CITY>
  <IP_ORG></IP_ORG>
  <WARNING_0>399 BAD_OPTN Cause: [value [--] did not match regex /^((19|20)\d\d-(0[1-9]|1[012])-(0[1-9]|[12][0-9]|3[01]))?$/], Field: [DOB], Value: [--]</WARNING_0>
  <WARNING_COUNT>1</WARNING_COUNT>
</RESPONSE>

2015-08-04T03:39:43Z
RequestParameter:  billNo: bill635742562822162398 | startTime:2015-08-04 03:39:43

2015-08-04T03:39:43Z
Array
(
    [MODE] => P
    [FRMT] => XML
    [VERS] => 0630
    [MERC] => 680000
    [UDF[CUSTOMER_IPAD]] => 80.215.210.129
    [SESS] => bill635742562822162398
    [ORDR] => bill635742562822162398
    [CURR] => EUR
    [PENC] => KHASH
    [PTYP] => CARD
    [PTOK] => 497958L5DI4YYMUFKDUV
    [IPAD] => 10.0.0.1
    [MACK] => Y
    [AUTH] => A
    [PROD_DESC[0]] => Binary Trade
    [PROD_TYPE[0]] => Binary Trade
    [PROD_ITEM[0]] => SKU-BML-BinaryTrade
    [PROD_QUANT[0]] => 1
    [PROD_PRICE[0]] => 10000
    [TOTL] => 10000
    [SITE] => VERT001
    [UDF[MERCHANT_ID]] => 20001MERBIOSTRADV
    [NAME] => denis dujarrier
    [B2A1] => 9, cours suchet
    [B2CC] => FR
    [B2CI] => lyon
    [B2PC] => 69002
    [B2PN] => 33 781926991
    [B2ST] => MH
    [S2A1] => 
    [S2CC] => 
    [S2CI] => 
    [S2EM] => 
    [S2NM] =>  
    [S2PC] => 
    [S2PN] => 
    [S2ST] => 
    [SHTP] => 
    [CASH] => 100
    [DOB] => --
    [GENDER] => M
    [EMAL] => d_denis96@msn.com
    [ANID] => 33 781926991
)


2015-08-04T03:39:44Z
ResponseParameter:  billNo: bill635742562822162398 | endTime:2015-08-04 03:39:44

2015-08-04T03:39:44Z
<?xml version="1.0" encoding="UTF-8"?>
<RESPONSE>
  <VERS>0630</VERS>
  <MODE>P</MODE>
  <TRAN>38M90GJVZ0HG</TRAN>
  <MERC>680000</MERC>
  <SESS>bill635742562822162398</SESS>
  <ORDR>bill635742562822162398</ORDR>
  <AUTO>A</AUTO>
  <SCOR>25</SCOR>
  <GEOX>US</GEOX>
  <BRND>VISA</BRND>
  <REGN></REGN>
  <NETW>N</NETW>
  <KAPT>N</KAPT>
  <CARDS>1</CARDS>
  <DEVICES>1</DEVICES>
  <EMAILS>1</EMAILS>
  <VELO>0</VELO>
  <VMAX>0</VMAX>
  <RULES_TRIGGERED>0</RULES_TRIGGERED>
  <COUNTERS_TRIGGERED>0</COUNTERS_TRIGGERED>
  <REASON_CODE></REASON_CODE>
  <MASTERCARD></MASTERCARD>
  <DDFS></DDFS>
  <DSR></DSR>
  <UAS></UAS>
  <BROWSER></BROWSER>
  <OS></OS>
  <PIP_IPAD></PIP_IPAD>
  <PIP_LAT></PIP_LAT>
  <PIP_LON></PIP_LON>
  <PIP_COUNTRY></PIP_COUNTRY>
  <PIP_REGION></PIP_REGION>
  <PIP_CITY></PIP_CITY>
  <PIP_ORG></PIP_ORG>
  <IP_IPAD></IP_IPAD>
  <IP_LAT></IP_LAT>
  <IP_LON></IP_LON>
  <IP_COUNTRY></IP_COUNTRY>
  <IP_REGION></IP_REGION>
  <IP_CITY></IP_CITY>
  <IP_ORG></IP_ORG>
  <WARNING_0>399 BAD_OPTN Cause: [value [--] did not match regex /^((19|20)\d\d-(0[1-9]|1[012])-(0[1-9]|[12][0-9]|3[01]))?$/], Field: [DOB], Value: [--]</WARNING_0>
  <WARNING_COUNT>1</WARNING_COUNT>
</RESPONSE>

2015-08-04T07:49:44Z
RequestParameter:  billNo: bill635742713800693163 | startTime:2015-08-04 07:49:44

2015-08-04T07:49:44Z
Array
(
    [MODE] => P
    [FRMT] => XML
    [VERS] => 0630
    [MERC] => 680000
    [UDF[CUSTOMER_IPAD]] => 84.95.130.186
    [SESS] => bill635742713800693163
    [ORDR] => bill635742713800693163
    [CURR] => EUR
    [PENC] => KHASH
    [PTYP] => CARD
    [PTOK] => 456188THXNTYF8X5CRKD
    [IPAD] => 10.0.0.1
    [MACK] => Y
    [AUTH] => A
    [PROD_DESC[0]] => Binary Trade
    [PROD_TYPE[0]] => Binary Trade
    [PROD_ITEM[0]] => SKU-BML-BinaryTrade
    [PROD_QUANT[0]] => 1
    [PROD_PRICE[0]] => 50000
    [TOTL] => 50000
    [SITE] => VERT001
    [UDF[MERCHANT_ID]] => 20001MERBIOSTRADV
    [NAME] => Annette Slavinsky
    [B2A1] => nc
    [B2CC] => FR
    [B2CI] => nc
    [B2PC] => nc
    [B2PN] => 33 +33143883982
    [B2ST] => MH
    [S2A1] => 
    [S2CC] => 
    [S2CI] => 
    [S2EM] => 
    [S2NM] =>  
    [S2PC] => 
    [S2PN] => 
    [S2ST] => 
    [SHTP] => 
    [CASH] => 500
    [DOB] => --
    [GENDER] => M
    [EMAL] => annette.slavinsky@wanadoo.fr
    [ANID] => 33 +33143883982
)


2015-08-04T07:49:46Z
ResponseParameter:  billNo: bill635742713800693163 | endTime:2015-08-04 07:49:46

2015-08-04T07:49:46Z
<?xml version="1.0" encoding="UTF-8"?>
<RESPONSE>
  <VERS>0630</VERS>
  <MODE>P</MODE>
  <TRAN>38MV0K01K3HG</TRAN>
  <MERC>680000</MERC>
  <SESS>bill635742713800693163</SESS>
  <ORDR>bill635742713800693163</ORDR>
  <AUTO>A</AUTO>
  <SCOR>25</SCOR>
  <GEOX>US</GEOX>
  <BRND>VISA</BRND>
  <REGN></REGN>
  <NETW>N</NETW>
  <KAPT>N</KAPT>
  <CARDS>1</CARDS>
  <DEVICES>1</DEVICES>
  <EMAILS>1</EMAILS>
  <VELO>0</VELO>
  <VMAX>0</VMAX>
  <RULES_TRIGGERED>0</RULES_TRIGGERED>
  <COUNTERS_TRIGGERED>0</COUNTERS_TRIGGERED>
  <REASON_CODE></REASON_CODE>
  <MASTERCARD></MASTERCARD>
  <DDFS></DDFS>
  <DSR></DSR>
  <UAS></UAS>
  <BROWSER></BROWSER>
  <OS></OS>
  <PIP_IPAD></PIP_IPAD>
  <PIP_LAT></PIP_LAT>
  <PIP_LON></PIP_LON>
  <PIP_COUNTRY></PIP_COUNTRY>
  <PIP_REGION></PIP_REGION>
  <PIP_CITY></PIP_CITY>
  <PIP_ORG></PIP_ORG>
  <IP_IPAD></IP_IPAD>
  <IP_LAT></IP_LAT>
  <IP_LON></IP_LON>
  <IP_COUNTRY></IP_COUNTRY>
  <IP_REGION></IP_REGION>
  <IP_CITY></IP_CITY>
  <IP_ORG></IP_ORG>
  <WARNING_0>399 BAD_OPTN Cause: [value [--] did not match regex /^((19|20)\d\d-(0[1-9]|1[012])-(0[1-9]|[12][0-9]|3[01]))?$/], Field: [DOB], Value: [--]</WARNING_0>
  <WARNING_COUNT>1</WARNING_COUNT>
</RESPONSE>

2015-08-04T08:00:20Z
RequestParameter:  billNo: 1ca28d8447814b31ae14c50caaca7899 | startTime:2015-08-04 08:00:20

2015-08-04T08:00:20Z
Array
(
    [MODE] => P
    [FRMT] => XML
    [VERS] => 0630
    [MERC] => 680000
    [UDF[CUSTOMER_IPAD]] => 78.85.245.250
    [SESS] => 1ca28d8447814b31ae14c50caaca7899
    [ORDR] => 1ca28d8447814b31ae14c50caaca7899
    [CURR] => EUR
    [PENC] => KHASH
    [PTYP] => CARD
    [PTOK] => 427601WOG40D7I9X1YS5
    [IPAD] => 10.0.0.1
    [MACK] => Y
    [AUTH] => A
    [PROD_DESC[0]] => Binary Trade
    [PROD_TYPE[0]] => Binary Trade
    [PROD_ITEM[0]] => SKU-HBR-BinaryTrade
    [PROD_QUANT[0]] => 1
    [PROD_PRICE[0]] => 10000
    [TOTL] => 10000
    [SITE] => VERT001
    [UDF[MERCHANT_ID]] => 20001MERHIBRO1
    [NAME] => YURII VAKHRUSHEV
    [B2A1] => ????????
    [B2CC] => RU
    [B2CI] => ?????
    [B2PC] => 427797
    [B2PN] => +79501696237
    [B2ST] => RU
    [S2A1] => 
    [S2CC] => 
    [S2CI] => 
    [S2EM] => 
    [S2NM] =>  
    [S2PC] => 
    [S2PN] => 
    [S2ST] => 
    [SHTP] => 
    [CASH] => 100
    [DOB] => 1992-03-31
    [GENDER] => M
    [EMAL] => upiter422513@mail.ru
    [ANID] => +79501696237
)


2015-08-04T08:00:21Z
ResponseParameter:  billNo: 1ca28d8447814b31ae14c50caaca7899 | endTime:2015-08-04 08:00:21

2015-08-04T08:00:21Z
<?xml version="1.0" encoding="UTF-8"?>
<RESPONSE>
  <VERS>0630</VERS>
  <MODE>P</MODE>
  <TRAN>38MW08K0H3BL</TRAN>
  <MERC>680000</MERC>
  <SESS>1ca28d8447814b31ae14c50caaca7899</SESS>
  <ORDR>1ca28d8447814b31ae14c50caaca7899</ORDR>
  <AUTO>A</AUTO>
  <SCOR>29</SCOR>
  <GEOX>US</GEOX>
  <BRND>VISA</BRND>
  <REGN></REGN>
  <NETW>N</NETW>
  <KAPT>N</KAPT>
  <CARDS>1</CARDS>
  <DEVICES>1</DEVICES>
  <EMAILS>1</EMAILS>
  <VELO>0</VELO>
  <VMAX>0</VMAX>
  <RULES_TRIGGERED>0</RULES_TRIGGERED>
  <COUNTERS_TRIGGERED>0</COUNTERS_TRIGGERED>
  <REASON_CODE></REASON_CODE>
  <MASTERCARD></MASTERCARD>
  <DDFS></DDFS>
  <DSR></DSR>
  <UAS></UAS>
  <BROWSER></BROWSER>
  <OS></OS>
  <PIP_IPAD></PIP_IPAD>
  <PIP_LAT></PIP_LAT>
  <PIP_LON></PIP_LON>
  <PIP_COUNTRY></PIP_COUNTRY>
  <PIP_REGION></PIP_REGION>
  <PIP_CITY></PIP_CITY>
  <PIP_ORG></PIP_ORG>
  <IP_IPAD></IP_IPAD>
  <IP_LAT></IP_LAT>
  <IP_LON></IP_LON>
  <IP_COUNTRY></IP_COUNTRY>
  <IP_REGION></IP_REGION>
  <IP_CITY></IP_CITY>
  <IP_ORG></IP_ORG>
  <WARNING_COUNT>0</WARNING_COUNT>
</RESPONSE>

2015-08-04T09:24:48Z
RequestParameter:  billNo: fda6c27b5b13411fbbc978b0c7a94cb1 | startTime:2015-08-04 09:24:48

2015-08-04T09:24:48Z
Array
(
    [MODE] => Q
    [FRMT] => XML
    [VERS] => 0630
    [MERC] => 680000
    [UDF[CUSTOMER_IPAD]] => 188.113.146.15
    [SESS] => e2072cd6379240f1aaa832cc1c336a11
    [ORDR] => fda6c27b5b13411fbbc978b0c7a94cb1
    [CURR] => USD
    [PENC] => KHASH
    [PTYP] => CARD
    [PTOK] => 465206P2XUO2M98KQ6A9
    [IPAD] => 188.113.146.15
    [MACK] => Y
    [AUTH] => A
    [PROD_DESC[0]] => Binary Trade
    [PROD_TYPE[0]] => Binary Trade
    [PROD_ITEM[0]] => SKU-HBR-BinaryTrade
    [PROD_QUANT[0]] => 1
    [PROD_PRICE[0]] => 10000
    [TOTL] => 10000
    [SITE] => VERT001
    [UDF[MERCHANT_ID]] => 20001MERHIBRO
    [NAME] => sergey shcherbak
    [B2A1] => bolnichnaya 38
    [B2CC] => RU
    [B2CI] => yuzhnj-sakhalinsk
    [B2PC] => 693000
    [B2PN] => +79621528895
    [B2ST] => RU
    [S2A1] => 
    [S2CC] => 
    [S2CI] => 
    [S2EM] => 
    [S2NM] =>  
    [S2PC] => 
    [S2PN] => 
    [S2ST] => 
    [SHTP] => 
    [CASH] => 100
    [DOB] => 2001-01-01
    [GENDER] => M
    [EMAL] => serzh153@gmail.com
)


2015-08-04T09:24:49Z
ResponseParameter:  billNo: fda6c27b5b13411fbbc978b0c7a94cb1 | endTime:2015-08-04 09:24:49

2015-08-04T09:24:49Z
<?xml version="1.0" encoding="UTF-8"?>
<RESPONSE>
  <VERS>0630</VERS>
  <MODE>Q</MODE>
  <TRAN>38MT08BPSK7W</TRAN>
  <MERC>680000</MERC>
  <SESS>e2072cd6379240f1aaa832cc1c336a11</SESS>
  <ORDR>fda6c27b5b13411fbbc978b0c7a94cb1</ORDR>
  <AUTO>A</AUTO>
  <SCOR>29</SCOR>
  <GEOX>RU</GEOX>
  <BRND>VISA</BRND>
  <REGN>RU_64</REGN>
  <NETW>N</NETW>
  <KAPT>Y</KAPT>
  <CARDS>1</CARDS>
  <DEVICES>1</DEVICES>
  <EMAILS>1</EMAILS>
  <VELO>0</VELO>
  <VMAX>0</VMAX>
  <SITE>VERT001</SITE>
  <DEVICE_LAYERS>17AE5907D9.05C4C2F9EF.B2DB8D0F13.E2D3E86722.4A7ED325BE</DEVICE_LAYERS>
  <FINGERPRINT>2017B80D1F47D2764F4DEADD8BD8FDC6</FINGERPRINT>
  <TIMEZONE>840</TIMEZONE>
  <LOCALTIME>2015-08-04 19:25</LOCALTIME>
  <REGION>RU_64</REGION>
  <COUNTRY>RU</COUNTRY>
  <PROXY>N</PROXY>
  <JAVASCRIPT>Y</JAVASCRIPT>
  <FLASH>Y</FLASH>
  <COOKIES>Y</COOKIES>
  <HTTP_COUNTRY>RU</HTTP_COUNTRY>
  <LANGUAGE>RU</LANGUAGE>
  <MOBILE_DEVICE>N</MOBILE_DEVICE>
  <MOBILE_TYPE></MOBILE_TYPE>
  <MOBILE_FORWARDER>N</MOBILE_FORWARDER>
  <VOICE_DEVICE>N</VOICE_DEVICE>
  <PC_REMOTE>N</PC_REMOTE>
  <RULES_TRIGGERED>0</RULES_TRIGGERED>
  <COUNTERS_TRIGGERED>0</COUNTERS_TRIGGERED>
  <REASON_CODE></REASON_CODE>
  <MASTERCARD></MASTERCARD>
  <DDFS>2015-04-22</DDFS>
  <DSR>768x1366</DSR>
  <UAS>Mozilla/5.0 (Windows NT 6.1; WOW64) AppleWebKit/537.36 (KHTML, like Gecko) Chrome/44.0.2403.125 Safari/537.36</UAS>
  <BROWSER>Chrome 44.0.2403.125</BROWSER>
  <OS>Windows 7</OS>
  <PIP_IPAD></PIP_IPAD>
  <PIP_LAT></PIP_LAT>
  <PIP_LON></PIP_LON>
  <PIP_COUNTRY></PIP_COUNTRY>
  <PIP_REGION></PIP_REGION>
  <PIP_CITY></PIP_CITY>
  <PIP_ORG></PIP_ORG>
  <IP_IPAD>188.113.146.15</IP_IPAD>
  <IP_LAT>46.9522</IP_LAT>
  <IP_LON>142.7406</IP_LON>
  <IP_COUNTRY>RU</IP_COUNTRY>
  <IP_REGION>Sakhalin</IP_REGION>
  <IP_CITY>Yuzhno-sakhalinsk</IP_CITY>
  <IP_ORG>SAKHALIN CABLE TELESYSTEMS LTD</IP_ORG>
  <WARNING_COUNT>0</WARNING_COUNT>
</RESPONSE>

2015-08-04T09:57:34Z
RequestParameter:  billNo: 5c12f608812a4f22b79dfebb86a7d2fa | startTime:2015-08-04 09:57:34

2015-08-04T09:57:34Z
Array
(
    [MODE] => Q
    [FRMT] => XML
    [VERS] => 0630
    [MERC] => 680000
    [UDF[CUSTOMER_IPAD]] => 2.14.131.98
    [SESS] => dc0fe54c3f1144eeb2b050ef4472feca
    [ORDR] => 5c12f608812a4f22b79dfebb86a7d2fa
    [CURR] => EUR
    [PENC] => KHASH
    [PTYP] => CARD
    [PTOK] => 5131719DGE4OE7ZP1NWG
    [IPAD] => 2.14.131.98
    [MACK] => Y
    [AUTH] => A
    [PROD_DESC[0]] => Binary Trade
    [PROD_TYPE[0]] => Binary Trade
    [PROD_ITEM[0]] => SKU-ANT-BinaryTrade
    [PROD_QUANT[0]] => 1
    [PROD_PRICE[0]] => 100000
    [TOTL] => 100000
    [SITE] => VERT001
    [UDF[MERCHANT_ID]] => 20001MERBPDIRE1
    [NAME] => claudie squiban
    [B2A1] => 91 RUE DE KERJAOUEN
    [B2CC] => FR
    [B2CI] => GUIPAVAS
    [B2PC] => 29490
    [B2PN] => 0674375234
    [B2ST] => FR
    [S2A1] => 
    [S2CC] => 
    [S2CI] => 
    [S2EM] => 
    [S2NM] =>  
    [S2PC] => 
    [S2PN] => 
    [S2ST] => 
    [SHTP] => 
    [CASH] => 1000
    [DOB] => 1960-02-04
    [GENDER] => M
    [EMAL] => claudie.squiban@brest.aeroport.fr
)


2015-08-04T09:57:36Z
ResponseParameter:  billNo: 5c12f608812a4f22b79dfebb86a7d2fa | endTime:2015-08-04 09:57:36

2015-08-04T09:57:36Z
<?xml version="1.0" encoding="UTF-8"?>
<RESPONSE>
  <VERS>0630</VERS>
  <MODE>Q</MODE>
  <TRAN>38MT09JZZ1NK</TRAN>
  <MERC>680000</MERC>
  <SESS>dc0fe54c3f1144eeb2b050ef4472feca</SESS>
  <ORDR>5c12f608812a4f22b79dfebb86a7d2fa</ORDR>
  <AUTO>A</AUTO>
  <SCOR>41</SCOR>
  <GEOX>FR</GEOX>
  <BRND>MSTR</BRND>
  <REGN>FR_A2</REGN>
  <NETW>N</NETW>
  <KAPT>Y</KAPT>
  <CARDS>3</CARDS>
  <DEVICES>1</DEVICES>
  <EMAILS>1</EMAILS>
  <VELO>0</VELO>
  <VMAX>0</VMAX>
  <SITE>VERT001</SITE>
  <DEVICE_LAYERS>D96CF07D73.6031F1BA00.9BE17C778F.8354684CD2.52C1A11B63</DEVICE_LAYERS>
  <FINGERPRINT>9D00B06D46B856AE4ED89E291EC696ED</FINGERPRINT>
  <TIMEZONE>1320</TIMEZONE>
  <LOCALTIME>2015-08-04 11:57</LOCALTIME>
  <REGION>FR_A2</REGION>
  <COUNTRY>FR</COUNTRY>
  <PROXY>N</PROXY>
  <JAVASCRIPT>Y</JAVASCRIPT>
  <FLASH>Y</FLASH>
  <COOKIES>Y</COOKIES>
  <HTTP_COUNTRY>FR</HTTP_COUNTRY>
  <LANGUAGE>FR</LANGUAGE>
  <MOBILE_DEVICE>N</MOBILE_DEVICE>
  <MOBILE_TYPE></MOBILE_TYPE>
  <MOBILE_FORWARDER>N</MOBILE_FORWARDER>
  <VOICE_DEVICE>N</VOICE_DEVICE>
  <PC_REMOTE>N</PC_REMOTE>
  <RULES_TRIGGERED>3</RULES_TRIGGERED>
  <RULE_ID_0>330722</RULE_ID_0>
  <RULE_DESCRIPTION_0>GEO BIN and Device Country not equal (1pt)</RULE_DESCRIPTION_0>
  <RULE_ID_1>330724</RULE_ID_1>
  <RULE_DESCRIPTION_1>GEO Billing &lt;&gt; BIN Country (1pt)</RULE_DESCRIPTION_1>
  <RULE_ID_2>330730</RULE_ID_2>
  <RULE_DESCRIPTION_2>FRAUD_SCRD GEO Counter Triggered (5pts)</RULE_DESCRIPTION_2>
  <COUNTERS_TRIGGERED>2</COUNTERS_TRIGGERED>
  <COUNTER_NAME_0>GEO</COUNTER_NAME_0>
  <COUNTER_VALUE_0>2</COUNTER_VALUE_0>
  <COUNTER_NAME_1>FRAUD_SCRD</COUNTER_NAME_1>
  <COUNTER_VALUE_1>5</COUNTER_VALUE_1>
  <REASON_CODE></REASON_CODE>
  <MASTERCARD></MASTERCARD>
  <DDFS>2015-08-04</DDFS>
  <DSR>614x1093</DSR>
  <UAS>Mozilla/5.0 (Windows NT 6.3; WOW64; Trident/7.0; LCJB; rv:11.0) like Gecko</UAS>
  <BROWSER>Internet Explorer 11.0</BROWSER>
  <OS>Windows 8.1</OS>
  <PIP_IPAD></PIP_IPAD>
  <PIP_LAT></PIP_LAT>
  <PIP_LON></PIP_LON>
  <PIP_COUNTRY></PIP_COUNTRY>
  <PIP_REGION></PIP_REGION>
  <PIP_CITY></PIP_CITY>
  <PIP_ORG></PIP_ORG>
  <IP_IPAD>2.14.131.98</IP_IPAD>
  <IP_LAT>48.1387</IP_LAT>
  <IP_LON>-3.6076</IP_LON>
  <IP_COUNTRY>FR</IP_COUNTRY>
  <IP_REGION>Bretagne</IP_REGION>
  <IP_CITY>Gourin</IP_CITY>
  <IP_ORG>ORANGE</IP_ORG>
  <WARNING_COUNT>0</WARNING_COUNT>
</RESPONSE>

2015-08-04T09:58:14Z
RequestParameter:  billNo: 50cedf6cea5e497ca5e0faa4cd45410f | startTime:2015-08-04 09:58:14

2015-08-04T09:58:14Z
Array
(
    [MODE] => Q
    [FRMT] => XML
    [VERS] => 0630
    [MERC] => 680000
    [UDF[CUSTOMER_IPAD]] => 2.14.131.98
    [SESS] => 47f00dff335e486da3323bc05872d325
    [ORDR] => 50cedf6cea5e497ca5e0faa4cd45410f
    [CURR] => EUR
    [PENC] => KHASH
    [PTYP] => CARD
    [PTOK] => 5131719DGE4OE7ZP1NWG
    [IPAD] => 2.14.131.98
    [MACK] => Y
    [AUTH] => A
    [PROD_DESC[0]] => Binary Trade
    [PROD_TYPE[0]] => Binary Trade
    [PROD_ITEM[0]] => SKU-ANT-BinaryTrade
    [PROD_QUANT[0]] => 1
    [PROD_PRICE[0]] => 100000
    [TOTL] => 100000
    [SITE] => VERT001
    [UDF[MERCHANT_ID]] => 20001MERBPDIRE1
    [NAME] => claudie squiban
    [B2A1] => 91 RUE DE KERJAOUEN
    [B2CC] => FR
    [B2CI] => GUIPAVAS
    [B2PC] => 29490
    [B2PN] => 0674375234
    [B2ST] => FR
    [S2A1] => 
    [S2CC] => 
    [S2CI] => 
    [S2EM] => 
    [S2NM] =>  
    [S2PC] => 
    [S2PN] => 
    [S2ST] => 
    [SHTP] => 
    [CASH] => 1000
    [DOB] => 1960-02-04
    [GENDER] => M
    [EMAL] => claudie.squiban@brest.aeroport.fr
)


2015-08-04T09:58:16Z
ResponseParameter:  billNo: 50cedf6cea5e497ca5e0faa4cd45410f | endTime:2015-08-04 09:58:16

2015-08-04T09:58:16Z
<?xml version="1.0" encoding="UTF-8"?>
<RESPONSE>
  <VERS>0630</VERS>
  <MODE>Q</MODE>
  <TRAN>38MT008SGKMZ</TRAN>
  <MERC>680000</MERC>
  <SESS>47f00dff335e486da3323bc05872d325</SESS>
  <ORDR>50cedf6cea5e497ca5e0faa4cd45410f</ORDR>
  <AUTO>A</AUTO>
  <SCOR>41</SCOR>
  <GEOX>FR</GEOX>
  <BRND>MSTR</BRND>
  <REGN>FR_A2</REGN>
  <NETW>N</NETW>
  <KAPT>Y</KAPT>
  <CARDS>3</CARDS>
  <DEVICES>1</DEVICES>
  <EMAILS>1</EMAILS>
  <VELO>0</VELO>
  <VMAX>0</VMAX>
  <SITE>VERT001</SITE>
  <DEVICE_LAYERS>D96CF07D73.6031F1BA00.9BE17C778F.8354684CD2.52C1A11B63</DEVICE_LAYERS>
  <FINGERPRINT>9D00B06D46B856AE4ED89E291EC696ED</FINGERPRINT>
  <TIMEZONE>1320</TIMEZONE>
  <LOCALTIME>2015-08-04 11:58</LOCALTIME>
  <REGION>FR_A2</REGION>
  <COUNTRY>FR</COUNTRY>
  <PROXY>N</PROXY>
  <JAVASCRIPT>Y</JAVASCRIPT>
  <FLASH>Y</FLASH>
  <COOKIES>Y</COOKIES>
  <HTTP_COUNTRY>FR</HTTP_COUNTRY>
  <LANGUAGE>FR</LANGUAGE>
  <MOBILE_DEVICE>N</MOBILE_DEVICE>
  <MOBILE_TYPE></MOBILE_TYPE>
  <MOBILE_FORWARDER>N</MOBILE_FORWARDER>
  <VOICE_DEVICE>N</VOICE_DEVICE>
  <PC_REMOTE>N</PC_REMOTE>
  <RULES_TRIGGERED>3</RULES_TRIGGERED>
  <RULE_ID_0>330722</RULE_ID_0>
  <RULE_DESCRIPTION_0>GEO BIN and Device Country not equal (1pt)</RULE_DESCRIPTION_0>
  <RULE_ID_1>330724</RULE_ID_1>
  <RULE_DESCRIPTION_1>GEO Billing &lt;&gt; BIN Country (1pt)</RULE_DESCRIPTION_1>
  <RULE_ID_2>330730</RULE_ID_2>
  <RULE_DESCRIPTION_2>FRAUD_SCRD GEO Counter Triggered (5pts)</RULE_DESCRIPTION_2>
  <COUNTERS_TRIGGERED>2</COUNTERS_TRIGGERED>
  <COUNTER_NAME_0>GEO</COUNTER_NAME_0>
  <COUNTER_VALUE_0>2</COUNTER_VALUE_0>
  <COUNTER_NAME_1>FRAUD_SCRD</COUNTER_NAME_1>
  <COUNTER_VALUE_1>5</COUNTER_VALUE_1>
  <REASON_CODE></REASON_CODE>
  <MASTERCARD></MASTERCARD>
  <DDFS>2015-08-04</DDFS>
  <DSR>614x1093</DSR>
  <UAS>Mozilla/5.0 (Windows NT 6.3; WOW64; Trident/7.0; LCJB; rv:11.0) like Gecko</UAS>
  <BROWSER>Internet Explorer 11.0</BROWSER>
  <OS>Windows 8.1</OS>
  <PIP_IPAD></PIP_IPAD>
  <PIP_LAT></PIP_LAT>
  <PIP_LON></PIP_LON>
  <PIP_COUNTRY></PIP_COUNTRY>
  <PIP_REGION></PIP_REGION>
  <PIP_CITY></PIP_CITY>
  <PIP_ORG></PIP_ORG>
  <IP_IPAD>2.14.131.98</IP_IPAD>
  <IP_LAT>48.1387</IP_LAT>
  <IP_LON>-3.6076</IP_LON>
  <IP_COUNTRY>FR</IP_COUNTRY>
  <IP_REGION>Bretagne</IP_REGION>
  <IP_CITY>Gourin</IP_CITY>
  <IP_ORG>ORANGE</IP_ORG>
  <WARNING_COUNT>0</WARNING_COUNT>
</RESPONSE>

2015-08-04T10:01:19Z
RequestParameter:  billNo: 42cecb32fd2143849e1a3c43cbc1b343 | startTime:2015-08-04 10:01:19

2015-08-04T10:01:19Z
Array
(
    [MODE] => Q
    [FRMT] => XML
    [VERS] => 0630
    [MERC] => 680000
    [UDF[CUSTOMER_IPAD]] => 2.14.131.98
    [SESS] => dbb1c82ca89842cdbe62bbf238a5689f
    [ORDR] => 42cecb32fd2143849e1a3c43cbc1b343
    [CURR] => EUR
    [PENC] => KHASH
    [PTYP] => CARD
    [PTOK] => 513771DQHJHPW3FJXJA0
    [IPAD] => 2.14.131.98
    [MACK] => Y
    [AUTH] => A
    [PROD_DESC[0]] => Binary Trade
    [PROD_TYPE[0]] => Binary Trade
    [PROD_ITEM[0]] => SKU-ANT-BinaryTrade
    [PROD_QUANT[0]] => 1
    [PROD_PRICE[0]] => 100000
    [TOTL] => 100000
    [SITE] => VERT001
    [UDF[MERCHANT_ID]] => 20001MERBPDIRE1
    [NAME] => claudie squiban
    [B2A1] => 91 rue de Kerjaouen
    [B2CC] => FR
    [B2CI] => GUIPAVAS
    [B2PC] => 29490
    [B2PN] => 0674375234
    [B2ST] => FR
    [S2A1] => 
    [S2CC] => 
    [S2CI] => 
    [S2EM] => 
    [S2NM] =>  
    [S2PC] => 
    [S2PN] => 
    [S2ST] => 
    [SHTP] => 
    [CASH] => 1000
    [DOB] => 1960-02-04
    [GENDER] => M
    [EMAL] => claudie.squiban@brest.aeroport.fr
)


2015-08-04T10:01:21Z
ResponseParameter:  billNo: 42cecb32fd2143849e1a3c43cbc1b343 | endTime:2015-08-04 10:01:21

2015-08-04T10:01:21Z
<?xml version="1.0" encoding="UTF-8"?>
<RESPONSE>
  <VERS>0630</VERS>
  <MODE>Q</MODE>
  <TRAN>38MY0SDDGWGV</TRAN>
  <MERC>680000</MERC>
  <SESS>dbb1c82ca89842cdbe62bbf238a5689f</SESS>
  <ORDR>42cecb32fd2143849e1a3c43cbc1b343</ORDR>
  <AUTO>A</AUTO>
  <SCOR>41</SCOR>
  <GEOX>FR</GEOX>
  <BRND>MSTR</BRND>
  <REGN>FR_A2</REGN>
  <NETW>N</NETW>
  <KAPT>Y</KAPT>
  <CARDS>3</CARDS>
  <DEVICES>1</DEVICES>
  <EMAILS>1</EMAILS>
  <VELO>0</VELO>
  <VMAX>0</VMAX>
  <SITE>VERT001</SITE>
  <DEVICE_LAYERS>D96CF07D73.6031F1BA00.9BE17C778F.8354684CD2.52C1A11B63</DEVICE_LAYERS>
  <FINGERPRINT>9D00B06D46B856AE4ED89E291EC696ED</FINGERPRINT>
  <TIMEZONE>1320</TIMEZONE>
  <LOCALTIME>2015-08-04 12:01</LOCALTIME>
  <REGION>FR_A2</REGION>
  <COUNTRY>FR</COUNTRY>
  <PROXY>N</PROXY>
  <JAVASCRIPT>Y</JAVASCRIPT>
  <FLASH>Y</FLASH>
  <COOKIES>Y</COOKIES>
  <HTTP_COUNTRY>FR</HTTP_COUNTRY>
  <LANGUAGE>FR</LANGUAGE>
  <MOBILE_DEVICE>N</MOBILE_DEVICE>
  <MOBILE_TYPE></MOBILE_TYPE>
  <MOBILE_FORWARDER>N</MOBILE_FORWARDER>
  <VOICE_DEVICE>N</VOICE_DEVICE>
  <PC_REMOTE>N</PC_REMOTE>
  <RULES_TRIGGERED>0</RULES_TRIGGERED>
  <COUNTERS_TRIGGERED>0</COUNTERS_TRIGGERED>
  <REASON_CODE></REASON_CODE>
  <MASTERCARD></MASTERCARD>
  <DDFS>2015-08-04</DDFS>
  <DSR>614x1093</DSR>
  <UAS>Mozilla/5.0 (Windows NT 6.3; WOW64; Trident/7.0; LCJB; rv:11.0) like Gecko</UAS>
  <BROWSER>Internet Explorer 11.0</BROWSER>
  <OS>Windows 8.1</OS>
  <PIP_IPAD></PIP_IPAD>
  <PIP_LAT></PIP_LAT>
  <PIP_LON></PIP_LON>
  <PIP_COUNTRY></PIP_COUNTRY>
  <PIP_REGION></PIP_REGION>
  <PIP_CITY></PIP_CITY>
  <PIP_ORG></PIP_ORG>
  <IP_IPAD>2.14.131.98</IP_IPAD>
  <IP_LAT>48.1387</IP_LAT>
  <IP_LON>-3.6076</IP_LON>
  <IP_COUNTRY>FR</IP_COUNTRY>
  <IP_REGION>Bretagne</IP_REGION>
  <IP_CITY>Gourin</IP_CITY>
  <IP_ORG>ORANGE</IP_ORG>
  <WARNING_COUNT>0</WARNING_COUNT>
</RESPONSE>

2015-08-04T10:01:33Z
RequestParameter:  billNo: 04d734dd53444035b2f358ad6a99cd37 | startTime:2015-08-04 10:01:33

2015-08-04T10:01:33Z
Array
(
    [MODE] => Q
    [FRMT] => XML
    [VERS] => 0630
    [MERC] => 680000
    [UDF[CUSTOMER_IPAD]] => 2.14.131.98
    [SESS] => 6d368c1e3cea4861a049a0c57fc890a0
    [ORDR] => 04d734dd53444035b2f358ad6a99cd37
    [CURR] => EUR
    [PENC] => KHASH
    [PTYP] => CARD
    [PTOK] => 513771DQHJHPW3FJXJA0
    [IPAD] => 2.14.131.98
    [MACK] => Y
    [AUTH] => A
    [PROD_DESC[0]] => Binary Trade
    [PROD_TYPE[0]] => Binary Trade
    [PROD_ITEM[0]] => SKU-ANT-BinaryTrade
    [PROD_QUANT[0]] => 1
    [PROD_PRICE[0]] => 100000
    [TOTL] => 100000
    [SITE] => VERT001
    [UDF[MERCHANT_ID]] => 20001MERBPDIRE1
    [NAME] => claudie squiban
    [B2A1] => 91 rue de Kerjaouen
    [B2CC] => FR
    [B2CI] => GUIPAVAS
    [B2PC] => 29490
    [B2PN] => 0674375234
    [B2ST] => FR
    [S2A1] => 
    [S2CC] => 
    [S2CI] => 
    [S2EM] => 
    [S2NM] =>  
    [S2PC] => 
    [S2PN] => 
    [S2ST] => 
    [SHTP] => 
    [CASH] => 1000
    [DOB] => 1960-02-04
    [GENDER] => M
    [EMAL] => claudie.squiban@brest.aeroport.fr
)


2015-08-04T10:01:34Z
ResponseParameter:  billNo: 04d734dd53444035b2f358ad6a99cd37 | endTime:2015-08-04 10:01:34

2015-08-04T10:01:34Z
<?xml version="1.0" encoding="UTF-8"?>
<RESPONSE>
  <VERS>0630</VERS>
  <MODE>Q</MODE>
  <TRAN>38MY04YK2029</TRAN>
  <MERC>680000</MERC>
  <SESS>6d368c1e3cea4861a049a0c57fc890a0</SESS>
  <ORDR>04d734dd53444035b2f358ad6a99cd37</ORDR>
  <AUTO>A</AUTO>
  <SCOR>41</SCOR>
  <GEOX>FR</GEOX>
  <BRND>MSTR</BRND>
  <REGN>FR_A2</REGN>
  <NETW>N</NETW>
  <KAPT>Y</KAPT>
  <CARDS>3</CARDS>
  <DEVICES>1</DEVICES>
  <EMAILS>1</EMAILS>
  <VELO>0</VELO>
  <VMAX>0</VMAX>
  <SITE>VERT001</SITE>
  <DEVICE_LAYERS>D96CF07D73.6031F1BA00.9BE17C778F.8354684CD2.52C1A11B63</DEVICE_LAYERS>
  <FINGERPRINT>9D00B06D46B856AE4ED89E291EC696ED</FINGERPRINT>
  <TIMEZONE>1320</TIMEZONE>
  <LOCALTIME>2015-08-04 12:01</LOCALTIME>
  <REGION>FR_A2</REGION>
  <COUNTRY>FR</COUNTRY>
  <PROXY>N</PROXY>
  <JAVASCRIPT>Y</JAVASCRIPT>
  <FLASH>Y</FLASH>
  <COOKIES>Y</COOKIES>
  <HTTP_COUNTRY>FR</HTTP_COUNTRY>
  <LANGUAGE>FR</LANGUAGE>
  <MOBILE_DEVICE>N</MOBILE_DEVICE>
  <MOBILE_TYPE></MOBILE_TYPE>
  <MOBILE_FORWARDER>N</MOBILE_FORWARDER>
  <VOICE_DEVICE>N</VOICE_DEVICE>
  <PC_REMOTE>N</PC_REMOTE>
  <RULES_TRIGGERED>0</RULES_TRIGGERED>
  <COUNTERS_TRIGGERED>0</COUNTERS_TRIGGERED>
  <REASON_CODE></REASON_CODE>
  <MASTERCARD></MASTERCARD>
  <DDFS>2015-08-04</DDFS>
  <DSR>614x1093</DSR>
  <UAS>Mozilla/5.0 (Windows NT 6.3; WOW64; Trident/7.0; LCJB; rv:11.0) like Gecko</UAS>
  <BROWSER>Internet Explorer 11.0</BROWSER>
  <OS>Windows 8.1</OS>
  <PIP_IPAD></PIP_IPAD>
  <PIP_LAT></PIP_LAT>
  <PIP_LON></PIP_LON>
  <PIP_COUNTRY></PIP_COUNTRY>
  <PIP_REGION></PIP_REGION>
  <PIP_CITY></PIP_CITY>
  <PIP_ORG></PIP_ORG>
  <IP_IPAD>2.14.131.98</IP_IPAD>
  <IP_LAT>48.1387</IP_LAT>
  <IP_LON>-3.6076</IP_LON>
  <IP_COUNTRY>FR</IP_COUNTRY>
  <IP_REGION>Bretagne</IP_REGION>
  <IP_CITY>Gourin</IP_CITY>
  <IP_ORG>ORANGE</IP_ORG>
  <WARNING_COUNT>0</WARNING_COUNT>
</RESPONSE>

2015-08-04T10:08:21Z
RequestParameter:  billNo: bf27ba25a4a34f8aa4538eb4a420e379 | startTime:2015-08-04 10:08:21

2015-08-04T10:08:21Z
Array
(
    [MODE] => Q
    [FRMT] => XML
    [VERS] => 0630
    [MERC] => 680000
    [UDF[CUSTOMER_IPAD]] => 2.14.131.98
    [SESS] => 15dcaa6f839c4f27be52c14018344bd4
    [ORDR] => bf27ba25a4a34f8aa4538eb4a420e379
    [CURR] => EUR
    [PENC] => KHASH
    [PTYP] => CARD
    [PTOK] => 513771DQHJHPW3FJXJA0
    [IPAD] => 2.14.131.98
    [MACK] => Y
    [AUTH] => A
    [PROD_DESC[0]] => Binary Trade
    [PROD_TYPE[0]] => Binary Trade
    [PROD_ITEM[0]] => SKU-ANT-BinaryTrade
    [PROD_QUANT[0]] => 1
    [PROD_PRICE[0]] => 50000
    [TOTL] => 50000
    [SITE] => VERT001
    [UDF[MERCHANT_ID]] => 20001MERBPDIRE1
    [NAME] => claudie squiban
    [B2A1] => 91 RUE DE kERJAOUEN
    [B2CC] => FR
    [B2CI] => GUIPAVAS
    [B2PC] => 29490
    [B2PN] => 0674375234
    [B2ST] => FR
    [S2A1] => 
    [S2CC] => 
    [S2CI] => 
    [S2EM] => 
    [S2NM] =>  
    [S2PC] => 
    [S2PN] => 
    [S2ST] => 
    [SHTP] => 
    [CASH] => 500
    [DOB] => 1960-02-04
    [GENDER] => M
    [EMAL] => claudie.squiban@brest.aeroport.fr
)


2015-08-04T10:08:22Z
ResponseParameter:  billNo: bf27ba25a4a34f8aa4538eb4a420e379 | endTime:2015-08-04 10:08:22

2015-08-04T10:08:22Z
<?xml version="1.0" encoding="UTF-8"?>
<RESPONSE>
  <VERS>0630</VERS>
  <MODE>Q</MODE>
  <TRAN>38MY0Z40K2ZB</TRAN>
  <MERC>680000</MERC>
  <SESS>15dcaa6f839c4f27be52c14018344bd4</SESS>
  <ORDR>bf27ba25a4a34f8aa4538eb4a420e379</ORDR>
  <AUTO>A</AUTO>
  <SCOR>41</SCOR>
  <GEOX>FR</GEOX>
  <BRND>MSTR</BRND>
  <REGN>FR_A2</REGN>
  <NETW>N</NETW>
  <KAPT>Y</KAPT>
  <CARDS>3</CARDS>
  <DEVICES>1</DEVICES>
  <EMAILS>1</EMAILS>
  <VELO>0</VELO>
  <VMAX>0</VMAX>
  <SITE>VERT001</SITE>
  <DEVICE_LAYERS>D96CF07D73.6031F1BA00.9BE17C778F.8354684CD2.52C1A11B63</DEVICE_LAYERS>
  <FINGERPRINT>9D00B06D46B856AE4ED89E291EC696ED</FINGERPRINT>
  <TIMEZONE>1320</TIMEZONE>
  <LOCALTIME>2015-08-04 12:08</LOCALTIME>
  <REGION>FR_A2</REGION>
  <COUNTRY>FR</COUNTRY>
  <PROXY>N</PROXY>
  <JAVASCRIPT>Y</JAVASCRIPT>
  <FLASH>Y</FLASH>
  <COOKIES>Y</COOKIES>
  <HTTP_COUNTRY>FR</HTTP_COUNTRY>
  <LANGUAGE>FR</LANGUAGE>
  <MOBILE_DEVICE>N</MOBILE_DEVICE>
  <MOBILE_TYPE></MOBILE_TYPE>
  <MOBILE_FORWARDER>N</MOBILE_FORWARDER>
  <VOICE_DEVICE>N</VOICE_DEVICE>
  <PC_REMOTE>N</PC_REMOTE>
  <RULES_TRIGGERED>0</RULES_TRIGGERED>
  <COUNTERS_TRIGGERED>0</COUNTERS_TRIGGERED>
  <REASON_CODE></REASON_CODE>
  <MASTERCARD></MASTERCARD>
  <DDFS>2015-08-04</DDFS>
  <DSR>614x1093</DSR>
  <UAS>Mozilla/5.0 (Windows NT 6.3; WOW64; Trident/7.0; LCJB; rv:11.0) like Gecko</UAS>
  <BROWSER>Internet Explorer 11.0</BROWSER>
  <OS>Windows 8.1</OS>
  <PIP_IPAD></PIP_IPAD>
  <PIP_LAT></PIP_LAT>
  <PIP_LON></PIP_LON>
  <PIP_COUNTRY></PIP_COUNTRY>
  <PIP_REGION></PIP_REGION>
  <PIP_CITY></PIP_CITY>
  <PIP_ORG></PIP_ORG>
  <IP_IPAD>2.14.131.98</IP_IPAD>
  <IP_LAT>48.1387</IP_LAT>
  <IP_LON>-3.6076</IP_LON>
  <IP_COUNTRY>FR</IP_COUNTRY>
  <IP_REGION>Bretagne</IP_REGION>
  <IP_CITY>Gourin</IP_CITY>
  <IP_ORG>ORANGE</IP_ORG>
  <WARNING_COUNT>0</WARNING_COUNT>
</RESPONSE>

2015-08-04T10:10:29Z
RequestParameter:  billNo: 2e5f3b801d98422ca9a4885cac2a7446 | startTime:2015-08-04 10:10:29

2015-08-04T10:10:29Z
Array
(
    [MODE] => Q
    [FRMT] => XML
    [VERS] => 0630
    [MERC] => 680000
    [UDF[CUSTOMER_IPAD]] => 2.14.131.98
    [SESS] => 2578c2e6c2874cb083989a7a272496d1
    [ORDR] => 2e5f3b801d98422ca9a4885cac2a7446
    [CURR] => EUR
    [PENC] => KHASH
    [PTYP] => CARD
    [PTOK] => 5137702CCFUAZA6E71FQ
    [IPAD] => 2.14.131.98
    [MACK] => Y
    [AUTH] => A
    [PROD_DESC[0]] => Binary Trade
    [PROD_TYPE[0]] => Binary Trade
    [PROD_ITEM[0]] => SKU-ANT-BinaryTrade
    [PROD_QUANT[0]] => 1
    [PROD_PRICE[0]] => 100000
    [TOTL] => 100000
    [SITE] => VERT001
    [UDF[MERCHANT_ID]] => 20001MERBPDIRE1
    [NAME] => claudie squiban
    [B2A1] => 91 RUE DE KERJAOUEN
    [B2CC] => FR
    [B2CI] => GUIPAVAS
    [B2PC] => 29490
    [B2PN] => 0674375234
    [B2ST] => FR
    [S2A1] => 
    [S2CC] => 
    [S2CI] => 
    [S2EM] => 
    [S2NM] =>  
    [S2PC] => 
    [S2PN] => 
    [S2ST] => 
    [SHTP] => 
    [CASH] => 1000
    [DOB] => 1960-02-04
    [GENDER] => M
    [EMAL] => claudie.squiban@brest.aeroport.fr
)


2015-08-04T10:10:30Z
ResponseParameter:  billNo: 2e5f3b801d98422ca9a4885cac2a7446 | endTime:2015-08-04 10:10:30

2015-08-04T10:10:30Z
<?xml version="1.0" encoding="UTF-8"?>
<RESPONSE>
  <VERS>0630</VERS>
  <MODE>Q</MODE>
  <TRAN>38MY0J82QZ2G</TRAN>
  <MERC>680000</MERC>
  <SESS>2578c2e6c2874cb083989a7a272496d1</SESS>
  <ORDR>2e5f3b801d98422ca9a4885cac2a7446</ORDR>
  <AUTO>A</AUTO>
  <SCOR>41</SCOR>
  <GEOX>FR</GEOX>
  <BRND>MSTR</BRND>
  <REGN>FR_A2</REGN>
  <NETW>N</NETW>
  <KAPT>Y</KAPT>
  <CARDS>3</CARDS>
  <DEVICES>1</DEVICES>
  <EMAILS>1</EMAILS>
  <VELO>0</VELO>
  <VMAX>0</VMAX>
  <SITE>VERT001</SITE>
  <DEVICE_LAYERS>D96CF07D73.6031F1BA00.9BE17C778F.8354684CD2.52C1A11B63</DEVICE_LAYERS>
  <FINGERPRINT>9D00B06D46B856AE4ED89E291EC696ED</FINGERPRINT>
  <TIMEZONE>1320</TIMEZONE>
  <LOCALTIME>2015-08-04 12:10</LOCALTIME>
  <REGION>FR_A2</REGION>
  <COUNTRY>FR</COUNTRY>
  <PROXY>N</PROXY>
  <JAVASCRIPT>Y</JAVASCRIPT>
  <FLASH>Y</FLASH>
  <COOKIES>Y</COOKIES>
  <HTTP_COUNTRY>FR</HTTP_COUNTRY>
  <LANGUAGE>FR</LANGUAGE>
  <MOBILE_DEVICE>N</MOBILE_DEVICE>
  <MOBILE_TYPE></MOBILE_TYPE>
  <MOBILE_FORWARDER>N</MOBILE_FORWARDER>
  <VOICE_DEVICE>N</VOICE_DEVICE>
  <PC_REMOTE>N</PC_REMOTE>
  <RULES_TRIGGERED>0</RULES_TRIGGERED>
  <COUNTERS_TRIGGERED>0</COUNTERS_TRIGGERED>
  <REASON_CODE></REASON_CODE>
  <MASTERCARD></MASTERCARD>
  <DDFS>2015-08-04</DDFS>
  <DSR>614x1093</DSR>
  <UAS>Mozilla/5.0 (Windows NT 6.3; WOW64; Trident/7.0; LCJB; rv:11.0) like Gecko</UAS>
  <BROWSER>Internet Explorer 11.0</BROWSER>
  <OS>Windows 8.1</OS>
  <PIP_IPAD></PIP_IPAD>
  <PIP_LAT></PIP_LAT>
  <PIP_LON></PIP_LON>
  <PIP_COUNTRY></PIP_COUNTRY>
  <PIP_REGION></PIP_REGION>
  <PIP_CITY></PIP_CITY>
  <PIP_ORG></PIP_ORG>
  <IP_IPAD>2.14.131.98</IP_IPAD>
  <IP_LAT>48.1387</IP_LAT>
  <IP_LON>-3.6076</IP_LON>
  <IP_COUNTRY>FR</IP_COUNTRY>
  <IP_REGION>Bretagne</IP_REGION>
  <IP_CITY>Gourin</IP_CITY>
  <IP_ORG>ORANGE</IP_ORG>
  <WARNING_COUNT>0</WARNING_COUNT>
</RESPONSE>

2015-08-04T10:18:55Z
RequestParameter:  billNo: 7def57d76d4f4ce69d5060b3445bbba1 | startTime:2015-08-04 10:18:55

2015-08-04T10:18:55Z
Array
(
    [MODE] => Q
    [FRMT] => XML
    [VERS] => 0630
    [MERC] => 680000
    [UDF[CUSTOMER_IPAD]] => 2.14.131.98
    [SESS] => b8fe04bea533468fa0d1bd677e85438c
    [ORDR] => 7def57d76d4f4ce69d5060b3445bbba1
    [CURR] => EUR
    [PENC] => KHASH
    [PTYP] => CARD
    [PTOK] => 513771DQHJHPW3FJXJA0
    [IPAD] => 2.14.131.98
    [MACK] => Y
    [AUTH] => A
    [PROD_DESC[0]] => Binary Trade
    [PROD_TYPE[0]] => Binary Trade
    [PROD_ITEM[0]] => SKU-ANT-BinaryTrade
    [PROD_QUANT[0]] => 1
    [PROD_PRICE[0]] => 100000
    [TOTL] => 100000
    [SITE] => VERT001
    [UDF[MERCHANT_ID]] => 20001MERBPDIRE1
    [NAME] => claudie squiban
    [B2A1] => 91 RUE DE KERJAOUEN
    [B2CC] => FR
    [B2CI] => GUIPAVAS
    [B2PC] => 29490
    [B2PN] => 0674375234
    [B2ST] => FR
    [S2A1] => 
    [S2CC] => 
    [S2CI] => 
    [S2EM] => 
    [S2NM] =>  
    [S2PC] => 
    [S2PN] => 
    [S2ST] => 
    [SHTP] => 
    [CASH] => 1000
    [DOB] => 1960-02-04
    [GENDER] => M
    [EMAL] => claudie.squiban@brest.aeroport.fr
)


2015-08-04T10:18:56Z
ResponseParameter:  billNo: 7def57d76d4f4ce69d5060b3445bbba1 | endTime:2015-08-04 10:18:56

2015-08-04T10:18:56Z
<?xml version="1.0" encoding="UTF-8"?>
<RESPONSE>
  <VERS>0630</VERS>
  <MODE>Q</MODE>
  <TRAN>38MY0TW64V4D</TRAN>
  <MERC>680000</MERC>
  <SESS>b8fe04bea533468fa0d1bd677e85438c</SESS>
  <ORDR>7def57d76d4f4ce69d5060b3445bbba1</ORDR>
  <AUTO>A</AUTO>
  <SCOR>41</SCOR>
  <GEOX>FR</GEOX>
  <BRND>MSTR</BRND>
  <REGN>FR_A2</REGN>
  <NETW>N</NETW>
  <KAPT>Y</KAPT>
  <CARDS>3</CARDS>
  <DEVICES>1</DEVICES>
  <EMAILS>1</EMAILS>
  <VELO>0</VELO>
  <VMAX>0</VMAX>
  <SITE>VERT001</SITE>
  <DEVICE_LAYERS>D96CF07D73.6031F1BA00.9BE17C778F.8354684CD2.52C1A11B63</DEVICE_LAYERS>
  <FINGERPRINT>9D00B06D46B856AE4ED89E291EC696ED</FINGERPRINT>
  <TIMEZONE>1320</TIMEZONE>
  <LOCALTIME>2015-08-04 12:19</LOCALTIME>
  <REGION>FR_A2</REGION>
  <COUNTRY>FR</COUNTRY>
  <PROXY>N</PROXY>
  <JAVASCRIPT>Y</JAVASCRIPT>
  <FLASH>Y</FLASH>
  <COOKIES>Y</COOKIES>
  <HTTP_COUNTRY>FR</HTTP_COUNTRY>
  <LANGUAGE>FR</LANGUAGE>
  <MOBILE_DEVICE>N</MOBILE_DEVICE>
  <MOBILE_TYPE></MOBILE_TYPE>
  <MOBILE_FORWARDER>N</MOBILE_FORWARDER>
  <VOICE_DEVICE>N</VOICE_DEVICE>
  <PC_REMOTE>N</PC_REMOTE>
  <RULES_TRIGGERED>0</RULES_TRIGGERED>
  <COUNTERS_TRIGGERED>0</COUNTERS_TRIGGERED>
  <REASON_CODE></REASON_CODE>
  <MASTERCARD></MASTERCARD>
  <DDFS>2015-08-04</DDFS>
  <DSR>614x1093</DSR>
  <UAS>Mozilla/5.0 (Windows NT 6.3; WOW64; Trident/7.0; LCJB; rv:11.0) like Gecko</UAS>
  <BROWSER>Internet Explorer 11.0</BROWSER>
  <OS>Windows 8.1</OS>
  <PIP_IPAD></PIP_IPAD>
  <PIP_LAT></PIP_LAT>
  <PIP_LON></PIP_LON>
  <PIP_COUNTRY></PIP_COUNTRY>
  <PIP_REGION></PIP_REGION>
  <PIP_CITY></PIP_CITY>
  <PIP_ORG></PIP_ORG>
  <IP_IPAD>2.14.131.98</IP_IPAD>
  <IP_LAT>48.1387</IP_LAT>
  <IP_LON>-3.6076</IP_LON>
  <IP_COUNTRY>FR</IP_COUNTRY>
  <IP_REGION>Bretagne</IP_REGION>
  <IP_CITY>Gourin</IP_CITY>
  <IP_ORG>ORANGE</IP_ORG>
  <WARNING_COUNT>0</WARNING_COUNT>
</RESPONSE>

2015-08-04T10:19:21Z
RequestParameter:  billNo: 39adc4160cde458f99a3ec401fa13c36 | startTime:2015-08-04 10:19:21

2015-08-04T10:19:21Z
Array
(
    [MODE] => Q
    [FRMT] => XML
    [VERS] => 0630
    [MERC] => 680000
    [UDF[CUSTOMER_IPAD]] => 2.14.131.98
    [SESS] => f4f65c12796d422bb25b94af3aff865d
    [ORDR] => 39adc4160cde458f99a3ec401fa13c36
    [CURR] => EUR
    [PENC] => KHASH
    [PTYP] => CARD
    [PTOK] => 513771DQHJHPW3FJXJA0
    [IPAD] => 2.14.131.98
    [MACK] => Y
    [AUTH] => A
    [PROD_DESC[0]] => Binary Trade
    [PROD_TYPE[0]] => Binary Trade
    [PROD_ITEM[0]] => SKU-ANT-BinaryTrade
    [PROD_QUANT[0]] => 1
    [PROD_PRICE[0]] => 100000
    [TOTL] => 100000
    [SITE] => VERT001
    [UDF[MERCHANT_ID]] => 20001MERBPDIRE1
    [NAME] => claudie squiban
    [B2A1] => 91 RUE DE KERJAOUEN
    [B2CC] => FR
    [B2CI] => GUIPAVAS
    [B2PC] => 29490
    [B2PN] => 0674375234
    [B2ST] => FR
    [S2A1] => 
    [S2CC] => 
    [S2CI] => 
    [S2EM] => 
    [S2NM] =>  
    [S2PC] => 
    [S2PN] => 
    [S2ST] => 
    [SHTP] => 
    [CASH] => 1000
    [DOB] => 1960-02-04
    [GENDER] => M
    [EMAL] => claudie.squiban@brest.aeroport.fr
)


2015-08-04T10:19:22Z
ResponseParameter:  billNo: 39adc4160cde458f99a3ec401fa13c36 | endTime:2015-08-04 10:19:22

2015-08-04T10:19:22Z
<?xml version="1.0" encoding="UTF-8"?>
<RESPONSE>
  <VERS>0630</VERS>
  <MODE>Q</MODE>
  <TRAN>38MY0PKGJPC8</TRAN>
  <MERC>680000</MERC>
  <SESS>f4f65c12796d422bb25b94af3aff865d</SESS>
  <ORDR>39adc4160cde458f99a3ec401fa13c36</ORDR>
  <AUTO>A</AUTO>
  <SCOR>41</SCOR>
  <GEOX>FR</GEOX>
  <BRND>MSTR</BRND>
  <REGN>FR_A2</REGN>
  <NETW>N</NETW>
  <KAPT>Y</KAPT>
  <CARDS>3</CARDS>
  <DEVICES>1</DEVICES>
  <EMAILS>1</EMAILS>
  <VELO>0</VELO>
  <VMAX>0</VMAX>
  <SITE>VERT001</SITE>
  <DEVICE_LAYERS>D96CF07D73.6031F1BA00.9BE17C778F.8354684CD2.52C1A11B63</DEVICE_LAYERS>
  <FINGERPRINT>9D00B06D46B856AE4ED89E291EC696ED</FINGERPRINT>
  <TIMEZONE>1320</TIMEZONE>
  <LOCALTIME>2015-08-04 12:19</LOCALTIME>
  <REGION>FR_A2</REGION>
  <COUNTRY>FR</COUNTRY>
  <PROXY>N</PROXY>
  <JAVASCRIPT>Y</JAVASCRIPT>
  <FLASH>Y</FLASH>
  <COOKIES>Y</COOKIES>
  <HTTP_COUNTRY>FR</HTTP_COUNTRY>
  <LANGUAGE>FR</LANGUAGE>
  <MOBILE_DEVICE>N</MOBILE_DEVICE>
  <MOBILE_TYPE></MOBILE_TYPE>
  <MOBILE_FORWARDER>N</MOBILE_FORWARDER>
  <VOICE_DEVICE>N</VOICE_DEVICE>
  <PC_REMOTE>N</PC_REMOTE>
  <RULES_TRIGGERED>0</RULES_TRIGGERED>
  <COUNTERS_TRIGGERED>0</COUNTERS_TRIGGERED>
  <REASON_CODE></REASON_CODE>
  <MASTERCARD></MASTERCARD>
  <DDFS>2015-08-04</DDFS>
  <DSR>614x1093</DSR>
  <UAS>Mozilla/5.0 (Windows NT 6.3; WOW64; Trident/7.0; LCJB; rv:11.0) like Gecko</UAS>
  <BROWSER>Internet Explorer 11.0</BROWSER>
  <OS>Windows 8.1</OS>
  <PIP_IPAD></PIP_IPAD>
  <PIP_LAT></PIP_LAT>
  <PIP_LON></PIP_LON>
  <PIP_COUNTRY></PIP_COUNTRY>
  <PIP_REGION></PIP_REGION>
  <PIP_CITY></PIP_CITY>
  <PIP_ORG></PIP_ORG>
  <IP_IPAD>2.14.131.98</IP_IPAD>
  <IP_LAT>48.1387</IP_LAT>
  <IP_LON>-3.6076</IP_LON>
  <IP_COUNTRY>FR</IP_COUNTRY>
  <IP_REGION>Bretagne</IP_REGION>
  <IP_CITY>Gourin</IP_CITY>
  <IP_ORG>ORANGE</IP_ORG>
  <WARNING_COUNT>0</WARNING_COUNT>
</RESPONSE>

2015-08-04T10:19:41Z
RequestParameter:  billNo: ec49c12b17204caf9d357e77d5e4d712 | startTime:2015-08-04 10:19:41

2015-08-04T10:19:41Z
Array
(
    [MODE] => Q
    [FRMT] => XML
    [VERS] => 0630
    [MERC] => 680000
    [UDF[CUSTOMER_IPAD]] => 2.14.131.98
    [SESS] => bf69736342ea40d78c6989ef341596ab
    [ORDR] => ec49c12b17204caf9d357e77d5e4d712
    [CURR] => EUR
    [PENC] => KHASH
    [PTYP] => CARD
    [PTOK] => 513771DQHJHPW3FJXJA0
    [IPAD] => 2.14.131.98
    [MACK] => Y
    [AUTH] => A
    [PROD_DESC[0]] => Binary Trade
    [PROD_TYPE[0]] => Binary Trade
    [PROD_ITEM[0]] => SKU-ANT-BinaryTrade
    [PROD_QUANT[0]] => 1
    [PROD_PRICE[0]] => 35000
    [TOTL] => 35000
    [SITE] => VERT001
    [UDF[MERCHANT_ID]] => 20001MERBPDIRE1
    [NAME] => claudie squiban
    [B2A1] => 91 RUE DE KERJAOUEN
    [B2CC] => FR
    [B2CI] => GUIPAVAS
    [B2PC] => 29490
    [B2PN] => 0674375234
    [B2ST] => FR
    [S2A1] => 
    [S2CC] => 
    [S2CI] => 
    [S2EM] => 
    [S2NM] =>  
    [S2PC] => 
    [S2PN] => 
    [S2ST] => 
    [SHTP] => 
    [CASH] => 350
    [DOB] => 1960-02-04
    [GENDER] => M
    [EMAL] => claudie.squiban@brest.aeroport.fr
)


2015-08-04T10:19:42Z
ResponseParameter:  billNo: ec49c12b17204caf9d357e77d5e4d712 | endTime:2015-08-04 10:19:42

2015-08-04T10:19:42Z
<?xml version="1.0" encoding="UTF-8"?>
<RESPONSE>
  <VERS>0630</VERS>
  <MODE>Q</MODE>
  <TRAN>38MY0M2175PX</TRAN>
  <MERC>680000</MERC>
  <SESS>bf69736342ea40d78c6989ef341596ab</SESS>
  <ORDR>ec49c12b17204caf9d357e77d5e4d712</ORDR>
  <AUTO>A</AUTO>
  <SCOR>41</SCOR>
  <GEOX>FR</GEOX>
  <BRND>MSTR</BRND>
  <REGN>FR_A2</REGN>
  <NETW>N</NETW>
  <KAPT>Y</KAPT>
  <CARDS>3</CARDS>
  <DEVICES>1</DEVICES>
  <EMAILS>1</EMAILS>
  <VELO>0</VELO>
  <VMAX>0</VMAX>
  <SITE>VERT001</SITE>
  <DEVICE_LAYERS>D96CF07D73.6031F1BA00.9BE17C778F.8354684CD2.52C1A11B63</DEVICE_LAYERS>
  <FINGERPRINT>9D00B06D46B856AE4ED89E291EC696ED</FINGERPRINT>
  <TIMEZONE>1320</TIMEZONE>
  <LOCALTIME>2015-08-04 12:20</LOCALTIME>
  <REGION>FR_A2</REGION>
  <COUNTRY>FR</COUNTRY>
  <PROXY>N</PROXY>
  <JAVASCRIPT>Y</JAVASCRIPT>
  <FLASH>Y</FLASH>
  <COOKIES>Y</COOKIES>
  <HTTP_COUNTRY>FR</HTTP_COUNTRY>
  <LANGUAGE>FR</LANGUAGE>
  <MOBILE_DEVICE>N</MOBILE_DEVICE>
  <MOBILE_TYPE></MOBILE_TYPE>
  <MOBILE_FORWARDER>N</MOBILE_FORWARDER>
  <VOICE_DEVICE>N</VOICE_DEVICE>
  <PC_REMOTE>N</PC_REMOTE>
  <RULES_TRIGGERED>0</RULES_TRIGGERED>
  <COUNTERS_TRIGGERED>0</COUNTERS_TRIGGERED>
  <REASON_CODE></REASON_CODE>
  <MASTERCARD></MASTERCARD>
  <DDFS>2015-08-04</DDFS>
  <DSR>614x1093</DSR>
  <UAS>Mozilla/5.0 (Windows NT 6.3; WOW64; Trident/7.0; LCJB; rv:11.0) like Gecko</UAS>
  <BROWSER>Internet Explorer 11.0</BROWSER>
  <OS>Windows 8.1</OS>
  <PIP_IPAD></PIP_IPAD>
  <PIP_LAT></PIP_LAT>
  <PIP_LON></PIP_LON>
  <PIP_COUNTRY></PIP_COUNTRY>
  <PIP_REGION></PIP_REGION>
  <PIP_CITY></PIP_CITY>
  <PIP_ORG></PIP_ORG>
  <IP_IPAD>2.14.131.98</IP_IPAD>
  <IP_LAT>48.1387</IP_LAT>
  <IP_LON>-3.6076</IP_LON>
  <IP_COUNTRY>FR</IP_COUNTRY>
  <IP_REGION>Bretagne</IP_REGION>
  <IP_CITY>Gourin</IP_CITY>
  <IP_ORG>ORANGE</IP_ORG>
  <WARNING_COUNT>0</WARNING_COUNT>
</RESPONSE>

2015-08-04T12:30:12Z
RequestParameter:  billNo: 70e9b73062c94ac6b27c3b478da859a4 | startTime:2015-08-04 12:30:12

2015-08-04T12:30:12Z
Array
(
    [MODE] => Q
    [FRMT] => XML
    [VERS] => 0630
    [MERC] => 680000
    [UDF[CUSTOMER_IPAD]] => 188.115.111.195
    [SESS] => 9fa8b2da48994d1aaf3a4b3e33c9e5a1
    [ORDR] => 70e9b73062c94ac6b27c3b478da859a4
    [CURR] => EUR
    [PENC] => KHASH
    [PTYP] => CARD
    [PTOK] => 497040NL7L976APJP7WT
    [IPAD] => 188.115.111.195
    [MACK] => Y
    [AUTH] => A
    [PROD_DESC[0]] => Binary Trade
    [PROD_TYPE[0]] => Binary Trade
    [PROD_ITEM[0]] => SKU-ANT-BinaryTrade
    [PROD_QUANT[0]] => 1
    [PROD_PRICE[0]] => 95000
    [TOTL] => 95000
    [SITE] => VERT001
    [UDF[MERCHANT_ID]] => 20001MERANTY
    [NAME] => jean loup manceau
    [B2A1] => 18 residence Le Clos Alicea
    [B2CC] => GP
    [B2CI] => B
    [B2PC] => Baie-mahault
    [B2PN] => 0690492483
    [B2ST] => GP
    [S2A1] => 
    [S2CC] => 
    [S2CI] => 
    [S2EM] => 
    [S2NM] =>  
    [S2PC] => 
    [S2PN] => 
    [S2ST] => 
    [SHTP] => 
    [CASH] => 950
    [DOB] => 1981-06-03
    [GENDER] => M
    [EMAL] => jeanloup.manceau@hotmail.fr
)


2015-08-04T12:30:14Z
ResponseParameter:  billNo: 70e9b73062c94ac6b27c3b478da859a4 | endTime:2015-08-04 12:30:14

2015-08-04T12:30:14Z
<?xml version="1.0" encoding="UTF-8"?>
<RESPONSE>
  <VERS>0630</VERS>
  <MODE>Q</MODE>
  <TRAN>38M00KK2L9H7</TRAN>
  <MERC>680000</MERC>
  <SESS>9fa8b2da48994d1aaf3a4b3e33c9e5a1</SESS>
  <ORDR>70e9b73062c94ac6b27c3b478da859a4</ORDR>
  <AUTO>A</AUTO>
  <SCOR>23</SCOR>
  <GEOX>GP</GEOX>
  <BRND>VISA</BRND>
  <REGN>GP_00</REGN>
  <NETW>N</NETW>
  <KAPT>Y</KAPT>
  <CARDS>1</CARDS>
  <DEVICES>1</DEVICES>
  <EMAILS>1</EMAILS>
  <VELO>0</VELO>
  <VMAX>0</VMAX>
  <SITE>VERT001</SITE>
  <DEVICE_LAYERS>D96CF07D73.7449D7514A.B2DB8D0F13.0CEC3770F0.63E3D28913</DEVICE_LAYERS>
  <FINGERPRINT>9DCDF1AAEA0DF567495B31254D9BADC6</FINGERPRINT>
  <TIMEZONE>240</TIMEZONE>
  <LOCALTIME>2015-08-04 08:30</LOCALTIME>
  <REGION>GP_00</REGION>
  <COUNTRY>GP</COUNTRY>
  <PROXY>N</PROXY>
  <JAVASCRIPT>Y</JAVASCRIPT>
  <FLASH>Y</FLASH>
  <COOKIES>Y</COOKIES>
  <HTTP_COUNTRY>FR</HTTP_COUNTRY>
  <LANGUAGE>FR</LANGUAGE>
  <MOBILE_DEVICE>N</MOBILE_DEVICE>
  <MOBILE_TYPE></MOBILE_TYPE>
  <MOBILE_FORWARDER>N</MOBILE_FORWARDER>
  <VOICE_DEVICE>N</VOICE_DEVICE>
  <PC_REMOTE>N</PC_REMOTE>
  <RULES_TRIGGERED>4</RULES_TRIGGERED>
  <RULE_ID_0>330722</RULE_ID_0>
  <RULE_DESCRIPTION_0>GEO BIN and Device Country not equal (1pt)</RULE_DESCRIPTION_0>
  <RULE_ID_1>330724</RULE_ID_1>
  <RULE_DESCRIPTION_1>GEO Billing &lt;&gt; BIN Country (1pt)</RULE_DESCRIPTION_1>
  <RULE_ID_2>330730</RULE_ID_2>
  <RULE_DESCRIPTION_2>FRAUD_SCRD GEO Counter Triggered (5pts)</RULE_DESCRIPTION_2>
  <RULE_ID_3>330732</RULE_ID_3>
  <RULE_DESCRIPTION_3>FRAUD_SCRD Score less than 25 and Device Data present (-10pts)</RULE_DESCRIPTION_3>
  <COUNTERS_TRIGGERED>3</COUNTERS_TRIGGERED>
  <COUNTER_NAME_0>GEO</COUNTER_NAME_0>
  <COUNTER_VALUE_0>2</COUNTER_VALUE_0>
  <COUNTER_NAME_1>FRAUD_SCRD</COUNTER_NAME_1>
  <COUNTER_VALUE_1>5</COUNTER_VALUE_1>
  <COUNTER_NAME_2>FRAUD_SCORD</COUNTER_NAME_2>
  <COUNTER_VALUE_2>-10</COUNTER_VALUE_2>
  <REASON_CODE></REASON_CODE>
  <MASTERCARD></MASTERCARD>
  <DDFS>2015-08-03</DDFS>
  <DSR>1080x1920</DSR>
  <UAS>Mozilla/5.0 (Windows NT 6.3; WOW64) AppleWebKit/537.36 (KHTML, like Gecko) Chrome/44.0.2403.125 Safari/537.36</UAS>
  <BROWSER>Chrome 44.0.2403.125</BROWSER>
  <OS>Windows 8.1</OS>
  <PIP_IPAD></PIP_IPAD>
  <PIP_LAT></PIP_LAT>
  <PIP_LON></PIP_LON>
  <PIP_COUNTRY></PIP_COUNTRY>
  <PIP_REGION></PIP_REGION>
  <PIP_CITY></PIP_CITY>
  <PIP_ORG></PIP_ORG>
  <IP_IPAD>188.115.111.195</IP_IPAD>
  <IP_LAT>16.2667</IP_LAT>
  <IP_LON>-61.5833</IP_LON>
  <IP_COUNTRY>GP</IP_COUNTRY>
  <IP_REGION>UNKNOWN</IP_REGION>
  <IP_CITY>Baie-mahault</IP_CITY>
  <IP_ORG>OUTREMER TELECOM</IP_ORG>
  <WARNING_COUNT>0</WARNING_COUNT>
</RESPONSE>

2015-08-04T12:41:40Z
RequestParameter:  billNo: 9cf43d760ef840c1baf3f2af9c83fc99 | startTime:2015-08-04 12:41:40

2015-08-04T12:41:40Z
Array
(
    [MODE] => Q
    [FRMT] => XML
    [VERS] => 0630
    [MERC] => 680000
    [UDF[CUSTOMER_IPAD]] => 5.141.27.106
    [SESS] => adaf1361a8cb4f169255fb9485cdc020
    [ORDR] => 9cf43d760ef840c1baf3f2af9c83fc99
    [CURR] => USD
    [PENC] => KHASH
    [PTYP] => CARD
    [PTOK] => 477964YJWOY3R07B7L06
    [IPAD] => 5.141.27.106
    [MACK] => Y
    [AUTH] => A
    [PROD_DESC[0]] => Binary Trade
    [PROD_TYPE[0]] => Binary Trade
    [PROD_ITEM[0]] => SKU-BBR-BinaryTrade
    [PROD_QUANT[0]] => 1
    [PROD_PRICE[0]] => 200000
    [TOTL] => 200000
    [SITE] => VERT001
    [UDF[MERCHANT_ID]] => 20001MERBARBRO
    [NAME] => hanahmed  gulov
    [B2A1] => ??????? 14
    [B2CC] => RU
    [B2CI] => ?????????
    [B2PC] => 456078
    [B2PN] => +7 9191142228
    [B2ST] => RU
    [S2A1] => 
    [S2CC] => 
    [S2CI] => 
    [S2EM] => 
    [S2NM] =>  
    [S2PC] => 
    [S2PN] => 
    [S2ST] => 
    [SHTP] => 
    [CASH] => 2000
    [DOB] => 1977-05-31
    [GENDER] => M
    [EMAL] => aagulov@mail.ru
)


2015-08-04T12:41:41Z
ResponseParameter:  billNo: 9cf43d760ef840c1baf3f2af9c83fc99 | endTime:2015-08-04 12:41:41

2015-08-04T12:41:41Z
<?xml version="1.0" encoding="UTF-8"?>
<RESPONSE>
  <VERS>0630</VERS>
  <MODE>Q</MODE>
  <TRAN>38M00WZCQYGM</TRAN>
  <MERC>680000</MERC>
  <SESS>adaf1361a8cb4f169255fb9485cdc020</SESS>
  <ORDR>9cf43d760ef840c1baf3f2af9c83fc99</ORDR>
  <AUTO>A</AUTO>
  <SCOR>33</SCOR>
  <GEOX>RU</GEOX>
  <BRND>VISA</BRND>
  <REGN></REGN>
  <NETW>N</NETW>
  <KAPT>Y</KAPT>
  <CARDS>1</CARDS>
  <DEVICES>1</DEVICES>
  <EMAILS>1</EMAILS>
  <VELO>0</VELO>
  <VMAX>0</VMAX>
  <SITE>VERT001</SITE>
  <DEVICE_LAYERS>1E46F64B89.E9C861FD62.E5CFC3F1A8.C192007F89.E152CA6171</DEVICE_LAYERS>
  <FINGERPRINT>F52B6442863DCBF9D908BEB1241F263C</FINGERPRINT>
  <TIMEZONE>1140</TIMEZONE>
  <LOCALTIME>2015-08-04 17:42</LOCALTIME>
  <REGION></REGION>
  <COUNTRY>RU</COUNTRY>
  <PROXY>N</PROXY>
  <JAVASCRIPT>Y</JAVASCRIPT>
  <FLASH>Y</FLASH>
  <COOKIES>Y</COOKIES>
  <HTTP_COUNTRY>RU</HTTP_COUNTRY>
  <LANGUAGE>RU</LANGUAGE>
  <MOBILE_DEVICE>N</MOBILE_DEVICE>
  <MOBILE_TYPE></MOBILE_TYPE>
  <MOBILE_FORWARDER>N</MOBILE_FORWARDER>
  <VOICE_DEVICE>N</VOICE_DEVICE>
  <PC_REMOTE>N</PC_REMOTE>
  <RULES_TRIGGERED>2</RULES_TRIGGERED>
  <RULE_ID_0>330720</RULE_ID_0>
  <RULE_DESCRIPTION_0>GEO  Distance from Device to Billing &gt; 1000km (1pt)</RULE_DESCRIPTION_0>
  <RULE_ID_1>330730</RULE_ID_1>
  <RULE_DESCRIPTION_1>FRAUD_SCRD GEO Counter Triggered (5pts)</RULE_DESCRIPTION_1>
  <COUNTERS_TRIGGERED>2</COUNTERS_TRIGGERED>
  <COUNTER_NAME_0>GEO</COUNTER_NAME_0>
  <COUNTER_VALUE_0>1</COUNTER_VALUE_0>
  <COUNTER_NAME_1>FRAUD_SCRD</COUNTER_NAME_1>
  <COUNTER_VALUE_1>5</COUNTER_VALUE_1>
  <REASON_CODE></REASON_CODE>
  <MASTERCARD></MASTERCARD>
  <DDFS>2015-08-04</DDFS>
  <DSR>768x1360</DSR>
  <UAS>Mozilla/5.0 (Windows NT 6.2; rv:39.0) Gecko/20100101 Firefox/39.0</UAS>
  <BROWSER>Firefox 39.0</BROWSER>
  <OS>Windows 8</OS>
  <PIP_IPAD></PIP_IPAD>
  <PIP_LAT></PIP_LAT>
  <PIP_LON></PIP_LON>
  <PIP_COUNTRY></PIP_COUNTRY>
  <PIP_REGION></PIP_REGION>
  <PIP_CITY></PIP_CITY>
  <PIP_ORG></PIP_ORG>
  <IP_IPAD>5.141.27.106</IP_IPAD>
  <IP_LAT>55.75</IP_LAT>
  <IP_LON>37.6166</IP_LON>
  <IP_COUNTRY>RU</IP_COUNTRY>
  <IP_REGION>UNKNOWN</IP_REGION>
  <IP_CITY></IP_CITY>
  <IP_ORG>OJSC ROSTELECOM</IP_ORG>
  <WARNING_COUNT>0</WARNING_COUNT>
</RESPONSE>

2015-08-04T12:43:25Z
RequestParameter:  billNo: 2b098780d9e84c53af674da03f9f265b | startTime:2015-08-04 12:43:25

2015-08-04T12:43:25Z
Array
(
    [MODE] => Q
    [FRMT] => XML
    [VERS] => 0630
    [MERC] => 680000
    [UDF[CUSTOMER_IPAD]] => 5.141.27.106
    [SESS] => 50b34a6142c64ec8b318aefa234f873a
    [ORDR] => 2b098780d9e84c53af674da03f9f265b
    [CURR] => USD
    [PENC] => KHASH
    [PTYP] => CARD
    [PTOK] => 477964YJWOY3R07B7L06
    [IPAD] => 5.141.27.106
    [MACK] => Y
    [AUTH] => A
    [PROD_DESC[0]] => Binary Trade
    [PROD_TYPE[0]] => Binary Trade
    [PROD_ITEM[0]] => SKU-BBR-BinaryTrade
    [PROD_QUANT[0]] => 1
    [PROD_PRICE[0]] => 200000
    [TOTL] => 200000
    [SITE] => VERT001
    [UDF[MERCHANT_ID]] => 20001MERBARBRO
    [NAME] => Khanakhmed gyulov
    [B2A1] => ??????? 14
    [B2CC] => RU
    [B2CI] => ?????????
    [B2PC] => 456078
    [B2PN] => +7 9191142228
    [B2ST] => RU
    [S2A1] => 
    [S2CC] => 
    [S2CI] => 
    [S2EM] => 
    [S2NM] =>  
    [S2PC] => 
    [S2PN] => 
    [S2ST] => 
    [SHTP] => 
    [CASH] => 2000
    [DOB] => 1976-01-17
    [GENDER] => M
    [EMAL] => aagulov@mail.ru
)


2015-08-04T12:43:26Z
ResponseParameter:  billNo: 2b098780d9e84c53af674da03f9f265b | endTime:2015-08-04 12:43:26

2015-08-04T12:43:26Z
<?xml version="1.0" encoding="UTF-8"?>
<RESPONSE>
  <VERS>0630</VERS>
  <MODE>Q</MODE>
  <TRAN>38M00MDDQ8PQ</TRAN>
  <MERC>680000</MERC>
  <SESS>50b34a6142c64ec8b318aefa234f873a</SESS>
  <ORDR>2b098780d9e84c53af674da03f9f265b</ORDR>
  <AUTO>A</AUTO>
  <SCOR>33</SCOR>
  <GEOX>RU</GEOX>
  <BRND>VISA</BRND>
  <REGN></REGN>
  <NETW>N</NETW>
  <KAPT>Y</KAPT>
  <CARDS>1</CARDS>
  <DEVICES>1</DEVICES>
  <EMAILS>1</EMAILS>
  <VELO>0</VELO>
  <VMAX>0</VMAX>
  <SITE>VERT001</SITE>
  <DEVICE_LAYERS>1E46F64B89.E9C861FD62.E5CFC3F1A8.C192007F89.E152CA6171</DEVICE_LAYERS>
  <FINGERPRINT>F52B6442863DCBF9D908BEB1241F263C</FINGERPRINT>
  <TIMEZONE>1140</TIMEZONE>
  <LOCALTIME>2015-08-04 17:43</LOCALTIME>
  <REGION></REGION>
  <COUNTRY>RU</COUNTRY>
  <PROXY>N</PROXY>
  <JAVASCRIPT>Y</JAVASCRIPT>
  <FLASH>Y</FLASH>
  <COOKIES>Y</COOKIES>
  <HTTP_COUNTRY>RU</HTTP_COUNTRY>
  <LANGUAGE>RU</LANGUAGE>
  <MOBILE_DEVICE>N</MOBILE_DEVICE>
  <MOBILE_TYPE></MOBILE_TYPE>
  <MOBILE_FORWARDER>N</MOBILE_FORWARDER>
  <VOICE_DEVICE>N</VOICE_DEVICE>
  <PC_REMOTE>N</PC_REMOTE>
  <RULES_TRIGGERED>2</RULES_TRIGGERED>
  <RULE_ID_0>330720</RULE_ID_0>
  <RULE_DESCRIPTION_0>GEO  Distance from Device to Billing &gt; 1000km (1pt)</RULE_DESCRIPTION_0>
  <RULE_ID_1>330730</RULE_ID_1>
  <RULE_DESCRIPTION_1>FRAUD_SCRD GEO Counter Triggered (5pts)</RULE_DESCRIPTION_1>
  <COUNTERS_TRIGGERED>2</COUNTERS_TRIGGERED>
  <COUNTER_NAME_0>GEO</COUNTER_NAME_0>
  <COUNTER_VALUE_0>1</COUNTER_VALUE_0>
  <COUNTER_NAME_1>FRAUD_SCRD</COUNTER_NAME_1>
  <COUNTER_VALUE_1>5</COUNTER_VALUE_1>
  <REASON_CODE></REASON_CODE>
  <MASTERCARD></MASTERCARD>
  <DDFS>2015-08-04</DDFS>
  <DSR>768x1360</DSR>
  <UAS>Mozilla/5.0 (Windows NT 6.2; rv:39.0) Gecko/20100101 Firefox/39.0</UAS>
  <BROWSER>Firefox 39.0</BROWSER>
  <OS>Windows 8</OS>
  <PIP_IPAD></PIP_IPAD>
  <PIP_LAT></PIP_LAT>
  <PIP_LON></PIP_LON>
  <PIP_COUNTRY></PIP_COUNTRY>
  <PIP_REGION></PIP_REGION>
  <PIP_CITY></PIP_CITY>
  <PIP_ORG></PIP_ORG>
  <IP_IPAD>5.141.27.106</IP_IPAD>
  <IP_LAT>55.75</IP_LAT>
  <IP_LON>37.6166</IP_LON>
  <IP_COUNTRY>RU</IP_COUNTRY>
  <IP_REGION>UNKNOWN</IP_REGION>
  <IP_CITY></IP_CITY>
  <IP_ORG>OJSC ROSTELECOM</IP_ORG>
  <WARNING_COUNT>0</WARNING_COUNT>
</RESPONSE>

2015-08-04T12:55:44Z
RequestParameter:  billNo: xTeUQ1438692944 | startTime:2015-08-04 12:55:44

2015-08-04T12:55:44Z
Array
(
    [MODE] => P
    [FRMT] => XML
    [VERS] => 0630
    [MERC] => 680000
    [UDF[CUSTOMER_IPAD]] => 41.128.142.213
    [SESS] => xTeUQ1438692944
    [ORDR] => xTeUQ1438692944
    [CURR] => USD
    [PENC] => KHASH
    [PTYP] => CARD
    [PTOK] => 5116133K0PPJQMLVC42I
    [IPAD] => 10.0.0.1
    [MACK] => Y
    [AUTH] => A
    [PROD_DESC[0]] => 526297
100$
    [PROD_TYPE[0]] => alfa
    [PROD_ITEM[0]] => alfa
    [PROD_QUANT[0]] => 1
    [PROD_PRICE[0]] => 10000
    [TOTL] => 10000
    [SITE] => VERT001
    [UDF[MERCHANT_ID]] => 20001MERTITTRD
    [NAME] => mohmad yahai
    [B2A1] => egpyt
    [B2CC] => EG
    [B2CI] => egypt
    [B2PC] => 5869
    [B2PN] => 526297
    [B2ST] => egypt
    [S2A1] => 
    [S2CC] => 
    [S2CI] => 
    [S2EM] => 
    [S2NM] =>  
    [S2PC] => 
    [S2PN] => 
    [S2ST] => 
    [SHTP] => 
    [CASH] => 100
    [DOB] => 2015-08-31
    [GENDER] => M
    [EMAL] => mohmad@hotmail.com
    [ANID] => 526297
)


2015-08-04T12:55:46Z
ResponseParameter:  billNo: xTeUQ1438692944 | endTime:2015-08-04 12:55:46

2015-08-04T12:55:46Z
<?xml version="1.0" encoding="UTF-8"?>
<RESPONSE>
  <VERS>0630</VERS>
  <MODE>P</MODE>
  <TRAN>38M00HRQ1JNL</TRAN>
  <MERC>680000</MERC>
  <SESS>xTeUQ1438692944</SESS>
  <ORDR>xTeUQ1438692944</ORDR>
  <AUTO>A</AUTO>
  <SCOR>37</SCOR>
  <GEOX>US</GEOX>
  <BRND>MSTR</BRND>
  <REGN></REGN>
  <NETW>N</NETW>
  <KAPT>N</KAPT>
  <CARDS>2</CARDS>
  <DEVICES>1</DEVICES>
  <EMAILS>1</EMAILS>
  <VELO>0</VELO>
  <VMAX>0</VMAX>
  <RULES_TRIGGERED>0</RULES_TRIGGERED>
  <COUNTERS_TRIGGERED>0</COUNTERS_TRIGGERED>
  <REASON_CODE></REASON_CODE>
  <MASTERCARD></MASTERCARD>
  <DDFS></DDFS>
  <DSR></DSR>
  <UAS></UAS>
  <BROWSER></BROWSER>
  <OS></OS>
  <PIP_IPAD></PIP_IPAD>
  <PIP_LAT></PIP_LAT>
  <PIP_LON></PIP_LON>
  <PIP_COUNTRY></PIP_COUNTRY>
  <PIP_REGION></PIP_REGION>
  <PIP_CITY></PIP_CITY>
  <PIP_ORG></PIP_ORG>
  <IP_IPAD></IP_IPAD>
  <IP_LAT></IP_LAT>
  <IP_LON></IP_LON>
  <IP_COUNTRY></IP_COUNTRY>
  <IP_REGION></IP_REGION>
  <IP_CITY></IP_CITY>
  <IP_ORG></IP_ORG>
  <WARNING_COUNT>0</WARNING_COUNT>
</RESPONSE>

2015-08-04T14:31:41Z
RequestParameter:  billNo: a8b1973f71144d8a97f6e5482ccd6388 | startTime:2015-08-04 14:31:41

2015-08-04T14:31:41Z
Array
(
    [MODE] => P
    [FRMT] => XML
    [VERS] => 0630
    [MERC] => 680000
    [UDF[CUSTOMER_IPAD]] => 193.138.132.121
    [SESS] => a8b1973f71144d8a97f6e5482ccd6388
    [ORDR] => a8b1973f71144d8a97f6e5482ccd6388
    [CURR] => EUR
    [PENC] => KHASH
    [PTYP] => CARD
    [PTOK] => 427616Y8VOG0BZ193B3G
    [IPAD] => 10.0.0.1
    [MACK] => Y
    [AUTH] => A
    [PROD_DESC[0]] => Binary Trade
    [PROD_TYPE[0]] => Binary Trade
    [PROD_ITEM[0]] => SKU-HBR-BinaryTrade
    [PROD_QUANT[0]] => 1
    [PROD_PRICE[0]] => 10000
    [TOTL] => 10000
    [SITE] => VERT001
    [UDF[MERCHANT_ID]] => 20001MERHIBRO1
    [NAME] => Anatoliy Kusnetsov
    [B2A1] => GrazhdantskoyVojny5
    [B2CC] => RU
    [B2CI] => Ekaterinburg
    [B2PC] => 620137
    [B2PN] => +79126731206
    [B2ST] => RU
    [S2A1] => 
    [S2CC] => 
    [S2CI] => 
    [S2EM] => 
    [S2NM] =>  
    [S2PC] => 
    [S2PN] => 
    [S2ST] => 
    [SHTP] => 
    [CASH] => 100
    [DOB] => 2001-01-01
    [GENDER] => M
    [EMAL] => 79126731206@yandex.ru
    [ANID] => +79126731206
)


2015-08-04T14:31:42Z
ResponseParameter:  billNo: a8b1973f71144d8a97f6e5482ccd6388 | endTime:2015-08-04 14:31:42

2015-08-04T14:31:42Z
<?xml version="1.0" encoding="UTF-8"?>
<RESPONSE>
  <VERS>0630</VERS>
  <MODE>P</MODE>
  <TRAN>38MZ044ZL42Z</TRAN>
  <MERC>680000</MERC>
  <SESS>a8b1973f71144d8a97f6e5482ccd6388</SESS>
  <ORDR>a8b1973f71144d8a97f6e5482ccd6388</ORDR>
  <AUTO>A</AUTO>
  <SCOR>29</SCOR>
  <GEOX>US</GEOX>
  <BRND>VISA</BRND>
  <REGN></REGN>
  <NETW>N</NETW>
  <KAPT>N</KAPT>
  <CARDS>1</CARDS>
  <DEVICES>1</DEVICES>
  <EMAILS>1</EMAILS>
  <VELO>0</VELO>
  <VMAX>0</VMAX>
  <RULES_TRIGGERED>0</RULES_TRIGGERED>
  <COUNTERS_TRIGGERED>0</COUNTERS_TRIGGERED>
  <REASON_CODE></REASON_CODE>
  <MASTERCARD></MASTERCARD>
  <DDFS></DDFS>
  <DSR></DSR>
  <UAS></UAS>
  <BROWSER></BROWSER>
  <OS></OS>
  <PIP_IPAD></PIP_IPAD>
  <PIP_LAT></PIP_LAT>
  <PIP_LON></PIP_LON>
  <PIP_COUNTRY></PIP_COUNTRY>
  <PIP_REGION></PIP_REGION>
  <PIP_CITY></PIP_CITY>
  <PIP_ORG></PIP_ORG>
  <IP_IPAD></IP_IPAD>
  <IP_LAT></IP_LAT>
  <IP_LON></IP_LON>
  <IP_COUNTRY></IP_COUNTRY>
  <IP_REGION></IP_REGION>
  <IP_CITY></IP_CITY>
  <IP_ORG></IP_ORG>
  <WARNING_COUNT>0</WARNING_COUNT>
</RESPONSE>

2015-08-04T14:44:44Z
RequestParameter:  billNo: 323a6ae864f446c0829eedc5d05b5bc5 | startTime:2015-08-04 14:44:44

2015-08-04T14:44:44Z
Array
(
    [MODE] => P
    [FRMT] => XML
    [VERS] => 0630
    [MERC] => 680000
    [UDF[CUSTOMER_IPAD]] => 193.138.132.121
    [SESS] => 323a6ae864f446c0829eedc5d05b5bc5
    [ORDR] => 323a6ae864f446c0829eedc5d05b5bc5
    [CURR] => USD
    [PENC] => KHASH
    [PTYP] => CARD
    [PTOK] => 427616Y8VOG0BZ193B3G
    [IPAD] => 10.0.0.1
    [MACK] => Y
    [AUTH] => A
    [PROD_DESC[0]] => Binary Trade
    [PROD_TYPE[0]] => Binary Trade
    [PROD_ITEM[0]] => SKU-HBR-BinaryTrade
    [PROD_QUANT[0]] => 1
    [PROD_PRICE[0]] => 10000
    [TOTL] => 10000
    [SITE] => VERT001
    [UDF[MERCHANT_ID]] => 20001MERHIBRO
    [NAME] => Anatoliy Kuznetsov
    [B2A1] => GrazhdanskoyVojny5
    [B2CC] => RU
    [B2CI] => Ekaterynburg
    [B2PC] => 620137
    [B2PN] => +79126731206
    [B2ST] => RU
    [S2A1] => 
    [S2CC] => 
    [S2CI] => 
    [S2EM] => 
    [S2NM] =>  
    [S2PC] => 
    [S2PN] => 
    [S2ST] => 
    [SHTP] => 
    [CASH] => 100
    [DOB] => 1983-09-24
    [GENDER] => M
    [EMAL] => 79126731206@yandex.ru
    [ANID] => +79126731206
)


2015-08-04T14:44:46Z
ResponseParameter:  billNo: 323a6ae864f446c0829eedc5d05b5bc5 | endTime:2015-08-04 14:44:46

2015-08-04T14:44:46Z
<?xml version="1.0" encoding="UTF-8"?>
<RESPONSE>
  <VERS>0630</VERS>
  <MODE>P</MODE>
  <TRAN>38MZ0KMKZBCW</TRAN>
  <MERC>680000</MERC>
  <SESS>323a6ae864f446c0829eedc5d05b5bc5</SESS>
  <ORDR>323a6ae864f446c0829eedc5d05b5bc5</ORDR>
  <AUTO>A</AUTO>
  <SCOR>29</SCOR>
  <GEOX>US</GEOX>
  <BRND>VISA</BRND>
  <REGN></REGN>
  <NETW>N</NETW>
  <KAPT>N</KAPT>
  <CARDS>1</CARDS>
  <DEVICES>1</DEVICES>
  <EMAILS>1</EMAILS>
  <VELO>0</VELO>
  <VMAX>0</VMAX>
  <RULES_TRIGGERED>0</RULES_TRIGGERED>
  <COUNTERS_TRIGGERED>0</COUNTERS_TRIGGERED>
  <REASON_CODE></REASON_CODE>
  <MASTERCARD></MASTERCARD>
  <DDFS></DDFS>
  <DSR></DSR>
  <UAS></UAS>
  <BROWSER></BROWSER>
  <OS></OS>
  <PIP_IPAD></PIP_IPAD>
  <PIP_LAT></PIP_LAT>
  <PIP_LON></PIP_LON>
  <PIP_COUNTRY></PIP_COUNTRY>
  <PIP_REGION></PIP_REGION>
  <PIP_CITY></PIP_CITY>
  <PIP_ORG></PIP_ORG>
  <IP_IPAD></IP_IPAD>
  <IP_LAT></IP_LAT>
  <IP_LON></IP_LON>
  <IP_COUNTRY></IP_COUNTRY>
  <IP_REGION></IP_REGION>
  <IP_CITY></IP_CITY>
  <IP_ORG></IP_ORG>
  <WARNING_COUNT>0</WARNING_COUNT>
</RESPONSE>

2015-08-04T14:55:13Z
RequestParameter:  billNo: 34f6d6bfd61140f39c7f13319c2ef086 | startTime:2015-08-04 14:55:13

2015-08-04T14:55:13Z
Array
(
    [MODE] => Q
    [FRMT] => XML
    [VERS] => 0630
    [MERC] => 680000
    [UDF[CUSTOMER_IPAD]] => 193.138.132.121
    [SESS] => babb7a4864b74618948009096c34128d
    [ORDR] => 34f6d6bfd61140f39c7f13319c2ef086
    [CURR] => USD
    [PENC] => KHASH
    [PTYP] => CARD
    [PTOK] => 427616Y8VOG0BZ193B3G
    [IPAD] => 193.138.132.121
    [MACK] => Y
    [AUTH] => A
    [PROD_DESC[0]] => Binary Trade
    [PROD_TYPE[0]] => Binary Trade
    [PROD_ITEM[0]] => SKU-HBR-BinaryTrade
    [PROD_QUANT[0]] => 1
    [PROD_PRICE[0]] => 6000
    [TOTL] => 6000
    [SITE] => VERT001
    [UDF[MERCHANT_ID]] => 20001MERHIBRO
    [NAME] => Anatoliy Kusnetsoy
    [B2A1] => GrazhdanskoyVojny5
    [B2CC] => RU
    [B2CI] => Ekaterynburg
    [B2PC] => 620137
    [B2PN] => +79126731206
    [B2ST] => RU
    [S2A1] => 
    [S2CC] => 
    [S2CI] => 
    [S2EM] => 
    [S2NM] =>  
    [S2PC] => 
    [S2PN] => 
    [S2ST] => 
    [SHTP] => 
    [CASH] => 60
    [DOB] => 1988-03-06
    [GENDER] => M
    [EMAL] => 79126731206@yandex.ru
)


2015-08-04T14:55:14Z
ResponseParameter:  billNo: 34f6d6bfd61140f39c7f13319c2ef086 | endTime:2015-08-04 14:55:14

2015-08-04T14:55:14Z
<?xml version="1.0" encoding="UTF-8"?>
<RESPONSE>
  <VERS>0630</VERS>
  <MODE>Q</MODE>
  <TRAN>38MZ0ZKY82HN</TRAN>
  <MERC>680000</MERC>
  <SESS>babb7a4864b74618948009096c34128d</SESS>
  <ORDR>34f6d6bfd61140f39c7f13319c2ef086</ORDR>
  <AUTO>A</AUTO>
  <SCOR>31</SCOR>
  <GEOX>UA</GEOX>
  <BRND>VISA</BRND>
  <REGN>UA_24</REGN>
  <NETW>N</NETW>
  <KAPT>Y</KAPT>
  <CARDS>1</CARDS>
  <DEVICES>1</DEVICES>
  <EMAILS>1</EMAILS>
  <VELO>0</VELO>
  <VMAX>0</VMAX>
  <SITE>VERT001</SITE>
  <DEVICE_LAYERS>BA062F8B1A.40D5201CAA.0BCBD04AE2.E54C12F40D.D560BAD8DA</DEVICE_LAYERS>
  <FINGERPRINT>2684659FB042BEF17D69B5FE8EAF636F</FINGERPRINT>
  <TIMEZONE>1380</TIMEZONE>
  <LOCALTIME>2015-08-04 15:55</LOCALTIME>
  <REGION>UA_24</REGION>
  <COUNTRY>UA</COUNTRY>
  <PROXY>N</PROXY>
  <JAVASCRIPT>Y</JAVASCRIPT>
  <FLASH>Y</FLASH>
  <COOKIES>Y</COOKIES>
  <HTTP_COUNTRY>US</HTTP_COUNTRY>
  <LANGUAGE>EN</LANGUAGE>
  <MOBILE_DEVICE>N</MOBILE_DEVICE>
  <MOBILE_TYPE></MOBILE_TYPE>
  <MOBILE_FORWARDER>N</MOBILE_FORWARDER>
  <VOICE_DEVICE>N</VOICE_DEVICE>
  <PC_REMOTE>N</PC_REMOTE>
  <RULES_TRIGGERED>4</RULES_TRIGGERED>
  <RULE_ID_0>330718</RULE_ID_0>
  <RULE_DESCRIPTION_0>GEO Billing &lt;&gt; Device Country (1pt)</RULE_DESCRIPTION_0>
  <RULE_ID_1>330720</RULE_ID_1>
  <RULE_DESCRIPTION_1>GEO  Distance from Device to Billing &gt; 1000km (1pt)</RULE_DESCRIPTION_1>
  <RULE_ID_2>330722</RULE_ID_2>
  <RULE_DESCRIPTION_2>GEO BIN and Device Country not equal (1pt)</RULE_DESCRIPTION_2>
  <RULE_ID_3>330730</RULE_ID_3>
  <RULE_DESCRIPTION_3>FRAUD_SCRD GEO Counter Triggered (5pts)</RULE_DESCRIPTION_3>
  <COUNTERS_TRIGGERED>2</COUNTERS_TRIGGERED>
  <COUNTER_NAME_0>GEO</COUNTER_NAME_0>
  <COUNTER_VALUE_0>3</COUNTER_VALUE_0>
  <COUNTER_NAME_1>FRAUD_SCRD</COUNTER_NAME_1>
  <COUNTER_VALUE_1>5</COUNTER_VALUE_1>
  <REASON_CODE></REASON_CODE>
  <MASTERCARD></MASTERCARD>
  <DDFS>2015-04-25</DDFS>
  <DSR>768x1366</DSR>
  <UAS>Mozilla/5.0 (X11; Linux i686) AppleWebKit/537.36 (KHTML, like Gecko) Chrome/40.0.2214.111 Safari/537.36</UAS>
  <BROWSER>Chrome 40.0.2214.111</BROWSER>
  <OS>Linux i686</OS>
  <PIP_IPAD></PIP_IPAD>
  <PIP_LAT></PIP_LAT>
  <PIP_LON></PIP_LON>
  <PIP_COUNTRY></PIP_COUNTRY>
  <PIP_REGION></PIP_REGION>
  <PIP_CITY></PIP_CITY>
  <PIP_ORG></PIP_ORG>
  <IP_IPAD>193.138.132.121</IP_IPAD>
  <IP_LAT>50.7593</IP_LAT>
  <IP_LON>25.3424</IP_LON>
  <IP_COUNTRY>UA</IP_COUNTRY>
  <IP_REGION>Volynska Oblast</IP_REGION>
  <IP_CITY>Lutsk</IP_CITY>
  <IP_ORG>NASCHA MEREZHA LTD</IP_ORG>
  <WARNING_COUNT>0</WARNING_COUNT>
</RESPONSE>

2015-08-04T16:49:01Z
RequestParameter:  billNo: fghfiicibg | startTime:2015-08-04 16:49:01

2015-08-04T16:49:01Z
Array
(
    [MODE] => Q
    [FRMT] => XML
    [VERS] => 0630
    [MERC] => 680000
    [UDF[CUSTOMER_IPAD]] => 88.208.9.19
    [SESS] => gjb6uiozfkpvfvvcy12cyyh6gx634aoe
    [ORDR] => fghfiicibg
    [CURR] => EUR
    [PENC] => KHASH
    [PTYP] => CARD
    [PTOK] => 497547UGQDKQ9JQNUYEL
    [IPAD] => 88.208.9.19
    [MACK] => Y
    [AUTH] => A
    [PROD_DESC[0]] => Binary Trade
    [PROD_TYPE[0]] => Binary Trade
    [PROD_ITEM[0]] => SKU-BIFOMA-BinaryTrade
    [PROD_QUANT[0]] => 1
    [PROD_PRICE[0]] => 20000
    [TOTL] => 20000
    [SITE] => VERT001
    [UDF[MERCHANT_ID]] => 20001MERBIFOMA1
    [NAME] => dominique etienne
    [B2A1] => 6 rue de la seille
    [B2CC] => FR
    [B2CI] => MAXEVILLE
    [B2PC] => 54320
    [B2PN] => +33330632919225
    [B2ST] => MA
    [S2A1] => 
    [S2CC] => 
    [S2CI] => 
    [S2EM] => 
    [S2NM] =>  
    [S2PC] => 
    [S2PN] => 
    [S2ST] => 
    [SHTP] => 
    [CASH] => 200
    [DOB] => 1962-03-27
    [GENDER] => M
    [EMAL] => domiwraps@gmail.com
)


2015-08-04T16:49:03Z
ResponseParameter:  billNo: fghfiicibg | endTime:2015-08-04 16:49:03

2015-08-04T16:49:03Z
<?xml version="1.0" encoding="UTF-8"?>
<RESPONSE>
  <VERS>0630</VERS>
  <MODE>Q</MODE>
  <TRAN>38M607DY852R</TRAN>
  <MERC>680000</MERC>
  <SESS>gjb6uiozfkpvfvvcy12cyyh6gx634aoe</SESS>
  <ORDR>fghfiicibg</ORDR>
  <AUTO>A</AUTO>
  <SCOR>31</SCOR>
  <GEOX>FR</GEOX>
  <BRND>VISA</BRND>
  <REGN>FR_B2</REGN>
  <NETW>N</NETW>
  <KAPT>Y</KAPT>
  <CARDS>1</CARDS>
  <DEVICES>1</DEVICES>
  <EMAILS>1</EMAILS>
  <VELO>0</VELO>
  <VMAX>0</VMAX>
  <SITE>VERT001</SITE>
  <DEVICE_LAYERS>D96CF07D73.4B41D4C153.B2DB8D0F13.8354684CD2.D7EA891620</DEVICE_LAYERS>
  <FINGERPRINT>BB8B05BBD4412BB95BD14BF3A7C147D1</FINGERPRINT>
  <TIMEZONE>1320</TIMEZONE>
  <LOCALTIME>2015-08-04 18:49</LOCALTIME>
  <REGION>FR_B2</REGION>
  <COUNTRY>FR</COUNTRY>
  <PROXY>N</PROXY>
  <JAVASCRIPT>Y</JAVASCRIPT>
  <FLASH>Y</FLASH>
  <COOKIES>Y</COOKIES>
  <HTTP_COUNTRY>FR</HTTP_COUNTRY>
  <LANGUAGE>FR</LANGUAGE>
  <MOBILE_DEVICE>N</MOBILE_DEVICE>
  <MOBILE_TYPE></MOBILE_TYPE>
  <MOBILE_FORWARDER>N</MOBILE_FORWARDER>
  <VOICE_DEVICE>N</VOICE_DEVICE>
  <PC_REMOTE>N</PC_REMOTE>
  <RULES_TRIGGERED>0</RULES_TRIGGERED>
  <COUNTERS_TRIGGERED>0</COUNTERS_TRIGGERED>
  <REASON_CODE></REASON_CODE>
  <MASTERCARD></MASTERCARD>
  <DDFS>2015-08-04</DDFS>
  <DSR>1050x1680</DSR>
  <UAS>Mozilla/5.0 (Windows NT 10.0; WOW64) AppleWebKit/537.36 (KHTML, like Gecko) Chrome/44.0.2403.125 Safari/537.36</UAS>
  <BROWSER>Chrome 44.0.2403.125</BROWSER>
  <OS></OS>
  <PIP_IPAD></PIP_IPAD>
  <PIP_LAT></PIP_LAT>
  <PIP_LON></PIP_LON>
  <PIP_COUNTRY></PIP_COUNTRY>
  <PIP_REGION></PIP_REGION>
  <PIP_CITY></PIP_CITY>
  <PIP_ORG></PIP_ORG>
  <IP_IPAD>90.33.158.253</IP_IPAD>
  <IP_LAT>48.7342</IP_LAT>
  <IP_LON>7.056</IP_LON>
  <IP_COUNTRY>FR</IP_COUNTRY>
  <IP_REGION>Lorraine</IP_REGION>
  <IP_CITY>Sarrebourg</IP_CITY>
  <IP_ORG>ORANGE</IP_ORG>
  <WARNING_COUNT>0</WARNING_COUNT>
</RESPONSE>

2015-08-04T16:49:26Z
RequestParameter:  billNo: kbfkagdhkf | startTime:2015-08-04 16:49:26

2015-08-04T16:49:26Z
Array
(
    [MODE] => Q
    [FRMT] => XML
    [VERS] => 0630
    [MERC] => 680000
    [UDF[CUSTOMER_IPAD]] => 88.208.9.19
    [SESS] => gjb6uiozfkpvfvvcy12cyyh6gx634aoe
    [ORDR] => kbfkagdhkf
    [CURR] => EUR
    [PENC] => KHASH
    [PTYP] => CARD
    [PTOK] => 497547UGQDKQ9JQNUYEL
    [IPAD] => 88.208.9.19
    [MACK] => Y
    [AUTH] => A
    [PROD_DESC[0]] => Binary Trade
    [PROD_TYPE[0]] => Binary Trade
    [PROD_ITEM[0]] => SKU-BIFOMA-BinaryTrade
    [PROD_QUANT[0]] => 1
    [PROD_PRICE[0]] => 20000
    [TOTL] => 20000
    [SITE] => VERT001
    [UDF[MERCHANT_ID]] => 20001MERBIFOMA1
    [NAME] => dominique etienne
    [B2A1] => 6 rue de la seille
    [B2CC] => FR
    [B2CI] => MAXEVILLE
    [B2PC] => 54320
    [B2PN] => +33330632919225
    [B2ST] => MA
    [S2A1] => 
    [S2CC] => 
    [S2CI] => 
    [S2EM] => 
    [S2NM] =>  
    [S2PC] => 
    [S2PN] => 
    [S2ST] => 
    [SHTP] => 
    [CASH] => 200
    [DOB] => 1962-03-27
    [GENDER] => M
    [EMAL] => domiwraps@gmail.com
)


2015-08-04T16:49:27Z
ResponseParameter:  billNo: kbfkagdhkf | endTime:2015-08-04 16:49:27

2015-08-04T16:49:27Z
<?xml version="1.0" encoding="UTF-8"?>
<RESPONSE>
  <VERS>0630</VERS>
  <MODE>Q</MODE>
  <TRAN>38M60RPPW2KP</TRAN>
  <MERC>680000</MERC>
  <SESS>gjb6uiozfkpvfvvcy12cyyh6gx634aoe</SESS>
  <ORDR>kbfkagdhkf</ORDR>
  <AUTO>A</AUTO>
  <SCOR>31</SCOR>
  <GEOX>FR</GEOX>
  <BRND>VISA</BRND>
  <REGN>FR_B2</REGN>
  <NETW>N</NETW>
  <KAPT>Y</KAPT>
  <CARDS>1</CARDS>
  <DEVICES>1</DEVICES>
  <EMAILS>1</EMAILS>
  <VELO>0</VELO>
  <VMAX>0</VMAX>
  <SITE>VERT001</SITE>
  <DEVICE_LAYERS>D96CF07D73.4B41D4C153.B2DB8D0F13.8354684CD2.D7EA891620</DEVICE_LAYERS>
  <FINGERPRINT>BB8B05BBD4412BB95BD14BF3A7C147D1</FINGERPRINT>
  <TIMEZONE>1320</TIMEZONE>
  <LOCALTIME>2015-08-04 18:49</LOCALTIME>
  <REGION>FR_B2</REGION>
  <COUNTRY>FR</COUNTRY>
  <PROXY>N</PROXY>
  <JAVASCRIPT>Y</JAVASCRIPT>
  <FLASH>Y</FLASH>
  <COOKIES>Y</COOKIES>
  <HTTP_COUNTRY>FR</HTTP_COUNTRY>
  <LANGUAGE>FR</LANGUAGE>
  <MOBILE_DEVICE>N</MOBILE_DEVICE>
  <MOBILE_TYPE></MOBILE_TYPE>
  <MOBILE_FORWARDER>N</MOBILE_FORWARDER>
  <VOICE_DEVICE>N</VOICE_DEVICE>
  <PC_REMOTE>N</PC_REMOTE>
  <RULES_TRIGGERED>0</RULES_TRIGGERED>
  <COUNTERS_TRIGGERED>0</COUNTERS_TRIGGERED>
  <REASON_CODE></REASON_CODE>
  <MASTERCARD></MASTERCARD>
  <DDFS>2015-08-04</DDFS>
  <DSR>1050x1680</DSR>
  <UAS>Mozilla/5.0 (Windows NT 10.0; WOW64) AppleWebKit/537.36 (KHTML, like Gecko) Chrome/44.0.2403.125 Safari/537.36</UAS>
  <BROWSER>Chrome 44.0.2403.125</BROWSER>
  <OS></OS>
  <PIP_IPAD></PIP_IPAD>
  <PIP_LAT></PIP_LAT>
  <PIP_LON></PIP_LON>
  <PIP_COUNTRY></PIP_COUNTRY>
  <PIP_REGION></PIP_REGION>
  <PIP_CITY></PIP_CITY>
  <PIP_ORG></PIP_ORG>
  <IP_IPAD>90.33.158.253</IP_IPAD>
  <IP_LAT>48.7342</IP_LAT>
  <IP_LON>7.056</IP_LON>
  <IP_COUNTRY>FR</IP_COUNTRY>
  <IP_REGION>Lorraine</IP_REGION>
  <IP_CITY>Sarrebourg</IP_CITY>
  <IP_ORG>ORANGE</IP_ORG>
  <WARNING_COUNT>0</WARNING_COUNT>
</RESPONSE>

2015-08-04T16:50:03Z
RequestParameter:  billNo: eaifigfdej | startTime:2015-08-04 16:50:03

2015-08-04T16:50:03Z
Array
(
    [MODE] => Q
    [FRMT] => XML
    [VERS] => 0630
    [MERC] => 680000
    [UDF[CUSTOMER_IPAD]] => 88.208.9.19
    [SESS] => gjb6uiozfkpvfvvcy12cyyh6gx634aoe
    [ORDR] => eaifigfdej
    [CURR] => EUR
    [PENC] => KHASH
    [PTYP] => CARD
    [PTOK] => 497547UGQDKQ9JQNUYEL
    [IPAD] => 88.208.9.19
    [MACK] => Y
    [AUTH] => A
    [PROD_DESC[0]] => Binary Trade
    [PROD_TYPE[0]] => Binary Trade
    [PROD_ITEM[0]] => SKU-BIFOMA-BinaryTrade
    [PROD_QUANT[0]] => 1
    [PROD_PRICE[0]] => 20000
    [TOTL] => 20000
    [SITE] => VERT001
    [UDF[MERCHANT_ID]] => 20001MERBIFOMA1
    [NAME] => dominique etienne
    [B2A1] => 6 rue de la seille
    [B2CC] => FR
    [B2CI] => MAXEVILLE
    [B2PC] => 54320
    [B2PN] => +33330632919225
    [B2ST] => MA
    [S2A1] => 
    [S2CC] => 
    [S2CI] => 
    [S2EM] => 
    [S2NM] =>  
    [S2PC] => 
    [S2PN] => 
    [S2ST] => 
    [SHTP] => 
    [CASH] => 200
    [DOB] => 1962-03-27
    [GENDER] => M
    [EMAL] => domiwraps@gmail.com
)


2015-08-04T16:50:04Z
ResponseParameter:  billNo: eaifigfdej | endTime:2015-08-04 16:50:04

2015-08-04T16:50:04Z
<?xml version="1.0" encoding="UTF-8"?>
<RESPONSE>
  <VERS>0630</VERS>
  <MODE>Q</MODE>
  <TRAN>38M607R1H48X</TRAN>
  <MERC>680000</MERC>
  <SESS>gjb6uiozfkpvfvvcy12cyyh6gx634aoe</SESS>
  <ORDR>eaifigfdej</ORDR>
  <AUTO>A</AUTO>
  <SCOR>31</SCOR>
  <GEOX>FR</GEOX>
  <BRND>VISA</BRND>
  <REGN>FR_B2</REGN>
  <NETW>N</NETW>
  <KAPT>Y</KAPT>
  <CARDS>1</CARDS>
  <DEVICES>1</DEVICES>
  <EMAILS>1</EMAILS>
  <VELO>0</VELO>
  <VMAX>0</VMAX>
  <SITE>VERT001</SITE>
  <DEVICE_LAYERS>D96CF07D73.4B41D4C153.B2DB8D0F13.8354684CD2.D7EA891620</DEVICE_LAYERS>
  <FINGERPRINT>BB8B05BBD4412BB95BD14BF3A7C147D1</FINGERPRINT>
  <TIMEZONE>1320</TIMEZONE>
  <LOCALTIME>2015-08-04 18:50</LOCALTIME>
  <REGION>FR_B2</REGION>
  <COUNTRY>FR</COUNTRY>
  <PROXY>N</PROXY>
  <JAVASCRIPT>Y</JAVASCRIPT>
  <FLASH>Y</FLASH>
  <COOKIES>Y</COOKIES>
  <HTTP_COUNTRY>FR</HTTP_COUNTRY>
  <LANGUAGE>FR</LANGUAGE>
  <MOBILE_DEVICE>N</MOBILE_DEVICE>
  <MOBILE_TYPE></MOBILE_TYPE>
  <MOBILE_FORWARDER>N</MOBILE_FORWARDER>
  <VOICE_DEVICE>N</VOICE_DEVICE>
  <PC_REMOTE>N</PC_REMOTE>
  <RULES_TRIGGERED>0</RULES_TRIGGERED>
  <COUNTERS_TRIGGERED>0</COUNTERS_TRIGGERED>
  <REASON_CODE></REASON_CODE>
  <MASTERCARD></MASTERCARD>
  <DDFS>2015-08-04</DDFS>
  <DSR>1050x1680</DSR>
  <UAS>Mozilla/5.0 (Windows NT 10.0; WOW64) AppleWebKit/537.36 (KHTML, like Gecko) Chrome/44.0.2403.125 Safari/537.36</UAS>
  <BROWSER>Chrome 44.0.2403.125</BROWSER>
  <OS></OS>
  <PIP_IPAD></PIP_IPAD>
  <PIP_LAT></PIP_LAT>
  <PIP_LON></PIP_LON>
  <PIP_COUNTRY></PIP_COUNTRY>
  <PIP_REGION></PIP_REGION>
  <PIP_CITY></PIP_CITY>
  <PIP_ORG></PIP_ORG>
  <IP_IPAD>90.33.158.253</IP_IPAD>
  <IP_LAT>48.7342</IP_LAT>
  <IP_LON>7.056</IP_LON>
  <IP_COUNTRY>FR</IP_COUNTRY>
  <IP_REGION>Lorraine</IP_REGION>
  <IP_CITY>Sarrebourg</IP_CITY>
  <IP_ORG>ORANGE</IP_ORG>
  <WARNING_COUNT>0</WARNING_COUNT>
</RESPONSE>

