2015-09-02T06:18:41Z
RequestParameter:  billNo: 1441174717848 | startTime:2015-09-02 06:18:41

2015-09-02T06:18:41Z
https://www.pesopay.com/b2c2/eng/directPay/payComp.jsp?payType=N&merchantId=18139954&pMethod=VISA&lang=E&cardHolder=Marco%20Montaguti%20&cardNo=4************271&securityCode=***&epMonth=6&epYear=2019&amount=500&currCode=978&orderRef=1441174717848&remark=30258

2015-09-02T06:18:49Z
ResponseParameter:  billNo: 1441174717848 | endTime:2015-09-02 06:18:49

2015-09-02T06:18:49Z
successcode=1&Ref=1441174717848&PayRef=7899735&Amt=500.0&Cur=978&prc=1&src=7&Ord=&Holder=Marco Montaguti &AuthId=&TxTime=2015-09-02 14:18:47.0&errMsg=Transaction failed







2015-09-02T06:19:58Z
RequestParameter:  billNo: 1441174794831 | startTime:2015-09-02 06:19:58

2015-09-02T06:19:58Z
https://www.pesopay.com/b2c2/eng/directPay/payComp.jsp?payType=N&merchantId=18139954&pMethod=VISA&lang=E&cardHolder=MONTAGUTI%20MARCO&cardNo=4************271&securityCode=***&epMonth=6&epYear=2019&amount=500&currCode=978&orderRef=1441174794831&remark=30258

2015-09-02T06:20:00Z
ResponseParameter:  billNo: 1441174794831 | endTime:2015-09-02 06:20:00

2015-09-02T06:20:00Z
successcode=1&Ref=1441174794831&PayRef=7899740&Amt=500.0&Cur=978&prc=1&src=7&Ord=&Holder=MONTAGUTI MARCO&AuthId=&TxTime=2015-09-02 14:19:58.0&errMsg=Transaction failed







2015-09-02T08:28:46Z
RequestParameter:  billNo: d2713998623749cda090b8fb5bd2324c | startTime:2015-09-02 08:28:46

2015-09-02T08:28:46Z
https://www.pesopay.com/b2c2/eng/directPay/payComp.jsp?payType=N&merchantId=18139939&pMethod=VISA&lang=E&cardHolder=Olga%20Ishutina&cardNo=4************470&securityCode=***&epMonth=01&epYear=2017&amount=125&currCode=840&orderRef=d2713998623749cda090b8fb5bd2324c&remark=

2015-09-02T08:28:51Z
ResponseParameter:  billNo: d2713998623749cda090b8fb5bd2324c | endTime:2015-09-02 08:28:51

2015-09-02T08:28:51Z
successcode=1&Ref=d2713998623749cda090b8fb5bd2324c&PayRef=7900371&Amt=125.0&Cur=840&prc=1&src=7&Ord=&Holder=Olga Ishutina&AuthId=&TxTime=2015-09-02 16:28:50.0&errMsg=Transaction failed







2015-09-02T09:44:15Z
RequestParameter:  billNo: f6FTD1441187052 | startTime:2015-09-02 09:44:15

2015-09-02T09:44:15Z
https://www.pesopay.com/b2c2/eng/directPay/payComp.jsp?payType=N&merchantId=18139939&pMethod=VISA&lang=E&cardHolder=Ehksk%20jsdj&cardNo=4************753&securityCode=***&epMonth=08&epYear=2017&amount=250&currCode=840&orderRef=f6FTD1441187052&remark=530011

2015-09-02T09:44:20Z
ResponseParameter:  billNo: f6FTD1441187052 | endTime:2015-09-02 09:44:20

2015-09-02T09:44:20Z
successcode=1&Ref=f6FTD1441187052&PayRef=7900835&Amt=250.0&Cur=840&prc=1&src=7&Ord=&Holder=Ehksk jsdj&AuthId=&TxTime=2015-09-02 17:44:18.0&errMsg=Transaction failed







2015-09-02T14:02:07Z
RequestParameter:  billNo: 0c830bd3cb2e483192628781cdc970c9 | startTime:2015-09-02 14:02:07

2015-09-02T14:02:07Z
https://www.pesopay.com/b2c2/eng/directPay/payComp.jsp?payType=N&merchantId=18139954&pMethod=VISA&lang=E&cardHolder=Vincent%20PORTALIER&cardNo=4************608&securityCode=***&epMonth=10&epYear=2015&amount=363&currCode=978&orderRef=0c830bd3cb2e483192628781cdc970c9&remark=

2015-09-02T14:02:12Z
ResponseParameter:  billNo: 0c830bd3cb2e483192628781cdc970c9 | endTime:2015-09-02 14:02:12

2015-09-02T14:02:12Z
successcode=1&Ref=0c830bd3cb2e483192628781cdc970c9&PayRef=7901727&Amt=363.0&Cur=978&prc=1&src=7&Ord=&Holder=Vincent PORTALIER&AuthId=&TxTime=2015-09-02 22:02:10.0&errMsg=Transaction failed







2015-09-02T14:04:19Z
RequestParameter:  billNo: 81b6b6efef2047c4ac3aa0b23f250f99 | startTime:2015-09-02 14:04:19

2015-09-02T14:04:19Z
https://www.pesopay.com/b2c2/eng/directPay/payComp.jsp?payType=N&merchantId=18139954&pMethod=VISA&lang=E&cardHolder=Vincent%20PORTALIER&cardNo=4************608&securityCode=***&epMonth=10&epYear=2015&amount=363&currCode=978&orderRef=81b6b6efef2047c4ac3aa0b23f250f99&remark=

2015-09-02T14:04:25Z
ResponseParameter:  billNo: 81b6b6efef2047c4ac3aa0b23f250f99 | endTime:2015-09-02 14:04:25

2015-09-02T14:04:25Z
successcode=1&Ref=81b6b6efef2047c4ac3aa0b23f250f99&PayRef=7901740&Amt=363.0&Cur=978&prc=1&src=7&Ord=&Holder=Vincent PORTALIER&AuthId=&TxTime=2015-09-02 22:04:24.0&errMsg=Transaction failed







2015-09-02T14:04:59Z
RequestParameter:  billNo: 694708d9344241bab45338fa2a180a5e | startTime:2015-09-02 14:04:59

2015-09-02T14:04:59Z
https://www.pesopay.com/b2c2/eng/directPay/payComp.jsp?payType=N&merchantId=18139954&pMethod=VISA&lang=E&cardHolder=Vincent%20PORTALIER&cardNo=4************608&securityCode=***&epMonth=10&epYear=2016&amount=363&currCode=978&orderRef=694708d9344241bab45338fa2a180a5e&remark=

2015-09-02T14:05:03Z
ResponseParameter:  billNo: 694708d9344241bab45338fa2a180a5e | endTime:2015-09-02 14:05:03

2015-09-02T14:05:03Z
successcode=1&Ref=694708d9344241bab45338fa2a180a5e&PayRef=7901741&Amt=363.0&Cur=978&prc=1&src=7&Ord=&Holder=Vincent PORTALIER&AuthId=&TxTime=2015-09-02 22:05:00.0&errMsg=Transaction failed







2015-09-02T14:05:47Z
RequestParameter:  billNo: 7e6764055a5e41c8bb938f0f2ed3b228 | startTime:2015-09-02 14:05:47

2015-09-02T14:05:47Z
https://www.pesopay.com/b2c2/eng/directPay/payComp.jsp?payType=N&merchantId=18139954&pMethod=VISA&lang=E&cardHolder=Vincent%20PORTALIER&cardNo=4************608&securityCode=***&epMonth=10&epYear=2016&amount=363&currCode=978&orderRef=7e6764055a5e41c8bb938f0f2ed3b228&remark=

2015-09-02T14:05:50Z
ResponseParameter:  billNo: 7e6764055a5e41c8bb938f0f2ed3b228 | endTime:2015-09-02 14:05:50

2015-09-02T14:05:50Z
successcode=1&Ref=7e6764055a5e41c8bb938f0f2ed3b228&PayRef=7901742&Amt=363.0&Cur=978&prc=1&src=7&Ord=&Holder=Vincent PORTALIER&AuthId=&TxTime=2015-09-02 22:05:48.0&errMsg=Transaction failed







