2015-05-08T09:07:03Z


2015-05-08T09:07:03Z
RequestParameter:  billNo: dc8fb05d44c249db93b2d9db5a047cf7 | startTime:2015-05-08 09:07:03

2015-05-08T09:07:03Z
Array
(
    [reason[3H6M0H7VG18W]] => R1
    [note[3H6M0H7VG18W]] => *remarks: [] *psi method [refundapi] *trigger: [transaction refund]
)


2015-05-08T09:07:03Z
REFUND

2015-05-08T09:07:03Z
ResponseParameter:  billNo: dc8fb05d44c249db93b2d9db5a047cf7 | endTime:2015-05-08 09:07:03

2015-05-08T09:07:03Z


2015-05-08T09:07:46Z


2015-05-08T09:07:46Z
RequestParameter:  billNo: 6447339a946a4ca98f2a7c40b7758f7e | startTime:2015-05-08 09:07:46

2015-05-08T09:07:46Z
Array
(
    [reason[3HP1051THLJ6]] => R1
    [note[3HP1051THLJ6]] => *remarks: [] *psi method [refundapi] *trigger: [transaction refund]
)


2015-05-08T09:07:46Z
REFUND

2015-05-08T09:07:46Z
ResponseParameter:  billNo: 6447339a946a4ca98f2a7c40b7758f7e | endTime:2015-05-08 09:07:46

2015-05-08T09:07:46Z


2015-05-08T09:08:34Z


2015-05-08T09:08:34Z
RequestParameter:  billNo: 70aa413547064980948ebb1a184c8961 | startTime:2015-05-08 09:08:34

2015-05-08T09:08:34Z
Array
(
    [reason[3H7T0N31X70D]] => R1
    [note[3H7T0N31X70D]] => *remarks: [] *psi method [refundapi] *trigger: [transaction refund]
)


2015-05-08T09:08:34Z
REFUND

2015-05-08T09:08:34Z
ResponseParameter:  billNo: 70aa413547064980948ebb1a184c8961 | endTime:2015-05-08 09:08:34

2015-05-08T09:08:34Z


2015-05-08T09:09:06Z


2015-05-08T09:09:06Z
RequestParameter:  billNo: a7c166f6ad5c400480beb5df8b000d10 | startTime:2015-05-08 09:09:06

2015-05-08T09:09:06Z
Array
(
    [reason[3H7T0ZWR6WKD]] => R1
    [note[3H7T0ZWR6WKD]] => *remarks: [] *psi method [refundapi] *trigger: [transaction refund]
)


2015-05-08T09:09:06Z
REFUND

2015-05-08T09:09:06Z
ResponseParameter:  billNo: a7c166f6ad5c400480beb5df8b000d10 | endTime:2015-05-08 09:09:06

2015-05-08T09:09:06Z


2015-05-08T09:09:35Z


2015-05-08T09:09:35Z
RequestParameter:  billNo: 55ce502e30c6436c8d9bc3ba6cd0705d | startTime:2015-05-08 09:09:35

2015-05-08T09:09:35Z
Array
(
    [reason[3H7T0381Q009]] => R1
    [note[3H7T0381Q009]] => *remarks: [] *psi method [refundapi] *trigger: [transaction refund]
)


2015-05-08T09:09:35Z
REFUND

2015-05-08T09:09:35Z
ResponseParameter:  billNo: 55ce502e30c6436c8d9bc3ba6cd0705d | endTime:2015-05-08 09:09:35

2015-05-08T09:09:35Z


2015-05-08T09:10:05Z


2015-05-08T09:10:05Z
RequestParameter:  billNo: 996d0f494b074e6cba2d6b01e8b08be7 | startTime:2015-05-08 09:10:05

2015-05-08T09:10:05Z
Array
(
    [reason[3H7T04747GLC]] => R1
    [note[3H7T04747GLC]] => *remarks: [] *psi method [refundapi] *trigger: [transaction refund]
)


2015-05-08T09:10:05Z
REFUND

2015-05-08T09:10:05Z
ResponseParameter:  billNo: 996d0f494b074e6cba2d6b01e8b08be7 | endTime:2015-05-08 09:10:05

2015-05-08T09:10:05Z


2015-05-08T09:11:42Z


2015-05-08T09:11:42Z
RequestParameter:  billNo: 95e7dbfe876d45ccb7738f6294e36b11 | startTime:2015-05-08 09:11:42

2015-05-08T09:11:42Z
Array
(
    [reason[3HDW0GS74R57]] => R1
    [note[3HDW0GS74R57]] => *remarks: [] *psi method [refundapi] *trigger: [transaction refund]
)


2015-05-08T09:11:42Z
REFUND

2015-05-08T09:11:42Z
ResponseParameter:  billNo: 95e7dbfe876d45ccb7738f6294e36b11 | endTime:2015-05-08 09:11:42

2015-05-08T09:11:42Z


2015-05-08T09:18:34Z


2015-05-08T09:18:34Z
RequestParameter:  billNo: c451d4de5eb0417fab9b1a0cb48a3d0d | startTime:2015-05-08 09:18:34

2015-05-08T09:18:34Z
Array
(
    [reason[3H6J0JW42QM4]] => R1
    [note[3H6J0JW42QM4]] => *remarks: [] *psi method [refundapi] *trigger: [transaction refund]
)


2015-05-08T09:18:34Z
REFUND

2015-05-08T09:18:34Z
ResponseParameter:  billNo: c451d4de5eb0417fab9b1a0cb48a3d0d | endTime:2015-05-08 09:18:34

2015-05-08T09:18:34Z


2015-05-08T09:20:51Z


2015-05-08T09:20:51Z
RequestParameter:  billNo: d61cf5f7563f4884b086484f2a17fa28 | startTime:2015-05-08 09:20:51

2015-05-08T09:20:51Z
Array
(
    [reason[3HV10G8CNVR2]] => R1
    [note[3HV10G8CNVR2]] => *remarks: [] *psi method [refundapi] *trigger: [transaction refund]
)


2015-05-08T09:20:51Z
REFUND

2015-05-08T09:20:51Z
ResponseParameter:  billNo: d61cf5f7563f4884b086484f2a17fa28 | endTime:2015-05-08 09:20:51

2015-05-08T09:20:51Z


2015-05-08T09:22:08Z


2015-05-08T09:22:08Z
RequestParameter:  billNo: bcb2664864034705a819591f92d866bf | startTime:2015-05-08 09:22:08

2015-05-08T09:22:08Z
Array
(
    [reason[3HY50GLVQZNR]] => R1
    [note[3HY50GLVQZNR]] => *remarks: [] *psi method [refundapi] *trigger: [transaction refund]
)


2015-05-08T09:22:08Z
REFUND

2015-05-08T09:22:08Z
ResponseParameter:  billNo: bcb2664864034705a819591f92d866bf | endTime:2015-05-08 09:22:08

2015-05-08T09:22:08Z


