2015-06-25T06:58:59Z
RequestParameter:  billNo: 558ba6ac600c2 | startTime:2015-06-25 06:58:59

2015-06-25T06:58:59Z
Array
(
    [MODE] => U
    [FRMT] => XML
    [VERS] => 0630
    [MERC] => 680000
    [SESS] => 558ba6ac600c2
    [TRAN] => 3C8W024WXVTM
    [AUTH] => D
    [MACK] => Y
)


2015-06-25T06:59:00Z
ResponseParameter:  billNo: 558ba6ac600c2 | endTime:2015-06-25 06:59:00

2015-06-25T06:59:00Z
<?xml version="1.0" encoding="UTF-8"?>
<RESPONSE>
  <VERS>0630</VERS>
  <MODE>U</MODE>
  <TRAN>3C8W024WXVTM</TRAN>
  <MERC>680000</MERC>
  <SESS>558ba6ac600c2</SESS>
  <RULES_TRIGGERED>0</RULES_TRIGGERED>
  <COUNTERS_TRIGGERED>0</COUNTERS_TRIGGERED>
  <REASON_CODE></REASON_CODE>
  <MASTERCARD></MASTERCARD>
  <WARNING_COUNT>0</WARNING_COUNT>
</RESPONSE>

2015-06-25T07:16:04Z
RequestParameter:  billNo: 721cc6acefbd41b7ac3b2d7745a633df | startTime:2015-06-25 07:16:04

2015-06-25T07:16:04Z
Array
(
    [MODE] => U
    [FRMT] => XML
    [VERS] => 0630
    [MERC] => 680000
    [SESS] => 721cc6acefbd41b7ac3b2d7745a633df
    [TRAN] => 3HZX0JB36NWB
    [AUTH] => 
    [MACK] => Y
    [RFCB] => C
)


2015-06-25T07:16:05Z
ResponseParameter:  billNo: 721cc6acefbd41b7ac3b2d7745a633df | endTime:2015-06-25 07:16:05

2015-06-25T07:16:05Z
<?xml version="1.0" encoding="UTF-8"?>
<RESPONSE>
  <VERS>0630</VERS>
  <MODE>U</MODE>
  <TRAN>3HZX0JB36NWB</TRAN>
  <MERC>680000</MERC>
  <SESS>721cc6acefbd41b7ac3b2d7745a633df</SESS>
  <RULES_TRIGGERED>0</RULES_TRIGGERED>
  <COUNTERS_TRIGGERED>0</COUNTERS_TRIGGERED>
  <REASON_CODE></REASON_CODE>
  <MASTERCARD></MASTERCARD>
  <WARNING_COUNT>0</WARNING_COUNT>
</RESPONSE>

2015-06-25T07:17:15Z
RequestParameter:  billNo: 6498bfbe591c4dd1b12eee0b3322658a | startTime:2015-06-25 07:17:15

2015-06-25T07:17:15Z
Array
(
    [MODE] => U
    [FRMT] => XML
    [VERS] => 0630
    [MERC] => 680000
    [SESS] => 01bd760b1942461fbc414a108f04c4f6
    [TRAN] => 30ZK0SXJ3S3K
    [AUTH] => 
    [MACK] => Y
    [RFCB] => C
)


2015-06-25T07:17:16Z
ResponseParameter:  billNo: 6498bfbe591c4dd1b12eee0b3322658a | endTime:2015-06-25 07:17:16

2015-06-25T07:17:16Z
<?xml version="1.0" encoding="UTF-8"?>
<RESPONSE>
  <VERS>0630</VERS>
  <MODE>U</MODE>
  <TRAN>30ZK0SXJ3S3K</TRAN>
  <MERC>680000</MERC>
  <SESS>01bd760b1942461fbc414a108f04c4f6</SESS>
  <RULES_TRIGGERED>0</RULES_TRIGGERED>
  <COUNTERS_TRIGGERED>0</COUNTERS_TRIGGERED>
  <REASON_CODE></REASON_CODE>
  <MASTERCARD></MASTERCARD>
  <WARNING_COUNT>0</WARNING_COUNT>
</RESPONSE>

2015-06-25T07:21:15Z
RequestParameter:  billNo: t5QDm1435216869 | startTime:2015-06-25 07:21:15

2015-06-25T07:21:15Z
Array
(
    [MODE] => U
    [FRMT] => XML
    [VERS] => 0630
    [MERC] => 680000
    [SESS] => t5QDm1435216869
    [TRAN] => 3C8T0KR5VRL3
    [AUTH] => D
    [MACK] => Y
)


2015-06-25T07:21:16Z
ResponseParameter:  billNo: t5QDm1435216869 | endTime:2015-06-25 07:21:16

2015-06-25T07:21:16Z
<?xml version="1.0" encoding="UTF-8"?>
<RESPONSE>
  <VERS>0630</VERS>
  <MODE>U</MODE>
  <TRAN>3C8T0KR5VRL3</TRAN>
  <MERC>680000</MERC>
  <SESS>t5QDm1435216869</SESS>
  <RULES_TRIGGERED>0</RULES_TRIGGERED>
  <COUNTERS_TRIGGERED>0</COUNTERS_TRIGGERED>
  <REASON_CODE></REASON_CODE>
  <MASTERCARD></MASTERCARD>
  <WARNING_COUNT>0</WARNING_COUNT>
</RESPONSE>

2015-06-25T07:22:34Z
RequestParameter:  billNo: bill635708137149362276 | startTime:2015-06-25 07:22:34

2015-06-25T07:22:34Z
Array
(
    [MODE] => U
    [FRMT] => XML
    [VERS] => 0630
    [MERC] => 680000
    [SESS] => bill635708137149362276
    [TRAN] => 3C8T07G99828
    [AUTH] => D
    [MACK] => Y
)


2015-06-25T07:22:34Z
ResponseParameter:  billNo: bill635708137149362276 | endTime:2015-06-25 07:22:34

2015-06-25T07:22:34Z
<?xml version="1.0" encoding="UTF-8"?>
<RESPONSE>
  <VERS>0630</VERS>
  <MODE>U</MODE>
  <TRAN>3C8T07G99828</TRAN>
  <MERC>680000</MERC>
  <SESS>bill635708137149362276</SESS>
  <RULES_TRIGGERED>0</RULES_TRIGGERED>
  <COUNTERS_TRIGGERED>0</COUNTERS_TRIGGERED>
  <REASON_CODE></REASON_CODE>
  <MASTERCARD></MASTERCARD>
  <WARNING_COUNT>0</WARNING_COUNT>
</RESPONSE>

2015-06-25T07:22:35Z
RequestParameter:  billNo: 91d8dc87499d41eda8003c231a337304 | startTime:2015-06-25 07:22:35

2015-06-25T07:22:35Z
Array
(
    [MODE] => U
    [FRMT] => XML
    [VERS] => 0630
    [MERC] => 680000
    [SESS] => 226b3b848fcb485abf1f2676ba67ad8f
    [TRAN] => 3HP10BTC4N1K
    [AUTH] => 
    [MACK] => Y
    [RFCB] => C
)


2015-06-25T07:22:36Z
ResponseParameter:  billNo: 91d8dc87499d41eda8003c231a337304 | endTime:2015-06-25 07:22:36

2015-06-25T07:22:36Z
<?xml version="1.0" encoding="UTF-8"?>
<RESPONSE>
  <VERS>0630</VERS>
  <MODE>U</MODE>
  <TRAN>3HP10BTC4N1K</TRAN>
  <MERC>680000</MERC>
  <SESS>226b3b848fcb485abf1f2676ba67ad8f</SESS>
  <RULES_TRIGGERED>0</RULES_TRIGGERED>
  <COUNTERS_TRIGGERED>0</COUNTERS_TRIGGERED>
  <REASON_CODE></REASON_CODE>
  <MASTERCARD></MASTERCARD>
  <WARNING_COUNT>0</WARNING_COUNT>
</RESPONSE>

2015-06-25T07:26:42Z
RequestParameter:  billNo: 2a14bc733b03437d9817191a891aa868 | startTime:2015-06-25 07:26:42

2015-06-25T07:26:42Z
Array
(
    [MODE] => U
    [FRMT] => XML
    [VERS] => 0630
    [MERC] => 680000
    [SESS] => 2a14bc733b03437d9817191a891aa868
    [TRAN] => 3C8T0K0BQGPR
    [AUTH] => D
    [MACK] => Y
)


2015-06-25T07:26:43Z
ResponseParameter:  billNo: 2a14bc733b03437d9817191a891aa868 | endTime:2015-06-25 07:26:43

2015-06-25T07:26:43Z
<?xml version="1.0" encoding="UTF-8"?>
<RESPONSE>
  <VERS>0630</VERS>
  <MODE>U</MODE>
  <TRAN>3C8T0K0BQGPR</TRAN>
  <MERC>680000</MERC>
  <SESS>2a14bc733b03437d9817191a891aa868</SESS>
  <RULES_TRIGGERED>0</RULES_TRIGGERED>
  <COUNTERS_TRIGGERED>0</COUNTERS_TRIGGERED>
  <REASON_CODE></REASON_CODE>
  <MASTERCARD></MASTERCARD>
  <WARNING_COUNT>0</WARNING_COUNT>
</RESPONSE>

2015-06-25T07:28:40Z
RequestParameter:  billNo: 9722e25927c341de977fd76d5d0e83fa | startTime:2015-06-25 07:28:40

2015-06-25T07:28:40Z
Array
(
    [MODE] => U
    [FRMT] => XML
    [VERS] => 0630
    [MERC] => 680000
    [SESS] => 9722e25927c341de977fd76d5d0e83fa
    [TRAN] => 3C8T0TKWTZMT
    [AUTH] => D
    [MACK] => Y
)


2015-06-25T07:28:41Z
ResponseParameter:  billNo: 9722e25927c341de977fd76d5d0e83fa | endTime:2015-06-25 07:28:41

2015-06-25T07:28:41Z
<?xml version="1.0" encoding="UTF-8"?>
<RESPONSE>
  <VERS>0630</VERS>
  <MODE>U</MODE>
  <TRAN>3C8T0TKWTZMT</TRAN>
  <MERC>680000</MERC>
  <SESS>9722e25927c341de977fd76d5d0e83fa</SESS>
  <RULES_TRIGGERED>0</RULES_TRIGGERED>
  <COUNTERS_TRIGGERED>0</COUNTERS_TRIGGERED>
  <REASON_CODE></REASON_CODE>
  <MASTERCARD></MASTERCARD>
  <WARNING_COUNT>0</WARNING_COUNT>
</RESPONSE>

2015-06-25T07:30:07Z
RequestParameter:  billNo: 9439d5c796454560b4e3387e2b3ee7b5 | startTime:2015-06-25 07:30:07

2015-06-25T07:30:07Z
Array
(
    [MODE] => U
    [FRMT] => XML
    [VERS] => 0630
    [MERC] => 680000
    [SESS] => 9439d5c796454560b4e3387e2b3ee7b5
    [TRAN] => 3C8T0Z94JWVK
    [AUTH] => D
    [MACK] => Y
)


2015-06-25T07:30:08Z
ResponseParameter:  billNo: 9439d5c796454560b4e3387e2b3ee7b5 | endTime:2015-06-25 07:30:08

2015-06-25T07:30:08Z
<?xml version="1.0" encoding="UTF-8"?>
<RESPONSE>
  <VERS>0630</VERS>
  <MODE>U</MODE>
  <TRAN>3C8T0Z94JWVK</TRAN>
  <MERC>680000</MERC>
  <SESS>9439d5c796454560b4e3387e2b3ee7b5</SESS>
  <RULES_TRIGGERED>0</RULES_TRIGGERED>
  <COUNTERS_TRIGGERED>0</COUNTERS_TRIGGERED>
  <REASON_CODE></REASON_CODE>
  <MASTERCARD></MASTERCARD>
  <WARNING_COUNT>0</WARNING_COUNT>
</RESPONSE>

2015-06-25T07:53:00Z
RequestParameter:  billNo: c056f40d91134e829cad90d368d9ee5b | startTime:2015-06-25 07:53:00

2015-06-25T07:53:00Z
Array
(
    [MODE] => U
    [FRMT] => XML
    [VERS] => 0630
    [MERC] => 680000
    [SESS] => c056f40d91134e829cad90d368d9ee5b
    [TRAN] => 3C8T0YP0K6JY
    [AUTH] => D
    [MACK] => Y
)


2015-06-25T07:53:02Z
ResponseParameter:  billNo: c056f40d91134e829cad90d368d9ee5b | endTime:2015-06-25 07:53:02

2015-06-25T07:53:02Z
<?xml version="1.0" encoding="UTF-8"?>
<RESPONSE>
  <VERS>0630</VERS>
  <MODE>U</MODE>
  <TRAN>3C8T0YP0K6JY</TRAN>
  <MERC>680000</MERC>
  <SESS>c056f40d91134e829cad90d368d9ee5b</SESS>
  <RULES_TRIGGERED>0</RULES_TRIGGERED>
  <COUNTERS_TRIGGERED>0</COUNTERS_TRIGGERED>
  <REASON_CODE></REASON_CODE>
  <MASTERCARD></MASTERCARD>
  <WARNING_COUNT>0</WARNING_COUNT>
</RESPONSE>

2015-06-25T07:53:46Z
RequestParameter:  billNo: 91b33656be2d45689edddf77a39cd1d0 | startTime:2015-06-25 07:53:46

2015-06-25T07:53:46Z
Array
(
    [MODE] => U
    [FRMT] => XML
    [VERS] => 0630
    [MERC] => 680000
    [SESS] => 91b33656be2d45689edddf77a39cd1d0
    [TRAN] => 3C8T0CSQWK34
    [AUTH] => D
    [MACK] => Y
)


2015-06-25T07:53:46Z
ResponseParameter:  billNo: 91b33656be2d45689edddf77a39cd1d0 | endTime:2015-06-25 07:53:46

2015-06-25T07:53:46Z
<?xml version="1.0" encoding="UTF-8"?>
<RESPONSE>
  <VERS>0630</VERS>
  <MODE>U</MODE>
  <TRAN>3C8T0CSQWK34</TRAN>
  <MERC>680000</MERC>
  <SESS>91b33656be2d45689edddf77a39cd1d0</SESS>
  <RULES_TRIGGERED>0</RULES_TRIGGERED>
  <COUNTERS_TRIGGERED>0</COUNTERS_TRIGGERED>
  <REASON_CODE></REASON_CODE>
  <MASTERCARD></MASTERCARD>
  <WARNING_COUNT>0</WARNING_COUNT>
</RESPONSE>

2015-06-25T08:03:03Z
RequestParameter:  billNo: 2c3831d5100140a2bc7c760204639d94 | startTime:2015-06-25 08:03:03

2015-06-25T08:03:03Z
Array
(
    [MODE] => U
    [FRMT] => XML
    [VERS] => 0630
    [MERC] => 680000
    [SESS] => 2c3831d5100140a2bc7c760204639d94
    [TRAN] => 3C8Y0Z2W7LYK
    [AUTH] => D
    [MACK] => Y
)


2015-06-25T08:03:04Z
ResponseParameter:  billNo: 2c3831d5100140a2bc7c760204639d94 | endTime:2015-06-25 08:03:04

2015-06-25T08:03:04Z
<?xml version="1.0" encoding="UTF-8"?>
<RESPONSE>
  <VERS>0630</VERS>
  <MODE>U</MODE>
  <TRAN>3C8Y0Z2W7LYK</TRAN>
  <MERC>680000</MERC>
  <SESS>2c3831d5100140a2bc7c760204639d94</SESS>
  <RULES_TRIGGERED>0</RULES_TRIGGERED>
  <COUNTERS_TRIGGERED>0</COUNTERS_TRIGGERED>
  <REASON_CODE></REASON_CODE>
  <MASTERCARD></MASTERCARD>
  <WARNING_COUNT>0</WARNING_COUNT>
</RESPONSE>

2015-06-25T08:04:46Z
RequestParameter:  billNo: ce71421d816e464288edbfe1fb5618fd | startTime:2015-06-25 08:04:46

2015-06-25T08:04:46Z
Array
(
    [MODE] => U
    [FRMT] => XML
    [VERS] => 0630
    [MERC] => 680000
    [SESS] => ce71421d816e464288edbfe1fb5618fd
    [TRAN] => 3C8Y07QQJCST
    [AUTH] => D
    [MACK] => Y
)


2015-06-25T08:04:47Z
ResponseParameter:  billNo: ce71421d816e464288edbfe1fb5618fd | endTime:2015-06-25 08:04:47

2015-06-25T08:04:47Z
<?xml version="1.0" encoding="UTF-8"?>
<RESPONSE>
  <VERS>0630</VERS>
  <MODE>U</MODE>
  <TRAN>3C8Y07QQJCST</TRAN>
  <MERC>680000</MERC>
  <SESS>ce71421d816e464288edbfe1fb5618fd</SESS>
  <RULES_TRIGGERED>0</RULES_TRIGGERED>
  <COUNTERS_TRIGGERED>0</COUNTERS_TRIGGERED>
  <REASON_CODE></REASON_CODE>
  <MASTERCARD></MASTERCARD>
  <WARNING_COUNT>0</WARNING_COUNT>
</RESPONSE>

2015-06-25T08:07:17Z
RequestParameter:  billNo: bill635708163885267929 | startTime:2015-06-25 08:07:17

2015-06-25T08:07:17Z
Array
(
    [MODE] => U
    [FRMT] => XML
    [VERS] => 0630
    [MERC] => 680000
    [SESS] => bill635708163885267929
    [TRAN] => 3C8Y0VLCMR0V
    [AUTH] => D
    [MACK] => Y
)


2015-06-25T08:07:18Z
ResponseParameter:  billNo: bill635708163885267929 | endTime:2015-06-25 08:07:18

2015-06-25T08:07:18Z
<?xml version="1.0" encoding="UTF-8"?>
<RESPONSE>
  <VERS>0630</VERS>
  <MODE>U</MODE>
  <TRAN>3C8Y0VLCMR0V</TRAN>
  <MERC>680000</MERC>
  <SESS>bill635708163885267929</SESS>
  <RULES_TRIGGERED>0</RULES_TRIGGERED>
  <COUNTERS_TRIGGERED>0</COUNTERS_TRIGGERED>
  <REASON_CODE></REASON_CODE>
  <MASTERCARD></MASTERCARD>
  <WARNING_COUNT>0</WARNING_COUNT>
</RESPONSE>

2015-06-25T08:08:57Z
RequestParameter:  billNo: e3e49634ac454706ad7b1cdd90d32f5f | startTime:2015-06-25 08:08:57

2015-06-25T08:08:57Z
Array
(
    [MODE] => U
    [FRMT] => XML
    [VERS] => 0630
    [MERC] => 680000
    [SESS] => e3e49634ac454706ad7b1cdd90d32f5f
    [TRAN] => 3C8Y0Q8JKMSH
    [AUTH] => D
    [MACK] => Y
)


2015-06-25T08:08:59Z
ResponseParameter:  billNo: e3e49634ac454706ad7b1cdd90d32f5f | endTime:2015-06-25 08:08:59

2015-06-25T08:08:59Z
<?xml version="1.0" encoding="UTF-8"?>
<RESPONSE>
  <VERS>0630</VERS>
  <MODE>U</MODE>
  <TRAN>3C8Y0Q8JKMSH</TRAN>
  <MERC>680000</MERC>
  <SESS>e3e49634ac454706ad7b1cdd90d32f5f</SESS>
  <RULES_TRIGGERED>0</RULES_TRIGGERED>
  <COUNTERS_TRIGGERED>0</COUNTERS_TRIGGERED>
  <REASON_CODE></REASON_CODE>
  <MASTERCARD></MASTERCARD>
  <WARNING_COUNT>0</WARNING_COUNT>
</RESPONSE>

2015-06-25T08:10:21Z
RequestParameter:  billNo: dcbb749e06bf4892aefa106ee764a09f | startTime:2015-06-25 08:10:21

2015-06-25T08:10:21Z
Array
(
    [MODE] => U
    [FRMT] => XML
    [VERS] => 0630
    [MERC] => 680000
    [SESS] => dcbb749e06bf4892aefa106ee764a09f
    [TRAN] => 3HV60Y4K963D
    [AUTH] => 
    [MACK] => Y
    [RFCB] => C
)


2015-06-25T08:10:22Z
ResponseParameter:  billNo: dcbb749e06bf4892aefa106ee764a09f | endTime:2015-06-25 08:10:22

2015-06-25T08:10:22Z
<?xml version="1.0" encoding="UTF-8"?>
<RESPONSE>
  <VERS>0630</VERS>
  <MODE>U</MODE>
  <TRAN>3HV60Y4K963D</TRAN>
  <MERC>680000</MERC>
  <SESS>dcbb749e06bf4892aefa106ee764a09f</SESS>
  <RULES_TRIGGERED>0</RULES_TRIGGERED>
  <COUNTERS_TRIGGERED>0</COUNTERS_TRIGGERED>
  <REASON_CODE></REASON_CODE>
  <MASTERCARD></MASTERCARD>
  <WARNING_COUNT>0</WARNING_COUNT>
</RESPONSE>

2015-06-25T08:13:10Z
RequestParameter:  billNo: ec5cdcf6c5764b65af409a46051a1b5f | startTime:2015-06-25 08:13:10

2015-06-25T08:13:10Z
Array
(
    [MODE] => U
    [FRMT] => XML
    [VERS] => 0630
    [MERC] => 680000
    [SESS] => ec5cdcf6c5764b65af409a46051a1b5f
    [TRAN] => 3HW807Z9K7MG
    [AUTH] => 
    [MACK] => Y
    [RFCB] => C
)


2015-06-25T08:13:11Z
ResponseParameter:  billNo: ec5cdcf6c5764b65af409a46051a1b5f | endTime:2015-06-25 08:13:11

2015-06-25T08:13:11Z
<?xml version="1.0" encoding="UTF-8"?>
<RESPONSE>
  <VERS>0630</VERS>
  <MODE>U</MODE>
  <TRAN>3HW807Z9K7MG</TRAN>
  <MERC>680000</MERC>
  <SESS>ec5cdcf6c5764b65af409a46051a1b5f</SESS>
  <RULES_TRIGGERED>0</RULES_TRIGGERED>
  <COUNTERS_TRIGGERED>0</COUNTERS_TRIGGERED>
  <REASON_CODE></REASON_CODE>
  <MASTERCARD></MASTERCARD>
  <WARNING_COUNT>0</WARNING_COUNT>
</RESPONSE>

2015-06-25T08:14:11Z
RequestParameter:  billNo: 8ef16b7396ca4a129d33c2143557ea2e | startTime:2015-06-25 08:14:11

2015-06-25T08:14:11Z
Array
(
    [MODE] => U
    [FRMT] => XML
    [VERS] => 0630
    [MERC] => 680000
    [SESS] => 8ef16b7396ca4a129d33c2143557ea2e
    [TRAN] => 3HCG0K6KHHVS
    [AUTH] => 
    [MACK] => Y
    [RFCB] => C
)


2015-06-25T08:14:11Z
ResponseParameter:  billNo: 8ef16b7396ca4a129d33c2143557ea2e | endTime:2015-06-25 08:14:11

2015-06-25T08:14:11Z
<?xml version="1.0" encoding="UTF-8"?>
<RESPONSE>
  <VERS>0630</VERS>
  <MODE>U</MODE>
  <TRAN>3HCG0K6KHHVS</TRAN>
  <MERC>680000</MERC>
  <SESS>8ef16b7396ca4a129d33c2143557ea2e</SESS>
  <RULES_TRIGGERED>0</RULES_TRIGGERED>
  <COUNTERS_TRIGGERED>0</COUNTERS_TRIGGERED>
  <REASON_CODE></REASON_CODE>
  <MASTERCARD></MASTERCARD>
  <WARNING_COUNT>0</WARNING_COUNT>
</RESPONSE>

2015-06-25T08:29:49Z
RequestParameter:  billNo: hyVXz1431972351 | startTime:2015-06-25 08:29:49

2015-06-25T08:29:49Z
Array
(
    [MODE] => U
    [FRMT] => XML
    [VERS] => 0630
    [MERC] => 680000
    [SESS] => hyVXz1431972351
    [TRAN] => 30S30XNNDS5P
    [AUTH] => 
    [MACK] => Y
    [RFCB] => R
)


2015-06-25T08:29:50Z
ResponseParameter:  billNo: hyVXz1431972351 | endTime:2015-06-25 08:29:50

2015-06-25T08:29:50Z
<?xml version="1.0" encoding="UTF-8"?>
<RESPONSE>
  <VERS>0630</VERS>
  <MODE>U</MODE>
  <TRAN>30S30XNNDS5P</TRAN>
  <MERC>680000</MERC>
  <SESS>hyVXz1431972351</SESS>
  <RULES_TRIGGERED>0</RULES_TRIGGERED>
  <COUNTERS_TRIGGERED>0</COUNTERS_TRIGGERED>
  <REASON_CODE></REASON_CODE>
  <MASTERCARD></MASTERCARD>
  <WARNING_COUNT>0</WARNING_COUNT>
</RESPONSE>

2015-06-25T08:31:19Z
RequestParameter:  billNo: GLTg71431971276 | startTime:2015-06-25 08:31:19

2015-06-25T08:31:19Z
Array
(
    [MODE] => U
    [FRMT] => XML
    [VERS] => 0630
    [MERC] => 680000
    [SESS] => GLTg71431971276
    [TRAN] => 30S10PL33S9T
    [AUTH] => 
    [MACK] => Y
    [RFCB] => R
)


2015-06-25T08:31:19Z
ResponseParameter:  billNo: GLTg71431971276 | endTime:2015-06-25 08:31:19

2015-06-25T08:31:19Z
<?xml version="1.0" encoding="UTF-8"?>
<RESPONSE>
  <VERS>0630</VERS>
  <MODE>U</MODE>
  <TRAN>30S10PL33S9T</TRAN>
  <MERC>680000</MERC>
  <SESS>GLTg71431971276</SESS>
  <RULES_TRIGGERED>0</RULES_TRIGGERED>
  <COUNTERS_TRIGGERED>0</COUNTERS_TRIGGERED>
  <REASON_CODE></REASON_CODE>
  <MASTERCARD></MASTERCARD>
  <WARNING_COUNT>0</WARNING_COUNT>
</RESPONSE>

2015-06-25T08:47:00Z
RequestParameter:  billNo: 558bc001cb583 | startTime:2015-06-25 08:47:00

2015-06-25T08:47:00Z
Array
(
    [MODE] => U
    [FRMT] => XML
    [VERS] => 0630
    [MERC] => 680000
    [SESS] => 558bc001cb583
    [TRAN] => 3C8Y0VQS98N3
    [AUTH] => D
    [MACK] => Y
)


2015-06-25T08:47:01Z
ResponseParameter:  billNo: 558bc001cb583 | endTime:2015-06-25 08:47:01

2015-06-25T08:47:01Z
<?xml version="1.0" encoding="UTF-8"?>
<RESPONSE>
  <VERS>0630</VERS>
  <MODE>U</MODE>
  <TRAN>3C8Y0VQS98N3</TRAN>
  <MERC>680000</MERC>
  <SESS>558bc001cb583</SESS>
  <RULES_TRIGGERED>0</RULES_TRIGGERED>
  <COUNTERS_TRIGGERED>0</COUNTERS_TRIGGERED>
  <REASON_CODE></REASON_CODE>
  <MASTERCARD></MASTERCARD>
  <WARNING_COUNT>0</WARNING_COUNT>
</RESPONSE>

2015-06-25T08:49:14Z
RequestParameter:  billNo: d0d97383f9044ef78c200726b063c2cc | startTime:2015-06-25 08:49:14

2015-06-25T08:49:14Z
Array
(
    [MODE] => U
    [FRMT] => XML
    [VERS] => 0630
    [MERC] => 680000
    [SESS] => 21bd22bacbb14074bcf345f8f89d43ff
    [TRAN] => 3C8Y07RVHG9Z
    [AUTH] => D
    [MACK] => Y
)


2015-06-25T08:49:15Z
ResponseParameter:  billNo: d0d97383f9044ef78c200726b063c2cc | endTime:2015-06-25 08:49:15

2015-06-25T08:49:15Z
<?xml version="1.0" encoding="UTF-8"?>
<RESPONSE>
  <VERS>0630</VERS>
  <MODE>U</MODE>
  <TRAN>3C8Y07RVHG9Z</TRAN>
  <MERC>680000</MERC>
  <SESS>21bd22bacbb14074bcf345f8f89d43ff</SESS>
  <RULES_TRIGGERED>0</RULES_TRIGGERED>
  <COUNTERS_TRIGGERED>0</COUNTERS_TRIGGERED>
  <REASON_CODE></REASON_CODE>
  <MASTERCARD></MASTERCARD>
  <WARNING_COUNT>0</WARNING_COUNT>
</RESPONSE>

2015-06-25T08:55:55Z
RequestParameter:  billNo: b9ff0352c8ed4fdcb89da7894738122c | startTime:2015-06-25 08:55:55

2015-06-25T08:55:55Z
Array
(
    [MODE] => U
    [FRMT] => XML
    [VERS] => 0630
    [MERC] => 680000
    [SESS] => b9ff0352c8ed4fdcb89da7894738122c
    [TRAN] => 3CTG0378H2QC
    [AUTH] => 
    [MACK] => Y
    [RFCB] => R
)


2015-06-25T08:55:56Z
ResponseParameter:  billNo: b9ff0352c8ed4fdcb89da7894738122c | endTime:2015-06-25 08:55:56

2015-06-25T08:55:56Z
<?xml version="1.0" encoding="UTF-8"?>
<RESPONSE>
  <VERS>0630</VERS>
  <MODE>U</MODE>
  <TRAN>3CTG0378H2QC</TRAN>
  <MERC>680000</MERC>
  <SESS>b9ff0352c8ed4fdcb89da7894738122c</SESS>
  <RULES_TRIGGERED>0</RULES_TRIGGERED>
  <COUNTERS_TRIGGERED>0</COUNTERS_TRIGGERED>
  <REASON_CODE></REASON_CODE>
  <MASTERCARD></MASTERCARD>
  <WARNING_COUNT>0</WARNING_COUNT>
</RESPONSE>

2015-06-25T09:01:21Z
RequestParameter:  billNo: ed5fd56787464f108f822949114fa3e3 | startTime:2015-06-25 09:01:21

2015-06-25T09:01:21Z
Array
(
    [MODE] => U
    [FRMT] => XML
    [VERS] => 0630
    [MERC] => 680000
    [SESS] => ed5fd56787464f108f822949114fa3e3
    [TRAN] => 3CC80K3KJSZL
    [AUTH] => 
    [MACK] => Y
    [RFCB] => R
)


2015-06-25T09:01:22Z
ResponseParameter:  billNo: ed5fd56787464f108f822949114fa3e3 | endTime:2015-06-25 09:01:22

2015-06-25T09:01:22Z
<?xml version="1.0" encoding="UTF-8"?>
<RESPONSE>
  <VERS>0630</VERS>
  <MODE>U</MODE>
  <TRAN>3CC80K3KJSZL</TRAN>
  <MERC>680000</MERC>
  <SESS>ed5fd56787464f108f822949114fa3e3</SESS>
  <RULES_TRIGGERED>0</RULES_TRIGGERED>
  <COUNTERS_TRIGGERED>0</COUNTERS_TRIGGERED>
  <REASON_CODE></REASON_CODE>
  <MASTERCARD></MASTERCARD>
  <WARNING_COUNT>0</WARNING_COUNT>
</RESPONSE>

2015-06-25T09:08:37Z
RequestParameter:  billNo: 558bc510a1736 | startTime:2015-06-25 09:08:37

2015-06-25T09:08:37Z
Array
(
    [MODE] => U
    [FRMT] => XML
    [VERS] => 0630
    [MERC] => 680000
    [SESS] => 558bc510a1736
    [TRAN] => 3C8H0MRDPP4G
    [AUTH] => D
    [MACK] => Y
)


2015-06-25T09:08:38Z
ResponseParameter:  billNo: 558bc510a1736 | endTime:2015-06-25 09:08:38

2015-06-25T09:08:38Z
<?xml version="1.0" encoding="UTF-8"?>
<RESPONSE>
  <VERS>0630</VERS>
  <MODE>U</MODE>
  <TRAN>3C8H0MRDPP4G</TRAN>
  <MERC>680000</MERC>
  <SESS>558bc510a1736</SESS>
  <RULES_TRIGGERED>0</RULES_TRIGGERED>
  <COUNTERS_TRIGGERED>0</COUNTERS_TRIGGERED>
  <REASON_CODE></REASON_CODE>
  <MASTERCARD></MASTERCARD>
  <WARNING_COUNT>0</WARNING_COUNT>
</RESPONSE>

2015-06-25T09:12:13Z
RequestParameter:  billNo: 3f277eff7c4d4295b2b08c3434e22293 | startTime:2015-06-25 09:12:13

2015-06-25T09:12:13Z
Array
(
    [MODE] => U
    [FRMT] => XML
    [VERS] => 0630
    [MERC] => 680000
    [SESS] => 3f277eff7c4d4295b2b08c3434e22293
    [TRAN] => 3C8H0JQZ12MY
    [AUTH] => D
    [MACK] => Y
)


2015-06-25T09:12:14Z
ResponseParameter:  billNo: 3f277eff7c4d4295b2b08c3434e22293 | endTime:2015-06-25 09:12:14

2015-06-25T09:12:14Z
<?xml version="1.0" encoding="UTF-8"?>
<RESPONSE>
  <VERS>0630</VERS>
  <MODE>U</MODE>
  <TRAN>3C8H0JQZ12MY</TRAN>
  <MERC>680000</MERC>
  <SESS>3f277eff7c4d4295b2b08c3434e22293</SESS>
  <RULES_TRIGGERED>0</RULES_TRIGGERED>
  <COUNTERS_TRIGGERED>0</COUNTERS_TRIGGERED>
  <REASON_CODE></REASON_CODE>
  <MASTERCARD></MASTERCARD>
  <WARNING_COUNT>0</WARNING_COUNT>
</RESPONSE>

2015-06-25T09:13:26Z
RequestParameter:  billNo: af501bbe130a440fa17ead8d8600d4a3 | startTime:2015-06-25 09:13:26

2015-06-25T09:13:26Z
Array
(
    [MODE] => U
    [FRMT] => XML
    [VERS] => 0630
    [MERC] => 680000
    [SESS] => af501bbe130a440fa17ead8d8600d4a3
    [TRAN] => 3C8H0MQPL670
    [AUTH] => D
    [MACK] => Y
)


2015-06-25T09:13:27Z
ResponseParameter:  billNo: af501bbe130a440fa17ead8d8600d4a3 | endTime:2015-06-25 09:13:27

2015-06-25T09:13:27Z
<?xml version="1.0" encoding="UTF-8"?>
<RESPONSE>
  <VERS>0630</VERS>
  <MODE>U</MODE>
  <TRAN>3C8H0MQPL670</TRAN>
  <MERC>680000</MERC>
  <SESS>af501bbe130a440fa17ead8d8600d4a3</SESS>
  <RULES_TRIGGERED>0</RULES_TRIGGERED>
  <COUNTERS_TRIGGERED>0</COUNTERS_TRIGGERED>
  <REASON_CODE></REASON_CODE>
  <MASTERCARD></MASTERCARD>
  <WARNING_COUNT>0</WARNING_COUNT>
</RESPONSE>

2015-06-25T09:15:16Z
RequestParameter:  billNo: ee149f694c6e42f4bd7d20c0d74b7961 | startTime:2015-06-25 09:15:16

2015-06-25T09:15:16Z
Array
(
    [MODE] => U
    [FRMT] => XML
    [VERS] => 0630
    [MERC] => 680000
    [SESS] => ee149f694c6e42f4bd7d20c0d74b7961
    [TRAN] => 3C8H0HQ1Z0WZ
    [AUTH] => D
    [MACK] => Y
)


2015-06-25T09:15:17Z
ResponseParameter:  billNo: ee149f694c6e42f4bd7d20c0d74b7961 | endTime:2015-06-25 09:15:17

2015-06-25T09:15:17Z
<?xml version="1.0" encoding="UTF-8"?>
<RESPONSE>
  <VERS>0630</VERS>
  <MODE>U</MODE>
  <TRAN>3C8H0HQ1Z0WZ</TRAN>
  <MERC>680000</MERC>
  <SESS>ee149f694c6e42f4bd7d20c0d74b7961</SESS>
  <RULES_TRIGGERED>0</RULES_TRIGGERED>
  <COUNTERS_TRIGGERED>0</COUNTERS_TRIGGERED>
  <REASON_CODE></REASON_CODE>
  <MASTERCARD></MASTERCARD>
  <WARNING_COUNT>0</WARNING_COUNT>
</RESPONSE>

2015-06-25T09:15:55Z
RequestParameter:  billNo: c48b20e71f414fc39e3baf0fd75ff3c2 | startTime:2015-06-25 09:15:55

2015-06-25T09:15:55Z
Array
(
    [MODE] => U
    [FRMT] => XML
    [VERS] => 0630
    [MERC] => 680000
    [SESS] => c48b20e71f414fc39e3baf0fd75ff3c2
    [TRAN] => 3C8H0KTJ0VNK
    [AUTH] => D
    [MACK] => Y
)


2015-06-25T09:15:56Z
ResponseParameter:  billNo: c48b20e71f414fc39e3baf0fd75ff3c2 | endTime:2015-06-25 09:15:56

2015-06-25T09:15:56Z
<?xml version="1.0" encoding="UTF-8"?>
<RESPONSE>
  <VERS>0630</VERS>
  <MODE>U</MODE>
  <TRAN>3C8H0KTJ0VNK</TRAN>
  <MERC>680000</MERC>
  <SESS>c48b20e71f414fc39e3baf0fd75ff3c2</SESS>
  <RULES_TRIGGERED>0</RULES_TRIGGERED>
  <COUNTERS_TRIGGERED>0</COUNTERS_TRIGGERED>
  <REASON_CODE></REASON_CODE>
  <MASTERCARD></MASTERCARD>
  <WARNING_COUNT>0</WARNING_COUNT>
</RESPONSE>

2015-06-25T09:17:37Z
RequestParameter:  billNo: b4a333b8698f49e5aacedfdc73ba8aac | startTime:2015-06-25 09:17:37

2015-06-25T09:17:37Z
Array
(
    [MODE] => U
    [FRMT] => XML
    [VERS] => 0630
    [MERC] => 680000
    [SESS] => b4a333b8698f49e5aacedfdc73ba8aac
    [TRAN] => 3C8H0J5C9H43
    [AUTH] => D
    [MACK] => Y
)


2015-06-25T09:17:38Z
ResponseParameter:  billNo: b4a333b8698f49e5aacedfdc73ba8aac | endTime:2015-06-25 09:17:38

2015-06-25T09:17:38Z
<?xml version="1.0" encoding="UTF-8"?>
<RESPONSE>
  <VERS>0630</VERS>
  <MODE>U</MODE>
  <TRAN>3C8H0J5C9H43</TRAN>
  <MERC>680000</MERC>
  <SESS>b4a333b8698f49e5aacedfdc73ba8aac</SESS>
  <RULES_TRIGGERED>0</RULES_TRIGGERED>
  <COUNTERS_TRIGGERED>0</COUNTERS_TRIGGERED>
  <REASON_CODE></REASON_CODE>
  <MASTERCARD></MASTERCARD>
  <WARNING_COUNT>0</WARNING_COUNT>
</RESPONSE>

2015-06-25T09:45:26Z
RequestParameter:  billNo: kujmF1435225519 | startTime:2015-06-25 09:45:26

2015-06-25T09:45:26Z
Array
(
    [MODE] => U
    [FRMT] => XML
    [VERS] => 0630
    [MERC] => 680000
    [SESS] => kujmF1435225519
    [TRAN] => 3C8H0V5XSXN3
    [AUTH] => D
    [MACK] => Y
)


2015-06-25T09:45:28Z
ResponseParameter:  billNo: kujmF1435225519 | endTime:2015-06-25 09:45:28

2015-06-25T09:45:28Z
<?xml version="1.0" encoding="UTF-8"?>
<RESPONSE>
  <VERS>0630</VERS>
  <MODE>U</MODE>
  <TRAN>3C8H0V5XSXN3</TRAN>
  <MERC>680000</MERC>
  <SESS>kujmF1435225519</SESS>
  <RULES_TRIGGERED>0</RULES_TRIGGERED>
  <COUNTERS_TRIGGERED>0</COUNTERS_TRIGGERED>
  <REASON_CODE></REASON_CODE>
  <MASTERCARD></MASTERCARD>
  <WARNING_COUNT>0</WARNING_COUNT>
</RESPONSE>

2015-06-25T09:54:16Z
RequestParameter:  billNo: 414337911 | startTime:2015-06-25 09:54:16

2015-06-25T09:54:16Z
Array
(
    [MODE] => U
    [FRMT] => XML
    [VERS] => 0630
    [MERC] => 680000
    [SESS] => 414337911
    [TRAN] => 3C8H0SYK21V0
    [AUTH] => D
    [MACK] => Y
)


2015-06-25T09:54:17Z
ResponseParameter:  billNo: 414337911 | endTime:2015-06-25 09:54:17

2015-06-25T09:54:17Z
<?xml version="1.0" encoding="UTF-8"?>
<RESPONSE>
  <VERS>0630</VERS>
  <MODE>U</MODE>
  <TRAN>3C8H0SYK21V0</TRAN>
  <MERC>680000</MERC>
  <SESS>414337911</SESS>
  <RULES_TRIGGERED>0</RULES_TRIGGERED>
  <COUNTERS_TRIGGERED>0</COUNTERS_TRIGGERED>
  <REASON_CODE></REASON_CODE>
  <MASTERCARD></MASTERCARD>
  <WARNING_COUNT>0</WARNING_COUNT>
</RESPONSE>

2015-06-25T10:04:32Z
RequestParameter:  billNo: 0162d8b53db04053a3c5ea87b508b8ee | startTime:2015-06-25 10:04:32

2015-06-25T10:04:32Z
Array
(
    [MODE] => U
    [FRMT] => XML
    [VERS] => 0630
    [MERC] => 680000
    [SESS] => 0162d8b53db04053a3c5ea87b508b8ee
    [TRAN] => 3C8006QL9XNT
    [AUTH] => D
    [MACK] => Y
)


2015-06-25T10:04:33Z
ResponseParameter:  billNo: 0162d8b53db04053a3c5ea87b508b8ee | endTime:2015-06-25 10:04:33

2015-06-25T10:04:33Z
<?xml version="1.0" encoding="UTF-8"?>
<RESPONSE>
  <VERS>0630</VERS>
  <MODE>U</MODE>
  <TRAN>3C8006QL9XNT</TRAN>
  <MERC>680000</MERC>
  <SESS>0162d8b53db04053a3c5ea87b508b8ee</SESS>
  <RULES_TRIGGERED>0</RULES_TRIGGERED>
  <COUNTERS_TRIGGERED>0</COUNTERS_TRIGGERED>
  <REASON_CODE></REASON_CODE>
  <MASTERCARD></MASTERCARD>
  <WARNING_COUNT>0</WARNING_COUNT>
</RESPONSE>

2015-06-25T10:06:22Z
RequestParameter:  billNo: bill635708234296295030 | startTime:2015-06-25 10:06:22

2015-06-25T10:06:22Z
Array
(
    [MODE] => U
    [FRMT] => XML
    [VERS] => 0630
    [MERC] => 680000
    [SESS] => bill635708234296295030
    [TRAN] => 3C800JVBVTJP
    [AUTH] => D
    [MACK] => Y
)


2015-06-25T10:06:22Z
ResponseParameter:  billNo: bill635708234296295030 | endTime:2015-06-25 10:06:22

2015-06-25T10:06:22Z
<?xml version="1.0" encoding="UTF-8"?>
<RESPONSE>
  <VERS>0630</VERS>
  <MODE>U</MODE>
  <TRAN>3C800JVBVTJP</TRAN>
  <MERC>680000</MERC>
  <SESS>bill635708234296295030</SESS>
  <RULES_TRIGGERED>0</RULES_TRIGGERED>
  <COUNTERS_TRIGGERED>0</COUNTERS_TRIGGERED>
  <REASON_CODE></REASON_CODE>
  <MASTERCARD></MASTERCARD>
  <WARNING_COUNT>0</WARNING_COUNT>
</RESPONSE>

2015-06-25T10:10:18Z
RequestParameter:  billNo: bill635708237390199402 | startTime:2015-06-25 10:10:18

2015-06-25T10:10:18Z
Array
(
    [MODE] => U
    [FRMT] => XML
    [VERS] => 0630
    [MERC] => 680000
    [SESS] => bill635708237390199402
    [TRAN] => 3C800G597BB6
    [AUTH] => D
    [MACK] => Y
)


2015-06-25T10:10:18Z
ResponseParameter:  billNo: bill635708237390199402 | endTime:2015-06-25 10:10:18

2015-06-25T10:10:18Z
<?xml version="1.0" encoding="UTF-8"?>
<RESPONSE>
  <VERS>0630</VERS>
  <MODE>U</MODE>
  <TRAN>3C800G597BB6</TRAN>
  <MERC>680000</MERC>
  <SESS>bill635708237390199402</SESS>
  <RULES_TRIGGERED>0</RULES_TRIGGERED>
  <COUNTERS_TRIGGERED>0</COUNTERS_TRIGGERED>
  <REASON_CODE></REASON_CODE>
  <MASTERCARD></MASTERCARD>
  <WARNING_COUNT>0</WARNING_COUNT>
</RESPONSE>

2015-06-25T10:11:01Z
RequestParameter:  billNo: 558bd3b5dc3b5 | startTime:2015-06-25 10:11:01

2015-06-25T10:11:01Z
Array
(
    [MODE] => U
    [FRMT] => XML
    [VERS] => 0630
    [MERC] => 680000
    [SESS] => 558bd3b5dc3b5
    [TRAN] => 3C8001G2CJCV
    [AUTH] => D
    [MACK] => Y
)


2015-06-25T10:11:02Z
ResponseParameter:  billNo: 558bd3b5dc3b5 | endTime:2015-06-25 10:11:02

2015-06-25T10:11:02Z
<?xml version="1.0" encoding="UTF-8"?>
<RESPONSE>
  <VERS>0630</VERS>
  <MODE>U</MODE>
  <TRAN>3C8001G2CJCV</TRAN>
  <MERC>680000</MERC>
  <SESS>558bd3b5dc3b5</SESS>
  <RULES_TRIGGERED>0</RULES_TRIGGERED>
  <COUNTERS_TRIGGERED>0</COUNTERS_TRIGGERED>
  <REASON_CODE></REASON_CODE>
  <MASTERCARD></MASTERCARD>
  <WARNING_COUNT>0</WARNING_COUNT>
</RESPONSE>

2015-06-25T10:13:58Z
RequestParameter:  billNo: 43074c5db3e644ab80941717a08e3968 | startTime:2015-06-25 10:13:58

2015-06-25T10:13:58Z
Array
(
    [MODE] => U
    [FRMT] => XML
    [VERS] => 0630
    [MERC] => 680000
    [SESS] => 43074c5db3e644ab80941717a08e3968
    [TRAN] => 3C800PGL4380
    [AUTH] => D
    [MACK] => Y
)


2015-06-25T10:13:59Z
ResponseParameter:  billNo: 43074c5db3e644ab80941717a08e3968 | endTime:2015-06-25 10:13:59

2015-06-25T10:13:59Z
<?xml version="1.0" encoding="UTF-8"?>
<RESPONSE>
  <VERS>0630</VERS>
  <MODE>U</MODE>
  <TRAN>3C800PGL4380</TRAN>
  <MERC>680000</MERC>
  <SESS>43074c5db3e644ab80941717a08e3968</SESS>
  <RULES_TRIGGERED>0</RULES_TRIGGERED>
  <COUNTERS_TRIGGERED>0</COUNTERS_TRIGGERED>
  <REASON_CODE></REASON_CODE>
  <MASTERCARD></MASTERCARD>
  <WARNING_COUNT>0</WARNING_COUNT>
</RESPONSE>

2015-06-25T10:14:59Z
RequestParameter:  billNo: 558bd49fb2f7a | startTime:2015-06-25 10:14:59

2015-06-25T10:14:59Z
Array
(
    [MODE] => U
    [FRMT] => XML
    [VERS] => 0630
    [MERC] => 680000
    [SESS] => 558bd49fb2f7a
    [TRAN] => 3C800KB6XD5B
    [AUTH] => D
    [MACK] => Y
)


2015-06-25T10:15:00Z
ResponseParameter:  billNo: 558bd49fb2f7a | endTime:2015-06-25 10:15:00

2015-06-25T10:15:00Z
<?xml version="1.0" encoding="UTF-8"?>
<RESPONSE>
  <VERS>0630</VERS>
  <MODE>U</MODE>
  <TRAN>3C800KB6XD5B</TRAN>
  <MERC>680000</MERC>
  <SESS>558bd49fb2f7a</SESS>
  <RULES_TRIGGERED>0</RULES_TRIGGERED>
  <COUNTERS_TRIGGERED>0</COUNTERS_TRIGGERED>
  <REASON_CODE></REASON_CODE>
  <MASTERCARD></MASTERCARD>
  <WARNING_COUNT>0</WARNING_COUNT>
</RESPONSE>

2015-06-25T10:25:52Z
RequestParameter:  billNo: 5f3aecacbc4846a096b7e3a4befa17af | startTime:2015-06-25 10:25:52

2015-06-25T10:25:52Z
Array
(
    [MODE] => U
    [FRMT] => XML
    [VERS] => 0630
    [MERC] => 680000
    [SESS] => 5f3aecacbc4846a096b7e3a4befa17af
    [TRAN] => 3C800BX91WHN
    [AUTH] => D
    [MACK] => Y
)


2015-06-25T10:25:52Z
ResponseParameter:  billNo: 5f3aecacbc4846a096b7e3a4befa17af | endTime:2015-06-25 10:25:52

2015-06-25T10:25:52Z
<?xml version="1.0" encoding="UTF-8"?>
<RESPONSE>
  <VERS>0630</VERS>
  <MODE>U</MODE>
  <TRAN>3C800BX91WHN</TRAN>
  <MERC>680000</MERC>
  <SESS>5f3aecacbc4846a096b7e3a4befa17af</SESS>
  <RULES_TRIGGERED>0</RULES_TRIGGERED>
  <COUNTERS_TRIGGERED>0</COUNTERS_TRIGGERED>
  <REASON_CODE></REASON_CODE>
  <MASTERCARD></MASTERCARD>
  <WARNING_COUNT>0</WARNING_COUNT>
</RESPONSE>

2015-06-25T10:28:09Z
RequestParameter:  billNo: be394c63c83841d9b4fabd3471fd0ecc | startTime:2015-06-25 10:28:09

2015-06-25T10:28:09Z
Array
(
    [MODE] => U
    [FRMT] => XML
    [VERS] => 0630
    [MERC] => 680000
    [SESS] => be394c63c83841d9b4fabd3471fd0ecc
    [TRAN] => 3C800QBK9PPY
    [AUTH] => D
    [MACK] => Y
)


2015-06-25T10:28:09Z
ResponseParameter:  billNo: be394c63c83841d9b4fabd3471fd0ecc | endTime:2015-06-25 10:28:09

2015-06-25T10:28:09Z
<?xml version="1.0" encoding="UTF-8"?>
<RESPONSE>
  <VERS>0630</VERS>
  <MODE>U</MODE>
  <TRAN>3C800QBK9PPY</TRAN>
  <MERC>680000</MERC>
  <SESS>be394c63c83841d9b4fabd3471fd0ecc</SESS>
  <RULES_TRIGGERED>0</RULES_TRIGGERED>
  <COUNTERS_TRIGGERED>0</COUNTERS_TRIGGERED>
  <REASON_CODE></REASON_CODE>
  <MASTERCARD></MASTERCARD>
  <WARNING_COUNT>0</WARNING_COUNT>
</RESPONSE>

2015-06-25T10:33:56Z
RequestParameter:  billNo: 89cbbf40b82343f480457c92dbd77998 | startTime:2015-06-25 10:33:56

2015-06-25T10:33:56Z
Array
(
    [MODE] => U
    [FRMT] => XML
    [VERS] => 0630
    [MERC] => 680000
    [SESS] => 89cbbf40b82343f480457c92dbd77998
    [TRAN] => 3C800RZ0948Z
    [AUTH] => D
    [MACK] => Y
)


2015-06-25T10:33:57Z
ResponseParameter:  billNo: 89cbbf40b82343f480457c92dbd77998 | endTime:2015-06-25 10:33:57

2015-06-25T10:33:57Z
<?xml version="1.0" encoding="UTF-8"?>
<RESPONSE>
  <VERS>0630</VERS>
  <MODE>U</MODE>
  <TRAN>3C800RZ0948Z</TRAN>
  <MERC>680000</MERC>
  <SESS>89cbbf40b82343f480457c92dbd77998</SESS>
  <RULES_TRIGGERED>0</RULES_TRIGGERED>
  <COUNTERS_TRIGGERED>0</COUNTERS_TRIGGERED>
  <REASON_CODE></REASON_CODE>
  <MASTERCARD></MASTERCARD>
  <WARNING_COUNT>0</WARNING_COUNT>
</RESPONSE>

2015-06-25T10:41:29Z
RequestParameter:  billNo: 58a3dc10c5a049e4b450a9b05e4836d2 | startTime:2015-06-25 10:41:29

2015-06-25T10:41:29Z
Array
(
    [MODE] => U
    [FRMT] => XML
    [VERS] => 0630
    [MERC] => 680000
    [SESS] => 58a3dc10c5a049e4b450a9b05e4836d2
    [TRAN] => 3C800JD4VMCC
    [AUTH] => D
    [MACK] => Y
)


2015-06-25T10:41:31Z
ResponseParameter:  billNo: 58a3dc10c5a049e4b450a9b05e4836d2 | endTime:2015-06-25 10:41:31

2015-06-25T10:41:31Z
<?xml version="1.0" encoding="UTF-8"?>
<RESPONSE>
  <VERS>0630</VERS>
  <MODE>U</MODE>
  <TRAN>3C800JD4VMCC</TRAN>
  <MERC>680000</MERC>
  <SESS>58a3dc10c5a049e4b450a9b05e4836d2</SESS>
  <RULES_TRIGGERED>0</RULES_TRIGGERED>
  <COUNTERS_TRIGGERED>0</COUNTERS_TRIGGERED>
  <REASON_CODE></REASON_CODE>
  <MASTERCARD></MASTERCARD>
  <WARNING_COUNT>0</WARNING_COUNT>
</RESPONSE>

2015-06-25T10:42:44Z
RequestParameter:  billNo: 52415f30bb4e4534b073749a7ac81ab5 | startTime:2015-06-25 10:42:44

2015-06-25T10:42:44Z
Array
(
    [MODE] => U
    [FRMT] => XML
    [VERS] => 0630
    [MERC] => 680000
    [SESS] => 52415f30bb4e4534b073749a7ac81ab5
    [TRAN] => 3C800J5QPTYM
    [AUTH] => D
    [MACK] => Y
)


2015-06-25T10:42:45Z
ResponseParameter:  billNo: 52415f30bb4e4534b073749a7ac81ab5 | endTime:2015-06-25 10:42:45

2015-06-25T10:42:45Z
<?xml version="1.0" encoding="UTF-8"?>
<RESPONSE>
  <VERS>0630</VERS>
  <MODE>U</MODE>
  <TRAN>3C800J5QPTYM</TRAN>
  <MERC>680000</MERC>
  <SESS>52415f30bb4e4534b073749a7ac81ab5</SESS>
  <RULES_TRIGGERED>0</RULES_TRIGGERED>
  <COUNTERS_TRIGGERED>0</COUNTERS_TRIGGERED>
  <REASON_CODE></REASON_CODE>
  <MASTERCARD></MASTERCARD>
  <WARNING_COUNT>0</WARNING_COUNT>
</RESPONSE>

2015-06-25T10:42:50Z
RequestParameter:  billNo: a5e72e9599de48ed9563e1640a190e82 | startTime:2015-06-25 10:42:50

2015-06-25T10:42:50Z
Array
(
    [MODE] => U
    [FRMT] => XML
    [VERS] => 0630
    [MERC] => 680000
    [SESS] => a5e72e9599de48ed9563e1640a190e82
    [TRAN] => 3C800TTR6K30
    [AUTH] => D
    [MACK] => Y
)


2015-06-25T10:42:50Z
ResponseParameter:  billNo: a5e72e9599de48ed9563e1640a190e82 | endTime:2015-06-25 10:42:50

2015-06-25T10:42:50Z
<?xml version="1.0" encoding="UTF-8"?>
<RESPONSE>
  <VERS>0630</VERS>
  <MODE>U</MODE>
  <TRAN>3C800TTR6K30</TRAN>
  <MERC>680000</MERC>
  <SESS>a5e72e9599de48ed9563e1640a190e82</SESS>
  <RULES_TRIGGERED>0</RULES_TRIGGERED>
  <COUNTERS_TRIGGERED>0</COUNTERS_TRIGGERED>
  <REASON_CODE></REASON_CODE>
  <MASTERCARD></MASTERCARD>
  <WARNING_COUNT>0</WARNING_COUNT>
</RESPONSE>

2015-06-25T10:43:48Z
RequestParameter:  billNo: 6612aa4be8c547afba0fdd5f810b2eff | startTime:2015-06-25 10:43:48

2015-06-25T10:43:48Z
Array
(
    [MODE] => U
    [FRMT] => XML
    [VERS] => 0630
    [MERC] => 680000
    [SESS] => 6612aa4be8c547afba0fdd5f810b2eff
    [TRAN] => 3C800BGV3LPP
    [AUTH] => D
    [MACK] => Y
)


2015-06-25T10:43:49Z
ResponseParameter:  billNo: 6612aa4be8c547afba0fdd5f810b2eff | endTime:2015-06-25 10:43:49

2015-06-25T10:43:49Z
<?xml version="1.0" encoding="UTF-8"?>
<RESPONSE>
  <VERS>0630</VERS>
  <MODE>U</MODE>
  <TRAN>3C800BGV3LPP</TRAN>
  <MERC>680000</MERC>
  <SESS>6612aa4be8c547afba0fdd5f810b2eff</SESS>
  <RULES_TRIGGERED>0</RULES_TRIGGERED>
  <COUNTERS_TRIGGERED>0</COUNTERS_TRIGGERED>
  <REASON_CODE></REASON_CODE>
  <MASTERCARD></MASTERCARD>
  <WARNING_COUNT>0</WARNING_COUNT>
</RESPONSE>

2015-06-25T10:44:50Z
RequestParameter:  billNo: 308aa18aa16f4c6b8e890172c91de0cc | startTime:2015-06-25 10:44:50

2015-06-25T10:44:50Z
Array
(
    [MODE] => U
    [FRMT] => XML
    [VERS] => 0630
    [MERC] => 680000
    [SESS] => 308aa18aa16f4c6b8e890172c91de0cc
    [TRAN] => 3C800Z62P5D5
    [AUTH] => D
    [MACK] => Y
)


2015-06-25T10:44:51Z
ResponseParameter:  billNo: 308aa18aa16f4c6b8e890172c91de0cc | endTime:2015-06-25 10:44:51

2015-06-25T10:44:51Z
<?xml version="1.0" encoding="UTF-8"?>
<RESPONSE>
  <VERS>0630</VERS>
  <MODE>U</MODE>
  <TRAN>3C800Z62P5D5</TRAN>
  <MERC>680000</MERC>
  <SESS>308aa18aa16f4c6b8e890172c91de0cc</SESS>
  <RULES_TRIGGERED>0</RULES_TRIGGERED>
  <COUNTERS_TRIGGERED>0</COUNTERS_TRIGGERED>
  <REASON_CODE></REASON_CODE>
  <MASTERCARD></MASTERCARD>
  <WARNING_COUNT>0</WARNING_COUNT>
</RESPONSE>

2015-06-25T10:46:06Z
RequestParameter:  billNo: a243eaa06a084ef7874a88baceecca98 | startTime:2015-06-25 10:46:06

2015-06-25T10:46:06Z
Array
(
    [MODE] => U
    [FRMT] => XML
    [VERS] => 0630
    [MERC] => 680000
    [SESS] => a243eaa06a084ef7874a88baceecca98
    [TRAN] => 3C800TCXQYVK
    [AUTH] => D
    [MACK] => Y
)


2015-06-25T10:46:07Z
ResponseParameter:  billNo: a243eaa06a084ef7874a88baceecca98 | endTime:2015-06-25 10:46:07

2015-06-25T10:46:07Z
<?xml version="1.0" encoding="UTF-8"?>
<RESPONSE>
  <VERS>0630</VERS>
  <MODE>U</MODE>
  <TRAN>3C800TCXQYVK</TRAN>
  <MERC>680000</MERC>
  <SESS>a243eaa06a084ef7874a88baceecca98</SESS>
  <RULES_TRIGGERED>0</RULES_TRIGGERED>
  <COUNTERS_TRIGGERED>0</COUNTERS_TRIGGERED>
  <REASON_CODE></REASON_CODE>
  <MASTERCARD></MASTERCARD>
  <WARNING_COUNT>0</WARNING_COUNT>
</RESPONSE>

2015-06-25T10:47:46Z
RequestParameter:  billNo: 330783303d33489db80d331b04dac4fb | startTime:2015-06-25 10:47:46

2015-06-25T10:47:46Z
Array
(
    [MODE] => U
    [FRMT] => XML
    [VERS] => 0630
    [MERC] => 680000
    [SESS] => 330783303d33489db80d331b04dac4fb
    [TRAN] => 3C800LGKRZTL
    [AUTH] => D
    [MACK] => Y
)


2015-06-25T10:47:46Z
ResponseParameter:  billNo: 330783303d33489db80d331b04dac4fb | endTime:2015-06-25 10:47:46

2015-06-25T10:47:46Z
<?xml version="1.0" encoding="UTF-8"?>
<RESPONSE>
  <VERS>0630</VERS>
  <MODE>U</MODE>
  <TRAN>3C800LGKRZTL</TRAN>
  <MERC>680000</MERC>
  <SESS>330783303d33489db80d331b04dac4fb</SESS>
  <RULES_TRIGGERED>0</RULES_TRIGGERED>
  <COUNTERS_TRIGGERED>0</COUNTERS_TRIGGERED>
  <REASON_CODE></REASON_CODE>
  <MASTERCARD></MASTERCARD>
  <WARNING_COUNT>0</WARNING_COUNT>
</RESPONSE>

2015-06-25T10:49:23Z
RequestParameter:  billNo: bill635708261048002751 | startTime:2015-06-25 10:49:23

2015-06-25T10:49:23Z
Array
(
    [MODE] => U
    [FRMT] => XML
    [VERS] => 0630
    [MERC] => 680000
    [SESS] => bill635708261048002751
    [TRAN] => 3C800NJLDDMR
    [AUTH] => D
    [MACK] => Y
)


2015-06-25T10:49:24Z
ResponseParameter:  billNo: bill635708261048002751 | endTime:2015-06-25 10:49:24

2015-06-25T10:49:24Z
<?xml version="1.0" encoding="UTF-8"?>
<RESPONSE>
  <VERS>0630</VERS>
  <MODE>U</MODE>
  <TRAN>3C800NJLDDMR</TRAN>
  <MERC>680000</MERC>
  <SESS>bill635708261048002751</SESS>
  <RULES_TRIGGERED>0</RULES_TRIGGERED>
  <COUNTERS_TRIGGERED>0</COUNTERS_TRIGGERED>
  <REASON_CODE></REASON_CODE>
  <MASTERCARD></MASTERCARD>
  <WARNING_COUNT>0</WARNING_COUNT>
</RESPONSE>

2015-06-25T10:51:36Z
RequestParameter:  billNo: SHjte1435229491 | startTime:2015-06-25 10:51:36

2015-06-25T10:51:36Z
Array
(
    [MODE] => U
    [FRMT] => XML
    [VERS] => 0630
    [MERC] => 680000
    [SESS] => SHjte1435229491
    [TRAN] => 3C8008VC92Q3
    [AUTH] => D
    [MACK] => Y
)


2015-06-25T10:51:37Z
ResponseParameter:  billNo: SHjte1435229491 | endTime:2015-06-25 10:51:37

2015-06-25T10:51:37Z
<?xml version="1.0" encoding="UTF-8"?>
<RESPONSE>
  <VERS>0630</VERS>
  <MODE>U</MODE>
  <TRAN>3C8008VC92Q3</TRAN>
  <MERC>680000</MERC>
  <SESS>SHjte1435229491</SESS>
  <RULES_TRIGGERED>0</RULES_TRIGGERED>
  <COUNTERS_TRIGGERED>0</COUNTERS_TRIGGERED>
  <REASON_CODE></REASON_CODE>
  <MASTERCARD></MASTERCARD>
  <WARNING_COUNT>0</WARNING_COUNT>
</RESPONSE>

2015-06-25T11:28:15Z
RequestParameter:  billNo: db455cc7ce2c483b9975d87c4f6c07f5 | startTime:2015-06-25 11:28:15

2015-06-25T11:28:15Z
Array
(
    [MODE] => U
    [FRMT] => XML
    [VERS] => 0630
    [MERC] => 680000
    [SESS] => db455cc7ce2c483b9975d87c4f6c07f5
    [TRAN] => 3C8C0CC9Q8VN
    [AUTH] => D
    [MACK] => Y
)


2015-06-25T11:28:16Z
ResponseParameter:  billNo: db455cc7ce2c483b9975d87c4f6c07f5 | endTime:2015-06-25 11:28:16

2015-06-25T11:28:16Z
<?xml version="1.0" encoding="UTF-8"?>
<RESPONSE>
  <VERS>0630</VERS>
  <MODE>U</MODE>
  <TRAN>3C8C0CC9Q8VN</TRAN>
  <MERC>680000</MERC>
  <SESS>db455cc7ce2c483b9975d87c4f6c07f5</SESS>
  <RULES_TRIGGERED>0</RULES_TRIGGERED>
  <COUNTERS_TRIGGERED>0</COUNTERS_TRIGGERED>
  <REASON_CODE></REASON_CODE>
  <MASTERCARD></MASTERCARD>
  <WARNING_COUNT>0</WARNING_COUNT>
</RESPONSE>

2015-06-25T11:33:16Z
RequestParameter:  billNo: 5ce15cba38f74e5b972a469bfe189d1d | startTime:2015-06-25 11:33:16

2015-06-25T11:33:16Z
Array
(
    [MODE] => U
    [FRMT] => XML
    [VERS] => 0630
    [MERC] => 680000
    [SESS] => 5ce15cba38f74e5b972a469bfe189d1d
    [TRAN] => 3C8C0N9TB02V
    [AUTH] => D
    [MACK] => Y
)


2015-06-25T11:33:17Z
ResponseParameter:  billNo: 5ce15cba38f74e5b972a469bfe189d1d | endTime:2015-06-25 11:33:17

2015-06-25T11:33:17Z
<?xml version="1.0" encoding="UTF-8"?>
<RESPONSE>
  <VERS>0630</VERS>
  <MODE>U</MODE>
  <TRAN>3C8C0N9TB02V</TRAN>
  <MERC>680000</MERC>
  <SESS>5ce15cba38f74e5b972a469bfe189d1d</SESS>
  <RULES_TRIGGERED>0</RULES_TRIGGERED>
  <COUNTERS_TRIGGERED>0</COUNTERS_TRIGGERED>
  <REASON_CODE></REASON_CODE>
  <MASTERCARD></MASTERCARD>
  <WARNING_COUNT>0</WARNING_COUNT>
</RESPONSE>

2015-06-25T11:33:18Z
RequestParameter:  billNo: 247846719 | startTime:2015-06-25 11:33:18

2015-06-25T11:33:18Z
Array
(
    [MODE] => U
    [FRMT] => XML
    [VERS] => 0630
    [MERC] => 680000
    [SESS] => 247846719
    [TRAN] => 3C8C0SNW25BR
    [AUTH] => D
    [MACK] => Y
)


2015-06-25T11:33:18Z
ResponseParameter:  billNo: 247846719 | endTime:2015-06-25 11:33:18

2015-06-25T11:33:18Z
<?xml version="1.0" encoding="UTF-8"?>
<RESPONSE>
  <VERS>0630</VERS>
  <MODE>U</MODE>
  <TRAN>3C8C0SNW25BR</TRAN>
  <MERC>680000</MERC>
  <SESS>247846719</SESS>
  <RULES_TRIGGERED>0</RULES_TRIGGERED>
  <COUNTERS_TRIGGERED>0</COUNTERS_TRIGGERED>
  <REASON_CODE></REASON_CODE>
  <MASTERCARD></MASTERCARD>
  <WARNING_COUNT>0</WARNING_COUNT>
</RESPONSE>

2015-06-25T11:35:04Z
RequestParameter:  billNo: de29007db826497abce5daf62cde63f2 | startTime:2015-06-25 11:35:04

2015-06-25T11:35:04Z
Array
(
    [MODE] => U
    [FRMT] => XML
    [VERS] => 0630
    [MERC] => 680000
    [SESS] => de29007db826497abce5daf62cde63f2
    [TRAN] => 3C8C0P5LWY81
    [AUTH] => D
    [MACK] => Y
)


2015-06-25T11:35:05Z
ResponseParameter:  billNo: de29007db826497abce5daf62cde63f2 | endTime:2015-06-25 11:35:05

2015-06-25T11:35:05Z
<?xml version="1.0" encoding="UTF-8"?>
<RESPONSE>
  <VERS>0630</VERS>
  <MODE>U</MODE>
  <TRAN>3C8C0P5LWY81</TRAN>
  <MERC>680000</MERC>
  <SESS>de29007db826497abce5daf62cde63f2</SESS>
  <RULES_TRIGGERED>0</RULES_TRIGGERED>
  <COUNTERS_TRIGGERED>0</COUNTERS_TRIGGERED>
  <REASON_CODE></REASON_CODE>
  <MASTERCARD></MASTERCARD>
  <WARNING_COUNT>0</WARNING_COUNT>
</RESPONSE>

2015-06-25T11:36:05Z
RequestParameter:  billNo: 643626355 | startTime:2015-06-25 11:36:05

2015-06-25T11:36:05Z
Array
(
    [MODE] => U
    [FRMT] => XML
    [VERS] => 0630
    [MERC] => 680000
    [SESS] => 643626355
    [TRAN] => 3C8C05BNMXS1
    [AUTH] => D
    [MACK] => Y
)


2015-06-25T11:36:06Z
ResponseParameter:  billNo: 643626355 | endTime:2015-06-25 11:36:06

2015-06-25T11:36:06Z
<?xml version="1.0" encoding="UTF-8"?>
<RESPONSE>
  <VERS>0630</VERS>
  <MODE>U</MODE>
  <TRAN>3C8C05BNMXS1</TRAN>
  <MERC>680000</MERC>
  <SESS>643626355</SESS>
  <RULES_TRIGGERED>0</RULES_TRIGGERED>
  <COUNTERS_TRIGGERED>0</COUNTERS_TRIGGERED>
  <REASON_CODE></REASON_CODE>
  <MASTERCARD></MASTERCARD>
  <WARNING_COUNT>0</WARNING_COUNT>
</RESPONSE>

2015-06-25T11:36:47Z
RequestParameter:  billNo: 697293298 | startTime:2015-06-25 11:36:47

2015-06-25T11:36:47Z
Array
(
    [MODE] => U
    [FRMT] => XML
    [VERS] => 0630
    [MERC] => 680000
    [SESS] => 697293298
    [TRAN] => 3C8C04SWRJ4D
    [AUTH] => D
    [MACK] => Y
)


2015-06-25T11:36:48Z
ResponseParameter:  billNo: 697293298 | endTime:2015-06-25 11:36:48

2015-06-25T11:36:48Z
<?xml version="1.0" encoding="UTF-8"?>
<RESPONSE>
  <VERS>0630</VERS>
  <MODE>U</MODE>
  <TRAN>3C8C04SWRJ4D</TRAN>
  <MERC>680000</MERC>
  <SESS>697293298</SESS>
  <RULES_TRIGGERED>0</RULES_TRIGGERED>
  <COUNTERS_TRIGGERED>0</COUNTERS_TRIGGERED>
  <REASON_CODE></REASON_CODE>
  <MASTERCARD></MASTERCARD>
  <WARNING_COUNT>0</WARNING_COUNT>
</RESPONSE>

2015-06-25T11:39:42Z
RequestParameter:  billNo: 19b6b4ebaf6542388186e913b5cecd49 | startTime:2015-06-25 11:39:42

2015-06-25T11:39:42Z
Array
(
    [MODE] => U
    [FRMT] => XML
    [VERS] => 0630
    [MERC] => 680000
    [SESS] => 19b6b4ebaf6542388186e913b5cecd49
    [TRAN] => 3C8C0GQJMGHP
    [AUTH] => D
    [MACK] => Y
)


2015-06-25T11:39:43Z
ResponseParameter:  billNo: 19b6b4ebaf6542388186e913b5cecd49 | endTime:2015-06-25 11:39:43

2015-06-25T11:39:43Z
<?xml version="1.0" encoding="UTF-8"?>
<RESPONSE>
  <VERS>0630</VERS>
  <MODE>U</MODE>
  <TRAN>3C8C0GQJMGHP</TRAN>
  <MERC>680000</MERC>
  <SESS>19b6b4ebaf6542388186e913b5cecd49</SESS>
  <RULES_TRIGGERED>0</RULES_TRIGGERED>
  <COUNTERS_TRIGGERED>0</COUNTERS_TRIGGERED>
  <REASON_CODE></REASON_CODE>
  <MASTERCARD></MASTERCARD>
  <WARNING_COUNT>0</WARNING_COUNT>
</RESPONSE>

2015-06-25T11:40:50Z
RequestParameter:  billNo: ab453b86741f458e82c4a3b38bc8edb2 | startTime:2015-06-25 11:40:50

2015-06-25T11:40:50Z
Array
(
    [MODE] => U
    [FRMT] => XML
    [VERS] => 0630
    [MERC] => 680000
    [SESS] => ab453b86741f458e82c4a3b38bc8edb2
    [TRAN] => 3C8C0JMDH64Y
    [AUTH] => D
    [MACK] => Y
)


2015-06-25T11:40:51Z
ResponseParameter:  billNo: ab453b86741f458e82c4a3b38bc8edb2 | endTime:2015-06-25 11:40:51

2015-06-25T11:40:51Z
<?xml version="1.0" encoding="UTF-8"?>
<RESPONSE>
  <VERS>0630</VERS>
  <MODE>U</MODE>
  <TRAN>3C8C0JMDH64Y</TRAN>
  <MERC>680000</MERC>
  <SESS>ab453b86741f458e82c4a3b38bc8edb2</SESS>
  <RULES_TRIGGERED>0</RULES_TRIGGERED>
  <COUNTERS_TRIGGERED>0</COUNTERS_TRIGGERED>
  <REASON_CODE></REASON_CODE>
  <MASTERCARD></MASTERCARD>
  <WARNING_COUNT>0</WARNING_COUNT>
</RESPONSE>

2015-06-25T11:41:39Z
RequestParameter:  billNo: 607754197 | startTime:2015-06-25 11:41:39

2015-06-25T11:41:39Z
Array
(
    [MODE] => U
    [FRMT] => XML
    [VERS] => 0630
    [MERC] => 680000
    [SESS] => 607754197
    [TRAN] => 3C8C0PMSW3XY
    [AUTH] => D
    [MACK] => Y
)


2015-06-25T11:41:40Z
ResponseParameter:  billNo: 607754197 | endTime:2015-06-25 11:41:40

2015-06-25T11:41:40Z
<?xml version="1.0" encoding="UTF-8"?>
<RESPONSE>
  <VERS>0630</VERS>
  <MODE>U</MODE>
  <TRAN>3C8C0PMSW3XY</TRAN>
  <MERC>680000</MERC>
  <SESS>607754197</SESS>
  <RULES_TRIGGERED>0</RULES_TRIGGERED>
  <COUNTERS_TRIGGERED>0</COUNTERS_TRIGGERED>
  <REASON_CODE></REASON_CODE>
  <MASTERCARD></MASTERCARD>
  <WARNING_COUNT>0</WARNING_COUNT>
</RESPONSE>

2015-06-25T11:42:19Z
RequestParameter:  billNo: 123008739 | startTime:2015-06-25 11:42:19

2015-06-25T11:42:19Z
Array
(
    [MODE] => U
    [FRMT] => XML
    [VERS] => 0630
    [MERC] => 680000
    [SESS] => 123008739
    [TRAN] => 3C8C0NQBX08B
    [AUTH] => D
    [MACK] => Y
)


2015-06-25T11:42:20Z
ResponseParameter:  billNo: 123008739 | endTime:2015-06-25 11:42:20

2015-06-25T11:42:20Z
<?xml version="1.0" encoding="UTF-8"?>
<RESPONSE>
  <VERS>0630</VERS>
  <MODE>U</MODE>
  <TRAN>3C8C0NQBX08B</TRAN>
  <MERC>680000</MERC>
  <SESS>123008739</SESS>
  <RULES_TRIGGERED>0</RULES_TRIGGERED>
  <COUNTERS_TRIGGERED>0</COUNTERS_TRIGGERED>
  <REASON_CODE></REASON_CODE>
  <MASTERCARD></MASTERCARD>
  <WARNING_COUNT>0</WARNING_COUNT>
</RESPONSE>

2015-06-25T11:42:32Z
RequestParameter:  billNo: 468411007 | startTime:2015-06-25 11:42:32

2015-06-25T11:42:32Z
Array
(
    [MODE] => U
    [FRMT] => XML
    [VERS] => 0630
    [MERC] => 680000
    [SESS] => 468411007
    [TRAN] => 3C8C0DBDLXXN
    [AUTH] => D
    [MACK] => Y
)


2015-06-25T11:42:33Z
ResponseParameter:  billNo: 468411007 | endTime:2015-06-25 11:42:33

2015-06-25T11:42:33Z
<?xml version="1.0" encoding="UTF-8"?>
<RESPONSE>
  <VERS>0630</VERS>
  <MODE>U</MODE>
  <TRAN>3C8C0DBDLXXN</TRAN>
  <MERC>680000</MERC>
  <SESS>468411007</SESS>
  <RULES_TRIGGERED>0</RULES_TRIGGERED>
  <COUNTERS_TRIGGERED>0</COUNTERS_TRIGGERED>
  <REASON_CODE></REASON_CODE>
  <MASTERCARD></MASTERCARD>
  <WARNING_COUNT>0</WARNING_COUNT>
</RESPONSE>

2015-06-25T11:43:42Z
RequestParameter:  billNo: 6ef156014ead48c99593ebf981a598c3 | startTime:2015-06-25 11:43:42

2015-06-25T11:43:42Z
Array
(
    [MODE] => U
    [FRMT] => XML
    [VERS] => 0630
    [MERC] => 680000
    [SESS] => 6ef156014ead48c99593ebf981a598c3
    [TRAN] => 3C8C0M62SZYG
    [AUTH] => D
    [MACK] => Y
)


2015-06-25T11:43:43Z
ResponseParameter:  billNo: 6ef156014ead48c99593ebf981a598c3 | endTime:2015-06-25 11:43:43

2015-06-25T11:43:43Z
<?xml version="1.0" encoding="UTF-8"?>
<RESPONSE>
  <VERS>0630</VERS>
  <MODE>U</MODE>
  <TRAN>3C8C0M62SZYG</TRAN>
  <MERC>680000</MERC>
  <SESS>6ef156014ead48c99593ebf981a598c3</SESS>
  <RULES_TRIGGERED>0</RULES_TRIGGERED>
  <COUNTERS_TRIGGERED>0</COUNTERS_TRIGGERED>
  <REASON_CODE></REASON_CODE>
  <MASTERCARD></MASTERCARD>
  <WARNING_COUNT>0</WARNING_COUNT>
</RESPONSE>

2015-06-25T11:47:47Z
RequestParameter:  billNo: bill635708293125859732 | startTime:2015-06-25 11:47:47

2015-06-25T11:47:47Z
Array
(
    [MODE] => U
    [FRMT] => XML
    [VERS] => 0630
    [MERC] => 680000
    [SESS] => bill635708293125859732
    [TRAN] => 3C8C05T84651
    [AUTH] => D
    [MACK] => Y
)


2015-06-25T11:47:48Z
ResponseParameter:  billNo: bill635708293125859732 | endTime:2015-06-25 11:47:48

2015-06-25T11:47:48Z
<?xml version="1.0" encoding="UTF-8"?>
<RESPONSE>
  <VERS>0630</VERS>
  <MODE>U</MODE>
  <TRAN>3C8C05T84651</TRAN>
  <MERC>680000</MERC>
  <SESS>bill635708293125859732</SESS>
  <RULES_TRIGGERED>0</RULES_TRIGGERED>
  <COUNTERS_TRIGGERED>0</COUNTERS_TRIGGERED>
  <REASON_CODE></REASON_CODE>
  <MASTERCARD></MASTERCARD>
  <WARNING_COUNT>0</WARNING_COUNT>
</RESPONSE>

2015-06-25T11:50:38Z
RequestParameter:  billNo: 925bc0344808461fba2b3946c3aa8cdf | startTime:2015-06-25 11:50:38

2015-06-25T11:50:38Z
Array
(
    [MODE] => U
    [FRMT] => XML
    [VERS] => 0630
    [MERC] => 680000
    [SESS] => 925bc0344808461fba2b3946c3aa8cdf
    [TRAN] => 3C8C0J921V64
    [AUTH] => D
    [MACK] => Y
)


2015-06-25T11:50:39Z
ResponseParameter:  billNo: 925bc0344808461fba2b3946c3aa8cdf | endTime:2015-06-25 11:50:39

2015-06-25T11:50:39Z
<?xml version="1.0" encoding="UTF-8"?>
<RESPONSE>
  <VERS>0630</VERS>
  <MODE>U</MODE>
  <TRAN>3C8C0J921V64</TRAN>
  <MERC>680000</MERC>
  <SESS>925bc0344808461fba2b3946c3aa8cdf</SESS>
  <RULES_TRIGGERED>0</RULES_TRIGGERED>
  <COUNTERS_TRIGGERED>0</COUNTERS_TRIGGERED>
  <REASON_CODE></REASON_CODE>
  <MASTERCARD></MASTERCARD>
  <WARNING_COUNT>0</WARNING_COUNT>
</RESPONSE>

2015-06-25T11:50:55Z
RequestParameter:  billNo: 4fc2b10274d040e7a948a33085540800 | startTime:2015-06-25 11:50:55

2015-06-25T11:50:55Z
Array
(
    [MODE] => U
    [FRMT] => XML
    [VERS] => 0630
    [MERC] => 680000
    [SESS] => 4fc2b10274d040e7a948a33085540800
    [TRAN] => 3C8C016WGR2H
    [AUTH] => D
    [MACK] => Y
)


2015-06-25T11:50:56Z
ResponseParameter:  billNo: 4fc2b10274d040e7a948a33085540800 | endTime:2015-06-25 11:50:56

2015-06-25T11:50:56Z
<?xml version="1.0" encoding="UTF-8"?>
<RESPONSE>
  <VERS>0630</VERS>
  <MODE>U</MODE>
  <TRAN>3C8C016WGR2H</TRAN>
  <MERC>680000</MERC>
  <SESS>4fc2b10274d040e7a948a33085540800</SESS>
  <RULES_TRIGGERED>0</RULES_TRIGGERED>
  <COUNTERS_TRIGGERED>0</COUNTERS_TRIGGERED>
  <REASON_CODE></REASON_CODE>
  <MASTERCARD></MASTERCARD>
  <WARNING_COUNT>0</WARNING_COUNT>
</RESPONSE>

2015-06-25T11:57:21Z
RequestParameter:  billNo: 908c9bae6630467bb06e331bec1bef88 | startTime:2015-06-25 11:57:21

2015-06-25T11:57:21Z
Array
(
    [MODE] => U
    [FRMT] => XML
    [VERS] => 0630
    [MERC] => 680000
    [SESS] => 908c9bae6630467bb06e331bec1bef88
    [TRAN] => 3C8C09PKK41K
    [AUTH] => D
    [MACK] => Y
)


2015-06-25T11:57:22Z
ResponseParameter:  billNo: 908c9bae6630467bb06e331bec1bef88 | endTime:2015-06-25 11:57:22

2015-06-25T11:57:22Z
<?xml version="1.0" encoding="UTF-8"?>
<RESPONSE>
  <VERS>0630</VERS>
  <MODE>U</MODE>
  <TRAN>3C8C09PKK41K</TRAN>
  <MERC>680000</MERC>
  <SESS>908c9bae6630467bb06e331bec1bef88</SESS>
  <RULES_TRIGGERED>0</RULES_TRIGGERED>
  <COUNTERS_TRIGGERED>0</COUNTERS_TRIGGERED>
  <REASON_CODE></REASON_CODE>
  <MASTERCARD></MASTERCARD>
  <WARNING_COUNT>0</WARNING_COUNT>
</RESPONSE>

2015-06-25T12:19:56Z
RequestParameter:  billNo: 1435234791172 | startTime:2015-06-25 12:19:56

2015-06-25T12:19:56Z
Array
(
    [MODE] => U
    [FRMT] => XML
    [VERS] => 0630
    [MERC] => 680000
    [SESS] => 1c4dabe0c2e2571bacfd6ca9ec31034f
    [TRAN] => 3C8Z05W3JM09
    [AUTH] => D
    [MACK] => Y
)


2015-06-25T12:19:57Z
ResponseParameter:  billNo: 1435234791172 | endTime:2015-06-25 12:19:57

2015-06-25T12:19:57Z
<?xml version="1.0" encoding="UTF-8"?>
<RESPONSE>
  <VERS>0630</VERS>
  <MODE>U</MODE>
  <TRAN>3C8Z05W3JM09</TRAN>
  <MERC>680000</MERC>
  <SESS>1c4dabe0c2e2571bacfd6ca9ec31034f</SESS>
  <RULES_TRIGGERED>0</RULES_TRIGGERED>
  <COUNTERS_TRIGGERED>0</COUNTERS_TRIGGERED>
  <REASON_CODE></REASON_CODE>
  <MASTERCARD></MASTERCARD>
  <WARNING_COUNT>0</WARNING_COUNT>
</RESPONSE>

2015-06-25T12:28:49Z
RequestParameter:  billNo: bill635708319596496512 | startTime:2015-06-25 12:28:49

2015-06-25T12:28:49Z
Array
(
    [MODE] => U
    [FRMT] => XML
    [VERS] => 0630
    [MERC] => 680000
    [SESS] => bill635708319596496512
    [TRAN] => 3C8Z0Z8HQ80V
    [AUTH] => D
    [MACK] => Y
)


2015-06-25T12:28:50Z
ResponseParameter:  billNo: bill635708319596496512 | endTime:2015-06-25 12:28:50

2015-06-25T12:28:50Z
<?xml version="1.0" encoding="UTF-8"?>
<RESPONSE>
  <VERS>0630</VERS>
  <MODE>U</MODE>
  <TRAN>3C8Z0Z8HQ80V</TRAN>
  <MERC>680000</MERC>
  <SESS>bill635708319596496512</SESS>
  <RULES_TRIGGERED>0</RULES_TRIGGERED>
  <COUNTERS_TRIGGERED>0</COUNTERS_TRIGGERED>
  <REASON_CODE></REASON_CODE>
  <MASTERCARD></MASTERCARD>
  <WARNING_COUNT>0</WARNING_COUNT>
</RESPONSE>

2015-06-25T12:32:05Z
RequestParameter:  billNo: 19ea0bf201c34be3a3bcef5c7158565e | startTime:2015-06-25 12:32:05

2015-06-25T12:32:05Z
Array
(
    [MODE] => U
    [FRMT] => XML
    [VERS] => 0630
    [MERC] => 680000
    [SESS] => 8393599f4b69433587f7558fc2906887
    [TRAN] => 3C8Z0183LN9Z
    [AUTH] => D
    [MACK] => Y
)


2015-06-25T12:32:06Z
ResponseParameter:  billNo: 19ea0bf201c34be3a3bcef5c7158565e | endTime:2015-06-25 12:32:06

2015-06-25T12:32:06Z
<?xml version="1.0" encoding="UTF-8"?>
<RESPONSE>
  <VERS>0630</VERS>
  <MODE>U</MODE>
  <TRAN>3C8Z0183LN9Z</TRAN>
  <MERC>680000</MERC>
  <SESS>8393599f4b69433587f7558fc2906887</SESS>
  <RULES_TRIGGERED>0</RULES_TRIGGERED>
  <COUNTERS_TRIGGERED>0</COUNTERS_TRIGGERED>
  <REASON_CODE></REASON_CODE>
  <MASTERCARD></MASTERCARD>
  <WARNING_COUNT>0</WARNING_COUNT>
</RESPONSE>

2015-06-25T12:34:36Z
RequestParameter:  billNo: d88375fd44c64885991b2c12f088726d | startTime:2015-06-25 12:34:36

2015-06-25T12:34:36Z
Array
(
    [MODE] => U
    [FRMT] => XML
    [VERS] => 0630
    [MERC] => 680000
    [SESS] => 0019990a2f87490fa3e028261105aef5
    [TRAN] => 3C8Z0RDHN6R5
    [AUTH] => D
    [MACK] => Y
)


2015-06-25T12:34:36Z
ResponseParameter:  billNo: d88375fd44c64885991b2c12f088726d | endTime:2015-06-25 12:34:36

2015-06-25T12:34:36Z
<?xml version="1.0" encoding="UTF-8"?>
<RESPONSE>
  <VERS>0630</VERS>
  <MODE>U</MODE>
  <TRAN>3C8Z0RDHN6R5</TRAN>
  <MERC>680000</MERC>
  <SESS>0019990a2f87490fa3e028261105aef5</SESS>
  <RULES_TRIGGERED>0</RULES_TRIGGERED>
  <COUNTERS_TRIGGERED>0</COUNTERS_TRIGGERED>
  <REASON_CODE></REASON_CODE>
  <MASTERCARD></MASTERCARD>
  <WARNING_COUNT>0</WARNING_COUNT>
</RESPONSE>

2015-06-25T12:35:41Z
RequestParameter:  billNo: 08010a31b4d745b98aa7af451c738a87 | startTime:2015-06-25 12:35:41

2015-06-25T12:35:41Z
Array
(
    [MODE] => U
    [FRMT] => XML
    [VERS] => 0630
    [MERC] => 680000
    [SESS] => c81291c08d5f4fd4ab125ffb0bb88afa
    [TRAN] => 3C8Z0R3TNZYN
    [AUTH] => D
    [MACK] => Y
)


2015-06-25T12:35:42Z
ResponseParameter:  billNo: 08010a31b4d745b98aa7af451c738a87 | endTime:2015-06-25 12:35:42

2015-06-25T12:35:42Z
<?xml version="1.0" encoding="UTF-8"?>
<RESPONSE>
  <VERS>0630</VERS>
  <MODE>U</MODE>
  <TRAN>3C8Z0R3TNZYN</TRAN>
  <MERC>680000</MERC>
  <SESS>c81291c08d5f4fd4ab125ffb0bb88afa</SESS>
  <RULES_TRIGGERED>0</RULES_TRIGGERED>
  <COUNTERS_TRIGGERED>0</COUNTERS_TRIGGERED>
  <REASON_CODE></REASON_CODE>
  <MASTERCARD></MASTERCARD>
  <WARNING_COUNT>0</WARNING_COUNT>
</RESPONSE>

2015-06-25T12:49:14Z
RequestParameter:  billNo: 558bf8c92dfa5 | startTime:2015-06-25 12:49:14

2015-06-25T12:49:14Z
Array
(
    [MODE] => U
    [FRMT] => XML
    [VERS] => 0630
    [MERC] => 680000
    [SESS] => 558bf8c92dfa5
    [TRAN] => 3C8Z0VVKLDMP
    [AUTH] => D
    [MACK] => Y
)


2015-06-25T12:49:15Z
ResponseParameter:  billNo: 558bf8c92dfa5 | endTime:2015-06-25 12:49:15

2015-06-25T12:49:15Z
<?xml version="1.0" encoding="UTF-8"?>
<RESPONSE>
  <VERS>0630</VERS>
  <MODE>U</MODE>
  <TRAN>3C8Z0VVKLDMP</TRAN>
  <MERC>680000</MERC>
  <SESS>558bf8c92dfa5</SESS>
  <RULES_TRIGGERED>0</RULES_TRIGGERED>
  <COUNTERS_TRIGGERED>0</COUNTERS_TRIGGERED>
  <REASON_CODE></REASON_CODE>
  <MASTERCARD></MASTERCARD>
  <WARNING_COUNT>0</WARNING_COUNT>
</RESPONSE>

2015-06-25T12:50:59Z
RequestParameter:  billNo: 5132d6676df144e5af2a2c7c23b33645 | startTime:2015-06-25 12:50:59

2015-06-25T12:50:59Z
Array
(
    [MODE] => U
    [FRMT] => XML
    [VERS] => 0630
    [MERC] => 680000
    [SESS] => 5132d6676df144e5af2a2c7c23b33645
    [TRAN] => 3C8Z0Y7KRBKJ
    [AUTH] => D
    [MACK] => Y
)


2015-06-25T12:51:00Z
ResponseParameter:  billNo: 5132d6676df144e5af2a2c7c23b33645 | endTime:2015-06-25 12:51:00

2015-06-25T12:51:00Z
<?xml version="1.0" encoding="UTF-8"?>
<RESPONSE>
  <VERS>0630</VERS>
  <MODE>U</MODE>
  <TRAN>3C8Z0Y7KRBKJ</TRAN>
  <MERC>680000</MERC>
  <SESS>5132d6676df144e5af2a2c7c23b33645</SESS>
  <RULES_TRIGGERED>0</RULES_TRIGGERED>
  <COUNTERS_TRIGGERED>0</COUNTERS_TRIGGERED>
  <REASON_CODE></REASON_CODE>
  <MASTERCARD></MASTERCARD>
  <WARNING_COUNT>0</WARNING_COUNT>
</RESPONSE>

2015-06-25T12:51:05Z
RequestParameter:  billNo: 558bf9374c373 | startTime:2015-06-25 12:51:05

2015-06-25T12:51:05Z
Array
(
    [MODE] => U
    [FRMT] => XML
    [VERS] => 0630
    [MERC] => 680000
    [SESS] => 558bf9374c373
    [TRAN] => 3C8Z02PSNX8K
    [AUTH] => D
    [MACK] => Y
)


2015-06-25T12:51:06Z
ResponseParameter:  billNo: 558bf9374c373 | endTime:2015-06-25 12:51:06

2015-06-25T12:51:06Z
<?xml version="1.0" encoding="UTF-8"?>
<RESPONSE>
  <VERS>0630</VERS>
  <MODE>U</MODE>
  <TRAN>3C8Z02PSNX8K</TRAN>
  <MERC>680000</MERC>
  <SESS>558bf9374c373</SESS>
  <RULES_TRIGGERED>0</RULES_TRIGGERED>
  <COUNTERS_TRIGGERED>0</COUNTERS_TRIGGERED>
  <REASON_CODE></REASON_CODE>
  <MASTERCARD></MASTERCARD>
  <WARNING_COUNT>0</WARNING_COUNT>
</RESPONSE>

2015-06-25T12:57:25Z
RequestParameter:  billNo: 39d288c42f0b4286b037abef1fc72705 | startTime:2015-06-25 12:57:25

2015-06-25T12:57:25Z
Array
(
    [MODE] => U
    [FRMT] => XML
    [VERS] => 0630
    [MERC] => 680000
    [SESS] => 39d288c42f0b4286b037abef1fc72705
    [TRAN] => 3C8Z0MH6YJG6
    [AUTH] => D
    [MACK] => Y
)


2015-06-25T12:57:26Z
ResponseParameter:  billNo: 39d288c42f0b4286b037abef1fc72705 | endTime:2015-06-25 12:57:26

2015-06-25T12:57:26Z
<?xml version="1.0" encoding="UTF-8"?>
<RESPONSE>
  <VERS>0630</VERS>
  <MODE>U</MODE>
  <TRAN>3C8Z0MH6YJG6</TRAN>
  <MERC>680000</MERC>
  <SESS>39d288c42f0b4286b037abef1fc72705</SESS>
  <RULES_TRIGGERED>0</RULES_TRIGGERED>
  <COUNTERS_TRIGGERED>0</COUNTERS_TRIGGERED>
  <REASON_CODE></REASON_CODE>
  <MASTERCARD></MASTERCARD>
  <WARNING_COUNT>0</WARNING_COUNT>
</RESPONSE>

2015-06-25T13:04:47Z
RequestParameter:  billNo: b558a56ee0d148c49a26c2e45549f32d | startTime:2015-06-25 13:04:47

2015-06-25T13:04:47Z
Array
(
    [MODE] => U
    [FRMT] => XML
    [VERS] => 0630
    [MERC] => 680000
    [SESS] => 42d5730ff9f54e85bd0a3f6d43f48701
    [TRAN] => 3C880R82K0S0
    [AUTH] => D
    [MACK] => Y
)


2015-06-25T13:04:49Z
ResponseParameter:  billNo: b558a56ee0d148c49a26c2e45549f32d | endTime:2015-06-25 13:04:49

2015-06-25T13:04:49Z
<?xml version="1.0" encoding="UTF-8"?>
<RESPONSE>
  <VERS>0630</VERS>
  <MODE>U</MODE>
  <TRAN>3C880R82K0S0</TRAN>
  <MERC>680000</MERC>
  <SESS>42d5730ff9f54e85bd0a3f6d43f48701</SESS>
  <RULES_TRIGGERED>0</RULES_TRIGGERED>
  <COUNTERS_TRIGGERED>0</COUNTERS_TRIGGERED>
  <REASON_CODE></REASON_CODE>
  <MASTERCARD></MASTERCARD>
  <WARNING_COUNT>0</WARNING_COUNT>
</RESPONSE>

2015-06-25T13:09:37Z
RequestParameter:  billNo: bill635708345245793405 | startTime:2015-06-25 13:09:37

2015-06-25T13:09:37Z
Array
(
    [MODE] => U
    [FRMT] => XML
    [VERS] => 0630
    [MERC] => 680000
    [SESS] => bill635708345245793405
    [TRAN] => 3C880TXK23GH
    [AUTH] => D
    [MACK] => Y
)


2015-06-25T13:09:38Z
ResponseParameter:  billNo: bill635708345245793405 | endTime:2015-06-25 13:09:38

2015-06-25T13:09:38Z
<?xml version="1.0" encoding="UTF-8"?>
<RESPONSE>
  <VERS>0630</VERS>
  <MODE>U</MODE>
  <TRAN>3C880TXK23GH</TRAN>
  <MERC>680000</MERC>
  <SESS>bill635708345245793405</SESS>
  <RULES_TRIGGERED>0</RULES_TRIGGERED>
  <COUNTERS_TRIGGERED>0</COUNTERS_TRIGGERED>
  <REASON_CODE></REASON_CODE>
  <MASTERCARD></MASTERCARD>
  <WARNING_COUNT>0</WARNING_COUNT>
</RESPONSE>

2015-06-25T13:10:30Z
RequestParameter:  billNo: 558bfdc39fc26 | startTime:2015-06-25 13:10:30

2015-06-25T13:10:30Z
Array
(
    [MODE] => U
    [FRMT] => XML
    [VERS] => 0630
    [MERC] => 680000
    [SESS] => 558bfdc39fc26
    [TRAN] => 3C880W134KNN
    [AUTH] => D
    [MACK] => Y
)


2015-06-25T13:10:31Z
ResponseParameter:  billNo: 558bfdc39fc26 | endTime:2015-06-25 13:10:31

2015-06-25T13:10:31Z
<?xml version="1.0" encoding="UTF-8"?>
<RESPONSE>
  <VERS>0630</VERS>
  <MODE>U</MODE>
  <TRAN>3C880W134KNN</TRAN>
  <MERC>680000</MERC>
  <SESS>558bfdc39fc26</SESS>
  <RULES_TRIGGERED>0</RULES_TRIGGERED>
  <COUNTERS_TRIGGERED>0</COUNTERS_TRIGGERED>
  <REASON_CODE></REASON_CODE>
  <MASTERCARD></MASTERCARD>
  <WARNING_COUNT>0</WARNING_COUNT>
</RESPONSE>

2015-06-25T13:30:27Z
RequestParameter:  billNo: c09de7ec68a044e3a8a107adc353cc70 | startTime:2015-06-25 13:30:27

2015-06-25T13:30:27Z
Array
(
    [MODE] => U
    [FRMT] => XML
    [VERS] => 0630
    [MERC] => 680000
    [SESS] => c09de7ec68a044e3a8a107adc353cc70
    [TRAN] => 3C8803PN0X98
    [AUTH] => D
    [MACK] => Y
)


2015-06-25T13:30:28Z
ResponseParameter:  billNo: c09de7ec68a044e3a8a107adc353cc70 | endTime:2015-06-25 13:30:28

2015-06-25T13:30:28Z
<?xml version="1.0" encoding="UTF-8"?>
<RESPONSE>
  <VERS>0630</VERS>
  <MODE>U</MODE>
  <TRAN>3C8803PN0X98</TRAN>
  <MERC>680000</MERC>
  <SESS>c09de7ec68a044e3a8a107adc353cc70</SESS>
  <RULES_TRIGGERED>0</RULES_TRIGGERED>
  <COUNTERS_TRIGGERED>0</COUNTERS_TRIGGERED>
  <REASON_CODE></REASON_CODE>
  <MASTERCARD></MASTERCARD>
  <WARNING_COUNT>0</WARNING_COUNT>
</RESPONSE>

2015-06-25T13:32:11Z
RequestParameter:  billNo: 5f72f3bf2056493b95eeea69608414da | startTime:2015-06-25 13:32:11

2015-06-25T13:32:11Z
Array
(
    [MODE] => U
    [FRMT] => XML
    [VERS] => 0630
    [MERC] => 680000
    [SESS] => 5f72f3bf2056493b95eeea69608414da
    [TRAN] => 3C880DQMPPZS
    [AUTH] => D
    [MACK] => Y
)


2015-06-25T13:32:12Z
ResponseParameter:  billNo: 5f72f3bf2056493b95eeea69608414da | endTime:2015-06-25 13:32:12

2015-06-25T13:32:12Z
<?xml version="1.0" encoding="UTF-8"?>
<RESPONSE>
  <VERS>0630</VERS>
  <MODE>U</MODE>
  <TRAN>3C880DQMPPZS</TRAN>
  <MERC>680000</MERC>
  <SESS>5f72f3bf2056493b95eeea69608414da</SESS>
  <RULES_TRIGGERED>0</RULES_TRIGGERED>
  <COUNTERS_TRIGGERED>0</COUNTERS_TRIGGERED>
  <REASON_CODE></REASON_CODE>
  <MASTERCARD></MASTERCARD>
  <WARNING_COUNT>0</WARNING_COUNT>
</RESPONSE>

2015-06-25T13:34:34Z
RequestParameter:  billNo: 9b296c3542a74aaab5ee50e5056a15bf | startTime:2015-06-25 13:34:34

2015-06-25T13:34:34Z
Array
(
    [MODE] => U
    [FRMT] => XML
    [VERS] => 0630
    [MERC] => 680000
    [SESS] => 9b296c3542a74aaab5ee50e5056a15bf
    [TRAN] => 3C880ZKQ8S67
    [AUTH] => D
    [MACK] => Y
)


2015-06-25T13:34:35Z
ResponseParameter:  billNo: 9b296c3542a74aaab5ee50e5056a15bf | endTime:2015-06-25 13:34:35

2015-06-25T13:34:35Z
<?xml version="1.0" encoding="UTF-8"?>
<RESPONSE>
  <VERS>0630</VERS>
  <MODE>U</MODE>
  <TRAN>3C880ZKQ8S67</TRAN>
  <MERC>680000</MERC>
  <SESS>9b296c3542a74aaab5ee50e5056a15bf</SESS>
  <RULES_TRIGGERED>0</RULES_TRIGGERED>
  <COUNTERS_TRIGGERED>0</COUNTERS_TRIGGERED>
  <REASON_CODE></REASON_CODE>
  <MASTERCARD></MASTERCARD>
  <WARNING_COUNT>0</WARNING_COUNT>
</RESPONSE>

2015-06-25T13:34:36Z
RequestParameter:  billNo: 7875155d8f1b4ae6aaf0aba7838963f5 | startTime:2015-06-25 13:34:36

2015-06-25T13:34:36Z
Array
(
    [MODE] => U
    [FRMT] => XML
    [VERS] => 0630
    [MERC] => 680000
    [SESS] => 7875155d8f1b4ae6aaf0aba7838963f5
    [TRAN] => 3C880MJCRW0K
    [AUTH] => D
    [MACK] => Y
)


2015-06-25T13:34:37Z
ResponseParameter:  billNo: 7875155d8f1b4ae6aaf0aba7838963f5 | endTime:2015-06-25 13:34:37

2015-06-25T13:34:37Z
<?xml version="1.0" encoding="UTF-8"?>
<RESPONSE>
  <VERS>0630</VERS>
  <MODE>U</MODE>
  <TRAN>3C880MJCRW0K</TRAN>
  <MERC>680000</MERC>
  <SESS>7875155d8f1b4ae6aaf0aba7838963f5</SESS>
  <RULES_TRIGGERED>0</RULES_TRIGGERED>
  <COUNTERS_TRIGGERED>0</COUNTERS_TRIGGERED>
  <REASON_CODE></REASON_CODE>
  <MASTERCARD></MASTERCARD>
  <WARNING_COUNT>0</WARNING_COUNT>
</RESPONSE>

2015-06-25T13:38:13Z
RequestParameter:  billNo: 2ce5571950c644fc94ef06b276ce899d | startTime:2015-06-25 13:38:13

2015-06-25T13:38:13Z
Array
(
    [MODE] => U
    [FRMT] => XML
    [VERS] => 0630
    [MERC] => 680000
    [SESS] => 2ce5571950c644fc94ef06b276ce899d
    [TRAN] => 3C8806Z4JZV3
    [AUTH] => D
    [MACK] => Y
)


2015-06-25T13:38:13Z
ResponseParameter:  billNo: 2ce5571950c644fc94ef06b276ce899d | endTime:2015-06-25 13:38:13

2015-06-25T13:38:13Z
<?xml version="1.0" encoding="UTF-8"?>
<RESPONSE>
  <VERS>0630</VERS>
  <MODE>U</MODE>
  <TRAN>3C8806Z4JZV3</TRAN>
  <MERC>680000</MERC>
  <SESS>2ce5571950c644fc94ef06b276ce899d</SESS>
  <RULES_TRIGGERED>0</RULES_TRIGGERED>
  <COUNTERS_TRIGGERED>0</COUNTERS_TRIGGERED>
  <REASON_CODE></REASON_CODE>
  <MASTERCARD></MASTERCARD>
  <WARNING_COUNT>0</WARNING_COUNT>
</RESPONSE>

2015-06-25T14:05:10Z
RequestParameter:  billNo: e77c4617132c4a0289f48ca027c9d7ae | startTime:2015-06-25 14:05:10

2015-06-25T14:05:10Z
Array
(
    [MODE] => U
    [FRMT] => XML
    [VERS] => 0630
    [MERC] => 680000
    [SESS] => e77c4617132c4a0289f48ca027c9d7ae
    [TRAN] => 3C860QMQYSWC
    [AUTH] => D
    [MACK] => Y
)


2015-06-25T14:05:11Z
ResponseParameter:  billNo: e77c4617132c4a0289f48ca027c9d7ae | endTime:2015-06-25 14:05:11

2015-06-25T14:05:11Z
<?xml version="1.0" encoding="UTF-8"?>
<RESPONSE>
  <VERS>0630</VERS>
  <MODE>U</MODE>
  <TRAN>3C860QMQYSWC</TRAN>
  <MERC>680000</MERC>
  <SESS>e77c4617132c4a0289f48ca027c9d7ae</SESS>
  <RULES_TRIGGERED>0</RULES_TRIGGERED>
  <COUNTERS_TRIGGERED>0</COUNTERS_TRIGGERED>
  <REASON_CODE></REASON_CODE>
  <MASTERCARD></MASTERCARD>
  <WARNING_COUNT>0</WARNING_COUNT>
</RESPONSE>

2015-06-25T14:11:35Z
RequestParameter:  billNo: db7f2848f72349d39f38c791f69da144 | startTime:2015-06-25 14:11:35

2015-06-25T14:11:35Z
Array
(
    [MODE] => U
    [FRMT] => XML
    [VERS] => 0630
    [MERC] => 680000
    [SESS] => f9813e070d2f429c8e191991523b2bca
    [TRAN] => 3C860GTVKN8L
    [AUTH] => D
    [MACK] => Y
)


2015-06-25T14:11:36Z
ResponseParameter:  billNo: db7f2848f72349d39f38c791f69da144 | endTime:2015-06-25 14:11:36

2015-06-25T14:11:36Z
<?xml version="1.0" encoding="UTF-8"?>
<RESPONSE>
  <VERS>0630</VERS>
  <MODE>U</MODE>
  <TRAN>3C860GTVKN8L</TRAN>
  <MERC>680000</MERC>
  <SESS>f9813e070d2f429c8e191991523b2bca</SESS>
  <RULES_TRIGGERED>0</RULES_TRIGGERED>
  <COUNTERS_TRIGGERED>0</COUNTERS_TRIGGERED>
  <REASON_CODE></REASON_CODE>
  <MASTERCARD></MASTERCARD>
  <WARNING_COUNT>0</WARNING_COUNT>
</RESPONSE>

2015-06-25T14:20:24Z
RequestParameter:  billNo: af010ed4165b43ff83926622dadb76ad | startTime:2015-06-25 14:20:24

2015-06-25T14:20:24Z
Array
(
    [MODE] => U
    [FRMT] => XML
    [VERS] => 0630
    [MERC] => 680000
    [SESS] => ab85f8d787e64e55aac56a2c6a0b7910
    [TRAN] => 3C860S30GBTZ
    [AUTH] => D
    [MACK] => Y
)


2015-06-25T14:20:26Z
ResponseParameter:  billNo: af010ed4165b43ff83926622dadb76ad | endTime:2015-06-25 14:20:26

2015-06-25T14:20:26Z
<?xml version="1.0" encoding="UTF-8"?>
<RESPONSE>
  <VERS>0630</VERS>
  <MODE>U</MODE>
  <TRAN>3C860S30GBTZ</TRAN>
  <MERC>680000</MERC>
  <SESS>ab85f8d787e64e55aac56a2c6a0b7910</SESS>
  <RULES_TRIGGERED>0</RULES_TRIGGERED>
  <COUNTERS_TRIGGERED>0</COUNTERS_TRIGGERED>
  <REASON_CODE></REASON_CODE>
  <MASTERCARD></MASTERCARD>
  <WARNING_COUNT>0</WARNING_COUNT>
</RESPONSE>

2015-06-25T14:20:39Z
RequestParameter:  billNo: 481ac4b22adb4a0c988980fa828a744f | startTime:2015-06-25 14:20:39

2015-06-25T14:20:39Z
Array
(
    [MODE] => U
    [FRMT] => XML
    [VERS] => 0630
    [MERC] => 680000
    [SESS] => 573a5f71b368425db22a1156aaede32a
    [TRAN] => 3C8605G6XLCB
    [AUTH] => D
    [MACK] => Y
)


2015-06-25T14:20:40Z
ResponseParameter:  billNo: 481ac4b22adb4a0c988980fa828a744f | endTime:2015-06-25 14:20:40

2015-06-25T14:20:40Z
<?xml version="1.0" encoding="UTF-8"?>
<RESPONSE>
  <VERS>0630</VERS>
  <MODE>U</MODE>
  <TRAN>3C8605G6XLCB</TRAN>
  <MERC>680000</MERC>
  <SESS>573a5f71b368425db22a1156aaede32a</SESS>
  <RULES_TRIGGERED>0</RULES_TRIGGERED>
  <COUNTERS_TRIGGERED>0</COUNTERS_TRIGGERED>
  <REASON_CODE></REASON_CODE>
  <MASTERCARD></MASTERCARD>
  <WARNING_COUNT>0</WARNING_COUNT>
</RESPONSE>

2015-06-25T14:20:51Z
RequestParameter:  billNo: e86e6c344f194432aa6f46b7d2c8d2dd | startTime:2015-06-25 14:20:51

2015-06-25T14:20:51Z
Array
(
    [MODE] => U
    [FRMT] => XML
    [VERS] => 0630
    [MERC] => 680000
    [SESS] => 4e688d05172e4c0c9de6b04aaf21f8f7
    [TRAN] => 3C860BVG8L70
    [AUTH] => D
    [MACK] => Y
)


2015-06-25T14:20:51Z
ResponseParameter:  billNo: e86e6c344f194432aa6f46b7d2c8d2dd | endTime:2015-06-25 14:20:51

2015-06-25T14:20:51Z
<?xml version="1.0" encoding="UTF-8"?>
<RESPONSE>
  <VERS>0630</VERS>
  <MODE>U</MODE>
  <TRAN>3C860BVG8L70</TRAN>
  <MERC>680000</MERC>
  <SESS>4e688d05172e4c0c9de6b04aaf21f8f7</SESS>
  <RULES_TRIGGERED>0</RULES_TRIGGERED>
  <COUNTERS_TRIGGERED>0</COUNTERS_TRIGGERED>
  <REASON_CODE></REASON_CODE>
  <MASTERCARD></MASTERCARD>
  <WARNING_COUNT>0</WARNING_COUNT>
</RESPONSE>

2015-06-25T14:22:27Z
RequestParameter:  billNo: e96bfa1a4c354dfc83e0bf269c0a7699 | startTime:2015-06-25 14:22:27

2015-06-25T14:22:27Z
Array
(
    [MODE] => U
    [FRMT] => XML
    [VERS] => 0630
    [MERC] => 680000
    [SESS] => e96bfa1a4c354dfc83e0bf269c0a7699
    [TRAN] => 3C860D03T8ZX
    [AUTH] => D
    [MACK] => Y
)


2015-06-25T14:22:28Z
ResponseParameter:  billNo: e96bfa1a4c354dfc83e0bf269c0a7699 | endTime:2015-06-25 14:22:28

2015-06-25T14:22:28Z
<?xml version="1.0" encoding="UTF-8"?>
<RESPONSE>
  <VERS>0630</VERS>
  <MODE>U</MODE>
  <TRAN>3C860D03T8ZX</TRAN>
  <MERC>680000</MERC>
  <SESS>e96bfa1a4c354dfc83e0bf269c0a7699</SESS>
  <RULES_TRIGGERED>0</RULES_TRIGGERED>
  <COUNTERS_TRIGGERED>0</COUNTERS_TRIGGERED>
  <REASON_CODE></REASON_CODE>
  <MASTERCARD></MASTERCARD>
  <WARNING_COUNT>0</WARNING_COUNT>
</RESPONSE>

2015-06-25T14:23:31Z
RequestParameter:  billNo: bba91f36ec7c4da7b6f401811949b679 | startTime:2015-06-25 14:23:31

2015-06-25T14:23:31Z
Array
(
    [MODE] => U
    [FRMT] => XML
    [VERS] => 0630
    [MERC] => 680000
    [SESS] => bba91f36ec7c4da7b6f401811949b679
    [TRAN] => 3C860KWSDK32
    [AUTH] => D
    [MACK] => Y
)


2015-06-25T14:23:32Z
ResponseParameter:  billNo: bba91f36ec7c4da7b6f401811949b679 | endTime:2015-06-25 14:23:32

2015-06-25T14:23:32Z
<?xml version="1.0" encoding="UTF-8"?>
<RESPONSE>
  <VERS>0630</VERS>
  <MODE>U</MODE>
  <TRAN>3C860KWSDK32</TRAN>
  <MERC>680000</MERC>
  <SESS>bba91f36ec7c4da7b6f401811949b679</SESS>
  <RULES_TRIGGERED>0</RULES_TRIGGERED>
  <COUNTERS_TRIGGERED>0</COUNTERS_TRIGGERED>
  <REASON_CODE></REASON_CODE>
  <MASTERCARD></MASTERCARD>
  <WARNING_COUNT>0</WARNING_COUNT>
</RESPONSE>

2015-06-25T14:24:27Z
RequestParameter:  billNo: e62dc561d8964fa69a8b23587757324b | startTime:2015-06-25 14:24:27

2015-06-25T14:24:27Z
Array
(
    [MODE] => U
    [FRMT] => XML
    [VERS] => 0630
    [MERC] => 680000
    [SESS] => e62dc561d8964fa69a8b23587757324b
    [TRAN] => 3C860RJMTNRK
    [AUTH] => D
    [MACK] => Y
)


2015-06-25T14:24:27Z
ResponseParameter:  billNo: e62dc561d8964fa69a8b23587757324b | endTime:2015-06-25 14:24:27

2015-06-25T14:24:27Z
<?xml version="1.0" encoding="UTF-8"?>
<RESPONSE>
  <VERS>0630</VERS>
  <MODE>U</MODE>
  <TRAN>3C860RJMTNRK</TRAN>
  <MERC>680000</MERC>
  <SESS>e62dc561d8964fa69a8b23587757324b</SESS>
  <RULES_TRIGGERED>0</RULES_TRIGGERED>
  <COUNTERS_TRIGGERED>0</COUNTERS_TRIGGERED>
  <REASON_CODE></REASON_CODE>
  <MASTERCARD></MASTERCARD>
  <WARNING_COUNT>0</WARNING_COUNT>
</RESPONSE>

2015-06-25T14:28:56Z
RequestParameter:  billNo: 1435242530444 | startTime:2015-06-25 14:28:56

2015-06-25T14:28:56Z
Array
(
    [MODE] => U
    [FRMT] => XML
    [VERS] => 0630
    [MERC] => 680000
    [SESS] => b116a60203eea470adcebf8265838baf
    [TRAN] => 3C860RHNLK5C
    [AUTH] => D
    [MACK] => Y
)


2015-06-25T14:28:56Z
ResponseParameter:  billNo: 1435242530444 | endTime:2015-06-25 14:28:56

2015-06-25T14:28:56Z
<?xml version="1.0" encoding="UTF-8"?>
<RESPONSE>
  <VERS>0630</VERS>
  <MODE>U</MODE>
  <TRAN>3C860RHNLK5C</TRAN>
  <MERC>680000</MERC>
  <SESS>b116a60203eea470adcebf8265838baf</SESS>
  <RULES_TRIGGERED>0</RULES_TRIGGERED>
  <COUNTERS_TRIGGERED>0</COUNTERS_TRIGGERED>
  <REASON_CODE></REASON_CODE>
  <MASTERCARD></MASTERCARD>
  <WARNING_COUNT>0</WARNING_COUNT>
</RESPONSE>

2015-06-25T14:48:41Z
RequestParameter:  billNo: 25d7357269ec4063846b33ea1fcd0983 | startTime:2015-06-25 14:48:41

2015-06-25T14:48:41Z
Array
(
    [MODE] => U
    [FRMT] => XML
    [VERS] => 0630
    [MERC] => 680000
    [SESS] => 25d7357269ec4063846b33ea1fcd0983
    [TRAN] => 3C860GZHW6C6
    [AUTH] => D
    [MACK] => Y
)


2015-06-25T14:48:42Z
ResponseParameter:  billNo: 25d7357269ec4063846b33ea1fcd0983 | endTime:2015-06-25 14:48:42

2015-06-25T14:48:42Z
<?xml version="1.0" encoding="UTF-8"?>
<RESPONSE>
  <VERS>0630</VERS>
  <MODE>U</MODE>
  <TRAN>3C860GZHW6C6</TRAN>
  <MERC>680000</MERC>
  <SESS>25d7357269ec4063846b33ea1fcd0983</SESS>
  <RULES_TRIGGERED>0</RULES_TRIGGERED>
  <COUNTERS_TRIGGERED>0</COUNTERS_TRIGGERED>
  <REASON_CODE></REASON_CODE>
  <MASTERCARD></MASTERCARD>
  <WARNING_COUNT>0</WARNING_COUNT>
</RESPONSE>

2015-06-25T14:48:48Z
RequestParameter:  billNo: 53859fc3cbd04556a126deaae5a6374a | startTime:2015-06-25 14:48:48

2015-06-25T14:48:48Z
Array
(
    [MODE] => U
    [FRMT] => XML
    [VERS] => 0630
    [MERC] => 680000
    [SESS] => 53859fc3cbd04556a126deaae5a6374a
    [TRAN] => 3C8607KKLGPR
    [AUTH] => D
    [MACK] => Y
)


2015-06-25T14:48:48Z
ResponseParameter:  billNo: 53859fc3cbd04556a126deaae5a6374a | endTime:2015-06-25 14:48:48

2015-06-25T14:48:48Z
<?xml version="1.0" encoding="UTF-8"?>
<RESPONSE>
  <VERS>0630</VERS>
  <MODE>U</MODE>
  <TRAN>3C8607KKLGPR</TRAN>
  <MERC>680000</MERC>
  <SESS>53859fc3cbd04556a126deaae5a6374a</SESS>
  <RULES_TRIGGERED>0</RULES_TRIGGERED>
  <COUNTERS_TRIGGERED>0</COUNTERS_TRIGGERED>
  <REASON_CODE></REASON_CODE>
  <MASTERCARD></MASTERCARD>
  <WARNING_COUNT>0</WARNING_COUNT>
</RESPONSE>

2015-06-25T15:04:10Z
RequestParameter:  billNo: uWyeb1435244644 | startTime:2015-06-25 15:04:10

2015-06-25T15:04:10Z
Array
(
    [MODE] => U
    [FRMT] => XML
    [VERS] => 0630
    [MERC] => 680000
    [SESS] => uWyeb1435244644
    [TRAN] => 3C810VJZY7DC
    [AUTH] => D
    [MACK] => Y
)


2015-06-25T15:04:11Z
ResponseParameter:  billNo: uWyeb1435244644 | endTime:2015-06-25 15:04:11

2015-06-25T15:04:11Z
<?xml version="1.0" encoding="UTF-8"?>
<RESPONSE>
  <VERS>0630</VERS>
  <MODE>U</MODE>
  <TRAN>3C810VJZY7DC</TRAN>
  <MERC>680000</MERC>
  <SESS>uWyeb1435244644</SESS>
  <RULES_TRIGGERED>0</RULES_TRIGGERED>
  <COUNTERS_TRIGGERED>0</COUNTERS_TRIGGERED>
  <REASON_CODE></REASON_CODE>
  <MASTERCARD></MASTERCARD>
  <WARNING_COUNT>0</WARNING_COUNT>
</RESPONSE>

2015-06-25T15:24:14Z
RequestParameter:  billNo: bb2049faa6b145c7bb30446788ae9a9b | startTime:2015-06-25 15:24:14

2015-06-25T15:24:14Z
Array
(
    [MODE] => U
    [FRMT] => XML
    [VERS] => 0630
    [MERC] => 680000
    [SESS] => bb2049faa6b145c7bb30446788ae9a9b
    [TRAN] => 3C810K7LK2TH
    [AUTH] => D
    [MACK] => Y
)


2015-06-25T15:24:15Z
ResponseParameter:  billNo: bb2049faa6b145c7bb30446788ae9a9b | endTime:2015-06-25 15:24:15

2015-06-25T15:24:15Z
<?xml version="1.0" encoding="UTF-8"?>
<RESPONSE>
  <VERS>0630</VERS>
  <MODE>U</MODE>
  <TRAN>3C810K7LK2TH</TRAN>
  <MERC>680000</MERC>
  <SESS>bb2049faa6b145c7bb30446788ae9a9b</SESS>
  <RULES_TRIGGERED>0</RULES_TRIGGERED>
  <COUNTERS_TRIGGERED>0</COUNTERS_TRIGGERED>
  <REASON_CODE></REASON_CODE>
  <MASTERCARD></MASTERCARD>
  <WARNING_COUNT>0</WARNING_COUNT>
</RESPONSE>

2015-06-25T15:25:46Z
RequestParameter:  billNo: 912c6b8b4b09419c9d225dd5e34ac996 | startTime:2015-06-25 15:25:46

2015-06-25T15:25:46Z
Array
(
    [MODE] => U
    [FRMT] => XML
    [VERS] => 0630
    [MERC] => 680000
    [SESS] => 912c6b8b4b09419c9d225dd5e34ac996
    [TRAN] => 3C8106MYB7N6
    [AUTH] => D
    [MACK] => Y
)


2015-06-25T15:25:46Z
ResponseParameter:  billNo: 912c6b8b4b09419c9d225dd5e34ac996 | endTime:2015-06-25 15:25:46

2015-06-25T15:25:46Z
<?xml version="1.0" encoding="UTF-8"?>
<RESPONSE>
  <VERS>0630</VERS>
  <MODE>U</MODE>
  <TRAN>3C8106MYB7N6</TRAN>
  <MERC>680000</MERC>
  <SESS>912c6b8b4b09419c9d225dd5e34ac996</SESS>
  <RULES_TRIGGERED>0</RULES_TRIGGERED>
  <COUNTERS_TRIGGERED>0</COUNTERS_TRIGGERED>
  <REASON_CODE></REASON_CODE>
  <MASTERCARD></MASTERCARD>
  <WARNING_COUNT>0</WARNING_COUNT>
</RESPONSE>

2015-06-25T15:42:03Z
RequestParameter:  billNo: b64dccdf8c6d4c6db99e799f2d4a29d4 | startTime:2015-06-25 15:42:03

2015-06-25T15:42:03Z
Array
(
    [MODE] => U
    [FRMT] => XML
    [VERS] => 0630
    [MERC] => 680000
    [SESS] => b64dccdf8c6d4c6db99e799f2d4a29d4
    [TRAN] => 3C810SGPLDR4
    [AUTH] => D
    [MACK] => Y
)


2015-06-25T15:42:04Z
ResponseParameter:  billNo: b64dccdf8c6d4c6db99e799f2d4a29d4 | endTime:2015-06-25 15:42:04

2015-06-25T15:42:04Z
<?xml version="1.0" encoding="UTF-8"?>
<RESPONSE>
  <VERS>0630</VERS>
  <MODE>U</MODE>
  <TRAN>3C810SGPLDR4</TRAN>
  <MERC>680000</MERC>
  <SESS>b64dccdf8c6d4c6db99e799f2d4a29d4</SESS>
  <RULES_TRIGGERED>0</RULES_TRIGGERED>
  <COUNTERS_TRIGGERED>0</COUNTERS_TRIGGERED>
  <REASON_CODE></REASON_CODE>
  <MASTERCARD></MASTERCARD>
  <WARNING_COUNT>0</WARNING_COUNT>
</RESPONSE>

2015-06-25T15:43:01Z
RequestParameter:  billNo: faf4075450d34c2a9135886e9e8684cf | startTime:2015-06-25 15:43:01

2015-06-25T15:43:01Z
Array
(
    [MODE] => U
    [FRMT] => XML
    [VERS] => 0630
    [MERC] => 680000
    [SESS] => 954f0f13ced04de9ad441fb9866b7066
    [TRAN] => 3C810KMKLXVX
    [AUTH] => D
    [MACK] => Y
)


2015-06-25T15:43:02Z
ResponseParameter:  billNo: faf4075450d34c2a9135886e9e8684cf | endTime:2015-06-25 15:43:02

2015-06-25T15:43:02Z
<?xml version="1.0" encoding="UTF-8"?>
<RESPONSE>
  <VERS>0630</VERS>
  <MODE>U</MODE>
  <TRAN>3C810KMKLXVX</TRAN>
  <MERC>680000</MERC>
  <SESS>954f0f13ced04de9ad441fb9866b7066</SESS>
  <RULES_TRIGGERED>0</RULES_TRIGGERED>
  <COUNTERS_TRIGGERED>0</COUNTERS_TRIGGERED>
  <REASON_CODE></REASON_CODE>
  <MASTERCARD></MASTERCARD>
  <WARNING_COUNT>0</WARNING_COUNT>
</RESPONSE>

2015-06-25T15:43:06Z
RequestParameter:  billNo: 2a87927821aa4ef287b8628f6854f416 | startTime:2015-06-25 15:43:06

2015-06-25T15:43:06Z
Array
(
    [MODE] => U
    [FRMT] => XML
    [VERS] => 0630
    [MERC] => 680000
    [SESS] => 2a87927821aa4ef287b8628f6854f416
    [TRAN] => 3C810QGQSHDW
    [AUTH] => D
    [MACK] => Y
)


2015-06-25T15:43:07Z
ResponseParameter:  billNo: 2a87927821aa4ef287b8628f6854f416 | endTime:2015-06-25 15:43:07

2015-06-25T15:43:07Z
<?xml version="1.0" encoding="UTF-8"?>
<RESPONSE>
  <VERS>0630</VERS>
  <MODE>U</MODE>
  <TRAN>3C810QGQSHDW</TRAN>
  <MERC>680000</MERC>
  <SESS>2a87927821aa4ef287b8628f6854f416</SESS>
  <RULES_TRIGGERED>0</RULES_TRIGGERED>
  <COUNTERS_TRIGGERED>0</COUNTERS_TRIGGERED>
  <REASON_CODE></REASON_CODE>
  <MASTERCARD></MASTERCARD>
  <WARNING_COUNT>0</WARNING_COUNT>
</RESPONSE>

2015-06-25T15:44:28Z
RequestParameter:  billNo: 69b5807dd79246559be151c0cbb65548 | startTime:2015-06-25 15:44:28

2015-06-25T15:44:28Z
Array
(
    [MODE] => U
    [FRMT] => XML
    [VERS] => 0630
    [MERC] => 680000
    [SESS] => 439a1fa6e1114a30b4af11cbba7e2b17
    [TRAN] => 3C810QY29K2W
    [AUTH] => D
    [MACK] => Y
)


2015-06-25T15:44:29Z
ResponseParameter:  billNo: 69b5807dd79246559be151c0cbb65548 | endTime:2015-06-25 15:44:29

2015-06-25T15:44:29Z
<?xml version="1.0" encoding="UTF-8"?>
<RESPONSE>
  <VERS>0630</VERS>
  <MODE>U</MODE>
  <TRAN>3C810QY29K2W</TRAN>
  <MERC>680000</MERC>
  <SESS>439a1fa6e1114a30b4af11cbba7e2b17</SESS>
  <RULES_TRIGGERED>0</RULES_TRIGGERED>
  <COUNTERS_TRIGGERED>0</COUNTERS_TRIGGERED>
  <REASON_CODE></REASON_CODE>
  <MASTERCARD></MASTERCARD>
  <WARNING_COUNT>0</WARNING_COUNT>
</RESPONSE>

2015-06-25T16:13:17Z
RequestParameter:  billNo: f55594836e6349ac89fc8aef7b98bd8e | startTime:2015-06-25 16:13:17

2015-06-25T16:13:17Z
Array
(
    [MODE] => U
    [FRMT] => XML
    [VERS] => 0630
    [MERC] => 680000
    [SESS] => f55594836e6349ac89fc8aef7b98bd8e
    [TRAN] => 3C83048P2B7C
    [AUTH] => D
    [MACK] => Y
)


2015-06-25T16:13:18Z
ResponseParameter:  billNo: f55594836e6349ac89fc8aef7b98bd8e | endTime:2015-06-25 16:13:18

2015-06-25T16:13:18Z
<?xml version="1.0" encoding="UTF-8"?>
<RESPONSE>
  <VERS>0630</VERS>
  <MODE>U</MODE>
  <TRAN>3C83048P2B7C</TRAN>
  <MERC>680000</MERC>
  <SESS>f55594836e6349ac89fc8aef7b98bd8e</SESS>
  <RULES_TRIGGERED>0</RULES_TRIGGERED>
  <COUNTERS_TRIGGERED>0</COUNTERS_TRIGGERED>
  <REASON_CODE></REASON_CODE>
  <MASTERCARD></MASTERCARD>
  <WARNING_COUNT>0</WARNING_COUNT>
</RESPONSE>

2015-06-25T16:13:25Z
RequestParameter:  billNo: 6q0vK1435248800 | startTime:2015-06-25 16:13:25

2015-06-25T16:13:25Z
Array
(
    [MODE] => U
    [FRMT] => XML
    [VERS] => 0630
    [MERC] => 680000
    [SESS] => 6q0vK1435248800
    [TRAN] => 3C830DGBN269
    [AUTH] => D
    [MACK] => Y
)


2015-06-25T16:13:26Z
ResponseParameter:  billNo: 6q0vK1435248800 | endTime:2015-06-25 16:13:26

2015-06-25T16:13:26Z
<?xml version="1.0" encoding="UTF-8"?>
<RESPONSE>
  <VERS>0630</VERS>
  <MODE>U</MODE>
  <TRAN>3C830DGBN269</TRAN>
  <MERC>680000</MERC>
  <SESS>6q0vK1435248800</SESS>
  <RULES_TRIGGERED>0</RULES_TRIGGERED>
  <COUNTERS_TRIGGERED>0</COUNTERS_TRIGGERED>
  <REASON_CODE></REASON_CODE>
  <MASTERCARD></MASTERCARD>
  <WARNING_COUNT>0</WARNING_COUNT>
</RESPONSE>

2015-06-25T16:45:04Z
RequestParameter:  billNo: 99e41b9f1fca487595e59591e5d92115 | startTime:2015-06-25 16:45:04

2015-06-25T16:45:04Z
Array
(
    [MODE] => U
    [FRMT] => XML
    [VERS] => 0630
    [MERC] => 680000
    [SESS] => 99e41b9f1fca487595e59591e5d92115
    [TRAN] => 3C830XWKRL03
    [AUTH] => D
    [MACK] => Y
)


2015-06-25T16:45:05Z
ResponseParameter:  billNo: 99e41b9f1fca487595e59591e5d92115 | endTime:2015-06-25 16:45:05

2015-06-25T16:45:05Z
<?xml version="1.0" encoding="UTF-8"?>
<RESPONSE>
  <VERS>0630</VERS>
  <MODE>U</MODE>
  <TRAN>3C830XWKRL03</TRAN>
  <MERC>680000</MERC>
  <SESS>99e41b9f1fca487595e59591e5d92115</SESS>
  <RULES_TRIGGERED>0</RULES_TRIGGERED>
  <COUNTERS_TRIGGERED>0</COUNTERS_TRIGGERED>
  <REASON_CODE></REASON_CODE>
  <MASTERCARD></MASTERCARD>
  <WARNING_COUNT>0</WARNING_COUNT>
</RESPONSE>

2015-06-25T16:52:40Z
RequestParameter:  billNo: 9533fbcb9962458d8bc19550a252fd41 | startTime:2015-06-25 16:52:40

2015-06-25T16:52:40Z
Array
(
    [MODE] => U
    [FRMT] => XML
    [VERS] => 0630
    [MERC] => 680000
    [SESS] => 9533fbcb9962458d8bc19550a252fd41
    [TRAN] => 3C8301SWPPQ5
    [AUTH] => D
    [MACK] => Y
)


2015-06-25T16:52:41Z
ResponseParameter:  billNo: 9533fbcb9962458d8bc19550a252fd41 | endTime:2015-06-25 16:52:41

2015-06-25T16:52:41Z
<?xml version="1.0" encoding="UTF-8"?>
<RESPONSE>
  <VERS>0630</VERS>
  <MODE>U</MODE>
  <TRAN>3C8301SWPPQ5</TRAN>
  <MERC>680000</MERC>
  <SESS>9533fbcb9962458d8bc19550a252fd41</SESS>
  <RULES_TRIGGERED>0</RULES_TRIGGERED>
  <COUNTERS_TRIGGERED>0</COUNTERS_TRIGGERED>
  <REASON_CODE></REASON_CODE>
  <MASTERCARD></MASTERCARD>
  <WARNING_COUNT>0</WARNING_COUNT>
</RESPONSE>

2015-06-25T16:54:07Z
RequestParameter:  billNo: 3196913984ef48bc99b37f6a2ebaa046 | startTime:2015-06-25 16:54:07

2015-06-25T16:54:07Z
Array
(
    [MODE] => U
    [FRMT] => XML
    [VERS] => 0630
    [MERC] => 680000
    [SESS] => 3196913984ef48bc99b37f6a2ebaa046
    [TRAN] => 3C830KKMHJBT
    [AUTH] => D
    [MACK] => Y
)


2015-06-25T16:54:08Z
ResponseParameter:  billNo: 3196913984ef48bc99b37f6a2ebaa046 | endTime:2015-06-25 16:54:08

2015-06-25T16:54:08Z
<?xml version="1.0" encoding="UTF-8"?>
<RESPONSE>
  <VERS>0630</VERS>
  <MODE>U</MODE>
  <TRAN>3C830KKMHJBT</TRAN>
  <MERC>680000</MERC>
  <SESS>3196913984ef48bc99b37f6a2ebaa046</SESS>
  <RULES_TRIGGERED>0</RULES_TRIGGERED>
  <COUNTERS_TRIGGERED>0</COUNTERS_TRIGGERED>
  <REASON_CODE></REASON_CODE>
  <MASTERCARD></MASTERCARD>
  <WARNING_COUNT>0</WARNING_COUNT>
</RESPONSE>

2015-06-25T17:04:00Z
RequestParameter:  billNo: 9473a5ea752d49f48be4d2d746c3d807 | startTime:2015-06-25 17:04:00

2015-06-25T17:04:00Z
Array
(
    [MODE] => U
    [FRMT] => XML
    [VERS] => 0630
    [MERC] => 680000
    [SESS] => 9473a5ea752d49f48be4d2d746c3d807
    [TRAN] => 3C8P0DYJTJR6
    [AUTH] => D
    [MACK] => Y
)


2015-06-25T17:04:01Z
ResponseParameter:  billNo: 9473a5ea752d49f48be4d2d746c3d807 | endTime:2015-06-25 17:04:01

2015-06-25T17:04:01Z
<?xml version="1.0" encoding="UTF-8"?>
<RESPONSE>
  <VERS>0630</VERS>
  <MODE>U</MODE>
  <TRAN>3C8P0DYJTJR6</TRAN>
  <MERC>680000</MERC>
  <SESS>9473a5ea752d49f48be4d2d746c3d807</SESS>
  <RULES_TRIGGERED>0</RULES_TRIGGERED>
  <COUNTERS_TRIGGERED>0</COUNTERS_TRIGGERED>
  <REASON_CODE></REASON_CODE>
  <MASTERCARD></MASTERCARD>
  <WARNING_COUNT>0</WARNING_COUNT>
</RESPONSE>

2015-06-25T17:05:24Z
RequestParameter:  billNo: 198432446 | startTime:2015-06-25 17:05:24

2015-06-25T17:05:24Z
Array
(
    [MODE] => U
    [FRMT] => XML
    [VERS] => 0630
    [MERC] => 680000
    [SESS] => 198432446
    [TRAN] => 3C8P0WVKZRPH
    [AUTH] => D
    [MACK] => Y
)


2015-06-25T17:05:24Z
ResponseParameter:  billNo: 198432446 | endTime:2015-06-25 17:05:24

2015-06-25T17:05:24Z
<?xml version="1.0" encoding="UTF-8"?>
<RESPONSE>
  <VERS>0630</VERS>
  <MODE>U</MODE>
  <TRAN>3C8P0WVKZRPH</TRAN>
  <MERC>680000</MERC>
  <SESS>198432446</SESS>
  <RULES_TRIGGERED>0</RULES_TRIGGERED>
  <COUNTERS_TRIGGERED>0</COUNTERS_TRIGGERED>
  <REASON_CODE></REASON_CODE>
  <MASTERCARD></MASTERCARD>
  <WARNING_COUNT>0</WARNING_COUNT>
</RESPONSE>

2015-06-25T17:07:23Z
RequestParameter:  billNo: 445745446 | startTime:2015-06-25 17:07:23

2015-06-25T17:07:23Z
Array
(
    [MODE] => U
    [FRMT] => XML
    [VERS] => 0630
    [MERC] => 680000
    [SESS] => 445745446
    [TRAN] => 3C8P02CK0534
    [AUTH] => D
    [MACK] => Y
)


2015-06-25T17:07:24Z
ResponseParameter:  billNo: 445745446 | endTime:2015-06-25 17:07:24

2015-06-25T17:07:24Z
<?xml version="1.0" encoding="UTF-8"?>
<RESPONSE>
  <VERS>0630</VERS>
  <MODE>U</MODE>
  <TRAN>3C8P02CK0534</TRAN>
  <MERC>680000</MERC>
  <SESS>445745446</SESS>
  <RULES_TRIGGERED>0</RULES_TRIGGERED>
  <COUNTERS_TRIGGERED>0</COUNTERS_TRIGGERED>
  <REASON_CODE></REASON_CODE>
  <MASTERCARD></MASTERCARD>
  <WARNING_COUNT>0</WARNING_COUNT>
</RESPONSE>

2015-06-25T17:28:54Z
RequestParameter:  billNo: dd392d7f65964a2696d53880c2370e37 | startTime:2015-06-25 17:28:54

2015-06-25T17:28:54Z
Array
(
    [MODE] => U
    [FRMT] => XML
    [VERS] => 0630
    [MERC] => 680000
    [SESS] => dd392d7f65964a2696d53880c2370e37
    [TRAN] => 3C8P0YS3P3T3
    [AUTH] => D
    [MACK] => Y
)


2015-06-25T17:28:55Z
ResponseParameter:  billNo: dd392d7f65964a2696d53880c2370e37 | endTime:2015-06-25 17:28:55

2015-06-25T17:28:55Z
<?xml version="1.0" encoding="UTF-8"?>
<RESPONSE>
  <VERS>0630</VERS>
  <MODE>U</MODE>
  <TRAN>3C8P0YS3P3T3</TRAN>
  <MERC>680000</MERC>
  <SESS>dd392d7f65964a2696d53880c2370e37</SESS>
  <RULES_TRIGGERED>0</RULES_TRIGGERED>
  <COUNTERS_TRIGGERED>0</COUNTERS_TRIGGERED>
  <REASON_CODE></REASON_CODE>
  <MASTERCARD></MASTERCARD>
  <WARNING_COUNT>0</WARNING_COUNT>
</RESPONSE>

2015-06-25T17:41:12Z
RequestParameter:  billNo: e15f8a8b1f054566bc2c7c815fd59011 | startTime:2015-06-25 17:41:12

2015-06-25T17:41:12Z
Array
(
    [MODE] => U
    [FRMT] => XML
    [VERS] => 0630
    [MERC] => 680000
    [SESS] => e15f8a8b1f054566bc2c7c815fd59011
    [TRAN] => 3C8P03M0C589
    [AUTH] => D
    [MACK] => Y
)


2015-06-25T17:41:13Z
ResponseParameter:  billNo: e15f8a8b1f054566bc2c7c815fd59011 | endTime:2015-06-25 17:41:13

2015-06-25T17:41:13Z
<?xml version="1.0" encoding="UTF-8"?>
<RESPONSE>
  <VERS>0630</VERS>
  <MODE>U</MODE>
  <TRAN>3C8P03M0C589</TRAN>
  <MERC>680000</MERC>
  <SESS>e15f8a8b1f054566bc2c7c815fd59011</SESS>
  <RULES_TRIGGERED>0</RULES_TRIGGERED>
  <COUNTERS_TRIGGERED>0</COUNTERS_TRIGGERED>
  <REASON_CODE></REASON_CODE>
  <MASTERCARD></MASTERCARD>
  <WARNING_COUNT>0</WARNING_COUNT>
</RESPONSE>

2015-06-25T17:41:59Z
RequestParameter:  billNo: c4f468770a454335b47b46c37967f021 | startTime:2015-06-25 17:41:59

2015-06-25T17:41:59Z
Array
(
    [MODE] => U
    [FRMT] => XML
    [VERS] => 0630
    [MERC] => 680000
    [SESS] => c4f468770a454335b47b46c37967f021
    [TRAN] => 3C8P0P9XVM9Z
    [AUTH] => D
    [MACK] => Y
)


2015-06-25T17:42:00Z
ResponseParameter:  billNo: c4f468770a454335b47b46c37967f021 | endTime:2015-06-25 17:42:00

2015-06-25T17:42:00Z
<?xml version="1.0" encoding="UTF-8"?>
<RESPONSE>
  <VERS>0630</VERS>
  <MODE>U</MODE>
  <TRAN>3C8P0P9XVM9Z</TRAN>
  <MERC>680000</MERC>
  <SESS>c4f468770a454335b47b46c37967f021</SESS>
  <RULES_TRIGGERED>0</RULES_TRIGGERED>
  <COUNTERS_TRIGGERED>0</COUNTERS_TRIGGERED>
  <REASON_CODE></REASON_CODE>
  <MASTERCARD></MASTERCARD>
  <WARNING_COUNT>0</WARNING_COUNT>
</RESPONSE>

2015-06-25T18:11:34Z
RequestParameter:  billNo: 545d71fcbff0449db9311fc52d30bae6 | startTime:2015-06-25 18:11:34

2015-06-25T18:11:34Z
Array
(
    [MODE] => U
    [FRMT] => XML
    [VERS] => 0630
    [MERC] => 680000
    [SESS] => 545d71fcbff0449db9311fc52d30bae6
    [TRAN] => 3C870BVR8BTD
    [AUTH] => D
    [MACK] => Y
)


2015-06-25T18:11:35Z
ResponseParameter:  billNo: 545d71fcbff0449db9311fc52d30bae6 | endTime:2015-06-25 18:11:35

2015-06-25T18:11:35Z
<?xml version="1.0" encoding="UTF-8"?>
<RESPONSE>
  <VERS>0630</VERS>
  <MODE>U</MODE>
  <TRAN>3C870BVR8BTD</TRAN>
  <MERC>680000</MERC>
  <SESS>545d71fcbff0449db9311fc52d30bae6</SESS>
  <RULES_TRIGGERED>0</RULES_TRIGGERED>
  <COUNTERS_TRIGGERED>0</COUNTERS_TRIGGERED>
  <REASON_CODE></REASON_CODE>
  <MASTERCARD></MASTERCARD>
  <WARNING_COUNT>0</WARNING_COUNT>
</RESPONSE>

2015-06-25T21:44:50Z
RequestParameter:  billNo: d5daad74d0ed45d8bbb968b29da84a20 | startTime:2015-06-25 21:44:50

2015-06-25T21:44:50Z
Array
(
    [MODE] => U
    [FRMT] => XML
    [VERS] => 0630
    [MERC] => 680000
    [SESS] => d5daad74d0ed45d8bbb968b29da84a20
    [TRAN] => 3C6K0C60V17J
    [AUTH] => D
    [MACK] => Y
)


2015-06-25T21:44:51Z
ResponseParameter:  billNo: d5daad74d0ed45d8bbb968b29da84a20 | endTime:2015-06-25 21:44:51

2015-06-25T21:44:51Z
<?xml version="1.0" encoding="UTF-8"?>
<RESPONSE>
  <VERS>0630</VERS>
  <MODE>U</MODE>
  <TRAN>3C6K0C60V17J</TRAN>
  <MERC>680000</MERC>
  <SESS>d5daad74d0ed45d8bbb968b29da84a20</SESS>
  <RULES_TRIGGERED>0</RULES_TRIGGERED>
  <COUNTERS_TRIGGERED>0</COUNTERS_TRIGGERED>
  <REASON_CODE></REASON_CODE>
  <MASTERCARD></MASTERCARD>
  <WARNING_COUNT>0</WARNING_COUNT>
</RESPONSE>

2015-06-25T21:49:19Z
RequestParameter:  billNo: b4ad4625757844f78bfa7aedaf1acd97 | startTime:2015-06-25 21:49:19

2015-06-25T21:49:19Z
Array
(
    [MODE] => U
    [FRMT] => XML
    [VERS] => 0630
    [MERC] => 680000
    [SESS] => b4ad4625757844f78bfa7aedaf1acd97
    [TRAN] => 3C6K0S3QKKK1
    [AUTH] => D
    [MACK] => Y
)


2015-06-25T21:49:20Z
ResponseParameter:  billNo: b4ad4625757844f78bfa7aedaf1acd97 | endTime:2015-06-25 21:49:20

2015-06-25T21:49:20Z
<?xml version="1.0" encoding="UTF-8"?>
<RESPONSE>
  <VERS>0630</VERS>
  <MODE>U</MODE>
  <TRAN>3C6K0S3QKKK1</TRAN>
  <MERC>680000</MERC>
  <SESS>b4ad4625757844f78bfa7aedaf1acd97</SESS>
  <RULES_TRIGGERED>0</RULES_TRIGGERED>
  <COUNTERS_TRIGGERED>0</COUNTERS_TRIGGERED>
  <REASON_CODE></REASON_CODE>
  <MASTERCARD></MASTERCARD>
  <WARNING_COUNT>0</WARNING_COUNT>
</RESPONSE>

2015-06-25T21:53:20Z
RequestParameter:  billNo: 871522e6e418456bbaf00944e6122a86 | startTime:2015-06-25 21:53:20

2015-06-25T21:53:20Z
Array
(
    [MODE] => U
    [FRMT] => XML
    [VERS] => 0630
    [MERC] => 680000
    [SESS] => 871522e6e418456bbaf00944e6122a86
    [TRAN] => 3C6K0TJ6QXVJ
    [AUTH] => D
    [MACK] => Y
)


2015-06-25T21:53:21Z
ResponseParameter:  billNo: 871522e6e418456bbaf00944e6122a86 | endTime:2015-06-25 21:53:21

2015-06-25T21:53:21Z
<?xml version="1.0" encoding="UTF-8"?>
<RESPONSE>
  <VERS>0630</VERS>
  <MODE>U</MODE>
  <TRAN>3C6K0TJ6QXVJ</TRAN>
  <MERC>680000</MERC>
  <SESS>871522e6e418456bbaf00944e6122a86</SESS>
  <RULES_TRIGGERED>0</RULES_TRIGGERED>
  <COUNTERS_TRIGGERED>0</COUNTERS_TRIGGERED>
  <REASON_CODE></REASON_CODE>
  <MASTERCARD></MASTERCARD>
  <WARNING_COUNT>0</WARNING_COUNT>
</RESPONSE>

2015-06-25T22:03:14Z
RequestParameter:  billNo: a44d1120356b473a842dfbd2f879de05 | startTime:2015-06-25 22:03:14

2015-06-25T22:03:14Z
Array
(
    [MODE] => U
    [FRMT] => XML
    [VERS] => 0630
    [MERC] => 680000
    [SESS] => a44d1120356b473a842dfbd2f879de05
    [TRAN] => 3C6N0HPGR376
    [AUTH] => D
    [MACK] => Y
)


2015-06-25T22:03:15Z
ResponseParameter:  billNo: a44d1120356b473a842dfbd2f879de05 | endTime:2015-06-25 22:03:15

2015-06-25T22:03:15Z
<?xml version="1.0" encoding="UTF-8"?>
<RESPONSE>
  <VERS>0630</VERS>
  <MODE>U</MODE>
  <TRAN>3C6N0HPGR376</TRAN>
  <MERC>680000</MERC>
  <SESS>a44d1120356b473a842dfbd2f879de05</SESS>
  <RULES_TRIGGERED>0</RULES_TRIGGERED>
  <COUNTERS_TRIGGERED>0</COUNTERS_TRIGGERED>
  <REASON_CODE></REASON_CODE>
  <MASTERCARD></MASTERCARD>
  <WARNING_COUNT>0</WARNING_COUNT>
</RESPONSE>

