2015-05-15T00:03:46Z
RequestParameter:  billNo: iOLPS1431648193 | startTime:2015-05-15 00:03:46

2015-05-15T00:03:46Z
Array
(
    [MODE] => U
    [FRMT] => XML
    [VERS] => 0630
    [MERC] => 680000
    [SESS] => iOLPS1431648193
    [TRAN] => 309S0NKQW9Q1
    [AUTH] => D
    [MACK] => Y
)


2015-05-15T00:03:48Z
ResponseParameter:  billNo: iOLPS1431648193 | endTime:2015-05-15 00:03:48

2015-05-15T00:03:48Z
<?xml version="1.0" encoding="UTF-8"?>
<RESPONSE>
  <VERS>0630</VERS>
  <MODE>U</MODE>
  <TRAN>309S0NKQW9Q1</TRAN>
  <MERC>680000</MERC>
  <SESS>iOLPS1431648193</SESS>
  <RULES_TRIGGERED>0</RULES_TRIGGERED>
  <COUNTERS_TRIGGERED>0</COUNTERS_TRIGGERED>
  <REASON_CODE></REASON_CODE>
  <MASTERCARD></MASTERCARD>
  <WARNING_COUNT>0</WARNING_COUNT>
</RESPONSE>

2015-05-15T01:31:43Z
RequestParameter:  billNo: 6439e3ce8cff44b29245bf883864a0b8 | startTime:2015-05-15 01:31:43

2015-05-15T01:31:43Z
Array
(
    [MODE] => U
    [FRMT] => XML
    [VERS] => 0630
    [MERC] => 680000
    [SESS] => 6439e3ce8cff44b29245bf883864a0b8
    [TRAN] => 30K00Q0H3NXJ
    [AUTH] => 
    [MACK] => Y
    [RFCB] => R
)


2015-05-15T01:31:44Z
ResponseParameter:  billNo: 6439e3ce8cff44b29245bf883864a0b8 | endTime:2015-05-15 01:31:44

2015-05-15T01:31:44Z
<?xml version="1.0" encoding="UTF-8"?>
<RESPONSE>
  <VERS>0630</VERS>
  <MODE>U</MODE>
  <TRAN>30K00Q0H3NXJ</TRAN>
  <MERC>680000</MERC>
  <SESS>6439e3ce8cff44b29245bf883864a0b8</SESS>
  <RULES_TRIGGERED>0</RULES_TRIGGERED>
  <COUNTERS_TRIGGERED>0</COUNTERS_TRIGGERED>
  <REASON_CODE></REASON_CODE>
  <MASTERCARD></MASTERCARD>
  <WARNING_COUNT>0</WARNING_COUNT>
</RESPONSE>

2015-05-15T01:33:53Z
RequestParameter:  billNo: 8b5d2e021bfa41c7a11e61df5ff8eea4 | startTime:2015-05-15 01:33:53

2015-05-15T01:33:53Z
Array
(
    [MODE] => U
    [FRMT] => XML
    [VERS] => 0630
    [MERC] => 680000
    [SESS] => 41438e1ebca14838874f4ecfccf6aee1
    [TRAN] => 30G30PBKS86M
    [AUTH] => 
    [MACK] => Y
    [RFCB] => R
)


2015-05-15T01:33:54Z
ResponseParameter:  billNo: 8b5d2e021bfa41c7a11e61df5ff8eea4 | endTime:2015-05-15 01:33:54

2015-05-15T01:33:54Z
<?xml version="1.0" encoding="UTF-8"?>
<RESPONSE>
  <VERS>0630</VERS>
  <MODE>U</MODE>
  <TRAN>30G30PBKS86M</TRAN>
  <MERC>680000</MERC>
  <SESS>41438e1ebca14838874f4ecfccf6aee1</SESS>
  <RULES_TRIGGERED>0</RULES_TRIGGERED>
  <COUNTERS_TRIGGERED>0</COUNTERS_TRIGGERED>
  <REASON_CODE></REASON_CODE>
  <MASTERCARD></MASTERCARD>
  <WARNING_COUNT>0</WARNING_COUNT>
</RESPONSE>

2015-05-15T01:45:22Z
RequestParameter:  billNo: VZudL1427218879 | startTime:2015-05-15 01:45:22

2015-05-15T01:45:22Z
Array
(
    [MODE] => U
    [FRMT] => XML
    [VERS] => 0630
    [MERC] => 680000
    [SESS] => 
    [TRAN] => 
    [AUTH] => 
    [MACK] => Y
    [RFCB] => R
)


2015-05-15T01:45:24Z
ResponseParameter:  billNo: VZudL1427218879 | endTime:2015-05-15 01:45:24

2015-05-15T01:45:24Z
MODE=E
ERRO=701
ERROR_0=701 NO_HDR
ERROR_COUNT=1
WARNING_COUNT=0

2015-05-15T02:09:32Z
RequestParameter:  billNo: 1431655549-748 | startTime:2015-05-15 02:09:32

2015-05-15T02:09:32Z
Array
(
    [MODE] => U
    [FRMT] => XML
    [VERS] => 0630
    [MERC] => 680000
    [SESS] => 825ebde8be5919dde6ef5d963691d559
    [TRAN] => 309W0YX9KKZK
    [AUTH] => D
    [MACK] => Y
)


2015-05-15T02:09:33Z
ResponseParameter:  billNo: 1431655549-748 | endTime:2015-05-15 02:09:33

2015-05-15T02:09:33Z
<?xml version="1.0" encoding="UTF-8"?>
<RESPONSE>
  <VERS>0630</VERS>
  <MODE>U</MODE>
  <TRAN>309W0YX9KKZK</TRAN>
  <MERC>680000</MERC>
  <SESS>825ebde8be5919dde6ef5d963691d559</SESS>
  <RULES_TRIGGERED>0</RULES_TRIGGERED>
  <COUNTERS_TRIGGERED>0</COUNTERS_TRIGGERED>
  <REASON_CODE></REASON_CODE>
  <MASTERCARD></MASTERCARD>
  <WARNING_COUNT>0</WARNING_COUNT>
</RESPONSE>

2015-05-15T02:11:14Z
RequestParameter:  billNo: 1431655784-748 | startTime:2015-05-15 02:11:14

2015-05-15T02:11:14Z
Array
(
    [MODE] => U
    [FRMT] => XML
    [VERS] => 0630
    [MERC] => 680000
    [SESS] => 70a0512e399fd09a200eedf2059d6f15
    [TRAN] => 309W0RJB0CHL
    [AUTH] => D
    [MACK] => Y
)


2015-05-15T02:11:14Z
ResponseParameter:  billNo: 1431655784-748 | endTime:2015-05-15 02:11:14

2015-05-15T02:11:14Z
<?xml version="1.0" encoding="UTF-8"?>
<RESPONSE>
  <VERS>0630</VERS>
  <MODE>U</MODE>
  <TRAN>309W0RJB0CHL</TRAN>
  <MERC>680000</MERC>
  <SESS>70a0512e399fd09a200eedf2059d6f15</SESS>
  <RULES_TRIGGERED>0</RULES_TRIGGERED>
  <COUNTERS_TRIGGERED>0</COUNTERS_TRIGGERED>
  <REASON_CODE></REASON_CODE>
  <MASTERCARD></MASTERCARD>
  <WARNING_COUNT>0</WARNING_COUNT>
</RESPONSE>

2015-05-15T06:38:27Z
RequestParameter:  billNo: e9d809df695c43b0939089ab2c349a02 | startTime:2015-05-15 06:38:27

2015-05-15T06:38:27Z
Array
(
    [MODE] => U
    [FRMT] => XML
    [VERS] => 0630
    [MERC] => 680000
    [SESS] => 01d662701b2c48bfae85e07f63ccb3bf
    [TRAN] => 30900LYT8SP0
    [AUTH] => D
    [MACK] => Y
)


2015-05-15T06:38:27Z
ResponseParameter:  billNo: e9d809df695c43b0939089ab2c349a02 | endTime:2015-05-15 06:38:27

2015-05-15T06:38:27Z
<?xml version="1.0" encoding="UTF-8"?>
<RESPONSE>
  <VERS>0630</VERS>
  <MODE>U</MODE>
  <TRAN>30900LYT8SP0</TRAN>
  <MERC>680000</MERC>
  <SESS>01d662701b2c48bfae85e07f63ccb3bf</SESS>
  <RULES_TRIGGERED>0</RULES_TRIGGERED>
  <COUNTERS_TRIGGERED>0</COUNTERS_TRIGGERED>
  <REASON_CODE></REASON_CODE>
  <MASTERCARD></MASTERCARD>
  <WARNING_COUNT>0</WARNING_COUNT>
</RESPONSE>

2015-05-15T06:51:41Z
RequestParameter:  billNo: 78f25cee9e2e483ca14a7560e4e24f81 | startTime:2015-05-15 06:51:41

2015-05-15T06:51:41Z
Array
(
    [MODE] => U
    [FRMT] => XML
    [VERS] => 0630
    [MERC] => 680000
    [SESS] => 73bcebc75ba04c0488d5256ef78d9516
    [TRAN] => 30900PBDYHJC
    [AUTH] => D
    [MACK] => Y
)


2015-05-15T06:51:42Z
ResponseParameter:  billNo: 78f25cee9e2e483ca14a7560e4e24f81 | endTime:2015-05-15 06:51:42

2015-05-15T06:51:42Z
<?xml version="1.0" encoding="UTF-8"?>
<RESPONSE>
  <VERS>0630</VERS>
  <MODE>U</MODE>
  <TRAN>30900PBDYHJC</TRAN>
  <MERC>680000</MERC>
  <SESS>73bcebc75ba04c0488d5256ef78d9516</SESS>
  <RULES_TRIGGERED>0</RULES_TRIGGERED>
  <COUNTERS_TRIGGERED>0</COUNTERS_TRIGGERED>
  <REASON_CODE></REASON_CODE>
  <MASTERCARD></MASTERCARD>
  <WARNING_COUNT>0</WARNING_COUNT>
</RESPONSE>

2015-05-15T06:51:51Z
RequestParameter:  billNo: FklaU1431672706 | startTime:2015-05-15 06:51:51

2015-05-15T06:51:51Z
Array
(
    [MODE] => U
    [FRMT] => XML
    [VERS] => 0630
    [MERC] => 680000
    [SESS] => FklaU1431672706
    [TRAN] => 309003JJK56R
    [AUTH] => D
    [MACK] => Y
)


2015-05-15T06:51:52Z
ResponseParameter:  billNo: FklaU1431672706 | endTime:2015-05-15 06:51:52

2015-05-15T06:51:52Z
<?xml version="1.0" encoding="UTF-8"?>
<RESPONSE>
  <VERS>0630</VERS>
  <MODE>U</MODE>
  <TRAN>309003JJK56R</TRAN>
  <MERC>680000</MERC>
  <SESS>FklaU1431672706</SESS>
  <RULES_TRIGGERED>0</RULES_TRIGGERED>
  <COUNTERS_TRIGGERED>0</COUNTERS_TRIGGERED>
  <REASON_CODE></REASON_CODE>
  <MASTERCARD></MASTERCARD>
  <WARNING_COUNT>0</WARNING_COUNT>
</RESPONSE>

2015-05-15T06:52:13Z
RequestParameter:  billNo: Savd91431672728 | startTime:2015-05-15 06:52:13

2015-05-15T06:52:13Z
Array
(
    [MODE] => U
    [FRMT] => XML
    [VERS] => 0630
    [MERC] => 680000
    [SESS] => Savd91431672728
    [TRAN] => 30900CVBCMJP
    [AUTH] => D
    [MACK] => Y
)


2015-05-15T06:52:14Z
ResponseParameter:  billNo: Savd91431672728 | endTime:2015-05-15 06:52:14

2015-05-15T06:52:14Z
<?xml version="1.0" encoding="UTF-8"?>
<RESPONSE>
  <VERS>0630</VERS>
  <MODE>U</MODE>
  <TRAN>30900CVBCMJP</TRAN>
  <MERC>680000</MERC>
  <SESS>Savd91431672728</SESS>
  <RULES_TRIGGERED>0</RULES_TRIGGERED>
  <COUNTERS_TRIGGERED>0</COUNTERS_TRIGGERED>
  <REASON_CODE></REASON_CODE>
  <MASTERCARD></MASTERCARD>
  <WARNING_COUNT>0</WARNING_COUNT>
</RESPONSE>

2015-05-15T07:03:50Z
RequestParameter:  billNo: 55559a59ea36e | startTime:2015-05-15 07:03:50

2015-05-15T07:03:50Z
Array
(
    [MODE] => U
    [FRMT] => XML
    [VERS] => 0630
    [MERC] => 680000
    [SESS] => 55559a59ea36e
    [TRAN] => 309C0MLWVHV1
    [AUTH] => D
    [MACK] => Y
)


2015-05-15T07:03:51Z
ResponseParameter:  billNo: 55559a59ea36e | endTime:2015-05-15 07:03:51

2015-05-15T07:03:51Z
<?xml version="1.0" encoding="UTF-8"?>
<RESPONSE>
  <VERS>0630</VERS>
  <MODE>U</MODE>
  <TRAN>309C0MLWVHV1</TRAN>
  <MERC>680000</MERC>
  <SESS>55559a59ea36e</SESS>
  <RULES_TRIGGERED>0</RULES_TRIGGERED>
  <COUNTERS_TRIGGERED>0</COUNTERS_TRIGGERED>
  <REASON_CODE></REASON_CODE>
  <MASTERCARD></MASTERCARD>
  <WARNING_COUNT>0</WARNING_COUNT>
</RESPONSE>

2015-05-15T07:08:43Z
RequestParameter:  billNo: 1431673721-5660 | startTime:2015-05-15 07:08:43

2015-05-15T07:08:43Z
Array
(
    [MODE] => U
    [FRMT] => XML
    [VERS] => 0630
    [MERC] => 680000
    [SESS] => 1431673721-5660
    [TRAN] => 309C0DM13ZY0
    [AUTH] => D
    [MACK] => Y
)


2015-05-15T07:08:44Z
ResponseParameter:  billNo: 1431673721-5660 | endTime:2015-05-15 07:08:44

2015-05-15T07:08:44Z
<?xml version="1.0" encoding="UTF-8"?>
<RESPONSE>
  <VERS>0630</VERS>
  <MODE>U</MODE>
  <TRAN>309C0DM13ZY0</TRAN>
  <MERC>680000</MERC>
  <SESS>1431673721-5660</SESS>
  <RULES_TRIGGERED>0</RULES_TRIGGERED>
  <COUNTERS_TRIGGERED>0</COUNTERS_TRIGGERED>
  <REASON_CODE></REASON_CODE>
  <MASTERCARD></MASTERCARD>
  <WARNING_COUNT>0</WARNING_COUNT>
</RESPONSE>

2015-05-15T07:09:12Z
RequestParameter:  billNo: 1431673747-5660 | startTime:2015-05-15 07:09:12

2015-05-15T07:09:12Z
Array
(
    [MODE] => U
    [FRMT] => XML
    [VERS] => 0630
    [MERC] => 680000
    [SESS] => 1431673747-5660
    [TRAN] => 309C0VM018J0
    [AUTH] => D
    [MACK] => Y
)


2015-05-15T07:09:13Z
ResponseParameter:  billNo: 1431673747-5660 | endTime:2015-05-15 07:09:13

2015-05-15T07:09:13Z
<?xml version="1.0" encoding="UTF-8"?>
<RESPONSE>
  <VERS>0630</VERS>
  <MODE>U</MODE>
  <TRAN>309C0VM018J0</TRAN>
  <MERC>680000</MERC>
  <SESS>1431673747-5660</SESS>
  <RULES_TRIGGERED>0</RULES_TRIGGERED>
  <COUNTERS_TRIGGERED>0</COUNTERS_TRIGGERED>
  <REASON_CODE></REASON_CODE>
  <MASTERCARD></MASTERCARD>
  <WARNING_COUNT>0</WARNING_COUNT>
</RESPONSE>

2015-05-15T07:10:37Z
RequestParameter:  billNo: 1431673841-10095 | startTime:2015-05-15 07:10:37

2015-05-15T07:10:37Z
Array
(
    [MODE] => U
    [FRMT] => XML
    [VERS] => 0630
    [MERC] => 680000
    [SESS] => 1431673841-10095
    [TRAN] => 309C0X6JXB2N
    [AUTH] => D
    [MACK] => Y
)


2015-05-15T07:10:38Z
ResponseParameter:  billNo: 1431673841-10095 | endTime:2015-05-15 07:10:38

2015-05-15T07:10:38Z
<?xml version="1.0" encoding="UTF-8"?>
<RESPONSE>
  <VERS>0630</VERS>
  <MODE>U</MODE>
  <TRAN>309C0X6JXB2N</TRAN>
  <MERC>680000</MERC>
  <SESS>1431673841-10095</SESS>
  <RULES_TRIGGERED>0</RULES_TRIGGERED>
  <COUNTERS_TRIGGERED>0</COUNTERS_TRIGGERED>
  <REASON_CODE></REASON_CODE>
  <MASTERCARD></MASTERCARD>
  <WARNING_COUNT>0</WARNING_COUNT>
</RESPONSE>

2015-05-15T07:15:48Z
RequestParameter:  billNo: 3AYLx1431674142 | startTime:2015-05-15 07:15:48

2015-05-15T07:15:48Z
Array
(
    [MODE] => U
    [FRMT] => XML
    [VERS] => 0630
    [MERC] => 680000
    [SESS] => 3AYLx1431674142
    [TRAN] => 309C0017DQST
    [AUTH] => D
    [MACK] => Y
)


2015-05-15T07:15:49Z
ResponseParameter:  billNo: 3AYLx1431674142 | endTime:2015-05-15 07:15:49

2015-05-15T07:15:49Z
<?xml version="1.0" encoding="UTF-8"?>
<RESPONSE>
  <VERS>0630</VERS>
  <MODE>U</MODE>
  <TRAN>309C0017DQST</TRAN>
  <MERC>680000</MERC>
  <SESS>3AYLx1431674142</SESS>
  <RULES_TRIGGERED>0</RULES_TRIGGERED>
  <COUNTERS_TRIGGERED>0</COUNTERS_TRIGGERED>
  <REASON_CODE></REASON_CODE>
  <MASTERCARD></MASTERCARD>
  <WARNING_COUNT>0</WARNING_COUNT>
</RESPONSE>

2015-05-15T07:16:21Z
RequestParameter:  billNo: 79NLF1431674177 | startTime:2015-05-15 07:16:21

2015-05-15T07:16:21Z
Array
(
    [MODE] => U
    [FRMT] => XML
    [VERS] => 0630
    [MERC] => 680000
    [SESS] => 79NLF1431674177
    [TRAN] => 309C01MCYK47
    [AUTH] => D
    [MACK] => Y
)


2015-05-15T07:16:22Z
ResponseParameter:  billNo: 79NLF1431674177 | endTime:2015-05-15 07:16:22

2015-05-15T07:16:22Z
<?xml version="1.0" encoding="UTF-8"?>
<RESPONSE>
  <VERS>0630</VERS>
  <MODE>U</MODE>
  <TRAN>309C01MCYK47</TRAN>
  <MERC>680000</MERC>
  <SESS>79NLF1431674177</SESS>
  <RULES_TRIGGERED>0</RULES_TRIGGERED>
  <COUNTERS_TRIGGERED>0</COUNTERS_TRIGGERED>
  <REASON_CODE></REASON_CODE>
  <MASTERCARD></MASTERCARD>
  <WARNING_COUNT>0</WARNING_COUNT>
</RESPONSE>

2015-05-15T07:27:40Z
RequestParameter:  billNo: dE3Wf1431674855 | startTime:2015-05-15 07:27:40

2015-05-15T07:27:40Z
Array
(
    [MODE] => U
    [FRMT] => XML
    [VERS] => 0630
    [MERC] => 680000
    [SESS] => dE3Wf1431674855
    [TRAN] => 309C0JRVXXK5
    [AUTH] => D
    [MACK] => Y
)


2015-05-15T07:27:41Z
ResponseParameter:  billNo: dE3Wf1431674855 | endTime:2015-05-15 07:27:41

2015-05-15T07:27:41Z
<?xml version="1.0" encoding="UTF-8"?>
<RESPONSE>
  <VERS>0630</VERS>
  <MODE>U</MODE>
  <TRAN>309C0JRVXXK5</TRAN>
  <MERC>680000</MERC>
  <SESS>dE3Wf1431674855</SESS>
  <RULES_TRIGGERED>0</RULES_TRIGGERED>
  <COUNTERS_TRIGGERED>0</COUNTERS_TRIGGERED>
  <REASON_CODE></REASON_CODE>
  <MASTERCARD></MASTERCARD>
  <WARNING_COUNT>0</WARNING_COUNT>
</RESPONSE>

2015-05-15T07:33:51Z
RequestParameter:  billNo: b433486ef2754d629d11d72e5bf2acae | startTime:2015-05-15 07:33:51

2015-05-15T07:33:51Z
Array
(
    [MODE] => U
    [FRMT] => XML
    [VERS] => 0630
    [MERC] => 680000
    [SESS] => b433486ef2754d629d11d72e5bf2acae
    [TRAN] => 309C0YJ8WXLG
    [AUTH] => D
    [MACK] => Y
)


2015-05-15T07:33:52Z
ResponseParameter:  billNo: b433486ef2754d629d11d72e5bf2acae | endTime:2015-05-15 07:33:52

2015-05-15T07:33:52Z
<?xml version="1.0" encoding="UTF-8"?>
<RESPONSE>
  <VERS>0630</VERS>
  <MODE>U</MODE>
  <TRAN>309C0YJ8WXLG</TRAN>
  <MERC>680000</MERC>
  <SESS>b433486ef2754d629d11d72e5bf2acae</SESS>
  <RULES_TRIGGERED>0</RULES_TRIGGERED>
  <COUNTERS_TRIGGERED>0</COUNTERS_TRIGGERED>
  <REASON_CODE></REASON_CODE>
  <MASTERCARD></MASTERCARD>
  <WARNING_COUNT>0</WARNING_COUNT>
</RESPONSE>

2015-05-15T07:40:05Z
RequestParameter:  billNo: bill635672721804158415 | startTime:2015-05-15 07:40:05

2015-05-15T07:40:05Z
Array
(
    [MODE] => U
    [FRMT] => XML
    [VERS] => 0630
    [MERC] => 680000
    [SESS] => sess635672721804158415
    [TRAN] => 309C0CL89BXP
    [AUTH] => D
    [MACK] => Y
)


2015-05-15T07:40:06Z
ResponseParameter:  billNo: bill635672721804158415 | endTime:2015-05-15 07:40:06

2015-05-15T07:40:06Z
<?xml version="1.0" encoding="UTF-8"?>
<RESPONSE>
  <VERS>0630</VERS>
  <MODE>U</MODE>
  <TRAN>309C0CL89BXP</TRAN>
  <MERC>680000</MERC>
  <SESS>sess635672721804158415</SESS>
  <RULES_TRIGGERED>0</RULES_TRIGGERED>
  <COUNTERS_TRIGGERED>0</COUNTERS_TRIGGERED>
  <REASON_CODE></REASON_CODE>
  <MASTERCARD></MASTERCARD>
  <WARNING_COUNT>0</WARNING_COUNT>
</RESPONSE>

2015-05-15T07:41:28Z
RequestParameter:  billNo: 1422984660-25448 | startTime:2015-05-15 07:41:28

2015-05-15T07:41:28Z
Array
(
    [MODE] => U
    [FRMT] => XML
    [VERS] => 0630
    [MERC] => 680000
    [SESS] => 24aaad2a1a17c4ef1287c634924b88c2
    [TRAN] => 3WZ10M75CT2B
    [AUTH] => 
    [MACK] => Y
    [RFCB] => R
)


2015-05-15T07:41:29Z
ResponseParameter:  billNo: 1422984660-25448 | endTime:2015-05-15 07:41:29

2015-05-15T07:41:29Z
<?xml version="1.0" encoding="UTF-8"?>
<RESPONSE>
  <VERS>0630</VERS>
  <MODE>U</MODE>
  <TRAN>3WZ10M75CT2B</TRAN>
  <MERC>680000</MERC>
  <SESS>24aaad2a1a17c4ef1287c634924b88c2</SESS>
  <RULES_TRIGGERED>0</RULES_TRIGGERED>
  <COUNTERS_TRIGGERED>0</COUNTERS_TRIGGERED>
  <REASON_CODE></REASON_CODE>
  <MASTERCARD></MASTERCARD>
  <WARNING_COUNT>0</WARNING_COUNT>
</RESPONSE>

2015-05-15T07:42:37Z
RequestParameter:  billNo: 6moyO1431675751 | startTime:2015-05-15 07:42:37

2015-05-15T07:42:37Z
Array
(
    [MODE] => U
    [FRMT] => XML
    [VERS] => 0630
    [MERC] => 680000
    [SESS] => 6moyO1431675751
    [TRAN] => 309C0QLB2112
    [AUTH] => D
    [MACK] => Y
)


2015-05-15T07:42:38Z
ResponseParameter:  billNo: 6moyO1431675751 | endTime:2015-05-15 07:42:38

2015-05-15T07:42:38Z
<?xml version="1.0" encoding="UTF-8"?>
<RESPONSE>
  <VERS>0630</VERS>
  <MODE>U</MODE>
  <TRAN>309C0QLB2112</TRAN>
  <MERC>680000</MERC>
  <SESS>6moyO1431675751</SESS>
  <RULES_TRIGGERED>0</RULES_TRIGGERED>
  <COUNTERS_TRIGGERED>0</COUNTERS_TRIGGERED>
  <REASON_CODE></REASON_CODE>
  <MASTERCARD></MASTERCARD>
  <WARNING_COUNT>0</WARNING_COUNT>
</RESPONSE>

2015-05-15T07:46:11Z
RequestParameter:  billNo: e00b8a8589e942cc87e14055609e7d34 | startTime:2015-05-15 07:46:11

2015-05-15T07:46:11Z
Array
(
    [MODE] => U
    [FRMT] => XML
    [VERS] => 0630
    [MERC] => 680000
    [SESS] => 08b17ac872034a28b397644f00e27c65
    [TRAN] => 309C0H9Q8LDL
    [AUTH] => D
    [MACK] => Y
)


2015-05-15T07:46:12Z
ResponseParameter:  billNo: e00b8a8589e942cc87e14055609e7d34 | endTime:2015-05-15 07:46:12

2015-05-15T07:46:12Z
<?xml version="1.0" encoding="UTF-8"?>
<RESPONSE>
  <VERS>0630</VERS>
  <MODE>U</MODE>
  <TRAN>309C0H9Q8LDL</TRAN>
  <MERC>680000</MERC>
  <SESS>08b17ac872034a28b397644f00e27c65</SESS>
  <RULES_TRIGGERED>0</RULES_TRIGGERED>
  <COUNTERS_TRIGGERED>0</COUNTERS_TRIGGERED>
  <REASON_CODE></REASON_CODE>
  <MASTERCARD></MASTERCARD>
  <WARNING_COUNT>0</WARNING_COUNT>
</RESPONSE>

2015-05-15T07:47:44Z
RequestParameter:  billNo: 8bdbb83398d6438ba084944f2a60b400 | startTime:2015-05-15 07:47:44

2015-05-15T07:47:44Z
Array
(
    [MODE] => U
    [FRMT] => XML
    [VERS] => 0630
    [MERC] => 680000
    [SESS] => 8bdbb83398d6438ba084944f2a60b400
    [TRAN] => 309C0KKDRSB4
    [AUTH] => D
    [MACK] => Y
)


2015-05-15T07:47:45Z
ResponseParameter:  billNo: 8bdbb83398d6438ba084944f2a60b400 | endTime:2015-05-15 07:47:45

2015-05-15T07:47:45Z
<?xml version="1.0" encoding="UTF-8"?>
<RESPONSE>
  <VERS>0630</VERS>
  <MODE>U</MODE>
  <TRAN>309C0KKDRSB4</TRAN>
  <MERC>680000</MERC>
  <SESS>8bdbb83398d6438ba084944f2a60b400</SESS>
  <RULES_TRIGGERED>0</RULES_TRIGGERED>
  <COUNTERS_TRIGGERED>0</COUNTERS_TRIGGERED>
  <REASON_CODE></REASON_CODE>
  <MASTERCARD></MASTERCARD>
  <WARNING_COUNT>0</WARNING_COUNT>
</RESPONSE>

2015-05-15T07:50:52Z
RequestParameter:  billNo: d34eafb49d0745efbd26c2b79fb48e7b | startTime:2015-05-15 07:50:52

2015-05-15T07:50:52Z
Array
(
    [MODE] => U
    [FRMT] => XML
    [VERS] => 0630
    [MERC] => 680000
    [SESS] => 7cb90305b37a4a1cb624631983ec0075
    [TRAN] => 309C0LMSKL61
    [AUTH] => D
    [MACK] => Y
)


2015-05-15T07:50:53Z
ResponseParameter:  billNo: d34eafb49d0745efbd26c2b79fb48e7b | endTime:2015-05-15 07:50:53

2015-05-15T07:50:53Z
<?xml version="1.0" encoding="UTF-8"?>
<RESPONSE>
  <VERS>0630</VERS>
  <MODE>U</MODE>
  <TRAN>309C0LMSKL61</TRAN>
  <MERC>680000</MERC>
  <SESS>7cb90305b37a4a1cb624631983ec0075</SESS>
  <RULES_TRIGGERED>0</RULES_TRIGGERED>
  <COUNTERS_TRIGGERED>0</COUNTERS_TRIGGERED>
  <REASON_CODE></REASON_CODE>
  <MASTERCARD></MASTERCARD>
  <WARNING_COUNT>0</WARNING_COUNT>
</RESPONSE>

2015-05-15T07:52:44Z
RequestParameter:  billNo: 53699c010a9c4f07be4cf9379d242a89 | startTime:2015-05-15 07:52:44

2015-05-15T07:52:44Z
Array
(
    [MODE] => U
    [FRMT] => XML
    [VERS] => 0630
    [MERC] => 680000
    [SESS] => 53699c010a9c4f07be4cf9379d242a89
    [TRAN] => 309C0LXDZL8B
    [AUTH] => D
    [MACK] => Y
)


2015-05-15T07:52:45Z
ResponseParameter:  billNo: 53699c010a9c4f07be4cf9379d242a89 | endTime:2015-05-15 07:52:45

2015-05-15T07:52:45Z
<?xml version="1.0" encoding="UTF-8"?>
<RESPONSE>
  <VERS>0630</VERS>
  <MODE>U</MODE>
  <TRAN>309C0LXDZL8B</TRAN>
  <MERC>680000</MERC>
  <SESS>53699c010a9c4f07be4cf9379d242a89</SESS>
  <RULES_TRIGGERED>0</RULES_TRIGGERED>
  <COUNTERS_TRIGGERED>0</COUNTERS_TRIGGERED>
  <REASON_CODE></REASON_CODE>
  <MASTERCARD></MASTERCARD>
  <WARNING_COUNT>0</WARNING_COUNT>
</RESPONSE>

2015-05-15T07:53:09Z
RequestParameter:  billNo: f1bb630b497a49b5b13c8b8b9f7afdaa | startTime:2015-05-15 07:53:09

2015-05-15T07:53:09Z
Array
(
    [MODE] => U
    [FRMT] => XML
    [VERS] => 0630
    [MERC] => 680000
    [SESS] => f1bb630b497a49b5b13c8b8b9f7afdaa
    [TRAN] => 309C0243K9JG
    [AUTH] => D
    [MACK] => Y
)


2015-05-15T07:53:10Z
ResponseParameter:  billNo: f1bb630b497a49b5b13c8b8b9f7afdaa | endTime:2015-05-15 07:53:10

2015-05-15T07:53:10Z
<?xml version="1.0" encoding="UTF-8"?>
<RESPONSE>
  <VERS>0630</VERS>
  <MODE>U</MODE>
  <TRAN>309C0243K9JG</TRAN>
  <MERC>680000</MERC>
  <SESS>f1bb630b497a49b5b13c8b8b9f7afdaa</SESS>
  <RULES_TRIGGERED>0</RULES_TRIGGERED>
  <COUNTERS_TRIGGERED>0</COUNTERS_TRIGGERED>
  <REASON_CODE></REASON_CODE>
  <MASTERCARD></MASTERCARD>
  <WARNING_COUNT>0</WARNING_COUNT>
</RESPONSE>

2015-05-15T07:54:53Z
RequestParameter:  billNo: cc384be6a70d4446be71003367ca501f | startTime:2015-05-15 07:54:53

2015-05-15T07:54:53Z
Array
(
    [MODE] => U
    [FRMT] => XML
    [VERS] => 0630
    [MERC] => 680000
    [SESS] => cc384be6a70d4446be71003367ca501f
    [TRAN] => 309C0DLCRN5M
    [AUTH] => D
    [MACK] => Y
)


2015-05-15T07:54:54Z
ResponseParameter:  billNo: cc384be6a70d4446be71003367ca501f | endTime:2015-05-15 07:54:54

2015-05-15T07:54:54Z
<?xml version="1.0" encoding="UTF-8"?>
<RESPONSE>
  <VERS>0630</VERS>
  <MODE>U</MODE>
  <TRAN>309C0DLCRN5M</TRAN>
  <MERC>680000</MERC>
  <SESS>cc384be6a70d4446be71003367ca501f</SESS>
  <RULES_TRIGGERED>0</RULES_TRIGGERED>
  <COUNTERS_TRIGGERED>0</COUNTERS_TRIGGERED>
  <REASON_CODE></REASON_CODE>
  <MASTERCARD></MASTERCARD>
  <WARNING_COUNT>0</WARNING_COUNT>
</RESPONSE>

2015-05-15T07:56:34Z
RequestParameter:  billNo: bf090b8a9c3c4295a77cab9839d4abd1 | startTime:2015-05-15 07:56:34

2015-05-15T07:56:34Z
Array
(
    [MODE] => U
    [FRMT] => XML
    [VERS] => 0630
    [MERC] => 680000
    [SESS] => bf090b8a9c3c4295a77cab9839d4abd1
    [TRAN] => 309C0KKJG3G0
    [AUTH] => D
    [MACK] => Y
)


2015-05-15T07:56:35Z
ResponseParameter:  billNo: bf090b8a9c3c4295a77cab9839d4abd1 | endTime:2015-05-15 07:56:35

2015-05-15T07:56:35Z
<?xml version="1.0" encoding="UTF-8"?>
<RESPONSE>
  <VERS>0630</VERS>
  <MODE>U</MODE>
  <TRAN>309C0KKJG3G0</TRAN>
  <MERC>680000</MERC>
  <SESS>bf090b8a9c3c4295a77cab9839d4abd1</SESS>
  <RULES_TRIGGERED>0</RULES_TRIGGERED>
  <COUNTERS_TRIGGERED>0</COUNTERS_TRIGGERED>
  <REASON_CODE></REASON_CODE>
  <MASTERCARD></MASTERCARD>
  <WARNING_COUNT>0</WARNING_COUNT>
</RESPONSE>

2015-05-15T08:04:01Z
RequestParameter:  billNo: 1431677043-153 | startTime:2015-05-15 08:04:01

2015-05-15T08:04:01Z
Array
(
    [MODE] => U
    [FRMT] => XML
    [VERS] => 0630
    [MERC] => 680000
    [SESS] => 1431677043-153
    [TRAN] => 309Z0SYZYTHK
    [AUTH] => D
    [MACK] => Y
)


2015-05-15T08:04:02Z
ResponseParameter:  billNo: 1431677043-153 | endTime:2015-05-15 08:04:02

2015-05-15T08:04:02Z
<?xml version="1.0" encoding="UTF-8"?>
<RESPONSE>
  <VERS>0630</VERS>
  <MODE>U</MODE>
  <TRAN>309Z0SYZYTHK</TRAN>
  <MERC>680000</MERC>
  <SESS>1431677043-153</SESS>
  <RULES_TRIGGERED>0</RULES_TRIGGERED>
  <COUNTERS_TRIGGERED>0</COUNTERS_TRIGGERED>
  <REASON_CODE></REASON_CODE>
  <MASTERCARD></MASTERCARD>
  <WARNING_COUNT>0</WARNING_COUNT>
</RESPONSE>

2015-05-15T08:06:27Z
RequestParameter:  billNo: 1431677190-154 | startTime:2015-05-15 08:06:27

2015-05-15T08:06:27Z
Array
(
    [MODE] => U
    [FRMT] => XML
    [VERS] => 0630
    [MERC] => 680000
    [SESS] => 1431677190-154
    [TRAN] => 309Z06MZRDPM
    [AUTH] => D
    [MACK] => Y
)


2015-05-15T08:06:27Z
ResponseParameter:  billNo: 1431677190-154 | endTime:2015-05-15 08:06:27

2015-05-15T08:06:27Z
<?xml version="1.0" encoding="UTF-8"?>
<RESPONSE>
  <VERS>0630</VERS>
  <MODE>U</MODE>
  <TRAN>309Z06MZRDPM</TRAN>
  <MERC>680000</MERC>
  <SESS>1431677190-154</SESS>
  <RULES_TRIGGERED>0</RULES_TRIGGERED>
  <COUNTERS_TRIGGERED>0</COUNTERS_TRIGGERED>
  <REASON_CODE></REASON_CODE>
  <MASTERCARD></MASTERCARD>
  <WARNING_COUNT>0</WARNING_COUNT>
</RESPONSE>

2015-05-15T08:06:48Z
RequestParameter:  billNo: 1431677211-154 | startTime:2015-05-15 08:06:48

2015-05-15T08:06:48Z
Array
(
    [MODE] => U
    [FRMT] => XML
    [VERS] => 0630
    [MERC] => 680000
    [SESS] => 1431677211-154
    [TRAN] => 309Z0C4D150C
    [AUTH] => D
    [MACK] => Y
)


2015-05-15T08:06:48Z
ResponseParameter:  billNo: 1431677211-154 | endTime:2015-05-15 08:06:48

2015-05-15T08:06:48Z
<?xml version="1.0" encoding="UTF-8"?>
<RESPONSE>
  <VERS>0630</VERS>
  <MODE>U</MODE>
  <TRAN>309Z0C4D150C</TRAN>
  <MERC>680000</MERC>
  <SESS>1431677211-154</SESS>
  <RULES_TRIGGERED>0</RULES_TRIGGERED>
  <COUNTERS_TRIGGERED>0</COUNTERS_TRIGGERED>
  <REASON_CODE></REASON_CODE>
  <MASTERCARD></MASTERCARD>
  <WARNING_COUNT>0</WARNING_COUNT>
</RESPONSE>

2015-05-15T08:09:29Z
RequestParameter:  billNo: 1431677373-251 | startTime:2015-05-15 08:09:29

2015-05-15T08:09:29Z
Array
(
    [MODE] => U
    [FRMT] => XML
    [VERS] => 0630
    [MERC] => 680000
    [SESS] => 1431677373-251
    [TRAN] => 309Z0ZH6L1Y5
    [AUTH] => D
    [MACK] => Y
)


2015-05-15T08:09:30Z
ResponseParameter:  billNo: 1431677373-251 | endTime:2015-05-15 08:09:30

2015-05-15T08:09:30Z
<?xml version="1.0" encoding="UTF-8"?>
<RESPONSE>
  <VERS>0630</VERS>
  <MODE>U</MODE>
  <TRAN>309Z0ZH6L1Y5</TRAN>
  <MERC>680000</MERC>
  <SESS>1431677373-251</SESS>
  <RULES_TRIGGERED>0</RULES_TRIGGERED>
  <COUNTERS_TRIGGERED>0</COUNTERS_TRIGGERED>
  <REASON_CODE></REASON_CODE>
  <MASTERCARD></MASTERCARD>
  <WARNING_COUNT>0</WARNING_COUNT>
</RESPONSE>

2015-05-15T08:09:48Z
RequestParameter:  billNo: 1431677392-251 | startTime:2015-05-15 08:09:48

2015-05-15T08:09:48Z
Array
(
    [MODE] => U
    [FRMT] => XML
    [VERS] => 0630
    [MERC] => 680000
    [SESS] => 1431677392-251
    [TRAN] => 309Z0564MKTP
    [AUTH] => D
    [MACK] => Y
)


2015-05-15T08:09:49Z
ResponseParameter:  billNo: 1431677392-251 | endTime:2015-05-15 08:09:49

2015-05-15T08:09:49Z
<?xml version="1.0" encoding="UTF-8"?>
<RESPONSE>
  <VERS>0630</VERS>
  <MODE>U</MODE>
  <TRAN>309Z0564MKTP</TRAN>
  <MERC>680000</MERC>
  <SESS>1431677392-251</SESS>
  <RULES_TRIGGERED>0</RULES_TRIGGERED>
  <COUNTERS_TRIGGERED>0</COUNTERS_TRIGGERED>
  <REASON_CODE></REASON_CODE>
  <MASTERCARD></MASTERCARD>
  <WARNING_COUNT>0</WARNING_COUNT>
</RESPONSE>

2015-05-15T08:12:36Z
RequestParameter:  billNo: HEVF21431677552 | startTime:2015-05-15 08:12:36

2015-05-15T08:12:36Z
Array
(
    [MODE] => U
    [FRMT] => XML
    [VERS] => 0630
    [MERC] => 680000
    [SESS] => HEVF21431677552
    [TRAN] => 309Z0P19RYTQ
    [AUTH] => D
    [MACK] => Y
)


2015-05-15T08:12:37Z
ResponseParameter:  billNo: HEVF21431677552 | endTime:2015-05-15 08:12:37

2015-05-15T08:12:37Z
<?xml version="1.0" encoding="UTF-8"?>
<RESPONSE>
  <VERS>0630</VERS>
  <MODE>U</MODE>
  <TRAN>309Z0P19RYTQ</TRAN>
  <MERC>680000</MERC>
  <SESS>HEVF21431677552</SESS>
  <RULES_TRIGGERED>0</RULES_TRIGGERED>
  <COUNTERS_TRIGGERED>0</COUNTERS_TRIGGERED>
  <REASON_CODE></REASON_CODE>
  <MASTERCARD></MASTERCARD>
  <WARNING_COUNT>0</WARNING_COUNT>
</RESPONSE>

2015-05-15T08:13:28Z
RequestParameter:  billNo: ZwFQU1431677603 | startTime:2015-05-15 08:13:28

2015-05-15T08:13:28Z
Array
(
    [MODE] => U
    [FRMT] => XML
    [VERS] => 0630
    [MERC] => 680000
    [SESS] => ZwFQU1431677603
    [TRAN] => 309Z000BLLYC
    [AUTH] => D
    [MACK] => Y
)


2015-05-15T08:13:28Z
ResponseParameter:  billNo: ZwFQU1431677603 | endTime:2015-05-15 08:13:28

2015-05-15T08:13:28Z
<?xml version="1.0" encoding="UTF-8"?>
<RESPONSE>
  <VERS>0630</VERS>
  <MODE>U</MODE>
  <TRAN>309Z000BLLYC</TRAN>
  <MERC>680000</MERC>
  <SESS>ZwFQU1431677603</SESS>
  <RULES_TRIGGERED>0</RULES_TRIGGERED>
  <COUNTERS_TRIGGERED>0</COUNTERS_TRIGGERED>
  <REASON_CODE></REASON_CODE>
  <MASTERCARD></MASTERCARD>
  <WARNING_COUNT>0</WARNING_COUNT>
</RESPONSE>

2015-05-15T08:14:17Z
RequestParameter:  billNo: mM8vV1431677649 | startTime:2015-05-15 08:14:17

2015-05-15T08:14:17Z
Array
(
    [MODE] => U
    [FRMT] => XML
    [VERS] => 0630
    [MERC] => 680000
    [SESS] => mM8vV1431677649
    [TRAN] => 309Z04BJ9X12
    [AUTH] => D
    [MACK] => Y
)


2015-05-15T08:14:18Z
ResponseParameter:  billNo: mM8vV1431677649 | endTime:2015-05-15 08:14:18

2015-05-15T08:14:18Z
<?xml version="1.0" encoding="UTF-8"?>
<RESPONSE>
  <VERS>0630</VERS>
  <MODE>U</MODE>
  <TRAN>309Z04BJ9X12</TRAN>
  <MERC>680000</MERC>
  <SESS>mM8vV1431677649</SESS>
  <RULES_TRIGGERED>0</RULES_TRIGGERED>
  <COUNTERS_TRIGGERED>0</COUNTERS_TRIGGERED>
  <REASON_CODE></REASON_CODE>
  <MASTERCARD></MASTERCARD>
  <WARNING_COUNT>0</WARNING_COUNT>
</RESPONSE>

2015-05-15T08:14:42Z
RequestParameter:  billNo: Z5dIm1431677677 | startTime:2015-05-15 08:14:42

2015-05-15T08:14:42Z
Array
(
    [MODE] => U
    [FRMT] => XML
    [VERS] => 0630
    [MERC] => 680000
    [SESS] => Z5dIm1431677677
    [TRAN] => 309Z0D05YNC0
    [AUTH] => D
    [MACK] => Y
)


2015-05-15T08:14:42Z
ResponseParameter:  billNo: Z5dIm1431677677 | endTime:2015-05-15 08:14:42

2015-05-15T08:14:42Z
<?xml version="1.0" encoding="UTF-8"?>
<RESPONSE>
  <VERS>0630</VERS>
  <MODE>U</MODE>
  <TRAN>309Z0D05YNC0</TRAN>
  <MERC>680000</MERC>
  <SESS>Z5dIm1431677677</SESS>
  <RULES_TRIGGERED>0</RULES_TRIGGERED>
  <COUNTERS_TRIGGERED>0</COUNTERS_TRIGGERED>
  <REASON_CODE></REASON_CODE>
  <MASTERCARD></MASTERCARD>
  <WARNING_COUNT>0</WARNING_COUNT>
</RESPONSE>

2015-05-15T08:15:23Z
RequestParameter:  billNo: 1431677726-12444 | startTime:2015-05-15 08:15:23

2015-05-15T08:15:23Z
Array
(
    [MODE] => U
    [FRMT] => XML
    [VERS] => 0630
    [MERC] => 680000
    [SESS] => 1431677726-12444
    [TRAN] => 309Z0K5T9Y3R
    [AUTH] => D
    [MACK] => Y
)


2015-05-15T08:15:24Z
ResponseParameter:  billNo: 1431677726-12444 | endTime:2015-05-15 08:15:24

2015-05-15T08:15:24Z
<?xml version="1.0" encoding="UTF-8"?>
<RESPONSE>
  <VERS>0630</VERS>
  <MODE>U</MODE>
  <TRAN>309Z0K5T9Y3R</TRAN>
  <MERC>680000</MERC>
  <SESS>1431677726-12444</SESS>
  <RULES_TRIGGERED>0</RULES_TRIGGERED>
  <COUNTERS_TRIGGERED>0</COUNTERS_TRIGGERED>
  <REASON_CODE></REASON_CODE>
  <MASTERCARD></MASTERCARD>
  <WARNING_COUNT>0</WARNING_COUNT>
</RESPONSE>

2015-05-15T08:15:43Z
RequestParameter:  billNo: 1431677747-12444 | startTime:2015-05-15 08:15:43

2015-05-15T08:15:43Z
Array
(
    [MODE] => U
    [FRMT] => XML
    [VERS] => 0630
    [MERC] => 680000
    [SESS] => 1431677747-12444
    [TRAN] => 309Z0KX8QT08
    [AUTH] => D
    [MACK] => Y
)


2015-05-15T08:15:43Z
ResponseParameter:  billNo: 1431677747-12444 | endTime:2015-05-15 08:15:43

2015-05-15T08:15:43Z
<?xml version="1.0" encoding="UTF-8"?>
<RESPONSE>
  <VERS>0630</VERS>
  <MODE>U</MODE>
  <TRAN>309Z0KX8QT08</TRAN>
  <MERC>680000</MERC>
  <SESS>1431677747-12444</SESS>
  <RULES_TRIGGERED>0</RULES_TRIGGERED>
  <COUNTERS_TRIGGERED>0</COUNTERS_TRIGGERED>
  <REASON_CODE></REASON_CODE>
  <MASTERCARD></MASTERCARD>
  <WARNING_COUNT>0</WARNING_COUNT>
</RESPONSE>

2015-05-15T08:15:44Z
RequestParameter:  billNo: vs97l1431677740 | startTime:2015-05-15 08:15:44

2015-05-15T08:15:44Z
Array
(
    [MODE] => U
    [FRMT] => XML
    [VERS] => 0630
    [MERC] => 680000
    [SESS] => vs97l1431677740
    [TRAN] => 309Z0VVQB0LM
    [AUTH] => D
    [MACK] => Y
)


2015-05-15T08:15:45Z
ResponseParameter:  billNo: vs97l1431677740 | endTime:2015-05-15 08:15:45

2015-05-15T08:15:45Z
<?xml version="1.0" encoding="UTF-8"?>
<RESPONSE>
  <VERS>0630</VERS>
  <MODE>U</MODE>
  <TRAN>309Z0VVQB0LM</TRAN>
  <MERC>680000</MERC>
  <SESS>vs97l1431677740</SESS>
  <RULES_TRIGGERED>0</RULES_TRIGGERED>
  <COUNTERS_TRIGGERED>0</COUNTERS_TRIGGERED>
  <REASON_CODE></REASON_CODE>
  <MASTERCARD></MASTERCARD>
  <WARNING_COUNT>0</WARNING_COUNT>
</RESPONSE>

2015-05-15T08:19:07Z
RequestParameter:  billNo: 1431677951-157 | startTime:2015-05-15 08:19:07

2015-05-15T08:19:07Z
Array
(
    [MODE] => U
    [FRMT] => XML
    [VERS] => 0630
    [MERC] => 680000
    [SESS] => 1431677951-157
    [TRAN] => 309Z016LKMMJ
    [AUTH] => D
    [MACK] => Y
)


2015-05-15T08:19:08Z
ResponseParameter:  billNo: 1431677951-157 | endTime:2015-05-15 08:19:08

2015-05-15T08:19:08Z
<?xml version="1.0" encoding="UTF-8"?>
<RESPONSE>
  <VERS>0630</VERS>
  <MODE>U</MODE>
  <TRAN>309Z016LKMMJ</TRAN>
  <MERC>680000</MERC>
  <SESS>1431677951-157</SESS>
  <RULES_TRIGGERED>0</RULES_TRIGGERED>
  <COUNTERS_TRIGGERED>0</COUNTERS_TRIGGERED>
  <REASON_CODE></REASON_CODE>
  <MASTERCARD></MASTERCARD>
  <WARNING_COUNT>0</WARNING_COUNT>
</RESPONSE>

2015-05-15T08:19:25Z
RequestParameter:  billNo: 1431677969-157 | startTime:2015-05-15 08:19:25

2015-05-15T08:19:25Z
Array
(
    [MODE] => U
    [FRMT] => XML
    [VERS] => 0630
    [MERC] => 680000
    [SESS] => 1431677969-157
    [TRAN] => 309Z07VJ6CQG
    [AUTH] => D
    [MACK] => Y
)


2015-05-15T08:19:26Z
ResponseParameter:  billNo: 1431677969-157 | endTime:2015-05-15 08:19:26

2015-05-15T08:19:26Z
<?xml version="1.0" encoding="UTF-8"?>
<RESPONSE>
  <VERS>0630</VERS>
  <MODE>U</MODE>
  <TRAN>309Z07VJ6CQG</TRAN>
  <MERC>680000</MERC>
  <SESS>1431677969-157</SESS>
  <RULES_TRIGGERED>0</RULES_TRIGGERED>
  <COUNTERS_TRIGGERED>0</COUNTERS_TRIGGERED>
  <REASON_CODE></REASON_CODE>
  <MASTERCARD></MASTERCARD>
  <WARNING_COUNT>0</WARNING_COUNT>
</RESPONSE>

2015-05-15T08:19:51Z
RequestParameter:  billNo: 1431677995-157 | startTime:2015-05-15 08:19:51

2015-05-15T08:19:51Z
Array
(
    [MODE] => U
    [FRMT] => XML
    [VERS] => 0630
    [MERC] => 680000
    [SESS] => 1431677995-157
    [TRAN] => 309Z0RYBKG0C
    [AUTH] => D
    [MACK] => Y
)


2015-05-15T08:19:52Z
ResponseParameter:  billNo: 1431677995-157 | endTime:2015-05-15 08:19:52

2015-05-15T08:19:52Z
<?xml version="1.0" encoding="UTF-8"?>
<RESPONSE>
  <VERS>0630</VERS>
  <MODE>U</MODE>
  <TRAN>309Z0RYBKG0C</TRAN>
  <MERC>680000</MERC>
  <SESS>1431677995-157</SESS>
  <RULES_TRIGGERED>0</RULES_TRIGGERED>
  <COUNTERS_TRIGGERED>0</COUNTERS_TRIGGERED>
  <REASON_CODE></REASON_CODE>
  <MASTERCARD></MASTERCARD>
  <WARNING_COUNT>0</WARNING_COUNT>
</RESPONSE>

2015-05-15T08:22:30Z
RequestParameter:  billNo: 1431678154-201 | startTime:2015-05-15 08:22:30

2015-05-15T08:22:30Z
Array
(
    [MODE] => U
    [FRMT] => XML
    [VERS] => 0630
    [MERC] => 680000
    [SESS] => 1431678154-201
    [TRAN] => 309Z0R1VS1Z4
    [AUTH] => D
    [MACK] => Y
)


2015-05-15T08:22:31Z
ResponseParameter:  billNo: 1431678154-201 | endTime:2015-05-15 08:22:31

2015-05-15T08:22:31Z
<?xml version="1.0" encoding="UTF-8"?>
<RESPONSE>
  <VERS>0630</VERS>
  <MODE>U</MODE>
  <TRAN>309Z0R1VS1Z4</TRAN>
  <MERC>680000</MERC>
  <SESS>1431678154-201</SESS>
  <RULES_TRIGGERED>0</RULES_TRIGGERED>
  <COUNTERS_TRIGGERED>0</COUNTERS_TRIGGERED>
  <REASON_CODE></REASON_CODE>
  <MASTERCARD></MASTERCARD>
  <WARNING_COUNT>0</WARNING_COUNT>
</RESPONSE>

2015-05-15T08:22:48Z
RequestParameter:  billNo: 1431678172-201 | startTime:2015-05-15 08:22:48

2015-05-15T08:22:48Z
Array
(
    [MODE] => U
    [FRMT] => XML
    [VERS] => 0630
    [MERC] => 680000
    [SESS] => 1431678172-201
    [TRAN] => 309Z0K1QMY8S
    [AUTH] => D
    [MACK] => Y
)


2015-05-15T08:22:49Z
ResponseParameter:  billNo: 1431678172-201 | endTime:2015-05-15 08:22:49

2015-05-15T08:22:49Z
<?xml version="1.0" encoding="UTF-8"?>
<RESPONSE>
  <VERS>0630</VERS>
  <MODE>U</MODE>
  <TRAN>309Z0K1QMY8S</TRAN>
  <MERC>680000</MERC>
  <SESS>1431678172-201</SESS>
  <RULES_TRIGGERED>0</RULES_TRIGGERED>
  <COUNTERS_TRIGGERED>0</COUNTERS_TRIGGERED>
  <REASON_CODE></REASON_CODE>
  <MASTERCARD></MASTERCARD>
  <WARNING_COUNT>0</WARNING_COUNT>
</RESPONSE>

2015-05-15T08:23:40Z
RequestParameter:  billNo: 733100028 | startTime:2015-05-15 08:23:40

2015-05-15T08:23:40Z
Array
(
    [MODE] => U
    [FRMT] => XML
    [VERS] => 0630
    [MERC] => 680000
    [SESS] => 733100028
    [TRAN] => 309Z0C91TYZB
    [AUTH] => D
    [MACK] => Y
)


2015-05-15T08:23:41Z
ResponseParameter:  billNo: 733100028 | endTime:2015-05-15 08:23:41

2015-05-15T08:23:41Z
<?xml version="1.0" encoding="UTF-8"?>
<RESPONSE>
  <VERS>0630</VERS>
  <MODE>U</MODE>
  <TRAN>309Z0C91TYZB</TRAN>
  <MERC>680000</MERC>
  <SESS>733100028</SESS>
  <RULES_TRIGGERED>0</RULES_TRIGGERED>
  <COUNTERS_TRIGGERED>0</COUNTERS_TRIGGERED>
  <REASON_CODE></REASON_CODE>
  <MASTERCARD></MASTERCARD>
  <WARNING_COUNT>0</WARNING_COUNT>
</RESPONSE>

2015-05-15T08:23:54Z
RequestParameter:  billNo: 138802518 | startTime:2015-05-15 08:23:54

2015-05-15T08:23:54Z
Array
(
    [MODE] => U
    [FRMT] => XML
    [VERS] => 0630
    [MERC] => 680000
    [SESS] => 138802518
    [TRAN] => 309Z0DQL7CSM
    [AUTH] => D
    [MACK] => Y
)


2015-05-15T08:23:55Z
ResponseParameter:  billNo: 138802518 | endTime:2015-05-15 08:23:55

2015-05-15T08:23:55Z
<?xml version="1.0" encoding="UTF-8"?>
<RESPONSE>
  <VERS>0630</VERS>
  <MODE>U</MODE>
  <TRAN>309Z0DQL7CSM</TRAN>
  <MERC>680000</MERC>
  <SESS>138802518</SESS>
  <RULES_TRIGGERED>0</RULES_TRIGGERED>
  <COUNTERS_TRIGGERED>0</COUNTERS_TRIGGERED>
  <REASON_CODE></REASON_CODE>
  <MASTERCARD></MASTERCARD>
  <WARNING_COUNT>0</WARNING_COUNT>
</RESPONSE>

2015-05-15T08:24:19Z
RequestParameter:  billNo: 1431678266-153 | startTime:2015-05-15 08:24:19

2015-05-15T08:24:19Z
Array
(
    [MODE] => U
    [FRMT] => XML
    [VERS] => 0630
    [MERC] => 680000
    [SESS] => 1431678266-153
    [TRAN] => 309Z025796LX
    [AUTH] => D
    [MACK] => Y
)


2015-05-15T08:24:20Z
ResponseParameter:  billNo: 1431678266-153 | endTime:2015-05-15 08:24:20

2015-05-15T08:24:20Z
<?xml version="1.0" encoding="UTF-8"?>
<RESPONSE>
  <VERS>0630</VERS>
  <MODE>U</MODE>
  <TRAN>309Z025796LX</TRAN>
  <MERC>680000</MERC>
  <SESS>1431678266-153</SESS>
  <RULES_TRIGGERED>0</RULES_TRIGGERED>
  <COUNTERS_TRIGGERED>0</COUNTERS_TRIGGERED>
  <REASON_CODE></REASON_CODE>
  <MASTERCARD></MASTERCARD>
  <WARNING_COUNT>0</WARNING_COUNT>
</RESPONSE>

2015-05-15T08:59:03Z
RequestParameter:  billNo: 7fc125801d5a4ee3bd0aeecbb4beefea | startTime:2015-05-15 08:59:03

2015-05-15T08:59:03Z
Array
(
    [MODE] => U
    [FRMT] => XML
    [VERS] => 0630
    [MERC] => 680000
    [SESS] => 7fc125801d5a4ee3bd0aeecbb4beefea
    [TRAN] => 309Z02C0Y6BL
    [AUTH] => D
    [MACK] => Y
)


2015-05-15T08:59:04Z
ResponseParameter:  billNo: 7fc125801d5a4ee3bd0aeecbb4beefea | endTime:2015-05-15 08:59:04

2015-05-15T08:59:04Z
<?xml version="1.0" encoding="UTF-8"?>
<RESPONSE>
  <VERS>0630</VERS>
  <MODE>U</MODE>
  <TRAN>309Z02C0Y6BL</TRAN>
  <MERC>680000</MERC>
  <SESS>7fc125801d5a4ee3bd0aeecbb4beefea</SESS>
  <RULES_TRIGGERED>0</RULES_TRIGGERED>
  <COUNTERS_TRIGGERED>0</COUNTERS_TRIGGERED>
  <REASON_CODE></REASON_CODE>
  <MASTERCARD></MASTERCARD>
  <WARNING_COUNT>0</WARNING_COUNT>
</RESPONSE>

2015-05-15T09:01:01Z
RequestParameter:  billNo: bill635672767692548415 | startTime:2015-05-15 09:01:01

2015-05-15T09:01:01Z
Array
(
    [MODE] => U
    [FRMT] => XML
    [VERS] => 0630
    [MERC] => 680000
    [SESS] => sess635672767692548415
    [TRAN] => 309805T9VKDC
    [AUTH] => D
    [MACK] => Y
)


2015-05-15T09:01:02Z
ResponseParameter:  billNo: bill635672767692548415 | endTime:2015-05-15 09:01:02

2015-05-15T09:01:02Z
<?xml version="1.0" encoding="UTF-8"?>
<RESPONSE>
  <VERS>0630</VERS>
  <MODE>U</MODE>
  <TRAN>309805T9VKDC</TRAN>
  <MERC>680000</MERC>
  <SESS>sess635672767692548415</SESS>
  <RULES_TRIGGERED>0</RULES_TRIGGERED>
  <COUNTERS_TRIGGERED>0</COUNTERS_TRIGGERED>
  <REASON_CODE></REASON_CODE>
  <MASTERCARD></MASTERCARD>
  <WARNING_COUNT>0</WARNING_COUNT>
</RESPONSE>

2015-05-15T09:03:43Z
RequestParameter:  billNo: f703506aad1343989f9b2d2663c4d880 | startTime:2015-05-15 09:03:43

2015-05-15T09:03:43Z
Array
(
    [MODE] => U
    [FRMT] => XML
    [VERS] => 0630
    [MERC] => 680000
    [SESS] => f703506aad1343989f9b2d2663c4d880
    [TRAN] => 30980ZGZM8WR
    [AUTH] => D
    [MACK] => Y
)


2015-05-15T09:03:44Z
ResponseParameter:  billNo: f703506aad1343989f9b2d2663c4d880 | endTime:2015-05-15 09:03:44

2015-05-15T09:03:44Z
<?xml version="1.0" encoding="UTF-8"?>
<RESPONSE>
  <VERS>0630</VERS>
  <MODE>U</MODE>
  <TRAN>30980ZGZM8WR</TRAN>
  <MERC>680000</MERC>
  <SESS>f703506aad1343989f9b2d2663c4d880</SESS>
  <RULES_TRIGGERED>0</RULES_TRIGGERED>
  <COUNTERS_TRIGGERED>0</COUNTERS_TRIGGERED>
  <REASON_CODE></REASON_CODE>
  <MASTERCARD></MASTERCARD>
  <WARNING_COUNT>0</WARNING_COUNT>
</RESPONSE>

2015-05-15T09:08:06Z
RequestParameter:  billNo: fc6451c47dd64d2db218b0b6638c3a8c | startTime:2015-05-15 09:08:06

2015-05-15T09:08:06Z
Array
(
    [MODE] => U
    [FRMT] => XML
    [VERS] => 0630
    [MERC] => 680000
    [SESS] => fc6451c47dd64d2db218b0b6638c3a8c
    [TRAN] => 30980KKCWJM0
    [AUTH] => D
    [MACK] => Y
)


2015-05-15T09:08:07Z
ResponseParameter:  billNo: fc6451c47dd64d2db218b0b6638c3a8c | endTime:2015-05-15 09:08:07

2015-05-15T09:08:07Z
<?xml version="1.0" encoding="UTF-8"?>
<RESPONSE>
  <VERS>0630</VERS>
  <MODE>U</MODE>
  <TRAN>30980KKCWJM0</TRAN>
  <MERC>680000</MERC>
  <SESS>fc6451c47dd64d2db218b0b6638c3a8c</SESS>
  <RULES_TRIGGERED>0</RULES_TRIGGERED>
  <COUNTERS_TRIGGERED>0</COUNTERS_TRIGGERED>
  <REASON_CODE></REASON_CODE>
  <MASTERCARD></MASTERCARD>
  <WARNING_COUNT>0</WARNING_COUNT>
</RESPONSE>

2015-05-15T09:12:40Z
RequestParameter:  billNo: bill635672772674672359 | startTime:2015-05-15 09:12:40

2015-05-15T09:12:40Z
Array
(
    [MODE] => U
    [FRMT] => XML
    [VERS] => 0630
    [MERC] => 680000
    [SESS] => sess635672772674672359
    [TRAN] => 30980TV6Q387
    [AUTH] => D
    [MACK] => Y
)


2015-05-15T09:12:41Z
ResponseParameter:  billNo: bill635672772674672359 | endTime:2015-05-15 09:12:41

2015-05-15T09:12:41Z
<?xml version="1.0" encoding="UTF-8"?>
<RESPONSE>
  <VERS>0630</VERS>
  <MODE>U</MODE>
  <TRAN>30980TV6Q387</TRAN>
  <MERC>680000</MERC>
  <SESS>sess635672772674672359</SESS>
  <RULES_TRIGGERED>0</RULES_TRIGGERED>
  <COUNTERS_TRIGGERED>0</COUNTERS_TRIGGERED>
  <REASON_CODE></REASON_CODE>
  <MASTERCARD></MASTERCARD>
  <WARNING_COUNT>0</WARNING_COUNT>
</RESPONSE>

2015-05-15T09:14:40Z
RequestParameter:  billNo: 1431681284-20280 | startTime:2015-05-15 09:14:40

2015-05-15T09:14:40Z
Array
(
    [MODE] => U
    [FRMT] => XML
    [VERS] => 0630
    [MERC] => 680000
    [SESS] => 1431681284-20280
    [TRAN] => 30980LLM01WY
    [AUTH] => D
    [MACK] => Y
)


2015-05-15T09:14:41Z
ResponseParameter:  billNo: 1431681284-20280 | endTime:2015-05-15 09:14:41

2015-05-15T09:14:41Z
<?xml version="1.0" encoding="UTF-8"?>
<RESPONSE>
  <VERS>0630</VERS>
  <MODE>U</MODE>
  <TRAN>30980LLM01WY</TRAN>
  <MERC>680000</MERC>
  <SESS>1431681284-20280</SESS>
  <RULES_TRIGGERED>0</RULES_TRIGGERED>
  <COUNTERS_TRIGGERED>0</COUNTERS_TRIGGERED>
  <REASON_CODE></REASON_CODE>
  <MASTERCARD></MASTERCARD>
  <WARNING_COUNT>0</WARNING_COUNT>
</RESPONSE>

2015-05-15T09:15:16Z
RequestParameter:  billNo: Y9NoV1431681311 | startTime:2015-05-15 09:15:16

2015-05-15T09:15:16Z
Array
(
    [MODE] => U
    [FRMT] => XML
    [VERS] => 0630
    [MERC] => 680000
    [SESS] => Y9NoV1431681311
    [TRAN] => 30980MM24RZ9
    [AUTH] => D
    [MACK] => Y
)


2015-05-15T09:15:16Z
ResponseParameter:  billNo: Y9NoV1431681311 | endTime:2015-05-15 09:15:16

2015-05-15T09:15:16Z
<?xml version="1.0" encoding="UTF-8"?>
<RESPONSE>
  <VERS>0630</VERS>
  <MODE>U</MODE>
  <TRAN>30980MM24RZ9</TRAN>
  <MERC>680000</MERC>
  <SESS>Y9NoV1431681311</SESS>
  <RULES_TRIGGERED>0</RULES_TRIGGERED>
  <COUNTERS_TRIGGERED>0</COUNTERS_TRIGGERED>
  <REASON_CODE></REASON_CODE>
  <MASTERCARD></MASTERCARD>
  <WARNING_COUNT>0</WARNING_COUNT>
</RESPONSE>

2015-05-15T09:15:38Z
RequestParameter:  billNo: nPF741431681331 | startTime:2015-05-15 09:15:38

2015-05-15T09:15:38Z
Array
(
    [MODE] => U
    [FRMT] => XML
    [VERS] => 0630
    [MERC] => 680000
    [SESS] => nPF741431681331
    [TRAN] => 3098046KKY83
    [AUTH] => D
    [MACK] => Y
)


2015-05-15T09:15:39Z
ResponseParameter:  billNo: nPF741431681331 | endTime:2015-05-15 09:15:39

2015-05-15T09:15:39Z
<?xml version="1.0" encoding="UTF-8"?>
<RESPONSE>
  <VERS>0630</VERS>
  <MODE>U</MODE>
  <TRAN>3098046KKY83</TRAN>
  <MERC>680000</MERC>
  <SESS>nPF741431681331</SESS>
  <RULES_TRIGGERED>0</RULES_TRIGGERED>
  <COUNTERS_TRIGGERED>0</COUNTERS_TRIGGERED>
  <REASON_CODE></REASON_CODE>
  <MASTERCARD></MASTERCARD>
  <WARNING_COUNT>0</WARNING_COUNT>
</RESPONSE>

2015-05-15T09:15:39Z
RequestParameter:  billNo: bill635672778942642776 | startTime:2015-05-15 09:15:39

2015-05-15T09:15:39Z
Array
(
    [MODE] => U
    [FRMT] => XML
    [VERS] => 0630
    [MERC] => 680000
    [SESS] => sess635672778942642776
    [TRAN] => 30980QL5P0K0
    [AUTH] => D
    [MACK] => Y
)


2015-05-15T09:15:40Z
ResponseParameter:  billNo: bill635672778942642776 | endTime:2015-05-15 09:15:40

2015-05-15T09:15:40Z
<?xml version="1.0" encoding="UTF-8"?>
<RESPONSE>
  <VERS>0630</VERS>
  <MODE>U</MODE>
  <TRAN>30980QL5P0K0</TRAN>
  <MERC>680000</MERC>
  <SESS>sess635672778942642776</SESS>
  <RULES_TRIGGERED>0</RULES_TRIGGERED>
  <COUNTERS_TRIGGERED>0</COUNTERS_TRIGGERED>
  <REASON_CODE></REASON_CODE>
  <MASTERCARD></MASTERCARD>
  <WARNING_COUNT>0</WARNING_COUNT>
</RESPONSE>

2015-05-15T09:16:00Z
RequestParameter:  billNo: pouaA1431681355 | startTime:2015-05-15 09:16:00

2015-05-15T09:16:00Z
Array
(
    [MODE] => U
    [FRMT] => XML
    [VERS] => 0630
    [MERC] => 680000
    [SESS] => pouaA1431681355
    [TRAN] => 309808J7WGHG
    [AUTH] => D
    [MACK] => Y
)


2015-05-15T09:16:01Z
ResponseParameter:  billNo: pouaA1431681355 | endTime:2015-05-15 09:16:01

2015-05-15T09:16:01Z
<?xml version="1.0" encoding="UTF-8"?>
<RESPONSE>
  <VERS>0630</VERS>
  <MODE>U</MODE>
  <TRAN>309808J7WGHG</TRAN>
  <MERC>680000</MERC>
  <SESS>pouaA1431681355</SESS>
  <RULES_TRIGGERED>0</RULES_TRIGGERED>
  <COUNTERS_TRIGGERED>0</COUNTERS_TRIGGERED>
  <REASON_CODE></REASON_CODE>
  <MASTERCARD></MASTERCARD>
  <WARNING_COUNT>0</WARNING_COUNT>
</RESPONSE>

2015-05-15T09:16:25Z
RequestParameter:  billNo: GaXw21431681381 | startTime:2015-05-15 09:16:25

2015-05-15T09:16:25Z
Array
(
    [MODE] => U
    [FRMT] => XML
    [VERS] => 0630
    [MERC] => 680000
    [SESS] => GaXw21431681381
    [TRAN] => 309803X989BT
    [AUTH] => D
    [MACK] => Y
)


2015-05-15T09:16:26Z
ResponseParameter:  billNo: GaXw21431681381 | endTime:2015-05-15 09:16:26

2015-05-15T09:16:26Z
<?xml version="1.0" encoding="UTF-8"?>
<RESPONSE>
  <VERS>0630</VERS>
  <MODE>U</MODE>
  <TRAN>309803X989BT</TRAN>
  <MERC>680000</MERC>
  <SESS>GaXw21431681381</SESS>
  <RULES_TRIGGERED>0</RULES_TRIGGERED>
  <COUNTERS_TRIGGERED>0</COUNTERS_TRIGGERED>
  <REASON_CODE></REASON_CODE>
  <MASTERCARD></MASTERCARD>
  <WARNING_COUNT>0</WARNING_COUNT>
</RESPONSE>

2015-05-15T09:19:25Z
RequestParameter:  billNo: pQ2Zg1431681561 | startTime:2015-05-15 09:19:25

2015-05-15T09:19:25Z
Array
(
    [MODE] => U
    [FRMT] => XML
    [VERS] => 0630
    [MERC] => 680000
    [SESS] => pQ2Zg1431681561
    [TRAN] => 3098041QXWGN
    [AUTH] => D
    [MACK] => Y
)


2015-05-15T09:19:26Z
ResponseParameter:  billNo: pQ2Zg1431681561 | endTime:2015-05-15 09:19:26

2015-05-15T09:19:26Z
<?xml version="1.0" encoding="UTF-8"?>
<RESPONSE>
  <VERS>0630</VERS>
  <MODE>U</MODE>
  <TRAN>3098041QXWGN</TRAN>
  <MERC>680000</MERC>
  <SESS>pQ2Zg1431681561</SESS>
  <RULES_TRIGGERED>0</RULES_TRIGGERED>
  <COUNTERS_TRIGGERED>0</COUNTERS_TRIGGERED>
  <REASON_CODE></REASON_CODE>
  <MASTERCARD></MASTERCARD>
  <WARNING_COUNT>0</WARNING_COUNT>
</RESPONSE>

2015-05-15T09:19:49Z
RequestParameter:  billNo: 83dCn1431681583 | startTime:2015-05-15 09:19:49

2015-05-15T09:19:49Z
Array
(
    [MODE] => U
    [FRMT] => XML
    [VERS] => 0630
    [MERC] => 680000
    [SESS] => 83dCn1431681583
    [TRAN] => 30980K97KVD3
    [AUTH] => D
    [MACK] => Y
)


2015-05-15T09:19:50Z
ResponseParameter:  billNo: 83dCn1431681583 | endTime:2015-05-15 09:19:50

2015-05-15T09:19:50Z
<?xml version="1.0" encoding="UTF-8"?>
<RESPONSE>
  <VERS>0630</VERS>
  <MODE>U</MODE>
  <TRAN>30980K97KVD3</TRAN>
  <MERC>680000</MERC>
  <SESS>83dCn1431681583</SESS>
  <RULES_TRIGGERED>0</RULES_TRIGGERED>
  <COUNTERS_TRIGGERED>0</COUNTERS_TRIGGERED>
  <REASON_CODE></REASON_CODE>
  <MASTERCARD></MASTERCARD>
  <WARNING_COUNT>0</WARNING_COUNT>
</RESPONSE>

2015-05-15T09:27:46Z
RequestParameter:  billNo: bill635672786212224955 | startTime:2015-05-15 09:27:46

2015-05-15T09:27:46Z
Array
(
    [MODE] => U
    [FRMT] => XML
    [VERS] => 0630
    [MERC] => 680000
    [SESS] => sess635672786212224955
    [TRAN] => 3098053JK07T
    [AUTH] => D
    [MACK] => Y
)


2015-05-15T09:27:47Z
ResponseParameter:  billNo: bill635672786212224955 | endTime:2015-05-15 09:27:47

2015-05-15T09:27:47Z
<?xml version="1.0" encoding="UTF-8"?>
<RESPONSE>
  <VERS>0630</VERS>
  <MODE>U</MODE>
  <TRAN>3098053JK07T</TRAN>
  <MERC>680000</MERC>
  <SESS>sess635672786212224955</SESS>
  <RULES_TRIGGERED>0</RULES_TRIGGERED>
  <COUNTERS_TRIGGERED>0</COUNTERS_TRIGGERED>
  <REASON_CODE></REASON_CODE>
  <MASTERCARD></MASTERCARD>
  <WARNING_COUNT>0</WARNING_COUNT>
</RESPONSE>

2015-05-15T09:35:43Z
RequestParameter:  billNo: 1431682544-31359 | startTime:2015-05-15 09:35:43

2015-05-15T09:35:43Z
Array
(
    [MODE] => U
    [FRMT] => XML
    [VERS] => 0630
    [MERC] => 680000
    [SESS] => 1431682544-31359
    [TRAN] => 30980LQHYGTY
    [AUTH] => D
    [MACK] => Y
)


2015-05-15T09:35:44Z
ResponseParameter:  billNo: 1431682544-31359 | endTime:2015-05-15 09:35:44

2015-05-15T09:35:44Z
<?xml version="1.0" encoding="UTF-8"?>
<RESPONSE>
  <VERS>0630</VERS>
  <MODE>U</MODE>
  <TRAN>30980LQHYGTY</TRAN>
  <MERC>680000</MERC>
  <SESS>1431682544-31359</SESS>
  <RULES_TRIGGERED>0</RULES_TRIGGERED>
  <COUNTERS_TRIGGERED>0</COUNTERS_TRIGGERED>
  <REASON_CODE></REASON_CODE>
  <MASTERCARD></MASTERCARD>
  <WARNING_COUNT>0</WARNING_COUNT>
</RESPONSE>

2015-05-15T09:36:04Z
RequestParameter:  billNo: 1431682567-31359 | startTime:2015-05-15 09:36:04

2015-05-15T09:36:04Z
Array
(
    [MODE] => U
    [FRMT] => XML
    [VERS] => 0630
    [MERC] => 680000
    [SESS] => 1431682567-31359
    [TRAN] => 30980C41Z05Y
    [AUTH] => D
    [MACK] => Y
)


2015-05-15T09:36:04Z
ResponseParameter:  billNo: 1431682567-31359 | endTime:2015-05-15 09:36:04

2015-05-15T09:36:04Z
<?xml version="1.0" encoding="UTF-8"?>
<RESPONSE>
  <VERS>0630</VERS>
  <MODE>U</MODE>
  <TRAN>30980C41Z05Y</TRAN>
  <MERC>680000</MERC>
  <SESS>1431682567-31359</SESS>
  <RULES_TRIGGERED>0</RULES_TRIGGERED>
  <COUNTERS_TRIGGERED>0</COUNTERS_TRIGGERED>
  <REASON_CODE></REASON_CODE>
  <MASTERCARD></MASTERCARD>
  <WARNING_COUNT>0</WARNING_COUNT>
</RESPONSE>

2015-05-15T09:37:07Z
RequestParameter:  billNo: bill635672791899541164 | startTime:2015-05-15 09:37:07

2015-05-15T09:37:07Z
Array
(
    [MODE] => U
    [FRMT] => XML
    [VERS] => 0630
    [MERC] => 680000
    [SESS] => sess635672791899541164
    [TRAN] => 30980YGQ6WZ9
    [AUTH] => D
    [MACK] => Y
)


2015-05-15T09:37:08Z
ResponseParameter:  billNo: bill635672791899541164 | endTime:2015-05-15 09:37:08

2015-05-15T09:37:08Z
<?xml version="1.0" encoding="UTF-8"?>
<RESPONSE>
  <VERS>0630</VERS>
  <MODE>U</MODE>
  <TRAN>30980YGQ6WZ9</TRAN>
  <MERC>680000</MERC>
  <SESS>sess635672791899541164</SESS>
  <RULES_TRIGGERED>0</RULES_TRIGGERED>
  <COUNTERS_TRIGGERED>0</COUNTERS_TRIGGERED>
  <REASON_CODE></REASON_CODE>
  <MASTERCARD></MASTERCARD>
  <WARNING_COUNT>0</WARNING_COUNT>
</RESPONSE>

2015-05-15T09:39:26Z
RequestParameter:  billNo: bill635672793472900543 | startTime:2015-05-15 09:39:26

2015-05-15T09:39:26Z
Array
(
    [MODE] => U
    [FRMT] => XML
    [VERS] => 0630
    [MERC] => 680000
    [SESS] => sess635672793472900543
    [TRAN] => 30980XCWJMHT
    [AUTH] => D
    [MACK] => Y
)


2015-05-15T09:39:26Z
ResponseParameter:  billNo: bill635672793472900543 | endTime:2015-05-15 09:39:26

2015-05-15T09:39:26Z
<?xml version="1.0" encoding="UTF-8"?>
<RESPONSE>
  <VERS>0630</VERS>
  <MODE>U</MODE>
  <TRAN>30980XCWJMHT</TRAN>
  <MERC>680000</MERC>
  <SESS>sess635672793472900543</SESS>
  <RULES_TRIGGERED>0</RULES_TRIGGERED>
  <COUNTERS_TRIGGERED>0</COUNTERS_TRIGGERED>
  <REASON_CODE></REASON_CODE>
  <MASTERCARD></MASTERCARD>
  <WARNING_COUNT>0</WARNING_COUNT>
</RESPONSE>

2015-05-15T09:41:59Z
RequestParameter:  billNo: 3Xt9E1431682914 | startTime:2015-05-15 09:41:59

2015-05-15T09:41:59Z
Array
(
    [MODE] => U
    [FRMT] => XML
    [VERS] => 0630
    [MERC] => 680000
    [SESS] => 3Xt9E1431682914
    [TRAN] => 309802ZKT15Z
    [AUTH] => D
    [MACK] => Y
)


2015-05-15T09:42:00Z
ResponseParameter:  billNo: 3Xt9E1431682914 | endTime:2015-05-15 09:42:00

2015-05-15T09:42:00Z
<?xml version="1.0" encoding="UTF-8"?>
<RESPONSE>
  <VERS>0630</VERS>
  <MODE>U</MODE>
  <TRAN>309802ZKT15Z</TRAN>
  <MERC>680000</MERC>
  <SESS>3Xt9E1431682914</SESS>
  <RULES_TRIGGERED>0</RULES_TRIGGERED>
  <COUNTERS_TRIGGERED>0</COUNTERS_TRIGGERED>
  <REASON_CODE></REASON_CODE>
  <MASTERCARD></MASTERCARD>
  <WARNING_COUNT>0</WARNING_COUNT>
</RESPONSE>

2015-05-15T09:46:37Z
RequestParameter:  billNo: hSE6X1431683194 | startTime:2015-05-15 09:46:37

2015-05-15T09:46:37Z
Array
(
    [MODE] => U
    [FRMT] => XML
    [VERS] => 0630
    [MERC] => 680000
    [SESS] => hSE6X1431683194
    [TRAN] => 30980SPNMYK4
    [AUTH] => D
    [MACK] => Y
)


2015-05-15T09:46:37Z
ResponseParameter:  billNo: hSE6X1431683194 | endTime:2015-05-15 09:46:37

2015-05-15T09:46:37Z
<?xml version="1.0" encoding="UTF-8"?>
<RESPONSE>
  <VERS>0630</VERS>
  <MODE>U</MODE>
  <TRAN>30980SPNMYK4</TRAN>
  <MERC>680000</MERC>
  <SESS>hSE6X1431683194</SESS>
  <RULES_TRIGGERED>0</RULES_TRIGGERED>
  <COUNTERS_TRIGGERED>0</COUNTERS_TRIGGERED>
  <REASON_CODE></REASON_CODE>
  <MASTERCARD></MASTERCARD>
  <WARNING_COUNT>0</WARNING_COUNT>
</RESPONSE>

2015-05-15T10:09:10Z
RequestParameter:  billNo: Riz411431684544 | startTime:2015-05-15 10:09:10

2015-05-15T10:09:10Z
Array
(
    [MODE] => U
    [FRMT] => XML
    [VERS] => 0630
    [MERC] => 680000
    [SESS] => Riz411431684544
    [TRAN] => 30960M0353RH
    [AUTH] => D
    [MACK] => Y
)


2015-05-15T10:09:11Z
ResponseParameter:  billNo: Riz411431684544 | endTime:2015-05-15 10:09:11

2015-05-15T10:09:11Z
<?xml version="1.0" encoding="UTF-8"?>
<RESPONSE>
  <VERS>0630</VERS>
  <MODE>U</MODE>
  <TRAN>30960M0353RH</TRAN>
  <MERC>680000</MERC>
  <SESS>Riz411431684544</SESS>
  <RULES_TRIGGERED>0</RULES_TRIGGERED>
  <COUNTERS_TRIGGERED>0</COUNTERS_TRIGGERED>
  <REASON_CODE></REASON_CODE>
  <MASTERCARD></MASTERCARD>
  <WARNING_COUNT>0</WARNING_COUNT>
</RESPONSE>

2015-05-15T10:12:00Z
RequestParameter:  billNo: eAQ4Z1431684715 | startTime:2015-05-15 10:12:00

2015-05-15T10:12:00Z
Array
(
    [MODE] => U
    [FRMT] => XML
    [VERS] => 0630
    [MERC] => 680000
    [SESS] => eAQ4Z1431684715
    [TRAN] => 309603GZSTV0
    [AUTH] => D
    [MACK] => Y
)


2015-05-15T10:12:01Z
ResponseParameter:  billNo: eAQ4Z1431684715 | endTime:2015-05-15 10:12:01

2015-05-15T10:12:01Z
<?xml version="1.0" encoding="UTF-8"?>
<RESPONSE>
  <VERS>0630</VERS>
  <MODE>U</MODE>
  <TRAN>309603GZSTV0</TRAN>
  <MERC>680000</MERC>
  <SESS>eAQ4Z1431684715</SESS>
  <RULES_TRIGGERED>0</RULES_TRIGGERED>
  <COUNTERS_TRIGGERED>0</COUNTERS_TRIGGERED>
  <REASON_CODE></REASON_CODE>
  <MASTERCARD></MASTERCARD>
  <WARNING_COUNT>0</WARNING_COUNT>
</RESPONSE>

2015-05-15T10:12:21Z
RequestParameter:  billNo: lGmzf1431684737 | startTime:2015-05-15 10:12:21

2015-05-15T10:12:21Z
Array
(
    [MODE] => U
    [FRMT] => XML
    [VERS] => 0630
    [MERC] => 680000
    [SESS] => lGmzf1431684737
    [TRAN] => 3096061JHR8K
    [AUTH] => D
    [MACK] => Y
)


2015-05-15T10:12:22Z
ResponseParameter:  billNo: lGmzf1431684737 | endTime:2015-05-15 10:12:22

2015-05-15T10:12:22Z
<?xml version="1.0" encoding="UTF-8"?>
<RESPONSE>
  <VERS>0630</VERS>
  <MODE>U</MODE>
  <TRAN>3096061JHR8K</TRAN>
  <MERC>680000</MERC>
  <SESS>lGmzf1431684737</SESS>
  <RULES_TRIGGERED>0</RULES_TRIGGERED>
  <COUNTERS_TRIGGERED>0</COUNTERS_TRIGGERED>
  <REASON_CODE></REASON_CODE>
  <MASTERCARD></MASTERCARD>
  <WARNING_COUNT>0</WARNING_COUNT>
</RESPONSE>

2015-05-15T10:18:00Z
RequestParameter:  billNo: 2083620a2cff468eb973626d62d1bcbc | startTime:2015-05-15 10:18:00

2015-05-15T10:18:00Z
Array
(
    [MODE] => U
    [FRMT] => XML
    [VERS] => 0630
    [MERC] => 680000
    [SESS] => 2083620a2cff468eb973626d62d1bcbc
    [TRAN] => 30960TST2MC9
    [AUTH] => D
    [MACK] => Y
)


2015-05-15T10:18:01Z
ResponseParameter:  billNo: 2083620a2cff468eb973626d62d1bcbc | endTime:2015-05-15 10:18:01

2015-05-15T10:18:01Z
<?xml version="1.0" encoding="UTF-8"?>
<RESPONSE>
  <VERS>0630</VERS>
  <MODE>U</MODE>
  <TRAN>30960TST2MC9</TRAN>
  <MERC>680000</MERC>
  <SESS>2083620a2cff468eb973626d62d1bcbc</SESS>
  <RULES_TRIGGERED>0</RULES_TRIGGERED>
  <COUNTERS_TRIGGERED>0</COUNTERS_TRIGGERED>
  <REASON_CODE></REASON_CODE>
  <MASTERCARD></MASTERCARD>
  <WARNING_COUNT>0</WARNING_COUNT>
</RESPONSE>

2015-05-15T10:21:17Z
RequestParameter:  billNo: bill635672818591501149 | startTime:2015-05-15 10:21:17

2015-05-15T10:21:17Z
Array
(
    [MODE] => U
    [FRMT] => XML
    [VERS] => 0630
    [MERC] => 680000
    [SESS] => sess635672818591501149
    [TRAN] => 3096072H2MLL
    [AUTH] => D
    [MACK] => Y
)


2015-05-15T10:21:18Z
ResponseParameter:  billNo: bill635672818591501149 | endTime:2015-05-15 10:21:18

2015-05-15T10:21:18Z
<?xml version="1.0" encoding="UTF-8"?>
<RESPONSE>
  <VERS>0630</VERS>
  <MODE>U</MODE>
  <TRAN>3096072H2MLL</TRAN>
  <MERC>680000</MERC>
  <SESS>sess635672818591501149</SESS>
  <RULES_TRIGGERED>0</RULES_TRIGGERED>
  <COUNTERS_TRIGGERED>0</COUNTERS_TRIGGERED>
  <REASON_CODE></REASON_CODE>
  <MASTERCARD></MASTERCARD>
  <WARNING_COUNT>0</WARNING_COUNT>
</RESPONSE>

2015-05-15T10:41:44Z
RequestParameter:  billNo: 196523e64d6f470c83b55f019f930ec1 | startTime:2015-05-15 10:41:44

2015-05-15T10:41:44Z
Array
(
    [MODE] => U
    [FRMT] => XML
    [VERS] => 0630
    [MERC] => 680000
    [SESS] => 196523e64d6f470c83b55f019f930ec1
    [TRAN] => 309601SNL2V9
    [AUTH] => D
    [MACK] => Y
)


2015-05-15T10:41:45Z
ResponseParameter:  billNo: 196523e64d6f470c83b55f019f930ec1 | endTime:2015-05-15 10:41:45

2015-05-15T10:41:45Z
<?xml version="1.0" encoding="UTF-8"?>
<RESPONSE>
  <VERS>0630</VERS>
  <MODE>U</MODE>
  <TRAN>309601SNL2V9</TRAN>
  <MERC>680000</MERC>
  <SESS>196523e64d6f470c83b55f019f930ec1</SESS>
  <RULES_TRIGGERED>0</RULES_TRIGGERED>
  <COUNTERS_TRIGGERED>0</COUNTERS_TRIGGERED>
  <REASON_CODE></REASON_CODE>
  <MASTERCARD></MASTERCARD>
  <WARNING_COUNT>0</WARNING_COUNT>
</RESPONSE>

2015-05-15T10:42:45Z
RequestParameter:  billNo: bill635672830983214940 | startTime:2015-05-15 10:42:45

2015-05-15T10:42:45Z
Array
(
    [MODE] => U
    [FRMT] => XML
    [VERS] => 0630
    [MERC] => 680000
    [SESS] => sess635672830983214940
    [TRAN] => 309605DCQ9W7
    [AUTH] => D
    [MACK] => Y
)


2015-05-15T10:42:45Z
ResponseParameter:  billNo: bill635672830983214940 | endTime:2015-05-15 10:42:45

2015-05-15T10:42:45Z
<?xml version="1.0" encoding="UTF-8"?>
<RESPONSE>
  <VERS>0630</VERS>
  <MODE>U</MODE>
  <TRAN>309605DCQ9W7</TRAN>
  <MERC>680000</MERC>
  <SESS>sess635672830983214940</SESS>
  <RULES_TRIGGERED>0</RULES_TRIGGERED>
  <COUNTERS_TRIGGERED>0</COUNTERS_TRIGGERED>
  <REASON_CODE></REASON_CODE>
  <MASTERCARD></MASTERCARD>
  <WARNING_COUNT>0</WARNING_COUNT>
</RESPONSE>

2015-05-15T10:43:01Z
RequestParameter:  billNo: 63cc7e934cd345fbb3fb45ce73e688b9 | startTime:2015-05-15 10:43:01

2015-05-15T10:43:01Z
Array
(
    [MODE] => U
    [FRMT] => XML
    [VERS] => 0630
    [MERC] => 680000
    [SESS] => 63cc7e934cd345fbb3fb45ce73e688b9
    [TRAN] => 30960DRP4TWK
    [AUTH] => D
    [MACK] => Y
)


2015-05-15T10:43:02Z
ResponseParameter:  billNo: 63cc7e934cd345fbb3fb45ce73e688b9 | endTime:2015-05-15 10:43:02

2015-05-15T10:43:02Z
<?xml version="1.0" encoding="UTF-8"?>
<RESPONSE>
  <VERS>0630</VERS>
  <MODE>U</MODE>
  <TRAN>30960DRP4TWK</TRAN>
  <MERC>680000</MERC>
  <SESS>63cc7e934cd345fbb3fb45ce73e688b9</SESS>
  <RULES_TRIGGERED>0</RULES_TRIGGERED>
  <COUNTERS_TRIGGERED>0</COUNTERS_TRIGGERED>
  <REASON_CODE></REASON_CODE>
  <MASTERCARD></MASTERCARD>
  <WARNING_COUNT>0</WARNING_COUNT>
</RESPONSE>

2015-05-15T10:45:47Z
RequestParameter:  billNo: licbd1431686742 | startTime:2015-05-15 10:45:47

2015-05-15T10:45:47Z
Array
(
    [MODE] => U
    [FRMT] => XML
    [VERS] => 0630
    [MERC] => 680000
    [SESS] => licbd1431686742
    [TRAN] => 30960R0Q0LRJ
    [AUTH] => D
    [MACK] => Y
)


2015-05-15T10:45:48Z
ResponseParameter:  billNo: licbd1431686742 | endTime:2015-05-15 10:45:48

2015-05-15T10:45:48Z
<?xml version="1.0" encoding="UTF-8"?>
<RESPONSE>
  <VERS>0630</VERS>
  <MODE>U</MODE>
  <TRAN>30960R0Q0LRJ</TRAN>
  <MERC>680000</MERC>
  <SESS>licbd1431686742</SESS>
  <RULES_TRIGGERED>0</RULES_TRIGGERED>
  <COUNTERS_TRIGGERED>0</COUNTERS_TRIGGERED>
  <REASON_CODE></REASON_CODE>
  <MASTERCARD></MASTERCARD>
  <WARNING_COUNT>0</WARNING_COUNT>
</RESPONSE>

2015-05-15T10:48:51Z
RequestParameter:  billNo: 5bfaef53b309498c9a21e9417fc8d14b | startTime:2015-05-15 10:48:51

2015-05-15T10:48:51Z
Array
(
    [MODE] => U
    [FRMT] => XML
    [VERS] => 0630
    [MERC] => 680000
    [SESS] => 5bfaef53b309498c9a21e9417fc8d14b
    [TRAN] => 3096012X2SJM
    [AUTH] => D
    [MACK] => Y
)


2015-05-15T10:48:51Z
ResponseParameter:  billNo: 5bfaef53b309498c9a21e9417fc8d14b | endTime:2015-05-15 10:48:51

2015-05-15T10:48:51Z
<?xml version="1.0" encoding="UTF-8"?>
<RESPONSE>
  <VERS>0630</VERS>
  <MODE>U</MODE>
  <TRAN>3096012X2SJM</TRAN>
  <MERC>680000</MERC>
  <SESS>5bfaef53b309498c9a21e9417fc8d14b</SESS>
  <RULES_TRIGGERED>0</RULES_TRIGGERED>
  <COUNTERS_TRIGGERED>0</COUNTERS_TRIGGERED>
  <REASON_CODE></REASON_CODE>
  <MASTERCARD></MASTERCARD>
  <WARNING_COUNT>0</WARNING_COUNT>
</RESPONSE>

2015-05-15T11:51:24Z
RequestParameter:  billNo: pWxvk1431690679 | startTime:2015-05-15 11:51:24

2015-05-15T11:51:24Z
Array
(
    [MODE] => U
    [FRMT] => XML
    [VERS] => 0630
    [MERC] => 680000
    [SESS] => pWxvk1431690679
    [TRAN] => 30910XG3YNKQ
    [AUTH] => D
    [MACK] => Y
)


2015-05-15T11:51:25Z
ResponseParameter:  billNo: pWxvk1431690679 | endTime:2015-05-15 11:51:25

2015-05-15T11:51:25Z
<?xml version="1.0" encoding="UTF-8"?>
<RESPONSE>
  <VERS>0630</VERS>
  <MODE>U</MODE>
  <TRAN>30910XG3YNKQ</TRAN>
  <MERC>680000</MERC>
  <SESS>pWxvk1431690679</SESS>
  <RULES_TRIGGERED>0</RULES_TRIGGERED>
  <COUNTERS_TRIGGERED>0</COUNTERS_TRIGGERED>
  <REASON_CODE></REASON_CODE>
  <MASTERCARD></MASTERCARD>
  <WARNING_COUNT>0</WARNING_COUNT>
</RESPONSE>

2015-05-15T12:17:48Z
RequestParameter:  billNo: 1431692206-748 | startTime:2015-05-15 12:17:48

2015-05-15T12:17:48Z
Array
(
    [MODE] => U
    [FRMT] => XML
    [VERS] => 0630
    [MERC] => 680000
    [SESS] => 346d4e94161e10196aacaf97763804de
    [TRAN] => 30930DKWNTSR
    [AUTH] => D
    [MACK] => Y
)


2015-05-15T12:17:49Z
ResponseParameter:  billNo: 1431692206-748 | endTime:2015-05-15 12:17:49

2015-05-15T12:17:49Z
<?xml version="1.0" encoding="UTF-8"?>
<RESPONSE>
  <VERS>0630</VERS>
  <MODE>U</MODE>
  <TRAN>30930DKWNTSR</TRAN>
  <MERC>680000</MERC>
  <SESS>346d4e94161e10196aacaf97763804de</SESS>
  <RULES_TRIGGERED>0</RULES_TRIGGERED>
  <COUNTERS_TRIGGERED>0</COUNTERS_TRIGGERED>
  <REASON_CODE></REASON_CODE>
  <MASTERCARD></MASTERCARD>
  <WARNING_COUNT>0</WARNING_COUNT>
</RESPONSE>

2015-05-15T12:20:21Z
RequestParameter:  billNo: 1431692279-748 | startTime:2015-05-15 12:20:21

2015-05-15T12:20:21Z
Array
(
    [MODE] => U
    [FRMT] => XML
    [VERS] => 0630
    [MERC] => 680000
    [SESS] => ded77e4a10047770c63fc70b6ec8737d
    [TRAN] => 309309P8DX6G
    [AUTH] => D
    [MACK] => Y
)


2015-05-15T12:20:22Z
ResponseParameter:  billNo: 1431692279-748 | endTime:2015-05-15 12:20:22

2015-05-15T12:20:22Z
<?xml version="1.0" encoding="UTF-8"?>
<RESPONSE>
  <VERS>0630</VERS>
  <MODE>U</MODE>
  <TRAN>309309P8DX6G</TRAN>
  <MERC>680000</MERC>
  <SESS>ded77e4a10047770c63fc70b6ec8737d</SESS>
  <RULES_TRIGGERED>0</RULES_TRIGGERED>
  <COUNTERS_TRIGGERED>0</COUNTERS_TRIGGERED>
  <REASON_CODE></REASON_CODE>
  <MASTERCARD></MASTERCARD>
  <WARNING_COUNT>0</WARNING_COUNT>
</RESPONSE>

2015-05-15T12:21:48Z
RequestParameter:  billNo: 1431692433-748 | startTime:2015-05-15 12:21:48

2015-05-15T12:21:48Z
Array
(
    [MODE] => U
    [FRMT] => XML
    [VERS] => 0630
    [MERC] => 680000
    [SESS] => f2079ab89172cfff034514ed37885efc
    [TRAN] => 30930LRHV608
    [AUTH] => D
    [MACK] => Y
)


2015-05-15T12:21:49Z
ResponseParameter:  billNo: 1431692433-748 | endTime:2015-05-15 12:21:49

2015-05-15T12:21:49Z
<?xml version="1.0" encoding="UTF-8"?>
<RESPONSE>
  <VERS>0630</VERS>
  <MODE>U</MODE>
  <TRAN>30930LRHV608</TRAN>
  <MERC>680000</MERC>
  <SESS>f2079ab89172cfff034514ed37885efc</SESS>
  <RULES_TRIGGERED>0</RULES_TRIGGERED>
  <COUNTERS_TRIGGERED>0</COUNTERS_TRIGGERED>
  <REASON_CODE></REASON_CODE>
  <MASTERCARD></MASTERCARD>
  <WARNING_COUNT>0</WARNING_COUNT>
</RESPONSE>

2015-05-15T14:25:35Z
RequestParameter:  billNo: 1431699869-748 | startTime:2015-05-15 14:25:35

2015-05-15T14:25:35Z
Array
(
    [MODE] => U
    [FRMT] => XML
    [VERS] => 0630
    [MERC] => 680000
    [SESS] => 084fb396ef8ea5841521a737002719a1
    [TRAN] => 30970S95PYR7
    [AUTH] => D
    [MACK] => Y
)


2015-05-15T14:25:36Z
ResponseParameter:  billNo: 1431699869-748 | endTime:2015-05-15 14:25:36

2015-05-15T14:25:36Z
<?xml version="1.0" encoding="UTF-8"?>
<RESPONSE>
  <VERS>0630</VERS>
  <MODE>U</MODE>
  <TRAN>30970S95PYR7</TRAN>
  <MERC>680000</MERC>
  <SESS>084fb396ef8ea5841521a737002719a1</SESS>
  <RULES_TRIGGERED>0</RULES_TRIGGERED>
  <COUNTERS_TRIGGERED>0</COUNTERS_TRIGGERED>
  <REASON_CODE></REASON_CODE>
  <MASTERCARD></MASTERCARD>
  <WARNING_COUNT>0</WARNING_COUNT>
</RESPONSE>

2015-05-15T18:04:35Z
RequestParameter:  billNo: 1431713011-748 | startTime:2015-05-15 18:04:35

2015-05-15T18:04:35Z
Array
(
    [MODE] => U
    [FRMT] => XML
    [VERS] => 0630
    [MERC] => 680000
    [SESS] => cd3936081695e50a7d171a5fcb1c3133
    [TRAN] => 304N0N0M5H2H
    [AUTH] => D
    [MACK] => Y
)


2015-05-15T18:04:36Z
ResponseParameter:  billNo: 1431713011-748 | endTime:2015-05-15 18:04:36

2015-05-15T18:04:36Z
<?xml version="1.0" encoding="UTF-8"?>
<RESPONSE>
  <VERS>0630</VERS>
  <MODE>U</MODE>
  <TRAN>304N0N0M5H2H</TRAN>
  <MERC>680000</MERC>
  <SESS>cd3936081695e50a7d171a5fcb1c3133</SESS>
  <RULES_TRIGGERED>0</RULES_TRIGGERED>
  <COUNTERS_TRIGGERED>0</COUNTERS_TRIGGERED>
  <REASON_CODE></REASON_CODE>
  <MASTERCARD></MASTERCARD>
  <WARNING_COUNT>0</WARNING_COUNT>
</RESPONSE>

2015-05-15T18:06:08Z
RequestParameter:  billNo: 1431713087-748 | startTime:2015-05-15 18:06:08

2015-05-15T18:06:08Z
Array
(
    [MODE] => U
    [FRMT] => XML
    [VERS] => 0630
    [MERC] => 680000
    [SESS] => 11e7de3ee78d975fd02ff0b9499b84bb
    [TRAN] => 304N00GBR7K6
    [AUTH] => D
    [MACK] => Y
)


2015-05-15T18:06:09Z
ResponseParameter:  billNo: 1431713087-748 | endTime:2015-05-15 18:06:09

2015-05-15T18:06:09Z
<?xml version="1.0" encoding="UTF-8"?>
<RESPONSE>
  <VERS>0630</VERS>
  <MODE>U</MODE>
  <TRAN>304N00GBR7K6</TRAN>
  <MERC>680000</MERC>
  <SESS>11e7de3ee78d975fd02ff0b9499b84bb</SESS>
  <RULES_TRIGGERED>0</RULES_TRIGGERED>
  <COUNTERS_TRIGGERED>0</COUNTERS_TRIGGERED>
  <REASON_CODE></REASON_CODE>
  <MASTERCARD></MASTERCARD>
  <WARNING_COUNT>0</WARNING_COUNT>
</RESPONSE>

2015-05-15T18:08:50Z
RequestParameter:  billNo: 1431713180-748 | startTime:2015-05-15 18:08:50

2015-05-15T18:08:50Z
Array
(
    [MODE] => U
    [FRMT] => XML
    [VERS] => 0630
    [MERC] => 680000
    [SESS] => b05d9906cafff5be823bf54bdcc998ac
    [TRAN] => 304N0XBBQV65
    [AUTH] => D
    [MACK] => Y
)


2015-05-15T18:08:51Z
ResponseParameter:  billNo: 1431713180-748 | endTime:2015-05-15 18:08:51

2015-05-15T18:08:51Z
<?xml version="1.0" encoding="UTF-8"?>
<RESPONSE>
  <VERS>0630</VERS>
  <MODE>U</MODE>
  <TRAN>304N0XBBQV65</TRAN>
  <MERC>680000</MERC>
  <SESS>b05d9906cafff5be823bf54bdcc998ac</SESS>
  <RULES_TRIGGERED>0</RULES_TRIGGERED>
  <COUNTERS_TRIGGERED>0</COUNTERS_TRIGGERED>
  <REASON_CODE></REASON_CODE>
  <MASTERCARD></MASTERCARD>
  <WARNING_COUNT>0</WARNING_COUNT>
</RESPONSE>

2015-05-15T18:18:16Z
RequestParameter:  billNo: 1431713835-748 | startTime:2015-05-15 18:18:16

2015-05-15T18:18:16Z
Array
(
    [MODE] => U
    [FRMT] => XML
    [VERS] => 0630
    [MERC] => 680000
    [SESS] => 6661565e8817b8b35d4460a5ca17be5c
    [TRAN] => 304N0945ZYGQ
    [AUTH] => D
    [MACK] => Y
)


2015-05-15T18:18:17Z
ResponseParameter:  billNo: 1431713835-748 | endTime:2015-05-15 18:18:17

2015-05-15T18:18:17Z
<?xml version="1.0" encoding="UTF-8"?>
<RESPONSE>
  <VERS>0630</VERS>
  <MODE>U</MODE>
  <TRAN>304N0945ZYGQ</TRAN>
  <MERC>680000</MERC>
  <SESS>6661565e8817b8b35d4460a5ca17be5c</SESS>
  <RULES_TRIGGERED>0</RULES_TRIGGERED>
  <COUNTERS_TRIGGERED>0</COUNTERS_TRIGGERED>
  <REASON_CODE></REASON_CODE>
  <MASTERCARD></MASTERCARD>
  <WARNING_COUNT>0</WARNING_COUNT>
</RESPONSE>

