2015-08-10T05:06:03Z
RequestParameter:  billNo: bill635747868816489244 | startTime:2015-08-10 05:06:03

2015-08-10T05:06:03Z
https://www.pesopay.com/b2c2/eng/directPay/payComp.jsp?payType=N&merchantId=18139939&pMethod=VISA&lang=E&cardHolder=BADER%20ALMALKI&cardNo=4************765&securityCode=***&epMonth=6&epYear=2016&amount=1000&currCode=840&orderRef=bill635747868816489244&remark=

2015-08-10T05:06:06Z
ResponseParameter:  billNo: bill635747868816489244 | endTime:2015-08-10 05:06:06

2015-08-10T05:06:06Z
successcode=1&Ref=bill635747868816489244&PayRef=7722286&Amt=1000.0&Cur=840&prc=1&src=7&Ord=&Holder=BADER ALMALKI&AuthId=&TxTime=2015-08-10 13:06:31.0&errMsg=Transaction failed







2015-08-10T06:23:53Z
RequestParameter:  billNo: 558a23ce11124e56ae3da13f144294b1 | startTime:2015-08-10 06:23:53

2015-08-10T06:23:53Z
https://www.pesopay.com/b2c2/eng/directPay/payComp.jsp?payType=N&merchantId=18139939&pMethod=VISA&lang=E&cardHolder=MIKHAIL%20%20TABAKAEV&cardNo=4************996&securityCode=***&epMonth=12&epYear=2017&amount=100&currCode=840&orderRef=558a23ce11124e56ae3da13f144294b1&remark=

2015-08-10T06:23:56Z
ResponseParameter:  billNo: 558a23ce11124e56ae3da13f144294b1 | endTime:2015-08-10 06:23:56

2015-08-10T06:23:56Z
successcode=1&Ref=558a23ce11124e56ae3da13f144294b1&PayRef=7722703&Amt=100.0&Cur=840&prc=1&src=7&Ord=&Holder=MIKHAIL  TABAKAEV&AuthId=&TxTime=2015-08-10 14:24:20.0&errMsg=Transaction failed







2015-08-10T07:49:10Z
RequestParameter:  billNo: 55c8578f11826 | startTime:2015-08-10 07:49:10

2015-08-10T07:49:10Z
https://www.pesopay.com/b2c2/eng/directPay/payComp.jsp?payType=N&merchantId=18139954&pMethod=Master&lang=E&cardHolder=Pascal%20Gerard&cardNo=5************585&securityCode=***&epMonth=04&epYear=2017&amount=200&currCode=978&orderRef=55c8578f11826&remark=Customer%20Remarks

2015-08-10T07:49:14Z
ResponseParameter:  billNo: 55c8578f11826 | endTime:2015-08-10 07:49:14

2015-08-10T07:49:14Z
successcode=1&Ref=55c8578f11826&PayRef=7723221&Amt=200.0&Cur=978&prc=1&src=7&Ord=&Holder=Pascal Gerard&AuthId=&TxTime=2015-08-10 15:49:38.0&errMsg=Transaction failed







2015-08-10T07:55:39Z
RequestParameter:  billNo: 1439193362810 | startTime:2015-08-10 07:55:39

2015-08-10T07:55:39Z
https://www.pesopay.com/b2c2/eng/directPay/payComp.jsp?payType=N&merchantId=18139939&pMethod=Master&lang=E&cardHolder=Giuseppe%20Consales&cardNo=5************693&securityCode=***&epMonth=2&epYear=2019&amount=200&currCode=840&orderRef=1439193362810&remark=30407

2015-08-10T07:55:44Z
ResponseParameter:  billNo: 1439193362810 | endTime:2015-08-10 07:55:44

2015-08-10T07:55:44Z
successcode=1&Ref=1439193362810&PayRef=7723286&Amt=200.0&Cur=840&prc=1&src=7&Ord=&Holder=Giuseppe Consales&AuthId=&TxTime=2015-08-10 15:56:09.0&errMsg=Transaction failed







2015-08-10T07:56:26Z
RequestParameter:  billNo: 1439193410937 | startTime:2015-08-10 07:56:26

2015-08-10T07:56:26Z
https://www.pesopay.com/b2c2/eng/directPay/payComp.jsp?payType=N&merchantId=18139939&pMethod=Master&lang=E&cardHolder=Giuseppe%20Consales&cardNo=5************693&securityCode=***&epMonth=2&epYear=2019&amount=200&currCode=840&orderRef=1439193410937&remark=30407

2015-08-10T07:56:29Z
ResponseParameter:  billNo: 1439193410937 | endTime:2015-08-10 07:56:29

2015-08-10T07:56:29Z
successcode=1&Ref=1439193410937&PayRef=7723295&Amt=200.0&Cur=840&prc=1&src=7&Ord=&Holder=Giuseppe Consales&AuthId=&TxTime=2015-08-10 15:56:54.0&errMsg=Transaction failed







2015-08-10T07:57:21Z
RequestParameter:  billNo: 1439193465303 | startTime:2015-08-10 07:57:21

2015-08-10T07:57:21Z
https://www.pesopay.com/b2c2/eng/directPay/payComp.jsp?payType=N&merchantId=18139939&pMethod=Master&lang=E&cardHolder=Giuseppe%20Consales&cardNo=5************693&securityCode=***&epMonth=2&epYear=2019&amount=200&currCode=840&orderRef=1439193465303&remark=30407

2015-08-10T07:57:24Z
ResponseParameter:  billNo: 1439193465303 | endTime:2015-08-10 07:57:24

2015-08-10T07:57:24Z
successcode=1&Ref=1439193465303&PayRef=7723299&Amt=200.0&Cur=840&prc=1&src=7&Ord=&Holder=Giuseppe Consales&AuthId=&TxTime=2015-08-10 15:57:49.0&errMsg=Transaction failed







2015-08-10T08:02:07Z
RequestParameter:  billNo: 1439193750358 | startTime:2015-08-10 08:02:07

2015-08-10T08:02:07Z
https://www.pesopay.com/b2c2/eng/directPay/payComp.jsp?payType=N&merchantId=18139939&pMethod=Master&lang=E&cardHolder=Giuseppe%20Consales&cardNo=5************693&securityCode=***&epMonth=2&epYear=2019&amount=200&currCode=840&orderRef=1439193750358&remark=30407

2015-08-10T08:02:13Z
ResponseParameter:  billNo: 1439193750358 | endTime:2015-08-10 08:02:13

2015-08-10T08:02:13Z
successcode=1&Ref=1439193750358&PayRef=7723331&Amt=200.0&Cur=840&prc=1&src=7&Ord=&Holder=Giuseppe Consales&AuthId=&TxTime=2015-08-10 16:02:39.0&errMsg=Transaction failed







2015-08-10T08:03:36Z
RequestParameter:  billNo: 1439193840636 | startTime:2015-08-10 08:03:36

2015-08-10T08:03:36Z
https://www.pesopay.com/b2c2/eng/directPay/payComp.jsp?payType=N&merchantId=18139954&pMethod=Master&lang=E&cardHolder=Giuseppe%20Consales&cardNo=5************693&securityCode=***&epMonth=2&epYear=2019&amount=200&currCode=978&orderRef=1439193840636&remark=30407

2015-08-10T08:03:42Z
ResponseParameter:  billNo: 1439193840636 | endTime:2015-08-10 08:03:42

2015-08-10T08:03:42Z
successcode=1&Ref=1439193840636&PayRef=7723341&Amt=200.0&Cur=978&prc=1&src=7&Ord=&Holder=Giuseppe Consales&AuthId=&TxTime=2015-08-10 16:04:07.0&errMsg=Transaction failed







2015-08-10T08:05:10Z
RequestParameter:  billNo: 1439193933232 | startTime:2015-08-10 08:05:10

2015-08-10T08:05:10Z
https://www.pesopay.com/b2c2/eng/directPay/payComp.jsp?payType=N&merchantId=18139939&pMethod=Master&lang=E&cardHolder=Giuseppe%20Consales&cardNo=5************693&securityCode=***&epMonth=2&epYear=2019&amount=200&currCode=840&orderRef=1439193933232&remark=30407

2015-08-10T08:05:12Z
ResponseParameter:  billNo: 1439193933232 | endTime:2015-08-10 08:05:12

2015-08-10T08:05:12Z
successcode=1&Ref=1439193933232&PayRef=7723360&Amt=200.0&Cur=840&prc=1&src=7&Ord=&Holder=Giuseppe Consales&AuthId=&TxTime=2015-08-10 16:05:38.0&errMsg=Transaction failed







2015-08-10T08:13:48Z
RequestParameter:  billNo: 1439194451842 | startTime:2015-08-10 08:13:48

2015-08-10T08:13:48Z
https://www.pesopay.com/b2c2/eng/directPay/payComp.jsp?payType=N&merchantId=18139954&pMethod=Master&lang=E&cardHolder=Conswales%20Giuseppe&cardNo=5************693&securityCode=***&epMonth=2&epYear=2019&amount=100&currCode=978&orderRef=1439194451842&remark=30407

2015-08-10T08:13:50Z
ResponseParameter:  billNo: 1439194451842 | endTime:2015-08-10 08:13:50

2015-08-10T08:13:50Z
successcode=1&Ref=1439194451842&PayRef=7723420&Amt=100.0&Cur=978&prc=1&src=7&Ord=&Holder=Conswales Giuseppe&AuthId=&TxTime=2015-08-10 16:14:15.0&errMsg=Transaction failed







2015-08-10T08:29:47Z
RequestParameter:  billNo: 1439195411455 | startTime:2015-08-10 08:29:47

2015-08-10T08:29:47Z
https://www.pesopay.com/b2c2/eng/directPay/payComp.jsp?payType=N&merchantId=18139954&pMethod=Master&lang=E&cardHolder=Giuseppe%20Consales&cardNo=5************693&securityCode=***&epMonth=2&epYear=2019&amount=100&currCode=978&orderRef=1439195411455&remark=30407

2015-08-10T08:29:50Z
ResponseParameter:  billNo: 1439195411455 | endTime:2015-08-10 08:29:50

2015-08-10T08:29:50Z
successcode=1&Ref=1439195411455&PayRef=7723494&Amt=100.0&Cur=978&prc=1&src=7&Ord=&Holder=Giuseppe Consales&AuthId=&TxTime=2015-08-10 16:30:15.0&errMsg=Transaction failed







2015-08-10T08:30:39Z
RequestParameter:  billNo: 1439195462469 | startTime:2015-08-10 08:30:39

2015-08-10T08:30:39Z
https://www.pesopay.com/b2c2/eng/directPay/payComp.jsp?payType=N&merchantId=18139939&pMethod=Master&lang=E&cardHolder=Giuseppe%20Consales&cardNo=5************693&securityCode=***&epMonth=2&epYear=2019&amount=100&currCode=840&orderRef=1439195462469&remark=30407

2015-08-10T08:30:41Z
ResponseParameter:  billNo: 1439195462469 | endTime:2015-08-10 08:30:41

2015-08-10T08:30:41Z
successcode=1&Ref=1439195462469&PayRef=7723498&Amt=100.0&Cur=840&prc=1&src=7&Ord=&Holder=Giuseppe Consales&AuthId=&TxTime=2015-08-10 16:31:06.0&errMsg=Transaction failed







2015-08-10T08:35:59Z
RequestParameter:  billNo: 72e00c59115a42a3bd07e9f945c89619 | startTime:2015-08-10 08:35:59

2015-08-10T08:35:59Z
https://www.pesopay.com/b2c2/eng/directPay/payComp.jsp?payType=N&merchantId=18139939&pMethod=VISA&lang=E&cardHolder=MIKHAIL%20TABAKAEV&cardNo=4************996&securityCode=***&epMonth=12&epYear=2017&amount=100&currCode=840&orderRef=72e00c59115a42a3bd07e9f945c89619&remark=

2015-08-10T08:36:01Z
ResponseParameter:  billNo: 72e00c59115a42a3bd07e9f945c89619 | endTime:2015-08-10 08:36:01

2015-08-10T08:36:01Z
successcode=1&Ref=72e00c59115a42a3bd07e9f945c89619&PayRef=7723537&Amt=100.0&Cur=840&prc=1&src=7&Ord=&Holder=MIKHAIL TABAKAEV&AuthId=&TxTime=2015-08-10 16:36:27.0&errMsg=Transaction failed







2015-08-10T08:41:56Z
RequestParameter:  billNo: 9981a50566a043078104907b081aead0 | startTime:2015-08-10 08:41:56

2015-08-10T08:41:56Z
https://www.pesopay.com/b2c2/eng/directPay/payComp.jsp?payType=N&merchantId=18139939&pMethod=VISA&lang=E&cardHolder=MIKHAIL%20TABAKAEV&cardNo=4************996&securityCode=***&epMonth=12&epYear=2017&amount=100&currCode=840&orderRef=9981a50566a043078104907b081aead0&remark=

2015-08-10T08:41:58Z
ResponseParameter:  billNo: 9981a50566a043078104907b081aead0 | endTime:2015-08-10 08:41:58

2015-08-10T08:41:58Z
successcode=1&Ref=9981a50566a043078104907b081aead0&PayRef=7723555&Amt=100.0&Cur=840&prc=1&src=7&Ord=&Holder=MIKHAIL TABAKAEV&AuthId=&TxTime=2015-08-10 16:42:23.0&errMsg=Transaction failed







2015-08-10T10:17:38Z
RequestParameter:  billNo: dc655996866a4399901a420b8e53cae4 | startTime:2015-08-10 10:17:38

2015-08-10T10:17:38Z
https://www.pesopay.com/b2c2/eng/directPay/payComp.jsp?payType=N&merchantId=18139939&pMethod=VISA&lang=E&cardHolder=MIKHAIL%20TABAKAEV&cardNo=4************996&securityCode=***&epMonth=12&epYear=2017&amount=200&currCode=840&orderRef=dc655996866a4399901a420b8e53cae4&remark=

2015-08-10T10:17:41Z
ResponseParameter:  billNo: dc655996866a4399901a420b8e53cae4 | endTime:2015-08-10 10:17:41

2015-08-10T10:17:41Z
successcode=1&Ref=dc655996866a4399901a420b8e53cae4&PayRef=7724076&Amt=200.0&Cur=840&prc=1&src=7&Ord=&Holder=MIKHAIL TABAKAEV&AuthId=&TxTime=2015-08-10 18:18:05.0&errMsg=Transaction failed







2015-08-10T10:19:26Z
RequestParameter:  billNo: bill635748058995311186 | startTime:2015-08-10 10:19:26

2015-08-10T10:19:26Z
https://www.pesopay.com/b2c2/eng/directPay/payComp.jsp?payType=N&merchantId=18139939&pMethod=VISA&lang=E&cardHolder=BADER%20ALMALKI&cardNo=4************765&securityCode=***&epMonth=6&epYear=2016&amount=1000&currCode=840&orderRef=bill635748058995311186&remark=

2015-08-10T10:19:29Z
ResponseParameter:  billNo: bill635748058995311186 | endTime:2015-08-10 10:19:29

2015-08-10T10:19:29Z
successcode=1&Ref=bill635748058995311186&PayRef=7724087&Amt=1000.0&Cur=840&prc=1&src=7&Ord=&Holder=BADER ALMALKI&AuthId=&TxTime=2015-08-10 18:19:53.0&errMsg=Transaction failed







2015-08-10T11:58:07Z
RequestParameter:  billNo: 624285676 | startTime:2015-08-10 11:58:07

2015-08-10T11:58:07Z
https://www.pesopay.com/b2c2/eng/directPay/payComp.jsp?payType=N&merchantId=18139954&pMethod=VISA&lang=E&cardHolder=MARAT%20NATFULLIN&cardNo=4************411&securityCode=***&epMonth=06&epYear=2016&amount=300&currCode=978&orderRef=624285676&remark=Binary%20Trade

2015-08-10T11:58:10Z
ResponseParameter:  billNo: 624285676 | endTime:2015-08-10 11:58:10

2015-08-10T11:58:10Z
successcode=1&Ref=624285676&PayRef=7724633&Amt=300.0&Cur=978&prc=1&src=7&Ord=&Holder=MARAT NATFULLIN&AuthId=&TxTime=2015-08-10 19:58:35.0&errMsg=Transaction failed







