2015-02-06T08:23:48Z
RequestParameter:  billNo: 1423127434-20626 | startTime:2015-02-06 08:23:48

2015-02-06T08:23:48Z
https://www.pesopay.com/b2c2/eng/directPay/payComp.jsp?payType=N&merchantId=18139954&pMethod=VISA&lang=E&cardHolder=Randazzo%20Vito&cardNo=4655493348777019&securityCode=158&epMonth=08&epYear=2016&amount=500&currCode=978&orderRef=1423127434-20626&remark=

2015-02-06T08:23:51Z
ResponseParameter:  billNo: 1423127434-20626 | endTime:2015-02-06 08:23:51

2015-02-06T08:23:51Z
successcode=1&Ref=1423127434-20626&PayRef=6342177&Amt=500.0&Cur=978&prc=1&src=551&Ord=503719561176&Holder=Randazzo Vito&AuthId=&TxTime=2015-02-06 16:24:19.0&errMsg=Transaction failed







2015-02-06T08:40:08Z
RequestParameter:  billNo: 0002Y0f | startTime:2015-02-06 08:40:08

2015-02-06T08:40:08Z
https://www.pesopay.com/b2c2/eng/directPay/payComp.jsp?payType=N&merchantId=18139939&pMethod=Master&lang=E&cardHolder=noble%20reddy&cardNo=5264710003582586&securityCode=205&epMonth=04&epYear=2019&amount=250&currCode=840&orderRef=0002Y0f&remark=

2015-02-06T08:40:12Z
ResponseParameter:  billNo: 0002Y0f | endTime:2015-02-06 08:40:12

2015-02-06T08:40:12Z
successcode=1&Ref=0002Y0f&PayRef=6342256&Amt=250.0&Cur=840&prc=1&src=261&Ord=503719561290&Holder=noble reddy&AuthId=&TxTime=2015-02-06 16:40:39.0&errMsg=Transaction failed







2015-02-06T08:50:00Z
RequestParameter:  billNo: 0002Y0j | startTime:2015-02-06 08:50:00

2015-02-06T08:50:00Z
https://www.pesopay.com/b2c2/eng/directPay/payComp.jsp?payType=N&merchantId=18139939&pMethod=Master&lang=E&cardHolder=Noble%20Reddy&cardNo=5520380017169984&securityCode=560&epMonth=11&epYear=2016&amount=250&currCode=840&orderRef=0002Y0j&remark=

2015-02-06T08:50:04Z
ResponseParameter:  billNo: 0002Y0j | endTime:2015-02-06 08:50:04

2015-02-06T08:50:04Z
successcode=0&Ref=0002Y0j&PayRef=6342299&Amt=250.0&Cur=840&prc=0&src=0&Ord=503719561356&Holder=Noble Reddy&AuthId=T02975&TxTime=2015-02-06 16:50:31.0&errMsg=Transaction completed







2015-02-06T09:14:21Z
RequestParameter:  billNo: 0002Y1I | startTime:2015-02-06 09:14:21

2015-02-06T09:14:21Z
https://www.pesopay.com/b2c2/eng/directPay/payComp.jsp?payType=N&merchantId=18139939&pMethod=Master&lang=E&cardHolder=Noble%20Reddy&cardNo=5520380017169984&securityCode=560&epMonth=11&epYear=2016&amount=250&currCode=840&orderRef=0002Y1I&remark=

2015-02-06T09:14:25Z
ResponseParameter:  billNo: 0002Y1I | endTime:2015-02-06 09:14:25

2015-02-06T09:14:25Z
successcode=0&Ref=0002Y1I&PayRef=6342419&Amt=250.0&Cur=840&prc=0&src=0&Ord=503720562809&Holder=Noble Reddy&AuthId=T07881&TxTime=2015-02-06 17:14:52.0&errMsg=Transaction completed







2015-02-06T09:14:36Z
RequestParameter:  billNo: 1423127853-1299 | startTime:2015-02-06 09:14:36

2015-02-06T09:14:36Z
https://www.pesopay.com/b2c2/eng/directPay/payComp.jsp?payType=N&merchantId=18139954&pMethod=VISA&lang=E&cardHolder=Michel%20Corbel&cardNo=4974904625438749&securityCode=578&epMonth=03&epYear=2017&amount=500&currCode=978&orderRef=1423127853-1299&remark=

2015-02-06T09:14:41Z
ResponseParameter:  billNo: 1423127853-1299 | endTime:2015-02-06 09:14:41

2015-02-06T09:14:41Z
successcode=1&Ref=1423127853-1299&PayRef=6342420&Amt=500.0&Cur=978&prc=1&src=454&Ord=503720562810&Holder=Michel Corbel&AuthId=&TxTime=2015-02-06 17:15:07.0&errMsg=Transaction failed







2015-02-06T09:25:33Z
RequestParameter:  billNo: 1422906480-24146 | startTime:2015-02-06 09:25:33

2015-02-06T09:25:33Z
https://www.pesopay.com/b2c2/eng/directPay/payComp.jsp?payType=N&merchantId=18139954&pMethod=VISA&lang=E&cardHolder=GHAZI%20BHIRI&cardNo=4974108009917902&securityCode=635&epMonth=09&epYear=2017&amount=100&currCode=978&orderRef=1422906480-24146&remark=

2015-02-06T09:25:38Z
ResponseParameter:  billNo: 1422906480-24146 | endTime:2015-02-06 09:25:38

2015-02-06T09:25:38Z
successcode=0&Ref=1422906480-24146&PayRef=6342483&Amt=100.0&Cur=978&prc=0&src=0&Ord=503720562965&Holder=GHAZI BHIRI&AuthId=807475&TxTime=2015-02-06 17:26:04.0&errMsg=Transaction completed







2015-02-06T09:28:01Z
RequestParameter:  billNo: 1423134277-74362 | startTime:2015-02-06 09:28:01

2015-02-06T09:28:01Z
https://www.pesopay.com/b2c2/eng/directPay/payComp.jsp?payType=N&merchantId=18139954&pMethod=VISA&lang=E&cardHolder=pedicelli%20leonardo&cardNo=4030270956617695&securityCode=153&epMonth=12&epYear=2018&amount=1000&currCode=978&orderRef=1423134277-74362&remark=

2015-02-06T09:28:06Z
ResponseParameter:  billNo: 1423134277-74362 | endTime:2015-02-06 09:28:06

2015-02-06T09:28:06Z
successcode=0&Ref=1423134277-74362&PayRef=6342495&Amt=1000.0&Cur=978&prc=0&src=0&Ord=503720562989&Holder=pedicelli leonardo&AuthId=736653&TxTime=2015-02-06 17:28:31.0&errMsg=Transaction completed







2015-02-06T09:28:14Z
RequestParameter:  billNo: 1423134020-74362 | startTime:2015-02-06 09:28:14

2015-02-06T09:28:14Z
https://www.pesopay.com/b2c2/eng/directPay/payComp.jsp?payType=N&merchantId=18139954&pMethod=VISA&lang=E&cardHolder=pedicelli%20leonardo&cardNo=4030270956617695&securityCode=153&epMonth=12&epYear=2018&amount=1000&currCode=978&orderRef=1423134020-74362&remark=

2015-02-06T09:28:18Z
ResponseParameter:  billNo: 1423134020-74362 | endTime:2015-02-06 09:28:18

2015-02-06T09:28:18Z
successcode=0&Ref=1423134020-74362&PayRef=6342497&Amt=1000.0&Cur=978&prc=0&src=0&Ord=503720562993&Holder=pedicelli leonardo&AuthId=470211&TxTime=2015-02-06 17:28:45.0&errMsg=Transaction completed







2015-02-06T09:33:44Z
RequestParameter:  billNo: 1423151440-15881 | startTime:2015-02-06 09:33:44

2015-02-06T09:33:44Z
https://www.pesopay.com/b2c2/eng/directPay/payComp.jsp?payType=N&merchantId=18139954&pMethod=Master&lang=E&cardHolder=%20jean%20jacques%20.%20.LIMONTA&cardNo=5132685313015586&securityCode=258&epMonth=03&epYear=2015&amount=150&currCode=978&orderRef=1423151440-15881&remark=

2015-02-06T09:33:49Z
ResponseParameter:  billNo: 1423151440-15881 | endTime:2015-02-06 09:33:49

2015-02-06T09:33:49Z
successcode=0&Ref=1423151440-15881&PayRef=6342532&Amt=150.0&Cur=978&prc=0&src=0&Ord=503720563050&Holder= jean jacques . .LIMONTA&AuthId=073226&TxTime=2015-02-06 17:34:15.0&errMsg=Transaction completed







2015-02-06T10:15:37Z
RequestParameter:  billNo: 0002Y1s | startTime:2015-02-06 10:15:37

2015-02-06T10:15:37Z
https://www.pesopay.com/b2c2/eng/directPay/payComp.jsp?payType=N&merchantId=18139939&pMethod=Master&lang=E&cardHolder=Aleksander%20Dolomanov&cardNo=5168742015930534&securityCode=589&epMonth=03&epYear=2018&amount=450&currCode=840&orderRef=0002Y1s&remark=

2015-02-06T10:15:43Z
ResponseParameter:  billNo: 0002Y1s | endTime:2015-02-06 10:15:43

2015-02-06T10:15:43Z
successcode=1&Ref=0002Y1s&PayRef=6342713&Amt=450.0&Cur=840&prc=1&src=551&Ord=503721563348&Holder=Aleksander Dolomanov&AuthId=&TxTime=2015-02-06 18:16:09.0&errMsg=Transaction failed







2015-02-06T11:22:29Z
RequestParameter:  billNo: 0002Y2m | startTime:2015-02-06 11:22:29

2015-02-06T11:22:29Z
https://www.pesopay.com/b2c2/eng/directPay/payComp.jsp?payType=N&merchantId=18139939&pMethod=VISA&lang=E&cardHolder=Anna%20Lai&cardNo=4265884030946395&securityCode=406&epMonth=06&epYear=2018&amount=250&currCode=840&orderRef=0002Y2m&remark=

2015-02-06T11:22:34Z
ResponseParameter:  billNo: 0002Y2m | endTime:2015-02-06 11:22:34

2015-02-06T11:22:34Z
successcode=0&Ref=0002Y2m&PayRef=6342959&Amt=250.0&Cur=840&prc=0&src=0&Ord=503722563669&Holder=Anna Lai&AuthId=000571&TxTime=2015-02-06 19:23:01.0&errMsg=Transaction completed







2015-02-06T11:39:15Z
RequestParameter:  billNo: 0002Y2r | startTime:2015-02-06 11:39:15

2015-02-06T11:39:15Z
https://www.pesopay.com/b2c2/eng/directPay/payComp.jsp?payType=N&merchantId=18139939&pMethod=VISA&lang=E&cardHolder=Anna%20Lai&cardNo=4265884030946395&securityCode=406&epMonth=06&epYear=2018&amount=750&currCode=840&orderRef=0002Y2r&remark=

2015-02-06T11:39:19Z
ResponseParameter:  billNo: 0002Y2r | endTime:2015-02-06 11:39:19

2015-02-06T11:39:19Z
successcode=0&Ref=0002Y2r&PayRef=6343024&Amt=750.0&Cur=840&prc=0&src=0&Ord=503722563747&Holder=Anna Lai&AuthId=002155&TxTime=2015-02-06 19:39:45.0&errMsg=Transaction completed







