2015-10-27T10:13:59Z
RequestParameter:  billNo: DjQg41445940839 | startTime:2015-10-27 10:13:59

2015-10-27T10:13:59Z
Array
(
    [MODE] => P
    [FRMT] => XML
    [VERS] => 0630
    [MERC] => 680000
    [UDF[CUSTOMER_IPAD]] => 112.198.90.64
    [SESS] => DjQg41445940839
    [ORDR] => DjQg41445940839
    [CURR] => USD
    [PENC] => KHASH
    [PTYP] => CARD
    [PTOK] => 432143DS1OIC5D4IOXH5
    [IPAD] => 10.0.0.1
    [MACK] => Y
    [AUTH] => A
    [PROD_DESC[0]] => Binary
    [PROD_TYPE[0]] => Binary
    [PROD_ITEM[0]] => Binary
    [PROD_QUANT[0]] => 1
    [PROD_PRICE[0]] => 1000
    [TOTL] => 1000
    [SITE] => VERT999
    [UDF[MERCHANT_ID]] => PSIMERCH999

    [NAME] => Juan Tamad
    [B2A1] => 4173 unit F
    [B2CC] => PH
    [B2CI] => Makati
    [B2PC] => 1604
    [B2PN] => 12344567
    [B2ST] => Na
    [S2A1] => 
    [S2CC] => 
    [S2CI] => 
    [S2EM] => 
    [S2NM] =>  
    [S2PC] => 
    [S2PN] => 
    [S2ST] => 
    [SHTP] => 
    [CASH] => 10
    [DOB] => 1982-10-01
    [GENDER] => M
    [EMAL] => Juan@mail.com
    [ANID] => 12344567
)


2015-10-27T10:14:01Z
ResponseParameter:  billNo: DjQg41445940839 | endTime:2015-10-27 10:14:01

2015-10-27T10:14:01Z
<?xml version="1.0" encoding="UTF-8"?>
<RESPONSE>
  <VERS>0630</VERS>
  <MODE>P</MODE>
  <TRAN>33MN0RDQK2SR</TRAN>
  <MERC>680000</MERC>
  <SESS>DjQg41445940839</SESS>
  <ORDR>DjQg41445940839</ORDR>
  <AUTO>A</AUTO>
  <SCOR>29</SCOR>
  <GEOX>US</GEOX>
  <BRND>VISA</BRND>
  <REGN></REGN>
  <NETW>N</NETW>
  <KAPT>N</KAPT>
  <CARDS>1</CARDS>
  <DEVICES>1</DEVICES>
  <EMAILS>1</EMAILS>
  <VELO>0</VELO>
  <VMAX>0</VMAX>
  <RULES_TRIGGERED>2</RULES_TRIGGERED>
  <RULE_ID_0>383608</RULE_ID_0>
  <RULE_DESCRIPTION_0>GEO Billing &lt;&gt; BIN Country (1pt)</RULE_DESCRIPTION_0>
  <RULE_ID_1>330730</RULE_ID_1>
  <RULE_DESCRIPTION_1>FRAUD_SCRD GEO Counter Triggered (5pts)</RULE_DESCRIPTION_1>
  <COUNTERS_TRIGGERED>2</COUNTERS_TRIGGERED>
  <COUNTER_NAME_0>GEO</COUNTER_NAME_0>
  <COUNTER_VALUE_0>1</COUNTER_VALUE_0>
  <COUNTER_NAME_1>FRAUD_SCRD</COUNTER_NAME_1>
  <COUNTER_VALUE_1>5</COUNTER_VALUE_1>
  <REASON_CODE></REASON_CODE>
  <MASTERCARD></MASTERCARD>
  <DDFS></DDFS>
  <DSR></DSR>
  <UAS></UAS>
  <BROWSER></BROWSER>
  <OS></OS>
  <PIP_IPAD></PIP_IPAD>
  <PIP_LAT></PIP_LAT>
  <PIP_LON></PIP_LON>
  <PIP_COUNTRY></PIP_COUNTRY>
  <PIP_REGION></PIP_REGION>
  <PIP_CITY></PIP_CITY>
  <PIP_ORG></PIP_ORG>
  <IP_IPAD></IP_IPAD>
  <IP_LAT></IP_LAT>
  <IP_LON></IP_LON>
  <IP_COUNTRY></IP_COUNTRY>
  <IP_REGION></IP_REGION>
  <IP_CITY></IP_CITY>
  <IP_ORG></IP_ORG>
  <WARNING_COUNT>0</WARNING_COUNT>
</RESPONSE>

2015-10-27T10:14:19Z
RequestParameter:  billNo: EmgJ81445940859 | startTime:2015-10-27 10:14:19

2015-10-27T10:14:19Z
Array
(
    [MODE] => P
    [FRMT] => XML
    [VERS] => 0630
    [MERC] => 680000
    [UDF[CUSTOMER_IPAD]] => 112.198.90.64
    [SESS] => EmgJ81445940859
    [ORDR] => EmgJ81445940859
    [CURR] => EUR
    [PENC] => KHASH
    [PTYP] => CARD
    [PTOK] => 432143DS1OIC5D4IOXH5
    [IPAD] => 10.0.0.1
    [MACK] => Y
    [AUTH] => A
    [PROD_DESC[0]] => Binary
    [PROD_TYPE[0]] => Binary
    [PROD_ITEM[0]] => Binary
    [PROD_QUANT[0]] => 1
    [PROD_PRICE[0]] => 1000
    [TOTL] => 1000
    [SITE] => VERT999
    [UDF[MERCHANT_ID]] => PSIMERCH999

    [NAME] => Juan Tamad
    [B2A1] => 4173 unit F
    [B2CC] => PH
    [B2CI] => Makati
    [B2PC] => 1604
    [B2PN] => 12344567
    [B2ST] => Na
    [S2A1] => 
    [S2CC] => 
    [S2CI] => 
    [S2EM] => 
    [S2NM] =>  
    [S2PC] => 
    [S2PN] => 
    [S2ST] => 
    [SHTP] => 
    [CASH] => 10
    [DOB] => 1982-10-01
    [GENDER] => M
    [EMAL] => Juan@mail.com
    [ANID] => 12344567
)


2015-10-27T10:14:20Z
ResponseParameter:  billNo: EmgJ81445940859 | endTime:2015-10-27 10:14:20

2015-10-27T10:14:20Z
<?xml version="1.0" encoding="UTF-8"?>
<RESPONSE>
  <VERS>0630</VERS>
  <MODE>P</MODE>
  <TRAN>33MN07LP1DKG</TRAN>
  <MERC>680000</MERC>
  <SESS>EmgJ81445940859</SESS>
  <ORDR>EmgJ81445940859</ORDR>
  <AUTO>A</AUTO>
  <SCOR>29</SCOR>
  <GEOX>US</GEOX>
  <BRND>VISA</BRND>
  <REGN></REGN>
  <NETW>N</NETW>
  <KAPT>N</KAPT>
  <CARDS>1</CARDS>
  <DEVICES>1</DEVICES>
  <EMAILS>1</EMAILS>
  <VELO>0</VELO>
  <VMAX>0</VMAX>
  <RULES_TRIGGERED>2</RULES_TRIGGERED>
  <RULE_ID_0>383608</RULE_ID_0>
  <RULE_DESCRIPTION_0>GEO Billing &lt;&gt; BIN Country (1pt)</RULE_DESCRIPTION_0>
  <RULE_ID_1>330730</RULE_ID_1>
  <RULE_DESCRIPTION_1>FRAUD_SCRD GEO Counter Triggered (5pts)</RULE_DESCRIPTION_1>
  <COUNTERS_TRIGGERED>2</COUNTERS_TRIGGERED>
  <COUNTER_NAME_0>GEO</COUNTER_NAME_0>
  <COUNTER_VALUE_0>1</COUNTER_VALUE_0>
  <COUNTER_NAME_1>FRAUD_SCRD</COUNTER_NAME_1>
  <COUNTER_VALUE_1>5</COUNTER_VALUE_1>
  <REASON_CODE></REASON_CODE>
  <MASTERCARD></MASTERCARD>
  <DDFS></DDFS>
  <DSR></DSR>
  <UAS></UAS>
  <BROWSER></BROWSER>
  <OS></OS>
  <PIP_IPAD></PIP_IPAD>
  <PIP_LAT></PIP_LAT>
  <PIP_LON></PIP_LON>
  <PIP_COUNTRY></PIP_COUNTRY>
  <PIP_REGION></PIP_REGION>
  <PIP_CITY></PIP_CITY>
  <PIP_ORG></PIP_ORG>
  <IP_IPAD></IP_IPAD>
  <IP_LAT></IP_LAT>
  <IP_LON></IP_LON>
  <IP_COUNTRY></IP_COUNTRY>
  <IP_REGION></IP_REGION>
  <IP_CITY></IP_CITY>
  <IP_ORG></IP_ORG>
  <WARNING_COUNT>0</WARNING_COUNT>
</RESPONSE>

2015-10-27T16:47:25Z
RequestParameter:  billNo: 8132-1216_8433 | startTime:2015-10-27 16:47:25

2015-10-27T16:47:25Z
Array
(
    [MODE] => Q
    [FRMT] => XML
    [VERS] => 0630
    [MERC] => 680000
    [UDF[CUSTOMER_IPAD]] => 109.66.137.146
    [SESS] => pkusvhcsncrf8h70en60n41fg4
    [ORDR] => 8132-1216_8433
    [CURR] => EUR
    [PENC] => KHASH
    [PTYP] => CARD
    [PTOK] => 45614064TV4O00NYJNWC
    [IPAD] => 109.66.137.146
    [MACK] => Y
    [AUTH] => A
    [PROD_DESC[0]] => Binary Trade
    [PROD_TYPE[0]] => Binary Trade
    [PROD_ITEM[0]] => SKU-FXS-BinaryTrade
    [PROD_QUANT[0]] => 1
    [PROD_PRICE[0]] => 22000
    [TOTL] => 22000
    [SITE] => VERT001
    [UDF[MERCHANT_ID]] => 20001MERFXSEP1
    [UDF[MERCHANT_PRVDR]] => UVP-11631,11633,11635,11635-FP-USD,EUR-VSA,MAS
    [NAME] => Patrick MASSE
    [B2A1] => 24 tse du pin sec
    [B2CC] => FR
    [B2CI] => Marseille
    [B2PC] => 13013
    [B2PN] => 0413252945
    [B2ST] => NA
    [S2A1] => 
    [S2CC] => 
    [S2CI] => 
    [S2EM] => 
    [S2NM] =>  
    [S2PC] => 
    [S2PN] => 
    [S2ST] => 
    [SHTP] => 
    [CASH] => 220
    [DOB] => 1956-01-19
    [GENDER] => M
    [EMAL] => pm@yahoo.fr
)


2015-10-27T16:47:26Z
ResponseParameter:  billNo: 8132-1216_8433 | endTime:2015-10-27 16:47:26

2015-10-27T16:47:26Z
<?xml version="1.0" encoding="UTF-8"?>
<RESPONSE>
  <VERS>0630</VERS>
  <MODE>Q</MODE>
  <TRAN>33M404LBNMHP</TRAN>
  <MERC>680000</MERC>
  <SESS>pkusvhcsncrf8h70en60n41fg4</SESS>
  <ORDR>8132-1216_8433</ORDR>
  <AUTO>A</AUTO>
  <SCOR>68</SCOR>
  <GEOX>IL</GEOX>
  <BRND>VISA</BRND>
  <REGN>IL_02</REGN>
  <NETW>N</NETW>
  <KAPT>Y</KAPT>
  <CARDS>1</CARDS>
  <DEVICES>1</DEVICES>
  <EMAILS>2</EMAILS>
  <VELO>0</VELO>
  <VMAX>0</VMAX>
  <SITE>VERT001</SITE>
  <DEVICE_LAYERS>8295DD92E1.BF679358A5.1089D693C6.C6CC5C45FA.6E348B9545</DEVICE_LAYERS>
  <FINGERPRINT>D5BEC6B85F374A10AFB31798FA224F13</FINGERPRINT>
  <TIMEZONE>1260</TIMEZONE>
  <LOCALTIME>2015-10-27 19:47</LOCALTIME>
  <REGION>IL_05</REGION>
  <COUNTRY>IL</COUNTRY>
  <PROXY>N</PROXY>
  <JAVASCRIPT>Y</JAVASCRIPT>
  <FLASH>Y</FLASH>
  <COOKIES>Y</COOKIES>
  <HTTP_COUNTRY>FR</HTTP_COUNTRY>
  <LANGUAGE>FR</LANGUAGE>
  <MOBILE_DEVICE>N</MOBILE_DEVICE>
  <MOBILE_TYPE></MOBILE_TYPE>
  <MOBILE_FORWARDER>N</MOBILE_FORWARDER>
  <VOICE_DEVICE>N</VOICE_DEVICE>
  <PC_REMOTE>N</PC_REMOTE>
  <RULES_TRIGGERED>4</RULES_TRIGGERED>
  <RULE_ID_0>330718</RULE_ID_0>
  <RULE_DESCRIPTION_0>GEO Billing &lt;&gt; Device Country (1pt)</RULE_DESCRIPTION_0>
  <RULE_ID_1>330720</RULE_ID_1>
  <RULE_DESCRIPTION_1>GEO  Distance from Device to Billing &gt; 1000km (1pt)</RULE_DESCRIPTION_1>
  <RULE_ID_2>330722</RULE_ID_2>
  <RULE_DESCRIPTION_2>GEO BIN and Device Country not equal (1pt)</RULE_DESCRIPTION_2>
  <RULE_ID_3>330730</RULE_ID_3>
  <RULE_DESCRIPTION_3>FRAUD_SCRD GEO Counter Triggered (5pts)</RULE_DESCRIPTION_3>
  <COUNTERS_TRIGGERED>2</COUNTERS_TRIGGERED>
  <COUNTER_NAME_0>GEO</COUNTER_NAME_0>
  <COUNTER_VALUE_0>3</COUNTER_VALUE_0>
  <COUNTER_NAME_1>FRAUD_SCRD</COUNTER_NAME_1>
  <COUNTER_VALUE_1>5</COUNTER_VALUE_1>
  <REASON_CODE></REASON_CODE>
  <MASTERCARD></MASTERCARD>
  <DDFS>2015-10-27</DDFS>
  <DSR>900x1600</DSR>
  <UAS>Mozilla/5.0 (Windows NT 6.1; WOW64) AppleWebKit/537.36 (KHTML, like Gecko) Chrome/46.0.2490.80 Safari/537.36</UAS>
  <BROWSER>Chrome 46.0.2490.80</BROWSER>
  <OS>Windows 7</OS>
  <PIP_IPAD></PIP_IPAD>
  <PIP_LAT></PIP_LAT>
  <PIP_LON></PIP_LON>
  <PIP_COUNTRY></PIP_COUNTRY>
  <PIP_REGION></PIP_REGION>
  <PIP_CITY></PIP_CITY>
  <PIP_ORG></PIP_ORG>
  <IP_IPAD>109.66.137.146</IP_IPAD>
  <IP_LAT>32.0667</IP_LAT>
  <IP_LON>34.7667</IP_LON>
  <IP_COUNTRY>IL</IP_COUNTRY>
  <IP_REGION>Tel Aviv</IP_REGION>
  <IP_CITY>Tel Aviv</IP_CITY>
  <IP_ORG>BEZEQ INTERNATIONAL</IP_ORG>
  <WARNING_COUNT>0</WARNING_COUNT>
</RESPONSE>

