2015-02-23T08:57:30Z
RequestParameter:  billNo: 1424373408-26093 | startTime:2015-02-23 08:57:30

2015-02-23T08:57:30Z
https://www.pesopay.com/b2c2/eng/directPay/payComp.jsp?payType=N&merchantId=18139954&pMethod=Master&lang=E&cardHolder=Hortz%20Paul&cardNo=5304460105295214&securityCode=741&epMonth=05&epYear=2017&amount=255&currCode=978&orderRef=1424373408-26093&remark=

2015-02-23T08:57:52Z
ResponseParameter:  billNo: 1424373408-26093 | endTime:2015-02-23 08:57:52

2015-02-23T08:57:52Z
successcode=0&Ref=1424373408-26093&PayRef=6454932&Amt=255.0&Cur=978&prc=0&src=0&Ord=505419543604&Holder=Hortz Paul&AuthId=028901&TxTime=2015-02-23 16:58:10.0&errMsg=Transaction completed







2015-02-23T10:23:45Z
RequestParameter:  billNo: 1424366847-22964 | startTime:2015-02-23 10:23:45

2015-02-23T10:23:45Z
https://www.pesopay.com/b2c2/eng/directPay/payComp.jsp?payType=N&merchantId=18139954&pMethod=Master&lang=E&cardHolder=Wilfried%20Douchet&cardNo=5136472008339001&securityCode=432&epMonth=11&epYear=2016&amount=500&currCode=978&orderRef=1424366847-22964&remark=

2015-02-23T10:23:56Z
ResponseParameter:  billNo: 1424366847-22964 | endTime:2015-02-23 10:23:56

2015-02-23T10:23:56Z
successcode=0&Ref=1424366847-22964&PayRef=6455275&Amt=500.0&Cur=978&prc=0&src=0&Ord=505421544131&Holder=Wilfried Douchet&AuthId=349934&TxTime=2015-02-23 18:24:24.0&errMsg=Transaction completed







2015-02-23T10:52:47Z
RequestParameter:  billNo: 1424366785-25669 | startTime:2015-02-23 10:52:47

2015-02-23T10:52:47Z
https://www.pesopay.com/b2c2/eng/directPay/payComp.jsp?payType=N&merchantId=18139954&pMethod=Master&lang=E&cardHolder=michel%20%20l%20.LAURANT&cardNo=5256367984199008&securityCode=81&epMonth=10&epYear=2019&amount=500&currCode=978&orderRef=1424366785-25669&remark=

2015-02-23T10:52:48Z
ResponseParameter:  billNo: 1424366785-25669 | endTime:2015-02-23 10:52:48

2015-02-23T10:52:48Z
successcode=-1&Ref=&PayRef=&Amt=&Cur=&prc=&src=&Ord=&Holder=&AuthId=&TxTime=&errMsg=Invalid Card Verification Number


2015-02-23T12:50:49Z
RequestParameter:  billNo: 1424685453-17353 | startTime:2015-02-23 12:50:49

2015-02-23T12:50:49Z
https://www.pesopay.com/b2c2/eng/directPay/payComp.jsp?payType=N&merchantId=18139954&pMethod=Master&lang=E&cardHolder=Adrien%20Deléglise&cardNo=5131306728874530&securityCode=580&epMonth=11&epYear=2015&amount=500&currCode=978&orderRef=1424685453-17353&remark=

2015-02-23T12:50:56Z
ResponseParameter:  billNo: 1424685453-17353 | endTime:2015-02-23 12:50:56

2015-02-23T12:50:56Z
successcode=0&Ref=1424685453-17353&PayRef=6455850&Amt=500.0&Cur=978&prc=0&src=0&Ord=505423544833&Holder=Adrien Deléglise&AuthId=469175&TxTime=2015-02-23 20:51:28.0&errMsg=Transaction completed







2015-02-23T12:56:28Z
RequestParameter:  billNo: 1424686001-3367 | startTime:2015-02-23 12:56:28

2015-02-23T12:56:28Z
https://www.pesopay.com/b2c2/eng/directPay/payComp.jsp?payType=N&merchantId=18139954&pMethod=VISA&lang=E&cardHolder=Vincent%20helfer&cardNo=4971640101165058&securityCode=337&epMonth=01&epYear=2018&amount=1000&currCode=978&orderRef=1424686001-3367&remark=

2015-02-23T12:56:35Z
ResponseParameter:  billNo: 1424686001-3367 | endTime:2015-02-23 12:56:35

2015-02-23T12:56:35Z
successcode=0&Ref=1424686001-3367&PayRef=6455862&Amt=1000.0&Cur=978&prc=0&src=0&Ord=505423544857&Holder=Vincent helfer&AuthId=862337&TxTime=2015-02-23 20:57:07.0&errMsg=Transaction completed







2015-02-23T13:03:47Z
RequestParameter:  billNo: 1424683089-21494 | startTime:2015-02-23 13:03:47

2015-02-23T13:03:47Z
https://www.pesopay.com/b2c2/eng/directPay/payComp.jsp?payType=N&merchantId=18139954&pMethod=VISA&lang=E&cardHolder=XAVIER%20BRUNAUD&cardNo=4974014884601449&securityCode=99&epMonth=03&epYear=2017&amount=500&currCode=978&orderRef=1424683089-21494&remark=

2015-02-23T13:03:47Z
ResponseParameter:  billNo: 1424683089-21494 | endTime:2015-02-23 13:03:47

2015-02-23T13:03:47Z
successcode=-1&Ref=&PayRef=&Amt=&Cur=&prc=&src=&Ord=&Holder=&AuthId=&TxTime=&errMsg=Invalid Card Verification Number


2015-02-23T13:51:58Z
RequestParameter:  billNo: 1424364684-81597 | startTime:2015-02-23 13:51:58

2015-02-23T13:51:58Z
https://www.pesopay.com/b2c2/eng/directPay/payComp.jsp?payType=N&merchantId=18139954&pMethod=Master&lang=E&cardHolder=philippe%20gorse&cardNo=5131626005941052&securityCode=336&epMonth=10&epYear=2017&amount=500&currCode=978&orderRef=1424364684-81597&remark=

2015-02-23T13:52:21Z
ResponseParameter:  billNo: 1424364684-81597 | endTime:2015-02-23 13:52:21

2015-02-23T13:52:21Z
successcode=1&Ref=1424364684-81597&PayRef=6455984&Amt=500.0&Cur=978&prc=1&src=205&Ord=505500545089&Holder=philippe gorse&AuthId=&TxTime=2015-02-23 21:52:37.0&errMsg=Transaction failed







2015-02-23T15:07:12Z
RequestParameter:  billNo: 1424699771-81597 | startTime:2015-02-23 15:07:12

2015-02-23T15:07:12Z
https://www.pesopay.com/b2c2/eng/directPay/payComp.jsp?payType=N&merchantId=18139954&pMethod=Master&lang=E&cardHolder=philippe%20gorse&cardNo=5131626025941052&securityCode=620&epMonth=10&epYear=2017&amount=200&currCode=978&orderRef=1424699771-81597&remark=

2015-02-23T15:07:23Z
ResponseParameter:  billNo: 1424699771-81597 | endTime:2015-02-23 15:07:23

2015-02-23T15:07:23Z
successcode=1&Ref=1424699771-81597&PayRef=6456149&Amt=200.0&Cur=978&prc=-8&src=2017&Ord=&Holder=philippe gorse&AuthId=&TxTime=2015-02-23 23:07:52.0&errMsg=Transaction failed







2015-02-23T15:31:56Z
RequestParameter:  billNo: 1424702147-44878 | startTime:2015-02-23 15:31:56

2015-02-23T15:31:56Z
https://www.pesopay.com/b2c2/eng/directPay/payComp.jsp?payType=N&merchantId=18139954&pMethod=VISA&lang=E&cardHolder=MICHEL%20canteleux&cardNo=4561409489722856&securityCode=571&epMonth=05&epYear=2017&amount=250&currCode=978&orderRef=1424702147-44878&remark=

2015-02-23T15:32:04Z
ResponseParameter:  billNo: 1424702147-44878 | endTime:2015-02-23 15:32:04

2015-02-23T15:32:04Z
successcode=1&Ref=1424702147-44878&PayRef=6456230&Amt=250.0&Cur=978&prc=1&src=205&Ord=505502545487&Holder=MICHEL canteleux&AuthId=&TxTime=2015-02-23 23:32:35.0&errMsg=Transaction failed







2015-02-23T15:32:11Z
RequestParameter:  billNo: 1424702296-44878 | startTime:2015-02-23 15:32:11

2015-02-23T15:32:11Z
https://www.pesopay.com/b2c2/eng/directPay/payComp.jsp?payType=N&merchantId=18139954&pMethod=VISA&lang=E&cardHolder=MICHEL%20canteleux&cardNo=4561409489722856&securityCode=571&epMonth=05&epYear=2017&amount=250&currCode=978&orderRef=1424702296-44878&remark=

2015-02-23T15:32:18Z
ResponseParameter:  billNo: 1424702296-44878 | endTime:2015-02-23 15:32:18

2015-02-23T15:32:18Z
successcode=1&Ref=1424702296-44878&PayRef=6456232&Amt=250.0&Cur=978&prc=1&src=205&Ord=505502545490&Holder=MICHEL canteleux&AuthId=&TxTime=2015-02-23 23:32:49.0&errMsg=Transaction failed







2015-02-23T16:08:26Z
RequestParameter:  billNo: 1424687366-1516 | startTime:2015-02-23 16:08:26

2015-02-23T16:08:26Z
https://www.pesopay.com/b2c2/eng/directPay/payComp.jsp?payType=N&merchantId=18139954&pMethod=VISA&lang=E&cardHolder=Jerome%20Legrand&cardNo=4561409496898863&securityCode=434&epMonth=10&epYear=2016&amount=2500&currCode=978&orderRef=1424687366-1516&remark=

2015-02-23T16:08:49Z
ResponseParameter:  billNo: 1424687366-1516 | endTime:2015-02-23 16:08:49

2015-02-23T16:08:49Z
successcode=0&Ref=1424687366-1516&PayRef=6456306&Amt=2500.0&Cur=978&prc=0&src=0&Ord=505503545594&Holder=Jerome Legrand&AuthId=133878&TxTime=2015-02-24 00:09:06.0&errMsg=Transaction completed







2015-02-23T16:41:23Z
RequestParameter:  billNo: 1424707389-81597 | startTime:2015-02-23 16:41:23

2015-02-23T16:41:23Z
https://www.pesopay.com/b2c2/eng/directPay/payComp.jsp?payType=N&merchantId=18139954&pMethod=Master&lang=E&cardHolder=philippe%20gorse&cardNo=5131626025941052&securityCode=620&epMonth=10&epYear=2017&amount=200&currCode=978&orderRef=1424707389-81597&remark=

2015-02-23T16:41:29Z
ResponseParameter:  billNo: 1424707389-81597 | endTime:2015-02-23 16:41:29

2015-02-23T16:41:29Z
successcode=1&Ref=1424707389-81597&PayRef=6456366&Amt=200.0&Cur=978&prc=-8&src=2017&Ord=&Holder=philippe gorse&AuthId=&TxTime=2015-02-24 00:42:04.0&errMsg=Transaction failed







2015-02-23T16:42:20Z
RequestParameter:  billNo: 1424700102-21494 | startTime:2015-02-23 16:42:20

2015-02-23T16:42:20Z
https://www.pesopay.com/b2c2/eng/directPay/payComp.jsp?payType=N&merchantId=18139954&pMethod=VISA&lang=E&cardHolder=XAVIER%20.BRUNAUD&cardNo=4974014884601449&securityCode=99&epMonth=03&epYear=2017&amount=250&currCode=978&orderRef=1424700102-21494&remark=

2015-02-23T16:42:21Z
ResponseParameter:  billNo: 1424700102-21494 | endTime:2015-02-23 16:42:21

2015-02-23T16:42:21Z
successcode=-1&Ref=&PayRef=&Amt=&Cur=&prc=&src=&Ord=&Holder=&AuthId=&TxTime=&errMsg=Invalid Card Verification Number


2015-02-23T16:47:02Z
RequestParameter:  billNo: 1424704662-76943 | startTime:2015-02-23 16:47:02

2015-02-23T16:47:02Z
https://www.pesopay.com/b2c2/eng/directPay/payComp.jsp?payType=N&merchantId=18139954&pMethod=Master&lang=E&cardHolder=herman%20steyn&cardNo=5523670007443028&securityCode=882&epMonth=03&epYear=2015&amount=500&currCode=978&orderRef=1424704662-76943&remark=

2015-02-23T16:47:33Z
ResponseParameter:  billNo: 1424704662-76943 | endTime:2015-02-23 16:47:33

2015-02-23T16:47:33Z
successcode=0&Ref=1424704662-76943&PayRef=6456374&Amt=500.0&Cur=978&prc=0&src=0&Ord=505503545702&Holder=herman steyn&AuthId=367677&TxTime=2015-02-24 00:47:49.0&errMsg=Transaction completed







