2015-07-12T07:52:53Z
RequestParameter:  billNo: SaoYL1436687568 | startTime:2015-07-12 07:52:53

2015-07-12T07:52:53Z
Array
(
    [MODE] => U
    [FRMT] => XML
    [VERS] => 0630
    [MERC] => 680000
    [SESS] => SaoYL1436687568
    [TRAN] => 3Z5G0JW1H59K
    [AUTH] => D
    [MACK] => Y
)


2015-07-12T07:52:54Z
ResponseParameter:  billNo: SaoYL1436687568 | endTime:2015-07-12 07:52:54

2015-07-12T07:52:54Z
<?xml version="1.0" encoding="UTF-8"?>
<RESPONSE>
  <VERS>0630</VERS>
  <MODE>U</MODE>
  <TRAN>3Z5G0JW1H59K</TRAN>
  <MERC>680000</MERC>
  <SESS>SaoYL1436687568</SESS>
  <RULES_TRIGGERED>0</RULES_TRIGGERED>
  <COUNTERS_TRIGGERED>0</COUNTERS_TRIGGERED>
  <REASON_CODE></REASON_CODE>
  <MASTERCARD></MASTERCARD>
  <WARNING_COUNT>0</WARNING_COUNT>
</RESPONSE>

2015-07-12T07:54:55Z
RequestParameter:  billNo: c2kZD1436687690 | startTime:2015-07-12 07:54:55

2015-07-12T07:54:55Z
Array
(
    [MODE] => U
    [FRMT] => XML
    [VERS] => 0630
    [MERC] => 680000
    [SESS] => c2kZD1436687690
    [TRAN] => 3Z5G0PTZ0R4M
    [AUTH] => D
    [MACK] => Y
)


2015-07-12T07:54:56Z
ResponseParameter:  billNo: c2kZD1436687690 | endTime:2015-07-12 07:54:56

2015-07-12T07:54:56Z
<?xml version="1.0" encoding="UTF-8"?>
<RESPONSE>
  <VERS>0630</VERS>
  <MODE>U</MODE>
  <TRAN>3Z5G0PTZ0R4M</TRAN>
  <MERC>680000</MERC>
  <SESS>c2kZD1436687690</SESS>
  <RULES_TRIGGERED>0</RULES_TRIGGERED>
  <COUNTERS_TRIGGERED>0</COUNTERS_TRIGGERED>
  <REASON_CODE></REASON_CODE>
  <MASTERCARD></MASTERCARD>
  <WARNING_COUNT>0</WARNING_COUNT>
</RESPONSE>

2015-07-12T08:12:39Z
RequestParameter:  billNo: L9xdl1436688754 | startTime:2015-07-12 08:12:39

2015-07-12T08:12:39Z
Array
(
    [MODE] => U
    [FRMT] => XML
    [VERS] => 0630
    [MERC] => 680000
    [SESS] => L9xdl1436688754
    [TRAN] => 3Z5X076TVZGG
    [AUTH] => D
    [MACK] => Y
)


2015-07-12T08:12:40Z
ResponseParameter:  billNo: L9xdl1436688754 | endTime:2015-07-12 08:12:40

2015-07-12T08:12:40Z
<?xml version="1.0" encoding="UTF-8"?>
<RESPONSE>
  <VERS>0630</VERS>
  <MODE>U</MODE>
  <TRAN>3Z5X076TVZGG</TRAN>
  <MERC>680000</MERC>
  <SESS>L9xdl1436688754</SESS>
  <RULES_TRIGGERED>0</RULES_TRIGGERED>
  <COUNTERS_TRIGGERED>0</COUNTERS_TRIGGERED>
  <REASON_CODE></REASON_CODE>
  <MASTERCARD></MASTERCARD>
  <WARNING_COUNT>0</WARNING_COUNT>
</RESPONSE>

2015-07-12T08:13:16Z
RequestParameter:  billNo: BohLn1436688791 | startTime:2015-07-12 08:13:16

2015-07-12T08:13:16Z
Array
(
    [MODE] => U
    [FRMT] => XML
    [VERS] => 0630
    [MERC] => 680000
    [SESS] => BohLn1436688791
    [TRAN] => 3Z5X0YDQ7ZV3
    [AUTH] => D
    [MACK] => Y
)


2015-07-12T08:13:17Z
ResponseParameter:  billNo: BohLn1436688791 | endTime:2015-07-12 08:13:17

2015-07-12T08:13:17Z
<?xml version="1.0" encoding="UTF-8"?>
<RESPONSE>
  <VERS>0630</VERS>
  <MODE>U</MODE>
  <TRAN>3Z5X0YDQ7ZV3</TRAN>
  <MERC>680000</MERC>
  <SESS>BohLn1436688791</SESS>
  <RULES_TRIGGERED>0</RULES_TRIGGERED>
  <COUNTERS_TRIGGERED>0</COUNTERS_TRIGGERED>
  <REASON_CODE></REASON_CODE>
  <MASTERCARD></MASTERCARD>
  <WARNING_COUNT>0</WARNING_COUNT>
</RESPONSE>

2015-07-12T10:46:07Z
RequestParameter:  billNo: pyRkD1436697963 | startTime:2015-07-12 10:46:07

2015-07-12T10:46:07Z
Array
(
    [MODE] => U
    [FRMT] => XML
    [VERS] => 0630
    [MERC] => 680000
    [SESS] => pyRkD1436697963
    [TRAN] => 3Z5406XPPNJ2
    [AUTH] => D
    [MACK] => Y
)


2015-07-12T10:46:08Z
ResponseParameter:  billNo: pyRkD1436697963 | endTime:2015-07-12 10:46:08

2015-07-12T10:46:08Z
<?xml version="1.0" encoding="UTF-8"?>
<RESPONSE>
  <VERS>0630</VERS>
  <MODE>U</MODE>
  <TRAN>3Z5406XPPNJ2</TRAN>
  <MERC>680000</MERC>
  <SESS>pyRkD1436697963</SESS>
  <RULES_TRIGGERED>0</RULES_TRIGGERED>
  <COUNTERS_TRIGGERED>0</COUNTERS_TRIGGERED>
  <REASON_CODE></REASON_CODE>
  <MASTERCARD></MASTERCARD>
  <WARNING_COUNT>0</WARNING_COUNT>
</RESPONSE>

2015-07-12T12:57:43Z
RequestParameter:  billNo: KDiNS1436705857 | startTime:2015-07-12 12:57:43

2015-07-12T12:57:43Z
Array
(
    [MODE] => U
    [FRMT] => XML
    [VERS] => 0630
    [MERC] => 680000
    [SESS] => KDiNS1436705857
    [TRAN] => 3Z5S0L6G7H1S
    [AUTH] => D
    [MACK] => Y
)


2015-07-12T12:57:44Z
ResponseParameter:  billNo: KDiNS1436705857 | endTime:2015-07-12 12:57:44

2015-07-12T12:57:44Z
<?xml version="1.0" encoding="UTF-8"?>
<RESPONSE>
  <VERS>0630</VERS>
  <MODE>U</MODE>
  <TRAN>3Z5S0L6G7H1S</TRAN>
  <MERC>680000</MERC>
  <SESS>KDiNS1436705857</SESS>
  <RULES_TRIGGERED>0</RULES_TRIGGERED>
  <COUNTERS_TRIGGERED>0</COUNTERS_TRIGGERED>
  <REASON_CODE></REASON_CODE>
  <MASTERCARD></MASTERCARD>
  <WARNING_COUNT>0</WARNING_COUNT>
</RESPONSE>

2015-07-12T12:58:28Z
RequestParameter:  billNo: BJmcX1436705902 | startTime:2015-07-12 12:58:28

2015-07-12T12:58:28Z
Array
(
    [MODE] => U
    [FRMT] => XML
    [VERS] => 0630
    [MERC] => 680000
    [SESS] => BJmcX1436705902
    [TRAN] => 3Z5S0MDCG00R
    [AUTH] => D
    [MACK] => Y
)


2015-07-12T12:58:29Z
ResponseParameter:  billNo: BJmcX1436705902 | endTime:2015-07-12 12:58:29

2015-07-12T12:58:29Z
<?xml version="1.0" encoding="UTF-8"?>
<RESPONSE>
  <VERS>0630</VERS>
  <MODE>U</MODE>
  <TRAN>3Z5S0MDCG00R</TRAN>
  <MERC>680000</MERC>
  <SESS>BJmcX1436705902</SESS>
  <RULES_TRIGGERED>0</RULES_TRIGGERED>
  <COUNTERS_TRIGGERED>0</COUNTERS_TRIGGERED>
  <REASON_CODE></REASON_CODE>
  <MASTERCARD></MASTERCARD>
  <WARNING_COUNT>0</WARNING_COUNT>
</RESPONSE>

2015-07-12T13:06:34Z
RequestParameter:  billNo: cNxfK1436706389 | startTime:2015-07-12 13:06:34

2015-07-12T13:06:34Z
Array
(
    [MODE] => U
    [FRMT] => XML
    [VERS] => 0630
    [MERC] => 680000
    [SESS] => cNxfK1436706389
    [TRAN] => 3Z5V0R6DRT6P
    [AUTH] => D
    [MACK] => Y
)


2015-07-12T13:06:35Z
ResponseParameter:  billNo: cNxfK1436706389 | endTime:2015-07-12 13:06:35

2015-07-12T13:06:35Z
<?xml version="1.0" encoding="UTF-8"?>
<RESPONSE>
  <VERS>0630</VERS>
  <MODE>U</MODE>
  <TRAN>3Z5V0R6DRT6P</TRAN>
  <MERC>680000</MERC>
  <SESS>cNxfK1436706389</SESS>
  <RULES_TRIGGERED>0</RULES_TRIGGERED>
  <COUNTERS_TRIGGERED>0</COUNTERS_TRIGGERED>
  <REASON_CODE></REASON_CODE>
  <MASTERCARD></MASTERCARD>
  <WARNING_COUNT>0</WARNING_COUNT>
</RESPONSE>

2015-07-12T13:07:21Z
RequestParameter:  billNo: hQaEM1436706436 | startTime:2015-07-12 13:07:21

2015-07-12T13:07:21Z
Array
(
    [MODE] => U
    [FRMT] => XML
    [VERS] => 0630
    [MERC] => 680000
    [SESS] => hQaEM1436706436
    [TRAN] => 3Z5V037MDG3J
    [AUTH] => D
    [MACK] => Y
)


2015-07-12T13:07:22Z
ResponseParameter:  billNo: hQaEM1436706436 | endTime:2015-07-12 13:07:22

2015-07-12T13:07:22Z
<?xml version="1.0" encoding="UTF-8"?>
<RESPONSE>
  <VERS>0630</VERS>
  <MODE>U</MODE>
  <TRAN>3Z5V037MDG3J</TRAN>
  <MERC>680000</MERC>
  <SESS>hQaEM1436706436</SESS>
  <RULES_TRIGGERED>0</RULES_TRIGGERED>
  <COUNTERS_TRIGGERED>0</COUNTERS_TRIGGERED>
  <REASON_CODE></REASON_CODE>
  <MASTERCARD></MASTERCARD>
  <WARNING_COUNT>0</WARNING_COUNT>
</RESPONSE>

2015-07-12T13:08:00Z
RequestParameter:  billNo: jGUMX1436706475 | startTime:2015-07-12 13:08:00

2015-07-12T13:08:00Z
Array
(
    [MODE] => U
    [FRMT] => XML
    [VERS] => 0630
    [MERC] => 680000
    [SESS] => jGUMX1436706475
    [TRAN] => 3Z5V06127L2L
    [AUTH] => D
    [MACK] => Y
)


2015-07-12T13:08:00Z
ResponseParameter:  billNo: jGUMX1436706475 | endTime:2015-07-12 13:08:00

2015-07-12T13:08:00Z
<?xml version="1.0" encoding="UTF-8"?>
<RESPONSE>
  <VERS>0630</VERS>
  <MODE>U</MODE>
  <TRAN>3Z5V06127L2L</TRAN>
  <MERC>680000</MERC>
  <SESS>jGUMX1436706475</SESS>
  <RULES_TRIGGERED>0</RULES_TRIGGERED>
  <COUNTERS_TRIGGERED>0</COUNTERS_TRIGGERED>
  <REASON_CODE></REASON_CODE>
  <MASTERCARD></MASTERCARD>
  <WARNING_COUNT>0</WARNING_COUNT>
</RESPONSE>

2015-07-12T13:08:16Z
RequestParameter:  billNo: LFXTS1436706492 | startTime:2015-07-12 13:08:16

2015-07-12T13:08:16Z
Array
(
    [MODE] => U
    [FRMT] => XML
    [VERS] => 0630
    [MERC] => 680000
    [SESS] => LFXTS1436706492
    [TRAN] => 3Z5V02GNS215
    [AUTH] => D
    [MACK] => Y
)


2015-07-12T13:08:17Z
ResponseParameter:  billNo: LFXTS1436706492 | endTime:2015-07-12 13:08:17

2015-07-12T13:08:17Z
<?xml version="1.0" encoding="UTF-8"?>
<RESPONSE>
  <VERS>0630</VERS>
  <MODE>U</MODE>
  <TRAN>3Z5V02GNS215</TRAN>
  <MERC>680000</MERC>
  <SESS>LFXTS1436706492</SESS>
  <RULES_TRIGGERED>0</RULES_TRIGGERED>
  <COUNTERS_TRIGGERED>0</COUNTERS_TRIGGERED>
  <REASON_CODE></REASON_CODE>
  <MASTERCARD></MASTERCARD>
  <WARNING_COUNT>0</WARNING_COUNT>
</RESPONSE>

2015-07-12T13:08:49Z
RequestParameter:  billNo: o8nNa1436706524 | startTime:2015-07-12 13:08:49

2015-07-12T13:08:49Z
Array
(
    [MODE] => U
    [FRMT] => XML
    [VERS] => 0630
    [MERC] => 680000
    [SESS] => o8nNa1436706524
    [TRAN] => 3Z5V0S1D826Q
    [AUTH] => D
    [MACK] => Y
)


2015-07-12T13:08:49Z
ResponseParameter:  billNo: o8nNa1436706524 | endTime:2015-07-12 13:08:49

2015-07-12T13:08:49Z
<?xml version="1.0" encoding="UTF-8"?>
<RESPONSE>
  <VERS>0630</VERS>
  <MODE>U</MODE>
  <TRAN>3Z5V0S1D826Q</TRAN>
  <MERC>680000</MERC>
  <SESS>o8nNa1436706524</SESS>
  <RULES_TRIGGERED>0</RULES_TRIGGERED>
  <COUNTERS_TRIGGERED>0</COUNTERS_TRIGGERED>
  <REASON_CODE></REASON_CODE>
  <MASTERCARD></MASTERCARD>
  <WARNING_COUNT>0</WARNING_COUNT>
</RESPONSE>

2015-07-12T13:34:18Z
RequestParameter:  billNo: iIcsb1436708052 | startTime:2015-07-12 13:34:18

2015-07-12T13:34:18Z
Array
(
    [MODE] => U
    [FRMT] => XML
    [VERS] => 0630
    [MERC] => 680000
    [SESS] => iIcsb1436708052
    [TRAN] => 3Z5V0LZTRC91
    [AUTH] => D
    [MACK] => Y
)


2015-07-12T13:34:19Z
ResponseParameter:  billNo: iIcsb1436708052 | endTime:2015-07-12 13:34:19

2015-07-12T13:34:19Z
<?xml version="1.0" encoding="UTF-8"?>
<RESPONSE>
  <VERS>0630</VERS>
  <MODE>U</MODE>
  <TRAN>3Z5V0LZTRC91</TRAN>
  <MERC>680000</MERC>
  <SESS>iIcsb1436708052</SESS>
  <RULES_TRIGGERED>0</RULES_TRIGGERED>
  <COUNTERS_TRIGGERED>0</COUNTERS_TRIGGERED>
  <REASON_CODE></REASON_CODE>
  <MASTERCARD></MASTERCARD>
  <WARNING_COUNT>0</WARNING_COUNT>
</RESPONSE>

2015-07-12T13:34:57Z
RequestParameter:  billNo: avWjN1436708092 | startTime:2015-07-12 13:34:57

2015-07-12T13:34:57Z
Array
(
    [MODE] => U
    [FRMT] => XML
    [VERS] => 0630
    [MERC] => 680000
    [SESS] => avWjN1436708092
    [TRAN] => 3Z5V076DZ6KQ
    [AUTH] => D
    [MACK] => Y
)


2015-07-12T13:34:58Z
ResponseParameter:  billNo: avWjN1436708092 | endTime:2015-07-12 13:34:58

2015-07-12T13:34:58Z
<?xml version="1.0" encoding="UTF-8"?>
<RESPONSE>
  <VERS>0630</VERS>
  <MODE>U</MODE>
  <TRAN>3Z5V076DZ6KQ</TRAN>
  <MERC>680000</MERC>
  <SESS>avWjN1436708092</SESS>
  <RULES_TRIGGERED>0</RULES_TRIGGERED>
  <COUNTERS_TRIGGERED>0</COUNTERS_TRIGGERED>
  <REASON_CODE></REASON_CODE>
  <MASTERCARD></MASTERCARD>
  <WARNING_COUNT>0</WARNING_COUNT>
</RESPONSE>

2015-07-12T13:55:31Z
RequestParameter:  billNo: mE9nK1436709326 | startTime:2015-07-12 13:55:31

2015-07-12T13:55:31Z
Array
(
    [MODE] => U
    [FRMT] => XML
    [VERS] => 0630
    [MERC] => 680000
    [SESS] => mE9nK1436709326
    [TRAN] => 3Z5V05L9C2MZ
    [AUTH] => D
    [MACK] => Y
)


2015-07-12T13:55:32Z
ResponseParameter:  billNo: mE9nK1436709326 | endTime:2015-07-12 13:55:32

2015-07-12T13:55:32Z
<?xml version="1.0" encoding="UTF-8"?>
<RESPONSE>
  <VERS>0630</VERS>
  <MODE>U</MODE>
  <TRAN>3Z5V05L9C2MZ</TRAN>
  <MERC>680000</MERC>
  <SESS>mE9nK1436709326</SESS>
  <RULES_TRIGGERED>0</RULES_TRIGGERED>
  <COUNTERS_TRIGGERED>0</COUNTERS_TRIGGERED>
  <REASON_CODE></REASON_CODE>
  <MASTERCARD></MASTERCARD>
  <WARNING_COUNT>0</WARNING_COUNT>
</RESPONSE>

2015-07-12T13:56:12Z
RequestParameter:  billNo: ifRzF1436709366 | startTime:2015-07-12 13:56:12

2015-07-12T13:56:12Z
Array
(
    [MODE] => U
    [FRMT] => XML
    [VERS] => 0630
    [MERC] => 680000
    [SESS] => ifRzF1436709366
    [TRAN] => 3Z5V02PLJ5HX
    [AUTH] => D
    [MACK] => Y
)


2015-07-12T13:56:12Z
ResponseParameter:  billNo: ifRzF1436709366 | endTime:2015-07-12 13:56:12

2015-07-12T13:56:12Z
<?xml version="1.0" encoding="UTF-8"?>
<RESPONSE>
  <VERS>0630</VERS>
  <MODE>U</MODE>
  <TRAN>3Z5V02PLJ5HX</TRAN>
  <MERC>680000</MERC>
  <SESS>ifRzF1436709366</SESS>
  <RULES_TRIGGERED>0</RULES_TRIGGERED>
  <COUNTERS_TRIGGERED>0</COUNTERS_TRIGGERED>
  <REASON_CODE></REASON_CODE>
  <MASTERCARD></MASTERCARD>
  <WARNING_COUNT>0</WARNING_COUNT>
</RESPONSE>

2015-07-12T13:59:04Z
RequestParameter:  billNo: GDigF1436709539 | startTime:2015-07-12 13:59:04

2015-07-12T13:59:04Z
Array
(
    [MODE] => U
    [FRMT] => XML
    [VERS] => 0630
    [MERC] => 680000
    [SESS] => GDigF1436709539
    [TRAN] => 3Z5V0BPYCMX5
    [AUTH] => D
    [MACK] => Y
)


2015-07-12T13:59:04Z
ResponseParameter:  billNo: GDigF1436709539 | endTime:2015-07-12 13:59:04

2015-07-12T13:59:04Z
<?xml version="1.0" encoding="UTF-8"?>
<RESPONSE>
  <VERS>0630</VERS>
  <MODE>U</MODE>
  <TRAN>3Z5V0BPYCMX5</TRAN>
  <MERC>680000</MERC>
  <SESS>GDigF1436709539</SESS>
  <RULES_TRIGGERED>0</RULES_TRIGGERED>
  <COUNTERS_TRIGGERED>0</COUNTERS_TRIGGERED>
  <REASON_CODE></REASON_CODE>
  <MASTERCARD></MASTERCARD>
  <WARNING_COUNT>0</WARNING_COUNT>
</RESPONSE>

2015-07-12T14:00:42Z
RequestParameter:  billNo: mGtke1436709636 | startTime:2015-07-12 14:00:42

2015-07-12T14:00:42Z
Array
(
    [MODE] => U
    [FRMT] => XML
    [VERS] => 0630
    [MERC] => 680000
    [SESS] => mGtke1436709636
    [TRAN] => 3Z5W0M6BSDDM
    [AUTH] => D
    [MACK] => Y
)


2015-07-12T14:00:43Z
ResponseParameter:  billNo: mGtke1436709636 | endTime:2015-07-12 14:00:43

2015-07-12T14:00:43Z
<?xml version="1.0" encoding="UTF-8"?>
<RESPONSE>
  <VERS>0630</VERS>
  <MODE>U</MODE>
  <TRAN>3Z5W0M6BSDDM</TRAN>
  <MERC>680000</MERC>
  <SESS>mGtke1436709636</SESS>
  <RULES_TRIGGERED>0</RULES_TRIGGERED>
  <COUNTERS_TRIGGERED>0</COUNTERS_TRIGGERED>
  <REASON_CODE></REASON_CODE>
  <MASTERCARD></MASTERCARD>
  <WARNING_COUNT>0</WARNING_COUNT>
</RESPONSE>

2015-07-12T14:01:53Z
RequestParameter:  billNo: oxtqc1436709708 | startTime:2015-07-12 14:01:53

2015-07-12T14:01:53Z
Array
(
    [MODE] => U
    [FRMT] => XML
    [VERS] => 0630
    [MERC] => 680000
    [SESS] => oxtqc1436709708
    [TRAN] => 3Z5W0L4V0GXB
    [AUTH] => D
    [MACK] => Y
)


2015-07-12T14:01:54Z
ResponseParameter:  billNo: oxtqc1436709708 | endTime:2015-07-12 14:01:54

2015-07-12T14:01:54Z
<?xml version="1.0" encoding="UTF-8"?>
<RESPONSE>
  <VERS>0630</VERS>
  <MODE>U</MODE>
  <TRAN>3Z5W0L4V0GXB</TRAN>
  <MERC>680000</MERC>
  <SESS>oxtqc1436709708</SESS>
  <RULES_TRIGGERED>0</RULES_TRIGGERED>
  <COUNTERS_TRIGGERED>0</COUNTERS_TRIGGERED>
  <REASON_CODE></REASON_CODE>
  <MASTERCARD></MASTERCARD>
  <WARNING_COUNT>0</WARNING_COUNT>
</RESPONSE>

2015-07-12T14:04:41Z
RequestParameter:  billNo: WHtML1436709876 | startTime:2015-07-12 14:04:41

2015-07-12T14:04:41Z
Array
(
    [MODE] => U
    [FRMT] => XML
    [VERS] => 0630
    [MERC] => 680000
    [SESS] => WHtML1436709876
    [TRAN] => 3Z5W0CRLYLKK
    [AUTH] => D
    [MACK] => Y
)


2015-07-12T14:04:42Z
ResponseParameter:  billNo: WHtML1436709876 | endTime:2015-07-12 14:04:42

2015-07-12T14:04:42Z
<?xml version="1.0" encoding="UTF-8"?>
<RESPONSE>
  <VERS>0630</VERS>
  <MODE>U</MODE>
  <TRAN>3Z5W0CRLYLKK</TRAN>
  <MERC>680000</MERC>
  <SESS>WHtML1436709876</SESS>
  <RULES_TRIGGERED>0</RULES_TRIGGERED>
  <COUNTERS_TRIGGERED>0</COUNTERS_TRIGGERED>
  <REASON_CODE></REASON_CODE>
  <MASTERCARD></MASTERCARD>
  <WARNING_COUNT>0</WARNING_COUNT>
</RESPONSE>

2015-07-12T14:04:58Z
RequestParameter:  billNo: rmY1G1436709895 | startTime:2015-07-12 14:04:58

2015-07-12T14:04:58Z
Array
(
    [MODE] => U
    [FRMT] => XML
    [VERS] => 0630
    [MERC] => 680000
    [SESS] => rmY1G1436709895
    [TRAN] => 3Z5W0LLJ272K
    [AUTH] => D
    [MACK] => Y
)


2015-07-12T14:04:59Z
ResponseParameter:  billNo: rmY1G1436709895 | endTime:2015-07-12 14:04:59

2015-07-12T14:04:59Z
<?xml version="1.0" encoding="UTF-8"?>
<RESPONSE>
  <VERS>0630</VERS>
  <MODE>U</MODE>
  <TRAN>3Z5W0LLJ272K</TRAN>
  <MERC>680000</MERC>
  <SESS>rmY1G1436709895</SESS>
  <RULES_TRIGGERED>0</RULES_TRIGGERED>
  <COUNTERS_TRIGGERED>0</COUNTERS_TRIGGERED>
  <REASON_CODE></REASON_CODE>
  <MASTERCARD></MASTERCARD>
  <WARNING_COUNT>0</WARNING_COUNT>
</RESPONSE>

2015-07-12T14:06:37Z
RequestParameter:  billNo: vpS461436709993 | startTime:2015-07-12 14:06:37

2015-07-12T14:06:37Z
Array
(
    [MODE] => U
    [FRMT] => XML
    [VERS] => 0630
    [MERC] => 680000
    [SESS] => vpS461436709993
    [TRAN] => 3Z5W0J56CGSS
    [AUTH] => D
    [MACK] => Y
)


2015-07-12T14:06:38Z
ResponseParameter:  billNo: vpS461436709993 | endTime:2015-07-12 14:06:38

2015-07-12T14:06:38Z
<?xml version="1.0" encoding="UTF-8"?>
<RESPONSE>
  <VERS>0630</VERS>
  <MODE>U</MODE>
  <TRAN>3Z5W0J56CGSS</TRAN>
  <MERC>680000</MERC>
  <SESS>vpS461436709993</SESS>
  <RULES_TRIGGERED>0</RULES_TRIGGERED>
  <COUNTERS_TRIGGERED>0</COUNTERS_TRIGGERED>
  <REASON_CODE></REASON_CODE>
  <MASTERCARD></MASTERCARD>
  <WARNING_COUNT>0</WARNING_COUNT>
</RESPONSE>

2015-07-12T15:48:41Z
RequestParameter:  billNo: sfWRY1436716116 | startTime:2015-07-12 15:48:41

2015-07-12T15:48:41Z
Array
(
    [MODE] => U
    [FRMT] => XML
    [VERS] => 0630
    [MERC] => 680000
    [SESS] => sfWRY1436716116
    [TRAN] => 3Z5T0GD893PS
    [AUTH] => D
    [MACK] => Y
)


2015-07-12T15:48:42Z
ResponseParameter:  billNo: sfWRY1436716116 | endTime:2015-07-12 15:48:42

2015-07-12T15:48:42Z
<?xml version="1.0" encoding="UTF-8"?>
<RESPONSE>
  <VERS>0630</VERS>
  <MODE>U</MODE>
  <TRAN>3Z5T0GD893PS</TRAN>
  <MERC>680000</MERC>
  <SESS>sfWRY1436716116</SESS>
  <RULES_TRIGGERED>0</RULES_TRIGGERED>
  <COUNTERS_TRIGGERED>0</COUNTERS_TRIGGERED>
  <REASON_CODE></REASON_CODE>
  <MASTERCARD></MASTERCARD>
  <WARNING_COUNT>0</WARNING_COUNT>
</RESPONSE>

2015-07-12T15:51:09Z
RequestParameter:  billNo: LkFgZ1436716266 | startTime:2015-07-12 15:51:09

2015-07-12T15:51:09Z
Array
(
    [MODE] => U
    [FRMT] => XML
    [VERS] => 0630
    [MERC] => 680000
    [SESS] => LkFgZ1436716266
    [TRAN] => 3Z5T0J5MN96R
    [AUTH] => D
    [MACK] => Y
)


2015-07-12T15:51:10Z
ResponseParameter:  billNo: LkFgZ1436716266 | endTime:2015-07-12 15:51:10

2015-07-12T15:51:10Z
<?xml version="1.0" encoding="UTF-8"?>
<RESPONSE>
  <VERS>0630</VERS>
  <MODE>U</MODE>
  <TRAN>3Z5T0J5MN96R</TRAN>
  <MERC>680000</MERC>
  <SESS>LkFgZ1436716266</SESS>
  <RULES_TRIGGERED>0</RULES_TRIGGERED>
  <COUNTERS_TRIGGERED>0</COUNTERS_TRIGGERED>
  <REASON_CODE></REASON_CODE>
  <MASTERCARD></MASTERCARD>
  <WARNING_COUNT>0</WARNING_COUNT>
</RESPONSE>

