2015-06-10T08:50:14Z
RequestParameter:  CardNumber: 497049HKC8H0IQJW8DN5 | startTime:2015-06-10 08:50:14

2015-06-10T08:50:14Z
Array
(
    [ptok[4970493494852846]] => D
)


2015-06-10T08:50:16Z
ResponseParameter:  CardNumber: 497049HKC8H0IQJW8DN5 | endTime:2015-06-10 08:50:16

2015-06-10T08:50:16Z
<?xml version="1.0" encoding="UTF-8"?>
<response><status>ok</status><count><success>1</success><failure>0</failure></count><errors/><result>0</result></response>


2015-06-10T11:54:37Z
RequestParameter:  CardNumber: 497410K62YDE9ODZ93MZ | startTime:2015-06-10 11:54:37

2015-06-10T11:54:37Z
Array
(
    [ptok[4974104125053334]] => D
)


2015-06-10T11:54:38Z
ResponseParameter:  CardNumber: 497410K62YDE9ODZ93MZ | endTime:2015-06-10 11:54:38

2015-06-10T11:54:38Z
<?xml version="1.0" encoding="UTF-8"?>
<response><status>ok</status><count><success>1</success><failure>0</failure></count><errors/><result>0</result></response>


2015-06-10T13:05:45Z
RequestParameter:  CardNumber: 4970406FFVNTNROWLIGN | startTime:2015-06-10 13:05:45

2015-06-10T13:05:45Z
Array
(
    [ptok[4970403565424151]] => D
)


2015-06-10T13:05:47Z
ResponseParameter:  CardNumber: 4970406FFVNTNROWLIGN | endTime:2015-06-10 13:05:47

2015-06-10T13:05:47Z
<?xml version="1.0" encoding="UTF-8"?>
<response><status>ok</status><count><success>1</success><failure>0</failure></count><errors/><result>0</result></response>


