2015-06-15T09:13:33Z
RequestParameter:  CardNumber: 4970448SGGEOLVGJ7JZA | startTime:2015-06-15 09:13:33

2015-06-15T09:13:33Z
Array
(
    [ptok[4970442058044472]] => D
)


2015-06-15T09:13:34Z
ResponseParameter:  CardNumber: 4970448SGGEOLVGJ7JZA | endTime:2015-06-15 09:13:34

2015-06-15T09:13:34Z
<?xml version="1.0" encoding="UTF-8"?>
<response><status>ok</status><count><success>1</success><failure>0</failure></count><errors/><result>0</result></response>


2015-06-15T09:29:58Z
RequestParameter:  CardNumber: 513039OPRH625TFS4II2 | startTime:2015-06-15 09:29:58

2015-06-15T09:29:58Z
Array
(
    [ptok[5130393219171098]] => D
)


2015-06-15T09:30:00Z
ResponseParameter:  CardNumber: 513039OPRH625TFS4II2 | endTime:2015-06-15 09:30:00

2015-06-15T09:30:00Z
<?xml version="1.0" encoding="UTF-8"?>
<response><status>ok</status><count><success>1</success><failure>0</failure></count><errors/><result>0</result></response>


