2015-11-05T00:07:03Z
RequestParameter:  billNo: 1446682027227 | startTime:2015-11-05 00:07:03

2015-11-05T00:07:03Z
Array
(
    [MODE] => Q
    [FRMT] => XML
    [VERS] => 0630
    [MERC] => 680000
    [UDF[CUSTOMER_IPAD]] => 103.18.0.194
    [SESS] => 035d70dc4c7cf09e3af450979ddd0f5b
    [UDF[CUSTOMER_URL]] => 
    [ORDR] => 1446682027227
    [CURR] => USD
    [PENC] => KHASH
    [PTYP] => CARD
    [PTOK] => 523935T95BT2AERDSS21
    [IPAD] => 103.18.0.194
    [MACK] => Y
    [AUTH] => A
    [PROD_DESC[0]] => Binary Trade
    [PROD_TYPE[0]] => Binary Trade
    [PROD_ITEM[0]] => SKU-ACI-BinaryTrade
    [PROD_QUANT[0]] => 1
    [PROD_PRICE[0]] => 10000
    [TOTL] => 10000
    [SITE] => VERT001
    [UDF[MERCHANT_ID]] => 20001MERACIM1
    [UDF[MERCHANT_PRVDR]] => UVP-11631,11633,11635,11635-FP-USD,EUR-VSA,MAS
    [NAME] => Leow Hong Tee
    [B2A1] => Malaysia
    [B2CC] => MY
    [B2CI] => malaysia
    [B2PC] => 00000
    [B2PN] => 0954687156
    [B2ST] => NAA
    [S2A1] => 
    [S2CC] => 
    [S2CI] => 
    [S2EM] => 
    [S2NM] =>  
    [S2PC] => 
    [S2PN] => 
    [S2ST] => 
    [SHTP] => 
    [CASH] => 100
    [DOB] => 1980-11-13
    [GENDER] => M
    [EMAL] => hongtee_leow@hotmail.com
)


2015-11-05T00:07:04Z
ResponseParameter:  billNo: 1446682027227 | endTime:2015-11-05 00:07:04

2015-11-05T00:07:04Z
<?xml version="1.0" encoding="UTF-8"?>
<RESPONSE>
  <VERS>0630</VERS>
  <MODE>Q</MODE>
  <TRAN>33WK06P3RX9B</TRAN>
  <MERC>680000</MERC>
  <SESS>035d70dc4c7cf09e3af450979ddd0f5b</SESS>
  <ORDR>1446682027227</ORDR>
  <AUTO>A</AUTO>
  <SCOR>26</SCOR>
  <GEOX>MY</GEOX>
  <BRND>MSTR</BRND>
  <REGN>MY_14</REGN>
  <NETW>N</NETW>
  <KAPT>Y</KAPT>
  <CARDS>2</CARDS>
  <DEVICES>1</DEVICES>
  <EMAILS>1</EMAILS>
  <VELO>0</VELO>
  <VMAX>0</VMAX>
  <SITE>VERT001</SITE>
  <DEVICE_LAYERS>C56AC8CEAF.F00BB70BB9.1089D693C6.A80EBD4F24.B8E8AE1490</DEVICE_LAYERS>
  <FINGERPRINT>9E7F2954F398C34E04EACB8AD704716C</FINGERPRINT>
  <TIMEZONE>960</TIMEZONE>
  <LOCALTIME>2015-11-05 08:07</LOCALTIME>
  <REGION>MY_14</REGION>
  <COUNTRY>MY</COUNTRY>
  <PROXY>N</PROXY>
  <JAVASCRIPT>Y</JAVASCRIPT>
  <FLASH>Y</FLASH>
  <COOKIES>Y</COOKIES>
  <HTTP_COUNTRY>US</HTTP_COUNTRY>
  <LANGUAGE>EN</LANGUAGE>
  <MOBILE_DEVICE>N</MOBILE_DEVICE>
  <MOBILE_TYPE></MOBILE_TYPE>
  <MOBILE_FORWARDER>N</MOBILE_FORWARDER>
  <VOICE_DEVICE>N</VOICE_DEVICE>
  <PC_REMOTE>N</PC_REMOTE>
  <RULES_TRIGGERED>0</RULES_TRIGGERED>
  <COUNTERS_TRIGGERED>0</COUNTERS_TRIGGERED>
  <REASON_CODE></REASON_CODE>
  <MASTERCARD></MASTERCARD>
  <DDFS>2015-11-04</DDFS>
  <DSR>1080x1920</DSR>
  <UAS>Mozilla/5.0 (Windows NT 6.1) AppleWebKit/537.36 (KHTML, like Gecko) Chrome/46.0.2490.80 Safari/537.36</UAS>
  <BROWSER>Chrome 46.0.2490.80</BROWSER>
  <OS>Windows 7</OS>
  <PIP_IPAD></PIP_IPAD>
  <PIP_LAT></PIP_LAT>
  <PIP_LON></PIP_LON>
  <PIP_COUNTRY></PIP_COUNTRY>
  <PIP_REGION></PIP_REGION>
  <PIP_CITY></PIP_CITY>
  <PIP_ORG></PIP_ORG>
  <IP_IPAD>103.18.0.194</IP_IPAD>
  <IP_LAT>3.1698</IP_LAT>
  <IP_LON>101.7026</IP_LON>
  <IP_COUNTRY>MY</IP_COUNTRY>
  <IP_REGION>Kuala Lumpur</IP_REGION>
  <IP_CITY>Kuala Lumpur</IP_CITY>
  <IP_ORG>UNIVERSITY OF MALAYA</IP_ORG>
  <WARNING_COUNT>0</WARNING_COUNT>
</RESPONSE>

