2015-03-18T07:50:48Z
RequestParameter:  billNo: aM8iu1426162430 | startTime:2015-03-18 07:50:48

2015-03-18T07:50:48Z
1

2015-03-18T07:50:49Z
ResponseParameter:  billNo: aM8iu1426162430 | endTime:2015-03-18 07:50:49

2015-03-18T07:50:49Z
<?xml version="1.0" encoding="UTF-8"?>
<RESPONSE>
  <VERS>0600</VERS>
  <MODE>U</MODE>
  <TRAN>3YK601Q1H69Y</TRAN>
  <MERC>680000</MERC>
  <SESS>aM8iu1426162430</SESS>
  <RULES_TRIGGERED>0</RULES_TRIGGERED>
  <COUNTERS_TRIGGERED>0</COUNTERS_TRIGGERED>
  <REASON_CODE></REASON_CODE>
  <MASTERCARD></MASTERCARD>
  <WARNING_COUNT>0</WARNING_COUNT>
</RESPONSE>

2015-03-18T07:52:01Z
RequestParameter:  billNo: p9VZR1425638893 | startTime:2015-03-18 07:52:01

2015-03-18T07:52:01Z
1

2015-03-18T07:52:02Z
ResponseParameter:  billNo: p9VZR1425638893 | endTime:2015-03-18 07:52:02

2015-03-18T07:52:02Z
<?xml version="1.0" encoding="UTF-8"?>
<RESPONSE>
  <VERS>0600</VERS>
  <MODE>U</MODE>
  <TRAN>3T1M07H1CT6T</TRAN>
  <MERC>680000</MERC>
  <SESS>p9VZR1425638893</SESS>
  <RULES_TRIGGERED>0</RULES_TRIGGERED>
  <COUNTERS_TRIGGERED>0</COUNTERS_TRIGGERED>
  <REASON_CODE></REASON_CODE>
  <MASTERCARD></MASTERCARD>
  <WARNING_COUNT>0</WARNING_COUNT>
</RESPONSE>

2015-03-18T08:00:51Z
RequestParameter:  billNo: eRQSI1425995087 | startTime:2015-03-18 08:00:51

2015-03-18T08:00:51Z
1

2015-03-18T08:00:52Z
ResponseParameter:  billNo: eRQSI1425995087 | endTime:2015-03-18 08:00:52

2015-03-18T08:00:52Z
<?xml version="1.0" encoding="UTF-8"?>
<RESPONSE>
  <VERS>0600</VERS>
  <MODE>U</MODE>
  <TRAN>3T7D0W5WX44G</TRAN>
  <MERC>680000</MERC>
  <SESS>eRQSI1425995087</SESS>
  <RULES_TRIGGERED>0</RULES_TRIGGERED>
  <COUNTERS_TRIGGERED>0</COUNTERS_TRIGGERED>
  <REASON_CODE></REASON_CODE>
  <MASTERCARD></MASTERCARD>
  <WARNING_COUNT>0</WARNING_COUNT>
</RESPONSE>

2015-03-18T08:01:15Z
RequestParameter:  billNo: IRdb61425985895 | startTime:2015-03-18 08:01:15

2015-03-18T08:01:15Z
1

2015-03-18T08:01:16Z
ResponseParameter:  billNo: IRdb61425985895 | endTime:2015-03-18 08:01:16

2015-03-18T08:01:16Z
<?xml version="1.0" encoding="UTF-8"?>
<RESPONSE>
  <VERS>0600</VERS>
  <MODE>U</MODE>
  <TRAN>3T7P06MN8RYV</TRAN>
  <MERC>680000</MERC>
  <SESS>IRdb61425985895</SESS>
  <RULES_TRIGGERED>0</RULES_TRIGGERED>
  <COUNTERS_TRIGGERED>0</COUNTERS_TRIGGERED>
  <REASON_CODE></REASON_CODE>
  <MASTERCARD></MASTERCARD>
  <WARNING_COUNT>0</WARNING_COUNT>
</RESPONSE>

2015-03-18T09:15:56Z
RequestParameter:  billNo: SWmar1426670150 | startTime:2015-03-18 09:15:56

2015-03-18T09:15:56Z
1

2015-03-18T09:15:58Z
ResponseParameter:  billNo: SWmar1426670150 | endTime:2015-03-18 09:15:58

2015-03-18T09:15:58Z
<?xml version="1.0" encoding="UTF-8"?>
<RESPONSE>
  <VERS>0600</VERS>
  <MODE>U</MODE>
  <TRAN>3YXG0LLYLD40</TRAN>
  <MERC>680000</MERC>
  <SESS>SWmar1426670150</SESS>
  <RULES_TRIGGERED>0</RULES_TRIGGERED>
  <COUNTERS_TRIGGERED>0</COUNTERS_TRIGGERED>
  <REASON_CODE></REASON_CODE>
  <MASTERCARD></MASTERCARD>
  <WARNING_COUNT>0</WARNING_COUNT>
</RESPONSE>

2015-03-18T09:16:21Z
RequestParameter:  billNo: ycv8F1426670177 | startTime:2015-03-18 09:16:21

2015-03-18T09:16:21Z
1

2015-03-18T09:16:22Z
ResponseParameter:  billNo: ycv8F1426670177 | endTime:2015-03-18 09:16:22

2015-03-18T09:16:22Z
<?xml version="1.0" encoding="UTF-8"?>
<RESPONSE>
  <VERS>0600</VERS>
  <MODE>U</MODE>
  <TRAN>3YXG0J23VWBV</TRAN>
  <MERC>680000</MERC>
  <SESS>ycv8F1426670177</SESS>
  <RULES_TRIGGERED>0</RULES_TRIGGERED>
  <COUNTERS_TRIGGERED>0</COUNTERS_TRIGGERED>
  <REASON_CODE></REASON_CODE>
  <MASTERCARD></MASTERCARD>
  <WARNING_COUNT>0</WARNING_COUNT>
</RESPONSE>

2015-03-18T09:16:44Z
RequestParameter:  billNo: KxW7v1426670199 | startTime:2015-03-18 09:16:44

2015-03-18T09:16:44Z
1

2015-03-18T09:16:47Z
ResponseParameter:  billNo: KxW7v1426670199 | endTime:2015-03-18 09:16:47

2015-03-18T09:16:47Z
<?xml version="1.0" encoding="UTF-8"?>
<RESPONSE>
  <VERS>0600</VERS>
  <MODE>U</MODE>
  <TRAN>3YXG0V65N1KP</TRAN>
  <MERC>680000</MERC>
  <SESS>KxW7v1426670199</SESS>
  <RULES_TRIGGERED>0</RULES_TRIGGERED>
  <COUNTERS_TRIGGERED>0</COUNTERS_TRIGGERED>
  <REASON_CODE></REASON_CODE>
  <MASTERCARD></MASTERCARD>
  <WARNING_COUNT>0</WARNING_COUNT>
</RESPONSE>

2015-03-18T09:46:15Z
RequestParameter:  billNo: QPTJ71426671966 | startTime:2015-03-18 09:46:15

2015-03-18T09:46:15Z
1

2015-03-18T09:46:16Z
ResponseParameter:  billNo: QPTJ71426671966 | endTime:2015-03-18 09:46:16

2015-03-18T09:46:16Z
<?xml version="1.0" encoding="UTF-8"?>
<RESPONSE>
  <VERS>0600</VERS>
  <MODE>U</MODE>
  <TRAN>3YXG0N4TK7QH</TRAN>
  <MERC>680000</MERC>
  <SESS>QPTJ71426671966</SESS>
  <RULES_TRIGGERED>0</RULES_TRIGGERED>
  <COUNTERS_TRIGGERED>0</COUNTERS_TRIGGERED>
  <REASON_CODE></REASON_CODE>
  <MASTERCARD></MASTERCARD>
  <WARNING_COUNT>0</WARNING_COUNT>
</RESPONSE>

2015-03-18T09:46:32Z
RequestParameter:  billNo: KULGD1426671987 | startTime:2015-03-18 09:46:32

2015-03-18T09:46:32Z
1

2015-03-18T09:46:33Z
ResponseParameter:  billNo: KULGD1426671987 | endTime:2015-03-18 09:46:33

2015-03-18T09:46:33Z
<?xml version="1.0" encoding="UTF-8"?>
<RESPONSE>
  <VERS>0600</VERS>
  <MODE>U</MODE>
  <TRAN>3YXG0VT5MKTB</TRAN>
  <MERC>680000</MERC>
  <SESS>KULGD1426671987</SESS>
  <RULES_TRIGGERED>0</RULES_TRIGGERED>
  <COUNTERS_TRIGGERED>0</COUNTERS_TRIGGERED>
  <REASON_CODE></REASON_CODE>
  <MASTERCARD></MASTERCARD>
  <WARNING_COUNT>0</WARNING_COUNT>
</RESPONSE>

2015-03-18T09:48:40Z
RequestParameter:  billNo: uFLe01426672109 | startTime:2015-03-18 09:48:40

2015-03-18T09:48:40Z
1

2015-03-18T09:48:41Z
ResponseParameter:  billNo: uFLe01426672109 | endTime:2015-03-18 09:48:41

2015-03-18T09:48:41Z
<?xml version="1.0" encoding="UTF-8"?>
<RESPONSE>
  <VERS>0600</VERS>
  <MODE>U</MODE>
  <TRAN>3YXG00KS8MCR</TRAN>
  <MERC>680000</MERC>
  <SESS>uFLe01426672109</SESS>
  <RULES_TRIGGERED>0</RULES_TRIGGERED>
  <COUNTERS_TRIGGERED>0</COUNTERS_TRIGGERED>
  <REASON_CODE></REASON_CODE>
  <MASTERCARD></MASTERCARD>
  <WARNING_COUNT>0</WARNING_COUNT>
</RESPONSE>

2015-03-18T09:50:38Z
RequestParameter:  billNo: K2cP41426672229 | startTime:2015-03-18 09:50:38

2015-03-18T09:50:38Z
1

2015-03-18T09:50:39Z
ResponseParameter:  billNo: K2cP41426672229 | endTime:2015-03-18 09:50:39

2015-03-18T09:50:39Z
<?xml version="1.0" encoding="UTF-8"?>
<RESPONSE>
  <VERS>0600</VERS>
  <MODE>U</MODE>
  <TRAN>3YXG0Y9JPBJH</TRAN>
  <MERC>680000</MERC>
  <SESS>K2cP41426672229</SESS>
  <RULES_TRIGGERED>0</RULES_TRIGGERED>
  <COUNTERS_TRIGGERED>0</COUNTERS_TRIGGERED>
  <REASON_CODE></REASON_CODE>
  <MASTERCARD></MASTERCARD>
  <WARNING_COUNT>0</WARNING_COUNT>
</RESPONSE>

2015-03-18T10:02:01Z
RequestParameter:  billNo: hP2ij1426672915 | startTime:2015-03-18 10:02:01

2015-03-18T10:02:01Z
1

2015-03-18T10:02:02Z
ResponseParameter:  billNo: hP2ij1426672915 | endTime:2015-03-18 10:02:02

2015-03-18T10:02:02Z
<?xml version="1.0" encoding="UTF-8"?>
<RESPONSE>
  <VERS>0600</VERS>
  <MODE>U</MODE>
  <TRAN>3YXX0XY6NHLC</TRAN>
  <MERC>680000</MERC>
  <SESS>hP2ij1426672915</SESS>
  <RULES_TRIGGERED>0</RULES_TRIGGERED>
  <COUNTERS_TRIGGERED>0</COUNTERS_TRIGGERED>
  <REASON_CODE></REASON_CODE>
  <MASTERCARD></MASTERCARD>
  <WARNING_COUNT>0</WARNING_COUNT>
</RESPONSE>

2015-03-18T10:02:18Z
RequestParameter:  billNo: x4A8N1426672933 | startTime:2015-03-18 10:02:18

2015-03-18T10:02:18Z
1

2015-03-18T10:02:19Z
ResponseParameter:  billNo: x4A8N1426672933 | endTime:2015-03-18 10:02:19

2015-03-18T10:02:19Z
<?xml version="1.0" encoding="UTF-8"?>
<RESPONSE>
  <VERS>0600</VERS>
  <MODE>U</MODE>
  <TRAN>3YXX0950T5WN</TRAN>
  <MERC>680000</MERC>
  <SESS>x4A8N1426672933</SESS>
  <RULES_TRIGGERED>0</RULES_TRIGGERED>
  <COUNTERS_TRIGGERED>0</COUNTERS_TRIGGERED>
  <REASON_CODE></REASON_CODE>
  <MASTERCARD></MASTERCARD>
  <WARNING_COUNT>0</WARNING_COUNT>
</RESPONSE>

2015-03-18T10:02:37Z
RequestParameter:  billNo: 5PkSM1426672951 | startTime:2015-03-18 10:02:37

2015-03-18T10:02:37Z
1

2015-03-18T10:02:38Z
ResponseParameter:  billNo: 5PkSM1426672951 | endTime:2015-03-18 10:02:38

2015-03-18T10:02:38Z
<?xml version="1.0" encoding="UTF-8"?>
<RESPONSE>
  <VERS>0600</VERS>
  <MODE>U</MODE>
  <TRAN>3YXX0MTPX7GH</TRAN>
  <MERC>680000</MERC>
  <SESS>5PkSM1426672951</SESS>
  <RULES_TRIGGERED>0</RULES_TRIGGERED>
  <COUNTERS_TRIGGERED>0</COUNTERS_TRIGGERED>
  <REASON_CODE></REASON_CODE>
  <MASTERCARD></MASTERCARD>
  <WARNING_COUNT>0</WARNING_COUNT>
</RESPONSE>

2015-03-18T10:46:40Z
RequestParameter:  billNo: soqXm1426675594 | startTime:2015-03-18 10:46:40

2015-03-18T10:46:40Z
1

2015-03-18T10:46:41Z
ResponseParameter:  billNo: soqXm1426675594 | endTime:2015-03-18 10:46:41

2015-03-18T10:46:41Z
<?xml version="1.0" encoding="UTF-8"?>
<RESPONSE>
  <VERS>0600</VERS>
  <MODE>U</MODE>
  <TRAN>3YXX0CVT1RB2</TRAN>
  <MERC>680000</MERC>
  <SESS>soqXm1426675594</SESS>
  <RULES_TRIGGERED>0</RULES_TRIGGERED>
  <COUNTERS_TRIGGERED>0</COUNTERS_TRIGGERED>
  <REASON_CODE></REASON_CODE>
  <MASTERCARD></MASTERCARD>
  <WARNING_COUNT>0</WARNING_COUNT>
</RESPONSE>

2015-03-18T10:47:06Z
RequestParameter:  billNo: Nd7uB1426675621 | startTime:2015-03-18 10:47:06

2015-03-18T10:47:06Z
1

2015-03-18T10:47:07Z
ResponseParameter:  billNo: Nd7uB1426675621 | endTime:2015-03-18 10:47:07

2015-03-18T10:47:07Z
<?xml version="1.0" encoding="UTF-8"?>
<RESPONSE>
  <VERS>0600</VERS>
  <MODE>U</MODE>
  <TRAN>3YXX09HCBWJ4</TRAN>
  <MERC>680000</MERC>
  <SESS>Nd7uB1426675621</SESS>
  <RULES_TRIGGERED>0</RULES_TRIGGERED>
  <COUNTERS_TRIGGERED>0</COUNTERS_TRIGGERED>
  <REASON_CODE></REASON_CODE>
  <MASTERCARD></MASTERCARD>
  <WARNING_COUNT>0</WARNING_COUNT>
</RESPONSE>

2015-03-18T10:47:25Z
RequestParameter:  billNo: cW2Hr1426675640 | startTime:2015-03-18 10:47:25

2015-03-18T10:47:25Z
1

2015-03-18T10:47:27Z
ResponseParameter:  billNo: cW2Hr1426675640 | endTime:2015-03-18 10:47:27

2015-03-18T10:47:27Z
<?xml version="1.0" encoding="UTF-8"?>
<RESPONSE>
  <VERS>0600</VERS>
  <MODE>U</MODE>
  <TRAN>3YXX051P3GKR</TRAN>
  <MERC>680000</MERC>
  <SESS>cW2Hr1426675640</SESS>
  <RULES_TRIGGERED>0</RULES_TRIGGERED>
  <COUNTERS_TRIGGERED>0</COUNTERS_TRIGGERED>
  <REASON_CODE></REASON_CODE>
  <MASTERCARD></MASTERCARD>
  <WARNING_COUNT>0</WARNING_COUNT>
</RESPONSE>

2015-03-18T10:47:45Z
RequestParameter:  billNo: 7UHsa1426675659 | startTime:2015-03-18 10:47:45

2015-03-18T10:47:45Z
1

2015-03-18T10:47:46Z
ResponseParameter:  billNo: 7UHsa1426675659 | endTime:2015-03-18 10:47:46

2015-03-18T10:47:46Z
<?xml version="1.0" encoding="UTF-8"?>
<RESPONSE>
  <VERS>0600</VERS>
  <MODE>U</MODE>
  <TRAN>3YXX0JCQ1YL0</TRAN>
  <MERC>680000</MERC>
  <SESS>7UHsa1426675659</SESS>
  <RULES_TRIGGERED>0</RULES_TRIGGERED>
  <COUNTERS_TRIGGERED>0</COUNTERS_TRIGGERED>
  <REASON_CODE></REASON_CODE>
  <MASTERCARD></MASTERCARD>
  <WARNING_COUNT>0</WARNING_COUNT>
</RESPONSE>

2015-03-18T10:48:19Z
RequestParameter:  billNo: aDTCB1426675692 | startTime:2015-03-18 10:48:19

2015-03-18T10:48:19Z
1

2015-03-18T10:48:20Z
ResponseParameter:  billNo: aDTCB1426675692 | endTime:2015-03-18 10:48:20

2015-03-18T10:48:20Z
<?xml version="1.0" encoding="UTF-8"?>
<RESPONSE>
  <VERS>0600</VERS>
  <MODE>U</MODE>
  <TRAN>3YXX01YNMDMG</TRAN>
  <MERC>680000</MERC>
  <SESS>aDTCB1426675692</SESS>
  <RULES_TRIGGERED>0</RULES_TRIGGERED>
  <COUNTERS_TRIGGERED>0</COUNTERS_TRIGGERED>
  <REASON_CODE></REASON_CODE>
  <MASTERCARD></MASTERCARD>
  <WARNING_COUNT>0</WARNING_COUNT>
</RESPONSE>

2015-03-18T11:04:49Z
RequestParameter:  billNo: pZ0s51426181351 | startTime:2015-03-18 11:04:49

2015-03-18T11:04:49Z
1

2015-03-18T11:04:50Z
ResponseParameter:  billNo: pZ0s51426181351 | endTime:2015-03-18 11:04:50

2015-03-18T11:04:50Z
<?xml version="1.0" encoding="UTF-8"?>
<RESPONSE>
  <VERS>0600</VERS>
  <MODE>U</MODE>
  <TRAN>3YKD0KW2CWMM</TRAN>
  <MERC>680000</MERC>
  <SESS>pZ0s51426181351</SESS>
  <RULES_TRIGGERED>0</RULES_TRIGGERED>
  <COUNTERS_TRIGGERED>0</COUNTERS_TRIGGERED>
  <REASON_CODE></REASON_CODE>
  <MASTERCARD></MASTERCARD>
  <WARNING_COUNT>0</WARNING_COUNT>
</RESPONSE>

2015-03-18T11:05:26Z
RequestParameter:  billNo: JG0yY1426181536 | startTime:2015-03-18 11:05:26

2015-03-18T11:05:26Z
1

2015-03-18T11:05:27Z
ResponseParameter:  billNo: JG0yY1426181536 | endTime:2015-03-18 11:05:27

2015-03-18T11:05:27Z
<?xml version="1.0" encoding="UTF-8"?>
<RESPONSE>
  <VERS>0600</VERS>
  <MODE>U</MODE>
  <TRAN>3YKD06KWGGZX</TRAN>
  <MERC>680000</MERC>
  <SESS>JG0yY1426181536</SESS>
  <RULES_TRIGGERED>0</RULES_TRIGGERED>
  <COUNTERS_TRIGGERED>0</COUNTERS_TRIGGERED>
  <REASON_CODE></REASON_CODE>
  <MASTERCARD></MASTERCARD>
  <WARNING_COUNT>0</WARNING_COUNT>
</RESPONSE>

2015-03-18T11:05:46Z
RequestParameter:  billNo: nBxb51426181692 | startTime:2015-03-18 11:05:46

2015-03-18T11:05:46Z
1

2015-03-18T11:05:48Z
ResponseParameter:  billNo: nBxb51426181692 | endTime:2015-03-18 11:05:48

2015-03-18T11:05:48Z
<?xml version="1.0" encoding="UTF-8"?>
<RESPONSE>
  <VERS>0600</VERS>
  <MODE>U</MODE>
  <TRAN>3YKD0TJV9Z53</TRAN>
  <MERC>680000</MERC>
  <SESS>nBxb51426181692</SESS>
  <RULES_TRIGGERED>0</RULES_TRIGGERED>
  <COUNTERS_TRIGGERED>0</COUNTERS_TRIGGERED>
  <REASON_CODE></REASON_CODE>
  <MASTERCARD></MASTERCARD>
  <WARNING_COUNT>0</WARNING_COUNT>
</RESPONSE>

2015-03-18T12:14:06Z
RequestParameter:  billNo: K9GMY1426680826 | startTime:2015-03-18 12:14:06

2015-03-18T12:14:06Z
1

2015-03-18T12:14:07Z
ResponseParameter:  billNo: K9GMY1426680826 | endTime:2015-03-18 12:14:07

2015-03-18T12:14:07Z
<?xml version="1.0" encoding="UTF-8"?>
<RESPONSE>
  <VERS>0600</VERS>
  <MODE>U</MODE>
  <TRAN>3YX40LLPP69C</TRAN>
  <MERC>680000</MERC>
  <SESS>K9GMY1426680826</SESS>
  <RULES_TRIGGERED>0</RULES_TRIGGERED>
  <COUNTERS_TRIGGERED>0</COUNTERS_TRIGGERED>
  <REASON_CODE></REASON_CODE>
  <MASTERCARD></MASTERCARD>
  <WARNING_COUNT>0</WARNING_COUNT>
</RESPONSE>

2015-03-18T12:14:41Z
RequestParameter:  billNo: SRf0d1426680872 | startTime:2015-03-18 12:14:41

2015-03-18T12:14:41Z
1

2015-03-18T12:14:42Z
ResponseParameter:  billNo: SRf0d1426680872 | endTime:2015-03-18 12:14:42

2015-03-18T12:14:42Z
<?xml version="1.0" encoding="UTF-8"?>
<RESPONSE>
  <VERS>0600</VERS>
  <MODE>U</MODE>
  <TRAN>3YX40QMT7X09</TRAN>
  <MERC>680000</MERC>
  <SESS>SRf0d1426680872</SESS>
  <RULES_TRIGGERED>0</RULES_TRIGGERED>
  <COUNTERS_TRIGGERED>0</COUNTERS_TRIGGERED>
  <REASON_CODE></REASON_CODE>
  <MASTERCARD></MASTERCARD>
  <WARNING_COUNT>0</WARNING_COUNT>
</RESPONSE>

2015-03-18T12:15:28Z
RequestParameter:  billNo: wZyDS1426680900 | startTime:2015-03-18 12:15:28

2015-03-18T12:15:28Z
1

2015-03-18T12:15:29Z
ResponseParameter:  billNo: wZyDS1426680900 | endTime:2015-03-18 12:15:29

2015-03-18T12:15:29Z
<?xml version="1.0" encoding="UTF-8"?>
<RESPONSE>
  <VERS>0600</VERS>
  <MODE>U</MODE>
  <TRAN>3YX40G29XTVV</TRAN>
  <MERC>680000</MERC>
  <SESS>wZyDS1426680900</SESS>
  <RULES_TRIGGERED>0</RULES_TRIGGERED>
  <COUNTERS_TRIGGERED>0</COUNTERS_TRIGGERED>
  <REASON_CODE></REASON_CODE>
  <MASTERCARD></MASTERCARD>
  <WARNING_COUNT>0</WARNING_COUNT>
</RESPONSE>

2015-03-18T13:51:32Z
RequestParameter:  billNo: pC8Ku1426686681 | startTime:2015-03-18 13:51:32

2015-03-18T13:51:32Z
1

2015-03-18T13:51:34Z
ResponseParameter:  billNo: pC8Ku1426686681 | endTime:2015-03-18 13:51:34

2015-03-18T13:51:34Z
<?xml version="1.0" encoding="UTF-8"?>
<RESPONSE>
  <VERS>0600</VERS>
  <MODE>U</MODE>
  <TRAN>3YX50WJHLGP2</TRAN>
  <MERC>680000</MERC>
  <SESS>pC8Ku1426686681</SESS>
  <RULES_TRIGGERED>0</RULES_TRIGGERED>
  <COUNTERS_TRIGGERED>0</COUNTERS_TRIGGERED>
  <REASON_CODE></REASON_CODE>
  <MASTERCARD></MASTERCARD>
  <WARNING_COUNT>0</WARNING_COUNT>
</RESPONSE>

2015-03-18T13:52:24Z
RequestParameter:  billNo: Pcmph1426686737 | startTime:2015-03-18 13:52:24

2015-03-18T13:52:24Z
1

2015-03-18T13:52:25Z
ResponseParameter:  billNo: Pcmph1426686737 | endTime:2015-03-18 13:52:25

2015-03-18T13:52:25Z
<?xml version="1.0" encoding="UTF-8"?>
<RESPONSE>
  <VERS>0600</VERS>
  <MODE>U</MODE>
  <TRAN>3YX50CGXMT1N</TRAN>
  <MERC>680000</MERC>
  <SESS>Pcmph1426686737</SESS>
  <RULES_TRIGGERED>0</RULES_TRIGGERED>
  <COUNTERS_TRIGGERED>0</COUNTERS_TRIGGERED>
  <REASON_CODE></REASON_CODE>
  <MASTERCARD></MASTERCARD>
  <WARNING_COUNT>0</WARNING_COUNT>
</RESPONSE>

2015-03-18T13:55:14Z
RequestParameter:  billNo: keuFO1426686867 | startTime:2015-03-18 13:55:14

2015-03-18T13:55:14Z
1

2015-03-18T13:55:16Z
ResponseParameter:  billNo: keuFO1426686867 | endTime:2015-03-18 13:55:16

2015-03-18T13:55:16Z
<?xml version="1.0" encoding="UTF-8"?>
<RESPONSE>
  <VERS>0600</VERS>
  <MODE>U</MODE>
  <TRAN>3YX50K37MR5L</TRAN>
  <MERC>680000</MERC>
  <SESS>keuFO1426686867</SESS>
  <RULES_TRIGGERED>0</RULES_TRIGGERED>
  <COUNTERS_TRIGGERED>0</COUNTERS_TRIGGERED>
  <REASON_CODE></REASON_CODE>
  <MASTERCARD></MASTERCARD>
  <WARNING_COUNT>0</WARNING_COUNT>
</RESPONSE>

2015-03-18T14:43:37Z
RequestParameter:  billNo: 8DGTh1426689803 | startTime:2015-03-18 14:43:37

2015-03-18T14:43:37Z
1

2015-03-18T14:43:38Z
ResponseParameter:  billNo: 8DGTh1426689803 | endTime:2015-03-18 14:43:38

2015-03-18T14:43:38Z
<?xml version="1.0" encoding="UTF-8"?>
<RESPONSE>
  <VERS>0600</VERS>
  <MODE>U</MODE>
  <TRAN>3YXS0291KLMK</TRAN>
  <MERC>680000</MERC>
  <SESS>8DGTh1426689803</SESS>
  <RULES_TRIGGERED>0</RULES_TRIGGERED>
  <COUNTERS_TRIGGERED>0</COUNTERS_TRIGGERED>
  <REASON_CODE></REASON_CODE>
  <MASTERCARD></MASTERCARD>
  <WARNING_COUNT>0</WARNING_COUNT>
</RESPONSE>

2015-03-18T14:43:57Z
RequestParameter:  billNo: PQmBu1426689831 | startTime:2015-03-18 14:43:57

2015-03-18T14:43:57Z
1

2015-03-18T14:43:58Z
ResponseParameter:  billNo: PQmBu1426689831 | endTime:2015-03-18 14:43:58

2015-03-18T14:43:58Z
<?xml version="1.0" encoding="UTF-8"?>
<RESPONSE>
  <VERS>0600</VERS>
  <MODE>U</MODE>
  <TRAN>3YXS017837Q1</TRAN>
  <MERC>680000</MERC>
  <SESS>PQmBu1426689831</SESS>
  <RULES_TRIGGERED>0</RULES_TRIGGERED>
  <COUNTERS_TRIGGERED>0</COUNTERS_TRIGGERED>
  <REASON_CODE></REASON_CODE>
  <MASTERCARD></MASTERCARD>
  <WARNING_COUNT>0</WARNING_COUNT>
</RESPONSE>

2015-03-18T14:56:09Z
RequestParameter:  billNo: fWUnd1426690559 | startTime:2015-03-18 14:56:09

2015-03-18T14:56:09Z
1

2015-03-18T14:56:11Z
ResponseParameter:  billNo: fWUnd1426690559 | endTime:2015-03-18 14:56:11

2015-03-18T14:56:11Z
<?xml version="1.0" encoding="UTF-8"?>
<RESPONSE>
  <VERS>0600</VERS>
  <MODE>U</MODE>
  <TRAN>3YXS01GWG013</TRAN>
  <MERC>680000</MERC>
  <SESS>fWUnd1426690559</SESS>
  <RULES_TRIGGERED>0</RULES_TRIGGERED>
  <COUNTERS_TRIGGERED>0</COUNTERS_TRIGGERED>
  <REASON_CODE></REASON_CODE>
  <MASTERCARD></MASTERCARD>
  <WARNING_COUNT>0</WARNING_COUNT>
</RESPONSE>

2015-03-18T14:56:36Z
RequestParameter:  billNo: bKSit1426690589 | startTime:2015-03-18 14:56:36

2015-03-18T14:56:36Z
1

2015-03-18T14:56:38Z
ResponseParameter:  billNo: bKSit1426690589 | endTime:2015-03-18 14:56:38

2015-03-18T14:56:38Z
<?xml version="1.0" encoding="UTF-8"?>
<RESPONSE>
  <VERS>0600</VERS>
  <MODE>U</MODE>
  <TRAN>3YXS0LXZMK9R</TRAN>
  <MERC>680000</MERC>
  <SESS>bKSit1426690589</SESS>
  <RULES_TRIGGERED>0</RULES_TRIGGERED>
  <COUNTERS_TRIGGERED>0</COUNTERS_TRIGGERED>
  <REASON_CODE></REASON_CODE>
  <MASTERCARD></MASTERCARD>
  <WARNING_COUNT>0</WARNING_COUNT>
</RESPONSE>

2015-03-18T15:36:47Z
RequestParameter:  billNo: E9JNp1426693001 | startTime:2015-03-18 15:36:47

2015-03-18T15:36:47Z
1

2015-03-18T15:37:07Z
RequestParameter:  billNo: 7HC2o1426693022 | startTime:2015-03-18 15:37:07

2015-03-18T15:37:07Z
1

2015-03-18T15:37:08Z
ResponseParameter:  billNo: 7HC2o1426693022 | endTime:2015-03-18 15:37:08

2015-03-18T15:37:08Z
<?xml version="1.0" encoding="UTF-8"?>
<RESPONSE>
  <VERS>0600</VERS>
  <MODE>U</MODE>
  <TRAN>3YXV0YKB30Y0</TRAN>
  <MERC>680000</MERC>
  <SESS>7HC2o1426693022</SESS>
  <RULES_TRIGGERED>0</RULES_TRIGGERED>
  <COUNTERS_TRIGGERED>0</COUNTERS_TRIGGERED>
  <REASON_CODE></REASON_CODE>
  <MASTERCARD></MASTERCARD>
  <WARNING_COUNT>0</WARNING_COUNT>
</RESPONSE>

2015-03-18T15:37:35Z
RequestParameter:  billNo: sJMbw1426693044 | startTime:2015-03-18 15:37:35

2015-03-18T15:37:35Z
1

2015-03-18T15:37:36Z
ResponseParameter:  billNo: sJMbw1426693044 | endTime:2015-03-18 15:37:36

2015-03-18T15:37:36Z
<?xml version="1.0" encoding="UTF-8"?>
<RESPONSE>
  <VERS>0600</VERS>
  <MODE>U</MODE>
  <TRAN>3YXV0CK66CP0</TRAN>
  <MERC>680000</MERC>
  <SESS>sJMbw1426693044</SESS>
  <RULES_TRIGGERED>0</RULES_TRIGGERED>
  <COUNTERS_TRIGGERED>0</COUNTERS_TRIGGERED>
  <REASON_CODE></REASON_CODE>
  <MASTERCARD></MASTERCARD>
  <WARNING_COUNT>0</WARNING_COUNT>
</RESPONSE>

2015-03-18T15:37:58Z
RequestParameter:  billNo: KfhDl1426693069 | startTime:2015-03-18 15:37:58

2015-03-18T15:37:58Z
1

2015-03-18T15:38:00Z
ResponseParameter:  billNo: KfhDl1426693069 | endTime:2015-03-18 15:38:00

2015-03-18T15:38:00Z
<?xml version="1.0" encoding="UTF-8"?>
<RESPONSE>
  <VERS>0600</VERS>
  <MODE>U</MODE>
  <TRAN>3YXV0RV4C35Z</TRAN>
  <MERC>680000</MERC>
  <SESS>KfhDl1426693069</SESS>
  <RULES_TRIGGERED>0</RULES_TRIGGERED>
  <COUNTERS_TRIGGERED>0</COUNTERS_TRIGGERED>
  <REASON_CODE></REASON_CODE>
  <MASTERCARD></MASTERCARD>
  <WARNING_COUNT>0</WARNING_COUNT>
</RESPONSE>

2015-03-18T16:32:14Z
RequestParameter:  billNo: bLGHr1426088148 | startTime:2015-03-18 16:32:14

2015-03-18T16:32:14Z
1

2015-03-18T16:32:15Z
ResponseParameter:  billNo: bLGHr1426088148 | endTime:2015-03-18 16:32:15

2015-03-18T16:32:15Z
<?xml version="1.0" encoding="UTF-8"?>
<RESPONSE>
  <VERS>0600</VERS>
  <MODE>U</MODE>
  <TRAN>3TDD014T8S9K</TRAN>
  <MERC>680000</MERC>
  <SESS>bLGHr1426088148</SESS>
  <RULES_TRIGGERED>0</RULES_TRIGGERED>
  <COUNTERS_TRIGGERED>0</COUNTERS_TRIGGERED>
  <REASON_CODE></REASON_CODE>
  <MASTERCARD></MASTERCARD>
  <WARNING_COUNT>0</WARNING_COUNT>
</RESPONSE>

2015-03-18T16:59:50Z
RequestParameter:  billNo: 19Utg1426697983 | startTime:2015-03-18 16:59:50

2015-03-18T16:59:50Z
1

2015-03-18T16:59:51Z
ResponseParameter:  billNo: 19Utg1426697983 | endTime:2015-03-18 16:59:51

2015-03-18T16:59:51Z
<?xml version="1.0" encoding="UTF-8"?>
<RESPONSE>
  <VERS>0600</VERS>
  <MODE>U</MODE>
  <TRAN>3YXW0VK362T9</TRAN>
  <MERC>680000</MERC>
  <SESS>19Utg1426697983</SESS>
  <RULES_TRIGGERED>0</RULES_TRIGGERED>
  <COUNTERS_TRIGGERED>0</COUNTERS_TRIGGERED>
  <REASON_CODE></REASON_CODE>
  <MASTERCARD></MASTERCARD>
  <WARNING_COUNT>0</WARNING_COUNT>
</RESPONSE>

2015-03-18T17:00:10Z
RequestParameter:  billNo: 8UqCn1426698002 | startTime:2015-03-18 17:00:10

2015-03-18T17:00:10Z
1

2015-03-18T17:00:11Z
ResponseParameter:  billNo: 8UqCn1426698002 | endTime:2015-03-18 17:00:11

2015-03-18T17:00:11Z
<?xml version="1.0" encoding="UTF-8"?>
<RESPONSE>
  <VERS>0600</VERS>
  <MODE>U</MODE>
  <TRAN>3YXT0Q7J8HX0</TRAN>
  <MERC>680000</MERC>
  <SESS>8UqCn1426698002</SESS>
  <RULES_TRIGGERED>0</RULES_TRIGGERED>
  <COUNTERS_TRIGGERED>0</COUNTERS_TRIGGERED>
  <REASON_CODE></REASON_CODE>
  <MASTERCARD></MASTERCARD>
  <WARNING_COUNT>0</WARNING_COUNT>
</RESPONSE>

2015-03-18T17:35:14Z
RequestParameter:  billNo: kQG3y1426700107 | startTime:2015-03-18 17:35:14

2015-03-18T17:35:14Z
1

2015-03-18T17:35:15Z
ResponseParameter:  billNo: kQG3y1426700107 | endTime:2015-03-18 17:35:15

2015-03-18T17:35:15Z
<?xml version="1.0" encoding="UTF-8"?>
<RESPONSE>
  <VERS>0600</VERS>
  <MODE>U</MODE>
  <TRAN>3YXT00X3QL83</TRAN>
  <MERC>680000</MERC>
  <SESS>kQG3y1426700107</SESS>
  <RULES_TRIGGERED>0</RULES_TRIGGERED>
  <COUNTERS_TRIGGERED>0</COUNTERS_TRIGGERED>
  <REASON_CODE></REASON_CODE>
  <MASTERCARD></MASTERCARD>
  <WARNING_COUNT>0</WARNING_COUNT>
</RESPONSE>

2015-03-18T17:35:41Z
RequestParameter:  billNo: 0ezBV1426700133 | startTime:2015-03-18 17:35:41

2015-03-18T17:35:41Z
1

2015-03-18T17:35:42Z
ResponseParameter:  billNo: 0ezBV1426700133 | endTime:2015-03-18 17:35:42

2015-03-18T17:35:42Z
<?xml version="1.0" encoding="UTF-8"?>
<RESPONSE>
  <VERS>0600</VERS>
  <MODE>U</MODE>
  <TRAN>3YXT04NKNH75</TRAN>
  <MERC>680000</MERC>
  <SESS>0ezBV1426700133</SESS>
  <RULES_TRIGGERED>0</RULES_TRIGGERED>
  <COUNTERS_TRIGGERED>0</COUNTERS_TRIGGERED>
  <REASON_CODE></REASON_CODE>
  <MASTERCARD></MASTERCARD>
  <WARNING_COUNT>0</WARNING_COUNT>
</RESPONSE>

2015-03-18T18:03:20Z
RequestParameter:  billNo: uYb9t1426701795 | startTime:2015-03-18 18:03:20

2015-03-18T18:03:20Z
1

2015-03-18T18:03:21Z
ResponseParameter:  billNo: uYb9t1426701795 | endTime:2015-03-18 18:03:21

2015-03-18T18:03:21Z
<?xml version="1.0" encoding="UTF-8"?>
<RESPONSE>
  <VERS>0600</VERS>
  <MODE>U</MODE>
  <TRAN>3YXY0TWDKC70</TRAN>
  <MERC>680000</MERC>
  <SESS>uYb9t1426701795</SESS>
  <RULES_TRIGGERED>0</RULES_TRIGGERED>
  <COUNTERS_TRIGGERED>0</COUNTERS_TRIGGERED>
  <REASON_CODE></REASON_CODE>
  <MASTERCARD></MASTERCARD>
  <WARNING_COUNT>0</WARNING_COUNT>
</RESPONSE>

2015-03-18T18:03:52Z
RequestParameter:  billNo: xj9Wb1426701825 | startTime:2015-03-18 18:03:52

2015-03-18T18:03:52Z
1

2015-03-18T18:03:53Z
ResponseParameter:  billNo: xj9Wb1426701825 | endTime:2015-03-18 18:03:53

2015-03-18T18:03:53Z
<?xml version="1.0" encoding="UTF-8"?>
<RESPONSE>
  <VERS>0600</VERS>
  <MODE>U</MODE>
  <TRAN>3YXY0RW1VHLC</TRAN>
  <MERC>680000</MERC>
  <SESS>xj9Wb1426701825</SESS>
  <RULES_TRIGGERED>0</RULES_TRIGGERED>
  <COUNTERS_TRIGGERED>0</COUNTERS_TRIGGERED>
  <REASON_CODE></REASON_CODE>
  <MASTERCARD></MASTERCARD>
  <WARNING_COUNT>0</WARNING_COUNT>
</RESPONSE>

2015-03-18T18:04:18Z
RequestParameter:  billNo: kF5dY1426701853 | startTime:2015-03-18 18:04:18

2015-03-18T18:04:18Z
1

2015-03-18T18:04:19Z
ResponseParameter:  billNo: kF5dY1426701853 | endTime:2015-03-18 18:04:19

2015-03-18T18:04:19Z
<?xml version="1.0" encoding="UTF-8"?>
<RESPONSE>
  <VERS>0600</VERS>
  <MODE>U</MODE>
  <TRAN>3YXY010QHLXK</TRAN>
  <MERC>680000</MERC>
  <SESS>kF5dY1426701853</SESS>
  <RULES_TRIGGERED>0</RULES_TRIGGERED>
  <COUNTERS_TRIGGERED>0</COUNTERS_TRIGGERED>
  <REASON_CODE></REASON_CODE>
  <MASTERCARD></MASTERCARD>
  <WARNING_COUNT>0</WARNING_COUNT>
</RESPONSE>

2015-03-18T18:08:04Z
RequestParameter:  billNo: rYvqA1426702078 | startTime:2015-03-18 18:08:04

2015-03-18T18:08:04Z
1

2015-03-18T18:08:05Z
ResponseParameter:  billNo: rYvqA1426702078 | endTime:2015-03-18 18:08:05

2015-03-18T18:08:05Z
<?xml version="1.0" encoding="UTF-8"?>
<RESPONSE>
  <VERS>0600</VERS>
  <MODE>U</MODE>
  <TRAN>3YXY05S3XWK3</TRAN>
  <MERC>680000</MERC>
  <SESS>rYvqA1426702078</SESS>
  <RULES_TRIGGERED>0</RULES_TRIGGERED>
  <COUNTERS_TRIGGERED>0</COUNTERS_TRIGGERED>
  <REASON_CODE></REASON_CODE>
  <MASTERCARD></MASTERCARD>
  <WARNING_COUNT>0</WARNING_COUNT>
</RESPONSE>

2015-03-18T18:08:24Z
RequestParameter:  billNo: zQ1Ky1426702099 | startTime:2015-03-18 18:08:24

2015-03-18T18:08:24Z
1

2015-03-18T18:08:25Z
ResponseParameter:  billNo: zQ1Ky1426702099 | endTime:2015-03-18 18:08:25

2015-03-18T18:08:25Z
<?xml version="1.0" encoding="UTF-8"?>
<RESPONSE>
  <VERS>0600</VERS>
  <MODE>U</MODE>
  <TRAN>3YXY0PQ72CVZ</TRAN>
  <MERC>680000</MERC>
  <SESS>zQ1Ky1426702099</SESS>
  <RULES_TRIGGERED>0</RULES_TRIGGERED>
  <COUNTERS_TRIGGERED>0</COUNTERS_TRIGGERED>
  <REASON_CODE></REASON_CODE>
  <MASTERCARD></MASTERCARD>
  <WARNING_COUNT>0</WARNING_COUNT>
</RESPONSE>

