2015-05-31T08:39:51Z
RequestParameter:  billNo: 2a8cd8401f84453ba6fa022a71d2783f | startTime:2015-05-31 08:39:51

2015-05-31T08:39:51Z
https://www.pesopay.com/b2c2/eng/directPay/payComp.jsp?payType=N&merchantId=18139954&pMethod=VISA&lang=E&cardHolder=nadine%20ollichon&cardNo=4************886&securityCode=***&epMonth=09&epYear=2017&amount=500&currCode=978&orderRef=2a8cd8401f84453ba6fa022a71d2783f&remark=

2015-05-31T08:39:56Z
ResponseParameter:  billNo: 2a8cd8401f84453ba6fa022a71d2783f | endTime:2015-05-31 08:39:56

2015-05-31T08:39:56Z
successcode=0&Ref=2a8cd8401f84453ba6fa022a71d2783f&PayRef=7117296&Amt=500.0&Cur=978&prc=0&src=0&Ord=515118463906&Holder=nadine ollichon&AuthId=785485&TxTime=2015-05-31 16:40:11.0&errMsg=Transaction completed







2015-05-31T08:42:58Z
RequestParameter:  billNo: fd9447cc77ad4d53ac2b87122fca6a00 | startTime:2015-05-31 08:42:58

2015-05-31T08:42:58Z
https://www.pesopay.com/b2c2/eng/directPay/payComp.jsp?payType=N&merchantId=18139954&pMethod=VISA&lang=E&cardHolder=nadine%20ollichon&cardNo=4************886&securityCode=***&epMonth=09&epYear=2017&amount=500&currCode=978&orderRef=fd9447cc77ad4d53ac2b87122fca6a00&remark=

2015-05-31T08:43:02Z
ResponseParameter:  billNo: fd9447cc77ad4d53ac2b87122fca6a00 | endTime:2015-05-31 08:43:02

2015-05-31T08:43:02Z
successcode=0&Ref=fd9447cc77ad4d53ac2b87122fca6a00&PayRef=7117311&Amt=500.0&Cur=978&prc=0&src=0&Ord=515118463923&Holder=nadine ollichon&AuthId=874941&TxTime=2015-05-31 16:43:17.0&errMsg=Transaction completed







2015-05-31T09:02:09Z
RequestParameter:  billNo: 1433062855-69415 | startTime:2015-05-31 09:02:09

2015-05-31T09:02:09Z
https://www.pesopay.com/b2c2/eng/directPay/payComp.jsp?payType=N&merchantId=18139954&pMethod=Master&lang=E&cardHolder=Johnny%20PONT&cardNo=5************800&securityCode=***&epMonth=09&epYear=2017&amount=500&currCode=978&orderRef=1433062855-69415&remark=

2015-05-31T09:02:14Z
ResponseParameter:  billNo: 1433062855-69415 | endTime:2015-05-31 09:02:14

2015-05-31T09:02:14Z
successcode=1&Ref=1433062855-69415&PayRef=7117410&Amt=500.0&Cur=978&prc=1&src=205&Ord=515119464031&Holder=Johnny PONT&AuthId=&TxTime=2015-05-31 17:02:30.0&errMsg=Transaction failed







2015-05-31T09:03:46Z
RequestParameter:  billNo: 1433062954-69415 | startTime:2015-05-31 09:03:46

2015-05-31T09:03:46Z
https://www.pesopay.com/b2c2/eng/directPay/payComp.jsp?payType=N&merchantId=18139954&pMethod=Master&lang=E&cardHolder=Johnny%20PONT&cardNo=5************800&securityCode=***&epMonth=09&epYear=2017&amount=500&currCode=978&orderRef=1433062954-69415&remark=

2015-05-31T09:03:49Z
ResponseParameter:  billNo: 1433062954-69415 | endTime:2015-05-31 09:03:49

2015-05-31T09:03:49Z
successcode=1&Ref=1433062954-69415&PayRef=7117420&Amt=500.0&Cur=978&prc=1&src=205&Ord=515119464042&Holder=Johnny PONT&AuthId=&TxTime=2015-05-31 17:04:05.0&errMsg=Transaction failed







2015-05-31T09:03:55Z
RequestParameter:  billNo: b6d5236e935d44e5b8a8e90d185a7629 | startTime:2015-05-31 09:03:55

2015-05-31T09:03:55Z
https://www.pesopay.com/b2c2/eng/directPay/payComp.jsp?payType=N&merchantId=18139954&pMethod=VISA&lang=E&cardHolder=gerard%20peuch&cardNo=4************069&securityCode=***&epMonth=09&epYear=2017&amount=500&currCode=978&orderRef=b6d5236e935d44e5b8a8e90d185a7629&remark=

2015-05-31T09:03:58Z
ResponseParameter:  billNo: b6d5236e935d44e5b8a8e90d185a7629 | endTime:2015-05-31 09:03:58

2015-05-31T09:03:58Z
successcode=1&Ref=b6d5236e935d44e5b8a8e90d185a7629&PayRef=7117421&Amt=500.0&Cur=978&prc=1&src=205&Ord=515119464044&Holder=gerard peuch&AuthId=&TxTime=2015-05-31 17:04:14.0&errMsg=Transaction failed







2015-05-31T09:05:25Z
RequestParameter:  billNo: 1433063075-69415 | startTime:2015-05-31 09:05:25

2015-05-31T09:05:25Z
https://www.pesopay.com/b2c2/eng/directPay/payComp.jsp?payType=N&merchantId=18139954&pMethod=Master&lang=E&cardHolder=Johnny%20PONT&cardNo=5************800&securityCode=***&epMonth=09&epYear=2017&amount=500&currCode=978&orderRef=1433063075-69415&remark=

2015-05-31T09:05:28Z
ResponseParameter:  billNo: 1433063075-69415 | endTime:2015-05-31 09:05:28

2015-05-31T09:05:28Z
successcode=1&Ref=1433063075-69415&PayRef=7117435&Amt=500.0&Cur=978&prc=1&src=205&Ord=515119464053&Holder=Johnny PONT&AuthId=&TxTime=2015-05-31 17:05:45.0&errMsg=Transaction failed







2015-05-31T14:17:52Z
RequestParameter:  billNo: 1DFYr1433081871 | startTime:2015-05-31 14:17:52

2015-05-31T14:17:52Z
https://www.pesopay.com/b2c2/eng/directPay/payComp.jsp?payType=N&merchantId=18139939&pMethod=VISA&lang=E&cardHolder=moustatia%20aicha&cardNo=4************642&securityCode=***&epMonth=04&epYear=2017&amount=250&currCode=840&orderRef=1DFYr1433081871&remark=BT%20

2015-05-31T14:17:59Z
ResponseParameter:  billNo: 1DFYr1433081871 | endTime:2015-05-31 14:17:59

2015-05-31T14:17:59Z
successcode=1&Ref=1DFYr1433081871&PayRef=7118648&Amt=250.0&Cur=840&prc=1&src=257&Ord=515200465771&Holder=moustatia aicha&AuthId=&TxTime=2015-05-31 22:18:13.0&errMsg=Transaction failed







2015-05-31T14:26:34Z
RequestParameter:  billNo: 1433082287-15126 | startTime:2015-05-31 14:26:34

2015-05-31T14:26:34Z
https://www.pesopay.com/b2c2/eng/directPay/payComp.jsp?payType=N&merchantId=18139954&pMethod=VISA&lang=E&cardHolder=Andre%20Reynaud&cardNo=4************260&securityCode=***&epMonth=04&epYear=2018&amount=400&currCode=978&orderRef=1433082287-15126&remark=

2015-05-31T14:26:37Z
ResponseParameter:  billNo: 1433082287-15126 | endTime:2015-05-31 14:26:37

2015-05-31T14:26:37Z
successcode=0&Ref=1433082287-15126&PayRef=7118662&Amt=400.0&Cur=978&prc=0&src=0&Ord=515200465819&Holder=Andre Reynaud&AuthId=657116&TxTime=2015-05-31 22:26:54.0&errMsg=Transaction completed







2015-05-31T15:13:45Z
RequestParameter:  billNo: OFl621433085223 | startTime:2015-05-31 15:13:45

2015-05-31T15:13:45Z
https://www.pesopay.com/b2c2/eng/directPay/payComp.jsp?payType=N&merchantId=18139939&pMethod=VISA&lang=E&cardHolder=Thomas%20Alexander&cardNo=4************656&securityCode=***&epMonth=06&epYear=2019&amount=500&currCode=840&orderRef=OFl621433085223&remark=BT

2015-05-31T15:13:49Z
ResponseParameter:  billNo: OFl621433085223 | endTime:2015-05-31 15:13:49

2015-05-31T15:13:49Z
successcode=1&Ref=OFl621433085223&PayRef=7118771&Amt=500.0&Cur=840&prc=1&src=205&Ord=515201466096&Holder=Thomas Alexander&AuthId=&TxTime=2015-05-31 23:14:06.0&errMsg=Transaction failed







2015-05-31T16:03:03Z
RequestParameter:  billNo: 5IOGd1433088181 | startTime:2015-05-31 16:03:03

2015-05-31T16:03:03Z
https://www.pesopay.com/b2c2/eng/directPay/payComp.jsp?payType=N&merchantId=18139939&pMethod=Master&lang=E&cardHolder=A%20L%20House&cardNo=5************689&securityCode=***&epMonth=04&epYear=2019&amount=500&currCode=840&orderRef=5IOGd1433088181&remark=BT

2015-05-31T16:03:09Z
ResponseParameter:  billNo: 5IOGd1433088181 | endTime:2015-05-31 16:03:09

2015-05-31T16:03:09Z
successcode=0&Ref=5IOGd1433088181&PayRef=7118872&Amt=500.0&Cur=840&prc=0&src=0&Ord=515202466290&Holder=A L House&AuthId=09777P&TxTime=2015-06-01 00:03:23.0&errMsg=Transaction completed







2015-05-31T19:56:07Z
RequestParameter:  billNo: ANvsp1433102165 | startTime:2015-05-31 19:56:07

2015-05-31T19:56:07Z
https://www.pesopay.com/b2c2/eng/directPay/payComp.jsp?payType=N&merchantId=18139939&pMethod=VISA&lang=E&cardHolder=Don%20Newbern&cardNo=4************327&securityCode=***&epMonth=06&epYear=2017&amount=500&currCode=840&orderRef=ANvsp1433102165&remark=BT

2015-05-31T19:56:10Z
ResponseParameter:  billNo: ANvsp1433102165 | endTime:2015-05-31 19:56:10

2015-05-31T19:56:10Z
successcode=1&Ref=ANvsp1433102165&PayRef=7119419&Amt=500.0&Cur=840&prc=1&src=205&Ord=515205466853&Holder=Don Newbern&AuthId=&TxTime=2015-06-01 03:56:27.0&errMsg=Transaction failed







2015-05-31T20:29:30Z
RequestParameter:  billNo: gx7Mn1433104168 | startTime:2015-05-31 20:29:30

2015-05-31T20:29:30Z
https://www.pesopay.com/b2c2/eng/directPay/payComp.jsp?payType=N&merchantId=18139939&pMethod=Master&lang=E&cardHolder=Kristine%20Waite%20Judge&cardNo=5************308&securityCode=***&epMonth=07&epYear=2017&amount=500&currCode=840&orderRef=gx7Mn1433104168&remark=BT

2015-05-31T20:29:35Z
ResponseParameter:  billNo: gx7Mn1433104168 | endTime:2015-05-31 20:29:35

2015-05-31T20:29:35Z
successcode=0&Ref=gx7Mn1433104168&PayRef=7119477&Amt=500.0&Cur=840&prc=0&src=0&Ord=515206466916&Holder=Kristine Waite Judge&AuthId=08632Z&TxTime=2015-06-01 04:29:51.0&errMsg=Transaction completed







2015-05-31T22:08:19Z
RequestParameter:  billNo: 1433110013-29706 | startTime:2015-05-31 22:08:19

2015-05-31T22:08:19Z
https://www.pesopay.com/b2c2/eng/directPay/payComp.jsp?payType=N&merchantId=18139954&pMethod=Master&lang=E&cardHolder=boivin%20hacen&cardNo=5************984&securityCode=***&epMonth=09&epYear=2017&amount=100&currCode=978&orderRef=1433110013-29706&remark=

2015-05-31T22:08:27Z
ResponseParameter:  billNo: 1433110013-29706 | endTime:2015-05-31 22:08:27

2015-05-31T22:08:27Z
successcode=0&Ref=1433110013-29706&PayRef=7119770&Amt=100.0&Cur=978&prc=0&src=0&Ord=515208467208&Holder=boivin hacen&AuthId=625313&TxTime=2015-06-01 06:08:40.0&errMsg=Transaction completed







