2015-09-11T08:26:58Z
RequestParameter:  billNo: caa6b9c0d88c4f348e15df2590623012 | startTime:2015-09-11 08:26:58

2015-09-11T08:26:58Z
Array
(
    [MODE] => Q
    [FRMT] => XML
    [VERS] => 0630
    [MERC] => 680000
    [UDF[CUSTOMER_IPAD]] => 31.168.171.166
    [SESS] => ef62248c01d64e768240d9822525e81d
    [ORDR] => caa6b9c0d88c4f348e15df2590623012
    [CURR] => USD
    [PENC] => KHASH
    [PTYP] => CARD
    [PTOK] => 440257HTPJQ5LUI4RW6T
    [IPAD] => 31.168.171.166
    [MACK] => Y
    [AUTH] => A
    [PROD_DESC[0]] => Binary Trade
    [PROD_TYPE[0]] => Binary Trade
    [PROD_ITEM[0]] => SKU-HBR-BinaryTrade
    [PROD_QUANT[0]] => 1
    [PROD_PRICE[0]] => 95000
    [TOTL] => 95000
    [SITE] => VERT001
    [UDF[MERCHANT_ID]] => 20001MERHIBRO
    [NAME] => Yerbol Turlybek
    [B2A1] => almata
    [B2CC] => KZ
    [B2CI] => almata
    [B2PC] => 23453
    [B2PN] => +77074747437--77477150392
    [B2ST] => KZ
    [S2A1] => 
    [S2CC] => 
    [S2CI] => 
    [S2EM] => 
    [S2NM] =>  
    [S2PC] => 
    [S2PN] => 
    [S2ST] => 
    [SHTP] => 
    [CASH] => 950
    [DOB] => 2001-01-01
    [GENDER] => M
    [EMAL] => eturlybek@mail.ru
)


2015-09-11T08:26:59Z
ResponseParameter:  billNo: caa6b9c0d88c4f348e15df2590623012 | endTime:2015-09-11 08:26:59

2015-09-11T08:26:59Z
<?xml version="1.0" encoding="UTF-8"?>
<RESPONSE>
  <VERS>0630</VERS>
  <MODE>Q</MODE>
  <TRAN>36TY0K2W0N7V</TRAN>
  <MERC>680000</MERC>
  <SESS>ef62248c01d64e768240d9822525e81d</SESS>
  <ORDR>caa6b9c0d88c4f348e15df2590623012</ORDR>
  <AUTO>A</AUTO>
  <SCOR>31</SCOR>
  <GEOX>IL</GEOX>
  <BRND>VISA</BRND>
  <REGN>IL_02</REGN>
  <NETW>N</NETW>
  <KAPT>Y</KAPT>
  <CARDS>1</CARDS>
  <DEVICES>1</DEVICES>
  <EMAILS>1</EMAILS>
  <VELO>0</VELO>
  <VMAX>0</VMAX>
  <SITE>VERT001</SITE>
  <DEVICE_LAYERS>1E46F64B89.E3BBD99AA6.B2DB8D0F13.9A7B656354.D040D9FFD2</DEVICE_LAYERS>
  <FINGERPRINT>1E295429E5897712646C31C3E7EE00B2</FINGERPRINT>
  <TIMEZONE>1260</TIMEZONE>
  <LOCALTIME>2015-09-11 11:27</LOCALTIME>
  <REGION>IL_02</REGION>
  <COUNTRY>IL</COUNTRY>
  <PROXY>N</PROXY>
  <JAVASCRIPT>Y</JAVASCRIPT>
  <FLASH>Y</FLASH>
  <COOKIES>Y</COOKIES>
  <HTTP_COUNTRY>RU</HTTP_COUNTRY>
  <LANGUAGE>RU</LANGUAGE>
  <MOBILE_DEVICE>N</MOBILE_DEVICE>
  <MOBILE_TYPE></MOBILE_TYPE>
  <MOBILE_FORWARDER>N</MOBILE_FORWARDER>
  <VOICE_DEVICE>N</VOICE_DEVICE>
  <PC_REMOTE>N</PC_REMOTE>
  <RULES_TRIGGERED>3</RULES_TRIGGERED>
  <RULE_ID_0>330718</RULE_ID_0>
  <RULE_DESCRIPTION_0>GEO Billing &lt;&gt; Device Country (1pt)</RULE_DESCRIPTION_0>
  <RULE_ID_1>330722</RULE_ID_1>
  <RULE_DESCRIPTION_1>GEO BIN and Device Country not equal (1pt)</RULE_DESCRIPTION_1>
  <RULE_ID_2>330730</RULE_ID_2>
  <RULE_DESCRIPTION_2>FRAUD_SCRD GEO Counter Triggered (5pts)</RULE_DESCRIPTION_2>
  <COUNTERS_TRIGGERED>2</COUNTERS_TRIGGERED>
  <COUNTER_NAME_0>GEO</COUNTER_NAME_0>
  <COUNTER_VALUE_0>2</COUNTER_VALUE_0>
  <COUNTER_NAME_1>FRAUD_SCRD</COUNTER_NAME_1>
  <COUNTER_VALUE_1>5</COUNTER_VALUE_1>
  <REASON_CODE></REASON_CODE>
  <MASTERCARD></MASTERCARD>
  <DDFS>2015-07-07</DDFS>
  <DSR>768x1366</DSR>
  <UAS>Mozilla/5.0 (Windows NT 6.1) AppleWebKit/537.36 (KHTML, like Gecko) Chrome/44.0.2403.157 Safari/537.36</UAS>
  <BROWSER>Chrome 44.0.2403.157</BROWSER>
  <OS>Windows 7</OS>
  <PIP_IPAD></PIP_IPAD>
  <PIP_LAT></PIP_LAT>
  <PIP_LON></PIP_LON>
  <PIP_COUNTRY></PIP_COUNTRY>
  <PIP_REGION></PIP_REGION>
  <PIP_CITY></PIP_CITY>
  <PIP_ORG></PIP_ORG>
  <IP_IPAD>31.168.171.166</IP_IPAD>
  <IP_LAT>32.3329</IP_LAT>
  <IP_LON>34.8599</IP_LON>
  <IP_COUNTRY>IL</IP_COUNTRY>
  <IP_REGION>HaMerkaz</IP_REGION>
  <IP_CITY>Netanya</IP_CITY>
  <IP_ORG>BEZEQ INTERNATIONAL</IP_ORG>
  <WARNING_COUNT>0</WARNING_COUNT>
</RESPONSE>

2015-09-11T08:28:47Z
RequestParameter:  billNo: c40fc84f3c6c4d63aa295f9f13b9cf5d | startTime:2015-09-11 08:28:47

2015-09-11T08:28:47Z
Array
(
    [MODE] => Q
    [FRMT] => XML
    [VERS] => 0630
    [MERC] => 680000
    [UDF[CUSTOMER_IPAD]] => 31.168.171.166
    [SESS] => 14aa617ff4b547df92aeb47fd7ed1d41
    [ORDR] => c40fc84f3c6c4d63aa295f9f13b9cf5d
    [CURR] => USD
    [PENC] => KHASH
    [PTYP] => CARD
    [PTOK] => 440257HTPJQ5LUI4RW6T
    [IPAD] => 31.168.171.166
    [MACK] => Y
    [AUTH] => A
    [PROD_DESC[0]] => Binary Trade
    [PROD_TYPE[0]] => Binary Trade
    [PROD_ITEM[0]] => SKU-HBR-BinaryTrade
    [PROD_QUANT[0]] => 1
    [PROD_PRICE[0]] => 10000
    [TOTL] => 10000
    [SITE] => VERT001
    [UDF[MERCHANT_ID]] => 20001MERHIBRO
    [NAME] => Yerbol Turlybek
    [B2A1] => almata
    [B2CC] => KZ
    [B2CI] => almata
    [B2PC] => 23453
    [B2PN] => +77074747437--77477150392
    [B2ST] => KZ
    [S2A1] => 
    [S2CC] => 
    [S2CI] => 
    [S2EM] => 
    [S2NM] =>  
    [S2PC] => 
    [S2PN] => 
    [S2ST] => 
    [SHTP] => 
    [CASH] => 100
    [DOB] => 2001-01-01
    [GENDER] => M
    [EMAL] => eturlybek@mail.ru
)


2015-09-11T08:28:48Z
ResponseParameter:  billNo: c40fc84f3c6c4d63aa295f9f13b9cf5d | endTime:2015-09-11 08:28:48

2015-09-11T08:28:48Z
<?xml version="1.0" encoding="UTF-8"?>
<RESPONSE>
  <VERS>0630</VERS>
  <MODE>Q</MODE>
  <TRAN>36TY0V0M9TDH</TRAN>
  <MERC>680000</MERC>
  <SESS>14aa617ff4b547df92aeb47fd7ed1d41</SESS>
  <ORDR>c40fc84f3c6c4d63aa295f9f13b9cf5d</ORDR>
  <AUTO>A</AUTO>
  <SCOR>31</SCOR>
  <GEOX>IL</GEOX>
  <BRND>VISA</BRND>
  <REGN>IL_02</REGN>
  <NETW>N</NETW>
  <KAPT>Y</KAPT>
  <CARDS>1</CARDS>
  <DEVICES>1</DEVICES>
  <EMAILS>1</EMAILS>
  <VELO>0</VELO>
  <VMAX>0</VMAX>
  <SITE>VERT001</SITE>
  <DEVICE_LAYERS>1E46F64B89.E3BBD99AA6.B2DB8D0F13.9A7B656354.D040D9FFD2</DEVICE_LAYERS>
  <FINGERPRINT>1E295429E5897712646C31C3E7EE00B2</FINGERPRINT>
  <TIMEZONE>1260</TIMEZONE>
  <LOCALTIME>2015-09-11 11:28</LOCALTIME>
  <REGION>IL_02</REGION>
  <COUNTRY>IL</COUNTRY>
  <PROXY>N</PROXY>
  <JAVASCRIPT>Y</JAVASCRIPT>
  <FLASH>Y</FLASH>
  <COOKIES>Y</COOKIES>
  <HTTP_COUNTRY>RU</HTTP_COUNTRY>
  <LANGUAGE>RU</LANGUAGE>
  <MOBILE_DEVICE>N</MOBILE_DEVICE>
  <MOBILE_TYPE></MOBILE_TYPE>
  <MOBILE_FORWARDER>N</MOBILE_FORWARDER>
  <VOICE_DEVICE>N</VOICE_DEVICE>
  <PC_REMOTE>N</PC_REMOTE>
  <RULES_TRIGGERED>3</RULES_TRIGGERED>
  <RULE_ID_0>330718</RULE_ID_0>
  <RULE_DESCRIPTION_0>GEO Billing &lt;&gt; Device Country (1pt)</RULE_DESCRIPTION_0>
  <RULE_ID_1>330722</RULE_ID_1>
  <RULE_DESCRIPTION_1>GEO BIN and Device Country not equal (1pt)</RULE_DESCRIPTION_1>
  <RULE_ID_2>330730</RULE_ID_2>
  <RULE_DESCRIPTION_2>FRAUD_SCRD GEO Counter Triggered (5pts)</RULE_DESCRIPTION_2>
  <COUNTERS_TRIGGERED>2</COUNTERS_TRIGGERED>
  <COUNTER_NAME_0>GEO</COUNTER_NAME_0>
  <COUNTER_VALUE_0>2</COUNTER_VALUE_0>
  <COUNTER_NAME_1>FRAUD_SCRD</COUNTER_NAME_1>
  <COUNTER_VALUE_1>5</COUNTER_VALUE_1>
  <REASON_CODE></REASON_CODE>
  <MASTERCARD></MASTERCARD>
  <DDFS>2015-07-07</DDFS>
  <DSR>768x1366</DSR>
  <UAS>Mozilla/5.0 (Windows NT 6.1) AppleWebKit/537.36 (KHTML, like Gecko) Chrome/44.0.2403.157 Safari/537.36</UAS>
  <BROWSER>Chrome 44.0.2403.157</BROWSER>
  <OS>Windows 7</OS>
  <PIP_IPAD></PIP_IPAD>
  <PIP_LAT></PIP_LAT>
  <PIP_LON></PIP_LON>
  <PIP_COUNTRY></PIP_COUNTRY>
  <PIP_REGION></PIP_REGION>
  <PIP_CITY></PIP_CITY>
  <PIP_ORG></PIP_ORG>
  <IP_IPAD>31.168.171.166</IP_IPAD>
  <IP_LAT>32.3329</IP_LAT>
  <IP_LON>34.8599</IP_LON>
  <IP_COUNTRY>IL</IP_COUNTRY>
  <IP_REGION>HaMerkaz</IP_REGION>
  <IP_CITY>Netanya</IP_CITY>
  <IP_ORG>BEZEQ INTERNATIONAL</IP_ORG>
  <WARNING_COUNT>0</WARNING_COUNT>
</RESPONSE>

2015-09-11T08:43:41Z
RequestParameter:  billNo: ae6711ad178342be84e4541d44f7d6cf | startTime:2015-09-11 08:43:41

2015-09-11T08:43:41Z
Array
(
    [MODE] => Q
    [FRMT] => XML
    [VERS] => 0630
    [MERC] => 680000
    [UDF[CUSTOMER_IPAD]] => 31.168.171.166
    [SESS] => c165be75bce54bb48b819c8cd833f0fc
    [ORDR] => ae6711ad178342be84e4541d44f7d6cf
    [CURR] => USD
    [PENC] => KHASH
    [PTYP] => CARD
    [PTOK] => 440257HTPJQ5LUI4RW6T
    [IPAD] => 31.168.171.166
    [MACK] => Y
    [AUTH] => A
    [PROD_DESC[0]] => Binary Trade
    [PROD_TYPE[0]] => Binary Trade
    [PROD_ITEM[0]] => SKU-HBR-BinaryTrade
    [PROD_QUANT[0]] => 1
    [PROD_PRICE[0]] => 10000
    [TOTL] => 10000
    [SITE] => VERT001
    [UDF[MERCHANT_ID]] => 20001MERHIBRO
    [NAME] => Yerbol Turlybek
    [B2A1] => almata
    [B2CC] => KZ
    [B2CI] => almata
    [B2PC] => 23453
    [B2PN] => +77074747437--77477150392
    [B2ST] => KZ
    [S2A1] => 
    [S2CC] => 
    [S2CI] => 
    [S2EM] => 
    [S2NM] =>  
    [S2PC] => 
    [S2PN] => 
    [S2ST] => 
    [SHTP] => 
    [CASH] => 100
    [DOB] => 2001-01-01
    [GENDER] => M
    [EMAL] => eturlybek@mail.ru
)


2015-09-11T08:43:43Z
ResponseParameter:  billNo: ae6711ad178342be84e4541d44f7d6cf | endTime:2015-09-11 08:43:43

2015-09-11T08:43:43Z
<?xml version="1.0" encoding="UTF-8"?>
<RESPONSE>
  <VERS>0630</VERS>
  <MODE>Q</MODE>
  <TRAN>36TY0PCC8QNL</TRAN>
  <MERC>680000</MERC>
  <SESS>c165be75bce54bb48b819c8cd833f0fc</SESS>
  <ORDR>ae6711ad178342be84e4541d44f7d6cf</ORDR>
  <AUTO>A</AUTO>
  <SCOR>31</SCOR>
  <GEOX>IL</GEOX>
  <BRND>VISA</BRND>
  <REGN>IL_02</REGN>
  <NETW>N</NETW>
  <KAPT>Y</KAPT>
  <CARDS>1</CARDS>
  <DEVICES>1</DEVICES>
  <EMAILS>1</EMAILS>
  <VELO>0</VELO>
  <VMAX>0</VMAX>
  <SITE>VERT001</SITE>
  <DEVICE_LAYERS>1E46F64B89.E3BBD99AA6.B2DB8D0F13.9A7B656354.D040D9FFD2</DEVICE_LAYERS>
  <FINGERPRINT>1E295429E5897712646C31C3E7EE00B2</FINGERPRINT>
  <TIMEZONE>1260</TIMEZONE>
  <LOCALTIME>2015-09-11 11:43</LOCALTIME>
  <REGION>IL_02</REGION>
  <COUNTRY>IL</COUNTRY>
  <PROXY>N</PROXY>
  <JAVASCRIPT>Y</JAVASCRIPT>
  <FLASH>Y</FLASH>
  <COOKIES>Y</COOKIES>
  <HTTP_COUNTRY>RU</HTTP_COUNTRY>
  <LANGUAGE>RU</LANGUAGE>
  <MOBILE_DEVICE>N</MOBILE_DEVICE>
  <MOBILE_TYPE></MOBILE_TYPE>
  <MOBILE_FORWARDER>N</MOBILE_FORWARDER>
  <VOICE_DEVICE>N</VOICE_DEVICE>
  <PC_REMOTE>N</PC_REMOTE>
  <RULES_TRIGGERED>3</RULES_TRIGGERED>
  <RULE_ID_0>330718</RULE_ID_0>
  <RULE_DESCRIPTION_0>GEO Billing &lt;&gt; Device Country (1pt)</RULE_DESCRIPTION_0>
  <RULE_ID_1>330722</RULE_ID_1>
  <RULE_DESCRIPTION_1>GEO BIN and Device Country not equal (1pt)</RULE_DESCRIPTION_1>
  <RULE_ID_2>330730</RULE_ID_2>
  <RULE_DESCRIPTION_2>FRAUD_SCRD GEO Counter Triggered (5pts)</RULE_DESCRIPTION_2>
  <COUNTERS_TRIGGERED>2</COUNTERS_TRIGGERED>
  <COUNTER_NAME_0>GEO</COUNTER_NAME_0>
  <COUNTER_VALUE_0>2</COUNTER_VALUE_0>
  <COUNTER_NAME_1>FRAUD_SCRD</COUNTER_NAME_1>
  <COUNTER_VALUE_1>5</COUNTER_VALUE_1>
  <REASON_CODE></REASON_CODE>
  <MASTERCARD></MASTERCARD>
  <DDFS>2015-07-07</DDFS>
  <DSR>768x1366</DSR>
  <UAS>Mozilla/5.0 (Windows NT 6.1) AppleWebKit/537.36 (KHTML, like Gecko) Chrome/44.0.2403.157 Safari/537.36</UAS>
  <BROWSER>Chrome 44.0.2403.157</BROWSER>
  <OS>Windows 7</OS>
  <PIP_IPAD></PIP_IPAD>
  <PIP_LAT></PIP_LAT>
  <PIP_LON></PIP_LON>
  <PIP_COUNTRY></PIP_COUNTRY>
  <PIP_REGION></PIP_REGION>
  <PIP_CITY></PIP_CITY>
  <PIP_ORG></PIP_ORG>
  <IP_IPAD>31.168.171.166</IP_IPAD>
  <IP_LAT>32.3329</IP_LAT>
  <IP_LON>34.8599</IP_LON>
  <IP_COUNTRY>IL</IP_COUNTRY>
  <IP_REGION>HaMerkaz</IP_REGION>
  <IP_CITY>Netanya</IP_CITY>
  <IP_ORG>BEZEQ INTERNATIONAL</IP_ORG>
  <WARNING_COUNT>0</WARNING_COUNT>
</RESPONSE>

2015-09-11T09:52:34Z
RequestParameter:  billNo: 310070796 | startTime:2015-09-11 09:52:34

2015-09-11T09:52:34Z
Array
(
    [MODE] => P
    [FRMT] => XML
    [VERS] => 0630
    [MERC] => 680000
    [UDF[CUSTOMER_IPAD]] => 83.149.37.198
    [SESS] => 310070796
    [ORDR] => 310070796
    [CURR] => USD
    [PENC] => KHASH
    [PTYP] => CARD
    [PTOK] => 415428UNC9DNSFNXJZJ2
    [IPAD] => 10.0.0.1
    [MACK] => Y
    [AUTH] => A
    [PROD_DESC[0]] => Binary Trade
    [PROD_TYPE[0]] => Binary Trade
    [PROD_ITEM[0]] => SKU-TPG-BinaryTrade
    [PROD_QUANT[0]] => 1
    [PROD_PRICE[0]] => 55000
    [TOTL] => 55000
    [SITE] => VERT001
    [UDF[MERCHANT_ID]] => 20001MERTPGMD
    [NAME] => MAKSIM SHISHPANOV
    [B2A1] => Gubaidullina 2-68
    [B2CC] => RU
    [B2CI] => Salavat
    [B2PC] => 453251
    [B2PN] => 79125323581
    [B2ST] => 
    [S2A1] => 
    [S2CC] => 
    [S2CI] => 
    [S2EM] => 
    [S2NM] =>  
    [S2PC] => 
    [S2PN] => 
    [S2ST] => 
    [SHTP] => 
    [CASH] => 550
    [DOB] => 2015-09-11
    [GENDER] => M
    [EMAL] => vosklznak@rambler.ru
    [ANID] => 79125323581
)


2015-09-11T09:52:36Z
ResponseParameter:  billNo: 310070796 | endTime:2015-09-11 09:52:36

2015-09-11T09:52:36Z
<?xml version="1.0" encoding="UTF-8"?>
<RESPONSE>
  <VERS>0630</VERS>
  <MODE>P</MODE>
  <TRAN>36TH07KK9S4H</TRAN>
  <MERC>680000</MERC>
  <SESS>310070796</SESS>
  <ORDR>310070796</ORDR>
  <AUTO>A</AUTO>
  <SCOR>29</SCOR>
  <GEOX>US</GEOX>
  <BRND>VISA</BRND>
  <REGN></REGN>
  <NETW>N</NETW>
  <KAPT>N</KAPT>
  <CARDS>1</CARDS>
  <DEVICES>1</DEVICES>
  <EMAILS>1</EMAILS>
  <VELO>0</VELO>
  <VMAX>0</VMAX>
  <RULES_TRIGGERED>0</RULES_TRIGGERED>
  <COUNTERS_TRIGGERED>0</COUNTERS_TRIGGERED>
  <REASON_CODE></REASON_CODE>
  <MASTERCARD></MASTERCARD>
  <DDFS></DDFS>
  <DSR></DSR>
  <UAS></UAS>
  <BROWSER></BROWSER>
  <OS></OS>
  <PIP_IPAD></PIP_IPAD>
  <PIP_LAT></PIP_LAT>
  <PIP_LON></PIP_LON>
  <PIP_COUNTRY></PIP_COUNTRY>
  <PIP_REGION></PIP_REGION>
  <PIP_CITY></PIP_CITY>
  <PIP_ORG></PIP_ORG>
  <IP_IPAD></IP_IPAD>
  <IP_LAT></IP_LAT>
  <IP_LON></IP_LON>
  <IP_COUNTRY></IP_COUNTRY>
  <IP_REGION></IP_REGION>
  <IP_CITY></IP_CITY>
  <IP_ORG></IP_ORG>
  <WARNING_COUNT>0</WARNING_COUNT>
</RESPONSE>

2015-09-11T09:54:24Z
RequestParameter:  billNo: 861394239 | startTime:2015-09-11 09:54:24

2015-09-11T09:54:24Z
Array
(
    [MODE] => P
    [FRMT] => XML
    [VERS] => 0630
    [MERC] => 680000
    [UDF[CUSTOMER_IPAD]] => 83.149.37.198
    [SESS] => 861394239
    [ORDR] => 861394239
    [CURR] => USD
    [PENC] => KHASH
    [PTYP] => CARD
    [PTOK] => 415428UNC9DNSFNXJZJ2
    [IPAD] => 10.0.0.1
    [MACK] => Y
    [AUTH] => A
    [PROD_DESC[0]] => Binary Trade
    [PROD_TYPE[0]] => Binary Trade
    [PROD_ITEM[0]] => SKU-TPG-BinaryTrade
    [PROD_QUANT[0]] => 1
    [PROD_PRICE[0]] => 55000
    [TOTL] => 55000
    [SITE] => VERT001
    [UDF[MERCHANT_ID]] => 20001MERTPGMD
    [NAME] => MAKSIM SHISHPANOV
    [B2A1] => Gubaidullina 2-68
    [B2CC] => RU
    [B2CI] => Salavat
    [B2PC] => 453251
    [B2PN] => 79125323581
    [B2ST] => 
    [S2A1] => 
    [S2CC] => 
    [S2CI] => 
    [S2EM] => 
    [S2NM] =>  
    [S2PC] => 
    [S2PN] => 
    [S2ST] => 
    [SHTP] => 
    [CASH] => 550
    [DOB] => 2015-09-11
    [GENDER] => M
    [EMAL] => vosklznak@rambler.ru
    [ANID] => 79125323581
)


2015-09-11T09:54:25Z
ResponseParameter:  billNo: 861394239 | endTime:2015-09-11 09:54:25

2015-09-11T09:54:25Z
<?xml version="1.0" encoding="UTF-8"?>
<RESPONSE>
  <VERS>0630</VERS>
  <MODE>P</MODE>
  <TRAN>36TH0YVCDST8</TRAN>
  <MERC>680000</MERC>
  <SESS>861394239</SESS>
  <ORDR>861394239</ORDR>
  <AUTO>A</AUTO>
  <SCOR>29</SCOR>
  <GEOX>US</GEOX>
  <BRND>VISA</BRND>
  <REGN></REGN>
  <NETW>N</NETW>
  <KAPT>N</KAPT>
  <CARDS>1</CARDS>
  <DEVICES>1</DEVICES>
  <EMAILS>1</EMAILS>
  <VELO>0</VELO>
  <VMAX>0</VMAX>
  <RULES_TRIGGERED>0</RULES_TRIGGERED>
  <COUNTERS_TRIGGERED>0</COUNTERS_TRIGGERED>
  <REASON_CODE></REASON_CODE>
  <MASTERCARD></MASTERCARD>
  <DDFS></DDFS>
  <DSR></DSR>
  <UAS></UAS>
  <BROWSER></BROWSER>
  <OS></OS>
  <PIP_IPAD></PIP_IPAD>
  <PIP_LAT></PIP_LAT>
  <PIP_LON></PIP_LON>
  <PIP_COUNTRY></PIP_COUNTRY>
  <PIP_REGION></PIP_REGION>
  <PIP_CITY></PIP_CITY>
  <PIP_ORG></PIP_ORG>
  <IP_IPAD></IP_IPAD>
  <IP_LAT></IP_LAT>
  <IP_LON></IP_LON>
  <IP_COUNTRY></IP_COUNTRY>
  <IP_REGION></IP_REGION>
  <IP_CITY></IP_CITY>
  <IP_ORG></IP_ORG>
  <WARNING_COUNT>0</WARNING_COUNT>
</RESPONSE>

2015-09-11T11:20:07Z
RequestParameter:  billNo: 0585c317bcf34e189199e8b85682a99c | startTime:2015-09-11 11:20:07

2015-09-11T11:20:07Z
Array
(
    [MODE] => Q
    [FRMT] => XML
    [VERS] => 0630
    [MERC] => 680000
    [UDF[CUSTOMER_IPAD]] => 109.202.56.132
    [SESS] => 6e491014bb7f4f8e9867e23481fe6fe2
    [ORDR] => 0585c317bcf34e189199e8b85682a99c
    [CURR] => USD
    [PENC] => KHASH
    [PTYP] => CARD
    [PTOK] => 532301VYE59PARJX0MV1
    [IPAD] => 109.202.56.132
    [MACK] => Y
    [AUTH] => A
    [PROD_DESC[0]] => Binary Trade
    [PROD_TYPE[0]] => Binary Trade
    [PROD_ITEM[0]] => SKU-HBR-BinaryTrade
    [PROD_QUANT[0]] => 1
    [PROD_PRICE[0]] => 30000
    [TOTL] => 30000
    [SITE] => VERT001
    [UDF[MERCHANT_ID]] => 20001MERHIBRO
    [NAME] => Sergey Treskov
    [B2A1] => Lermontova 175-32
    [B2CC] => RU
    [B2CI] => Kamensk-Uralsky
    [B2PC] => 623414
    [B2PN] => +79089055586
    [B2ST] => RU
    [S2A1] => 
    [S2CC] => 
    [S2CI] => 
    [S2EM] => 
    [S2NM] =>  
    [S2PC] => 
    [S2PN] => 
    [S2ST] => 
    [SHTP] => 
    [CASH] => 300
    [DOB] => 1992-03-29
    [GENDER] => M
    [EMAL] => st.zevs@gmail.com
)


2015-09-11T11:20:08Z
ResponseParameter:  billNo: 0585c317bcf34e189199e8b85682a99c | endTime:2015-09-11 11:20:08

2015-09-11T11:20:08Z
<?xml version="1.0" encoding="UTF-8"?>
<RESPONSE>
  <VERS>0630</VERS>
  <MODE>Q</MODE>
  <TRAN>36TC0JLBYBS6</TRAN>
  <MERC>680000</MERC>
  <SESS>6e491014bb7f4f8e9867e23481fe6fe2</SESS>
  <ORDR>0585c317bcf34e189199e8b85682a99c</ORDR>
  <AUTO>A</AUTO>
  <SCOR>29</SCOR>
  <GEOX>RU</GEOX>
  <BRND>MSTR</BRND>
  <REGN>RU_71</REGN>
  <NETW>N</NETW>
  <KAPT>Y</KAPT>
  <CARDS>1</CARDS>
  <DEVICES>1</DEVICES>
  <EMAILS>1</EMAILS>
  <VELO>0</VELO>
  <VMAX>0</VMAX>
  <SITE>VERT001</SITE>
  <DEVICE_LAYERS>C54384EA10.9D4B7FF54B.7656EFA79E.C192007F89.4124305F21</DEVICE_LAYERS>
  <FINGERPRINT>893E36B7C4C4B45D6AF8ED7787BEF902</FINGERPRINT>
  <TIMEZONE>1140</TIMEZONE>
  <LOCALTIME>2015-09-11 16:20</LOCALTIME>
  <REGION>RU_71</REGION>
  <COUNTRY>RU</COUNTRY>
  <PROXY>N</PROXY>
  <JAVASCRIPT>Y</JAVASCRIPT>
  <FLASH>Y</FLASH>
  <COOKIES>Y</COOKIES>
  <HTTP_COUNTRY>RU</HTTP_COUNTRY>
  <LANGUAGE>RU</LANGUAGE>
  <MOBILE_DEVICE>N</MOBILE_DEVICE>
  <MOBILE_TYPE></MOBILE_TYPE>
  <MOBILE_FORWARDER>N</MOBILE_FORWARDER>
  <VOICE_DEVICE>N</VOICE_DEVICE>
  <PC_REMOTE>N</PC_REMOTE>
  <RULES_TRIGGERED>0</RULES_TRIGGERED>
  <COUNTERS_TRIGGERED>0</COUNTERS_TRIGGERED>
  <REASON_CODE></REASON_CODE>
  <MASTERCARD></MASTERCARD>
  <DDFS>2015-09-11</DDFS>
  <DSR>1024x1280</DSR>
  <UAS>Mozilla/5.0 (Windows NT 6.1; WOW64) AppleWebKit/537.36 (KHTML, like Gecko) Chrome/45.0.2454.85 Safari/537.36</UAS>
  <BROWSER>Chrome 45.0.2454.85</BROWSER>
  <OS>Windows 7</OS>
  <PIP_IPAD></PIP_IPAD>
  <PIP_LAT></PIP_LAT>
  <PIP_LON></PIP_LON>
  <PIP_COUNTRY></PIP_COUNTRY>
  <PIP_REGION></PIP_REGION>
  <PIP_CITY></PIP_CITY>
  <PIP_ORG></PIP_ORG>
  <IP_IPAD>109.202.56.132</IP_IPAD>
  <IP_LAT>56.4056</IP_LAT>
  <IP_LON>61.9278</IP_LON>
  <IP_COUNTRY>RU</IP_COUNTRY>
  <IP_REGION>Sverdlovsk</IP_REGION>
  <IP_CITY>Kamensk</IP_CITY>
  <IP_ORG>CLOSED JOINT STOCK COMPANY RADIOTELEPHONE</IP_ORG>
  <WARNING_COUNT>0</WARNING_COUNT>
</RESPONSE>

2015-09-11T11:21:08Z
RequestParameter:  billNo: 8a62de6417324ca2a4ad92e6892f198f | startTime:2015-09-11 11:21:08

2015-09-11T11:21:08Z
Array
(
    [MODE] => Q
    [FRMT] => XML
    [VERS] => 0630
    [MERC] => 680000
    [UDF[CUSTOMER_IPAD]] => 109.202.56.132
    [SESS] => 1845398923884342bfc3f1886136f334
    [ORDR] => 8a62de6417324ca2a4ad92e6892f198f
    [CURR] => USD
    [PENC] => KHASH
    [PTYP] => CARD
    [PTOK] => 532301VYE59PARJX0MV1
    [IPAD] => 109.202.56.132
    [MACK] => Y
    [AUTH] => A
    [PROD_DESC[0]] => Binary Trade
    [PROD_TYPE[0]] => Binary Trade
    [PROD_ITEM[0]] => SKU-HBR-BinaryTrade
    [PROD_QUANT[0]] => 1
    [PROD_PRICE[0]] => 30000
    [TOTL] => 30000
    [SITE] => VERT001
    [UDF[MERCHANT_ID]] => 20001MERHIBRO
    [NAME] => Sergey Treskov
    [B2A1] => Lermontova 175-32
    [B2CC] => RU
    [B2CI] => Kamensk-Uralsky
    [B2PC] => 623414
    [B2PN] => +79089055586
    [B2ST] => RU
    [S2A1] => 
    [S2CC] => 
    [S2CI] => 
    [S2EM] => 
    [S2NM] =>  
    [S2PC] => 
    [S2PN] => 
    [S2ST] => 
    [SHTP] => 
    [CASH] => 300
    [DOB] => 1992-03-29
    [GENDER] => M
    [EMAL] => st.zevs@gmail.com
)


2015-09-11T11:21:09Z
ResponseParameter:  billNo: 8a62de6417324ca2a4ad92e6892f198f | endTime:2015-09-11 11:21:09

2015-09-11T11:21:09Z
<?xml version="1.0" encoding="UTF-8"?>
<RESPONSE>
  <VERS>0630</VERS>
  <MODE>Q</MODE>
  <TRAN>36TC0P75QYB4</TRAN>
  <MERC>680000</MERC>
  <SESS>1845398923884342bfc3f1886136f334</SESS>
  <ORDR>8a62de6417324ca2a4ad92e6892f198f</ORDR>
  <AUTO>A</AUTO>
  <SCOR>29</SCOR>
  <GEOX>RU</GEOX>
  <BRND>MSTR</BRND>
  <REGN>RU_71</REGN>
  <NETW>N</NETW>
  <KAPT>Y</KAPT>
  <CARDS>1</CARDS>
  <DEVICES>1</DEVICES>
  <EMAILS>1</EMAILS>
  <VELO>0</VELO>
  <VMAX>0</VMAX>
  <SITE>VERT001</SITE>
  <DEVICE_LAYERS>C54384EA10.9D4B7FF54B.7656EFA79E.C192007F89.4124305F21</DEVICE_LAYERS>
  <FINGERPRINT>893E36B7C4C4B45D6AF8ED7787BEF902</FINGERPRINT>
  <TIMEZONE>1140</TIMEZONE>
  <LOCALTIME>2015-09-11 16:21</LOCALTIME>
  <REGION>RU_71</REGION>
  <COUNTRY>RU</COUNTRY>
  <PROXY>N</PROXY>
  <JAVASCRIPT>Y</JAVASCRIPT>
  <FLASH>Y</FLASH>
  <COOKIES>Y</COOKIES>
  <HTTP_COUNTRY>RU</HTTP_COUNTRY>
  <LANGUAGE>RU</LANGUAGE>
  <MOBILE_DEVICE>N</MOBILE_DEVICE>
  <MOBILE_TYPE></MOBILE_TYPE>
  <MOBILE_FORWARDER>N</MOBILE_FORWARDER>
  <VOICE_DEVICE>N</VOICE_DEVICE>
  <PC_REMOTE>N</PC_REMOTE>
  <RULES_TRIGGERED>0</RULES_TRIGGERED>
  <COUNTERS_TRIGGERED>0</COUNTERS_TRIGGERED>
  <REASON_CODE></REASON_CODE>
  <MASTERCARD></MASTERCARD>
  <DDFS>2015-09-11</DDFS>
  <DSR>1024x1280</DSR>
  <UAS>Mozilla/5.0 (Windows NT 6.1; WOW64) AppleWebKit/537.36 (KHTML, like Gecko) Chrome/45.0.2454.85 Safari/537.36</UAS>
  <BROWSER>Chrome 45.0.2454.85</BROWSER>
  <OS>Windows 7</OS>
  <PIP_IPAD></PIP_IPAD>
  <PIP_LAT></PIP_LAT>
  <PIP_LON></PIP_LON>
  <PIP_COUNTRY></PIP_COUNTRY>
  <PIP_REGION></PIP_REGION>
  <PIP_CITY></PIP_CITY>
  <PIP_ORG></PIP_ORG>
  <IP_IPAD>109.202.56.132</IP_IPAD>
  <IP_LAT>56.4056</IP_LAT>
  <IP_LON>61.9278</IP_LON>
  <IP_COUNTRY>RU</IP_COUNTRY>
  <IP_REGION>Sverdlovsk</IP_REGION>
  <IP_CITY>Kamensk</IP_CITY>
  <IP_ORG>CLOSED JOINT STOCK COMPANY RADIOTELEPHONE</IP_ORG>
  <WARNING_COUNT>0</WARNING_COUNT>
</RESPONSE>

2015-09-11T11:25:15Z
RequestParameter:  billNo: fcee10cfff6a4139a0abf6ea464c8b69 | startTime:2015-09-11 11:25:15

2015-09-11T11:25:15Z
Array
(
    [MODE] => Q
    [FRMT] => XML
    [VERS] => 0630
    [MERC] => 680000
    [UDF[CUSTOMER_IPAD]] => 109.202.56.132
    [SESS] => 07e3a65cbab347a7ae7806743a5d0f91
    [ORDR] => fcee10cfff6a4139a0abf6ea464c8b69
    [CURR] => USD
    [PENC] => KHASH
    [PTYP] => CARD
    [PTOK] => 532301VYE59PARJX0MV1
    [IPAD] => 109.202.56.132
    [MACK] => Y
    [AUTH] => A
    [PROD_DESC[0]] => Binary Trade
    [PROD_TYPE[0]] => Binary Trade
    [PROD_ITEM[0]] => SKU-HBR-BinaryTrade
    [PROD_QUANT[0]] => 1
    [PROD_PRICE[0]] => 30000
    [TOTL] => 30000
    [SITE] => VERT001
    [UDF[MERCHANT_ID]] => 20001MERHIBRO
    [NAME] => Sergey Treskov
    [B2A1] => Lermontova 175-32
    [B2CC] => RU
    [B2CI] => Kamensk-Uralsky
    [B2PC] => 623414
    [B2PN] => +79089055586
    [B2ST] => RU
    [S2A1] => 
    [S2CC] => 
    [S2CI] => 
    [S2EM] => 
    [S2NM] =>  
    [S2PC] => 
    [S2PN] => 
    [S2ST] => 
    [SHTP] => 
    [CASH] => 300
    [DOB] => 1992-03-29
    [GENDER] => M
    [EMAL] => st.zevs@gmail.com
)


2015-09-11T11:25:16Z
ResponseParameter:  billNo: fcee10cfff6a4139a0abf6ea464c8b69 | endTime:2015-09-11 11:25:16

2015-09-11T11:25:16Z
<?xml version="1.0" encoding="UTF-8"?>
<RESPONSE>
  <VERS>0630</VERS>
  <MODE>Q</MODE>
  <TRAN>36TC035JT5TK</TRAN>
  <MERC>680000</MERC>
  <SESS>07e3a65cbab347a7ae7806743a5d0f91</SESS>
  <ORDR>fcee10cfff6a4139a0abf6ea464c8b69</ORDR>
  <AUTO>A</AUTO>
  <SCOR>29</SCOR>
  <GEOX>RU</GEOX>
  <BRND>MSTR</BRND>
  <REGN>RU_71</REGN>
  <NETW>N</NETW>
  <KAPT>Y</KAPT>
  <CARDS>1</CARDS>
  <DEVICES>1</DEVICES>
  <EMAILS>1</EMAILS>
  <VELO>0</VELO>
  <VMAX>0</VMAX>
  <SITE>VERT001</SITE>
  <DEVICE_LAYERS>C54384EA10.9D4B7FF54B.7656EFA79E.C192007F89.4124305F21</DEVICE_LAYERS>
  <FINGERPRINT>893E36B7C4C4B45D6AF8ED7787BEF902</FINGERPRINT>
  <TIMEZONE>1140</TIMEZONE>
  <LOCALTIME>2015-09-11 16:25</LOCALTIME>
  <REGION>RU_71</REGION>
  <COUNTRY>RU</COUNTRY>
  <PROXY>N</PROXY>
  <JAVASCRIPT>Y</JAVASCRIPT>
  <FLASH>Y</FLASH>
  <COOKIES>Y</COOKIES>
  <HTTP_COUNTRY>RU</HTTP_COUNTRY>
  <LANGUAGE>RU</LANGUAGE>
  <MOBILE_DEVICE>N</MOBILE_DEVICE>
  <MOBILE_TYPE></MOBILE_TYPE>
  <MOBILE_FORWARDER>N</MOBILE_FORWARDER>
  <VOICE_DEVICE>N</VOICE_DEVICE>
  <PC_REMOTE>N</PC_REMOTE>
  <RULES_TRIGGERED>0</RULES_TRIGGERED>
  <COUNTERS_TRIGGERED>0</COUNTERS_TRIGGERED>
  <REASON_CODE></REASON_CODE>
  <MASTERCARD></MASTERCARD>
  <DDFS>2015-09-11</DDFS>
  <DSR>1024x1280</DSR>
  <UAS>Mozilla/5.0 (Windows NT 6.1; WOW64) AppleWebKit/537.36 (KHTML, like Gecko) Chrome/45.0.2454.85 Safari/537.36</UAS>
  <BROWSER>Chrome 45.0.2454.85</BROWSER>
  <OS>Windows 7</OS>
  <PIP_IPAD></PIP_IPAD>
  <PIP_LAT></PIP_LAT>
  <PIP_LON></PIP_LON>
  <PIP_COUNTRY></PIP_COUNTRY>
  <PIP_REGION></PIP_REGION>
  <PIP_CITY></PIP_CITY>
  <PIP_ORG></PIP_ORG>
  <IP_IPAD>109.202.56.132</IP_IPAD>
  <IP_LAT>56.4056</IP_LAT>
  <IP_LON>61.9278</IP_LON>
  <IP_COUNTRY>RU</IP_COUNTRY>
  <IP_REGION>Sverdlovsk</IP_REGION>
  <IP_CITY>Kamensk</IP_CITY>
  <IP_ORG>CLOSED JOINT STOCK COMPANY RADIOTELEPHONE</IP_ORG>
  <WARNING_COUNT>0</WARNING_COUNT>
</RESPONSE>

2015-09-11T11:26:05Z
RequestParameter:  billNo: fd6cd59477394e209aa1cf1575045a17 | startTime:2015-09-11 11:26:05

2015-09-11T11:26:05Z
Array
(
    [MODE] => Q
    [FRMT] => XML
    [VERS] => 0630
    [MERC] => 680000
    [UDF[CUSTOMER_IPAD]] => 109.202.56.132
    [SESS] => 4fb4390ecafd43c1bb0029af70d33584
    [ORDR] => fd6cd59477394e209aa1cf1575045a17
    [CURR] => EUR
    [PENC] => KHASH
    [PTYP] => CARD
    [PTOK] => 532301VYE59PARJX0MV1
    [IPAD] => 109.202.56.132
    [MACK] => Y
    [AUTH] => A
    [PROD_DESC[0]] => Binary Trade
    [PROD_TYPE[0]] => Binary Trade
    [PROD_ITEM[0]] => SKU-HBR-BinaryTrade
    [PROD_QUANT[0]] => 1
    [PROD_PRICE[0]] => 25000
    [TOTL] => 25000
    [SITE] => VERT001
    [UDF[MERCHANT_ID]] => 20001MERHIBRO1
    [NAME] => Sergey Treskov
    [B2A1] => Lermontova 175-32
    [B2CC] => RU
    [B2CI] => Kamensk-Uralsky
    [B2PC] => 623414
    [B2PN] => +79089055586
    [B2ST] => RU
    [S2A1] => 
    [S2CC] => 
    [S2CI] => 
    [S2EM] => 
    [S2NM] =>  
    [S2PC] => 
    [S2PN] => 
    [S2ST] => 
    [SHTP] => 
    [CASH] => 250
    [DOB] => 1992-03-29
    [GENDER] => M
    [EMAL] => st.zevs@gmail.com
)


2015-09-11T11:26:06Z
ResponseParameter:  billNo: fd6cd59477394e209aa1cf1575045a17 | endTime:2015-09-11 11:26:06

2015-09-11T11:26:06Z
<?xml version="1.0" encoding="UTF-8"?>
<RESPONSE>
  <VERS>0630</VERS>
  <MODE>Q</MODE>
  <TRAN>36TC0V48SVVK</TRAN>
  <MERC>680000</MERC>
  <SESS>4fb4390ecafd43c1bb0029af70d33584</SESS>
  <ORDR>fd6cd59477394e209aa1cf1575045a17</ORDR>
  <AUTO>A</AUTO>
  <SCOR>29</SCOR>
  <GEOX>RU</GEOX>
  <BRND>MSTR</BRND>
  <REGN>RU_71</REGN>
  <NETW>N</NETW>
  <KAPT>Y</KAPT>
  <CARDS>1</CARDS>
  <DEVICES>1</DEVICES>
  <EMAILS>1</EMAILS>
  <VELO>0</VELO>
  <VMAX>0</VMAX>
  <SITE>VERT001</SITE>
  <DEVICE_LAYERS>C54384EA10.9D4B7FF54B.7656EFA79E.C192007F89.4124305F21</DEVICE_LAYERS>
  <FINGERPRINT>893E36B7C4C4B45D6AF8ED7787BEF902</FINGERPRINT>
  <TIMEZONE>1140</TIMEZONE>
  <LOCALTIME>2015-09-11 16:26</LOCALTIME>
  <REGION>RU_71</REGION>
  <COUNTRY>RU</COUNTRY>
  <PROXY>N</PROXY>
  <JAVASCRIPT>Y</JAVASCRIPT>
  <FLASH>Y</FLASH>
  <COOKIES>Y</COOKIES>
  <HTTP_COUNTRY>RU</HTTP_COUNTRY>
  <LANGUAGE>RU</LANGUAGE>
  <MOBILE_DEVICE>N</MOBILE_DEVICE>
  <MOBILE_TYPE></MOBILE_TYPE>
  <MOBILE_FORWARDER>N</MOBILE_FORWARDER>
  <VOICE_DEVICE>N</VOICE_DEVICE>
  <PC_REMOTE>N</PC_REMOTE>
  <RULES_TRIGGERED>0</RULES_TRIGGERED>
  <COUNTERS_TRIGGERED>0</COUNTERS_TRIGGERED>
  <REASON_CODE></REASON_CODE>
  <MASTERCARD></MASTERCARD>
  <DDFS>2015-09-11</DDFS>
  <DSR>1024x1280</DSR>
  <UAS>Mozilla/5.0 (Windows NT 6.1; WOW64) AppleWebKit/537.36 (KHTML, like Gecko) Chrome/45.0.2454.85 Safari/537.36</UAS>
  <BROWSER>Chrome 45.0.2454.85</BROWSER>
  <OS>Windows 7</OS>
  <PIP_IPAD></PIP_IPAD>
  <PIP_LAT></PIP_LAT>
  <PIP_LON></PIP_LON>
  <PIP_COUNTRY></PIP_COUNTRY>
  <PIP_REGION></PIP_REGION>
  <PIP_CITY></PIP_CITY>
  <PIP_ORG></PIP_ORG>
  <IP_IPAD>109.202.56.132</IP_IPAD>
  <IP_LAT>56.4056</IP_LAT>
  <IP_LON>61.9278</IP_LON>
  <IP_COUNTRY>RU</IP_COUNTRY>
  <IP_REGION>Sverdlovsk</IP_REGION>
  <IP_CITY>Kamensk</IP_CITY>
  <IP_ORG>CLOSED JOINT STOCK COMPANY RADIOTELEPHONE</IP_ORG>
  <WARNING_COUNT>0</WARNING_COUNT>
</RESPONSE>

2015-09-11T15:43:29Z
RequestParameter:  billNo: 6c3036ecbc4e4543a74bfb3c819adebe | startTime:2015-09-11 15:43:29

2015-09-11T15:43:29Z
Array
(
    [MODE] => Q
    [FRMT] => XML
    [VERS] => 0630
    [MERC] => 680000
    [UDF[CUSTOMER_IPAD]] => 5.168.78.86
    [SESS] => b78d5edd6d88468eb14ae0652941f161
    [ORDR] => 6c3036ecbc4e4543a74bfb3c819adebe
    [CURR] => EUR
    [PENC] => KHASH
    [PTYP] => CARD
    [PTOK] => 45399716ENJC5GF4XLZ6
    [IPAD] => 5.168.78.86
    [MACK] => Y
    [AUTH] => A
    [PROD_DESC[0]] => Binary Trade
    [PROD_TYPE[0]] => Binary Trade
    [PROD_ITEM[0]] => SKU-ANT-BinaryTrade
    [PROD_QUANT[0]] => 1
    [PROD_PRICE[0]] => 100000
    [TOTL] => 100000
    [SITE] => VERT001
    [UDF[MERCHANT_ID]] => 20001MERANTY
    [NAME] => andrea  Lauretta 
    [B2A1] => via gioberti 12/a
    [B2CC] => IT
    [B2CI] => comiso
    [B2PC] => 97013
    [B2PN] => 3389715250
    [B2ST] => IT
    [S2A1] => 
    [S2CC] => 
    [S2CI] => 
    [S2EM] => 
    [S2NM] =>  
    [S2PC] => 
    [S2PN] => 
    [S2ST] => 
    [SHTP] => 
    [CASH] => 1000
    [DOB] => 1988-09-01
    [GENDER] => M
    [EMAL] => andrea.lauretta@simail.it
)


2015-09-11T15:43:30Z
ResponseParameter:  billNo: 6c3036ecbc4e4543a74bfb3c819adebe | endTime:2015-09-11 15:43:30

2015-09-11T15:43:30Z
<?xml version="1.0" encoding="UTF-8"?>
<RESPONSE>
  <VERS>0630</VERS>
  <MODE>Q</MODE>
  <TRAN>36T107DGP19L</TRAN>
  <MERC>680000</MERC>
  <SESS>b78d5edd6d88468eb14ae0652941f161</SESS>
  <ORDR>6c3036ecbc4e4543a74bfb3c819adebe</ORDR>
  <AUTO>A</AUTO>
  <SCOR>98</SCOR>
  <GEOX>IT</GEOX>
  <BRND>VISA</BRND>
  <REGN>IT_09</REGN>
  <NETW>N</NETW>
  <KAPT>Y</KAPT>
  <CARDS>2</CARDS>
  <DEVICES>4</DEVICES>
  <EMAILS>2</EMAILS>
  <VELO>3</VELO>
  <VMAX>3</VMAX>
  <SITE>VERT001</SITE>
  <DEVICE_LAYERS>A4F925CF6E...6EEAB177EA.6A85DD7030</DEVICE_LAYERS>
  <FINGERPRINT>D4997A49CB42AC30D3E849189217169C</FINGERPRINT>
  <TIMEZONE>1320</TIMEZONE>
  <LOCALTIME>2015-09-11 17:43</LOCALTIME>
  <REGION>IT_07</REGION>
  <COUNTRY>IT</COUNTRY>
  <PROXY>N</PROXY>
  <JAVASCRIPT>Y</JAVASCRIPT>
  <FLASH>N</FLASH>
  <COOKIES>Y</COOKIES>
  <HTTP_COUNTRY>IT</HTTP_COUNTRY>
  <LANGUAGE>IT</LANGUAGE>
  <MOBILE_DEVICE>Y</MOBILE_DEVICE>
  <MOBILE_TYPE>ANDROID</MOBILE_TYPE>
  <MOBILE_FORWARDER>N</MOBILE_FORWARDER>
  <VOICE_DEVICE>N</VOICE_DEVICE>
  <PC_REMOTE>N</PC_REMOTE>
  <RULES_TRIGGERED>1</RULES_TRIGGERED>
  <RULE_ID_0>330734</RULE_ID_0>
  <RULE_DESCRIPTION_0>FRAUD_SCRD Score 95 or greater (20pts)</RULE_DESCRIPTION_0>
  <COUNTERS_TRIGGERED>1</COUNTERS_TRIGGERED>
  <COUNTER_NAME_0>FRAUD_SCRD</COUNTER_NAME_0>
  <COUNTER_VALUE_0>20</COUNTER_VALUE_0>
  <REASON_CODE></REASON_CODE>
  <MASTERCARD></MASTERCARD>
  <DDFS>2015-09-11</DDFS>
  <DSR>640x360</DSR>
  <UAS>Mozilla/5.0 (Linux; Android 5.0; SM-G900F Build/LRX21T) AppleWebKit/537.36 (KHTML, like Gecko) Chrome/45.0.2454.84 Mobile Safari/537.36</UAS>
  <BROWSER>Chrome 45.0.2454.84</BROWSER>
  <OS>Android</OS>
  <PIP_IPAD></PIP_IPAD>
  <PIP_LAT></PIP_LAT>
  <PIP_LON></PIP_LON>
  <PIP_COUNTRY></PIP_COUNTRY>
  <PIP_REGION></PIP_REGION>
  <PIP_CITY></PIP_CITY>
  <PIP_ORG></PIP_ORG>
  <IP_IPAD>5.168.78.86</IP_IPAD>
  <IP_LAT>41.8947</IP_LAT>
  <IP_LON>12.4839</IP_LON>
  <IP_COUNTRY>IT</IP_COUNTRY>
  <IP_REGION>Lazio</IP_REGION>
  <IP_CITY>Rome</IP_CITY>
  <IP_ORG>TELECOM ITALIA MOBILE</IP_ORG>
  <WARNING_COUNT>0</WARNING_COUNT>
</RESPONSE>

2015-09-11T17:09:54Z
RequestParameter:  billNo: bill635775880362224594 | startTime:2015-09-11 17:09:54

2015-09-11T17:09:54Z
Array
(
    [MODE] => P
    [FRMT] => XML
    [VERS] => 0630
    [MERC] => 680000
    [UDF[CUSTOMER_IPAD]] => 70.29.201.221
    [SESS] => bill635775880362224594
    [ORDR] => bill635775880362224594
    [CURR] => EUR
    [PENC] => KHASH
    [PTYP] => CARD
    [PTOK] => 525995NEXJ9Y48RX4V8F
    [IPAD] => 10.0.0.1
    [MACK] => Y
    [AUTH] => A
    [PROD_DESC[0]] => Binary Trade
    [PROD_TYPE[0]] => Binary Trade
    [PROD_ITEM[0]] => SKU-BML-BinaryTrade
    [PROD_QUANT[0]] => 1
    [PROD_PRICE[0]] => 10000
    [TOTL] => 10000
    [SITE] => VERT001
    [UDF[MERCHANT_ID]] => 20001MERBIOSTRADV
    [NAME] => Alban Giasson +
    [B2A1] => 34 cousineau
    [B2CC] => CA
    [B2CI] => laval
    [B2PC] => h7g3j3
    [B2PN] => 1 4509752791
    [B2ST] => MH
    [S2A1] => 
    [S2CC] => 
    [S2CI] => 
    [S2EM] => 
    [S2NM] =>  
    [S2PC] => 
    [S2PN] => 
    [S2ST] => 
    [SHTP] => 
    [CASH] => 100
    [DOB] => --
    [GENDER] => M
    [EMAL] => algiasson@sympatico.ca
    [ANID] => 1 4509752791
)


2015-09-11T17:09:55Z
ResponseParameter:  billNo: bill635775880362224594 | endTime:2015-09-11 17:09:55

2015-09-11T17:09:55Z
<?xml version="1.0" encoding="UTF-8"?>
<RESPONSE>
  <VERS>0630</VERS>
  <MODE>P</MODE>
  <TRAN>36TP0GBMT1QR</TRAN>
  <MERC>680000</MERC>
  <SESS>bill635775880362224594</SESS>
  <ORDR>bill635775880362224594</ORDR>
  <AUTO>A</AUTO>
  <SCOR>20</SCOR>
  <GEOX>US</GEOX>
  <BRND>MSTR</BRND>
  <REGN></REGN>
  <NETW>N</NETW>
  <KAPT>N</KAPT>
  <CARDS>1</CARDS>
  <DEVICES>1</DEVICES>
  <EMAILS>1</EMAILS>
  <VELO>0</VELO>
  <VMAX>0</VMAX>
  <RULES_TRIGGERED>0</RULES_TRIGGERED>
  <COUNTERS_TRIGGERED>0</COUNTERS_TRIGGERED>
  <REASON_CODE></REASON_CODE>
  <MASTERCARD></MASTERCARD>
  <DDFS></DDFS>
  <DSR></DSR>
  <UAS></UAS>
  <BROWSER></BROWSER>
  <OS></OS>
  <PIP_IPAD></PIP_IPAD>
  <PIP_LAT></PIP_LAT>
  <PIP_LON></PIP_LON>
  <PIP_COUNTRY></PIP_COUNTRY>
  <PIP_REGION></PIP_REGION>
  <PIP_CITY></PIP_CITY>
  <PIP_ORG></PIP_ORG>
  <IP_IPAD></IP_IPAD>
  <IP_LAT></IP_LAT>
  <IP_LON></IP_LON>
  <IP_COUNTRY></IP_COUNTRY>
  <IP_REGION></IP_REGION>
  <IP_CITY></IP_CITY>
  <IP_ORG></IP_ORG>
  <WARNING_0>399 BAD_OPTN Cause: [value [--] did not match regex /^((19|20)\d\d-(0[1-9]|1[012])-(0[1-9]|[12][0-9]|3[01]))?$/], Field: [DOB], Value: [--]</WARNING_0>
  <WARNING_COUNT>1</WARNING_COUNT>
</RESPONSE>

2015-09-11T17:45:11Z
RequestParameter:  billNo: bill635775901384084665 | startTime:2015-09-11 17:45:11

2015-09-11T17:45:11Z
Array
(
    [MODE] => P
    [FRMT] => XML
    [VERS] => 0630
    [MERC] => 680000
    [UDF[CUSTOMER_IPAD]] => 70.29.201.221
    [SESS] => bill635775901384084665
    [ORDR] => bill635775901384084665
    [CURR] => EUR
    [PENC] => KHASH
    [PTYP] => CARD
    [PTOK] => 525995NEXJ9Y48RX4V8F
    [IPAD] => 10.0.0.1
    [MACK] => Y
    [AUTH] => A
    [PROD_DESC[0]] => Binary Trade
    [PROD_TYPE[0]] => Binary Trade
    [PROD_ITEM[0]] => SKU-BML-BinaryTrade
    [PROD_QUANT[0]] => 1
    [PROD_PRICE[0]] => 21000
    [TOTL] => 21000
    [SITE] => VERT001
    [UDF[MERCHANT_ID]] => 20001MERBIOSTRADV
    [NAME] => Alban Giasson +
    [B2A1] => 34 cousineau
    [B2CC] => CA
    [B2CI] => laval
    [B2PC] => h7g3j3
    [B2PN] => 1 4509752791
    [B2ST] => MH
    [S2A1] => 
    [S2CC] => 
    [S2CI] => 
    [S2EM] => 
    [S2NM] =>  
    [S2PC] => 
    [S2PN] => 
    [S2ST] => 
    [SHTP] => 
    [CASH] => 210
    [DOB] => --
    [GENDER] => M
    [EMAL] => algiasson@sympatico.ca
    [ANID] => 1 4509752791
)


2015-09-11T17:45:13Z
ResponseParameter:  billNo: bill635775901384084665 | endTime:2015-09-11 17:45:13

2015-09-11T17:45:13Z
<?xml version="1.0" encoding="UTF-8"?>
<RESPONSE>
  <VERS>0630</VERS>
  <MODE>P</MODE>
  <TRAN>36TP06KN57CK</TRAN>
  <MERC>680000</MERC>
  <SESS>bill635775901384084665</SESS>
  <ORDR>bill635775901384084665</ORDR>
  <AUTO>A</AUTO>
  <SCOR>20</SCOR>
  <GEOX>US</GEOX>
  <BRND>MSTR</BRND>
  <REGN></REGN>
  <NETW>N</NETW>
  <KAPT>N</KAPT>
  <CARDS>1</CARDS>
  <DEVICES>1</DEVICES>
  <EMAILS>1</EMAILS>
  <VELO>0</VELO>
  <VMAX>0</VMAX>
  <RULES_TRIGGERED>0</RULES_TRIGGERED>
  <COUNTERS_TRIGGERED>0</COUNTERS_TRIGGERED>
  <REASON_CODE></REASON_CODE>
  <MASTERCARD></MASTERCARD>
  <DDFS></DDFS>
  <DSR></DSR>
  <UAS></UAS>
  <BROWSER></BROWSER>
  <OS></OS>
  <PIP_IPAD></PIP_IPAD>
  <PIP_LAT></PIP_LAT>
  <PIP_LON></PIP_LON>
  <PIP_COUNTRY></PIP_COUNTRY>
  <PIP_REGION></PIP_REGION>
  <PIP_CITY></PIP_CITY>
  <PIP_ORG></PIP_ORG>
  <IP_IPAD></IP_IPAD>
  <IP_LAT></IP_LAT>
  <IP_LON></IP_LON>
  <IP_COUNTRY></IP_COUNTRY>
  <IP_REGION></IP_REGION>
  <IP_CITY></IP_CITY>
  <IP_ORG></IP_ORG>
  <WARNING_0>399 BAD_OPTN Cause: [value [--] did not match regex /^((19|20)\d\d-(0[1-9]|1[012])-(0[1-9]|[12][0-9]|3[01]))?$/], Field: [DOB], Value: [--]</WARNING_0>
  <WARNING_COUNT>1</WARNING_COUNT>
</RESPONSE>

