2015-06-14T13:52:45Z
RequestParameter:  billNo: wBn3e1433170556 | startTime:2015-06-14 13:52:45

2015-06-14T13:52:45Z
Array
(
    [MODE] => U
    [FRMT] => XML
    [VERS] => 0630
    [MERC] => 680000
    [SESS] => wBn3e1433170556
    [TRAN] => 30P00Y2GBNXR
    [AUTH] => 
    [MACK] => Y
    [RFCB] => R
)


2015-06-14T13:52:46Z
ResponseParameter:  billNo: wBn3e1433170556 | endTime:2015-06-14 13:52:46

2015-06-14T13:52:46Z
<?xml version="1.0" encoding="UTF-8"?>
<RESPONSE>
  <VERS>0630</VERS>
  <MODE>U</MODE>
  <TRAN>30P00Y2GBNXR</TRAN>
  <MERC>680000</MERC>
  <SESS>wBn3e1433170556</SESS>
  <RULES_TRIGGERED>0</RULES_TRIGGERED>
  <COUNTERS_TRIGGERED>0</COUNTERS_TRIGGERED>
  <REASON_CODE></REASON_CODE>
  <MASTERCARD></MASTERCARD>
  <WARNING_COUNT>0</WARNING_COUNT>
</RESPONSE>

