2015-08-05T08:41:38Z
RequestParameter:  billNo: bill635743607856074834 | startTime:2015-08-05 08:41:38

2015-08-05T08:41:38Z
Array
(
    [MODE] => U
    [FRMT] => XML
    [VERS] => 0630
    [MERC] => 680000
    [SESS] => bill635743607856074834
    [TRAN] => 38GS0Q5K20HR
    [AUTH] => D
    [MACK] => Y
)


2015-08-05T08:41:39Z
ResponseParameter:  billNo: bill635743607856074834 | endTime:2015-08-05 08:41:39

2015-08-05T08:41:39Z
<?xml version="1.0" encoding="UTF-8"?>
<RESPONSE>
  <VERS>0630</VERS>
  <MODE>U</MODE>
  <TRAN>38GS0Q5K20HR</TRAN>
  <MERC>680000</MERC>
  <SESS>bill635743607856074834</SESS>
  <RULES_TRIGGERED>0</RULES_TRIGGERED>
  <COUNTERS_TRIGGERED>0</COUNTERS_TRIGGERED>
  <REASON_CODE></REASON_CODE>
  <MASTERCARD></MASTERCARD>
  <WARNING_COUNT>0</WARNING_COUNT>
</RESPONSE>

2015-08-05T08:49:43Z
RequestParameter:  billNo: 339ee7b259594e36a8a9cf0ee20e13f1 | startTime:2015-08-05 08:49:43

2015-08-05T08:49:43Z
Array
(
    [MODE] => U
    [FRMT] => XML
    [VERS] => 0630
    [MERC] => 680000
    [SESS] => dd98a6aa72cb4cb9beadf14804c18406
    [TRAN] => 38GS0R4W5MBN
    [AUTH] => D
    [MACK] => Y
)


2015-08-05T08:49:44Z
ResponseParameter:  billNo: 339ee7b259594e36a8a9cf0ee20e13f1 | endTime:2015-08-05 08:49:44

2015-08-05T08:49:44Z
<?xml version="1.0" encoding="UTF-8"?>
<RESPONSE>
  <VERS>0630</VERS>
  <MODE>U</MODE>
  <TRAN>38GS0R4W5MBN</TRAN>
  <MERC>680000</MERC>
  <SESS>dd98a6aa72cb4cb9beadf14804c18406</SESS>
  <RULES_TRIGGERED>0</RULES_TRIGGERED>
  <COUNTERS_TRIGGERED>0</COUNTERS_TRIGGERED>
  <REASON_CODE></REASON_CODE>
  <MASTERCARD></MASTERCARD>
  <WARNING_COUNT>0</WARNING_COUNT>
</RESPONSE>

2015-08-05T08:50:26Z
RequestParameter:  billNo: 50575e2eaa04449f957d9d88e0e4d45e | startTime:2015-08-05 08:50:26

2015-08-05T08:50:26Z
Array
(
    [MODE] => U
    [FRMT] => XML
    [VERS] => 0630
    [MERC] => 680000
    [SESS] => aad5725e449c4153bfa7468e2b4eaf51
    [TRAN] => 38GS0MR2VXYB
    [AUTH] => D
    [MACK] => Y
)


2015-08-05T08:50:27Z
ResponseParameter:  billNo: 50575e2eaa04449f957d9d88e0e4d45e | endTime:2015-08-05 08:50:27

2015-08-05T08:50:27Z
<?xml version="1.0" encoding="UTF-8"?>
<RESPONSE>
  <VERS>0630</VERS>
  <MODE>U</MODE>
  <TRAN>38GS0MR2VXYB</TRAN>
  <MERC>680000</MERC>
  <SESS>aad5725e449c4153bfa7468e2b4eaf51</SESS>
  <RULES_TRIGGERED>0</RULES_TRIGGERED>
  <COUNTERS_TRIGGERED>0</COUNTERS_TRIGGERED>
  <REASON_CODE></REASON_CODE>
  <MASTERCARD></MASTERCARD>
  <WARNING_COUNT>0</WARNING_COUNT>
</RESPONSE>

2015-08-05T08:50:31Z
RequestParameter:  billNo: ecd0e037715b46ec8e58268a34806547 | startTime:2015-08-05 08:50:31

2015-08-05T08:50:31Z
Array
(
    [MODE] => U
    [FRMT] => XML
    [VERS] => 0630
    [MERC] => 680000
    [SESS] => ab832781fdd44f7db2547b65d5c6c5c6
    [TRAN] => 38GS02GGN9R7
    [AUTH] => D
    [MACK] => Y
)


2015-08-05T08:50:32Z
ResponseParameter:  billNo: ecd0e037715b46ec8e58268a34806547 | endTime:2015-08-05 08:50:32

2015-08-05T08:50:32Z
<?xml version="1.0" encoding="UTF-8"?>
<RESPONSE>
  <VERS>0630</VERS>
  <MODE>U</MODE>
  <TRAN>38GS02GGN9R7</TRAN>
  <MERC>680000</MERC>
  <SESS>ab832781fdd44f7db2547b65d5c6c5c6</SESS>
  <RULES_TRIGGERED>0</RULES_TRIGGERED>
  <COUNTERS_TRIGGERED>0</COUNTERS_TRIGGERED>
  <REASON_CODE></REASON_CODE>
  <MASTERCARD></MASTERCARD>
  <WARNING_COUNT>0</WARNING_COUNT>
</RESPONSE>

2015-08-05T08:50:52Z
RequestParameter:  billNo: d9e85624fedb4ca282d795a5fd33afc4 | startTime:2015-08-05 08:50:52

2015-08-05T08:50:52Z
Array
(
    [MODE] => U
    [FRMT] => XML
    [VERS] => 0630
    [MERC] => 680000
    [SESS] => e8c5b35ba2154c4091bd8f496552c420
    [TRAN] => 38GS0B11BVKW
    [AUTH] => D
    [MACK] => Y
)


2015-08-05T08:50:53Z
ResponseParameter:  billNo: d9e85624fedb4ca282d795a5fd33afc4 | endTime:2015-08-05 08:50:53

2015-08-05T08:50:53Z
<?xml version="1.0" encoding="UTF-8"?>
<RESPONSE>
  <VERS>0630</VERS>
  <MODE>U</MODE>
  <TRAN>38GS0B11BVKW</TRAN>
  <MERC>680000</MERC>
  <SESS>e8c5b35ba2154c4091bd8f496552c420</SESS>
  <RULES_TRIGGERED>0</RULES_TRIGGERED>
  <COUNTERS_TRIGGERED>0</COUNTERS_TRIGGERED>
  <REASON_CODE></REASON_CODE>
  <MASTERCARD></MASTERCARD>
  <WARNING_COUNT>0</WARNING_COUNT>
</RESPONSE>

2015-08-05T08:51:58Z
RequestParameter:  billNo: f7812d0013c94d7c9b6c3d5848ae025d | startTime:2015-08-05 08:51:58

2015-08-05T08:51:58Z
Array
(
    [MODE] => U
    [FRMT] => XML
    [VERS] => 0630
    [MERC] => 680000
    [SESS] => a2a095f0b489445fb6be929fd78b1a4b
    [TRAN] => 38GS0NXVK3TQ
    [AUTH] => D
    [MACK] => Y
)


2015-08-05T08:51:59Z
ResponseParameter:  billNo: f7812d0013c94d7c9b6c3d5848ae025d | endTime:2015-08-05 08:51:59

2015-08-05T08:51:59Z
<?xml version="1.0" encoding="UTF-8"?>
<RESPONSE>
  <VERS>0630</VERS>
  <MODE>U</MODE>
  <TRAN>38GS0NXVK3TQ</TRAN>
  <MERC>680000</MERC>
  <SESS>a2a095f0b489445fb6be929fd78b1a4b</SESS>
  <RULES_TRIGGERED>0</RULES_TRIGGERED>
  <COUNTERS_TRIGGERED>0</COUNTERS_TRIGGERED>
  <REASON_CODE></REASON_CODE>
  <MASTERCARD></MASTERCARD>
  <WARNING_COUNT>0</WARNING_COUNT>
</RESPONSE>

2015-08-05T09:23:06Z
RequestParameter:  billNo: 55c1d60ddf865 | startTime:2015-08-05 09:23:06

2015-08-05T09:23:06Z
Array
(
    [MODE] => U
    [FRMT] => XML
    [VERS] => 0630
    [MERC] => 680000
    [SESS] => 55c1d60ddf865
    [TRAN] => 38GV0K13YQKT
    [AUTH] => D
    [MACK] => Y
)


2015-08-05T09:23:07Z
ResponseParameter:  billNo: 55c1d60ddf865 | endTime:2015-08-05 09:23:07

2015-08-05T09:23:07Z
<?xml version="1.0" encoding="UTF-8"?>
<RESPONSE>
  <VERS>0630</VERS>
  <MODE>U</MODE>
  <TRAN>38GV0K13YQKT</TRAN>
  <MERC>680000</MERC>
  <SESS>55c1d60ddf865</SESS>
  <RULES_TRIGGERED>0</RULES_TRIGGERED>
  <COUNTERS_TRIGGERED>0</COUNTERS_TRIGGERED>
  <REASON_CODE></REASON_CODE>
  <MASTERCARD></MASTERCARD>
  <WARNING_COUNT>0</WARNING_COUNT>
</RESPONSE>

2015-08-05T10:03:41Z
RequestParameter:  billNo: 55c1df8f7bada | startTime:2015-08-05 10:03:41

2015-08-05T10:03:41Z
Array
(
    [MODE] => U
    [FRMT] => XML
    [VERS] => 0630
    [MERC] => 680000
    [SESS] => 55c1df8f7bada
    [TRAN] => 38GW0C91KLJ7
    [AUTH] => D
    [MACK] => Y
)


2015-08-05T10:03:42Z
ResponseParameter:  billNo: 55c1df8f7bada | endTime:2015-08-05 10:03:42

2015-08-05T10:03:42Z
<?xml version="1.0" encoding="UTF-8"?>
<RESPONSE>
  <VERS>0630</VERS>
  <MODE>U</MODE>
  <TRAN>38GW0C91KLJ7</TRAN>
  <MERC>680000</MERC>
  <SESS>55c1df8f7bada</SESS>
  <RULES_TRIGGERED>0</RULES_TRIGGERED>
  <COUNTERS_TRIGGERED>0</COUNTERS_TRIGGERED>
  <REASON_CODE></REASON_CODE>
  <MASTERCARD></MASTERCARD>
  <WARNING_COUNT>0</WARNING_COUNT>
</RESPONSE>

2015-08-05T10:06:46Z
RequestParameter:  billNo: 55c1e04686f32 | startTime:2015-08-05 10:06:46

2015-08-05T10:06:46Z
Array
(
    [MODE] => U
    [FRMT] => XML
    [VERS] => 0630
    [MERC] => 680000
    [SESS] => 55c1e04686f32
    [TRAN] => 38GW0LKPW6JV
    [AUTH] => D
    [MACK] => Y
)


2015-08-05T10:06:47Z
ResponseParameter:  billNo: 55c1e04686f32 | endTime:2015-08-05 10:06:47

2015-08-05T10:06:47Z
<?xml version="1.0" encoding="UTF-8"?>
<RESPONSE>
  <VERS>0630</VERS>
  <MODE>U</MODE>
  <TRAN>38GW0LKPW6JV</TRAN>
  <MERC>680000</MERC>
  <SESS>55c1e04686f32</SESS>
  <RULES_TRIGGERED>0</RULES_TRIGGERED>
  <COUNTERS_TRIGGERED>0</COUNTERS_TRIGGERED>
  <REASON_CODE></REASON_CODE>
  <MASTERCARD></MASTERCARD>
  <WARNING_COUNT>0</WARNING_COUNT>
</RESPONSE>

2015-08-05T10:09:10Z
RequestParameter:  billNo: 55c1e0d9e4f37 | startTime:2015-08-05 10:09:10

2015-08-05T10:09:10Z
Array
(
    [MODE] => U
    [FRMT] => XML
    [VERS] => 0630
    [MERC] => 680000
    [SESS] => 55c1e0d9e4f37
    [TRAN] => 38GW05KYMD4V
    [AUTH] => D
    [MACK] => Y
)


2015-08-05T10:09:11Z
ResponseParameter:  billNo: 55c1e0d9e4f37 | endTime:2015-08-05 10:09:11

2015-08-05T10:09:11Z
<?xml version="1.0" encoding="UTF-8"?>
<RESPONSE>
  <VERS>0630</VERS>
  <MODE>U</MODE>
  <TRAN>38GW05KYMD4V</TRAN>
  <MERC>680000</MERC>
  <SESS>55c1e0d9e4f37</SESS>
  <RULES_TRIGGERED>0</RULES_TRIGGERED>
  <COUNTERS_TRIGGERED>0</COUNTERS_TRIGGERED>
  <REASON_CODE></REASON_CODE>
  <MASTERCARD></MASTERCARD>
  <WARNING_COUNT>0</WARNING_COUNT>
</RESPONSE>

2015-08-05T14:50:00Z
RequestParameter:  billNo: 346c2a0e60a646b790e28a39d93a03e7 | startTime:2015-08-05 14:50:00

2015-08-05T14:50:00Z
Array
(
    [MODE] => U
    [FRMT] => XML
    [VERS] => 0630
    [MERC] => 680000
    [SESS] => 7c0235a92ce3432db776b5460525a9bd
    [TRAN] => 38G006YZPBVZ
    [AUTH] => D
    [MACK] => Y
)


2015-08-05T14:50:01Z
ResponseParameter:  billNo: 346c2a0e60a646b790e28a39d93a03e7 | endTime:2015-08-05 14:50:01

2015-08-05T14:50:01Z
<?xml version="1.0" encoding="UTF-8"?>
<RESPONSE>
  <VERS>0630</VERS>
  <MODE>U</MODE>
  <TRAN>38G006YZPBVZ</TRAN>
  <MERC>680000</MERC>
  <SESS>7c0235a92ce3432db776b5460525a9bd</SESS>
  <RULES_TRIGGERED>0</RULES_TRIGGERED>
  <COUNTERS_TRIGGERED>0</COUNTERS_TRIGGERED>
  <REASON_CODE></REASON_CODE>
  <MASTERCARD></MASTERCARD>
  <WARNING_COUNT>0</WARNING_COUNT>
</RESPONSE>

2015-08-05T15:58:08Z
RequestParameter:  billNo: bill635743870340556115 | startTime:2015-08-05 15:58:08

2015-08-05T15:58:08Z
Array
(
    [MODE] => U
    [FRMT] => XML
    [VERS] => 0630
    [MERC] => 680000
    [SESS] => bill635743870340556115
    [TRAN] => 38GC0T57JY68
    [AUTH] => D
    [MACK] => Y
)


2015-08-05T15:58:09Z
ResponseParameter:  billNo: bill635743870340556115 | endTime:2015-08-05 15:58:09

2015-08-05T15:58:09Z
<?xml version="1.0" encoding="UTF-8"?>
<RESPONSE>
  <VERS>0630</VERS>
  <MODE>U</MODE>
  <TRAN>38GC0T57JY68</TRAN>
  <MERC>680000</MERC>
  <SESS>bill635743870340556115</SESS>
  <RULES_TRIGGERED>0</RULES_TRIGGERED>
  <COUNTERS_TRIGGERED>0</COUNTERS_TRIGGERED>
  <REASON_CODE></REASON_CODE>
  <MASTERCARD></MASTERCARD>
  <WARNING_COUNT>0</WARNING_COUNT>
</RESPONSE>

2015-08-05T16:19:41Z
RequestParameter:  billNo: 56febe20eca14f2995e5c146ef462e9d | startTime:2015-08-05 16:19:41

2015-08-05T16:19:41Z
Array
(
    [MODE] => U
    [FRMT] => XML
    [VERS] => 0630
    [MERC] => 680000
    [SESS] => 530fd3c4820640adbb55d6fff9bf029a
    [TRAN] => 38GZ0L8P0GX8
    [AUTH] => D
    [MACK] => Y
)


2015-08-05T16:19:42Z
ResponseParameter:  billNo: 56febe20eca14f2995e5c146ef462e9d | endTime:2015-08-05 16:19:42

2015-08-05T16:19:42Z
<?xml version="1.0" encoding="UTF-8"?>
<RESPONSE>
  <VERS>0630</VERS>
  <MODE>U</MODE>
  <TRAN>38GZ0L8P0GX8</TRAN>
  <MERC>680000</MERC>
  <SESS>530fd3c4820640adbb55d6fff9bf029a</SESS>
  <RULES_TRIGGERED>0</RULES_TRIGGERED>
  <COUNTERS_TRIGGERED>0</COUNTERS_TRIGGERED>
  <REASON_CODE></REASON_CODE>
  <MASTERCARD></MASTERCARD>
  <WARNING_COUNT>0</WARNING_COUNT>
</RESPONSE>

2015-08-05T16:20:11Z
RequestParameter:  billNo: cb7208c04cac4f5eb5c948cfa612d750 | startTime:2015-08-05 16:20:11

2015-08-05T16:20:11Z
Array
(
    [MODE] => U
    [FRMT] => XML
    [VERS] => 0630
    [MERC] => 680000
    [SESS] => f8b1469d75f64940b2353577fd32848e
    [TRAN] => 38GZ0RX748TT
    [AUTH] => D
    [MACK] => Y
)


2015-08-05T16:20:12Z
ResponseParameter:  billNo: cb7208c04cac4f5eb5c948cfa612d750 | endTime:2015-08-05 16:20:12

2015-08-05T16:20:12Z
<?xml version="1.0" encoding="UTF-8"?>
<RESPONSE>
  <VERS>0630</VERS>
  <MODE>U</MODE>
  <TRAN>38GZ0RX748TT</TRAN>
  <MERC>680000</MERC>
  <SESS>f8b1469d75f64940b2353577fd32848e</SESS>
  <RULES_TRIGGERED>0</RULES_TRIGGERED>
  <COUNTERS_TRIGGERED>0</COUNTERS_TRIGGERED>
  <REASON_CODE></REASON_CODE>
  <MASTERCARD></MASTERCARD>
  <WARNING_COUNT>0</WARNING_COUNT>
</RESPONSE>

2015-08-05T16:20:41Z
RequestParameter:  billNo: a81b283afce542e1a56de804dd13e595 | startTime:2015-08-05 16:20:41

2015-08-05T16:20:41Z
Array
(
    [MODE] => U
    [FRMT] => XML
    [VERS] => 0630
    [MERC] => 680000
    [SESS] => aa9522bd62644292be362d292034bdc9
    [TRAN] => 38GZ0DRZSJ2H
    [AUTH] => D
    [MACK] => Y
)


2015-08-05T16:20:42Z
ResponseParameter:  billNo: a81b283afce542e1a56de804dd13e595 | endTime:2015-08-05 16:20:42

2015-08-05T16:20:42Z
<?xml version="1.0" encoding="UTF-8"?>
<RESPONSE>
  <VERS>0630</VERS>
  <MODE>U</MODE>
  <TRAN>38GZ0DRZSJ2H</TRAN>
  <MERC>680000</MERC>
  <SESS>aa9522bd62644292be362d292034bdc9</SESS>
  <RULES_TRIGGERED>0</RULES_TRIGGERED>
  <COUNTERS_TRIGGERED>0</COUNTERS_TRIGGERED>
  <REASON_CODE></REASON_CODE>
  <MASTERCARD></MASTERCARD>
  <WARNING_COUNT>0</WARNING_COUNT>
</RESPONSE>

2015-08-05T16:26:19Z
RequestParameter:  billNo: bill635743886694185960 | startTime:2015-08-05 16:26:19

2015-08-05T16:26:19Z
Array
(
    [MODE] => U
    [FRMT] => XML
    [VERS] => 0630
    [MERC] => 680000
    [SESS] => bill635743886694185960
    [TRAN] => 38GZ043T61B0
    [AUTH] => D
    [MACK] => Y
)


2015-08-05T16:26:20Z
ResponseParameter:  billNo: bill635743886694185960 | endTime:2015-08-05 16:26:20

2015-08-05T16:26:20Z
<?xml version="1.0" encoding="UTF-8"?>
<RESPONSE>
  <VERS>0630</VERS>
  <MODE>U</MODE>
  <TRAN>38GZ043T61B0</TRAN>
  <MERC>680000</MERC>
  <SESS>bill635743886694185960</SESS>
  <RULES_TRIGGERED>0</RULES_TRIGGERED>
  <COUNTERS_TRIGGERED>0</COUNTERS_TRIGGERED>
  <REASON_CODE></REASON_CODE>
  <MASTERCARD></MASTERCARD>
  <WARNING_COUNT>0</WARNING_COUNT>
</RESPONSE>

2015-08-05T16:28:12Z
RequestParameter:  billNo: 1438792110699 | startTime:2015-08-05 16:28:12

2015-08-05T16:28:12Z
Array
(
    [MODE] => U
    [FRMT] => XML
    [VERS] => 0630
    [MERC] => 680000
    [SESS] => 7ff595634ab84a100494d529b99e36cd
    [TRAN] => 38GZ04J7SRXL
    [AUTH] => D
    [MACK] => Y
)


2015-08-05T16:28:13Z
ResponseParameter:  billNo: 1438792110699 | endTime:2015-08-05 16:28:13

2015-08-05T16:28:13Z
<?xml version="1.0" encoding="UTF-8"?>
<RESPONSE>
  <VERS>0630</VERS>
  <MODE>U</MODE>
  <TRAN>38GZ04J7SRXL</TRAN>
  <MERC>680000</MERC>
  <SESS>7ff595634ab84a100494d529b99e36cd</SESS>
  <RULES_TRIGGERED>0</RULES_TRIGGERED>
  <COUNTERS_TRIGGERED>0</COUNTERS_TRIGGERED>
  <REASON_CODE></REASON_CODE>
  <MASTERCARD></MASTERCARD>
  <WARNING_COUNT>0</WARNING_COUNT>
</RESPONSE>

2015-08-05T16:59:04Z
RequestParameter:  billNo: bill635743905628544987 | startTime:2015-08-05 16:59:04

2015-08-05T16:59:04Z
Array
(
    [MODE] => U
    [FRMT] => XML
    [VERS] => 0630
    [MERC] => 680000
    [SESS] => bill635743905628544987
    [TRAN] => 38GZ0JQ70CNY
    [AUTH] => D
    [MACK] => Y
)


2015-08-05T16:59:05Z
ResponseParameter:  billNo: bill635743905628544987 | endTime:2015-08-05 16:59:05

2015-08-05T16:59:05Z
<?xml version="1.0" encoding="UTF-8"?>
<RESPONSE>
  <VERS>0630</VERS>
  <MODE>U</MODE>
  <TRAN>38GZ0JQ70CNY</TRAN>
  <MERC>680000</MERC>
  <SESS>bill635743905628544987</SESS>
  <RULES_TRIGGERED>0</RULES_TRIGGERED>
  <COUNTERS_TRIGGERED>0</COUNTERS_TRIGGERED>
  <REASON_CODE></REASON_CODE>
  <MASTERCARD></MASTERCARD>
  <WARNING_COUNT>0</WARNING_COUNT>
</RESPONSE>

2015-08-05T17:13:32Z
RequestParameter:  billNo: 328fe829d29e4f449edd516806a646ab | startTime:2015-08-05 17:13:32

2015-08-05T17:13:32Z
Array
(
    [MODE] => U
    [FRMT] => XML
    [VERS] => 0630
    [MERC] => 680000
    [SESS] => 5d85746c670242c189e602f0a1021e2e
    [TRAN] => 38G808V5SZ6G
    [AUTH] => D
    [MACK] => Y
)


2015-08-05T17:13:33Z
ResponseParameter:  billNo: 328fe829d29e4f449edd516806a646ab | endTime:2015-08-05 17:13:33

2015-08-05T17:13:33Z
<?xml version="1.0" encoding="UTF-8"?>
<RESPONSE>
  <VERS>0630</VERS>
  <MODE>U</MODE>
  <TRAN>38G808V5SZ6G</TRAN>
  <MERC>680000</MERC>
  <SESS>5d85746c670242c189e602f0a1021e2e</SESS>
  <RULES_TRIGGERED>0</RULES_TRIGGERED>
  <COUNTERS_TRIGGERED>0</COUNTERS_TRIGGERED>
  <REASON_CODE></REASON_CODE>
  <MASTERCARD></MASTERCARD>
  <WARNING_COUNT>0</WARNING_COUNT>
</RESPONSE>

2015-08-05T17:13:57Z
RequestParameter:  billNo: d1283109a19e45f9b30ef2cd4b0764cc | startTime:2015-08-05 17:13:57

2015-08-05T17:13:57Z
Array
(
    [MODE] => U
    [FRMT] => XML
    [VERS] => 0630
    [MERC] => 680000
    [SESS] => a36803ef2d3247d5b33fe7c6050cfa95
    [TRAN] => 38G80DQ20LTK
    [AUTH] => D
    [MACK] => Y
)


2015-08-05T17:13:58Z
ResponseParameter:  billNo: d1283109a19e45f9b30ef2cd4b0764cc | endTime:2015-08-05 17:13:58

2015-08-05T17:13:58Z
<?xml version="1.0" encoding="UTF-8"?>
<RESPONSE>
  <VERS>0630</VERS>
  <MODE>U</MODE>
  <TRAN>38G80DQ20LTK</TRAN>
  <MERC>680000</MERC>
  <SESS>a36803ef2d3247d5b33fe7c6050cfa95</SESS>
  <RULES_TRIGGERED>0</RULES_TRIGGERED>
  <COUNTERS_TRIGGERED>0</COUNTERS_TRIGGERED>
  <REASON_CODE></REASON_CODE>
  <MASTERCARD></MASTERCARD>
  <WARNING_COUNT>0</WARNING_COUNT>
</RESPONSE>

2015-08-05T17:14:26Z
RequestParameter:  billNo: 1b5a1a740de34352b5e034b446682a22 | startTime:2015-08-05 17:14:26

2015-08-05T17:14:26Z
Array
(
    [MODE] => U
    [FRMT] => XML
    [VERS] => 0630
    [MERC] => 680000
    [SESS] => 5181e6a6c06c4358b0374eea60bd24a7
    [TRAN] => 38G805WV8KSV
    [AUTH] => D
    [MACK] => Y
)


2015-08-05T17:14:26Z
ResponseParameter:  billNo: 1b5a1a740de34352b5e034b446682a22 | endTime:2015-08-05 17:14:26

2015-08-05T17:14:26Z
<?xml version="1.0" encoding="UTF-8"?>
<RESPONSE>
  <VERS>0630</VERS>
  <MODE>U</MODE>
  <TRAN>38G805WV8KSV</TRAN>
  <MERC>680000</MERC>
  <SESS>5181e6a6c06c4358b0374eea60bd24a7</SESS>
  <RULES_TRIGGERED>0</RULES_TRIGGERED>
  <COUNTERS_TRIGGERED>0</COUNTERS_TRIGGERED>
  <REASON_CODE></REASON_CODE>
  <MASTERCARD></MASTERCARD>
  <WARNING_COUNT>0</WARNING_COUNT>
</RESPONSE>

