2015-06-17T02:23:19Z
RequestParameter:  billNo: OWl1q1434506291

2015-06-17T02:23:19Z
https://www.pesopay.com/b2c2/eng/merchant/api/orderApi.jsp?merchantId=18139939&loginId=Allianzmetro1&password=xe4WcGL7NVdRAQk&actionType=Void&payRef=7263875&amount=10

2015-06-17T02:23:22Z
ResponseParameter:  billNo: OWl1q1434506291

2015-06-17T02:23:22Z
resultCode=0&orderStatus=Accepted&ref=OWl1q1434506291&payRef=7263875&amt=10.0&cur=840&errMsg=Void Successfully.





2015-06-17T13:32:00Z
RequestParameter:  billNo: ZFz841431958311

2015-06-17T13:32:00Z
https://www.pesopay.com/b2c2/eng/merchant/api/orderApi.jsp?merchantId=18139939&loginId=Allianzmetro1&password=xe4WcGL7NVdRAQk&actionType=OnlineRefund&payRef=7017190&amount=500

2015-06-17T13:32:02Z
ResponseParameter:  billNo: ZFz841431958311

2015-06-17T13:32:02Z
resultCode=0&orderStatus=&ref=&payRef=&amt=&cur=&errMsg=Online Refund Success...





2015-06-17T13:33:03Z
RequestParameter:  billNo: 9kOey1431973968

2015-06-17T13:33:03Z
https://www.pesopay.com/b2c2/eng/merchant/api/orderApi.jsp?merchantId=18139939&loginId=Allianzmetro1&password=xe4WcGL7NVdRAQk&actionType=OnlineRefund&payRef=7018818&amount=500

2015-06-17T13:33:06Z
ResponseParameter:  billNo: 9kOey1431973968

2015-06-17T13:33:06Z
resultCode=0&orderStatus=&ref=&payRef=&amt=&cur=&errMsg=Online Refund Success...





2015-06-17T13:33:56Z
RequestParameter:  billNo: WMBAk1431882959

2015-06-17T13:33:56Z
https://www.pesopay.com/b2c2/eng/merchant/api/orderApi.jsp?merchantId=18139939&loginId=Allianzmetro1&password=xe4WcGL7NVdRAQk&actionType=OnlineRefund&payRef=7011029&amount=500

2015-06-17T13:33:58Z
ResponseParameter:  billNo: WMBAk1431882959

2015-06-17T13:33:58Z
resultCode=0&orderStatus=&ref=&payRef=&amt=&cur=&errMsg=Online Refund Success...





2015-06-17T13:34:57Z
RequestParameter:  billNo: Bia6o1431962930

2015-06-17T13:34:57Z
https://www.pesopay.com/b2c2/eng/merchant/api/orderApi.jsp?merchantId=18139939&loginId=Allianzmetro1&password=xe4WcGL7NVdRAQk&actionType=OnlineRefund&payRef=7017454&amount=500

2015-06-17T13:34:59Z
ResponseParameter:  billNo: Bia6o1431962930

2015-06-17T13:34:59Z
resultCode=0&orderStatus=&ref=&payRef=&amt=&cur=&errMsg=Online Refund Success...





2015-06-17T13:35:38Z
RequestParameter:  billNo: tSuCe1433450896

2015-06-17T13:35:38Z
https://www.pesopay.com/b2c2/eng/merchant/api/orderApi.jsp?merchantId=18139939&loginId=Allianzmetro1&password=xe4WcGL7NVdRAQk&actionType=OnlineRefund&payRef=7155528&amount=1000

2015-06-17T13:35:40Z
ResponseParameter:  billNo: tSuCe1433450896

2015-06-17T13:35:40Z
resultCode=0&orderStatus=&ref=&payRef=&amt=&cur=&errMsg=Online Refund Success...





2015-06-17T14:01:44Z
RequestParameter:  billNo: 5769ed6e79b64d13a3f1ce91a1b53b43

2015-06-17T14:01:44Z
https://www.pesopay.com/b2c2/eng/merchant/api/orderApi.jsp?merchantId=18139954&loginId=AllianzMetro1&password=Kaft5mNDjsks29d&actionType=OnlineRefund&payRef=7251120&amount=200

2015-06-17T14:01:47Z
ResponseParameter:  billNo: 5769ed6e79b64d13a3f1ce91a1b53b43

2015-06-17T14:01:47Z
resultCode=0&orderStatus=&ref=&payRef=&amt=&cur=&errMsg=Online Refund Success...





2015-06-17T14:03:34Z
RequestParameter:  billNo: b47fd9eebdbf484f9e568714e82406cb

2015-06-17T14:03:34Z
https://www.pesopay.com/b2c2/eng/merchant/api/orderApi.jsp?merchantId=18139954&loginId=AllianzMetro1&password=Kaft5mNDjsks29d&actionType=OnlineRefund&payRef=7208314&amount=200

2015-06-17T14:03:37Z
ResponseParameter:  billNo: b47fd9eebdbf484f9e568714e82406cb

2015-06-17T14:03:37Z
resultCode=0&orderStatus=&ref=&payRef=&amt=&cur=&errMsg=Online Refund Success...





2015-06-17T15:27:53Z
RequestParameter:  billNo: 128f009e3f1046b7a627e111513d9b66

2015-06-17T15:27:53Z
https://www.pesopay.com/b2c2/eng/merchant/api/orderApi.jsp?merchantId=18139954&loginId=AllianzMetro1&password=Kaft5mNDjsks29d&actionType=Void&payRef=7268666&amount=226

2015-06-17T15:27:56Z
ResponseParameter:  billNo: 128f009e3f1046b7a627e111513d9b66

2015-06-17T15:27:56Z
resultCode=0&orderStatus=Accepted&ref=128f009e3f1046b7a627e111513d9b66&payRef=7268666&amt=226.0&cur=978&errMsg=Void Successfully.





