2015-09-15T07:43:59Z
RequestParameter:  billNo: 4906ccd7afd54938a25f014b30ca446c | startTime:2015-09-15 07:43:59

2015-09-15T07:43:59Z
Array
(
    [MODE] => Q
    [FRMT] => XML
    [VERS] => 0630
    [MERC] => 680000
    [UDF[CUSTOMER_IPAD]] => 193.138.132.121
    [SESS] => 05dc934f691b46cf9695e6cb7a3883cf
    [ORDR] => 4906ccd7afd54938a25f014b30ca446c
    [CURR] => USD
    [PENC] => KHASH
    [PTYP] => CARD
    [PTOK] => 091185PMFQJU89PD7G2B
    [IPAD] => 193.138.132.121
    [MACK] => Y
    [AUTH] => A
    [PROD_DESC[0]] => Binary Trade
    [PROD_TYPE[0]] => Binary Trade
    [PROD_ITEM[0]] => SKU-HBR-BinaryTrade
    [PROD_QUANT[0]] => 1
    [PROD_PRICE[0]] => 30000
    [TOTL] => 30000
    [SITE] => VERT001
    [UDF[MERCHANT_ID]] => 20001MERHIBRO
    [NAME] => Maliya  Malikowa
    [B2A1] => Lenina 1
    [B2CC] => BY
    [B2CI] => Brest
    [B2PC] => 000000
    [B2PN] => +375445708299
    [B2ST] => BY
    [S2A1] => 
    [S2CC] => 
    [S2CI] => 
    [S2EM] => 
    [S2NM] =>  
    [S2PC] => 
    [S2PN] => 
    [S2ST] => 
    [SHTP] => 
    [CASH] => 300
    [DOB] => 1983-02-08
    [GENDER] => M
    [EMAL] => 375445708299@mail.ru
)


2015-09-15T07:44:00Z
ResponseParameter:  billNo: 4906ccd7afd54938a25f014b30ca446c | endTime:2015-09-15 07:44:00

2015-09-15T07:44:00Z
<?xml version="1.0" encoding="UTF-8"?>
<RESPONSE>
  <VERS>0630</VERS>
  <MODE>Q</MODE>
  <TRAN>36CG006VZ0TL</TRAN>
  <MERC>680000</MERC>
  <SESS>05dc934f691b46cf9695e6cb7a3883cf</SESS>
  <ORDR>4906ccd7afd54938a25f014b30ca446c</ORDR>
  <AUTO>A</AUTO>
  <SCOR>87</SCOR>
  <GEOX>RU</GEOX>
  <BRND></BRND>
  <REGN>RU_91</REGN>
  <NETW>N</NETW>
  <KAPT>Y</KAPT>
  <CARDS>3</CARDS>
  <DEVICES>3</DEVICES>
  <EMAILS>3</EMAILS>
  <VELO>0</VELO>
  <VMAX>0</VMAX>
  <SITE>VERT001</SITE>
  <DEVICE_LAYERS>BA062F8B1A.40D5201CAA.0BCBD04AE2.E54C12F40D.D560BAD8DA</DEVICE_LAYERS>
  <FINGERPRINT>2684659FB042BEF17D69B5FE8EAF636F</FINGERPRINT>
  <TIMEZONE>1380</TIMEZONE>
  <LOCALTIME>2015-09-15 08:44</LOCALTIME>
  <REGION>UA_24</REGION>
  <COUNTRY>UA</COUNTRY>
  <PROXY>N</PROXY>
  <JAVASCRIPT>Y</JAVASCRIPT>
  <FLASH>Y</FLASH>
  <COOKIES>Y</COOKIES>
  <HTTP_COUNTRY>US</HTTP_COUNTRY>
  <LANGUAGE>EN</LANGUAGE>
  <MOBILE_DEVICE>N</MOBILE_DEVICE>
  <MOBILE_TYPE></MOBILE_TYPE>
  <MOBILE_FORWARDER>N</MOBILE_FORWARDER>
  <VOICE_DEVICE>N</VOICE_DEVICE>
  <PC_REMOTE>N</PC_REMOTE>
  <RULES_TRIGGERED>4</RULES_TRIGGERED>
  <RULE_ID_0>330718</RULE_ID_0>
  <RULE_DESCRIPTION_0>GEO Billing &lt;&gt; Device Country (1pt)</RULE_DESCRIPTION_0>
  <RULE_ID_1>330722</RULE_ID_1>
  <RULE_DESCRIPTION_1>GEO BIN and Device Country not equal (1pt)</RULE_DESCRIPTION_1>
  <RULE_ID_2>330730</RULE_ID_2>
  <RULE_DESCRIPTION_2>FRAUD_SCRD GEO Counter Triggered (5pts)</RULE_DESCRIPTION_2>
  <RULE_ID_3>330744</RULE_ID_3>
  <RULE_DESCRIPTION_3>FRAUD_SCRD Score &gt; 80 &amp; &lt; 95 (15pts)</RULE_DESCRIPTION_3>
  <COUNTERS_TRIGGERED>2</COUNTERS_TRIGGERED>
  <COUNTER_NAME_0>GEO</COUNTER_NAME_0>
  <COUNTER_VALUE_0>2</COUNTER_VALUE_0>
  <COUNTER_NAME_1>FRAUD_SCRD</COUNTER_NAME_1>
  <COUNTER_VALUE_1>20</COUNTER_VALUE_1>
  <REASON_CODE></REASON_CODE>
  <MASTERCARD></MASTERCARD>
  <DDFS>2015-04-25</DDFS>
  <DSR>768x1366</DSR>
  <UAS>Mozilla/5.0 (X11; Linux i686) AppleWebKit/537.36 (KHTML, like Gecko) Chrome/40.0.2214.111 Safari/537.36</UAS>
  <BROWSER>Chrome 40.0.2214.111</BROWSER>
  <OS>Linux i686</OS>
  <PIP_IPAD></PIP_IPAD>
  <PIP_LAT></PIP_LAT>
  <PIP_LON></PIP_LON>
  <PIP_COUNTRY></PIP_COUNTRY>
  <PIP_REGION></PIP_REGION>
  <PIP_CITY></PIP_CITY>
  <PIP_ORG></PIP_ORG>
  <IP_IPAD>193.138.132.121</IP_IPAD>
  <IP_LAT>50.7593</IP_LAT>
  <IP_LON>25.3424</IP_LON>
  <IP_COUNTRY>UA</IP_COUNTRY>
  <IP_REGION>Volynska Oblast</IP_REGION>
  <IP_CITY>Lutsk</IP_CITY>
  <IP_ORG>NASCHA MEREZHA LTD</IP_ORG>
  <WARNING_COUNT>0</WARNING_COUNT>
</RESPONSE>

2015-09-15T10:55:05Z
RequestParameter:  billNo: bill635779111469647262 | startTime:2015-09-15 10:55:05

2015-09-15T10:55:05Z
Array
(
    [MODE] => P
    [FRMT] => XML
    [VERS] => 0630
    [MERC] => 680000
    [UDF[CUSTOMER_IPAD]] => 70.29.201.221
    [SESS] => bill635779111469647262
    [ORDR] => bill635779111469647262
    [CURR] => EUR
    [PENC] => KHASH
    [PTYP] => CARD
    [PTOK] => 525995NEXJ9Y48RX4V8F
    [IPAD] => 10.0.0.1
    [MACK] => Y
    [AUTH] => A
    [PROD_DESC[0]] => Binary Trade
    [PROD_TYPE[0]] => Binary Trade
    [PROD_ITEM[0]] => SKU-BML-BinaryTrade
    [PROD_QUANT[0]] => 1
    [PROD_PRICE[0]] => 20000
    [TOTL] => 20000
    [SITE] => VERT001
    [UDF[MERCHANT_ID]] => 20001MERBIOSTRADV
    [NAME] => Alban Giasson +
    [B2A1] => 34 cousineau
    [B2CC] => CA
    [B2CI] => laval
    [B2PC] => h7g3j3
    [B2PN] => 1 4509752791
    [B2ST] => MH
    [S2A1] => 
    [S2CC] => 
    [S2CI] => 
    [S2EM] => 
    [S2NM] =>  
    [S2PC] => 
    [S2PN] => 
    [S2ST] => 
    [SHTP] => 
    [CASH] => 200
    [DOB] => --
    [GENDER] => M
    [EMAL] => algiasson@sympatico.ca
    [ANID] => 1 4509752791
)


2015-09-15T10:55:07Z
ResponseParameter:  billNo: bill635779111469647262 | endTime:2015-09-15 10:55:07

2015-09-15T10:55:07Z
<?xml version="1.0" encoding="UTF-8"?>
<RESPONSE>
  <VERS>0630</VERS>
  <MODE>P</MODE>
  <TRAN>36C4040TJ42H</TRAN>
  <MERC>680000</MERC>
  <SESS>bill635779111469647262</SESS>
  <ORDR>bill635779111469647262</ORDR>
  <AUTO>A</AUTO>
  <SCOR>20</SCOR>
  <GEOX>US</GEOX>
  <BRND>MSTR</BRND>
  <REGN></REGN>
  <NETW>N</NETW>
  <KAPT>N</KAPT>
  <CARDS>1</CARDS>
  <DEVICES>1</DEVICES>
  <EMAILS>1</EMAILS>
  <VELO>0</VELO>
  <VMAX>0</VMAX>
  <RULES_TRIGGERED>0</RULES_TRIGGERED>
  <COUNTERS_TRIGGERED>0</COUNTERS_TRIGGERED>
  <REASON_CODE></REASON_CODE>
  <MASTERCARD></MASTERCARD>
  <DDFS></DDFS>
  <DSR></DSR>
  <UAS></UAS>
  <BROWSER></BROWSER>
  <OS></OS>
  <PIP_IPAD></PIP_IPAD>
  <PIP_LAT></PIP_LAT>
  <PIP_LON></PIP_LON>
  <PIP_COUNTRY></PIP_COUNTRY>
  <PIP_REGION></PIP_REGION>
  <PIP_CITY></PIP_CITY>
  <PIP_ORG></PIP_ORG>
  <IP_IPAD></IP_IPAD>
  <IP_LAT></IP_LAT>
  <IP_LON></IP_LON>
  <IP_COUNTRY></IP_COUNTRY>
  <IP_REGION></IP_REGION>
  <IP_CITY></IP_CITY>
  <IP_ORG></IP_ORG>
  <WARNING_0>399 BAD_OPTN Cause: [value [--] did not match regex /^((19|20)\d\d-(0[1-9]|1[012])-(0[1-9]|[12][0-9]|3[01]))?$/], Field: [DOB], Value: [--]</WARNING_0>
  <WARNING_COUNT>1</WARNING_COUNT>
</RESPONSE>

2015-09-15T12:06:47Z
RequestParameter:  billNo: 1442318812352 | startTime:2015-09-15 12:06:47

2015-09-15T12:06:47Z
Array
(
    [MODE] => Q
    [FRMT] => XML
    [VERS] => 0630
    [MERC] => 680000
    [UDF[CUSTOMER_IPAD]] => 27.125.191.100
    [SESS] => 3524d6e1f6c9f5d8ab35023d38f8b376
    [ORDR] => 1442318812352
    [CURR] => USD
    [PENC] => KHASH
    [PTYP] => CARD
    [PTOK] => 55203834MAGFPHTOT53H
    [IPAD] => 27.125.191.100
    [MACK] => Y
    [AUTH] => A
    [PROD_DESC[0]] => Binary Trade
    [PROD_TYPE[0]] => Binary Trade
    [PROD_ITEM[0]] => SKU-ACI-BinaryTrade
    [PROD_QUANT[0]] => 1
    [PROD_PRICE[0]] => 500000
    [TOTL] => 500000
    [SITE] => VERT001
    [UDF[MERCHANT_ID]] => 20001MERACIM1
    [NAME] => Ang Guo Zheng
    [B2A1] => singapore
    [B2CC] => SG
    [B2CI] => singapore
    [B2PC] => 00000
    [B2PN] => 065823235
    [B2ST] =>  
    [S2A1] => 
    [S2CC] => 
    [S2CI] => 
    [S2EM] => 
    [S2NM] =>  
    [S2PC] => 
    [S2PN] => 
    [S2ST] => 
    [SHTP] => 
    [CASH] => 5000
    [DOB] => 1980-09-23
    [GENDER] => M
    [EMAL] => Death86angel@hotmail.com
)


2015-09-15T12:06:48Z
ResponseParameter:  billNo: 1442318812352 | endTime:2015-09-15 12:06:48

2015-09-15T12:06:48Z
<?xml version="1.0" encoding="UTF-8"?>
<RESPONSE>
  <VERS>0630</VERS>
  <MODE>Q</MODE>
  <TRAN>36CS0ZST6TJP</TRAN>
  <MERC>680000</MERC>
  <SESS>3524d6e1f6c9f5d8ab35023d38f8b376</SESS>
  <ORDR>1442318812352</ORDR>
  <AUTO>A</AUTO>
  <SCOR>23</SCOR>
  <GEOX>SG</GEOX>
  <BRND>MSTR</BRND>
  <REGN>SG_00</REGN>
  <NETW>N</NETW>
  <KAPT>Y</KAPT>
  <CARDS>1</CARDS>
  <DEVICES>1</DEVICES>
  <EMAILS>1</EMAILS>
  <VELO>0</VELO>
  <VMAX>0</VMAX>
  <SITE>VERT001</SITE>
  <DEVICE_LAYERS>586E8D8773.E7F0010F58.6FBB1CA655.A80EBD4F24.58E4D37BB6</DEVICE_LAYERS>
  <FINGERPRINT>C942278EA994A552A941BA4381B77601</FINGERPRINT>
  <TIMEZONE>960</TIMEZONE>
  <LOCALTIME>2015-09-15 20:06</LOCALTIME>
  <REGION>SG_00</REGION>
  <COUNTRY>SG</COUNTRY>
  <PROXY>N</PROXY>
  <JAVASCRIPT>Y</JAVASCRIPT>
  <FLASH>Y</FLASH>
  <COOKIES>Y</COOKIES>
  <HTTP_COUNTRY>US</HTTP_COUNTRY>
  <LANGUAGE>EN</LANGUAGE>
  <MOBILE_DEVICE>N</MOBILE_DEVICE>
  <MOBILE_TYPE></MOBILE_TYPE>
  <MOBILE_FORWARDER>N</MOBILE_FORWARDER>
  <VOICE_DEVICE>N</VOICE_DEVICE>
  <PC_REMOTE>N</PC_REMOTE>
  <RULES_TRIGGERED>1</RULES_TRIGGERED>
  <RULE_ID_0>330732</RULE_ID_0>
  <RULE_DESCRIPTION_0>FRAUD_SCRD Score less than 25 and Device Data present (-10pts)</RULE_DESCRIPTION_0>
  <COUNTERS_TRIGGERED>1</COUNTERS_TRIGGERED>
  <COUNTER_NAME_0>FRAUD_SCORD</COUNTER_NAME_0>
  <COUNTER_VALUE_0>-10</COUNTER_VALUE_0>
  <REASON_CODE></REASON_CODE>
  <MASTERCARD></MASTERCARD>
  <DDFS>2015-09-15</DDFS>
  <DSR>900x1440</DSR>
  <UAS>Mozilla/5.0 (Macintosh; Intel Mac OS X 10_10_4) AppleWebKit/537.36 (KHTML, like Gecko) Chrome/45.0.2454.85 Safari/537.36</UAS>
  <BROWSER>Chrome 45.0.2454.85</BROWSER>
  <OS>Mac OS X 10_10_4</OS>
  <PIP_IPAD></PIP_IPAD>
  <PIP_LAT></PIP_LAT>
  <PIP_LON></PIP_LON>
  <PIP_COUNTRY></PIP_COUNTRY>
  <PIP_REGION></PIP_REGION>
  <PIP_CITY></PIP_CITY>
  <PIP_ORG></PIP_ORG>
  <IP_IPAD>27.125.191.100</IP_IPAD>
  <IP_LAT>1.2931</IP_LAT>
  <IP_LON>103.8558</IP_LON>
  <IP_COUNTRY>SG</IP_COUNTRY>
  <IP_REGION>UNKNOWN</IP_REGION>
  <IP_CITY>Singapore</IP_CITY>
  <IP_ORG>STARHUB INTERNET</IP_ORG>
  <WARNING_COUNT>0</WARNING_COUNT>
</RESPONSE>

2015-09-15T14:07:12Z
RequestParameter:  billNo: 274fb8b79e3442819eeee415de5ca4cb | startTime:2015-09-15 14:07:12

2015-09-15T14:07:12Z
Array
(
    [MODE] => Q
    [FRMT] => XML
    [VERS] => 0630
    [MERC] => 680000
    [UDF[CUSTOMER_IPAD]] => 89.33.213.8
    [SESS] => 24d384f3eafb4e9bad6e303d293ca561
    [ORDR] => 274fb8b79e3442819eeee415de5ca4cb
    [CURR] => USD
    [PENC] => KHASH
    [PTYP] => CARD
    [PTOK] => 4402576Q80UG54WN08MJ
    [IPAD] => 89.33.213.8
    [MACK] => Y
    [AUTH] => A
    [PROD_DESC[0]] => Binary Trade
    [PROD_TYPE[0]] => Binary Trade
    [PROD_ITEM[0]] => SKU-HBR-BinaryTrade
    [PROD_QUANT[0]] => 1
    [PROD_PRICE[0]] => 10000
    [TOTL] => 10000
    [SITE] => VERT001
    [UDF[MERCHANT_ID]] => 20001MERHIBRO
    [NAME] => MARIYA ISSAKANOVA
    [B2A1] => SEREBRYANSKAYA 138
    [B2CC] => KZ
    [B2CI] => SEREBRYANSK
    [B2PC] => 000000
    [B2PN] => +77028448013
    [B2ST] => KZ
    [S2A1] => 
    [S2CC] => 
    [S2CI] => 
    [S2EM] => 
    [S2NM] =>  
    [S2PC] => 
    [S2PN] => 
    [S2ST] => 
    [SHTP] => 
    [CASH] => 100
    [DOB] => 1990-08-28
    [GENDER] => M
    [EMAL] => aleksei.isakanov@mail.ru
)


2015-09-15T14:07:13Z
ResponseParameter:  billNo: 274fb8b79e3442819eeee415de5ca4cb | endTime:2015-09-15 14:07:13

2015-09-15T14:07:13Z
<?xml version="1.0" encoding="UTF-8"?>
<RESPONSE>
  <VERS>0630</VERS>
  <MODE>Q</MODE>
  <TRAN>36CW0ZDKYW4H</TRAN>
  <MERC>680000</MERC>
  <SESS>24d384f3eafb4e9bad6e303d293ca561</SESS>
  <ORDR>274fb8b79e3442819eeee415de5ca4cb</ORDR>
  <AUTO>A</AUTO>
  <SCOR>18</SCOR>
  <GEOX>KZ</GEOX>
  <BRND>VISA</BRND>
  <REGN>KZ_05</REGN>
  <NETW>N</NETW>
  <KAPT>Y</KAPT>
  <CARDS>1</CARDS>
  <DEVICES>1</DEVICES>
  <EMAILS>1</EMAILS>
  <VELO>0</VELO>
  <VMAX>0</VMAX>
  <SITE>VERT001</SITE>
  <DEVICE_LAYERS>C56AC8CEAF.AB38F7BF56.7656EFA79E.93782A2EC8.CAFA24EBAF</DEVICE_LAYERS>
  <FINGERPRINT>FA79B4DCC76970978844A2809085C74F</FINGERPRINT>
  <TIMEZONE>1080</TIMEZONE>
  <LOCALTIME>2015-09-15 20:07</LOCALTIME>
  <REGION>KZ_05</REGION>
  <COUNTRY>KZ</COUNTRY>
  <PROXY>N</PROXY>
  <JAVASCRIPT>Y</JAVASCRIPT>
  <FLASH>Y</FLASH>
  <COOKIES>Y</COOKIES>
  <HTTP_COUNTRY>RU</HTTP_COUNTRY>
  <LANGUAGE>RU</LANGUAGE>
  <MOBILE_DEVICE>N</MOBILE_DEVICE>
  <MOBILE_TYPE></MOBILE_TYPE>
  <MOBILE_FORWARDER>N</MOBILE_FORWARDER>
  <VOICE_DEVICE>N</VOICE_DEVICE>
  <PC_REMOTE>N</PC_REMOTE>
  <RULES_TRIGGERED>1</RULES_TRIGGERED>
  <RULE_ID_0>330732</RULE_ID_0>
  <RULE_DESCRIPTION_0>FRAUD_SCRD Score less than 25 and Device Data present (-10pts)</RULE_DESCRIPTION_0>
  <COUNTERS_TRIGGERED>1</COUNTERS_TRIGGERED>
  <COUNTER_NAME_0>FRAUD_SCORD</COUNTER_NAME_0>
  <COUNTER_VALUE_0>-10</COUNTER_VALUE_0>
  <REASON_CODE></REASON_CODE>
  <MASTERCARD></MASTERCARD>
  <DDFS>2015-09-15</DDFS>
  <DSR>768x1366</DSR>
  <UAS>Mozilla/5.0 (Windows NT 6.1; WOW64) AppleWebKit/537.36 (KHTML, like Gecko) Chrome/45.0.2454.85 Safari/537.36</UAS>
  <BROWSER>Chrome 45.0.2454.85</BROWSER>
  <OS>Windows 7</OS>
  <PIP_IPAD></PIP_IPAD>
  <PIP_LAT></PIP_LAT>
  <PIP_LON></PIP_LON>
  <PIP_COUNTRY></PIP_COUNTRY>
  <PIP_REGION></PIP_REGION>
  <PIP_CITY></PIP_CITY>
  <PIP_ORG></PIP_ORG>
  <IP_IPAD>89.33.213.49</IP_IPAD>
  <IP_LAT>51.1811</IP_LAT>
  <IP_LON>71.4278</IP_LON>
  <IP_COUNTRY>KZ</IP_COUNTRY>
  <IP_REGION>Astana</IP_REGION>
  <IP_CITY>Astana</IP_CITY>
  <IP_ORG>2DAY TELECOM LLP</IP_ORG>
  <WARNING_COUNT>0</WARNING_COUNT>
</RESPONSE>

2015-09-15T20:47:22Z
RequestParameter:  billNo: 6dcdf1657e5a4fa6b118647bc5b51cf8 | startTime:2015-09-15 20:47:22

2015-09-15T20:47:22Z
Array
(
    [MODE] => Q
    [FRMT] => XML
    [VERS] => 0630
    [MERC] => 680000
    [UDF[CUSTOMER_IPAD]] => 92.137.121.31
    [SESS] => 51c28be5d1c94021ad964019e97eede1
    [ORDR] => 6dcdf1657e5a4fa6b118647bc5b51cf8
    [CURR] => EUR
    [PENC] => KHASH
    [PTYP] => CARD
    [PTOK] => 5136464DGX6MKNOJ1A7J
    [IPAD] => 92.137.121.31
    [MACK] => Y
    [AUTH] => A
    [PROD_DESC[0]] => Binary Trade
    [PROD_TYPE[0]] => Binary Trade
    [PROD_ITEM[0]] => SKU-ANT-BinaryTrade
    [PROD_QUANT[0]] => 1
    [PROD_PRICE[0]] => 5000
    [TOTL] => 5000
    [SITE] => VERT001
    [UDF[MERCHANT_ID]] => 20001MERANTY
    [NAME] => Alexandre Arar
    [B2A1] => 23 rue pierre termier
    [B2CC] => FR
    [B2CI] => Collonges au mont d'or 
    [B2PC] => 69660
    [B2PN] => 0627662865
    [B2ST] => FR
    [S2A1] => 
    [S2CC] => 
    [S2CI] => 
    [S2EM] => 
    [S2NM] =>  
    [S2PC] => 
    [S2PN] => 
    [S2ST] => 
    [SHTP] => 
    [CASH] => 50
    [DOB] => 1995-06-23
    [GENDER] => M
    [EMAL] => alexarar95@gmail.com
)


2015-09-15T20:47:23Z
ResponseParameter:  billNo: 6dcdf1657e5a4fa6b118647bc5b51cf8 | endTime:2015-09-15 20:47:23

2015-09-15T20:47:23Z
<?xml version="1.0" encoding="UTF-8"?>
<RESPONSE>
  <VERS>0630</VERS>
  <MODE>Q</MODE>
  <TRAN>36CZ03BB25G8</TRAN>
  <MERC>680000</MERC>
  <SESS>51c28be5d1c94021ad964019e97eede1</SESS>
  <ORDR>6dcdf1657e5a4fa6b118647bc5b51cf8</ORDR>
  <AUTO>A</AUTO>
  <SCOR>18</SCOR>
  <GEOX>FR</GEOX>
  <BRND>MSTR</BRND>
  <REGN>FR_B9</REGN>
  <NETW>N</NETW>
  <KAPT>Y</KAPT>
  <CARDS>1</CARDS>
  <DEVICES>1</DEVICES>
  <EMAILS>1</EMAILS>
  <VELO>0</VELO>
  <VMAX>0</VMAX>
  <SITE>VERT001</SITE>
  <DEVICE_LAYERS>1E82994208...45428898EC.CD75AADD7B</DEVICE_LAYERS>
  <FINGERPRINT>5788C312AE1068C98D15EEF281946D26</FINGERPRINT>
  <TIMEZONE>1320</TIMEZONE>
  <LOCALTIME>2015-09-15 22:47</LOCALTIME>
  <REGION>FR_B9</REGION>
  <COUNTRY>FR</COUNTRY>
  <PROXY>N</PROXY>
  <JAVASCRIPT>Y</JAVASCRIPT>
  <FLASH>N</FLASH>
  <COOKIES>N</COOKIES>
  <HTTP_COUNTRY>FR</HTTP_COUNTRY>
  <LANGUAGE>FR</LANGUAGE>
  <MOBILE_DEVICE>Y</MOBILE_DEVICE>
  <MOBILE_TYPE>IPHONE</MOBILE_TYPE>
  <MOBILE_FORWARDER>N</MOBILE_FORWARDER>
  <VOICE_DEVICE>N</VOICE_DEVICE>
  <PC_REMOTE>N</PC_REMOTE>
  <RULES_TRIGGERED>1</RULES_TRIGGERED>
  <RULE_ID_0>330732</RULE_ID_0>
  <RULE_DESCRIPTION_0>FRAUD_SCRD Score less than 25 and Device Data present (-10pts)</RULE_DESCRIPTION_0>
  <COUNTERS_TRIGGERED>1</COUNTERS_TRIGGERED>
  <COUNTER_NAME_0>FRAUD_SCORD</COUNTER_NAME_0>
  <COUNTER_VALUE_0>-10</COUNTER_VALUE_0>
  <REASON_CODE></REASON_CODE>
  <MASTERCARD></MASTERCARD>
  <DDFS>2015-09-15</DDFS>
  <DSR>568x320</DSR>
  <UAS>Mozilla/5.0 (iPhone; CPU iPhone OS 8_3 like Mac OS X) AppleWebKit/600.1.4 (KHTML, like Gecko) Version/8.0 Mobile/12F70 Safari/600.1.4</UAS>
  <BROWSER>Safari 8.0</BROWSER>
  <OS>iOS (iPhone) 8_3</OS>
  <PIP_IPAD></PIP_IPAD>
  <PIP_LAT></PIP_LAT>
  <PIP_LON></PIP_LON>
  <PIP_COUNTRY></PIP_COUNTRY>
  <PIP_REGION></PIP_REGION>
  <PIP_CITY></PIP_CITY>
  <PIP_ORG></PIP_ORG>
  <IP_IPAD>92.137.121.31</IP_IPAD>
  <IP_LAT>45.7177</IP_LAT>
  <IP_LON>4.8038</IP_LON>
  <IP_COUNTRY>FR</IP_COUNTRY>
  <IP_REGION>Rhone-Alpes</IP_REGION>
  <IP_CITY>Oullins</IP_CITY>
  <IP_ORG>ORANGE</IP_ORG>
  <WARNING_COUNT>0</WARNING_COUNT>
</RESPONSE>

2015-09-15T20:47:34Z
RequestParameter:  billNo: 20a8c092231a4110ad01e9f6c6f58aae | startTime:2015-09-15 20:47:34

2015-09-15T20:47:34Z
Array
(
    [MODE] => Q
    [FRMT] => XML
    [VERS] => 0630
    [MERC] => 680000
    [UDF[CUSTOMER_IPAD]] => 92.137.121.31
    [SESS] => 4655b0868db4464183036d4d2e0466e6
    [ORDR] => 20a8c092231a4110ad01e9f6c6f58aae
    [CURR] => EUR
    [PENC] => KHASH
    [PTYP] => CARD
    [PTOK] => 5136464DGX6MKNOJ1A7J
    [IPAD] => 92.137.121.31
    [MACK] => Y
    [AUTH] => A
    [PROD_DESC[0]] => Binary Trade
    [PROD_TYPE[0]] => Binary Trade
    [PROD_ITEM[0]] => SKU-ANT-BinaryTrade
    [PROD_QUANT[0]] => 1
    [PROD_PRICE[0]] => 5000
    [TOTL] => 5000
    [SITE] => VERT001
    [UDF[MERCHANT_ID]] => 20001MERANTY
    [NAME] => Alexandre Arar
    [B2A1] => 23 rue pierre termier
    [B2CC] => FR
    [B2CI] => Collonges au mont d'or 
    [B2PC] => 69660
    [B2PN] => 0627662865
    [B2ST] => FR
    [S2A1] => 
    [S2CC] => 
    [S2CI] => 
    [S2EM] => 
    [S2NM] =>  
    [S2PC] => 
    [S2PN] => 
    [S2ST] => 
    [SHTP] => 
    [CASH] => 50
    [DOB] => 1995-06-23
    [GENDER] => M
    [EMAL] => alexarar95@gmail.com
)


2015-09-15T20:47:36Z
ResponseParameter:  billNo: 20a8c092231a4110ad01e9f6c6f58aae | endTime:2015-09-15 20:47:36

2015-09-15T20:47:36Z
<?xml version="1.0" encoding="UTF-8"?>
<RESPONSE>
  <VERS>0630</VERS>
  <MODE>Q</MODE>
  <TRAN>36CZ0YHTHPPM</TRAN>
  <MERC>680000</MERC>
  <SESS>4655b0868db4464183036d4d2e0466e6</SESS>
  <ORDR>20a8c092231a4110ad01e9f6c6f58aae</ORDR>
  <AUTO>A</AUTO>
  <SCOR>18</SCOR>
  <GEOX>FR</GEOX>
  <BRND>MSTR</BRND>
  <REGN>FR_B9</REGN>
  <NETW>N</NETW>
  <KAPT>Y</KAPT>
  <CARDS>1</CARDS>
  <DEVICES>1</DEVICES>
  <EMAILS>1</EMAILS>
  <VELO>0</VELO>
  <VMAX>0</VMAX>
  <SITE>VERT001</SITE>
  <DEVICE_LAYERS>1E82994208...45428898EC.CD75AADD7B</DEVICE_LAYERS>
  <FINGERPRINT>5788C312AE1068C98D15EEF281946D26</FINGERPRINT>
  <TIMEZONE>1320</TIMEZONE>
  <LOCALTIME>2015-09-15 22:47</LOCALTIME>
  <REGION>FR_B9</REGION>
  <COUNTRY>FR</COUNTRY>
  <PROXY>N</PROXY>
  <JAVASCRIPT>Y</JAVASCRIPT>
  <FLASH>N</FLASH>
  <COOKIES>N</COOKIES>
  <HTTP_COUNTRY>FR</HTTP_COUNTRY>
  <LANGUAGE>FR</LANGUAGE>
  <MOBILE_DEVICE>Y</MOBILE_DEVICE>
  <MOBILE_TYPE>IPHONE</MOBILE_TYPE>
  <MOBILE_FORWARDER>N</MOBILE_FORWARDER>
  <VOICE_DEVICE>N</VOICE_DEVICE>
  <PC_REMOTE>N</PC_REMOTE>
  <RULES_TRIGGERED>1</RULES_TRIGGERED>
  <RULE_ID_0>330732</RULE_ID_0>
  <RULE_DESCRIPTION_0>FRAUD_SCRD Score less than 25 and Device Data present (-10pts)</RULE_DESCRIPTION_0>
  <COUNTERS_TRIGGERED>1</COUNTERS_TRIGGERED>
  <COUNTER_NAME_0>FRAUD_SCORD</COUNTER_NAME_0>
  <COUNTER_VALUE_0>-10</COUNTER_VALUE_0>
  <REASON_CODE></REASON_CODE>
  <MASTERCARD></MASTERCARD>
  <DDFS>2015-09-15</DDFS>
  <DSR>568x320</DSR>
  <UAS>Mozilla/5.0 (iPhone; CPU iPhone OS 8_3 like Mac OS X) AppleWebKit/600.1.4 (KHTML, like Gecko) Version/8.0 Mobile/12F70 Safari/600.1.4</UAS>
  <BROWSER>Safari 8.0</BROWSER>
  <OS>iOS (iPhone) 8_3</OS>
  <PIP_IPAD></PIP_IPAD>
  <PIP_LAT></PIP_LAT>
  <PIP_LON></PIP_LON>
  <PIP_COUNTRY></PIP_COUNTRY>
  <PIP_REGION></PIP_REGION>
  <PIP_CITY></PIP_CITY>
  <PIP_ORG></PIP_ORG>
  <IP_IPAD>92.137.121.31</IP_IPAD>
  <IP_LAT>45.7177</IP_LAT>
  <IP_LON>4.8038</IP_LON>
  <IP_COUNTRY>FR</IP_COUNTRY>
  <IP_REGION>Rhone-Alpes</IP_REGION>
  <IP_CITY>Oullins</IP_CITY>
  <IP_ORG>ORANGE</IP_ORG>
  <WARNING_COUNT>0</WARNING_COUNT>
</RESPONSE>

