2015-06-28T11:33:34Z
RequestParameter:  billNo: bgPZO1435491206 | startTime:2015-06-28 11:33:34

2015-06-28T11:33:34Z
Array
(
    [MODE] => U
    [FRMT] => XML
    [VERS] => 0630
    [MERC] => 680000
    [SESS] => bgPZO1435491206
    [TRAN] => 3C3V0K7W5CSB
    [AUTH] => D
    [MACK] => Y
)


2015-06-28T11:33:36Z
ResponseParameter:  billNo: bgPZO1435491206 | endTime:2015-06-28 11:33:36

2015-06-28T11:33:36Z
<?xml version="1.0" encoding="UTF-8"?>
<RESPONSE>
  <VERS>0630</VERS>
  <MODE>U</MODE>
  <TRAN>3C3V0K7W5CSB</TRAN>
  <MERC>680000</MERC>
  <SESS>bgPZO1435491206</SESS>
  <RULES_TRIGGERED>0</RULES_TRIGGERED>
  <COUNTERS_TRIGGERED>0</COUNTERS_TRIGGERED>
  <REASON_CODE></REASON_CODE>
  <MASTERCARD></MASTERCARD>
  <WARNING_COUNT>0</WARNING_COUNT>
</RESPONSE>

2015-06-28T15:05:08Z
RequestParameter:  billNo: 235a79eb0d324e7383343a880b78967a | startTime:2015-06-28 15:05:08

2015-06-28T15:05:08Z
Array
(
    [MODE] => U
    [FRMT] => XML
    [VERS] => 0630
    [MERC] => 680000
    [SESS] => 3b8ea011e4724224a578462c824a2a14
    [TRAN] => 3C3H0XW2TWWV
    [AUTH] => D
    [MACK] => Y
)


2015-06-28T15:05:10Z
ResponseParameter:  billNo: 235a79eb0d324e7383343a880b78967a | endTime:2015-06-28 15:05:10

2015-06-28T15:05:10Z
<?xml version="1.0" encoding="UTF-8"?>
<RESPONSE>
  <VERS>0630</VERS>
  <MODE>U</MODE>
  <TRAN>3C3H0XW2TWWV</TRAN>
  <MERC>680000</MERC>
  <SESS>3b8ea011e4724224a578462c824a2a14</SESS>
  <RULES_TRIGGERED>0</RULES_TRIGGERED>
  <COUNTERS_TRIGGERED>0</COUNTERS_TRIGGERED>
  <REASON_CODE></REASON_CODE>
  <MASTERCARD></MASTERCARD>
  <WARNING_COUNT>0</WARNING_COUNT>
</RESPONSE>

2015-06-28T17:22:31Z
RequestParameter:  billNo: cMnR71435512145 | startTime:2015-06-28 17:22:31

2015-06-28T17:22:31Z
Array
(
    [MODE] => U
    [FRMT] => XML
    [VERS] => 0630
    [MERC] => 680000
    [SESS] => cMnR71435512145
    [TRAN] => 3C3C0LCRH0VT
    [AUTH] => D
    [MACK] => Y
)


2015-06-28T17:22:32Z
ResponseParameter:  billNo: cMnR71435512145 | endTime:2015-06-28 17:22:32

2015-06-28T17:22:32Z
<?xml version="1.0" encoding="UTF-8"?>
<RESPONSE>
  <VERS>0630</VERS>
  <MODE>U</MODE>
  <TRAN>3C3C0LCRH0VT</TRAN>
  <MERC>680000</MERC>
  <SESS>cMnR71435512145</SESS>
  <RULES_TRIGGERED>0</RULES_TRIGGERED>
  <COUNTERS_TRIGGERED>0</COUNTERS_TRIGGERED>
  <REASON_CODE></REASON_CODE>
  <MASTERCARD></MASTERCARD>
  <WARNING_COUNT>0</WARNING_COUNT>
</RESPONSE>

2015-06-28T20:40:19Z
RequestParameter:  billNo: 25e421acd92f4a7fa45ffaa94b6f2241 | startTime:2015-06-28 20:40:19

2015-06-28T20:40:19Z
Array
(
    [MODE] => U
    [FRMT] => XML
    [VERS] => 0630
    [MERC] => 680000
    [SESS] => 47a4997d076a430285de762ff3cb089f
    [TRAN] => 3C360JT5665K
    [AUTH] => D
    [MACK] => Y
)


2015-06-28T20:40:20Z
ResponseParameter:  billNo: 25e421acd92f4a7fa45ffaa94b6f2241 | endTime:2015-06-28 20:40:20

2015-06-28T20:40:20Z
<?xml version="1.0" encoding="UTF-8"?>
<RESPONSE>
  <VERS>0630</VERS>
  <MODE>U</MODE>
  <TRAN>3C360JT5665K</TRAN>
  <MERC>680000</MERC>
  <SESS>47a4997d076a430285de762ff3cb089f</SESS>
  <RULES_TRIGGERED>0</RULES_TRIGGERED>
  <COUNTERS_TRIGGERED>0</COUNTERS_TRIGGERED>
  <REASON_CODE></REASON_CODE>
  <MASTERCARD></MASTERCARD>
  <WARNING_COUNT>0</WARNING_COUNT>
</RESPONSE>

2015-06-28T20:42:09Z
RequestParameter:  billNo: 0b1368a0fcef469fa461f057726950e9 | startTime:2015-06-28 20:42:09

2015-06-28T20:42:09Z
Array
(
    [MODE] => U
    [FRMT] => XML
    [VERS] => 0630
    [MERC] => 680000
    [SESS] => 13c5e3ab089f4c53ab82bc355197cfe4
    [TRAN] => 3C360M7K8C5G
    [AUTH] => D
    [MACK] => Y
)


2015-06-28T20:42:10Z
ResponseParameter:  billNo: 0b1368a0fcef469fa461f057726950e9 | endTime:2015-06-28 20:42:10

2015-06-28T20:42:10Z
<?xml version="1.0" encoding="UTF-8"?>
<RESPONSE>
  <VERS>0630</VERS>
  <MODE>U</MODE>
  <TRAN>3C360M7K8C5G</TRAN>
  <MERC>680000</MERC>
  <SESS>13c5e3ab089f4c53ab82bc355197cfe4</SESS>
  <RULES_TRIGGERED>0</RULES_TRIGGERED>
  <COUNTERS_TRIGGERED>0</COUNTERS_TRIGGERED>
  <REASON_CODE></REASON_CODE>
  <MASTERCARD></MASTERCARD>
  <WARNING_COUNT>0</WARNING_COUNT>
</RESPONSE>

2015-06-28T20:42:41Z
RequestParameter:  billNo: 2558f1f61c944232a94ea8cedb9fc623 | startTime:2015-06-28 20:42:41

2015-06-28T20:42:41Z
Array
(
    [MODE] => U
    [FRMT] => XML
    [VERS] => 0630
    [MERC] => 680000
    [SESS] => 7de362c773174e7184e3c552b26df34e
    [TRAN] => 3C360K31DQ1N
    [AUTH] => D
    [MACK] => Y
)


2015-06-28T20:42:41Z
ResponseParameter:  billNo: 2558f1f61c944232a94ea8cedb9fc623 | endTime:2015-06-28 20:42:41

2015-06-28T20:42:41Z
<?xml version="1.0" encoding="UTF-8"?>
<RESPONSE>
  <VERS>0630</VERS>
  <MODE>U</MODE>
  <TRAN>3C360K31DQ1N</TRAN>
  <MERC>680000</MERC>
  <SESS>7de362c773174e7184e3c552b26df34e</SESS>
  <RULES_TRIGGERED>0</RULES_TRIGGERED>
  <COUNTERS_TRIGGERED>0</COUNTERS_TRIGGERED>
  <REASON_CODE></REASON_CODE>
  <MASTERCARD></MASTERCARD>
  <WARNING_COUNT>0</WARNING_COUNT>
</RESPONSE>

