2015-10-14T06:18:22Z
RequestParameter:  billNo: 1444803503633 | startTime:2015-10-14 06:18:22

2015-10-14T06:18:22Z
https://sip.uniques.net/direct/payment

2015-10-14T06:18:22Z
Array
(
    [cid] => 11631
    [payNo] => 1444803503633
    [createdAt] => 20151014061823
    [billCurrency] => USD
    [lang] => ENG
    [billIp] => 2.54.176.98
    [signInfo] => 5d3e043933c5cc76c63966479bb285df
    [ccNo] => 4************541
    [cvc] => ***
    [expMonth] => 11
    [expYear] => 2017
    [fName] => Alessandro
    [lName] => Sepich
    [emailAddress] => test@aslabs.com
    [phoneNo] => 9999999999
    [birth] => 19801022
    [zip] => 512563
    [billAddress] => Mystreet avenue
    [billCity] => Tel aviv
    [billState] => Merkaz
    [billCountry] => IL
    [billAmount] => 19
    [comment] => 10002
)


2015-10-14T06:18:29Z
ResponseParameter:  billNo: 1444803503633 | endTime:2015-10-14 06:18:29

2015-10-14T06:18:29Z
Array
(
    [rc] => 0
    [message] => Failed
    [data] => {"operation":"01","resultCode":"1","errorCode":"9954","cid":"11631","payNo":"1444803503633","billAmount":"19.00","createdAt":"20151014141832","billCurrency":"USD","tid":"1163122443903","comment":"Payment DeclinedPickup Card","signInfo":"2A888C39EB3C3A02058BDD1BE7DAD255","billingDescriptor":"BOOKXPERTS"}

)


2015-10-14T08:36:55Z
RequestParameter:  billNo: 1444811817273 | startTime:2015-10-14 08:36:55

2015-10-14T08:36:55Z
https://sip.uniques.net/direct/payment

2015-10-14T08:36:55Z
Array
(
    [cid] => 11631
    [payNo] => 1444811817273
    [createdAt] => 20151014083657
    [billCurrency] => USD
    [lang] => ENG
    [billIp] => 79.182.114.211
    [signInfo] => f4b5d2e007fef7d2f7f322ecc7629f39
    [ccNo] => 4************021
    [cvc] => ***
    [expMonth] => 01
    [expYear] => 2017
    [fName] => IHSAN
    [lName] => KURT
    [emailAddress] => ihsankurt2007@gmail.com
    [phoneNo] => 05323143804
    [birth] => 19801022
    [zip] => 000000
    [billAddress] =>  St.
    [billCity] => None
    [billState] =>  
    [billCountry] => TR
    [billAmount] => 1000
    [comment] => 30636
)


2015-10-14T08:36:56Z
ResponseParameter:  billNo: 1444811817273 | endTime:2015-10-14 08:36:56

2015-10-14T08:36:56Z
Array
(
    [rc] => 0
    [message] => Failed
    [data] => {"operation":"01","resultCode":"1","errorCode":"-134","cid":"11631","payNo":"1444811817273","billAmount":"1000.00","createdAt":"20151014163701","billCurrency":"USD","tid":"","comment":"State field value is not specified","signInfo":"C402EDCCD1DDF822FB9AB2A36B0B00C1","billingDescriptor":""}

)


2015-10-14T12:36:10Z
RequestParameter:  billNo: 1444826172403 | startTime:2015-10-14 12:36:10

2015-10-14T12:36:10Z
https://sip.uniques.net/direct/payment

2015-10-14T12:36:10Z
Array
(
    [cid] => 11631
    [payNo] => 1444826172403
    [createdAt] => 20151014123612
    [billCurrency] => USD
    [lang] => ENG
    [billIp] => 2.54.176.98
    [signInfo] => 24fb427ec7f208cc85a08c153b18dc7e
    [ccNo] => 4************967
    [cvc] => ***
    [expMonth] => 12
    [expYear] => 2018
    [fName] => Alessandro
    [lName] => Sepich
    [emailAddress] => test@aslabs.com
    [phoneNo] => 9999999999
    [birth] => 19801022
    [zip] => 512563
    [billAddress] => Mystreet avenue
    [billCity] => Tel aviv
    [billState] => Merkaz
    [billCountry] => IL
    [billAmount] => 20
    [comment] => 10002
)


2015-10-14T12:36:11Z
ResponseParameter:  billNo: 1444826172403 | endTime:2015-10-14 12:36:11

2015-10-14T12:36:11Z
Array
(
    [rc] => 0
    [message] => Failed
    [data] => {"operation":"01","resultCode":"1","errorCode":"-101","cid":"11631","payNo":"1444826172403","billAmount":"20.00","createdAt":"20151014203616","billCurrency":"USD","tid":"","comment":"Your card reached daily limit, use another card or try again in 24 hours.Thank you","signInfo":"932D781401500639ABF4EF08892378C8","billingDescriptor":""}

)


2015-10-14T15:07:17Z
RequestParameter:  billNo: 6017-5449_1863 | startTime:2015-10-14 15:07:17

2015-10-14T15:07:17Z
https://sip.uniques.net/direct/payment

2015-10-14T15:07:17Z
Array
(
    [cid] => 11635
    [payNo] => 6017-5449_1863
    [createdAt] => 20151014050718
    [billCurrency] => EUR
    [lang] => ENG
    [billIp] => 46.105.137.33
    [signInfo] => fa3c425b634c004cd49d27d76e0193d4
    [ccNo] => 4************018
    [cvc] => ***
    [expMonth] => 07
    [expYear] => 2018
    [fName] => ALWAY
    [lName] => DAVID
    [emailAddress] => alwaylogistics@gmail.com
    [phoneNo] => 0015194101006
    [birth] => 19500609
    [zip] => T5Y 0B8
    [billAddress] => 155548 49th Street
    [billCity] => Edmonton
    [billState] => NA
    [billCountry] => CA
    [billAmount] => 1500
    [comment] => 
)


2015-10-14T15:07:29Z
ResponseParameter:  billNo: 6017-5449_1863 | endTime:2015-10-14 15:07:29

2015-10-14T15:07:29Z
Array
(
    [rc] => 0
    [message] => Failed
    [data] => {"operation":"01","resultCode":"1","errorCode":"57","cid":"11635","payNo":"6017-5449_1863","billAmount":"1500.00","createdAt":"20151014230733","billCurrency":"EUR","tid":"1163522451027","comment":"Payment declined by card issuer. Please contact your bank and retry","signInfo":"2AEADF5EFD1AE412B0CA92A0ACC3BBE8","billingDescriptor":"yuyandq2015"}

)


2015-10-14T19:50:28Z
RequestParameter:  billNo: 3400-8413_4992 | startTime:2015-10-14 19:50:28

2015-10-14T19:50:28Z
https://sip.uniques.net/direct/payment

2015-10-14T19:50:28Z
Array
(
    [cid] => 11635
    [payNo] => 3400-8413_4992
    [createdAt] => 20151014095028
    [billCurrency] => EUR
    [lang] => ENG
    [billIp] => 79.180.226.146
    [signInfo] => 32d1831266546f88b0c439568b059037
    [ccNo] => 4************012
    [cvc] => ***
    [expMonth] => 07
    [expYear] => 2019
    [fName] => ALWAY
    [lName] => DAVID
    [emailAddress] => alwaylogistics@gmail.com
    [phoneNo] => 0015194101006
    [birth] => 19000101
    [zip] => T5Y 0B8
    [billAddress] => 155548 49th Street
    [billCity] => Edmonton
    [billState] => NA
    [billCountry] => CA
    [billAmount] => 1000
    [comment] => 
)


2015-10-14T19:50:39Z
ResponseParameter:  billNo: 3400-8413_4992 | endTime:2015-10-14 19:50:39

2015-10-14T19:50:39Z
Array
(
    [rc] => 0
    [message] => Failed
    [data] => {"operation":"01","resultCode":"1","errorCode":"57","cid":"11635","payNo":"3400-8413_4992","billAmount":"1000.00","createdAt":"20151015035043","billCurrency":"EUR","tid":"1163522457979","comment":"Payment declined by card issuer. Please contact your bank and retry","signInfo":"A3BC58E7ECFAAAF99B9B1D1C948330A5","billingDescriptor":"yuyandq2015"}

)


