2015-07-05T05:13:12Z
RequestParameter:  billNo: 4384-9002_2003 | startTime:2015-07-05 05:13:12

2015-07-05T05:13:12Z
https://www.pesopay.com/b2c2/eng/directPay/payComp.jsp?payType=N&merchantId=18139954&pMethod=VISA&lang=E&cardHolder=Illiam%20GIOMIS&cardNo=4************616&securityCode=***&epMonth=02&epYear=2017&amount=10&currCode=978&orderRef=4384-9002_2003&remark=

2015-07-05T05:13:13Z
ResponseParameter:  billNo: 4384-9002_2003 | endTime:2015-07-05 05:13:13

2015-07-05T05:13:13Z
successcode=1&Ref=4384-9002_2003&PayRef=7434776&Amt=10.0&Cur=978&prc=-8&src=2017&Ord=&Holder=Illiam GIOMIS&AuthId=&TxTime=2015-07-05 13:13:21.0&errMsg=Transaction failed







2015-07-05T05:14:24Z
RequestParameter:  billNo: 4900-9668_2267 | startTime:2015-07-05 05:14:24

2015-07-05T05:14:24Z
https://www.pesopay.com/b2c2/eng/directPay/payComp.jsp?payType=N&merchantId=18139954&pMethod=VISA&lang=E&cardHolder=Illiam%20GIOMIS&cardNo=4************787&securityCode=***&epMonth=05&epYear=2018&amount=10&currCode=978&orderRef=4900-9668_2267&remark=

2015-07-05T05:14:27Z
ResponseParameter:  billNo: 4900-9668_2267 | endTime:2015-07-05 05:14:27

2015-07-05T05:14:27Z
successcode=0&Ref=4900-9668_2267&PayRef=7434789&Amt=10.0&Cur=978&prc=0&src=0&Ord=518615399964&Holder=Illiam GIOMIS&AuthId=458677&TxTime=2015-07-05 13:14:33.0&errMsg=Transaction completed







2015-07-05T05:19:33Z
RequestParameter:  billNo: 7654-2298_3189 | startTime:2015-07-05 05:19:33

2015-07-05T05:19:33Z
https://www.pesopay.com/b2c2/eng/directPay/payComp.jsp?payType=N&merchantId=18139954&pMethod=VISA&lang=E&cardHolder=Illiam%20GIOMIS&cardNo=4************022&securityCode=***&epMonth=12&epYear=2017&amount=12&currCode=978&orderRef=7654-2298_3189&remark=

2015-07-05T05:19:34Z
ResponseParameter:  billNo: 7654-2298_3189 | endTime:2015-07-05 05:19:34

2015-07-05T05:19:34Z
successcode=1&Ref=7654-2298_3189&PayRef=7434812&Amt=12.0&Cur=978&prc=-8&src=2017&Ord=&Holder=Illiam GIOMIS&AuthId=&TxTime=2015-07-05 13:19:42.0&errMsg=Transaction failed







2015-07-05T05:30:31Z
RequestParameter:  billNo: 5379-3509_4735 | startTime:2015-07-05 05:30:31

2015-07-05T05:30:31Z
https://www.pesopay.com/b2c2/eng/directPay/payComp.jsp?payType=N&merchantId=18139954&pMethod=VISA&lang=E&cardHolder=Illiam%20GIOMIS&cardNo=4************000&securityCode=***&epMonth=12&epYear=2018&amount=12&currCode=978&orderRef=5379-3509_4735&remark=

2015-07-05T05:30:32Z
ResponseParameter:  billNo: 5379-3509_4735 | endTime:2015-07-05 05:30:32

2015-07-05T05:30:32Z
successcode=1&Ref=5379-3509_4735&PayRef=7434846&Amt=12.0&Cur=978&prc=-8&src=2017&Ord=&Holder=Illiam GIOMIS&AuthId=&TxTime=2015-07-05 13:30:40.0&errMsg=Transaction failed







2015-07-05T08:16:49Z
RequestParameter:  billNo: rpYtE1436084207 | startTime:2015-07-05 08:16:49

2015-07-05T08:16:49Z
https://www.pesopay.com/b2c2/eng/directPay/payComp.jsp?payType=N&merchantId=18139939&pMethod=VISA&lang=E&cardHolder=Eyad%20%20qaste&cardNo=4************219&securityCode=***&epMonth=10&epYear=2015&amount=2000&currCode=840&orderRef=rpYtE1436084207&remark=66256%20Binary%20Options%20Investments%20

2015-07-05T08:16:53Z
ResponseParameter:  billNo: rpYtE1436084207 | endTime:2015-07-05 08:16:53

2015-07-05T08:16:53Z
successcode=1&Ref=rpYtE1436084207&PayRef=7435602&Amt=2000.0&Cur=840&prc=1&src=205&Ord=518618402099&Holder=Eyad  qaste&AuthId=&TxTime=2015-07-05 16:16:59.0&errMsg=Transaction failed







2015-07-05T08:17:35Z
RequestParameter:  billNo: Pk3N21436084253 | startTime:2015-07-05 08:17:35

2015-07-05T08:17:35Z
https://www.pesopay.com/b2c2/eng/directPay/payComp.jsp?payType=N&merchantId=18139939&pMethod=VISA&lang=E&cardHolder=Eyad%20%20qaste&cardNo=4************219&securityCode=***&epMonth=10&epYear=2015&amount=2000&currCode=840&orderRef=Pk3N21436084253&remark=66256%20Binary%20Options%20Investments%20

2015-07-05T08:17:39Z
ResponseParameter:  billNo: Pk3N21436084253 | endTime:2015-07-05 08:17:39

2015-07-05T08:17:39Z
successcode=1&Ref=Pk3N21436084253&PayRef=7435605&Amt=2000.0&Cur=840&prc=1&src=205&Ord=518618402103&Holder=Eyad  qaste&AuthId=&TxTime=2015-07-05 16:17:44.0&errMsg=Transaction failed







2015-07-05T11:57:39Z
RequestParameter:  billNo: G405i1436097457 | startTime:2015-07-05 11:57:39

2015-07-05T11:57:39Z
https://www.pesopay.com/b2c2/eng/directPay/payComp.jsp?payType=N&merchantId=18139939&pMethod=VISA&lang=E&cardHolder=Aboud%20%20Elshehi&cardNo=4************473&securityCode=***&epMonth=09&epYear=2024&amount=250&currCode=840&orderRef=G405i1436097457&remark=Investments%20ATL%20519630

2015-07-05T11:57:43Z
ResponseParameter:  billNo: G405i1436097457 | endTime:2015-07-05 11:57:43

2015-07-05T11:57:43Z
successcode=1&Ref=G405i1436097457&PayRef=7436506&Amt=250.0&Cur=840&prc=1&src=196&Ord=518621403116&Holder=Aboud  Elshehi&AuthId=&TxTime=2015-07-05 19:57:49.0&errMsg=Transaction failed







2015-07-05T12:00:17Z
RequestParameter:  billNo: PV9t51436097615 | startTime:2015-07-05 12:00:17

2015-07-05T12:00:17Z
https://www.pesopay.com/b2c2/eng/directPay/payComp.jsp?payType=N&merchantId=18139939&pMethod=VISA&lang=E&cardHolder=Mohamed%20%20al%20mana&cardNo=4************455&securityCode=***&epMonth=02&epYear=2020&amount=100&currCode=840&orderRef=PV9t51436097615&remark=Investments%20ATL%20523959

2015-07-05T12:00:18Z
ResponseParameter:  billNo: PV9t51436097615 | endTime:2015-07-05 12:00:18

2015-07-05T12:00:18Z
successcode=1&Ref=PV9t51436097615&PayRef=7436514&Amt=100.0&Cur=840&prc=-8&src=2017&Ord=&Holder=Mohamed  al mana&AuthId=&TxTime=2015-07-05 20:00:26.0&errMsg=Transaction failed







2015-07-05T12:03:07Z
RequestParameter:  billNo: r43bE1436097786 | startTime:2015-07-05 12:03:07

2015-07-05T12:03:07Z
https://www.pesopay.com/b2c2/eng/directPay/payComp.jsp?payType=N&merchantId=18139939&pMethod=VISA&lang=E&cardHolder=Leyla%20%20Raphael&cardNo=4************541&securityCode=***&epMonth=06&epYear=2018&amount=100&currCode=840&orderRef=r43bE1436097786&remark=Investments%20ATL%20523963

2015-07-05T12:03:12Z
ResponseParameter:  billNo: r43bE1436097786 | endTime:2015-07-05 12:03:12

2015-07-05T12:03:12Z
successcode=1&Ref=r43bE1436097786&PayRef=7436523&Amt=100.0&Cur=840&prc=1&src=551&Ord=518622403138&Holder=Leyla  Raphael&AuthId=&TxTime=2015-07-05 20:03:16.0&errMsg=Transaction failed







2015-07-05T12:09:57Z
RequestParameter:  billNo: iBF8N1436098196 | startTime:2015-07-05 12:09:57

2015-07-05T12:09:57Z
https://www.pesopay.com/b2c2/eng/directPay/payComp.jsp?payType=N&merchantId=18139939&pMethod=VISA&lang=E&cardHolder=Leyla%20%20Raphael&cardNo=4************560&securityCode=***&epMonth=12&epYear=2016&amount=250&currCode=840&orderRef=iBF8N1436098196&remark=Investments%20IC66209

2015-07-05T12:10:01Z
ResponseParameter:  billNo: iBF8N1436098196 | endTime:2015-07-05 12:10:01

2015-07-05T12:10:01Z
successcode=0&Ref=iBF8N1436098196&PayRef=7436583&Amt=250.0&Cur=840&prc=0&src=0&Ord=518622403175&Holder=Leyla  Raphael&AuthId=247476&TxTime=2015-07-05 20:10:07.0&errMsg=Transaction completed







2015-07-05T12:17:24Z
RequestParameter:  billNo: 7NOS21436098643 | startTime:2015-07-05 12:17:24

2015-07-05T12:17:24Z
https://www.pesopay.com/b2c2/eng/directPay/payComp.jsp?payType=N&merchantId=18139939&pMethod=VISA&lang=E&cardHolder=Mahmoud%20%20shatat&cardNo=4************572&securityCode=***&epMonth=04&epYear=2025&amount=250&currCode=840&orderRef=7NOS21436098643&remark=Investments%20ATL%20523966

2015-07-05T12:17:29Z
ResponseParameter:  billNo: 7NOS21436098643 | endTime:2015-07-05 12:17:29

2015-07-05T12:17:29Z
successcode=0&Ref=7NOS21436098643&PayRef=7436663&Amt=250.0&Cur=840&prc=0&src=0&Ord=518622403212&Holder=Mahmoud  shatat&AuthId=282305&TxTime=2015-07-05 20:17:33.0&errMsg=Transaction completed







2015-07-05T14:47:48Z
RequestParameter:  billNo: oH7fG1436107666 | startTime:2015-07-05 14:47:48

2015-07-05T14:47:48Z
https://www.pesopay.com/b2c2/eng/directPay/payComp.jsp?payType=N&merchantId=18139939&pMethod=VISA&lang=E&cardHolder=Hussen%20%20wadae&cardNo=4************317&securityCode=***&epMonth=01&epYear=2017&amount=500&currCode=840&orderRef=oH7fG1436107666&remark=66219%20Investments%20IC%20

2015-07-05T14:47:53Z
ResponseParameter:  billNo: oH7fG1436107666 | endTime:2015-07-05 14:47:53

2015-07-05T14:47:53Z
successcode=0&Ref=oH7fG1436107666&PayRef=7437303&Amt=500.0&Cur=840&prc=0&src=0&Ord=518700403961&Holder=Hussen  wadae&AuthId=316858&TxTime=2015-07-05 22:47:58.0&errMsg=Transaction completed







2015-07-05T14:53:52Z
RequestParameter:  billNo: OqFsp1436108030 | startTime:2015-07-05 14:53:52

2015-07-05T14:53:52Z
https://www.pesopay.com/b2c2/eng/directPay/payComp.jsp?payType=N&merchantId=18139939&pMethod=VISA&lang=E&cardHolder=Mohamed%20%20al%20mana&cardNo=4************555&securityCode=***&epMonth=02&epYear=2020&amount=100&currCode=840&orderRef=OqFsp1436108030&remark=Investments%20ATL%20523959

2015-07-05T14:53:55Z
ResponseParameter:  billNo: OqFsp1436108030 | endTime:2015-07-05 14:53:55

2015-07-05T14:53:55Z
successcode=1&Ref=OqFsp1436108030&PayRef=7437326&Amt=100.0&Cur=840&prc=1&src=551&Ord=518700403987&Holder=Mohamed  al mana&AuthId=&TxTime=2015-07-05 22:54:01.0&errMsg=Transaction failed







