2015-10-01T13:19:30Z
RequestParameter:  billNo: 783393a41f444f83ad83658c8eee3d43 | startTime:2015-10-01 13:19:30

2015-10-01T13:19:30Z
https://www.pesopay.com/b2c2/eng/directPay/payComp.jsp?payType=N&merchantId=18139954&pMethod=VISA&lang=E&cardHolder=giovanni%20esposito&cardNo=4************980&securityCode=***&epMonth=07&epYear=2019&amount=300&currCode=978&orderRef=783393a41f444f83ad83658c8eee3d43&remark=

2015-10-01T13:19:40Z
ResponseParameter:  billNo: 783393a41f444f83ad83658c8eee3d43 | endTime:2015-10-01 13:19:40

2015-10-01T13:19:40Z
successcode=1&Ref=783393a41f444f83ad83658c8eee3d43&PayRef=8134237&Amt=300.0&Cur=978&prc=1&src=7&Ord=&Holder=giovanni esposito&AuthId=&TxTime=2015-10-01 21:19:33.0&errMsg=Transaction failed







2015-10-01T13:26:15Z
RequestParameter:  billNo: 765e8cb8de734261aa6c76f4cf1e7b65 | startTime:2015-10-01 13:26:15

2015-10-01T13:26:15Z
https://www.pesopay.com/b2c2/eng/directPay/payComp.jsp?payType=N&merchantId=18139954&pMethod=VISA&lang=E&cardHolder=giovanni%20esposito&cardNo=4************980&securityCode=***&epMonth=07&epYear=2019&amount=300&currCode=978&orderRef=765e8cb8de734261aa6c76f4cf1e7b65&remark=

2015-10-01T13:26:21Z
ResponseParameter:  billNo: 765e8cb8de734261aa6c76f4cf1e7b65 | endTime:2015-10-01 13:26:21

2015-10-01T13:26:21Z
successcode=1&Ref=765e8cb8de734261aa6c76f4cf1e7b65&PayRef=8134576&Amt=300.0&Cur=978&prc=1&src=7&Ord=&Holder=giovanni esposito&AuthId=&TxTime=2015-10-01 21:26:18.0&errMsg=Transaction failed







2015-10-01T13:35:09Z
RequestParameter:  billNo: 982937fd902b420388b407d17d57bc36 | startTime:2015-10-01 13:35:09

2015-10-01T13:35:09Z
https://www.pesopay.com/b2c2/eng/directPay/payComp.jsp?payType=N&merchantId=18139954&pMethod=VISA&lang=E&cardHolder=giovanni%20esposito&cardNo=4************980&securityCode=***&epMonth=07&epYear=2019&amount=300&currCode=978&orderRef=982937fd902b420388b407d17d57bc36&remark=

2015-10-01T13:35:14Z
ResponseParameter:  billNo: 982937fd902b420388b407d17d57bc36 | endTime:2015-10-01 13:35:14

2015-10-01T13:35:14Z
successcode=1&Ref=982937fd902b420388b407d17d57bc36&PayRef=8135078&Amt=300.0&Cur=978&prc=1&src=7&Ord=&Holder=giovanni esposito&AuthId=&TxTime=2015-10-01 21:35:11.0&errMsg=Transaction failed







2015-10-01T13:35:41Z
RequestParameter:  billNo: 35812227398b46d690ebc645b2e2051b | startTime:2015-10-01 13:35:41

2015-10-01T13:35:41Z
https://www.pesopay.com/b2c2/eng/directPay/payComp.jsp?payType=N&merchantId=18139954&pMethod=VISA&lang=E&cardHolder=giovanni%20esposito&cardNo=4************980&securityCode=***&epMonth=07&epYear=2019&amount=300&currCode=978&orderRef=35812227398b46d690ebc645b2e2051b&remark=

2015-10-01T13:35:48Z
ResponseParameter:  billNo: 35812227398b46d690ebc645b2e2051b | endTime:2015-10-01 13:35:48

2015-10-01T13:35:48Z
successcode=1&Ref=35812227398b46d690ebc645b2e2051b&PayRef=8135112&Amt=300.0&Cur=978&prc=1&src=7&Ord=&Holder=giovanni esposito&AuthId=&TxTime=2015-10-01 21:35:44.0&errMsg=Transaction failed







2015-10-01T13:36:07Z
RequestParameter:  billNo: ae49e9a3aa9a499f8cbaf0bef065b2ec | startTime:2015-10-01 13:36:07

2015-10-01T13:36:07Z
https://www.pesopay.com/b2c2/eng/directPay/payComp.jsp?payType=N&merchantId=18139954&pMethod=VISA&lang=E&cardHolder=giovanni%20esposito&cardNo=4************980&securityCode=***&epMonth=07&epYear=2019&amount=300&currCode=978&orderRef=ae49e9a3aa9a499f8cbaf0bef065b2ec&remark=

2015-10-01T13:36:15Z
ResponseParameter:  billNo: ae49e9a3aa9a499f8cbaf0bef065b2ec | endTime:2015-10-01 13:36:15

2015-10-01T13:36:15Z
successcode=1&Ref=ae49e9a3aa9a499f8cbaf0bef065b2ec&PayRef=8135135&Amt=300.0&Cur=978&prc=1&src=7&Ord=&Holder=giovanni esposito&AuthId=&TxTime=2015-10-01 21:36:09.0&errMsg=Transaction failed







2015-10-01T13:36:36Z
RequestParameter:  billNo: 288580b627b94e1bb2704c78041b2762 | startTime:2015-10-01 13:36:36

2015-10-01T13:36:36Z
https://www.pesopay.com/b2c2/eng/directPay/payComp.jsp?payType=N&merchantId=18139954&pMethod=VISA&lang=E&cardHolder=giovanni%20esposito&cardNo=4************980&securityCode=***&epMonth=07&epYear=2019&amount=300&currCode=978&orderRef=288580b627b94e1bb2704c78041b2762&remark=

2015-10-01T13:36:38Z
ResponseParameter:  billNo: 288580b627b94e1bb2704c78041b2762 | endTime:2015-10-01 13:36:38

2015-10-01T13:36:38Z
successcode=1&Ref=288580b627b94e1bb2704c78041b2762&PayRef=8135164&Amt=300.0&Cur=978&prc=1&src=7&Ord=&Holder=giovanni esposito&AuthId=&TxTime=2015-10-01 21:36:36.0&errMsg=Transaction failed







2015-10-01T13:48:12Z
RequestParameter:  billNo: 4f38095cfaa441c3a01e631a41e66935 | startTime:2015-10-01 13:48:12

2015-10-01T13:48:12Z
https://www.pesopay.com/b2c2/eng/directPay/payComp.jsp?payType=N&merchantId=18139954&pMethod=Master&lang=E&cardHolder=marie%20france%20SABOT&cardNo=5************160&securityCode=***&epMonth=06&epYear=2018&amount=1000&currCode=978&orderRef=4f38095cfaa441c3a01e631a41e66935&remark=

2015-10-01T13:48:16Z
ResponseParameter:  billNo: 4f38095cfaa441c3a01e631a41e66935 | endTime:2015-10-01 13:48:16

2015-10-01T13:48:16Z
successcode=1&Ref=4f38095cfaa441c3a01e631a41e66935&PayRef=8135802&Amt=1000.0&Cur=978&prc=1&src=7&Ord=&Holder=marie france SABOT&AuthId=&TxTime=2015-10-01 21:48:14.0&errMsg=Transaction failed







2015-10-01T13:49:15Z
RequestParameter:  billNo: 1802edbb8c9843328263c1853c863dbc | startTime:2015-10-01 13:49:15

2015-10-01T13:49:15Z
https://www.pesopay.com/b2c2/eng/directPay/payComp.jsp?payType=N&merchantId=18139954&pMethod=Master&lang=E&cardHolder=marie%20france%20SABOT&cardNo=5************160&securityCode=***&epMonth=06&epYear=2018&amount=500&currCode=978&orderRef=1802edbb8c9843328263c1853c863dbc&remark=

2015-10-01T13:49:21Z
ResponseParameter:  billNo: 1802edbb8c9843328263c1853c863dbc | endTime:2015-10-01 13:49:21

2015-10-01T13:49:21Z
successcode=1&Ref=1802edbb8c9843328263c1853c863dbc&PayRef=8135865&Amt=500.0&Cur=978&prc=1&src=7&Ord=&Holder=marie france SABOT&AuthId=&TxTime=2015-10-01 21:49:16.0&errMsg=Transaction failed







2015-10-01T13:50:08Z
RequestParameter:  billNo: 8cf9815da77440619df1b2d091e312a9 | startTime:2015-10-01 13:50:08

2015-10-01T13:50:08Z
https://www.pesopay.com/b2c2/eng/directPay/payComp.jsp?payType=N&merchantId=18139954&pMethod=Master&lang=E&cardHolder=M-FRANCE%20SABOT&cardNo=5************160&securityCode=***&epMonth=06&epYear=2018&amount=500&currCode=978&orderRef=8cf9815da77440619df1b2d091e312a9&remark=

2015-10-01T13:50:12Z
ResponseParameter:  billNo: 8cf9815da77440619df1b2d091e312a9 | endTime:2015-10-01 13:50:12

2015-10-01T13:50:12Z
successcode=1&Ref=8cf9815da77440619df1b2d091e312a9&PayRef=8135913&Amt=500.0&Cur=978&prc=1&src=7&Ord=&Holder=M-FRANCE SABOT&AuthId=&TxTime=2015-10-01 21:50:10.0&errMsg=Transaction failed







2015-10-01T13:51:56Z
RequestParameter:  billNo: 99f6c0cf7d1f44979f6ada1df67fd095 | startTime:2015-10-01 13:51:56

2015-10-01T13:51:56Z
https://www.pesopay.com/b2c2/eng/directPay/payComp.jsp?payType=N&merchantId=18139954&pMethod=Master&lang=E&cardHolder=M-FRANCE%20SABOT&cardNo=5************922&securityCode=***&epMonth=09&epYear=2018&amount=1000&currCode=978&orderRef=99f6c0cf7d1f44979f6ada1df67fd095&remark=

2015-10-01T13:52:00Z
ResponseParameter:  billNo: 99f6c0cf7d1f44979f6ada1df67fd095 | endTime:2015-10-01 13:52:00

2015-10-01T13:52:00Z
successcode=1&Ref=99f6c0cf7d1f44979f6ada1df67fd095&PayRef=8136016&Amt=1000.0&Cur=978&prc=1&src=7&Ord=&Holder=M-FRANCE SABOT&AuthId=&TxTime=2015-10-01 21:51:58.0&errMsg=Transaction failed







