2015-02-02T09:58:55Z
RequestParameter:  billNo: 1422863437-71824 | startTime:2015-02-02 09:58:55

2015-02-02T09:58:55Z
https://www.pesopay.com/b2c2/eng/directPay/payComp.jsp?payType=N&merchantId=18139954&pMethod=VISA&lang=E&cardHolder=Boyan%20Ivanov&cardNo=4757146822091441&securityCode=9&epMonth=05&epYear=2016&amount=500&currCode=978&orderRef=1422863437-71824&remark=

2015-02-02T09:58:56Z
ResponseParameter:  billNo: 1422863437-71824 | endTime:2015-02-02 09:58:56

2015-02-02T09:58:56Z
successcode=-1&Ref=&PayRef=&Amt=&Cur=&prc=&src=&Ord=&Holder=&AuthId=&TxTime=&errMsg=Invalid Card Verification Number


2015-02-02T11:03:31Z
RequestParameter:  billNo: 1422544840-18542 | startTime:2015-02-02 11:03:31

2015-02-02T11:03:31Z
https://www.pesopay.com/b2c2/eng/directPay/payComp.jsp?payType=N&merchantId=18139954&pMethod=VISA&lang=E&cardHolder=jean%20bertin%20.bnp&cardNo=4974014878589626&securityCode=832&epMonth=10&epYear=2016&amount=250&currCode=978&orderRef=1422544840-18542&remark=

2015-02-02T11:03:57Z
ResponseParameter:  billNo: 1422544840-18542 | endTime:2015-02-02 11:03:57

2015-02-02T11:03:57Z
successcode=0&Ref=1422544840-18542&PayRef=6319875&Amt=250.0&Cur=978&prc=0&src=0&Ord=503322482849&Holder=jean bertin .bnp&AuthId=811591&TxTime=2015-02-02 19:04:01.0&errMsg=Transaction completed







2015-02-02T12:08:22Z
RequestParameter:  billNo: 1422875252-16309 | startTime:2015-02-02 12:08:22

2015-02-02T12:08:22Z
https://www.pesopay.com/b2c2/eng/directPay/payComp.jsp?payType=N&merchantId=18139954&pMethod=VISA&lang=E&cardHolder=nicole%20gandon&cardNo=4972032708512974&securityCode=934&epMonth=10&epYear=2016&amount=1000&currCode=978&orderRef=1422875252-16309&remark=

2015-02-02T12:08:27Z
ResponseParameter:  billNo: 1422875252-16309 | endTime:2015-02-02 12:08:27

2015-02-02T12:08:27Z
successcode=0&Ref=1422875252-16309&PayRef=6320087&Amt=1000.0&Cur=978&prc=0&src=0&Ord=503323483136&Holder=nicole gandon&AuthId=349145&TxTime=2015-02-02 20:08:51.0&errMsg=Transaction completed







2015-02-02T12:21:38Z
RequestParameter:  billNo: 1422546427-9952 | startTime:2015-02-02 12:21:38

2015-02-02T12:21:38Z
https://www.pesopay.com/b2c2/eng/directPay/payComp.jsp?payType=N&merchantId=18139954&pMethod=VISA&lang=E&cardHolder=christian%20maillet%20christian%20maillet%20christian%20maillet&cardNo=4978860320960419&securityCode=144&epMonth=09&epYear=2016&amount=1500&currCode=978&orderRef=1422546427-9952&remark=

2015-02-02T12:21:42Z
ResponseParameter:  billNo: 1422546427-9952 | endTime:2015-02-02 12:21:42

2015-02-02T12:21:42Z
successcode=1&Ref=1422546427-9952&PayRef=6320198&Amt=1500.0&Cur=978&prc=1&src=551&Ord=503323483198&Holder=christian maillet christian maillet christian maillet&AuthId=&TxTime=2015-02-02 20:22:08.0&errMsg=Transaction failed







2015-02-02T12:23:15Z
RequestParameter:  billNo: 1422609762-18304 | startTime:2015-02-02 12:23:15

2015-02-02T12:23:15Z
https://www.pesopay.com/b2c2/eng/directPay/payComp.jsp?payType=N&merchantId=18139954&pMethod=VISA&lang=E&cardHolder=Bernard%20Delage%20.&cardNo=4974013594469725&securityCode=258&epMonth=06&epYear=2015&amount=2500&currCode=978&orderRef=1422609762-18304&remark=

2015-02-02T12:23:20Z
ResponseParameter:  billNo: 1422609762-18304 | endTime:2015-02-02 12:23:20

2015-02-02T12:23:20Z
successcode=0&Ref=1422609762-18304&PayRef=6320201&Amt=2500.0&Cur=978&prc=0&src=0&Ord=503323483207&Holder=Bernard Delage .&AuthId=178645&TxTime=2015-02-02 20:23:44.0&errMsg=Transaction completed







2015-02-02T13:09:32Z
RequestParameter:  billNo: 1422636057-13744 | startTime:2015-02-02 13:09:32

2015-02-02T13:09:32Z
https://www.pesopay.com/b2c2/eng/directPay/payComp.jsp?payType=N&merchantId=18139954&pMethod=Master&lang=E&cardHolder=Clement%20Edmond%20.ZAMY&cardNo=5132830734040124&securityCode=504&epMonth=11&epYear=2016&amount=500&currCode=978&orderRef=1422636057-13744&remark=

2015-02-02T13:10:01Z
ResponseParameter:  billNo: 1422636057-13744 | endTime:2015-02-02 13:10:01

2015-02-02T13:10:01Z
successcode=0&Ref=1422636057-13744&PayRef=6320325&Amt=500.0&Cur=978&prc=0&src=0&Ord=503400483412&Holder=Clement Edmond .ZAMY&AuthId=972444&TxTime=2015-02-02 21:10:01.0&errMsg=Transaction completed







2015-02-02T13:48:59Z
RequestParameter:  billNo: 1422538389-3364 | startTime:2015-02-02 13:48:59

2015-02-02T13:48:59Z
https://www.pesopay.com/b2c2/eng/directPay/payComp.jsp?payType=N&merchantId=18139954&pMethod=Master&lang=E&cardHolder=le%20foll%20%20jean%20paul%20.%20jean%20paul&cardNo=5290970000690176&securityCode=738&epMonth=10&epYear=2017&amount=100&currCode=978&orderRef=1422538389-3364&remark=

2015-02-02T13:49:00Z
ResponseParameter:  billNo: 1422538389-3364 | endTime:2015-02-02 13:49:00

2015-02-02T13:49:00Z
successcode=1&Ref=1422538389-3364&PayRef=6320422&Amt=100.0&Cur=978&prc=-8&src=2017&Ord=&Holder=le foll  jean paul . jean paul&AuthId=&TxTime=2015-02-02 21:49:28.0&errMsg=Transaction failed







2015-02-02T15:36:25Z
RequestParameter:  billNo: 1422889826-44878 | startTime:2015-02-02 15:36:25

2015-02-02T15:36:25Z
https://www.pesopay.com/b2c2/eng/directPay/payComp.jsp?payType=N&merchantId=18139954&pMethod=VISA&lang=E&cardHolder=%20michel%20%20canteleux%20&cardNo=4561409489722856&securityCode=571&epMonth=05&epYear=2017&amount=500&currCode=978&orderRef=1422889826-44878&remark=

2015-02-02T15:36:33Z
ResponseParameter:  billNo: 1422889826-44878 | endTime:2015-02-02 15:36:33

2015-02-02T15:36:33Z
successcode=0&Ref=1422889826-44878&PayRef=6320743&Amt=500.0&Cur=978&prc=0&src=0&Ord=503402484129&Holder= michel  canteleux &AuthId=624620&TxTime=2015-02-02 23:36:55.0&errMsg=Transaction completed







2015-02-02T15:55:20Z
RequestParameter:  billNo: 1422891950-44878 | startTime:2015-02-02 15:55:20

2015-02-02T15:55:20Z
https://www.pesopay.com/b2c2/eng/directPay/payComp.jsp?payType=N&merchantId=18139954&pMethod=VISA&lang=E&cardHolder=michel%20%20canteleux&cardNo=4561409489722856&securityCode=571&epMonth=05&epYear=2017&amount=500&currCode=978&orderRef=1422891950-44878&remark=

2015-02-02T15:55:28Z
ResponseParameter:  billNo: 1422891950-44878 | endTime:2015-02-02 15:55:28

2015-02-02T15:55:28Z
successcode=0&Ref=1422891950-44878&PayRef=6320791&Amt=500.0&Cur=978&prc=0&src=0&Ord=503402484215&Holder=michel  canteleux&AuthId=654525&TxTime=2015-02-02 23:55:50.0&errMsg=Transaction completed







2015-02-02T15:58:13Z
RequestParameter:  billNo: 1422889415-5550 | startTime:2015-02-02 15:58:13

2015-02-02T15:58:13Z
https://www.pesopay.com/b2c2/eng/directPay/payComp.jsp?payType=N&merchantId=18139954&pMethod=VISA&lang=E&cardHolder=Sylvain%20Poisson%20.%20.&cardNo=4977390000195178&securityCode=30&epMonth=10&epYear=2016&amount=250&currCode=978&orderRef=1422889415-5550&remark=

2015-02-02T15:58:13Z
ResponseParameter:  billNo: 1422889415-5550 | endTime:2015-02-02 15:58:13

2015-02-02T15:58:13Z
successcode=-1&Ref=&PayRef=&Amt=&Cur=&prc=&src=&Ord=&Holder=&AuthId=&TxTime=&errMsg=Invalid Card Verification Number


2015-02-02T16:48:54Z
RequestParameter:  billNo: 1422894498-24372 | startTime:2015-02-02 16:48:54

2015-02-02T16:48:54Z
https://www.pesopay.com/b2c2/eng/directPay/payComp.jsp?payType=N&merchantId=18139954&pMethod=VISA&lang=E&cardHolder=Jean%20Pierre%20Guery&cardNo=4561409424385991&securityCode=378&epMonth=06&epYear=2016&amount=200&currCode=978&orderRef=1422894498-24372&remark=

2015-02-02T16:49:01Z
ResponseParameter:  billNo: 1422894498-24372 | endTime:2015-02-02 16:49:01

2015-02-02T16:49:01Z
successcode=1&Ref=1422894498-24372&PayRef=6320896&Amt=200.0&Cur=978&prc=1&src=551&Ord=503403484378&Holder=Jean Pierre Guery&AuthId=&TxTime=2015-02-03 00:49:24.0&errMsg=Transaction failed







2015-02-02T16:52:03Z
RequestParameter:  billNo: 1422893736-71890 | startTime:2015-02-02 16:52:03

2015-02-02T16:52:03Z
https://www.pesopay.com/b2c2/eng/directPay/payComp.jsp?payType=N&merchantId=18139954&pMethod=VISA&lang=E&cardHolder=porcu%20giuseppe&cardNo=4539970025441714&securityCode=554&epMonth=11&epYear=2017&amount=500&currCode=978&orderRef=1422893736-71890&remark=

2015-02-02T16:52:06Z
ResponseParameter:  billNo: 1422893736-71890 | endTime:2015-02-02 16:52:06

2015-02-02T16:52:06Z
successcode=0&Ref=1422893736-71890&PayRef=6320911&Amt=500.0&Cur=978&prc=0&src=0&Ord=503403484399&Holder=porcu giuseppe&AuthId=264353&TxTime=2015-02-03 00:52:32.0&errMsg=Transaction completed







2015-02-02T16:52:13Z
RequestParameter:  billNo: 1422892772-71890 | startTime:2015-02-02 16:52:13

2015-02-02T16:52:13Z
https://www.pesopay.com/b2c2/eng/directPay/payComp.jsp?payType=N&merchantId=18139954&pMethod=VISA&lang=E&cardHolder=porcu%20giuseppe&cardNo=4539970025441714&securityCode=554&epMonth=11&epYear=2017&amount=500&currCode=978&orderRef=1422892772-71890&remark=

2015-02-02T16:52:19Z
ResponseParameter:  billNo: 1422892772-71890 | endTime:2015-02-02 16:52:19

2015-02-02T16:52:19Z
successcode=0&Ref=1422892772-71890&PayRef=6320912&Amt=500.0&Cur=978&prc=0&src=0&Ord=503403484400&Holder=porcu giuseppe&AuthId=264366&TxTime=2015-02-03 00:52:42.0&errMsg=Transaction completed







2015-02-02T17:01:04Z
RequestParameter:  billNo: 1422892362-26499 | startTime:2015-02-02 17:01:04

2015-02-02T17:01:04Z
https://www.pesopay.com/b2c2/eng/directPay/payComp.jsp?payType=N&merchantId=18139954&pMethod=Master&lang=E&cardHolder=VIGNAUD%20patrick&cardNo=513111949356958&securityCode=880&epMonth=11&epYear=2017&amount=250&currCode=978&orderRef=1422892362-26499&remark=

2015-02-02T17:01:04Z
ResponseParameter:  billNo: 1422892362-26499 | endTime:2015-02-02 17:01:04

2015-02-02T17:01:04Z
successcode=-1&Ref=&PayRef=&Amt=&Cur=&prc=&src=&Ord=&Holder=&AuthId=&TxTime=&errMsg=Parameter cardNo incorrect


2015-02-02T17:54:21Z
RequestParameter:  billNo: 1422897351-24372 | startTime:2015-02-02 17:54:21

2015-02-02T17:54:21Z
https://www.pesopay.com/b2c2/eng/directPay/payComp.jsp?payType=N&merchantId=18139954&pMethod=VISA&lang=E&cardHolder=Jean%20Pierre%20Guery&cardNo=4561409424385991&securityCode=378&epMonth=06&epYear=2016&amount=150&currCode=978&orderRef=1422897351-24372&remark=

2015-02-02T17:54:25Z
ResponseParameter:  billNo: 1422897351-24372 | endTime:2015-02-02 17:54:25

2015-02-02T17:54:25Z
successcode=1&Ref=1422897351-24372&PayRef=6321011&Amt=150.0&Cur=978&prc=1&src=551&Ord=503404526667&Holder=Jean Pierre Guery&AuthId=&TxTime=2015-02-03 01:54:51.0&errMsg=Transaction failed







2015-02-02T17:54:51Z
RequestParameter:  billNo: 1422897472-26499 | startTime:2015-02-02 17:54:51

2015-02-02T17:54:51Z
https://www.pesopay.com/b2c2/eng/directPay/payComp.jsp?payType=N&merchantId=18139954&pMethod=Master&lang=E&cardHolder=VIGNAUD%20patrick&cardNo=5131119429356958&securityCode=880&epMonth=11&epYear=2017&amount=250&currCode=978&orderRef=1422897472-26499&remark=

2015-02-02T17:54:55Z
ResponseParameter:  billNo: 1422897472-26499 | endTime:2015-02-02 17:54:55

2015-02-02T17:54:55Z
successcode=0&Ref=1422897472-26499&PayRef=6321012&Amt=250.0&Cur=978&prc=0&src=0&Ord=503404526668&Holder=VIGNAUD patrick&AuthId=498966&TxTime=2015-02-03 01:55:20.0&errMsg=Transaction completed







2015-02-02T17:55:48Z
RequestParameter:  billNo: 1422897851-44878 | startTime:2015-02-02 17:55:48

2015-02-02T17:55:48Z
https://www.pesopay.com/b2c2/eng/directPay/payComp.jsp?payType=N&merchantId=18139954&pMethod=VISA&lang=E&cardHolder=MICHEL%20canteleux&cardNo=4561409489722856&securityCode=571&epMonth=05&epYear=2017&amount=250&currCode=978&orderRef=1422897851-44878&remark=

2015-02-02T17:55:52Z
ResponseParameter:  billNo: 1422897851-44878 | endTime:2015-02-02 17:55:52

2015-02-02T17:55:52Z
successcode=0&Ref=1422897851-44878&PayRef=6321014&Amt=250.0&Cur=978&prc=0&src=0&Ord=503404526669&Holder=MICHEL canteleux&AuthId=469181&TxTime=2015-02-03 01:56:17.0&errMsg=Transaction completed







