2015-07-13T07:11:09Z
RequestParameter:  CardNumber: 512008UVPC1DUKTZC76F | startTime:2015-07-13 07:11:09

2015-07-13T07:11:09Z
Array
(
    [ptok[5120080321088128]] => D
)


2015-07-13T07:11:11Z
ResponseParameter:  CardNumber: 512008UVPC1DUKTZC76F | endTime:2015-07-13 07:11:11

2015-07-13T07:11:11Z
<?xml version="1.0" encoding="UTF-8"?>
<response><status>ok</status><count><success>1</success><failure>0</failure></count><errors/><result>0</result></response>


2015-07-13T11:12:21Z
RequestParameter:  CardNumber: 497040J12FD6MT27A67D | startTime:2015-07-13 11:12:21

2015-07-13T11:12:21Z
Array
(
    [ptok[4970403832041986]] => D
)


2015-07-13T11:12:23Z
ResponseParameter:  CardNumber: 497040J12FD6MT27A67D | endTime:2015-07-13 11:12:23

2015-07-13T11:12:23Z
<?xml version="1.0" encoding="UTF-8"?>
<response><status>ok</status><count><success>1</success><failure>0</failure></count><errors/><result>0</result></response>


2015-07-13T13:10:45Z
RequestParameter:  CardNumber: 5321625L9SHWSZR38M8Z | startTime:2015-07-13 13:10:45

2015-07-13T13:10:45Z
Array
(
    [ptok[5321629505425931]] => D
)


2015-07-13T13:10:47Z
ResponseParameter:  CardNumber: 5321625L9SHWSZR38M8Z | endTime:2015-07-13 13:10:47

2015-07-13T13:10:47Z
<?xml version="1.0" encoding="UTF-8"?>
<response><status>ok</status><count><success>1</success><failure>0</failure></count><errors/><result>0</result></response>


2015-07-13T13:47:05Z
RequestParameter:  CardNumber: 4977839F1CWX56WX8LPO | startTime:2015-07-13 13:47:05

2015-07-13T13:47:05Z
Array
(
    [ptok[4977830120794798]] => D
)


2015-07-13T13:47:06Z
ResponseParameter:  CardNumber: 4977839F1CWX56WX8LPO | endTime:2015-07-13 13:47:06

2015-07-13T13:47:06Z
<?xml version="1.0" encoding="UTF-8"?>
<response><status>ok</status><count><success>1</success><failure>0</failure></count><errors/><result>0</result></response>


2015-07-13T19:27:04Z
RequestParameter:  CardNumber: 408181FVJMY1UNF026C7 | startTime:2015-07-13 19:27:04

2015-07-13T19:27:04Z
Array
(
    [ptok[4081810003472038]] => D
)


2015-07-13T19:27:06Z
ResponseParameter:  CardNumber: 408181FVJMY1UNF026C7 | endTime:2015-07-13 19:27:06

2015-07-13T19:27:06Z
<?xml version="1.0" encoding="UTF-8"?>
<response><status>ok</status><count><success>1</success><failure>0</failure></count><errors/><result>0</result></response>


