2015-05-19T01:28:32Z


2015-05-19T01:28:32Z
RequestParameter:  billNo: hikjjeadeh | startTime:2015-05-19 01:28:32

2015-05-19T01:28:32Z
Array
(
    [reason[30K40LH5DBR5]] => R1
    [note[30K40LH5DBR5]] => *remarks: [] *psi method [refundapi] *trigger: [transaction refund]
)


2015-05-19T01:28:32Z
REFUND

2015-05-19T01:28:32Z
ResponseParameter:  billNo: hikjjeadeh | endTime:2015-05-19 01:28:32

2015-05-19T01:28:32Z


2015-05-19T14:04:23Z


2015-05-19T14:04:23Z
RequestParameter:  billNo: 1431967339557 | startTime:2015-05-19 14:04:23

2015-05-19T14:04:23Z
Array
(
    [reason[30S607R0N0NK]] => R1
    [note[30S607R0N0NK]] => *remarks: [] *psi method [refundapi] *trigger: [transaction refund]
)


2015-05-19T14:04:23Z
REFUND

2015-05-19T14:04:23Z
ResponseParameter:  billNo: 1431967339557 | endTime:2015-05-19 14:04:23

2015-05-19T14:04:23Z


2015-05-19T14:05:34Z


2015-05-19T14:05:34Z
RequestParameter:  billNo: 1431967318339 | startTime:2015-05-19 14:05:34

2015-05-19T14:05:34Z
Array
(
    [reason[30S602N0ZYSC]] => R1
    [note[30S602N0ZYSC]] => *remarks: [] *psi method [refundapi] *trigger: [transaction refund]
)


2015-05-19T14:05:34Z
REFUND

2015-05-19T14:05:34Z
ResponseParameter:  billNo: 1431967318339 | endTime:2015-05-19 14:05:34

2015-05-19T14:05:34Z


2015-05-19T16:03:54Z


2015-05-19T16:03:54Z
RequestParameter:  billNo: ce31d11f1fe64b4e82f44d85669ba373 | startTime:2015-05-19 16:03:54

2015-05-19T16:03:54Z
Array
(
    [reason[3HDV0R23X9Y8]] => R1
    [note[3HDV0R23X9Y8]] => *remarks: [] *psi method [refundapi] *trigger: [transaction refund]
)


2015-05-19T16:03:54Z
REFUND

2015-05-19T16:03:54Z
ResponseParameter:  billNo: ce31d11f1fe64b4e82f44d85669ba373 | endTime:2015-05-19 16:03:54

2015-05-19T16:03:54Z


