2015-07-10T10:46:31Z
RequestParameter:  CardNumber: 455701MF6G1AZ96M024B | startTime:2015-07-10 10:46:31

2015-07-10T10:46:31Z
Array
(
    [ptok[4557016839769630]] => D
)


2015-07-10T10:46:33Z
ResponseParameter:  CardNumber: 455701MF6G1AZ96M024B | endTime:2015-07-10 10:46:33

2015-07-10T10:46:33Z
<?xml version="1.0" encoding="UTF-8"?>
<response><status>ok</status><count><success>1</success><failure>0</failure></count><errors/><result>0</result></response>


2015-07-10T10:49:27Z
RequestParameter:  CardNumber: 455701RZW3BI95GSHNI1 | startTime:2015-07-10 10:49:27

2015-07-10T10:49:27Z
Array
(
    [ptok[4557012000123640]] => D
)


2015-07-10T10:49:28Z
ResponseParameter:  CardNumber: 455701RZW3BI95GSHNI1 | endTime:2015-07-10 10:49:28

2015-07-10T10:49:28Z
<?xml version="1.0" encoding="UTF-8"?>
<response><status>ok</status><count><success>1</success><failure>0</failure></count><errors/><result>0</result></response>


2015-07-10T11:50:46Z
RequestParameter:  CardNumber: 459440963TJIFFGL4SPA | startTime:2015-07-10 11:50:46

2015-07-10T11:50:46Z
Array
(
    [ptok[4594400100448022]] => D
)


2015-07-10T11:50:47Z
ResponseParameter:  CardNumber: 459440963TJIFFGL4SPA | endTime:2015-07-10 11:50:47

2015-07-10T11:50:47Z
<?xml version="1.0" encoding="UTF-8"?>
<response><status>ok</status><count><success>1</success><failure>0</failure></count><errors/><result>0</result></response>


