2015-06-26T02:06:01Z
RequestParameter:  billNo: facfbb42cf574f71864bb29340303ec9 | startTime:2015-06-26 02:06:01

2015-06-26T02:06:01Z
Array
(
    [MODE] => U
    [FRMT] => XML
    [VERS] => 0630
    [MERC] => 680000
    [SESS] => facfbb42cf574f71864bb29340303ec9
    [TRAN] => 3CKN0C9P5HJQ
    [AUTH] => 
    [MACK] => Y
    [RFCB] => C
)


2015-06-26T02:06:03Z
ResponseParameter:  billNo: facfbb42cf574f71864bb29340303ec9 | endTime:2015-06-26 02:06:03

2015-06-26T02:06:03Z
<?xml version="1.0" encoding="UTF-8"?>
<RESPONSE>
  <VERS>0630</VERS>
  <MODE>U</MODE>
  <TRAN>3CKN0C9P5HJQ</TRAN>
  <MERC>680000</MERC>
  <SESS>facfbb42cf574f71864bb29340303ec9</SESS>
  <RULES_TRIGGERED>0</RULES_TRIGGERED>
  <COUNTERS_TRIGGERED>0</COUNTERS_TRIGGERED>
  <REASON_CODE></REASON_CODE>
  <MASTERCARD></MASTERCARD>
  <WARNING_COUNT>0</WARNING_COUNT>
</RESPONSE>

2015-06-26T02:08:03Z
RequestParameter:  billNo: 1429012415-26318 | startTime:2015-06-26 02:08:03

2015-06-26T02:08:03Z
Array
(
    [MODE] => U
    [FRMT] => XML
    [VERS] => 0630
    [MERC] => 680000
    [SESS] => 0ab902e26a343808b23b42d2a64f108a
    [TRAN] => 3HGG0YW04VPY
    [AUTH] => 
    [MACK] => Y
    [RFCB] => C
)


2015-06-26T02:08:04Z
ResponseParameter:  billNo: 1429012415-26318 | endTime:2015-06-26 02:08:04

2015-06-26T02:08:04Z
<?xml version="1.0" encoding="UTF-8"?>
<RESPONSE>
  <VERS>0630</VERS>
  <MODE>U</MODE>
  <TRAN>3HGG0YW04VPY</TRAN>
  <MERC>680000</MERC>
  <SESS>0ab902e26a343808b23b42d2a64f108a</SESS>
  <RULES_TRIGGERED>0</RULES_TRIGGERED>
  <COUNTERS_TRIGGERED>0</COUNTERS_TRIGGERED>
  <REASON_CODE></REASON_CODE>
  <MASTERCARD></MASTERCARD>
  <WARNING_COUNT>0</WARNING_COUNT>
</RESPONSE>

2015-06-26T02:09:15Z
RequestParameter:  billNo: 85a3acbf771e4f15ba372fc129050bed | startTime:2015-06-26 02:09:15

2015-06-26T02:09:15Z
Array
(
    [MODE] => U
    [FRMT] => XML
    [VERS] => 0630
    [MERC] => 680000
    [SESS] => 85a3acbf771e4f15ba372fc129050bed
    [TRAN] => 3H7Y05RMDB88
    [AUTH] => 
    [MACK] => Y
    [RFCB] => C
)


2015-06-26T02:09:16Z
ResponseParameter:  billNo: 85a3acbf771e4f15ba372fc129050bed | endTime:2015-06-26 02:09:16

2015-06-26T02:09:16Z
<?xml version="1.0" encoding="UTF-8"?>
<RESPONSE>
  <VERS>0630</VERS>
  <MODE>U</MODE>
  <TRAN>3H7Y05RMDB88</TRAN>
  <MERC>680000</MERC>
  <SESS>85a3acbf771e4f15ba372fc129050bed</SESS>
  <RULES_TRIGGERED>0</RULES_TRIGGERED>
  <COUNTERS_TRIGGERED>0</COUNTERS_TRIGGERED>
  <REASON_CODE></REASON_CODE>
  <MASTERCARD></MASTERCARD>
  <WARNING_COUNT>0</WARNING_COUNT>
</RESPONSE>

2015-06-26T02:12:45Z
RequestParameter:  billNo: 5547716e9a06e | startTime:2015-06-26 02:12:45

2015-06-26T02:12:45Z
Array
(
    [MODE] => U
    [FRMT] => XML
    [VERS] => 0630
    [MERC] => 680000
    [SESS] => 5547716e9a06e
    [TRAN] => 3HP80YJ7H9M0
    [AUTH] => 
    [MACK] => Y
    [RFCB] => C
)


2015-06-26T02:12:46Z
ResponseParameter:  billNo: 5547716e9a06e | endTime:2015-06-26 02:12:46

2015-06-26T02:12:46Z
<?xml version="1.0" encoding="UTF-8"?>
<RESPONSE>
  <VERS>0630</VERS>
  <MODE>U</MODE>
  <TRAN>3HP80YJ7H9M0</TRAN>
  <MERC>680000</MERC>
  <SESS>5547716e9a06e</SESS>
  <RULES_TRIGGERED>0</RULES_TRIGGERED>
  <COUNTERS_TRIGGERED>0</COUNTERS_TRIGGERED>
  <REASON_CODE></REASON_CODE>
  <MASTERCARD></MASTERCARD>
  <WARNING_COUNT>0</WARNING_COUNT>
</RESPONSE>

2015-06-26T02:13:41Z
RequestParameter:  billNo: 7c4b8b0fe47845b0b23254915c3ac100 | startTime:2015-06-26 02:13:41

2015-06-26T02:13:41Z
Array
(
    [MODE] => U
    [FRMT] => XML
    [VERS] => 0630
    [MERC] => 680000
    [SESS] => 7c4b8b0fe47845b0b23254915c3ac100
    [TRAN] => 3HZG0W0XC768
    [AUTH] => 
    [MACK] => Y
    [RFCB] => C
)


2015-06-26T02:13:42Z
ResponseParameter:  billNo: 7c4b8b0fe47845b0b23254915c3ac100 | endTime:2015-06-26 02:13:42

2015-06-26T02:13:42Z
<?xml version="1.0" encoding="UTF-8"?>
<RESPONSE>
  <VERS>0630</VERS>
  <MODE>U</MODE>
  <TRAN>3HZG0W0XC768</TRAN>
  <MERC>680000</MERC>
  <SESS>7c4b8b0fe47845b0b23254915c3ac100</SESS>
  <RULES_TRIGGERED>0</RULES_TRIGGERED>
  <COUNTERS_TRIGGERED>0</COUNTERS_TRIGGERED>
  <REASON_CODE></REASON_CODE>
  <MASTERCARD></MASTERCARD>
  <WARNING_COUNT>0</WARNING_COUNT>
</RESPONSE>

2015-06-26T02:17:01Z
RequestParameter:  billNo: KrApW1432560985 | startTime:2015-06-26 02:17:01

2015-06-26T02:17:01Z
Array
(
    [MODE] => U
    [FRMT] => XML
    [VERS] => 0630
    [MERC] => 680000
    [SESS] => KrApW1432560985
    [TRAN] => 30CJ06YG3BR8
    [AUTH] => 
    [MACK] => Y
    [RFCB] => C
)


2015-06-26T02:17:02Z
ResponseParameter:  billNo: KrApW1432560985 | endTime:2015-06-26 02:17:02

2015-06-26T02:17:02Z
<?xml version="1.0" encoding="UTF-8"?>
<RESPONSE>
  <VERS>0630</VERS>
  <MODE>U</MODE>
  <TRAN>30CJ06YG3BR8</TRAN>
  <MERC>680000</MERC>
  <SESS>KrApW1432560985</SESS>
  <RULES_TRIGGERED>0</RULES_TRIGGERED>
  <COUNTERS_TRIGGERED>0</COUNTERS_TRIGGERED>
  <REASON_CODE></REASON_CODE>
  <MASTERCARD></MASTERCARD>
  <WARNING_COUNT>0</WARNING_COUNT>
</RESPONSE>

2015-06-26T02:18:06Z
RequestParameter:  billNo: 2Zx501432561098 | startTime:2015-06-26 02:18:06

2015-06-26T02:18:06Z
Array
(
    [MODE] => U
    [FRMT] => XML
    [VERS] => 0630
    [MERC] => 680000
    [SESS] => 2Zx501432561098
    [TRAN] => 30CJ0DRD224N
    [AUTH] => 
    [MACK] => Y
    [RFCB] => C
)


2015-06-26T02:18:07Z
ResponseParameter:  billNo: 2Zx501432561098 | endTime:2015-06-26 02:18:07

2015-06-26T02:18:07Z
<?xml version="1.0" encoding="UTF-8"?>
<RESPONSE>
  <VERS>0630</VERS>
  <MODE>U</MODE>
  <TRAN>30CJ0DRD224N</TRAN>
  <MERC>680000</MERC>
  <SESS>2Zx501432561098</SESS>
  <RULES_TRIGGERED>0</RULES_TRIGGERED>
  <COUNTERS_TRIGGERED>0</COUNTERS_TRIGGERED>
  <REASON_CODE></REASON_CODE>
  <MASTERCARD></MASTERCARD>
  <WARNING_COUNT>0</WARNING_COUNT>
</RESPONSE>

2015-06-26T02:20:16Z
RequestParameter:  billNo: JXN9P1432561226 | startTime:2015-06-26 02:20:16

2015-06-26T02:20:16Z
Array
(
    [MODE] => U
    [FRMT] => XML
    [VERS] => 0630
    [MERC] => 680000
    [SESS] => JXN9P1432561226
    [TRAN] => 30CJ0SV8Z916
    [AUTH] => 
    [MACK] => Y
    [RFCB] => C
)


2015-06-26T02:20:17Z
ResponseParameter:  billNo: JXN9P1432561226 | endTime:2015-06-26 02:20:17

2015-06-26T02:20:17Z
<?xml version="1.0" encoding="UTF-8"?>
<RESPONSE>
  <VERS>0630</VERS>
  <MODE>U</MODE>
  <TRAN>30CJ0SV8Z916</TRAN>
  <MERC>680000</MERC>
  <SESS>JXN9P1432561226</SESS>
  <RULES_TRIGGERED>0</RULES_TRIGGERED>
  <COUNTERS_TRIGGERED>0</COUNTERS_TRIGGERED>
  <REASON_CODE></REASON_CODE>
  <MASTERCARD></MASTERCARD>
  <WARNING_COUNT>0</WARNING_COUNT>
</RESPONSE>

2015-06-26T02:21:39Z
RequestParameter:  billNo: I8GMj1432561356 | startTime:2015-06-26 02:21:39

2015-06-26T02:21:39Z
Array
(
    [MODE] => U
    [FRMT] => XML
    [VERS] => 0630
    [MERC] => 680000
    [SESS] => I8GMj1432561356
    [TRAN] => 30CJ00X053P5
    [AUTH] => 
    [MACK] => Y
    [RFCB] => C
)


2015-06-26T02:21:40Z
ResponseParameter:  billNo: I8GMj1432561356 | endTime:2015-06-26 02:21:40

2015-06-26T02:21:40Z
<?xml version="1.0" encoding="UTF-8"?>
<RESPONSE>
  <VERS>0630</VERS>
  <MODE>U</MODE>
  <TRAN>30CJ00X053P5</TRAN>
  <MERC>680000</MERC>
  <SESS>I8GMj1432561356</SESS>
  <RULES_TRIGGERED>0</RULES_TRIGGERED>
  <COUNTERS_TRIGGERED>0</COUNTERS_TRIGGERED>
  <REASON_CODE></REASON_CODE>
  <MASTERCARD></MASTERCARD>
  <WARNING_COUNT>0</WARNING_COUNT>
</RESPONSE>

2015-06-26T02:22:33Z
RequestParameter:  billNo: 1430833085-27150 | startTime:2015-06-26 02:22:33

2015-06-26T02:22:33Z
Array
(
    [MODE] => U
    [FRMT] => XML
    [VERS] => 0630
    [MERC] => 680000
    [SESS] => 1430833085-27150
    [TRAN] => 3H7C0NK2NQCT
    [AUTH] => 
    [MACK] => Y
    [RFCB] => C
)


2015-06-26T02:22:34Z
ResponseParameter:  billNo: 1430833085-27150 | endTime:2015-06-26 02:22:34

2015-06-26T02:22:34Z
<?xml version="1.0" encoding="UTF-8"?>
<RESPONSE>
  <VERS>0630</VERS>
  <MODE>U</MODE>
  <TRAN>3H7C0NK2NQCT</TRAN>
  <MERC>680000</MERC>
  <SESS>1430833085-27150</SESS>
  <RULES_TRIGGERED>0</RULES_TRIGGERED>
  <COUNTERS_TRIGGERED>0</COUNTERS_TRIGGERED>
  <REASON_CODE></REASON_CODE>
  <MASTERCARD></MASTERCARD>
  <WARNING_COUNT>0</WARNING_COUNT>
</RESPONSE>

2015-06-26T02:24:14Z
RequestParameter:  billNo: ecdfaffaca | startTime:2015-06-26 02:24:14

2015-06-26T02:24:14Z
Array
(
    [MODE] => U
    [FRMT] => XML
    [VERS] => 0630
    [MERC] => 680000
    [SESS] => ecdfaffaca
    [TRAN] => 3HDC0GXVKM7W
    [AUTH] => 
    [MACK] => Y
    [RFCB] => C
)


2015-06-26T02:24:15Z
ResponseParameter:  billNo: ecdfaffaca | endTime:2015-06-26 02:24:15

2015-06-26T02:24:15Z
<?xml version="1.0" encoding="UTF-8"?>
<RESPONSE>
  <VERS>0630</VERS>
  <MODE>U</MODE>
  <TRAN>3HDC0GXVKM7W</TRAN>
  <MERC>680000</MERC>
  <SESS>ecdfaffaca</SESS>
  <RULES_TRIGGERED>0</RULES_TRIGGERED>
  <COUNTERS_TRIGGERED>0</COUNTERS_TRIGGERED>
  <REASON_CODE></REASON_CODE>
  <MASTERCARD></MASTERCARD>
  <WARNING_COUNT>0</WARNING_COUNT>
</RESPONSE>

2015-06-26T02:27:24Z
RequestParameter:  billNo: bdhghahdhe | startTime:2015-06-26 02:27:24

2015-06-26T02:27:24Z
Array
(
    [MODE] => U
    [FRMT] => XML
    [VERS] => 0630
    [MERC] => 680000
    [SESS] => bdhghahdhe
    [TRAN] => 3HDC0V19BQ86
    [AUTH] => 
    [MACK] => Y
    [RFCB] => C
)


2015-06-26T02:27:25Z
ResponseParameter:  billNo: bdhghahdhe | endTime:2015-06-26 02:27:25

2015-06-26T02:27:25Z
<?xml version="1.0" encoding="UTF-8"?>
<RESPONSE>
  <VERS>0630</VERS>
  <MODE>U</MODE>
  <TRAN>3HDC0V19BQ86</TRAN>
  <MERC>680000</MERC>
  <SESS>bdhghahdhe</SESS>
  <RULES_TRIGGERED>0</RULES_TRIGGERED>
  <COUNTERS_TRIGGERED>0</COUNTERS_TRIGGERED>
  <REASON_CODE></REASON_CODE>
  <MASTERCARD></MASTERCARD>
  <WARNING_COUNT>0</WARNING_COUNT>
</RESPONSE>

2015-06-26T02:28:20Z
RequestParameter:  billNo: 1431336310-27150 | startTime:2015-06-26 02:28:20

2015-06-26T02:28:20Z
Array
(
    [MODE] => U
    [FRMT] => XML
    [VERS] => 0630
    [MERC] => 680000
    [SESS] => 1431336310-27150
    [TRAN] => 30MK0PG93L8R
    [AUTH] => 
    [MACK] => Y
    [RFCB] => C
)


2015-06-26T02:28:21Z
ResponseParameter:  billNo: 1431336310-27150 | endTime:2015-06-26 02:28:21

2015-06-26T02:28:21Z
<?xml version="1.0" encoding="UTF-8"?>
<RESPONSE>
  <VERS>0630</VERS>
  <MODE>U</MODE>
  <TRAN>30MK0PG93L8R</TRAN>
  <MERC>680000</MERC>
  <SESS>1431336310-27150</SESS>
  <RULES_TRIGGERED>0</RULES_TRIGGERED>
  <COUNTERS_TRIGGERED>0</COUNTERS_TRIGGERED>
  <REASON_CODE></REASON_CODE>
  <MASTERCARD></MASTERCARD>
  <WARNING_COUNT>0</WARNING_COUNT>
</RESPONSE>

2015-06-26T02:29:50Z
RequestParameter:  billNo: f86c64bd9a004bc99a5fcd84a7fbf97b | startTime:2015-06-26 02:29:50

2015-06-26T02:29:50Z
Array
(
    [MODE] => U
    [FRMT] => XML
    [VERS] => 0630
    [MERC] => 680000
    [SESS] => f86c64bd9a004bc99a5fcd84a7fbf97b
    [TRAN] => 30G90YS829BM
    [AUTH] => 
    [MACK] => Y
    [RFCB] => C
)


2015-06-26T02:29:52Z
ResponseParameter:  billNo: f86c64bd9a004bc99a5fcd84a7fbf97b | endTime:2015-06-26 02:29:52

2015-06-26T02:29:52Z
<?xml version="1.0" encoding="UTF-8"?>
<RESPONSE>
  <VERS>0630</VERS>
  <MODE>U</MODE>
  <TRAN>30G90YS829BM</TRAN>
  <MERC>680000</MERC>
  <SESS>f86c64bd9a004bc99a5fcd84a7fbf97b</SESS>
  <RULES_TRIGGERED>0</RULES_TRIGGERED>
  <COUNTERS_TRIGGERED>0</COUNTERS_TRIGGERED>
  <REASON_CODE></REASON_CODE>
  <MASTERCARD></MASTERCARD>
  <WARNING_COUNT>0</WARNING_COUNT>
</RESPONSE>

2015-06-26T02:31:26Z
RequestParameter:  billNo: c8968003c8894bd69cc22f12db599d13 | startTime:2015-06-26 02:31:26

2015-06-26T02:31:26Z
Array
(
    [MODE] => U
    [FRMT] => XML
    [VERS] => 0630
    [MERC] => 680000
    [SESS] => c8968003c8894bd69cc22f12db599d13
    [TRAN] => 30VZ0BB7KG08
    [AUTH] => 
    [MACK] => Y
    [RFCB] => C
)


2015-06-26T02:31:27Z
ResponseParameter:  billNo: c8968003c8894bd69cc22f12db599d13 | endTime:2015-06-26 02:31:27

2015-06-26T02:31:27Z
<?xml version="1.0" encoding="UTF-8"?>
<RESPONSE>
  <VERS>0630</VERS>
  <MODE>U</MODE>
  <TRAN>30VZ0BB7KG08</TRAN>
  <MERC>680000</MERC>
  <SESS>c8968003c8894bd69cc22f12db599d13</SESS>
  <RULES_TRIGGERED>0</RULES_TRIGGERED>
  <COUNTERS_TRIGGERED>0</COUNTERS_TRIGGERED>
  <REASON_CODE></REASON_CODE>
  <MASTERCARD></MASTERCARD>
  <WARNING_COUNT>0</WARNING_COUNT>
</RESPONSE>

2015-06-26T02:34:56Z
RequestParameter:  billNo: 22c3a3bda23242eb8ece2ae3ce37e4ab | startTime:2015-06-26 02:34:56

2015-06-26T02:34:56Z
Array
(
    [MODE] => U
    [FRMT] => XML
    [VERS] => 0630
    [MERC] => 680000
    [SESS] => 22c3a3bda23242eb8ece2ae3ce37e4ab
    [TRAN] => 30KW07YW348S
    [AUTH] => 
    [MACK] => Y
    [RFCB] => C
)


2015-06-26T02:34:57Z
ResponseParameter:  billNo: 22c3a3bda23242eb8ece2ae3ce37e4ab | endTime:2015-06-26 02:34:57

2015-06-26T02:34:57Z
<?xml version="1.0" encoding="UTF-8"?>
<RESPONSE>
  <VERS>0630</VERS>
  <MODE>U</MODE>
  <TRAN>30KW07YW348S</TRAN>
  <MERC>680000</MERC>
  <SESS>22c3a3bda23242eb8ece2ae3ce37e4ab</SESS>
  <RULES_TRIGGERED>0</RULES_TRIGGERED>
  <COUNTERS_TRIGGERED>0</COUNTERS_TRIGGERED>
  <REASON_CODE></REASON_CODE>
  <MASTERCARD></MASTERCARD>
  <WARNING_COUNT>0</WARNING_COUNT>
</RESPONSE>

2015-06-26T06:28:12Z
RequestParameter:  billNo: ajhijceafi | startTime:2015-06-26 06:28:12

2015-06-26T06:28:12Z
Array
(
    [MODE] => U
    [FRMT] => XML
    [VERS] => 0630
    [MERC] => 680000
    [SESS] => zrvlwod2f6iuy4xf6kjbaoxgzeykk3kc
    [TRAN] => 3C6S0KHK0125
    [AUTH] => D
    [MACK] => Y
)


2015-06-26T06:28:12Z
ResponseParameter:  billNo: ajhijceafi | endTime:2015-06-26 06:28:12

2015-06-26T06:28:12Z
<?xml version="1.0" encoding="UTF-8"?>
<RESPONSE>
  <VERS>0630</VERS>
  <MODE>U</MODE>
  <TRAN>3C6S0KHK0125</TRAN>
  <MERC>680000</MERC>
  <SESS>zrvlwod2f6iuy4xf6kjbaoxgzeykk3kc</SESS>
  <RULES_TRIGGERED>0</RULES_TRIGGERED>
  <COUNTERS_TRIGGERED>0</COUNTERS_TRIGGERED>
  <REASON_CODE></REASON_CODE>
  <MASTERCARD></MASTERCARD>
  <WARNING_COUNT>0</WARNING_COUNT>
</RESPONSE>

2015-06-26T06:29:50Z
RequestParameter:  billNo: chackkfkfe | startTime:2015-06-26 06:29:50

2015-06-26T06:29:50Z
Array
(
    [MODE] => U
    [FRMT] => XML
    [VERS] => 0630
    [MERC] => 680000
    [SESS] => zrvlwod2f6iuy4xf6kjbaoxgzeykk3kc
    [TRAN] => 3C6S0NBX6XVD
    [AUTH] => D
    [MACK] => Y
)


2015-06-26T06:29:51Z
ResponseParameter:  billNo: chackkfkfe | endTime:2015-06-26 06:29:51

2015-06-26T06:29:51Z
<?xml version="1.0" encoding="UTF-8"?>
<RESPONSE>
  <VERS>0630</VERS>
  <MODE>U</MODE>
  <TRAN>3C6S0NBX6XVD</TRAN>
  <MERC>680000</MERC>
  <SESS>zrvlwod2f6iuy4xf6kjbaoxgzeykk3kc</SESS>
  <RULES_TRIGGERED>0</RULES_TRIGGERED>
  <COUNTERS_TRIGGERED>0</COUNTERS_TRIGGERED>
  <REASON_CODE></REASON_CODE>
  <MASTERCARD></MASTERCARD>
  <WARNING_COUNT>0</WARNING_COUNT>
</RESPONSE>

2015-06-26T06:48:44Z
RequestParameter:  billNo: 558cf5c797f15 | startTime:2015-06-26 06:48:44

2015-06-26T06:48:44Z
Array
(
    [MODE] => U
    [FRMT] => XML
    [VERS] => 0630
    [MERC] => 680000
    [SESS] => 558cf5c797f15
    [TRAN] => 3C6S0KB1J81Y
    [AUTH] => D
    [MACK] => Y
)


2015-06-26T06:48:45Z
ResponseParameter:  billNo: 558cf5c797f15 | endTime:2015-06-26 06:48:45

2015-06-26T06:48:45Z
<?xml version="1.0" encoding="UTF-8"?>
<RESPONSE>
  <VERS>0630</VERS>
  <MODE>U</MODE>
  <TRAN>3C6S0KB1J81Y</TRAN>
  <MERC>680000</MERC>
  <SESS>558cf5c797f15</SESS>
  <RULES_TRIGGERED>0</RULES_TRIGGERED>
  <COUNTERS_TRIGGERED>0</COUNTERS_TRIGGERED>
  <REASON_CODE></REASON_CODE>
  <MASTERCARD></MASTERCARD>
  <WARNING_COUNT>0</WARNING_COUNT>
</RESPONSE>

2015-06-26T07:03:57Z
RequestParameter:  billNo: d4139b0e95294a7392f0442d1f044f0b | startTime:2015-06-26 07:03:57

2015-06-26T07:03:57Z
Array
(
    [MODE] => U
    [FRMT] => XML
    [VERS] => 0630
    [MERC] => 680000
    [SESS] => d4139b0e95294a7392f0442d1f044f0b
    [TRAN] => 3C6V0P8DDVQR
    [AUTH] => D
    [MACK] => Y
)


2015-06-26T07:03:58Z
ResponseParameter:  billNo: d4139b0e95294a7392f0442d1f044f0b | endTime:2015-06-26 07:03:58

2015-06-26T07:03:58Z
<?xml version="1.0" encoding="UTF-8"?>
<RESPONSE>
  <VERS>0630</VERS>
  <MODE>U</MODE>
  <TRAN>3C6V0P8DDVQR</TRAN>
  <MERC>680000</MERC>
  <SESS>d4139b0e95294a7392f0442d1f044f0b</SESS>
  <RULES_TRIGGERED>0</RULES_TRIGGERED>
  <COUNTERS_TRIGGERED>0</COUNTERS_TRIGGERED>
  <REASON_CODE></REASON_CODE>
  <MASTERCARD></MASTERCARD>
  <WARNING_COUNT>0</WARNING_COUNT>
</RESPONSE>

2015-06-26T07:13:36Z
RequestParameter:  billNo: 038e97aa72d24525bf409e9ee94880c5 | startTime:2015-06-26 07:13:36

2015-06-26T07:13:36Z
Array
(
    [MODE] => U
    [FRMT] => XML
    [VERS] => 0630
    [MERC] => 680000
    [SESS] => 038e97aa72d24525bf409e9ee94880c5
    [TRAN] => 3C6V07HDGB42
    [AUTH] => D
    [MACK] => Y
)


2015-06-26T07:13:37Z
ResponseParameter:  billNo: 038e97aa72d24525bf409e9ee94880c5 | endTime:2015-06-26 07:13:37

2015-06-26T07:13:37Z
<?xml version="1.0" encoding="UTF-8"?>
<RESPONSE>
  <VERS>0630</VERS>
  <MODE>U</MODE>
  <TRAN>3C6V07HDGB42</TRAN>
  <MERC>680000</MERC>
  <SESS>038e97aa72d24525bf409e9ee94880c5</SESS>
  <RULES_TRIGGERED>0</RULES_TRIGGERED>
  <COUNTERS_TRIGGERED>0</COUNTERS_TRIGGERED>
  <REASON_CODE></REASON_CODE>
  <MASTERCARD></MASTERCARD>
  <WARNING_COUNT>0</WARNING_COUNT>
</RESPONSE>

2015-06-26T07:16:59Z
RequestParameter:  billNo: 558cfc66b84dc | startTime:2015-06-26 07:16:59

2015-06-26T07:16:59Z
Array
(
    [MODE] => U
    [FRMT] => XML
    [VERS] => 0630
    [MERC] => 680000
    [SESS] => 558cfc66b84dc
    [TRAN] => 3C6V05J7SQKD
    [AUTH] => D
    [MACK] => Y
)


2015-06-26T07:17:00Z
ResponseParameter:  billNo: 558cfc66b84dc | endTime:2015-06-26 07:17:00

2015-06-26T07:17:00Z
<?xml version="1.0" encoding="UTF-8"?>
<RESPONSE>
  <VERS>0630</VERS>
  <MODE>U</MODE>
  <TRAN>3C6V05J7SQKD</TRAN>
  <MERC>680000</MERC>
  <SESS>558cfc66b84dc</SESS>
  <RULES_TRIGGERED>0</RULES_TRIGGERED>
  <COUNTERS_TRIGGERED>0</COUNTERS_TRIGGERED>
  <REASON_CODE></REASON_CODE>
  <MASTERCARD></MASTERCARD>
  <WARNING_COUNT>0</WARNING_COUNT>
</RESPONSE>

2015-06-26T07:17:48Z
RequestParameter:  billNo: b3f53631b90840448372252a0be8c6de | startTime:2015-06-26 07:17:48

2015-06-26T07:17:48Z
Array
(
    [MODE] => U
    [FRMT] => XML
    [VERS] => 0630
    [MERC] => 680000
    [SESS] => b3f53631b90840448372252a0be8c6de
    [TRAN] => 3C6V05DH4GGQ
    [AUTH] => D
    [MACK] => Y
)


2015-06-26T07:17:49Z
ResponseParameter:  billNo: b3f53631b90840448372252a0be8c6de | endTime:2015-06-26 07:17:49

2015-06-26T07:17:49Z
<?xml version="1.0" encoding="UTF-8"?>
<RESPONSE>
  <VERS>0630</VERS>
  <MODE>U</MODE>
  <TRAN>3C6V05DH4GGQ</TRAN>
  <MERC>680000</MERC>
  <SESS>b3f53631b90840448372252a0be8c6de</SESS>
  <RULES_TRIGGERED>0</RULES_TRIGGERED>
  <COUNTERS_TRIGGERED>0</COUNTERS_TRIGGERED>
  <REASON_CODE></REASON_CODE>
  <MASTERCARD></MASTERCARD>
  <WARNING_COUNT>0</WARNING_COUNT>
</RESPONSE>

2015-06-26T07:24:53Z
RequestParameter:  billNo: fPO3U1435303488 | startTime:2015-06-26 07:24:53

2015-06-26T07:24:53Z
Array
(
    [MODE] => U
    [FRMT] => XML
    [VERS] => 0630
    [MERC] => 680000
    [SESS] => fPO3U1435303488
    [TRAN] => 3C6V0211DKQ7
    [AUTH] => D
    [MACK] => Y
)


2015-06-26T07:24:54Z
ResponseParameter:  billNo: fPO3U1435303488 | endTime:2015-06-26 07:24:54

2015-06-26T07:24:54Z
<?xml version="1.0" encoding="UTF-8"?>
<RESPONSE>
  <VERS>0630</VERS>
  <MODE>U</MODE>
  <TRAN>3C6V0211DKQ7</TRAN>
  <MERC>680000</MERC>
  <SESS>fPO3U1435303488</SESS>
  <RULES_TRIGGERED>0</RULES_TRIGGERED>
  <COUNTERS_TRIGGERED>0</COUNTERS_TRIGGERED>
  <REASON_CODE></REASON_CODE>
  <MASTERCARD></MASTERCARD>
  <WARNING_COUNT>0</WARNING_COUNT>
</RESPONSE>

2015-06-26T07:25:19Z
RequestParameter:  billNo: kEPf61435303513 | startTime:2015-06-26 07:25:19

2015-06-26T07:25:19Z
Array
(
    [MODE] => U
    [FRMT] => XML
    [VERS] => 0630
    [MERC] => 680000
    [SESS] => kEPf61435303513
    [TRAN] => 3C6V0KMLSQ7G
    [AUTH] => D
    [MACK] => Y
)


2015-06-26T07:25:19Z
ResponseParameter:  billNo: kEPf61435303513 | endTime:2015-06-26 07:25:19

2015-06-26T07:25:19Z
<?xml version="1.0" encoding="UTF-8"?>
<RESPONSE>
  <VERS>0630</VERS>
  <MODE>U</MODE>
  <TRAN>3C6V0KMLSQ7G</TRAN>
  <MERC>680000</MERC>
  <SESS>kEPf61435303513</SESS>
  <RULES_TRIGGERED>0</RULES_TRIGGERED>
  <COUNTERS_TRIGGERED>0</COUNTERS_TRIGGERED>
  <REASON_CODE></REASON_CODE>
  <MASTERCARD></MASTERCARD>
  <WARNING_COUNT>0</WARNING_COUNT>
</RESPONSE>

2015-06-26T07:28:44Z
RequestParameter:  billNo: 2aa926948e70461cbf15eec809c77efb | startTime:2015-06-26 07:28:44

2015-06-26T07:28:44Z
Array
(
    [MODE] => U
    [FRMT] => XML
    [VERS] => 0630
    [MERC] => 680000
    [SESS] => 2aa926948e70461cbf15eec809c77efb
    [TRAN] => 3C6V095CJN03
    [AUTH] => D
    [MACK] => Y
)


2015-06-26T07:28:45Z
ResponseParameter:  billNo: 2aa926948e70461cbf15eec809c77efb | endTime:2015-06-26 07:28:45

2015-06-26T07:28:45Z
<?xml version="1.0" encoding="UTF-8"?>
<RESPONSE>
  <VERS>0630</VERS>
  <MODE>U</MODE>
  <TRAN>3C6V095CJN03</TRAN>
  <MERC>680000</MERC>
  <SESS>2aa926948e70461cbf15eec809c77efb</SESS>
  <RULES_TRIGGERED>0</RULES_TRIGGERED>
  <COUNTERS_TRIGGERED>0</COUNTERS_TRIGGERED>
  <REASON_CODE></REASON_CODE>
  <MASTERCARD></MASTERCARD>
  <WARNING_COUNT>0</WARNING_COUNT>
</RESPONSE>

2015-06-26T07:41:01Z
RequestParameter:  billNo: bill635709008143926798 | startTime:2015-06-26 07:41:01

2015-06-26T07:41:01Z
Array
(
    [MODE] => U
    [FRMT] => XML
    [VERS] => 0630
    [MERC] => 680000
    [SESS] => bill635709008143926798
    [TRAN] => 3C6V02P8C4YT
    [AUTH] => D
    [MACK] => Y
)


2015-06-26T07:41:02Z
ResponseParameter:  billNo: bill635709008143926798 | endTime:2015-06-26 07:41:02

2015-06-26T07:41:02Z
<?xml version="1.0" encoding="UTF-8"?>
<RESPONSE>
  <VERS>0630</VERS>
  <MODE>U</MODE>
  <TRAN>3C6V02P8C4YT</TRAN>
  <MERC>680000</MERC>
  <SESS>bill635709008143926798</SESS>
  <RULES_TRIGGERED>0</RULES_TRIGGERED>
  <COUNTERS_TRIGGERED>0</COUNTERS_TRIGGERED>
  <REASON_CODE></REASON_CODE>
  <MASTERCARD></MASTERCARD>
  <WARNING_COUNT>0</WARNING_COUNT>
</RESPONSE>

2015-06-26T07:43:02Z
RequestParameter:  billNo: 618ebed73abb4ae8a5dbed6eee561a15 | startTime:2015-06-26 07:43:02

2015-06-26T07:43:02Z
Array
(
    [MODE] => U
    [FRMT] => XML
    [VERS] => 0630
    [MERC] => 680000
    [SESS] => 618ebed73abb4ae8a5dbed6eee561a15
    [TRAN] => 3C6V0VSH4PS9
    [AUTH] => D
    [MACK] => Y
)


2015-06-26T07:43:03Z
ResponseParameter:  billNo: 618ebed73abb4ae8a5dbed6eee561a15 | endTime:2015-06-26 07:43:03

2015-06-26T07:43:03Z
<?xml version="1.0" encoding="UTF-8"?>
<RESPONSE>
  <VERS>0630</VERS>
  <MODE>U</MODE>
  <TRAN>3C6V0VSH4PS9</TRAN>
  <MERC>680000</MERC>
  <SESS>618ebed73abb4ae8a5dbed6eee561a15</SESS>
  <RULES_TRIGGERED>0</RULES_TRIGGERED>
  <COUNTERS_TRIGGERED>0</COUNTERS_TRIGGERED>
  <REASON_CODE></REASON_CODE>
  <MASTERCARD></MASTERCARD>
  <WARNING_COUNT>0</WARNING_COUNT>
</RESPONSE>

2015-06-26T07:43:24Z
RequestParameter:  billNo: bill635709013111562100 | startTime:2015-06-26 07:43:24

2015-06-26T07:43:24Z
Array
(
    [MODE] => U
    [FRMT] => XML
    [VERS] => 0630
    [MERC] => 680000
    [SESS] => bill635709013111562100
    [TRAN] => 3C6V09B1GC9X
    [AUTH] => D
    [MACK] => Y
)


2015-06-26T07:43:25Z
ResponseParameter:  billNo: bill635709013111562100 | endTime:2015-06-26 07:43:25

2015-06-26T07:43:25Z
<?xml version="1.0" encoding="UTF-8"?>
<RESPONSE>
  <VERS>0630</VERS>
  <MODE>U</MODE>
  <TRAN>3C6V09B1GC9X</TRAN>
  <MERC>680000</MERC>
  <SESS>bill635709013111562100</SESS>
  <RULES_TRIGGERED>0</RULES_TRIGGERED>
  <COUNTERS_TRIGGERED>0</COUNTERS_TRIGGERED>
  <REASON_CODE></REASON_CODE>
  <MASTERCARD></MASTERCARD>
  <WARNING_COUNT>0</WARNING_COUNT>
</RESPONSE>

2015-06-26T07:54:22Z
RequestParameter:  billNo: 558d052d517f6 | startTime:2015-06-26 07:54:22

2015-06-26T07:54:22Z
Array
(
    [MODE] => U
    [FRMT] => XML
    [VERS] => 0630
    [MERC] => 680000
    [SESS] => 558d052d517f6
    [TRAN] => 3C6V08WJPW33
    [AUTH] => D
    [MACK] => Y
)


2015-06-26T07:54:23Z
ResponseParameter:  billNo: 558d052d517f6 | endTime:2015-06-26 07:54:23

2015-06-26T07:54:23Z
<?xml version="1.0" encoding="UTF-8"?>
<RESPONSE>
  <VERS>0630</VERS>
  <MODE>U</MODE>
  <TRAN>3C6V08WJPW33</TRAN>
  <MERC>680000</MERC>
  <SESS>558d052d517f6</SESS>
  <RULES_TRIGGERED>0</RULES_TRIGGERED>
  <COUNTERS_TRIGGERED>0</COUNTERS_TRIGGERED>
  <REASON_CODE></REASON_CODE>
  <MASTERCARD></MASTERCARD>
  <WARNING_COUNT>0</WARNING_COUNT>
</RESPONSE>

2015-06-26T07:56:21Z
RequestParameter:  billNo: bill635709021264283537 | startTime:2015-06-26 07:56:21

2015-06-26T07:56:21Z
Array
(
    [MODE] => U
    [FRMT] => XML
    [VERS] => 0630
    [MERC] => 680000
    [SESS] => bill635709021264283537
    [TRAN] => 3C6V0QZCXBBW
    [AUTH] => D
    [MACK] => Y
)


2015-06-26T07:56:22Z
ResponseParameter:  billNo: bill635709021264283537 | endTime:2015-06-26 07:56:22

2015-06-26T07:56:22Z
<?xml version="1.0" encoding="UTF-8"?>
<RESPONSE>
  <VERS>0630</VERS>
  <MODE>U</MODE>
  <TRAN>3C6V0QZCXBBW</TRAN>
  <MERC>680000</MERC>
  <SESS>bill635709021264283537</SESS>
  <RULES_TRIGGERED>0</RULES_TRIGGERED>
  <COUNTERS_TRIGGERED>0</COUNTERS_TRIGGERED>
  <REASON_CODE></REASON_CODE>
  <MASTERCARD></MASTERCARD>
  <WARNING_COUNT>0</WARNING_COUNT>
</RESPONSE>

2015-06-26T07:57:51Z
RequestParameter:  billNo: 558d05fe91a8d | startTime:2015-06-26 07:57:51

2015-06-26T07:57:51Z
Array
(
    [MODE] => U
    [FRMT] => XML
    [VERS] => 0630
    [MERC] => 680000
    [SESS] => 558d05fe91a8d
    [TRAN] => 3C6V02K7WXV3
    [AUTH] => D
    [MACK] => Y
)


2015-06-26T07:57:52Z
ResponseParameter:  billNo: 558d05fe91a8d | endTime:2015-06-26 07:57:52

2015-06-26T07:57:52Z
<?xml version="1.0" encoding="UTF-8"?>
<RESPONSE>
  <VERS>0630</VERS>
  <MODE>U</MODE>
  <TRAN>3C6V02K7WXV3</TRAN>
  <MERC>680000</MERC>
  <SESS>558d05fe91a8d</SESS>
  <RULES_TRIGGERED>0</RULES_TRIGGERED>
  <COUNTERS_TRIGGERED>0</COUNTERS_TRIGGERED>
  <REASON_CODE></REASON_CODE>
  <MASTERCARD></MASTERCARD>
  <WARNING_COUNT>0</WARNING_COUNT>
</RESPONSE>

2015-06-26T08:03:08Z
RequestParameter:  billNo: 558d073a4cca4 | startTime:2015-06-26 08:03:08

2015-06-26T08:03:08Z
Array
(
    [MODE] => U
    [FRMT] => XML
    [VERS] => 0630
    [MERC] => 680000
    [SESS] => 558d073a4cca4
    [TRAN] => 3C6W0MHQ0HKS
    [AUTH] => D
    [MACK] => Y
)


2015-06-26T08:03:09Z
ResponseParameter:  billNo: 558d073a4cca4 | endTime:2015-06-26 08:03:09

2015-06-26T08:03:09Z
<?xml version="1.0" encoding="UTF-8"?>
<RESPONSE>
  <VERS>0630</VERS>
  <MODE>U</MODE>
  <TRAN>3C6W0MHQ0HKS</TRAN>
  <MERC>680000</MERC>
  <SESS>558d073a4cca4</SESS>
  <RULES_TRIGGERED>0</RULES_TRIGGERED>
  <COUNTERS_TRIGGERED>0</COUNTERS_TRIGGERED>
  <REASON_CODE></REASON_CODE>
  <MASTERCARD></MASTERCARD>
  <WARNING_COUNT>0</WARNING_COUNT>
</RESPONSE>

2015-06-26T08:12:54Z
RequestParameter:  billNo: 1434972316835 | startTime:2015-06-26 08:12:54

2015-06-26T08:12:54Z
Array
(
    [MODE] => U
    [FRMT] => XML
    [VERS] => 0630
    [MERC] => 680000
    [SESS] => 890bd8770543078093eaa22180f941b5
    [TRAN] => 3C0P00T24NZW
    [AUTH] => 
    [MACK] => Y
    [RFCB] => R
)


2015-06-26T08:12:55Z
ResponseParameter:  billNo: 1434972316835 | endTime:2015-06-26 08:12:55

2015-06-26T08:12:55Z
<?xml version="1.0" encoding="UTF-8"?>
<RESPONSE>
  <VERS>0630</VERS>
  <MODE>U</MODE>
  <TRAN>3C0P00T24NZW</TRAN>
  <MERC>680000</MERC>
  <SESS>890bd8770543078093eaa22180f941b5</SESS>
  <RULES_TRIGGERED>0</RULES_TRIGGERED>
  <COUNTERS_TRIGGERED>0</COUNTERS_TRIGGERED>
  <REASON_CODE></REASON_CODE>
  <MASTERCARD></MASTERCARD>
  <WARNING_COUNT>0</WARNING_COUNT>
</RESPONSE>

2015-06-26T08:21:31Z
RequestParameter:  billNo: 4d55207181fa4ee5be8b6a9ab43cd8e5 | startTime:2015-06-26 08:21:31

2015-06-26T08:21:31Z
Array
(
    [MODE] => U
    [FRMT] => XML
    [VERS] => 0630
    [MERC] => 680000
    [SESS] => 4d55207181fa4ee5be8b6a9ab43cd8e5
    [TRAN] => 3C6W0V04QM2R
    [AUTH] => D
    [MACK] => Y
)


2015-06-26T08:21:32Z
ResponseParameter:  billNo: 4d55207181fa4ee5be8b6a9ab43cd8e5 | endTime:2015-06-26 08:21:32

2015-06-26T08:21:32Z
<?xml version="1.0" encoding="UTF-8"?>
<RESPONSE>
  <VERS>0630</VERS>
  <MODE>U</MODE>
  <TRAN>3C6W0V04QM2R</TRAN>
  <MERC>680000</MERC>
  <SESS>4d55207181fa4ee5be8b6a9ab43cd8e5</SESS>
  <RULES_TRIGGERED>0</RULES_TRIGGERED>
  <COUNTERS_TRIGGERED>0</COUNTERS_TRIGGERED>
  <REASON_CODE></REASON_CODE>
  <MASTERCARD></MASTERCARD>
  <WARNING_COUNT>0</WARNING_COUNT>
</RESPONSE>

2015-06-26T08:37:04Z
RequestParameter:  billNo: a443d93e99d84d2c8396e5545c28a3e7 | startTime:2015-06-26 08:37:04

2015-06-26T08:37:04Z
Array
(
    [MODE] => U
    [FRMT] => XML
    [VERS] => 0630
    [MERC] => 680000
    [SESS] => a443d93e99d84d2c8396e5545c28a3e7
    [TRAN] => 3C6W0WG5ZM1X
    [AUTH] => D
    [MACK] => Y
)


2015-06-26T08:37:05Z
ResponseParameter:  billNo: a443d93e99d84d2c8396e5545c28a3e7 | endTime:2015-06-26 08:37:05

2015-06-26T08:37:05Z
<?xml version="1.0" encoding="UTF-8"?>
<RESPONSE>
  <VERS>0630</VERS>
  <MODE>U</MODE>
  <TRAN>3C6W0WG5ZM1X</TRAN>
  <MERC>680000</MERC>
  <SESS>a443d93e99d84d2c8396e5545c28a3e7</SESS>
  <RULES_TRIGGERED>0</RULES_TRIGGERED>
  <COUNTERS_TRIGGERED>0</COUNTERS_TRIGGERED>
  <REASON_CODE></REASON_CODE>
  <MASTERCARD></MASTERCARD>
  <WARNING_COUNT>0</WARNING_COUNT>
</RESPONSE>

2015-06-26T08:47:22Z
RequestParameter:  billNo: c2895d2df0a24da2a4eee88579e089ae | startTime:2015-06-26 08:47:22

2015-06-26T08:47:22Z
Array
(
    [MODE] => U
    [FRMT] => XML
    [VERS] => 0630
    [MERC] => 680000
    [SESS] => c2895d2df0a24da2a4eee88579e089ae
    [TRAN] => 3C6W0Q3QSXWX
    [AUTH] => D
    [MACK] => Y
)


2015-06-26T08:47:23Z
ResponseParameter:  billNo: c2895d2df0a24da2a4eee88579e089ae | endTime:2015-06-26 08:47:23

2015-06-26T08:47:23Z
<?xml version="1.0" encoding="UTF-8"?>
<RESPONSE>
  <VERS>0630</VERS>
  <MODE>U</MODE>
  <TRAN>3C6W0Q3QSXWX</TRAN>
  <MERC>680000</MERC>
  <SESS>c2895d2df0a24da2a4eee88579e089ae</SESS>
  <RULES_TRIGGERED>0</RULES_TRIGGERED>
  <COUNTERS_TRIGGERED>0</COUNTERS_TRIGGERED>
  <REASON_CODE></REASON_CODE>
  <MASTERCARD></MASTERCARD>
  <WARNING_COUNT>0</WARNING_COUNT>
</RESPONSE>

2015-06-26T09:01:11Z
RequestParameter:  billNo: bff33795c2ba4b368d11ba25905e2220 | startTime:2015-06-26 09:01:11

2015-06-26T09:01:11Z
Array
(
    [MODE] => U
    [FRMT] => XML
    [VERS] => 0630
    [MERC] => 680000
    [SESS] => bff33795c2ba4b368d11ba25905e2220
    [TRAN] => 3C6T0NJ2YXS1
    [AUTH] => D
    [MACK] => Y
)


2015-06-26T09:01:12Z
ResponseParameter:  billNo: bff33795c2ba4b368d11ba25905e2220 | endTime:2015-06-26 09:01:12

2015-06-26T09:01:12Z
<?xml version="1.0" encoding="UTF-8"?>
<RESPONSE>
  <VERS>0630</VERS>
  <MODE>U</MODE>
  <TRAN>3C6T0NJ2YXS1</TRAN>
  <MERC>680000</MERC>
  <SESS>bff33795c2ba4b368d11ba25905e2220</SESS>
  <RULES_TRIGGERED>0</RULES_TRIGGERED>
  <COUNTERS_TRIGGERED>0</COUNTERS_TRIGGERED>
  <REASON_CODE></REASON_CODE>
  <MASTERCARD></MASTERCARD>
  <WARNING_COUNT>0</WARNING_COUNT>
</RESPONSE>

2015-06-26T09:03:02Z
RequestParameter:  billNo: 4ffa5c2fef994bdc805a76dd22bbe0db | startTime:2015-06-26 09:03:02

2015-06-26T09:03:02Z
Array
(
    [MODE] => U
    [FRMT] => XML
    [VERS] => 0630
    [MERC] => 680000
    [SESS] => 4ffa5c2fef994bdc805a76dd22bbe0db
    [TRAN] => 3C6T0K3SM0T0
    [AUTH] => D
    [MACK] => Y
)


2015-06-26T09:03:03Z
ResponseParameter:  billNo: 4ffa5c2fef994bdc805a76dd22bbe0db | endTime:2015-06-26 09:03:03

2015-06-26T09:03:03Z
<?xml version="1.0" encoding="UTF-8"?>
<RESPONSE>
  <VERS>0630</VERS>
  <MODE>U</MODE>
  <TRAN>3C6T0K3SM0T0</TRAN>
  <MERC>680000</MERC>
  <SESS>4ffa5c2fef994bdc805a76dd22bbe0db</SESS>
  <RULES_TRIGGERED>0</RULES_TRIGGERED>
  <COUNTERS_TRIGGERED>0</COUNTERS_TRIGGERED>
  <REASON_CODE></REASON_CODE>
  <MASTERCARD></MASTERCARD>
  <WARNING_COUNT>0</WARNING_COUNT>
</RESPONSE>

2015-06-26T09:05:21Z
RequestParameter:  billNo: 44a6fc76d793425ab997460bbb82cb68 | startTime:2015-06-26 09:05:21

2015-06-26T09:05:21Z
Array
(
    [MODE] => U
    [FRMT] => XML
    [VERS] => 0630
    [MERC] => 680000
    [SESS] => 44a6fc76d793425ab997460bbb82cb68
    [TRAN] => 3C6T0LMJV2QD
    [AUTH] => D
    [MACK] => Y
)


2015-06-26T09:05:22Z
ResponseParameter:  billNo: 44a6fc76d793425ab997460bbb82cb68 | endTime:2015-06-26 09:05:22

2015-06-26T09:05:22Z
<?xml version="1.0" encoding="UTF-8"?>
<RESPONSE>
  <VERS>0630</VERS>
  <MODE>U</MODE>
  <TRAN>3C6T0LMJV2QD</TRAN>
  <MERC>680000</MERC>
  <SESS>44a6fc76d793425ab997460bbb82cb68</SESS>
  <RULES_TRIGGERED>0</RULES_TRIGGERED>
  <COUNTERS_TRIGGERED>0</COUNTERS_TRIGGERED>
  <REASON_CODE></REASON_CODE>
  <MASTERCARD></MASTERCARD>
  <WARNING_COUNT>0</WARNING_COUNT>
</RESPONSE>

2015-06-26T09:06:51Z
RequestParameter:  billNo: dd3d4614b1ae49a7b31f24ba60bc5043 | startTime:2015-06-26 09:06:51

2015-06-26T09:06:51Z
Array
(
    [MODE] => U
    [FRMT] => XML
    [VERS] => 0630
    [MERC] => 680000
    [SESS] => dd3d4614b1ae49a7b31f24ba60bc5043
    [TRAN] => 3C6T0GGP4XWK
    [AUTH] => D
    [MACK] => Y
)


2015-06-26T09:06:52Z
ResponseParameter:  billNo: dd3d4614b1ae49a7b31f24ba60bc5043 | endTime:2015-06-26 09:06:52

2015-06-26T09:06:52Z
<?xml version="1.0" encoding="UTF-8"?>
<RESPONSE>
  <VERS>0630</VERS>
  <MODE>U</MODE>
  <TRAN>3C6T0GGP4XWK</TRAN>
  <MERC>680000</MERC>
  <SESS>dd3d4614b1ae49a7b31f24ba60bc5043</SESS>
  <RULES_TRIGGERED>0</RULES_TRIGGERED>
  <COUNTERS_TRIGGERED>0</COUNTERS_TRIGGERED>
  <REASON_CODE></REASON_CODE>
  <MASTERCARD></MASTERCARD>
  <WARNING_COUNT>0</WARNING_COUNT>
</RESPONSE>

2015-06-26T09:14:21Z
RequestParameter:  billNo: bill635709068190583335 | startTime:2015-06-26 09:14:21

2015-06-26T09:14:21Z
Array
(
    [MODE] => U
    [FRMT] => XML
    [VERS] => 0630
    [MERC] => 680000
    [SESS] => bill635709068190583335
    [TRAN] => 3C6T09CPRWLW
    [AUTH] => D
    [MACK] => Y
)


2015-06-26T09:14:22Z
ResponseParameter:  billNo: bill635709068190583335 | endTime:2015-06-26 09:14:22

2015-06-26T09:14:22Z
<?xml version="1.0" encoding="UTF-8"?>
<RESPONSE>
  <VERS>0630</VERS>
  <MODE>U</MODE>
  <TRAN>3C6T09CPRWLW</TRAN>
  <MERC>680000</MERC>
  <SESS>bill635709068190583335</SESS>
  <RULES_TRIGGERED>0</RULES_TRIGGERED>
  <COUNTERS_TRIGGERED>0</COUNTERS_TRIGGERED>
  <REASON_CODE></REASON_CODE>
  <MASTERCARD></MASTERCARD>
  <WARNING_COUNT>0</WARNING_COUNT>
</RESPONSE>

2015-06-26T09:16:20Z
RequestParameter:  billNo: bill635709069285658636 | startTime:2015-06-26 09:16:20

2015-06-26T09:16:20Z
Array
(
    [MODE] => U
    [FRMT] => XML
    [VERS] => 0630
    [MERC] => 680000
    [SESS] => bill635709069285658636
    [TRAN] => 3C6T0LSPBPX7
    [AUTH] => D
    [MACK] => Y
)


2015-06-26T09:16:21Z
ResponseParameter:  billNo: bill635709069285658636 | endTime:2015-06-26 09:16:21

2015-06-26T09:16:21Z
<?xml version="1.0" encoding="UTF-8"?>
<RESPONSE>
  <VERS>0630</VERS>
  <MODE>U</MODE>
  <TRAN>3C6T0LSPBPX7</TRAN>
  <MERC>680000</MERC>
  <SESS>bill635709069285658636</SESS>
  <RULES_TRIGGERED>0</RULES_TRIGGERED>
  <COUNTERS_TRIGGERED>0</COUNTERS_TRIGGERED>
  <REASON_CODE></REASON_CODE>
  <MASTERCARD></MASTERCARD>
  <WARNING_COUNT>0</WARNING_COUNT>
</RESPONSE>

2015-06-26T09:22:45Z
RequestParameter:  billNo: efb7fda567944f8abc8641cad85c6adb | startTime:2015-06-26 09:22:45

2015-06-26T09:22:45Z
Array
(
    [MODE] => U
    [FRMT] => XML
    [VERS] => 0630
    [MERC] => 680000
    [SESS] => efb7fda567944f8abc8641cad85c6adb
    [TRAN] => 3C6T08N4YS2M
    [AUTH] => D
    [MACK] => Y
)


2015-06-26T09:22:46Z
ResponseParameter:  billNo: efb7fda567944f8abc8641cad85c6adb | endTime:2015-06-26 09:22:46

2015-06-26T09:22:46Z
<?xml version="1.0" encoding="UTF-8"?>
<RESPONSE>
  <VERS>0630</VERS>
  <MODE>U</MODE>
  <TRAN>3C6T08N4YS2M</TRAN>
  <MERC>680000</MERC>
  <SESS>efb7fda567944f8abc8641cad85c6adb</SESS>
  <RULES_TRIGGERED>0</RULES_TRIGGERED>
  <COUNTERS_TRIGGERED>0</COUNTERS_TRIGGERED>
  <REASON_CODE></REASON_CODE>
  <MASTERCARD></MASTERCARD>
  <WARNING_COUNT>0</WARNING_COUNT>
</RESPONSE>

2015-06-26T09:29:30Z
RequestParameter:  billNo: 69d8e9d6bd414317bd16af00ca08b88a | startTime:2015-06-26 09:29:30

2015-06-26T09:29:30Z
Array
(
    [MODE] => U
    [FRMT] => XML
    [VERS] => 0630
    [MERC] => 680000
    [SESS] => 69d8e9d6bd414317bd16af00ca08b88a
    [TRAN] => 3C6T0GS3Z25G
    [AUTH] => D
    [MACK] => Y
)


2015-06-26T09:29:31Z
ResponseParameter:  billNo: 69d8e9d6bd414317bd16af00ca08b88a | endTime:2015-06-26 09:29:31

2015-06-26T09:29:31Z
<?xml version="1.0" encoding="UTF-8"?>
<RESPONSE>
  <VERS>0630</VERS>
  <MODE>U</MODE>
  <TRAN>3C6T0GS3Z25G</TRAN>
  <MERC>680000</MERC>
  <SESS>69d8e9d6bd414317bd16af00ca08b88a</SESS>
  <RULES_TRIGGERED>0</RULES_TRIGGERED>
  <COUNTERS_TRIGGERED>0</COUNTERS_TRIGGERED>
  <REASON_CODE></REASON_CODE>
  <MASTERCARD></MASTERCARD>
  <WARNING_COUNT>0</WARNING_COUNT>
</RESPONSE>

2015-06-26T09:33:08Z
RequestParameter:  billNo: ca0e4b4b2e1245ceaadc8d5a6b2f58ab | startTime:2015-06-26 09:33:08

2015-06-26T09:33:08Z
Array
(
    [MODE] => U
    [FRMT] => XML
    [VERS] => 0630
    [MERC] => 680000
    [SESS] => 446b0f5339004d5ebd593c05ba9e4354
    [TRAN] => 3C060Z5X9595
    [AUTH] => 
    [MACK] => Y
    [RFCB] => R
)


2015-06-26T09:33:09Z
ResponseParameter:  billNo: ca0e4b4b2e1245ceaadc8d5a6b2f58ab | endTime:2015-06-26 09:33:09

2015-06-26T09:33:09Z
<?xml version="1.0" encoding="UTF-8"?>
<RESPONSE>
  <VERS>0630</VERS>
  <MODE>U</MODE>
  <TRAN>3C060Z5X9595</TRAN>
  <MERC>680000</MERC>
  <SESS>446b0f5339004d5ebd593c05ba9e4354</SESS>
  <RULES_TRIGGERED>0</RULES_TRIGGERED>
  <COUNTERS_TRIGGERED>0</COUNTERS_TRIGGERED>
  <REASON_CODE></REASON_CODE>
  <MASTERCARD></MASTERCARD>
  <WARNING_COUNT>0</WARNING_COUNT>
</RESPONSE>

2015-06-26T09:57:14Z
RequestParameter:  billNo: db4b8ff6f8d34880925fd43a1ec47f95 | startTime:2015-06-26 09:57:14

2015-06-26T09:57:14Z
Array
(
    [MODE] => U
    [FRMT] => XML
    [VERS] => 0630
    [MERC] => 680000
    [SESS] => db4b8ff6f8d34880925fd43a1ec47f95
    [TRAN] => 3C6T0S9NPKQ3
    [AUTH] => D
    [MACK] => Y
)


2015-06-26T09:57:15Z
ResponseParameter:  billNo: db4b8ff6f8d34880925fd43a1ec47f95 | endTime:2015-06-26 09:57:15

2015-06-26T09:57:15Z
<?xml version="1.0" encoding="UTF-8"?>
<RESPONSE>
  <VERS>0630</VERS>
  <MODE>U</MODE>
  <TRAN>3C6T0S9NPKQ3</TRAN>
  <MERC>680000</MERC>
  <SESS>db4b8ff6f8d34880925fd43a1ec47f95</SESS>
  <RULES_TRIGGERED>0</RULES_TRIGGERED>
  <COUNTERS_TRIGGERED>0</COUNTERS_TRIGGERED>
  <REASON_CODE></REASON_CODE>
  <MASTERCARD></MASTERCARD>
  <WARNING_COUNT>0</WARNING_COUNT>
</RESPONSE>

2015-06-26T09:57:35Z
RequestParameter:  billNo: 13526830e2d144068b0da2ca5d8123f6 | startTime:2015-06-26 09:57:35

2015-06-26T09:57:35Z
Array
(
    [MODE] => U
    [FRMT] => XML
    [VERS] => 0630
    [MERC] => 680000
    [SESS] => 13526830e2d144068b0da2ca5d8123f6
    [TRAN] => 3C6T0KD5103H
    [AUTH] => D
    [MACK] => Y
)


2015-06-26T09:57:36Z
ResponseParameter:  billNo: 13526830e2d144068b0da2ca5d8123f6 | endTime:2015-06-26 09:57:36

2015-06-26T09:57:36Z
<?xml version="1.0" encoding="UTF-8"?>
<RESPONSE>
  <VERS>0630</VERS>
  <MODE>U</MODE>
  <TRAN>3C6T0KD5103H</TRAN>
  <MERC>680000</MERC>
  <SESS>13526830e2d144068b0da2ca5d8123f6</SESS>
  <RULES_TRIGGERED>0</RULES_TRIGGERED>
  <COUNTERS_TRIGGERED>0</COUNTERS_TRIGGERED>
  <REASON_CODE></REASON_CODE>
  <MASTERCARD></MASTERCARD>
  <WARNING_COUNT>0</WARNING_COUNT>
</RESPONSE>

2015-06-26T10:01:40Z
RequestParameter:  billNo: 4824fb3d019a461bb30c011a47fe4fad | startTime:2015-06-26 10:01:40

2015-06-26T10:01:40Z
Array
(
    [MODE] => U
    [FRMT] => XML
    [VERS] => 0630
    [MERC] => 680000
    [SESS] => 4824fb3d019a461bb30c011a47fe4fad
    [TRAN] => 3C6Y0Y4KSVPQ
    [AUTH] => D
    [MACK] => Y
)


2015-06-26T10:01:40Z
ResponseParameter:  billNo: 4824fb3d019a461bb30c011a47fe4fad | endTime:2015-06-26 10:01:40

2015-06-26T10:01:40Z
<?xml version="1.0" encoding="UTF-8"?>
<RESPONSE>
  <VERS>0630</VERS>
  <MODE>U</MODE>
  <TRAN>3C6Y0Y4KSVPQ</TRAN>
  <MERC>680000</MERC>
  <SESS>4824fb3d019a461bb30c011a47fe4fad</SESS>
  <RULES_TRIGGERED>0</RULES_TRIGGERED>
  <COUNTERS_TRIGGERED>0</COUNTERS_TRIGGERED>
  <REASON_CODE></REASON_CODE>
  <MASTERCARD></MASTERCARD>
  <WARNING_COUNT>0</WARNING_COUNT>
</RESPONSE>

2015-06-26T10:03:58Z
RequestParameter:  billNo: 04eda8929816467daa297390fe753a9b | startTime:2015-06-26 10:03:58

2015-06-26T10:03:58Z
Array
(
    [MODE] => U
    [FRMT] => XML
    [VERS] => 0630
    [MERC] => 680000
    [SESS] => 04eda8929816467daa297390fe753a9b
    [TRAN] => 3C6Y0CTKMY9H
    [AUTH] => D
    [MACK] => Y
)


2015-06-26T10:03:59Z
ResponseParameter:  billNo: 04eda8929816467daa297390fe753a9b | endTime:2015-06-26 10:03:59

2015-06-26T10:03:59Z
<?xml version="1.0" encoding="UTF-8"?>
<RESPONSE>
  <VERS>0630</VERS>
  <MODE>U</MODE>
  <TRAN>3C6Y0CTKMY9H</TRAN>
  <MERC>680000</MERC>
  <SESS>04eda8929816467daa297390fe753a9b</SESS>
  <RULES_TRIGGERED>0</RULES_TRIGGERED>
  <COUNTERS_TRIGGERED>0</COUNTERS_TRIGGERED>
  <REASON_CODE></REASON_CODE>
  <MASTERCARD></MASTERCARD>
  <WARNING_COUNT>0</WARNING_COUNT>
</RESPONSE>

2015-06-26T10:05:18Z
RequestParameter:  billNo: 8897dccaa94940a0b868ee587c67d7f5 | startTime:2015-06-26 10:05:18

2015-06-26T10:05:18Z
Array
(
    [MODE] => U
    [FRMT] => XML
    [VERS] => 0630
    [MERC] => 680000
    [SESS] => 8897dccaa94940a0b868ee587c67d7f5
    [TRAN] => 3C6Y0RP8KZ7C
    [AUTH] => D
    [MACK] => Y
)


2015-06-26T10:05:19Z
ResponseParameter:  billNo: 8897dccaa94940a0b868ee587c67d7f5 | endTime:2015-06-26 10:05:19

2015-06-26T10:05:19Z
<?xml version="1.0" encoding="UTF-8"?>
<RESPONSE>
  <VERS>0630</VERS>
  <MODE>U</MODE>
  <TRAN>3C6Y0RP8KZ7C</TRAN>
  <MERC>680000</MERC>
  <SESS>8897dccaa94940a0b868ee587c67d7f5</SESS>
  <RULES_TRIGGERED>0</RULES_TRIGGERED>
  <COUNTERS_TRIGGERED>0</COUNTERS_TRIGGERED>
  <REASON_CODE></REASON_CODE>
  <MASTERCARD></MASTERCARD>
  <WARNING_COUNT>0</WARNING_COUNT>
</RESPONSE>

2015-06-26T10:21:53Z
RequestParameter:  billNo: w5cVR1435314106 | startTime:2015-06-26 10:21:53

2015-06-26T10:21:53Z
Array
(
    [MODE] => U
    [FRMT] => XML
    [VERS] => 0630
    [MERC] => 680000
    [SESS] => w5cVR1435314106
    [TRAN] => 3C6Y04GKX74V
    [AUTH] => D
    [MACK] => Y
)


2015-06-26T10:21:54Z
ResponseParameter:  billNo: w5cVR1435314106 | endTime:2015-06-26 10:21:54

2015-06-26T10:21:54Z
<?xml version="1.0" encoding="UTF-8"?>
<RESPONSE>
  <VERS>0630</VERS>
  <MODE>U</MODE>
  <TRAN>3C6Y04GKX74V</TRAN>
  <MERC>680000</MERC>
  <SESS>w5cVR1435314106</SESS>
  <RULES_TRIGGERED>0</RULES_TRIGGERED>
  <COUNTERS_TRIGGERED>0</COUNTERS_TRIGGERED>
  <REASON_CODE></REASON_CODE>
  <MASTERCARD></MASTERCARD>
  <WARNING_COUNT>0</WARNING_COUNT>
</RESPONSE>

2015-06-26T10:22:24Z
RequestParameter:  billNo: bill635709109013831298 | startTime:2015-06-26 10:22:24

2015-06-26T10:22:24Z
Array
(
    [MODE] => U
    [FRMT] => XML
    [VERS] => 0630
    [MERC] => 680000
    [SESS] => bill635709109013831298
    [TRAN] => 3C6Y0KNGWPWJ
    [AUTH] => D
    [MACK] => Y
)


2015-06-26T10:22:25Z
ResponseParameter:  billNo: bill635709109013831298 | endTime:2015-06-26 10:22:25

2015-06-26T10:22:25Z
<?xml version="1.0" encoding="UTF-8"?>
<RESPONSE>
  <VERS>0630</VERS>
  <MODE>U</MODE>
  <TRAN>3C6Y0KNGWPWJ</TRAN>
  <MERC>680000</MERC>
  <SESS>bill635709109013831298</SESS>
  <RULES_TRIGGERED>0</RULES_TRIGGERED>
  <COUNTERS_TRIGGERED>0</COUNTERS_TRIGGERED>
  <REASON_CODE></REASON_CODE>
  <MASTERCARD></MASTERCARD>
  <WARNING_COUNT>0</WARNING_COUNT>
</RESPONSE>

2015-06-26T10:23:31Z
RequestParameter:  billNo: bill635709109632759742 | startTime:2015-06-26 10:23:31

2015-06-26T10:23:31Z
Array
(
    [MODE] => U
    [FRMT] => XML
    [VERS] => 0630
    [MERC] => 680000
    [SESS] => bill635709109632759742
    [TRAN] => 3C6Y0PLY0S01
    [AUTH] => D
    [MACK] => Y
)


2015-06-26T10:23:32Z
ResponseParameter:  billNo: bill635709109632759742 | endTime:2015-06-26 10:23:32

2015-06-26T10:23:32Z
<?xml version="1.0" encoding="UTF-8"?>
<RESPONSE>
  <VERS>0630</VERS>
  <MODE>U</MODE>
  <TRAN>3C6Y0PLY0S01</TRAN>
  <MERC>680000</MERC>
  <SESS>bill635709109632759742</SESS>
  <RULES_TRIGGERED>0</RULES_TRIGGERED>
  <COUNTERS_TRIGGERED>0</COUNTERS_TRIGGERED>
  <REASON_CODE></REASON_CODE>
  <MASTERCARD></MASTERCARD>
  <WARNING_COUNT>0</WARNING_COUNT>
</RESPONSE>

2015-06-26T10:23:54Z
RequestParameter:  billNo: 130dc2add6f849da936bd35370f4ff5e | startTime:2015-06-26 10:23:54

2015-06-26T10:23:54Z
Array
(
    [MODE] => U
    [FRMT] => XML
    [VERS] => 0630
    [MERC] => 680000
    [SESS] => d1eba5c25fca485396cf4cb4b857ea50
    [TRAN] => 3C6Y0DMZYP1W
    [AUTH] => D
    [MACK] => Y
)


2015-06-26T10:23:55Z
ResponseParameter:  billNo: 130dc2add6f849da936bd35370f4ff5e | endTime:2015-06-26 10:23:55

2015-06-26T10:23:55Z
<?xml version="1.0" encoding="UTF-8"?>
<RESPONSE>
  <VERS>0630</VERS>
  <MODE>U</MODE>
  <TRAN>3C6Y0DMZYP1W</TRAN>
  <MERC>680000</MERC>
  <SESS>d1eba5c25fca485396cf4cb4b857ea50</SESS>
  <RULES_TRIGGERED>0</RULES_TRIGGERED>
  <COUNTERS_TRIGGERED>0</COUNTERS_TRIGGERED>
  <REASON_CODE></REASON_CODE>
  <MASTERCARD></MASTERCARD>
  <WARNING_COUNT>0</WARNING_COUNT>
</RESPONSE>

2015-06-26T10:24:35Z
RequestParameter:  billNo: bill635709110229371188 | startTime:2015-06-26 10:24:35

2015-06-26T10:24:35Z
Array
(
    [MODE] => U
    [FRMT] => XML
    [VERS] => 0630
    [MERC] => 680000
    [SESS] => bill635709110229371188
    [TRAN] => 3C6Y03863VKR
    [AUTH] => D
    [MACK] => Y
)


2015-06-26T10:24:36Z
ResponseParameter:  billNo: bill635709110229371188 | endTime:2015-06-26 10:24:36

2015-06-26T10:24:36Z
<?xml version="1.0" encoding="UTF-8"?>
<RESPONSE>
  <VERS>0630</VERS>
  <MODE>U</MODE>
  <TRAN>3C6Y03863VKR</TRAN>
  <MERC>680000</MERC>
  <SESS>bill635709110229371188</SESS>
  <RULES_TRIGGERED>0</RULES_TRIGGERED>
  <COUNTERS_TRIGGERED>0</COUNTERS_TRIGGERED>
  <REASON_CODE></REASON_CODE>
  <MASTERCARD></MASTERCARD>
  <WARNING_COUNT>0</WARNING_COUNT>
</RESPONSE>

2015-06-26T10:29:31Z
RequestParameter:  billNo: 5YN2a1435314566 | startTime:2015-06-26 10:29:31

2015-06-26T10:29:31Z
Array
(
    [MODE] => U
    [FRMT] => XML
    [VERS] => 0630
    [MERC] => 680000
    [SESS] => 5YN2a1435314566
    [TRAN] => 3C6Y0VKDK8Y9
    [AUTH] => D
    [MACK] => Y
)


2015-06-26T10:29:32Z
ResponseParameter:  billNo: 5YN2a1435314566 | endTime:2015-06-26 10:29:32

2015-06-26T10:29:32Z
<?xml version="1.0" encoding="UTF-8"?>
<RESPONSE>
  <VERS>0630</VERS>
  <MODE>U</MODE>
  <TRAN>3C6Y0VKDK8Y9</TRAN>
  <MERC>680000</MERC>
  <SESS>5YN2a1435314566</SESS>
  <RULES_TRIGGERED>0</RULES_TRIGGERED>
  <COUNTERS_TRIGGERED>0</COUNTERS_TRIGGERED>
  <REASON_CODE></REASON_CODE>
  <MASTERCARD></MASTERCARD>
  <WARNING_COUNT>0</WARNING_COUNT>
</RESPONSE>

2015-06-26T10:34:10Z
RequestParameter:  billNo: bill635709116124149626 | startTime:2015-06-26 10:34:10

2015-06-26T10:34:10Z
Array
(
    [MODE] => U
    [FRMT] => XML
    [VERS] => 0630
    [MERC] => 680000
    [SESS] => bill635709116124149626
    [TRAN] => 3C6Y0636GYV0
    [AUTH] => D
    [MACK] => Y
)


2015-06-26T10:34:11Z
ResponseParameter:  billNo: bill635709116124149626 | endTime:2015-06-26 10:34:11

2015-06-26T10:34:11Z
<?xml version="1.0" encoding="UTF-8"?>
<RESPONSE>
  <VERS>0630</VERS>
  <MODE>U</MODE>
  <TRAN>3C6Y0636GYV0</TRAN>
  <MERC>680000</MERC>
  <SESS>bill635709116124149626</SESS>
  <RULES_TRIGGERED>0</RULES_TRIGGERED>
  <COUNTERS_TRIGGERED>0</COUNTERS_TRIGGERED>
  <REASON_CODE></REASON_CODE>
  <MASTERCARD></MASTERCARD>
  <WARNING_COUNT>0</WARNING_COUNT>
</RESPONSE>

2015-06-26T10:40:31Z
RequestParameter:  billNo: bill635709119931528204 | startTime:2015-06-26 10:40:31

2015-06-26T10:40:31Z
Array
(
    [MODE] => U
    [FRMT] => XML
    [VERS] => 0630
    [MERC] => 680000
    [SESS] => bill635709119931528204
    [TRAN] => 3C6Y0V51HYY0
    [AUTH] => D
    [MACK] => Y
)


2015-06-26T10:40:31Z
ResponseParameter:  billNo: bill635709119931528204 | endTime:2015-06-26 10:40:31

2015-06-26T10:40:31Z
<?xml version="1.0" encoding="UTF-8"?>
<RESPONSE>
  <VERS>0630</VERS>
  <MODE>U</MODE>
  <TRAN>3C6Y0V51HYY0</TRAN>
  <MERC>680000</MERC>
  <SESS>bill635709119931528204</SESS>
  <RULES_TRIGGERED>0</RULES_TRIGGERED>
  <COUNTERS_TRIGGERED>0</COUNTERS_TRIGGERED>
  <REASON_CODE></REASON_CODE>
  <MASTERCARD></MASTERCARD>
  <WARNING_COUNT>0</WARNING_COUNT>
</RESPONSE>

2015-06-26T10:40:34Z
RequestParameter:  billNo: 28ecb95c43164b25b3c81110a5d09678 | startTime:2015-06-26 10:40:34

2015-06-26T10:40:34Z
Array
(
    [MODE] => U
    [FRMT] => XML
    [VERS] => 0630
    [MERC] => 680000
    [SESS] => 28ecb95c43164b25b3c81110a5d09678
    [TRAN] => 3C6Y04K615CP
    [AUTH] => D
    [MACK] => Y
)


2015-06-26T10:40:35Z
ResponseParameter:  billNo: 28ecb95c43164b25b3c81110a5d09678 | endTime:2015-06-26 10:40:35

2015-06-26T10:40:35Z
<?xml version="1.0" encoding="UTF-8"?>
<RESPONSE>
  <VERS>0630</VERS>
  <MODE>U</MODE>
  <TRAN>3C6Y04K615CP</TRAN>
  <MERC>680000</MERC>
  <SESS>28ecb95c43164b25b3c81110a5d09678</SESS>
  <RULES_TRIGGERED>0</RULES_TRIGGERED>
  <COUNTERS_TRIGGERED>0</COUNTERS_TRIGGERED>
  <REASON_CODE></REASON_CODE>
  <MASTERCARD></MASTERCARD>
  <WARNING_COUNT>0</WARNING_COUNT>
</RESPONSE>

2015-06-26T10:41:19Z
RequestParameter:  billNo: bill635709120478830744 | startTime:2015-06-26 10:41:19

2015-06-26T10:41:19Z
Array
(
    [MODE] => U
    [FRMT] => XML
    [VERS] => 0630
    [MERC] => 680000
    [SESS] => bill635709120478830744
    [TRAN] => 3C6Y0ZW4ZYJD
    [AUTH] => D
    [MACK] => Y
)


2015-06-26T10:41:20Z
ResponseParameter:  billNo: bill635709120478830744 | endTime:2015-06-26 10:41:20

2015-06-26T10:41:20Z
<?xml version="1.0" encoding="UTF-8"?>
<RESPONSE>
  <VERS>0630</VERS>
  <MODE>U</MODE>
  <TRAN>3C6Y0ZW4ZYJD</TRAN>
  <MERC>680000</MERC>
  <SESS>bill635709120478830744</SESS>
  <RULES_TRIGGERED>0</RULES_TRIGGERED>
  <COUNTERS_TRIGGERED>0</COUNTERS_TRIGGERED>
  <REASON_CODE></REASON_CODE>
  <MASTERCARD></MASTERCARD>
  <WARNING_COUNT>0</WARNING_COUNT>
</RESPONSE>

2015-06-26T10:41:23Z
RequestParameter:  billNo: c3090d33ea204794a47e3ea56c9d1b9e | startTime:2015-06-26 10:41:23

2015-06-26T10:41:23Z
Array
(
    [MODE] => U
    [FRMT] => XML
    [VERS] => 0630
    [MERC] => 680000
    [SESS] => c3090d33ea204794a47e3ea56c9d1b9e
    [TRAN] => 3CZD0K3PHWZQ
    [AUTH] => 
    [MACK] => Y
    [RFCB] => R
)


2015-06-26T10:41:24Z
ResponseParameter:  billNo: c3090d33ea204794a47e3ea56c9d1b9e | endTime:2015-06-26 10:41:24

2015-06-26T10:41:24Z
<?xml version="1.0" encoding="UTF-8"?>
<RESPONSE>
  <VERS>0630</VERS>
  <MODE>U</MODE>
  <TRAN>3CZD0K3PHWZQ</TRAN>
  <MERC>680000</MERC>
  <SESS>c3090d33ea204794a47e3ea56c9d1b9e</SESS>
  <RULES_TRIGGERED>0</RULES_TRIGGERED>
  <COUNTERS_TRIGGERED>0</COUNTERS_TRIGGERED>
  <REASON_CODE></REASON_CODE>
  <MASTERCARD></MASTERCARD>
  <WARNING_COUNT>0</WARNING_COUNT>
</RESPONSE>

2015-06-26T10:46:35Z
RequestParameter:  billNo: 558d2d896cc2b | startTime:2015-06-26 10:46:35

2015-06-26T10:46:35Z
Array
(
    [MODE] => U
    [FRMT] => XML
    [VERS] => 0630
    [MERC] => 680000
    [SESS] => 558d2d896cc2b
    [TRAN] => 3C6Y0Z4VY4K1
    [AUTH] => D
    [MACK] => Y
)


2015-06-26T10:46:36Z
ResponseParameter:  billNo: 558d2d896cc2b | endTime:2015-06-26 10:46:36

2015-06-26T10:46:36Z
<?xml version="1.0" encoding="UTF-8"?>
<RESPONSE>
  <VERS>0630</VERS>
  <MODE>U</MODE>
  <TRAN>3C6Y0Z4VY4K1</TRAN>
  <MERC>680000</MERC>
  <SESS>558d2d896cc2b</SESS>
  <RULES_TRIGGERED>0</RULES_TRIGGERED>
  <COUNTERS_TRIGGERED>0</COUNTERS_TRIGGERED>
  <REASON_CODE></REASON_CODE>
  <MASTERCARD></MASTERCARD>
  <WARNING_COUNT>0</WARNING_COUNT>
</RESPONSE>

2015-06-26T10:55:46Z
RequestParameter:  billNo: 2f72af7c93c04deeb2249164d5338a78 | startTime:2015-06-26 10:55:46

2015-06-26T10:55:46Z
Array
(
    [MODE] => U
    [FRMT] => XML
    [VERS] => 0630
    [MERC] => 680000
    [SESS] => 2f72af7c93c04deeb2249164d5338a78
    [TRAN] => 3C6Y09SV08L4
    [AUTH] => D
    [MACK] => Y
)


2015-06-26T10:55:47Z
ResponseParameter:  billNo: 2f72af7c93c04deeb2249164d5338a78 | endTime:2015-06-26 10:55:47

2015-06-26T10:55:47Z
<?xml version="1.0" encoding="UTF-8"?>
<RESPONSE>
  <VERS>0630</VERS>
  <MODE>U</MODE>
  <TRAN>3C6Y09SV08L4</TRAN>
  <MERC>680000</MERC>
  <SESS>2f72af7c93c04deeb2249164d5338a78</SESS>
  <RULES_TRIGGERED>0</RULES_TRIGGERED>
  <COUNTERS_TRIGGERED>0</COUNTERS_TRIGGERED>
  <REASON_CODE></REASON_CODE>
  <MASTERCARD></MASTERCARD>
  <WARNING_COUNT>0</WARNING_COUNT>
</RESPONSE>

2015-06-26T10:57:19Z
RequestParameter:  billNo: 7f5b42b8d80d4b0ea9541b625d9ae057 | startTime:2015-06-26 10:57:19

2015-06-26T10:57:19Z
Array
(
    [MODE] => U
    [FRMT] => XML
    [VERS] => 0630
    [MERC] => 680000
    [SESS] => 7f5b42b8d80d4b0ea9541b625d9ae057
    [TRAN] => 3C6Y0KSY9YRS
    [AUTH] => D
    [MACK] => Y
)


2015-06-26T10:57:20Z
ResponseParameter:  billNo: 7f5b42b8d80d4b0ea9541b625d9ae057 | endTime:2015-06-26 10:57:20

2015-06-26T10:57:20Z
<?xml version="1.0" encoding="UTF-8"?>
<RESPONSE>
  <VERS>0630</VERS>
  <MODE>U</MODE>
  <TRAN>3C6Y0KSY9YRS</TRAN>
  <MERC>680000</MERC>
  <SESS>7f5b42b8d80d4b0ea9541b625d9ae057</SESS>
  <RULES_TRIGGERED>0</RULES_TRIGGERED>
  <COUNTERS_TRIGGERED>0</COUNTERS_TRIGGERED>
  <REASON_CODE></REASON_CODE>
  <MASTERCARD></MASTERCARD>
  <WARNING_COUNT>0</WARNING_COUNT>
</RESPONSE>

2015-06-26T11:04:36Z
RequestParameter:  billNo: ac1d2ff41c504424b692fecd5bc6f6f1 | startTime:2015-06-26 11:04:36

2015-06-26T11:04:36Z
Array
(
    [MODE] => U
    [FRMT] => XML
    [VERS] => 0630
    [MERC] => 680000
    [SESS] => ac1d2ff41c504424b692fecd5bc6f6f1
    [TRAN] => 3C6H0LWD0R6R
    [AUTH] => D
    [MACK] => Y
)


2015-06-26T11:04:36Z
ResponseParameter:  billNo: ac1d2ff41c504424b692fecd5bc6f6f1 | endTime:2015-06-26 11:04:36

2015-06-26T11:04:36Z
<?xml version="1.0" encoding="UTF-8"?>
<RESPONSE>
  <VERS>0630</VERS>
  <MODE>U</MODE>
  <TRAN>3C6H0LWD0R6R</TRAN>
  <MERC>680000</MERC>
  <SESS>ac1d2ff41c504424b692fecd5bc6f6f1</SESS>
  <RULES_TRIGGERED>0</RULES_TRIGGERED>
  <COUNTERS_TRIGGERED>0</COUNTERS_TRIGGERED>
  <REASON_CODE></REASON_CODE>
  <MASTERCARD></MASTERCARD>
  <WARNING_COUNT>0</WARNING_COUNT>
</RESPONSE>

2015-06-26T11:06:08Z
RequestParameter:  billNo: e410d96aadc24b579683570641165a8a | startTime:2015-06-26 11:06:08

2015-06-26T11:06:08Z
Array
(
    [MODE] => U
    [FRMT] => XML
    [VERS] => 0630
    [MERC] => 680000
    [SESS] => e410d96aadc24b579683570641165a8a
    [TRAN] => 3C6H02B25SR1
    [AUTH] => D
    [MACK] => Y
)


2015-06-26T11:06:09Z
ResponseParameter:  billNo: e410d96aadc24b579683570641165a8a | endTime:2015-06-26 11:06:09

2015-06-26T11:06:09Z
<?xml version="1.0" encoding="UTF-8"?>
<RESPONSE>
  <VERS>0630</VERS>
  <MODE>U</MODE>
  <TRAN>3C6H02B25SR1</TRAN>
  <MERC>680000</MERC>
  <SESS>e410d96aadc24b579683570641165a8a</SESS>
  <RULES_TRIGGERED>0</RULES_TRIGGERED>
  <COUNTERS_TRIGGERED>0</COUNTERS_TRIGGERED>
  <REASON_CODE></REASON_CODE>
  <MASTERCARD></MASTERCARD>
  <WARNING_COUNT>0</WARNING_COUNT>
</RESPONSE>

2015-06-26T11:31:52Z
RequestParameter:  billNo: 0c122b5c127b49f48ab86749a15ae160 | startTime:2015-06-26 11:31:52

2015-06-26T11:31:52Z
Array
(
    [MODE] => U
    [FRMT] => XML
    [VERS] => 0630
    [MERC] => 680000
    [SESS] => cacd429492354ed293818abe6a486859
    [TRAN] => 3C6H0JQ69QK7
    [AUTH] => D
    [MACK] => Y
)


2015-06-26T11:31:53Z
ResponseParameter:  billNo: 0c122b5c127b49f48ab86749a15ae160 | endTime:2015-06-26 11:31:53

2015-06-26T11:31:53Z
<?xml version="1.0" encoding="UTF-8"?>
<RESPONSE>
  <VERS>0630</VERS>
  <MODE>U</MODE>
  <TRAN>3C6H0JQ69QK7</TRAN>
  <MERC>680000</MERC>
  <SESS>cacd429492354ed293818abe6a486859</SESS>
  <RULES_TRIGGERED>0</RULES_TRIGGERED>
  <COUNTERS_TRIGGERED>0</COUNTERS_TRIGGERED>
  <REASON_CODE></REASON_CODE>
  <MASTERCARD></MASTERCARD>
  <WARNING_COUNT>0</WARNING_COUNT>
</RESPONSE>

2015-06-26T11:49:19Z
RequestParameter:  billNo: 525c8ca3d1ea4b2cb1f81b6aab0dd669 | startTime:2015-06-26 11:49:19

2015-06-26T11:49:19Z
Array
(
    [MODE] => U
    [FRMT] => XML
    [VERS] => 0630
    [MERC] => 680000
    [SESS] => 234378463a2441bfa55bf199cf7c61df
    [TRAN] => 3C6H0Q98KLBT
    [AUTH] => D
    [MACK] => Y
)


2015-06-26T11:49:20Z
ResponseParameter:  billNo: 525c8ca3d1ea4b2cb1f81b6aab0dd669 | endTime:2015-06-26 11:49:20

2015-06-26T11:49:20Z
<?xml version="1.0" encoding="UTF-8"?>
<RESPONSE>
  <VERS>0630</VERS>
  <MODE>U</MODE>
  <TRAN>3C6H0Q98KLBT</TRAN>
  <MERC>680000</MERC>
  <SESS>234378463a2441bfa55bf199cf7c61df</SESS>
  <RULES_TRIGGERED>0</RULES_TRIGGERED>
  <COUNTERS_TRIGGERED>0</COUNTERS_TRIGGERED>
  <REASON_CODE></REASON_CODE>
  <MASTERCARD></MASTERCARD>
  <WARNING_COUNT>0</WARNING_COUNT>
</RESPONSE>

