2015-07-19T10:48:24Z
RequestParameter:  billNo: hnF3A1437302898 | startTime:2015-07-19 10:48:24

2015-07-19T10:48:24Z
Array
(
    [MODE] => U
    [FRMT] => XML
    [VERS] => 0630
    [MERC] => 680000
    [SESS] => hnF3A1437302898
    [TRAN] => 3ZH60TXBKWMK
    [AUTH] => D
    [MACK] => Y
)


2015-07-19T10:48:25Z
ResponseParameter:  billNo: hnF3A1437302898 | endTime:2015-07-19 10:48:25

2015-07-19T10:48:25Z
<?xml version="1.0" encoding="UTF-8"?>
<RESPONSE>
  <VERS>0630</VERS>
  <MODE>U</MODE>
  <TRAN>3ZH60TXBKWMK</TRAN>
  <MERC>680000</MERC>
  <SESS>hnF3A1437302898</SESS>
  <RULES_TRIGGERED>0</RULES_TRIGGERED>
  <COUNTERS_TRIGGERED>0</COUNTERS_TRIGGERED>
  <REASON_CODE></REASON_CODE>
  <MASTERCARD></MASTERCARD>
  <WARNING_COUNT>0</WARNING_COUNT>
</RESPONSE>

2015-07-19T10:59:29Z
RequestParameter:  billNo: 0KpMo1437303563 | startTime:2015-07-19 10:59:29

2015-07-19T10:59:29Z
Array
(
    [MODE] => U
    [FRMT] => XML
    [VERS] => 0630
    [MERC] => 680000
    [SESS] => 0KpMo1437303563
    [TRAN] => 3ZH60C5276Y8
    [AUTH] => D
    [MACK] => Y
)


2015-07-19T10:59:29Z
ResponseParameter:  billNo: 0KpMo1437303563 | endTime:2015-07-19 10:59:29

2015-07-19T10:59:29Z
<?xml version="1.0" encoding="UTF-8"?>
<RESPONSE>
  <VERS>0630</VERS>
  <MODE>U</MODE>
  <TRAN>3ZH60C5276Y8</TRAN>
  <MERC>680000</MERC>
  <SESS>0KpMo1437303563</SESS>
  <RULES_TRIGGERED>0</RULES_TRIGGERED>
  <COUNTERS_TRIGGERED>0</COUNTERS_TRIGGERED>
  <REASON_CODE></REASON_CODE>
  <MASTERCARD></MASTERCARD>
  <WARNING_COUNT>0</WARNING_COUNT>
</RESPONSE>

2015-07-19T11:01:58Z
RequestParameter:  billNo: Kc5hS1437303712 | startTime:2015-07-19 11:01:58

2015-07-19T11:01:58Z
Array
(
    [MODE] => U
    [FRMT] => XML
    [VERS] => 0630
    [MERC] => 680000
    [SESS] => Kc5hS1437303712
    [TRAN] => 3ZH10CK9XH8R
    [AUTH] => D
    [MACK] => Y
)


2015-07-19T11:01:58Z
ResponseParameter:  billNo: Kc5hS1437303712 | endTime:2015-07-19 11:01:58

2015-07-19T11:01:58Z
<?xml version="1.0" encoding="UTF-8"?>
<RESPONSE>
  <VERS>0630</VERS>
  <MODE>U</MODE>
  <TRAN>3ZH10CK9XH8R</TRAN>
  <MERC>680000</MERC>
  <SESS>Kc5hS1437303712</SESS>
  <RULES_TRIGGERED>0</RULES_TRIGGERED>
  <COUNTERS_TRIGGERED>0</COUNTERS_TRIGGERED>
  <REASON_CODE></REASON_CODE>
  <MASTERCARD></MASTERCARD>
  <WARNING_COUNT>0</WARNING_COUNT>
</RESPONSE>

2015-07-19T20:48:15Z
RequestParameter:  billNo: 6bf630c4588d46c88f0f524798bdca8e | startTime:2015-07-19 20:48:15

2015-07-19T20:48:15Z
Array
(
    [MODE] => U
    [FRMT] => XML
    [VERS] => 0630
    [MERC] => 680000
    [SESS] => 6bf630c4588d46c88f0f524798bdca8e
    [TRAN] => 3Z0M0YNZYG7W
    [AUTH] => D
    [MACK] => Y
)


2015-07-19T20:48:16Z
ResponseParameter:  billNo: 6bf630c4588d46c88f0f524798bdca8e | endTime:2015-07-19 20:48:16

2015-07-19T20:48:16Z
<?xml version="1.0" encoding="UTF-8"?>
<RESPONSE>
  <VERS>0630</VERS>
  <MODE>U</MODE>
  <TRAN>3Z0M0YNZYG7W</TRAN>
  <MERC>680000</MERC>
  <SESS>6bf630c4588d46c88f0f524798bdca8e</SESS>
  <RULES_TRIGGERED>0</RULES_TRIGGERED>
  <COUNTERS_TRIGGERED>0</COUNTERS_TRIGGERED>
  <REASON_CODE></REASON_CODE>
  <MASTERCARD></MASTERCARD>
  <WARNING_COUNT>0</WARNING_COUNT>
</RESPONSE>

2015-07-19T21:28:09Z
RequestParameter:  billNo: bill635729450176986963 | startTime:2015-07-19 21:28:09

2015-07-19T21:28:09Z
Array
(
    [MODE] => U
    [FRMT] => XML
    [VERS] => 0630
    [MERC] => 680000
    [SESS] => sess635729450176986963
    [TRAN] => 3Z0G0B3PKK2L
    [AUTH] => D
    [MACK] => Y
)


2015-07-19T21:28:09Z
ResponseParameter:  billNo: bill635729450176986963 | endTime:2015-07-19 21:28:09

2015-07-19T21:28:09Z
<?xml version="1.0" encoding="UTF-8"?>
<RESPONSE>
  <VERS>0630</VERS>
  <MODE>U</MODE>
  <TRAN>3Z0G0B3PKK2L</TRAN>
  <MERC>680000</MERC>
  <SESS>sess635729450176986963</SESS>
  <RULES_TRIGGERED>0</RULES_TRIGGERED>
  <COUNTERS_TRIGGERED>0</COUNTERS_TRIGGERED>
  <REASON_CODE></REASON_CODE>
  <MASTERCARD></MASTERCARD>
  <WARNING_COUNT>0</WARNING_COUNT>
</RESPONSE>

