2015-08-25T13:43:24Z
RequestParameter:  billNo: 55dc70f48ff83 | startTime:2015-08-25 13:43:24

2015-08-25T13:43:24Z
Array
(
    [MODE] => U
    [FRMT] => XML
    [VERS] => 0630
    [MERC] => 680000
    [SESS] => 55dc70f48ff83
    [TRAN] => 387K00MMDLVQ
    [AUTH] => D
    [MACK] => Y
)


2015-08-25T13:43:24Z
ResponseParameter:  billNo: 55dc70f48ff83 | endTime:2015-08-25 13:43:24

2015-08-25T13:43:24Z
<?xml version="1.0" encoding="UTF-8"?>
<RESPONSE>
  <VERS>0630</VERS>
  <MODE>U</MODE>
  <TRAN>387K00MMDLVQ</TRAN>
  <MERC>680000</MERC>
  <SESS>55dc70f48ff83</SESS>
  <RULES_TRIGGERED>0</RULES_TRIGGERED>
  <COUNTERS_TRIGGERED>0</COUNTERS_TRIGGERED>
  <REASON_CODE></REASON_CODE>
  <MASTERCARD></MASTERCARD>
  <WARNING_COUNT>0</WARNING_COUNT>
</RESPONSE>

2015-08-25T14:51:18Z
RequestParameter:  billNo: 1440514273387 | startTime:2015-08-25 14:51:18

2015-08-25T14:51:18Z
Array
(
    [MODE] => U
    [FRMT] => XML
    [VERS] => 0630
    [MERC] => 680000
    [SESS] => d17b56cc775a5653d38742b5b9074c5f
    [TRAN] => 387N0K3DZ4ZZ
    [AUTH] => D
    [MACK] => Y
)


2015-08-25T14:51:18Z
ResponseParameter:  billNo: 1440514273387 | endTime:2015-08-25 14:51:18

2015-08-25T14:51:18Z
<?xml version="1.0" encoding="UTF-8"?>
<RESPONSE>
  <VERS>0630</VERS>
  <MODE>U</MODE>
  <TRAN>387N0K3DZ4ZZ</TRAN>
  <MERC>680000</MERC>
  <SESS>d17b56cc775a5653d38742b5b9074c5f</SESS>
  <RULES_TRIGGERED>0</RULES_TRIGGERED>
  <COUNTERS_TRIGGERED>0</COUNTERS_TRIGGERED>
  <REASON_CODE></REASON_CODE>
  <MASTERCARD></MASTERCARD>
  <WARNING_COUNT>0</WARNING_COUNT>
</RESPONSE>

