2015-07-04T15:16:17Z
RequestParameter:  billNo: 1100-4951_7889 | startTime:2015-07-04 15:16:17

2015-07-04T15:16:17Z
Array
(
    [MODE] => U
    [FRMT] => XML
    [VERS] => 0630
    [MERC] => 680000
    [SESS] => gdl4tpmshsnuf30pf4nu62a8g5
    [TRAN] => 3ZNJ06HP81BX
    [AUTH] => D
    [MACK] => Y
)


2015-07-04T15:16:18Z
ResponseParameter:  billNo: 1100-4951_7889 | endTime:2015-07-04 15:16:18

2015-07-04T15:16:18Z
<?xml version="1.0" encoding="UTF-8"?>
<RESPONSE>
  <VERS>0630</VERS>
  <MODE>U</MODE>
  <TRAN>3ZNJ06HP81BX</TRAN>
  <MERC>680000</MERC>
  <SESS>gdl4tpmshsnuf30pf4nu62a8g5</SESS>
  <RULES_TRIGGERED>0</RULES_TRIGGERED>
  <COUNTERS_TRIGGERED>0</COUNTERS_TRIGGERED>
  <REASON_CODE></REASON_CODE>
  <MASTERCARD></MASTERCARD>
  <WARNING_COUNT>0</WARNING_COUNT>
</RESPONSE>

2015-07-04T15:18:57Z
RequestParameter:  billNo: 1967-6866_5142 | startTime:2015-07-04 15:18:57

2015-07-04T15:18:57Z
Array
(
    [MODE] => U
    [FRMT] => XML
    [VERS] => 0630
    [MERC] => 680000
    [SESS] => gdl4tpmshsnuf30pf4nu62a8g5
    [TRAN] => 3ZNJ0K85SKT3
    [AUTH] => D
    [MACK] => Y
)


2015-07-04T15:18:58Z
ResponseParameter:  billNo: 1967-6866_5142 | endTime:2015-07-04 15:18:58

2015-07-04T15:18:58Z
<?xml version="1.0" encoding="UTF-8"?>
<RESPONSE>
  <VERS>0630</VERS>
  <MODE>U</MODE>
  <TRAN>3ZNJ0K85SKT3</TRAN>
  <MERC>680000</MERC>
  <SESS>gdl4tpmshsnuf30pf4nu62a8g5</SESS>
  <RULES_TRIGGERED>0</RULES_TRIGGERED>
  <COUNTERS_TRIGGERED>0</COUNTERS_TRIGGERED>
  <REASON_CODE></REASON_CODE>
  <MASTERCARD></MASTERCARD>
  <WARNING_COUNT>0</WARNING_COUNT>
</RESPONSE>

2015-07-04T17:07:52Z
RequestParameter:  billNo: 9755-1059_8394 | startTime:2015-07-04 17:07:52

2015-07-04T17:07:52Z
Array
(
    [MODE] => U
    [FRMT] => XML
    [VERS] => 0630
    [MERC] => 680000
    [SESS] => gdl4tpmshsnuf30pf4nu62a8g5
    [TRAN] => 3ZNG0PHWKDLT
    [AUTH] => D
    [MACK] => Y
)


2015-07-04T17:07:54Z
ResponseParameter:  billNo: 9755-1059_8394 | endTime:2015-07-04 17:07:54

2015-07-04T17:07:54Z
<?xml version="1.0" encoding="UTF-8"?>
<RESPONSE>
  <VERS>0630</VERS>
  <MODE>U</MODE>
  <TRAN>3ZNG0PHWKDLT</TRAN>
  <MERC>680000</MERC>
  <SESS>gdl4tpmshsnuf30pf4nu62a8g5</SESS>
  <RULES_TRIGGERED>0</RULES_TRIGGERED>
  <COUNTERS_TRIGGERED>0</COUNTERS_TRIGGERED>
  <REASON_CODE></REASON_CODE>
  <MASTERCARD></MASTERCARD>
  <WARNING_COUNT>0</WARNING_COUNT>
</RESPONSE>

