2015-12-17T09:49:42Z
RequestParameter:  billNo: Gu70i1450345781 | startTime:2015-12-17 09:49:42

2015-12-17T09:49:42Z
Array
(
    [MODE] => P
    [FRMT] => XML
    [VERS] => 0630
    [MERC] => 680000
    [UDF[CUSTOMER_IPAD]] => 112.211.18.77
    [SESS] => Gu70i1450345781
    [ORDR] => Gu70i1450345781
    [CURR] => USD
    [PENC] => KHASH
    [PTYP] => CARD
    [PTOK] => 4918912GXE0BUP1QG8K5
    [IPAD] => 10.0.0.1
    [MACK] => Y
    [AUTH] => A
    [PROD_DESC[0]] => Product Description
    [PROD_TYPE[0]] => Product Type
    [PROD_ITEM[0]] => Product Item
    [PROD_QUANT[0]] => 1
    [PROD_PRICE[0]] => 1000
    [TOTL] => 1000
    [SITE] => VERT999
    [UDF[MERCHANT_ID]] => PSIMERCH999

    [NAME] => JUAN DELA CRUZ
    [B2A1] => 12345678 qwertyu
    [B2CC] => PH
    [B2CI] => MAKATI
    [B2PC] => 1204
    [B2PN] => 123456
    [B2ST] => na
    [S2A1] => 
    [S2CC] => 
    [S2CI] => 
    [S2EM] => 
    [S2NM] =>  
    [S2PC] => 
    [S2PN] => 
    [S2ST] => 
    [SHTP] => 
    [CASH] => 10
    [DOB] => 1984-01-01
    [GENDER] => M
    [EMAL] => dewynn@transcommglobal.com
    [ANID] => 123456
)


2015-12-17T09:49:44Z
ResponseParameter:  billNo: Gu70i1450345781 | endTime:2015-12-17 09:49:44

2015-12-17T09:49:44Z
<?xml version="1.0" encoding="UTF-8"?>
<RESPONSE>
  <VERS>0630</VERS>
  <MODE>P</MODE>
  <TRAN>3PDJ0KR577VV</TRAN>
  <MERC>680000</MERC>
  <SESS>Gu70i1450345781</SESS>
  <ORDR>Gu70i1450345781</ORDR>
  <AUTO>D</AUTO>
  <SCOR>29</SCOR>
  <GEOX>US</GEOX>
  <BRND>VISA</BRND>
  <REGN></REGN>
  <NETW>N</NETW>
  <KAPT>N</KAPT>
  <CARDS>1</CARDS>
  <DEVICES>1</DEVICES>
  <EMAILS>1</EMAILS>
  <VELO>0</VELO>
  <VMAX>0</VMAX>
  <RULES_TRIGGERED>3</RULES_TRIGGERED>
  <RULE_ID_0>383608</RULE_ID_0>
  <RULE_DESCRIPTION_0>GEO Billing &lt;&gt; BIN Country (1pt)</RULE_DESCRIPTION_0>
  <RULE_ID_1>330730</RULE_ID_1>
  <RULE_DESCRIPTION_1>FRAUD_SCRD GEO Counter Triggered (5pts)</RULE_DESCRIPTION_1>
  <RULE_ID_2>330812</RULE_ID_2>
  <RULE_DESCRIPTION_2>Decline VIP List</RULE_DESCRIPTION_2>
  <COUNTERS_TRIGGERED>2</COUNTERS_TRIGGERED>
  <COUNTER_NAME_0>GEO</COUNTER_NAME_0>
  <COUNTER_VALUE_0>1</COUNTER_VALUE_0>
  <COUNTER_NAME_1>FRAUD_SCRD</COUNTER_NAME_1>
  <COUNTER_VALUE_1>5</COUNTER_VALUE_1>
  <REASON_CODE></REASON_CODE>
  <MASTERCARD></MASTERCARD>
  <DDFS></DDFS>
  <DSR></DSR>
  <UAS></UAS>
  <BROWSER></BROWSER>
  <OS></OS>
  <PIP_IPAD></PIP_IPAD>
  <PIP_LAT></PIP_LAT>
  <PIP_LON></PIP_LON>
  <PIP_COUNTRY></PIP_COUNTRY>
  <PIP_REGION></PIP_REGION>
  <PIP_CITY></PIP_CITY>
  <PIP_ORG></PIP_ORG>
  <IP_IPAD></IP_IPAD>
  <IP_LAT></IP_LAT>
  <IP_LON></IP_LON>
  <IP_COUNTRY></IP_COUNTRY>
  <IP_REGION></IP_REGION>
  <IP_CITY></IP_CITY>
  <IP_ORG></IP_ORG>
  <WARNING_COUNT>0</WARNING_COUNT>
</RESPONSE>

2015-12-17T09:50:41Z
RequestParameter:  billNo: UfXgu1450345840 | startTime:2015-12-17 09:50:41

2015-12-17T09:50:41Z
Array
(
    [MODE] => P
    [FRMT] => XML
    [VERS] => 0630
    [MERC] => 680000
    [UDF[CUSTOMER_IPAD]] => 112.211.18.77
    [SESS] => UfXgu1450345840
    [ORDR] => UfXgu1450345840
    [CURR] => USD
    [PENC] => KHASH
    [PTYP] => CARD
    [PTOK] => 542288WDHF3F4NJXUSOK
    [IPAD] => 10.0.0.1
    [MACK] => Y
    [AUTH] => A
    [PROD_DESC[0]] => Product Description
    [PROD_TYPE[0]] => Product Type
    [PROD_ITEM[0]] => Product Item
    [PROD_QUANT[0]] => 1
    [PROD_PRICE[0]] => 1000
    [TOTL] => 1000
    [SITE] => VERT999
    [UDF[MERCHANT_ID]] => PSIMERCH999

    [NAME] => JUAN DELA CRUZ
    [B2A1] => 12345678 qwertyu
    [B2CC] => PH
    [B2CI] => MAKATI
    [B2PC] => 1204
    [B2PN] => 123456
    [B2ST] => na
    [S2A1] => 
    [S2CC] => 
    [S2CI] => 
    [S2EM] => 
    [S2NM] =>  
    [S2PC] => 
    [S2PN] => 
    [S2ST] => 
    [SHTP] => 
    [CASH] => 10
    [DOB] => 1984-01-01
    [GENDER] => M
    [EMAL] => dewynn@transcommglobal.com
    [ANID] => 123456
)


2015-12-17T09:50:42Z
ResponseParameter:  billNo: UfXgu1450345840 | endTime:2015-12-17 09:50:42

2015-12-17T09:50:42Z
<?xml version="1.0" encoding="UTF-8"?>
<RESPONSE>
  <VERS>0630</VERS>
  <MODE>P</MODE>
  <TRAN>3PDJ0H9B7H5C</TRAN>
  <MERC>680000</MERC>
  <SESS>UfXgu1450345840</SESS>
  <ORDR>UfXgu1450345840</ORDR>
  <AUTO>A</AUTO>
  <SCOR>69</SCOR>
  <GEOX>TW</GEOX>
  <BRND>MSTR</BRND>
  <REGN>TW_04</REGN>
  <NETW>N</NETW>
  <KAPT>N</KAPT>
  <CARDS>6</CARDS>
  <DEVICES>3</DEVICES>
  <EMAILS>4</EMAILS>
  <VELO>0</VELO>
  <VMAX>0</VMAX>
  <RULES_TRIGGERED>2</RULES_TRIGGERED>
  <RULE_ID_0>383608</RULE_ID_0>
  <RULE_DESCRIPTION_0>GEO Billing &lt;&gt; BIN Country (1pt)</RULE_DESCRIPTION_0>
  <RULE_ID_1>330730</RULE_ID_1>
  <RULE_DESCRIPTION_1>FRAUD_SCRD GEO Counter Triggered (5pts)</RULE_DESCRIPTION_1>
  <COUNTERS_TRIGGERED>2</COUNTERS_TRIGGERED>
  <COUNTER_NAME_0>GEO</COUNTER_NAME_0>
  <COUNTER_VALUE_0>1</COUNTER_VALUE_0>
  <COUNTER_NAME_1>FRAUD_SCRD</COUNTER_NAME_1>
  <COUNTER_VALUE_1>5</COUNTER_VALUE_1>
  <REASON_CODE></REASON_CODE>
  <MASTERCARD></MASTERCARD>
  <DDFS></DDFS>
  <DSR></DSR>
  <UAS></UAS>
  <BROWSER></BROWSER>
  <OS></OS>
  <PIP_IPAD></PIP_IPAD>
  <PIP_LAT></PIP_LAT>
  <PIP_LON></PIP_LON>
  <PIP_COUNTRY></PIP_COUNTRY>
  <PIP_REGION></PIP_REGION>
  <PIP_CITY></PIP_CITY>
  <PIP_ORG></PIP_ORG>
  <IP_IPAD></IP_IPAD>
  <IP_LAT></IP_LAT>
  <IP_LON></IP_LON>
  <IP_COUNTRY></IP_COUNTRY>
  <IP_REGION></IP_REGION>
  <IP_CITY></IP_CITY>
  <IP_ORG></IP_ORG>
  <WARNING_COUNT>0</WARNING_COUNT>
</RESPONSE>

2015-12-17T09:54:14Z
RequestParameter:  billNo: 70fB51450346054 | startTime:2015-12-17 09:54:14

2015-12-17T09:54:14Z
Array
(
    [MODE] => P
    [FRMT] => XML
    [VERS] => 0630
    [MERC] => 680000
    [UDF[CUSTOMER_IPAD]] => 112.211.18.77
    [SESS] => 70fB51450346054
    [ORDR] => 70fB51450346054
    [CURR] => USD
    [PENC] => KHASH
    [PTYP] => CARD
    [PTOK] => 542288WDHF3F4NJXUSOK
    [IPAD] => 10.0.0.1
    [MACK] => Y
    [AUTH] => A
    [PROD_DESC[0]] => Product Description
    [PROD_TYPE[0]] => Product Type
    [PROD_ITEM[0]] => Product Item
    [PROD_QUANT[0]] => 1
    [PROD_PRICE[0]] => 1000
    [TOTL] => 1000
    [SITE] => VERT999
    [UDF[MERCHANT_ID]] => PSIMERCH999

    [NAME] => JUAN DELA CRUZ
    [B2A1] => 12345678 qwertyu
    [B2CC] => PH
    [B2CI] => MAKATI
    [B2PC] => 1204
    [B2PN] => 123456
    [B2ST] => na
    [S2A1] => 
    [S2CC] => 
    [S2CI] => 
    [S2EM] => 
    [S2NM] =>  
    [S2PC] => 
    [S2PN] => 
    [S2ST] => 
    [SHTP] => 
    [CASH] => 10
    [DOB] => 1984-01-01
    [GENDER] => M
    [EMAL] => dewynn@transcommglobal.com
    [ANID] => 123456
)


2015-12-17T09:54:16Z
ResponseParameter:  billNo: 70fB51450346054 | endTime:2015-12-17 09:54:16

2015-12-17T09:54:16Z
<?xml version="1.0" encoding="UTF-8"?>
<RESPONSE>
  <VERS>0630</VERS>
  <MODE>P</MODE>
  <TRAN>3PDJ0NQMYH5D</TRAN>
  <MERC>680000</MERC>
  <SESS>70fB51450346054</SESS>
  <ORDR>70fB51450346054</ORDR>
  <AUTO>A</AUTO>
  <SCOR>99</SCOR>
  <GEOX>DE</GEOX>
  <BRND>MSTR</BRND>
  <REGN>DE_07</REGN>
  <NETW>N</NETW>
  <KAPT>N</KAPT>
  <CARDS>9</CARDS>
  <DEVICES>5</DEVICES>
  <EMAILS>6</EMAILS>
  <VELO>2</VELO>
  <VMAX>2</VMAX>
  <RULES_TRIGGERED>3</RULES_TRIGGERED>
  <RULE_ID_0>383608</RULE_ID_0>
  <RULE_DESCRIPTION_0>GEO Billing &lt;&gt; BIN Country (1pt)</RULE_DESCRIPTION_0>
  <RULE_ID_1>330730</RULE_ID_1>
  <RULE_DESCRIPTION_1>FRAUD_SCRD GEO Counter Triggered (5pts)</RULE_DESCRIPTION_1>
  <RULE_ID_2>330734</RULE_ID_2>
  <RULE_DESCRIPTION_2>FRAUD_SCRD Score 95 or greater (20pts)</RULE_DESCRIPTION_2>
  <COUNTERS_TRIGGERED>2</COUNTERS_TRIGGERED>
  <COUNTER_NAME_0>GEO</COUNTER_NAME_0>
  <COUNTER_VALUE_0>1</COUNTER_VALUE_0>
  <COUNTER_NAME_1>FRAUD_SCRD</COUNTER_NAME_1>
  <COUNTER_VALUE_1>25</COUNTER_VALUE_1>
  <REASON_CODE></REASON_CODE>
  <MASTERCARD></MASTERCARD>
  <DDFS></DDFS>
  <DSR></DSR>
  <UAS></UAS>
  <BROWSER></BROWSER>
  <OS></OS>
  <PIP_IPAD></PIP_IPAD>
  <PIP_LAT></PIP_LAT>
  <PIP_LON></PIP_LON>
  <PIP_COUNTRY></PIP_COUNTRY>
  <PIP_REGION></PIP_REGION>
  <PIP_CITY></PIP_CITY>
  <PIP_ORG></PIP_ORG>
  <IP_IPAD></IP_IPAD>
  <IP_LAT></IP_LAT>
  <IP_LON></IP_LON>
  <IP_COUNTRY></IP_COUNTRY>
  <IP_REGION></IP_REGION>
  <IP_CITY></IP_CITY>
  <IP_ORG></IP_ORG>
  <WARNING_COUNT>0</WARNING_COUNT>
</RESPONSE>

2015-12-17T10:46:02Z
RequestParameter:  billNo: n7UeY1450349162 | startTime:2015-12-17 10:46:02

2015-12-17T10:46:02Z
Array
(
    [MODE] => P
    [FRMT] => XML
    [VERS] => 0630
    [MERC] => 680000
    [UDF[CUSTOMER_IPAD]] => 112.211.18.77
    [SESS] => n7UeY1450349162
    [ORDR] => n7UeY1450349162
    [CURR] => USD
    [PENC] => KHASH
    [PTYP] => CARD
    [PTOK] => 4918912GXE0BUP1QG8K5
    [IPAD] => 10.0.0.1
    [MACK] => Y
    [AUTH] => A
    [PROD_DESC[0]] => Product Description
    [PROD_TYPE[0]] => Product Type
    [PROD_ITEM[0]] => Product Item
    [PROD_QUANT[0]] => 1
    [PROD_PRICE[0]] => 1000
    [TOTL] => 1000
    [SITE] => VERT999
    [UDF[MERCHANT_ID]] => PSIMERCH999

    [NAME] => JUAN DELA CRUZ
    [B2A1] => 12345678 qwertyu
    [B2CC] => PH
    [B2CI] => MAKATI
    [B2PC] => 1204
    [B2PN] => 123456
    [B2ST] => na
    [S2A1] => 
    [S2CC] => 
    [S2CI] => 
    [S2EM] => 
    [S2NM] =>  
    [S2PC] => 
    [S2PN] => 
    [S2ST] => 
    [SHTP] => 
    [CASH] => 10
    [DOB] => 1984-01-01
    [GENDER] => M
    [EMAL] => dewynn@transcommglobal.com
    [ANID] => 123456
)


2015-12-17T10:46:04Z
ResponseParameter:  billNo: n7UeY1450349162 | endTime:2015-12-17 10:46:04

2015-12-17T10:46:04Z
<?xml version="1.0" encoding="UTF-8"?>
<RESPONSE>
  <VERS>0630</VERS>
  <MODE>P</MODE>
  <TRAN>3PDM0GKC1SMG</TRAN>
  <MERC>680000</MERC>
  <SESS>n7UeY1450349162</SESS>
  <ORDR>n7UeY1450349162</ORDR>
  <AUTO>D</AUTO>
  <SCOR>99</SCOR>
  <GEOX>DE</GEOX>
  <BRND>VISA</BRND>
  <REGN>DE_07</REGN>
  <NETW>N</NETW>
  <KAPT>N</KAPT>
  <CARDS>9</CARDS>
  <DEVICES>5</DEVICES>
  <EMAILS>6</EMAILS>
  <VELO>3</VELO>
  <VMAX>3</VMAX>
  <RULES_TRIGGERED>4</RULES_TRIGGERED>
  <RULE_ID_0>383608</RULE_ID_0>
  <RULE_DESCRIPTION_0>GEO Billing &lt;&gt; BIN Country (1pt)</RULE_DESCRIPTION_0>
  <RULE_ID_1>330734</RULE_ID_1>
  <RULE_DESCRIPTION_1>FRAUD_SCRD Score 95 or greater (20pts)</RULE_DESCRIPTION_1>
  <RULE_ID_2>330730</RULE_ID_2>
  <RULE_DESCRIPTION_2>FRAUD_SCRD GEO Counter Triggered (5pts)</RULE_DESCRIPTION_2>
  <RULE_ID_3>330812</RULE_ID_3>
  <RULE_DESCRIPTION_3>Decline VIP List</RULE_DESCRIPTION_3>
  <COUNTERS_TRIGGERED>2</COUNTERS_TRIGGERED>
  <COUNTER_NAME_0>GEO</COUNTER_NAME_0>
  <COUNTER_VALUE_0>1</COUNTER_VALUE_0>
  <COUNTER_NAME_1>FRAUD_SCRD</COUNTER_NAME_1>
  <COUNTER_VALUE_1>25</COUNTER_VALUE_1>
  <REASON_CODE></REASON_CODE>
  <MASTERCARD></MASTERCARD>
  <DDFS></DDFS>
  <DSR></DSR>
  <UAS></UAS>
  <BROWSER></BROWSER>
  <OS></OS>
  <PIP_IPAD></PIP_IPAD>
  <PIP_LAT></PIP_LAT>
  <PIP_LON></PIP_LON>
  <PIP_COUNTRY></PIP_COUNTRY>
  <PIP_REGION></PIP_REGION>
  <PIP_CITY></PIP_CITY>
  <PIP_ORG></PIP_ORG>
  <IP_IPAD></IP_IPAD>
  <IP_LAT></IP_LAT>
  <IP_LON></IP_LON>
  <IP_COUNTRY></IP_COUNTRY>
  <IP_REGION></IP_REGION>
  <IP_CITY></IP_CITY>
  <IP_ORG></IP_ORG>
  <WARNING_COUNT>0</WARNING_COUNT>
</RESPONSE>

2015-12-17T10:46:36Z
RequestParameter:  billNo: FJISd1450349196 | startTime:2015-12-17 10:46:36

2015-12-17T10:46:36Z
Array
(
    [MODE] => P
    [FRMT] => XML
    [VERS] => 0630
    [MERC] => 680000
    [UDF[CUSTOMER_IPAD]] => 112.211.18.77
    [SESS] => FJISd1450349196
    [ORDR] => FJISd1450349196
    [CURR] => USD
    [PENC] => KHASH
    [PTYP] => CARD
    [PTOK] => 3518917G08GUPQ1SNZ3J
    [IPAD] => 10.0.0.1
    [MACK] => Y
    [AUTH] => A
    [PROD_DESC[0]] => Product Description
    [PROD_TYPE[0]] => Product Type
    [PROD_ITEM[0]] => Product Item
    [PROD_QUANT[0]] => 1
    [PROD_PRICE[0]] => 1000
    [TOTL] => 1000
    [SITE] => VERT999
    [UDF[MERCHANT_ID]] => PSIMERCH999

    [NAME] => JUAN DELA CRUZ
    [B2A1] => 12345678 qwertyu
    [B2CC] => PH
    [B2CI] => MAKATI
    [B2PC] => 1204
    [B2PN] => 123456
    [B2ST] => na
    [S2A1] => 
    [S2CC] => 
    [S2CI] => 
    [S2EM] => 
    [S2NM] =>  
    [S2PC] => 
    [S2PN] => 
    [S2ST] => 
    [SHTP] => 
    [CASH] => 10
    [DOB] => 1984-01-01
    [GENDER] => M
    [EMAL] => dewynn@transcommglobal.com
    [ANID] => 123456
)


2015-12-17T10:46:38Z
ResponseParameter:  billNo: FJISd1450349196 | endTime:2015-12-17 10:46:38

2015-12-17T10:46:38Z
<?xml version="1.0" encoding="UTF-8"?>
<RESPONSE>
  <VERS>0630</VERS>
  <MODE>P</MODE>
  <TRAN>3PDM0DM4KQVC</TRAN>
  <MERC>680000</MERC>
  <SESS>FJISd1450349196</SESS>
  <ORDR>FJISd1450349196</ORDR>
  <AUTO>A</AUTO>
  <SCOR>99</SCOR>
  <GEOX>DE</GEOX>
  <BRND>JCB</BRND>
  <REGN>DE_07</REGN>
  <NETW>N</NETW>
  <KAPT>N</KAPT>
  <CARDS>10</CARDS>
  <DEVICES>5</DEVICES>
  <EMAILS>6</EMAILS>
  <VELO>3</VELO>
  <VMAX>3</VMAX>
  <RULES_TRIGGERED>1</RULES_TRIGGERED>
  <RULE_ID_0>330734</RULE_ID_0>
  <RULE_DESCRIPTION_0>FRAUD_SCRD Score 95 or greater (20pts)</RULE_DESCRIPTION_0>
  <COUNTERS_TRIGGERED>1</COUNTERS_TRIGGERED>
  <COUNTER_NAME_0>FRAUD_SCRD</COUNTER_NAME_0>
  <COUNTER_VALUE_0>20</COUNTER_VALUE_0>
  <REASON_CODE></REASON_CODE>
  <MASTERCARD></MASTERCARD>
  <DDFS></DDFS>
  <DSR></DSR>
  <UAS></UAS>
  <BROWSER></BROWSER>
  <OS></OS>
  <PIP_IPAD></PIP_IPAD>
  <PIP_LAT></PIP_LAT>
  <PIP_LON></PIP_LON>
  <PIP_COUNTRY></PIP_COUNTRY>
  <PIP_REGION></PIP_REGION>
  <PIP_CITY></PIP_CITY>
  <PIP_ORG></PIP_ORG>
  <IP_IPAD></IP_IPAD>
  <IP_LAT></IP_LAT>
  <IP_LON></IP_LON>
  <IP_COUNTRY></IP_COUNTRY>
  <IP_REGION></IP_REGION>
  <IP_CITY></IP_CITY>
  <IP_ORG></IP_ORG>
  <WARNING_COUNT>0</WARNING_COUNT>
</RESPONSE>

