2015-05-01T06:05:15Z
RequestParameter:  billNo: 1430460312-7078 | startTime:2015-05-01 06:05:15

2015-05-01T06:05:15Z
https://www.pesopay.com/b2c2/eng/directPay/payComp.jsp?payType=N&merchantId=18139954&pMethod=VISA&lang=E&cardHolder=Vincent%20Helfer&cardNo=4************058&securityCode=***&epMonth=01&epYear=2018&amount=2000&currCode=978&orderRef=1430460312-7078&remark=

2015-05-01T06:05:20Z
ResponseParameter:  billNo: 1430460312-7078 | endTime:2015-05-01 06:05:20

2015-05-01T06:05:20Z
successcode=1&Ref=1430460312-7078&PayRef=6896959&Amt=2000.0&Cur=978&prc=1&src=551&Ord=512116566875&Holder=Vincent Helfer&AuthId=&TxTime=2015-05-01 14:05:20.0&errMsg=Transaction failed







2015-05-01T06:05:43Z
RequestParameter:  billNo: 1430460343-7078 | startTime:2015-05-01 06:05:43

2015-05-01T06:05:43Z
https://www.pesopay.com/b2c2/eng/directPay/payComp.jsp?payType=N&merchantId=18139954&pMethod=VISA&lang=E&cardHolder=Vincent%20Helfer&cardNo=4************058&securityCode=***&epMonth=01&epYear=2018&amount=1000&currCode=978&orderRef=1430460343-7078&remark=

2015-05-01T06:05:46Z
ResponseParameter:  billNo: 1430460343-7078 | endTime:2015-05-01 06:05:46

2015-05-01T06:05:46Z
successcode=0&Ref=1430460343-7078&PayRef=6896960&Amt=1000.0&Cur=978&prc=0&src=0&Ord=512116566878&Holder=Vincent Helfer&AuthId=357412&TxTime=2015-05-01 14:05:48.0&errMsg=Transaction completed







2015-05-01T06:07:45Z
RequestParameter:  billNo: 1430460465-7078 | startTime:2015-05-01 06:07:45

2015-05-01T06:07:45Z
https://www.pesopay.com/b2c2/eng/directPay/payComp.jsp?payType=N&merchantId=18139954&pMethod=VISA&lang=E&cardHolder=Vincent%20Helfer&cardNo=4************058&securityCode=***&epMonth=01&epYear=2018&amount=1000&currCode=978&orderRef=1430460465-7078&remark=

2015-05-01T06:07:48Z
ResponseParameter:  billNo: 1430460465-7078 | endTime:2015-05-01 06:07:48

2015-05-01T06:07:48Z
successcode=1&Ref=1430460465-7078&PayRef=6896977&Amt=1000.0&Cur=978&prc=1&src=551&Ord=512116566895&Holder=Vincent Helfer&AuthId=&TxTime=2015-05-01 14:07:50.0&errMsg=Transaction failed







2015-05-01T06:08:11Z
RequestParameter:  billNo: 1430460491-7078 | startTime:2015-05-01 06:08:11

2015-05-01T06:08:11Z
https://www.pesopay.com/b2c2/eng/directPay/payComp.jsp?payType=N&merchantId=18139954&pMethod=VISA&lang=E&cardHolder=Vincent%20Helfer&cardNo=4************058&securityCode=***&epMonth=01&epYear=2018&amount=500&currCode=978&orderRef=1430460491-7078&remark=

2015-05-01T06:08:16Z
ResponseParameter:  billNo: 1430460491-7078 | endTime:2015-05-01 06:08:16

2015-05-01T06:08:16Z
successcode=0&Ref=1430460491-7078&PayRef=6896980&Amt=500.0&Cur=978&prc=0&src=0&Ord=512116566897&Holder=Vincent Helfer&AuthId=191807&TxTime=2015-05-01 14:08:17.0&errMsg=Transaction completed







2015-05-01T06:41:17Z
RequestParameter:  billNo: 1430462417-32382 | startTime:2015-05-01 06:41:17

2015-05-01T06:41:17Z
https://www.pesopay.com/b2c2/eng/directPay/payComp.jsp?payType=N&merchantId=18139954&pMethod=Master&lang=E&cardHolder=BERGER%20PierreFrancois&cardNo=5************549&securityCode=***&epMonth=09&epYear=2015&amount=500&currCode=978&orderRef=1430462417-32382&remark=

2015-05-01T06:41:20Z
ResponseParameter:  billNo: 1430462417-32382 | endTime:2015-05-01 06:41:20

2015-05-01T06:41:20Z
successcode=0&Ref=1430462417-32382&PayRef=6897155&Amt=500.0&Cur=978&prc=0&src=0&Ord=512116567124&Holder=BERGER PierreFrancois&AuthId=755654&TxTime=2015-05-01 14:41:21.0&errMsg=Transaction completed







2015-05-01T07:32:38Z
RequestParameter:  billNo: b30d49c458e04a208602e4a65ee21eab | startTime:2015-05-01 07:32:38

2015-05-01T07:32:38Z
https://www.pesopay.com/b2c2/eng/directPay/payComp.jsp?payType=N&merchantId=18139954&pMethod=VISA&lang=E&cardHolder=guillaume%20ibanez&cardNo=4************055&securityCode=***&epMonth=01&epYear=2017&amount=100&currCode=978&orderRef=b30d49c458e04a208602e4a65ee21eab&remark=

2015-05-01T07:32:42Z
ResponseParameter:  billNo: b30d49c458e04a208602e4a65ee21eab | endTime:2015-05-01 07:32:42

2015-05-01T07:32:42Z
successcode=1&Ref=b30d49c458e04a208602e4a65ee21eab&PayRef=6897426&Amt=100.0&Cur=978&prc=1&src=551&Ord=512117567424&Holder=guillaume ibanez&AuthId=&TxTime=2015-05-01 15:32:43.0&errMsg=Transaction failed







2015-05-01T07:32:51Z
RequestParameter:  billNo: akhdibdcii | startTime:2015-05-01 07:32:51

2015-05-01T07:32:51Z
https://www.pesopay.com/b2c2/eng/directPay/payComp.jsp?payType=N&merchantId=18139954&pMethod=VISA&lang=E&cardHolder=Jessy%20Marois&cardNo=4************883&securityCode=***&epMonth=09&epYear=2017&amount=150&currCode=978&orderRef=akhdibdcii&remark=

2015-05-01T07:32:55Z
ResponseParameter:  billNo: akhdibdcii | endTime:2015-05-01 07:32:55

2015-05-01T07:32:55Z
successcode=0&Ref=akhdibdcii&PayRef=6897428&Amt=150.0&Cur=978&prc=0&src=0&Ord=512117567425&Holder=Jessy Marois&AuthId=273722&TxTime=2015-05-01 15:32:56.0&errMsg=Transaction completed







2015-05-01T07:34:41Z
RequestParameter:  billNo: 1f522a6e560e47f0b2ed2658663cc2b1 | startTime:2015-05-01 07:34:41

2015-05-01T07:34:41Z
https://www.pesopay.com/b2c2/eng/directPay/payComp.jsp?payType=N&merchantId=18139954&pMethod=VISA&lang=E&cardHolder=jean%20francois%20roupin&cardNo=4************286&securityCode=***&epMonth=09&epYear=2016&amount=200&currCode=978&orderRef=1f522a6e560e47f0b2ed2658663cc2b1&remark=

2015-05-01T07:34:43Z
ResponseParameter:  billNo: 1f522a6e560e47f0b2ed2658663cc2b1 | endTime:2015-05-01 07:34:43

2015-05-01T07:34:43Z
successcode=1&Ref=1f522a6e560e47f0b2ed2658663cc2b1&PayRef=6897441&Amt=200.0&Cur=978&prc=1&src=205&Ord=512117567444&Holder=jean francois roupin&AuthId=&TxTime=2015-05-01 15:34:45.0&errMsg=Transaction failed







2015-05-01T07:36:29Z
RequestParameter:  billNo: aaaikkedjd | startTime:2015-05-01 07:36:29

2015-05-01T07:36:29Z
https://www.pesopay.com/b2c2/eng/directPay/payComp.jsp?payType=N&merchantId=18139954&pMethod=VISA&lang=E&cardHolder=mike%20kkkkk&cardNo=4************022&securityCode=***&epMonth=01&epYear=2016&amount=100&currCode=978&orderRef=aaaikkedjd&remark=

2015-05-01T07:36:33Z
ResponseParameter:  billNo: aaaikkedjd | endTime:2015-05-01 07:36:33

2015-05-01T07:36:33Z
successcode=1&Ref=aaaikkedjd&PayRef=6897455&Amt=100.0&Cur=978&prc=1&src=551&Ord=512117567457&Holder=mike kkkkk&AuthId=&TxTime=2015-05-01 15:36:34.0&errMsg=Transaction failed







2015-05-01T07:40:01Z
RequestParameter:  billNo: 8bc69f70f85d4a8e8a3c9e8309e7fcc2 | startTime:2015-05-01 07:40:01

2015-05-01T07:40:01Z
https://www.pesopay.com/b2c2/eng/directPay/payComp.jsp?payType=N&merchantId=18139954&pMethod=VISA&lang=E&cardHolder=bruno%20gnanadicam&cardNo=4************960&securityCode=***&epMonth=09&epYear=2016&amount=200&currCode=978&orderRef=8bc69f70f85d4a8e8a3c9e8309e7fcc2&remark=

2015-05-01T07:40:04Z
ResponseParameter:  billNo: 8bc69f70f85d4a8e8a3c9e8309e7fcc2 | endTime:2015-05-01 07:40:04

2015-05-01T07:40:04Z
successcode=1&Ref=8bc69f70f85d4a8e8a3c9e8309e7fcc2&PayRef=6897482&Amt=200.0&Cur=978&prc=1&src=551&Ord=512117567484&Holder=bruno gnanadicam&AuthId=&TxTime=2015-05-01 15:40:05.0&errMsg=Transaction failed







2015-05-01T07:45:58Z
RequestParameter:  billNo: 1430466358-4684 | startTime:2015-05-01 07:45:58

2015-05-01T07:45:58Z
https://www.pesopay.com/b2c2/eng/directPay/payComp.jsp?payType=N&merchantId=18139954&pMethod=VISA&lang=E&cardHolder=bruno%20nicolas&cardNo=4************419&securityCode=***&epMonth=04&epYear=2017&amount=100&currCode=978&orderRef=1430466358-4684&remark=

2015-05-01T07:46:02Z
ResponseParameter:  billNo: 1430466358-4684 | endTime:2015-05-01 07:46:02

2015-05-01T07:46:02Z
successcode=1&Ref=1430466358-4684&PayRef=6897517&Amt=100.0&Cur=978&prc=1&src=205&Ord=512117567525&Holder=bruno nicolas&AuthId=&TxTime=2015-05-01 15:46:03.0&errMsg=Transaction failed







2015-05-01T07:59:11Z
RequestParameter:  billNo: e605d13439ff44c18c7b96607788e38c | startTime:2015-05-01 07:59:11

2015-05-01T07:59:11Z
https://www.pesopay.com/b2c2/eng/directPay/payComp.jsp?payType=N&merchantId=18139954&pMethod=Master&lang=E&cardHolder=yves%20schaffholt&cardNo=5************481&securityCode=***&epMonth=06&epYear=2017&amount=1000&currCode=978&orderRef=e605d13439ff44c18c7b96607788e38c&remark=

2015-05-01T07:59:15Z
ResponseParameter:  billNo: e605d13439ff44c18c7b96607788e38c | endTime:2015-05-01 07:59:15

2015-05-01T07:59:15Z
successcode=0&Ref=e605d13439ff44c18c7b96607788e38c&PayRef=6897598&Amt=1000.0&Cur=978&prc=0&src=0&Ord=512117569078&Holder=yves schaffholt&AuthId=177105&TxTime=2015-05-01 15:59:16.0&errMsg=Transaction completed







2015-05-01T08:19:23Z
RequestParameter:  billNo: b71e532650a94285be994996a777ca51 | startTime:2015-05-01 08:19:23

2015-05-01T08:19:23Z
https://www.pesopay.com/b2c2/eng/directPay/payComp.jsp?payType=N&merchantId=18139954&pMethod=VISA&lang=E&cardHolder=Bruno%20Bridda&cardNo=4************767&securityCode=***&epMonth=02&epYear=2016&amount=200&currCode=978&orderRef=b71e532650a94285be994996a777ca51&remark=

2015-05-01T08:19:29Z
ResponseParameter:  billNo: b71e532650a94285be994996a777ca51 | endTime:2015-05-01 08:19:29

2015-05-01T08:19:29Z
successcode=0&Ref=b71e532650a94285be994996a777ca51&PayRef=6897684&Amt=200.0&Cur=978&prc=0&src=0&Ord=512118569195&Holder=Bruno Bridda&AuthId=809161&TxTime=2015-05-01 16:19:28.0&errMsg=Transaction completed







2015-05-01T08:19:32Z
RequestParameter:  billNo: 9c181e2792344c89a275fc705dafead8 | startTime:2015-05-01 08:19:32

2015-05-01T08:19:32Z
https://www.pesopay.com/b2c2/eng/directPay/payComp.jsp?payType=N&merchantId=18139954&pMethod=VISA&lang=E&cardHolder=Bruno%20Bridda&cardNo=4************767&securityCode=***&epMonth=02&epYear=2016&amount=200&currCode=978&orderRef=9c181e2792344c89a275fc705dafead8&remark=

2015-05-01T08:19:35Z
ResponseParameter:  billNo: 9c181e2792344c89a275fc705dafead8 | endTime:2015-05-01 08:19:35

2015-05-01T08:19:35Z
successcode=0&Ref=9c181e2792344c89a275fc705dafead8&PayRef=6897687&Amt=200.0&Cur=978&prc=0&src=0&Ord=512118569197&Holder=Bruno Bridda&AuthId=252121&TxTime=2015-05-01 16:19:37.0&errMsg=Transaction completed







2015-05-01T08:31:15Z
RequestParameter:  billNo: 1430469076644 | startTime:2015-05-01 08:31:15

2015-05-01T08:31:15Z
https://www.pesopay.com/b2c2/eng/directPay/payComp.jsp?payType=N&merchantId=18139939&pMethod=VISA&lang=E&cardHolder=Husseinali%20Amarsi&cardNo=4************018&securityCode=***&epMonth=2&epYear=2018&amount=1000&currCode=840&orderRef=1430469076644&remark=10614

2015-05-01T08:31:19Z
ResponseParameter:  billNo: 1430469076644 | endTime:2015-05-01 08:31:19

2015-05-01T08:31:19Z
successcode=0&Ref=1430469076644&PayRef=6897733&Amt=1000.0&Cur=840&prc=0&src=0&Ord=512118569259&Holder=Husseinali Amarsi&AuthId=467656&TxTime=2015-05-01 16:31:20.0&errMsg=Transaction completed







2015-05-01T08:33:32Z
RequestParameter:  billNo: f9bde948370b44c8ab6215f9640d4450 | startTime:2015-05-01 08:33:32

2015-05-01T08:33:32Z
https://www.pesopay.com/b2c2/eng/directPay/payComp.jsp?payType=N&merchantId=18139954&pMethod=VISA&lang=E&cardHolder=DANIEL%20AMSTUTZ&cardNo=4************170&securityCode=***&epMonth=06&epYear=2016&amount=250&currCode=978&orderRef=f9bde948370b44c8ab6215f9640d4450&remark=

2015-05-01T08:33:35Z
ResponseParameter:  billNo: f9bde948370b44c8ab6215f9640d4450 | endTime:2015-05-01 08:33:35

2015-05-01T08:33:35Z
successcode=1&Ref=f9bde948370b44c8ab6215f9640d4450&PayRef=6897739&Amt=250.0&Cur=978&prc=1&src=205&Ord=512118569270&Holder=DANIEL AMSTUTZ&AuthId=&TxTime=2015-05-01 16:33:37.0&errMsg=Transaction failed







2015-05-01T08:36:15Z
RequestParameter:  billNo: 640fb371237e4656b1c5f26da27a64fc | startTime:2015-05-01 08:36:15

2015-05-01T08:36:15Z
https://www.pesopay.com/b2c2/eng/directPay/payComp.jsp?payType=N&merchantId=18139954&pMethod=Master&lang=E&cardHolder=DANIEL%20AMSTUTZ&cardNo=5************337&securityCode=***&epMonth=12&epYear=2015&amount=250&currCode=978&orderRef=640fb371237e4656b1c5f26da27a64fc&remark=

2015-05-01T08:36:19Z
ResponseParameter:  billNo: 640fb371237e4656b1c5f26da27a64fc | endTime:2015-05-01 08:36:19

2015-05-01T08:36:19Z
successcode=0&Ref=640fb371237e4656b1c5f26da27a64fc&PayRef=6897747&Amt=250.0&Cur=978&prc=0&src=0&Ord=512118569289&Holder=DANIEL AMSTUTZ&AuthId=664717&TxTime=2015-05-01 16:36:20.0&errMsg=Transaction completed







2015-05-01T08:45:42Z
RequestParameter:  billNo: 1fb650a48b4040118fcdb0cf58587ddd | startTime:2015-05-01 08:45:42

2015-05-01T08:45:42Z
https://www.pesopay.com/b2c2/eng/directPay/payComp.jsp?payType=N&merchantId=18139954&pMethod=VISA&lang=E&cardHolder=bruno%20cervain&cardNo=4************412&securityCode=***&epMonth=03&epYear=2017&amount=1000&currCode=978&orderRef=1fb650a48b4040118fcdb0cf58587ddd&remark=

2015-05-01T08:45:46Z
ResponseParameter:  billNo: 1fb650a48b4040118fcdb0cf58587ddd | endTime:2015-05-01 08:45:46

2015-05-01T08:45:46Z
successcode=1&Ref=1fb650a48b4040118fcdb0cf58587ddd&PayRef=6897793&Amt=1000.0&Cur=978&prc=1&src=551&Ord=512118569349&Holder=bruno cervain&AuthId=&TxTime=2015-05-01 16:45:48.0&errMsg=Transaction failed







2015-05-01T08:46:08Z
RequestParameter:  billNo: 1430469968-22274 | startTime:2015-05-01 08:46:08

2015-05-01T08:46:08Z
https://www.pesopay.com/b2c2/eng/directPay/payComp.jsp?payType=N&merchantId=18139954&pMethod=VISA&lang=E&cardHolder=O%20A%20lawal&cardNo=4************910&securityCode=***&epMonth=05&epYear=2017&amount=500&currCode=978&orderRef=1430469968-22274&remark=

2015-05-01T08:46:11Z
ResponseParameter:  billNo: 1430469968-22274 | endTime:2015-05-01 08:46:11

2015-05-01T08:46:11Z
successcode=0&Ref=1430469968-22274&PayRef=6897794&Amt=500.0&Cur=978&prc=0&src=0&Ord=512118569351&Holder=O A lawal&AuthId=001319&TxTime=2015-05-01 16:46:13.0&errMsg=Transaction completed







2015-05-01T08:50:18Z
RequestParameter:  billNo: 1430470218-22274 | startTime:2015-05-01 08:50:18

2015-05-01T08:50:18Z
https://www.pesopay.com/b2c2/eng/directPay/payComp.jsp?payType=N&merchantId=18139954&pMethod=VISA&lang=E&cardHolder=A%20O%20lawal&cardNo=4************910&securityCode=***&epMonth=05&epYear=2017&amount=500&currCode=978&orderRef=1430470218-22274&remark=

2015-05-01T08:50:21Z
ResponseParameter:  billNo: 1430470218-22274 | endTime:2015-05-01 08:50:21

2015-05-01T08:50:21Z
successcode=0&Ref=1430470218-22274&PayRef=6897810&Amt=500.0&Cur=978&prc=0&src=0&Ord=512118569373&Holder=A O lawal&AuthId=001443&TxTime=2015-05-01 16:50:22.0&errMsg=Transaction completed







2015-05-01T08:51:13Z
RequestParameter:  billNo: f8d780e6c228453586ddc6fc82c269ad | startTime:2015-05-01 08:51:13

2015-05-01T08:51:13Z
https://www.pesopay.com/b2c2/eng/directPay/payComp.jsp?payType=N&merchantId=18139954&pMethod=VISA&lang=E&cardHolder=DANIEL%20AMSTUTZ&cardNo=4************017&securityCode=***&epMonth=06&epYear=2016&amount=750&currCode=978&orderRef=f8d780e6c228453586ddc6fc82c269ad&remark=

2015-05-01T08:51:14Z
ResponseParameter:  billNo: f8d780e6c228453586ddc6fc82c269ad | endTime:2015-05-01 08:51:14

2015-05-01T08:51:14Z
successcode=-1&Ref=&PayRef=&Amt=&Cur=&prc=&src=&Ord=&Holder=&AuthId=&TxTime=&errMsg=Parameter cardNo incorrect


2015-05-01T08:52:21Z
RequestParameter:  billNo: d798cbaa920f4bc7b7b4c717f107af06 | startTime:2015-05-01 08:52:21

2015-05-01T08:52:21Z
https://www.pesopay.com/b2c2/eng/directPay/payComp.jsp?payType=N&merchantId=18139954&pMethod=VISA&lang=E&cardHolder=DANIEL%20AMSTUTZ&cardNo=4************170&securityCode=***&epMonth=06&epYear=2016&amount=750&currCode=978&orderRef=d798cbaa920f4bc7b7b4c717f107af06&remark=

2015-05-01T08:52:24Z
ResponseParameter:  billNo: d798cbaa920f4bc7b7b4c717f107af06 | endTime:2015-05-01 08:52:24

2015-05-01T08:52:24Z
successcode=1&Ref=d798cbaa920f4bc7b7b4c717f107af06&PayRef=6897818&Amt=750.0&Cur=978&prc=1&src=205&Ord=512118569382&Holder=DANIEL AMSTUTZ&AuthId=&TxTime=2015-05-01 16:52:26.0&errMsg=Transaction failed







2015-05-01T08:54:36Z
RequestParameter:  billNo: b02c780bc08b45c88daaa986cce1bde2 | startTime:2015-05-01 08:54:36

2015-05-01T08:54:36Z
https://www.pesopay.com/b2c2/eng/directPay/payComp.jsp?payType=N&merchantId=18139954&pMethod=Master&lang=E&cardHolder=DANIEL%20AMSTUTZ&cardNo=5************337&securityCode=***&epMonth=12&epYear=2015&amount=750&currCode=978&orderRef=b02c780bc08b45c88daaa986cce1bde2&remark=

2015-05-01T08:54:38Z
ResponseParameter:  billNo: b02c780bc08b45c88daaa986cce1bde2 | endTime:2015-05-01 08:54:38

2015-05-01T08:54:38Z
successcode=1&Ref=b02c780bc08b45c88daaa986cce1bde2&PayRef=6897829&Amt=750.0&Cur=978&prc=1&src=205&Ord=512118569399&Holder=DANIEL AMSTUTZ&AuthId=&TxTime=2015-05-01 16:54:40.0&errMsg=Transaction failed







2015-05-01T08:54:55Z
RequestParameter:  billNo: efd00d98e82e4e44a5d49e10ee68be4c | startTime:2015-05-01 08:54:55

2015-05-01T08:54:55Z
https://www.pesopay.com/b2c2/eng/directPay/payComp.jsp?payType=N&merchantId=18139954&pMethod=Master&lang=E&cardHolder=DANIEL%20AMSTUTZ&cardNo=5************337&securityCode=***&epMonth=12&epYear=2015&amount=750&currCode=978&orderRef=efd00d98e82e4e44a5d49e10ee68be4c&remark=

2015-05-01T08:54:58Z
ResponseParameter:  billNo: efd00d98e82e4e44a5d49e10ee68be4c | endTime:2015-05-01 08:54:58

2015-05-01T08:54:58Z
successcode=1&Ref=efd00d98e82e4e44a5d49e10ee68be4c&PayRef=6897834&Amt=750.0&Cur=978&prc=1&src=205&Ord=512118569403&Holder=DANIEL AMSTUTZ&AuthId=&TxTime=2015-05-01 16:54:59.0&errMsg=Transaction failed







2015-05-01T09:14:22Z
RequestParameter:  billNo: 1be23b737d084f52956dee050b749b94 | startTime:2015-05-01 09:14:22

2015-05-01T09:14:22Z
https://www.pesopay.com/b2c2/eng/directPay/payComp.jsp?payType=N&merchantId=18139954&pMethod=VISA&lang=E&cardHolder=gilles%20taillard&cardNo=4************060&securityCode=***&epMonth=09&epYear=2016&amount=600&currCode=978&orderRef=1be23b737d084f52956dee050b749b94&remark=

2015-05-01T09:14:28Z
ResponseParameter:  billNo: 1be23b737d084f52956dee050b749b94 | endTime:2015-05-01 09:14:28

2015-05-01T09:14:28Z
successcode=0&Ref=1be23b737d084f52956dee050b749b94&PayRef=6897935&Amt=600.0&Cur=978&prc=0&src=0&Ord=512119569530&Holder=gilles taillard&AuthId=334366&TxTime=2015-05-01 17:14:27.0&errMsg=Transaction completed







2015-05-01T09:15:58Z
RequestParameter:  billNo: 58a8b6dd5cf54e96a8bd7af434c47de2 | startTime:2015-05-01 09:15:58

2015-05-01T09:15:58Z
https://www.pesopay.com/b2c2/eng/directPay/payComp.jsp?payType=N&merchantId=18139954&pMethod=VISA&lang=E&cardHolder=francois%20xavier%20isaia&cardNo=4************680&securityCode=***&epMonth=04&epYear=2018&amount=200&currCode=978&orderRef=58a8b6dd5cf54e96a8bd7af434c47de2&remark=

2015-05-01T09:16:02Z
ResponseParameter:  billNo: 58a8b6dd5cf54e96a8bd7af434c47de2 | endTime:2015-05-01 09:16:02

2015-05-01T09:16:02Z
successcode=0&Ref=58a8b6dd5cf54e96a8bd7af434c47de2&PayRef=6897941&Amt=200.0&Cur=978&prc=0&src=0&Ord=512119569535&Holder=francois xavier isaia&AuthId=541594&TxTime=2015-05-01 17:16:02.0&errMsg=Transaction completed







2015-05-01T09:19:09Z
RequestParameter:  billNo: 1430471873-27086 | startTime:2015-05-01 09:19:09

2015-05-01T09:19:09Z
https://www.pesopay.com/b2c2/eng/directPay/payComp.jsp?payType=N&merchantId=18139954&pMethod=VISA&lang=E&cardHolder=Vitaliy%20Ilenko&cardNo=4************008&securityCode=***&epMonth=04&epYear=2016&amount=2500&currCode=978&orderRef=1430471873-27086&remark=

2015-05-01T09:19:14Z
ResponseParameter:  billNo: 1430471873-27086 | endTime:2015-05-01 09:19:14

2015-05-01T09:19:14Z
successcode=1&Ref=1430471873-27086&PayRef=6897957&Amt=2500.0&Cur=978&prc=1&src=551&Ord=512119569554&Holder=Vitaliy Ilenko&AuthId=&TxTime=2015-05-01 17:19:15.0&errMsg=Transaction failed







2015-05-01T09:21:27Z
RequestParameter:  billNo: 1430472018-27086 | startTime:2015-05-01 09:21:27

2015-05-01T09:21:27Z
https://www.pesopay.com/b2c2/eng/directPay/payComp.jsp?payType=N&merchantId=18139954&pMethod=VISA&lang=E&cardHolder=Vitaliy%20Ilenko&cardNo=4************008&securityCode=***&epMonth=04&epYear=2016&amount=1000&currCode=978&orderRef=1430472018-27086&remark=

2015-05-01T09:21:30Z
ResponseParameter:  billNo: 1430472018-27086 | endTime:2015-05-01 09:21:30

2015-05-01T09:21:30Z
successcode=1&Ref=1430472018-27086&PayRef=6897964&Amt=1000.0&Cur=978&prc=1&src=551&Ord=512119569569&Holder=Vitaliy Ilenko&AuthId=&TxTime=2015-05-01 17:21:31.0&errMsg=Transaction failed







2015-05-01T09:24:41Z
RequestParameter:  billNo: 3189e6036736409ea8eaef3d9ab140fb | startTime:2015-05-01 09:24:41

2015-05-01T09:24:41Z
https://www.pesopay.com/b2c2/eng/directPay/payComp.jsp?payType=N&merchantId=18139954&pMethod=VISA&lang=E&cardHolder=gilles%20taillard&cardNo=4************060&securityCode=***&epMonth=09&epYear=2016&amount=400&currCode=978&orderRef=3189e6036736409ea8eaef3d9ab140fb&remark=

2015-05-01T09:24:45Z
ResponseParameter:  billNo: 3189e6036736409ea8eaef3d9ab140fb | endTime:2015-05-01 09:24:45

2015-05-01T09:24:45Z
successcode=1&Ref=3189e6036736409ea8eaef3d9ab140fb&PayRef=6897972&Amt=400.0&Cur=978&prc=1&src=205&Ord=512119569582&Holder=gilles taillard&AuthId=&TxTime=2015-05-01 17:24:46.0&errMsg=Transaction failed







2015-05-01T09:28:40Z
RequestParameter:  billNo: e93b4fc92c4d4fd4ae8c1c1594c57ef1 | startTime:2015-05-01 09:28:40

2015-05-01T09:28:40Z
https://www.pesopay.com/b2c2/eng/directPay/payComp.jsp?payType=N&merchantId=18139954&pMethod=VISA&lang=E&cardHolder=daniel%20AMSTUTZ&cardNo=4************170&securityCode=***&epMonth=06&epYear=2016&amount=750&currCode=978&orderRef=e93b4fc92c4d4fd4ae8c1c1594c57ef1&remark=

2015-05-01T09:28:42Z
ResponseParameter:  billNo: e93b4fc92c4d4fd4ae8c1c1594c57ef1 | endTime:2015-05-01 09:28:42

2015-05-01T09:28:42Z
successcode=1&Ref=e93b4fc92c4d4fd4ae8c1c1594c57ef1&PayRef=6897984&Amt=750.0&Cur=978&prc=1&src=205&Ord=512119569600&Holder=daniel AMSTUTZ&AuthId=&TxTime=2015-05-01 17:28:44.0&errMsg=Transaction failed







2015-05-01T09:30:34Z
RequestParameter:  billNo: 8f368119e87046d9ad7e2a96f4bf6de3 | startTime:2015-05-01 09:30:34

2015-05-01T09:30:34Z
https://www.pesopay.com/b2c2/eng/directPay/payComp.jsp?payType=N&merchantId=18139954&pMethod=VISA&lang=E&cardHolder=francois%20xavier%20isaia&cardNo=4************680&securityCode=***&epMonth=04&epYear=2018&amount=200&currCode=978&orderRef=8f368119e87046d9ad7e2a96f4bf6de3&remark=

2015-05-01T09:30:38Z
ResponseParameter:  billNo: 8f368119e87046d9ad7e2a96f4bf6de3 | endTime:2015-05-01 09:30:38

2015-05-01T09:30:38Z
successcode=0&Ref=8f368119e87046d9ad7e2a96f4bf6de3&PayRef=6897992&Amt=200.0&Cur=978&prc=0&src=0&Ord=512119569606&Holder=francois xavier isaia&AuthId=435923&TxTime=2015-05-01 17:30:39.0&errMsg=Transaction completed







2015-05-01T09:30:51Z
RequestParameter:  billNo: d9faa28ac7ae484ebdf5ec6e0fe25c30 | startTime:2015-05-01 09:30:51

2015-05-01T09:30:51Z
https://www.pesopay.com/b2c2/eng/directPay/payComp.jsp?payType=N&merchantId=18139954&pMethod=Master&lang=E&cardHolder=daniel%20AMSTUTZ&cardNo=5************337&securityCode=***&epMonth=12&epYear=2015&amount=750&currCode=978&orderRef=d9faa28ac7ae484ebdf5ec6e0fe25c30&remark=

2015-05-01T09:30:54Z
ResponseParameter:  billNo: d9faa28ac7ae484ebdf5ec6e0fe25c30 | endTime:2015-05-01 09:30:54

2015-05-01T09:30:54Z
successcode=0&Ref=d9faa28ac7ae484ebdf5ec6e0fe25c30&PayRef=6897994&Amt=750.0&Cur=978&prc=0&src=0&Ord=512119569607&Holder=daniel AMSTUTZ&AuthId=799623&TxTime=2015-05-01 17:30:55.0&errMsg=Transaction completed







2015-05-01T09:40:19Z
RequestParameter:  billNo: d434faff53e84665b9b2cb2054f40862 | startTime:2015-05-01 09:40:19

2015-05-01T09:40:19Z
https://www.pesopay.com/b2c2/eng/directPay/payComp.jsp?payType=N&merchantId=18139954&pMethod=VISA&lang=E&cardHolder=christophe%20ferster&cardNo=4************178&securityCode=***&epMonth=12&epYear=2015&amount=200&currCode=978&orderRef=d434faff53e84665b9b2cb2054f40862&remark=

2015-05-01T09:40:23Z
ResponseParameter:  billNo: d434faff53e84665b9b2cb2054f40862 | endTime:2015-05-01 09:40:23

2015-05-01T09:40:23Z
successcode=1&Ref=d434faff53e84665b9b2cb2054f40862&PayRef=6898022&Amt=200.0&Cur=978&prc=1&src=205&Ord=512119569638&Holder=christophe ferster&AuthId=&TxTime=2015-05-01 17:40:24.0&errMsg=Transaction failed







2015-05-01T09:58:56Z
RequestParameter:  billNo: cbecd27edb5c430d8e4158397584e593 | startTime:2015-05-01 09:58:56

2015-05-01T09:58:56Z
https://www.pesopay.com/b2c2/eng/directPay/payComp.jsp?payType=N&merchantId=18139954&pMethod=VISA&lang=E&cardHolder=bernard%20feraud&cardNo=4************716&securityCode=***&epMonth=01&epYear=2017&amount=500&currCode=978&orderRef=cbecd27edb5c430d8e4158397584e593&remark=

2015-05-01T09:59:01Z
ResponseParameter:  billNo: cbecd27edb5c430d8e4158397584e593 | endTime:2015-05-01 09:59:01

2015-05-01T09:59:01Z
successcode=0&Ref=cbecd27edb5c430d8e4158397584e593&PayRef=6898118&Amt=500.0&Cur=978&prc=0&src=0&Ord=512119569738&Holder=bernard feraud&AuthId=622445&TxTime=2015-05-01 17:59:02.0&errMsg=Transaction completed







2015-05-01T10:09:31Z
RequestParameter:  billNo: 3cb64aa9bf7645319f0a38da7f5c5243 | startTime:2015-05-01 10:09:31

2015-05-01T10:09:31Z
https://www.pesopay.com/b2c2/eng/directPay/payComp.jsp?payType=N&merchantId=18139954&pMethod=VISA&lang=E&cardHolder=pascale%20paccioni&cardNo=4************873&securityCode=***&epMonth=12&epYear=2016&amount=500&currCode=978&orderRef=3cb64aa9bf7645319f0a38da7f5c5243&remark=

2015-05-01T10:09:37Z
ResponseParameter:  billNo: 3cb64aa9bf7645319f0a38da7f5c5243 | endTime:2015-05-01 10:09:37

2015-05-01T10:09:37Z
successcode=0&Ref=3cb64aa9bf7645319f0a38da7f5c5243&PayRef=6898164&Amt=500.0&Cur=978&prc=0&src=0&Ord=512120569797&Holder=pascale paccioni&AuthId=512445&TxTime=2015-05-01 18:09:36.0&errMsg=Transaction completed







2015-05-01T10:14:00Z
RequestParameter:  billNo: 5b99da3bbe2144eb97e07a99e30ae444 | startTime:2015-05-01 10:14:00

2015-05-01T10:14:00Z
https://www.pesopay.com/b2c2/eng/directPay/payComp.jsp?payType=N&merchantId=18139954&pMethod=VISA&lang=E&cardHolder=mathlouthi%20sami&cardNo=4************984&securityCode=***&epMonth=04&epYear=2016&amount=200&currCode=978&orderRef=5b99da3bbe2144eb97e07a99e30ae444&remark=

2015-05-01T10:14:04Z
ResponseParameter:  billNo: 5b99da3bbe2144eb97e07a99e30ae444 | endTime:2015-05-01 10:14:04

2015-05-01T10:14:04Z
successcode=1&Ref=5b99da3bbe2144eb97e07a99e30ae444&PayRef=6898198&Amt=200.0&Cur=978&prc=1&src=205&Ord=512120569827&Holder=mathlouthi sami&AuthId=&TxTime=2015-05-01 18:14:05.0&errMsg=Transaction failed







2015-05-01T10:28:27Z
RequestParameter:  billNo: b879edf3394140d8a0e115e0cab74ba6 | startTime:2015-05-01 10:28:27

2015-05-01T10:28:27Z
https://www.pesopay.com/b2c2/eng/directPay/payComp.jsp?payType=N&merchantId=18139954&pMethod=VISA&lang=E&cardHolder=nitusgau%20kenny&cardNo=4************290&securityCode=***&epMonth=09&epYear=2016&amount=200&currCode=978&orderRef=b879edf3394140d8a0e115e0cab74ba6&remark=

2015-05-01T10:28:30Z
ResponseParameter:  billNo: b879edf3394140d8a0e115e0cab74ba6 | endTime:2015-05-01 10:28:30

2015-05-01T10:28:30Z
successcode=1&Ref=b879edf3394140d8a0e115e0cab74ba6&PayRef=6898263&Amt=200.0&Cur=978&prc=1&src=551&Ord=512120569905&Holder=nitusgau kenny&AuthId=&TxTime=2015-05-01 18:28:32.0&errMsg=Transaction failed







2015-05-01T10:43:38Z
RequestParameter:  billNo: f32ea5e582c74c49a9cd2ef90ef64e6b | startTime:2015-05-01 10:43:38

2015-05-01T10:43:38Z
https://www.pesopay.com/b2c2/eng/directPay/payComp.jsp?payType=N&merchantId=18139954&pMethod=VISA&lang=E&cardHolder=rene%20vincent&cardNo=4************130&securityCode=***&epMonth=12&epYear=2017&amount=500&currCode=978&orderRef=f32ea5e582c74c49a9cd2ef90ef64e6b&remark=

2015-05-01T10:43:41Z
ResponseParameter:  billNo: f32ea5e582c74c49a9cd2ef90ef64e6b | endTime:2015-05-01 10:43:41

2015-05-01T10:43:41Z
successcode=0&Ref=f32ea5e582c74c49a9cd2ef90ef64e6b&PayRef=6898338&Amt=500.0&Cur=978&prc=0&src=0&Ord=512120569978&Holder=rene vincent&AuthId=634852&TxTime=2015-05-01 18:43:43.0&errMsg=Transaction completed







2015-05-01T10:44:44Z
RequestParameter:  billNo: 08e0d9b6fca645069025e2537aa536f8 | startTime:2015-05-01 10:44:44

2015-05-01T10:44:44Z
https://www.pesopay.com/b2c2/eng/directPay/payComp.jsp?payType=N&merchantId=18139954&pMethod=VISA&lang=E&cardHolder=rene%20vincent&cardNo=4************130&securityCode=***&epMonth=12&epYear=2017&amount=200&currCode=978&orderRef=08e0d9b6fca645069025e2537aa536f8&remark=

2015-05-01T10:44:48Z
ResponseParameter:  billNo: 08e0d9b6fca645069025e2537aa536f8 | endTime:2015-05-01 10:44:48

2015-05-01T10:44:48Z
successcode=0&Ref=08e0d9b6fca645069025e2537aa536f8&PayRef=6898343&Amt=200.0&Cur=978&prc=0&src=0&Ord=512120569985&Holder=rene vincent&AuthId=411416&TxTime=2015-05-01 18:44:49.0&errMsg=Transaction completed







2015-05-01T10:55:40Z
RequestParameter:  billNo: 0f502f14c8e043bb87a3c4872a314cb9 | startTime:2015-05-01 10:55:40

2015-05-01T10:55:40Z
https://www.pesopay.com/b2c2/eng/directPay/payComp.jsp?payType=N&merchantId=18139954&pMethod=Master&lang=E&cardHolder=olivier%20ougier&cardNo=5************148&securityCode=***&epMonth=03&epYear=2018&amount=500&currCode=978&orderRef=0f502f14c8e043bb87a3c4872a314cb9&remark=

2015-05-01T10:55:43Z
ResponseParameter:  billNo: 0f502f14c8e043bb87a3c4872a314cb9 | endTime:2015-05-01 10:55:43

2015-05-01T10:55:43Z
successcode=0&Ref=0f502f14c8e043bb87a3c4872a314cb9&PayRef=6898391&Amt=500.0&Cur=978&prc=0&src=0&Ord=512120570045&Holder=olivier ougier&AuthId=254859&TxTime=2015-05-01 18:55:45.0&errMsg=Transaction completed







2015-05-01T10:57:10Z
RequestParameter:  billNo: 1214f7a3edb1408bb163294f8985e4f9 | startTime:2015-05-01 10:57:10

2015-05-01T10:57:10Z
https://www.pesopay.com/b2c2/eng/directPay/payComp.jsp?payType=N&merchantId=18139954&pMethod=Master&lang=E&cardHolder=olivier%20ougier&cardNo=5************148&securityCode=***&epMonth=03&epYear=2018&amount=500&currCode=978&orderRef=1214f7a3edb1408bb163294f8985e4f9&remark=

2015-05-01T10:57:13Z
ResponseParameter:  billNo: 1214f7a3edb1408bb163294f8985e4f9 | endTime:2015-05-01 10:57:13

2015-05-01T10:57:13Z
successcode=0&Ref=1214f7a3edb1408bb163294f8985e4f9&PayRef=6898400&Amt=500.0&Cur=978&prc=0&src=0&Ord=512120570053&Holder=olivier ougier&AuthId=402098&TxTime=2015-05-01 18:57:15.0&errMsg=Transaction completed







2015-05-01T11:00:43Z
RequestParameter:  billNo: 3bea88538702461ba5ea9bf7c292bd5b | startTime:2015-05-01 11:00:43

2015-05-01T11:00:43Z
https://www.pesopay.com/b2c2/eng/directPay/payComp.jsp?payType=N&merchantId=18139954&pMethod=Master&lang=E&cardHolder=sobiha%20errachidi&cardNo=5************293&securityCode=***&epMonth=04&epYear=2017&amount=200&currCode=978&orderRef=3bea88538702461ba5ea9bf7c292bd5b&remark=

2015-05-01T11:00:49Z
ResponseParameter:  billNo: 3bea88538702461ba5ea9bf7c292bd5b | endTime:2015-05-01 11:00:49

2015-05-01T11:00:49Z
successcode=1&Ref=3bea88538702461ba5ea9bf7c292bd5b&PayRef=6898413&Amt=200.0&Cur=978&prc=1&src=205&Ord=512121570064&Holder=sobiha errachidi&AuthId=&TxTime=2015-05-01 19:00:48.0&errMsg=Transaction failed







2015-05-01T12:15:02Z
RequestParameter:  billNo: bill635660790722402795 | startTime:2015-05-01 12:15:02

2015-05-01T12:15:02Z
https://www.pesopay.com/b2c2/eng/directPay/payComp.jsp?payType=N&merchantId=18139954&pMethod=Master&lang=E&cardHolder=Evan%20Phely&cardNo=5************635&securityCode=***&epMonth=12&epYear=2017&amount=200&currCode=978&orderRef=bill635660790722402795&remark=

2015-05-01T12:15:05Z
ResponseParameter:  billNo: bill635660790722402795 | endTime:2015-05-01 12:15:05

2015-05-01T12:15:05Z
successcode=1&Ref=bill635660790722402795&PayRef=6898823&Amt=200.0&Cur=978&prc=1&src=551&Ord=512122570427&Holder=Evan Phely&AuthId=&TxTime=2015-05-01 20:15:07.0&errMsg=Transaction failed







2015-05-01T12:18:30Z
RequestParameter:  billNo: ilbrK1430482709 | startTime:2015-05-01 12:18:30

2015-05-01T12:18:30Z
https://www.pesopay.com/b2c2/eng/directPay/payComp.jsp?payType=N&merchantId=18139954&pMethod=Master&lang=E&cardHolder=Evan%20Phely&cardNo=5************635&securityCode=***&epMonth=12&epYear=2017&amount=200&currCode=978&orderRef=ilbrK1430482709&remark=ouverture%20pt

2015-05-01T12:18:33Z
ResponseParameter:  billNo: ilbrK1430482709 | endTime:2015-05-01 12:18:33

2015-05-01T12:18:33Z
successcode=1&Ref=ilbrK1430482709&PayRef=6898852&Amt=200.0&Cur=978&prc=1&src=551&Ord=512122570437&Holder=Evan Phely&AuthId=&TxTime=2015-05-01 20:18:35.0&errMsg=Transaction failed







2015-05-01T15:00:07Z
RequestParameter:  billNo: 1430492408655 | startTime:2015-05-01 15:00:07

2015-05-01T15:00:07Z
https://www.pesopay.com/b2c2/eng/directPay/payComp.jsp?payType=N&merchantId=18139954&pMethod=Master&lang=E&cardHolder=Lengyel%20Robert%20&cardNo=5************794&securityCode=***&epMonth=4&epYear=2017&amount=200&currCode=978&orderRef=1430492408655&remark=10689

2015-05-01T15:00:21Z
ResponseParameter:  billNo: 1430492408655 | endTime:2015-05-01 15:00:21

2015-05-01T15:00:21Z
successcode=0&Ref=1430492408655&PayRef=6899969&Amt=200.0&Cur=978&prc=0&src=0&Ord=512201571242&Holder=Lengyel Robert &AuthId=515400&TxTime=2015-05-01 23:00:12.0&errMsg=Transaction completed







