2015-06-02T01:32:21Z


2015-06-02T01:32:21Z
RequestParameter:  billNo: b26a150ec8274e40a81accea8509d0e8 | startTime:2015-06-02 01:32:21

2015-06-02T01:32:21Z
Array
(
    [reason[3HSP0116ML1W]] => R1
    [note[3HSP0116ML1W]] => *remarks: [] *psi method [refundapi] *trigger: [transaction refund]
)


2015-06-02T01:32:21Z
REFUND

2015-06-02T01:32:21Z
ResponseParameter:  billNo: b26a150ec8274e40a81accea8509d0e8 | endTime:2015-06-02 01:32:21

2015-06-02T01:32:21Z


2015-06-02T01:33:21Z


2015-06-02T01:33:21Z
RequestParameter:  billNo: ebeahakebf | startTime:2015-06-02 01:33:21

2015-06-02T01:33:21Z
Array
(
    [reason[3HPC0DTGPC0G]] => R1
    [note[3HPC0DTGPC0G]] => *remarks: [] *psi method [refundapi] *trigger: [transaction refund]
)


2015-06-02T01:33:21Z
REFUND

2015-06-02T01:33:21Z
ResponseParameter:  billNo: ebeahakebf | endTime:2015-06-02 01:33:21

2015-06-02T01:33:21Z


2015-06-02T01:36:10Z


2015-06-02T01:36:10Z
RequestParameter:  billNo: 0b5aecbb170f46969b6df07c440a1748 | startTime:2015-06-02 01:36:10

2015-06-02T01:36:10Z
Array
(
    [reason[3HM50YKQMQ76]] => R1
    [note[3HM50YKQMQ76]] => *remarks: [] *psi method [refundapi] *trigger: [transaction refund]
)


2015-06-02T01:36:10Z
REFUND

2015-06-02T01:36:10Z
ResponseParameter:  billNo: 0b5aecbb170f46969b6df07c440a1748 | endTime:2015-06-02 01:36:10

2015-06-02T01:36:10Z


2015-06-02T01:37:14Z


2015-06-02T01:37:14Z
RequestParameter:  billNo: 5b9b406b0fc942e485a34f77a6836e04 | startTime:2015-06-02 01:37:14

2015-06-02T01:37:14Z
Array
(
    [reason[3HZX0WN9YRCH]] => R1
    [note[3HZX0WN9YRCH]] => *remarks: [] *psi method [refundapi] *trigger: [transaction refund]
)


2015-06-02T01:37:14Z
REFUND

2015-06-02T01:37:14Z
ResponseParameter:  billNo: 5b9b406b0fc942e485a34f77a6836e04 | endTime:2015-06-02 01:37:14

2015-06-02T01:37:14Z


2015-06-02T01:38:16Z


2015-06-02T01:38:16Z
RequestParameter:  billNo: a10dde5f51c647a598f0d126863f1f0e | startTime:2015-06-02 01:38:16

2015-06-02T01:38:16Z
Array
(
    [reason[3HZX0WB8DVKK]] => R1
    [note[3HZX0WB8DVKK]] => *remarks: [] *psi method [refundapi] *trigger: [transaction refund]
)


2015-06-02T01:38:16Z
REFUND

2015-06-02T01:38:16Z
ResponseParameter:  billNo: a10dde5f51c647a598f0d126863f1f0e | endTime:2015-06-02 01:38:16

2015-06-02T01:38:16Z


2015-06-02T01:39:05Z


2015-06-02T01:39:05Z
RequestParameter:  billNo: bc1c9c481b524a028c7bf9cab0c5a722 | startTime:2015-06-02 01:39:05

2015-06-02T01:39:05Z
Array
(
    [reason[3HZX0N7HKDK5]] => R1
    [note[3HZX0N7HKDK5]] => *remarks: [] *psi method [refundapi] *trigger: [transaction refund]
)


2015-06-02T01:39:05Z
REFUND

2015-06-02T01:39:05Z
ResponseParameter:  billNo: bc1c9c481b524a028c7bf9cab0c5a722 | endTime:2015-06-02 01:39:05

2015-06-02T01:39:05Z


2015-06-02T02:51:30Z


2015-06-02T02:51:30Z
RequestParameter:  billNo: f0697142ca6e4182b4d51ccfa226ccb1 | startTime:2015-06-02 02:51:30

2015-06-02T02:51:30Z
Array
(
    [reason[308Z0691JCS7]] => R1
    [note[308Z0691JCS7]] => *remarks: [] *psi method [refundapi] *trigger: [transaction refund]
)


2015-06-02T02:51:30Z
REFUND

2015-06-02T02:51:30Z
ResponseParameter:  billNo: f0697142ca6e4182b4d51ccfa226ccb1 | endTime:2015-06-02 02:51:30

2015-06-02T02:51:30Z


2015-06-02T03:38:49Z


2015-06-02T03:38:49Z
RequestParameter:  billNo: 02debd92b9dc4c29bff36908d37eb0e2 | startTime:2015-06-02 03:38:49

2015-06-02T03:38:49Z
Array
(
    [reason[30070GZ4GM26]] => R1
    [note[30070GZ4GM26]] => *remarks: [] *psi method [refundapi] *trigger: [transaction refund]
)


2015-06-02T03:38:49Z
REFUND

2015-06-02T03:38:49Z
ResponseParameter:  billNo: 02debd92b9dc4c29bff36908d37eb0e2 | endTime:2015-06-02 03:38:49

2015-06-02T03:38:49Z


2015-06-02T03:42:31Z


2015-06-02T03:42:31Z
RequestParameter:  billNo: 5acf2e53d66b41c6b493e5067614c613 | startTime:2015-06-02 03:42:31

2015-06-02T03:42:31Z
Array
(
    [reason[3HP10NTGM32Y]] => R1
    [note[3HP10NTGM32Y]] => *remarks: [] *psi method [refundapi] *trigger: [transaction refund]
)


2015-06-02T03:42:31Z
REFUND

2015-06-02T03:42:31Z
ResponseParameter:  billNo: 5acf2e53d66b41c6b493e5067614c613 | endTime:2015-06-02 03:42:31

2015-06-02T03:42:31Z


2015-06-02T07:43:27Z


2015-06-02T07:43:27Z
RequestParameter:  billNo: 1430400051464 | startTime:2015-06-02 07:43:27

2015-06-02T07:43:27Z
Array
(
    [reason[3H6K05H088S4]] => R1
    [note[3H6K05H088S4]] => *remarks: [] *psi method [refundapi] *trigger: [transaction refund]
)


2015-06-02T07:43:27Z
REFUND

2015-06-02T07:43:27Z
ResponseParameter:  billNo: 1430400051464 | endTime:2015-06-02 07:43:27

2015-06-02T07:43:27Z


2015-06-02T11:11:08Z


2015-06-02T11:11:08Z
RequestParameter:  billNo: da550718e4b64b84b092655aa03467a1 | startTime:2015-06-02 11:11:08

2015-06-02T11:11:08Z
Array
(
    [reason[30VY0WLZX1SR]] => R1
    [note[30VY0WLZX1SR]] => *remarks: [] *psi method [refundapi] *trigger: [transaction refund]
)


2015-06-02T11:11:08Z
REFUND

2015-06-02T11:11:08Z
ResponseParameter:  billNo: da550718e4b64b84b092655aa03467a1 | endTime:2015-06-02 11:11:08

2015-06-02T11:11:08Z


