2015-07-20T05:08:36Z
RequestParameter:  billNo: gdgjkihjjf

2015-07-20T05:08:36Z
https://www.pesopay.com/b2c2/eng/merchant/api/orderApi.jsp?merchantId=18139954&loginId=AllianzMetro1&password=Kaft5mNDjsks29d&actionType=OnlineRefund&payRef=6890912&amount=300

2015-07-20T05:08:41Z
ResponseParameter:  billNo: gdgjkihjjf

2015-07-20T05:08:41Z
resultCode=0&orderStatus=&ref=&payRef=&amt=&cur=&errMsg=Online Refund Success...





2015-07-20T05:11:22Z
RequestParameter:  billNo: ecafacf3be6548c68a352ac45354de38

2015-07-20T05:11:22Z
https://www.pesopay.com/b2c2/eng/merchant/api/orderApi.jsp?merchantId=18139954&loginId=AllianzMetro1&password=Kaft5mNDjsks29d&actionType=OnlineRefund&payRef=7154486&amount=300

2015-07-20T05:11:26Z
ResponseParameter:  billNo: ecafacf3be6548c68a352ac45354de38

2015-07-20T05:11:26Z
resultCode=0&orderStatus=&ref=&payRef=&amt=&cur=&errMsg=Online Refund Success...





2015-07-20T05:12:27Z
RequestParameter:  billNo: e5472c8728b84cb7800ad5d8ffa853b5

2015-07-20T05:12:27Z
https://www.pesopay.com/b2c2/eng/merchant/api/orderApi.jsp?merchantId=18139954&loginId=AllianzMetro1&password=Kaft5mNDjsks29d&actionType=OnlineRefund&payRef=7250868&amount=720

2015-07-20T05:12:30Z
ResponseParameter:  billNo: e5472c8728b84cb7800ad5d8ffa853b5

2015-07-20T05:12:30Z
resultCode=0&orderStatus=&ref=&payRef=&amt=&cur=&errMsg=Online Refund Success...





2015-07-20T05:14:10Z
RequestParameter:  billNo: 498927c97abf4bf698c5729b164f996f

2015-07-20T05:14:10Z
https://www.pesopay.com/b2c2/eng/merchant/api/orderApi.jsp?merchantId=18139954&loginId=AllianzMetro1&password=Kaft5mNDjsks29d&actionType=OnlineRefund&payRef=7313602&amount=200

2015-07-20T05:14:16Z
ResponseParameter:  billNo: 498927c97abf4bf698c5729b164f996f

2015-07-20T05:14:16Z
resultCode=0&orderStatus=&ref=&payRef=&amt=&cur=&errMsg=Online Refund Success...





2015-07-20T05:15:33Z
RequestParameter:  billNo: DgJor1432149802

2015-07-20T05:15:33Z
https://www.pesopay.com/b2c2/eng/merchant/api/orderApi.jsp?merchantId=18139939&loginId=Allianzmetro1&password=xe4WcGL7NVdRAQk&actionType=OnlineRefund&payRef=7034295&amount=5000

2015-07-20T05:15:39Z
ResponseParameter:  billNo: DgJor1432149802

2015-07-20T05:15:39Z
resultCode=0&orderStatus=&ref=&payRef=&amt=&cur=&errMsg=Online Refund Success...





2015-07-20T05:16:32Z
RequestParameter:  billNo: rDVaO1432148922

2015-07-20T05:16:32Z
https://www.pesopay.com/b2c2/eng/merchant/api/orderApi.jsp?merchantId=18139939&loginId=Allianzmetro1&password=xe4WcGL7NVdRAQk&actionType=OnlineRefund&payRef=7034284&amount=5000

2015-07-20T05:16:49Z
ResponseParameter:  billNo: rDVaO1432148922

2015-07-20T05:16:49Z
resultCode=0&orderStatus=&ref=&payRef=&amt=&cur=&errMsg=Online Refund Success...





2015-07-20T05:18:59Z
RequestParameter:  billNo: bill635664078073188205

2015-07-20T05:18:59Z
https://www.pesopay.com/b2c2/eng/merchant/api/orderApi.jsp?merchantId=18139954&loginId=AllianzMetro1&password=Kaft5mNDjsks29d&actionType=OnlineRefund&payRef=6922664&amount=100

2015-07-20T05:19:03Z
ResponseParameter:  billNo: bill635664078073188205

2015-07-20T05:19:03Z
resultCode=0&orderStatus=&ref=&payRef=&amt=&cur=&errMsg=Online Refund Success...





2015-07-20T05:21:15Z
RequestParameter:  billNo: kOAoD1430741924

2015-07-20T05:21:15Z
https://www.pesopay.com/b2c2/eng/merchant/api/orderApi.jsp?merchantId=18139954&loginId=AllianzMetro1&password=Kaft5mNDjsks29d&actionType=OnlineRefund&payRef=6917713&amount=100

2015-07-20T05:21:17Z
ResponseParameter:  billNo: kOAoD1430741924

2015-07-20T05:21:17Z
resultCode=0&orderStatus=&ref=&payRef=&amt=&cur=&errMsg=Online Refund Success...





2015-07-20T05:22:14Z
RequestParameter:  billNo: KsXgP1433256317

2015-07-20T05:22:14Z
https://www.pesopay.com/b2c2/eng/merchant/api/orderApi.jsp?merchantId=18139954&loginId=AllianzMetro1&password=Kaft5mNDjsks29d&actionType=OnlineRefund&payRef=7137395&amount=150

2015-07-20T05:22:16Z
ResponseParameter:  billNo: KsXgP1433256317

2015-07-20T05:22:16Z
resultCode=0&orderStatus=&ref=&payRef=&amt=&cur=&errMsg=Online Refund Success...





2015-07-20T05:23:26Z
RequestParameter:  billNo: 0Kofm1434577456

2015-07-20T05:23:26Z
https://www.pesopay.com/b2c2/eng/merchant/api/orderApi.jsp?merchantId=18139939&loginId=Allianzmetro1&password=xe4WcGL7NVdRAQk&actionType=OnlineRefund&payRef=7270059&amount=1000

2015-07-20T05:23:29Z
ResponseParameter:  billNo: 0Kofm1434577456

2015-07-20T05:23:29Z
resultCode=0&orderStatus=&ref=&payRef=&amt=&cur=&errMsg=Online Refund Success...





2015-07-20T05:26:02Z
RequestParameter:  billNo: 5787b6f015c74614a4be72b074f6b375

2015-07-20T05:26:02Z
https://www.pesopay.com/b2c2/eng/merchant/api/orderApi.jsp?merchantId=18139954&loginId=AllianzMetro1&password=Kaft5mNDjsks29d&actionType=OnlineRefund&payRef=6938016&amount=500

2015-07-20T05:26:04Z
ResponseParameter:  billNo: 5787b6f015c74614a4be72b074f6b375

2015-07-20T05:26:04Z
resultCode=0&orderStatus=&ref=&payRef=&amt=&cur=&errMsg=Online Refund Success...





2015-07-20T05:30:17Z
RequestParameter:  billNo: K3eiA1431522201

2015-07-20T05:30:17Z
https://www.pesopay.com/b2c2/eng/merchant/api/orderApi.jsp?merchantId=18139954&loginId=AllianzMetro1&password=Kaft5mNDjsks29d&actionType=OnlineRefund&payRef=6980935&amount=500

2015-07-20T05:30:20Z
ResponseParameter:  billNo: K3eiA1431522201

2015-07-20T05:30:20Z
resultCode=0&orderStatus=&ref=&payRef=&amt=&cur=&errMsg=Online Refund Success...





2015-07-20T05:33:01Z
RequestParameter:  billNo: Vtolr1431522060

2015-07-20T05:33:01Z
https://www.pesopay.com/b2c2/eng/merchant/api/orderApi.jsp?merchantId=18139954&loginId=AllianzMetro1&password=Kaft5mNDjsks29d&actionType=OnlineRefund&payRef=6980921&amount=500

2015-07-20T05:33:06Z
ResponseParameter:  billNo: Vtolr1431522060

2015-07-20T05:33:06Z
resultCode=0&orderStatus=&ref=&payRef=&amt=&cur=&errMsg=Online Refund Success...





2015-07-20T05:34:50Z
RequestParameter:  billNo: 8528bb96da274de7899e5867ae4e5e01

2015-07-20T05:34:50Z
https://www.pesopay.com/b2c2/eng/merchant/api/orderApi.jsp?merchantId=18139954&loginId=AllianzMetro1&password=Kaft5mNDjsks29d&actionType=OnlineRefund&payRef=7216451&amount=200

2015-07-20T05:34:54Z
ResponseParameter:  billNo: 8528bb96da274de7899e5867ae4e5e01

2015-07-20T05:34:54Z
resultCode=0&orderStatus=&ref=&payRef=&amt=&cur=&errMsg=Online Refund Success...





2015-07-20T05:35:57Z
RequestParameter:  billNo: bill635690971618449754

2015-07-20T05:35:57Z
https://www.pesopay.com/b2c2/eng/merchant/api/orderApi.jsp?merchantId=18139954&loginId=AllianzMetro1&password=Kaft5mNDjsks29d&actionType=OnlineRefund&payRef=7161227&amount=1000

2015-07-20T05:36:00Z
ResponseParameter:  billNo: bill635690971618449754

2015-07-20T05:36:00Z
resultCode=0&orderStatus=&ref=&payRef=&amt=&cur=&errMsg=Online Refund Success...





2015-07-20T05:42:31Z
RequestParameter:  billNo: 6a28dae3e51b44ffb7caff85ee638620

2015-07-20T05:42:31Z
https://www.pesopay.com/b2c2/eng/merchant/api/orderApi.jsp?merchantId=18139954&loginId=AllianzMetro1&password=Kaft5mNDjsks29d&actionType=OnlineRefund&payRef=7081787&amount=300

2015-07-20T05:42:34Z
ResponseParameter:  billNo: 6a28dae3e51b44ffb7caff85ee638620

2015-07-20T05:42:34Z
resultCode=0&orderStatus=&ref=&payRef=&amt=&cur=&errMsg=Online Refund Success...





2015-07-20T05:43:06Z
RequestParameter:  billNo: 6a28dae3e51b44ffb7caff85ee638620

2015-07-20T05:43:06Z
https://www.pesopay.com/b2c2/eng/merchant/api/orderApi.jsp?merchantId=18139954&loginId=AllianzMetro1&password=Kaft5mNDjsks29d&actionType=OnlineRefund&payRef=7081787&amount=300

2015-07-20T05:43:06Z
ResponseParameter:  billNo: 6a28dae3e51b44ffb7caff85ee638620

2015-07-20T05:43:06Z
resultCode=-1&orderStatus=&ref=&payRef=&amt=&cur=&errMsg=Online refund fail..





2015-07-20T05:50:48Z
RequestParameter:  billNo: 6a28dae3e51b44ffb7caff85ee638620

2015-07-20T05:50:48Z
https://www.pesopay.com/b2c2/eng/merchant/api/orderApi.jsp?merchantId=18139954&loginId=AllianzMetro1&password=Kaft5mNDjsks29d&actionType=OnlineRefund&payRef=7081787&amount=300

2015-07-20T05:50:49Z
ResponseParameter:  billNo: 6a28dae3e51b44ffb7caff85ee638620

2015-07-20T05:50:49Z
resultCode=-1&orderStatus=&ref=&payRef=&amt=&cur=&errMsg=Online refund fail..





2015-07-20T05:52:36Z
RequestParameter:  billNo: 09063e8118f344fca50ba0d0fc05797a

2015-07-20T05:52:36Z
https://www.pesopay.com/b2c2/eng/merchant/api/orderApi.jsp?merchantId=18139954&loginId=AllianzMetro1&password=Kaft5mNDjsks29d&actionType=OnlineRefund&payRef=6937051&amount=500

2015-07-20T05:52:38Z
ResponseParameter:  billNo: 09063e8118f344fca50ba0d0fc05797a

2015-07-20T05:52:38Z
resultCode=0&orderStatus=&ref=&payRef=&amt=&cur=&errMsg=Online Refund Success...





2015-07-20T05:56:14Z
RequestParameter:  billNo: 93898d8b7347408b8cbb777c215ec3de

2015-07-20T05:56:14Z
https://www.pesopay.com/b2c2/eng/merchant/api/orderApi.jsp?merchantId=18139954&loginId=AllianzMetro1&password=Kaft5mNDjsks29d&actionType=OnlineRefund&payRef=6937044&amount=500

2015-07-20T05:56:16Z
ResponseParameter:  billNo: 93898d8b7347408b8cbb777c215ec3de

2015-07-20T05:56:16Z
resultCode=0&orderStatus=&ref=&payRef=&amt=&cur=&errMsg=Online Refund Success...





2015-07-20T05:58:15Z
RequestParameter:  billNo: 1067R1431603619

2015-07-20T05:58:15Z
https://www.pesopay.com/b2c2/eng/merchant/api/orderApi.jsp?merchantId=18139954&loginId=AllianzMetro1&password=Kaft5mNDjsks29d&actionType=OnlineRefund&payRef=6987693&amount=500

2015-07-20T05:58:20Z
ResponseParameter:  billNo: 1067R1431603619

2015-07-20T05:58:20Z
resultCode=0&orderStatus=&ref=&payRef=&amt=&cur=&errMsg=Online Refund Success...





2015-07-20T05:59:58Z
RequestParameter:  billNo: 898bbe0f68b7408b9ce172d401570a7a

2015-07-20T05:59:58Z
https://www.pesopay.com/b2c2/eng/merchant/api/orderApi.jsp?merchantId=18139954&loginId=AllianzMetro1&password=Kaft5mNDjsks29d&actionType=OnlineRefund&payRef=7017211&amount=520

2015-07-20T06:00:02Z
ResponseParameter:  billNo: 898bbe0f68b7408b9ce172d401570a7a

2015-07-20T06:00:02Z
resultCode=0&orderStatus=&ref=&payRef=&amt=&cur=&errMsg=Online Refund Success...





2015-07-20T06:02:33Z
RequestParameter:  billNo: b839b723314c405ca8a575c09fe70250

2015-07-20T06:02:33Z
https://www.pesopay.com/b2c2/eng/merchant/api/orderApi.jsp?merchantId=18139954&loginId=AllianzMetro1&password=Kaft5mNDjsks29d&actionType=OnlineRefund&payRef=7191866&amount=500

2015-07-20T06:02:35Z
ResponseParameter:  billNo: b839b723314c405ca8a575c09fe70250

2015-07-20T06:02:35Z
resultCode=0&orderStatus=&ref=&payRef=&amt=&cur=&errMsg=Online Refund Success...





2015-07-20T06:07:19Z
RequestParameter:  billNo: b04704bc50134362aa69f0a71f498d17

2015-07-20T06:07:19Z
https://www.pesopay.com/b2c2/eng/merchant/api/orderApi.jsp?merchantId=18139954&loginId=AllianzMetro1&password=Kaft5mNDjsks29d&actionType=OnlineRefund&payRef=7197932&amount=500

2015-07-20T06:07:22Z
ResponseParameter:  billNo: b04704bc50134362aa69f0a71f498d17

2015-07-20T06:07:22Z
resultCode=0&orderStatus=&ref=&payRef=&amt=&cur=&errMsg=Online Refund Success...





2015-07-20T06:08:27Z
RequestParameter:  billNo: b04704bc50134362aa69f0a71f498d17

2015-07-20T06:08:27Z
https://www.pesopay.com/b2c2/eng/merchant/api/orderApi.jsp?merchantId=18139954&loginId=AllianzMetro1&password=Kaft5mNDjsks29d&actionType=OnlineRefund&payRef=7197932&amount=500

2015-07-20T06:08:28Z
ResponseParameter:  billNo: b04704bc50134362aa69f0a71f498d17

2015-07-20T06:08:28Z
resultCode=-1&orderStatus=&ref=&payRef=&amt=&cur=&errMsg=Online refund fail..





2015-07-20T06:11:50Z
RequestParameter:  billNo: a7433ac2878a4117a022df62ea56e378

2015-07-20T06:11:50Z
https://www.pesopay.com/b2c2/eng/merchant/api/orderApi.jsp?merchantId=18139954&loginId=AllianzMetro1&password=Kaft5mNDjsks29d&actionType=OnlineRefund&payRef=7206030&amount=1000

2015-07-20T06:11:53Z
ResponseParameter:  billNo: a7433ac2878a4117a022df62ea56e378

2015-07-20T06:11:53Z
resultCode=0&orderStatus=&ref=&payRef=&amt=&cur=&errMsg=Online Refund Success...





2015-07-20T06:13:47Z
RequestParameter:  billNo: bill635713330197834458

2015-07-20T06:13:47Z
https://www.pesopay.com/b2c2/eng/merchant/api/orderApi.jsp?merchantId=18139954&loginId=AllianzMetro1&password=Kaft5mNDjsks29d&actionType=OnlineRefund&payRef=7404882&amount=200

2015-07-20T06:13:56Z
ResponseParameter:  billNo: bill635713330197834458

2015-07-20T06:13:56Z
resultCode=0&orderStatus=&ref=&payRef=&amt=&cur=&errMsg=Online Refund Success...





2015-07-20T06:16:21Z
RequestParameter:  billNo: 3d7734cfb9ce45c380d9d9a5a40b5ed1

2015-07-20T06:16:21Z
https://www.pesopay.com/b2c2/eng/merchant/api/orderApi.jsp?merchantId=18139954&loginId=AllianzMetro1&password=Kaft5mNDjsks29d&actionType=OnlineRefund&payRef=7090563&amount=500

2015-07-20T06:16:23Z
ResponseParameter:  billNo: 3d7734cfb9ce45c380d9d9a5a40b5ed1

2015-07-20T06:16:23Z
resultCode=0&orderStatus=&ref=&payRef=&amt=&cur=&errMsg=Online Refund Success...





2015-07-20T06:17:43Z
RequestParameter:  billNo: 4c2d266d0b424012a18717394cf79693

2015-07-20T06:17:43Z
https://www.pesopay.com/b2c2/eng/merchant/api/orderApi.jsp?merchantId=18139954&loginId=AllianzMetro1&password=Kaft5mNDjsks29d&actionType=OnlineRefund&payRef=7090573&amount=1000

2015-07-20T06:17:45Z
ResponseParameter:  billNo: 4c2d266d0b424012a18717394cf79693

2015-07-20T06:17:45Z
resultCode=0&orderStatus=&ref=&payRef=&amt=&cur=&errMsg=Online Refund Success...





2015-07-20T06:19:50Z
RequestParameter:  billNo: 557fd52080ffe

2015-07-20T06:19:50Z
https://www.pesopay.com/b2c2/eng/merchant/api/orderApi.jsp?merchantId=18139954&loginId=AllianzMetro1&password=Kaft5mNDjsks29d&actionType=OnlineRefund&payRef=7259037&amount=200

2015-07-20T06:19:53Z
ResponseParameter:  billNo: 557fd52080ffe

2015-07-20T06:19:53Z
resultCode=0&orderStatus=&ref=&payRef=&amt=&cur=&errMsg=Online Refund Success...





2015-07-20T06:21:38Z
RequestParameter:  billNo: lAL9F1436169609

2015-07-20T06:21:38Z
https://www.pesopay.com/b2c2/eng/merchant/api/orderApi.jsp?merchantId=18139939&loginId=Allianzmetro1&password=xe4WcGL7NVdRAQk&actionType=OnlineRefund&payRef=7444440&amount=300

2015-07-20T06:21:40Z
ResponseParameter:  billNo: lAL9F1436169609

2015-07-20T06:21:40Z
resultCode=0&orderStatus=&ref=&payRef=&amt=&cur=&errMsg=Online Refund Success...





2015-07-20T06:22:58Z
RequestParameter:  billNo: L08JV1436170945

2015-07-20T06:22:58Z
https://www.pesopay.com/b2c2/eng/merchant/api/orderApi.jsp?merchantId=18139939&loginId=Allianzmetro1&password=xe4WcGL7NVdRAQk&actionType=OnlineRefund&payRef=7444578&amount=700

2015-07-20T06:23:00Z
ResponseParameter:  billNo: L08JV1436170945

2015-07-20T06:23:00Z
resultCode=0&orderStatus=&ref=&payRef=&amt=&cur=&errMsg=Online Refund Success...





2015-07-20T06:24:15Z
RequestParameter:  billNo: b4cb8191aacc4dc5830ee85a9cbab9d0

2015-07-20T06:24:15Z
https://www.pesopay.com/b2c2/eng/merchant/api/orderApi.jsp?merchantId=18139939&loginId=Allianzmetro1&password=xe4WcGL7NVdRAQk&actionType=OnlineRefund&payRef=6993898&amount=200

2015-07-20T06:24:18Z
ResponseParameter:  billNo: b4cb8191aacc4dc5830ee85a9cbab9d0

2015-07-20T06:24:18Z
resultCode=0&orderStatus=&ref=&payRef=&amt=&cur=&errMsg=Online Refund Success...





2015-07-20T06:25:12Z
RequestParameter:  billNo: 099fbc4c6a7d45b9971f2da04328dcce

2015-07-20T06:25:12Z
https://www.pesopay.com/b2c2/eng/merchant/api/orderApi.jsp?merchantId=18139954&loginId=AllianzMetro1&password=Kaft5mNDjsks29d&actionType=OnlineRefund&payRef=7460176&amount=500

2015-07-20T06:25:14Z
ResponseParameter:  billNo: 099fbc4c6a7d45b9971f2da04328dcce

2015-07-20T06:25:14Z
resultCode=0&orderStatus=&ref=&payRef=&amt=&cur=&errMsg=Online Refund Success...





2015-07-20T09:34:38Z
RequestParameter:  billNo: 86a2f8b5b9e74aba88c44a7911f517a0

2015-07-20T09:34:38Z
https://www.pesopay.com/b2c2/eng/merchant/api/orderApi.jsp?merchantId=18139954&loginId=AllianzMetro1&password=Kaft5mNDjsks29d&actionType=OnlineRefund&payRef=7350936&amount=200

2015-07-20T09:34:41Z
ResponseParameter:  billNo: 86a2f8b5b9e74aba88c44a7911f517a0

2015-07-20T09:34:41Z
resultCode=0&orderStatus=&ref=&payRef=&amt=&cur=&errMsg=Online Refund Success...





2015-07-20T09:37:09Z
RequestParameter:  billNo: 7f3fb9894c26413094d05c33862f995b

2015-07-20T09:37:09Z
https://www.pesopay.com/b2c2/eng/merchant/api/orderApi.jsp?merchantId=18139954&loginId=AllianzMetro1&password=Kaft5mNDjsks29d&actionType=OnlineRefund&payRef=7450882&amount=500

2015-07-20T09:37:11Z
ResponseParameter:  billNo: 7f3fb9894c26413094d05c33862f995b

2015-07-20T09:37:11Z
resultCode=0&orderStatus=&ref=&payRef=&amt=&cur=&errMsg=Online Refund Success...





2015-07-20T09:38:19Z
RequestParameter:  billNo: 7f23eceef3854fb0ac447a205d192bf4

2015-07-20T09:38:19Z
https://www.pesopay.com/b2c2/eng/merchant/api/orderApi.jsp?merchantId=18139954&loginId=AllianzMetro1&password=Kaft5mNDjsks29d&actionType=OnlineRefund&payRef=7450666&amount=200

2015-07-20T09:38:22Z
ResponseParameter:  billNo: 7f23eceef3854fb0ac447a205d192bf4

2015-07-20T09:38:22Z
resultCode=0&orderStatus=&ref=&payRef=&amt=&cur=&errMsg=Online Refund Success...





2015-07-20T09:39:10Z
RequestParameter:  billNo: 7f23eceef3854fb0ac447a205d192bf4

2015-07-20T09:39:10Z
https://www.pesopay.com/b2c2/eng/merchant/api/orderApi.jsp?merchantId=18139954&loginId=AllianzMetro1&password=Kaft5mNDjsks29d&actionType=OnlineRefund&payRef=7450666&amount=200

2015-07-20T09:39:11Z
ResponseParameter:  billNo: 7f23eceef3854fb0ac447a205d192bf4

2015-07-20T09:39:11Z
resultCode=-1&orderStatus=&ref=&payRef=&amt=&cur=&errMsg=Online refund fail..





2015-07-20T09:41:00Z
RequestParameter:  billNo: 7e22cec5d8e9497f8c2ae95d76b6dcf9

2015-07-20T09:41:00Z
https://www.pesopay.com/b2c2/eng/merchant/api/orderApi.jsp?merchantId=18139954&loginId=AllianzMetro1&password=Kaft5mNDjsks29d&actionType=OnlineRefund&payRef=7466913&amount=200

2015-07-20T09:41:02Z
ResponseParameter:  billNo: 7e22cec5d8e9497f8c2ae95d76b6dcf9

2015-07-20T09:41:02Z
resultCode=0&orderStatus=&ref=&payRef=&amt=&cur=&errMsg=Online Refund Success...





2015-07-20T09:42:49Z
RequestParameter:  billNo: 0e66304d58f44b71bc9aa0d01b455106

2015-07-20T09:42:49Z
https://www.pesopay.com/b2c2/eng/merchant/api/orderApi.jsp?merchantId=18139954&loginId=AllianzMetro1&password=Kaft5mNDjsks29d&actionType=OnlineRefund&payRef=7275180&amount=200

2015-07-20T09:42:51Z
ResponseParameter:  billNo: 0e66304d58f44b71bc9aa0d01b455106

2015-07-20T09:42:51Z
resultCode=0&orderStatus=&ref=&payRef=&amt=&cur=&errMsg=Online Refund Success...





2015-07-20T13:02:45Z
RequestParameter:  billNo: b2a77f5d02884bf18ad95b61ef4356e8

2015-07-20T13:02:45Z
https://www.pesopay.com/b2c2/eng/merchant/api/orderApi.jsp?merchantId=18139954&loginId=AllianzMetro1&password=Kaft5mNDjsks29d&actionType=OnlineRefund&payRef=7025371&amount=500

2015-07-20T13:02:48Z
ResponseParameter:  billNo: b2a77f5d02884bf18ad95b61ef4356e8

2015-07-20T13:02:48Z
resultCode=0&orderStatus=&ref=&payRef=&amt=&cur=&errMsg=Online Refund Success...





2015-07-20T13:03:45Z
RequestParameter:  billNo: 32d7842adcaf4a5e9a87a88560c57dbe

2015-07-20T13:03:45Z
https://www.pesopay.com/b2c2/eng/merchant/api/orderApi.jsp?merchantId=18139954&loginId=AllianzMetro1&password=Kaft5mNDjsks29d&actionType=OnlineRefund&payRef=7025361&amount=1000

2015-07-20T13:03:48Z
ResponseParameter:  billNo: 32d7842adcaf4a5e9a87a88560c57dbe

2015-07-20T13:03:48Z
resultCode=0&orderStatus=&ref=&payRef=&amt=&cur=&errMsg=Online Refund Success...





2015-07-20T13:04:41Z
RequestParameter:  billNo: dc9dad5d96894642998f2adf8379c365

2015-07-20T13:04:41Z
https://www.pesopay.com/b2c2/eng/merchant/api/orderApi.jsp?merchantId=18139954&loginId=AllianzMetro1&password=Kaft5mNDjsks29d&actionType=OnlineRefund&payRef=7025356&amount=500

2015-07-20T13:04:43Z
ResponseParameter:  billNo: dc9dad5d96894642998f2adf8379c365

2015-07-20T13:04:43Z
resultCode=0&orderStatus=&ref=&payRef=&amt=&cur=&errMsg=Online Refund Success...





2015-07-20T13:05:38Z
RequestParameter:  billNo: MJgVd1432211777

2015-07-20T13:05:38Z
https://www.pesopay.com/b2c2/eng/merchant/api/orderApi.jsp?merchantId=18139954&loginId=AllianzMetro1&password=Kaft5mNDjsks29d&actionType=OnlineRefund&payRef=7039817&amount=772

2015-07-20T13:05:40Z
ResponseParameter:  billNo: MJgVd1432211777

2015-07-20T13:05:40Z
resultCode=0&orderStatus=&ref=&payRef=&amt=&cur=&errMsg=Online Refund Success...





2015-07-20T13:06:38Z
RequestParameter:  billNo: 1432646693-382

2015-07-20T13:06:38Z
https://www.pesopay.com/b2c2/eng/merchant/api/orderApi.jsp?merchantId=18139954&loginId=AllianzMetro1&password=Kaft5mNDjsks29d&actionType=OnlineRefund&payRef=7075404&amount=1500

2015-07-20T13:06:42Z
ResponseParameter:  billNo: 1432646693-382

2015-07-20T13:06:42Z
resultCode=0&orderStatus=&ref=&payRef=&amt=&cur=&errMsg=Online Refund Success...





2015-07-20T13:07:36Z
RequestParameter:  billNo: 1432645188-382

2015-07-20T13:07:36Z
https://www.pesopay.com/b2c2/eng/merchant/api/orderApi.jsp?merchantId=18139954&loginId=AllianzMetro1&password=Kaft5mNDjsks29d&actionType=OnlineRefund&payRef=7075327&amount=500

2015-07-20T13:07:39Z
ResponseParameter:  billNo: 1432645188-382

2015-07-20T13:07:39Z
resultCode=0&orderStatus=&ref=&payRef=&amt=&cur=&errMsg=Online Refund Success...





2015-07-20T13:08:38Z
RequestParameter:  billNo: 6ce3747912954ec09616dfe025e4746f

2015-07-20T13:08:38Z
https://www.pesopay.com/b2c2/eng/merchant/api/orderApi.jsp?merchantId=18139954&loginId=AllianzMetro1&password=Kaft5mNDjsks29d&actionType=OnlineRefund&payRef=7090279&amount=500

2015-07-20T13:08:42Z
ResponseParameter:  billNo: 6ce3747912954ec09616dfe025e4746f

2015-07-20T13:08:42Z
resultCode=0&orderStatus=&ref=&payRef=&amt=&cur=&errMsg=Online Refund Success...





2015-07-20T13:09:30Z
RequestParameter:  billNo: 5192e0a4ac7e45caa6e6fb0bd278d56c

2015-07-20T13:09:30Z
https://www.pesopay.com/b2c2/eng/merchant/api/orderApi.jsp?merchantId=18139954&loginId=AllianzMetro1&password=Kaft5mNDjsks29d&actionType=OnlineRefund&payRef=7090250&amount=500

2015-07-20T13:09:32Z
ResponseParameter:  billNo: 5192e0a4ac7e45caa6e6fb0bd278d56c

2015-07-20T13:09:32Z
resultCode=0&orderStatus=&ref=&payRef=&amt=&cur=&errMsg=Online Refund Success...





2015-07-20T13:10:20Z
RequestParameter:  billNo: 5d1043193e8240ecb27c6c9d267466fd

2015-07-20T13:10:20Z
https://www.pesopay.com/b2c2/eng/merchant/api/orderApi.jsp?merchantId=18139954&loginId=AllianzMetro1&password=Kaft5mNDjsks29d&actionType=OnlineRefund&payRef=7102118&amount=500

2015-07-20T13:10:22Z
ResponseParameter:  billNo: 5d1043193e8240ecb27c6c9d267466fd

2015-07-20T13:10:22Z
resultCode=0&orderStatus=&ref=&payRef=&amt=&cur=&errMsg=Online Refund Success...





2015-07-20T13:11:11Z
RequestParameter:  billNo: aa768c4de4224bdb96535751ac584695

2015-07-20T13:11:11Z
https://www.pesopay.com/b2c2/eng/merchant/api/orderApi.jsp?merchantId=18139954&loginId=AllianzMetro1&password=Kaft5mNDjsks29d&actionType=OnlineRefund&payRef=7102104&amount=500

2015-07-20T13:11:14Z
ResponseParameter:  billNo: aa768c4de4224bdb96535751ac584695

2015-07-20T13:11:14Z
resultCode=0&orderStatus=&ref=&payRef=&amt=&cur=&errMsg=Online Refund Success...





2015-07-20T13:12:04Z
RequestParameter:  billNo: 21669f2059854a0ab897608858c1f890

2015-07-20T13:12:04Z
https://www.pesopay.com/b2c2/eng/merchant/api/orderApi.jsp?merchantId=18139954&loginId=AllianzMetro1&password=Kaft5mNDjsks29d&actionType=OnlineRefund&payRef=7153858&amount=500

2015-07-20T13:12:06Z
ResponseParameter:  billNo: 21669f2059854a0ab897608858c1f890

2015-07-20T13:12:06Z
resultCode=0&orderStatus=&ref=&payRef=&amt=&cur=&errMsg=Online Refund Success...





2015-07-20T13:13:26Z
RequestParameter:  billNo: 411c73b31959467482a97f59bb3e347e

2015-07-20T13:13:26Z
https://www.pesopay.com/b2c2/eng/merchant/api/orderApi.jsp?merchantId=18139954&loginId=AllianzMetro1&password=Kaft5mNDjsks29d&actionType=OnlineRefund&payRef=7153842&amount=500

2015-07-20T13:13:30Z
ResponseParameter:  billNo: 411c73b31959467482a97f59bb3e347e

2015-07-20T13:13:30Z
resultCode=0&orderStatus=&ref=&payRef=&amt=&cur=&errMsg=Online Refund Success...





2015-07-20T13:14:17Z
RequestParameter:  billNo: 7eea1d5869974c4db79a23563eb7d205

2015-07-20T13:14:17Z
https://www.pesopay.com/b2c2/eng/merchant/api/orderApi.jsp?merchantId=18139954&loginId=AllianzMetro1&password=Kaft5mNDjsks29d&actionType=OnlineRefund&payRef=7159791&amount=500

2015-07-20T13:14:21Z
ResponseParameter:  billNo: 7eea1d5869974c4db79a23563eb7d205

2015-07-20T13:14:21Z
resultCode=0&orderStatus=&ref=&payRef=&amt=&cur=&errMsg=Online Refund Success...





