2015-08-02T09:34:34Z
RequestParameter:  billNo: 1438508094432 | startTime:2015-08-02 09:34:34

2015-08-02T09:34:34Z
Array
(
    [MODE] => Q
    [FRMT] => XML
    [VERS] => 0630
    [MERC] => 680000
    [UDF[CUSTOMER_IPAD]] => 88.62.164.146
    [SESS] => 7b366b5c16d7b7c359527266009720e2
    [ORDR] => 1438508094432
    [CURR] => EUR
    [PENC] => KHASH
    [PTYP] => CARD
    [PTOK] => 419704QGUXBJ2LSBC89J
    [IPAD] => 88.62.164.146
    [MACK] => Y
    [AUTH] => A
    [PROD_DESC[0]] => Binary Trade
    [PROD_TYPE[0]] => Binary Trade
    [PROD_ITEM[0]] => SKU-ACI-BinaryTrade
    [PROD_QUANT[0]] => 1
    [PROD_PRICE[0]] => 50000
    [TOTL] => 50000
    [SITE] => VERT001
    [UDF[MERCHANT_ID]] => 20001MERACIM
    [NAME] => Marco Montaguti 
    [B2A1] =>  St.
    [B2CC] => IT
    [B2CI] =>  
    [B2PC] => 000000
    [B2PN] => 0(0) 0 - 00393286239063
    [B2ST] =>  
    [S2A1] => 
    [S2CC] => 
    [S2CI] => 
    [S2EM] => 
    [S2NM] =>  
    [S2PC] => 
    [S2PN] => 
    [S2ST] => 
    [SHTP] => 
    [CASH] => 500
    [DOB] => 1980-08-10
    [GENDER] => M
    [EMAL] => marco.montaguti@gmail.com
)


2015-08-02T09:34:35Z
ResponseParameter:  billNo: 1438508094432 | endTime:2015-08-02 09:34:35

2015-08-02T09:34:35Z
<?xml version="1.0" encoding="UTF-8"?>
<RESPONSE>
  <VERS>0630</VERS>
  <MODE>Q</MODE>
  <TRAN>38NC0P1WRHSQ</TRAN>
  <MERC>680000</MERC>
  <SESS>7b366b5c16d7b7c359527266009720e2</SESS>
  <ORDR>1438508094432</ORDR>
  <AUTO>A</AUTO>
  <SCOR>21</SCOR>
  <GEOX>IT</GEOX>
  <BRND>VISA</BRND>
  <REGN>IT_10</REGN>
  <NETW>N</NETW>
  <KAPT>Y</KAPT>
  <CARDS>1</CARDS>
  <DEVICES>1</DEVICES>
  <EMAILS>1</EMAILS>
  <VELO>0</VELO>
  <VMAX>0</VMAX>
  <SITE>VERT001</SITE>
  <DEVICE_LAYERS>1E82994208.051EA54C4B.6DEE72989A.737F59C329.5D3DB06032</DEVICE_LAYERS>
  <FINGERPRINT>5CCFE04014DB550B71A094F8869522A6</FINGERPRINT>
  <TIMEZONE>1320</TIMEZONE>
  <LOCALTIME>2015-08-02 11:34</LOCALTIME>
  <REGION>IT_10</REGION>
  <COUNTRY>IT</COUNTRY>
  <PROXY>N</PROXY>
  <JAVASCRIPT>Y</JAVASCRIPT>
  <FLASH>Y</FLASH>
  <COOKIES>N</COOKIES>
  <HTTP_COUNTRY>IT</HTTP_COUNTRY>
  <LANGUAGE>IT</LANGUAGE>
  <MOBILE_DEVICE>N</MOBILE_DEVICE>
  <MOBILE_TYPE></MOBILE_TYPE>
  <MOBILE_FORWARDER>N</MOBILE_FORWARDER>
  <VOICE_DEVICE>N</VOICE_DEVICE>
  <PC_REMOTE>N</PC_REMOTE>
  <RULES_TRIGGERED>1</RULES_TRIGGERED>
  <RULE_ID_0>330732</RULE_ID_0>
  <RULE_DESCRIPTION_0>FRAUD_SCRD Score less than 25 and Device Data present (-10pts)</RULE_DESCRIPTION_0>
  <COUNTERS_TRIGGERED>1</COUNTERS_TRIGGERED>
  <COUNTER_NAME_0>FRAUD_SCORD</COUNTER_NAME_0>
  <COUNTER_VALUE_0>-10</COUNTER_VALUE_0>
  <REASON_CODE></REASON_CODE>
  <MASTERCARD></MASTERCARD>
  <DDFS>2015-08-02</DDFS>
  <DSR>1200x1920</DSR>
  <UAS>Mozilla/5.0 (Macintosh; Intel Mac OS X 10_10_4) AppleWebKit/600.7.12 (KHTML, like Gecko) Version/8.0.7 Safari/600.7.12</UAS>
  <BROWSER>Safari 8.0.7</BROWSER>
  <OS>Mac OS X 10_10_4</OS>
  <PIP_IPAD></PIP_IPAD>
  <PIP_LAT></PIP_LAT>
  <PIP_LON></PIP_LON>
  <PIP_COUNTRY></PIP_COUNTRY>
  <PIP_REGION></PIP_REGION>
  <PIP_CITY></PIP_CITY>
  <PIP_ORG></PIP_ORG>
  <IP_IPAD>88.62.164.146</IP_IPAD>
  <IP_LAT>43.2333</IP_LAT>
  <IP_LON>13.6</IP_LON>
  <IP_COUNTRY>IT</IP_COUNTRY>
  <IP_REGION>Marche</IP_REGION>
  <IP_CITY>Monte San Giusto</IP_CITY>
  <IP_ORG>TELECOM ITALIA</IP_ORG>
  <WARNING_COUNT>0</WARNING_COUNT>
</RESPONSE>

2015-08-02T09:36:19Z
RequestParameter:  billNo: 1438508200549 | startTime:2015-08-02 09:36:19

2015-08-02T09:36:19Z
Array
(
    [MODE] => Q
    [FRMT] => XML
    [VERS] => 0630
    [MERC] => 680000
    [UDF[CUSTOMER_IPAD]] => 88.62.164.146
    [SESS] => d62d7ea1a39739e14436dd3734664487
    [ORDR] => 1438508200549
    [CURR] => EUR
    [PENC] => KHASH
    [PTYP] => CARD
    [PTOK] => 419704QGUXBJ2LSBC89J
    [IPAD] => 88.62.164.146
    [MACK] => Y
    [AUTH] => A
    [PROD_DESC[0]] => Binary Trade
    [PROD_TYPE[0]] => Binary Trade
    [PROD_ITEM[0]] => SKU-ACI-BinaryTrade
    [PROD_QUANT[0]] => 1
    [PROD_PRICE[0]] => 50000
    [TOTL] => 50000
    [SITE] => VERT001
    [UDF[MERCHANT_ID]] => 20001MERACIM
    [NAME] => MONTAGUTI MARCO
    [B2A1] =>  St.
    [B2CC] => IT
    [B2CI] =>  
    [B2PC] => 000000
    [B2PN] => 0(0) 0 - 00393286239063
    [B2ST] =>  
    [S2A1] => 
    [S2CC] => 
    [S2CI] => 
    [S2EM] => 
    [S2NM] =>  
    [S2PC] => 
    [S2PN] => 
    [S2ST] => 
    [SHTP] => 
    [CASH] => 500
    [DOB] => 1980-08-10
    [GENDER] => M
    [EMAL] => marco.montaguti@gmail.com
)


2015-08-02T09:36:21Z
ResponseParameter:  billNo: 1438508200549 | endTime:2015-08-02 09:36:21

2015-08-02T09:36:21Z
<?xml version="1.0" encoding="UTF-8"?>
<RESPONSE>
  <VERS>0630</VERS>
  <MODE>Q</MODE>
  <TRAN>38NC02KRH5YJ</TRAN>
  <MERC>680000</MERC>
  <SESS>d62d7ea1a39739e14436dd3734664487</SESS>
  <ORDR>1438508200549</ORDR>
  <AUTO>A</AUTO>
  <SCOR>21</SCOR>
  <GEOX>IT</GEOX>
  <BRND>VISA</BRND>
  <REGN>IT_10</REGN>
  <NETW>N</NETW>
  <KAPT>Y</KAPT>
  <CARDS>1</CARDS>
  <DEVICES>1</DEVICES>
  <EMAILS>1</EMAILS>
  <VELO>0</VELO>
  <VMAX>0</VMAX>
  <SITE>VERT001</SITE>
  <DEVICE_LAYERS>1E82994208.051EA54C4B.6DEE72989A.737F59C329.5D3DB06032</DEVICE_LAYERS>
  <FINGERPRINT>5CCFE04014DB550B71A094F8869522A6</FINGERPRINT>
  <TIMEZONE>1320</TIMEZONE>
  <LOCALTIME>2015-08-02 11:36</LOCALTIME>
  <REGION>IT_10</REGION>
  <COUNTRY>IT</COUNTRY>
  <PROXY>N</PROXY>
  <JAVASCRIPT>Y</JAVASCRIPT>
  <FLASH>Y</FLASH>
  <COOKIES>N</COOKIES>
  <HTTP_COUNTRY>IT</HTTP_COUNTRY>
  <LANGUAGE>IT</LANGUAGE>
  <MOBILE_DEVICE>N</MOBILE_DEVICE>
  <MOBILE_TYPE></MOBILE_TYPE>
  <MOBILE_FORWARDER>N</MOBILE_FORWARDER>
  <VOICE_DEVICE>N</VOICE_DEVICE>
  <PC_REMOTE>N</PC_REMOTE>
  <RULES_TRIGGERED>1</RULES_TRIGGERED>
  <RULE_ID_0>330732</RULE_ID_0>
  <RULE_DESCRIPTION_0>FRAUD_SCRD Score less than 25 and Device Data present (-10pts)</RULE_DESCRIPTION_0>
  <COUNTERS_TRIGGERED>1</COUNTERS_TRIGGERED>
  <COUNTER_NAME_0>FRAUD_SCORD</COUNTER_NAME_0>
  <COUNTER_VALUE_0>-10</COUNTER_VALUE_0>
  <REASON_CODE></REASON_CODE>
  <MASTERCARD></MASTERCARD>
  <DDFS>2015-08-02</DDFS>
  <DSR>1200x1920</DSR>
  <UAS>Mozilla/5.0 (Macintosh; Intel Mac OS X 10_10_4) AppleWebKit/600.7.12 (KHTML, like Gecko) Version/8.0.7 Safari/600.7.12</UAS>
  <BROWSER>Safari 8.0.7</BROWSER>
  <OS>Mac OS X 10_10_4</OS>
  <PIP_IPAD></PIP_IPAD>
  <PIP_LAT></PIP_LAT>
  <PIP_LON></PIP_LON>
  <PIP_COUNTRY></PIP_COUNTRY>
  <PIP_REGION></PIP_REGION>
  <PIP_CITY></PIP_CITY>
  <PIP_ORG></PIP_ORG>
  <IP_IPAD>88.62.164.146</IP_IPAD>
  <IP_LAT>43.2333</IP_LAT>
  <IP_LON>13.6</IP_LON>
  <IP_COUNTRY>IT</IP_COUNTRY>
  <IP_REGION>Marche</IP_REGION>
  <IP_CITY>Monte San Giusto</IP_CITY>
  <IP_ORG>TELECOM ITALIA</IP_ORG>
  <WARNING_COUNT>0</WARNING_COUNT>
</RESPONSE>

2015-08-02T09:38:01Z
RequestParameter:  billNo: 1438508302161 | startTime:2015-08-02 09:38:01

2015-08-02T09:38:01Z
Array
(
    [MODE] => Q
    [FRMT] => XML
    [VERS] => 0630
    [MERC] => 680000
    [UDF[CUSTOMER_IPAD]] => 88.62.164.146
    [SESS] => 8c245c5a389d7eb7dfb4f89316a75aeb
    [ORDR] => 1438508302161
    [CURR] => EUR
    [PENC] => KHASH
    [PTYP] => CARD
    [PTOK] => 419704QGUXBJ2LSBC89J
    [IPAD] => 88.62.164.146
    [MACK] => Y
    [AUTH] => A
    [PROD_DESC[0]] => Binary Trade
    [PROD_TYPE[0]] => Binary Trade
    [PROD_ITEM[0]] => SKU-ACI-BinaryTrade
    [PROD_QUANT[0]] => 1
    [PROD_PRICE[0]] => 50000
    [TOTL] => 50000
    [SITE] => VERT001
    [UDF[MERCHANT_ID]] => 20001MERACIM
    [NAME] => MONTAGUTI MARCO
    [B2A1] =>  St.
    [B2CC] => IT
    [B2CI] =>  
    [B2PC] => 000000
    [B2PN] => 0(0) 0 - 00393286239063
    [B2ST] =>  
    [S2A1] => 
    [S2CC] => 
    [S2CI] => 
    [S2EM] => 
    [S2NM] =>  
    [S2PC] => 
    [S2PN] => 
    [S2ST] => 
    [SHTP] => 
    [CASH] => 500
    [DOB] => 1980-08-10
    [GENDER] => M
    [EMAL] => marco.montaguti@gmail.com
)


2015-08-02T09:38:02Z
ResponseParameter:  billNo: 1438508302161 | endTime:2015-08-02 09:38:02

2015-08-02T09:38:02Z
<?xml version="1.0" encoding="UTF-8"?>
<RESPONSE>
  <VERS>0630</VERS>
  <MODE>Q</MODE>
  <TRAN>38NC0TM6BGQT</TRAN>
  <MERC>680000</MERC>
  <SESS>8c245c5a389d7eb7dfb4f89316a75aeb</SESS>
  <ORDR>1438508302161</ORDR>
  <AUTO>A</AUTO>
  <SCOR>21</SCOR>
  <GEOX>IT</GEOX>
  <BRND>VISA</BRND>
  <REGN>IT_10</REGN>
  <NETW>N</NETW>
  <KAPT>Y</KAPT>
  <CARDS>1</CARDS>
  <DEVICES>1</DEVICES>
  <EMAILS>1</EMAILS>
  <VELO>0</VELO>
  <VMAX>0</VMAX>
  <SITE>VERT001</SITE>
  <DEVICE_LAYERS>1E82994208.051EA54C4B.6DEE72989A.737F59C329.5D3DB06032</DEVICE_LAYERS>
  <FINGERPRINT>5CCFE04014DB550B71A094F8869522A6</FINGERPRINT>
  <TIMEZONE>1320</TIMEZONE>
  <LOCALTIME>2015-08-02 11:38</LOCALTIME>
  <REGION>IT_10</REGION>
  <COUNTRY>IT</COUNTRY>
  <PROXY>N</PROXY>
  <JAVASCRIPT>Y</JAVASCRIPT>
  <FLASH>Y</FLASH>
  <COOKIES>N</COOKIES>
  <HTTP_COUNTRY>IT</HTTP_COUNTRY>
  <LANGUAGE>IT</LANGUAGE>
  <MOBILE_DEVICE>N</MOBILE_DEVICE>
  <MOBILE_TYPE></MOBILE_TYPE>
  <MOBILE_FORWARDER>N</MOBILE_FORWARDER>
  <VOICE_DEVICE>N</VOICE_DEVICE>
  <PC_REMOTE>N</PC_REMOTE>
  <RULES_TRIGGERED>1</RULES_TRIGGERED>
  <RULE_ID_0>330732</RULE_ID_0>
  <RULE_DESCRIPTION_0>FRAUD_SCRD Score less than 25 and Device Data present (-10pts)</RULE_DESCRIPTION_0>
  <COUNTERS_TRIGGERED>1</COUNTERS_TRIGGERED>
  <COUNTER_NAME_0>FRAUD_SCORD</COUNTER_NAME_0>
  <COUNTER_VALUE_0>-10</COUNTER_VALUE_0>
  <REASON_CODE></REASON_CODE>
  <MASTERCARD></MASTERCARD>
  <DDFS>2015-08-02</DDFS>
  <DSR>1200x1920</DSR>
  <UAS>Mozilla/5.0 (Macintosh; Intel Mac OS X 10_10_4) AppleWebKit/600.7.12 (KHTML, like Gecko) Version/8.0.7 Safari/600.7.12</UAS>
  <BROWSER>Safari 8.0.7</BROWSER>
  <OS>Mac OS X 10_10_4</OS>
  <PIP_IPAD></PIP_IPAD>
  <PIP_LAT></PIP_LAT>
  <PIP_LON></PIP_LON>
  <PIP_COUNTRY></PIP_COUNTRY>
  <PIP_REGION></PIP_REGION>
  <PIP_CITY></PIP_CITY>
  <PIP_ORG></PIP_ORG>
  <IP_IPAD>88.62.164.146</IP_IPAD>
  <IP_LAT>43.2333</IP_LAT>
  <IP_LON>13.6</IP_LON>
  <IP_COUNTRY>IT</IP_COUNTRY>
  <IP_REGION>Marche</IP_REGION>
  <IP_CITY>Monte San Giusto</IP_CITY>
  <IP_ORG>TELECOM ITALIA</IP_ORG>
  <WARNING_COUNT>0</WARNING_COUNT>
</RESPONSE>

2015-08-02T11:08:19Z
RequestParameter:  billNo: 1438513719797 | startTime:2015-08-02 11:08:19

2015-08-02T11:08:19Z
Array
(
    [MODE] => Q
    [FRMT] => XML
    [VERS] => 0630
    [MERC] => 680000
    [UDF[CUSTOMER_IPAD]] => 84.221.171.235
    [SESS] => c190b45fbff95c740887a12abedbc859
    [ORDR] => 1438513719797
    [CURR] => EUR
    [PENC] => KHASH
    [PTYP] => CARD
    [PTOK] => 402360CYAWJ8BA1EBK9N
    [IPAD] => 84.221.171.235
    [MACK] => Y
    [AUTH] => A
    [PROD_DESC[0]] => Binary Trade
    [PROD_TYPE[0]] => Binary Trade
    [PROD_ITEM[0]] => SKU-ACI-BinaryTrade
    [PROD_QUANT[0]] => 1
    [PROD_PRICE[0]] => 50000
    [TOTL] => 50000
    [SITE] => VERT001
    [UDF[MERCHANT_ID]] => 20001MERACIM
    [NAME] => Pietro Casula
    [B2A1] =>  St.
    [B2CC] => IT
    [B2CI] =>  
    [B2PC] => 000000
    [B2PN] => 03484008383
    [B2ST] =>  
    [S2A1] => 
    [S2CC] => 
    [S2CI] => 
    [S2EM] => 
    [S2NM] =>  
    [S2PC] => 
    [S2PN] => 
    [S2ST] => 
    [SHTP] => 
    [CASH] => 500
    [DOB] => 1980-08-10
    [GENDER] => M
    [EMAL] => p.ca@tiscali.it
)


2015-08-02T11:08:20Z
ResponseParameter:  billNo: 1438513719797 | endTime:2015-08-02 11:08:20

2015-08-02T11:08:20Z
<?xml version="1.0" encoding="UTF-8"?>
<RESPONSE>
  <VERS>0630</VERS>
  <MODE>Q</MODE>
  <TRAN>38N80MJCH154</TRAN>
  <MERC>680000</MERC>
  <SESS>c190b45fbff95c740887a12abedbc859</SESS>
  <ORDR>1438513719797</ORDR>
  <AUTO>A</AUTO>
  <SCOR>33</SCOR>
  <GEOX>IT</GEOX>
  <BRND>VISA</BRND>
  <REGN></REGN>
  <NETW>N</NETW>
  <KAPT>Y</KAPT>
  <CARDS>2</CARDS>
  <DEVICES>2</DEVICES>
  <EMAILS>1</EMAILS>
  <VELO>0</VELO>
  <VMAX>0</VMAX>
  <SITE>VERT001</SITE>
  <DEVICE_LAYERS>3056A8A9E7.3E364B5481.B2DB8D0F13.6EEAB177EA.4A7ED325BE</DEVICE_LAYERS>
  <FINGERPRINT>584888C66DCF10920650DDE3059C908C</FINGERPRINT>
  <TIMEZONE>1320</TIMEZONE>
  <LOCALTIME>2015-08-02 13:08</LOCALTIME>
  <REGION>IT_14</REGION>
  <COUNTRY>IT</COUNTRY>
  <PROXY>N</PROXY>
  <JAVASCRIPT>Y</JAVASCRIPT>
  <FLASH>Y</FLASH>
  <COOKIES>Y</COOKIES>
  <HTTP_COUNTRY>IT</HTTP_COUNTRY>
  <LANGUAGE>IT</LANGUAGE>
  <MOBILE_DEVICE>N</MOBILE_DEVICE>
  <MOBILE_TYPE></MOBILE_TYPE>
  <MOBILE_FORWARDER>N</MOBILE_FORWARDER>
  <VOICE_DEVICE>N</VOICE_DEVICE>
  <PC_REMOTE>N</PC_REMOTE>
  <RULES_TRIGGERED>0</RULES_TRIGGERED>
  <COUNTERS_TRIGGERED>0</COUNTERS_TRIGGERED>
  <REASON_CODE></REASON_CODE>
  <MASTERCARD></MASTERCARD>
  <DDFS>2015-08-02</DDFS>
  <DSR>768x1366</DSR>
  <UAS>Mozilla/5.0 (Windows NT 6.1; WOW64) AppleWebKit/537.36 (KHTML, like Gecko) Chrome/44.0.2403.125 Safari/537.36</UAS>
  <BROWSER>Chrome 44.0.2403.125</BROWSER>
  <OS>Windows 7</OS>
  <PIP_IPAD></PIP_IPAD>
  <PIP_LAT></PIP_LAT>
  <PIP_LON></PIP_LON>
  <PIP_COUNTRY></PIP_COUNTRY>
  <PIP_REGION></PIP_REGION>
  <PIP_CITY></PIP_CITY>
  <PIP_ORG></PIP_ORG>
  <IP_IPAD>84.221.171.235</IP_IPAD>
  <IP_LAT>39.1672</IP_LAT>
  <IP_LON>8.5222</IP_LON>
  <IP_COUNTRY>IT</IP_COUNTRY>
  <IP_REGION>Sardegna</IP_REGION>
  <IP_CITY>Carbonia</IP_CITY>
  <IP_ORG>TISCALI SPA</IP_ORG>
  <WARNING_COUNT>0</WARNING_COUNT>
</RESPONSE>

2015-08-02T15:26:11Z
RequestParameter:  billNo: kRAUw1438529170 | startTime:2015-08-02 15:26:11

2015-08-02T15:26:11Z
Array
(
    [MODE] => P
    [FRMT] => XML
    [VERS] => 0630
    [MERC] => 680000
    [UDF[CUSTOMER_IPAD]] => 46.151.211.184
    [SESS] => kRAUw1438529170
    [ORDR] => kRAUw1438529170
    [CURR] => USD
    [PENC] => KHASH
    [PTYP] => CARD
    [PTOK] => 440647YCRFETWJ40WUU9
    [IPAD] => 10.0.0.1
    [MACK] => Y
    [AUTH] => A
    [PROD_DESC[0]] => 526230
100$
    [PROD_TYPE[0]] => alfa
    [PROD_ITEM[0]] => alfa
    [PROD_QUANT[0]] => 1
    [PROD_PRICE[0]] => 10000
    [TOTL] => 10000
    [SITE] => VERT001
    [UDF[MERCHANT_ID]] => 20001MERTITTRD
    [NAME] => shazer mshaal
    [B2A1] => saudi
    [B2CC] => SA
    [B2CI] => saudi
    [B2PC] => 5869
    [B2PN] => 526230
    [B2ST] => saudi
    [S2A1] => 
    [S2CC] => 
    [S2CI] => 
    [S2EM] => 
    [S2NM] =>  
    [S2PC] => 
    [S2PN] => 
    [S2ST] => 
    [SHTP] => 
    [CASH] => 100
    [DOB] => 2015-08-25
    [GENDER] => M
    [EMAL] => shazer@hotmail.com
    [ANID] => 526230
)


2015-08-02T15:26:12Z
ResponseParameter:  billNo: kRAUw1438529170 | endTime:2015-08-02 15:26:12

2015-08-02T15:26:12Z
<?xml version="1.0" encoding="UTF-8"?>
<RESPONSE>
  <VERS>0630</VERS>
  <MODE>P</MODE>
  <TRAN>38NP0TCSPK5R</TRAN>
  <MERC>680000</MERC>
  <SESS>kRAUw1438529170</SESS>
  <ORDR>kRAUw1438529170</ORDR>
  <AUTO>A</AUTO>
  <SCOR>19</SCOR>
  <GEOX>US</GEOX>
  <BRND>VISA</BRND>
  <REGN></REGN>
  <NETW>N</NETW>
  <KAPT>N</KAPT>
  <CARDS>1</CARDS>
  <DEVICES>1</DEVICES>
  <EMAILS>1</EMAILS>
  <VELO>0</VELO>
  <VMAX>0</VMAX>
  <RULES_TRIGGERED>0</RULES_TRIGGERED>
  <COUNTERS_TRIGGERED>0</COUNTERS_TRIGGERED>
  <REASON_CODE></REASON_CODE>
  <MASTERCARD></MASTERCARD>
  <DDFS></DDFS>
  <DSR></DSR>
  <UAS></UAS>
  <BROWSER></BROWSER>
  <OS></OS>
  <PIP_IPAD></PIP_IPAD>
  <PIP_LAT></PIP_LAT>
  <PIP_LON></PIP_LON>
  <PIP_COUNTRY></PIP_COUNTRY>
  <PIP_REGION></PIP_REGION>
  <PIP_CITY></PIP_CITY>
  <PIP_ORG></PIP_ORG>
  <IP_IPAD></IP_IPAD>
  <IP_LAT></IP_LAT>
  <IP_LON></IP_LON>
  <IP_COUNTRY></IP_COUNTRY>
  <IP_REGION></IP_REGION>
  <IP_CITY></IP_CITY>
  <IP_ORG></IP_ORG>
  <WARNING_COUNT>0</WARNING_COUNT>
</RESPONSE>

2015-08-02T16:21:05Z
RequestParameter:  billNo: 1c46d7b84ed74aad86ef00a3808c19c7 | startTime:2015-08-02 16:21:05

2015-08-02T16:21:05Z
Array
(
    [MODE] => Q
    [FRMT] => XML
    [VERS] => 0630
    [MERC] => 680000
    [UDF[CUSTOMER_IPAD]] => 90.49.61.135
    [SESS] => 66383cc80cb541a1a1f1f2e8a59dc1ff
    [ORDR] => 1c46d7b84ed74aad86ef00a3808c19c7
    [CURR] => EUR
    [PENC] => KHASH
    [PTYP] => CARD
    [PTOK] => 513505WSOQ6G0VECC5EW
    [IPAD] => 90.49.61.135
    [MACK] => Y
    [AUTH] => A
    [PROD_DESC[0]] => Binary Trade
    [PROD_TYPE[0]] => Binary Trade
    [PROD_ITEM[0]] => SKU-ANT-BinaryTrade
    [PROD_QUANT[0]] => 1
    [PROD_PRICE[0]] => 50000
    [TOTL] => 50000
    [SITE] => VERT001
    [UDF[MERCHANT_ID]] => 20001MERANTY
    [NAME] => elie kassim
    [B2A1] => 10 rue les 3 pastels
    [B2CC] => FR
    [B2CI] => saone
    [B2PC] => 25660
    [B2PN] => 676497061
    [B2ST] => FR
    [S2A1] => 
    [S2CC] => 
    [S2CI] => 
    [S2EM] => 
    [S2NM] =>  
    [S2PC] => 
    [S2PN] => 
    [S2ST] => 
    [SHTP] => 
    [CASH] => 500
    [DOB] => 2001-01-01
    [GENDER] => M
    [EMAL] => eliegold25@gmail.com
)


2015-08-02T16:21:06Z
ResponseParameter:  billNo: 1c46d7b84ed74aad86ef00a3808c19c7 | endTime:2015-08-02 16:21:06

2015-08-02T16:21:06Z
<?xml version="1.0" encoding="UTF-8"?>
<RESPONSE>
  <VERS>0630</VERS>
  <MODE>Q</MODE>
  <TRAN>38N70XCV84C8</TRAN>
  <MERC>680000</MERC>
  <SESS>66383cc80cb541a1a1f1f2e8a59dc1ff</SESS>
  <ORDR>1c46d7b84ed74aad86ef00a3808c19c7</ORDR>
  <AUTO>A</AUTO>
  <SCOR>25</SCOR>
  <GEOX>FR</GEOX>
  <BRND>MSTR</BRND>
  <REGN>FR_B5</REGN>
  <NETW>N</NETW>
  <KAPT>N</KAPT>
  <CARDS>1</CARDS>
  <DEVICES>1</DEVICES>
  <EMAILS>1</EMAILS>
  <VELO>0</VELO>
  <VMAX>0</VMAX>
  <SITE>VERT001</SITE>
  <DEVICE_LAYERS>....</DEVICE_LAYERS>
  <FINGERPRINT></FINGERPRINT>
  <TIMEZONE></TIMEZONE>
  <LOCALTIME> </LOCALTIME>
  <REGION></REGION>
  <COUNTRY></COUNTRY>
  <PROXY></PROXY>
  <JAVASCRIPT></JAVASCRIPT>
  <FLASH></FLASH>
  <COOKIES></COOKIES>
  <HTTP_COUNTRY></HTTP_COUNTRY>
  <LANGUAGE></LANGUAGE>
  <MOBILE_DEVICE></MOBILE_DEVICE>
  <MOBILE_TYPE></MOBILE_TYPE>
  <MOBILE_FORWARDER></MOBILE_FORWARDER>
  <VOICE_DEVICE></VOICE_DEVICE>
  <PC_REMOTE></PC_REMOTE>
  <RULES_TRIGGERED>0</RULES_TRIGGERED>
  <COUNTERS_TRIGGERED>0</COUNTERS_TRIGGERED>
  <REASON_CODE></REASON_CODE>
  <MASTERCARD></MASTERCARD>
  <DDFS></DDFS>
  <DSR></DSR>
  <UAS></UAS>
  <BROWSER></BROWSER>
  <OS></OS>
  <PIP_IPAD></PIP_IPAD>
  <PIP_LAT></PIP_LAT>
  <PIP_LON></PIP_LON>
  <PIP_COUNTRY></PIP_COUNTRY>
  <PIP_REGION></PIP_REGION>
  <PIP_CITY></PIP_CITY>
  <PIP_ORG></PIP_ORG>
  <IP_IPAD></IP_IPAD>
  <IP_LAT></IP_LAT>
  <IP_LON></IP_LON>
  <IP_COUNTRY></IP_COUNTRY>
  <IP_REGION></IP_REGION>
  <IP_CITY></IP_CITY>
  <IP_ORG></IP_ORG>
  <WARNING_COUNT>0</WARNING_COUNT>
</RESPONSE>

2015-08-02T16:22:14Z
RequestParameter:  billNo: 94f0531fab124362abba457885d5f0c0 | startTime:2015-08-02 16:22:14

2015-08-02T16:22:14Z
Array
(
    [MODE] => Q
    [FRMT] => XML
    [VERS] => 0630
    [MERC] => 680000
    [UDF[CUSTOMER_IPAD]] => 90.49.61.135
    [SESS] => 97997121c89e4f54821c20206d37af0d
    [ORDR] => 94f0531fab124362abba457885d5f0c0
    [CURR] => EUR
    [PENC] => KHASH
    [PTYP] => CARD
    [PTOK] => 513505WSOQ6G0VECC5EW
    [IPAD] => 90.49.61.135
    [MACK] => Y
    [AUTH] => A
    [PROD_DESC[0]] => Binary Trade
    [PROD_TYPE[0]] => Binary Trade
    [PROD_ITEM[0]] => SKU-ANT-BinaryTrade
    [PROD_QUANT[0]] => 1
    [PROD_PRICE[0]] => 50000
    [TOTL] => 50000
    [SITE] => VERT001
    [UDF[MERCHANT_ID]] => 20001MERANTY
    [NAME] => elie kassim
    [B2A1] => 10 rue les 3 pastels
    [B2CC] => FR
    [B2CI] => saone
    [B2PC] => 25660
    [B2PN] => 676497061
    [B2ST] => FR
    [S2A1] => 
    [S2CC] => 
    [S2CI] => 
    [S2EM] => 
    [S2NM] =>  
    [S2PC] => 
    [S2PN] => 
    [S2ST] => 
    [SHTP] => 
    [CASH] => 500
    [DOB] => 2001-01-01
    [GENDER] => M
    [EMAL] => eliegold25@gmail.com
)


2015-08-02T16:22:15Z
ResponseParameter:  billNo: 94f0531fab124362abba457885d5f0c0 | endTime:2015-08-02 16:22:15

2015-08-02T16:22:15Z
<?xml version="1.0" encoding="UTF-8"?>
<RESPONSE>
  <VERS>0630</VERS>
  <MODE>Q</MODE>
  <TRAN>38N70KPXMKZ4</TRAN>
  <MERC>680000</MERC>
  <SESS>97997121c89e4f54821c20206d37af0d</SESS>
  <ORDR>94f0531fab124362abba457885d5f0c0</ORDR>
  <AUTO>A</AUTO>
  <SCOR>22</SCOR>
  <GEOX>FR</GEOX>
  <BRND>MSTR</BRND>
  <REGN>FR_B5</REGN>
  <NETW>N</NETW>
  <KAPT>Y</KAPT>
  <CARDS>1</CARDS>
  <DEVICES>1</DEVICES>
  <EMAILS>1</EMAILS>
  <VELO>0</VELO>
  <VMAX>0</VMAX>
  <SITE>VERT001</SITE>
  <DEVICE_LAYERS>2A5136612A.391A19B73E.B2DB8D0F13.8354684CD2.D7EA891620</DEVICE_LAYERS>
  <FINGERPRINT>8E78E1BFFB82AF202B2C3427ED555A7B</FINGERPRINT>
  <TIMEZONE>1320</TIMEZONE>
  <LOCALTIME>2015-08-02 18:22</LOCALTIME>
  <REGION>FR_B5</REGION>
  <COUNTRY>FR</COUNTRY>
  <PROXY>N</PROXY>
  <JAVASCRIPT>Y</JAVASCRIPT>
  <FLASH>Y</FLASH>
  <COOKIES>Y</COOKIES>
  <HTTP_COUNTRY>FR</HTTP_COUNTRY>
  <LANGUAGE>FR</LANGUAGE>
  <MOBILE_DEVICE>N</MOBILE_DEVICE>
  <MOBILE_TYPE></MOBILE_TYPE>
  <MOBILE_FORWARDER>N</MOBILE_FORWARDER>
  <VOICE_DEVICE>N</VOICE_DEVICE>
  <PC_REMOTE>N</PC_REMOTE>
  <RULES_TRIGGERED>1</RULES_TRIGGERED>
  <RULE_ID_0>330732</RULE_ID_0>
  <RULE_DESCRIPTION_0>FRAUD_SCRD Score less than 25 and Device Data present (-10pts)</RULE_DESCRIPTION_0>
  <COUNTERS_TRIGGERED>1</COUNTERS_TRIGGERED>
  <COUNTER_NAME_0>FRAUD_SCORD</COUNTER_NAME_0>
  <COUNTER_VALUE_0>-10</COUNTER_VALUE_0>
  <REASON_CODE></REASON_CODE>
  <MASTERCARD></MASTERCARD>
  <DDFS>2015-08-02</DDFS>
  <DSR>768x1366</DSR>
  <UAS>Mozilla/5.0 (Windows NT 10.0; WOW64) AppleWebKit/537.36 (KHTML, like Gecko) Chrome/44.0.2403.125 Safari/537.36</UAS>
  <BROWSER>Chrome 44.0.2403.125</BROWSER>
  <OS></OS>
  <PIP_IPAD></PIP_IPAD>
  <PIP_LAT></PIP_LAT>
  <PIP_LON></PIP_LON>
  <PIP_COUNTRY></PIP_COUNTRY>
  <PIP_REGION></PIP_REGION>
  <PIP_CITY></PIP_CITY>
  <PIP_ORG></PIP_ORG>
  <IP_IPAD>90.49.61.135</IP_IPAD>
  <IP_LAT>47.4554</IP_LAT>
  <IP_LON>-1.1619</IP_LON>
  <IP_COUNTRY>FR</IP_COUNTRY>
  <IP_REGION>Pays de la Loire</IP_REGION>
  <IP_CITY>Pouillé-les-côteaux</IP_CITY>
  <IP_ORG>ORANGE</IP_ORG>
  <WARNING_COUNT>0</WARNING_COUNT>
</RESPONSE>

2015-08-02T16:23:07Z
RequestParameter:  billNo: 7e434f23a97d41d2a94288549c7dae4a | startTime:2015-08-02 16:23:07

2015-08-02T16:23:07Z
Array
(
    [MODE] => Q
    [FRMT] => XML
    [VERS] => 0630
    [MERC] => 680000
    [UDF[CUSTOMER_IPAD]] => 90.49.61.135
    [SESS] => 7fca2f83e5ed42fba11d9569ce9333bd
    [ORDR] => 7e434f23a97d41d2a94288549c7dae4a
    [CURR] => EUR
    [PENC] => KHASH
    [PTYP] => CARD
    [PTOK] => 513505WSOQ6G0VECC5EW
    [IPAD] => 90.49.61.135
    [MACK] => Y
    [AUTH] => A
    [PROD_DESC[0]] => Binary Trade
    [PROD_TYPE[0]] => Binary Trade
    [PROD_ITEM[0]] => SKU-ANT-BinaryTrade
    [PROD_QUANT[0]] => 1
    [PROD_PRICE[0]] => 50000
    [TOTL] => 50000
    [SITE] => VERT001
    [UDF[MERCHANT_ID]] => 20001MERANTY
    [NAME] => elie kassim
    [B2A1] => 10 rue les 3 pastels
    [B2CC] => FR
    [B2CI] => saone
    [B2PC] => 25660
    [B2PN] => 676497061
    [B2ST] => FR
    [S2A1] => 
    [S2CC] => 
    [S2CI] => 
    [S2EM] => 
    [S2NM] =>  
    [S2PC] => 
    [S2PN] => 
    [S2ST] => 
    [SHTP] => 
    [CASH] => 500
    [DOB] => 2001-01-01
    [GENDER] => M
    [EMAL] => eliegold25@gmail.com
)


2015-08-02T16:23:08Z
ResponseParameter:  billNo: 7e434f23a97d41d2a94288549c7dae4a | endTime:2015-08-02 16:23:08

2015-08-02T16:23:08Z
<?xml version="1.0" encoding="UTF-8"?>
<RESPONSE>
  <VERS>0630</VERS>
  <MODE>Q</MODE>
  <TRAN>38N703NCHXJS</TRAN>
  <MERC>680000</MERC>
  <SESS>7fca2f83e5ed42fba11d9569ce9333bd</SESS>
  <ORDR>7e434f23a97d41d2a94288549c7dae4a</ORDR>
  <AUTO>A</AUTO>
  <SCOR>23</SCOR>
  <GEOX>FR</GEOX>
  <BRND>MSTR</BRND>
  <REGN>FR_B5</REGN>
  <NETW>N</NETW>
  <KAPT>Y</KAPT>
  <CARDS>1</CARDS>
  <DEVICES>1</DEVICES>
  <EMAILS>1</EMAILS>
  <VELO>0</VELO>
  <VMAX>0</VMAX>
  <SITE>VERT001</SITE>
  <DEVICE_LAYERS>2A5136612A.391A19B73E.B2DB8D0F13.8354684CD2.D7EA891620</DEVICE_LAYERS>
  <FINGERPRINT>8E78E1BFFB82AF202B2C3427ED555A7B</FINGERPRINT>
  <TIMEZONE>1320</TIMEZONE>
  <LOCALTIME>2015-08-02 18:23</LOCALTIME>
  <REGION>FR_B5</REGION>
  <COUNTRY>FR</COUNTRY>
  <PROXY>N</PROXY>
  <JAVASCRIPT>Y</JAVASCRIPT>
  <FLASH>Y</FLASH>
  <COOKIES>Y</COOKIES>
  <HTTP_COUNTRY>FR</HTTP_COUNTRY>
  <LANGUAGE>FR</LANGUAGE>
  <MOBILE_DEVICE>N</MOBILE_DEVICE>
  <MOBILE_TYPE></MOBILE_TYPE>
  <MOBILE_FORWARDER>N</MOBILE_FORWARDER>
  <VOICE_DEVICE>N</VOICE_DEVICE>
  <PC_REMOTE>N</PC_REMOTE>
  <RULES_TRIGGERED>1</RULES_TRIGGERED>
  <RULE_ID_0>330732</RULE_ID_0>
  <RULE_DESCRIPTION_0>FRAUD_SCRD Score less than 25 and Device Data present (-10pts)</RULE_DESCRIPTION_0>
  <COUNTERS_TRIGGERED>1</COUNTERS_TRIGGERED>
  <COUNTER_NAME_0>FRAUD_SCORD</COUNTER_NAME_0>
  <COUNTER_VALUE_0>-10</COUNTER_VALUE_0>
  <REASON_CODE></REASON_CODE>
  <MASTERCARD></MASTERCARD>
  <DDFS>2015-08-02</DDFS>
  <DSR>768x1366</DSR>
  <UAS>Mozilla/5.0 (Windows NT 10.0; WOW64) AppleWebKit/537.36 (KHTML, like Gecko) Chrome/44.0.2403.125 Safari/537.36</UAS>
  <BROWSER>Chrome 44.0.2403.125</BROWSER>
  <OS></OS>
  <PIP_IPAD></PIP_IPAD>
  <PIP_LAT></PIP_LAT>
  <PIP_LON></PIP_LON>
  <PIP_COUNTRY></PIP_COUNTRY>
  <PIP_REGION></PIP_REGION>
  <PIP_CITY></PIP_CITY>
  <PIP_ORG></PIP_ORG>
  <IP_IPAD>90.49.61.135</IP_IPAD>
  <IP_LAT>47.4554</IP_LAT>
  <IP_LON>-1.1619</IP_LON>
  <IP_COUNTRY>FR</IP_COUNTRY>
  <IP_REGION>Pays de la Loire</IP_REGION>
  <IP_CITY>Pouillé-les-côteaux</IP_CITY>
  <IP_ORG>ORANGE</IP_ORG>
  <WARNING_COUNT>0</WARNING_COUNT>
</RESPONSE>

2015-08-02T16:52:50Z
RequestParameter:  billNo: 00b5e80e3ee346e3a832c02ebf7d1fda | startTime:2015-08-02 16:52:50

2015-08-02T16:52:50Z
Array
(
    [MODE] => Q
    [FRMT] => XML
    [VERS] => 0630
    [MERC] => 680000
    [UDF[CUSTOMER_IPAD]] => 80.12.42.79
    [SESS] => 49211b8b7e214da799bddba268379f3e
    [ORDR] => 00b5e80e3ee346e3a832c02ebf7d1fda
    [CURR] => EUR
    [PENC] => KHASH
    [PTYP] => CARD
    [PTOK] => 513505WSOQ6G0VECC5EW
    [IPAD] => 80.12.42.79
    [MACK] => Y
    [AUTH] => A
    [PROD_DESC[0]] => Binary Trade
    [PROD_TYPE[0]] => Binary Trade
    [PROD_ITEM[0]] => SKU-ANT-BinaryTrade
    [PROD_QUANT[0]] => 1
    [PROD_PRICE[0]] => 50000
    [TOTL] => 50000
    [SITE] => VERT001
    [UDF[MERCHANT_ID]] => 20001MERANTY
    [NAME] => Elie Kassim
    [B2A1] => 10 rue les 3 pastels
    [B2CC] => FR
    [B2CI] => Saone 
    [B2PC] => 25660
    [B2PN] => 676497061
    [B2ST] => FR
    [S2A1] => 
    [S2CC] => 
    [S2CI] => 
    [S2EM] => 
    [S2NM] =>  
    [S2PC] => 
    [S2PN] => 
    [S2ST] => 
    [SHTP] => 
    [CASH] => 500
    [DOB] => 2001-01-01
    [GENDER] => M
    [EMAL] => eliegold25@gmail.com
)


2015-08-02T16:52:51Z
ResponseParameter:  billNo: 00b5e80e3ee346e3a832c02ebf7d1fda | endTime:2015-08-02 16:52:51

2015-08-02T16:52:51Z
<?xml version="1.0" encoding="UTF-8"?>
<RESPONSE>
  <VERS>0630</VERS>
  <MODE>Q</MODE>
  <TRAN>38N707MYL6CZ</TRAN>
  <MERC>680000</MERC>
  <SESS>49211b8b7e214da799bddba268379f3e</SESS>
  <ORDR>00b5e80e3ee346e3a832c02ebf7d1fda</ORDR>
  <AUTO>A</AUTO>
  <SCOR>25</SCOR>
  <GEOX>FR</GEOX>
  <BRND>MSTR</BRND>
  <REGN>FR_B5</REGN>
  <NETW>N</NETW>
  <KAPT>Y</KAPT>
  <CARDS>1</CARDS>
  <DEVICES>2</DEVICES>
  <EMAILS>1</EMAILS>
  <VELO>0</VELO>
  <VMAX>0</VMAX>
  <SITE>VERT001</SITE>
  <DEVICE_LAYERS>A27891416E..615BA7DBC6.45428898EC.02E8C37065</DEVICE_LAYERS>
  <FINGERPRINT>61D6DF0102E0F7CBEF2AE4D08CBFD37E</FINGERPRINT>
  <TIMEZONE>1320</TIMEZONE>
  <LOCALTIME>2015-08-02 18:53</LOCALTIME>
  <REGION></REGION>
  <COUNTRY>FR</COUNTRY>
  <PROXY>N</PROXY>
  <JAVASCRIPT>Y</JAVASCRIPT>
  <FLASH>N</FLASH>
  <COOKIES>N</COOKIES>
  <HTTP_COUNTRY>FR</HTTP_COUNTRY>
  <LANGUAGE>FR</LANGUAGE>
  <MOBILE_DEVICE>Y</MOBILE_DEVICE>
  <MOBILE_TYPE>IPHONE</MOBILE_TYPE>
  <MOBILE_FORWARDER>N</MOBILE_FORWARDER>
  <VOICE_DEVICE>N</VOICE_DEVICE>
  <PC_REMOTE>N</PC_REMOTE>
  <RULES_TRIGGERED>0</RULES_TRIGGERED>
  <COUNTERS_TRIGGERED>0</COUNTERS_TRIGGERED>
  <REASON_CODE></REASON_CODE>
  <MASTERCARD></MASTERCARD>
  <DDFS>2015-08-02</DDFS>
  <DSR>480x320</DSR>
  <UAS>Mozilla/5.0 (iPhone; CPU iPhone OS 7_1_1 like Mac OS X) AppleWebKit/537.51.2 (KHTML, like Gecko) Version/7.0 Mobile/11D201 Safari/9537.53</UAS>
  <BROWSER>Safari 7.0</BROWSER>
  <OS>iOS (iPhone) 7_1_1</OS>
  <PIP_IPAD></PIP_IPAD>
  <PIP_LAT></PIP_LAT>
  <PIP_LON></PIP_LON>
  <PIP_COUNTRY></PIP_COUNTRY>
  <PIP_REGION></PIP_REGION>
  <PIP_CITY></PIP_CITY>
  <PIP_ORG></PIP_ORG>
  <IP_IPAD>80.12.42.79</IP_IPAD>
  <IP_LAT>48.86</IP_LAT>
  <IP_LON>2.35</IP_LON>
  <IP_COUNTRY>FR</IP_COUNTRY>
  <IP_REGION>UNKNOWN</IP_REGION>
  <IP_CITY></IP_CITY>
  <IP_ORG>ORANGE</IP_ORG>
  <WARNING_COUNT>0</WARNING_COUNT>
</RESPONSE>

2015-08-02T18:41:00Z
RequestParameter:  billNo: 597c207216b34b78afd84a9b5e2e70d4 | startTime:2015-08-02 18:41:00

2015-08-02T18:41:00Z
Array
(
    [MODE] => Q
    [FRMT] => XML
    [VERS] => 0630
    [MERC] => 680000
    [UDF[CUSTOMER_IPAD]] => 80.12.42.79
    [SESS] => 6801cb148fd94f0eb07b5e4c369eead3
    [ORDR] => 597c207216b34b78afd84a9b5e2e70d4
    [CURR] => EUR
    [PENC] => KHASH
    [PTYP] => CARD
    [PTOK] => 513505WSOQ6G0VECC5EW
    [IPAD] => 80.12.42.79
    [MACK] => Y
    [AUTH] => A
    [PROD_DESC[0]] => Binary Trade
    [PROD_TYPE[0]] => Binary Trade
    [PROD_ITEM[0]] => SKU-ANT-BinaryTrade
    [PROD_QUANT[0]] => 1
    [PROD_PRICE[0]] => 49900
    [TOTL] => 49900
    [SITE] => VERT001
    [UDF[MERCHANT_ID]] => 20001MERANTY
    [NAME] => Elie Kassim
    [B2A1] => 10 rue les 3 pastels 
    [B2CC] => FR
    [B2CI] => Saone 
    [B2PC] => 25660
    [B2PN] => 676497061
    [B2ST] => FR
    [S2A1] => 
    [S2CC] => 
    [S2CI] => 
    [S2EM] => 
    [S2NM] =>  
    [S2PC] => 
    [S2PN] => 
    [S2ST] => 
    [SHTP] => 
    [CASH] => 499
    [DOB] => 2001-01-01
    [GENDER] => M
    [EMAL] => eliegold25@gmail.com
)


2015-08-02T18:41:01Z
ResponseParameter:  billNo: 597c207216b34b78afd84a9b5e2e70d4 | endTime:2015-08-02 18:41:01

2015-08-02T18:41:01Z
<?xml version="1.0" encoding="UTF-8"?>
<RESPONSE>
  <VERS>0630</VERS>
  <MODE>Q</MODE>
  <TRAN>38JK07TKP2BT</TRAN>
  <MERC>680000</MERC>
  <SESS>6801cb148fd94f0eb07b5e4c369eead3</SESS>
  <ORDR>597c207216b34b78afd84a9b5e2e70d4</ORDR>
  <AUTO>A</AUTO>
  <SCOR>25</SCOR>
  <GEOX>FR</GEOX>
  <BRND>MSTR</BRND>
  <REGN>FR_B5</REGN>
  <NETW>N</NETW>
  <KAPT>Y</KAPT>
  <CARDS>1</CARDS>
  <DEVICES>3</DEVICES>
  <EMAILS>1</EMAILS>
  <VELO>0</VELO>
  <VMAX>0</VMAX>
  <SITE>VERT001</SITE>
  <DEVICE_LAYERS>..615BA7DBC6.45428898EC.02E8C37065</DEVICE_LAYERS>
  <FINGERPRINT>10CC4DBA3503B87BA35FAD884DC89DBB</FINGERPRINT>
  <TIMEZONE>1320</TIMEZONE>
  <LOCALTIME>2015-08-02 20:41</LOCALTIME>
  <REGION></REGION>
  <COUNTRY>FR</COUNTRY>
  <PROXY>N</PROXY>
  <JAVASCRIPT>Y</JAVASCRIPT>
  <FLASH>N</FLASH>
  <COOKIES>N</COOKIES>
  <HTTP_COUNTRY>FR</HTTP_COUNTRY>
  <LANGUAGE>FR</LANGUAGE>
  <MOBILE_DEVICE>Y</MOBILE_DEVICE>
  <MOBILE_TYPE>IPHONE</MOBILE_TYPE>
  <MOBILE_FORWARDER>N</MOBILE_FORWARDER>
  <VOICE_DEVICE>N</VOICE_DEVICE>
  <PC_REMOTE>N</PC_REMOTE>
  <RULES_TRIGGERED>0</RULES_TRIGGERED>
  <COUNTERS_TRIGGERED>0</COUNTERS_TRIGGERED>
  <REASON_CODE></REASON_CODE>
  <MASTERCARD></MASTERCARD>
  <DDFS>2015-08-02</DDFS>
  <DSR>480x320</DSR>
  <UAS>Mozilla/5.0 (iPhone; CPU iPhone OS 7_1_1 like Mac OS X) AppleWebKit/537.51.2 (KHTML, like Gecko) Version/7.0 Mobile/11D201 Safari/9537.53</UAS>
  <BROWSER>Safari 7.0</BROWSER>
  <OS>iOS (iPhone) 7_1_1</OS>
  <PIP_IPAD></PIP_IPAD>
  <PIP_LAT></PIP_LAT>
  <PIP_LON></PIP_LON>
  <PIP_COUNTRY></PIP_COUNTRY>
  <PIP_REGION></PIP_REGION>
  <PIP_CITY></PIP_CITY>
  <PIP_ORG></PIP_ORG>
  <IP_IPAD>80.12.42.79</IP_IPAD>
  <IP_LAT>48.86</IP_LAT>
  <IP_LON>2.35</IP_LON>
  <IP_COUNTRY>FR</IP_COUNTRY>
  <IP_REGION>UNKNOWN</IP_REGION>
  <IP_CITY></IP_CITY>
  <IP_ORG>ORANGE</IP_ORG>
  <WARNING_COUNT>0</WARNING_COUNT>
</RESPONSE>

