2015-03-19T09:37:30Z
RequestParameter:  billNo: 86ToX1426757842 | startTime:2015-03-19 09:37:30

2015-03-19T09:37:30Z
1

2015-03-19T09:37:31Z
ResponseParameter:  billNo: 86ToX1426757842 | endTime:2015-03-19 09:37:31

2015-03-19T09:37:31Z
<?xml version="1.0" encoding="UTF-8"?>
<RESPONSE>
  <VERS>0600</VERS>
  <MODE>U</MODE>
  <TRAN>3Y9J0B2HZT9V</TRAN>
  <MERC>680000</MERC>
  <SESS>86ToX1426757842</SESS>
  <RULES_TRIGGERED>0</RULES_TRIGGERED>
  <COUNTERS_TRIGGERED>0</COUNTERS_TRIGGERED>
  <REASON_CODE></REASON_CODE>
  <MASTERCARD></MASTERCARD>
  <WARNING_COUNT>0</WARNING_COUNT>
</RESPONSE>

2015-03-19T09:38:03Z
RequestParameter:  billNo: TxZ0S1426757878 | startTime:2015-03-19 09:38:03

2015-03-19T09:38:03Z
1

2015-03-19T09:38:04Z
ResponseParameter:  billNo: TxZ0S1426757878 | endTime:2015-03-19 09:38:04

2015-03-19T09:38:04Z
<?xml version="1.0" encoding="UTF-8"?>
<RESPONSE>
  <VERS>0600</VERS>
  <MODE>U</MODE>
  <TRAN>3Y9J0DGS5RLS</TRAN>
  <MERC>680000</MERC>
  <SESS>TxZ0S1426757878</SESS>
  <RULES_TRIGGERED>0</RULES_TRIGGERED>
  <COUNTERS_TRIGGERED>0</COUNTERS_TRIGGERED>
  <REASON_CODE></REASON_CODE>
  <MASTERCARD></MASTERCARD>
  <WARNING_COUNT>0</WARNING_COUNT>
</RESPONSE>

2015-03-19T09:38:31Z
RequestParameter:  billNo: iV7Mn1426757904 | startTime:2015-03-19 09:38:31

2015-03-19T09:38:31Z
1

2015-03-19T09:38:32Z
ResponseParameter:  billNo: iV7Mn1426757904 | endTime:2015-03-19 09:38:32

2015-03-19T09:38:32Z
<?xml version="1.0" encoding="UTF-8"?>
<RESPONSE>
  <VERS>0600</VERS>
  <MODE>U</MODE>
  <TRAN>3Y9J0GG017PV</TRAN>
  <MERC>680000</MERC>
  <SESS>iV7Mn1426757904</SESS>
  <RULES_TRIGGERED>0</RULES_TRIGGERED>
  <COUNTERS_TRIGGERED>0</COUNTERS_TRIGGERED>
  <REASON_CODE></REASON_CODE>
  <MASTERCARD></MASTERCARD>
  <WARNING_COUNT>0</WARNING_COUNT>
</RESPONSE>

2015-03-19T09:39:08Z
RequestParameter:  billNo: SjY351426757940 | startTime:2015-03-19 09:39:08

2015-03-19T09:39:08Z
1

2015-03-19T09:39:09Z
ResponseParameter:  billNo: SjY351426757940 | endTime:2015-03-19 09:39:09

2015-03-19T09:39:09Z
<?xml version="1.0" encoding="UTF-8"?>
<RESPONSE>
  <VERS>0600</VERS>
  <MODE>U</MODE>
  <TRAN>3Y9J0BQKGTX6</TRAN>
  <MERC>680000</MERC>
  <SESS>SjY351426757940</SESS>
  <RULES_TRIGGERED>0</RULES_TRIGGERED>
  <COUNTERS_TRIGGERED>0</COUNTERS_TRIGGERED>
  <REASON_CODE></REASON_CODE>
  <MASTERCARD></MASTERCARD>
  <WARNING_COUNT>0</WARNING_COUNT>
</RESPONSE>

2015-03-19T09:45:31Z
RequestParameter:  billNo: Tli0W1426758326 | startTime:2015-03-19 09:45:31

2015-03-19T09:45:31Z
1

2015-03-19T09:45:32Z
ResponseParameter:  billNo: Tli0W1426758326 | endTime:2015-03-19 09:45:32

2015-03-19T09:45:32Z
<?xml version="1.0" encoding="UTF-8"?>
<RESPONSE>
  <VERS>0600</VERS>
  <MODE>U</MODE>
  <TRAN>3Y9J0JL4LX17</TRAN>
  <MERC>680000</MERC>
  <SESS>Tli0W1426758326</SESS>
  <RULES_TRIGGERED>0</RULES_TRIGGERED>
  <COUNTERS_TRIGGERED>0</COUNTERS_TRIGGERED>
  <REASON_CODE></REASON_CODE>
  <MASTERCARD></MASTERCARD>
  <WARNING_COUNT>0</WARNING_COUNT>
</RESPONSE>

2015-03-19T09:45:56Z
RequestParameter:  billNo: 7Fsu91426758351 | startTime:2015-03-19 09:45:56

2015-03-19T09:45:56Z
1

2015-03-19T09:45:57Z
ResponseParameter:  billNo: 7Fsu91426758351 | endTime:2015-03-19 09:45:57

2015-03-19T09:45:57Z
<?xml version="1.0" encoding="UTF-8"?>
<RESPONSE>
  <VERS>0600</VERS>
  <MODE>U</MODE>
  <TRAN>3Y9J0W8045WQ</TRAN>
  <MERC>680000</MERC>
  <SESS>7Fsu91426758351</SESS>
  <RULES_TRIGGERED>0</RULES_TRIGGERED>
  <COUNTERS_TRIGGERED>0</COUNTERS_TRIGGERED>
  <REASON_CODE></REASON_CODE>
  <MASTERCARD></MASTERCARD>
  <WARNING_COUNT>0</WARNING_COUNT>
</RESPONSE>

2015-03-19T09:46:38Z
RequestParameter:  billNo: Kvk0m1426758393 | startTime:2015-03-19 09:46:38

2015-03-19T09:46:38Z
1

2015-03-19T09:46:39Z
ResponseParameter:  billNo: Kvk0m1426758393 | endTime:2015-03-19 09:46:39

2015-03-19T09:46:39Z
<?xml version="1.0" encoding="UTF-8"?>
<RESPONSE>
  <VERS>0600</VERS>
  <MODE>U</MODE>
  <TRAN>3Y9J0XQSB7NL</TRAN>
  <MERC>680000</MERC>
  <SESS>Kvk0m1426758393</SESS>
  <RULES_TRIGGERED>0</RULES_TRIGGERED>
  <COUNTERS_TRIGGERED>0</COUNTERS_TRIGGERED>
  <REASON_CODE></REASON_CODE>
  <MASTERCARD></MASTERCARD>
  <WARNING_COUNT>0</WARNING_COUNT>
</RESPONSE>

2015-03-19T11:34:49Z
RequestParameter:  billNo: ji4F21426764883 | startTime:2015-03-19 11:34:49

2015-03-19T11:34:49Z
1

2015-03-19T11:34:50Z
ResponseParameter:  billNo: ji4F21426764883 | endTime:2015-03-19 11:34:50

2015-03-19T11:34:50Z
<?xml version="1.0" encoding="UTF-8"?>
<RESPONSE>
  <VERS>0600</VERS>
  <MODE>U</MODE>
  <TRAN>3Y9G0MQBNYWT</TRAN>
  <MERC>680000</MERC>
  <SESS>ji4F21426764883</SESS>
  <RULES_TRIGGERED>0</RULES_TRIGGERED>
  <COUNTERS_TRIGGERED>0</COUNTERS_TRIGGERED>
  <REASON_CODE></REASON_CODE>
  <MASTERCARD></MASTERCARD>
  <WARNING_COUNT>0</WARNING_COUNT>
</RESPONSE>

2015-03-19T11:35:12Z
RequestParameter:  billNo: s9zOn1426764906 | startTime:2015-03-19 11:35:12

2015-03-19T11:35:12Z
1

2015-03-19T11:35:13Z
ResponseParameter:  billNo: s9zOn1426764906 | endTime:2015-03-19 11:35:13

2015-03-19T11:35:13Z
<?xml version="1.0" encoding="UTF-8"?>
<RESPONSE>
  <VERS>0600</VERS>
  <MODE>U</MODE>
  <TRAN>3Y9G096G1LXH</TRAN>
  <MERC>680000</MERC>
  <SESS>s9zOn1426764906</SESS>
  <RULES_TRIGGERED>0</RULES_TRIGGERED>
  <COUNTERS_TRIGGERED>0</COUNTERS_TRIGGERED>
  <REASON_CODE></REASON_CODE>
  <MASTERCARD></MASTERCARD>
  <WARNING_COUNT>0</WARNING_COUNT>
</RESPONSE>

2015-03-19T11:35:42Z
RequestParameter:  billNo: Pf6Og1426764938 | startTime:2015-03-19 11:35:42

2015-03-19T11:35:42Z
1

2015-03-19T11:35:44Z
ResponseParameter:  billNo: Pf6Og1426764938 | endTime:2015-03-19 11:35:44

2015-03-19T11:35:44Z
<?xml version="1.0" encoding="UTF-8"?>
<RESPONSE>
  <VERS>0600</VERS>
  <MODE>U</MODE>
  <TRAN>3Y9G09NV0XJ7</TRAN>
  <MERC>680000</MERC>
  <SESS>Pf6Og1426764938</SESS>
  <RULES_TRIGGERED>0</RULES_TRIGGERED>
  <COUNTERS_TRIGGERED>0</COUNTERS_TRIGGERED>
  <REASON_CODE></REASON_CODE>
  <MASTERCARD></MASTERCARD>
  <WARNING_COUNT>0</WARNING_COUNT>
</RESPONSE>

2015-03-19T11:42:43Z
RequestParameter:  billNo: TrfDx1426765358 | startTime:2015-03-19 11:42:43

2015-03-19T11:42:43Z
1

2015-03-19T11:42:44Z
ResponseParameter:  billNo: TrfDx1426765358 | endTime:2015-03-19 11:42:44

2015-03-19T11:42:44Z
<?xml version="1.0" encoding="UTF-8"?>
<RESPONSE>
  <VERS>0600</VERS>
  <MODE>U</MODE>
  <TRAN>3Y9G0SGVP1K4</TRAN>
  <MERC>680000</MERC>
  <SESS>TrfDx1426765358</SESS>
  <RULES_TRIGGERED>0</RULES_TRIGGERED>
  <COUNTERS_TRIGGERED>0</COUNTERS_TRIGGERED>
  <REASON_CODE></REASON_CODE>
  <MASTERCARD></MASTERCARD>
  <WARNING_COUNT>0</WARNING_COUNT>
</RESPONSE>

2015-03-19T12:54:09Z
RequestParameter:  billNo: nIvma1426769643 | startTime:2015-03-19 12:54:09

2015-03-19T12:54:09Z
1

2015-03-19T12:54:10Z
ResponseParameter:  billNo: nIvma1426769643 | endTime:2015-03-19 12:54:10

2015-03-19T12:54:10Z
<?xml version="1.0" encoding="UTF-8"?>
<RESPONSE>
  <VERS>0600</VERS>
  <MODE>U</MODE>
  <TRAN>3Y9X0447CNCP</TRAN>
  <MERC>680000</MERC>
  <SESS>nIvma1426769643</SESS>
  <RULES_TRIGGERED>0</RULES_TRIGGERED>
  <COUNTERS_TRIGGERED>0</COUNTERS_TRIGGERED>
  <REASON_CODE></REASON_CODE>
  <MASTERCARD></MASTERCARD>
  <WARNING_COUNT>0</WARNING_COUNT>
</RESPONSE>

2015-03-19T12:54:29Z
RequestParameter:  billNo: ZQS9D1426769662 | startTime:2015-03-19 12:54:29

2015-03-19T12:54:29Z
1

2015-03-19T12:54:30Z
ResponseParameter:  billNo: ZQS9D1426769662 | endTime:2015-03-19 12:54:30

2015-03-19T12:54:30Z
<?xml version="1.0" encoding="UTF-8"?>
<RESPONSE>
  <VERS>0600</VERS>
  <MODE>U</MODE>
  <TRAN>3Y9X0VW8L1GM</TRAN>
  <MERC>680000</MERC>
  <SESS>ZQS9D1426769662</SESS>
  <RULES_TRIGGERED>0</RULES_TRIGGERED>
  <COUNTERS_TRIGGERED>0</COUNTERS_TRIGGERED>
  <REASON_CODE></REASON_CODE>
  <MASTERCARD></MASTERCARD>
  <WARNING_COUNT>0</WARNING_COUNT>
</RESPONSE>

2015-03-19T12:56:30Z
RequestParameter:  billNo: l6rUR1426769785 | startTime:2015-03-19 12:56:30

2015-03-19T12:56:30Z
1

2015-03-19T12:56:31Z
ResponseParameter:  billNo: l6rUR1426769785 | endTime:2015-03-19 12:56:31

2015-03-19T12:56:31Z
<?xml version="1.0" encoding="UTF-8"?>
<RESPONSE>
  <VERS>0600</VERS>
  <MODE>U</MODE>
  <TRAN>3Y9X0872CNQT</TRAN>
  <MERC>680000</MERC>
  <SESS>l6rUR1426769785</SESS>
  <RULES_TRIGGERED>0</RULES_TRIGGERED>
  <COUNTERS_TRIGGERED>0</COUNTERS_TRIGGERED>
  <REASON_CODE></REASON_CODE>
  <MASTERCARD></MASTERCARD>
  <WARNING_COUNT>0</WARNING_COUNT>
</RESPONSE>

2015-03-19T12:56:50Z
RequestParameter:  billNo: wLtAW1426769804 | startTime:2015-03-19 12:56:50

2015-03-19T12:56:50Z
1

2015-03-19T12:56:51Z
ResponseParameter:  billNo: wLtAW1426769804 | endTime:2015-03-19 12:56:51

2015-03-19T12:56:51Z
<?xml version="1.0" encoding="UTF-8"?>
<RESPONSE>
  <VERS>0600</VERS>
  <MODE>U</MODE>
  <TRAN>3Y9X0LLSHDS7</TRAN>
  <MERC>680000</MERC>
  <SESS>wLtAW1426769804</SESS>
  <RULES_TRIGGERED>0</RULES_TRIGGERED>
  <COUNTERS_TRIGGERED>0</COUNTERS_TRIGGERED>
  <REASON_CODE></REASON_CODE>
  <MASTERCARD></MASTERCARD>
  <WARNING_COUNT>0</WARNING_COUNT>
</RESPONSE>

2015-03-19T12:57:14Z
RequestParameter:  billNo: jfgJ51426769826 | startTime:2015-03-19 12:57:14

2015-03-19T12:57:14Z
1

2015-03-19T12:57:15Z
ResponseParameter:  billNo: jfgJ51426769826 | endTime:2015-03-19 12:57:15

2015-03-19T12:57:15Z
<?xml version="1.0" encoding="UTF-8"?>
<RESPONSE>
  <VERS>0600</VERS>
  <MODE>U</MODE>
  <TRAN>3Y9X0KLYV3HD</TRAN>
  <MERC>680000</MERC>
  <SESS>jfgJ51426769826</SESS>
  <RULES_TRIGGERED>0</RULES_TRIGGERED>
  <COUNTERS_TRIGGERED>0</COUNTERS_TRIGGERED>
  <REASON_CODE></REASON_CODE>
  <MASTERCARD></MASTERCARD>
  <WARNING_COUNT>0</WARNING_COUNT>
</RESPONSE>

2015-03-19T13:34:05Z
RequestParameter:  billNo: ym65U1426772038 | startTime:2015-03-19 13:34:05

2015-03-19T13:34:05Z
1

2015-03-19T13:34:07Z
ResponseParameter:  billNo: ym65U1426772038 | endTime:2015-03-19 13:34:07

2015-03-19T13:34:07Z
<?xml version="1.0" encoding="UTF-8"?>
<RESPONSE>
  <VERS>0600</VERS>
  <MODE>U</MODE>
  <TRAN>3Y990RPRZKX6</TRAN>
  <MERC>680000</MERC>
  <SESS>ym65U1426772038</SESS>
  <RULES_TRIGGERED>0</RULES_TRIGGERED>
  <COUNTERS_TRIGGERED>0</COUNTERS_TRIGGERED>
  <REASON_CODE></REASON_CODE>
  <MASTERCARD></MASTERCARD>
  <WARNING_COUNT>0</WARNING_COUNT>
</RESPONSE>

2015-03-19T13:34:34Z
RequestParameter:  billNo: 2BzYj1426772066 | startTime:2015-03-19 13:34:34

2015-03-19T13:34:34Z
1

2015-03-19T13:34:35Z
ResponseParameter:  billNo: 2BzYj1426772066 | endTime:2015-03-19 13:34:35

2015-03-19T13:34:35Z
<?xml version="1.0" encoding="UTF-8"?>
<RESPONSE>
  <VERS>0600</VERS>
  <MODE>U</MODE>
  <TRAN>3Y990X9XB2XN</TRAN>
  <MERC>680000</MERC>
  <SESS>2BzYj1426772066</SESS>
  <RULES_TRIGGERED>0</RULES_TRIGGERED>
  <COUNTERS_TRIGGERED>0</COUNTERS_TRIGGERED>
  <REASON_CODE></REASON_CODE>
  <MASTERCARD></MASTERCARD>
  <WARNING_COUNT>0</WARNING_COUNT>
</RESPONSE>

2015-03-19T13:35:26Z
RequestParameter:  billNo: JaRvK1426772110 | startTime:2015-03-19 13:35:26

2015-03-19T13:35:26Z
1

2015-03-19T13:35:27Z
ResponseParameter:  billNo: JaRvK1426772110 | endTime:2015-03-19 13:35:27

2015-03-19T13:35:27Z
<?xml version="1.0" encoding="UTF-8"?>
<RESPONSE>
  <VERS>0600</VERS>
  <MODE>U</MODE>
  <TRAN>3Y990HHBDZPB</TRAN>
  <MERC>680000</MERC>
  <SESS>JaRvK1426772110</SESS>
  <RULES_TRIGGERED>0</RULES_TRIGGERED>
  <COUNTERS_TRIGGERED>0</COUNTERS_TRIGGERED>
  <REASON_CODE></REASON_CODE>
  <MASTERCARD></MASTERCARD>
  <WARNING_COUNT>0</WARNING_COUNT>
</RESPONSE>

2015-03-19T14:40:03Z
RequestParameter:  billNo: k4xTU1426775995 | startTime:2015-03-19 14:40:03

2015-03-19T14:40:03Z
1

2015-03-19T14:40:04Z
ResponseParameter:  billNo: k4xTU1426775995 | endTime:2015-03-19 14:40:04

2015-03-19T14:40:04Z
<?xml version="1.0" encoding="UTF-8"?>
<RESPONSE>
  <VERS>0600</VERS>
  <MODE>U</MODE>
  <TRAN>3Y94071GB358</TRAN>
  <MERC>680000</MERC>
  <SESS>k4xTU1426775995</SESS>
  <RULES_TRIGGERED>0</RULES_TRIGGERED>
  <COUNTERS_TRIGGERED>0</COUNTERS_TRIGGERED>
  <REASON_CODE></REASON_CODE>
  <MASTERCARD></MASTERCARD>
  <WARNING_COUNT>0</WARNING_COUNT>
</RESPONSE>

2015-03-19T14:40:34Z
RequestParameter:  billNo: kOjWl1426776022 | startTime:2015-03-19 14:40:34

2015-03-19T14:40:34Z
1

2015-03-19T14:40:35Z
ResponseParameter:  billNo: kOjWl1426776022 | endTime:2015-03-19 14:40:35

2015-03-19T14:40:35Z
<?xml version="1.0" encoding="UTF-8"?>
<RESPONSE>
  <VERS>0600</VERS>
  <MODE>U</MODE>
  <TRAN>3Y940T52T66C</TRAN>
  <MERC>680000</MERC>
  <SESS>kOjWl1426776022</SESS>
  <RULES_TRIGGERED>0</RULES_TRIGGERED>
  <COUNTERS_TRIGGERED>0</COUNTERS_TRIGGERED>
  <REASON_CODE></REASON_CODE>
  <MASTERCARD></MASTERCARD>
  <WARNING_COUNT>0</WARNING_COUNT>
</RESPONSE>

2015-03-19T14:49:15Z
RequestParameter:  billNo: HJkBl1426776547 | startTime:2015-03-19 14:49:15

2015-03-19T14:49:15Z
1

2015-03-19T14:49:17Z
ResponseParameter:  billNo: HJkBl1426776547 | endTime:2015-03-19 14:49:17

2015-03-19T14:49:17Z
<?xml version="1.0" encoding="UTF-8"?>
<RESPONSE>
  <VERS>0600</VERS>
  <MODE>U</MODE>
  <TRAN>3Y940JDL7WG7</TRAN>
  <MERC>680000</MERC>
  <SESS>HJkBl1426776547</SESS>
  <RULES_TRIGGERED>0</RULES_TRIGGERED>
  <COUNTERS_TRIGGERED>0</COUNTERS_TRIGGERED>
  <REASON_CODE></REASON_CODE>
  <MASTERCARD></MASTERCARD>
  <WARNING_COUNT>0</WARNING_COUNT>
</RESPONSE>

2015-03-19T14:49:41Z
RequestParameter:  billNo: A9JLO1426776575 | startTime:2015-03-19 14:49:41

2015-03-19T14:49:41Z
1

2015-03-19T14:49:42Z
ResponseParameter:  billNo: A9JLO1426776575 | endTime:2015-03-19 14:49:42

2015-03-19T14:49:42Z
<?xml version="1.0" encoding="UTF-8"?>
<RESPONSE>
  <VERS>0600</VERS>
  <MODE>U</MODE>
  <TRAN>3Y9409P4V4MC</TRAN>
  <MERC>680000</MERC>
  <SESS>A9JLO1426776575</SESS>
  <RULES_TRIGGERED>0</RULES_TRIGGERED>
  <COUNTERS_TRIGGERED>0</COUNTERS_TRIGGERED>
  <REASON_CODE></REASON_CODE>
  <MASTERCARD></MASTERCARD>
  <WARNING_COUNT>0</WARNING_COUNT>
</RESPONSE>

2015-03-19T15:00:30Z
RequestParameter:  billNo: HuV7t1426777221 | startTime:2015-03-19 15:00:30

2015-03-19T15:00:30Z
1

2015-03-19T15:00:31Z
ResponseParameter:  billNo: HuV7t1426777221 | endTime:2015-03-19 15:00:31

2015-03-19T15:00:31Z
<?xml version="1.0" encoding="UTF-8"?>
<RESPONSE>
  <VERS>0600</VERS>
  <MODE>U</MODE>
  <TRAN>3Y950D4HMT3K</TRAN>
  <MERC>680000</MERC>
  <SESS>HuV7t1426777221</SESS>
  <RULES_TRIGGERED>0</RULES_TRIGGERED>
  <COUNTERS_TRIGGERED>0</COUNTERS_TRIGGERED>
  <REASON_CODE></REASON_CODE>
  <MASTERCARD></MASTERCARD>
  <WARNING_COUNT>0</WARNING_COUNT>
</RESPONSE>

2015-03-19T15:05:46Z
RequestParameter:  billNo: jQOYw1426777539 | startTime:2015-03-19 15:05:46

2015-03-19T15:05:46Z
1

2015-03-19T15:05:47Z
ResponseParameter:  billNo: jQOYw1426777539 | endTime:2015-03-19 15:05:47

2015-03-19T15:05:47Z
<?xml version="1.0" encoding="UTF-8"?>
<RESPONSE>
  <VERS>0600</VERS>
  <MODE>U</MODE>
  <TRAN>3Y9509M2JP0N</TRAN>
  <MERC>680000</MERC>
  <SESS>jQOYw1426777539</SESS>
  <RULES_TRIGGERED>0</RULES_TRIGGERED>
  <COUNTERS_TRIGGERED>0</COUNTERS_TRIGGERED>
  <REASON_CODE></REASON_CODE>
  <MASTERCARD></MASTERCARD>
  <WARNING_COUNT>0</WARNING_COUNT>
</RESPONSE>

2015-03-19T15:06:07Z
RequestParameter:  billNo: 7C6Ng1426777559 | startTime:2015-03-19 15:06:07

2015-03-19T15:06:07Z
1

2015-03-19T15:06:08Z
ResponseParameter:  billNo: 7C6Ng1426777559 | endTime:2015-03-19 15:06:08

2015-03-19T15:06:08Z
<?xml version="1.0" encoding="UTF-8"?>
<RESPONSE>
  <VERS>0600</VERS>
  <MODE>U</MODE>
  <TRAN>3Y9502W9BNGD</TRAN>
  <MERC>680000</MERC>
  <SESS>7C6Ng1426777559</SESS>
  <RULES_TRIGGERED>0</RULES_TRIGGERED>
  <COUNTERS_TRIGGERED>0</COUNTERS_TRIGGERED>
  <REASON_CODE></REASON_CODE>
  <MASTERCARD></MASTERCARD>
  <WARNING_COUNT>0</WARNING_COUNT>
</RESPONSE>

2015-03-19T15:06:25Z
RequestParameter:  billNo: wYP3B1426777581 | startTime:2015-03-19 15:06:25

2015-03-19T15:06:25Z
1

2015-03-19T15:06:26Z
ResponseParameter:  billNo: wYP3B1426777581 | endTime:2015-03-19 15:06:26

2015-03-19T15:06:26Z
<?xml version="1.0" encoding="UTF-8"?>
<RESPONSE>
  <VERS>0600</VERS>
  <MODE>U</MODE>
  <TRAN>3Y950ZPBJ25B</TRAN>
  <MERC>680000</MERC>
  <SESS>wYP3B1426777581</SESS>
  <RULES_TRIGGERED>0</RULES_TRIGGERED>
  <COUNTERS_TRIGGERED>0</COUNTERS_TRIGGERED>
  <REASON_CODE></REASON_CODE>
  <MASTERCARD></MASTERCARD>
  <WARNING_COUNT>0</WARNING_COUNT>
</RESPONSE>

2015-03-19T15:06:42Z
RequestParameter:  billNo: lKvH51426777597 | startTime:2015-03-19 15:06:42

2015-03-19T15:06:42Z
1

2015-03-19T15:06:44Z
ResponseParameter:  billNo: lKvH51426777597 | endTime:2015-03-19 15:06:44

2015-03-19T15:06:44Z
<?xml version="1.0" encoding="UTF-8"?>
<RESPONSE>
  <VERS>0600</VERS>
  <MODE>U</MODE>
  <TRAN>3Y950ZMP78MM</TRAN>
  <MERC>680000</MERC>
  <SESS>lKvH51426777597</SESS>
  <RULES_TRIGGERED>0</RULES_TRIGGERED>
  <COUNTERS_TRIGGERED>0</COUNTERS_TRIGGERED>
  <REASON_CODE></REASON_CODE>
  <MASTERCARD></MASTERCARD>
  <WARNING_COUNT>0</WARNING_COUNT>
</RESPONSE>

2015-03-19T15:37:42Z
RequestParameter:  billNo: bOndv1426779455 | startTime:2015-03-19 15:37:42

2015-03-19T15:37:42Z
1

2015-03-19T15:37:44Z
ResponseParameter:  billNo: bOndv1426779455 | endTime:2015-03-19 15:37:44

2015-03-19T15:37:44Z
<?xml version="1.0" encoding="UTF-8"?>
<RESPONSE>
  <VERS>0600</VERS>
  <MODE>U</MODE>
  <TRAN>3Y950KCBQ7XK</TRAN>
  <MERC>680000</MERC>
  <SESS>bOndv1426779455</SESS>
  <RULES_TRIGGERED>0</RULES_TRIGGERED>
  <COUNTERS_TRIGGERED>0</COUNTERS_TRIGGERED>
  <REASON_CODE></REASON_CODE>
  <MASTERCARD></MASTERCARD>
  <WARNING_COUNT>0</WARNING_COUNT>
</RESPONSE>

2015-03-19T15:38:05Z
RequestParameter:  billNo: iqXG91426779479 | startTime:2015-03-19 15:38:05

2015-03-19T15:38:05Z
1

2015-03-19T15:38:07Z
ResponseParameter:  billNo: iqXG91426779479 | endTime:2015-03-19 15:38:07

2015-03-19T15:38:07Z
<?xml version="1.0" encoding="UTF-8"?>
<RESPONSE>
  <VERS>0600</VERS>
  <MODE>U</MODE>
  <TRAN>3Y950X3LWQGC</TRAN>
  <MERC>680000</MERC>
  <SESS>iqXG91426779479</SESS>
  <RULES_TRIGGERED>0</RULES_TRIGGERED>
  <COUNTERS_TRIGGERED>0</COUNTERS_TRIGGERED>
  <REASON_CODE></REASON_CODE>
  <MASTERCARD></MASTERCARD>
  <WARNING_COUNT>0</WARNING_COUNT>
</RESPONSE>

2015-03-19T16:37:19Z
RequestParameter:  billNo: wn3I91426783029 | startTime:2015-03-19 16:37:19

2015-03-19T16:37:19Z
1

2015-03-19T16:37:19Z
ResponseParameter:  billNo: wn3I91426783029 | endTime:2015-03-19 16:37:19

2015-03-19T16:37:19Z
<?xml version="1.0" encoding="UTF-8"?>
<RESPONSE>
  <VERS>0600</VERS>
  <MODE>U</MODE>
  <TRAN>3Y9S02L5QQC9</TRAN>
  <MERC>680000</MERC>
  <SESS>wn3I91426783029</SESS>
  <RULES_TRIGGERED>0</RULES_TRIGGERED>
  <COUNTERS_TRIGGERED>0</COUNTERS_TRIGGERED>
  <REASON_CODE></REASON_CODE>
  <MASTERCARD></MASTERCARD>
  <WARNING_COUNT>0</WARNING_COUNT>
</RESPONSE>

2015-03-19T16:37:39Z
RequestParameter:  billNo: gXa3u1426783054 | startTime:2015-03-19 16:37:39

2015-03-19T16:37:39Z
1

2015-03-19T16:37:40Z
ResponseParameter:  billNo: gXa3u1426783054 | endTime:2015-03-19 16:37:40

2015-03-19T16:37:40Z
<?xml version="1.0" encoding="UTF-8"?>
<RESPONSE>
  <VERS>0600</VERS>
  <MODE>U</MODE>
  <TRAN>3Y9S0LK4YDWC</TRAN>
  <MERC>680000</MERC>
  <SESS>gXa3u1426783054</SESS>
  <RULES_TRIGGERED>0</RULES_TRIGGERED>
  <COUNTERS_TRIGGERED>0</COUNTERS_TRIGGERED>
  <REASON_CODE></REASON_CODE>
  <MASTERCARD></MASTERCARD>
  <WARNING_COUNT>0</WARNING_COUNT>
</RESPONSE>

2015-03-19T17:07:19Z
RequestParameter:  billNo: NOxW31426784833 | startTime:2015-03-19 17:07:19

2015-03-19T17:07:19Z
1

2015-03-19T17:07:20Z
ResponseParameter:  billNo: NOxW31426784833 | endTime:2015-03-19 17:07:20

2015-03-19T17:07:20Z
<?xml version="1.0" encoding="UTF-8"?>
<RESPONSE>
  <VERS>0600</VERS>
  <MODE>U</MODE>
  <TRAN>3Y9V05373P5S</TRAN>
  <MERC>680000</MERC>
  <SESS>NOxW31426784833</SESS>
  <RULES_TRIGGERED>0</RULES_TRIGGERED>
  <COUNTERS_TRIGGERED>0</COUNTERS_TRIGGERED>
  <REASON_CODE></REASON_CODE>
  <MASTERCARD></MASTERCARD>
  <WARNING_COUNT>0</WARNING_COUNT>
</RESPONSE>

2015-03-19T17:07:36Z
RequestParameter:  billNo: hB1Gy1426784850 | startTime:2015-03-19 17:07:36

2015-03-19T17:07:36Z
1

2015-03-19T17:07:37Z
ResponseParameter:  billNo: hB1Gy1426784850 | endTime:2015-03-19 17:07:37

2015-03-19T17:07:37Z
<?xml version="1.0" encoding="UTF-8"?>
<RESPONSE>
  <VERS>0600</VERS>
  <MODE>U</MODE>
  <TRAN>3Y9V04M08GSZ</TRAN>
  <MERC>680000</MERC>
  <SESS>hB1Gy1426784850</SESS>
  <RULES_TRIGGERED>0</RULES_TRIGGERED>
  <COUNTERS_TRIGGERED>0</COUNTERS_TRIGGERED>
  <REASON_CODE></REASON_CODE>
  <MASTERCARD></MASTERCARD>
  <WARNING_COUNT>0</WARNING_COUNT>
</RESPONSE>

