2015-07-06T08:48:09Z
RequestParameter:  billNo: M65np1435659116

2015-07-06T08:48:09Z
https://www.pesopay.com/b2c2/eng/merchant/api/orderApi.jsp?merchantId=18139939&loginId=Allianzmetro1&password=xe4WcGL7NVdRAQk&actionType=OnlineRefund&payRef=7394975&amount=250

2015-07-06T08:48:13Z
ResponseParameter:  billNo: M65np1435659116

2015-07-06T08:48:13Z
resultCode=0&orderStatus=&ref=&payRef=&amt=&cur=&errMsg=Online Refund Success...





2015-07-06T08:50:42Z
RequestParameter:  billNo: f3WxI1433258796

2015-07-06T08:50:42Z
https://www.pesopay.com/b2c2/eng/merchant/api/orderApi.jsp?merchantId=18139939&loginId=Allianzmetro1&password=xe4WcGL7NVdRAQk&actionType=OnlineRefund&payRef=7137616&amount=300

2015-07-06T08:50:46Z
ResponseParameter:  billNo: f3WxI1433258796

2015-07-06T08:50:46Z
resultCode=0&orderStatus=&ref=&payRef=&amt=&cur=&errMsg=Online Refund Success...





2015-07-06T08:59:08Z
RequestParameter:  billNo: bill635713364068888277

2015-07-06T08:59:08Z
https://www.pesopay.com/b2c2/eng/merchant/api/orderApi.jsp?merchantId=18139954&loginId=AllianzMetro1&password=Kaft5mNDjsks29d&actionType=OnlineRefund&payRef=7405363&amount=200

2015-07-06T08:59:11Z
ResponseParameter:  billNo: bill635713364068888277

2015-07-06T08:59:11Z
resultCode=0&orderStatus=&ref=&payRef=&amt=&cur=&errMsg=Online Refund Success...





2015-07-06T15:55:26Z
RequestParameter:  billNo: 87ecd0ea3f3e4e81a8b6284b6953b94e

2015-07-06T15:55:26Z
https://www.pesopay.com/b2c2/eng/merchant/api/orderApi.jsp?merchantId=18139954&loginId=AllianzMetro1&password=Kaft5mNDjsks29d&actionType=Void&payRef=7445387&amount=200

2015-07-06T15:55:26Z
ResponseParameter:  billNo: 87ecd0ea3f3e4e81a8b6284b6953b94e

2015-07-06T15:55:26Z
resultCode=-1&orderStatus=&ref=&payRef=&amt=&cur=&errMsg=Void failed! The order status must be 'Accepted' and not yet settled in order to void it.





2015-07-06T15:56:19Z
RequestParameter:  billNo: 87ecd0ea3f3e4e81a8b6284b6953b94e

2015-07-06T15:56:19Z
https://www.pesopay.com/b2c2/eng/merchant/api/orderApi.jsp?merchantId=18139954&loginId=AllianzMetro1&password=Kaft5mNDjsks29d&actionType=Void&payRef=7445387&amount=200

2015-07-06T15:56:20Z
ResponseParameter:  billNo: 87ecd0ea3f3e4e81a8b6284b6953b94e

2015-07-06T15:56:20Z
resultCode=-1&orderStatus=&ref=&payRef=&amt=&cur=&errMsg=Void failed! The order status must be 'Accepted' and not yet settled in order to void it.





