2015-07-07T01:10:38Z
RequestParameter:  billNo: 72b9d402c3b64de88cd78a592ac84e79

2015-07-07T01:10:38Z
https://www.pesopay.com/b2c2/eng/merchant/api/orderApi.jsp?merchantId=18139954&loginId=AllianzMetro1&password=Kaft5mNDjsks29d&actionType=OnlineRefund&payRef=7446399&amount=200

2015-07-07T01:10:41Z
ResponseParameter:  billNo: 72b9d402c3b64de88cd78a592ac84e79

2015-07-07T01:10:41Z
resultCode=-1&orderStatus=&ref=&payRef=&amt=&cur=&errMsg=Online refund fail..





2015-07-07T01:12:55Z
RequestParameter:  billNo: 87ecd0ea3f3e4e81a8b6284b6953b94e

2015-07-07T01:12:55Z
https://www.pesopay.com/b2c2/eng/merchant/api/orderApi.jsp?merchantId=18139954&loginId=AllianzMetro1&password=Kaft5mNDjsks29d&actionType=OnlineRefund&payRef=7445387&amount=200

2015-07-07T01:12:58Z
ResponseParameter:  billNo: 87ecd0ea3f3e4e81a8b6284b6953b94e

2015-07-07T01:12:58Z
resultCode=0&orderStatus=&ref=&payRef=&amt=&cur=&errMsg=Online Refund Success...





2015-07-07T01:14:55Z
RequestParameter:  billNo: 72b9d402c3b64de88cd78a592ac84e79

2015-07-07T01:14:55Z
https://www.pesopay.com/b2c2/eng/merchant/api/orderApi.jsp?merchantId=18139954&loginId=AllianzMetro1&password=Kaft5mNDjsks29d&actionType=OnlineRefund&payRef=7446399&amount=200

2015-07-07T01:14:56Z
ResponseParameter:  billNo: 72b9d402c3b64de88cd78a592ac84e79

2015-07-07T01:14:56Z
resultCode=-1&orderStatus=&ref=&payRef=&amt=&cur=&errMsg=Online refund fail..





2015-07-07T04:00:09Z
RequestParameter:  billNo: 72b9d402c3b64de88cd78a592ac84e79

2015-07-07T04:00:09Z
https://www.pesopay.com/b2c2/eng/merchant/api/orderApi.jsp?merchantId=18139954&loginId=AllianzMetro1&password=Kaft5mNDjsks29d&actionType=OnlineRefund&payRef=7446399&amount=200

2015-07-07T04:00:11Z
ResponseParameter:  billNo: 72b9d402c3b64de88cd78a592ac84e79

2015-07-07T04:00:11Z
resultCode=-1&orderStatus=&ref=&payRef=&amt=&cur=&errMsg=Online refund fail..





2015-07-07T04:09:49Z
RequestParameter:  billNo: 72b9d402c3b64de88cd78a592ac84e79

2015-07-07T04:09:49Z
https://www.pesopay.com/b2c2/eng/merchant/api/orderApi.jsp?merchantId=18139954&loginId=AllianzMetro1&password=Kaft5mNDjsks29d&actionType=OnlineRefund&payRef=7446399&amount=200

2015-07-07T04:09:50Z
ResponseParameter:  billNo: 72b9d402c3b64de88cd78a592ac84e79

2015-07-07T04:09:50Z
resultCode=-1&orderStatus=&ref=&payRef=&amt=&cur=&errMsg=Online refund fail..





2015-07-07T06:07:21Z
RequestParameter:  billNo: 72b9d402c3b64de88cd78a592ac84e79

2015-07-07T06:07:21Z
https://www.pesopay.com/b2c2/eng/merchant/api/orderApi.jsp?merchantId=18139954&loginId=AllianzMetro1&password=Kaft5mNDjsks29d&actionType=OnlineRefund&payRef=7446399&amount=200

2015-07-07T06:07:22Z
ResponseParameter:  billNo: 72b9d402c3b64de88cd78a592ac84e79

2015-07-07T06:07:22Z
resultCode=-1&orderStatus=&ref=&payRef=&amt=&cur=&errMsg=Online refund fail..





