2015-06-01T09:38:07Z
RequestParameter:  billNo: ffe6d8fcbf0f4fd0b61339354379c671

2015-06-01T09:38:07Z
https://www.pesopay.com/b2c2/eng/merchant/api/orderApi.jsp?merchantId=18139954&loginId=AllianzMetro1&password=Kaft5mNDjsks29d&actionType=OnlineRefund&payRef=7080663&amount=200

2015-06-01T09:38:09Z
ResponseParameter:  billNo: ffe6d8fcbf0f4fd0b61339354379c671

2015-06-01T09:38:09Z
resultCode=0&orderStatus=&ref=&payRef=&amt=&cur=&errMsg=Online Refund Success...





2015-06-01T10:13:38Z
RequestParameter:  billNo: 1430657280564

2015-06-01T10:13:38Z
https://www.pesopay.com/b2c2/eng/merchant/api/orderApi.jsp?merchantId=18139939&loginId=Allianzmetro1&password=xe4WcGL7NVdRAQk&actionType=OnlineRefund&payRef=6911938&amount=1000

2015-06-01T10:13:41Z
ResponseParameter:  billNo: 1430657280564

2015-06-01T10:13:41Z
resultCode=0&orderStatus=&ref=&payRef=&amt=&cur=&errMsg=Online Refund Success...





2015-06-01T11:32:19Z
RequestParameter:  billNo: 1430157326838

2015-06-01T11:32:19Z
https://www.pesopay.com/b2c2/eng/merchant/api/orderApi.jsp?merchantId=18139939&loginId=Allianzmetro1&password=xe4WcGL7NVdRAQk&actionType=OnlineRefund&payRef=6867636&amount=700

2015-06-01T11:32:22Z
ResponseParameter:  billNo: 1430157326838

2015-06-01T11:32:22Z
resultCode=0&orderStatus=&ref=&payRef=&amt=&cur=&errMsg=Online Refund Success...





2015-06-01T13:15:23Z
RequestParameter:  billNo: MUD5x1432640849

2015-06-01T13:15:23Z
https://www.pesopay.com/b2c2/eng/merchant/api/orderApi.jsp?merchantId=18139954&loginId=AllianzMetro1&password=Kaft5mNDjsks29d&actionType=OnlineRefund&payRef=7074888&amount=300

2015-06-01T13:15:27Z
ResponseParameter:  billNo: MUD5x1432640849

2015-06-01T13:15:27Z
resultCode=0&orderStatus=&ref=&payRef=&amt=&cur=&errMsg=Online Refund Success...





2015-06-01T15:33:56Z
RequestParameter:  billNo: 7mZRJ1432275936

2015-06-01T15:33:56Z
https://www.pesopay.com/b2c2/eng/merchant/api/orderApi.jsp?merchantId=18139939&loginId=Allianzmetro1&password=xe4WcGL7NVdRAQk&actionType=OnlineRefund&payRef=7044279&amount=500

2015-06-01T15:33:59Z
ResponseParameter:  billNo: 7mZRJ1432275936

2015-06-01T15:33:59Z
resultCode=0&orderStatus=&ref=&payRef=&amt=&cur=&errMsg=Online Refund Success...





