2015-08-27T12:10:51Z
RequestParameter:  billNo: bill635762741008758544 | startTime:2015-08-27 12:10:51

2015-08-27T12:10:51Z
https://www.pesopay.com/b2c2/eng/directPay/payComp.jsp?payType=N&merchantId=18139954&pMethod=Master&lang=E&cardHolder=Thierry%20Wellecam&cardNo=5************865&securityCode=***&epMonth=3&epYear=2017&amount=175&currCode=978&orderRef=bill635762741008758544&remark=

2015-08-27T12:10:56Z
ResponseParameter:  billNo: bill635762741008758544 | endTime:2015-08-27 12:10:56

2015-08-27T12:10:56Z
successcode=1&Ref=bill635762741008758544&PayRef=7855198&Amt=175.0&Cur=978&prc=1&src=7&Ord=&Holder=Thierry Wellecam&AuthId=&TxTime=2015-08-27 20:10:59.0&errMsg=Transaction failed







2015-08-27T12:17:14Z
RequestParameter:  billNo: 825ec387cb1c487aaa6b2688df82475f | startTime:2015-08-27 12:17:14

2015-08-27T12:17:14Z
https://www.pesopay.com/b2c2/eng/directPay/payComp.jsp?payType=N&merchantId=18139939&pMethod=VISA&lang=E&cardHolder=zhaksylyk%20meirbekov&cardNo=4************380&securityCode=***&epMonth=09&epYear=2016&amount=190&currCode=840&orderRef=825ec387cb1c487aaa6b2688df82475f&remark=

2015-08-27T12:17:16Z
ResponseParameter:  billNo: 825ec387cb1c487aaa6b2688df82475f | endTime:2015-08-27 12:17:16

2015-08-27T12:17:16Z
successcode=1&Ref=825ec387cb1c487aaa6b2688df82475f&PayRef=7855213&Amt=190.0&Cur=840&prc=1&src=7&Ord=&Holder=zhaksylyk meirbekov&AuthId=&TxTime=2015-08-27 20:17:19.0&errMsg=Transaction failed







2015-08-27T12:18:04Z
RequestParameter:  billNo: c714bb949b074b3d9aeb5934a4ab9528 | startTime:2015-08-27 12:18:04

2015-08-27T12:18:04Z
https://www.pesopay.com/b2c2/eng/directPay/payComp.jsp?payType=N&merchantId=18139939&pMethod=VISA&lang=E&cardHolder=zhaksylyk%20meirbekov&cardNo=4************380&securityCode=***&epMonth=09&epYear=2016&amount=190&currCode=840&orderRef=c714bb949b074b3d9aeb5934a4ab9528&remark=

2015-08-27T12:18:07Z
ResponseParameter:  billNo: c714bb949b074b3d9aeb5934a4ab9528 | endTime:2015-08-27 12:18:07

2015-08-27T12:18:07Z
successcode=1&Ref=c714bb949b074b3d9aeb5934a4ab9528&PayRef=7855216&Amt=190.0&Cur=840&prc=1&src=7&Ord=&Holder=zhaksylyk meirbekov&AuthId=&TxTime=2015-08-27 20:18:09.0&errMsg=Transaction failed







2015-08-27T15:26:11Z
RequestParameter:  billNo: gFyMn1440689168 | startTime:2015-08-27 15:26:11

2015-08-27T15:26:11Z
https://www.pesopay.com/b2c2/eng/directPay/payComp.jsp?payType=N&merchantId=18139939&pMethod=VISA&lang=E&cardHolder=pheello%20%20moseme&cardNo=4************782&securityCode=***&epMonth=11&epYear=2016&amount=100&currCode=840&orderRef=gFyMn1440689168&remark=ALFA%20529391

2015-08-27T15:26:14Z
ResponseParameter:  billNo: gFyMn1440689168 | endTime:2015-08-27 15:26:14

2015-08-27T15:26:14Z
successcode=1&Ref=gFyMn1440689168&PayRef=7855905&Amt=100.0&Cur=840&prc=1&src=7&Ord=&Holder=pheello  moseme&AuthId=&TxTime=2015-08-27 23:26:16.0&errMsg=Transaction failed







