2015-05-09T15:22:48Z
RequestParameter:  billNo: hgbhkaaaad | startTime:2015-05-09 15:22:48

2015-05-09T15:22:48Z
https://www.pesopay.com/b2c2/eng/directPay/payComp.jsp?payType=N&merchantId=18139954&pMethod=VISA&lang=E&cardHolder=Alexandre%20Valembois&cardNo=4************164&securityCode=***&epMonth=01&epYear=2016&amount=210&currCode=978&orderRef=hgbhkaaaad&remark=

2015-05-09T15:22:53Z
ResponseParameter:  billNo: hgbhkaaaad | endTime:2015-05-09 15:22:53

2015-05-09T15:22:53Z
successcode=1&Ref=hgbhkaaaad&PayRef=6954819&Amt=210.0&Cur=978&prc=1&src=551&Ord=513001653219&Holder=Alexandre Valembois&AuthId=&TxTime=2015-05-09 23:22:58.0&errMsg=Transaction failed







2015-05-09T15:24:54Z
RequestParameter:  billNo: kaafbedfbe | startTime:2015-05-09 15:24:54

2015-05-09T15:24:54Z
https://www.pesopay.com/b2c2/eng/directPay/payComp.jsp?payType=N&merchantId=18139954&pMethod=VISA&lang=E&cardHolder=Alexandre%20Valembois&cardNo=4************164&securityCode=***&epMonth=01&epYear=2016&amount=200&currCode=978&orderRef=kaafbedfbe&remark=

2015-05-09T15:24:57Z
ResponseParameter:  billNo: kaafbedfbe | endTime:2015-05-09 15:24:57

2015-05-09T15:24:57Z
successcode=1&Ref=kaafbedfbe&PayRef=6954822&Amt=200.0&Cur=978&prc=1&src=551&Ord=513001653225&Holder=Alexandre Valembois&AuthId=&TxTime=2015-05-09 23:25:03.0&errMsg=Transaction failed







2015-05-09T15:25:28Z
RequestParameter:  billNo: jaahahgeec | startTime:2015-05-09 15:25:28

2015-05-09T15:25:28Z
https://www.pesopay.com/b2c2/eng/directPay/payComp.jsp?payType=N&merchantId=18139954&pMethod=VISA&lang=E&cardHolder=Alexandre%20Valembois&cardNo=4************164&securityCode=***&epMonth=01&epYear=2016&amount=150&currCode=978&orderRef=jaahahgeec&remark=

2015-05-09T15:25:31Z
ResponseParameter:  billNo: jaahahgeec | endTime:2015-05-09 15:25:31

2015-05-09T15:25:31Z
successcode=0&Ref=jaahahgeec&PayRef=6954824&Amt=150.0&Cur=978&prc=0&src=0&Ord=513001653228&Holder=Alexandre Valembois&AuthId=046280&TxTime=2015-05-09 23:25:36.0&errMsg=Transaction completed







2015-05-09T15:28:54Z
RequestParameter:  billNo: ifcjjgifih | startTime:2015-05-09 15:28:54

2015-05-09T15:28:54Z
https://www.pesopay.com/b2c2/eng/directPay/payComp.jsp?payType=N&merchantId=18139954&pMethod=VISA&lang=E&cardHolder=Alexandre%20Valembois&cardNo=4************164&securityCode=***&epMonth=01&epYear=2015&amount=30&currCode=978&orderRef=ifcjjgifih&remark=

2015-05-09T15:28:57Z
ResponseParameter:  billNo: ifcjjgifih | endTime:2015-05-09 15:28:57

2015-05-09T15:28:57Z
successcode=1&Ref=ifcjjgifih&PayRef=6954830&Amt=30.0&Cur=978&prc=1&src=454&Ord=513001653240&Holder=Alexandre Valembois&AuthId=&TxTime=2015-05-09 23:29:03.0&errMsg=Transaction failed







2015-05-09T15:29:14Z
RequestParameter:  billNo: hffeiiggfd | startTime:2015-05-09 15:29:14

2015-05-09T15:29:14Z
https://www.pesopay.com/b2c2/eng/directPay/payComp.jsp?payType=N&merchantId=18139954&pMethod=VISA&lang=E&cardHolder=Alexandre%20Valembois&cardNo=4************164&securityCode=***&epMonth=01&epYear=2016&amount=30&currCode=978&orderRef=hffeiiggfd&remark=

2015-05-09T15:29:17Z
ResponseParameter:  billNo: hffeiiggfd | endTime:2015-05-09 15:29:17

2015-05-09T15:29:17Z
successcode=0&Ref=hffeiiggfd&PayRef=6954831&Amt=30.0&Cur=978&prc=0&src=0&Ord=513001653241&Holder=Alexandre Valembois&AuthId=045362&TxTime=2015-05-09 23:29:23.0&errMsg=Transaction completed







