2015-10-15T11:53:10Z
RequestParameter:  billNo: QC6BU1444909975 | startTime:2015-10-15 11:53:10

2015-10-15T11:53:10Z
Array
(
    [MODE] => U
    [FRMT] => XML
    [VERS] => 0630
    [MERC] => 680000
    [SESS] => QC6BU1444909975
    [TRAN] => 318K0L00VV55
    [AUTH] => D
    [MACK] => Y
)


2015-10-15T11:53:11Z
ResponseParameter:  billNo: QC6BU1444909975 | endTime:2015-10-15 11:53:11

2015-10-15T11:53:11Z
<?xml version="1.0" encoding="UTF-8"?>
<RESPONSE>
  <VERS>0630</VERS>
  <MODE>U</MODE>
  <TRAN>318K0L00VV55</TRAN>
  <MERC>680000</MERC>
  <SESS>QC6BU1444909975</SESS>
  <RULES_TRIGGERED>0</RULES_TRIGGERED>
  <COUNTERS_TRIGGERED>0</COUNTERS_TRIGGERED>
  <REASON_CODE></REASON_CODE>
  <MASTERCARD></MASTERCARD>
  <WARNING_COUNT>0</WARNING_COUNT>
</RESPONSE>

2015-10-15T12:05:38Z
RequestParameter:  billNo: XRHub1444910734 | startTime:2015-10-15 12:05:38

2015-10-15T12:05:38Z
Array
(
    [MODE] => U
    [FRMT] => XML
    [VERS] => 0630
    [MERC] => 680000
    [SESS] => XRHub1444910734
    [TRAN] => 318N090DKT6J
    [AUTH] => D
    [MACK] => Y
)


2015-10-15T12:05:39Z
ResponseParameter:  billNo: XRHub1444910734 | endTime:2015-10-15 12:05:39

2015-10-15T12:05:39Z
<?xml version="1.0" encoding="UTF-8"?>
<RESPONSE>
  <VERS>0630</VERS>
  <MODE>U</MODE>
  <TRAN>318N090DKT6J</TRAN>
  <MERC>680000</MERC>
  <SESS>XRHub1444910734</SESS>
  <RULES_TRIGGERED>0</RULES_TRIGGERED>
  <COUNTERS_TRIGGERED>0</COUNTERS_TRIGGERED>
  <REASON_CODE></REASON_CODE>
  <MASTERCARD></MASTERCARD>
  <WARNING_COUNT>0</WARNING_COUNT>
</RESPONSE>

2015-10-15T12:06:10Z
RequestParameter:  billNo: 9F7UW1444910766 | startTime:2015-10-15 12:06:10

2015-10-15T12:06:10Z
Array
(
    [MODE] => U
    [FRMT] => XML
    [VERS] => 0630
    [MERC] => 680000
    [SESS] => 9F7UW1444910766
    [TRAN] => 318N00NY7TQP
    [AUTH] => D
    [MACK] => Y
)


2015-10-15T12:06:11Z
ResponseParameter:  billNo: 9F7UW1444910766 | endTime:2015-10-15 12:06:11

2015-10-15T12:06:11Z
<?xml version="1.0" encoding="UTF-8"?>
<RESPONSE>
  <VERS>0630</VERS>
  <MODE>U</MODE>
  <TRAN>318N00NY7TQP</TRAN>
  <MERC>680000</MERC>
  <SESS>9F7UW1444910766</SESS>
  <RULES_TRIGGERED>0</RULES_TRIGGERED>
  <COUNTERS_TRIGGERED>0</COUNTERS_TRIGGERED>
  <REASON_CODE></REASON_CODE>
  <MASTERCARD></MASTERCARD>
  <WARNING_COUNT>0</WARNING_COUNT>
</RESPONSE>

2015-10-15T12:07:47Z
RequestParameter:  billNo: BwvlC1444910863 | startTime:2015-10-15 12:07:47

2015-10-15T12:07:47Z
Array
(
    [MODE] => U
    [FRMT] => XML
    [VERS] => 0630
    [MERC] => 680000
    [SESS] => BwvlC1444910863
    [TRAN] => 318N004RNBKY
    [AUTH] => D
    [MACK] => Y
)


2015-10-15T12:07:48Z
ResponseParameter:  billNo: BwvlC1444910863 | endTime:2015-10-15 12:07:48

2015-10-15T12:07:48Z
<?xml version="1.0" encoding="UTF-8"?>
<RESPONSE>
  <VERS>0630</VERS>
  <MODE>U</MODE>
  <TRAN>318N004RNBKY</TRAN>
  <MERC>680000</MERC>
  <SESS>BwvlC1444910863</SESS>
  <RULES_TRIGGERED>0</RULES_TRIGGERED>
  <COUNTERS_TRIGGERED>0</COUNTERS_TRIGGERED>
  <REASON_CODE></REASON_CODE>
  <MASTERCARD></MASTERCARD>
  <WARNING_COUNT>0</WARNING_COUNT>
</RESPONSE>

2015-10-15T12:33:02Z
RequestParameter:  billNo: 4Ucrb1444912378 | startTime:2015-10-15 12:33:02

2015-10-15T12:33:02Z
Array
(
    [MODE] => U
    [FRMT] => XML
    [VERS] => 0630
    [MERC] => 680000
    [SESS] => 4Ucrb1444912378
    [TRAN] => 318N04LKQSQQ
    [AUTH] => D
    [MACK] => Y
)


2015-10-15T12:33:03Z
ResponseParameter:  billNo: 4Ucrb1444912378 | endTime:2015-10-15 12:33:03

2015-10-15T12:33:03Z
<?xml version="1.0" encoding="UTF-8"?>
<RESPONSE>
  <VERS>0630</VERS>
  <MODE>U</MODE>
  <TRAN>318N04LKQSQQ</TRAN>
  <MERC>680000</MERC>
  <SESS>4Ucrb1444912378</SESS>
  <RULES_TRIGGERED>0</RULES_TRIGGERED>
  <COUNTERS_TRIGGERED>0</COUNTERS_TRIGGERED>
  <REASON_CODE></REASON_CODE>
  <MASTERCARD></MASTERCARD>
  <WARNING_COUNT>0</WARNING_COUNT>
</RESPONSE>

2015-10-15T12:35:22Z
RequestParameter:  billNo: u7Y1Q1444912513 | startTime:2015-10-15 12:35:22

2015-10-15T12:35:22Z
Array
(
    [MODE] => U
    [FRMT] => XML
    [VERS] => 0630
    [MERC] => 680000
    [SESS] => u7Y1Q1444912513
    [TRAN] => 318N01Q1XVB4
    [AUTH] => D
    [MACK] => Y
)


2015-10-15T12:35:23Z
ResponseParameter:  billNo: u7Y1Q1444912513 | endTime:2015-10-15 12:35:23

2015-10-15T12:35:23Z
<?xml version="1.0" encoding="UTF-8"?>
<RESPONSE>
  <VERS>0630</VERS>
  <MODE>U</MODE>
  <TRAN>318N01Q1XVB4</TRAN>
  <MERC>680000</MERC>
  <SESS>u7Y1Q1444912513</SESS>
  <RULES_TRIGGERED>0</RULES_TRIGGERED>
  <COUNTERS_TRIGGERED>0</COUNTERS_TRIGGERED>
  <REASON_CODE></REASON_CODE>
  <MASTERCARD></MASTERCARD>
  <WARNING_COUNT>0</WARNING_COUNT>
</RESPONSE>

2015-10-15T13:29:18Z
RequestParameter:  billNo: 8UizX1444915754 | startTime:2015-10-15 13:29:18

2015-10-15T13:29:18Z
Array
(
    [MODE] => U
    [FRMT] => XML
    [VERS] => 0630
    [MERC] => 680000
    [SESS] => 8UizX1444915754
    [TRAN] => 318J0KKXN2M1
    [AUTH] => D
    [MACK] => Y
)


2015-10-15T13:29:19Z
ResponseParameter:  billNo: 8UizX1444915754 | endTime:2015-10-15 13:29:19

2015-10-15T13:29:19Z
<?xml version="1.0" encoding="UTF-8"?>
<RESPONSE>
  <VERS>0630</VERS>
  <MODE>U</MODE>
  <TRAN>318J0KKXN2M1</TRAN>
  <MERC>680000</MERC>
  <SESS>8UizX1444915754</SESS>
  <RULES_TRIGGERED>0</RULES_TRIGGERED>
  <COUNTERS_TRIGGERED>0</COUNTERS_TRIGGERED>
  <REASON_CODE></REASON_CODE>
  <MASTERCARD></MASTERCARD>
  <WARNING_COUNT>0</WARNING_COUNT>
</RESPONSE>

2015-10-15T13:59:09Z
RequestParameter:  billNo: nYPIo1444917545 | startTime:2015-10-15 13:59:09

2015-10-15T13:59:09Z
Array
(
    [MODE] => U
    [FRMT] => XML
    [VERS] => 0630
    [MERC] => 680000
    [SESS] => nYPIo1444917545
    [TRAN] => 318J0LK744TY
    [AUTH] => D
    [MACK] => Y
)


2015-10-15T13:59:10Z
ResponseParameter:  billNo: nYPIo1444917545 | endTime:2015-10-15 13:59:10

2015-10-15T13:59:10Z
<?xml version="1.0" encoding="UTF-8"?>
<RESPONSE>
  <VERS>0630</VERS>
  <MODE>U</MODE>
  <TRAN>318J0LK744TY</TRAN>
  <MERC>680000</MERC>
  <SESS>nYPIo1444917545</SESS>
  <RULES_TRIGGERED>0</RULES_TRIGGERED>
  <COUNTERS_TRIGGERED>0</COUNTERS_TRIGGERED>
  <REASON_CODE></REASON_CODE>
  <MASTERCARD></MASTERCARD>
  <WARNING_COUNT>0</WARNING_COUNT>
</RESPONSE>

2015-10-15T15:04:31Z
RequestParameter:  billNo: TQvgU1444921462 | startTime:2015-10-15 15:04:31

2015-10-15T15:04:31Z
Array
(
    [MODE] => U
    [FRMT] => XML
    [VERS] => 0630
    [MERC] => 680000
    [SESS] => TQvgU1444921462
    [TRAN] => 318G0XRRZZXQ
    [AUTH] => D
    [MACK] => Y
)


2015-10-15T15:04:32Z
ResponseParameter:  billNo: TQvgU1444921462 | endTime:2015-10-15 15:04:32

2015-10-15T15:04:32Z
<?xml version="1.0" encoding="UTF-8"?>
<RESPONSE>
  <VERS>0630</VERS>
  <MODE>U</MODE>
  <TRAN>318G0XRRZZXQ</TRAN>
  <MERC>680000</MERC>
  <SESS>TQvgU1444921462</SESS>
  <RULES_TRIGGERED>0</RULES_TRIGGERED>
  <COUNTERS_TRIGGERED>0</COUNTERS_TRIGGERED>
  <REASON_CODE></REASON_CODE>
  <MASTERCARD></MASTERCARD>
  <WARNING_COUNT>0</WARNING_COUNT>
</RESPONSE>

