2015-05-25T09:21:49Z


2015-05-25T09:21:49Z
RequestParameter:  billNo: 1429693509-12911 | startTime:2015-05-25 09:21:49

2015-05-25T09:21:49Z
Array
(
    [reason[3HWT0RR3YDK2]] => R1
    [note[3HWT0RR3YDK2]] => *remarks: [] *psi method [refundapi] *trigger: [transaction refund]
)


2015-05-25T09:21:49Z
REFUND

2015-05-25T09:21:49Z
ResponseParameter:  billNo: 1429693509-12911 | endTime:2015-05-25 09:21:49

2015-05-25T09:21:49Z


2015-05-25T09:24:16Z


2015-05-25T09:24:16Z
RequestParameter:  billNo: 1430130065-12911 | startTime:2015-05-25 09:24:16

2015-05-25T09:24:16Z
Array
(
    [reason[3HCM06TLRNTT]] => R1
    [note[3HCM06TLRNTT]] => *remarks: [] *psi method [refundapi] *trigger: [transaction refund]
)


2015-05-25T09:24:16Z
REFUND

2015-05-25T09:24:16Z
ResponseParameter:  billNo: 1430130065-12911 | endTime:2015-05-25 09:24:16

2015-05-25T09:24:16Z


