2015-07-18T07:44:37Z
RequestParameter:  billNo: 3231-7686_3874 | startTime:2015-07-18 07:44:37

2015-07-18T07:44:37Z
https://www.pesopay.com/b2c2/eng/directPay/payComp.jsp?payType=N&merchantId=18139954&pMethod=VISA&lang=E&cardHolder=Illiam%20GIOMIS&cardNo=4************022&securityCode=***&epMonth=12&epYear=2017&amount=10&currCode=978&orderRef=3231-7686_3874&remark=

2015-07-18T07:44:39Z
ResponseParameter:  billNo: 3231-7686_3874 | endTime:2015-07-18 07:44:39

2015-07-18T07:44:39Z
successcode=1&Ref=3231-7686_3874&PayRef=7535197&Amt=10.0&Cur=978&prc=-8&src=2017&Ord=&Holder=Illiam GIOMIS&AuthId=&TxTime=2015-07-18 15:44:54.0&errMsg=Transaction failed







2015-07-18T07:47:08Z
RequestParameter:  billNo: 4353-1464_1107 | startTime:2015-07-18 07:47:08

2015-07-18T07:47:08Z
https://www.pesopay.com/b2c2/eng/directPay/payComp.jsp?payType=N&merchantId=18139954&pMethod=VISA&lang=E&cardHolder=Illiam%20GIOMIS&cardNo=4************022&securityCode=***&epMonth=12&epYear=2017&amount=10&currCode=978&orderRef=4353-1464_1107&remark=

2015-07-18T07:47:09Z
ResponseParameter:  billNo: 4353-1464_1107 | endTime:2015-07-18 07:47:09

2015-07-18T07:47:09Z
successcode=1&Ref=4353-1464_1107&PayRef=7535211&Amt=10.0&Cur=978&prc=-8&src=2017&Ord=&Holder=Illiam GIOMIS&AuthId=&TxTime=2015-07-18 15:47:23.0&errMsg=Transaction failed







2015-07-18T07:47:14Z
RequestParameter:  billNo: 993-7093_21 | startTime:2015-07-18 07:47:14

2015-07-18T07:47:14Z
https://www.pesopay.com/b2c2/eng/directPay/payComp.jsp?payType=N&merchantId=18139954&pMethod=VISA&lang=E&cardHolder=Illiam%20GIOMIS&cardNo=4************022&securityCode=***&epMonth=12&epYear=2017&amount=10&currCode=978&orderRef=993-7093_21&remark=

2015-07-18T07:47:15Z
ResponseParameter:  billNo: 993-7093_21 | endTime:2015-07-18 07:47:15

2015-07-18T07:47:15Z
successcode=1&Ref=993-7093_21&PayRef=7535213&Amt=10.0&Cur=978&prc=-8&src=2017&Ord=&Holder=Illiam GIOMIS&AuthId=&TxTime=2015-07-18 15:47:29.0&errMsg=Transaction failed







2015-07-18T07:52:03Z
RequestParameter:  billNo: 8437-3726_9904 | startTime:2015-07-18 07:52:03

2015-07-18T07:52:03Z
https://www.pesopay.com/b2c2/eng/directPay/payComp.jsp?payType=N&merchantId=18139954&pMethod=VISA&lang=E&cardHolder=Illiam%20GIOMIS&cardNo=4************359&securityCode=***&epMonth=02&epYear=2017&amount=10&currCode=978&orderRef=8437-3726_9904&remark=

2015-07-18T07:52:08Z
ResponseParameter:  billNo: 8437-3726_9904 | endTime:2015-07-18 07:52:08

2015-07-18T07:52:08Z
successcode=0&Ref=8437-3726_9904&PayRef=7535250&Amt=10.0&Cur=978&prc=0&src=0&Ord=519917454600&Holder=Illiam GIOMIS&AuthId=248563&TxTime=2015-07-18 15:52:19.0&errMsg=Transaction completed







2015-07-18T20:45:31Z
RequestParameter:  billNo: 579856037 | startTime:2015-07-18 20:45:31

2015-07-18T20:45:31Z
https://www.pesopay.com/b2c2/eng/directPay/payComp.jsp?payType=N&merchantId=18139954&pMethod=Master&lang=E&cardHolder=patrice%20boraschi&cardNo=5************242&securityCode=***&epMonth=03&epYear=2018&amount=27&currCode=978&orderRef=579856037&remark=Binary%20Trade

2015-07-18T20:45:35Z
ResponseParameter:  billNo: 579856037 | endTime:2015-07-18 20:45:35

2015-07-18T20:45:35Z
successcode=1&Ref=579856037&PayRef=7540338&Amt=27.0&Cur=978&prc=1&src=551&Ord=520006460091&Holder=patrice boraschi&AuthId=&TxTime=2015-07-19 04:45:48.0&errMsg=Transaction failed







2015-07-18T21:07:48Z
RequestParameter:  billNo: 292169293 | startTime:2015-07-18 21:07:48

2015-07-18T21:07:48Z
https://www.pesopay.com/b2c2/eng/directPay/payComp.jsp?payType=N&merchantId=18139954&pMethod=Master&lang=E&cardHolder=patrice%20boraschi&cardNo=5************242&securityCode=***&epMonth=03&epYear=2018&amount=25&currCode=978&orderRef=292169293&remark=Binary%20Trade

2015-07-18T21:07:57Z
ResponseParameter:  billNo: 292169293 | endTime:2015-07-18 21:07:57

2015-07-18T21:07:57Z
successcode=0&Ref=292169293&PayRef=7540372&Amt=25.0&Cur=978&prc=0&src=0&Ord=520007460135&Holder=patrice boraschi&AuthId=731313&TxTime=2015-07-19 05:08:04.0&errMsg=Transaction completed







2015-07-18T21:08:00Z
RequestParameter:  billNo: 630805302 | startTime:2015-07-18 21:08:00

2015-07-18T21:08:00Z
https://www.pesopay.com/b2c2/eng/directPay/payComp.jsp?payType=N&merchantId=18139954&pMethod=Master&lang=E&cardHolder=patrice%20boraschi&cardNo=5************242&securityCode=***&epMonth=03&epYear=2018&amount=25&currCode=978&orderRef=630805302&remark=Binary%20Trade

2015-07-18T21:08:03Z
ResponseParameter:  billNo: 630805302 | endTime:2015-07-18 21:08:03

2015-07-18T21:08:03Z
successcode=1&Ref=630805302&PayRef=7540373&Amt=25.0&Cur=978&prc=1&src=551&Ord=520007460136&Holder=patrice boraschi&AuthId=&TxTime=2015-07-19 05:08:16.0&errMsg=Transaction failed







