2015-04-04T05:01:41Z
RequestParameter:  billNo: bd8502948bd24174917879102c4b9109 | startTime:2015-04-04 05:01:41

2015-04-04T05:01:41Z
Array
(
    [MODE] => Q
    [FRMT] => XML
    [VERS] => 0630
    [MERC] => 680000
    [UDF[CUSTOMER_IPAD]] => 176.146.78.66
    [SESS] => d1c9500f7df742fca1d62c869e753557
    [ORDR] => bd8502948bd24174917879102c4b9109
    [CURR] => EUR
    [PENC] => KHASH
    [PTYP] => CARD
    [PTOK] => 513268W9HBN3TD7H5YEN
    [IPAD] => 176.146.78.66
    [MACK] => Y
    [AUTH] => A
    [PROD_DESC[0]] => Binary Trade
    [PROD_TYPE[0]] => Binary Trade
    [PROD_ITEM[0]] => SKU-ANT-BinaryTrade
    [PROD_QUANT[0]] => 1
    [PROD_PRICE[0]] => 10000
    [TOTL] => 10000
    [SITE] => VERT001
    [UDF[MERCHANT_ID]] => 20001MERANTY
    [NAME] => Bernard FAUCHEUX
    [B2A1] => 44 Avenue Pierre Curie
    [B2CC] => FR
    [B2CI] => Saint Cyr L' Ecole
    [B2PC] => 78210
    [B2PN] => 0605003745
    [B2ST] => FR
    [S2A1] => 
    [S2CC] => 
    [S2CI] => 
    [S2EM] => 
    [S2NM] =>  
    [S2PC] => 
    [S2PN] => 
    [S2ST] => 
    [SHTP] => 
    [CASH] => 100
    [DOB] => 2000-12-31
    [GENDER] => M
    [EMAL] => bernard.faucheux@gmail.com
)


2015-04-04T05:01:42Z
ResponseParameter:  billNo: bd8502948bd24174917879102c4b9109 | endTime:2015-04-04 05:01:42

2015-04-04T05:01:42Z
<?xml version="1.0" encoding="UTF-8"?>
<RESPONSE>
  <VERS>0630</VERS>
  <MODE>Q</MODE>
  <TRAN>3Y180T1B4LW6</TRAN>
  <MERC>680000</MERC>
  <SESS>d1c9500f7df742fca1d62c869e753557</SESS>
  <ORDR>bd8502948bd24174917879102c4b9109</ORDR>
  <AUTO>A</AUTO>
  <SCOR>24</SCOR>
  <GEOX>FR</GEOX>
  <BRND>MSTR</BRND>
  <REGN>FR_A8</REGN>
  <NETW>N</NETW>
  <KAPT>Y</KAPT>
  <CARDS>1</CARDS>
  <DEVICES>1</DEVICES>
  <EMAILS>1</EMAILS>
  <VELO>0</VELO>
  <VMAX>0</VMAX>
  <SITE>VERT001</SITE>
  <DEVICE_LAYERS>C54384EA10.4EA9CD9A4A.CBFA250819.8354684CD2.0E93FD5E06</DEVICE_LAYERS>
  <FINGERPRINT>5E826B7E4FD6DBEAB7E035AA3E92D2E6</FINGERPRINT>
  <TIMEZONE>1320</TIMEZONE>
  <LOCALTIME>2015-04-04 07:01</LOCALTIME>
  <REGION>FR_A8</REGION>
  <COUNTRY>FR</COUNTRY>
  <PROXY>N</PROXY>
  <JAVASCRIPT>Y</JAVASCRIPT>
  <FLASH>Y</FLASH>
  <COOKIES>Y</COOKIES>
  <HTTP_COUNTRY>FR</HTTP_COUNTRY>
  <LANGUAGE>FR</LANGUAGE>
  <MOBILE_DEVICE>N</MOBILE_DEVICE>
  <MOBILE_TYPE></MOBILE_TYPE>
  <MOBILE_FORWARDER>N</MOBILE_FORWARDER>
  <VOICE_DEVICE>N</VOICE_DEVICE>
  <PC_REMOTE>N</PC_REMOTE>
  <RULES_TRIGGERED>1</RULES_TRIGGERED>
  <RULE_ID_0>330732</RULE_ID_0>
  <RULE_DESCRIPTION_0>FRAUD_SCRD Score less than 25 and Device Data present (-10pts)</RULE_DESCRIPTION_0>
  <COUNTERS_TRIGGERED>1</COUNTERS_TRIGGERED>
  <COUNTER_NAME_0>FRAUD_SCORD</COUNTER_NAME_0>
  <COUNTER_VALUE_0>-10</COUNTER_VALUE_0>
  <REASON_CODE></REASON_CODE>
  <MASTERCARD></MASTERCARD>
  <DDFS>2015-04-03</DDFS>
  <DSR>900x1440</DSR>
  <UAS>Mozilla/5.0 (Windows NT 6.1; WOW64) AppleWebKit/537.36 (KHTML, like Gecko) Chrome/41.0.2272.118 Safari/537.36</UAS>
  <BROWSER>Chrome 41.0.2272.118</BROWSER>
  <OS>Windows 7</OS>
  <PIP_IPAD></PIP_IPAD>
  <PIP_LAT></PIP_LAT>
  <PIP_LON></PIP_LON>
  <PIP_COUNTRY></PIP_COUNTRY>
  <PIP_REGION></PIP_REGION>
  <PIP_CITY></PIP_CITY>
  <PIP_ORG></PIP_ORG>
  <IP_IPAD>176.146.78.66</IP_IPAD>
  <IP_LAT>48.8</IP_LAT>
  <IP_LON>2.0667</IP_LON>
  <IP_COUNTRY>FR</IP_COUNTRY>
  <IP_REGION>Ile-de-France</IP_REGION>
  <IP_CITY>Saint-cyr-l'ecole</IP_CITY>
  <IP_ORG>BOUYGUES TELECOM</IP_ORG>
  <WARNING_COUNT>0</WARNING_COUNT>
</RESPONSE>

2015-04-04T05:03:47Z
RequestParameter:  billNo: 7f8bd4f98f6e41e49796977f85491d71 | startTime:2015-04-04 05:03:47

2015-04-04T05:03:47Z
Array
(
    [MODE] => Q
    [FRMT] => XML
    [VERS] => 0630
    [MERC] => 680000
    [UDF[CUSTOMER_IPAD]] => 176.146.78.66
    [SESS] => c5da4deab75647f7aa0359261317f529
    [ORDR] => 7f8bd4f98f6e41e49796977f85491d71
    [CURR] => EUR
    [PENC] => KHASH
    [PTYP] => CARD
    [PTOK] => 513268W9HBN3TD7H5YEN
    [IPAD] => 176.146.78.66
    [MACK] => Y
    [AUTH] => A
    [PROD_DESC[0]] => Binary Trade
    [PROD_TYPE[0]] => Binary Trade
    [PROD_ITEM[0]] => SKU-ANT-BinaryTrade
    [PROD_QUANT[0]] => 1
    [PROD_PRICE[0]] => 10000
    [TOTL] => 10000
    [SITE] => VERT001
    [UDF[MERCHANT_ID]] => 20001MERANTY
    [NAME] => Bernard FAUCHEUX
    [B2A1] => 44 Avenue Pierre Curie
    [B2CC] => FR
    [B2CI] => Saint Cyr L' Ecole
    [B2PC] => 78210
    [B2PN] => 0605003745
    [B2ST] => FR
    [S2A1] => 
    [S2CC] => 
    [S2CI] => 
    [S2EM] => 
    [S2NM] =>  
    [S2PC] => 
    [S2PN] => 
    [S2ST] => 
    [SHTP] => 
    [CASH] => 100
    [DOB] => 2000-12-31
    [GENDER] => M
    [EMAL] => bernard.faucheux@gmail.com
)


2015-04-04T05:03:49Z
ResponseParameter:  billNo: 7f8bd4f98f6e41e49796977f85491d71 | endTime:2015-04-04 05:03:49

2015-04-04T05:03:49Z
<?xml version="1.0" encoding="UTF-8"?>
<RESPONSE>
  <VERS>0630</VERS>
  <MODE>Q</MODE>
  <TRAN>3Y180QV85TY3</TRAN>
  <MERC>680000</MERC>
  <SESS>c5da4deab75647f7aa0359261317f529</SESS>
  <ORDR>7f8bd4f98f6e41e49796977f85491d71</ORDR>
  <AUTO>A</AUTO>
  <SCOR>24</SCOR>
  <GEOX>FR</GEOX>
  <BRND>MSTR</BRND>
  <REGN>FR_A8</REGN>
  <NETW>N</NETW>
  <KAPT>Y</KAPT>
  <CARDS>1</CARDS>
  <DEVICES>1</DEVICES>
  <EMAILS>1</EMAILS>
  <VELO>1</VELO>
  <VMAX>1</VMAX>
  <SITE>VERT001</SITE>
  <DEVICE_LAYERS>C54384EA10.4EA9CD9A4A.CBFA250819.8354684CD2.0E93FD5E06</DEVICE_LAYERS>
  <FINGERPRINT>5E826B7E4FD6DBEAB7E035AA3E92D2E6</FINGERPRINT>
  <TIMEZONE>1320</TIMEZONE>
  <LOCALTIME>2015-04-04 07:03</LOCALTIME>
  <REGION>FR_A8</REGION>
  <COUNTRY>FR</COUNTRY>
  <PROXY>N</PROXY>
  <JAVASCRIPT>Y</JAVASCRIPT>
  <FLASH>Y</FLASH>
  <COOKIES>Y</COOKIES>
  <HTTP_COUNTRY>FR</HTTP_COUNTRY>
  <LANGUAGE>FR</LANGUAGE>
  <MOBILE_DEVICE>N</MOBILE_DEVICE>
  <MOBILE_TYPE></MOBILE_TYPE>
  <MOBILE_FORWARDER>N</MOBILE_FORWARDER>
  <VOICE_DEVICE>N</VOICE_DEVICE>
  <PC_REMOTE>N</PC_REMOTE>
  <RULES_TRIGGERED>1</RULES_TRIGGERED>
  <RULE_ID_0>330732</RULE_ID_0>
  <RULE_DESCRIPTION_0>FRAUD_SCRD Score less than 25 and Device Data present (-10pts)</RULE_DESCRIPTION_0>
  <COUNTERS_TRIGGERED>1</COUNTERS_TRIGGERED>
  <COUNTER_NAME_0>FRAUD_SCORD</COUNTER_NAME_0>
  <COUNTER_VALUE_0>-10</COUNTER_VALUE_0>
  <REASON_CODE></REASON_CODE>
  <MASTERCARD></MASTERCARD>
  <DDFS>2015-04-03</DDFS>
  <DSR>900x1440</DSR>
  <UAS>Mozilla/5.0 (Windows NT 6.1; WOW64) AppleWebKit/537.36 (KHTML, like Gecko) Chrome/41.0.2272.118 Safari/537.36</UAS>
  <BROWSER>Chrome 41.0.2272.118</BROWSER>
  <OS>Windows 7</OS>
  <PIP_IPAD></PIP_IPAD>
  <PIP_LAT></PIP_LAT>
  <PIP_LON></PIP_LON>
  <PIP_COUNTRY></PIP_COUNTRY>
  <PIP_REGION></PIP_REGION>
  <PIP_CITY></PIP_CITY>
  <PIP_ORG></PIP_ORG>
  <IP_IPAD>176.146.78.66</IP_IPAD>
  <IP_LAT>48.8</IP_LAT>
  <IP_LON>2.0667</IP_LON>
  <IP_COUNTRY>FR</IP_COUNTRY>
  <IP_REGION>Ile-de-France</IP_REGION>
  <IP_CITY>Saint-cyr-l'ecole</IP_CITY>
  <IP_ORG>BOUYGUES TELECOM</IP_ORG>
  <WARNING_COUNT>0</WARNING_COUNT>
</RESPONSE>

2015-04-04T05:28:05Z
RequestParameter:  billNo: cfa3e16bb9de4fa8aea81904aa64df31 | startTime:2015-04-04 05:28:05

2015-04-04T05:28:05Z
Array
(
    [MODE] => Q
    [FRMT] => XML
    [VERS] => 0630
    [MERC] => 680000
    [UDF[CUSTOMER_IPAD]] => 176.146.78.66
    [SESS] => 7fd12f4816a14030aeeed74c7aef18d7
    [ORDR] => cfa3e16bb9de4fa8aea81904aa64df31
    [CURR] => EUR
    [PENC] => KHASH
    [PTYP] => CARD
    [PTOK] => 513267BBAVY4XXHUNDV6
    [IPAD] => 176.146.78.66
    [MACK] => Y
    [AUTH] => A
    [PROD_DESC[0]] => Binary Trade
    [PROD_TYPE[0]] => Binary Trade
    [PROD_ITEM[0]] => SKU-ANT-BinaryTrade
    [PROD_QUANT[0]] => 1
    [PROD_PRICE[0]] => 10000
    [TOTL] => 10000
    [SITE] => VERT001
    [UDF[MERCHANT_ID]] => 20001MERANTY
    [NAME] => Bernard FAUCHEUX
    [B2A1] => 44 Avenue Pierre Curie
    [B2CC] => FR
    [B2CI] => Saint Cyr L' Ecole
    [B2PC] => 78210
    [B2PN] => 0605003745
    [B2ST] => FR
    [S2A1] => 
    [S2CC] => 
    [S2CI] => 
    [S2EM] => 
    [S2NM] =>  
    [S2PC] => 
    [S2PN] => 
    [S2ST] => 
    [SHTP] => 
    [CASH] => 100
    [DOB] => 2000-12-31
    [GENDER] => M
    [EMAL] => bernard.faucheux@gmail.com
)


2015-04-04T05:28:07Z
ResponseParameter:  billNo: cfa3e16bb9de4fa8aea81904aa64df31 | endTime:2015-04-04 05:28:07

2015-04-04T05:28:07Z
<?xml version="1.0" encoding="UTF-8"?>
<RESPONSE>
  <VERS>0630</VERS>
  <MODE>Q</MODE>
  <TRAN>3Y180ZY3W8XP</TRAN>
  <MERC>680000</MERC>
  <SESS>7fd12f4816a14030aeeed74c7aef18d7</SESS>
  <ORDR>cfa3e16bb9de4fa8aea81904aa64df31</ORDR>
  <AUTO>A</AUTO>
  <SCOR>32</SCOR>
  <GEOX>FR</GEOX>
  <BRND>MSTR</BRND>
  <REGN>FR_A8</REGN>
  <NETW>N</NETW>
  <KAPT>Y</KAPT>
  <CARDS>2</CARDS>
  <DEVICES>1</DEVICES>
  <EMAILS>1</EMAILS>
  <VELO>2</VELO>
  <VMAX>2</VMAX>
  <SITE>VERT001</SITE>
  <DEVICE_LAYERS>C54384EA10.4EA9CD9A4A.CBFA250819.8354684CD2.0E93FD5E06</DEVICE_LAYERS>
  <FINGERPRINT>5E826B7E4FD6DBEAB7E035AA3E92D2E6</FINGERPRINT>
  <TIMEZONE>1320</TIMEZONE>
  <LOCALTIME>2015-04-04 07:27</LOCALTIME>
  <REGION>FR_A8</REGION>
  <COUNTRY>FR</COUNTRY>
  <PROXY>N</PROXY>
  <JAVASCRIPT>Y</JAVASCRIPT>
  <FLASH>Y</FLASH>
  <COOKIES>Y</COOKIES>
  <HTTP_COUNTRY>FR</HTTP_COUNTRY>
  <LANGUAGE>FR</LANGUAGE>
  <MOBILE_DEVICE>N</MOBILE_DEVICE>
  <MOBILE_TYPE></MOBILE_TYPE>
  <MOBILE_FORWARDER>N</MOBILE_FORWARDER>
  <VOICE_DEVICE>N</VOICE_DEVICE>
  <PC_REMOTE>N</PC_REMOTE>
  <RULES_TRIGGERED>0</RULES_TRIGGERED>
  <COUNTERS_TRIGGERED>0</COUNTERS_TRIGGERED>
  <REASON_CODE></REASON_CODE>
  <MASTERCARD></MASTERCARD>
  <DDFS>2015-04-03</DDFS>
  <DSR>900x1440</DSR>
  <UAS>Mozilla/5.0 (Windows NT 6.1; WOW64) AppleWebKit/537.36 (KHTML, like Gecko) Chrome/41.0.2272.118 Safari/537.36</UAS>
  <BROWSER>Chrome 41.0.2272.118</BROWSER>
  <OS>Windows 7</OS>
  <PIP_IPAD></PIP_IPAD>
  <PIP_LAT></PIP_LAT>
  <PIP_LON></PIP_LON>
  <PIP_COUNTRY></PIP_COUNTRY>
  <PIP_REGION></PIP_REGION>
  <PIP_CITY></PIP_CITY>
  <PIP_ORG></PIP_ORG>
  <IP_IPAD>176.146.78.66</IP_IPAD>
  <IP_LAT>48.8</IP_LAT>
  <IP_LON>2.0667</IP_LON>
  <IP_COUNTRY>FR</IP_COUNTRY>
  <IP_REGION>Ile-de-France</IP_REGION>
  <IP_CITY>Saint-cyr-l'ecole</IP_CITY>
  <IP_ORG>BOUYGUES TELECOM</IP_ORG>
  <WARNING_COUNT>0</WARNING_COUNT>
</RESPONSE>

2015-04-04T08:46:42Z
RequestParameter:  billNo: 884abc4cbb9849fbb48ecf476ef9aaa8 | startTime:2015-04-04 08:46:42

2015-04-04T08:46:42Z
Array
(
    [MODE] => Q
    [FRMT] => XML
    [VERS] => 0630
    [MERC] => 680000
    [UDF[CUSTOMER_IPAD]] => 176.146.78.66
    [SESS] => 9fba63f807f3490fad36b9fd04f9ab00
    [ORDR] => 884abc4cbb9849fbb48ecf476ef9aaa8
    [CURR] => EUR
    [PENC] => KHASH
    [PTYP] => CARD
    [PTOK] => 513268W9HBN3TD7H5YEN
    [IPAD] => 176.146.78.66
    [MACK] => Y
    [AUTH] => A
    [PROD_DESC[0]] => Binary Trade
    [PROD_TYPE[0]] => Binary Trade
    [PROD_ITEM[0]] => SKU-ANT-BinaryTrade
    [PROD_QUANT[0]] => 1
    [PROD_PRICE[0]] => 10000
    [TOTL] => 10000
    [SITE] => VERT001
    [UDF[MERCHANT_ID]] => 20001MERANTY
    [NAME] => Bernard FAUCHEUX
    [B2A1] => 44 Avenue Pierre Curie
    [B2CC] => FR
    [B2CI] => Saint Cyr L'Ecole
    [B2PC] => 78210
    [B2PN] => 0605003745
    [B2ST] => FR
    [S2A1] => 
    [S2CC] => 
    [S2CI] => 
    [S2EM] => 
    [S2NM] =>  
    [S2PC] => 
    [S2PN] => 
    [S2ST] => 
    [SHTP] => 
    [CASH] => 100
    [DOB] => 2000-12-31
    [GENDER] => M
    [EMAL] => bernard.faucheux@gmail.com
)


2015-04-04T08:46:44Z
ResponseParameter:  billNo: 884abc4cbb9849fbb48ecf476ef9aaa8 | endTime:2015-04-04 08:46:44

2015-04-04T08:46:44Z
<?xml version="1.0" encoding="UTF-8"?>
<RESPONSE>
  <VERS>0630</VERS>
  <MODE>Q</MODE>
  <TRAN>3Y130DMK9KMZ</TRAN>
  <MERC>680000</MERC>
  <SESS>9fba63f807f3490fad36b9fd04f9ab00</SESS>
  <ORDR>884abc4cbb9849fbb48ecf476ef9aaa8</ORDR>
  <AUTO>A</AUTO>
  <SCOR>32</SCOR>
  <GEOX>FR</GEOX>
  <BRND>MSTR</BRND>
  <REGN>FR_A8</REGN>
  <NETW>N</NETW>
  <KAPT>Y</KAPT>
  <CARDS>2</CARDS>
  <DEVICES>2</DEVICES>
  <EMAILS>1</EMAILS>
  <VELO>3</VELO>
  <VMAX>3</VMAX>
  <SITE>VERT001</SITE>
  <DEVICE_LAYERS>C54384EA10.FB410215EC.CBFA250819.8354684CD2.0E93FD5E06</DEVICE_LAYERS>
  <FINGERPRINT>5E826B7E4FD6DBEAB7E035AA3E92D2E6</FINGERPRINT>
  <TIMEZONE>1320</TIMEZONE>
  <LOCALTIME>2015-04-04 10:46</LOCALTIME>
  <REGION>FR_A8</REGION>
  <COUNTRY>FR</COUNTRY>
  <PROXY>N</PROXY>
  <JAVASCRIPT>Y</JAVASCRIPT>
  <FLASH>Y</FLASH>
  <COOKIES>Y</COOKIES>
  <HTTP_COUNTRY>FR</HTTP_COUNTRY>
  <LANGUAGE>FR</LANGUAGE>
  <MOBILE_DEVICE>N</MOBILE_DEVICE>
  <MOBILE_TYPE></MOBILE_TYPE>
  <MOBILE_FORWARDER>N</MOBILE_FORWARDER>
  <VOICE_DEVICE>N</VOICE_DEVICE>
  <PC_REMOTE>N</PC_REMOTE>
  <RULES_TRIGGERED>0</RULES_TRIGGERED>
  <COUNTERS_TRIGGERED>0</COUNTERS_TRIGGERED>
  <REASON_CODE></REASON_CODE>
  <MASTERCARD></MASTERCARD>
  <DDFS>2015-04-03</DDFS>
  <DSR>900x1440</DSR>
  <UAS>Mozilla/5.0 (Windows NT 6.1; WOW64) AppleWebKit/537.36 (KHTML, like Gecko) Chrome/41.0.2272.118 Safari/537.36</UAS>
  <BROWSER>Chrome 41.0.2272.118</BROWSER>
  <OS>Windows 7</OS>
  <PIP_IPAD></PIP_IPAD>
  <PIP_LAT></PIP_LAT>
  <PIP_LON></PIP_LON>
  <PIP_COUNTRY></PIP_COUNTRY>
  <PIP_REGION></PIP_REGION>
  <PIP_CITY></PIP_CITY>
  <PIP_ORG></PIP_ORG>
  <IP_IPAD>176.146.78.66</IP_IPAD>
  <IP_LAT>48.8</IP_LAT>
  <IP_LON>2.0667</IP_LON>
  <IP_COUNTRY>FR</IP_COUNTRY>
  <IP_REGION>Ile-de-France</IP_REGION>
  <IP_CITY>Saint-cyr-l'ecole</IP_CITY>
  <IP_ORG>BOUYGUES TELECOM</IP_ORG>
  <WARNING_COUNT>0</WARNING_COUNT>
</RESPONSE>

2015-04-04T08:47:02Z
RequestParameter:  billNo: 7f3df0eb00464d248d8c3d9481e6ff00 | startTime:2015-04-04 08:47:02

2015-04-04T08:47:02Z
Array
(
    [MODE] => Q
    [FRMT] => XML
    [VERS] => 0630
    [MERC] => 680000
    [UDF[CUSTOMER_IPAD]] => 176.146.78.66
    [SESS] => 0425a0eccfcc463f912bdb05f5aa3d19
    [ORDR] => 7f3df0eb00464d248d8c3d9481e6ff00
    [CURR] => EUR
    [PENC] => KHASH
    [PTYP] => CARD
    [PTOK] => 513268W9HBN3TD7H5YEN
    [IPAD] => 176.146.78.66
    [MACK] => Y
    [AUTH] => A
    [PROD_DESC[0]] => Binary Trade
    [PROD_TYPE[0]] => Binary Trade
    [PROD_ITEM[0]] => SKU-ANT-BinaryTrade
    [PROD_QUANT[0]] => 1
    [PROD_PRICE[0]] => 10000
    [TOTL] => 10000
    [SITE] => VERT001
    [UDF[MERCHANT_ID]] => 20001MERANTY
    [NAME] => Bernard FAUCHEUX
    [B2A1] => 44 Avenue Pierre Curie
    [B2CC] => FR
    [B2CI] => Saint Cyr L'Ecole
    [B2PC] => 78210
    [B2PN] => 0605003745
    [B2ST] => FR
    [S2A1] => 
    [S2CC] => 
    [S2CI] => 
    [S2EM] => 
    [S2NM] =>  
    [S2PC] => 
    [S2PN] => 
    [S2ST] => 
    [SHTP] => 
    [CASH] => 100
    [DOB] => 2000-12-31
    [GENDER] => M
    [EMAL] => bernard.faucheux@gmail.com
)


2015-04-04T08:47:03Z
ResponseParameter:  billNo: 7f3df0eb00464d248d8c3d9481e6ff00 | endTime:2015-04-04 08:47:03

2015-04-04T08:47:03Z
<?xml version="1.0" encoding="UTF-8"?>
<RESPONSE>
  <VERS>0630</VERS>
  <MODE>Q</MODE>
  <TRAN>3Y130JS4YPPX</TRAN>
  <MERC>680000</MERC>
  <SESS>0425a0eccfcc463f912bdb05f5aa3d19</SESS>
  <ORDR>7f3df0eb00464d248d8c3d9481e6ff00</ORDR>
  <AUTO>A</AUTO>
  <SCOR>32</SCOR>
  <GEOX>FR</GEOX>
  <BRND>MSTR</BRND>
  <REGN>FR_A8</REGN>
  <NETW>N</NETW>
  <KAPT>Y</KAPT>
  <CARDS>2</CARDS>
  <DEVICES>2</DEVICES>
  <EMAILS>1</EMAILS>
  <VELO>3</VELO>
  <VMAX>3</VMAX>
  <SITE>VERT001</SITE>
  <DEVICE_LAYERS>C54384EA10.FB410215EC.CBFA250819.8354684CD2.0E93FD5E06</DEVICE_LAYERS>
  <FINGERPRINT>5E826B7E4FD6DBEAB7E035AA3E92D2E6</FINGERPRINT>
  <TIMEZONE>1320</TIMEZONE>
  <LOCALTIME>2015-04-04 10:46</LOCALTIME>
  <REGION>FR_A8</REGION>
  <COUNTRY>FR</COUNTRY>
  <PROXY>N</PROXY>
  <JAVASCRIPT>Y</JAVASCRIPT>
  <FLASH>Y</FLASH>
  <COOKIES>Y</COOKIES>
  <HTTP_COUNTRY>FR</HTTP_COUNTRY>
  <LANGUAGE>FR</LANGUAGE>
  <MOBILE_DEVICE>N</MOBILE_DEVICE>
  <MOBILE_TYPE></MOBILE_TYPE>
  <MOBILE_FORWARDER>N</MOBILE_FORWARDER>
  <VOICE_DEVICE>N</VOICE_DEVICE>
  <PC_REMOTE>N</PC_REMOTE>
  <RULES_TRIGGERED>0</RULES_TRIGGERED>
  <COUNTERS_TRIGGERED>0</COUNTERS_TRIGGERED>
  <REASON_CODE></REASON_CODE>
  <MASTERCARD></MASTERCARD>
  <DDFS>2015-04-03</DDFS>
  <DSR>900x1440</DSR>
  <UAS>Mozilla/5.0 (Windows NT 6.1; WOW64) AppleWebKit/537.36 (KHTML, like Gecko) Chrome/41.0.2272.118 Safari/537.36</UAS>
  <BROWSER>Chrome 41.0.2272.118</BROWSER>
  <OS>Windows 7</OS>
  <PIP_IPAD></PIP_IPAD>
  <PIP_LAT></PIP_LAT>
  <PIP_LON></PIP_LON>
  <PIP_COUNTRY></PIP_COUNTRY>
  <PIP_REGION></PIP_REGION>
  <PIP_CITY></PIP_CITY>
  <PIP_ORG></PIP_ORG>
  <IP_IPAD>176.146.78.66</IP_IPAD>
  <IP_LAT>48.8</IP_LAT>
  <IP_LON>2.0667</IP_LON>
  <IP_COUNTRY>FR</IP_COUNTRY>
  <IP_REGION>Ile-de-France</IP_REGION>
  <IP_CITY>Saint-cyr-l'ecole</IP_CITY>
  <IP_ORG>BOUYGUES TELECOM</IP_ORG>
  <WARNING_COUNT>0</WARNING_COUNT>
</RESPONSE>

2015-04-04T08:48:18Z
RequestParameter:  billNo: 28a9d8b166ea4f0099a56dddc3684d02 | startTime:2015-04-04 08:48:18

2015-04-04T08:48:18Z
Array
(
    [MODE] => Q
    [FRMT] => XML
    [VERS] => 0630
    [MERC] => 680000
    [UDF[CUSTOMER_IPAD]] => 176.146.78.66
    [SESS] => 6376a09fc91045549f9b5405d76f519a
    [ORDR] => 28a9d8b166ea4f0099a56dddc3684d02
    [CURR] => EUR
    [PENC] => KHASH
    [PTYP] => CARD
    [PTOK] => 513268W9HBN3TD7H5YEN
    [IPAD] => 176.146.78.66
    [MACK] => Y
    [AUTH] => A
    [PROD_DESC[0]] => Binary Trade
    [PROD_TYPE[0]] => Binary Trade
    [PROD_ITEM[0]] => SKU-ANT-BinaryTrade
    [PROD_QUANT[0]] => 1
    [PROD_PRICE[0]] => 10000
    [TOTL] => 10000
    [SITE] => VERT001
    [UDF[MERCHANT_ID]] => 20001MERANTY
    [NAME] => Bernard FAUCHEUX
    [B2A1] => 44 Avenue Pierre Curie
    [B2CC] => FR
    [B2CI] => Saint Cyr L'Ecole
    [B2PC] => 78210
    [B2PN] => 0605003745
    [B2ST] => FR
    [S2A1] => 
    [S2CC] => 
    [S2CI] => 
    [S2EM] => 
    [S2NM] =>  
    [S2PC] => 
    [S2PN] => 
    [S2ST] => 
    [SHTP] => 
    [CASH] => 100
    [DOB] => 2000-12-31
    [GENDER] => M
    [EMAL] => bernard.faucheux@gmail.com
)


2015-04-04T08:48:19Z
ResponseParameter:  billNo: 28a9d8b166ea4f0099a56dddc3684d02 | endTime:2015-04-04 08:48:19

2015-04-04T08:48:19Z
<?xml version="1.0" encoding="UTF-8"?>
<RESPONSE>
  <VERS>0630</VERS>
  <MODE>Q</MODE>
  <TRAN>3Y130PK3XP5W</TRAN>
  <MERC>680000</MERC>
  <SESS>6376a09fc91045549f9b5405d76f519a</SESS>
  <ORDR>28a9d8b166ea4f0099a56dddc3684d02</ORDR>
  <AUTO>A</AUTO>
  <SCOR>32</SCOR>
  <GEOX>FR</GEOX>
  <BRND>MSTR</BRND>
  <REGN>FR_A8</REGN>
  <NETW>N</NETW>
  <KAPT>Y</KAPT>
  <CARDS>2</CARDS>
  <DEVICES>2</DEVICES>
  <EMAILS>1</EMAILS>
  <VELO>5</VELO>
  <VMAX>5</VMAX>
  <SITE>VERT001</SITE>
  <DEVICE_LAYERS>C54384EA10.FB410215EC.CBFA250819.8354684CD2.0E93FD5E06</DEVICE_LAYERS>
  <FINGERPRINT>5E826B7E4FD6DBEAB7E035AA3E92D2E6</FINGERPRINT>
  <TIMEZONE>1320</TIMEZONE>
  <LOCALTIME>2015-04-04 10:48</LOCALTIME>
  <REGION>FR_A8</REGION>
  <COUNTRY>FR</COUNTRY>
  <PROXY>N</PROXY>
  <JAVASCRIPT>Y</JAVASCRIPT>
  <FLASH>Y</FLASH>
  <COOKIES>Y</COOKIES>
  <HTTP_COUNTRY>FR</HTTP_COUNTRY>
  <LANGUAGE>FR</LANGUAGE>
  <MOBILE_DEVICE>N</MOBILE_DEVICE>
  <MOBILE_TYPE></MOBILE_TYPE>
  <MOBILE_FORWARDER>N</MOBILE_FORWARDER>
  <VOICE_DEVICE>N</VOICE_DEVICE>
  <PC_REMOTE>N</PC_REMOTE>
  <RULES_TRIGGERED>0</RULES_TRIGGERED>
  <COUNTERS_TRIGGERED>0</COUNTERS_TRIGGERED>
  <REASON_CODE></REASON_CODE>
  <MASTERCARD></MASTERCARD>
  <DDFS>2015-04-03</DDFS>
  <DSR>900x1440</DSR>
  <UAS>Mozilla/5.0 (Windows NT 6.1; WOW64) AppleWebKit/537.36 (KHTML, like Gecko) Chrome/41.0.2272.118 Safari/537.36</UAS>
  <BROWSER>Chrome 41.0.2272.118</BROWSER>
  <OS>Windows 7</OS>
  <PIP_IPAD></PIP_IPAD>
  <PIP_LAT></PIP_LAT>
  <PIP_LON></PIP_LON>
  <PIP_COUNTRY></PIP_COUNTRY>
  <PIP_REGION></PIP_REGION>
  <PIP_CITY></PIP_CITY>
  <PIP_ORG></PIP_ORG>
  <IP_IPAD>176.146.78.66</IP_IPAD>
  <IP_LAT>48.8</IP_LAT>
  <IP_LON>2.0667</IP_LON>
  <IP_COUNTRY>FR</IP_COUNTRY>
  <IP_REGION>Ile-de-France</IP_REGION>
  <IP_CITY>Saint-cyr-l'ecole</IP_CITY>
  <IP_ORG>BOUYGUES TELECOM</IP_ORG>
  <WARNING_COUNT>0</WARNING_COUNT>
</RESPONSE>

