2015-01-26T10:50:29Z
RequestParameter:  billNo: 1422268849-229 | startTime:2015-01-26 10:50:29

2015-01-26T10:50:29Z
https://www.pesopay.com/b2c2/eng/directPay/payComp.jsp?payType=N&merchantId=18139954&pMethod=VISA&lang=E&cardHolder=Gérard%20PUECH&cardNo=4970442866474341&securityCode=212&epMonth=10&epYear=2016&amount=500&currCode=978&orderRef=1422268849-229&remark=

2015-01-26T10:50:39Z
ResponseParameter:  billNo: 1422268849-229 | endTime:2015-01-26 10:50:39

2015-01-26T10:50:39Z
successcode=0&Ref=1422268849-229&PayRef=6276159&Amt=500.0&Cur=978&prc=0&src=0&Ord=502621524975&Holder=Gérard PUECH&AuthId=274043&TxTime=2015-01-26 18:50:56.0&errMsg=Transaction completed







2015-01-26T17:59:36Z
RequestParameter:  billNo: 1422290717-664 | startTime:2015-01-26 17:59:36

2015-01-26T17:59:36Z
https://www.pesopay.com/b2c2/eng/directPay/payComp.jsp?payType=N&merchantId=18139954&pMethod=VISA&lang=E&cardHolder=Chern%20Jin%20Wong&cardNo=4658592931656006&securityCode=951&epMonth=11&epYear=2016&amount=2000&currCode=978&orderRef=1422290717-664&remark=

2015-01-26T17:59:43Z
ResponseParameter:  billNo: 1422290717-664 | endTime:2015-01-26 17:59:43

2015-01-26T17:59:43Z
successcode=1&Ref=1422290717-664&PayRef=6277363&Amt=2000.0&Cur=978&prc=1&src=551&Ord=502705417145&Holder=Chern Jin Wong&AuthId=&TxTime=2015-01-27 02:00:03.0&errMsg=Transaction failed







2015-01-26T18:04:27Z
RequestParameter:  billNo: 1422289568-16390 | startTime:2015-01-26 18:04:27

2015-01-26T18:04:27Z
https://www.pesopay.com/b2c2/eng/directPay/payComp.jsp?payType=N&merchantId=18139954&pMethod=Master&lang=E&cardHolder=Christophe%20BASSET&cardNo=5137706816569559&securityCode=402&epMonth=06&epYear=2017&amount=250&currCode=978&orderRef=1422289568-16390&remark=

2015-01-26T18:04:34Z
ResponseParameter:  billNo: 1422289568-16390 | endTime:2015-01-26 18:04:34

2015-01-26T18:04:34Z
successcode=0&Ref=1422289568-16390&PayRef=6277370&Amt=250.0&Cur=978&prc=0&src=0&Ord=502705417157&Holder=Christophe BASSET&AuthId=652512&TxTime=2015-01-27 02:04:53.0&errMsg=Transaction completed







2015-01-26T18:09:52Z
RequestParameter:  billNo: 1421835634-429 | startTime:2015-01-26 18:09:52

2015-01-26T18:09:52Z
https://www.pesopay.com/b2c2/eng/directPay/payComp.jsp?payType=N&merchantId=18139954&pMethod=Master&lang=E&cardHolder=jean%20lumiere&cardNo=5131014791346515&securityCode=971&epMonth=09&epYear=2017&amount=1000&currCode=978&orderRef=1421835634-429&remark=

2015-01-26T18:09:57Z
ResponseParameter:  billNo: 1421835634-429 | endTime:2015-01-26 18:09:57

2015-01-26T18:09:57Z
successcode=0&Ref=1421835634-429&PayRef=6277376&Amt=1000.0&Cur=978&prc=0&src=0&Ord=502705417166&Holder=jean lumiere&AuthId=375340&TxTime=2015-01-27 02:10:18.0&errMsg=Transaction completed







2015-01-26T18:10:02Z
RequestParameter:  billNo: 1421835301-429 | startTime:2015-01-26 18:10:02

2015-01-26T18:10:02Z
https://www.pesopay.com/b2c2/eng/directPay/payComp.jsp?payType=N&merchantId=18139954&pMethod=Master&lang=E&cardHolder=jean%20lumiere&cardNo=5131014791346515&securityCode=971&epMonth=09&epYear=2017&amount=500&currCode=978&orderRef=1421835301-429&remark=

2015-01-26T18:10:25Z
ResponseParameter:  billNo: 1421835301-429 | endTime:2015-01-26 18:10:25

2015-01-26T18:10:25Z
successcode=1&Ref=1421835301-429&PayRef=6277377&Amt=500.0&Cur=978&prc=1&src=-1&Ord=&Holder=jean lumiere&AuthId=&TxTime=2015-01-27 02:10:28.0&errMsg=Transaction failed







