2015-05-26T04:26:38Z
RequestParameter:  billNo: 1428498739-7478

2015-05-26T04:26:38Z
https://www.pesopay.com/b2c2/eng/merchant/api/orderApi.jsp?merchantId=18139954&loginId=AllianzMetro1&password=Kaft5mNDjsks29d&actionType=OnlineRefund&payRef=6747050&amount=1000

2015-05-26T04:26:42Z
ResponseParameter:  billNo: 1428498739-7478

2015-05-26T04:26:42Z
resultCode=0&orderStatus=&ref=&payRef=&amt=&cur=&errMsg=Online Refund Success...





2015-05-26T04:31:18Z
RequestParameter:  billNo: c696edf36130482b8ddb9b909c16b343

2015-05-26T04:31:18Z
https://www.pesopay.com/b2c2/eng/merchant/api/orderApi.jsp?merchantId=18139954&loginId=AllianzMetro1&password=Kaft5mNDjsks29d&actionType=OnlineRefund&payRef=6751811&amount=200

2015-05-26T04:31:20Z
ResponseParameter:  billNo: c696edf36130482b8ddb9b909c16b343

2015-05-26T04:31:20Z
resultCode=0&orderStatus=&ref=&payRef=&amt=&cur=&errMsg=Online Refund Success...





2015-05-26T04:33:58Z
RequestParameter:  billNo: 1429090800-7486

2015-05-26T04:33:58Z
https://www.pesopay.com/b2c2/eng/merchant/api/orderApi.jsp?merchantId=18139954&loginId=AllianzMetro1&password=Kaft5mNDjsks29d&actionType=OnlineRefund&payRef=6785919&amount=500

2015-05-26T04:34:00Z
ResponseParameter:  billNo: 1429090800-7486

2015-05-26T04:34:00Z
resultCode=0&orderStatus=&ref=&payRef=&amt=&cur=&errMsg=Online Refund Success...





2015-05-26T04:35:13Z
RequestParameter:  billNo: e32d807f48ad4997ac4f048519bffa91

2015-05-26T04:35:13Z
https://www.pesopay.com/b2c2/eng/merchant/api/orderApi.jsp?merchantId=18139954&loginId=AllianzMetro1&password=Kaft5mNDjsks29d&actionType=OnlineRefund&payRef=6792303&amount=500

2015-05-26T04:35:16Z
ResponseParameter:  billNo: e32d807f48ad4997ac4f048519bffa91

2015-05-26T04:35:16Z
resultCode=0&orderStatus=&ref=&payRef=&amt=&cur=&errMsg=Online Refund Success...





2015-05-26T04:36:31Z
RequestParameter:  billNo: 1423645820-20626

2015-05-26T04:36:31Z
https://www.pesopay.com/b2c2/eng/merchant/api/orderApi.jsp?merchantId=18139954&loginId=AllianzMetro1&password=Kaft5mNDjsks29d&actionType=OnlineRefund&payRef=6377348&amount=100

2015-05-26T04:36:33Z
ResponseParameter:  billNo: 1423645820-20626

2015-05-26T04:36:33Z
resultCode=0&orderStatus=&ref=&payRef=&amt=&cur=&errMsg=Online Refund Success...





2015-05-26T04:38:36Z
RequestParameter:  billNo: 1424097419-20626

2015-05-26T04:38:36Z
https://www.pesopay.com/b2c2/eng/merchant/api/orderApi.jsp?merchantId=18139954&loginId=AllianzMetro1&password=Kaft5mNDjsks29d&actionType=OnlineRefund&payRef=6421255&amount=400

2015-05-26T04:38:38Z
ResponseParameter:  billNo: 1424097419-20626

2015-05-26T04:38:38Z
resultCode=0&orderStatus=&ref=&payRef=&amt=&cur=&errMsg=Online Refund Success...





2015-05-26T04:39:19Z
RequestParameter:  billNo: 1426070173-20626

2015-05-26T04:39:19Z
https://www.pesopay.com/b2c2/eng/merchant/api/orderApi.jsp?merchantId=18139954&loginId=AllianzMetro1&password=Kaft5mNDjsks29d&actionType=OnlineRefund&payRef=6562731&amount=5000

2015-05-26T04:39:21Z
ResponseParameter:  billNo: 1426070173-20626

2015-05-26T04:39:21Z
resultCode=0&orderStatus=&ref=&payRef=&amt=&cur=&errMsg=Online Refund Success...





2015-05-26T04:40:01Z
RequestParameter:  billNo: 1426616270-20626

2015-05-26T04:40:01Z
https://www.pesopay.com/b2c2/eng/merchant/api/orderApi.jsp?merchantId=18139954&loginId=AllianzMetro1&password=Kaft5mNDjsks29d&actionType=OnlineRefund&payRef=6606665&amount=5000

2015-05-26T04:40:03Z
ResponseParameter:  billNo: 1426616270-20626

2015-05-26T04:40:03Z
resultCode=0&orderStatus=&ref=&payRef=&amt=&cur=&errMsg=Online Refund Success...





2015-05-26T04:41:44Z
RequestParameter:  billNo: 1429189627-26257

2015-05-26T04:41:44Z
https://www.pesopay.com/b2c2/eng/merchant/api/orderApi.jsp?merchantId=18139954&loginId=AllianzMetro1&password=Kaft5mNDjsks29d&actionType=OnlineRefund&payRef=6793617&amount=1000

2015-05-26T04:41:46Z
ResponseParameter:  billNo: 1429189627-26257

2015-05-26T04:41:46Z
resultCode=0&orderStatus=&ref=&payRef=&amt=&cur=&errMsg=Online Refund Success...





2015-05-26T04:42:28Z
RequestParameter:  billNo: 33ed0f5948104f429c1d8ab38830d3d3

2015-05-26T04:42:28Z
https://www.pesopay.com/b2c2/eng/merchant/api/orderApi.jsp?merchantId=18139954&loginId=AllianzMetro1&password=Kaft5mNDjsks29d&actionType=OnlineRefund&payRef=6819376&amount=200

2015-05-26T04:42:30Z
ResponseParameter:  billNo: 33ed0f5948104f429c1d8ab38830d3d3

2015-05-26T04:42:30Z
resultCode=0&orderStatus=&ref=&payRef=&amt=&cur=&errMsg=Online Refund Success...





2015-05-26T04:43:14Z
RequestParameter:  billNo: 19cf5ae62286448585227ae42a66d825

2015-05-26T04:43:14Z
https://www.pesopay.com/b2c2/eng/merchant/api/orderApi.jsp?merchantId=18139954&loginId=AllianzMetro1&password=Kaft5mNDjsks29d&actionType=OnlineRefund&payRef=6819352&amount=200

2015-05-26T04:43:16Z
ResponseParameter:  billNo: 19cf5ae62286448585227ae42a66d825

2015-05-26T04:43:16Z
resultCode=0&orderStatus=&ref=&payRef=&amt=&cur=&errMsg=Online Refund Success...





2015-05-26T04:43:49Z
RequestParameter:  billNo: 5c70dfa88fb241b290bd7edf60a32e6a

2015-05-26T04:43:49Z
https://www.pesopay.com/b2c2/eng/merchant/api/orderApi.jsp?merchantId=18139954&loginId=AllianzMetro1&password=Kaft5mNDjsks29d&actionType=OnlineRefund&payRef=6819323&amount=200

2015-05-26T04:43:51Z
ResponseParameter:  billNo: 5c70dfa88fb241b290bd7edf60a32e6a

2015-05-26T04:43:51Z
resultCode=0&orderStatus=&ref=&payRef=&amt=&cur=&errMsg=Online Refund Success...





2015-05-26T04:44:38Z
RequestParameter:  billNo: 4b66dc92a0324308b4a82fe2977bd045

2015-05-26T04:44:38Z
https://www.pesopay.com/b2c2/eng/merchant/api/orderApi.jsp?merchantId=18139954&loginId=AllianzMetro1&password=Kaft5mNDjsks29d&actionType=OnlineRefund&payRef=6782092&amount=300

2015-05-26T04:44:40Z
ResponseParameter:  billNo: 4b66dc92a0324308b4a82fe2977bd045

2015-05-26T04:44:40Z
resultCode=0&orderStatus=&ref=&payRef=&amt=&cur=&errMsg=Online Refund Success...





2015-05-26T04:46:21Z
RequestParameter:  billNo: 2a64bfa8230242b59b12fd1f58858f67

2015-05-26T04:46:21Z
https://www.pesopay.com/b2c2/eng/merchant/api/orderApi.jsp?merchantId=18139954&loginId=AllianzMetro1&password=Kaft5mNDjsks29d&actionType=OnlineRefund&payRef=6943584&amount=200

2015-05-26T04:46:23Z
ResponseParameter:  billNo: 2a64bfa8230242b59b12fd1f58858f67

2015-05-26T04:46:23Z
resultCode=0&orderStatus=&ref=&payRef=&amt=&cur=&errMsg=Online Refund Success...





2015-05-26T04:47:37Z
RequestParameter:  billNo: 1429177030-44405

2015-05-26T04:47:37Z
https://www.pesopay.com/b2c2/eng/merchant/api/orderApi.jsp?merchantId=18139954&loginId=AllianzMetro1&password=Kaft5mNDjsks29d&actionType=OnlineRefund&payRef=6792788&amount=100

2015-05-26T04:47:40Z
ResponseParameter:  billNo: 1429177030-44405

2015-05-26T04:47:40Z
resultCode=0&orderStatus=&ref=&payRef=&amt=&cur=&errMsg=Online Refund Success...





2015-05-26T08:11:10Z
RequestParameter:  billNo: W5xlB1432543345

2015-05-26T08:11:10Z
https://www.pesopay.com/b2c2/eng/merchant/api/orderApi.jsp?merchantId=18139939&loginId=Allianzmetro1&password=xe4WcGL7NVdRAQk&actionType=OnlineRefund&payRef=7066594&amount=250

2015-05-26T08:11:14Z
ResponseParameter:  billNo: W5xlB1432543345

2015-05-26T08:11:14Z
resultCode=0&orderStatus=&ref=&payRef=&amt=&cur=&errMsg=Online Refund Success...





2015-05-26T08:17:42Z
RequestParameter:  billNo: l7z2b1432567093

2015-05-26T08:17:42Z
https://www.pesopay.com/b2c2/eng/merchant/api/orderApi.jsp?merchantId=18139939&loginId=Allianzmetro1&password=xe4WcGL7NVdRAQk&actionType=OnlineRefund&payRef=7068347&amount=500

2015-05-26T08:17:43Z
ResponseParameter:  billNo: l7z2b1432567093

2015-05-26T08:17:43Z
resultCode=-1&orderStatus=&ref=&payRef=&amt=&cur=&errMsg=Online refund fail..





2015-05-26T11:47:46Z
RequestParameter:  billNo: wfIrg1426497587

2015-05-26T11:47:46Z
https://www.pesopay.com/b2c2/eng/merchant/api/orderApi.jsp?merchantId=18139954&loginId=AllianzMetro1&password=Kaft5mNDjsks29d&actionType=OnlineRefund&payRef=6594374&amount=500

2015-05-26T11:47:49Z
ResponseParameter:  billNo: wfIrg1426497587

2015-05-26T11:47:49Z
resultCode=0&orderStatus=&ref=&payRef=&amt=&cur=&errMsg=Online Refund Success...





2015-05-26T11:49:37Z
RequestParameter:  billNo: wN7ef1426497728

2015-05-26T11:49:37Z
https://www.pesopay.com/b2c2/eng/merchant/api/orderApi.jsp?merchantId=18139954&loginId=AllianzMetro1&password=Kaft5mNDjsks29d&actionType=OnlineRefund&payRef=6594391&amount=200

2015-05-26T11:49:40Z
ResponseParameter:  billNo: wN7ef1426497728

2015-05-26T11:49:40Z
resultCode=0&orderStatus=&ref=&payRef=&amt=&cur=&errMsg=Online Refund Success...





2015-05-26T12:23:19Z
RequestParameter:  billNo: hfbeaghdek

2015-05-26T12:23:19Z
https://www.pesopay.com/b2c2/eng/merchant/api/orderApi.jsp?merchantId=18139954&loginId=AllianzMetro1&password=Kaft5mNDjsks29d&actionType=OnlineRefund&payRef=6924709&amount=1000

2015-05-26T12:23:21Z
ResponseParameter:  billNo: hfbeaghdek

2015-05-26T12:23:21Z
resultCode=0&orderStatus=&ref=&payRef=&amt=&cur=&errMsg=Online Refund Success...





2015-05-26T13:09:02Z
RequestParameter:  billNo: jkkggfdehg

2015-05-26T13:09:02Z
https://www.pesopay.com/b2c2/eng/merchant/api/orderApi.jsp?merchantId=18139954&loginId=AllianzMetro1&password=Kaft5mNDjsks29d&actionType=OnlineRefund&payRef=6931768&amount=1000

2015-05-26T13:09:04Z
ResponseParameter:  billNo: jkkggfdehg

2015-05-26T13:09:04Z
resultCode=0&orderStatus=&ref=&payRef=&amt=&cur=&errMsg=Online Refund Success...





2015-05-26T13:09:56Z
RequestParameter:  billNo: dkeecakjie

2015-05-26T13:09:56Z
https://www.pesopay.com/b2c2/eng/merchant/api/orderApi.jsp?merchantId=18139954&loginId=AllianzMetro1&password=Kaft5mNDjsks29d&actionType=OnlineRefund&payRef=6931765&amount=1000

2015-05-26T13:09:58Z
ResponseParameter:  billNo: dkeecakjie

2015-05-26T13:09:58Z
resultCode=0&orderStatus=&ref=&payRef=&amt=&cur=&errMsg=Online Refund Success...





2015-05-26T13:10:59Z
RequestParameter:  billNo: fffjbagkjh

2015-05-26T13:10:59Z
https://www.pesopay.com/b2c2/eng/merchant/api/orderApi.jsp?merchantId=18139954&loginId=AllianzMetro1&password=Kaft5mNDjsks29d&actionType=OnlineRefund&payRef=6882814&amount=200

2015-05-26T13:11:01Z
ResponseParameter:  billNo: fffjbagkjh

2015-05-26T13:11:01Z
resultCode=0&orderStatus=&ref=&payRef=&amt=&cur=&errMsg=Online Refund Success...





2015-05-26T13:12:02Z
RequestParameter:  billNo: ehecibejce

2015-05-26T13:12:02Z
https://www.pesopay.com/b2c2/eng/merchant/api/orderApi.jsp?merchantId=18139954&loginId=AllianzMetro1&password=Kaft5mNDjsks29d&actionType=OnlineRefund&payRef=6938914&amount=333

2015-05-26T13:12:04Z
ResponseParameter:  billNo: ehecibejce

2015-05-26T13:12:04Z
resultCode=0&orderStatus=&ref=&payRef=&amt=&cur=&errMsg=Online Refund Success...





