2015-01-22T08:34:59Z
RequestParameter:  billNo: 1421864001-9898 | startTime:2015-01-22 08:34:59

2015-01-22T08:34:59Z
https://www.pesopay.com/b2c2/eng/directPay/payComp.jsp?payType=N&merchantId=18139954&pMethod=Master&lang=E&cardHolder=rana%20mohit&cardNo=5422250000627638&securityCode=789&epMonth=11&epYear=2022&amount=500&currCode=978&orderRef=1421864001-9898&remark=

2015-01-22T08:35:04Z
ResponseParameter:  billNo: 1421864001-9898 | endTime:2015-01-22 08:35:04

2015-01-22T08:35:04Z
successcode=1&Ref=1421864001-9898&PayRef=6249337&Amt=500.0&Cur=978&prc=1&src=204&Ord=502219483348&Holder=rana mohit&AuthId=&TxTime=2015-01-22 16:35:24.0&errMsg=Transaction failed







2015-01-22T14:58:42Z
RequestParameter:  billNo: 1421831833-13744 | startTime:2015-01-22 14:58:42

2015-01-22T14:58:42Z
https://www.pesopay.com/b2c2/eng/directPay/payComp.jsp?payType=N&merchantId=18139954&pMethod=Master&lang=E&cardHolder=Zamy%20Clement%20.CLEMENT%20EDMOND%20ZAMY&cardNo=5132830734040124&securityCode=504&epMonth=11&epYear=2016&amount=500&currCode=978&orderRef=1421831833-13744&remark=

2015-01-22T14:58:49Z
ResponseParameter:  billNo: 1421831833-13744 | endTime:2015-01-22 14:58:49

2015-01-22T14:58:49Z
successcode=0&Ref=1421831833-13744&PayRef=6250620&Amt=500.0&Cur=978&prc=0&src=0&Ord=502301487070&Holder=Zamy Clement .CLEMENT EDMOND ZAMY&AuthId=283962&TxTime=2015-01-22 22:59:08.0&errMsg=Transaction completed







2015-01-22T16:31:45Z
RequestParameter:  billNo: 1421775694-25140 | startTime:2015-01-22 16:31:45

2015-01-22T16:31:45Z
https://www.pesopay.com/b2c2/eng/directPay/payComp.jsp?payType=N&merchantId=18139954&pMethod=VISA&lang=E&cardHolder=dominique%20mellac&cardNo=4972020223652672&securityCode=47&epMonth=09&epYear=2016&amount=200&currCode=978&orderRef=1421775694-25140&remark=

2015-01-22T16:31:46Z
ResponseParameter:  billNo: 1421775694-25140 | endTime:2015-01-22 16:31:46

2015-01-22T16:31:46Z
successcode=-1&Ref=&PayRef=&Amt=&Cur=&prc=&src=&Ord=&Holder=&AuthId=&TxTime=&errMsg=Invalid Card Verification Number


2015-01-22T17:46:47Z
RequestParameter:  billNo: 1421945016-25140 | startTime:2015-01-22 17:46:47

2015-01-22T17:46:47Z
https://www.pesopay.com/b2c2/eng/directPay/payComp.jsp?payType=N&merchantId=18139954&pMethod=VISA&lang=E&cardHolder=dominique%20mellac&cardNo=4972020223652672&securityCode=47&epMonth=09&epYear=2016&amount=200&currCode=978&orderRef=1421945016-25140&remark=

2015-01-22T17:46:48Z
ResponseParameter:  billNo: 1421945016-25140 | endTime:2015-01-22 17:46:48

2015-01-22T17:46:48Z
successcode=-1&Ref=&PayRef=&Amt=&Cur=&prc=&src=&Ord=&Holder=&AuthId=&TxTime=&errMsg=Invalid Card Verification Number


