2015-07-14T08:22:28Z
RequestParameter:  CardNumber: 537207F5QXAM3DCVFK07 | startTime:2015-07-14 08:22:28

2015-07-14T08:22:28Z
Array
(
    [ptok[5372070400806768]] => D
)


2015-07-14T08:22:29Z
ResponseParameter:  CardNumber: 537207F5QXAM3DCVFK07 | endTime:2015-07-14 08:22:29

2015-07-14T08:22:29Z
<?xml version="1.0" encoding="UTF-8"?>
<response><status>ok</status><count><success>1</success><failure>0</failure></count><errors/><result>0</result></response>


2015-07-14T10:14:36Z
RequestParameter:  CardNumber: 532162JPBE1KXNWFP0MU | startTime:2015-07-14 10:14:36

2015-07-14T10:14:36Z
Array
(
    [ptok[5321622338137740]] => D
)


2015-07-14T10:14:38Z
ResponseParameter:  CardNumber: 532162JPBE1KXNWFP0MU | endTime:2015-07-14 10:14:38

2015-07-14T10:14:38Z
<?xml version="1.0" encoding="UTF-8"?>
<response><status>ok</status><count><success>1</success><failure>0</failure></count><errors/><result>0</result></response>


