2016-01-21T03:22:48Z
End Point: https://gw2sandbox.tpro.lv:8443/gw2test/gwprocessor2.php?a=init billNo: TEST2016012101

2016-01-21T03:22:48Z
Init RequestParameter:  billNo: TEST2016012101

2016-01-21T03:22:48Z
Array
(
    [guid] => RRSG-5628-0LB6-5EA3
    [pwd] => 9f77f9720dbc680d306f920dd6c0e14da0995b0e
    [rs] => IM02
    [merchant_transaction_id] => TEST2016012101
    [user_ip] => 112.211.18.77
    [description] => E-Commerce Purchase
    [amount] => 1000
    [currency] => USD
    [name_on_card] => JUAN DELA CRUZ
    [street] => 12345678 qwertyu
    [zip] => 1204
    [city] => MAKATI
    [country] => PH
    [state] => NA
    [email] => JOHNDOEAPPROVE@EXAMPLE.COM
    [phone] => 123456
    [card_bin] => 541333
    [merchant_site_url] => http://www.vente-privee.com/
    [custom_return_url] => https://3dsecure.ecommsecure.com/acs/venteprivee1/002?billNo=ZZZZZZZ
)


2016-01-21T03:22:55Z
Init ResponseParameter:  billNo: TEST2016012101

2016-01-21T03:22:55Z
Array
(
    [rc] => 0
    [result] => OK:24031965b3dcde658d39283282cf88bf61b6820c
)


2016-01-21T03:22:55Z
End Point: https://gw2sandbox.tpro.lv:8443/gw2test/gwprocessor2.php?a=charge billNo: TEST2016012101

2016-01-21T03:22:55Z
Capture RequestParameter:  billNo: TEST2016012101

2016-01-21T03:22:55Z
Array
(
    [f_extended] => 5
    [init_transaction_id] => 24031965b3dcde658d39283282cf88bf61b6820c
    [cc] => 5************019
    [cvv] => ***
    [expire] => 01/19
)


2016-01-21T03:23:19Z
Capture ResponseParameter:  billNo: TEST2016012101

2016-01-21T03:23:19Z
Array
(
    [rc] => 0
    [result] => ID:24031965b3dcde658d39283282cf88bf61b6820c~Status:Failed~MerchantID:TEST2016012101~Terminal:Rietumu - non3D~ResultCode:129~ApprovalCode:-3~NameOnCard:JUAN DELA CRUZ~CardMasked:5413********0019
)


2016-01-21T03:26:06Z
End Point: https://gw2sandbox.tpro.lv:8443/gw2test/gwprocessor2.php?a=init billNo: TEST2016012102

2016-01-21T03:26:06Z
Init RequestParameter:  billNo: TEST2016012102

2016-01-21T03:26:06Z
Array
(
    [guid] => RRSG-5628-0LB6-5EA3
    [pwd] => 9f77f9720dbc680d306f920dd6c0e14da0995b0e
    [rs] => IM02
    [merchant_transaction_id] => TEST2016012102
    [user_ip] => 112.211.18.77
    [description] => E-Commerce Purchase
    [amount] => 1000
    [currency] => USD
    [name_on_card] => JUAN DELA CRUZ
    [street] => 12345678 qwertyu
    [zip] => 1204
    [city] => MAKATI
    [country] => PH
    [state] => NA
    [email] => JOHNDOEAPPROVE@EXAMPLE.COM
    [phone] => 123456
    [card_bin] => 541333
    [merchant_site_url] => http://www.vente-privee.com/
    [custom_return_url] => https://3dsecure.ecommsecure.com/acs/venteprivee1/002?billNo=ZZZZZZZ
)


2016-01-21T03:27:13Z
Init ResponseParameter:  billNo: TEST2016012102

2016-01-21T03:27:13Z
Array
(
    [rc] => 999
    [result] => SSL connect error
)


2016-01-21T03:27:53Z
End Point: https://gw2sandbox.tpro.lv:8443/gw2test/gwprocessor2.php?a=init billNo: TEST2016012103

2016-01-21T03:27:53Z
Init RequestParameter:  billNo: TEST2016012103

2016-01-21T03:27:53Z
Array
(
    [guid] => RRSG-5628-0LB6-5EA3
    [pwd] => 9f77f9720dbc680d306f920dd6c0e14da0995b0e
    [rs] => IM02
    [merchant_transaction_id] => TEST2016012103
    [user_ip] => 112.211.18.77
    [description] => E-Commerce Purchase
    [amount] => 1000
    [currency] => USD
    [name_on_card] => JUAN DELA CRUZ
    [street] => 12345678 qwertyu
    [zip] => 1204
    [city] => MAKATI
    [country] => PH
    [state] => NA
    [email] => JOHNDOEAPPROVE@EXAMPLE.COM
    [phone] => 123456
    [card_bin] => 541333
    [merchant_site_url] => http://www.vente-privee.com/
    [custom_return_url] => https://3dsecure.ecommsecure.com/acs/venteprivee1/002?billNo=ZZZZZZZ
)


2016-01-21T03:29:09Z
Init ResponseParameter:  billNo: TEST2016012103

2016-01-21T03:29:09Z
Array
(
    [rc] => 999
    [result] => SSL connect error
)


2016-01-21T03:34:13Z
End Point: https://gw2sandbox.tpro.lv:8443/gw2test/gwprocessor2.php?a=init billNo: TEST2016012104

2016-01-21T03:34:13Z
Init RequestParameter:  billNo: TEST2016012104

2016-01-21T03:34:13Z
Array
(
    [guid] => RRSG-5628-0LB6-5EA3
    [pwd] => 9f77f9720dbc680d306f920dd6c0e14da0995b0e
    [rs] => IM02
    [merchant_transaction_id] => TEST2016012104
    [user_ip] => 112.211.18.77
    [description] => E-Commerce Purchase
    [amount] => 1000
    [currency] => USD
    [name_on_card] => JUAN DELA CRUZ
    [street] => 12345678 qwertyu
    [zip] => 1204
    [city] => MAKATI
    [country] => PH
    [state] => NA
    [email] => JOHNDOEAPPROVE@EXAMPLE.COM
    [phone] => 123456
    [card_bin] => 541333
    [merchant_site_url] => http://www.vente-privee.com/
    [custom_return_url] => https://3dsecure.ecommsecure.com/acs/venteprivee1/002?billNo=ZZZZZZZ
)


2016-01-21T03:35:16Z
Init ResponseParameter:  billNo: TEST2016012104

2016-01-21T03:35:16Z
Array
(
    [rc] => 999
    [result] => SSL connect error
)


2016-01-21T03:40:12Z
End Point: https://gw2sandbox.tpro.lv:8443/gw2test/gwprocessor2.php?a=init billNo: TEST2016012105

2016-01-21T03:40:12Z
Init RequestParameter:  billNo: TEST2016012105

2016-01-21T03:40:12Z
Array
(
    [guid] => RRSG-5628-0LB6-5EA3
    [pwd] => 9f77f9720dbc680d306f920dd6c0e14da0995b0e
    [rs] => IM02
    [merchant_transaction_id] => TEST2016012105
    [user_ip] => 112.211.18.77
    [description] => E-Commerce Purchase
    [amount] => 1000
    [currency] => USD
    [name_on_card] => JUAN DELA CRUZ
    [street] => 12345678 qwertyu
    [zip] => 1204
    [city] => MAKATI
    [country] => PH
    [state] => NA
    [email] => JOHNDOEAPPROVE@EXAMPLE.COM
    [phone] => 123456
    [card_bin] => 541333
    [merchant_site_url] => http://www.vente-privee.com/
    [custom_return_url] => https://3dsecure.ecommsecure.com/acs/venteprivee1/002?billNo=ZZZZZZZ
)


2016-01-21T03:40:14Z
Init ResponseParameter:  billNo: TEST2016012105

2016-01-21T03:40:14Z
Array
(
    [rc] => 0
    [result] => OK:0595cc8424e5062ee1248790e820a3b619e6edee
)


2016-01-21T03:40:14Z
End Point: https://gw2sandbox.tpro.lv:8443/gw2test/gwprocessor2.php?a=charge billNo: TEST2016012105

2016-01-21T03:40:14Z
Capture RequestParameter:  billNo: TEST2016012105

2016-01-21T03:40:14Z
Array
(
    [f_extended] => 5
    [init_transaction_id] => 0595cc8424e5062ee1248790e820a3b619e6edee
    [cc] => 5************019
    [cvv] => ***
    [expire] => 01/18
)


2016-01-21T03:40:17Z
Capture ResponseParameter:  billNo: TEST2016012105

2016-01-21T03:40:17Z
Array
(
    [rc] => 0
    [result] => ID:0595cc8424e5062ee1248790e820a3b619e6edee~Status:Success~MerchantID:TEST2016012105~Terminal:Rietumu - non3D~ResultCode:000~ApprovalCode:983463~NameOnCard:JUAN DELA CRUZ~CardMasked:5413********0019
)


