2016-01-11T07:33:24Z
RequestParameter:  billNo: TEST201601050849 | startTime:2016-01-11 07:33:24

2016-01-11T07:33:24Z
Array
(
    [MODE] => U
    [FRMT] => XML
    [VERS] => 0630
    [MERC] => 680000
    [SESS] => TEST201601050849
    [TRAN] => 373J0JJ4B7GN
    [AUTH] => D
    [MACK] => Y
)


2016-01-11T07:33:25Z
ResponseParameter:  billNo: TEST201601050849 | endTime:2016-01-11 07:33:25

2016-01-11T07:33:25Z
<?xml version="1.0" encoding="UTF-8"?>
<RESPONSE>
  <VERS>0630</VERS>
  <MODE>U</MODE>
  <TRAN>373J0JJ4B7GN</TRAN>
  <MERC>680000</MERC>
  <SESS>TEST201601050849</SESS>
  <RULES_TRIGGERED>0</RULES_TRIGGERED>
  <COUNTERS_TRIGGERED>0</COUNTERS_TRIGGERED>
  <REASON_CODE></REASON_CODE>
  <MASTERCARD></MASTERCARD>
  <WARNING_COUNT>0</WARNING_COUNT>
</RESPONSE>

2016-01-11T07:41:44Z
RequestParameter:  billNo: TEST201601050850 | startTime:2016-01-11 07:41:44

2016-01-11T07:41:44Z
Array
(
    [MODE] => U
    [FRMT] => XML
    [VERS] => 0630
    [MERC] => 680000
    [SESS] => TEST201601050850
    [TRAN] => 373J0YHGC99V
    [AUTH] => D
    [MACK] => Y
)


2016-01-11T07:41:45Z
ResponseParameter:  billNo: TEST201601050850 | endTime:2016-01-11 07:41:45

2016-01-11T07:41:45Z
<?xml version="1.0" encoding="UTF-8"?>
<RESPONSE>
  <VERS>0630</VERS>
  <MODE>U</MODE>
  <TRAN>373J0YHGC99V</TRAN>
  <MERC>680000</MERC>
  <SESS>TEST201601050850</SESS>
  <RULES_TRIGGERED>0</RULES_TRIGGERED>
  <COUNTERS_TRIGGERED>0</COUNTERS_TRIGGERED>
  <REASON_CODE></REASON_CODE>
  <MASTERCARD></MASTERCARD>
  <WARNING_COUNT>0</WARNING_COUNT>
</RESPONSE>

2016-01-11T09:14:12Z
RequestParameter:  billNo: TEST201601050850 | startTime:2016-01-11 09:14:12

2016-01-11T09:14:12Z
Array
(
    [MODE] => U
    [FRMT] => XML
    [VERS] => 0630
    [MERC] => 680000
    [SESS] => TEST201601050850
    [TRAN] => 373J0YHGC99V
    [AUTH] => D
    [MACK] => Y
)


2016-01-11T09:14:13Z
ResponseParameter:  billNo: TEST201601050850 | endTime:2016-01-11 09:14:13

2016-01-11T09:14:13Z
<?xml version="1.0" encoding="UTF-8"?>
<RESPONSE>
  <VERS>0630</VERS>
  <MODE>U</MODE>
  <TRAN>373J0YHGC99V</TRAN>
  <MERC>680000</MERC>
  <SESS>TEST201601050850</SESS>
  <RULES_TRIGGERED>0</RULES_TRIGGERED>
  <COUNTERS_TRIGGERED>0</COUNTERS_TRIGGERED>
  <REASON_CODE></REASON_CODE>
  <MASTERCARD></MASTERCARD>
  <WARNING_COUNT>0</WARNING_COUNT>
</RESPONSE>

2016-01-11T09:23:32Z
RequestParameter:  billNo: TEST2016011102 | startTime:2016-01-11 09:23:32

2016-01-11T09:23:32Z
Array
(
    [MODE] => U
    [FRMT] => XML
    [VERS] => 0630
    [MERC] => 680000
    [SESS] => TEST2016011102
    [TRAN] => 373G08N3VPP9
    [AUTH] => D
    [MACK] => Y
)


2016-01-11T09:23:33Z
ResponseParameter:  billNo: TEST2016011102 | endTime:2016-01-11 09:23:33

2016-01-11T09:23:33Z
<?xml version="1.0" encoding="UTF-8"?>
<RESPONSE>
  <VERS>0630</VERS>
  <MODE>U</MODE>
  <TRAN>373G08N3VPP9</TRAN>
  <MERC>680000</MERC>
  <SESS>TEST2016011102</SESS>
  <RULES_TRIGGERED>0</RULES_TRIGGERED>
  <COUNTERS_TRIGGERED>0</COUNTERS_TRIGGERED>
  <REASON_CODE></REASON_CODE>
  <MASTERCARD></MASTERCARD>
  <WARNING_COUNT>0</WARNING_COUNT>
</RESPONSE>

2016-01-11T09:34:12Z
RequestParameter:  billNo: TEST2016011103 | startTime:2016-01-11 09:34:12

2016-01-11T09:34:12Z
Array
(
    [MODE] => U
    [FRMT] => XML
    [VERS] => 0630
    [MERC] => 680000
    [SESS] => TEST2016011103
    [TRAN] => 373G07RYT32Z
    [AUTH] => D
    [MACK] => Y
)


2016-01-11T09:34:13Z
ResponseParameter:  billNo: TEST2016011103 | endTime:2016-01-11 09:34:13

2016-01-11T09:34:13Z
<?xml version="1.0" encoding="UTF-8"?>
<RESPONSE>
  <VERS>0630</VERS>
  <MODE>U</MODE>
  <TRAN>373G07RYT32Z</TRAN>
  <MERC>680000</MERC>
  <SESS>TEST2016011103</SESS>
  <RULES_TRIGGERED>0</RULES_TRIGGERED>
  <COUNTERS_TRIGGERED>0</COUNTERS_TRIGGERED>
  <REASON_CODE></REASON_CODE>
  <MASTERCARD></MASTERCARD>
  <WARNING_COUNT>0</WARNING_COUNT>
</RESPONSE>

2016-01-11T09:38:20Z
RequestParameter:  billNo: TEST2016011104 | startTime:2016-01-11 09:38:20

2016-01-11T09:38:20Z
Array
(
    [MODE] => U
    [FRMT] => XML
    [VERS] => 0630
    [MERC] => 680000
    [SESS] => TEST2016011104
    [TRAN] => 373G012LM0DC
    [AUTH] => D
    [MACK] => Y
)


2016-01-11T09:38:20Z
ResponseParameter:  billNo: TEST2016011104 | endTime:2016-01-11 09:38:20

2016-01-11T09:38:20Z
<?xml version="1.0" encoding="UTF-8"?>
<RESPONSE>
  <VERS>0630</VERS>
  <MODE>U</MODE>
  <TRAN>373G012LM0DC</TRAN>
  <MERC>680000</MERC>
  <SESS>TEST2016011104</SESS>
  <RULES_TRIGGERED>0</RULES_TRIGGERED>
  <COUNTERS_TRIGGERED>0</COUNTERS_TRIGGERED>
  <REASON_CODE></REASON_CODE>
  <MASTERCARD></MASTERCARD>
  <WARNING_COUNT>0</WARNING_COUNT>
</RESPONSE>

