2016-03-08T06:27:52Z
RequestParameter:  billNo: TEST20160308003 | startTime:2016-03-08 06:27:52

2016-03-08T06:27:52Z
Array
(
    [MODE] => P
    [FRMT] => XML
    [VERS] => 0630
    [MERC] => 680000
    [UDF[CUSTOMER_IPAD]] => 
    [SESS] => TEST20160308003
    [ORDR] => TEST20160308003
    [CURR] => USD
    [PENC] => KHASH
    [PTYP] => CARD
    [PTOK] => 541333J57QNPX4I65H8H
    [IPAD] => 10.0.0.1
    [MACK] => Y
    [AUTH] => A
    [PROD_DESC[0]] => Product Description
    [PROD_TYPE[0]] => Product Type
    [PROD_ITEM[0]] => Product Item
    [PROD_QUANT[0]] => 1
    [PROD_PRICE[0]] => 1000
    [TOTL] => 1000
    [SITE] => VERT999
    [UDF[MERCHANT_ID]] => PSIMERCH999

    [NAME] => JUAN DELA CRUZ
    [B2A1] => 12345678 qwertyu
    [B2CC] => PH
    [B2CI] => MAKATI
    [B2PC] => 1204
    [B2PN] => 123456
    [B2ST] => NA
    [S2A1] => 
    [S2CC] => 
    [S2CI] => 
    [S2EM] => 
    [S2NM] =>  
    [S2PC] => 
    [S2PN] => 
    [S2ST] => 
    [SHTP] => 
    [CASH] => 10
    [DOB] => 1984-01-01
    [GENDER] => M
    [EMAL] => JOHNDOEAPPROVE@EXAMPLE.COM
    [ANID] => 123456
)


2016-03-08T06:27:54Z
ResponseParameter:  billNo: TEST20160308003 | endTime:2016-03-08 06:27:54

2016-03-08T06:27:54Z
<?xml version="1.0" encoding="UTF-8"?>
<RESPONSE>
  <VERS>0630</VERS>
  <MODE>P</MODE>
  <TRAN>PK3Z0S2RGT98</TRAN>
  <MERC>680000</MERC>
  <SESS>TEST20160308003</SESS>
  <ORDR>TEST20160308003</ORDR>
  <AUTO>A</AUTO>
  <SCOR>31</SCOR>
  <GEOX>US</GEOX>
  <BRND>MSTR</BRND>
  <REGN></REGN>
  <NETW>N</NETW>
  <KAPT>N</KAPT>
  <CARDS>2</CARDS>
  <DEVICES>1</DEVICES>
  <EMAILS>1</EMAILS>
  <VELO>1</VELO>
  <VMAX>1</VMAX>
  <RULES_TRIGGERED>4</RULES_TRIGGERED>
  <RULE_ID_0>383608</RULE_ID_0>
  <RULE_DESCRIPTION_0>GEO Billing &lt;&gt; BIN Country (1pt)</RULE_DESCRIPTION_0>
  <RULE_ID_1>330730</RULE_ID_1>
  <RULE_DESCRIPTION_1>FRAUD_SCRD GEO Counter Triggered (5pts)</RULE_DESCRIPTION_1>
  <RULE_ID_2>330814</RULE_ID_2>
  <RULE_DESCRIPTION_2>Approve VIP List Email</RULE_DESCRIPTION_2>
  <RULE_ID_3>345042</RULE_ID_3>
  <RULE_DESCRIPTION_3>Decline Customer Email Validation</RULE_DESCRIPTION_3>
  <COUNTERS_TRIGGERED>2</COUNTERS_TRIGGERED>
  <COUNTER_NAME_0>GEO</COUNTER_NAME_0>
  <COUNTER_VALUE_0>1</COUNTER_VALUE_0>
  <COUNTER_NAME_1>FRAUD_SCRD</COUNTER_NAME_1>
  <COUNTER_VALUE_1>5</COUNTER_VALUE_1>
  <REASON_CODE></REASON_CODE>
  <MASTERCARD></MASTERCARD>
  <DDFS></DDFS>
  <DSR></DSR>
  <UAS></UAS>
  <BROWSER></BROWSER>
  <OS></OS>
  <PIP_IPAD></PIP_IPAD>
  <PIP_LAT></PIP_LAT>
  <PIP_LON></PIP_LON>
  <PIP_COUNTRY></PIP_COUNTRY>
  <PIP_REGION></PIP_REGION>
  <PIP_CITY></PIP_CITY>
  <PIP_ORG></PIP_ORG>
  <IP_IPAD></IP_IPAD>
  <IP_LAT></IP_LAT>
  <IP_LON></IP_LON>
  <IP_COUNTRY></IP_COUNTRY>
  <IP_REGION></IP_REGION>
  <IP_CITY></IP_CITY>
  <IP_ORG></IP_ORG>
  <WARNING_COUNT>0</WARNING_COUNT>
</RESPONSE>

2016-03-08T07:18:16Z
RequestParameter:  billNo: TEST20160308004 | startTime:2016-03-08 07:18:16

2016-03-08T07:18:16Z
Array
(
    [MODE] => P
    [FRMT] => XML
    [VERS] => 0630
    [MERC] => 680000
    [UDF[CUSTOMER_IPAD]] => 
    [SESS] => TEST20160308004
    [ORDR] => TEST20160308004
    [CURR] => USD
    [PENC] => KHASH
    [PTYP] => CARD
    [PTOK] => 541333J57QNPX4I65H8H
    [IPAD] => 10.0.0.1
    [MACK] => Y
    [AUTH] => A
    [PROD_DESC[0]] => Product Description
    [PROD_TYPE[0]] => Product Type
    [PROD_ITEM[0]] => Product Item
    [PROD_QUANT[0]] => 1
    [PROD_PRICE[0]] => 1000
    [TOTL] => 1000
    [SITE] => VERT999
    [UDF[MERCHANT_ID]] => PSIMERCH999

    [NAME] => JUAN DELA CRUZ
    [B2A1] => 12345678 qwertyu
    [B2CC] => PH
    [B2CI] => MAKATI
    [B2PC] => 1204
    [B2PN] => 123456
    [B2ST] => NA
    [S2A1] => 
    [S2CC] => 
    [S2CI] => 
    [S2EM] => 
    [S2NM] =>  
    [S2PC] => 
    [S2PN] => 
    [S2ST] => 
    [SHTP] => 
    [CASH] => 10
    [DOB] => 1984-01-01
    [GENDER] => M
    [EMAL] => JOHNDOEAPPROVE@EXAMPLE.COM
    [ANID] => 123456
)


2016-03-08T07:18:18Z
ResponseParameter:  billNo: TEST20160308004 | endTime:2016-03-08 07:18:18

2016-03-08T07:18:18Z
<?xml version="1.0" encoding="UTF-8"?>
<RESPONSE>
  <VERS>0630</VERS>
  <MODE>P</MODE>
  <TRAN>PK3804649M29</TRAN>
  <MERC>680000</MERC>
  <SESS>TEST20160308004</SESS>
  <ORDR>TEST20160308004</ORDR>
  <AUTO>A</AUTO>
  <SCOR>31</SCOR>
  <GEOX>US</GEOX>
  <BRND>MSTR</BRND>
  <REGN></REGN>
  <NETW>N</NETW>
  <KAPT>N</KAPT>
  <CARDS>2</CARDS>
  <DEVICES>1</DEVICES>
  <EMAILS>1</EMAILS>
  <VELO>2</VELO>
  <VMAX>2</VMAX>
  <RULES_TRIGGERED>4</RULES_TRIGGERED>
  <RULE_ID_0>383608</RULE_ID_0>
  <RULE_DESCRIPTION_0>GEO Billing &lt;&gt; BIN Country (1pt)</RULE_DESCRIPTION_0>
  <RULE_ID_1>330730</RULE_ID_1>
  <RULE_DESCRIPTION_1>FRAUD_SCRD GEO Counter Triggered (5pts)</RULE_DESCRIPTION_1>
  <RULE_ID_2>330814</RULE_ID_2>
  <RULE_DESCRIPTION_2>Approve VIP List Email</RULE_DESCRIPTION_2>
  <RULE_ID_3>345042</RULE_ID_3>
  <RULE_DESCRIPTION_3>Decline Customer Email Validation</RULE_DESCRIPTION_3>
  <COUNTERS_TRIGGERED>2</COUNTERS_TRIGGERED>
  <COUNTER_NAME_0>GEO</COUNTER_NAME_0>
  <COUNTER_VALUE_0>1</COUNTER_VALUE_0>
  <COUNTER_NAME_1>FRAUD_SCRD</COUNTER_NAME_1>
  <COUNTER_VALUE_1>5</COUNTER_VALUE_1>
  <REASON_CODE></REASON_CODE>
  <MASTERCARD></MASTERCARD>
  <DDFS></DDFS>
  <DSR></DSR>
  <UAS></UAS>
  <BROWSER></BROWSER>
  <OS></OS>
  <PIP_IPAD></PIP_IPAD>
  <PIP_LAT></PIP_LAT>
  <PIP_LON></PIP_LON>
  <PIP_COUNTRY></PIP_COUNTRY>
  <PIP_REGION></PIP_REGION>
  <PIP_CITY></PIP_CITY>
  <PIP_ORG></PIP_ORG>
  <IP_IPAD></IP_IPAD>
  <IP_LAT></IP_LAT>
  <IP_LON></IP_LON>
  <IP_COUNTRY></IP_COUNTRY>
  <IP_REGION></IP_REGION>
  <IP_CITY></IP_CITY>
  <IP_ORG></IP_ORG>
  <WARNING_COUNT>0</WARNING_COUNT>
</RESPONSE>

2016-03-08T07:20:34Z
RequestParameter:  billNo: TEST20160308005 | startTime:2016-03-08 07:20:34

2016-03-08T07:20:34Z
Array
(
    [MODE] => P
    [FRMT] => XML
    [VERS] => 0630
    [MERC] => 680000
    [UDF[CUSTOMER_IPAD]] => 
    [SESS] => TEST20160308005
    [ORDR] => TEST20160308005
    [CURR] => USD
    [PENC] => KHASH
    [PTYP] => CARD
    [PTOK] => 541333J57QNPX4I65H8H
    [IPAD] => 10.0.0.1
    [MACK] => Y
    [AUTH] => A
    [PROD_DESC[0]] => Product Description
    [PROD_TYPE[0]] => Product Type
    [PROD_ITEM[0]] => Product Item
    [PROD_QUANT[0]] => 1
    [PROD_PRICE[0]] => 1000
    [TOTL] => 1000
    [SITE] => VERT999
    [UDF[MERCHANT_ID]] => PSIMERCH999

    [NAME] => JUAN DELA CRUZ
    [B2A1] => 12345678 qwertyu
    [B2CC] => PH
    [B2CI] => MAKATI
    [B2PC] => 1204
    [B2PN] => 123456
    [B2ST] => NA
    [S2A1] => 
    [S2CC] => 
    [S2CI] => 
    [S2EM] => 
    [S2NM] =>  
    [S2PC] => 
    [S2PN] => 
    [S2ST] => 
    [SHTP] => 
    [CASH] => 10
    [DOB] => 1984-01-01
    [GENDER] => M
    [EMAL] => JOHNDOEAPPROVE@EXAMPLE.COM
    [ANID] => 123456
)


2016-03-08T07:20:36Z
ResponseParameter:  billNo: TEST20160308005 | endTime:2016-03-08 07:20:36

2016-03-08T07:20:36Z
<?xml version="1.0" encoding="UTF-8"?>
<RESPONSE>
  <VERS>0630</VERS>
  <MODE>P</MODE>
  <TRAN>PK380RCV8PVM</TRAN>
  <MERC>680000</MERC>
  <SESS>TEST20160308005</SESS>
  <ORDR>TEST20160308005</ORDR>
  <AUTO>A</AUTO>
  <SCOR>31</SCOR>
  <GEOX>US</GEOX>
  <BRND>MSTR</BRND>
  <REGN></REGN>
  <NETW>N</NETW>
  <KAPT>N</KAPT>
  <CARDS>2</CARDS>
  <DEVICES>1</DEVICES>
  <EMAILS>1</EMAILS>
  <VELO>3</VELO>
  <VMAX>3</VMAX>
  <RULES_TRIGGERED>4</RULES_TRIGGERED>
  <RULE_ID_0>383608</RULE_ID_0>
  <RULE_DESCRIPTION_0>GEO Billing &lt;&gt; BIN Country (1pt)</RULE_DESCRIPTION_0>
  <RULE_ID_1>330730</RULE_ID_1>
  <RULE_DESCRIPTION_1>FRAUD_SCRD GEO Counter Triggered (5pts)</RULE_DESCRIPTION_1>
  <RULE_ID_2>330814</RULE_ID_2>
  <RULE_DESCRIPTION_2>Approve VIP List Email</RULE_DESCRIPTION_2>
  <RULE_ID_3>345042</RULE_ID_3>
  <RULE_DESCRIPTION_3>Decline Customer Email Validation</RULE_DESCRIPTION_3>
  <COUNTERS_TRIGGERED>2</COUNTERS_TRIGGERED>
  <COUNTER_NAME_0>GEO</COUNTER_NAME_0>
  <COUNTER_VALUE_0>1</COUNTER_VALUE_0>
  <COUNTER_NAME_1>FRAUD_SCRD</COUNTER_NAME_1>
  <COUNTER_VALUE_1>5</COUNTER_VALUE_1>
  <REASON_CODE></REASON_CODE>
  <MASTERCARD></MASTERCARD>
  <DDFS></DDFS>
  <DSR></DSR>
  <UAS></UAS>
  <BROWSER></BROWSER>
  <OS></OS>
  <PIP_IPAD></PIP_IPAD>
  <PIP_LAT></PIP_LAT>
  <PIP_LON></PIP_LON>
  <PIP_COUNTRY></PIP_COUNTRY>
  <PIP_REGION></PIP_REGION>
  <PIP_CITY></PIP_CITY>
  <PIP_ORG></PIP_ORG>
  <IP_IPAD></IP_IPAD>
  <IP_LAT></IP_LAT>
  <IP_LON></IP_LON>
  <IP_COUNTRY></IP_COUNTRY>
  <IP_REGION></IP_REGION>
  <IP_CITY></IP_CITY>
  <IP_ORG></IP_ORG>
  <WARNING_COUNT>0</WARNING_COUNT>
</RESPONSE>

2016-03-08T07:31:10Z
RequestParameter:  billNo: TEST20160308006 | startTime:2016-03-08 07:31:10

2016-03-08T07:31:10Z
Array
(
    [MODE] => P
    [FRMT] => XML
    [VERS] => 0630
    [MERC] => 680000
    [UDF[CUSTOMER_IPAD]] => 
    [SESS] => TEST20160308006
    [ORDR] => TEST20160308006
    [CURR] => USD
    [PENC] => KHASH
    [PTYP] => CARD
    [PTOK] => 541333J57QNPX4I65H8H
    [IPAD] => 10.0.0.1
    [MACK] => Y
    [AUTH] => A
    [PROD_DESC[0]] => Product Description
    [PROD_TYPE[0]] => Product Type
    [PROD_ITEM[0]] => Product Item
    [PROD_QUANT[0]] => 1
    [PROD_PRICE[0]] => 1000
    [TOTL] => 1000
    [SITE] => VERT999
    [UDF[MERCHANT_ID]] => PSIMERCH999

    [NAME] => JUAN DELA CRUZ
    [B2A1] => 12345678 qwertyu
    [B2CC] => PH
    [B2CI] => MAKATI
    [B2PC] => 1204
    [B2PN] => 123456
    [B2ST] => NA
    [S2A1] => 
    [S2CC] => 
    [S2CI] => 
    [S2EM] => 
    [S2NM] =>  
    [S2PC] => 
    [S2PN] => 
    [S2ST] => 
    [SHTP] => 
    [CASH] => 10
    [DOB] => 1984-01-01
    [GENDER] => M
    [EMAL] => JOHNDOEAPPROVE@EXAMPLE.COM
    [ANID] => 123456
)


2016-03-08T07:31:11Z
ResponseParameter:  billNo: TEST20160308006 | endTime:2016-03-08 07:31:11

2016-03-08T07:31:11Z
<?xml version="1.0" encoding="UTF-8"?>
<RESPONSE>
  <VERS>0630</VERS>
  <MODE>P</MODE>
  <TRAN>PK380DG57HP8</TRAN>
  <MERC>680000</MERC>
  <SESS>TEST20160308006</SESS>
  <ORDR>TEST20160308006</ORDR>
  <AUTO>A</AUTO>
  <SCOR>31</SCOR>
  <GEOX>US</GEOX>
  <BRND>MSTR</BRND>
  <REGN></REGN>
  <NETW>N</NETW>
  <KAPT>N</KAPT>
  <CARDS>2</CARDS>
  <DEVICES>1</DEVICES>
  <EMAILS>1</EMAILS>
  <VELO>4</VELO>
  <VMAX>4</VMAX>
  <RULES_TRIGGERED>4</RULES_TRIGGERED>
  <RULE_ID_0>383608</RULE_ID_0>
  <RULE_DESCRIPTION_0>GEO Billing &lt;&gt; BIN Country (1pt)</RULE_DESCRIPTION_0>
  <RULE_ID_1>330730</RULE_ID_1>
  <RULE_DESCRIPTION_1>FRAUD_SCRD GEO Counter Triggered (5pts)</RULE_DESCRIPTION_1>
  <RULE_ID_2>330814</RULE_ID_2>
  <RULE_DESCRIPTION_2>Approve VIP List Email</RULE_DESCRIPTION_2>
  <RULE_ID_3>345042</RULE_ID_3>
  <RULE_DESCRIPTION_3>Decline Customer Email Validation</RULE_DESCRIPTION_3>
  <COUNTERS_TRIGGERED>2</COUNTERS_TRIGGERED>
  <COUNTER_NAME_0>GEO</COUNTER_NAME_0>
  <COUNTER_VALUE_0>1</COUNTER_VALUE_0>
  <COUNTER_NAME_1>FRAUD_SCRD</COUNTER_NAME_1>
  <COUNTER_VALUE_1>5</COUNTER_VALUE_1>
  <REASON_CODE></REASON_CODE>
  <MASTERCARD></MASTERCARD>
  <DDFS></DDFS>
  <DSR></DSR>
  <UAS></UAS>
  <BROWSER></BROWSER>
  <OS></OS>
  <PIP_IPAD></PIP_IPAD>
  <PIP_LAT></PIP_LAT>
  <PIP_LON></PIP_LON>
  <PIP_COUNTRY></PIP_COUNTRY>
  <PIP_REGION></PIP_REGION>
  <PIP_CITY></PIP_CITY>
  <PIP_ORG></PIP_ORG>
  <IP_IPAD></IP_IPAD>
  <IP_LAT></IP_LAT>
  <IP_LON></IP_LON>
  <IP_COUNTRY></IP_COUNTRY>
  <IP_REGION></IP_REGION>
  <IP_CITY></IP_CITY>
  <IP_ORG></IP_ORG>
  <WARNING_COUNT>0</WARNING_COUNT>
</RESPONSE>

2016-03-08T08:34:03Z
RequestParameter:  billNo: TEST20160308007 | startTime:2016-03-08 08:34:03

2016-03-08T08:34:03Z
Array
(
    [MODE] => P
    [FRMT] => XML
    [VERS] => 0630
    [MERC] => 680000
    [UDF[CUSTOMER_IPAD]] => 
    [SESS] => TEST20160308007
    [ORDR] => TEST20160308007
    [CURR] => USD
    [PENC] => KHASH
    [PTYP] => CARD
    [PTOK] => 541333J57QNPX4I65H8H
    [IPAD] => 10.0.0.1
    [MACK] => Y
    [AUTH] => A
    [PROD_DESC[0]] => Product Description
    [PROD_TYPE[0]] => Product Type
    [PROD_ITEM[0]] => Product Item
    [PROD_QUANT[0]] => 1
    [PROD_PRICE[0]] => 1000
    [TOTL] => 1000
    [SITE] => VERT999
    [UDF[MERCHANT_ID]] => PSIMERCH999

    [NAME] => JUAN DELA CRUZ
    [B2A1] => 12345678 qwertyu
    [B2CC] => PH
    [B2CI] => MAKATI
    [B2PC] => 1204
    [B2PN] => 123456
    [B2ST] => NA
    [S2A1] => 
    [S2CC] => 
    [S2CI] => 
    [S2EM] => 
    [S2NM] =>  
    [S2PC] => 
    [S2PN] => 
    [S2ST] => 
    [SHTP] => 
    [CASH] => 10
    [DOB] => 1984-01-01
    [GENDER] => M
    [EMAL] => JOHNDOEAPPROVE@EXAMPLE.COM
    [ANID] => 123456
)


2016-03-08T08:34:04Z
ResponseParameter:  billNo: TEST20160308007 | endTime:2016-03-08 08:34:04

2016-03-08T08:34:04Z
<?xml version="1.0" encoding="UTF-8"?>
<RESPONSE>
  <VERS>0630</VERS>
  <MODE>P</MODE>
  <TRAN>PK3605YWTV0R</TRAN>
  <MERC>680000</MERC>
  <SESS>TEST20160308007</SESS>
  <ORDR>TEST20160308007</ORDR>
  <AUTO>A</AUTO>
  <SCOR>31</SCOR>
  <GEOX>US</GEOX>
  <BRND>MSTR</BRND>
  <REGN></REGN>
  <NETW>N</NETW>
  <KAPT>N</KAPT>
  <CARDS>2</CARDS>
  <DEVICES>1</DEVICES>
  <EMAILS>1</EMAILS>
  <VELO>5</VELO>
  <VMAX>5</VMAX>
  <RULES_TRIGGERED>4</RULES_TRIGGERED>
  <RULE_ID_0>383608</RULE_ID_0>
  <RULE_DESCRIPTION_0>GEO Billing &lt;&gt; BIN Country (1pt)</RULE_DESCRIPTION_0>
  <RULE_ID_1>330730</RULE_ID_1>
  <RULE_DESCRIPTION_1>FRAUD_SCRD GEO Counter Triggered (5pts)</RULE_DESCRIPTION_1>
  <RULE_ID_2>330814</RULE_ID_2>
  <RULE_DESCRIPTION_2>Approve VIP List Email</RULE_DESCRIPTION_2>
  <RULE_ID_3>345042</RULE_ID_3>
  <RULE_DESCRIPTION_3>Decline Customer Email Validation</RULE_DESCRIPTION_3>
  <COUNTERS_TRIGGERED>2</COUNTERS_TRIGGERED>
  <COUNTER_NAME_0>GEO</COUNTER_NAME_0>
  <COUNTER_VALUE_0>1</COUNTER_VALUE_0>
  <COUNTER_NAME_1>FRAUD_SCRD</COUNTER_NAME_1>
  <COUNTER_VALUE_1>5</COUNTER_VALUE_1>
  <REASON_CODE></REASON_CODE>
  <MASTERCARD></MASTERCARD>
  <DDFS></DDFS>
  <DSR></DSR>
  <UAS></UAS>
  <BROWSER></BROWSER>
  <OS></OS>
  <PIP_IPAD></PIP_IPAD>
  <PIP_LAT></PIP_LAT>
  <PIP_LON></PIP_LON>
  <PIP_COUNTRY></PIP_COUNTRY>
  <PIP_REGION></PIP_REGION>
  <PIP_CITY></PIP_CITY>
  <PIP_ORG></PIP_ORG>
  <IP_IPAD></IP_IPAD>
  <IP_LAT></IP_LAT>
  <IP_LON></IP_LON>
  <IP_COUNTRY></IP_COUNTRY>
  <IP_REGION></IP_REGION>
  <IP_CITY></IP_CITY>
  <IP_ORG></IP_ORG>
  <WARNING_COUNT>0</WARNING_COUNT>
</RESPONSE>

2016-03-08T08:38:45Z
RequestParameter:  billNo: TEST20160308009 | startTime:2016-03-08 08:38:45

2016-03-08T08:38:45Z
Array
(
    [MODE] => P
    [FRMT] => XML
    [VERS] => 0630
    [MERC] => 680000
    [UDF[CUSTOMER_IPAD]] => 
    [SESS] => TEST20160308009
    [ORDR] => TEST20160308009
    [CURR] => USD
    [PENC] => KHASH
    [PTYP] => CARD
    [PTOK] => 541333J57QNPX4I65H8H
    [IPAD] => 10.0.0.1
    [MACK] => Y
    [AUTH] => A
    [PROD_DESC[0]] => Product Description
    [PROD_TYPE[0]] => Product Type
    [PROD_ITEM[0]] => Product Item
    [PROD_QUANT[0]] => 1
    [PROD_PRICE[0]] => 1000
    [TOTL] => 1000
    [SITE] => VERT999
    [UDF[MERCHANT_ID]] => PSIMERCH999

    [NAME] => JUAN DELA CRUZ
    [B2A1] => 12345678 qwertyu
    [B2CC] => PH
    [B2CI] => MAKATI
    [B2PC] => 1204
    [B2PN] => 123456
    [B2ST] => NA
    [S2A1] => 
    [S2CC] => 
    [S2CI] => 
    [S2EM] => 
    [S2NM] =>  
    [S2PC] => 
    [S2PN] => 
    [S2ST] => 
    [SHTP] => 
    [CASH] => 10
    [DOB] => 1984-01-01
    [GENDER] => M
    [EMAL] => JOHNDOEAPPROVE@EXAMPLE.COM
    [ANID] => 123456
)


2016-03-08T08:38:46Z
ResponseParameter:  billNo: TEST20160308009 | endTime:2016-03-08 08:38:46

2016-03-08T08:38:46Z
<?xml version="1.0" encoding="UTF-8"?>
<RESPONSE>
  <VERS>0630</VERS>
  <MODE>P</MODE>
  <TRAN>PK360QRDVQYY</TRAN>
  <MERC>680000</MERC>
  <SESS>TEST20160308009</SESS>
  <ORDR>TEST20160308009</ORDR>
  <AUTO>A</AUTO>
  <SCOR>31</SCOR>
  <GEOX>US</GEOX>
  <BRND>MSTR</BRND>
  <REGN></REGN>
  <NETW>N</NETW>
  <KAPT>N</KAPT>
  <CARDS>2</CARDS>
  <DEVICES>1</DEVICES>
  <EMAILS>1</EMAILS>
  <VELO>6</VELO>
  <VMAX>6</VMAX>
  <RULES_TRIGGERED>4</RULES_TRIGGERED>
  <RULE_ID_0>383608</RULE_ID_0>
  <RULE_DESCRIPTION_0>GEO Billing &lt;&gt; BIN Country (1pt)</RULE_DESCRIPTION_0>
  <RULE_ID_1>330730</RULE_ID_1>
  <RULE_DESCRIPTION_1>FRAUD_SCRD GEO Counter Triggered (5pts)</RULE_DESCRIPTION_1>
  <RULE_ID_2>330814</RULE_ID_2>
  <RULE_DESCRIPTION_2>Approve VIP List Email</RULE_DESCRIPTION_2>
  <RULE_ID_3>345042</RULE_ID_3>
  <RULE_DESCRIPTION_3>Decline Customer Email Validation</RULE_DESCRIPTION_3>
  <COUNTERS_TRIGGERED>2</COUNTERS_TRIGGERED>
  <COUNTER_NAME_0>GEO</COUNTER_NAME_0>
  <COUNTER_VALUE_0>1</COUNTER_VALUE_0>
  <COUNTER_NAME_1>FRAUD_SCRD</COUNTER_NAME_1>
  <COUNTER_VALUE_1>5</COUNTER_VALUE_1>
  <REASON_CODE></REASON_CODE>
  <MASTERCARD></MASTERCARD>
  <DDFS></DDFS>
  <DSR></DSR>
  <UAS></UAS>
  <BROWSER></BROWSER>
  <OS></OS>
  <PIP_IPAD></PIP_IPAD>
  <PIP_LAT></PIP_LAT>
  <PIP_LON></PIP_LON>
  <PIP_COUNTRY></PIP_COUNTRY>
  <PIP_REGION></PIP_REGION>
  <PIP_CITY></PIP_CITY>
  <PIP_ORG></PIP_ORG>
  <IP_IPAD></IP_IPAD>
  <IP_LAT></IP_LAT>
  <IP_LON></IP_LON>
  <IP_COUNTRY></IP_COUNTRY>
  <IP_REGION></IP_REGION>
  <IP_CITY></IP_CITY>
  <IP_ORG></IP_ORG>
  <WARNING_COUNT>0</WARNING_COUNT>
</RESPONSE>

2016-03-08T08:41:26Z
RequestParameter:  billNo: TEST20160308010 | startTime:2016-03-08 08:41:26

2016-03-08T08:41:26Z
Array
(
    [MODE] => P
    [FRMT] => XML
    [VERS] => 0630
    [MERC] => 680000
    [UDF[CUSTOMER_IPAD]] => 
    [SESS] => TEST20160308010
    [ORDR] => TEST20160308010
    [CURR] => USD
    [PENC] => KHASH
    [PTYP] => CARD
    [PTOK] => 541333J57QNPX4I65H8H
    [IPAD] => 10.0.0.1
    [MACK] => Y
    [AUTH] => A
    [PROD_DESC[0]] => Product Description
    [PROD_TYPE[0]] => Product Type
    [PROD_ITEM[0]] => Product Item
    [PROD_QUANT[0]] => 1
    [PROD_PRICE[0]] => 1000
    [TOTL] => 1000
    [SITE] => VERT999
    [UDF[MERCHANT_ID]] => PSIMERCH999

    [NAME] => JUAN DELA CRUZ
    [B2A1] => 12345678 qwertyu
    [B2CC] => PH
    [B2CI] => MAKATI
    [B2PC] => 1204
    [B2PN] => 123456
    [B2ST] => NA
    [S2A1] => 
    [S2CC] => 
    [S2CI] => 
    [S2EM] => 
    [S2NM] =>  
    [S2PC] => 
    [S2PN] => 
    [S2ST] => 
    [SHTP] => 
    [CASH] => 10
    [DOB] => 1984-01-01
    [GENDER] => M
    [EMAL] => JOHNDOEAPPROVE@EXAMPLE.COM
    [ANID] => 123456
)


2016-03-08T08:41:28Z
ResponseParameter:  billNo: TEST20160308010 | endTime:2016-03-08 08:41:28

2016-03-08T08:41:28Z
<?xml version="1.0" encoding="UTF-8"?>
<RESPONSE>
  <VERS>0630</VERS>
  <MODE>P</MODE>
  <TRAN>PK360KXSTGKC</TRAN>
  <MERC>680000</MERC>
  <SESS>TEST20160308010</SESS>
  <ORDR>TEST20160308010</ORDR>
  <AUTO>A</AUTO>
  <SCOR>31</SCOR>
  <GEOX>US</GEOX>
  <BRND>MSTR</BRND>
  <REGN></REGN>
  <NETW>N</NETW>
  <KAPT>N</KAPT>
  <CARDS>2</CARDS>
  <DEVICES>1</DEVICES>
  <EMAILS>1</EMAILS>
  <VELO>7</VELO>
  <VMAX>7</VMAX>
  <RULES_TRIGGERED>4</RULES_TRIGGERED>
  <RULE_ID_0>383608</RULE_ID_0>
  <RULE_DESCRIPTION_0>GEO Billing &lt;&gt; BIN Country (1pt)</RULE_DESCRIPTION_0>
  <RULE_ID_1>330730</RULE_ID_1>
  <RULE_DESCRIPTION_1>FRAUD_SCRD GEO Counter Triggered (5pts)</RULE_DESCRIPTION_1>
  <RULE_ID_2>330814</RULE_ID_2>
  <RULE_DESCRIPTION_2>Approve VIP List Email</RULE_DESCRIPTION_2>
  <RULE_ID_3>345042</RULE_ID_3>
  <RULE_DESCRIPTION_3>Decline Customer Email Validation</RULE_DESCRIPTION_3>
  <COUNTERS_TRIGGERED>2</COUNTERS_TRIGGERED>
  <COUNTER_NAME_0>GEO</COUNTER_NAME_0>
  <COUNTER_VALUE_0>1</COUNTER_VALUE_0>
  <COUNTER_NAME_1>FRAUD_SCRD</COUNTER_NAME_1>
  <COUNTER_VALUE_1>5</COUNTER_VALUE_1>
  <REASON_CODE></REASON_CODE>
  <MASTERCARD></MASTERCARD>
  <DDFS></DDFS>
  <DSR></DSR>
  <UAS></UAS>
  <BROWSER></BROWSER>
  <OS></OS>
  <PIP_IPAD></PIP_IPAD>
  <PIP_LAT></PIP_LAT>
  <PIP_LON></PIP_LON>
  <PIP_COUNTRY></PIP_COUNTRY>
  <PIP_REGION></PIP_REGION>
  <PIP_CITY></PIP_CITY>
  <PIP_ORG></PIP_ORG>
  <IP_IPAD></IP_IPAD>
  <IP_LAT></IP_LAT>
  <IP_LON></IP_LON>
  <IP_COUNTRY></IP_COUNTRY>
  <IP_REGION></IP_REGION>
  <IP_CITY></IP_CITY>
  <IP_ORG></IP_ORG>
  <WARNING_COUNT>0</WARNING_COUNT>
</RESPONSE>

