2016-01-12T08:09:22Z
RequestParameter:  billNo: TEST2016011201 | startTime:2016-01-12 08:09:22

2016-01-12T08:09:22Z
Array
(
    [MODE] => P
    [FRMT] => XML
    [VERS] => 0630
    [MERC] => 680000
    [UDF[CUSTOMER_IPAD]] => 112.211.18.77
    [SESS] => TEST2016011201
    [ORDR] => TEST2016011201
    [CURR] => USD
    [PENC] => KHASH
    [PTYP] => CARD
    [PTOK] => 541333J57QNPX4I65H8H
    [IPAD] => 10.0.0.1
    [MACK] => Y
    [AUTH] => A
    [PROD_DESC[0]] => Product Description
    [PROD_TYPE[0]] => Product Type
    [PROD_ITEM[0]] => Product Item
    [PROD_QUANT[0]] => 1
    [PROD_PRICE[0]] => 1000
    [TOTL] => 1000
    [SITE] => VERT999
    [UDF[MERCHANT_ID]] => PSIMERCH999

    [NAME] => JUAN DELA CRUZ
    [B2A1] => 12345678 qwertyu
    [B2CC] => PH
    [B2CI] => MAKATI
    [B2PC] => 1204
    [B2PN] => 123456
    [B2ST] => NA
    [S2A1] => 
    [S2CC] => 
    [S2CI] => 
    [S2EM] => 
    [S2NM] =>  
    [S2PC] => 
    [S2PN] => 
    [S2ST] => 
    [SHTP] => 
    [CASH] => 10
    [DOB] => 1984-01-01
    [GENDER] => M
    [EMAL] => JOHNDOEAPPROVE@EXAMPLE.COM
    [ANID] => 123456
)


2016-01-12T08:09:24Z
ResponseParameter:  billNo: TEST2016011201 | endTime:2016-01-12 08:09:24

2016-01-12T08:09:24Z
<?xml version="1.0" encoding="UTF-8"?>
<RESPONSE>
  <VERS>0630</VERS>
  <MODE>P</MODE>
  <TRAN>37PN01Y8LP0Z</TRAN>
  <MERC>680000</MERC>
  <SESS>TEST2016011201</SESS>
  <ORDR>TEST2016011201</ORDR>
  <AUTO>A</AUTO>
  <SCOR>58</SCOR>
  <GEOX>US</GEOX>
  <BRND>MSTR</BRND>
  <REGN></REGN>
  <NETW>N</NETW>
  <KAPT>N</KAPT>
  <CARDS>3</CARDS>
  <DEVICES>1</DEVICES>
  <EMAILS>4</EMAILS>
  <VELO>10</VELO>
  <VMAX>10</VMAX>
  <RULES_TRIGGERED>7</RULES_TRIGGERED>
  <RULE_ID_0>330712</RULE_ID_0>
  <RULE_DESCRIPTION_0>PERS_VAR More than 3 unique Email Addresses on Single Device (1 pt)</RULE_DESCRIPTION_0>
  <RULE_ID_1>383608</RULE_ID_1>
  <RULE_DESCRIPTION_1>GEO Billing &lt;&gt; BIN Country (1pt)</RULE_DESCRIPTION_1>
  <RULE_ID_2>330728</RULE_ID_2>
  <RULE_DESCRIPTION_2>FRAUD_SCRD PERS_VAR Counter Triggered (5pts)</RULE_DESCRIPTION_2>
  <RULE_ID_3>330730</RULE_ID_3>
  <RULE_DESCRIPTION_3>FRAUD_SCRD GEO Counter Triggered (5pts)</RULE_DESCRIPTION_3>
  <RULE_ID_4>330386</RULE_ID_4>
  <RULE_DESCRIPTION_4>Decline Order Velocity &gt;10 within 6 hours (VMAX)</RULE_DESCRIPTION_4>
  <RULE_ID_5>330814</RULE_ID_5>
  <RULE_DESCRIPTION_5>Approve VIP List Email</RULE_DESCRIPTION_5>
  <RULE_ID_6>345042</RULE_ID_6>
  <RULE_DESCRIPTION_6>Decline Customer Email Validation</RULE_DESCRIPTION_6>
  <COUNTERS_TRIGGERED>3</COUNTERS_TRIGGERED>
  <COUNTER_NAME_0>PERS_VAR</COUNTER_NAME_0>
  <COUNTER_VALUE_0>1</COUNTER_VALUE_0>
  <COUNTER_NAME_1>GEO</COUNTER_NAME_1>
  <COUNTER_VALUE_1>1</COUNTER_VALUE_1>
  <COUNTER_NAME_2>FRAUD_SCRD</COUNTER_NAME_2>
  <COUNTER_VALUE_2>10</COUNTER_VALUE_2>
  <REASON_CODE></REASON_CODE>
  <MASTERCARD></MASTERCARD>
  <DDFS></DDFS>
  <DSR></DSR>
  <UAS></UAS>
  <BROWSER></BROWSER>
  <OS></OS>
  <PIP_IPAD></PIP_IPAD>
  <PIP_LAT></PIP_LAT>
  <PIP_LON></PIP_LON>
  <PIP_COUNTRY></PIP_COUNTRY>
  <PIP_REGION></PIP_REGION>
  <PIP_CITY></PIP_CITY>
  <PIP_ORG></PIP_ORG>
  <IP_IPAD></IP_IPAD>
  <IP_LAT></IP_LAT>
  <IP_LON></IP_LON>
  <IP_COUNTRY></IP_COUNTRY>
  <IP_REGION></IP_REGION>
  <IP_CITY></IP_CITY>
  <IP_ORG></IP_ORG>
  <WARNING_COUNT>0</WARNING_COUNT>
</RESPONSE>

2016-01-12T08:37:37Z
RequestParameter:  billNo: TEST2016011202 | startTime:2016-01-12 08:37:37

2016-01-12T08:37:37Z
Array
(
    [MODE] => P
    [FRMT] => XML
    [VERS] => 0630
    [MERC] => 680000
    [UDF[CUSTOMER_IPAD]] => 112.211.18.77
    [SESS] => TEST2016011202
    [ORDR] => TEST2016011202
    [CURR] => USD
    [PENC] => KHASH
    [PTYP] => CARD
    [PTOK] => 541333J57QNPX4I65H8H
    [IPAD] => 10.0.0.1
    [MACK] => Y
    [AUTH] => A
    [PROD_DESC[0]] => Product Description
    [PROD_TYPE[0]] => Product Type
    [PROD_ITEM[0]] => Product Item
    [PROD_QUANT[0]] => 1
    [PROD_PRICE[0]] => 1000
    [TOTL] => 1000
    [SITE] => VERT999
    [UDF[MERCHANT_ID]] => PSIMERCH999

    [NAME] => JUAN DELA CRUZ
    [B2A1] => 12345678 qwertyu
    [B2CC] => PH
    [B2CI] => MAKATI
    [B2PC] => 1204
    [B2PN] => 123456
    [B2ST] => NA
    [S2A1] => 
    [S2CC] => 
    [S2CI] => 
    [S2EM] => 
    [S2NM] =>  
    [S2PC] => 
    [S2PN] => 
    [S2ST] => 
    [SHTP] => 
    [CASH] => 10
    [DOB] => 1984-01-01
    [GENDER] => M
    [EMAL] => JOHNDOEAPPROVE@EXAMPLE.COM
    [ANID] => 123456
)


2016-01-12T08:37:39Z
ResponseParameter:  billNo: TEST2016011202 | endTime:2016-01-12 08:37:39

2016-01-12T08:37:39Z
<?xml version="1.0" encoding="UTF-8"?>
<RESPONSE>
  <VERS>0630</VERS>
  <MODE>P</MODE>
  <TRAN>37PN01NS4332</TRAN>
  <MERC>680000</MERC>
  <SESS>TEST2016011202</SESS>
  <ORDR>TEST2016011202</ORDR>
  <AUTO>A</AUTO>
  <SCOR>58</SCOR>
  <GEOX>US</GEOX>
  <BRND>MSTR</BRND>
  <REGN></REGN>
  <NETW>N</NETW>
  <KAPT>N</KAPT>
  <CARDS>3</CARDS>
  <DEVICES>1</DEVICES>
  <EMAILS>4</EMAILS>
  <VELO>11</VELO>
  <VMAX>10</VMAX>
  <RULES_TRIGGERED>7</RULES_TRIGGERED>
  <RULE_ID_0>330712</RULE_ID_0>
  <RULE_DESCRIPTION_0>PERS_VAR More than 3 unique Email Addresses on Single Device (1 pt)</RULE_DESCRIPTION_0>
  <RULE_ID_1>383608</RULE_ID_1>
  <RULE_DESCRIPTION_1>GEO Billing &lt;&gt; BIN Country (1pt)</RULE_DESCRIPTION_1>
  <RULE_ID_2>330728</RULE_ID_2>
  <RULE_DESCRIPTION_2>FRAUD_SCRD PERS_VAR Counter Triggered (5pts)</RULE_DESCRIPTION_2>
  <RULE_ID_3>330730</RULE_ID_3>
  <RULE_DESCRIPTION_3>FRAUD_SCRD GEO Counter Triggered (5pts)</RULE_DESCRIPTION_3>
  <RULE_ID_4>330386</RULE_ID_4>
  <RULE_DESCRIPTION_4>Decline Order Velocity &gt;10 within 6 hours (VMAX)</RULE_DESCRIPTION_4>
  <RULE_ID_5>330814</RULE_ID_5>
  <RULE_DESCRIPTION_5>Approve VIP List Email</RULE_DESCRIPTION_5>
  <RULE_ID_6>345042</RULE_ID_6>
  <RULE_DESCRIPTION_6>Decline Customer Email Validation</RULE_DESCRIPTION_6>
  <COUNTERS_TRIGGERED>3</COUNTERS_TRIGGERED>
  <COUNTER_NAME_0>PERS_VAR</COUNTER_NAME_0>
  <COUNTER_VALUE_0>1</COUNTER_VALUE_0>
  <COUNTER_NAME_1>GEO</COUNTER_NAME_1>
  <COUNTER_VALUE_1>1</COUNTER_VALUE_1>
  <COUNTER_NAME_2>FRAUD_SCRD</COUNTER_NAME_2>
  <COUNTER_VALUE_2>10</COUNTER_VALUE_2>
  <REASON_CODE></REASON_CODE>
  <MASTERCARD></MASTERCARD>
  <DDFS></DDFS>
  <DSR></DSR>
  <UAS></UAS>
  <BROWSER></BROWSER>
  <OS></OS>
  <PIP_IPAD></PIP_IPAD>
  <PIP_LAT></PIP_LAT>
  <PIP_LON></PIP_LON>
  <PIP_COUNTRY></PIP_COUNTRY>
  <PIP_REGION></PIP_REGION>
  <PIP_CITY></PIP_CITY>
  <PIP_ORG></PIP_ORG>
  <IP_IPAD></IP_IPAD>
  <IP_LAT></IP_LAT>
  <IP_LON></IP_LON>
  <IP_COUNTRY></IP_COUNTRY>
  <IP_REGION></IP_REGION>
  <IP_CITY></IP_CITY>
  <IP_ORG></IP_ORG>
  <WARNING_COUNT>0</WARNING_COUNT>
</RESPONSE>

2016-01-12T09:29:11Z
RequestParameter:  billNo: TEST2016011203 | startTime:2016-01-12 09:29:11

2016-01-12T09:29:11Z
Array
(
    [MODE] => P
    [FRMT] => XML
    [VERS] => 0630
    [MERC] => 680000
    [UDF[CUSTOMER_IPAD]] => 112.211.18.77
    [SESS] => TEST2016011203
    [ORDR] => TEST2016011203
    [CURR] => USD
    [PENC] => KHASH
    [PTYP] => CARD
    [PTOK] => 541333J57QNPX4I65H8H
    [IPAD] => 10.0.0.1
    [MACK] => Y
    [AUTH] => A
    [PROD_DESC[0]] => Product Description
    [PROD_TYPE[0]] => Product Type
    [PROD_ITEM[0]] => Product Item
    [PROD_QUANT[0]] => 1
    [PROD_PRICE[0]] => 1000
    [TOTL] => 1000
    [SITE] => VERT999
    [UDF[MERCHANT_ID]] => PSIMERCH999

    [NAME] => JUAN DELA CRUZ
    [B2A1] => 12345678 qwertyu
    [B2CC] => PH
    [B2CI] => MAKATI
    [B2PC] => 1204
    [B2PN] => 123456
    [B2ST] => NA
    [S2A1] => 
    [S2CC] => 
    [S2CI] => 
    [S2EM] => 
    [S2NM] =>  
    [S2PC] => 
    [S2PN] => 
    [S2ST] => 
    [SHTP] => 
    [CASH] => 10
    [DOB] => 1984-01-01
    [GENDER] => M
    [EMAL] => JOHNDOEAPPROVE@EXAMPLE.COM
    [ANID] => 123456
)


2016-01-12T09:29:12Z
ResponseParameter:  billNo: TEST2016011203 | endTime:2016-01-12 09:29:12

2016-01-12T09:29:12Z
<?xml version="1.0" encoding="UTF-8"?>
<RESPONSE>
  <VERS>0630</VERS>
  <MODE>P</MODE>
  <TRAN>37PJ0Y7WK4TD</TRAN>
  <MERC>680000</MERC>
  <SESS>TEST2016011203</SESS>
  <ORDR>TEST2016011203</ORDR>
  <AUTO>A</AUTO>
  <SCOR>58</SCOR>
  <GEOX>US</GEOX>
  <BRND>MSTR</BRND>
  <REGN></REGN>
  <NETW>N</NETW>
  <KAPT>N</KAPT>
  <CARDS>3</CARDS>
  <DEVICES>1</DEVICES>
  <EMAILS>4</EMAILS>
  <VELO>11</VELO>
  <VMAX>10</VMAX>
  <RULES_TRIGGERED>7</RULES_TRIGGERED>
  <RULE_ID_0>330712</RULE_ID_0>
  <RULE_DESCRIPTION_0>PERS_VAR More than 3 unique Email Addresses on Single Device (1 pt)</RULE_DESCRIPTION_0>
  <RULE_ID_1>383608</RULE_ID_1>
  <RULE_DESCRIPTION_1>GEO Billing &lt;&gt; BIN Country (1pt)</RULE_DESCRIPTION_1>
  <RULE_ID_2>330728</RULE_ID_2>
  <RULE_DESCRIPTION_2>FRAUD_SCRD PERS_VAR Counter Triggered (5pts)</RULE_DESCRIPTION_2>
  <RULE_ID_3>330730</RULE_ID_3>
  <RULE_DESCRIPTION_3>FRAUD_SCRD GEO Counter Triggered (5pts)</RULE_DESCRIPTION_3>
  <RULE_ID_4>330386</RULE_ID_4>
  <RULE_DESCRIPTION_4>Decline Order Velocity &gt;10 within 6 hours (VMAX)</RULE_DESCRIPTION_4>
  <RULE_ID_5>330814</RULE_ID_5>
  <RULE_DESCRIPTION_5>Approve VIP List Email</RULE_DESCRIPTION_5>
  <RULE_ID_6>345042</RULE_ID_6>
  <RULE_DESCRIPTION_6>Decline Customer Email Validation</RULE_DESCRIPTION_6>
  <COUNTERS_TRIGGERED>3</COUNTERS_TRIGGERED>
  <COUNTER_NAME_0>PERS_VAR</COUNTER_NAME_0>
  <COUNTER_VALUE_0>1</COUNTER_VALUE_0>
  <COUNTER_NAME_1>GEO</COUNTER_NAME_1>
  <COUNTER_VALUE_1>1</COUNTER_VALUE_1>
  <COUNTER_NAME_2>FRAUD_SCRD</COUNTER_NAME_2>
  <COUNTER_VALUE_2>10</COUNTER_VALUE_2>
  <REASON_CODE></REASON_CODE>
  <MASTERCARD></MASTERCARD>
  <DDFS></DDFS>
  <DSR></DSR>
  <UAS></UAS>
  <BROWSER></BROWSER>
  <OS></OS>
  <PIP_IPAD></PIP_IPAD>
  <PIP_LAT></PIP_LAT>
  <PIP_LON></PIP_LON>
  <PIP_COUNTRY></PIP_COUNTRY>
  <PIP_REGION></PIP_REGION>
  <PIP_CITY></PIP_CITY>
  <PIP_ORG></PIP_ORG>
  <IP_IPAD></IP_IPAD>
  <IP_LAT></IP_LAT>
  <IP_LON></IP_LON>
  <IP_COUNTRY></IP_COUNTRY>
  <IP_REGION></IP_REGION>
  <IP_CITY></IP_CITY>
  <IP_ORG></IP_ORG>
  <WARNING_COUNT>0</WARNING_COUNT>
</RESPONSE>

2016-01-12T09:36:33Z
RequestParameter:  billNo: TEST2016011204 | startTime:2016-01-12 09:36:33

2016-01-12T09:36:33Z
Array
(
    [MODE] => P
    [FRMT] => XML
    [VERS] => 0630
    [MERC] => 680000
    [UDF[CUSTOMER_IPAD]] => 112.211.18.77
    [SESS] => TEST2016011204
    [ORDR] => TEST2016011204
    [CURR] => USD
    [PENC] => KHASH
    [PTYP] => CARD
    [PTOK] => 541333J57QNPX4I65H8H
    [IPAD] => 10.0.0.1
    [MACK] => Y
    [AUTH] => A
    [PROD_DESC[0]] => Product Description
    [PROD_TYPE[0]] => Product Type
    [PROD_ITEM[0]] => Product Item
    [PROD_QUANT[0]] => 1
    [PROD_PRICE[0]] => 1000
    [TOTL] => 1000
    [SITE] => VERT999
    [UDF[MERCHANT_ID]] => PSIMERCH999

    [NAME] => JUAN DELA CRUZ
    [B2A1] => 12345678 qwertyu
    [B2CC] => PH
    [B2CI] => MAKATI
    [B2PC] => 1204
    [B2PN] => 123456
    [B2ST] => NA
    [S2A1] => 
    [S2CC] => 
    [S2CI] => 
    [S2EM] => 
    [S2NM] =>  
    [S2PC] => 
    [S2PN] => 
    [S2ST] => 
    [SHTP] => 
    [CASH] => 10
    [DOB] => 1984-01-01
    [GENDER] => M
    [EMAL] => JOHNDOEAPPROVE@EXAMPLE.COM
    [ANID] => 123456
)


2016-01-12T09:36:34Z
ResponseParameter:  billNo: TEST2016011204 | endTime:2016-01-12 09:36:34

2016-01-12T09:36:34Z
<?xml version="1.0" encoding="UTF-8"?>
<RESPONSE>
  <VERS>0630</VERS>
  <MODE>P</MODE>
  <TRAN>37PJ09N2Y379</TRAN>
  <MERC>680000</MERC>
  <SESS>TEST2016011204</SESS>
  <ORDR>TEST2016011204</ORDR>
  <AUTO>A</AUTO>
  <SCOR>58</SCOR>
  <GEOX>US</GEOX>
  <BRND>MSTR</BRND>
  <REGN></REGN>
  <NETW>N</NETW>
  <KAPT>N</KAPT>
  <CARDS>3</CARDS>
  <DEVICES>1</DEVICES>
  <EMAILS>4</EMAILS>
  <VELO>11</VELO>
  <VMAX>10</VMAX>
  <RULES_TRIGGERED>7</RULES_TRIGGERED>
  <RULE_ID_0>330712</RULE_ID_0>
  <RULE_DESCRIPTION_0>PERS_VAR More than 3 unique Email Addresses on Single Device (1 pt)</RULE_DESCRIPTION_0>
  <RULE_ID_1>383608</RULE_ID_1>
  <RULE_DESCRIPTION_1>GEO Billing &lt;&gt; BIN Country (1pt)</RULE_DESCRIPTION_1>
  <RULE_ID_2>330728</RULE_ID_2>
  <RULE_DESCRIPTION_2>FRAUD_SCRD PERS_VAR Counter Triggered (5pts)</RULE_DESCRIPTION_2>
  <RULE_ID_3>330730</RULE_ID_3>
  <RULE_DESCRIPTION_3>FRAUD_SCRD GEO Counter Triggered (5pts)</RULE_DESCRIPTION_3>
  <RULE_ID_4>330386</RULE_ID_4>
  <RULE_DESCRIPTION_4>Decline Order Velocity &gt;10 within 6 hours (VMAX)</RULE_DESCRIPTION_4>
  <RULE_ID_5>330814</RULE_ID_5>
  <RULE_DESCRIPTION_5>Approve VIP List Email</RULE_DESCRIPTION_5>
  <RULE_ID_6>345042</RULE_ID_6>
  <RULE_DESCRIPTION_6>Decline Customer Email Validation</RULE_DESCRIPTION_6>
  <COUNTERS_TRIGGERED>3</COUNTERS_TRIGGERED>
  <COUNTER_NAME_0>PERS_VAR</COUNTER_NAME_0>
  <COUNTER_VALUE_0>1</COUNTER_VALUE_0>
  <COUNTER_NAME_1>GEO</COUNTER_NAME_1>
  <COUNTER_VALUE_1>1</COUNTER_VALUE_1>
  <COUNTER_NAME_2>FRAUD_SCRD</COUNTER_NAME_2>
  <COUNTER_VALUE_2>10</COUNTER_VALUE_2>
  <REASON_CODE></REASON_CODE>
  <MASTERCARD></MASTERCARD>
  <DDFS></DDFS>
  <DSR></DSR>
  <UAS></UAS>
  <BROWSER></BROWSER>
  <OS></OS>
  <PIP_IPAD></PIP_IPAD>
  <PIP_LAT></PIP_LAT>
  <PIP_LON></PIP_LON>
  <PIP_COUNTRY></PIP_COUNTRY>
  <PIP_REGION></PIP_REGION>
  <PIP_CITY></PIP_CITY>
  <PIP_ORG></PIP_ORG>
  <IP_IPAD></IP_IPAD>
  <IP_LAT></IP_LAT>
  <IP_LON></IP_LON>
  <IP_COUNTRY></IP_COUNTRY>
  <IP_REGION></IP_REGION>
  <IP_CITY></IP_CITY>
  <IP_ORG></IP_ORG>
  <WARNING_COUNT>0</WARNING_COUNT>
</RESPONSE>

2016-01-12T09:40:07Z
RequestParameter:  billNo: TEST2016011205 | startTime:2016-01-12 09:40:07

2016-01-12T09:40:07Z
Array
(
    [MODE] => P
    [FRMT] => XML
    [VERS] => 0630
    [MERC] => 680000
    [UDF[CUSTOMER_IPAD]] => 112.211.18.77
    [SESS] => TEST2016011205
    [ORDR] => TEST2016011205
    [CURR] => USD
    [PENC] => KHASH
    [PTYP] => CARD
    [PTOK] => 541333J57QNPX4I65H8H
    [IPAD] => 10.0.0.1
    [MACK] => Y
    [AUTH] => A
    [PROD_DESC[0]] => Product Description
    [PROD_TYPE[0]] => Product Type
    [PROD_ITEM[0]] => Product Item
    [PROD_QUANT[0]] => 1
    [PROD_PRICE[0]] => 1000
    [TOTL] => 1000
    [SITE] => VERT999
    [UDF[MERCHANT_ID]] => PSIMERCH999

    [NAME] => JUAN DELA CRUZ
    [B2A1] => 12345678 qwertyu
    [B2CC] => PH
    [B2CI] => MAKATI
    [B2PC] => 1204
    [B2PN] => 123456
    [B2ST] => NA
    [S2A1] => 
    [S2CC] => 
    [S2CI] => 
    [S2EM] => 
    [S2NM] =>  
    [S2PC] => 
    [S2PN] => 
    [S2ST] => 
    [SHTP] => 
    [CASH] => 10
    [DOB] => 1984-01-01
    [GENDER] => M
    [EMAL] => JOHNDOEAPPROVE@EXAMPLE.COM
    [ANID] => 123456
)


2016-01-12T09:40:08Z
ResponseParameter:  billNo: TEST2016011205 | endTime:2016-01-12 09:40:08

2016-01-12T09:40:08Z
<?xml version="1.0" encoding="UTF-8"?>
<RESPONSE>
  <VERS>0630</VERS>
  <MODE>P</MODE>
  <TRAN>37PJ0069YBGG</TRAN>
  <MERC>680000</MERC>
  <SESS>TEST2016011205</SESS>
  <ORDR>TEST2016011205</ORDR>
  <AUTO>A</AUTO>
  <SCOR>58</SCOR>
  <GEOX>US</GEOX>
  <BRND>MSTR</BRND>
  <REGN></REGN>
  <NETW>N</NETW>
  <KAPT>N</KAPT>
  <CARDS>3</CARDS>
  <DEVICES>1</DEVICES>
  <EMAILS>4</EMAILS>
  <VELO>12</VELO>
  <VMAX>10</VMAX>
  <RULES_TRIGGERED>7</RULES_TRIGGERED>
  <RULE_ID_0>330712</RULE_ID_0>
  <RULE_DESCRIPTION_0>PERS_VAR More than 3 unique Email Addresses on Single Device (1 pt)</RULE_DESCRIPTION_0>
  <RULE_ID_1>383608</RULE_ID_1>
  <RULE_DESCRIPTION_1>GEO Billing &lt;&gt; BIN Country (1pt)</RULE_DESCRIPTION_1>
  <RULE_ID_2>330728</RULE_ID_2>
  <RULE_DESCRIPTION_2>FRAUD_SCRD PERS_VAR Counter Triggered (5pts)</RULE_DESCRIPTION_2>
  <RULE_ID_3>330730</RULE_ID_3>
  <RULE_DESCRIPTION_3>FRAUD_SCRD GEO Counter Triggered (5pts)</RULE_DESCRIPTION_3>
  <RULE_ID_4>330386</RULE_ID_4>
  <RULE_DESCRIPTION_4>Decline Order Velocity &gt;10 within 6 hours (VMAX)</RULE_DESCRIPTION_4>
  <RULE_ID_5>330814</RULE_ID_5>
  <RULE_DESCRIPTION_5>Approve VIP List Email</RULE_DESCRIPTION_5>
  <RULE_ID_6>345042</RULE_ID_6>
  <RULE_DESCRIPTION_6>Decline Customer Email Validation</RULE_DESCRIPTION_6>
  <COUNTERS_TRIGGERED>3</COUNTERS_TRIGGERED>
  <COUNTER_NAME_0>PERS_VAR</COUNTER_NAME_0>
  <COUNTER_VALUE_0>1</COUNTER_VALUE_0>
  <COUNTER_NAME_1>GEO</COUNTER_NAME_1>
  <COUNTER_VALUE_1>1</COUNTER_VALUE_1>
  <COUNTER_NAME_2>FRAUD_SCRD</COUNTER_NAME_2>
  <COUNTER_VALUE_2>10</COUNTER_VALUE_2>
  <REASON_CODE></REASON_CODE>
  <MASTERCARD></MASTERCARD>
  <DDFS></DDFS>
  <DSR></DSR>
  <UAS></UAS>
  <BROWSER></BROWSER>
  <OS></OS>
  <PIP_IPAD></PIP_IPAD>
  <PIP_LAT></PIP_LAT>
  <PIP_LON></PIP_LON>
  <PIP_COUNTRY></PIP_COUNTRY>
  <PIP_REGION></PIP_REGION>
  <PIP_CITY></PIP_CITY>
  <PIP_ORG></PIP_ORG>
  <IP_IPAD></IP_IPAD>
  <IP_LAT></IP_LAT>
  <IP_LON></IP_LON>
  <IP_COUNTRY></IP_COUNTRY>
  <IP_REGION></IP_REGION>
  <IP_CITY></IP_CITY>
  <IP_ORG></IP_ORG>
  <WARNING_COUNT>0</WARNING_COUNT>
</RESPONSE>

2016-01-12T09:42:52Z
RequestParameter:  billNo: TEST2016011208 | startTime:2016-01-12 09:42:52

2016-01-12T09:42:52Z
Array
(
    [MODE] => P
    [FRMT] => XML
    [VERS] => 0630
    [MERC] => 680000
    [UDF[CUSTOMER_IPAD]] => 112.211.18.77
    [SESS] => TEST2016011208
    [ORDR] => TEST2016011208
    [CURR] => USD
    [PENC] => KHASH
    [PTYP] => CARD
    [PTOK] => 541333J57QNPX4I65H8H
    [IPAD] => 10.0.0.1
    [MACK] => Y
    [AUTH] => A
    [PROD_DESC[0]] => Product Description
    [PROD_TYPE[0]] => Product Type
    [PROD_ITEM[0]] => Product Item
    [PROD_QUANT[0]] => 1
    [PROD_PRICE[0]] => 1000
    [TOTL] => 1000
    [SITE] => VERT999
    [UDF[MERCHANT_ID]] => PSIMERCH999

    [NAME] => JUAN DELA CRUZ
    [B2A1] => 12345678 qwertyu
    [B2CC] => PH
    [B2CI] => MAKATI
    [B2PC] => 1204
    [B2PN] => 123456
    [B2ST] => NA
    [S2A1] => 
    [S2CC] => 
    [S2CI] => 
    [S2EM] => 
    [S2NM] =>  
    [S2PC] => 
    [S2PN] => 
    [S2ST] => 
    [SHTP] => 
    [CASH] => 10
    [DOB] => 1984-01-01
    [GENDER] => M
    [EMAL] => JOHNDOEAPPROVE@EXAMPLE.COM
    [ANID] => 123456
)


2016-01-12T09:42:53Z
ResponseParameter:  billNo: TEST2016011208 | endTime:2016-01-12 09:42:53

2016-01-12T09:42:53Z
<?xml version="1.0" encoding="UTF-8"?>
<RESPONSE>
  <VERS>0630</VERS>
  <MODE>P</MODE>
  <TRAN>37PJ0MTGYKV1</TRAN>
  <MERC>680000</MERC>
  <SESS>TEST2016011208</SESS>
  <ORDR>TEST2016011208</ORDR>
  <AUTO>A</AUTO>
  <SCOR>58</SCOR>
  <GEOX>US</GEOX>
  <BRND>MSTR</BRND>
  <REGN></REGN>
  <NETW>N</NETW>
  <KAPT>N</KAPT>
  <CARDS>3</CARDS>
  <DEVICES>1</DEVICES>
  <EMAILS>4</EMAILS>
  <VELO>12</VELO>
  <VMAX>10</VMAX>
  <RULES_TRIGGERED>7</RULES_TRIGGERED>
  <RULE_ID_0>330712</RULE_ID_0>
  <RULE_DESCRIPTION_0>PERS_VAR More than 3 unique Email Addresses on Single Device (1 pt)</RULE_DESCRIPTION_0>
  <RULE_ID_1>383608</RULE_ID_1>
  <RULE_DESCRIPTION_1>GEO Billing &lt;&gt; BIN Country (1pt)</RULE_DESCRIPTION_1>
  <RULE_ID_2>330728</RULE_ID_2>
  <RULE_DESCRIPTION_2>FRAUD_SCRD PERS_VAR Counter Triggered (5pts)</RULE_DESCRIPTION_2>
  <RULE_ID_3>330730</RULE_ID_3>
  <RULE_DESCRIPTION_3>FRAUD_SCRD GEO Counter Triggered (5pts)</RULE_DESCRIPTION_3>
  <RULE_ID_4>330386</RULE_ID_4>
  <RULE_DESCRIPTION_4>Decline Order Velocity &gt;10 within 6 hours (VMAX)</RULE_DESCRIPTION_4>
  <RULE_ID_5>330814</RULE_ID_5>
  <RULE_DESCRIPTION_5>Approve VIP List Email</RULE_DESCRIPTION_5>
  <RULE_ID_6>345042</RULE_ID_6>
  <RULE_DESCRIPTION_6>Decline Customer Email Validation</RULE_DESCRIPTION_6>
  <COUNTERS_TRIGGERED>3</COUNTERS_TRIGGERED>
  <COUNTER_NAME_0>PERS_VAR</COUNTER_NAME_0>
  <COUNTER_VALUE_0>1</COUNTER_VALUE_0>
  <COUNTER_NAME_1>GEO</COUNTER_NAME_1>
  <COUNTER_VALUE_1>1</COUNTER_VALUE_1>
  <COUNTER_NAME_2>FRAUD_SCRD</COUNTER_NAME_2>
  <COUNTER_VALUE_2>10</COUNTER_VALUE_2>
  <REASON_CODE></REASON_CODE>
  <MASTERCARD></MASTERCARD>
  <DDFS></DDFS>
  <DSR></DSR>
  <UAS></UAS>
  <BROWSER></BROWSER>
  <OS></OS>
  <PIP_IPAD></PIP_IPAD>
  <PIP_LAT></PIP_LAT>
  <PIP_LON></PIP_LON>
  <PIP_COUNTRY></PIP_COUNTRY>
  <PIP_REGION></PIP_REGION>
  <PIP_CITY></PIP_CITY>
  <PIP_ORG></PIP_ORG>
  <IP_IPAD></IP_IPAD>
  <IP_LAT></IP_LAT>
  <IP_LON></IP_LON>
  <IP_COUNTRY></IP_COUNTRY>
  <IP_REGION></IP_REGION>
  <IP_CITY></IP_CITY>
  <IP_ORG></IP_ORG>
  <WARNING_COUNT>0</WARNING_COUNT>
</RESPONSE>

2016-01-12T09:56:14Z
RequestParameter:  billNo: TEST2016011209 | startTime:2016-01-12 09:56:14

2016-01-12T09:56:14Z
Array
(
    [MODE] => P
    [FRMT] => XML
    [VERS] => 0630
    [MERC] => 680000
    [UDF[CUSTOMER_IPAD]] => 112.211.18.77
    [SESS] => TEST2016011209
    [ORDR] => TEST2016011209
    [CURR] => USD
    [PENC] => KHASH
    [PTYP] => CARD
    [PTOK] => 541333J57QNPX4I65H8H
    [IPAD] => 10.0.0.1
    [MACK] => Y
    [AUTH] => A
    [PROD_DESC[0]] => Product Description
    [PROD_TYPE[0]] => Product Type
    [PROD_ITEM[0]] => Product Item
    [PROD_QUANT[0]] => 1
    [PROD_PRICE[0]] => 1000
    [TOTL] => 1000
    [SITE] => VERT999
    [UDF[MERCHANT_ID]] => PSIMERCH999

    [NAME] => JUAN DELA CRUZ
    [B2A1] => 12345678 qwertyu
    [B2CC] => PH
    [B2CI] => MAKATI
    [B2PC] => 1204
    [B2PN] => 123456
    [B2ST] => NA
    [S2A1] => 
    [S2CC] => 
    [S2CI] => 
    [S2EM] => 
    [S2NM] =>  
    [S2PC] => 
    [S2PN] => 
    [S2ST] => 
    [SHTP] => 
    [CASH] => 10
    [DOB] => 1984-01-01
    [GENDER] => M
    [EMAL] => JOHNDOEAPPROVE@EXAMPLE.COM
    [ANID] => 123456
)


2016-01-12T09:56:16Z
ResponseParameter:  billNo: TEST2016011209 | endTime:2016-01-12 09:56:16

2016-01-12T09:56:16Z
<?xml version="1.0" encoding="UTF-8"?>
<RESPONSE>
  <VERS>0630</VERS>
  <MODE>P</MODE>
  <TRAN>37PJ035DJVBM</TRAN>
  <MERC>680000</MERC>
  <SESS>TEST2016011209</SESS>
  <ORDR>TEST2016011209</ORDR>
  <AUTO>A</AUTO>
  <SCOR>58</SCOR>
  <GEOX>US</GEOX>
  <BRND>MSTR</BRND>
  <REGN></REGN>
  <NETW>N</NETW>
  <KAPT>N</KAPT>
  <CARDS>3</CARDS>
  <DEVICES>1</DEVICES>
  <EMAILS>4</EMAILS>
  <VELO>13</VELO>
  <VMAX>10</VMAX>
  <RULES_TRIGGERED>7</RULES_TRIGGERED>
  <RULE_ID_0>330712</RULE_ID_0>
  <RULE_DESCRIPTION_0>PERS_VAR More than 3 unique Email Addresses on Single Device (1 pt)</RULE_DESCRIPTION_0>
  <RULE_ID_1>383608</RULE_ID_1>
  <RULE_DESCRIPTION_1>GEO Billing &lt;&gt; BIN Country (1pt)</RULE_DESCRIPTION_1>
  <RULE_ID_2>330728</RULE_ID_2>
  <RULE_DESCRIPTION_2>FRAUD_SCRD PERS_VAR Counter Triggered (5pts)</RULE_DESCRIPTION_2>
  <RULE_ID_3>330730</RULE_ID_3>
  <RULE_DESCRIPTION_3>FRAUD_SCRD GEO Counter Triggered (5pts)</RULE_DESCRIPTION_3>
  <RULE_ID_4>330386</RULE_ID_4>
  <RULE_DESCRIPTION_4>Decline Order Velocity &gt;10 within 6 hours (VMAX)</RULE_DESCRIPTION_4>
  <RULE_ID_5>330814</RULE_ID_5>
  <RULE_DESCRIPTION_5>Approve VIP List Email</RULE_DESCRIPTION_5>
  <RULE_ID_6>345042</RULE_ID_6>
  <RULE_DESCRIPTION_6>Decline Customer Email Validation</RULE_DESCRIPTION_6>
  <COUNTERS_TRIGGERED>3</COUNTERS_TRIGGERED>
  <COUNTER_NAME_0>PERS_VAR</COUNTER_NAME_0>
  <COUNTER_VALUE_0>1</COUNTER_VALUE_0>
  <COUNTER_NAME_1>GEO</COUNTER_NAME_1>
  <COUNTER_VALUE_1>1</COUNTER_VALUE_1>
  <COUNTER_NAME_2>FRAUD_SCRD</COUNTER_NAME_2>
  <COUNTER_VALUE_2>10</COUNTER_VALUE_2>
  <REASON_CODE></REASON_CODE>
  <MASTERCARD></MASTERCARD>
  <DDFS></DDFS>
  <DSR></DSR>
  <UAS></UAS>
  <BROWSER></BROWSER>
  <OS></OS>
  <PIP_IPAD></PIP_IPAD>
  <PIP_LAT></PIP_LAT>
  <PIP_LON></PIP_LON>
  <PIP_COUNTRY></PIP_COUNTRY>
  <PIP_REGION></PIP_REGION>
  <PIP_CITY></PIP_CITY>
  <PIP_ORG></PIP_ORG>
  <IP_IPAD></IP_IPAD>
  <IP_LAT></IP_LAT>
  <IP_LON></IP_LON>
  <IP_COUNTRY></IP_COUNTRY>
  <IP_REGION></IP_REGION>
  <IP_CITY></IP_CITY>
  <IP_ORG></IP_ORG>
  <WARNING_COUNT>0</WARNING_COUNT>
</RESPONSE>

2016-01-12T10:07:12Z
RequestParameter:  billNo: TEST2016011210 | startTime:2016-01-12 10:07:12

2016-01-12T10:07:12Z
Array
(
    [MODE] => P
    [FRMT] => XML
    [VERS] => 0630
    [MERC] => 680000
    [UDF[CUSTOMER_IPAD]] => 112.211.18.77
    [SESS] => TEST2016011210
    [ORDR] => TEST2016011210
    [CURR] => USD
    [PENC] => KHASH
    [PTYP] => CARD
    [PTOK] => 541333J57QNPX4I65H8H
    [IPAD] => 10.0.0.1
    [MACK] => Y
    [AUTH] => A
    [PROD_DESC[0]] => Product Description
    [PROD_TYPE[0]] => Product Type
    [PROD_ITEM[0]] => Product Item
    [PROD_QUANT[0]] => 1
    [PROD_PRICE[0]] => 1000
    [TOTL] => 1000
    [SITE] => VERT999
    [UDF[MERCHANT_ID]] => PSIMERCH999

    [NAME] => JUAN DELA CRUZ
    [B2A1] => 12345678 qwertyu
    [B2CC] => PH
    [B2CI] => MAKATI
    [B2PC] => 1204
    [B2PN] => 123456
    [B2ST] => NA
    [S2A1] => 
    [S2CC] => 
    [S2CI] => 
    [S2EM] => 
    [S2NM] =>  
    [S2PC] => 
    [S2PN] => 
    [S2ST] => 
    [SHTP] => 
    [CASH] => 10
    [DOB] => 1984-01-01
    [GENDER] => M
    [EMAL] => JOHNDOEAPPROVE@EXAMPLE.COM
    [ANID] => 123456
)


2016-01-12T10:07:13Z
ResponseParameter:  billNo: TEST2016011210 | endTime:2016-01-12 10:07:13

2016-01-12T10:07:13Z
<?xml version="1.0" encoding="UTF-8"?>
<RESPONSE>
  <VERS>0630</VERS>
  <MODE>P</MODE>
  <TRAN>37PM00QVKM5Z</TRAN>
  <MERC>680000</MERC>
  <SESS>TEST2016011210</SESS>
  <ORDR>TEST2016011210</ORDR>
  <AUTO>A</AUTO>
  <SCOR>58</SCOR>
  <GEOX>US</GEOX>
  <BRND>MSTR</BRND>
  <REGN></REGN>
  <NETW>N</NETW>
  <KAPT>N</KAPT>
  <CARDS>3</CARDS>
  <DEVICES>1</DEVICES>
  <EMAILS>4</EMAILS>
  <VELO>14</VELO>
  <VMAX>10</VMAX>
  <RULES_TRIGGERED>7</RULES_TRIGGERED>
  <RULE_ID_0>330712</RULE_ID_0>
  <RULE_DESCRIPTION_0>PERS_VAR More than 3 unique Email Addresses on Single Device (1 pt)</RULE_DESCRIPTION_0>
  <RULE_ID_1>383608</RULE_ID_1>
  <RULE_DESCRIPTION_1>GEO Billing &lt;&gt; BIN Country (1pt)</RULE_DESCRIPTION_1>
  <RULE_ID_2>330728</RULE_ID_2>
  <RULE_DESCRIPTION_2>FRAUD_SCRD PERS_VAR Counter Triggered (5pts)</RULE_DESCRIPTION_2>
  <RULE_ID_3>330730</RULE_ID_3>
  <RULE_DESCRIPTION_3>FRAUD_SCRD GEO Counter Triggered (5pts)</RULE_DESCRIPTION_3>
  <RULE_ID_4>330386</RULE_ID_4>
  <RULE_DESCRIPTION_4>Decline Order Velocity &gt;10 within 6 hours (VMAX)</RULE_DESCRIPTION_4>
  <RULE_ID_5>330814</RULE_ID_5>
  <RULE_DESCRIPTION_5>Approve VIP List Email</RULE_DESCRIPTION_5>
  <RULE_ID_6>345042</RULE_ID_6>
  <RULE_DESCRIPTION_6>Decline Customer Email Validation</RULE_DESCRIPTION_6>
  <COUNTERS_TRIGGERED>3</COUNTERS_TRIGGERED>
  <COUNTER_NAME_0>PERS_VAR</COUNTER_NAME_0>
  <COUNTER_VALUE_0>1</COUNTER_VALUE_0>
  <COUNTER_NAME_1>GEO</COUNTER_NAME_1>
  <COUNTER_VALUE_1>1</COUNTER_VALUE_1>
  <COUNTER_NAME_2>FRAUD_SCRD</COUNTER_NAME_2>
  <COUNTER_VALUE_2>10</COUNTER_VALUE_2>
  <REASON_CODE></REASON_CODE>
  <MASTERCARD></MASTERCARD>
  <DDFS></DDFS>
  <DSR></DSR>
  <UAS></UAS>
  <BROWSER></BROWSER>
  <OS></OS>
  <PIP_IPAD></PIP_IPAD>
  <PIP_LAT></PIP_LAT>
  <PIP_LON></PIP_LON>
  <PIP_COUNTRY></PIP_COUNTRY>
  <PIP_REGION></PIP_REGION>
  <PIP_CITY></PIP_CITY>
  <PIP_ORG></PIP_ORG>
  <IP_IPAD></IP_IPAD>
  <IP_LAT></IP_LAT>
  <IP_LON></IP_LON>
  <IP_COUNTRY></IP_COUNTRY>
  <IP_REGION></IP_REGION>
  <IP_CITY></IP_CITY>
  <IP_ORG></IP_ORG>
  <WARNING_COUNT>0</WARNING_COUNT>
</RESPONSE>

2016-01-12T10:11:49Z
RequestParameter:  billNo: TEST2016011211 | startTime:2016-01-12 10:11:49

2016-01-12T10:11:49Z
Array
(
    [MODE] => P
    [FRMT] => XML
    [VERS] => 0630
    [MERC] => 680000
    [UDF[CUSTOMER_IPAD]] => 112.211.18.77
    [SESS] => TEST2016011211
    [ORDR] => TEST2016011211
    [CURR] => USD
    [PENC] => KHASH
    [PTYP] => CARD
    [PTOK] => 541333J57QNPX4I65H8H
    [IPAD] => 10.0.0.1
    [MACK] => Y
    [AUTH] => A
    [PROD_DESC[0]] => Product Description
    [PROD_TYPE[0]] => Product Type
    [PROD_ITEM[0]] => Product Item
    [PROD_QUANT[0]] => 1
    [PROD_PRICE[0]] => 1000
    [TOTL] => 1000
    [SITE] => VERT999
    [UDF[MERCHANT_ID]] => PSIMERCH999

    [NAME] => JUAN DELA CRUZ
    [B2A1] => 12345678 qwertyu
    [B2CC] => PH
    [B2CI] => MAKATI
    [B2PC] => 1204
    [B2PN] => 123456
    [B2ST] => NA
    [S2A1] => 
    [S2CC] => 
    [S2CI] => 
    [S2EM] => 
    [S2NM] =>  
    [S2PC] => 
    [S2PN] => 
    [S2ST] => 
    [SHTP] => 
    [CASH] => 10
    [DOB] => 1984-01-01
    [GENDER] => M
    [EMAL] => JOHNDOEAPPROVE@EXAMPLE.COM
    [ANID] => 123456
)


2016-01-12T10:11:51Z
ResponseParameter:  billNo: TEST2016011211 | endTime:2016-01-12 10:11:51

2016-01-12T10:11:51Z
<?xml version="1.0" encoding="UTF-8"?>
<RESPONSE>
  <VERS>0630</VERS>
  <MODE>P</MODE>
  <TRAN>37PM0XD1TL9Y</TRAN>
  <MERC>680000</MERC>
  <SESS>TEST2016011211</SESS>
  <ORDR>TEST2016011211</ORDR>
  <AUTO>A</AUTO>
  <SCOR>58</SCOR>
  <GEOX>US</GEOX>
  <BRND>MSTR</BRND>
  <REGN></REGN>
  <NETW>N</NETW>
  <KAPT>N</KAPT>
  <CARDS>3</CARDS>
  <DEVICES>1</DEVICES>
  <EMAILS>4</EMAILS>
  <VELO>15</VELO>
  <VMAX>10</VMAX>
  <RULES_TRIGGERED>7</RULES_TRIGGERED>
  <RULE_ID_0>330712</RULE_ID_0>
  <RULE_DESCRIPTION_0>PERS_VAR More than 3 unique Email Addresses on Single Device (1 pt)</RULE_DESCRIPTION_0>
  <RULE_ID_1>383608</RULE_ID_1>
  <RULE_DESCRIPTION_1>GEO Billing &lt;&gt; BIN Country (1pt)</RULE_DESCRIPTION_1>
  <RULE_ID_2>330728</RULE_ID_2>
  <RULE_DESCRIPTION_2>FRAUD_SCRD PERS_VAR Counter Triggered (5pts)</RULE_DESCRIPTION_2>
  <RULE_ID_3>330730</RULE_ID_3>
  <RULE_DESCRIPTION_3>FRAUD_SCRD GEO Counter Triggered (5pts)</RULE_DESCRIPTION_3>
  <RULE_ID_4>330386</RULE_ID_4>
  <RULE_DESCRIPTION_4>Decline Order Velocity &gt;10 within 6 hours (VMAX)</RULE_DESCRIPTION_4>
  <RULE_ID_5>330814</RULE_ID_5>
  <RULE_DESCRIPTION_5>Approve VIP List Email</RULE_DESCRIPTION_5>
  <RULE_ID_6>345042</RULE_ID_6>
  <RULE_DESCRIPTION_6>Decline Customer Email Validation</RULE_DESCRIPTION_6>
  <COUNTERS_TRIGGERED>3</COUNTERS_TRIGGERED>
  <COUNTER_NAME_0>PERS_VAR</COUNTER_NAME_0>
  <COUNTER_VALUE_0>1</COUNTER_VALUE_0>
  <COUNTER_NAME_1>GEO</COUNTER_NAME_1>
  <COUNTER_VALUE_1>1</COUNTER_VALUE_1>
  <COUNTER_NAME_2>FRAUD_SCRD</COUNTER_NAME_2>
  <COUNTER_VALUE_2>10</COUNTER_VALUE_2>
  <REASON_CODE></REASON_CODE>
  <MASTERCARD></MASTERCARD>
  <DDFS></DDFS>
  <DSR></DSR>
  <UAS></UAS>
  <BROWSER></BROWSER>
  <OS></OS>
  <PIP_IPAD></PIP_IPAD>
  <PIP_LAT></PIP_LAT>
  <PIP_LON></PIP_LON>
  <PIP_COUNTRY></PIP_COUNTRY>
  <PIP_REGION></PIP_REGION>
  <PIP_CITY></PIP_CITY>
  <PIP_ORG></PIP_ORG>
  <IP_IPAD></IP_IPAD>
  <IP_LAT></IP_LAT>
  <IP_LON></IP_LON>
  <IP_COUNTRY></IP_COUNTRY>
  <IP_REGION></IP_REGION>
  <IP_CITY></IP_CITY>
  <IP_ORG></IP_ORG>
  <WARNING_COUNT>0</WARNING_COUNT>
</RESPONSE>

2016-01-12T10:17:21Z
RequestParameter:  billNo: TEST2016011212 | startTime:2016-01-12 10:17:21

2016-01-12T10:17:21Z
Array
(
    [MODE] => P
    [FRMT] => XML
    [VERS] => 0630
    [MERC] => 680000
    [UDF[CUSTOMER_IPAD]] => 112.211.18.77
    [SESS] => TEST2016011212
    [ORDR] => TEST2016011212
    [CURR] => USD
    [PENC] => KHASH
    [PTYP] => CARD
    [PTOK] => 541333J57QNPX4I65H8H
    [IPAD] => 10.0.0.1
    [MACK] => Y
    [AUTH] => A
    [PROD_DESC[0]] => Product Description
    [PROD_TYPE[0]] => Product Type
    [PROD_ITEM[0]] => Product Item
    [PROD_QUANT[0]] => 1
    [PROD_PRICE[0]] => 1000
    [TOTL] => 1000
    [SITE] => VERT999
    [UDF[MERCHANT_ID]] => PSIMERCH999

    [NAME] => JUAN DELA CRUZ
    [B2A1] => 12345678 qwertyu
    [B2CC] => PH
    [B2CI] => MAKATI
    [B2PC] => 1204
    [B2PN] => 123456
    [B2ST] => NA
    [S2A1] => 
    [S2CC] => 
    [S2CI] => 
    [S2EM] => 
    [S2NM] =>  
    [S2PC] => 
    [S2PN] => 
    [S2ST] => 
    [SHTP] => 
    [CASH] => 10
    [DOB] => 1984-01-01
    [GENDER] => M
    [EMAL] => JOHNDOEAPPROVE@EXAMPLE.COM
    [ANID] => 123456
)


2016-01-12T10:17:22Z
ResponseParameter:  billNo: TEST2016011212 | endTime:2016-01-12 10:17:22

2016-01-12T10:17:22Z
<?xml version="1.0" encoding="UTF-8"?>
<RESPONSE>
  <VERS>0630</VERS>
  <MODE>P</MODE>
  <TRAN>37PM07CR7KSB</TRAN>
  <MERC>680000</MERC>
  <SESS>TEST2016011212</SESS>
  <ORDR>TEST2016011212</ORDR>
  <AUTO>A</AUTO>
  <SCOR>58</SCOR>
  <GEOX>US</GEOX>
  <BRND>MSTR</BRND>
  <REGN></REGN>
  <NETW>N</NETW>
  <KAPT>N</KAPT>
  <CARDS>3</CARDS>
  <DEVICES>1</DEVICES>
  <EMAILS>4</EMAILS>
  <VELO>16</VELO>
  <VMAX>10</VMAX>
  <RULES_TRIGGERED>8</RULES_TRIGGERED>
  <RULE_ID_0>330712</RULE_ID_0>
  <RULE_DESCRIPTION_0>PERS_VAR More than 3 unique Email Addresses on Single Device (1 pt)</RULE_DESCRIPTION_0>
  <RULE_ID_1>383608</RULE_ID_1>
  <RULE_DESCRIPTION_1>GEO Billing &lt;&gt; BIN Country (1pt)</RULE_DESCRIPTION_1>
  <RULE_ID_2>330728</RULE_ID_2>
  <RULE_DESCRIPTION_2>FRAUD_SCRD PERS_VAR Counter Triggered (5pts)</RULE_DESCRIPTION_2>
  <RULE_ID_3>330730</RULE_ID_3>
  <RULE_DESCRIPTION_3>FRAUD_SCRD GEO Counter Triggered (5pts)</RULE_DESCRIPTION_3>
  <RULE_ID_4>330386</RULE_ID_4>
  <RULE_DESCRIPTION_4>Decline Order Velocity &gt;10 within 6 hours (VMAX)</RULE_DESCRIPTION_4>
  <RULE_ID_5>330814</RULE_ID_5>
  <RULE_DESCRIPTION_5>Approve VIP List Email</RULE_DESCRIPTION_5>
  <RULE_ID_6>345042</RULE_ID_6>
  <RULE_DESCRIPTION_6>Decline Customer Email Validation</RULE_DESCRIPTION_6>
  <RULE_ID_7>387002</RULE_ID_7>
  <RULE_DESCRIPTION_7>Decline Order Velocity &gt;5 within 1 hour &amp; Mode=Phone (VCUST)</RULE_DESCRIPTION_7>
  <COUNTERS_TRIGGERED>3</COUNTERS_TRIGGERED>
  <COUNTER_NAME_0>PERS_VAR</COUNTER_NAME_0>
  <COUNTER_VALUE_0>1</COUNTER_VALUE_0>
  <COUNTER_NAME_1>GEO</COUNTER_NAME_1>
  <COUNTER_VALUE_1>1</COUNTER_VALUE_1>
  <COUNTER_NAME_2>FRAUD_SCRD</COUNTER_NAME_2>
  <COUNTER_VALUE_2>10</COUNTER_VALUE_2>
  <REASON_CODE></REASON_CODE>
  <MASTERCARD></MASTERCARD>
  <DDFS></DDFS>
  <DSR></DSR>
  <UAS></UAS>
  <BROWSER></BROWSER>
  <OS></OS>
  <PIP_IPAD></PIP_IPAD>
  <PIP_LAT></PIP_LAT>
  <PIP_LON></PIP_LON>
  <PIP_COUNTRY></PIP_COUNTRY>
  <PIP_REGION></PIP_REGION>
  <PIP_CITY></PIP_CITY>
  <PIP_ORG></PIP_ORG>
  <IP_IPAD></IP_IPAD>
  <IP_LAT></IP_LAT>
  <IP_LON></IP_LON>
  <IP_COUNTRY></IP_COUNTRY>
  <IP_REGION></IP_REGION>
  <IP_CITY></IP_CITY>
  <IP_ORG></IP_ORG>
  <WARNING_COUNT>0</WARNING_COUNT>
</RESPONSE>

2016-01-12T10:19:32Z
RequestParameter:  billNo: TEST2016011213 | startTime:2016-01-12 10:19:32

2016-01-12T10:19:32Z
Array
(
    [MODE] => P
    [FRMT] => XML
    [VERS] => 0630
    [MERC] => 680000
    [UDF[CUSTOMER_IPAD]] => 112.211.18.77
    [SESS] => TEST2016011213
    [ORDR] => TEST2016011213
    [CURR] => USD
    [PENC] => KHASH
    [PTYP] => CARD
    [PTOK] => 541333J57QNPX4I65H8H
    [IPAD] => 10.0.0.1
    [MACK] => Y
    [AUTH] => A
    [PROD_DESC[0]] => Product Description
    [PROD_TYPE[0]] => Product Type
    [PROD_ITEM[0]] => Product Item
    [PROD_QUANT[0]] => 1
    [PROD_PRICE[0]] => 1000
    [TOTL] => 1000
    [SITE] => VERT999
    [UDF[MERCHANT_ID]] => PSIMERCH999

    [NAME] => JUAN DELA CRUZ
    [B2A1] => 12345678 qwertyu
    [B2CC] => PH
    [B2CI] => MAKATI
    [B2PC] => 1204
    [B2PN] => 123456
    [B2ST] => NA
    [S2A1] => 
    [S2CC] => 
    [S2CI] => 
    [S2EM] => 
    [S2NM] =>  
    [S2PC] => 
    [S2PN] => 
    [S2ST] => 
    [SHTP] => 
    [CASH] => 10
    [DOB] => 1984-01-01
    [GENDER] => M
    [EMAL] => JOHNDOEAPPROVE@EXAMPLE.COM
    [ANID] => 123456
)


2016-01-12T10:19:33Z
ResponseParameter:  billNo: TEST2016011213 | endTime:2016-01-12 10:19:33

2016-01-12T10:19:33Z
<?xml version="1.0" encoding="UTF-8"?>
<RESPONSE>
  <VERS>0630</VERS>
  <MODE>P</MODE>
  <TRAN>37PM0KKBDPZY</TRAN>
  <MERC>680000</MERC>
  <SESS>TEST2016011213</SESS>
  <ORDR>TEST2016011213</ORDR>
  <AUTO>A</AUTO>
  <SCOR>58</SCOR>
  <GEOX>US</GEOX>
  <BRND>MSTR</BRND>
  <REGN></REGN>
  <NETW>N</NETW>
  <KAPT>N</KAPT>
  <CARDS>3</CARDS>
  <DEVICES>1</DEVICES>
  <EMAILS>4</EMAILS>
  <VELO>17</VELO>
  <VMAX>10</VMAX>
  <RULES_TRIGGERED>8</RULES_TRIGGERED>
  <RULE_ID_0>330712</RULE_ID_0>
  <RULE_DESCRIPTION_0>PERS_VAR More than 3 unique Email Addresses on Single Device (1 pt)</RULE_DESCRIPTION_0>
  <RULE_ID_1>383608</RULE_ID_1>
  <RULE_DESCRIPTION_1>GEO Billing &lt;&gt; BIN Country (1pt)</RULE_DESCRIPTION_1>
  <RULE_ID_2>330728</RULE_ID_2>
  <RULE_DESCRIPTION_2>FRAUD_SCRD PERS_VAR Counter Triggered (5pts)</RULE_DESCRIPTION_2>
  <RULE_ID_3>330730</RULE_ID_3>
  <RULE_DESCRIPTION_3>FRAUD_SCRD GEO Counter Triggered (5pts)</RULE_DESCRIPTION_3>
  <RULE_ID_4>330386</RULE_ID_4>
  <RULE_DESCRIPTION_4>Decline Order Velocity &gt;10 within 6 hours (VMAX)</RULE_DESCRIPTION_4>
  <RULE_ID_5>330814</RULE_ID_5>
  <RULE_DESCRIPTION_5>Approve VIP List Email</RULE_DESCRIPTION_5>
  <RULE_ID_6>345042</RULE_ID_6>
  <RULE_DESCRIPTION_6>Decline Customer Email Validation</RULE_DESCRIPTION_6>
  <RULE_ID_7>387002</RULE_ID_7>
  <RULE_DESCRIPTION_7>Decline Order Velocity &gt;5 within 1 hour &amp; Mode=Phone (VCUST)</RULE_DESCRIPTION_7>
  <COUNTERS_TRIGGERED>3</COUNTERS_TRIGGERED>
  <COUNTER_NAME_0>PERS_VAR</COUNTER_NAME_0>
  <COUNTER_VALUE_0>1</COUNTER_VALUE_0>
  <COUNTER_NAME_1>GEO</COUNTER_NAME_1>
  <COUNTER_VALUE_1>1</COUNTER_VALUE_1>
  <COUNTER_NAME_2>FRAUD_SCRD</COUNTER_NAME_2>
  <COUNTER_VALUE_2>10</COUNTER_VALUE_2>
  <REASON_CODE></REASON_CODE>
  <MASTERCARD></MASTERCARD>
  <DDFS></DDFS>
  <DSR></DSR>
  <UAS></UAS>
  <BROWSER></BROWSER>
  <OS></OS>
  <PIP_IPAD></PIP_IPAD>
  <PIP_LAT></PIP_LAT>
  <PIP_LON></PIP_LON>
  <PIP_COUNTRY></PIP_COUNTRY>
  <PIP_REGION></PIP_REGION>
  <PIP_CITY></PIP_CITY>
  <PIP_ORG></PIP_ORG>
  <IP_IPAD></IP_IPAD>
  <IP_LAT></IP_LAT>
  <IP_LON></IP_LON>
  <IP_COUNTRY></IP_COUNTRY>
  <IP_REGION></IP_REGION>
  <IP_CITY></IP_CITY>
  <IP_ORG></IP_ORG>
  <WARNING_COUNT>0</WARNING_COUNT>
</RESPONSE>

2016-01-12T10:20:51Z
RequestParameter:  billNo: TEST2016011214 | startTime:2016-01-12 10:20:51

2016-01-12T10:20:51Z
Array
(
    [MODE] => P
    [FRMT] => XML
    [VERS] => 0630
    [MERC] => 680000
    [UDF[CUSTOMER_IPAD]] => 112.211.18.77
    [SESS] => TEST2016011214
    [ORDR] => TEST2016011214
    [CURR] => USD
    [PENC] => KHASH
    [PTYP] => CARD
    [PTOK] => 541333J57QNPX4I65H8H
    [IPAD] => 10.0.0.1
    [MACK] => Y
    [AUTH] => A
    [PROD_DESC[0]] => Product Description
    [PROD_TYPE[0]] => Product Type
    [PROD_ITEM[0]] => Product Item
    [PROD_QUANT[0]] => 1
    [PROD_PRICE[0]] => 1000
    [TOTL] => 1000
    [SITE] => VERT999
    [UDF[MERCHANT_ID]] => PSIMERCH999

    [NAME] => JUAN DELA CRUZ
    [B2A1] => 12345678 qwertyu
    [B2CC] => PH
    [B2CI] => MAKATI
    [B2PC] => 1204
    [B2PN] => 123456
    [B2ST] => NA
    [S2A1] => 
    [S2CC] => 
    [S2CI] => 
    [S2EM] => 
    [S2NM] =>  
    [S2PC] => 
    [S2PN] => 
    [S2ST] => 
    [SHTP] => 
    [CASH] => 10
    [DOB] => 1984-01-01
    [GENDER] => M
    [EMAL] => JOHNDOEAPPROVE@EXAMPLE.COM
    [ANID] => 123456
)


2016-01-12T10:20:52Z
ResponseParameter:  billNo: TEST2016011214 | endTime:2016-01-12 10:20:52

2016-01-12T10:20:52Z
<?xml version="1.0" encoding="UTF-8"?>
<RESPONSE>
  <VERS>0630</VERS>
  <MODE>P</MODE>
  <TRAN>37PM0CYGDR7D</TRAN>
  <MERC>680000</MERC>
  <SESS>TEST2016011214</SESS>
  <ORDR>TEST2016011214</ORDR>
  <AUTO>A</AUTO>
  <SCOR>58</SCOR>
  <GEOX>US</GEOX>
  <BRND>MSTR</BRND>
  <REGN></REGN>
  <NETW>N</NETW>
  <KAPT>N</KAPT>
  <CARDS>3</CARDS>
  <DEVICES>1</DEVICES>
  <EMAILS>4</EMAILS>
  <VELO>17</VELO>
  <VMAX>10</VMAX>
  <RULES_TRIGGERED>8</RULES_TRIGGERED>
  <RULE_ID_0>330712</RULE_ID_0>
  <RULE_DESCRIPTION_0>PERS_VAR More than 3 unique Email Addresses on Single Device (1 pt)</RULE_DESCRIPTION_0>
  <RULE_ID_1>383608</RULE_ID_1>
  <RULE_DESCRIPTION_1>GEO Billing &lt;&gt; BIN Country (1pt)</RULE_DESCRIPTION_1>
  <RULE_ID_2>330728</RULE_ID_2>
  <RULE_DESCRIPTION_2>FRAUD_SCRD PERS_VAR Counter Triggered (5pts)</RULE_DESCRIPTION_2>
  <RULE_ID_3>330730</RULE_ID_3>
  <RULE_DESCRIPTION_3>FRAUD_SCRD GEO Counter Triggered (5pts)</RULE_DESCRIPTION_3>
  <RULE_ID_4>330386</RULE_ID_4>
  <RULE_DESCRIPTION_4>Decline Order Velocity &gt;10 within 6 hours (VMAX)</RULE_DESCRIPTION_4>
  <RULE_ID_5>330814</RULE_ID_5>
  <RULE_DESCRIPTION_5>Approve VIP List Email</RULE_DESCRIPTION_5>
  <RULE_ID_6>345042</RULE_ID_6>
  <RULE_DESCRIPTION_6>Decline Customer Email Validation</RULE_DESCRIPTION_6>
  <RULE_ID_7>387002</RULE_ID_7>
  <RULE_DESCRIPTION_7>Decline Order Velocity &gt;5 within 1 hour &amp; Mode=Phone (VCUST)</RULE_DESCRIPTION_7>
  <COUNTERS_TRIGGERED>3</COUNTERS_TRIGGERED>
  <COUNTER_NAME_0>PERS_VAR</COUNTER_NAME_0>
  <COUNTER_VALUE_0>1</COUNTER_VALUE_0>
  <COUNTER_NAME_1>GEO</COUNTER_NAME_1>
  <COUNTER_VALUE_1>1</COUNTER_VALUE_1>
  <COUNTER_NAME_2>FRAUD_SCRD</COUNTER_NAME_2>
  <COUNTER_VALUE_2>10</COUNTER_VALUE_2>
  <REASON_CODE></REASON_CODE>
  <MASTERCARD></MASTERCARD>
  <DDFS></DDFS>
  <DSR></DSR>
  <UAS></UAS>
  <BROWSER></BROWSER>
  <OS></OS>
  <PIP_IPAD></PIP_IPAD>
  <PIP_LAT></PIP_LAT>
  <PIP_LON></PIP_LON>
  <PIP_COUNTRY></PIP_COUNTRY>
  <PIP_REGION></PIP_REGION>
  <PIP_CITY></PIP_CITY>
  <PIP_ORG></PIP_ORG>
  <IP_IPAD></IP_IPAD>
  <IP_LAT></IP_LAT>
  <IP_LON></IP_LON>
  <IP_COUNTRY></IP_COUNTRY>
  <IP_REGION></IP_REGION>
  <IP_CITY></IP_CITY>
  <IP_ORG></IP_ORG>
  <WARNING_COUNT>0</WARNING_COUNT>
</RESPONSE>

2016-01-12T10:23:25Z
RequestParameter:  billNo: TEST2016011215 | startTime:2016-01-12 10:23:25

2016-01-12T10:23:25Z
Array
(
    [MODE] => P
    [FRMT] => XML
    [VERS] => 0630
    [MERC] => 680000
    [UDF[CUSTOMER_IPAD]] => 112.211.18.77
    [SESS] => TEST2016011215
    [ORDR] => TEST2016011215
    [CURR] => USD
    [PENC] => KHASH
    [PTYP] => CARD
    [PTOK] => 541333J57QNPX4I65H8H
    [IPAD] => 10.0.0.1
    [MACK] => Y
    [AUTH] => A
    [PROD_DESC[0]] => Product Description
    [PROD_TYPE[0]] => Product Type
    [PROD_ITEM[0]] => Product Item
    [PROD_QUANT[0]] => 1
    [PROD_PRICE[0]] => 1000
    [TOTL] => 1000
    [SITE] => VERT999
    [UDF[MERCHANT_ID]] => PSIMERCH999

    [NAME] => JUAN DELA CRUZ
    [B2A1] => 12345678 qwertyu
    [B2CC] => PH
    [B2CI] => MAKATI
    [B2PC] => 1204
    [B2PN] => 123456
    [B2ST] => NA
    [S2A1] => 
    [S2CC] => 
    [S2CI] => 
    [S2EM] => 
    [S2NM] =>  
    [S2PC] => 
    [S2PN] => 
    [S2ST] => 
    [SHTP] => 
    [CASH] => 10
    [DOB] => 1984-01-01
    [GENDER] => M
    [EMAL] => JOHNDOEAPPROVE@EXAMPLE.COM
    [ANID] => 123456
)


2016-01-12T10:23:26Z
ResponseParameter:  billNo: TEST2016011215 | endTime:2016-01-12 10:23:26

2016-01-12T10:23:26Z
<?xml version="1.0" encoding="UTF-8"?>
<RESPONSE>
  <VERS>0630</VERS>
  <MODE>P</MODE>
  <TRAN>37PM0BMB8D9N</TRAN>
  <MERC>680000</MERC>
  <SESS>TEST2016011215</SESS>
  <ORDR>TEST2016011215</ORDR>
  <AUTO>A</AUTO>
  <SCOR>58</SCOR>
  <GEOX>US</GEOX>
  <BRND>MSTR</BRND>
  <REGN></REGN>
  <NETW>N</NETW>
  <KAPT>N</KAPT>
  <CARDS>3</CARDS>
  <DEVICES>1</DEVICES>
  <EMAILS>4</EMAILS>
  <VELO>19</VELO>
  <VMAX>10</VMAX>
  <RULES_TRIGGERED>8</RULES_TRIGGERED>
  <RULE_ID_0>330712</RULE_ID_0>
  <RULE_DESCRIPTION_0>PERS_VAR More than 3 unique Email Addresses on Single Device (1 pt)</RULE_DESCRIPTION_0>
  <RULE_ID_1>383608</RULE_ID_1>
  <RULE_DESCRIPTION_1>GEO Billing &lt;&gt; BIN Country (1pt)</RULE_DESCRIPTION_1>
  <RULE_ID_2>330728</RULE_ID_2>
  <RULE_DESCRIPTION_2>FRAUD_SCRD PERS_VAR Counter Triggered (5pts)</RULE_DESCRIPTION_2>
  <RULE_ID_3>330730</RULE_ID_3>
  <RULE_DESCRIPTION_3>FRAUD_SCRD GEO Counter Triggered (5pts)</RULE_DESCRIPTION_3>
  <RULE_ID_4>330386</RULE_ID_4>
  <RULE_DESCRIPTION_4>Decline Order Velocity &gt;10 within 6 hours (VMAX)</RULE_DESCRIPTION_4>
  <RULE_ID_5>330814</RULE_ID_5>
  <RULE_DESCRIPTION_5>Approve VIP List Email</RULE_DESCRIPTION_5>
  <RULE_ID_6>345042</RULE_ID_6>
  <RULE_DESCRIPTION_6>Decline Customer Email Validation</RULE_DESCRIPTION_6>
  <RULE_ID_7>387002</RULE_ID_7>
  <RULE_DESCRIPTION_7>Decline Order Velocity &gt;5 within 1 hour &amp; Mode=Phone (VCUST)</RULE_DESCRIPTION_7>
  <COUNTERS_TRIGGERED>3</COUNTERS_TRIGGERED>
  <COUNTER_NAME_0>PERS_VAR</COUNTER_NAME_0>
  <COUNTER_VALUE_0>1</COUNTER_VALUE_0>
  <COUNTER_NAME_1>GEO</COUNTER_NAME_1>
  <COUNTER_VALUE_1>1</COUNTER_VALUE_1>
  <COUNTER_NAME_2>FRAUD_SCRD</COUNTER_NAME_2>
  <COUNTER_VALUE_2>10</COUNTER_VALUE_2>
  <REASON_CODE></REASON_CODE>
  <MASTERCARD></MASTERCARD>
  <DDFS></DDFS>
  <DSR></DSR>
  <UAS></UAS>
  <BROWSER></BROWSER>
  <OS></OS>
  <PIP_IPAD></PIP_IPAD>
  <PIP_LAT></PIP_LAT>
  <PIP_LON></PIP_LON>
  <PIP_COUNTRY></PIP_COUNTRY>
  <PIP_REGION></PIP_REGION>
  <PIP_CITY></PIP_CITY>
  <PIP_ORG></PIP_ORG>
  <IP_IPAD></IP_IPAD>
  <IP_LAT></IP_LAT>
  <IP_LON></IP_LON>
  <IP_COUNTRY></IP_COUNTRY>
  <IP_REGION></IP_REGION>
  <IP_CITY></IP_CITY>
  <IP_ORG></IP_ORG>
  <WARNING_COUNT>0</WARNING_COUNT>
</RESPONSE>

2016-01-12T10:26:07Z
RequestParameter:  billNo: TEST2016011216 | startTime:2016-01-12 10:26:07

2016-01-12T10:26:07Z
Array
(
    [MODE] => P
    [FRMT] => XML
    [VERS] => 0630
    [MERC] => 680000
    [UDF[CUSTOMER_IPAD]] => 112.211.18.77
    [SESS] => TEST2016011216
    [ORDR] => TEST2016011216
    [CURR] => USD
    [PENC] => KHASH
    [PTYP] => CARD
    [PTOK] => 541333J57QNPX4I65H8H
    [IPAD] => 10.0.0.1
    [MACK] => Y
    [AUTH] => A
    [PROD_DESC[0]] => Product Description
    [PROD_TYPE[0]] => Product Type
    [PROD_ITEM[0]] => Product Item
    [PROD_QUANT[0]] => 1
    [PROD_PRICE[0]] => 1000
    [TOTL] => 1000
    [SITE] => VERT999
    [UDF[MERCHANT_ID]] => PSIMERCH999

    [NAME] => JUAN DELA CRUZ
    [B2A1] => 12345678 qwertyu
    [B2CC] => PH
    [B2CI] => MAKATI
    [B2PC] => 1204
    [B2PN] => 123456
    [B2ST] => NA
    [S2A1] => 
    [S2CC] => 
    [S2CI] => 
    [S2EM] => 
    [S2NM] =>  
    [S2PC] => 
    [S2PN] => 
    [S2ST] => 
    [SHTP] => 
    [CASH] => 10
    [DOB] => 1984-01-01
    [GENDER] => M
    [EMAL] => JOHNDOEAPPROVE@EXAMPLE.COM
    [ANID] => 123456
)


2016-01-12T10:26:08Z
ResponseParameter:  billNo: TEST2016011216 | endTime:2016-01-12 10:26:08

2016-01-12T10:26:08Z
<?xml version="1.0" encoding="UTF-8"?>
<RESPONSE>
  <VERS>0630</VERS>
  <MODE>P</MODE>
  <TRAN>37PM037X0Z5J</TRAN>
  <MERC>680000</MERC>
  <SESS>TEST2016011216</SESS>
  <ORDR>TEST2016011216</ORDR>
  <AUTO>A</AUTO>
  <SCOR>58</SCOR>
  <GEOX>US</GEOX>
  <BRND>MSTR</BRND>
  <REGN></REGN>
  <NETW>N</NETW>
  <KAPT>N</KAPT>
  <CARDS>3</CARDS>
  <DEVICES>1</DEVICES>
  <EMAILS>4</EMAILS>
  <VELO>20</VELO>
  <VMAX>10</VMAX>
  <RULES_TRIGGERED>9</RULES_TRIGGERED>
  <RULE_ID_0>330712</RULE_ID_0>
  <RULE_DESCRIPTION_0>PERS_VAR More than 3 unique Email Addresses on Single Device (1 pt)</RULE_DESCRIPTION_0>
  <RULE_ID_1>330716</RULE_ID_1>
  <RULE_DESCRIPTION_1>PERS_VAR   More than 9 Orders in last 24 hours (1pt)</RULE_DESCRIPTION_1>
  <RULE_ID_2>383608</RULE_ID_2>
  <RULE_DESCRIPTION_2>GEO Billing &lt;&gt; BIN Country (1pt)</RULE_DESCRIPTION_2>
  <RULE_ID_3>330728</RULE_ID_3>
  <RULE_DESCRIPTION_3>FRAUD_SCRD PERS_VAR Counter Triggered (5pts)</RULE_DESCRIPTION_3>
  <RULE_ID_4>330730</RULE_ID_4>
  <RULE_DESCRIPTION_4>FRAUD_SCRD GEO Counter Triggered (5pts)</RULE_DESCRIPTION_4>
  <RULE_ID_5>330386</RULE_ID_5>
  <RULE_DESCRIPTION_5>Decline Order Velocity &gt;10 within 6 hours (VMAX)</RULE_DESCRIPTION_5>
  <RULE_ID_6>330814</RULE_ID_6>
  <RULE_DESCRIPTION_6>Approve VIP List Email</RULE_DESCRIPTION_6>
  <RULE_ID_7>345042</RULE_ID_7>
  <RULE_DESCRIPTION_7>Decline Customer Email Validation</RULE_DESCRIPTION_7>
  <RULE_ID_8>387002</RULE_ID_8>
  <RULE_DESCRIPTION_8>Decline Order Velocity &gt;5 within 1 hour &amp; Mode=Phone (VCUST)</RULE_DESCRIPTION_8>
  <COUNTERS_TRIGGERED>3</COUNTERS_TRIGGERED>
  <COUNTER_NAME_0>PERS_VAR</COUNTER_NAME_0>
  <COUNTER_VALUE_0>2</COUNTER_VALUE_0>
  <COUNTER_NAME_1>GEO</COUNTER_NAME_1>
  <COUNTER_VALUE_1>1</COUNTER_VALUE_1>
  <COUNTER_NAME_2>FRAUD_SCRD</COUNTER_NAME_2>
  <COUNTER_VALUE_2>10</COUNTER_VALUE_2>
  <REASON_CODE></REASON_CODE>
  <MASTERCARD></MASTERCARD>
  <DDFS></DDFS>
  <DSR></DSR>
  <UAS></UAS>
  <BROWSER></BROWSER>
  <OS></OS>
  <PIP_IPAD></PIP_IPAD>
  <PIP_LAT></PIP_LAT>
  <PIP_LON></PIP_LON>
  <PIP_COUNTRY></PIP_COUNTRY>
  <PIP_REGION></PIP_REGION>
  <PIP_CITY></PIP_CITY>
  <PIP_ORG></PIP_ORG>
  <IP_IPAD></IP_IPAD>
  <IP_LAT></IP_LAT>
  <IP_LON></IP_LON>
  <IP_COUNTRY></IP_COUNTRY>
  <IP_REGION></IP_REGION>
  <IP_CITY></IP_CITY>
  <IP_ORG></IP_ORG>
  <WARNING_COUNT>0</WARNING_COUNT>
</RESPONSE>

2016-01-12T10:27:33Z
RequestParameter:  billNo: TEST2016011217 | startTime:2016-01-12 10:27:33

2016-01-12T10:27:33Z
Array
(
    [MODE] => P
    [FRMT] => XML
    [VERS] => 0630
    [MERC] => 680000
    [UDF[CUSTOMER_IPAD]] => 112.211.18.77
    [SESS] => TEST2016011217
    [ORDR] => TEST2016011217
    [CURR] => USD
    [PENC] => KHASH
    [PTYP] => CARD
    [PTOK] => 541333J57QNPX4I65H8H
    [IPAD] => 10.0.0.1
    [MACK] => Y
    [AUTH] => A
    [PROD_DESC[0]] => Product Description
    [PROD_TYPE[0]] => Product Type
    [PROD_ITEM[0]] => Product Item
    [PROD_QUANT[0]] => 1
    [PROD_PRICE[0]] => 1000
    [TOTL] => 1000
    [SITE] => VERT999
    [UDF[MERCHANT_ID]] => PSIMERCH999

    [NAME] => JUAN DELA CRUZ
    [B2A1] => 12345678 qwertyu
    [B2CC] => PH
    [B2CI] => MAKATI
    [B2PC] => 1204
    [B2PN] => 123456
    [B2ST] => NA
    [S2A1] => 
    [S2CC] => 
    [S2CI] => 
    [S2EM] => 
    [S2NM] =>  
    [S2PC] => 
    [S2PN] => 
    [S2ST] => 
    [SHTP] => 
    [CASH] => 10
    [DOB] => 1984-01-01
    [GENDER] => M
    [EMAL] => JOHNDOEAPPROVE@EXAMPLE.COM
    [ANID] => 123456
)


2016-01-12T10:27:34Z
ResponseParameter:  billNo: TEST2016011217 | endTime:2016-01-12 10:27:34

2016-01-12T10:27:34Z
<?xml version="1.0" encoding="UTF-8"?>
<RESPONSE>
  <VERS>0630</VERS>
  <MODE>P</MODE>
  <TRAN>37PM0MK65WGK</TRAN>
  <MERC>680000</MERC>
  <SESS>TEST2016011217</SESS>
  <ORDR>TEST2016011217</ORDR>
  <AUTO>A</AUTO>
  <SCOR>58</SCOR>
  <GEOX>US</GEOX>
  <BRND>MSTR</BRND>
  <REGN></REGN>
  <NETW>N</NETW>
  <KAPT>N</KAPT>
  <CARDS>3</CARDS>
  <DEVICES>1</DEVICES>
  <EMAILS>4</EMAILS>
  <VELO>20</VELO>
  <VMAX>10</VMAX>
  <RULES_TRIGGERED>9</RULES_TRIGGERED>
  <RULE_ID_0>330712</RULE_ID_0>
  <RULE_DESCRIPTION_0>PERS_VAR More than 3 unique Email Addresses on Single Device (1 pt)</RULE_DESCRIPTION_0>
  <RULE_ID_1>330716</RULE_ID_1>
  <RULE_DESCRIPTION_1>PERS_VAR   More than 9 Orders in last 24 hours (1pt)</RULE_DESCRIPTION_1>
  <RULE_ID_2>383608</RULE_ID_2>
  <RULE_DESCRIPTION_2>GEO Billing &lt;&gt; BIN Country (1pt)</RULE_DESCRIPTION_2>
  <RULE_ID_3>330728</RULE_ID_3>
  <RULE_DESCRIPTION_3>FRAUD_SCRD PERS_VAR Counter Triggered (5pts)</RULE_DESCRIPTION_3>
  <RULE_ID_4>330730</RULE_ID_4>
  <RULE_DESCRIPTION_4>FRAUD_SCRD GEO Counter Triggered (5pts)</RULE_DESCRIPTION_4>
  <RULE_ID_5>330386</RULE_ID_5>
  <RULE_DESCRIPTION_5>Decline Order Velocity &gt;10 within 6 hours (VMAX)</RULE_DESCRIPTION_5>
  <RULE_ID_6>330814</RULE_ID_6>
  <RULE_DESCRIPTION_6>Approve VIP List Email</RULE_DESCRIPTION_6>
  <RULE_ID_7>345042</RULE_ID_7>
  <RULE_DESCRIPTION_7>Decline Customer Email Validation</RULE_DESCRIPTION_7>
  <RULE_ID_8>387002</RULE_ID_8>
  <RULE_DESCRIPTION_8>Decline Order Velocity &gt;5 within 1 hour &amp; Mode=Phone (VCUST)</RULE_DESCRIPTION_8>
  <COUNTERS_TRIGGERED>3</COUNTERS_TRIGGERED>
  <COUNTER_NAME_0>PERS_VAR</COUNTER_NAME_0>
  <COUNTER_VALUE_0>2</COUNTER_VALUE_0>
  <COUNTER_NAME_1>GEO</COUNTER_NAME_1>
  <COUNTER_VALUE_1>1</COUNTER_VALUE_1>
  <COUNTER_NAME_2>FRAUD_SCRD</COUNTER_NAME_2>
  <COUNTER_VALUE_2>10</COUNTER_VALUE_2>
  <REASON_CODE></REASON_CODE>
  <MASTERCARD></MASTERCARD>
  <DDFS></DDFS>
  <DSR></DSR>
  <UAS></UAS>
  <BROWSER></BROWSER>
  <OS></OS>
  <PIP_IPAD></PIP_IPAD>
  <PIP_LAT></PIP_LAT>
  <PIP_LON></PIP_LON>
  <PIP_COUNTRY></PIP_COUNTRY>
  <PIP_REGION></PIP_REGION>
  <PIP_CITY></PIP_CITY>
  <PIP_ORG></PIP_ORG>
  <IP_IPAD></IP_IPAD>
  <IP_LAT></IP_LAT>
  <IP_LON></IP_LON>
  <IP_COUNTRY></IP_COUNTRY>
  <IP_REGION></IP_REGION>
  <IP_CITY></IP_CITY>
  <IP_ORG></IP_ORG>
  <WARNING_COUNT>0</WARNING_COUNT>
</RESPONSE>

2016-01-12T10:46:48Z
RequestParameter:  billNo: TEST2016011220 | startTime:2016-01-12 10:46:48

2016-01-12T10:46:48Z
Array
(
    [MODE] => P
    [FRMT] => XML
    [VERS] => 0630
    [MERC] => 680000
    [UDF[CUSTOMER_IPAD]] => 112.211.18.77
    [SESS] => TEST2016011220
    [ORDR] => TEST2016011220
    [CURR] => USD
    [PENC] => KHASH
    [PTYP] => CARD
    [PTOK] => 541333J57QNPX4I65H8H
    [IPAD] => 10.0.0.1
    [MACK] => Y
    [AUTH] => A
    [PROD_DESC[0]] => Product Description
    [PROD_TYPE[0]] => Product Type
    [PROD_ITEM[0]] => Product Item
    [PROD_QUANT[0]] => 1
    [PROD_PRICE[0]] => 1000
    [TOTL] => 1000
    [SITE] => VERT999
    [UDF[MERCHANT_ID]] => PSIMERCH999

    [NAME] => JUAN DELA CRUZ
    [B2A1] => 12345678 qwertyu
    [B2CC] => PH
    [B2CI] => MAKATI
    [B2PC] => 1204
    [B2PN] => 123456
    [B2ST] => NA
    [S2A1] => 
    [S2CC] => 
    [S2CI] => 
    [S2EM] => 
    [S2NM] =>  
    [S2PC] => 
    [S2PN] => 
    [S2ST] => 
    [SHTP] => 
    [CASH] => 10
    [DOB] => 1984-01-01
    [GENDER] => M
    [EMAL] => JOHNDOEAPPROVE@EXAMPLE.COM
    [ANID] => 123456
)


2016-01-12T10:46:49Z
ResponseParameter:  billNo: TEST2016011220 | endTime:2016-01-12 10:46:49

2016-01-12T10:46:49Z
<?xml version="1.0" encoding="UTF-8"?>
<RESPONSE>
  <VERS>0630</VERS>
  <MODE>P</MODE>
  <TRAN>37PM0BXRGK6Z</TRAN>
  <MERC>680000</MERC>
  <SESS>TEST2016011220</SESS>
  <ORDR>TEST2016011220</ORDR>
  <AUTO>A</AUTO>
  <SCOR>58</SCOR>
  <GEOX>US</GEOX>
  <BRND>MSTR</BRND>
  <REGN></REGN>
  <NETW>N</NETW>
  <KAPT>N</KAPT>
  <CARDS>3</CARDS>
  <DEVICES>1</DEVICES>
  <EMAILS>4</EMAILS>
  <VELO>22</VELO>
  <VMAX>12</VMAX>
  <RULES_TRIGGERED>10</RULES_TRIGGERED>
  <RULE_ID_0>330712</RULE_ID_0>
  <RULE_DESCRIPTION_0>PERS_VAR More than 3 unique Email Addresses on Single Device (1 pt)</RULE_DESCRIPTION_0>
  <RULE_ID_1>330716</RULE_ID_1>
  <RULE_DESCRIPTION_1>PERS_VAR   More than 9 Orders in last 24 hours (1pt)</RULE_DESCRIPTION_1>
  <RULE_ID_2>383608</RULE_ID_2>
  <RULE_DESCRIPTION_2>GEO Billing &lt;&gt; BIN Country (1pt)</RULE_DESCRIPTION_2>
  <RULE_ID_3>330728</RULE_ID_3>
  <RULE_DESCRIPTION_3>FRAUD_SCRD PERS_VAR Counter Triggered (5pts)</RULE_DESCRIPTION_3>
  <RULE_ID_4>330730</RULE_ID_4>
  <RULE_DESCRIPTION_4>FRAUD_SCRD GEO Counter Triggered (5pts)</RULE_DESCRIPTION_4>
  <RULE_ID_5>330386</RULE_ID_5>
  <RULE_DESCRIPTION_5>Decline Order Velocity &gt;10 within 6 hours (VMAX)</RULE_DESCRIPTION_5>
  <RULE_ID_6>330808</RULE_ID_6>
  <RULE_DESCRIPTION_6>Decline Order Velocity &gt;20 in 14 days</RULE_DESCRIPTION_6>
  <RULE_ID_7>330814</RULE_ID_7>
  <RULE_DESCRIPTION_7>Approve VIP List Email</RULE_DESCRIPTION_7>
  <RULE_ID_8>345042</RULE_ID_8>
  <RULE_DESCRIPTION_8>Decline Customer Email Validation</RULE_DESCRIPTION_8>
  <RULE_ID_9>387002</RULE_ID_9>
  <RULE_DESCRIPTION_9>Decline Order Velocity &gt;5 within 1 hour &amp; Mode=Phone (VCUST)</RULE_DESCRIPTION_9>
  <COUNTERS_TRIGGERED>3</COUNTERS_TRIGGERED>
  <COUNTER_NAME_0>PERS_VAR</COUNTER_NAME_0>
  <COUNTER_VALUE_0>2</COUNTER_VALUE_0>
  <COUNTER_NAME_1>GEO</COUNTER_NAME_1>
  <COUNTER_VALUE_1>1</COUNTER_VALUE_1>
  <COUNTER_NAME_2>FRAUD_SCRD</COUNTER_NAME_2>
  <COUNTER_VALUE_2>10</COUNTER_VALUE_2>
  <REASON_CODE></REASON_CODE>
  <MASTERCARD></MASTERCARD>
  <DDFS></DDFS>
  <DSR></DSR>
  <UAS></UAS>
  <BROWSER></BROWSER>
  <OS></OS>
  <PIP_IPAD></PIP_IPAD>
  <PIP_LAT></PIP_LAT>
  <PIP_LON></PIP_LON>
  <PIP_COUNTRY></PIP_COUNTRY>
  <PIP_REGION></PIP_REGION>
  <PIP_CITY></PIP_CITY>
  <PIP_ORG></PIP_ORG>
  <IP_IPAD></IP_IPAD>
  <IP_LAT></IP_LAT>
  <IP_LON></IP_LON>
  <IP_COUNTRY></IP_COUNTRY>
  <IP_REGION></IP_REGION>
  <IP_CITY></IP_CITY>
  <IP_ORG></IP_ORG>
  <WARNING_COUNT>0</WARNING_COUNT>
</RESPONSE>

2016-01-12T10:47:25Z
RequestParameter:  billNo: TEST2016011221 | startTime:2016-01-12 10:47:25

2016-01-12T10:47:25Z
Array
(
    [MODE] => P
    [FRMT] => XML
    [VERS] => 0630
    [MERC] => 680000
    [UDF[CUSTOMER_IPAD]] => 112.211.18.77
    [SESS] => TEST2016011221
    [ORDR] => TEST2016011221
    [CURR] => USD
    [PENC] => KHASH
    [PTYP] => CARD
    [PTOK] => 541333J57QNPX4I65H8H
    [IPAD] => 10.0.0.1
    [MACK] => Y
    [AUTH] => A
    [PROD_DESC[0]] => Product Description
    [PROD_TYPE[0]] => Product Type
    [PROD_ITEM[0]] => Product Item
    [PROD_QUANT[0]] => 1
    [PROD_PRICE[0]] => 1000
    [TOTL] => 1000
    [SITE] => VERT999
    [UDF[MERCHANT_ID]] => PSIMERCH999

    [NAME] => JUAN DELA CRUZ
    [B2A1] => 12345678 qwertyu
    [B2CC] => PH
    [B2CI] => MAKATI
    [B2PC] => 1204
    [B2PN] => 123456
    [B2ST] => NA
    [S2A1] => 
    [S2CC] => 
    [S2CI] => 
    [S2EM] => 
    [S2NM] =>  
    [S2PC] => 
    [S2PN] => 
    [S2ST] => 
    [SHTP] => 
    [CASH] => 10
    [DOB] => 1984-01-01
    [GENDER] => M
    [EMAL] => JOHNDOEAPPROVE@EXAMPLE.COM
    [ANID] => 123456
)


2016-01-12T10:47:26Z
ResponseParameter:  billNo: TEST2016011221 | endTime:2016-01-12 10:47:26

2016-01-12T10:47:26Z
<?xml version="1.0" encoding="UTF-8"?>
<RESPONSE>
  <VERS>0630</VERS>
  <MODE>P</MODE>
  <TRAN>37PM023R844G</TRAN>
  <MERC>680000</MERC>
  <SESS>TEST2016011221</SESS>
  <ORDR>TEST2016011221</ORDR>
  <AUTO>A</AUTO>
  <SCOR>58</SCOR>
  <GEOX>US</GEOX>
  <BRND>MSTR</BRND>
  <REGN></REGN>
  <NETW>N</NETW>
  <KAPT>N</KAPT>
  <CARDS>3</CARDS>
  <DEVICES>1</DEVICES>
  <EMAILS>4</EMAILS>
  <VELO>22</VELO>
  <VMAX>12</VMAX>
  <RULES_TRIGGERED>10</RULES_TRIGGERED>
  <RULE_ID_0>330712</RULE_ID_0>
  <RULE_DESCRIPTION_0>PERS_VAR More than 3 unique Email Addresses on Single Device (1 pt)</RULE_DESCRIPTION_0>
  <RULE_ID_1>330716</RULE_ID_1>
  <RULE_DESCRIPTION_1>PERS_VAR   More than 9 Orders in last 24 hours (1pt)</RULE_DESCRIPTION_1>
  <RULE_ID_2>383608</RULE_ID_2>
  <RULE_DESCRIPTION_2>GEO Billing &lt;&gt; BIN Country (1pt)</RULE_DESCRIPTION_2>
  <RULE_ID_3>330728</RULE_ID_3>
  <RULE_DESCRIPTION_3>FRAUD_SCRD PERS_VAR Counter Triggered (5pts)</RULE_DESCRIPTION_3>
  <RULE_ID_4>330730</RULE_ID_4>
  <RULE_DESCRIPTION_4>FRAUD_SCRD GEO Counter Triggered (5pts)</RULE_DESCRIPTION_4>
  <RULE_ID_5>330386</RULE_ID_5>
  <RULE_DESCRIPTION_5>Decline Order Velocity &gt;10 within 6 hours (VMAX)</RULE_DESCRIPTION_5>
  <RULE_ID_6>330808</RULE_ID_6>
  <RULE_DESCRIPTION_6>Decline Order Velocity &gt;20 in 14 days</RULE_DESCRIPTION_6>
  <RULE_ID_7>330814</RULE_ID_7>
  <RULE_DESCRIPTION_7>Approve VIP List Email</RULE_DESCRIPTION_7>
  <RULE_ID_8>345042</RULE_ID_8>
  <RULE_DESCRIPTION_8>Decline Customer Email Validation</RULE_DESCRIPTION_8>
  <RULE_ID_9>387002</RULE_ID_9>
  <RULE_DESCRIPTION_9>Decline Order Velocity &gt;5 within 1 hour &amp; Mode=Phone (VCUST)</RULE_DESCRIPTION_9>
  <COUNTERS_TRIGGERED>3</COUNTERS_TRIGGERED>
  <COUNTER_NAME_0>PERS_VAR</COUNTER_NAME_0>
  <COUNTER_VALUE_0>2</COUNTER_VALUE_0>
  <COUNTER_NAME_1>GEO</COUNTER_NAME_1>
  <COUNTER_VALUE_1>1</COUNTER_VALUE_1>
  <COUNTER_NAME_2>FRAUD_SCRD</COUNTER_NAME_2>
  <COUNTER_VALUE_2>10</COUNTER_VALUE_2>
  <REASON_CODE></REASON_CODE>
  <MASTERCARD></MASTERCARD>
  <DDFS></DDFS>
  <DSR></DSR>
  <UAS></UAS>
  <BROWSER></BROWSER>
  <OS></OS>
  <PIP_IPAD></PIP_IPAD>
  <PIP_LAT></PIP_LAT>
  <PIP_LON></PIP_LON>
  <PIP_COUNTRY></PIP_COUNTRY>
  <PIP_REGION></PIP_REGION>
  <PIP_CITY></PIP_CITY>
  <PIP_ORG></PIP_ORG>
  <IP_IPAD></IP_IPAD>
  <IP_LAT></IP_LAT>
  <IP_LON></IP_LON>
  <IP_COUNTRY></IP_COUNTRY>
  <IP_REGION></IP_REGION>
  <IP_CITY></IP_CITY>
  <IP_ORG></IP_ORG>
  <WARNING_COUNT>0</WARNING_COUNT>
</RESPONSE>

2016-01-12T10:49:12Z
RequestParameter:  billNo: TEST2016011222 | startTime:2016-01-12 10:49:12

2016-01-12T10:49:12Z
Array
(
    [MODE] => P
    [FRMT] => XML
    [VERS] => 0630
    [MERC] => 680000
    [UDF[CUSTOMER_IPAD]] => 112.211.18.77
    [SESS] => TEST2016011222
    [ORDR] => TEST2016011222
    [CURR] => USD
    [PENC] => KHASH
    [PTYP] => CARD
    [PTOK] => 541333J57QNPX4I65H8H
    [IPAD] => 10.0.0.1
    [MACK] => Y
    [AUTH] => A
    [PROD_DESC[0]] => Product Description
    [PROD_TYPE[0]] => Product Type
    [PROD_ITEM[0]] => Product Item
    [PROD_QUANT[0]] => 1
    [PROD_PRICE[0]] => 1000
    [TOTL] => 1000
    [SITE] => VERT999
    [UDF[MERCHANT_ID]] => PSIMERCH999

    [NAME] => JUAN DELA CRUZ
    [B2A1] => 12345678 qwertyu
    [B2CC] => PH
    [B2CI] => MAKATI
    [B2PC] => 1204
    [B2PN] => 123456
    [B2ST] => NA
    [S2A1] => 
    [S2CC] => 
    [S2CI] => 
    [S2EM] => 
    [S2NM] =>  
    [S2PC] => 
    [S2PN] => 
    [S2ST] => 
    [SHTP] => 
    [CASH] => 10
    [DOB] => 1984-01-01
    [GENDER] => M
    [EMAL] => JOHNDOEAPPROVE@EXAMPLE.COM
    [ANID] => 123456
)


2016-01-12T10:49:13Z
ResponseParameter:  billNo: TEST2016011222 | endTime:2016-01-12 10:49:13

2016-01-12T10:49:13Z
<?xml version="1.0" encoding="UTF-8"?>
<RESPONSE>
  <VERS>0630</VERS>
  <MODE>P</MODE>
  <TRAN>37PM0NYSCJJT</TRAN>
  <MERC>680000</MERC>
  <SESS>TEST2016011222</SESS>
  <ORDR>TEST2016011222</ORDR>
  <AUTO>A</AUTO>
  <SCOR>58</SCOR>
  <GEOX>US</GEOX>
  <BRND>MSTR</BRND>
  <REGN></REGN>
  <NETW>N</NETW>
  <KAPT>N</KAPT>
  <CARDS>3</CARDS>
  <DEVICES>1</DEVICES>
  <EMAILS>4</EMAILS>
  <VELO>24</VELO>
  <VMAX>14</VMAX>
  <RULES_TRIGGERED>10</RULES_TRIGGERED>
  <RULE_ID_0>330712</RULE_ID_0>
  <RULE_DESCRIPTION_0>PERS_VAR More than 3 unique Email Addresses on Single Device (1 pt)</RULE_DESCRIPTION_0>
  <RULE_ID_1>330716</RULE_ID_1>
  <RULE_DESCRIPTION_1>PERS_VAR   More than 9 Orders in last 24 hours (1pt)</RULE_DESCRIPTION_1>
  <RULE_ID_2>383608</RULE_ID_2>
  <RULE_DESCRIPTION_2>GEO Billing &lt;&gt; BIN Country (1pt)</RULE_DESCRIPTION_2>
  <RULE_ID_3>330728</RULE_ID_3>
  <RULE_DESCRIPTION_3>FRAUD_SCRD PERS_VAR Counter Triggered (5pts)</RULE_DESCRIPTION_3>
  <RULE_ID_4>330730</RULE_ID_4>
  <RULE_DESCRIPTION_4>FRAUD_SCRD GEO Counter Triggered (5pts)</RULE_DESCRIPTION_4>
  <RULE_ID_5>330386</RULE_ID_5>
  <RULE_DESCRIPTION_5>Decline Order Velocity &gt;10 within 6 hours (VMAX)</RULE_DESCRIPTION_5>
  <RULE_ID_6>330808</RULE_ID_6>
  <RULE_DESCRIPTION_6>Decline Order Velocity &gt;20 in 14 days</RULE_DESCRIPTION_6>
  <RULE_ID_7>330814</RULE_ID_7>
  <RULE_DESCRIPTION_7>Approve VIP List Email</RULE_DESCRIPTION_7>
  <RULE_ID_8>345042</RULE_ID_8>
  <RULE_DESCRIPTION_8>Decline Customer Email Validation</RULE_DESCRIPTION_8>
  <RULE_ID_9>387002</RULE_ID_9>
  <RULE_DESCRIPTION_9>Decline Order Velocity &gt;5 within 1 hour &amp; Mode=Phone (VCUST)</RULE_DESCRIPTION_9>
  <COUNTERS_TRIGGERED>3</COUNTERS_TRIGGERED>
  <COUNTER_NAME_0>PERS_VAR</COUNTER_NAME_0>
  <COUNTER_VALUE_0>2</COUNTER_VALUE_0>
  <COUNTER_NAME_1>GEO</COUNTER_NAME_1>
  <COUNTER_VALUE_1>1</COUNTER_VALUE_1>
  <COUNTER_NAME_2>FRAUD_SCRD</COUNTER_NAME_2>
  <COUNTER_VALUE_2>10</COUNTER_VALUE_2>
  <REASON_CODE></REASON_CODE>
  <MASTERCARD></MASTERCARD>
  <DDFS></DDFS>
  <DSR></DSR>
  <UAS></UAS>
  <BROWSER></BROWSER>
  <OS></OS>
  <PIP_IPAD></PIP_IPAD>
  <PIP_LAT></PIP_LAT>
  <PIP_LON></PIP_LON>
  <PIP_COUNTRY></PIP_COUNTRY>
  <PIP_REGION></PIP_REGION>
  <PIP_CITY></PIP_CITY>
  <PIP_ORG></PIP_ORG>
  <IP_IPAD></IP_IPAD>
  <IP_LAT></IP_LAT>
  <IP_LON></IP_LON>
  <IP_COUNTRY></IP_COUNTRY>
  <IP_REGION></IP_REGION>
  <IP_CITY></IP_CITY>
  <IP_ORG></IP_ORG>
  <WARNING_COUNT>0</WARNING_COUNT>
</RESPONSE>

2016-01-12T11:06:46Z
RequestParameter:  billNo: TEST2016011223 | startTime:2016-01-12 11:06:46

2016-01-12T11:06:46Z
Array
(
    [MODE] => P
    [FRMT] => XML
    [VERS] => 0630
    [MERC] => 680000
    [UDF[CUSTOMER_IPAD]] => 112.211.18.77
    [SESS] => TEST2016011223
    [ORDR] => TEST2016011223
    [CURR] => USD
    [PENC] => KHASH
    [PTYP] => CARD
    [PTOK] => 541333J57QNPX4I65H8H
    [IPAD] => 10.0.0.1
    [MACK] => Y
    [AUTH] => A
    [PROD_DESC[0]] => Product Description
    [PROD_TYPE[0]] => Product Type
    [PROD_ITEM[0]] => Product Item
    [PROD_QUANT[0]] => 1
    [PROD_PRICE[0]] => 1000
    [TOTL] => 1000
    [SITE] => VERT999
    [UDF[MERCHANT_ID]] => PSIMERCH999

    [NAME] => JUAN DELA CRUZ
    [B2A1] => 12345678 qwertyu
    [B2CC] => PH
    [B2CI] => MAKATI
    [B2PC] => 1204
    [B2PN] => 123456
    [B2ST] => NA
    [S2A1] => 
    [S2CC] => 
    [S2CI] => 
    [S2EM] => 
    [S2NM] =>  
    [S2PC] => 
    [S2PN] => 
    [S2ST] => 
    [SHTP] => 
    [CASH] => 10
    [DOB] => 1984-01-01
    [GENDER] => M
    [EMAL] => JOHNDOEAPPROVE@EXAMPLE.COM
    [ANID] => 123456
)


2016-01-12T11:06:48Z
ResponseParameter:  billNo: TEST2016011223 | endTime:2016-01-12 11:06:48

2016-01-12T11:06:48Z
<?xml version="1.0" encoding="UTF-8"?>
<RESPONSE>
  <VERS>0630</VERS>
  <MODE>P</MODE>
  <TRAN>37PG04JNYN4X</TRAN>
  <MERC>680000</MERC>
  <SESS>TEST2016011223</SESS>
  <ORDR>TEST2016011223</ORDR>
  <AUTO>A</AUTO>
  <SCOR>58</SCOR>
  <GEOX>US</GEOX>
  <BRND>MSTR</BRND>
  <REGN></REGN>
  <NETW>N</NETW>
  <KAPT>N</KAPT>
  <CARDS>3</CARDS>
  <DEVICES>1</DEVICES>
  <EMAILS>4</EMAILS>
  <VELO>25</VELO>
  <VMAX>15</VMAX>
  <RULES_TRIGGERED>10</RULES_TRIGGERED>
  <RULE_ID_0>330712</RULE_ID_0>
  <RULE_DESCRIPTION_0>PERS_VAR More than 3 unique Email Addresses on Single Device (1 pt)</RULE_DESCRIPTION_0>
  <RULE_ID_1>330716</RULE_ID_1>
  <RULE_DESCRIPTION_1>PERS_VAR   More than 9 Orders in last 24 hours (1pt)</RULE_DESCRIPTION_1>
  <RULE_ID_2>383608</RULE_ID_2>
  <RULE_DESCRIPTION_2>GEO Billing &lt;&gt; BIN Country (1pt)</RULE_DESCRIPTION_2>
  <RULE_ID_3>330728</RULE_ID_3>
  <RULE_DESCRIPTION_3>FRAUD_SCRD PERS_VAR Counter Triggered (5pts)</RULE_DESCRIPTION_3>
  <RULE_ID_4>330730</RULE_ID_4>
  <RULE_DESCRIPTION_4>FRAUD_SCRD GEO Counter Triggered (5pts)</RULE_DESCRIPTION_4>
  <RULE_ID_5>330386</RULE_ID_5>
  <RULE_DESCRIPTION_5>Decline Order Velocity &gt;10 within 6 hours (VMAX)</RULE_DESCRIPTION_5>
  <RULE_ID_6>330808</RULE_ID_6>
  <RULE_DESCRIPTION_6>Decline Order Velocity &gt;20 in 14 days</RULE_DESCRIPTION_6>
  <RULE_ID_7>330814</RULE_ID_7>
  <RULE_DESCRIPTION_7>Approve VIP List Email</RULE_DESCRIPTION_7>
  <RULE_ID_8>345042</RULE_ID_8>
  <RULE_DESCRIPTION_8>Decline Customer Email Validation</RULE_DESCRIPTION_8>
  <RULE_ID_9>387002</RULE_ID_9>
  <RULE_DESCRIPTION_9>Decline Order Velocity &gt;5 within 1 hour &amp; Mode=Phone (VCUST)</RULE_DESCRIPTION_9>
  <COUNTERS_TRIGGERED>3</COUNTERS_TRIGGERED>
  <COUNTER_NAME_0>PERS_VAR</COUNTER_NAME_0>
  <COUNTER_VALUE_0>2</COUNTER_VALUE_0>
  <COUNTER_NAME_1>GEO</COUNTER_NAME_1>
  <COUNTER_VALUE_1>1</COUNTER_VALUE_1>
  <COUNTER_NAME_2>FRAUD_SCRD</COUNTER_NAME_2>
  <COUNTER_VALUE_2>10</COUNTER_VALUE_2>
  <REASON_CODE></REASON_CODE>
  <MASTERCARD></MASTERCARD>
  <DDFS></DDFS>
  <DSR></DSR>
  <UAS></UAS>
  <BROWSER></BROWSER>
  <OS></OS>
  <PIP_IPAD></PIP_IPAD>
  <PIP_LAT></PIP_LAT>
  <PIP_LON></PIP_LON>
  <PIP_COUNTRY></PIP_COUNTRY>
  <PIP_REGION></PIP_REGION>
  <PIP_CITY></PIP_CITY>
  <PIP_ORG></PIP_ORG>
  <IP_IPAD></IP_IPAD>
  <IP_LAT></IP_LAT>
  <IP_LON></IP_LON>
  <IP_COUNTRY></IP_COUNTRY>
  <IP_REGION></IP_REGION>
  <IP_CITY></IP_CITY>
  <IP_ORG></IP_ORG>
  <WARNING_COUNT>0</WARNING_COUNT>
</RESPONSE>

2016-01-12T11:12:06Z
RequestParameter:  billNo: TEST2016011224 | startTime:2016-01-12 11:12:06

2016-01-12T11:12:06Z
Array
(
    [MODE] => P
    [FRMT] => XML
    [VERS] => 0630
    [MERC] => 680000
    [UDF[CUSTOMER_IPAD]] => 112.211.18.77
    [SESS] => TEST2016011224
    [ORDR] => TEST2016011224
    [CURR] => USD
    [PENC] => KHASH
    [PTYP] => CARD
    [PTOK] => 541333J57QNPX4I65H8H
    [IPAD] => 10.0.0.1
    [MACK] => Y
    [AUTH] => A
    [PROD_DESC[0]] => Product Description
    [PROD_TYPE[0]] => Product Type
    [PROD_ITEM[0]] => Product Item
    [PROD_QUANT[0]] => 1
    [PROD_PRICE[0]] => 1000
    [TOTL] => 1000
    [SITE] => VERT999
    [UDF[MERCHANT_ID]] => PSIMERCH999

    [NAME] => JUAN DELA CRUZ
    [B2A1] => 12345678 qwertyu
    [B2CC] => PH
    [B2CI] => MAKATI
    [B2PC] => 1204
    [B2PN] => 123456
    [B2ST] => NA
    [S2A1] => 
    [S2CC] => 
    [S2CI] => 
    [S2EM] => 
    [S2NM] =>  
    [S2PC] => 
    [S2PN] => 
    [S2ST] => 
    [SHTP] => 
    [CASH] => 10
    [DOB] => 1984-01-01
    [GENDER] => M
    [EMAL] => JOHNDOEAPPROVE@EXAMPLE.COM
    [ANID] => 123456
)


2016-01-12T11:12:07Z
ResponseParameter:  billNo: TEST2016011224 | endTime:2016-01-12 11:12:07

2016-01-12T11:12:07Z
<?xml version="1.0" encoding="UTF-8"?>
<RESPONSE>
  <VERS>0630</VERS>
  <MODE>P</MODE>
  <TRAN>37PG05V22V35</TRAN>
  <MERC>680000</MERC>
  <SESS>TEST2016011224</SESS>
  <ORDR>TEST2016011224</ORDR>
  <AUTO>A</AUTO>
  <SCOR>58</SCOR>
  <GEOX>US</GEOX>
  <BRND>MSTR</BRND>
  <REGN></REGN>
  <NETW>N</NETW>
  <KAPT>N</KAPT>
  <CARDS>3</CARDS>
  <DEVICES>1</DEVICES>
  <EMAILS>4</EMAILS>
  <VELO>26</VELO>
  <VMAX>16</VMAX>
  <RULES_TRIGGERED>10</RULES_TRIGGERED>
  <RULE_ID_0>330712</RULE_ID_0>
  <RULE_DESCRIPTION_0>PERS_VAR More than 3 unique Email Addresses on Single Device (1 pt)</RULE_DESCRIPTION_0>
  <RULE_ID_1>330716</RULE_ID_1>
  <RULE_DESCRIPTION_1>PERS_VAR   More than 9 Orders in last 24 hours (1pt)</RULE_DESCRIPTION_1>
  <RULE_ID_2>383608</RULE_ID_2>
  <RULE_DESCRIPTION_2>GEO Billing &lt;&gt; BIN Country (1pt)</RULE_DESCRIPTION_2>
  <RULE_ID_3>330728</RULE_ID_3>
  <RULE_DESCRIPTION_3>FRAUD_SCRD PERS_VAR Counter Triggered (5pts)</RULE_DESCRIPTION_3>
  <RULE_ID_4>330730</RULE_ID_4>
  <RULE_DESCRIPTION_4>FRAUD_SCRD GEO Counter Triggered (5pts)</RULE_DESCRIPTION_4>
  <RULE_ID_5>330386</RULE_ID_5>
  <RULE_DESCRIPTION_5>Decline Order Velocity &gt;10 within 6 hours (VMAX)</RULE_DESCRIPTION_5>
  <RULE_ID_6>330808</RULE_ID_6>
  <RULE_DESCRIPTION_6>Decline Order Velocity &gt;20 in 14 days</RULE_DESCRIPTION_6>
  <RULE_ID_7>330814</RULE_ID_7>
  <RULE_DESCRIPTION_7>Approve VIP List Email</RULE_DESCRIPTION_7>
  <RULE_ID_8>345042</RULE_ID_8>
  <RULE_DESCRIPTION_8>Decline Customer Email Validation</RULE_DESCRIPTION_8>
  <RULE_ID_9>387002</RULE_ID_9>
  <RULE_DESCRIPTION_9>Decline Order Velocity &gt;5 within 1 hour &amp; Mode=Phone (VCUST)</RULE_DESCRIPTION_9>
  <COUNTERS_TRIGGERED>3</COUNTERS_TRIGGERED>
  <COUNTER_NAME_0>PERS_VAR</COUNTER_NAME_0>
  <COUNTER_VALUE_0>2</COUNTER_VALUE_0>
  <COUNTER_NAME_1>GEO</COUNTER_NAME_1>
  <COUNTER_VALUE_1>1</COUNTER_VALUE_1>
  <COUNTER_NAME_2>FRAUD_SCRD</COUNTER_NAME_2>
  <COUNTER_VALUE_2>10</COUNTER_VALUE_2>
  <REASON_CODE></REASON_CODE>
  <MASTERCARD></MASTERCARD>
  <DDFS></DDFS>
  <DSR></DSR>
  <UAS></UAS>
  <BROWSER></BROWSER>
  <OS></OS>
  <PIP_IPAD></PIP_IPAD>
  <PIP_LAT></PIP_LAT>
  <PIP_LON></PIP_LON>
  <PIP_COUNTRY></PIP_COUNTRY>
  <PIP_REGION></PIP_REGION>
  <PIP_CITY></PIP_CITY>
  <PIP_ORG></PIP_ORG>
  <IP_IPAD></IP_IPAD>
  <IP_LAT></IP_LAT>
  <IP_LON></IP_LON>
  <IP_COUNTRY></IP_COUNTRY>
  <IP_REGION></IP_REGION>
  <IP_CITY></IP_CITY>
  <IP_ORG></IP_ORG>
  <WARNING_COUNT>0</WARNING_COUNT>
</RESPONSE>

2016-01-12T11:13:38Z
RequestParameter:  billNo: TEST2016011225 | startTime:2016-01-12 11:13:38

2016-01-12T11:13:38Z
Array
(
    [MODE] => P
    [FRMT] => XML
    [VERS] => 0630
    [MERC] => 680000
    [UDF[CUSTOMER_IPAD]] => 112.211.18.77
    [SESS] => TEST2016011225
    [ORDR] => TEST2016011225
    [CURR] => USD
    [PENC] => KHASH
    [PTYP] => CARD
    [PTOK] => 541333J57QNPX4I65H8H
    [IPAD] => 10.0.0.1
    [MACK] => Y
    [AUTH] => A
    [PROD_DESC[0]] => Product Description
    [PROD_TYPE[0]] => Product Type
    [PROD_ITEM[0]] => Product Item
    [PROD_QUANT[0]] => 1
    [PROD_PRICE[0]] => 1000
    [TOTL] => 1000
    [SITE] => VERT999
    [UDF[MERCHANT_ID]] => PSIMERCH999

    [NAME] => JUAN DELA CRUZ
    [B2A1] => 12345678 qwertyu
    [B2CC] => PH
    [B2CI] => MAKATI
    [B2PC] => 1204
    [B2PN] => 123456
    [B2ST] => NA
    [S2A1] => 
    [S2CC] => 
    [S2CI] => 
    [S2EM] => 
    [S2NM] =>  
    [S2PC] => 
    [S2PN] => 
    [S2ST] => 
    [SHTP] => 
    [CASH] => 10
    [DOB] => 1984-01-01
    [GENDER] => M
    [EMAL] => JOHNDOEAPPROVE@EXAMPLE.COM
    [ANID] => 123456
)


2016-01-12T11:13:39Z
ResponseParameter:  billNo: TEST2016011225 | endTime:2016-01-12 11:13:39

2016-01-12T11:13:39Z
<?xml version="1.0" encoding="UTF-8"?>
<RESPONSE>
  <VERS>0630</VERS>
  <MODE>P</MODE>
  <TRAN>37PG0R5NPGDJ</TRAN>
  <MERC>680000</MERC>
  <SESS>TEST2016011225</SESS>
  <ORDR>TEST2016011225</ORDR>
  <AUTO>A</AUTO>
  <SCOR>58</SCOR>
  <GEOX>US</GEOX>
  <BRND>MSTR</BRND>
  <REGN></REGN>
  <NETW>N</NETW>
  <KAPT>N</KAPT>
  <CARDS>3</CARDS>
  <DEVICES>1</DEVICES>
  <EMAILS>4</EMAILS>
  <VELO>26</VELO>
  <VMAX>16</VMAX>
  <RULES_TRIGGERED>10</RULES_TRIGGERED>
  <RULE_ID_0>330712</RULE_ID_0>
  <RULE_DESCRIPTION_0>PERS_VAR More than 3 unique Email Addresses on Single Device (1 pt)</RULE_DESCRIPTION_0>
  <RULE_ID_1>330716</RULE_ID_1>
  <RULE_DESCRIPTION_1>PERS_VAR   More than 9 Orders in last 24 hours (1pt)</RULE_DESCRIPTION_1>
  <RULE_ID_2>383608</RULE_ID_2>
  <RULE_DESCRIPTION_2>GEO Billing &lt;&gt; BIN Country (1pt)</RULE_DESCRIPTION_2>
  <RULE_ID_3>330728</RULE_ID_3>
  <RULE_DESCRIPTION_3>FRAUD_SCRD PERS_VAR Counter Triggered (5pts)</RULE_DESCRIPTION_3>
  <RULE_ID_4>330730</RULE_ID_4>
  <RULE_DESCRIPTION_4>FRAUD_SCRD GEO Counter Triggered (5pts)</RULE_DESCRIPTION_4>
  <RULE_ID_5>330386</RULE_ID_5>
  <RULE_DESCRIPTION_5>Decline Order Velocity &gt;10 within 6 hours (VMAX)</RULE_DESCRIPTION_5>
  <RULE_ID_6>330808</RULE_ID_6>
  <RULE_DESCRIPTION_6>Decline Order Velocity &gt;20 in 14 days</RULE_DESCRIPTION_6>
  <RULE_ID_7>330814</RULE_ID_7>
  <RULE_DESCRIPTION_7>Approve VIP List Email</RULE_DESCRIPTION_7>
  <RULE_ID_8>345042</RULE_ID_8>
  <RULE_DESCRIPTION_8>Decline Customer Email Validation</RULE_DESCRIPTION_8>
  <RULE_ID_9>387002</RULE_ID_9>
  <RULE_DESCRIPTION_9>Decline Order Velocity &gt;5 within 1 hour &amp; Mode=Phone (VCUST)</RULE_DESCRIPTION_9>
  <COUNTERS_TRIGGERED>3</COUNTERS_TRIGGERED>
  <COUNTER_NAME_0>PERS_VAR</COUNTER_NAME_0>
  <COUNTER_VALUE_0>2</COUNTER_VALUE_0>
  <COUNTER_NAME_1>GEO</COUNTER_NAME_1>
  <COUNTER_VALUE_1>1</COUNTER_VALUE_1>
  <COUNTER_NAME_2>FRAUD_SCRD</COUNTER_NAME_2>
  <COUNTER_VALUE_2>10</COUNTER_VALUE_2>
  <REASON_CODE></REASON_CODE>
  <MASTERCARD></MASTERCARD>
  <DDFS></DDFS>
  <DSR></DSR>
  <UAS></UAS>
  <BROWSER></BROWSER>
  <OS></OS>
  <PIP_IPAD></PIP_IPAD>
  <PIP_LAT></PIP_LAT>
  <PIP_LON></PIP_LON>
  <PIP_COUNTRY></PIP_COUNTRY>
  <PIP_REGION></PIP_REGION>
  <PIP_CITY></PIP_CITY>
  <PIP_ORG></PIP_ORG>
  <IP_IPAD></IP_IPAD>
  <IP_LAT></IP_LAT>
  <IP_LON></IP_LON>
  <IP_COUNTRY></IP_COUNTRY>
  <IP_REGION></IP_REGION>
  <IP_CITY></IP_CITY>
  <IP_ORG></IP_ORG>
  <WARNING_COUNT>0</WARNING_COUNT>
</RESPONSE>

2016-01-12T11:15:01Z
RequestParameter:  billNo: TEST2016011226 | startTime:2016-01-12 11:15:01

2016-01-12T11:15:01Z
Array
(
    [MODE] => P
    [FRMT] => XML
    [VERS] => 0630
    [MERC] => 680000
    [UDF[CUSTOMER_IPAD]] => 112.211.18.77
    [SESS] => TEST2016011226
    [ORDR] => TEST2016011226
    [CURR] => USD
    [PENC] => KHASH
    [PTYP] => CARD
    [PTOK] => 541333J57QNPX4I65H8H
    [IPAD] => 10.0.0.1
    [MACK] => Y
    [AUTH] => A
    [PROD_DESC[0]] => Product Description
    [PROD_TYPE[0]] => Product Type
    [PROD_ITEM[0]] => Product Item
    [PROD_QUANT[0]] => 1
    [PROD_PRICE[0]] => 1000
    [TOTL] => 1000
    [SITE] => VERT999
    [UDF[MERCHANT_ID]] => PSIMERCH999

    [NAME] => JUAN DELA CRUZ
    [B2A1] => 12345678 qwertyu
    [B2CC] => PH
    [B2CI] => MAKATI
    [B2PC] => 1204
    [B2PN] => 123456
    [B2ST] => NA
    [S2A1] => 
    [S2CC] => 
    [S2CI] => 
    [S2EM] => 
    [S2NM] =>  
    [S2PC] => 
    [S2PN] => 
    [S2ST] => 
    [SHTP] => 
    [CASH] => 10
    [DOB] => 1984-01-01
    [GENDER] => M
    [EMAL] => JOHNDOEAPPROVE@EXAMPLE.COM
    [ANID] => 123456
)


2016-01-12T11:15:02Z
ResponseParameter:  billNo: TEST2016011226 | endTime:2016-01-12 11:15:02

2016-01-12T11:15:02Z
<?xml version="1.0" encoding="UTF-8"?>
<RESPONSE>
  <VERS>0630</VERS>
  <MODE>P</MODE>
  <TRAN>37PG0R3T75VY</TRAN>
  <MERC>680000</MERC>
  <SESS>TEST2016011226</SESS>
  <ORDR>TEST2016011226</ORDR>
  <AUTO>A</AUTO>
  <SCOR>58</SCOR>
  <GEOX>US</GEOX>
  <BRND>MSTR</BRND>
  <REGN></REGN>
  <NETW>N</NETW>
  <KAPT>N</KAPT>
  <CARDS>3</CARDS>
  <DEVICES>1</DEVICES>
  <EMAILS>4</EMAILS>
  <VELO>27</VELO>
  <VMAX>17</VMAX>
  <RULES_TRIGGERED>10</RULES_TRIGGERED>
  <RULE_ID_0>330712</RULE_ID_0>
  <RULE_DESCRIPTION_0>PERS_VAR More than 3 unique Email Addresses on Single Device (1 pt)</RULE_DESCRIPTION_0>
  <RULE_ID_1>330716</RULE_ID_1>
  <RULE_DESCRIPTION_1>PERS_VAR   More than 9 Orders in last 24 hours (1pt)</RULE_DESCRIPTION_1>
  <RULE_ID_2>383608</RULE_ID_2>
  <RULE_DESCRIPTION_2>GEO Billing &lt;&gt; BIN Country (1pt)</RULE_DESCRIPTION_2>
  <RULE_ID_3>330728</RULE_ID_3>
  <RULE_DESCRIPTION_3>FRAUD_SCRD PERS_VAR Counter Triggered (5pts)</RULE_DESCRIPTION_3>
  <RULE_ID_4>330730</RULE_ID_4>
  <RULE_DESCRIPTION_4>FRAUD_SCRD GEO Counter Triggered (5pts)</RULE_DESCRIPTION_4>
  <RULE_ID_5>330386</RULE_ID_5>
  <RULE_DESCRIPTION_5>Decline Order Velocity &gt;10 within 6 hours (VMAX)</RULE_DESCRIPTION_5>
  <RULE_ID_6>330808</RULE_ID_6>
  <RULE_DESCRIPTION_6>Decline Order Velocity &gt;20 in 14 days</RULE_DESCRIPTION_6>
  <RULE_ID_7>330814</RULE_ID_7>
  <RULE_DESCRIPTION_7>Approve VIP List Email</RULE_DESCRIPTION_7>
  <RULE_ID_8>345042</RULE_ID_8>
  <RULE_DESCRIPTION_8>Decline Customer Email Validation</RULE_DESCRIPTION_8>
  <RULE_ID_9>387002</RULE_ID_9>
  <RULE_DESCRIPTION_9>Decline Order Velocity &gt;5 within 1 hour &amp; Mode=Phone (VCUST)</RULE_DESCRIPTION_9>
  <COUNTERS_TRIGGERED>3</COUNTERS_TRIGGERED>
  <COUNTER_NAME_0>PERS_VAR</COUNTER_NAME_0>
  <COUNTER_VALUE_0>2</COUNTER_VALUE_0>
  <COUNTER_NAME_1>GEO</COUNTER_NAME_1>
  <COUNTER_VALUE_1>1</COUNTER_VALUE_1>
  <COUNTER_NAME_2>FRAUD_SCRD</COUNTER_NAME_2>
  <COUNTER_VALUE_2>10</COUNTER_VALUE_2>
  <REASON_CODE></REASON_CODE>
  <MASTERCARD></MASTERCARD>
  <DDFS></DDFS>
  <DSR></DSR>
  <UAS></UAS>
  <BROWSER></BROWSER>
  <OS></OS>
  <PIP_IPAD></PIP_IPAD>
  <PIP_LAT></PIP_LAT>
  <PIP_LON></PIP_LON>
  <PIP_COUNTRY></PIP_COUNTRY>
  <PIP_REGION></PIP_REGION>
  <PIP_CITY></PIP_CITY>
  <PIP_ORG></PIP_ORG>
  <IP_IPAD></IP_IPAD>
  <IP_LAT></IP_LAT>
  <IP_LON></IP_LON>
  <IP_COUNTRY></IP_COUNTRY>
  <IP_REGION></IP_REGION>
  <IP_CITY></IP_CITY>
  <IP_ORG></IP_ORG>
  <WARNING_COUNT>0</WARNING_COUNT>
</RESPONSE>

2016-01-12T11:16:19Z
RequestParameter:  billNo: TEST2016011227 | startTime:2016-01-12 11:16:19

2016-01-12T11:16:19Z
Array
(
    [MODE] => P
    [FRMT] => XML
    [VERS] => 0630
    [MERC] => 680000
    [UDF[CUSTOMER_IPAD]] => 112.211.18.77
    [SESS] => TEST2016011227
    [ORDR] => TEST2016011227
    [CURR] => USD
    [PENC] => KHASH
    [PTYP] => CARD
    [PTOK] => 541333J57QNPX4I65H8H
    [IPAD] => 10.0.0.1
    [MACK] => Y
    [AUTH] => A
    [PROD_DESC[0]] => Product Description
    [PROD_TYPE[0]] => Product Type
    [PROD_ITEM[0]] => Product Item
    [PROD_QUANT[0]] => 1
    [PROD_PRICE[0]] => 1000
    [TOTL] => 1000
    [SITE] => VERT999
    [UDF[MERCHANT_ID]] => PSIMERCH999

    [NAME] => JUAN DELA CRUZ
    [B2A1] => 12345678 qwertyu
    [B2CC] => PH
    [B2CI] => MAKATI
    [B2PC] => 1204
    [B2PN] => 123456
    [B2ST] => NA
    [S2A1] => 
    [S2CC] => 
    [S2CI] => 
    [S2EM] => 
    [S2NM] =>  
    [S2PC] => 
    [S2PN] => 
    [S2ST] => 
    [SHTP] => 
    [CASH] => 10
    [DOB] => 1984-01-01
    [GENDER] => M
    [EMAL] => JOHNDOEAPPROVE@EXAMPLE.COM
    [ANID] => 123456
)


2016-01-12T11:16:20Z
ResponseParameter:  billNo: TEST2016011227 | endTime:2016-01-12 11:16:20

2016-01-12T11:16:20Z
<?xml version="1.0" encoding="UTF-8"?>
<RESPONSE>
  <VERS>0630</VERS>
  <MODE>P</MODE>
  <TRAN>37PG08DDKQR2</TRAN>
  <MERC>680000</MERC>
  <SESS>TEST2016011227</SESS>
  <ORDR>TEST2016011227</ORDR>
  <AUTO>A</AUTO>
  <SCOR>58</SCOR>
  <GEOX>US</GEOX>
  <BRND>MSTR</BRND>
  <REGN></REGN>
  <NETW>N</NETW>
  <KAPT>N</KAPT>
  <CARDS>3</CARDS>
  <DEVICES>1</DEVICES>
  <EMAILS>4</EMAILS>
  <VELO>28</VELO>
  <VMAX>18</VMAX>
  <RULES_TRIGGERED>10</RULES_TRIGGERED>
  <RULE_ID_0>330712</RULE_ID_0>
  <RULE_DESCRIPTION_0>PERS_VAR More than 3 unique Email Addresses on Single Device (1 pt)</RULE_DESCRIPTION_0>
  <RULE_ID_1>330716</RULE_ID_1>
  <RULE_DESCRIPTION_1>PERS_VAR   More than 9 Orders in last 24 hours (1pt)</RULE_DESCRIPTION_1>
  <RULE_ID_2>383608</RULE_ID_2>
  <RULE_DESCRIPTION_2>GEO Billing &lt;&gt; BIN Country (1pt)</RULE_DESCRIPTION_2>
  <RULE_ID_3>330728</RULE_ID_3>
  <RULE_DESCRIPTION_3>FRAUD_SCRD PERS_VAR Counter Triggered (5pts)</RULE_DESCRIPTION_3>
  <RULE_ID_4>330730</RULE_ID_4>
  <RULE_DESCRIPTION_4>FRAUD_SCRD GEO Counter Triggered (5pts)</RULE_DESCRIPTION_4>
  <RULE_ID_5>330386</RULE_ID_5>
  <RULE_DESCRIPTION_5>Decline Order Velocity &gt;10 within 6 hours (VMAX)</RULE_DESCRIPTION_5>
  <RULE_ID_6>330808</RULE_ID_6>
  <RULE_DESCRIPTION_6>Decline Order Velocity &gt;20 in 14 days</RULE_DESCRIPTION_6>
  <RULE_ID_7>330814</RULE_ID_7>
  <RULE_DESCRIPTION_7>Approve VIP List Email</RULE_DESCRIPTION_7>
  <RULE_ID_8>345042</RULE_ID_8>
  <RULE_DESCRIPTION_8>Decline Customer Email Validation</RULE_DESCRIPTION_8>
  <RULE_ID_9>387002</RULE_ID_9>
  <RULE_DESCRIPTION_9>Decline Order Velocity &gt;5 within 1 hour &amp; Mode=Phone (VCUST)</RULE_DESCRIPTION_9>
  <COUNTERS_TRIGGERED>3</COUNTERS_TRIGGERED>
  <COUNTER_NAME_0>PERS_VAR</COUNTER_NAME_0>
  <COUNTER_VALUE_0>2</COUNTER_VALUE_0>
  <COUNTER_NAME_1>GEO</COUNTER_NAME_1>
  <COUNTER_VALUE_1>1</COUNTER_VALUE_1>
  <COUNTER_NAME_2>FRAUD_SCRD</COUNTER_NAME_2>
  <COUNTER_VALUE_2>10</COUNTER_VALUE_2>
  <REASON_CODE></REASON_CODE>
  <MASTERCARD></MASTERCARD>
  <DDFS></DDFS>
  <DSR></DSR>
  <UAS></UAS>
  <BROWSER></BROWSER>
  <OS></OS>
  <PIP_IPAD></PIP_IPAD>
  <PIP_LAT></PIP_LAT>
  <PIP_LON></PIP_LON>
  <PIP_COUNTRY></PIP_COUNTRY>
  <PIP_REGION></PIP_REGION>
  <PIP_CITY></PIP_CITY>
  <PIP_ORG></PIP_ORG>
  <IP_IPAD></IP_IPAD>
  <IP_LAT></IP_LAT>
  <IP_LON></IP_LON>
  <IP_COUNTRY></IP_COUNTRY>
  <IP_REGION></IP_REGION>
  <IP_CITY></IP_CITY>
  <IP_ORG></IP_ORG>
  <WARNING_COUNT>0</WARNING_COUNT>
</RESPONSE>

2016-01-12T11:31:48Z
RequestParameter:  billNo: TEST2016011228 | startTime:2016-01-12 11:31:48

2016-01-12T11:31:48Z
Array
(
    [MODE] => P
    [FRMT] => XML
    [VERS] => 0630
    [MERC] => 680000
    [UDF[CUSTOMER_IPAD]] => 112.211.18.77
    [SESS] => TEST2016011228
    [ORDR] => TEST2016011228
    [CURR] => USD
    [PENC] => KHASH
    [PTYP] => CARD
    [PTOK] => 541333J57QNPX4I65H8H
    [IPAD] => 10.0.0.1
    [MACK] => Y
    [AUTH] => A
    [PROD_DESC[0]] => Product Description
    [PROD_TYPE[0]] => Product Type
    [PROD_ITEM[0]] => Product Item
    [PROD_QUANT[0]] => 1
    [PROD_PRICE[0]] => 1000
    [TOTL] => 1000
    [SITE] => VERT999
    [UDF[MERCHANT_ID]] => PSIMERCH999

    [NAME] => JUAN DELA CRUZ
    [B2A1] => 12345678 qwertyu
    [B2CC] => PH
    [B2CI] => MAKATI
    [B2PC] => 1204
    [B2PN] => 123456
    [B2ST] => NA
    [S2A1] => 
    [S2CC] => 
    [S2CI] => 
    [S2EM] => 
    [S2NM] =>  
    [S2PC] => 
    [S2PN] => 
    [S2ST] => 
    [SHTP] => 
    [CASH] => 10
    [DOB] => 1984-01-01
    [GENDER] => M
    [EMAL] => JOHNDOEAPPROVE@EXAMPLE.COM
    [ANID] => 123456
)


2016-01-12T11:31:49Z
ResponseParameter:  billNo: TEST2016011228 | endTime:2016-01-12 11:31:49

2016-01-12T11:31:49Z
<?xml version="1.0" encoding="UTF-8"?>
<RESPONSE>
  <VERS>0630</VERS>
  <MODE>P</MODE>
  <TRAN>37PG0CN8KCH5</TRAN>
  <MERC>680000</MERC>
  <SESS>TEST2016011228</SESS>
  <ORDR>TEST2016011228</ORDR>
  <AUTO>A</AUTO>
  <SCOR>58</SCOR>
  <GEOX>US</GEOX>
  <BRND>MSTR</BRND>
  <REGN></REGN>
  <NETW>N</NETW>
  <KAPT>N</KAPT>
  <CARDS>3</CARDS>
  <DEVICES>1</DEVICES>
  <EMAILS>4</EMAILS>
  <VELO>29</VELO>
  <VMAX>19</VMAX>
  <RULES_TRIGGERED>10</RULES_TRIGGERED>
  <RULE_ID_0>330712</RULE_ID_0>
  <RULE_DESCRIPTION_0>PERS_VAR More than 3 unique Email Addresses on Single Device (1 pt)</RULE_DESCRIPTION_0>
  <RULE_ID_1>330716</RULE_ID_1>
  <RULE_DESCRIPTION_1>PERS_VAR   More than 9 Orders in last 24 hours (1pt)</RULE_DESCRIPTION_1>
  <RULE_ID_2>383608</RULE_ID_2>
  <RULE_DESCRIPTION_2>GEO Billing &lt;&gt; BIN Country (1pt)</RULE_DESCRIPTION_2>
  <RULE_ID_3>330728</RULE_ID_3>
  <RULE_DESCRIPTION_3>FRAUD_SCRD PERS_VAR Counter Triggered (5pts)</RULE_DESCRIPTION_3>
  <RULE_ID_4>330730</RULE_ID_4>
  <RULE_DESCRIPTION_4>FRAUD_SCRD GEO Counter Triggered (5pts)</RULE_DESCRIPTION_4>
  <RULE_ID_5>330386</RULE_ID_5>
  <RULE_DESCRIPTION_5>Decline Order Velocity &gt;10 within 6 hours (VMAX)</RULE_DESCRIPTION_5>
  <RULE_ID_6>330808</RULE_ID_6>
  <RULE_DESCRIPTION_6>Decline Order Velocity &gt;20 in 14 days</RULE_DESCRIPTION_6>
  <RULE_ID_7>330814</RULE_ID_7>
  <RULE_DESCRIPTION_7>Approve VIP List Email</RULE_DESCRIPTION_7>
  <RULE_ID_8>345042</RULE_ID_8>
  <RULE_DESCRIPTION_8>Decline Customer Email Validation</RULE_DESCRIPTION_8>
  <RULE_ID_9>387002</RULE_ID_9>
  <RULE_DESCRIPTION_9>Decline Order Velocity &gt;5 within 1 hour &amp; Mode=Phone (VCUST)</RULE_DESCRIPTION_9>
  <COUNTERS_TRIGGERED>3</COUNTERS_TRIGGERED>
  <COUNTER_NAME_0>PERS_VAR</COUNTER_NAME_0>
  <COUNTER_VALUE_0>2</COUNTER_VALUE_0>
  <COUNTER_NAME_1>GEO</COUNTER_NAME_1>
  <COUNTER_VALUE_1>1</COUNTER_VALUE_1>
  <COUNTER_NAME_2>FRAUD_SCRD</COUNTER_NAME_2>
  <COUNTER_VALUE_2>10</COUNTER_VALUE_2>
  <REASON_CODE></REASON_CODE>
  <MASTERCARD></MASTERCARD>
  <DDFS></DDFS>
  <DSR></DSR>
  <UAS></UAS>
  <BROWSER></BROWSER>
  <OS></OS>
  <PIP_IPAD></PIP_IPAD>
  <PIP_LAT></PIP_LAT>
  <PIP_LON></PIP_LON>
  <PIP_COUNTRY></PIP_COUNTRY>
  <PIP_REGION></PIP_REGION>
  <PIP_CITY></PIP_CITY>
  <PIP_ORG></PIP_ORG>
  <IP_IPAD></IP_IPAD>
  <IP_LAT></IP_LAT>
  <IP_LON></IP_LON>
  <IP_COUNTRY></IP_COUNTRY>
  <IP_REGION></IP_REGION>
  <IP_CITY></IP_CITY>
  <IP_ORG></IP_ORG>
  <WARNING_COUNT>0</WARNING_COUNT>
</RESPONSE>

2016-01-12T11:32:40Z
RequestParameter:  billNo: TEST2016011229 | startTime:2016-01-12 11:32:40

2016-01-12T11:32:40Z
Array
(
    [MODE] => P
    [FRMT] => XML
    [VERS] => 0630
    [MERC] => 680000
    [UDF[CUSTOMER_IPAD]] => 112.211.18.77
    [SESS] => TEST2016011229
    [ORDR] => TEST2016011229
    [CURR] => USD
    [PENC] => KHASH
    [PTYP] => CARD
    [PTOK] => 541333J57QNPX4I65H8H
    [IPAD] => 10.0.0.1
    [MACK] => Y
    [AUTH] => A
    [PROD_DESC[0]] => Product Description
    [PROD_TYPE[0]] => Product Type
    [PROD_ITEM[0]] => Product Item
    [PROD_QUANT[0]] => 1
    [PROD_PRICE[0]] => 1000
    [TOTL] => 1000
    [SITE] => VERT999
    [UDF[MERCHANT_ID]] => PSIMERCH999

    [NAME] => JUAN DELA CRUZ
    [B2A1] => 12345678 qwertyu
    [B2CC] => PH
    [B2CI] => MAKATI
    [B2PC] => 1204
    [B2PN] => 123456
    [B2ST] => NA
    [S2A1] => 
    [S2CC] => 
    [S2CI] => 
    [S2EM] => 
    [S2NM] =>  
    [S2PC] => 
    [S2PN] => 
    [S2ST] => 
    [SHTP] => 
    [CASH] => 10
    [DOB] => 1984-01-01
    [GENDER] => M
    [EMAL] => JOHNDOEAPPROVE@EXAMPLE.COM
    [ANID] => 123456
)


2016-01-12T11:32:41Z
ResponseParameter:  billNo: TEST2016011229 | endTime:2016-01-12 11:32:41

2016-01-12T11:32:41Z
<?xml version="1.0" encoding="UTF-8"?>
<RESPONSE>
  <VERS>0630</VERS>
  <MODE>P</MODE>
  <TRAN>37PG02HC5RVZ</TRAN>
  <MERC>680000</MERC>
  <SESS>TEST2016011229</SESS>
  <ORDR>TEST2016011229</ORDR>
  <AUTO>A</AUTO>
  <SCOR>58</SCOR>
  <GEOX>US</GEOX>
  <BRND>MSTR</BRND>
  <REGN></REGN>
  <NETW>N</NETW>
  <KAPT>N</KAPT>
  <CARDS>3</CARDS>
  <DEVICES>1</DEVICES>
  <EMAILS>4</EMAILS>
  <VELO>29</VELO>
  <VMAX>19</VMAX>
  <RULES_TRIGGERED>10</RULES_TRIGGERED>
  <RULE_ID_0>330712</RULE_ID_0>
  <RULE_DESCRIPTION_0>PERS_VAR More than 3 unique Email Addresses on Single Device (1 pt)</RULE_DESCRIPTION_0>
  <RULE_ID_1>330716</RULE_ID_1>
  <RULE_DESCRIPTION_1>PERS_VAR   More than 9 Orders in last 24 hours (1pt)</RULE_DESCRIPTION_1>
  <RULE_ID_2>383608</RULE_ID_2>
  <RULE_DESCRIPTION_2>GEO Billing &lt;&gt; BIN Country (1pt)</RULE_DESCRIPTION_2>
  <RULE_ID_3>330728</RULE_ID_3>
  <RULE_DESCRIPTION_3>FRAUD_SCRD PERS_VAR Counter Triggered (5pts)</RULE_DESCRIPTION_3>
  <RULE_ID_4>330730</RULE_ID_4>
  <RULE_DESCRIPTION_4>FRAUD_SCRD GEO Counter Triggered (5pts)</RULE_DESCRIPTION_4>
  <RULE_ID_5>330386</RULE_ID_5>
  <RULE_DESCRIPTION_5>Decline Order Velocity &gt;10 within 6 hours (VMAX)</RULE_DESCRIPTION_5>
  <RULE_ID_6>330808</RULE_ID_6>
  <RULE_DESCRIPTION_6>Decline Order Velocity &gt;20 in 14 days</RULE_DESCRIPTION_6>
  <RULE_ID_7>330814</RULE_ID_7>
  <RULE_DESCRIPTION_7>Approve VIP List Email</RULE_DESCRIPTION_7>
  <RULE_ID_8>345042</RULE_ID_8>
  <RULE_DESCRIPTION_8>Decline Customer Email Validation</RULE_DESCRIPTION_8>
  <RULE_ID_9>387002</RULE_ID_9>
  <RULE_DESCRIPTION_9>Decline Order Velocity &gt;5 within 1 hour &amp; Mode=Phone (VCUST)</RULE_DESCRIPTION_9>
  <COUNTERS_TRIGGERED>3</COUNTERS_TRIGGERED>
  <COUNTER_NAME_0>PERS_VAR</COUNTER_NAME_0>
  <COUNTER_VALUE_0>2</COUNTER_VALUE_0>
  <COUNTER_NAME_1>GEO</COUNTER_NAME_1>
  <COUNTER_VALUE_1>1</COUNTER_VALUE_1>
  <COUNTER_NAME_2>FRAUD_SCRD</COUNTER_NAME_2>
  <COUNTER_VALUE_2>10</COUNTER_VALUE_2>
  <REASON_CODE></REASON_CODE>
  <MASTERCARD></MASTERCARD>
  <DDFS></DDFS>
  <DSR></DSR>
  <UAS></UAS>
  <BROWSER></BROWSER>
  <OS></OS>
  <PIP_IPAD></PIP_IPAD>
  <PIP_LAT></PIP_LAT>
  <PIP_LON></PIP_LON>
  <PIP_COUNTRY></PIP_COUNTRY>
  <PIP_REGION></PIP_REGION>
  <PIP_CITY></PIP_CITY>
  <PIP_ORG></PIP_ORG>
  <IP_IPAD></IP_IPAD>
  <IP_LAT></IP_LAT>
  <IP_LON></IP_LON>
  <IP_COUNTRY></IP_COUNTRY>
  <IP_REGION></IP_REGION>
  <IP_CITY></IP_CITY>
  <IP_ORG></IP_ORG>
  <WARNING_COUNT>0</WARNING_COUNT>
</RESPONSE>

2016-01-12T11:34:10Z
RequestParameter:  billNo: TEST2016011230 | startTime:2016-01-12 11:34:10

2016-01-12T11:34:10Z
Array
(
    [MODE] => P
    [FRMT] => XML
    [VERS] => 0630
    [MERC] => 680000
    [UDF[CUSTOMER_IPAD]] => 112.211.18.77
    [SESS] => TEST2016011230
    [ORDR] => TEST2016011230
    [CURR] => USD
    [PENC] => KHASH
    [PTYP] => CARD
    [PTOK] => 541333J57QNPX4I65H8H
    [IPAD] => 10.0.0.1
    [MACK] => Y
    [AUTH] => A
    [PROD_DESC[0]] => Product Description
    [PROD_TYPE[0]] => Product Type
    [PROD_ITEM[0]] => Product Item
    [PROD_QUANT[0]] => 1
    [PROD_PRICE[0]] => 1000
    [TOTL] => 1000
    [SITE] => VERT999
    [UDF[MERCHANT_ID]] => PSIMERCH999

    [NAME] => JUAN DELA CRUZ
    [B2A1] => 12345678 qwertyu
    [B2CC] => PH
    [B2CI] => MAKATI
    [B2PC] => 1204
    [B2PN] => 123456
    [B2ST] => NA
    [S2A1] => 
    [S2CC] => 
    [S2CI] => 
    [S2EM] => 
    [S2NM] =>  
    [S2PC] => 
    [S2PN] => 
    [S2ST] => 
    [SHTP] => 
    [CASH] => 10
    [DOB] => 1984-01-01
    [GENDER] => M
    [EMAL] => JOHNDOEAPPROVE@EXAMPLE.COM
    [ANID] => 123456
)


2016-01-12T11:34:11Z
ResponseParameter:  billNo: TEST2016011230 | endTime:2016-01-12 11:34:11

2016-01-12T11:34:11Z
<?xml version="1.0" encoding="UTF-8"?>
<RESPONSE>
  <VERS>0630</VERS>
  <MODE>P</MODE>
  <TRAN>37PG0QXRVDKD</TRAN>
  <MERC>680000</MERC>
  <SESS>TEST2016011230</SESS>
  <ORDR>TEST2016011230</ORDR>
  <AUTO>A</AUTO>
  <SCOR>58</SCOR>
  <GEOX>US</GEOX>
  <BRND>MSTR</BRND>
  <REGN></REGN>
  <NETW>N</NETW>
  <KAPT>N</KAPT>
  <CARDS>3</CARDS>
  <DEVICES>1</DEVICES>
  <EMAILS>4</EMAILS>
  <VELO>29</VELO>
  <VMAX>19</VMAX>
  <RULES_TRIGGERED>10</RULES_TRIGGERED>
  <RULE_ID_0>330712</RULE_ID_0>
  <RULE_DESCRIPTION_0>PERS_VAR More than 3 unique Email Addresses on Single Device (1 pt)</RULE_DESCRIPTION_0>
  <RULE_ID_1>330716</RULE_ID_1>
  <RULE_DESCRIPTION_1>PERS_VAR   More than 9 Orders in last 24 hours (1pt)</RULE_DESCRIPTION_1>
  <RULE_ID_2>383608</RULE_ID_2>
  <RULE_DESCRIPTION_2>GEO Billing &lt;&gt; BIN Country (1pt)</RULE_DESCRIPTION_2>
  <RULE_ID_3>330728</RULE_ID_3>
  <RULE_DESCRIPTION_3>FRAUD_SCRD PERS_VAR Counter Triggered (5pts)</RULE_DESCRIPTION_3>
  <RULE_ID_4>330730</RULE_ID_4>
  <RULE_DESCRIPTION_4>FRAUD_SCRD GEO Counter Triggered (5pts)</RULE_DESCRIPTION_4>
  <RULE_ID_5>330386</RULE_ID_5>
  <RULE_DESCRIPTION_5>Decline Order Velocity &gt;10 within 6 hours (VMAX)</RULE_DESCRIPTION_5>
  <RULE_ID_6>330808</RULE_ID_6>
  <RULE_DESCRIPTION_6>Decline Order Velocity &gt;20 in 14 days</RULE_DESCRIPTION_6>
  <RULE_ID_7>330814</RULE_ID_7>
  <RULE_DESCRIPTION_7>Approve VIP List Email</RULE_DESCRIPTION_7>
  <RULE_ID_8>345042</RULE_ID_8>
  <RULE_DESCRIPTION_8>Decline Customer Email Validation</RULE_DESCRIPTION_8>
  <RULE_ID_9>387002</RULE_ID_9>
  <RULE_DESCRIPTION_9>Decline Order Velocity &gt;5 within 1 hour &amp; Mode=Phone (VCUST)</RULE_DESCRIPTION_9>
  <COUNTERS_TRIGGERED>3</COUNTERS_TRIGGERED>
  <COUNTER_NAME_0>PERS_VAR</COUNTER_NAME_0>
  <COUNTER_VALUE_0>2</COUNTER_VALUE_0>
  <COUNTER_NAME_1>GEO</COUNTER_NAME_1>
  <COUNTER_VALUE_1>1</COUNTER_VALUE_1>
  <COUNTER_NAME_2>FRAUD_SCRD</COUNTER_NAME_2>
  <COUNTER_VALUE_2>10</COUNTER_VALUE_2>
  <REASON_CODE></REASON_CODE>
  <MASTERCARD></MASTERCARD>
  <DDFS></DDFS>
  <DSR></DSR>
  <UAS></UAS>
  <BROWSER></BROWSER>
  <OS></OS>
  <PIP_IPAD></PIP_IPAD>
  <PIP_LAT></PIP_LAT>
  <PIP_LON></PIP_LON>
  <PIP_COUNTRY></PIP_COUNTRY>
  <PIP_REGION></PIP_REGION>
  <PIP_CITY></PIP_CITY>
  <PIP_ORG></PIP_ORG>
  <IP_IPAD></IP_IPAD>
  <IP_LAT></IP_LAT>
  <IP_LON></IP_LON>
  <IP_COUNTRY></IP_COUNTRY>
  <IP_REGION></IP_REGION>
  <IP_CITY></IP_CITY>
  <IP_ORG></IP_ORG>
  <WARNING_COUNT>0</WARNING_COUNT>
</RESPONSE>

2016-01-12T11:36:11Z
RequestParameter:  billNo: TEST2016011231 | startTime:2016-01-12 11:36:11

2016-01-12T11:36:11Z
Array
(
    [MODE] => P
    [FRMT] => XML
    [VERS] => 0630
    [MERC] => 680000
    [UDF[CUSTOMER_IPAD]] => 112.211.18.77
    [SESS] => TEST2016011231
    [ORDR] => TEST2016011231
    [CURR] => USD
    [PENC] => KHASH
    [PTYP] => CARD
    [PTOK] => 541333J57QNPX4I65H8H
    [IPAD] => 10.0.0.1
    [MACK] => Y
    [AUTH] => A
    [PROD_DESC[0]] => Product Description
    [PROD_TYPE[0]] => Product Type
    [PROD_ITEM[0]] => Product Item
    [PROD_QUANT[0]] => 1
    [PROD_PRICE[0]] => 1000
    [TOTL] => 1000
    [SITE] => VERT999
    [UDF[MERCHANT_ID]] => PSIMERCH999

    [NAME] => JUAN DELA CRUZ
    [B2A1] => 12345678 qwertyu
    [B2CC] => PH
    [B2CI] => MAKATI
    [B2PC] => 1204
    [B2PN] => 123456
    [B2ST] => NA
    [S2A1] => 
    [S2CC] => 
    [S2CI] => 
    [S2EM] => 
    [S2NM] =>  
    [S2PC] => 
    [S2PN] => 
    [S2ST] => 
    [SHTP] => 
    [CASH] => 10
    [DOB] => 1984-01-01
    [GENDER] => M
    [EMAL] => JOHNDOEAPPROVE@EXAMPLE.COM
    [ANID] => 123456
)


2016-01-12T11:36:12Z
ResponseParameter:  billNo: TEST2016011231 | endTime:2016-01-12 11:36:12

2016-01-12T11:36:12Z
<?xml version="1.0" encoding="UTF-8"?>
<RESPONSE>
  <VERS>0630</VERS>
  <MODE>P</MODE>
  <TRAN>37PG0TXLLCDL</TRAN>
  <MERC>680000</MERC>
  <SESS>TEST2016011231</SESS>
  <ORDR>TEST2016011231</ORDR>
  <AUTO>A</AUTO>
  <SCOR>58</SCOR>
  <GEOX>US</GEOX>
  <BRND>MSTR</BRND>
  <REGN></REGN>
  <NETW>N</NETW>
  <KAPT>N</KAPT>
  <CARDS>3</CARDS>
  <DEVICES>1</DEVICES>
  <EMAILS>4</EMAILS>
  <VELO>29</VELO>
  <VMAX>19</VMAX>
  <RULES_TRIGGERED>10</RULES_TRIGGERED>
  <RULE_ID_0>330712</RULE_ID_0>
  <RULE_DESCRIPTION_0>PERS_VAR More than 3 unique Email Addresses on Single Device (1 pt)</RULE_DESCRIPTION_0>
  <RULE_ID_1>330716</RULE_ID_1>
  <RULE_DESCRIPTION_1>PERS_VAR   More than 9 Orders in last 24 hours (1pt)</RULE_DESCRIPTION_1>
  <RULE_ID_2>383608</RULE_ID_2>
  <RULE_DESCRIPTION_2>GEO Billing &lt;&gt; BIN Country (1pt)</RULE_DESCRIPTION_2>
  <RULE_ID_3>330728</RULE_ID_3>
  <RULE_DESCRIPTION_3>FRAUD_SCRD PERS_VAR Counter Triggered (5pts)</RULE_DESCRIPTION_3>
  <RULE_ID_4>330730</RULE_ID_4>
  <RULE_DESCRIPTION_4>FRAUD_SCRD GEO Counter Triggered (5pts)</RULE_DESCRIPTION_4>
  <RULE_ID_5>330386</RULE_ID_5>
  <RULE_DESCRIPTION_5>Decline Order Velocity &gt;10 within 6 hours (VMAX)</RULE_DESCRIPTION_5>
  <RULE_ID_6>330808</RULE_ID_6>
  <RULE_DESCRIPTION_6>Decline Order Velocity &gt;20 in 14 days</RULE_DESCRIPTION_6>
  <RULE_ID_7>330814</RULE_ID_7>
  <RULE_DESCRIPTION_7>Approve VIP List Email</RULE_DESCRIPTION_7>
  <RULE_ID_8>345042</RULE_ID_8>
  <RULE_DESCRIPTION_8>Decline Customer Email Validation</RULE_DESCRIPTION_8>
  <RULE_ID_9>387002</RULE_ID_9>
  <RULE_DESCRIPTION_9>Decline Order Velocity &gt;5 within 1 hour &amp; Mode=Phone (VCUST)</RULE_DESCRIPTION_9>
  <COUNTERS_TRIGGERED>3</COUNTERS_TRIGGERED>
  <COUNTER_NAME_0>PERS_VAR</COUNTER_NAME_0>
  <COUNTER_VALUE_0>2</COUNTER_VALUE_0>
  <COUNTER_NAME_1>GEO</COUNTER_NAME_1>
  <COUNTER_VALUE_1>1</COUNTER_VALUE_1>
  <COUNTER_NAME_2>FRAUD_SCRD</COUNTER_NAME_2>
  <COUNTER_VALUE_2>10</COUNTER_VALUE_2>
  <REASON_CODE></REASON_CODE>
  <MASTERCARD></MASTERCARD>
  <DDFS></DDFS>
  <DSR></DSR>
  <UAS></UAS>
  <BROWSER></BROWSER>
  <OS></OS>
  <PIP_IPAD></PIP_IPAD>
  <PIP_LAT></PIP_LAT>
  <PIP_LON></PIP_LON>
  <PIP_COUNTRY></PIP_COUNTRY>
  <PIP_REGION></PIP_REGION>
  <PIP_CITY></PIP_CITY>
  <PIP_ORG></PIP_ORG>
  <IP_IPAD></IP_IPAD>
  <IP_LAT></IP_LAT>
  <IP_LON></IP_LON>
  <IP_COUNTRY></IP_COUNTRY>
  <IP_REGION></IP_REGION>
  <IP_CITY></IP_CITY>
  <IP_ORG></IP_ORG>
  <WARNING_COUNT>0</WARNING_COUNT>
</RESPONSE>

