2016-01-21T03:23:19Z
RequestParameter:  billNo: TEST2016012101 | startTime:2016-01-21 03:23:19

2016-01-21T03:23:19Z
Array
(
    [MODE] => U
    [FRMT] => XML
    [VERS] => 0630
    [MERC] => 680000
    [SESS] => TEST2016012101
    [TRAN] => 3DGG0QB3Q1LH
    [AUTH] => D
    [MACK] => Y
)


2016-01-21T03:23:20Z
ResponseParameter:  billNo: TEST2016012101 | endTime:2016-01-21 03:23:20

2016-01-21T03:23:20Z
<?xml version="1.0" encoding="UTF-8"?>
<RESPONSE>
  <VERS>0630</VERS>
  <MODE>U</MODE>
  <TRAN>3DGG0QB3Q1LH</TRAN>
  <MERC>680000</MERC>
  <SESS>TEST2016012101</SESS>
  <RULES_TRIGGERED>0</RULES_TRIGGERED>
  <COUNTERS_TRIGGERED>0</COUNTERS_TRIGGERED>
  <REASON_CODE></REASON_CODE>
  <MASTERCARD></MASTERCARD>
  <WARNING_COUNT>0</WARNING_COUNT>
</RESPONSE>

2016-01-21T03:27:13Z
RequestParameter:  billNo: TEST2016012102 | startTime:2016-01-21 03:27:13

2016-01-21T03:27:13Z
Array
(
    [MODE] => U
    [FRMT] => XML
    [VERS] => 0630
    [MERC] => 680000
    [SESS] => TEST2016012102
    [TRAN] => 3DGG03XBCXHZ
    [AUTH] => D
    [MACK] => Y
)


2016-01-21T03:27:14Z
ResponseParameter:  billNo: TEST2016012102 | endTime:2016-01-21 03:27:14

2016-01-21T03:27:14Z
<?xml version="1.0" encoding="UTF-8"?>
<RESPONSE>
  <VERS>0630</VERS>
  <MODE>U</MODE>
  <TRAN>3DGG03XBCXHZ</TRAN>
  <MERC>680000</MERC>
  <SESS>TEST2016012102</SESS>
  <RULES_TRIGGERED>0</RULES_TRIGGERED>
  <COUNTERS_TRIGGERED>0</COUNTERS_TRIGGERED>
  <REASON_CODE></REASON_CODE>
  <MASTERCARD></MASTERCARD>
  <WARNING_COUNT>0</WARNING_COUNT>
</RESPONSE>

2016-01-21T03:29:09Z
RequestParameter:  billNo: TEST2016012103 | startTime:2016-01-21 03:29:09

2016-01-21T03:29:09Z
Array
(
    [MODE] => U
    [FRMT] => XML
    [VERS] => 0630
    [MERC] => 680000
    [SESS] => TEST2016012103
    [TRAN] => 3DGG0C4NX5PL
    [AUTH] => D
    [MACK] => Y
)


2016-01-21T03:29:10Z
ResponseParameter:  billNo: TEST2016012103 | endTime:2016-01-21 03:29:10

2016-01-21T03:29:10Z
<?xml version="1.0" encoding="UTF-8"?>
<RESPONSE>
  <VERS>0630</VERS>
  <MODE>U</MODE>
  <TRAN>3DGG0C4NX5PL</TRAN>
  <MERC>680000</MERC>
  <SESS>TEST2016012103</SESS>
  <RULES_TRIGGERED>0</RULES_TRIGGERED>
  <COUNTERS_TRIGGERED>0</COUNTERS_TRIGGERED>
  <REASON_CODE></REASON_CODE>
  <MASTERCARD></MASTERCARD>
  <WARNING_COUNT>0</WARNING_COUNT>
</RESPONSE>

2016-01-21T03:35:16Z
RequestParameter:  billNo: TEST2016012104 | startTime:2016-01-21 03:35:16

2016-01-21T03:35:16Z
Array
(
    [MODE] => U
    [FRMT] => XML
    [VERS] => 0630
    [MERC] => 680000
    [SESS] => TEST2016012104
    [TRAN] => 3DGG0Q27G730
    [AUTH] => D
    [MACK] => Y
)


2016-01-21T03:35:17Z
ResponseParameter:  billNo: TEST2016012104 | endTime:2016-01-21 03:35:17

2016-01-21T03:35:17Z
<?xml version="1.0" encoding="UTF-8"?>
<RESPONSE>
  <VERS>0630</VERS>
  <MODE>U</MODE>
  <TRAN>3DGG0Q27G730</TRAN>
  <MERC>680000</MERC>
  <SESS>TEST2016012104</SESS>
  <RULES_TRIGGERED>0</RULES_TRIGGERED>
  <COUNTERS_TRIGGERED>0</COUNTERS_TRIGGERED>
  <REASON_CODE></REASON_CODE>
  <MASTERCARD></MASTERCARD>
  <WARNING_COUNT>0</WARNING_COUNT>
</RESPONSE>

