2016-03-12T03:57:11Z
Endpoint: https://www.3dsecurempi.com/TDS/MPIVerifyEnrollmentXML

2016-03-12T03:57:11Z
Verify RequestParameter:  billNo: TEST2016031201

2016-03-12T03:57:11Z
<EPG><MESSAGE id='TEST2016031201' version='1.02'><MPI><mid>VENTEPRIVEE</mid><name>Cameron Senese</name><pan>5353165288936357</pan><expiry>1710</expiry><currency>840</currency><amount>1000</amount><desc></desc><httpUserAgent>Mozilla/5.0 (Windows NT 6.3; WOW64; rv:44.0) Gecko/20100101 Firefox/44.0</httpUserAgent><httpAcceptLanguage>en-US,en;q=0.5</httpAcceptLanguage><trackid>TEST2016031201</trackid></MPI></MESSAGE></EPG>

2016-03-12T03:57:15Z
Verify ResponseParameter:  billNo: TEST2016031201

2016-03-12T03:57:15Z
Array
(
    [rc] => 0
    [result] => <EPG><MESSAGE id="TEST2016031201" version="1.0"><Response><result>Enrolled</result><avr>Y</avr><message></message><pareq>eJxdUttymzAQffdM/oFh+gqSMPg2Qhmnpq0nNXViYo8fQezYpAETAb706ythY+M8SXv27Jzds0sfj+mHtgdRJLvM1YmJdQ0yvouTbOPqb8EPY6A/socODbYCYLIAXglgHU2jMyiKcANaErs65BsrtvtRP4wNpxc5hm3bXSPk3DYi6DkD4MMuRKGuCmXpfPwKn+e/jC7iTGqbFkVN2KRnIPg2zMoGkFDIP5+mPnPsbg93KbqEt3wKYjphDnZ6Q4KJTdEZuBI0moUpsKXnB542f50uPY+iGmpR+K7KSnFiloMpaoJWvhIfbFuWeTFC6HA4mHvISjBykewBTL5LKVKMZgr0dQw6rxRQ3Gkek5itA//9z+qF+Oms9H9Ou+sTxv57nP5eeS5FitEqiMMSmIWJ9IFYGrZHTn9ECEU13uKFqRqAvS2+aQSbWE50QVqcXDU0PsMEK04baTtTCSFv5MQGtrKmiVoMOOa7TPrB5D6v/3bbUHAmu1TPDb569dUa+v3X3TCcl3KdovybL//5VTBeoe1zDy2cKByO15OnF+6qo6hJ900lcoWkT3DdVXLbJ0WNghRvjlPtrD5x1qHo7vwfOv8BNBDdzg==</pareq><url>https://thepaymentsplace.com.au/acspage/cap?RID=1095&VAA=A</url><trackid>TEST2016031201</trackid></Response></MESSAGE></EPG>
)


2016-03-12T04:34:54Z
Endpoint: https://www.3dsecurempi.com/TDS/MPIVerifyEnrollmentXML

2016-03-12T04:34:54Z
Verify RequestParameter:  billNo: TEST2016031202

2016-03-12T04:34:54Z
<EPG><MESSAGE id='TEST2016031202' version='1.02'><MPI><mid>VENTEPRIVEE</mid><name>Cameron Senese</name><pan>5353165288936357</pan><expiry>1710</expiry><currency>978</currency><amount>1000</amount><desc></desc><httpUserAgent>Mozilla/5.0 (Windows NT 6.3; WOW64; rv:44.0) Gecko/20100101 Firefox/44.0</httpUserAgent><httpAcceptLanguage>en-US,en;q=0.5</httpAcceptLanguage><trackid>TEST2016031202</trackid></MPI></MESSAGE></EPG>

2016-03-12T04:34:58Z
Verify ResponseParameter:  billNo: TEST2016031202

2016-03-12T04:34:58Z
Array
(
    [rc] => 0
    [result] => <EPG><MESSAGE id="TEST2016031202" version="1.0"><Response><result>Enrolled</result><avr>Y</avr><message></message><pareq>eJxdUl1zojAUfXem/4HhHZLwoeiEdGyls24XxnWxbvuWhqjsCtIAavfXb4Ki2BfIPffcufece/H9Mdtqey7KdJf7OjKhrvGc7ZI0X/v6In4yPP2e3PVwvBGcT35xVgtOepqGQ16WdM21NPF1XqyRC6Fj20NjwOTHgZAa7x4dGLSfuCvY9zxr5emqUJbOxnP+cXrL6NycyN6mhUEbtumQC7ahedUCEqLs42EaEdex+9DG4Bxe8xkX0wlxodsfIogcDE7AhaDhnGacvARRHGiz+fQlCDBooA6F7eq8Ep/EciEGbdDJ12JLNlVVlCMADoeDued5xY1CpHvOTbbLMFCMVgX4KgPPagWUNz2PaUKieIyi5eu/cLmoouwtDR8hfPvzPfsR//UxUIxOQUIrTiyIpA/I0qA7sp2RKwU3eIdHMyWABIu5hqAJpaIz0uEUaqDxCUZQcbpI15laCHkjn2Q48KQ1bdRh8GOxy6UfRO7z8u6OzUtG5JTqd4UvXn21Bj9+uxHDWCXXCejTbPmeb2LxvF39LuZebYXl+nXy8JP56iga0u1QqVwhGiDYTJVe94lB20E2b49T7aw5cdLD4Ob873r/ARyF3Uo=</pareq><url>https://thepaymentsplace.com.au/acspage/cap?RID=1095&VAA=A</url><trackid>TEST2016031202</trackid></Response></MESSAGE></EPG>
)


2016-03-12T04:40:40Z
Endpoint: https://www.3dsecurempi.com/TDS/MPIVerifyEnrollmentXML

2016-03-12T04:40:40Z
Verify RequestParameter:  billNo: TEST2016031203

2016-03-12T04:40:40Z
<EPG><MESSAGE id='TEST2016031203' version='1.02'><MPI><mid>VENTEPRIVEE</mid><name>Cameron Senese</name><pan>5353165288936357</pan><expiry>1710</expiry><currency>978</currency><amount>1000</amount><desc></desc><httpUserAgent>Mozilla/5.0 (Windows NT 6.3; WOW64; rv:44.0) Gecko/20100101 Firefox/44.0</httpUserAgent><httpAcceptLanguage>en-US,en;q=0.5</httpAcceptLanguage><trackid>TEST2016031203</trackid></MPI></MESSAGE></EPG>

2016-03-12T04:40:44Z
Verify ResponseParameter:  billNo: TEST2016031203

2016-03-12T04:40:44Z
Array
(
    [rc] => 0
    [result] => <EPG><MESSAGE id="TEST2016031203" version="1.0"><Response><result>Enrolled</result><avr>Y</avr><message></message><pareq>eJxdU9tu4jAQfUfqP1h5XYHtXEhaOa5oSVVWC2UptIK3YHtDaHMhl5b269cOBEylKJk5c0Yzc2ZCbvfJO/gQRRlnqW/gHjKASFnG4zTyjcX8oesZt/SqQ+abQojhs2B1IWgHADIWZRlGAsTcN0QeuZjbZt+yuqEjX3afOd2151pdz1yvkfUPmZxzQyXK1OlgJnYHW3rH4lTW7pkEtm4bHouCbcK0agEJhWx3N5pQx7b6yCLw6J7jiShGQ+ogp3+NEbYJPAAnAiBpmAj6EkzmAZjORi9BQGADaRSW1WlVfFHTQQS2jhavi3e6qaq8vIHQ4mUjTE+wLEmOtjRlayWBitlOA3+OQ6a1AsqL2vuY09U2+lxufyer7aJaJQtzHCM0eV1+/5m/+QQqhpbAw0pQE2GpBzYBcm5sJB8CG1zjhYkahAaLGcCohyTjiGicXDU0OMAYKY6O6ArVRSFv5Yteu56UqPU0htjnWSpkltzrydbbFiWjskv1OcMnrX5KQ+4fL4ZhrJJrHdXR0/iNb59fd5sHd/oUe9+/8sFyePeX+eo4GtJlU7FcJXYxarqKz3slsK0gi7dHqnbWnDrtEHjxG1x1/gNRyuDt</pareq><url>https://thepaymentsplace.com.au/acspage/cap?RID=1095&VAA=A</url><trackid>TEST2016031203</trackid></Response></MESSAGE></EPG>
)


2016-03-12T05:05:51Z
Endpoint: https://www.3dsecurempi.com/TDS/MPIVerifyEnrollmentXML

2016-03-12T05:05:51Z
Verify RequestParameter:  billNo: TEST2016031204

2016-03-12T05:05:51Z
<EPG><MESSAGE id='TEST2016031204' version='1.02'><MPI><mid>VENTEPRIVEE</mid><name>Cameron Senese</name><pan>5353165288936357</pan><expiry>1710</expiry><currency>978</currency><amount>1000</amount><desc></desc><httpUserAgent>Mozilla/5.0 (Windows NT 6.3; WOW64; rv:44.0) Gecko/20100101 Firefox/44.0</httpUserAgent><httpAcceptLanguage>en-US,en;q=0.5</httpAcceptLanguage><trackid>TEST2016031204</trackid></MPI></MESSAGE></EPG>

2016-03-12T05:05:56Z
Verify ResponseParameter:  billNo: TEST2016031204

2016-03-12T05:05:56Z
Array
(
    [rc] => 0
    [result] => <EPG><MESSAGE id="TEST2016031204" version="1.0"><Response><result>Enrolled</result><avr>Y</avr><message></message><pareq>eJxdU11vozAQfI/U/4B4rYhtwAQi4yppOF10R5QCbZS8UeMSpAIpH3fJ/fqzSUhIn9gdz2pnZxfydMw/lT+8qrOycFU0hqrCC1YmWZG66mv0Q7PVJ/owItG+4nwRctZWnI4Uhfi8ruOUK1niqvyQYlu3MTI/NB3b75ppGI7moA+oOdh6Ny2dcSe2VVkoStezgH+dY5FdmlPRe6wT0Kf9s88rto+LpgcEFLOv+XJFsWlY0CDgkt7ec14tFxRDbDkIIpOAM3AlKKSIc07fvFXkKetg+eZ5BHTQgMLKtmiqE9UxJKBPBu9t9Un3TXOopwAYSd0ZM+aszPNLLEIhrSZAMvtpwPdxyLqVQH3X+5gldPVv9ncbpWibbxt/46NdCOFukRq/N55LgGQMCpK44VSHSPiBdAVaU4inGBHQ4QNenMtBqPcaKAiOoZjsggw4BylodoYRlJwhMnSorSpxKyfqTGxhUZ8NGPx4KAsuqsRer/FQNq8ZFSrl5wZfvfpuDXn+eTcMY41Y6y6q02AS/gpOj46/mdePKAxn6XYxf2GuPI6OdC8qE6tEEwQ7VdltrwT0HUTz/kjlzrpTpyMC7n6Dh9F/W/Xe6w==</pareq><url>https://thepaymentsplace.com.au/acspage/cap?RID=1095&VAA=A</url><trackid>TEST2016031204</trackid></Response></MESSAGE></EPG>
)


2016-03-12T05:28:09Z
Endpoint: https://www.3dsecurempi.com/TDS/MPIVerifyEnrollmentXML

2016-03-12T05:28:09Z
Verify RequestParameter:  billNo: TEST2016031205

2016-03-12T05:28:09Z
<EPG><MESSAGE id='TEST2016031205' version='1.02'><MPI><mid>VENTEPRIVEE</mid><name>Eustace Senese</name><pan>4017954067957697</pan><expiry>1704</expiry><currency>978</currency><amount>1000</amount><desc></desc><httpUserAgent>Mozilla/5.0 (Windows NT 6.3; WOW64; rv:44.0) Gecko/20100101 Firefox/44.0</httpUserAgent><httpAcceptLanguage>en-US,en;q=0.5</httpAcceptLanguage><trackid>TEST2016031205</trackid></MPI></MESSAGE></EPG>

2016-03-12T05:28:11Z
Verify ResponseParameter:  billNo: TEST2016031205

2016-03-12T05:28:11Z
Array
(
    [rc] => 0
    [result] => <EPG><MESSAGE id="TEST2016031205" version="1.0"><Response><result>Enrolled</result><avr>Y</avr><message></message><pareq>eJxdU11vokAUfTfpfyC848wgoJhhmm7LWpPVWBd0wxsdLsqmgPJhZH/9zqAo9ol7z5ybc+4H9PmcfiknKMokzxyVDLGqQMbzKMl2jup7P7WJ+syeBtTbFwBvv4HXBbCBotAFlGW4AyWJHBUOO2xHlg4ctE8zNjXDwlwLY1vX4nhim9gefXIeq7JQlK5e1nC8xCK7ijOhPdQp6tLueQEF34dZ1QECCvnxx3zJjLFBDEzRNb2/p1DM35iJTcsmmBgUXYAbQaFZmALbuEvPVVbr+cZ1KWqhHoXndVYVDdNNIdElvfe6+GL7qjqUU4RGUdkOZgg8T9NrLEJhraRIMrtu0Pd26KqWQPmgfU4iFnhBsti6erBdVEG6SZYNxsHMbX5tXYciyegVRGEFTMfEwiOiK9ia6pMptilq8R4vTGUjzPXXCsFDLId3QXqcgzT0coEJlpw+0p9QXRTiVhpmjydiRF3WY8D5kGcgqsReb3HfNpScCZfyc4dvs/o+Gvr6/tAM55VY6+n9H5r94cRbHU8RBI3/N/T9Dz57/eCOPI6W9GgqEaskY2y0rpL7XinqFIR4d6RyZ+2pswFFD7/B0+A/jVjhwQ==</pareq><url>https://cardsecurity.nab.com.au/acspage/cap?RID=26979&VAA=B</url><trackid>TEST2016031205</trackid></Response></MESSAGE></EPG>
)


