2016-03-12T04:08:38Z
RequestParameter:  billNo: TEST2016031201 | startTime:2016-03-12 04:08:38

2016-03-12T04:08:38Z
Array
(
    [MODE] => U
    [FRMT] => XML
    [VERS] => 0630
    [MERC] => 680000
    [SESS] => TEST2016031201
    [TRAN] => PKK90VSZRCDK
    [AUTH] => D
    [MACK] => Y
)


2016-03-12T04:08:40Z
ResponseParameter:  billNo: TEST2016031201 | endTime:2016-03-12 04:08:40

2016-03-12T04:08:40Z
<?xml version="1.0" encoding="UTF-8"?>
<RESPONSE>
  <VERS>0630</VERS>
  <MODE>U</MODE>
  <TRAN>PKK90VSZRCDK</TRAN>
  <MERC>680000</MERC>
  <SESS>TEST2016031201</SESS>
  <RULES_TRIGGERED>0</RULES_TRIGGERED>
  <COUNTERS_TRIGGERED>0</COUNTERS_TRIGGERED>
  <REASON_CODE></REASON_CODE>
  <MASTERCARD></MASTERCARD>
  <WARNING_COUNT>0</WARNING_COUNT>
</RESPONSE>

2016-03-12T04:57:20Z
RequestParameter:  billNo: TEST2016031202 | startTime:2016-03-12 04:57:20

2016-03-12T04:57:20Z
Array
(
    [MODE] => U
    [FRMT] => XML
    [VERS] => 0630
    [MERC] => 680000
    [SESS] => TEST2016031202
    [TRAN] => PKK407K0HWGP
    [AUTH] => D
    [MACK] => Y
)


2016-03-12T04:57:22Z
ResponseParameter:  billNo: TEST2016031202 | endTime:2016-03-12 04:57:22

2016-03-12T04:57:22Z
<?xml version="1.0" encoding="UTF-8"?>
<RESPONSE>
  <VERS>0630</VERS>
  <MODE>U</MODE>
  <TRAN>PKK407K0HWGP</TRAN>
  <MERC>680000</MERC>
  <SESS>TEST2016031202</SESS>
  <RULES_TRIGGERED>0</RULES_TRIGGERED>
  <COUNTERS_TRIGGERED>0</COUNTERS_TRIGGERED>
  <REASON_CODE></REASON_CODE>
  <MASTERCARD></MASTERCARD>
  <WARNING_COUNT>0</WARNING_COUNT>
</RESPONSE>

2016-03-12T04:58:38Z
RequestParameter:  billNo: TEST2016031203 | startTime:2016-03-12 04:58:38

2016-03-12T04:58:38Z
Array
(
    [MODE] => U
    [FRMT] => XML
    [VERS] => 0630
    [MERC] => 680000
    [SESS] => TEST2016031203
    [TRAN] => PKK40Q3Q6Z1S
    [AUTH] => D
    [MACK] => Y
)


2016-03-12T04:58:39Z
ResponseParameter:  billNo: TEST2016031203 | endTime:2016-03-12 04:58:39

2016-03-12T04:58:39Z
<?xml version="1.0" encoding="UTF-8"?>
<RESPONSE>
  <VERS>0630</VERS>
  <MODE>U</MODE>
  <TRAN>PKK40Q3Q6Z1S</TRAN>
  <MERC>680000</MERC>
  <SESS>TEST2016031203</SESS>
  <RULES_TRIGGERED>0</RULES_TRIGGERED>
  <COUNTERS_TRIGGERED>0</COUNTERS_TRIGGERED>
  <REASON_CODE></REASON_CODE>
  <MASTERCARD></MASTERCARD>
  <WARNING_COUNT>0</WARNING_COUNT>
</RESPONSE>

2016-03-12T05:08:38Z
RequestParameter:  billNo: TEST2016031204 | startTime:2016-03-12 05:08:38

2016-03-12T05:08:38Z
Array
(
    [MODE] => U
    [FRMT] => XML
    [VERS] => 0630
    [MERC] => 680000
    [SESS] => TEST2016031204
    [TRAN] => PKK504271T7P
    [AUTH] => D
    [MACK] => Y
)


2016-03-12T05:08:39Z
ResponseParameter:  billNo: TEST2016031204 | endTime:2016-03-12 05:08:39

2016-03-12T05:08:39Z
<?xml version="1.0" encoding="UTF-8"?>
<RESPONSE>
  <VERS>0630</VERS>
  <MODE>U</MODE>
  <TRAN>PKK504271T7P</TRAN>
  <MERC>680000</MERC>
  <SESS>TEST2016031204</SESS>
  <RULES_TRIGGERED>0</RULES_TRIGGERED>
  <COUNTERS_TRIGGERED>0</COUNTERS_TRIGGERED>
  <REASON_CODE></REASON_CODE>
  <MASTERCARD></MASTERCARD>
  <WARNING_COUNT>0</WARNING_COUNT>
</RESPONSE>

