2014-08-02T15:57:01Z
RequestParameter:  referenceId: IN00000000000000090

2014-08-02T15:57:01Z
https://pay.ppwpartners.com/gateway/payment_request.jsp?Ver=100&RequestType=TRAN&MerchantID=PPWPAYTTEST011&Password=testadmin03&TransactionType=1&Reference=IN00000000000000090&Currency=USD&Amount=698&CardNumber=4520050008071670&ExpiryMM=09&ExpiryYY=14&Csc=766&CardHolder=Cindy%20L%20Petch&ProductName=2

2014-08-02T15:57:02Z
ResponseParameter:  referenceId: IN00000000000000090

2014-08-02T15:57:02Z
<?xml version="1.0" encoding="UTF-8" ?>
<TransactionResponse>
<RequestType>TRAN</RequestType>
<MerchantID>PPWPAYTTEST011</MerchantID> 
<TransactionType>1</TransactionType>
<Reference>IN00000000000000090</Reference>
<ResponseCode>923</ResponseCode>
<ResponseMessage>Incorrect card number</ResponseMessage>
<ResponseTime>20140803005731</ResponseTime>
<TransactionID>20140803000000B00030</TransactionID>
<AuthCode></AuthCode>
</TransactionResponse>



2014-08-02T16:00:54Z
RequestParameter:  referenceId: IN00000000000000091

2014-08-02T16:00:54Z
https://pay.ppwpartners.com/gateway/payment_request.jsp?Ver=100&RequestType=TRAN&MerchantID=PPWPAYTTEST011&Password=testadmin03&TransactionType=1&Reference=IN00000000000000091&Currency=USD&Amount=29.95&CardNumber=5309700000000001&ExpiryMM=01&ExpiryYY=15&Csc=467&CardHolder=Jon%20Test3&ProductName=2

2014-08-02T16:00:56Z
ResponseParameter:  referenceId: IN00000000000000091

2014-08-02T16:00:56Z
<?xml version="1.0" encoding="UTF-8" ?>
<TransactionResponse>
<RequestType>TRAN</RequestType>
<MerchantID>PPWPAYTTEST011</MerchantID> 
<TransactionType>1</TransactionType>
<Reference>IN00000000000000091</Reference>
<ResponseCode>000</ResponseCode>
<ResponseMessage>Success</ResponseMessage>
<ResponseTime>20140803010125</ResponseTime>
<TransactionID>20140803000000C00030</TransactionID>
<AuthCode>00000000</AuthCode>
</TransactionResponse>



