2014-06-28T07:38:08Z
RequestParameter:  billNo: Nvh4F1403887253

2014-06-28T07:38:08Z
https://pay.ppwpartners.com/gateway/payment_request.jsp?Ver=100&RequestType=TRAN&MerchantID=YTGGARCIACOM00008&Password=F5IPJGLYQ6&Reference=Nvh4F1403887253&TransactionType=2&Currency=&Amount=123.01&TransactionID=20140628000001400030

2014-06-28T07:38:10Z
ResponseParameter:  billNo: Nvh4F1403887253

2014-06-28T07:38:10Z
<?xml version="1.0" encoding="UTF-8" ?>
<ErrorResponse>
<RequestType>TRAN</RequestType>
<MerchantID>YTGGARCIACOM00008</MerchantID> 
<Reference>Nvh4F1403887253</Reference>
<ResponseCode>101</ResponseCode>
<ResponseMessage>Parameters missing or invalid(Currency)</ResponseMessage>
</ErrorResponse>


2014-06-28T07:42:20Z
RequestParameter:  billNo: Nvh4F1403887253

2014-06-28T07:42:20Z
https://pay.ppwpartners.com/gateway/payment_request.jsp?Ver=100&RequestType=TRAN&MerchantID=YTGGARCIACOM00008&Password=F5IPJGLYQ6&Reference=Nvh4F1403887253&TransactionType=2&Currency=&Amount=123.01&TransactionID=20140628000001400030

2014-06-28T07:42:22Z
ResponseParameter:  billNo: Nvh4F1403887253

2014-06-28T07:42:22Z
<?xml version="1.0" encoding="UTF-8" ?>
<ErrorResponse>
<RequestType>TRAN</RequestType>
<MerchantID>YTGGARCIACOM00008</MerchantID> 
<Reference>Nvh4F1403887253</Reference>
<ResponseCode>101</ResponseCode>
<ResponseMessage>Parameters missing or invalid(Currency)</ResponseMessage>
</ErrorResponse>


2014-06-28T07:54:35Z
RequestParameter:  billNo: Nvh4F1403887253

2014-06-28T07:54:35Z
https://pay.ppwpartners.com/gateway/payment_request.jsp?Ver=100&RequestType=TRAN&MerchantID=YTGGARCIACOM00008&Password=F5IPJGLYQ6&Reference=Nvh4F1403887253&TransactionType=2&Currency=USD&Amount=123.01&TransactionID=20140628000001400030

2014-06-28T07:54:37Z
ResponseParameter:  billNo: Nvh4F1403887253

2014-06-28T07:54:37Z
<?xml version="1.0" encoding="UTF-8" ?>
<ErrorResponse>
<RequestType>TRAN</RequestType>
<MerchantID>YTGGARCIACOM00008</MerchantID> 
<Reference>Nvh4F1403887253</Reference>
<ResponseCode>917</ResponseCode>
<ResponseMessage>Original transaction does not exist.</ResponseMessage>
</ErrorResponse>


2014-06-28T08:14:29Z
RequestParameter:  billNo: 1403901113

2014-06-28T08:14:29Z
https://pay.ppwpartners.com/gateway/payment_request.jsp?Ver=100&RequestType=TRAN&MerchantID=YTGGARCIACOM00008&Password=F5IPJGLYQ6&Reference=1403901113&TransactionType=2&Currency=USD&Amount=99.99&TransactionID=201406280000041000AD

2014-06-28T08:14:43Z
ResponseParameter:  billNo: 1403901113

2014-06-28T08:14:43Z
<?xml version="1.0" encoding="UTF-8" ?>
<TransactionResponse>
<RequestType>TRAN</RequestType>
<MerchantID>YTGGARCIACOM00008</MerchantID> 
<TransactionType>2</TransactionType>
<Reference>1403901113</Reference>
<ResponseCode>1003</ResponseCode>
<ResponseMessage>잠시후재시도</ResponseMessage>
<ResponseTime>20140628101455</ResponseTime>
<TransactionID>201406280000041000AD</TransactionID>
<AuthCode></AuthCode>
</TransactionResponse>



2014-06-28T08:16:12Z
RequestParameter:  billNo: 1403901113

2014-06-28T08:16:12Z
https://pay.ppwpartners.com/gateway/payment_request.jsp?Ver=100&RequestType=TRAN&MerchantID=YTGGARCIACOM00008&Password=F5IPJGLYQ6&Reference=1403901113&TransactionType=2&Currency=USD&Amount=99.99&TransactionID=201406280000041000AD

2014-06-28T08:16:13Z
ResponseParameter:  billNo: 1403901113

2014-06-28T08:16:13Z
<?xml version="1.0" encoding="UTF-8" ?>
<TransactionResponse>
<RequestType>TRAN</RequestType>
<MerchantID>YTGGARCIACOM00008</MerchantID> 
<TransactionType>2</TransactionType>
<Reference>1403901113</Reference>
<ResponseCode>000</ResponseCode>
<ResponseMessage>Success</ResponseMessage>
<ResponseTime>20140628101625</ResponseTime>
<TransactionID>201406280000041000AD</TransactionID>
<AuthCode></AuthCode>
</TransactionResponse>



2014-06-28T08:20:10Z
RequestParameter:  billNo: 1403901049

2014-06-28T08:20:10Z
https://pay.ppwpartners.com/gateway/payment_request.jsp?Ver=100&RequestType=TRAN&MerchantID=YTGGARCIACOM00008&Password=F5IPJGLYQ6&Reference=1403901049&TransactionType=2&Currency=USD&Amount=99.99&TransactionID=201406280000040000AD

2014-06-28T08:20:25Z
ResponseParameter:  billNo: 1403901049

2014-06-28T08:20:25Z
<?xml version="1.0" encoding="UTF-8" ?>
<TransactionResponse>
<RequestType>TRAN</RequestType>
<MerchantID>YTGGARCIACOM00008</MerchantID> 
<TransactionType>2</TransactionType>
<Reference>1403901049</Reference>
<ResponseCode>1003</ResponseCode>
<ResponseMessage>잠시후재시도</ResponseMessage>
<ResponseTime>20140628102036</ResponseTime>
<TransactionID>201406280000040000AD</TransactionID>
<AuthCode></AuthCode>
</TransactionResponse>



2014-06-28T08:36:28Z
RequestParameter:  billNo: T41vh1403910167

2014-06-28T08:36:28Z
https://pay.ppwpartners.com/gateway/payment_request.jsp?Ver=100&RequestType=TRAN&MerchantID=YTGGARCIACOM00008&Password=F5IPJGLYQ6&Reference=T41vh1403910167&TransactionType=2&Currency=USD&Amount=99.99&TransactionID=201406280000048000AD

2014-06-28T08:36:44Z
ResponseParameter:  billNo: T41vh1403910167

2014-06-28T08:36:44Z
<?xml version="1.0" encoding="UTF-8" ?>
<TransactionResponse>
<RequestType>TRAN</RequestType>
<MerchantID>YTGGARCIACOM00008</MerchantID> 
<TransactionType>2</TransactionType>
<Reference>T41vh1403910167</Reference>
<ResponseCode>1003</ResponseCode>
<ResponseMessage>잠시후재시도</ResponseMessage>
<ResponseTime>20140628103655</ResponseTime>
<TransactionID>201406280000048000AD</TransactionID>
<AuthCode></AuthCode>
</TransactionResponse>



2014-06-28T08:37:30Z
RequestParameter:  billNo: T41vh1403910167

2014-06-28T08:37:30Z
https://pay.ppwpartners.com/gateway/payment_request.jsp?Ver=100&RequestType=TRAN&MerchantID=YTGGARCIACOM00008&Password=F5IPJGLYQ6&Reference=T41vh1403910167&TransactionType=2&Currency=USD&Amount=99.99&TransactionID=201406280000048000AD

2014-06-28T08:37:31Z
ResponseParameter:  billNo: T41vh1403910167

2014-06-28T08:37:31Z
<?xml version="1.0" encoding="UTF-8" ?>
<TransactionResponse>
<RequestType>TRAN</RequestType>
<MerchantID>YTGGARCIACOM00008</MerchantID> 
<TransactionType>2</TransactionType>
<Reference>T41vh1403910167</Reference>
<ResponseCode>000</ResponseCode>
<ResponseMessage>Success</ResponseMessage>
<ResponseTime>20140628163742</ResponseTime>
<TransactionID>201406280000048000AD</TransactionID>
<AuthCode></AuthCode>
</TransactionResponse>



2014-06-28T08:38:12Z
RequestParameter:  billNo: 1403901049

2014-06-28T08:38:12Z
https://pay.ppwpartners.com/gateway/payment_request.jsp?Ver=100&RequestType=TRAN&MerchantID=YTGGARCIACOM00008&Password=F5IPJGLYQ6&Reference=1403901049&TransactionType=2&Currency=USD&Amount=99.99&TransactionID=201406280000040000AD

2014-06-28T08:38:13Z
ResponseParameter:  billNo: 1403901049

2014-06-28T08:38:13Z
<?xml version="1.0" encoding="UTF-8" ?>
<TransactionResponse>
<RequestType>TRAN</RequestType>
<MerchantID>YTGGARCIACOM00008</MerchantID> 
<TransactionType>2</TransactionType>
<Reference>1403901049</Reference>
<ResponseCode>000</ResponseCode>
<ResponseMessage>Success</ResponseMessage>
<ResponseTime>20140628103824</ResponseTime>
<TransactionID>201406280000040000AD</TransactionID>
<AuthCode></AuthCode>
</TransactionResponse>



2014-06-28T08:39:23Z
RequestParameter:  billNo: 1403897006

2014-06-28T08:39:23Z
https://pay.ppwpartners.com/gateway/payment_request.jsp?Ver=100&RequestType=TRAN&MerchantID=YTGGARCIACOM00008&Password=F5IPJGLYQ6&Reference=1403897006&TransactionType=2&Currency=USD&Amount=99.99&TransactionID=201406280000039000AD

2014-06-28T08:39:38Z
ResponseParameter:  billNo: 1403897006

2014-06-28T08:39:38Z
<?xml version="1.0" encoding="UTF-8" ?>
<TransactionResponse>
<RequestType>TRAN</RequestType>
<MerchantID>YTGGARCIACOM00008</MerchantID> 
<TransactionType>2</TransactionType>
<Reference>1403897006</Reference>
<ResponseCode>1003</ResponseCode>
<ResponseMessage>잠시후재시도</ResponseMessage>
<ResponseTime>20140628103949</ResponseTime>
<TransactionID>201406280000039000AD</TransactionID>
<AuthCode></AuthCode>
</TransactionResponse>



2014-06-28T08:40:21Z
RequestParameter:  billNo: 1403896929

2014-06-28T08:40:21Z
https://pay.ppwpartners.com/gateway/payment_request.jsp?Ver=100&RequestType=TRAN&MerchantID=YTGGARCIACOM00008&Password=F5IPJGLYQ6&Reference=1403896929&TransactionType=2&Currency=USD&Amount=99.99&TransactionID=201406280000038000AD

2014-06-28T08:40:36Z
ResponseParameter:  billNo: 1403896929

2014-06-28T08:40:36Z
<?xml version="1.0" encoding="UTF-8" ?>
<TransactionResponse>
<RequestType>TRAN</RequestType>
<MerchantID>YTGGARCIACOM00008</MerchantID> 
<TransactionType>2</TransactionType>
<Reference>1403896929</Reference>
<ResponseCode>1003</ResponseCode>
<ResponseMessage>잠시후재시도</ResponseMessage>
<ResponseTime>20140628164047</ResponseTime>
<TransactionID>201406280000038000AD</TransactionID>
<AuthCode></AuthCode>
</TransactionResponse>



2014-06-28T08:41:16Z
RequestParameter:  billNo: 1403897006

2014-06-28T08:41:16Z
https://pay.ppwpartners.com/gateway/payment_request.jsp?Ver=100&RequestType=TRAN&MerchantID=YTGGARCIACOM00008&Password=F5IPJGLYQ6&Reference=1403897006&TransactionType=2&Currency=USD&Amount=99.99&TransactionID=201406280000039000AD

2014-06-28T08:41:17Z
ResponseParameter:  billNo: 1403897006

2014-06-28T08:41:17Z
<?xml version="1.0" encoding="UTF-8" ?>
<TransactionResponse>
<RequestType>TRAN</RequestType>
<MerchantID>YTGGARCIACOM00008</MerchantID> 
<TransactionType>2</TransactionType>
<Reference>1403897006</Reference>
<ResponseCode>000</ResponseCode>
<ResponseMessage>Success</ResponseMessage>
<ResponseTime>20140628164129</ResponseTime>
<TransactionID>201406280000039000AD</TransactionID>
<AuthCode></AuthCode>
</TransactionResponse>



