2014-05-23T06:38:48Z
RequestParameter:  referenceId: WcxIr1400827128

2014-05-23T06:38:48Z
https://secure.qwipi.com/ars/payments.jsp?merNo=88894&md5Key=31F4EA0542E6F887F0BB8DF52A1EC899&billNo=WcxIr1400827128&dateTime=20140523143848&currency=USD&language=eng&cardHolderIp=114.108.239.103&md5Info=B8A45B47346AF43C26638CE4AD1400CE&cardNum=5282116763883750&cvv2=254&month=01&year=16&birthDate=19850712&firstName=karding&lastName=sungkit&email=sungkit@gmail.com&phone=25465321&zipCode=123&address=assada&city=fhh&state=def&country=JM&amount=100.00&products=2&remark=master

2014-05-23T06:38:49Z
ResponseParameter:  referenceId: WcxIr1400827128

2014-05-23T06:38:49Z
<?xml version="1.0" encoding="UTF-8"?>
<response>



<operation>01</operation><resultCode>1</resultCode><merNo>88894</merNo><billNo>WcxIr1400827128</billNo><currency>USD</currency><amount>100.00</amount><dateTime></dateTime><paymentOrderNo></paymentOrderNo><remark>Sorry, your current card type is not accepted at this moment!</remark><md5Info>E011C43C31B9688660F793957AC7BAA2</md5Info><billingDescriptor></billingDescriptor>

</response>

2014-05-23T06:39:49Z
RequestParameter:  referenceId: 4qSzN1400827188

2014-05-23T06:39:49Z
https://secure.qwipi.com/ars/payments.jsp?merNo=88894&md5Key=31F4EA0542E6F887F0BB8DF52A1EC899&billNo=4qSzN1400827188&dateTime=20140523143948&currency=USD&language=eng&cardHolderIp=114.108.239.103&md5Info=925EA96B5584640059FE83F5A234CEF0&cardNum=376481858116328&cvv2=1254&month=02&year=16&birthDate=19750510&firstName=diego&lastName=bandido&email=diego@gamil.com&phone=7896521&zipCode=256&address=hyujmnh&city=jjhhnm&state=hdfhg&country=JM&amount=100.00&products=2&remark=amex

2014-05-23T06:39:51Z
ResponseParameter:  referenceId: 4qSzN1400827188

2014-05-23T06:39:51Z
<?xml version="1.0" encoding="UTF-8"?>
<response>



<resultCode>0</resultCode><merNo>88894</merNo><paymentOrderNo>8889410787471</paymentOrderNo><billNo>4qSzN1400827188</billNo><currency>USD</currency><amount>100.00</amount><dateTime>20140523143951</dateTime><remark>Unexpected error. Try again later.</remark><md5Info>F6B221D2F47CA2C93803CBBCC9C28FB9</md5Info><billingDescriptor>www.drnatura.com</billingDescriptor>

</response>

2014-05-23T06:41:04Z
RequestParameter:  referenceId: bki3D1400827264

2014-05-23T06:41:04Z
https://secure.qwipi.com/ksn/payments.jsp?merNo=88894&md5Key=31F4EA0542E6F887F0BB8DF52A1EC899&billNo=bki3D1400827264&dateTime=20140523144104&currency=USD&language=eng&cardHolderIp=114.108.239.103&md5Info=6FF4E8ED1BE4CAC715EA4DCE2009369C&cardNum=4485489068677210&cvv2=1256&month=02&year=16&birthDate=19830709&firstName=dora&lastName=explorer&email=dora@gmail.com&phone=586323232&zipCode=1523&address=sdagdvf&city=fdsfsd&state=dasda&country=MO&amount=200.00&products=2&remark=visa

2014-05-23T06:41:05Z
ResponseParameter:  referenceId: bki3D1400827264

2014-05-23T06:41:05Z
<?xml version="1.0" encoding="UTF-8"?>
<response>



<resultCode>0</resultCode><merNo>88894</merNo><paymentOrderNo>-1</paymentOrderNo><billNo>bki3D1400827264</billNo><currency>USD</currency><amount>200.00</amount><dateTime>20140523144105</dateTime><remark>The merchant account limit is reached. Please use different option to make transaction. Sorry for inconvenience caused.</remark><md5Info>E69DBAF916256D5F2FD9C501DFD3652F</md5Info><billingDescriptor>-</billingDescriptor>

</response>

