2014-12-09T05:25:18Z
RequestParameter:  billNo: 20141202151214 | startTime:2014-12-09 05:25:18

2014-12-09T05:25:18Z
Array
(
    [MODE] => Q
    [FRMT] => XML
    [VERS] => 0600
    [MERC] => 680000
    [SESS] => c0jin7jg18i5hk4q18bc5vplr2
    [ORDR] => 20141202151214
    [CURR] => PHP
    [PENC] => KHASH
    [PTYP] => CARD
    [PTOK] => 530970VDEX2DJE3AWXMP
    [IPAD] => 119.81.70.162
    [MACK] => Y
    [PROD_DESC[0]] => test
    [PROD_TYPE[0]] => 1
    [PROD_ITEM[0]] => TV
    [PROD_QUANT[0]] => 1
    [PROD_PRICE[0]] => 1000
    [TOTL] => 1000
    [SITE] => VERT999
    [UDF[MERCHANT_ID]] => 10001MERPBNMER2
    [NAME] => Test Name
    [B2A1] => address
    [B2CC] => PH
    [B2CI] => city
    [B2PC] => 12345
    [B2PN] => 123456789
    [B2ST] => state
    [S2A1] => 
    [S2CC] => 
    [S2CI] => 
    [S2EM] => 
    [S2NM] =>  
    [S2PC] => 
    [S2PN] => 
    [S2ST] => 
    [SHTP] => 
    [CASH] => 10
    [DOB] => 1980-03-10
    [GENDER] => M
    [EMAL] => test@yahoo.com
)


2014-12-09T05:25:21Z
ResponseParameter:  billNo: 20141202151214 | endTime:2014-12-09 05:25:21

2014-12-09T05:25:21Z
<?xml version="1.0" encoding="UTF-8"?>
<RESPONSE>
  <VERS>0600</VERS>
  <MODE>Q</MODE>
  <TRAN>3SZC06LHD8CL</TRAN>
  <MERC>680000</MERC>
  <SESS>c0jin7jg18i5hk4q18bc5vplr2</SESS>
  <ORDR>20141202151214</ORDR>
  <AUTO>A</AUTO>
  <SCOR>35</SCOR>
  <GEOX>PH</GEOX>
  <BRND>MSTR</BRND>
  <REGN></REGN>
  <NETW>N</NETW>
  <KAPT>Y</KAPT>
  <CARDS>1</CARDS>
  <DEVICES>1</DEVICES>
  <EMAILS>1</EMAILS>
  <VELO>0</VELO>
  <VMAX>0</VMAX>
  <SITE>VERT999</SITE>
  <DEVICE_LAYERS>1E46F64B89.00F5EDCB55.1C2CDBD759.A80EBD4F24.A10F7C7C02</DEVICE_LAYERS>
  <FINGERPRINT>7E1A70DCF0FFED5F486420822C1CDBAD</FINGERPRINT>
  <TIMEZONE>960</TIMEZONE>
  <LOCALTIME>2014-12-09 13:25</LOCALTIME>
  <REGION></REGION>
  <COUNTRY>PH</COUNTRY>
  <PROXY>N</PROXY>
  <JAVASCRIPT>Y</JAVASCRIPT>
  <FLASH>Y</FLASH>
  <COOKIES>Y</COOKIES>
  <HTTP_COUNTRY>US</HTTP_COUNTRY>
  <LANGUAGE>EN</LANGUAGE>
  <MOBILE_DEVICE>N</MOBILE_DEVICE>
  <MOBILE_TYPE></MOBILE_TYPE>
  <MOBILE_FORWARDER>N</MOBILE_FORWARDER>
  <VOICE_DEVICE>N</VOICE_DEVICE>
  <PC_REMOTE>N</PC_REMOTE>
  <RULES_TRIGGERED>3</RULES_TRIGGERED>
  <RULE_ID_0>772996</RULE_ID_0>
  <RULE_DESCRIPTION_0>GEO BIN and Device Country not equal (1pt)</RULE_DESCRIPTION_0>
  <RULE_ID_1>772998</RULE_ID_1>
  <RULE_DESCRIPTION_1>GEO Billing &lt;&gt; BIN Country (1pt)</RULE_DESCRIPTION_1>
  <RULE_ID_2>773002</RULE_ID_2>
  <RULE_DESCRIPTION_2>FRAUD_SCRD GEO Counter Triggered (5pts)</RULE_DESCRIPTION_2>
  <COUNTERS_TRIGGERED>2</COUNTERS_TRIGGERED>
  <COUNTER_NAME_0>GEO</COUNTER_NAME_0>
  <COUNTER_VALUE_0>2</COUNTER_VALUE_0>
  <COUNTER_NAME_1>FRAUD_SCRD</COUNTER_NAME_1>
  <COUNTER_VALUE_1>5</COUNTER_VALUE_1>
  <REASON_CODE></REASON_CODE>
  <MASTERCARD></MASTERCARD>
  <DDFS>2014-12-01</DDFS>
  <DSR>768x1366</DSR>
  <UAS>Mozilla/5.0 (Windows NT 6.3; WOW64) AppleWebKit/537.36 (KHTML, like Gecko) Chrome/39.0.2171.71 Safari/537.36</UAS>
  <BROWSER>Chrome 39.0.2171.71</BROWSER>
  <OS>Windows 8.1</OS>
  <PIP_IPAD></PIP_IPAD>
  <PIP_LAT></PIP_LAT>
  <PIP_LON></PIP_LON>
  <PIP_COUNTRY></PIP_COUNTRY>
  <PIP_REGION></PIP_REGION>
  <PIP_CITY></PIP_CITY>
  <PIP_ORG></PIP_ORG>
  <IP_IPAD>114.108.239.103</IP_IPAD>
  <IP_LAT>14.5833</IP_LAT>
  <IP_LON>120.9667</IP_LON>
  <IP_COUNTRY>PH</IP_COUNTRY>
  <IP_REGION>UNKNOWN</IP_REGION>
  <IP_CITY></IP_CITY>
  <IP_ORG>SKY BROADBAND</IP_ORG>
  <WARNING_COUNT>0</WARNING_COUNT>
</RESPONSE>

2014-12-09T05:46:12Z
RequestParameter:  billNo: YgSGf1418103972 | startTime:2014-12-09 05:46:12

2014-12-09T05:46:12Z
Array
(
    [MODE] => P
    [FRMT] => XML
    [VERS] => 0600
    [MERC] => 680000
    [SESS] => YgSGf1418103972
    [ORDR] => YgSGf1418103972
    [CURR] => PHP
    [PENC] => KHASH
    [PTYP] => CARD
    [PTOK] => 4918912GXE0BUP1QG8K5
    [IPAD] => 10.0.0.1
    [MACK] => Y
    [PROD_DESC[0]] => test
    [PROD_TYPE[0]] => tv
    [PROD_ITEM[0]] => 1
    [PROD_QUANT[0]] => 1
    [PROD_PRICE[0]] => 1000
    [TOTL] => 1000
    [SITE] => VERT999
    [UDF[MERCHANT_ID]] => 10001MERPBNMER1
    [NAME] => Test Name
    [B2A1] => address
    [B2CC] => PH
    [B2CI] => city
    [B2PC] => 12345
    [B2PN] => 123456789
    [B2ST] => state
    [S2A1] => 
    [S2CC] => 
    [S2CI] => 
    [S2EM] => 
    [S2NM] =>  
    [S2PC] => 
    [S2PN] => 
    [S2ST] => 
    [SHTP] => 
    [CASH] => 10
    [DOB] => 1946-12-11
    [GENDER] => M
    [EMAL] => test@gmail.com
    [ANID] => 123456789
)


2014-12-09T05:46:14Z
ResponseParameter:  billNo: YgSGf1418103972 | endTime:2014-12-09 05:46:14

2014-12-09T05:46:14Z
<?xml version="1.0" encoding="UTF-8"?>
<RESPONSE>
  <VERS>0600</VERS>
  <MODE>P</MODE>
  <TRAN>3SZC0NV9YY8V</TRAN>
  <MERC>680000</MERC>
  <SESS>YgSGf1418103972</SESS>
  <ORDR>YgSGf1418103972</ORDR>
  <AUTO>A</AUTO>
  <SCOR>29</SCOR>
  <GEOX>US</GEOX>
  <BRND>VISA</BRND>
  <REGN></REGN>
  <NETW>N</NETW>
  <KAPT>N</KAPT>
  <CARDS>1</CARDS>
  <DEVICES>1</DEVICES>
  <EMAILS>1</EMAILS>
  <VELO>0</VELO>
  <VMAX>0</VMAX>
  <RULES_TRIGGERED>2</RULES_TRIGGERED>
  <RULE_ID_0>772998</RULE_ID_0>
  <RULE_DESCRIPTION_0>GEO Billing &lt;&gt; BIN Country (1pt)</RULE_DESCRIPTION_0>
  <RULE_ID_1>773002</RULE_ID_1>
  <RULE_DESCRIPTION_1>FRAUD_SCRD GEO Counter Triggered (5pts)</RULE_DESCRIPTION_1>
  <COUNTERS_TRIGGERED>2</COUNTERS_TRIGGERED>
  <COUNTER_NAME_0>GEO</COUNTER_NAME_0>
  <COUNTER_VALUE_0>1</COUNTER_VALUE_0>
  <COUNTER_NAME_1>FRAUD_SCRD</COUNTER_NAME_1>
  <COUNTER_VALUE_1>5</COUNTER_VALUE_1>
  <REASON_CODE></REASON_CODE>
  <MASTERCARD></MASTERCARD>
  <DDFS></DDFS>
  <DSR></DSR>
  <UAS></UAS>
  <BROWSER></BROWSER>
  <OS></OS>
  <PIP_IPAD></PIP_IPAD>
  <PIP_LAT></PIP_LAT>
  <PIP_LON></PIP_LON>
  <PIP_COUNTRY></PIP_COUNTRY>
  <PIP_REGION></PIP_REGION>
  <PIP_CITY></PIP_CITY>
  <PIP_ORG></PIP_ORG>
  <IP_IPAD></IP_IPAD>
  <IP_LAT></IP_LAT>
  <IP_LON></IP_LON>
  <IP_COUNTRY></IP_COUNTRY>
  <IP_REGION></IP_REGION>
  <IP_CITY></IP_CITY>
  <IP_ORG></IP_ORG>
  <WARNING_COUNT>0</WARNING_COUNT>
</RESPONSE>

2014-12-09T05:49:56Z
RequestParameter:  billNo: vAlyG1418104196 | startTime:2014-12-09 05:49:56

2014-12-09T05:49:56Z
Array
(
    [MODE] => P
    [FRMT] => XML
    [VERS] => 0600
    [MERC] => 680000
    [SESS] => vAlyG1418104196
    [ORDR] => vAlyG1418104196
    [CURR] => PHP
    [PENC] => KHASH
    [PTYP] => CARD
    [PTOK] => 530970VDEX2DJE3AWXMP
    [IPAD] => 10.0.0.1
    [MACK] => Y
    [PROD_DESC[0]] => test
    [PROD_TYPE[0]] => tv
    [PROD_ITEM[0]] => 1
    [PROD_QUANT[0]] => 1
    [PROD_PRICE[0]] => 1000
    [TOTL] => 1000
    [SITE] => VERT999
    [UDF[MERCHANT_ID]] => 10001MERPBNMER2
    [NAME] => Test Name
    [B2A1] => Address
    [B2CC] => PH
    [B2CI] => city
    [B2PC] => 12345
    [B2PN] => 1234567789
    [B2ST] => state
    [S2A1] => 
    [S2CC] => 
    [S2CI] => 
    [S2EM] => 
    [S2NM] =>  
    [S2PC] => 
    [S2PN] => 
    [S2ST] => 
    [SHTP] => 
    [CASH] => 10
    [DOB] => 1947-12-24
    [GENDER] => M
    [EMAL] => test@gmail.com
    [ANID] => 1234567789
)


2014-12-09T05:49:58Z
ResponseParameter:  billNo: vAlyG1418104196 | endTime:2014-12-09 05:49:58

2014-12-09T05:49:58Z
<?xml version="1.0" encoding="UTF-8"?>
<RESPONSE>
  <VERS>0600</VERS>
  <MODE>P</MODE>
  <TRAN>3SZC0GL3Z9KN</TRAN>
  <MERC>680000</MERC>
  <SESS>vAlyG1418104196</SESS>
  <ORDR>vAlyG1418104196</ORDR>
  <AUTO>A</AUTO>
  <SCOR>29</SCOR>
  <GEOX>US</GEOX>
  <BRND>MSTR</BRND>
  <REGN></REGN>
  <NETW>N</NETW>
  <KAPT>N</KAPT>
  <CARDS>1</CARDS>
  <DEVICES>1</DEVICES>
  <EMAILS>1</EMAILS>
  <VELO>0</VELO>
  <VMAX>0</VMAX>
  <RULES_TRIGGERED>2</RULES_TRIGGERED>
  <RULE_ID_0>772998</RULE_ID_0>
  <RULE_DESCRIPTION_0>GEO Billing &lt;&gt; BIN Country (1pt)</RULE_DESCRIPTION_0>
  <RULE_ID_1>773002</RULE_ID_1>
  <RULE_DESCRIPTION_1>FRAUD_SCRD GEO Counter Triggered (5pts)</RULE_DESCRIPTION_1>
  <COUNTERS_TRIGGERED>2</COUNTERS_TRIGGERED>
  <COUNTER_NAME_0>GEO</COUNTER_NAME_0>
  <COUNTER_VALUE_0>1</COUNTER_VALUE_0>
  <COUNTER_NAME_1>FRAUD_SCRD</COUNTER_NAME_1>
  <COUNTER_VALUE_1>5</COUNTER_VALUE_1>
  <REASON_CODE></REASON_CODE>
  <MASTERCARD></MASTERCARD>
  <DDFS></DDFS>
  <DSR></DSR>
  <UAS></UAS>
  <BROWSER></BROWSER>
  <OS></OS>
  <PIP_IPAD></PIP_IPAD>
  <PIP_LAT></PIP_LAT>
  <PIP_LON></PIP_LON>
  <PIP_COUNTRY></PIP_COUNTRY>
  <PIP_REGION></PIP_REGION>
  <PIP_CITY></PIP_CITY>
  <PIP_ORG></PIP_ORG>
  <IP_IPAD></IP_IPAD>
  <IP_LAT></IP_LAT>
  <IP_LON></IP_LON>
  <IP_COUNTRY></IP_COUNTRY>
  <IP_REGION></IP_REGION>
  <IP_CITY></IP_CITY>
  <IP_ORG></IP_ORG>
  <WARNING_COUNT>0</WARNING_COUNT>
</RESPONSE>

2014-12-09T06:29:20Z
RequestParameter:  billNo: 20141209141229 | startTime:2014-12-09 06:29:20

2014-12-09T06:29:20Z
Array
(
    [MODE] => Q
    [FRMT] => XML
    [VERS] => 0600
    [MERC] => 680000
    [SESS] => c0jin7jg18i5hk4q18bc5vplr2
    [ORDR] => 20141209141229
    [CURR] => PHP
    [PENC] => KHASH
    [PTYP] => CARD
    [PTOK] => 530970VDEX2DJE3AWXMP
    [IPAD] => 119.81.70.162
    [MACK] => Y
    [PROD_DESC[0]] => Test
    [PROD_TYPE[0]] => 1
    [PROD_ITEM[0]] => TV
    [PROD_QUANT[0]] => 1
    [PROD_PRICE[0]] => 1000
    [TOTL] => 1000
    [SITE] => VERT999
    [UDF[MERCHANT_ID]] => 10001MERPBNMER2
    [NAME] => Test Name
    [B2A1] => address
    [B2CC] => PH
    [B2CI] => city
    [B2PC] => 12345
    [B2PN] => 123456789
    [B2ST] => state
    [S2A1] => 
    [S2CC] => 
    [S2CI] => 
    [S2EM] => 
    [S2NM] =>  
    [S2PC] => 
    [S2PN] => 
    [S2ST] => 
    [SHTP] => 
    [CASH] => 10
    [DOB] => 1980-03-10
    [GENDER] => M
    [EMAL] => test@yahoo.com
)


2014-12-09T06:29:23Z
ResponseParameter:  billNo: 20141209141229 | endTime:2014-12-09 06:29:23

2014-12-09T06:29:23Z
<?xml version="1.0" encoding="UTF-8"?>
<RESPONSE>
  <VERS>0600</VERS>
  <MODE>Q</MODE>
  <TRAN>3SZZ08NB2322</TRAN>
  <MERC>680000</MERC>
  <SESS>c0jin7jg18i5hk4q18bc5vplr2</SESS>
  <ORDR>20141209141229</ORDR>
  <AUTO>A</AUTO>
  <SCOR>35</SCOR>
  <GEOX>PH</GEOX>
  <BRND>MSTR</BRND>
  <REGN></REGN>
  <NETW>N</NETW>
  <KAPT>Y</KAPT>
  <CARDS>1</CARDS>
  <DEVICES>1</DEVICES>
  <EMAILS>1</EMAILS>
  <VELO>0</VELO>
  <VMAX>0</VMAX>
  <SITE>VERT999</SITE>
  <DEVICE_LAYERS>1E46F64B89.00F5EDCB55.1C2CDBD759.A80EBD4F24.A10F7C7C02</DEVICE_LAYERS>
  <FINGERPRINT>7E1A70DCF0FFED5F486420822C1CDBAD</FINGERPRINT>
  <TIMEZONE>960</TIMEZONE>
  <LOCALTIME>2014-12-09 14:29</LOCALTIME>
  <REGION></REGION>
  <COUNTRY>PH</COUNTRY>
  <PROXY>N</PROXY>
  <JAVASCRIPT>Y</JAVASCRIPT>
  <FLASH>Y</FLASH>
  <COOKIES>Y</COOKIES>
  <HTTP_COUNTRY>US</HTTP_COUNTRY>
  <LANGUAGE>EN</LANGUAGE>
  <MOBILE_DEVICE>N</MOBILE_DEVICE>
  <MOBILE_TYPE></MOBILE_TYPE>
  <MOBILE_FORWARDER>N</MOBILE_FORWARDER>
  <VOICE_DEVICE>N</VOICE_DEVICE>
  <PC_REMOTE>N</PC_REMOTE>
  <RULES_TRIGGERED>3</RULES_TRIGGERED>
  <RULE_ID_0>772996</RULE_ID_0>
  <RULE_DESCRIPTION_0>GEO BIN and Device Country not equal (1pt)</RULE_DESCRIPTION_0>
  <RULE_ID_1>772998</RULE_ID_1>
  <RULE_DESCRIPTION_1>GEO Billing &lt;&gt; BIN Country (1pt)</RULE_DESCRIPTION_1>
  <RULE_ID_2>773002</RULE_ID_2>
  <RULE_DESCRIPTION_2>FRAUD_SCRD GEO Counter Triggered (5pts)</RULE_DESCRIPTION_2>
  <COUNTERS_TRIGGERED>2</COUNTERS_TRIGGERED>
  <COUNTER_NAME_0>GEO</COUNTER_NAME_0>
  <COUNTER_VALUE_0>2</COUNTER_VALUE_0>
  <COUNTER_NAME_1>FRAUD_SCRD</COUNTER_NAME_1>
  <COUNTER_VALUE_1>5</COUNTER_VALUE_1>
  <REASON_CODE></REASON_CODE>
  <MASTERCARD></MASTERCARD>
  <DDFS>2014-12-01</DDFS>
  <DSR>768x1366</DSR>
  <UAS>Mozilla/5.0 (Windows NT 6.3; WOW64) AppleWebKit/537.36 (KHTML, like Gecko) Chrome/39.0.2171.71 Safari/537.36</UAS>
  <BROWSER>Chrome 39.0.2171.71</BROWSER>
  <OS>Windows 8.1</OS>
  <PIP_IPAD></PIP_IPAD>
  <PIP_LAT></PIP_LAT>
  <PIP_LON></PIP_LON>
  <PIP_COUNTRY></PIP_COUNTRY>
  <PIP_REGION></PIP_REGION>
  <PIP_CITY></PIP_CITY>
  <PIP_ORG></PIP_ORG>
  <IP_IPAD>114.108.239.103</IP_IPAD>
  <IP_LAT>14.5833</IP_LAT>
  <IP_LON>120.9667</IP_LON>
  <IP_COUNTRY>PH</IP_COUNTRY>
  <IP_REGION>UNKNOWN</IP_REGION>
  <IP_CITY></IP_CITY>
  <IP_ORG>SKY BROADBAND</IP_ORG>
  <WARNING_COUNT>0</WARNING_COUNT>
</RESPONSE>

2014-12-09T07:03:13Z
RequestParameter:  billNo: 20141209141259 | startTime:2014-12-09 07:03:13

2014-12-09T07:03:13Z
Array
(
    [MODE] => Q
    [FRMT] => XML
    [VERS] => 0600
    [MERC] => 680000
    [SESS] => c0jin7jg18i5hk4q18bc5vplr2
    [ORDR] => 20141209141259
    [CURR] => PHP
    [PENC] => KHASH
    [PTYP] => CARD
    [PTOK] => 530970VDEX2DJE3AWXMP
    [IPAD] => 119.81.70.162
    [MACK] => Y
    [PROD_DESC[0]] => Test
    [PROD_TYPE[0]] => 1
    [PROD_ITEM[0]] => TV
    [PROD_QUANT[0]] => 1
    [PROD_PRICE[0]] => 1000
    [TOTL] => 1000
    [SITE] => VERT999
    [UDF[MERCHANT_ID]] => 10001MERPBNMER2
    [NAME] => Test Name
    [B2A1] => address
    [B2CC] => PH
    [B2CI] => city
    [B2PC] => 12345
    [B2PN] => 123456789
    [B2ST] => state
    [S2A1] => 
    [S2CC] => 
    [S2CI] => 
    [S2EM] => 
    [S2NM] =>  
    [S2PC] => 
    [S2PN] => 
    [S2ST] => 
    [SHTP] => 
    [CASH] => 10
    [DOB] => 1980-03-10
    [GENDER] => M
    [EMAL] => test@yahoo.com
)


2014-12-09T07:03:16Z
ResponseParameter:  billNo: 20141209141259 | endTime:2014-12-09 07:03:16

2014-12-09T07:03:16Z
<?xml version="1.0" encoding="UTF-8"?>
<RESPONSE>
  <VERS>0600</VERS>
  <MODE>Q</MODE>
  <TRAN>3SZ801PVVNKK</TRAN>
  <MERC>680000</MERC>
  <SESS>c0jin7jg18i5hk4q18bc5vplr2</SESS>
  <ORDR>20141209141259</ORDR>
  <AUTO>A</AUTO>
  <SCOR>36</SCOR>
  <GEOX>PH</GEOX>
  <BRND>MSTR</BRND>
  <REGN></REGN>
  <NETW>N</NETW>
  <KAPT>Y</KAPT>
  <CARDS>1</CARDS>
  <DEVICES>1</DEVICES>
  <EMAILS>1</EMAILS>
  <VELO>0</VELO>
  <VMAX>0</VMAX>
  <SITE>VERT999</SITE>
  <DEVICE_LAYERS>1E46F64B89.00F5EDCB55.1C2CDBD759.A80EBD4F24.A10F7C7C02</DEVICE_LAYERS>
  <FINGERPRINT>7E1A70DCF0FFED5F486420822C1CDBAD</FINGERPRINT>
  <TIMEZONE>960</TIMEZONE>
  <LOCALTIME>2014-12-09 15:03</LOCALTIME>
  <REGION></REGION>
  <COUNTRY>PH</COUNTRY>
  <PROXY>N</PROXY>
  <JAVASCRIPT>Y</JAVASCRIPT>
  <FLASH>Y</FLASH>
  <COOKIES>Y</COOKIES>
  <HTTP_COUNTRY>US</HTTP_COUNTRY>
  <LANGUAGE>EN</LANGUAGE>
  <MOBILE_DEVICE>N</MOBILE_DEVICE>
  <MOBILE_TYPE></MOBILE_TYPE>
  <MOBILE_FORWARDER>N</MOBILE_FORWARDER>
  <VOICE_DEVICE>N</VOICE_DEVICE>
  <PC_REMOTE>N</PC_REMOTE>
  <RULES_TRIGGERED>3</RULES_TRIGGERED>
  <RULE_ID_0>772996</RULE_ID_0>
  <RULE_DESCRIPTION_0>GEO BIN and Device Country not equal (1pt)</RULE_DESCRIPTION_0>
  <RULE_ID_1>772998</RULE_ID_1>
  <RULE_DESCRIPTION_1>GEO Billing &lt;&gt; BIN Country (1pt)</RULE_DESCRIPTION_1>
  <RULE_ID_2>773002</RULE_ID_2>
  <RULE_DESCRIPTION_2>FRAUD_SCRD GEO Counter Triggered (5pts)</RULE_DESCRIPTION_2>
  <COUNTERS_TRIGGERED>2</COUNTERS_TRIGGERED>
  <COUNTER_NAME_0>GEO</COUNTER_NAME_0>
  <COUNTER_VALUE_0>2</COUNTER_VALUE_0>
  <COUNTER_NAME_1>FRAUD_SCRD</COUNTER_NAME_1>
  <COUNTER_VALUE_1>5</COUNTER_VALUE_1>
  <REASON_CODE></REASON_CODE>
  <MASTERCARD></MASTERCARD>
  <DDFS>2014-12-01</DDFS>
  <DSR>768x1366</DSR>
  <UAS>Mozilla/5.0 (Windows NT 6.3; WOW64) AppleWebKit/537.36 (KHTML, like Gecko) Chrome/39.0.2171.71 Safari/537.36</UAS>
  <BROWSER>Chrome 39.0.2171.71</BROWSER>
  <OS>Windows 8.1</OS>
  <PIP_IPAD></PIP_IPAD>
  <PIP_LAT></PIP_LAT>
  <PIP_LON></PIP_LON>
  <PIP_COUNTRY></PIP_COUNTRY>
  <PIP_REGION></PIP_REGION>
  <PIP_CITY></PIP_CITY>
  <PIP_ORG></PIP_ORG>
  <IP_IPAD>114.108.239.103</IP_IPAD>
  <IP_LAT>14.5833</IP_LAT>
  <IP_LON>120.9667</IP_LON>
  <IP_COUNTRY>PH</IP_COUNTRY>
  <IP_REGION>UNKNOWN</IP_REGION>
  <IP_CITY></IP_CITY>
  <IP_ORG>SKY BROADBAND</IP_ORG>
  <WARNING_COUNT>0</WARNING_COUNT>
</RESPONSE>

2014-12-09T07:08:25Z
RequestParameter:  billNo: 20141209141260 | startTime:2014-12-09 07:08:25

2014-12-09T07:08:25Z
Array
(
    [MODE] => Q
    [FRMT] => XML
    [VERS] => 0600
    [MERC] => 680000
    [SESS] => c0jin7jg18i5hk4q18bc5vplr2
    [ORDR] => 20141209141260
    [CURR] => PHP
    [PENC] => KHASH
    [PTYP] => CARD
    [PTOK] => 530970VDEX2DJE3AWXMP
    [IPAD] => 119.81.70.162
    [MACK] => Y
    [PROD_DESC[0]] => Test
    [PROD_TYPE[0]] => 1
    [PROD_ITEM[0]] => TV
    [PROD_QUANT[0]] => 1
    [PROD_PRICE[0]] => 1000
    [TOTL] => 1000
    [SITE] => VERT999
    [UDF[MERCHANT_ID]] => 10001MERPBNMER2
    [NAME] => Test Name
    [B2A1] => address
    [B2CC] => PH
    [B2CI] => city
    [B2PC] => 12345
    [B2PN] => 123456789
    [B2ST] => state
    [S2A1] => 
    [S2CC] => 
    [S2CI] => 
    [S2EM] => 
    [S2NM] =>  
    [S2PC] => 
    [S2PN] => 
    [S2ST] => 
    [SHTP] => 
    [CASH] => 10
    [DOB] => 1980-03-10
    [GENDER] => M
    [EMAL] => test@yahoo.com
)


2014-12-09T07:08:27Z
ResponseParameter:  billNo: 20141209141260 | endTime:2014-12-09 07:08:27

2014-12-09T07:08:27Z
<?xml version="1.0" encoding="UTF-8"?>
<RESPONSE>
  <VERS>0600</VERS>
  <MODE>Q</MODE>
  <TRAN>3SZ80NJTXNTJ</TRAN>
  <MERC>680000</MERC>
  <SESS>c0jin7jg18i5hk4q18bc5vplr2</SESS>
  <ORDR>20141209141260</ORDR>
  <AUTO>A</AUTO>
  <SCOR>36</SCOR>
  <GEOX>PH</GEOX>
  <BRND>MSTR</BRND>
  <REGN></REGN>
  <NETW>N</NETW>
  <KAPT>Y</KAPT>
  <CARDS>1</CARDS>
  <DEVICES>1</DEVICES>
  <EMAILS>1</EMAILS>
  <VELO>0</VELO>
  <VMAX>0</VMAX>
  <SITE>VERT999</SITE>
  <DEVICE_LAYERS>1E46F64B89.00F5EDCB55.1C2CDBD759.A80EBD4F24.A10F7C7C02</DEVICE_LAYERS>
  <FINGERPRINT>7E1A70DCF0FFED5F486420822C1CDBAD</FINGERPRINT>
  <TIMEZONE>960</TIMEZONE>
  <LOCALTIME>2014-12-09 15:08</LOCALTIME>
  <REGION></REGION>
  <COUNTRY>PH</COUNTRY>
  <PROXY>N</PROXY>
  <JAVASCRIPT>Y</JAVASCRIPT>
  <FLASH>Y</FLASH>
  <COOKIES>Y</COOKIES>
  <HTTP_COUNTRY>US</HTTP_COUNTRY>
  <LANGUAGE>EN</LANGUAGE>
  <MOBILE_DEVICE>N</MOBILE_DEVICE>
  <MOBILE_TYPE></MOBILE_TYPE>
  <MOBILE_FORWARDER>N</MOBILE_FORWARDER>
  <VOICE_DEVICE>N</VOICE_DEVICE>
  <PC_REMOTE>N</PC_REMOTE>
  <RULES_TRIGGERED>3</RULES_TRIGGERED>
  <RULE_ID_0>772996</RULE_ID_0>
  <RULE_DESCRIPTION_0>GEO BIN and Device Country not equal (1pt)</RULE_DESCRIPTION_0>
  <RULE_ID_1>772998</RULE_ID_1>
  <RULE_DESCRIPTION_1>GEO Billing &lt;&gt; BIN Country (1pt)</RULE_DESCRIPTION_1>
  <RULE_ID_2>773002</RULE_ID_2>
  <RULE_DESCRIPTION_2>FRAUD_SCRD GEO Counter Triggered (5pts)</RULE_DESCRIPTION_2>
  <COUNTERS_TRIGGERED>2</COUNTERS_TRIGGERED>
  <COUNTER_NAME_0>GEO</COUNTER_NAME_0>
  <COUNTER_VALUE_0>2</COUNTER_VALUE_0>
  <COUNTER_NAME_1>FRAUD_SCRD</COUNTER_NAME_1>
  <COUNTER_VALUE_1>5</COUNTER_VALUE_1>
  <REASON_CODE></REASON_CODE>
  <MASTERCARD></MASTERCARD>
  <DDFS>2014-12-01</DDFS>
  <DSR>768x1366</DSR>
  <UAS>Mozilla/5.0 (Windows NT 6.3; WOW64) AppleWebKit/537.36 (KHTML, like Gecko) Chrome/39.0.2171.71 Safari/537.36</UAS>
  <BROWSER>Chrome 39.0.2171.71</BROWSER>
  <OS>Windows 8.1</OS>
  <PIP_IPAD></PIP_IPAD>
  <PIP_LAT></PIP_LAT>
  <PIP_LON></PIP_LON>
  <PIP_COUNTRY></PIP_COUNTRY>
  <PIP_REGION></PIP_REGION>
  <PIP_CITY></PIP_CITY>
  <PIP_ORG></PIP_ORG>
  <IP_IPAD>114.108.239.103</IP_IPAD>
  <IP_LAT>14.5833</IP_LAT>
  <IP_LON>120.9667</IP_LON>
  <IP_COUNTRY>PH</IP_COUNTRY>
  <IP_REGION>UNKNOWN</IP_REGION>
  <IP_CITY></IP_CITY>
  <IP_ORG>SKY BROADBAND</IP_ORG>
  <WARNING_COUNT>0</WARNING_COUNT>
</RESPONSE>

2014-12-09T07:09:12Z
RequestParameter:  billNo: 20141209141261 | startTime:2014-12-09 07:09:12

2014-12-09T07:09:12Z
Array
(
    [MODE] => Q
    [FRMT] => XML
    [VERS] => 0600
    [MERC] => 680000
    [SESS] => c0jin7jg18i5hk4q18bc5vplr2
    [ORDR] => 20141209141261
    [CURR] => PHP
    [PENC] => KHASH
    [PTYP] => CARD
    [PTOK] => 530970VDEX2DJE3AWXMP
    [IPAD] => 119.81.70.161
    [MACK] => Y
    [PROD_DESC[0]] => Test
    [PROD_TYPE[0]] => 1
    [PROD_ITEM[0]] => TV
    [PROD_QUANT[0]] => 1
    [PROD_PRICE[0]] => 1000
    [TOTL] => 1000
    [SITE] => VERT999
    [UDF[MERCHANT_ID]] => 10001MERPBNMER1
    [NAME] => Test Name
    [B2A1] => address
    [B2CC] => PH
    [B2CI] => city
    [B2PC] => 12345
    [B2PN] => 123456789
    [B2ST] => state
    [S2A1] => 
    [S2CC] => 
    [S2CI] => 
    [S2EM] => 
    [S2NM] =>  
    [S2PC] => 
    [S2PN] => 
    [S2ST] => 
    [SHTP] => 
    [CASH] => 10
    [DOB] => 1980-03-10
    [GENDER] => M
    [EMAL] => test@yahoo.com
)


2014-12-09T07:09:15Z
ResponseParameter:  billNo: 20141209141261 | endTime:2014-12-09 07:09:15

2014-12-09T07:09:15Z
<?xml version="1.0" encoding="UTF-8"?>
<RESPONSE>
  <VERS>0600</VERS>
  <MODE>Q</MODE>
  <TRAN>3SZ80YN1VSKK</TRAN>
  <MERC>680000</MERC>
  <SESS>c0jin7jg18i5hk4q18bc5vplr2</SESS>
  <ORDR>20141209141261</ORDR>
  <AUTO>A</AUTO>
  <SCOR>36</SCOR>
  <GEOX>PH</GEOX>
  <BRND>MSTR</BRND>
  <REGN></REGN>
  <NETW>N</NETW>
  <KAPT>Y</KAPT>
  <CARDS>1</CARDS>
  <DEVICES>1</DEVICES>
  <EMAILS>1</EMAILS>
  <VELO>0</VELO>
  <VMAX>0</VMAX>
  <SITE>VERT999</SITE>
  <DEVICE_LAYERS>1E46F64B89.00F5EDCB55.1C2CDBD759.A80EBD4F24.A10F7C7C02</DEVICE_LAYERS>
  <FINGERPRINT>7E1A70DCF0FFED5F486420822C1CDBAD</FINGERPRINT>
  <TIMEZONE>960</TIMEZONE>
  <LOCALTIME>2014-12-09 15:09</LOCALTIME>
  <REGION></REGION>
  <COUNTRY>PH</COUNTRY>
  <PROXY>N</PROXY>
  <JAVASCRIPT>Y</JAVASCRIPT>
  <FLASH>Y</FLASH>
  <COOKIES>Y</COOKIES>
  <HTTP_COUNTRY>US</HTTP_COUNTRY>
  <LANGUAGE>EN</LANGUAGE>
  <MOBILE_DEVICE>N</MOBILE_DEVICE>
  <MOBILE_TYPE></MOBILE_TYPE>
  <MOBILE_FORWARDER>N</MOBILE_FORWARDER>
  <VOICE_DEVICE>N</VOICE_DEVICE>
  <PC_REMOTE>N</PC_REMOTE>
  <RULES_TRIGGERED>3</RULES_TRIGGERED>
  <RULE_ID_0>772996</RULE_ID_0>
  <RULE_DESCRIPTION_0>GEO BIN and Device Country not equal (1pt)</RULE_DESCRIPTION_0>
  <RULE_ID_1>772998</RULE_ID_1>
  <RULE_DESCRIPTION_1>GEO Billing &lt;&gt; BIN Country (1pt)</RULE_DESCRIPTION_1>
  <RULE_ID_2>773002</RULE_ID_2>
  <RULE_DESCRIPTION_2>FRAUD_SCRD GEO Counter Triggered (5pts)</RULE_DESCRIPTION_2>
  <COUNTERS_TRIGGERED>2</COUNTERS_TRIGGERED>
  <COUNTER_NAME_0>GEO</COUNTER_NAME_0>
  <COUNTER_VALUE_0>2</COUNTER_VALUE_0>
  <COUNTER_NAME_1>FRAUD_SCRD</COUNTER_NAME_1>
  <COUNTER_VALUE_1>5</COUNTER_VALUE_1>
  <REASON_CODE></REASON_CODE>
  <MASTERCARD></MASTERCARD>
  <DDFS>2014-12-01</DDFS>
  <DSR>768x1366</DSR>
  <UAS>Mozilla/5.0 (Windows NT 6.3; WOW64) AppleWebKit/537.36 (KHTML, like Gecko) Chrome/39.0.2171.71 Safari/537.36</UAS>
  <BROWSER>Chrome 39.0.2171.71</BROWSER>
  <OS>Windows 8.1</OS>
  <PIP_IPAD></PIP_IPAD>
  <PIP_LAT></PIP_LAT>
  <PIP_LON></PIP_LON>
  <PIP_COUNTRY></PIP_COUNTRY>
  <PIP_REGION></PIP_REGION>
  <PIP_CITY></PIP_CITY>
  <PIP_ORG></PIP_ORG>
  <IP_IPAD>114.108.239.103</IP_IPAD>
  <IP_LAT>14.5833</IP_LAT>
  <IP_LON>120.9667</IP_LON>
  <IP_COUNTRY>PH</IP_COUNTRY>
  <IP_REGION>UNKNOWN</IP_REGION>
  <IP_CITY></IP_CITY>
  <IP_ORG>SKY BROADBAND</IP_ORG>
  <WARNING_COUNT>0</WARNING_COUNT>
</RESPONSE>

2014-12-09T07:09:55Z
RequestParameter:  billNo: 20141209141261 | startTime:2014-12-09 07:09:55

2014-12-09T07:09:55Z
Array
(
    [MODE] => Q
    [FRMT] => XML
    [VERS] => 0600
    [MERC] => 680000
    [SESS] => c0jin7jg18i5hk4q18bc5vplr2
    [ORDR] => 20141209141261
    [CURR] => PHP
    [PENC] => KHASH
    [PTYP] => CARD
    [PTOK] => 530970VDEX2DJE3AWXMP
    [IPAD] => 119.81.70.162
    [MACK] => Y
    [PROD_DESC[0]] => Test
    [PROD_TYPE[0]] => 1
    [PROD_ITEM[0]] => TV
    [PROD_QUANT[0]] => 1
    [PROD_PRICE[0]] => 1000
    [TOTL] => 1000
    [SITE] => VERT999
    [UDF[MERCHANT_ID]] => 10001MERPBNMER1
    [NAME] => Test Name
    [B2A1] => address
    [B2CC] => PH
    [B2CI] => city
    [B2PC] => 12345
    [B2PN] => 123456789
    [B2ST] => state
    [S2A1] => 
    [S2CC] => 
    [S2CI] => 
    [S2EM] => 
    [S2NM] =>  
    [S2PC] => 
    [S2PN] => 
    [S2ST] => 
    [SHTP] => 
    [CASH] => 10
    [DOB] => 1980-03-10
    [GENDER] => M
    [EMAL] => test@yahoo.com
)


2014-12-09T07:09:57Z
ResponseParameter:  billNo: 20141209141261 | endTime:2014-12-09 07:09:57

2014-12-09T07:09:57Z
<?xml version="1.0" encoding="UTF-8"?>
<RESPONSE>
  <VERS>0600</VERS>
  <MODE>Q</MODE>
  <TRAN>3SZ80TJ8CB4M</TRAN>
  <MERC>680000</MERC>
  <SESS>c0jin7jg18i5hk4q18bc5vplr2</SESS>
  <ORDR>20141209141261</ORDR>
  <AUTO>A</AUTO>
  <SCOR>36</SCOR>
  <GEOX>PH</GEOX>
  <BRND>MSTR</BRND>
  <REGN></REGN>
  <NETW>N</NETW>
  <KAPT>Y</KAPT>
  <CARDS>1</CARDS>
  <DEVICES>1</DEVICES>
  <EMAILS>1</EMAILS>
  <VELO>0</VELO>
  <VMAX>0</VMAX>
  <SITE>VERT999</SITE>
  <DEVICE_LAYERS>1E46F64B89.00F5EDCB55.1C2CDBD759.A80EBD4F24.A10F7C7C02</DEVICE_LAYERS>
  <FINGERPRINT>7E1A70DCF0FFED5F486420822C1CDBAD</FINGERPRINT>
  <TIMEZONE>960</TIMEZONE>
  <LOCALTIME>2014-12-09 15:09</LOCALTIME>
  <REGION></REGION>
  <COUNTRY>PH</COUNTRY>
  <PROXY>N</PROXY>
  <JAVASCRIPT>Y</JAVASCRIPT>
  <FLASH>Y</FLASH>
  <COOKIES>Y</COOKIES>
  <HTTP_COUNTRY>US</HTTP_COUNTRY>
  <LANGUAGE>EN</LANGUAGE>
  <MOBILE_DEVICE>N</MOBILE_DEVICE>
  <MOBILE_TYPE></MOBILE_TYPE>
  <MOBILE_FORWARDER>N</MOBILE_FORWARDER>
  <VOICE_DEVICE>N</VOICE_DEVICE>
  <PC_REMOTE>N</PC_REMOTE>
  <RULES_TRIGGERED>3</RULES_TRIGGERED>
  <RULE_ID_0>772996</RULE_ID_0>
  <RULE_DESCRIPTION_0>GEO BIN and Device Country not equal (1pt)</RULE_DESCRIPTION_0>
  <RULE_ID_1>772998</RULE_ID_1>
  <RULE_DESCRIPTION_1>GEO Billing &lt;&gt; BIN Country (1pt)</RULE_DESCRIPTION_1>
  <RULE_ID_2>773002</RULE_ID_2>
  <RULE_DESCRIPTION_2>FRAUD_SCRD GEO Counter Triggered (5pts)</RULE_DESCRIPTION_2>
  <COUNTERS_TRIGGERED>2</COUNTERS_TRIGGERED>
  <COUNTER_NAME_0>GEO</COUNTER_NAME_0>
  <COUNTER_VALUE_0>2</COUNTER_VALUE_0>
  <COUNTER_NAME_1>FRAUD_SCRD</COUNTER_NAME_1>
  <COUNTER_VALUE_1>5</COUNTER_VALUE_1>
  <REASON_CODE></REASON_CODE>
  <MASTERCARD></MASTERCARD>
  <DDFS>2014-12-01</DDFS>
  <DSR>768x1366</DSR>
  <UAS>Mozilla/5.0 (Windows NT 6.3; WOW64) AppleWebKit/537.36 (KHTML, like Gecko) Chrome/39.0.2171.71 Safari/537.36</UAS>
  <BROWSER>Chrome 39.0.2171.71</BROWSER>
  <OS>Windows 8.1</OS>
  <PIP_IPAD></PIP_IPAD>
  <PIP_LAT></PIP_LAT>
  <PIP_LON></PIP_LON>
  <PIP_COUNTRY></PIP_COUNTRY>
  <PIP_REGION></PIP_REGION>
  <PIP_CITY></PIP_CITY>
  <PIP_ORG></PIP_ORG>
  <IP_IPAD>114.108.239.103</IP_IPAD>
  <IP_LAT>14.5833</IP_LAT>
  <IP_LON>120.9667</IP_LON>
  <IP_COUNTRY>PH</IP_COUNTRY>
  <IP_REGION>UNKNOWN</IP_REGION>
  <IP_CITY></IP_CITY>
  <IP_ORG>SKY BROADBAND</IP_ORG>
  <WARNING_COUNT>0</WARNING_COUNT>
</RESPONSE>

2014-12-09T07:14:23Z
RequestParameter:  billNo: 20141209141265 | startTime:2014-12-09 07:14:23

2014-12-09T07:14:23Z
Array
(
    [MODE] => Q
    [FRMT] => XML
    [VERS] => 0600
    [MERC] => 680000
    [SESS] => c0jin7jg18i5hk4q18bc5vplr2
    [ORDR] => 20141209141265
    [CURR] => PHP
    [PENC] => KHASH
    [PTYP] => CARD
    [PTOK] => 530970VDEX2DJE3AWXMP
    [IPAD] => 119.81.70.162
    [MACK] => Y
    [PROD_DESC[0]] => Test
    [PROD_TYPE[0]] => 1
    [PROD_ITEM[0]] => TV
    [PROD_QUANT[0]] => 1
    [PROD_PRICE[0]] => 1000
    [TOTL] => 1000
    [SITE] => VERT999
    [UDF[MERCHANT_ID]] => 10001MERPBNMER2
    [NAME] => Test Name
    [B2A1] => address
    [B2CC] => PH
    [B2CI] => city
    [B2PC] => 12345
    [B2PN] => 123456789
    [B2ST] => state
    [S2A1] => 
    [S2CC] => 
    [S2CI] => 
    [S2EM] => 
    [S2NM] =>  
    [S2PC] => 
    [S2PN] => 
    [S2ST] => 
    [SHTP] => 
    [CASH] => 10
    [DOB] => 1980-03-10
    [GENDER] => M
    [EMAL] => test@yahoo.com
)


2014-12-09T07:14:26Z
ResponseParameter:  billNo: 20141209141265 | endTime:2014-12-09 07:14:26

2014-12-09T07:14:26Z
<?xml version="1.0" encoding="UTF-8"?>
<RESPONSE>
  <VERS>0600</VERS>
  <MODE>Q</MODE>
  <TRAN>3SZ808RPVVTH</TRAN>
  <MERC>680000</MERC>
  <SESS>c0jin7jg18i5hk4q18bc5vplr2</SESS>
  <ORDR>20141209141265</ORDR>
  <AUTO>A</AUTO>
  <SCOR>36</SCOR>
  <GEOX>PH</GEOX>
  <BRND>MSTR</BRND>
  <REGN></REGN>
  <NETW>N</NETW>
  <KAPT>Y</KAPT>
  <CARDS>1</CARDS>
  <DEVICES>1</DEVICES>
  <EMAILS>1</EMAILS>
  <VELO>0</VELO>
  <VMAX>0</VMAX>
  <SITE>VERT999</SITE>
  <DEVICE_LAYERS>1E46F64B89.00F5EDCB55.1C2CDBD759.A80EBD4F24.A10F7C7C02</DEVICE_LAYERS>
  <FINGERPRINT>7E1A70DCF0FFED5F486420822C1CDBAD</FINGERPRINT>
  <TIMEZONE>960</TIMEZONE>
  <LOCALTIME>2014-12-09 15:14</LOCALTIME>
  <REGION></REGION>
  <COUNTRY>PH</COUNTRY>
  <PROXY>N</PROXY>
  <JAVASCRIPT>Y</JAVASCRIPT>
  <FLASH>Y</FLASH>
  <COOKIES>Y</COOKIES>
  <HTTP_COUNTRY>US</HTTP_COUNTRY>
  <LANGUAGE>EN</LANGUAGE>
  <MOBILE_DEVICE>N</MOBILE_DEVICE>
  <MOBILE_TYPE></MOBILE_TYPE>
  <MOBILE_FORWARDER>N</MOBILE_FORWARDER>
  <VOICE_DEVICE>N</VOICE_DEVICE>
  <PC_REMOTE>N</PC_REMOTE>
  <RULES_TRIGGERED>3</RULES_TRIGGERED>
  <RULE_ID_0>772996</RULE_ID_0>
  <RULE_DESCRIPTION_0>GEO BIN and Device Country not equal (1pt)</RULE_DESCRIPTION_0>
  <RULE_ID_1>772998</RULE_ID_1>
  <RULE_DESCRIPTION_1>GEO Billing &lt;&gt; BIN Country (1pt)</RULE_DESCRIPTION_1>
  <RULE_ID_2>773002</RULE_ID_2>
  <RULE_DESCRIPTION_2>FRAUD_SCRD GEO Counter Triggered (5pts)</RULE_DESCRIPTION_2>
  <COUNTERS_TRIGGERED>2</COUNTERS_TRIGGERED>
  <COUNTER_NAME_0>GEO</COUNTER_NAME_0>
  <COUNTER_VALUE_0>2</COUNTER_VALUE_0>
  <COUNTER_NAME_1>FRAUD_SCRD</COUNTER_NAME_1>
  <COUNTER_VALUE_1>5</COUNTER_VALUE_1>
  <REASON_CODE></REASON_CODE>
  <MASTERCARD></MASTERCARD>
  <DDFS>2014-12-01</DDFS>
  <DSR>768x1366</DSR>
  <UAS>Mozilla/5.0 (Windows NT 6.3; WOW64) AppleWebKit/537.36 (KHTML, like Gecko) Chrome/39.0.2171.71 Safari/537.36</UAS>
  <BROWSER>Chrome 39.0.2171.71</BROWSER>
  <OS>Windows 8.1</OS>
  <PIP_IPAD></PIP_IPAD>
  <PIP_LAT></PIP_LAT>
  <PIP_LON></PIP_LON>
  <PIP_COUNTRY></PIP_COUNTRY>
  <PIP_REGION></PIP_REGION>
  <PIP_CITY></PIP_CITY>
  <PIP_ORG></PIP_ORG>
  <IP_IPAD>114.108.239.103</IP_IPAD>
  <IP_LAT>14.5833</IP_LAT>
  <IP_LON>120.9667</IP_LON>
  <IP_COUNTRY>PH</IP_COUNTRY>
  <IP_REGION>UNKNOWN</IP_REGION>
  <IP_CITY></IP_CITY>
  <IP_ORG>SKY BROADBAND</IP_ORG>
  <WARNING_COUNT>0</WARNING_COUNT>
</RESPONSE>

2014-12-09T07:15:46Z
RequestParameter:  billNo: 20141209141266 | startTime:2014-12-09 07:15:46

2014-12-09T07:15:46Z
Array
(
    [MODE] => Q
    [FRMT] => XML
    [VERS] => 0600
    [MERC] => 680000
    [SESS] => c0jin7jg18i5hk4q18bc5vplr2
    [ORDR] => 20141209141266
    [CURR] => PHP
    [PENC] => KHASH
    [PTYP] => CARD
    [PTOK] => 530970VDEX2DJE3AWXMP
    [IPAD] => 119.81.70.162
    [MACK] => Y
    [PROD_DESC[0]] => Test
    [PROD_TYPE[0]] => 1
    [PROD_ITEM[0]] => TV
    [PROD_QUANT[0]] => 1
    [PROD_PRICE[0]] => 1000
    [TOTL] => 1000
    [SITE] => VERT999
    [UDF[MERCHANT_ID]] => 10001MERPBNMER1
    [NAME] => Test Name
    [B2A1] => address
    [B2CC] => PH
    [B2CI] => city
    [B2PC] => 12345
    [B2PN] => 123456789
    [B2ST] => state
    [S2A1] => 
    [S2CC] => 
    [S2CI] => 
    [S2EM] => 
    [S2NM] =>  
    [S2PC] => 
    [S2PN] => 
    [S2ST] => 
    [SHTP] => 
    [CASH] => 10
    [DOB] => 1980-03-10
    [GENDER] => M
    [EMAL] => test@yahoo.com
)


2014-12-09T07:15:48Z
ResponseParameter:  billNo: 20141209141266 | endTime:2014-12-09 07:15:48

2014-12-09T07:15:48Z
<?xml version="1.0" encoding="UTF-8"?>
<RESPONSE>
  <VERS>0600</VERS>
  <MODE>Q</MODE>
  <TRAN>3SZ80GHS3PW5</TRAN>
  <MERC>680000</MERC>
  <SESS>c0jin7jg18i5hk4q18bc5vplr2</SESS>
  <ORDR>20141209141266</ORDR>
  <AUTO>A</AUTO>
  <SCOR>36</SCOR>
  <GEOX>PH</GEOX>
  <BRND>MSTR</BRND>
  <REGN></REGN>
  <NETW>N</NETW>
  <KAPT>Y</KAPT>
  <CARDS>1</CARDS>
  <DEVICES>1</DEVICES>
  <EMAILS>1</EMAILS>
  <VELO>0</VELO>
  <VMAX>0</VMAX>
  <SITE>VERT999</SITE>
  <DEVICE_LAYERS>1E46F64B89.00F5EDCB55.1C2CDBD759.A80EBD4F24.A10F7C7C02</DEVICE_LAYERS>
  <FINGERPRINT>7E1A70DCF0FFED5F486420822C1CDBAD</FINGERPRINT>
  <TIMEZONE>960</TIMEZONE>
  <LOCALTIME>2014-12-09 15:15</LOCALTIME>
  <REGION></REGION>
  <COUNTRY>PH</COUNTRY>
  <PROXY>N</PROXY>
  <JAVASCRIPT>Y</JAVASCRIPT>
  <FLASH>Y</FLASH>
  <COOKIES>Y</COOKIES>
  <HTTP_COUNTRY>US</HTTP_COUNTRY>
  <LANGUAGE>EN</LANGUAGE>
  <MOBILE_DEVICE>N</MOBILE_DEVICE>
  <MOBILE_TYPE></MOBILE_TYPE>
  <MOBILE_FORWARDER>N</MOBILE_FORWARDER>
  <VOICE_DEVICE>N</VOICE_DEVICE>
  <PC_REMOTE>N</PC_REMOTE>
  <RULES_TRIGGERED>3</RULES_TRIGGERED>
  <RULE_ID_0>772996</RULE_ID_0>
  <RULE_DESCRIPTION_0>GEO BIN and Device Country not equal (1pt)</RULE_DESCRIPTION_0>
  <RULE_ID_1>772998</RULE_ID_1>
  <RULE_DESCRIPTION_1>GEO Billing &lt;&gt; BIN Country (1pt)</RULE_DESCRIPTION_1>
  <RULE_ID_2>773002</RULE_ID_2>
  <RULE_DESCRIPTION_2>FRAUD_SCRD GEO Counter Triggered (5pts)</RULE_DESCRIPTION_2>
  <COUNTERS_TRIGGERED>2</COUNTERS_TRIGGERED>
  <COUNTER_NAME_0>GEO</COUNTER_NAME_0>
  <COUNTER_VALUE_0>2</COUNTER_VALUE_0>
  <COUNTER_NAME_1>FRAUD_SCRD</COUNTER_NAME_1>
  <COUNTER_VALUE_1>5</COUNTER_VALUE_1>
  <REASON_CODE></REASON_CODE>
  <MASTERCARD></MASTERCARD>
  <DDFS>2014-12-01</DDFS>
  <DSR>768x1366</DSR>
  <UAS>Mozilla/5.0 (Windows NT 6.3; WOW64) AppleWebKit/537.36 (KHTML, like Gecko) Chrome/39.0.2171.71 Safari/537.36</UAS>
  <BROWSER>Chrome 39.0.2171.71</BROWSER>
  <OS>Windows 8.1</OS>
  <PIP_IPAD></PIP_IPAD>
  <PIP_LAT></PIP_LAT>
  <PIP_LON></PIP_LON>
  <PIP_COUNTRY></PIP_COUNTRY>
  <PIP_REGION></PIP_REGION>
  <PIP_CITY></PIP_CITY>
  <PIP_ORG></PIP_ORG>
  <IP_IPAD>114.108.239.103</IP_IPAD>
  <IP_LAT>14.5833</IP_LAT>
  <IP_LON>120.9667</IP_LON>
  <IP_COUNTRY>PH</IP_COUNTRY>
  <IP_REGION>UNKNOWN</IP_REGION>
  <IP_CITY></IP_CITY>
  <IP_ORG>SKY BROADBAND</IP_ORG>
  <WARNING_COUNT>0</WARNING_COUNT>
</RESPONSE>

2014-12-09T08:57:00Z
RequestParameter:  billNo: 20141209141271 | startTime:2014-12-09 08:57:00

2014-12-09T08:57:00Z
Array
(
    [MODE] => Q
    [FRMT] => XML
    [VERS] => 0600
    [MERC] => 680000
    [SESS] => c0jin7jg18i5hk4q18bc5vplr2
    [ORDR] => 20141209141271
    [CURR] => PHP
    [PENC] => KHASH
    [PTYP] => CARD
    [PTOK] => 530970VDEX2DJE3AWXMP
    [IPAD] => 119.81.70.162
    [MACK] => Y
    [PROD_DESC[0]] => Test
    [PROD_TYPE[0]] => 1
    [PROD_ITEM[0]] => TV
    [PROD_QUANT[0]] => 1
    [PROD_PRICE[0]] => 1000
    [TOTL] => 1000
    [SITE] => VERT999
    [UDF[MERCHANT_ID]] => PSIMERCH1
    [NAME] => Test Name
    [B2A1] => address
    [B2CC] => PH
    [B2CI] => city
    [B2PC] => 12345
    [B2PN] => 123456789
    [B2ST] => state
    [S2A1] => 
    [S2CC] => 
    [S2CI] => 
    [S2EM] => 
    [S2NM] =>  
    [S2PC] => 
    [S2PN] => 
    [S2ST] => 
    [SHTP] => 
    [CASH] => 10
    [DOB] => 1980-03-10
    [GENDER] => M
    [EMAL] => test@yahoo.com
)


2014-12-09T08:57:02Z
ResponseParameter:  billNo: 20141209141271 | endTime:2014-12-09 08:57:02

2014-12-09T08:57:02Z
<?xml version="1.0" encoding="UTF-8"?>
<RESPONSE>
  <VERS>0600</VERS>
  <MODE>Q</MODE>
  <TRAN>3SZ60PJVX6G3</TRAN>
  <MERC>680000</MERC>
  <SESS>c0jin7jg18i5hk4q18bc5vplr2</SESS>
  <ORDR>20141209141271</ORDR>
  <AUTO>A</AUTO>
  <SCOR>36</SCOR>
  <GEOX>PH</GEOX>
  <BRND>MSTR</BRND>
  <REGN></REGN>
  <NETW>N</NETW>
  <KAPT>Y</KAPT>
  <CARDS>1</CARDS>
  <DEVICES>1</DEVICES>
  <EMAILS>1</EMAILS>
  <VELO>0</VELO>
  <VMAX>0</VMAX>
  <SITE>VERT999</SITE>
  <DEVICE_LAYERS>1E46F64B89.00F5EDCB55.1C2CDBD759.A80EBD4F24.A10F7C7C02</DEVICE_LAYERS>
  <FINGERPRINT>7E1A70DCF0FFED5F486420822C1CDBAD</FINGERPRINT>
  <TIMEZONE>960</TIMEZONE>
  <LOCALTIME>2014-12-09 16:57</LOCALTIME>
  <REGION></REGION>
  <COUNTRY>PH</COUNTRY>
  <PROXY>N</PROXY>
  <JAVASCRIPT>Y</JAVASCRIPT>
  <FLASH>Y</FLASH>
  <COOKIES>Y</COOKIES>
  <HTTP_COUNTRY>US</HTTP_COUNTRY>
  <LANGUAGE>EN</LANGUAGE>
  <MOBILE_DEVICE>N</MOBILE_DEVICE>
  <MOBILE_TYPE></MOBILE_TYPE>
  <MOBILE_FORWARDER>N</MOBILE_FORWARDER>
  <VOICE_DEVICE>N</VOICE_DEVICE>
  <PC_REMOTE>N</PC_REMOTE>
  <RULES_TRIGGERED>3</RULES_TRIGGERED>
  <RULE_ID_0>772996</RULE_ID_0>
  <RULE_DESCRIPTION_0>GEO BIN and Device Country not equal (1pt)</RULE_DESCRIPTION_0>
  <RULE_ID_1>772998</RULE_ID_1>
  <RULE_DESCRIPTION_1>GEO Billing &lt;&gt; BIN Country (1pt)</RULE_DESCRIPTION_1>
  <RULE_ID_2>773002</RULE_ID_2>
  <RULE_DESCRIPTION_2>FRAUD_SCRD GEO Counter Triggered (5pts)</RULE_DESCRIPTION_2>
  <COUNTERS_TRIGGERED>2</COUNTERS_TRIGGERED>
  <COUNTER_NAME_0>GEO</COUNTER_NAME_0>
  <COUNTER_VALUE_0>2</COUNTER_VALUE_0>
  <COUNTER_NAME_1>FRAUD_SCRD</COUNTER_NAME_1>
  <COUNTER_VALUE_1>5</COUNTER_VALUE_1>
  <REASON_CODE></REASON_CODE>
  <MASTERCARD></MASTERCARD>
  <DDFS>2014-12-01</DDFS>
  <DSR>768x1366</DSR>
  <UAS>Mozilla/5.0 (Windows NT 6.3; WOW64) AppleWebKit/537.36 (KHTML, like Gecko) Chrome/39.0.2171.71 Safari/537.36</UAS>
  <BROWSER>Chrome 39.0.2171.71</BROWSER>
  <OS>Windows 8.1</OS>
  <PIP_IPAD></PIP_IPAD>
  <PIP_LAT></PIP_LAT>
  <PIP_LON></PIP_LON>
  <PIP_COUNTRY></PIP_COUNTRY>
  <PIP_REGION></PIP_REGION>
  <PIP_CITY></PIP_CITY>
  <PIP_ORG></PIP_ORG>
  <IP_IPAD>114.108.239.103</IP_IPAD>
  <IP_LAT>14.5833</IP_LAT>
  <IP_LON>120.9667</IP_LON>
  <IP_COUNTRY>PH</IP_COUNTRY>
  <IP_REGION>UNKNOWN</IP_REGION>
  <IP_CITY></IP_CITY>
  <IP_ORG>SKY BROADBAND</IP_ORG>
  <WARNING_COUNT>0</WARNING_COUNT>
</RESPONSE>

2014-12-09T08:57:38Z
RequestParameter:  billNo: 20141209141272 | startTime:2014-12-09 08:57:38

2014-12-09T08:57:38Z
Array
(
    [MODE] => Q
    [FRMT] => XML
    [VERS] => 0600
    [MERC] => 680000
    [SESS] => c0jin7jg18i5hk4q18bc5vplr2
    [ORDR] => 20141209141272
    [CURR] => PHP
    [PENC] => KHASH
    [PTYP] => CARD
    [PTOK] => 530970VDEX2DJE3AWXMP
    [IPAD] => 119.81.70.162
    [MACK] => Y
    [PROD_DESC[0]] => Test
    [PROD_TYPE[0]] => 1
    [PROD_ITEM[0]] => TV
    [PROD_QUANT[0]] => 1
    [PROD_PRICE[0]] => 1000
    [TOTL] => 1000
    [SITE] => VERT999
    [UDF[MERCHANT_ID]] => PSIMERCH1
    [NAME] => Test Name
    [B2A1] => address
    [B2CC] => PH
    [B2CI] => city
    [B2PC] => 12345
    [B2PN] => 123456789
    [B2ST] => state
    [S2A1] => 
    [S2CC] => 
    [S2CI] => 
    [S2EM] => 
    [S2NM] =>  
    [S2PC] => 
    [S2PN] => 
    [S2ST] => 
    [SHTP] => 
    [CASH] => 10
    [DOB] => 1980-03-10
    [GENDER] => M
    [EMAL] => test@yahoo.com
)


2014-12-09T08:57:41Z
ResponseParameter:  billNo: 20141209141272 | endTime:2014-12-09 08:57:41

2014-12-09T08:57:41Z
<?xml version="1.0" encoding="UTF-8"?>
<RESPONSE>
  <VERS>0600</VERS>
  <MODE>Q</MODE>
  <TRAN>3SZ60KVQDZJC</TRAN>
  <MERC>680000</MERC>
  <SESS>c0jin7jg18i5hk4q18bc5vplr2</SESS>
  <ORDR>20141209141272</ORDR>
  <AUTO>A</AUTO>
  <SCOR>36</SCOR>
  <GEOX>PH</GEOX>
  <BRND>MSTR</BRND>
  <REGN></REGN>
  <NETW>N</NETW>
  <KAPT>Y</KAPT>
  <CARDS>1</CARDS>
  <DEVICES>1</DEVICES>
  <EMAILS>1</EMAILS>
  <VELO>0</VELO>
  <VMAX>0</VMAX>
  <SITE>VERT999</SITE>
  <DEVICE_LAYERS>1E46F64B89.00F5EDCB55.1C2CDBD759.A80EBD4F24.A10F7C7C02</DEVICE_LAYERS>
  <FINGERPRINT>7E1A70DCF0FFED5F486420822C1CDBAD</FINGERPRINT>
  <TIMEZONE>960</TIMEZONE>
  <LOCALTIME>2014-12-09 16:57</LOCALTIME>
  <REGION></REGION>
  <COUNTRY>PH</COUNTRY>
  <PROXY>N</PROXY>
  <JAVASCRIPT>Y</JAVASCRIPT>
  <FLASH>Y</FLASH>
  <COOKIES>Y</COOKIES>
  <HTTP_COUNTRY>US</HTTP_COUNTRY>
  <LANGUAGE>EN</LANGUAGE>
  <MOBILE_DEVICE>N</MOBILE_DEVICE>
  <MOBILE_TYPE></MOBILE_TYPE>
  <MOBILE_FORWARDER>N</MOBILE_FORWARDER>
  <VOICE_DEVICE>N</VOICE_DEVICE>
  <PC_REMOTE>N</PC_REMOTE>
  <RULES_TRIGGERED>3</RULES_TRIGGERED>
  <RULE_ID_0>772996</RULE_ID_0>
  <RULE_DESCRIPTION_0>GEO BIN and Device Country not equal (1pt)</RULE_DESCRIPTION_0>
  <RULE_ID_1>772998</RULE_ID_1>
  <RULE_DESCRIPTION_1>GEO Billing &lt;&gt; BIN Country (1pt)</RULE_DESCRIPTION_1>
  <RULE_ID_2>773002</RULE_ID_2>
  <RULE_DESCRIPTION_2>FRAUD_SCRD GEO Counter Triggered (5pts)</RULE_DESCRIPTION_2>
  <COUNTERS_TRIGGERED>2</COUNTERS_TRIGGERED>
  <COUNTER_NAME_0>GEO</COUNTER_NAME_0>
  <COUNTER_VALUE_0>2</COUNTER_VALUE_0>
  <COUNTER_NAME_1>FRAUD_SCRD</COUNTER_NAME_1>
  <COUNTER_VALUE_1>5</COUNTER_VALUE_1>
  <REASON_CODE></REASON_CODE>
  <MASTERCARD></MASTERCARD>
  <DDFS>2014-12-01</DDFS>
  <DSR>768x1366</DSR>
  <UAS>Mozilla/5.0 (Windows NT 6.3; WOW64) AppleWebKit/537.36 (KHTML, like Gecko) Chrome/39.0.2171.71 Safari/537.36</UAS>
  <BROWSER>Chrome 39.0.2171.71</BROWSER>
  <OS>Windows 8.1</OS>
  <PIP_IPAD></PIP_IPAD>
  <PIP_LAT></PIP_LAT>
  <PIP_LON></PIP_LON>
  <PIP_COUNTRY></PIP_COUNTRY>
  <PIP_REGION></PIP_REGION>
  <PIP_CITY></PIP_CITY>
  <PIP_ORG></PIP_ORG>
  <IP_IPAD>114.108.239.103</IP_IPAD>
  <IP_LAT>14.5833</IP_LAT>
  <IP_LON>120.9667</IP_LON>
  <IP_COUNTRY>PH</IP_COUNTRY>
  <IP_REGION>UNKNOWN</IP_REGION>
  <IP_CITY></IP_CITY>
  <IP_ORG>SKY BROADBAND</IP_ORG>
  <WARNING_COUNT>0</WARNING_COUNT>
</RESPONSE>

2014-12-09T08:59:11Z
RequestParameter:  billNo: 20141209141273 | startTime:2014-12-09 08:59:11

2014-12-09T08:59:11Z
Array
(
    [MODE] => Q
    [FRMT] => XML
    [VERS] => 0600
    [MERC] => 680000
    [SESS] => c0jin7jg18i5hk4q18bc5vplr2
    [ORDR] => 20141209141273
    [CURR] => PHP
    [PENC] => KHASH
    [PTYP] => CARD
    [PTOK] => 530970VDEX2DJE3AWXMP
    [IPAD] => 119.81.70.162
    [MACK] => Y
    [PROD_DESC[0]] => Test
    [PROD_TYPE[0]] => 1
    [PROD_ITEM[0]] => TV
    [PROD_QUANT[0]] => 1
    [PROD_PRICE[0]] => 2000
    [TOTL] => 2000
    [SITE] => VERT999
    [UDF[MERCHANT_ID]] => PSIMERCH1
    [NAME] => Test Name
    [B2A1] => address
    [B2CC] => PH
    [B2CI] => city
    [B2PC] => 12345
    [B2PN] => 123456789
    [B2ST] => state
    [S2A1] => 
    [S2CC] => 
    [S2CI] => 
    [S2EM] => 
    [S2NM] =>  
    [S2PC] => 
    [S2PN] => 
    [S2ST] => 
    [SHTP] => 
    [CASH] => 20
    [DOB] => 1980-03-10
    [GENDER] => M
    [EMAL] => test@yahoo.com
)


2014-12-09T08:59:13Z
ResponseParameter:  billNo: 20141209141273 | endTime:2014-12-09 08:59:13

2014-12-09T08:59:13Z
<?xml version="1.0" encoding="UTF-8"?>
<RESPONSE>
  <VERS>0600</VERS>
  <MODE>Q</MODE>
  <TRAN>3SZ60VWGXYQZ</TRAN>
  <MERC>680000</MERC>
  <SESS>c0jin7jg18i5hk4q18bc5vplr2</SESS>
  <ORDR>20141209141273</ORDR>
  <AUTO>A</AUTO>
  <SCOR>36</SCOR>
  <GEOX>PH</GEOX>
  <BRND>MSTR</BRND>
  <REGN></REGN>
  <NETW>N</NETW>
  <KAPT>Y</KAPT>
  <CARDS>1</CARDS>
  <DEVICES>1</DEVICES>
  <EMAILS>1</EMAILS>
  <VELO>0</VELO>
  <VMAX>0</VMAX>
  <SITE>VERT999</SITE>
  <DEVICE_LAYERS>1E46F64B89.00F5EDCB55.1C2CDBD759.A80EBD4F24.A10F7C7C02</DEVICE_LAYERS>
  <FINGERPRINT>7E1A70DCF0FFED5F486420822C1CDBAD</FINGERPRINT>
  <TIMEZONE>960</TIMEZONE>
  <LOCALTIME>2014-12-09 16:59</LOCALTIME>
  <REGION></REGION>
  <COUNTRY>PH</COUNTRY>
  <PROXY>N</PROXY>
  <JAVASCRIPT>Y</JAVASCRIPT>
  <FLASH>Y</FLASH>
  <COOKIES>Y</COOKIES>
  <HTTP_COUNTRY>US</HTTP_COUNTRY>
  <LANGUAGE>EN</LANGUAGE>
  <MOBILE_DEVICE>N</MOBILE_DEVICE>
  <MOBILE_TYPE></MOBILE_TYPE>
  <MOBILE_FORWARDER>N</MOBILE_FORWARDER>
  <VOICE_DEVICE>N</VOICE_DEVICE>
  <PC_REMOTE>N</PC_REMOTE>
  <RULES_TRIGGERED>3</RULES_TRIGGERED>
  <RULE_ID_0>772996</RULE_ID_0>
  <RULE_DESCRIPTION_0>GEO BIN and Device Country not equal (1pt)</RULE_DESCRIPTION_0>
  <RULE_ID_1>772998</RULE_ID_1>
  <RULE_DESCRIPTION_1>GEO Billing &lt;&gt; BIN Country (1pt)</RULE_DESCRIPTION_1>
  <RULE_ID_2>773002</RULE_ID_2>
  <RULE_DESCRIPTION_2>FRAUD_SCRD GEO Counter Triggered (5pts)</RULE_DESCRIPTION_2>
  <COUNTERS_TRIGGERED>2</COUNTERS_TRIGGERED>
  <COUNTER_NAME_0>GEO</COUNTER_NAME_0>
  <COUNTER_VALUE_0>2</COUNTER_VALUE_0>
  <COUNTER_NAME_1>FRAUD_SCRD</COUNTER_NAME_1>
  <COUNTER_VALUE_1>5</COUNTER_VALUE_1>
  <REASON_CODE></REASON_CODE>
  <MASTERCARD></MASTERCARD>
  <DDFS>2014-12-01</DDFS>
  <DSR>768x1366</DSR>
  <UAS>Mozilla/5.0 (Windows NT 6.3; WOW64) AppleWebKit/537.36 (KHTML, like Gecko) Chrome/39.0.2171.71 Safari/537.36</UAS>
  <BROWSER>Chrome 39.0.2171.71</BROWSER>
  <OS>Windows 8.1</OS>
  <PIP_IPAD></PIP_IPAD>
  <PIP_LAT></PIP_LAT>
  <PIP_LON></PIP_LON>
  <PIP_COUNTRY></PIP_COUNTRY>
  <PIP_REGION></PIP_REGION>
  <PIP_CITY></PIP_CITY>
  <PIP_ORG></PIP_ORG>
  <IP_IPAD>114.108.239.103</IP_IPAD>
  <IP_LAT>14.5833</IP_LAT>
  <IP_LON>120.9667</IP_LON>
  <IP_COUNTRY>PH</IP_COUNTRY>
  <IP_REGION>UNKNOWN</IP_REGION>
  <IP_CITY></IP_CITY>
  <IP_ORG>SKY BROADBAND</IP_ORG>
  <WARNING_COUNT>0</WARNING_COUNT>
</RESPONSE>

2014-12-09T09:00:06Z
RequestParameter:  billNo: 20141209141274 | startTime:2014-12-09 09:00:06

2014-12-09T09:00:06Z
Array
(
    [MODE] => Q
    [FRMT] => XML
    [VERS] => 0600
    [MERC] => 680000
    [SESS] => c0jin7jg18i5hk4q18bc5vplr2
    [ORDR] => 20141209141274
    [CURR] => PHP
    [PENC] => KHASH
    [PTYP] => CARD
    [PTOK] => 530970VDEX2DJE3AWXMP
    [IPAD] => 119.81.70.162
    [MACK] => Y
    [PROD_DESC[0]] => Test
    [PROD_TYPE[0]] => 1
    [PROD_ITEM[0]] => TV
    [PROD_QUANT[0]] => 1
    [PROD_PRICE[0]] => 2000
    [TOTL] => 2000
    [SITE] => VERT999
    [UDF[MERCHANT_ID]] => PSIMERCH1
    [NAME] => Test Name
    [B2A1] => address
    [B2CC] => PH
    [B2CI] => city
    [B2PC] => 12345
    [B2PN] => 123456789
    [B2ST] => state
    [S2A1] => 
    [S2CC] => 
    [S2CI] => 
    [S2EM] => 
    [S2NM] =>  
    [S2PC] => 
    [S2PN] => 
    [S2ST] => 
    [SHTP] => 
    [CASH] => 20
    [DOB] => 1980-03-10
    [GENDER] => M
    [EMAL] => test@yahoo.com
)


2014-12-09T09:00:10Z
ResponseParameter:  billNo: 20141209141274 | endTime:2014-12-09 09:00:10

2014-12-09T09:00:10Z
<?xml version="1.0" encoding="UTF-8"?>
<RESPONSE>
  <VERS>0600</VERS>
  <MODE>Q</MODE>
  <TRAN>3SZ10LLTX1ZG</TRAN>
  <MERC>680000</MERC>
  <SESS>c0jin7jg18i5hk4q18bc5vplr2</SESS>
  <ORDR>20141209141274</ORDR>
  <AUTO>A</AUTO>
  <SCOR>36</SCOR>
  <GEOX>PH</GEOX>
  <BRND>MSTR</BRND>
  <REGN></REGN>
  <NETW>N</NETW>
  <KAPT>Y</KAPT>
  <CARDS>1</CARDS>
  <DEVICES>1</DEVICES>
  <EMAILS>1</EMAILS>
  <VELO>0</VELO>
  <VMAX>0</VMAX>
  <SITE>VERT999</SITE>
  <DEVICE_LAYERS>1E46F64B89.00F5EDCB55.1C2CDBD759.A80EBD4F24.A10F7C7C02</DEVICE_LAYERS>
  <FINGERPRINT>7E1A70DCF0FFED5F486420822C1CDBAD</FINGERPRINT>
  <TIMEZONE>960</TIMEZONE>
  <LOCALTIME>2014-12-09 17:00</LOCALTIME>
  <REGION></REGION>
  <COUNTRY>PH</COUNTRY>
  <PROXY>N</PROXY>
  <JAVASCRIPT>Y</JAVASCRIPT>
  <FLASH>Y</FLASH>
  <COOKIES>Y</COOKIES>
  <HTTP_COUNTRY>US</HTTP_COUNTRY>
  <LANGUAGE>EN</LANGUAGE>
  <MOBILE_DEVICE>N</MOBILE_DEVICE>
  <MOBILE_TYPE></MOBILE_TYPE>
  <MOBILE_FORWARDER>N</MOBILE_FORWARDER>
  <VOICE_DEVICE>N</VOICE_DEVICE>
  <PC_REMOTE>N</PC_REMOTE>
  <RULES_TRIGGERED>3</RULES_TRIGGERED>
  <RULE_ID_0>772996</RULE_ID_0>
  <RULE_DESCRIPTION_0>GEO BIN and Device Country not equal (1pt)</RULE_DESCRIPTION_0>
  <RULE_ID_1>772998</RULE_ID_1>
  <RULE_DESCRIPTION_1>GEO Billing &lt;&gt; BIN Country (1pt)</RULE_DESCRIPTION_1>
  <RULE_ID_2>773002</RULE_ID_2>
  <RULE_DESCRIPTION_2>FRAUD_SCRD GEO Counter Triggered (5pts)</RULE_DESCRIPTION_2>
  <COUNTERS_TRIGGERED>2</COUNTERS_TRIGGERED>
  <COUNTER_NAME_0>GEO</COUNTER_NAME_0>
  <COUNTER_VALUE_0>2</COUNTER_VALUE_0>
  <COUNTER_NAME_1>FRAUD_SCRD</COUNTER_NAME_1>
  <COUNTER_VALUE_1>5</COUNTER_VALUE_1>
  <REASON_CODE></REASON_CODE>
  <MASTERCARD></MASTERCARD>
  <DDFS>2014-12-01</DDFS>
  <DSR>768x1366</DSR>
  <UAS>Mozilla/5.0 (Windows NT 6.3; WOW64) AppleWebKit/537.36 (KHTML, like Gecko) Chrome/39.0.2171.71 Safari/537.36</UAS>
  <BROWSER>Chrome 39.0.2171.71</BROWSER>
  <OS>Windows 8.1</OS>
  <PIP_IPAD></PIP_IPAD>
  <PIP_LAT></PIP_LAT>
  <PIP_LON></PIP_LON>
  <PIP_COUNTRY></PIP_COUNTRY>
  <PIP_REGION></PIP_REGION>
  <PIP_CITY></PIP_CITY>
  <PIP_ORG></PIP_ORG>
  <IP_IPAD>114.108.239.103</IP_IPAD>
  <IP_LAT>14.5833</IP_LAT>
  <IP_LON>120.9667</IP_LON>
  <IP_COUNTRY>PH</IP_COUNTRY>
  <IP_REGION>UNKNOWN</IP_REGION>
  <IP_CITY></IP_CITY>
  <IP_ORG>SKY BROADBAND</IP_ORG>
  <WARNING_COUNT>0</WARNING_COUNT>
</RESPONSE>

2014-12-09T09:06:58Z
RequestParameter:  billNo: 20141209141275 | startTime:2014-12-09 09:06:58

2014-12-09T09:06:58Z
Array
(
    [MODE] => Q
    [FRMT] => XML
    [VERS] => 0600
    [MERC] => 680000
    [SESS] => c0jin7jg18i5hk4q18bc5vplr2
    [ORDR] => 20141209141275
    [CURR] => PHP
    [PENC] => KHASH
    [PTYP] => CARD
    [PTOK] => 530970VDEX2DJE3AWXMP
    [IPAD] => 119.81.70.162
    [MACK] => Y
    [PROD_DESC[0]] => Test
    [PROD_TYPE[0]] => 1
    [PROD_ITEM[0]] => TV
    [PROD_QUANT[0]] => 1
    [PROD_PRICE[0]] => 2000
    [TOTL] => 2000
    [SITE] => VERT999
    [UDF[MERCHANT_ID]] => PSIMERCH1
    [NAME] => Test Name
    [B2A1] => address
    [B2CC] => PH
    [B2CI] => city
    [B2PC] => 12345
    [B2PN] => 123456789
    [B2ST] => state
    [S2A1] => 
    [S2CC] => 
    [S2CI] => 
    [S2EM] => 
    [S2NM] =>  
    [S2PC] => 
    [S2PN] => 
    [S2ST] => 
    [SHTP] => 
    [CASH] => 20
    [DOB] => 1980-03-10
    [GENDER] => M
    [EMAL] => test@yahoo.com
)


2014-12-09T09:07:03Z
ResponseParameter:  billNo: 20141209141275 | endTime:2014-12-09 09:07:03

2014-12-09T09:07:03Z
<?xml version="1.0" encoding="UTF-8"?>
<RESPONSE>
  <VERS>0600</VERS>
  <MODE>Q</MODE>
  <TRAN>3SZ10C244XXN</TRAN>
  <MERC>680000</MERC>
  <SESS>c0jin7jg18i5hk4q18bc5vplr2</SESS>
  <ORDR>20141209141275</ORDR>
  <AUTO>A</AUTO>
  <SCOR>36</SCOR>
  <GEOX>PH</GEOX>
  <BRND>MSTR</BRND>
  <REGN></REGN>
  <NETW>N</NETW>
  <KAPT>Y</KAPT>
  <CARDS>1</CARDS>
  <DEVICES>1</DEVICES>
  <EMAILS>1</EMAILS>
  <VELO>0</VELO>
  <VMAX>0</VMAX>
  <SITE>VERT999</SITE>
  <DEVICE_LAYERS>1E46F64B89.00F5EDCB55.1C2CDBD759.A80EBD4F24.A10F7C7C02</DEVICE_LAYERS>
  <FINGERPRINT>7E1A70DCF0FFED5F486420822C1CDBAD</FINGERPRINT>
  <TIMEZONE>960</TIMEZONE>
  <LOCALTIME>2014-12-09 17:07</LOCALTIME>
  <REGION></REGION>
  <COUNTRY>PH</COUNTRY>
  <PROXY>N</PROXY>
  <JAVASCRIPT>Y</JAVASCRIPT>
  <FLASH>Y</FLASH>
  <COOKIES>Y</COOKIES>
  <HTTP_COUNTRY>US</HTTP_COUNTRY>
  <LANGUAGE>EN</LANGUAGE>
  <MOBILE_DEVICE>N</MOBILE_DEVICE>
  <MOBILE_TYPE></MOBILE_TYPE>
  <MOBILE_FORWARDER>N</MOBILE_FORWARDER>
  <VOICE_DEVICE>N</VOICE_DEVICE>
  <PC_REMOTE>N</PC_REMOTE>
  <RULES_TRIGGERED>3</RULES_TRIGGERED>
  <RULE_ID_0>772996</RULE_ID_0>
  <RULE_DESCRIPTION_0>GEO BIN and Device Country not equal (1pt)</RULE_DESCRIPTION_0>
  <RULE_ID_1>772998</RULE_ID_1>
  <RULE_DESCRIPTION_1>GEO Billing &lt;&gt; BIN Country (1pt)</RULE_DESCRIPTION_1>
  <RULE_ID_2>773002</RULE_ID_2>
  <RULE_DESCRIPTION_2>FRAUD_SCRD GEO Counter Triggered (5pts)</RULE_DESCRIPTION_2>
  <COUNTERS_TRIGGERED>2</COUNTERS_TRIGGERED>
  <COUNTER_NAME_0>GEO</COUNTER_NAME_0>
  <COUNTER_VALUE_0>2</COUNTER_VALUE_0>
  <COUNTER_NAME_1>FRAUD_SCRD</COUNTER_NAME_1>
  <COUNTER_VALUE_1>5</COUNTER_VALUE_1>
  <REASON_CODE></REASON_CODE>
  <MASTERCARD></MASTERCARD>
  <DDFS>2014-12-01</DDFS>
  <DSR>768x1366</DSR>
  <UAS>Mozilla/5.0 (Windows NT 6.3; WOW64) AppleWebKit/537.36 (KHTML, like Gecko) Chrome/39.0.2171.71 Safari/537.36</UAS>
  <BROWSER>Chrome 39.0.2171.71</BROWSER>
  <OS>Windows 8.1</OS>
  <PIP_IPAD></PIP_IPAD>
  <PIP_LAT></PIP_LAT>
  <PIP_LON></PIP_LON>
  <PIP_COUNTRY></PIP_COUNTRY>
  <PIP_REGION></PIP_REGION>
  <PIP_CITY></PIP_CITY>
  <PIP_ORG></PIP_ORG>
  <IP_IPAD>114.108.239.103</IP_IPAD>
  <IP_LAT>14.5833</IP_LAT>
  <IP_LON>120.9667</IP_LON>
  <IP_COUNTRY>PH</IP_COUNTRY>
  <IP_REGION>UNKNOWN</IP_REGION>
  <IP_CITY></IP_CITY>
  <IP_ORG>SKY BROADBAND</IP_ORG>
  <WARNING_COUNT>0</WARNING_COUNT>
</RESPONSE>

2014-12-09T09:09:09Z
RequestParameter:  billNo: 20141209141276 | startTime:2014-12-09 09:09:09

2014-12-09T09:09:09Z
Array
(
    [MODE] => Q
    [FRMT] => XML
    [VERS] => 0600
    [MERC] => 680000
    [SESS] => c0jin7jg18i5hk4q18bc5vplr2
    [ORDR] => 20141209141276
    [CURR] => PHP
    [PENC] => KHASH
    [PTYP] => CARD
    [PTOK] => 530970VDEX2DJE3AWXMP
    [IPAD] => 119.81.70.162
    [MACK] => Y
    [PROD_DESC[0]] => Test
    [PROD_TYPE[0]] => 1
    [PROD_ITEM[0]] => TV
    [PROD_QUANT[0]] => 1
    [PROD_PRICE[0]] => 2000
    [TOTL] => 2000
    [SITE] => VERT999
    [UDF[MERCHANT_ID]] => PSIMERCH1
    [NAME] => Test Name
    [B2A1] => address
    [B2CC] => PH
    [B2CI] => city
    [B2PC] => 12345
    [B2PN] => 123456789
    [B2ST] => state
    [S2A1] => 
    [S2CC] => 
    [S2CI] => 
    [S2EM] => 
    [S2NM] =>  
    [S2PC] => 
    [S2PN] => 
    [S2ST] => 
    [SHTP] => 
    [CASH] => 20
    [DOB] => 1980-03-10
    [GENDER] => M
    [EMAL] => test@yahoo.com
)


2014-12-09T09:09:14Z
ResponseParameter:  billNo: 20141209141276 | endTime:2014-12-09 09:09:14

2014-12-09T09:09:14Z
<?xml version="1.0" encoding="UTF-8"?>
<RESPONSE>
  <VERS>0600</VERS>
  <MODE>Q</MODE>
  <TRAN>3SZ10S5YBB50</TRAN>
  <MERC>680000</MERC>
  <SESS>c0jin7jg18i5hk4q18bc5vplr2</SESS>
  <ORDR>20141209141276</ORDR>
  <AUTO>A</AUTO>
  <SCOR>36</SCOR>
  <GEOX>PH</GEOX>
  <BRND>MSTR</BRND>
  <REGN></REGN>
  <NETW>N</NETW>
  <KAPT>Y</KAPT>
  <CARDS>1</CARDS>
  <DEVICES>1</DEVICES>
  <EMAILS>1</EMAILS>
  <VELO>0</VELO>
  <VMAX>0</VMAX>
  <SITE>VERT999</SITE>
  <DEVICE_LAYERS>1E46F64B89.00F5EDCB55.1C2CDBD759.A80EBD4F24.A10F7C7C02</DEVICE_LAYERS>
  <FINGERPRINT>7E1A70DCF0FFED5F486420822C1CDBAD</FINGERPRINT>
  <TIMEZONE>960</TIMEZONE>
  <LOCALTIME>2014-12-09 17:09</LOCALTIME>
  <REGION></REGION>
  <COUNTRY>PH</COUNTRY>
  <PROXY>N</PROXY>
  <JAVASCRIPT>Y</JAVASCRIPT>
  <FLASH>Y</FLASH>
  <COOKIES>Y</COOKIES>
  <HTTP_COUNTRY>US</HTTP_COUNTRY>
  <LANGUAGE>EN</LANGUAGE>
  <MOBILE_DEVICE>N</MOBILE_DEVICE>
  <MOBILE_TYPE></MOBILE_TYPE>
  <MOBILE_FORWARDER>N</MOBILE_FORWARDER>
  <VOICE_DEVICE>N</VOICE_DEVICE>
  <PC_REMOTE>N</PC_REMOTE>
  <RULES_TRIGGERED>3</RULES_TRIGGERED>
  <RULE_ID_0>772996</RULE_ID_0>
  <RULE_DESCRIPTION_0>GEO BIN and Device Country not equal (1pt)</RULE_DESCRIPTION_0>
  <RULE_ID_1>772998</RULE_ID_1>
  <RULE_DESCRIPTION_1>GEO Billing &lt;&gt; BIN Country (1pt)</RULE_DESCRIPTION_1>
  <RULE_ID_2>773002</RULE_ID_2>
  <RULE_DESCRIPTION_2>FRAUD_SCRD GEO Counter Triggered (5pts)</RULE_DESCRIPTION_2>
  <COUNTERS_TRIGGERED>2</COUNTERS_TRIGGERED>
  <COUNTER_NAME_0>GEO</COUNTER_NAME_0>
  <COUNTER_VALUE_0>2</COUNTER_VALUE_0>
  <COUNTER_NAME_1>FRAUD_SCRD</COUNTER_NAME_1>
  <COUNTER_VALUE_1>5</COUNTER_VALUE_1>
  <REASON_CODE></REASON_CODE>
  <MASTERCARD></MASTERCARD>
  <DDFS>2014-12-01</DDFS>
  <DSR>768x1366</DSR>
  <UAS>Mozilla/5.0 (Windows NT 6.3; WOW64) AppleWebKit/537.36 (KHTML, like Gecko) Chrome/39.0.2171.71 Safari/537.36</UAS>
  <BROWSER>Chrome 39.0.2171.71</BROWSER>
  <OS>Windows 8.1</OS>
  <PIP_IPAD></PIP_IPAD>
  <PIP_LAT></PIP_LAT>
  <PIP_LON></PIP_LON>
  <PIP_COUNTRY></PIP_COUNTRY>
  <PIP_REGION></PIP_REGION>
  <PIP_CITY></PIP_CITY>
  <PIP_ORG></PIP_ORG>
  <IP_IPAD>114.108.239.103</IP_IPAD>
  <IP_LAT>14.5833</IP_LAT>
  <IP_LON>120.9667</IP_LON>
  <IP_COUNTRY>PH</IP_COUNTRY>
  <IP_REGION>UNKNOWN</IP_REGION>
  <IP_CITY></IP_CITY>
  <IP_ORG>SKY BROADBAND</IP_ORG>
  <WARNING_COUNT>0</WARNING_COUNT>
</RESPONSE>

2014-12-09T09:23:18Z
RequestParameter:  billNo: 20141209141277 | startTime:2014-12-09 09:23:18

2014-12-09T09:23:18Z
Array
(
    [MODE] => Q
    [FRMT] => XML
    [VERS] => 0600
    [MERC] => 680000
    [SESS] => c0jin7jg18i5hk4q18bc5vplr2
    [ORDR] => 20141209141277
    [CURR] => PHP
    [PENC] => KHASH
    [PTYP] => CARD
    [PTOK] => 530970VDEX2DJE3AWXMP
    [IPAD] => 119.81.70.162
    [MACK] => Y
    [PROD_DESC[0]] => Test
    [PROD_TYPE[0]] => 1
    [PROD_ITEM[0]] => TV
    [PROD_QUANT[0]] => 1
    [PROD_PRICE[0]] => 2000
    [TOTL] => 2000
    [SITE] => VERT999
    [UDF[MERCHANT_ID]] => PSIMERCH1
    [NAME] => Test Name
    [B2A1] => address
    [B2CC] => PH
    [B2CI] => city
    [B2PC] => 12345
    [B2PN] => 123456789
    [B2ST] => state
    [S2A1] => 
    [S2CC] => 
    [S2CI] => 
    [S2EM] => 
    [S2NM] =>  
    [S2PC] => 
    [S2PN] => 
    [S2ST] => 
    [SHTP] => 
    [CASH] => 20
    [DOB] => 1980-03-10
    [GENDER] => M
    [EMAL] => test@yahoo.com
)


2014-12-09T09:23:22Z
ResponseParameter:  billNo: 20141209141277 | endTime:2014-12-09 09:23:22

2014-12-09T09:23:22Z
<?xml version="1.0" encoding="UTF-8"?>
<RESPONSE>
  <VERS>0600</VERS>
  <MODE>Q</MODE>
  <TRAN>3SZ10SKQT8S9</TRAN>
  <MERC>680000</MERC>
  <SESS>c0jin7jg18i5hk4q18bc5vplr2</SESS>
  <ORDR>20141209141277</ORDR>
  <AUTO>A</AUTO>
  <SCOR>36</SCOR>
  <GEOX>PH</GEOX>
  <BRND>MSTR</BRND>
  <REGN></REGN>
  <NETW>N</NETW>
  <KAPT>Y</KAPT>
  <CARDS>1</CARDS>
  <DEVICES>1</DEVICES>
  <EMAILS>1</EMAILS>
  <VELO>0</VELO>
  <VMAX>0</VMAX>
  <SITE>VERT999</SITE>
  <DEVICE_LAYERS>1E46F64B89.00F5EDCB55.1C2CDBD759.A80EBD4F24.A10F7C7C02</DEVICE_LAYERS>
  <FINGERPRINT>7E1A70DCF0FFED5F486420822C1CDBAD</FINGERPRINT>
  <TIMEZONE>960</TIMEZONE>
  <LOCALTIME>2014-12-09 17:23</LOCALTIME>
  <REGION></REGION>
  <COUNTRY>PH</COUNTRY>
  <PROXY>N</PROXY>
  <JAVASCRIPT>Y</JAVASCRIPT>
  <FLASH>Y</FLASH>
  <COOKIES>Y</COOKIES>
  <HTTP_COUNTRY>US</HTTP_COUNTRY>
  <LANGUAGE>EN</LANGUAGE>
  <MOBILE_DEVICE>N</MOBILE_DEVICE>
  <MOBILE_TYPE></MOBILE_TYPE>
  <MOBILE_FORWARDER>N</MOBILE_FORWARDER>
  <VOICE_DEVICE>N</VOICE_DEVICE>
  <PC_REMOTE>N</PC_REMOTE>
  <RULES_TRIGGERED>3</RULES_TRIGGERED>
  <RULE_ID_0>772996</RULE_ID_0>
  <RULE_DESCRIPTION_0>GEO BIN and Device Country not equal (1pt)</RULE_DESCRIPTION_0>
  <RULE_ID_1>772998</RULE_ID_1>
  <RULE_DESCRIPTION_1>GEO Billing &lt;&gt; BIN Country (1pt)</RULE_DESCRIPTION_1>
  <RULE_ID_2>773002</RULE_ID_2>
  <RULE_DESCRIPTION_2>FRAUD_SCRD GEO Counter Triggered (5pts)</RULE_DESCRIPTION_2>
  <COUNTERS_TRIGGERED>2</COUNTERS_TRIGGERED>
  <COUNTER_NAME_0>GEO</COUNTER_NAME_0>
  <COUNTER_VALUE_0>2</COUNTER_VALUE_0>
  <COUNTER_NAME_1>FRAUD_SCRD</COUNTER_NAME_1>
  <COUNTER_VALUE_1>5</COUNTER_VALUE_1>
  <REASON_CODE></REASON_CODE>
  <MASTERCARD></MASTERCARD>
  <DDFS>2014-12-01</DDFS>
  <DSR>768x1366</DSR>
  <UAS>Mozilla/5.0 (Windows NT 6.3; WOW64) AppleWebKit/537.36 (KHTML, like Gecko) Chrome/39.0.2171.71 Safari/537.36</UAS>
  <BROWSER>Chrome 39.0.2171.71</BROWSER>
  <OS>Windows 8.1</OS>
  <PIP_IPAD></PIP_IPAD>
  <PIP_LAT></PIP_LAT>
  <PIP_LON></PIP_LON>
  <PIP_COUNTRY></PIP_COUNTRY>
  <PIP_REGION></PIP_REGION>
  <PIP_CITY></PIP_CITY>
  <PIP_ORG></PIP_ORG>
  <IP_IPAD>114.108.239.103</IP_IPAD>
  <IP_LAT>14.5833</IP_LAT>
  <IP_LON>120.9667</IP_LON>
  <IP_COUNTRY>PH</IP_COUNTRY>
  <IP_REGION>UNKNOWN</IP_REGION>
  <IP_CITY></IP_CITY>
  <IP_ORG>SKY BROADBAND</IP_ORG>
  <WARNING_COUNT>0</WARNING_COUNT>
</RESPONSE>

2014-12-09T09:26:04Z
RequestParameter:  billNo: 20141209141278 | startTime:2014-12-09 09:26:04

2014-12-09T09:26:04Z
Array
(
    [MODE] => Q
    [FRMT] => XML
    [VERS] => 0600
    [MERC] => 680000
    [SESS] => c0jin7jg18i5hk4q18bc5vplr2
    [ORDR] => 20141209141278
    [CURR] => PHP
    [PENC] => KHASH
    [PTYP] => CARD
    [PTOK] => 530970VDEX2DJE3AWXMP
    [IPAD] => 119.81.70.162
    [MACK] => Y
    [PROD_DESC[0]] => Test
    [PROD_TYPE[0]] => 1
    [PROD_ITEM[0]] => TV
    [PROD_QUANT[0]] => 1
    [PROD_PRICE[0]] => 1000
    [TOTL] => 1000
    [SITE] => VERT999
    [UDF[MERCHANT_ID]] => PSIMERCH1
    [NAME] => Test Name
    [B2A1] => address
    [B2CC] => PH
    [B2CI] => city
    [B2PC] => 12345
    [B2PN] => 123456789
    [B2ST] => state
    [S2A1] => 
    [S2CC] => 
    [S2CI] => 
    [S2EM] => 
    [S2NM] =>  
    [S2PC] => 
    [S2PN] => 
    [S2ST] => 
    [SHTP] => 
    [CASH] => 10
    [DOB] => 1980-03-10
    [GENDER] => M
    [EMAL] => test@yahoo.com
)


2014-12-09T09:26:09Z
ResponseParameter:  billNo: 20141209141278 | endTime:2014-12-09 09:26:09

2014-12-09T09:26:09Z
<?xml version="1.0" encoding="UTF-8"?>
<RESPONSE>
  <VERS>0600</VERS>
  <MODE>Q</MODE>
  <TRAN>3SZ10NCC5L0D</TRAN>
  <MERC>680000</MERC>
  <SESS>c0jin7jg18i5hk4q18bc5vplr2</SESS>
  <ORDR>20141209141278</ORDR>
  <AUTO>A</AUTO>
  <SCOR>36</SCOR>
  <GEOX>PH</GEOX>
  <BRND>MSTR</BRND>
  <REGN></REGN>
  <NETW>N</NETW>
  <KAPT>Y</KAPT>
  <CARDS>1</CARDS>
  <DEVICES>1</DEVICES>
  <EMAILS>1</EMAILS>
  <VELO>0</VELO>
  <VMAX>0</VMAX>
  <SITE>VERT999</SITE>
  <DEVICE_LAYERS>1E46F64B89.00F5EDCB55.1C2CDBD759.A80EBD4F24.A10F7C7C02</DEVICE_LAYERS>
  <FINGERPRINT>7E1A70DCF0FFED5F486420822C1CDBAD</FINGERPRINT>
  <TIMEZONE>960</TIMEZONE>
  <LOCALTIME>2014-12-09 17:26</LOCALTIME>
  <REGION></REGION>
  <COUNTRY>PH</COUNTRY>
  <PROXY>N</PROXY>
  <JAVASCRIPT>Y</JAVASCRIPT>
  <FLASH>Y</FLASH>
  <COOKIES>Y</COOKIES>
  <HTTP_COUNTRY>US</HTTP_COUNTRY>
  <LANGUAGE>EN</LANGUAGE>
  <MOBILE_DEVICE>N</MOBILE_DEVICE>
  <MOBILE_TYPE></MOBILE_TYPE>
  <MOBILE_FORWARDER>N</MOBILE_FORWARDER>
  <VOICE_DEVICE>N</VOICE_DEVICE>
  <PC_REMOTE>N</PC_REMOTE>
  <RULES_TRIGGERED>3</RULES_TRIGGERED>
  <RULE_ID_0>772996</RULE_ID_0>
  <RULE_DESCRIPTION_0>GEO BIN and Device Country not equal (1pt)</RULE_DESCRIPTION_0>
  <RULE_ID_1>772998</RULE_ID_1>
  <RULE_DESCRIPTION_1>GEO Billing &lt;&gt; BIN Country (1pt)</RULE_DESCRIPTION_1>
  <RULE_ID_2>773002</RULE_ID_2>
  <RULE_DESCRIPTION_2>FRAUD_SCRD GEO Counter Triggered (5pts)</RULE_DESCRIPTION_2>
  <COUNTERS_TRIGGERED>2</COUNTERS_TRIGGERED>
  <COUNTER_NAME_0>GEO</COUNTER_NAME_0>
  <COUNTER_VALUE_0>2</COUNTER_VALUE_0>
  <COUNTER_NAME_1>FRAUD_SCRD</COUNTER_NAME_1>
  <COUNTER_VALUE_1>5</COUNTER_VALUE_1>
  <REASON_CODE></REASON_CODE>
  <MASTERCARD></MASTERCARD>
  <DDFS>2014-12-01</DDFS>
  <DSR>768x1366</DSR>
  <UAS>Mozilla/5.0 (Windows NT 6.3; WOW64) AppleWebKit/537.36 (KHTML, like Gecko) Chrome/39.0.2171.71 Safari/537.36</UAS>
  <BROWSER>Chrome 39.0.2171.71</BROWSER>
  <OS>Windows 8.1</OS>
  <PIP_IPAD></PIP_IPAD>
  <PIP_LAT></PIP_LAT>
  <PIP_LON></PIP_LON>
  <PIP_COUNTRY></PIP_COUNTRY>
  <PIP_REGION></PIP_REGION>
  <PIP_CITY></PIP_CITY>
  <PIP_ORG></PIP_ORG>
  <IP_IPAD>114.108.239.103</IP_IPAD>
  <IP_LAT>14.5833</IP_LAT>
  <IP_LON>120.9667</IP_LON>
  <IP_COUNTRY>PH</IP_COUNTRY>
  <IP_REGION>UNKNOWN</IP_REGION>
  <IP_CITY></IP_CITY>
  <IP_ORG>SKY BROADBAND</IP_ORG>
  <WARNING_COUNT>0</WARNING_COUNT>
</RESPONSE>

