2015-03-20T01:59:44Z
RequestParameter:  billNo: gakL11426816779 | startTime:2015-03-20 01:59:44

2015-03-20T01:59:44Z
1

2015-03-20T04:05:13Z
RequestParameter:  billNo: LDbmN1426824310 | startTime:2015-03-20 04:05:13

2015-03-20T04:05:13Z
Array
(
    [MODE] => U
    [FRMT] => XML
    [VERS] => 0600
    [MERC] => 680000
    [SESS] => LDbmN1426824310
    [TRAN] => 3Y930D4NVV21
    [AUTH] => D
    [MACK] => Y
)


2015-03-20T04:18:21Z
RequestParameter:  billNo: FD4291426825099 | startTime:2015-03-20 04:18:21

2015-03-20T04:18:21Z
Array
(
    [MODE] => U
    [FRMT] => XML
    [VERS] => 0600
    [MERC] => 680000
    [SESS] => FD4291426825099
    [TRAN] => 3Y930HTSNS24
    [AUTH] => D
    [MACK] => Y
)


2015-03-20T04:20:05Z
RequestParameter:  billNo: 8Nzub1426825202 | startTime:2015-03-20 04:20:05

2015-03-20T04:20:05Z
Array
(
    [MODE] => U
    [FRMT] => XML
    [VERS] => 0600
    [MERC] => 680000
    [SESS] => 8Nzub1426825202
    [TRAN] => 3Y930CGRKQBC
    [AUTH] => D
    [MACK] => Y
)


2015-03-20T04:26:09Z
RequestParameter:  billNo: mfvs01426825566 | startTime:2015-03-20 04:26:09

2015-03-20T04:26:09Z
Array
(
    [MODE] => U
    [FRMT] => XML
    [VERS] => 0600
    [MERC] => 680000
    [SESS] => mfvs01426825566
    [TRAN] => 3Y930DJSHPJV
    [AUTH] => D
    [MACK] => Y
)


2015-03-20T04:33:56Z
RequestParameter:  billNo: fmzRd1426826033 | startTime:2015-03-20 04:33:56

2015-03-20T04:33:56Z
Array
(
    [MODE] => U
    [FRMT] => XML
    [VERS] => 0600
    [MERC] => 680000
    [SESS] => fmzRd1426826033
    [TRAN] => 3Y930MKKQ16M
    [AUTH] => D
    [MACK] => Y
)


2015-03-20T04:33:58Z
ResponseParameter:  billNo: fmzRd1426826033 | endTime:2015-03-20 04:33:58

2015-03-20T04:33:58Z
<?xml version="1.0" encoding="UTF-8"?>
<RESPONSE>
  <VERS>0600</VERS>
  <MODE>U</MODE>
  <TRAN>3Y930MKKQ16M</TRAN>
  <MERC>680000</MERC>
  <SESS>fmzRd1426826033</SESS>
  <RULES_TRIGGERED>0</RULES_TRIGGERED>
  <COUNTERS_TRIGGERED>0</COUNTERS_TRIGGERED>
  <REASON_CODE></REASON_CODE>
  <MASTERCARD></MASTERCARD>
  <WARNING_COUNT>0</WARNING_COUNT>
</RESPONSE>

2015-03-20T04:34:23Z
RequestParameter:  billNo: 4hig61426826060 | startTime:2015-03-20 04:34:23

2015-03-20T04:34:23Z
Array
(
    [MODE] => U
    [FRMT] => XML
    [VERS] => 0600
    [MERC] => 680000
    [SESS] => 4hig61426826060
    [TRAN] => 3Y9303HSP4K8
    [AUTH] => D
    [MACK] => Y
)


2015-03-20T04:34:25Z
ResponseParameter:  billNo: 4hig61426826060 | endTime:2015-03-20 04:34:25

2015-03-20T04:34:25Z
<?xml version="1.0" encoding="UTF-8"?>
<RESPONSE>
  <VERS>0600</VERS>
  <MODE>U</MODE>
  <TRAN>3Y9303HSP4K8</TRAN>
  <MERC>680000</MERC>
  <SESS>4hig61426826060</SESS>
  <RULES_TRIGGERED>0</RULES_TRIGGERED>
  <COUNTERS_TRIGGERED>0</COUNTERS_TRIGGERED>
  <REASON_CODE></REASON_CODE>
  <MASTERCARD></MASTERCARD>
  <WARNING_COUNT>0</WARNING_COUNT>
</RESPONSE>

2015-03-20T04:34:54Z
RequestParameter:  billNo: zCcT81426826091 | startTime:2015-03-20 04:34:54

2015-03-20T04:34:54Z
Array
(
    [MODE] => U
    [FRMT] => XML
    [VERS] => 0600
    [MERC] => 680000
    [SESS] => zCcT81426826091
    [TRAN] => 3Y930JKBGSR9
    [AUTH] => D
    [MACK] => Y
)


2015-03-20T04:34:55Z
ResponseParameter:  billNo: zCcT81426826091 | endTime:2015-03-20 04:34:55

2015-03-20T04:34:55Z
<?xml version="1.0" encoding="UTF-8"?>
<RESPONSE>
  <VERS>0600</VERS>
  <MODE>U</MODE>
  <TRAN>3Y930JKBGSR9</TRAN>
  <MERC>680000</MERC>
  <SESS>zCcT81426826091</SESS>
  <RULES_TRIGGERED>0</RULES_TRIGGERED>
  <COUNTERS_TRIGGERED>0</COUNTERS_TRIGGERED>
  <REASON_CODE></REASON_CODE>
  <MASTERCARD></MASTERCARD>
  <WARNING_COUNT>0</WARNING_COUNT>
</RESPONSE>

2015-03-20T04:39:25Z
RequestParameter:  billNo: c1ICN1426826363 | startTime:2015-03-20 04:39:25

2015-03-20T04:39:25Z
Array
(
    [MODE] => U
    [FRMT] => XML
    [VERS] => 0600
    [MERC] => 680000
    [SESS] => c1ICN1426826363
    [TRAN] => 3Y9306P8HNC0
    [AUTH] => D
    [MACK] => Y
)


2015-03-20T04:39:26Z
ResponseParameter:  billNo: c1ICN1426826363 | endTime:2015-03-20 04:39:26

2015-03-20T04:39:26Z
<?xml version="1.0" encoding="UTF-8"?>
<RESPONSE>
  <VERS>0600</VERS>
  <MODE>U</MODE>
  <TRAN>3Y9306P8HNC0</TRAN>
  <MERC>680000</MERC>
  <SESS>c1ICN1426826363</SESS>
  <RULES_TRIGGERED>0</RULES_TRIGGERED>
  <COUNTERS_TRIGGERED>0</COUNTERS_TRIGGERED>
  <REASON_CODE></REASON_CODE>
  <MASTERCARD></MASTERCARD>
  <WARNING_COUNT>0</WARNING_COUNT>
</RESPONSE>

2015-03-20T04:43:44Z
RequestParameter:  billNo: iDK891426826622 | startTime:2015-03-20 04:43:44

2015-03-20T04:43:44Z
Array
(
    [MODE] => U
    [FRMT] => XML
    [VERS] => 0600
    [MERC] => 680000
    [SESS] => iDK891426826622
    [TRAN] => 3Y9305DL1G17
    [AUTH] => D
    [MACK] => Y
)


2015-03-20T04:43:46Z
ResponseParameter:  billNo: iDK891426826622 | endTime:2015-03-20 04:43:46

2015-03-20T04:43:46Z
<?xml version="1.0" encoding="UTF-8"?>
<RESPONSE>
  <VERS>0600</VERS>
  <MODE>U</MODE>
  <TRAN>3Y9305DL1G17</TRAN>
  <MERC>680000</MERC>
  <SESS>iDK891426826622</SESS>
  <RULES_TRIGGERED>0</RULES_TRIGGERED>
  <COUNTERS_TRIGGERED>0</COUNTERS_TRIGGERED>
  <REASON_CODE></REASON_CODE>
  <MASTERCARD></MASTERCARD>
  <WARNING_COUNT>0</WARNING_COUNT>
</RESPONSE>

2015-03-20T04:45:02Z
RequestParameter:  billNo: hSqA11426826697 | startTime:2015-03-20 04:45:02

2015-03-20T04:45:02Z
Array
(
    [MODE] => U
    [FRMT] => XML
    [VERS] => 0600
    [MERC] => 680000
    [SESS] => hSqA11426826697
    [TRAN] => 3Y9302DP6XS7
    [AUTH] => D
    [MACK] => Y
)


2015-03-20T04:45:05Z
ResponseParameter:  billNo: hSqA11426826697 | endTime:2015-03-20 04:45:05

2015-03-20T04:45:05Z
<?xml version="1.0" encoding="UTF-8"?>
<RESPONSE>
  <VERS>0600</VERS>
  <MODE>U</MODE>
  <TRAN>3Y9302DP6XS7</TRAN>
  <MERC>680000</MERC>
  <SESS>hSqA11426826697</SESS>
  <RULES_TRIGGERED>0</RULES_TRIGGERED>
  <COUNTERS_TRIGGERED>0</COUNTERS_TRIGGERED>
  <REASON_CODE></REASON_CODE>
  <MASTERCARD></MASTERCARD>
  <WARNING_COUNT>0</WARNING_COUNT>
</RESPONSE>

2015-03-20T04:45:27Z
RequestParameter:  billNo: X6GEo1426826724 | startTime:2015-03-20 04:45:27

2015-03-20T04:45:27Z
Array
(
    [MODE] => U
    [FRMT] => XML
    [VERS] => 0600
    [MERC] => 680000
    [SESS] => X6GEo1426826724
    [TRAN] => 3Y930R3KMHLT
    [AUTH] => D
    [MACK] => Y
)


2015-03-20T04:45:29Z
ResponseParameter:  billNo: X6GEo1426826724 | endTime:2015-03-20 04:45:29

2015-03-20T04:45:29Z
<?xml version="1.0" encoding="UTF-8"?>
<RESPONSE>
  <VERS>0600</VERS>
  <MODE>U</MODE>
  <TRAN>3Y930R3KMHLT</TRAN>
  <MERC>680000</MERC>
  <SESS>X6GEo1426826724</SESS>
  <RULES_TRIGGERED>0</RULES_TRIGGERED>
  <COUNTERS_TRIGGERED>0</COUNTERS_TRIGGERED>
  <REASON_CODE></REASON_CODE>
  <MASTERCARD></MASTERCARD>
  <WARNING_COUNT>0</WARNING_COUNT>
</RESPONSE>

2015-03-20T04:46:30Z
RequestParameter:  billNo: NyAkp1426826787 | startTime:2015-03-20 04:46:30

2015-03-20T04:46:30Z
Array
(
    [MODE] => U
    [FRMT] => XML
    [VERS] => 0600
    [MERC] => 680000
    [SESS] => NyAkp1426826787
    [TRAN] => 3Y93048LG9T9
    [AUTH] => D
    [MACK] => Y
)


2015-03-20T04:46:32Z
ResponseParameter:  billNo: NyAkp1426826787 | endTime:2015-03-20 04:46:32

2015-03-20T04:46:32Z
<?xml version="1.0" encoding="UTF-8"?>
<RESPONSE>
  <VERS>0600</VERS>
  <MODE>U</MODE>
  <TRAN>3Y93048LG9T9</TRAN>
  <MERC>680000</MERC>
  <SESS>NyAkp1426826787</SESS>
  <RULES_TRIGGERED>0</RULES_TRIGGERED>
  <COUNTERS_TRIGGERED>0</COUNTERS_TRIGGERED>
  <REASON_CODE></REASON_CODE>
  <MASTERCARD></MASTERCARD>
  <WARNING_COUNT>0</WARNING_COUNT>
</RESPONSE>

2015-03-20T04:47:15Z
RequestParameter:  billNo: s3jDZ1426826831 | startTime:2015-03-20 04:47:15

2015-03-20T04:47:15Z
Array
(
    [MODE] => U
    [FRMT] => XML
    [VERS] => 0600
    [MERC] => 680000
    [SESS] => s3jDZ1426826831
    [TRAN] => 3Y930CVM0SMW
    [AUTH] => D
    [MACK] => Y
)


2015-03-20T04:47:17Z
ResponseParameter:  billNo: s3jDZ1426826831 | endTime:2015-03-20 04:47:17

2015-03-20T04:47:17Z
<?xml version="1.0" encoding="UTF-8"?>
<RESPONSE>
  <VERS>0600</VERS>
  <MODE>U</MODE>
  <TRAN>3Y930CVM0SMW</TRAN>
  <MERC>680000</MERC>
  <SESS>s3jDZ1426826831</SESS>
  <RULES_TRIGGERED>0</RULES_TRIGGERED>
  <COUNTERS_TRIGGERED>0</COUNTERS_TRIGGERED>
  <REASON_CODE></REASON_CODE>
  <MASTERCARD></MASTERCARD>
  <WARNING_COUNT>0</WARNING_COUNT>
</RESPONSE>

2015-03-20T05:05:25Z
RequestParameter:  billNo: G3h6L1426827897 | startTime:2015-03-20 05:05:25

2015-03-20T05:05:25Z
Array
(
    [MODE] => U
    [FRMT] => XML
    [VERS] => 0600
    [MERC] => 680000
    [SESS] => G3h6L1426827897
    [TRAN] => 3Y9P0R1Y3TYH
    [AUTH] => D
    [MACK] => Y
)


2015-03-20T05:05:28Z
ResponseParameter:  billNo: G3h6L1426827897 | endTime:2015-03-20 05:05:28

2015-03-20T05:05:28Z
<?xml version="1.0" encoding="UTF-8"?>
<RESPONSE>
  <VERS>0600</VERS>
  <MODE>U</MODE>
  <TRAN>3Y9P0R1Y3TYH</TRAN>
  <MERC>680000</MERC>
  <SESS>G3h6L1426827897</SESS>
  <RULES_TRIGGERED>0</RULES_TRIGGERED>
  <COUNTERS_TRIGGERED>0</COUNTERS_TRIGGERED>
  <REASON_CODE></REASON_CODE>
  <MASTERCARD></MASTERCARD>
  <WARNING_COUNT>0</WARNING_COUNT>
</RESPONSE>

2015-03-20T05:06:02Z
RequestParameter:  billNo: UP67J1426827958 | startTime:2015-03-20 05:06:02

2015-03-20T05:06:02Z
Array
(
    [MODE] => U
    [FRMT] => XML
    [VERS] => 0600
    [MERC] => 680000
    [SESS] => UP67J1426827958
    [TRAN] => 3Y9P095TH18S
    [AUTH] => D
    [MACK] => Y
)


2015-03-20T05:06:04Z
ResponseParameter:  billNo: UP67J1426827958 | endTime:2015-03-20 05:06:04

2015-03-20T05:06:04Z
<?xml version="1.0" encoding="UTF-8"?>
<RESPONSE>
  <VERS>0600</VERS>
  <MODE>U</MODE>
  <TRAN>3Y9P095TH18S</TRAN>
  <MERC>680000</MERC>
  <SESS>UP67J1426827958</SESS>
  <RULES_TRIGGERED>0</RULES_TRIGGERED>
  <COUNTERS_TRIGGERED>0</COUNTERS_TRIGGERED>
  <REASON_CODE></REASON_CODE>
  <MASTERCARD></MASTERCARD>
  <WARNING_COUNT>0</WARNING_COUNT>
</RESPONSE>

2015-03-20T05:06:17Z
RequestParameter:  billNo: rX3UK1426827974 | startTime:2015-03-20 05:06:17

2015-03-20T05:06:17Z
Array
(
    [MODE] => U
    [FRMT] => XML
    [VERS] => 0600
    [MERC] => 680000
    [SESS] => rX3UK1426827974
    [TRAN] => 3Y9P07RN6TVK
    [AUTH] => D
    [MACK] => Y
)


2015-03-20T05:06:20Z
ResponseParameter:  billNo: rX3UK1426827974 | endTime:2015-03-20 05:06:20

2015-03-20T05:06:20Z
<?xml version="1.0" encoding="UTF-8"?>
<RESPONSE>
  <VERS>0600</VERS>
  <MODE>U</MODE>
  <TRAN>3Y9P07RN6TVK</TRAN>
  <MERC>680000</MERC>
  <SESS>rX3UK1426827974</SESS>
  <RULES_TRIGGERED>0</RULES_TRIGGERED>
  <COUNTERS_TRIGGERED>0</COUNTERS_TRIGGERED>
  <REASON_CODE></REASON_CODE>
  <MASTERCARD></MASTERCARD>
  <WARNING_COUNT>0</WARNING_COUNT>
</RESPONSE>

2015-03-20T05:13:37Z
RequestParameter:  billNo: P2kY5Sc920 | startTime:2015-03-20 05:13:37

2015-03-20T05:13:37Z
Array
(
    [MODE] => U
    [FRMT] => XML
    [VERS] => 0600
    [MERC] => 680000
    [SESS] => tajimb9i7hr4loqg3icq23cen7
    [TRAN] => 3Y9P09CH67KM
    [AUTH] => D
    [MACK] => Y
)


2015-03-20T05:13:39Z
ResponseParameter:  billNo: P2kY5Sc920 | endTime:2015-03-20 05:13:39

2015-03-20T05:13:39Z
<?xml version="1.0" encoding="UTF-8"?>
<RESPONSE>
  <VERS>0600</VERS>
  <MODE>U</MODE>
  <TRAN>3Y9P09CH67KM</TRAN>
  <MERC>680000</MERC>
  <SESS>tajimb9i7hr4loqg3icq23cen7</SESS>
  <RULES_TRIGGERED>0</RULES_TRIGGERED>
  <COUNTERS_TRIGGERED>0</COUNTERS_TRIGGERED>
  <REASON_CODE></REASON_CODE>
  <MASTERCARD></MASTERCARD>
  <WARNING_COUNT>0</WARNING_COUNT>
</RESPONSE>

2015-03-20T05:14:20Z
RequestParameter:  billNo: P2kY5Sc921 | startTime:2015-03-20 05:14:20

2015-03-20T05:14:20Z
Array
(
    [MODE] => U
    [FRMT] => XML
    [VERS] => 0600
    [MERC] => 680000
    [SESS] => tajimb9i7hr4loqg3icq23cen7
    [TRAN] => 3Y9P0K0YQMJK
    [AUTH] => D
    [MACK] => Y
)


2015-03-20T05:14:23Z
ResponseParameter:  billNo: P2kY5Sc921 | endTime:2015-03-20 05:14:23

2015-03-20T05:14:23Z
<?xml version="1.0" encoding="UTF-8"?>
<RESPONSE>
  <VERS>0600</VERS>
  <MODE>U</MODE>
  <TRAN>3Y9P0K0YQMJK</TRAN>
  <MERC>680000</MERC>
  <SESS>tajimb9i7hr4loqg3icq23cen7</SESS>
  <RULES_TRIGGERED>0</RULES_TRIGGERED>
  <COUNTERS_TRIGGERED>0</COUNTERS_TRIGGERED>
  <REASON_CODE></REASON_CODE>
  <MASTERCARD></MASTERCARD>
  <WARNING_COUNT>0</WARNING_COUNT>
</RESPONSE>

2015-03-20T05:15:59Z
RequestParameter:  billNo: P2kY5Sc922 | startTime:2015-03-20 05:15:59

2015-03-20T05:15:59Z
Array
(
    [MODE] => U
    [FRMT] => XML
    [VERS] => 0600
    [MERC] => 680000
    [SESS] => tajimb9i7hr4loqg3icq23cen7
    [TRAN] => 3Y9P0VX7NCZJ
    [AUTH] => D
    [MACK] => Y
)


2015-03-20T05:16:00Z
ResponseParameter:  billNo: P2kY5Sc922 | endTime:2015-03-20 05:16:00

2015-03-20T05:16:00Z
<?xml version="1.0" encoding="UTF-8"?>
<RESPONSE>
  <VERS>0600</VERS>
  <MODE>U</MODE>
  <TRAN>3Y9P0VX7NCZJ</TRAN>
  <MERC>680000</MERC>
  <SESS>tajimb9i7hr4loqg3icq23cen7</SESS>
  <RULES_TRIGGERED>0</RULES_TRIGGERED>
  <COUNTERS_TRIGGERED>0</COUNTERS_TRIGGERED>
  <REASON_CODE></REASON_CODE>
  <MASTERCARD></MASTERCARD>
  <WARNING_COUNT>0</WARNING_COUNT>
</RESPONSE>

2015-03-20T05:18:49Z
RequestParameter:  billNo: P2kY5Sc924 | startTime:2015-03-20 05:18:49

2015-03-20T05:18:49Z
Array
(
    [MODE] => U
    [FRMT] => XML
    [VERS] => 0600
    [MERC] => 680000
    [SESS] => tajimb9i7hr4loqg3icq23cen7
    [TRAN] => 3Y9P0TK3X1D0
    [AUTH] => D
    [MACK] => Y
)


2015-03-20T05:18:50Z
ResponseParameter:  billNo: P2kY5Sc924 | endTime:2015-03-20 05:18:50

2015-03-20T05:18:50Z
<?xml version="1.0" encoding="UTF-8"?>
<RESPONSE>
  <VERS>0600</VERS>
  <MODE>U</MODE>
  <TRAN>3Y9P0TK3X1D0</TRAN>
  <MERC>680000</MERC>
  <SESS>tajimb9i7hr4loqg3icq23cen7</SESS>
  <RULES_TRIGGERED>0</RULES_TRIGGERED>
  <COUNTERS_TRIGGERED>0</COUNTERS_TRIGGERED>
  <REASON_CODE></REASON_CODE>
  <MASTERCARD></MASTERCARD>
  <WARNING_COUNT>0</WARNING_COUNT>
</RESPONSE>

2015-03-20T05:20:10Z
RequestParameter:  billNo: P2kY5Sc925 | startTime:2015-03-20 05:20:10

2015-03-20T05:20:10Z
Array
(
    [MODE] => U
    [FRMT] => XML
    [VERS] => 0600
    [MERC] => 680000
    [SESS] => tajimb9i7hr4loqg3icq23cen7
    [TRAN] => 3Y9P0J5KLP9S
    [AUTH] => D
    [MACK] => Y
)


2015-03-20T05:20:12Z
ResponseParameter:  billNo: P2kY5Sc925 | endTime:2015-03-20 05:20:12

2015-03-20T05:20:12Z
<?xml version="1.0" encoding="UTF-8"?>
<RESPONSE>
  <VERS>0600</VERS>
  <MODE>U</MODE>
  <TRAN>3Y9P0J5KLP9S</TRAN>
  <MERC>680000</MERC>
  <SESS>tajimb9i7hr4loqg3icq23cen7</SESS>
  <RULES_TRIGGERED>0</RULES_TRIGGERED>
  <COUNTERS_TRIGGERED>0</COUNTERS_TRIGGERED>
  <REASON_CODE></REASON_CODE>
  <MASTERCARD></MASTERCARD>
  <WARNING_COUNT>0</WARNING_COUNT>
</RESPONSE>

2015-03-20T08:00:15Z
RequestParameter:  billNo: 104482b1a6eca18fa36682131e13a0a4 | startTime:2015-03-20 08:00:15

2015-03-20T08:00:15Z
Array
(
    [MODE] => U
    [FRMT] => XML
    [VERS] => 0600
    [MERC] => 680000
    [SESS] => j517npf766q29t8tqf9ckkoen7
    [TRAN] => 3Y4K051GKGLK
    [AUTH] => D
    [MACK] => Y
)


2015-03-20T08:00:17Z
ResponseParameter:  billNo: 104482b1a6eca18fa36682131e13a0a4 | endTime:2015-03-20 08:00:17

2015-03-20T08:00:17Z
<?xml version="1.0" encoding="UTF-8"?>
<RESPONSE>
  <VERS>0600</VERS>
  <MODE>U</MODE>
  <TRAN>3Y4K051GKGLK</TRAN>
  <MERC>680000</MERC>
  <SESS>j517npf766q29t8tqf9ckkoen7</SESS>
  <RULES_TRIGGERED>0</RULES_TRIGGERED>
  <COUNTERS_TRIGGERED>0</COUNTERS_TRIGGERED>
  <REASON_CODE></REASON_CODE>
  <MASTERCARD></MASTERCARD>
  <WARNING_COUNT>0</WARNING_COUNT>
</RESPONSE>

2015-03-20T08:02:12Z
RequestParameter:  billNo: 2abe5ff404186046304a4914e1156e80 | startTime:2015-03-20 08:02:12

2015-03-20T08:02:12Z
Array
(
    [MODE] => U
    [FRMT] => XML
    [VERS] => 0600
    [MERC] => 680000
    [SESS] => j517npf766q29t8tqf9ckkoen7
    [TRAN] => 3Y4K0TSTWBHK
    [AUTH] => D
    [MACK] => Y
)


2015-03-20T08:02:15Z
ResponseParameter:  billNo: 2abe5ff404186046304a4914e1156e80 | endTime:2015-03-20 08:02:15

2015-03-20T08:02:15Z
<?xml version="1.0" encoding="UTF-8"?>
<RESPONSE>
  <VERS>0600</VERS>
  <MODE>U</MODE>
  <TRAN>3Y4K0TSTWBHK</TRAN>
  <MERC>680000</MERC>
  <SESS>j517npf766q29t8tqf9ckkoen7</SESS>
  <RULES_TRIGGERED>0</RULES_TRIGGERED>
  <COUNTERS_TRIGGERED>0</COUNTERS_TRIGGERED>
  <REASON_CODE></REASON_CODE>
  <MASTERCARD></MASTERCARD>
  <WARNING_COUNT>0</WARNING_COUNT>
</RESPONSE>

2015-03-20T08:02:27Z
RequestParameter:  billNo: 3cfa7d894dde4aef8476931f2cb05e41 | startTime:2015-03-20 08:02:27

2015-03-20T08:02:27Z
Array
(
    [MODE] => U
    [FRMT] => XML
    [VERS] => 0600
    [MERC] => 680000
    [SESS] => j517npf766q29t8tqf9ckkoen7
    [TRAN] => 3Y4K07TTNL05
    [AUTH] => D
    [MACK] => Y
)


2015-03-20T08:02:29Z
ResponseParameter:  billNo: 3cfa7d894dde4aef8476931f2cb05e41 | endTime:2015-03-20 08:02:29

2015-03-20T08:02:29Z
<?xml version="1.0" encoding="UTF-8"?>
<RESPONSE>
  <VERS>0600</VERS>
  <MODE>U</MODE>
  <TRAN>3Y4K07TTNL05</TRAN>
  <MERC>680000</MERC>
  <SESS>j517npf766q29t8tqf9ckkoen7</SESS>
  <RULES_TRIGGERED>0</RULES_TRIGGERED>
  <COUNTERS_TRIGGERED>0</COUNTERS_TRIGGERED>
  <REASON_CODE></REASON_CODE>
  <MASTERCARD></MASTERCARD>
  <WARNING_COUNT>0</WARNING_COUNT>
</RESPONSE>

2015-03-20T08:03:50Z
RequestParameter:  billNo: 1e1d37d5dc04643d27267d538d9ca261 | startTime:2015-03-20 08:03:50

2015-03-20T08:03:50Z
Array
(
    [MODE] => U
    [FRMT] => XML
    [VERS] => 0600
    [MERC] => 680000
    [SESS] => j517npf766q29t8tqf9ckkoen7
    [TRAN] => 3Y4K0XDV761Y
    [AUTH] => D
    [MACK] => Y
)


2015-03-20T08:03:51Z
ResponseParameter:  billNo: 1e1d37d5dc04643d27267d538d9ca261 | endTime:2015-03-20 08:03:51

2015-03-20T08:03:51Z
<?xml version="1.0" encoding="UTF-8"?>
<RESPONSE>
  <VERS>0600</VERS>
  <MODE>U</MODE>
  <TRAN>3Y4K0XDV761Y</TRAN>
  <MERC>680000</MERC>
  <SESS>j517npf766q29t8tqf9ckkoen7</SESS>
  <RULES_TRIGGERED>0</RULES_TRIGGERED>
  <COUNTERS_TRIGGERED>0</COUNTERS_TRIGGERED>
  <REASON_CODE></REASON_CODE>
  <MASTERCARD></MASTERCARD>
  <WARNING_COUNT>0</WARNING_COUNT>
</RESPONSE>

2015-03-20T08:05:00Z
RequestParameter:  billNo: 9a196767d1958244b8c25c14f2d5e882 | startTime:2015-03-20 08:05:00

2015-03-20T08:05:00Z
Array
(
    [MODE] => U
    [FRMT] => XML
    [VERS] => 0600
    [MERC] => 680000
    [SESS] => j517npf766q29t8tqf9ckkoen7
    [TRAN] => 3Y4K0ZVKXP0N
    [AUTH] => D
    [MACK] => Y
)


2015-03-20T08:05:01Z
ResponseParameter:  billNo: 9a196767d1958244b8c25c14f2d5e882 | endTime:2015-03-20 08:05:01

2015-03-20T08:05:01Z
<?xml version="1.0" encoding="UTF-8"?>
<RESPONSE>
  <VERS>0600</VERS>
  <MODE>U</MODE>
  <TRAN>3Y4K0ZVKXP0N</TRAN>
  <MERC>680000</MERC>
  <SESS>j517npf766q29t8tqf9ckkoen7</SESS>
  <RULES_TRIGGERED>0</RULES_TRIGGERED>
  <COUNTERS_TRIGGERED>0</COUNTERS_TRIGGERED>
  <REASON_CODE></REASON_CODE>
  <MASTERCARD></MASTERCARD>
  <WARNING_COUNT>0</WARNING_COUNT>
</RESPONSE>

2015-03-20T08:06:23Z
RequestParameter:  billNo: c664f712789ef6b73b5e537c81319cec | startTime:2015-03-20 08:06:23

2015-03-20T08:06:23Z
Array
(
    [MODE] => U
    [FRMT] => XML
    [VERS] => 0600
    [MERC] => 680000
    [SESS] => j517npf766q29t8tqf9ckkoen7
    [TRAN] => 3Y4K0X4QPY1R
    [AUTH] => D
    [MACK] => Y
)


2015-03-20T08:06:24Z
ResponseParameter:  billNo: c664f712789ef6b73b5e537c81319cec | endTime:2015-03-20 08:06:24

2015-03-20T08:06:24Z
<?xml version="1.0" encoding="UTF-8"?>
<RESPONSE>
  <VERS>0600</VERS>
  <MODE>U</MODE>
  <TRAN>3Y4K0X4QPY1R</TRAN>
  <MERC>680000</MERC>
  <SESS>j517npf766q29t8tqf9ckkoen7</SESS>
  <RULES_TRIGGERED>0</RULES_TRIGGERED>
  <COUNTERS_TRIGGERED>0</COUNTERS_TRIGGERED>
  <REASON_CODE></REASON_CODE>
  <MASTERCARD></MASTERCARD>
  <WARNING_COUNT>0</WARNING_COUNT>
</RESPONSE>

2015-03-20T08:06:55Z
RequestParameter:  billNo: 11e8eaceab0b58da8bdb3108edc9a963 | startTime:2015-03-20 08:06:55

2015-03-20T08:06:55Z
Array
(
    [MODE] => U
    [FRMT] => XML
    [VERS] => 0600
    [MERC] => 680000
    [SESS] => j517npf766q29t8tqf9ckkoen7
    [TRAN] => 3Y4K0Z58N9WQ
    [AUTH] => D
    [MACK] => Y
)


2015-03-20T08:06:57Z
ResponseParameter:  billNo: 11e8eaceab0b58da8bdb3108edc9a963 | endTime:2015-03-20 08:06:57

2015-03-20T08:06:57Z
<?xml version="1.0" encoding="UTF-8"?>
<RESPONSE>
  <VERS>0600</VERS>
  <MODE>U</MODE>
  <TRAN>3Y4K0Z58N9WQ</TRAN>
  <MERC>680000</MERC>
  <SESS>j517npf766q29t8tqf9ckkoen7</SESS>
  <RULES_TRIGGERED>0</RULES_TRIGGERED>
  <COUNTERS_TRIGGERED>0</COUNTERS_TRIGGERED>
  <REASON_CODE></REASON_CODE>
  <MASTERCARD></MASTERCARD>
  <WARNING_COUNT>0</WARNING_COUNT>
</RESPONSE>

2015-03-20T08:07:23Z
RequestParameter:  billNo: 35a526cc238ec638d01b623d2c63adcb | startTime:2015-03-20 08:07:23

2015-03-20T08:07:23Z
Array
(
    [MODE] => U
    [FRMT] => XML
    [VERS] => 0600
    [MERC] => 680000
    [SESS] => j517npf766q29t8tqf9ckkoen7
    [TRAN] => 3Y4K028ZD1TL
    [AUTH] => D
    [MACK] => Y
)


2015-03-20T08:07:24Z
ResponseParameter:  billNo: 35a526cc238ec638d01b623d2c63adcb | endTime:2015-03-20 08:07:24

2015-03-20T08:07:24Z
<?xml version="1.0" encoding="UTF-8"?>
<RESPONSE>
  <VERS>0600</VERS>
  <MODE>U</MODE>
  <TRAN>3Y4K028ZD1TL</TRAN>
  <MERC>680000</MERC>
  <SESS>j517npf766q29t8tqf9ckkoen7</SESS>
  <RULES_TRIGGERED>0</RULES_TRIGGERED>
  <COUNTERS_TRIGGERED>0</COUNTERS_TRIGGERED>
  <REASON_CODE></REASON_CODE>
  <MASTERCARD></MASTERCARD>
  <WARNING_COUNT>0</WARNING_COUNT>
</RESPONSE>

2015-03-20T08:09:14Z
RequestParameter:  billNo: 1f16bf5bce11aa75f0f05246cdf52071 | startTime:2015-03-20 08:09:14

2015-03-20T08:09:14Z
Array
(
    [MODE] => U
    [FRMT] => XML
    [VERS] => 0600
    [MERC] => 680000
    [SESS] => j517npf766q29t8tqf9ckkoen7
    [TRAN] => 3Y4K0K89WD9R
    [AUTH] => D
    [MACK] => Y
)


2015-03-20T08:09:16Z
ResponseParameter:  billNo: 1f16bf5bce11aa75f0f05246cdf52071 | endTime:2015-03-20 08:09:16

2015-03-20T08:09:16Z
<?xml version="1.0" encoding="UTF-8"?>
<RESPONSE>
  <VERS>0600</VERS>
  <MODE>U</MODE>
  <TRAN>3Y4K0K89WD9R</TRAN>
  <MERC>680000</MERC>
  <SESS>j517npf766q29t8tqf9ckkoen7</SESS>
  <RULES_TRIGGERED>0</RULES_TRIGGERED>
  <COUNTERS_TRIGGERED>0</COUNTERS_TRIGGERED>
  <REASON_CODE></REASON_CODE>
  <MASTERCARD></MASTERCARD>
  <WARNING_COUNT>0</WARNING_COUNT>
</RESPONSE>

2015-03-20T08:10:44Z
RequestParameter:  billNo: 3565702104a5244c2592f9eb0c82bed5 | startTime:2015-03-20 08:10:44

2015-03-20T08:10:44Z
Array
(
    [MODE] => U
    [FRMT] => XML
    [VERS] => 0600
    [MERC] => 680000
    [SESS] => j517npf766q29t8tqf9ckkoen7
    [TRAN] => 3Y4K0LT0QD1S
    [AUTH] => D
    [MACK] => Y
)


2015-03-20T08:10:45Z
ResponseParameter:  billNo: 3565702104a5244c2592f9eb0c82bed5 | endTime:2015-03-20 08:10:45

2015-03-20T08:10:45Z
<?xml version="1.0" encoding="UTF-8"?>
<RESPONSE>
  <VERS>0600</VERS>
  <MODE>U</MODE>
  <TRAN>3Y4K0LT0QD1S</TRAN>
  <MERC>680000</MERC>
  <SESS>j517npf766q29t8tqf9ckkoen7</SESS>
  <RULES_TRIGGERED>0</RULES_TRIGGERED>
  <COUNTERS_TRIGGERED>0</COUNTERS_TRIGGERED>
  <REASON_CODE></REASON_CODE>
  <MASTERCARD></MASTERCARD>
  <WARNING_COUNT>0</WARNING_COUNT>
</RESPONSE>

2015-03-20T08:11:09Z
RequestParameter:  billNo: 074df0ce19d9d809028d9aaacd394027 | startTime:2015-03-20 08:11:09

2015-03-20T08:11:09Z
Array
(
    [MODE] => U
    [FRMT] => XML
    [VERS] => 0600
    [MERC] => 680000
    [SESS] => j517npf766q29t8tqf9ckkoen7
    [TRAN] => 3Y4K09Z2BQK2
    [AUTH] => D
    [MACK] => Y
)


2015-03-20T08:11:10Z
ResponseParameter:  billNo: 074df0ce19d9d809028d9aaacd394027 | endTime:2015-03-20 08:11:10

2015-03-20T08:11:10Z
<?xml version="1.0" encoding="UTF-8"?>
<RESPONSE>
  <VERS>0600</VERS>
  <MODE>U</MODE>
  <TRAN>3Y4K09Z2BQK2</TRAN>
  <MERC>680000</MERC>
  <SESS>j517npf766q29t8tqf9ckkoen7</SESS>
  <RULES_TRIGGERED>0</RULES_TRIGGERED>
  <COUNTERS_TRIGGERED>0</COUNTERS_TRIGGERED>
  <REASON_CODE></REASON_CODE>
  <MASTERCARD></MASTERCARD>
  <WARNING_COUNT>0</WARNING_COUNT>
</RESPONSE>

2015-03-20T08:11:31Z
RequestParameter:  billNo: 711705ede21dd1f1becec13fb18d2fe1 | startTime:2015-03-20 08:11:31

2015-03-20T08:11:31Z
Array
(
    [MODE] => U
    [FRMT] => XML
    [VERS] => 0600
    [MERC] => 680000
    [SESS] => j517npf766q29t8tqf9ckkoen7
    [TRAN] => 3Y4K0HKXJCTK
    [AUTH] => D
    [MACK] => Y
)


2015-03-20T08:11:32Z
ResponseParameter:  billNo: 711705ede21dd1f1becec13fb18d2fe1 | endTime:2015-03-20 08:11:32

2015-03-20T08:11:32Z
<?xml version="1.0" encoding="UTF-8"?>
<RESPONSE>
  <VERS>0600</VERS>
  <MODE>U</MODE>
  <TRAN>3Y4K0HKXJCTK</TRAN>
  <MERC>680000</MERC>
  <SESS>j517npf766q29t8tqf9ckkoen7</SESS>
  <RULES_TRIGGERED>0</RULES_TRIGGERED>
  <COUNTERS_TRIGGERED>0</COUNTERS_TRIGGERED>
  <REASON_CODE></REASON_CODE>
  <MASTERCARD></MASTERCARD>
  <WARNING_COUNT>0</WARNING_COUNT>
</RESPONSE>

2015-03-20T08:13:27Z
RequestParameter:  billNo: 980446ad86c60f8cb916f886ccd32d34 | startTime:2015-03-20 08:13:27

2015-03-20T08:13:27Z
Array
(
    [MODE] => U
    [FRMT] => XML
    [VERS] => 0600
    [MERC] => 680000
    [SESS] => j517npf766q29t8tqf9ckkoen7
    [TRAN] => 3Y4K0NKHKTQN
    [AUTH] => D
    [MACK] => Y
)


2015-03-20T08:13:28Z
ResponseParameter:  billNo: 980446ad86c60f8cb916f886ccd32d34 | endTime:2015-03-20 08:13:28

2015-03-20T08:13:28Z
<?xml version="1.0" encoding="UTF-8"?>
<RESPONSE>
  <VERS>0600</VERS>
  <MODE>U</MODE>
  <TRAN>3Y4K0NKHKTQN</TRAN>
  <MERC>680000</MERC>
  <SESS>j517npf766q29t8tqf9ckkoen7</SESS>
  <RULES_TRIGGERED>0</RULES_TRIGGERED>
  <COUNTERS_TRIGGERED>0</COUNTERS_TRIGGERED>
  <REASON_CODE></REASON_CODE>
  <MASTERCARD></MASTERCARD>
  <WARNING_COUNT>0</WARNING_COUNT>
</RESPONSE>

2015-03-20T08:14:43Z
RequestParameter:  billNo: dbb2aca0ce050edfa1c6cf33da9d4d83 | startTime:2015-03-20 08:14:43

2015-03-20T08:14:43Z
Array
(
    [MODE] => U
    [FRMT] => XML
    [VERS] => 0600
    [MERC] => 680000
    [SESS] => j517npf766q29t8tqf9ckkoen7
    [TRAN] => 3Y4K0DCPP5YP
    [AUTH] => D
    [MACK] => Y
)


2015-03-20T08:14:44Z
ResponseParameter:  billNo: dbb2aca0ce050edfa1c6cf33da9d4d83 | endTime:2015-03-20 08:14:44

2015-03-20T08:14:44Z
<?xml version="1.0" encoding="UTF-8"?>
<RESPONSE>
  <VERS>0600</VERS>
  <MODE>U</MODE>
  <TRAN>3Y4K0DCPP5YP</TRAN>
  <MERC>680000</MERC>
  <SESS>j517npf766q29t8tqf9ckkoen7</SESS>
  <RULES_TRIGGERED>0</RULES_TRIGGERED>
  <COUNTERS_TRIGGERED>0</COUNTERS_TRIGGERED>
  <REASON_CODE></REASON_CODE>
  <MASTERCARD></MASTERCARD>
  <WARNING_COUNT>0</WARNING_COUNT>
</RESPONSE>

2015-03-20T08:18:40Z
RequestParameter:  billNo: 80e6a2f8c1430455f677208d2f856e32 | startTime:2015-03-20 08:18:40

2015-03-20T08:18:40Z
Array
(
    [MODE] => U
    [FRMT] => XML
    [VERS] => 0600
    [MERC] => 680000
    [SESS] => j517npf766q29t8tqf9ckkoen7
    [TRAN] => 3Y4K034S78Y2
    [AUTH] => D
    [MACK] => Y
)


2015-03-20T08:18:41Z
ResponseParameter:  billNo: 80e6a2f8c1430455f677208d2f856e32 | endTime:2015-03-20 08:18:41

2015-03-20T08:18:41Z
<?xml version="1.0" encoding="UTF-8"?>
<RESPONSE>
  <VERS>0600</VERS>
  <MODE>U</MODE>
  <TRAN>3Y4K034S78Y2</TRAN>
  <MERC>680000</MERC>
  <SESS>j517npf766q29t8tqf9ckkoen7</SESS>
  <RULES_TRIGGERED>0</RULES_TRIGGERED>
  <COUNTERS_TRIGGERED>0</COUNTERS_TRIGGERED>
  <REASON_CODE></REASON_CODE>
  <MASTERCARD></MASTERCARD>
  <WARNING_COUNT>0</WARNING_COUNT>
</RESPONSE>

2015-03-20T08:19:25Z
RequestParameter:  billNo: f141ec9af02e5ebda5b3a314f5edec97 | startTime:2015-03-20 08:19:25

2015-03-20T08:19:25Z
Array
(
    [MODE] => U
    [FRMT] => XML
    [VERS] => 0600
    [MERC] => 680000
    [SESS] => j517npf766q29t8tqf9ckkoen7
    [TRAN] => 3Y4K009SKBCP
    [AUTH] => D
    [MACK] => Y
)


2015-03-20T08:19:26Z
ResponseParameter:  billNo: f141ec9af02e5ebda5b3a314f5edec97 | endTime:2015-03-20 08:19:26

2015-03-20T08:19:26Z
<?xml version="1.0" encoding="UTF-8"?>
<RESPONSE>
  <VERS>0600</VERS>
  <MODE>U</MODE>
  <TRAN>3Y4K009SKBCP</TRAN>
  <MERC>680000</MERC>
  <SESS>j517npf766q29t8tqf9ckkoen7</SESS>
  <RULES_TRIGGERED>0</RULES_TRIGGERED>
  <COUNTERS_TRIGGERED>0</COUNTERS_TRIGGERED>
  <REASON_CODE></REASON_CODE>
  <MASTERCARD></MASTERCARD>
  <WARNING_COUNT>0</WARNING_COUNT>
</RESPONSE>

2015-03-20T08:21:26Z
RequestParameter:  billNo: b077f6f18eb41c2943c90a02b426dfa8 | startTime:2015-03-20 08:21:26

2015-03-20T08:21:26Z
Array
(
    [MODE] => U
    [FRMT] => XML
    [VERS] => 0600
    [MERC] => 680000
    [SESS] => j517npf766q29t8tqf9ckkoen7
    [TRAN] => 3Y4K027R138Y
    [AUTH] => D
    [MACK] => Y
)


2015-03-20T08:21:26Z
ResponseParameter:  billNo: b077f6f18eb41c2943c90a02b426dfa8 | endTime:2015-03-20 08:21:26

2015-03-20T08:21:26Z
<?xml version="1.0" encoding="UTF-8"?>
<RESPONSE>
  <VERS>0600</VERS>
  <MODE>U</MODE>
  <TRAN>3Y4K027R138Y</TRAN>
  <MERC>680000</MERC>
  <SESS>j517npf766q29t8tqf9ckkoen7</SESS>
  <RULES_TRIGGERED>0</RULES_TRIGGERED>
  <COUNTERS_TRIGGERED>0</COUNTERS_TRIGGERED>
  <REASON_CODE></REASON_CODE>
  <MASTERCARD></MASTERCARD>
  <WARNING_COUNT>0</WARNING_COUNT>
</RESPONSE>

2015-03-20T08:21:45Z
RequestParameter:  billNo: f1e2c5ab7c258d20d4f90858ee0c1ca2 | startTime:2015-03-20 08:21:45

2015-03-20T08:21:45Z
Array
(
    [MODE] => U
    [FRMT] => XML
    [VERS] => 0600
    [MERC] => 680000
    [SESS] => j517npf766q29t8tqf9ckkoen7
    [TRAN] => 3Y4K0CNXW7K4
    [AUTH] => D
    [MACK] => Y
)


2015-03-20T08:21:46Z
ResponseParameter:  billNo: f1e2c5ab7c258d20d4f90858ee0c1ca2 | endTime:2015-03-20 08:21:46

2015-03-20T08:21:46Z
<?xml version="1.0" encoding="UTF-8"?>
<RESPONSE>
  <VERS>0600</VERS>
  <MODE>U</MODE>
  <TRAN>3Y4K0CNXW7K4</TRAN>
  <MERC>680000</MERC>
  <SESS>j517npf766q29t8tqf9ckkoen7</SESS>
  <RULES_TRIGGERED>0</RULES_TRIGGERED>
  <COUNTERS_TRIGGERED>0</COUNTERS_TRIGGERED>
  <REASON_CODE></REASON_CODE>
  <MASTERCARD></MASTERCARD>
  <WARNING_COUNT>0</WARNING_COUNT>
</RESPONSE>

2015-03-20T08:22:14Z
RequestParameter:  billNo: 131ae3d908df6eb39bc3d280ed9432d4 | startTime:2015-03-20 08:22:14

2015-03-20T08:22:14Z
Array
(
    [MODE] => U
    [FRMT] => XML
    [VERS] => 0600
    [MERC] => 680000
    [SESS] => j517npf766q29t8tqf9ckkoen7
    [TRAN] => 3Y4K05G2WY78
    [AUTH] => D
    [MACK] => Y
)


2015-03-20T08:22:15Z
ResponseParameter:  billNo: 131ae3d908df6eb39bc3d280ed9432d4 | endTime:2015-03-20 08:22:15

2015-03-20T08:22:15Z
<?xml version="1.0" encoding="UTF-8"?>
<RESPONSE>
  <VERS>0600</VERS>
  <MODE>U</MODE>
  <TRAN>3Y4K05G2WY78</TRAN>
  <MERC>680000</MERC>
  <SESS>j517npf766q29t8tqf9ckkoen7</SESS>
  <RULES_TRIGGERED>0</RULES_TRIGGERED>
  <COUNTERS_TRIGGERED>0</COUNTERS_TRIGGERED>
  <REASON_CODE></REASON_CODE>
  <MASTERCARD></MASTERCARD>
  <WARNING_COUNT>0</WARNING_COUNT>
</RESPONSE>

2015-03-20T08:22:41Z
RequestParameter:  billNo: c94d7609aac9a818493b981cb5c71704 | startTime:2015-03-20 08:22:41

2015-03-20T08:22:41Z
Array
(
    [MODE] => U
    [FRMT] => XML
    [VERS] => 0600
    [MERC] => 680000
    [SESS] => j517npf766q29t8tqf9ckkoen7
    [TRAN] => 3Y4K097M2B9W
    [AUTH] => D
    [MACK] => Y
)


2015-03-20T08:22:42Z
ResponseParameter:  billNo: c94d7609aac9a818493b981cb5c71704 | endTime:2015-03-20 08:22:42

2015-03-20T08:22:42Z
<?xml version="1.0" encoding="UTF-8"?>
<RESPONSE>
  <VERS>0600</VERS>
  <MODE>U</MODE>
  <TRAN>3Y4K097M2B9W</TRAN>
  <MERC>680000</MERC>
  <SESS>j517npf766q29t8tqf9ckkoen7</SESS>
  <RULES_TRIGGERED>0</RULES_TRIGGERED>
  <COUNTERS_TRIGGERED>0</COUNTERS_TRIGGERED>
  <REASON_CODE></REASON_CODE>
  <MASTERCARD></MASTERCARD>
  <WARNING_COUNT>0</WARNING_COUNT>
</RESPONSE>

2015-03-20T08:23:20Z
RequestParameter:  billNo: 2222ae8a244926ad8254dccd75ffe5c0 | startTime:2015-03-20 08:23:20

2015-03-20T08:23:20Z
Array
(
    [MODE] => U
    [FRMT] => XML
    [VERS] => 0600
    [MERC] => 680000
    [SESS] => j517npf766q29t8tqf9ckkoen7
    [TRAN] => 3Y4K0TP7YJKV
    [AUTH] => D
    [MACK] => Y
)


2015-03-20T08:23:21Z
ResponseParameter:  billNo: 2222ae8a244926ad8254dccd75ffe5c0 | endTime:2015-03-20 08:23:21

2015-03-20T08:23:21Z
<?xml version="1.0" encoding="UTF-8"?>
<RESPONSE>
  <VERS>0600</VERS>
  <MODE>U</MODE>
  <TRAN>3Y4K0TP7YJKV</TRAN>
  <MERC>680000</MERC>
  <SESS>j517npf766q29t8tqf9ckkoen7</SESS>
  <RULES_TRIGGERED>0</RULES_TRIGGERED>
  <COUNTERS_TRIGGERED>0</COUNTERS_TRIGGERED>
  <REASON_CODE></REASON_CODE>
  <MASTERCARD></MASTERCARD>
  <WARNING_COUNT>0</WARNING_COUNT>
</RESPONSE>

2015-03-20T08:27:47Z
RequestParameter:  billNo: 78e8c991939b8357c0a3fda3e48cc4c7 | startTime:2015-03-20 08:27:47

2015-03-20T08:27:47Z
Array
(
    [MODE] => U
    [FRMT] => XML
    [VERS] => 0600
    [MERC] => 680000
    [SESS] => j517npf766q29t8tqf9ckkoen7
    [TRAN] => 3Y4K0CD5Y050
    [AUTH] => D
    [MACK] => Y
)


2015-03-20T08:27:48Z
ResponseParameter:  billNo: 78e8c991939b8357c0a3fda3e48cc4c7 | endTime:2015-03-20 08:27:48

2015-03-20T08:27:48Z
<?xml version="1.0" encoding="UTF-8"?>
<RESPONSE>
  <VERS>0600</VERS>
  <MODE>U</MODE>
  <TRAN>3Y4K0CD5Y050</TRAN>
  <MERC>680000</MERC>
  <SESS>j517npf766q29t8tqf9ckkoen7</SESS>
  <RULES_TRIGGERED>0</RULES_TRIGGERED>
  <COUNTERS_TRIGGERED>0</COUNTERS_TRIGGERED>
  <REASON_CODE></REASON_CODE>
  <MASTERCARD></MASTERCARD>
  <WARNING_COUNT>0</WARNING_COUNT>
</RESPONSE>

2015-03-20T08:28:15Z
RequestParameter:  billNo: 1e0d2fd80c9e49de742b19069e609301 | startTime:2015-03-20 08:28:15

2015-03-20T08:28:15Z
Array
(
    [MODE] => U
    [FRMT] => XML
    [VERS] => 0600
    [MERC] => 680000
    [SESS] => j517npf766q29t8tqf9ckkoen7
    [TRAN] => 3Y4K0S28JK36
    [AUTH] => D
    [MACK] => Y
)


2015-03-20T08:28:16Z
ResponseParameter:  billNo: 1e0d2fd80c9e49de742b19069e609301 | endTime:2015-03-20 08:28:16

2015-03-20T08:28:16Z
<?xml version="1.0" encoding="UTF-8"?>
<RESPONSE>
  <VERS>0600</VERS>
  <MODE>U</MODE>
  <TRAN>3Y4K0S28JK36</TRAN>
  <MERC>680000</MERC>
  <SESS>j517npf766q29t8tqf9ckkoen7</SESS>
  <RULES_TRIGGERED>0</RULES_TRIGGERED>
  <COUNTERS_TRIGGERED>0</COUNTERS_TRIGGERED>
  <REASON_CODE></REASON_CODE>
  <MASTERCARD></MASTERCARD>
  <WARNING_COUNT>0</WARNING_COUNT>
</RESPONSE>

2015-03-20T08:33:29Z
RequestParameter:  billNo: 025f2618af523ef0570ee1c0128ea7a1 | startTime:2015-03-20 08:33:29

2015-03-20T08:33:29Z
Array
(
    [MODE] => U
    [FRMT] => XML
    [VERS] => 0600
    [MERC] => 680000
    [SESS] => j517npf766q29t8tqf9ckkoen7
    [TRAN] => 3Y4K0TK7DD64
    [AUTH] => D
    [MACK] => Y
)


2015-03-20T08:33:30Z
ResponseParameter:  billNo: 025f2618af523ef0570ee1c0128ea7a1 | endTime:2015-03-20 08:33:30

2015-03-20T08:33:30Z
<?xml version="1.0" encoding="UTF-8"?>
<RESPONSE>
  <VERS>0600</VERS>
  <MODE>U</MODE>
  <TRAN>3Y4K0TK7DD64</TRAN>
  <MERC>680000</MERC>
  <SESS>j517npf766q29t8tqf9ckkoen7</SESS>
  <RULES_TRIGGERED>0</RULES_TRIGGERED>
  <COUNTERS_TRIGGERED>0</COUNTERS_TRIGGERED>
  <REASON_CODE></REASON_CODE>
  <MASTERCARD></MASTERCARD>
  <WARNING_COUNT>0</WARNING_COUNT>
</RESPONSE>

2015-03-20T09:11:28Z
RequestParameter:  billNo: iicbhegkdj | startTime:2015-03-20 09:11:28

2015-03-20T09:11:28Z
Array
(
    [MODE] => U
    [FRMT] => XML
    [VERS] => 0600
    [MERC] => 680000
    [SESS] => wvu4m2hpj3jkvwagdsxvl5e5djzvudgj
    [TRAN] => 3Y4K0K7HRGW3
    [AUTH] => 
    [MACK] => Y
    [RFCB] => R
)


2015-03-20T09:11:29Z
ResponseParameter:  billNo: iicbhegkdj | endTime:2015-03-20 09:11:29

2015-03-20T09:11:29Z
<?xml version="1.0" encoding="UTF-8"?>
<RESPONSE>
  <VERS>0600</VERS>
  <MODE>U</MODE>
  <TRAN>3Y4K0K7HRGW3</TRAN>
  <MERC>680000</MERC>
  <SESS>wvu4m2hpj3jkvwagdsxvl5e5djzvudgj</SESS>
  <RULES_TRIGGERED>0</RULES_TRIGGERED>
  <COUNTERS_TRIGGERED>0</COUNTERS_TRIGGERED>
  <REASON_CODE></REASON_CODE>
  <MASTERCARD></MASTERCARD>
  <WARNING_COUNT>0</WARNING_COUNT>
</RESPONSE>

2015-03-20T09:16:13Z
RequestParameter:  billNo: jihjkdacik | startTime:2015-03-20 09:16:13

2015-03-20T09:16:13Z
Array
(
    [MODE] => U
    [FRMT] => XML
    [VERS] => 0600
    [MERC] => 680000
    [SESS] => o4pgcdxfln2wr60hu2delygl21nla4lo
    [TRAN] => 3Y4K0T1DYDYZ
    [AUTH] => 
    [MACK] => Y
    [RFCB] => R
)


2015-03-20T09:16:13Z
ResponseParameter:  billNo: jihjkdacik | endTime:2015-03-20 09:16:13

2015-03-20T09:16:13Z
<?xml version="1.0" encoding="UTF-8"?>
<RESPONSE>
  <VERS>0600</VERS>
  <MODE>U</MODE>
  <TRAN>3Y4K0T1DYDYZ</TRAN>
  <MERC>680000</MERC>
  <SESS>o4pgcdxfln2wr60hu2delygl21nla4lo</SESS>
  <RULES_TRIGGERED>0</RULES_TRIGGERED>
  <COUNTERS_TRIGGERED>0</COUNTERS_TRIGGERED>
  <REASON_CODE></REASON_CODE>
  <MASTERCARD></MASTERCARD>
  <WARNING_COUNT>0</WARNING_COUNT>
</RESPONSE>

2015-03-20T09:18:33Z
RequestParameter:  billNo: fjgdichiae | startTime:2015-03-20 09:18:33

2015-03-20T09:18:33Z
Array
(
    [MODE] => U
    [FRMT] => XML
    [VERS] => 0600
    [MERC] => 680000
    [SESS] => fjgdichiae
    [TRAN] => 3Y4K02XXBX2M
    [AUTH] => 
    [MACK] => Y
    [RFCB] => R
)


2015-03-20T09:18:34Z
ResponseParameter:  billNo: fjgdichiae | endTime:2015-03-20 09:18:34

2015-03-20T09:18:34Z
<?xml version="1.0" encoding="UTF-8"?>
<RESPONSE>
  <VERS>0600</VERS>
  <MODE>U</MODE>
  <TRAN>3Y4K02XXBX2M</TRAN>
  <MERC>680000</MERC>
  <SESS>fjgdichiae</SESS>
  <RULES_TRIGGERED>0</RULES_TRIGGERED>
  <COUNTERS_TRIGGERED>0</COUNTERS_TRIGGERED>
  <REASON_CODE></REASON_CODE>
  <MASTERCARD></MASTERCARD>
  <WARNING_COUNT>0</WARNING_COUNT>
</RESPONSE>

2015-03-20T09:21:16Z
RequestParameter:  billNo: bacfdahaja | startTime:2015-03-20 09:21:16

2015-03-20T09:21:16Z
Array
(
    [MODE] => U
    [FRMT] => XML
    [VERS] => 0600
    [MERC] => 680000
    [SESS] => fqlcmi0dx1n1lrtt4ijhek3hqwfubwxg
    [TRAN] => 3Y4K0ST99ZJR
    [AUTH] => 
    [MACK] => Y
    [RFCB] => R
)


2015-03-20T09:21:17Z
ResponseParameter:  billNo: bacfdahaja | endTime:2015-03-20 09:21:17

2015-03-20T09:21:17Z
<?xml version="1.0" encoding="UTF-8"?>
<RESPONSE>
  <VERS>0600</VERS>
  <MODE>U</MODE>
  <TRAN>3Y4K0ST99ZJR</TRAN>
  <MERC>680000</MERC>
  <SESS>fqlcmi0dx1n1lrtt4ijhek3hqwfubwxg</SESS>
  <RULES_TRIGGERED>0</RULES_TRIGGERED>
  <COUNTERS_TRIGGERED>0</COUNTERS_TRIGGERED>
  <REASON_CODE></REASON_CODE>
  <MASTERCARD></MASTERCARD>
  <WARNING_COUNT>0</WARNING_COUNT>
</RESPONSE>

2015-03-20T09:23:12Z
RequestParameter:  billNo: jjhjhbgdcb | startTime:2015-03-20 09:23:12

2015-03-20T09:23:12Z
Array
(
    [MODE] => U
    [FRMT] => XML
    [VERS] => 0600
    [MERC] => 680000
    [SESS] => sr2yb1owvdsc6l5ptceycu2pg2e5nk65
    [TRAN] => 3Y4K0CQYN3CH
    [AUTH] => 
    [MACK] => Y
    [RFCB] => R
)


2015-03-20T09:23:13Z
ResponseParameter:  billNo: jjhjhbgdcb | endTime:2015-03-20 09:23:13

2015-03-20T09:23:13Z
<?xml version="1.0" encoding="UTF-8"?>
<RESPONSE>
  <VERS>0600</VERS>
  <MODE>U</MODE>
  <TRAN>3Y4K0CQYN3CH</TRAN>
  <MERC>680000</MERC>
  <SESS>sr2yb1owvdsc6l5ptceycu2pg2e5nk65</SESS>
  <RULES_TRIGGERED>0</RULES_TRIGGERED>
  <COUNTERS_TRIGGERED>0</COUNTERS_TRIGGERED>
  <REASON_CODE></REASON_CODE>
  <MASTERCARD></MASTERCARD>
  <WARNING_COUNT>0</WARNING_COUNT>
</RESPONSE>

2015-03-20T09:23:32Z
RequestParameter:  billNo: fjddkefhhi | startTime:2015-03-20 09:23:32

2015-03-20T09:23:32Z
Array
(
    [MODE] => U
    [FRMT] => XML
    [VERS] => 0600
    [MERC] => 680000
    [SESS] => fjddkefhhi
    [TRAN] => 3Y4K0LNVB5DR
    [AUTH] => 
    [MACK] => Y
    [RFCB] => R
)


2015-03-20T09:23:33Z
ResponseParameter:  billNo: fjddkefhhi | endTime:2015-03-20 09:23:33

2015-03-20T09:23:33Z
<?xml version="1.0" encoding="UTF-8"?>
<RESPONSE>
  <VERS>0600</VERS>
  <MODE>U</MODE>
  <TRAN>3Y4K0LNVB5DR</TRAN>
  <MERC>680000</MERC>
  <SESS>fjddkefhhi</SESS>
  <RULES_TRIGGERED>0</RULES_TRIGGERED>
  <COUNTERS_TRIGGERED>0</COUNTERS_TRIGGERED>
  <REASON_CODE></REASON_CODE>
  <MASTERCARD></MASTERCARD>
  <WARNING_COUNT>0</WARNING_COUNT>
</RESPONSE>

2015-03-20T09:42:34Z
RequestParameter:  billNo: 7753df4fe7bc41a4070c8518a4 | startTime:2015-03-20 09:42:34

2015-03-20T09:42:34Z
Array
(
    [MODE] => U
    [FRMT] => XML
    [VERS] => 0600
    [MERC] => 680000
    [SESS] => dbupmb4tc5dt5fvss7d15dj8p0
    [TRAN] => 3Y4K04T3J1Y9
    [AUTH] => D
    [MACK] => Y
)


2015-03-20T09:42:35Z
ResponseParameter:  billNo: 7753df4fe7bc41a4070c8518a4 | endTime:2015-03-20 09:42:35

2015-03-20T09:42:35Z
<?xml version="1.0" encoding="UTF-8"?>
<RESPONSE>
  <VERS>0600</VERS>
  <MODE>U</MODE>
  <TRAN>3Y4K04T3J1Y9</TRAN>
  <MERC>680000</MERC>
  <SESS>dbupmb4tc5dt5fvss7d15dj8p0</SESS>
  <RULES_TRIGGERED>0</RULES_TRIGGERED>
  <COUNTERS_TRIGGERED>0</COUNTERS_TRIGGERED>
  <REASON_CODE></REASON_CODE>
  <MASTERCARD></MASTERCARD>
  <WARNING_COUNT>0</WARNING_COUNT>
</RESPONSE>

2015-03-20T12:14:40Z
RequestParameter:  billNo: 591cc365248b44cfa95d167c1d0390d1 | startTime:2015-03-20 12:14:40

2015-03-20T12:14:40Z
Array
(
    [MODE] => U
    [FRMT] => XML
    [VERS] => 0600
    [MERC] => 680000
    [SESS] => dfc18523af0b402dbe3a857b0cff6d8e
    [TRAN] => 3Y4M0X28T307
    [AUTH] => D
    [MACK] => Y
)


2015-03-20T12:14:42Z
ResponseParameter:  billNo: 591cc365248b44cfa95d167c1d0390d1 | endTime:2015-03-20 12:14:42

2015-03-20T12:14:42Z
<?xml version="1.0" encoding="UTF-8"?>
<RESPONSE>
  <VERS>0600</VERS>
  <MODE>U</MODE>
  <TRAN>3Y4M0X28T307</TRAN>
  <MERC>680000</MERC>
  <SESS>dfc18523af0b402dbe3a857b0cff6d8e</SESS>
  <RULES_TRIGGERED>0</RULES_TRIGGERED>
  <COUNTERS_TRIGGERED>0</COUNTERS_TRIGGERED>
  <REASON_CODE></REASON_CODE>
  <MASTERCARD></MASTERCARD>
  <WARNING_COUNT>0</WARNING_COUNT>
</RESPONSE>

2015-03-20T12:15:49Z
RequestParameter:  billNo: b454eef9ff1f40eba40e546424759ece | startTime:2015-03-20 12:15:49

2015-03-20T12:15:49Z
Array
(
    [MODE] => U
    [FRMT] => XML
    [VERS] => 0600
    [MERC] => 680000
    [SESS] => dfc18523af0b402dbe3a857b0cff6d8e
    [TRAN] => 3Y4M040WM5YD
    [AUTH] => D
    [MACK] => Y
)


2015-03-20T12:15:51Z
ResponseParameter:  billNo: b454eef9ff1f40eba40e546424759ece | endTime:2015-03-20 12:15:51

2015-03-20T12:15:51Z
<?xml version="1.0" encoding="UTF-8"?>
<RESPONSE>
  <VERS>0600</VERS>
  <MODE>U</MODE>
  <TRAN>3Y4M040WM5YD</TRAN>
  <MERC>680000</MERC>
  <SESS>dfc18523af0b402dbe3a857b0cff6d8e</SESS>
  <RULES_TRIGGERED>0</RULES_TRIGGERED>
  <COUNTERS_TRIGGERED>0</COUNTERS_TRIGGERED>
  <REASON_CODE></REASON_CODE>
  <MASTERCARD></MASTERCARD>
  <WARNING_COUNT>0</WARNING_COUNT>
</RESPONSE>

2015-03-20T12:16:49Z
RequestParameter:  billNo: a5dda310499146a49976f25e1a125a11 | startTime:2015-03-20 12:16:49

2015-03-20T12:16:49Z
Array
(
    [MODE] => U
    [FRMT] => XML
    [VERS] => 0600
    [MERC] => 680000
    [SESS] => 698dd5724bac4158a9b7333a7babdb55
    [TRAN] => 3Y4M0RSG9YV9
    [AUTH] => D
    [MACK] => Y
)


2015-03-20T12:16:50Z
ResponseParameter:  billNo: a5dda310499146a49976f25e1a125a11 | endTime:2015-03-20 12:16:50

2015-03-20T12:16:50Z
<?xml version="1.0" encoding="UTF-8"?>
<RESPONSE>
  <VERS>0600</VERS>
  <MODE>U</MODE>
  <TRAN>3Y4M0RSG9YV9</TRAN>
  <MERC>680000</MERC>
  <SESS>698dd5724bac4158a9b7333a7babdb55</SESS>
  <RULES_TRIGGERED>0</RULES_TRIGGERED>
  <COUNTERS_TRIGGERED>0</COUNTERS_TRIGGERED>
  <REASON_CODE></REASON_CODE>
  <MASTERCARD></MASTERCARD>
  <WARNING_COUNT>0</WARNING_COUNT>
</RESPONSE>

2015-03-20T22:38:43Z
RequestParameter:  billNo: TEaNX1426891119 | startTime:2015-03-20 22:38:43

2015-03-20T22:38:43Z
Array
(
    [MODE] => U
    [FRMT] => XML
    [VERS] => 0600
    [MERC] => 680000
    [SESS] => TEaNX1426891119
    [TRAN] => 3Y4Y0D17DX4W
    [AUTH] => D
    [MACK] => Y
)


2015-03-20T22:38:45Z
ResponseParameter:  billNo: TEaNX1426891119 | endTime:2015-03-20 22:38:45

2015-03-20T22:38:45Z
<?xml version="1.0" encoding="UTF-8"?>
<RESPONSE>
  <VERS>0600</VERS>
  <MODE>U</MODE>
  <TRAN>3Y4Y0D17DX4W</TRAN>
  <MERC>680000</MERC>
  <SESS>TEaNX1426891119</SESS>
  <RULES_TRIGGERED>0</RULES_TRIGGERED>
  <COUNTERS_TRIGGERED>0</COUNTERS_TRIGGERED>
  <REASON_CODE></REASON_CODE>
  <MASTERCARD></MASTERCARD>
  <WARNING_COUNT>0</WARNING_COUNT>
</RESPONSE>

2015-03-20T22:42:13Z
RequestParameter:  billNo: mbDwY1426891330 | startTime:2015-03-20 22:42:13

2015-03-20T22:42:13Z
Array
(
    [MODE] => U
    [FRMT] => XML
    [VERS] => 0600
    [MERC] => 680000
    [SESS] => mbDwY1426891330
    [TRAN] => 3Y4Y03WV204H
    [AUTH] => D
    [MACK] => Y
)


2015-03-20T22:42:15Z
ResponseParameter:  billNo: mbDwY1426891330 | endTime:2015-03-20 22:42:15

2015-03-20T22:42:15Z
<?xml version="1.0" encoding="UTF-8"?>
<RESPONSE>
  <VERS>0600</VERS>
  <MODE>U</MODE>
  <TRAN>3Y4Y03WV204H</TRAN>
  <MERC>680000</MERC>
  <SESS>mbDwY1426891330</SESS>
  <RULES_TRIGGERED>0</RULES_TRIGGERED>
  <COUNTERS_TRIGGERED>0</COUNTERS_TRIGGERED>
  <REASON_CODE></REASON_CODE>
  <MASTERCARD></MASTERCARD>
  <WARNING_COUNT>0</WARNING_COUNT>
</RESPONSE>

2015-03-20T22:47:04Z
RequestParameter:  billNo: a65O81426891622 | startTime:2015-03-20 22:47:04

2015-03-20T22:47:04Z
Array
(
    [MODE] => U
    [FRMT] => XML
    [VERS] => 0600
    [MERC] => 680000
    [SESS] => a65O81426891622
    [TRAN] => 3Y4Y02TR2Q06
    [AUTH] => D
    [MACK] => Y
)


2015-03-20T22:47:05Z
ResponseParameter:  billNo: a65O81426891622 | endTime:2015-03-20 22:47:05

2015-03-20T22:47:05Z
<?xml version="1.0" encoding="UTF-8"?>
<RESPONSE>
  <VERS>0600</VERS>
  <MODE>U</MODE>
  <TRAN>3Y4Y02TR2Q06</TRAN>
  <MERC>680000</MERC>
  <SESS>a65O81426891622</SESS>
  <RULES_TRIGGERED>0</RULES_TRIGGERED>
  <COUNTERS_TRIGGERED>0</COUNTERS_TRIGGERED>
  <REASON_CODE></REASON_CODE>
  <MASTERCARD></MASTERCARD>
  <WARNING_COUNT>0</WARNING_COUNT>
</RESPONSE>

2015-03-20T22:51:04Z
RequestParameter:  billNo: m4GvS1426891861 | startTime:2015-03-20 22:51:04

2015-03-20T22:51:04Z
Array
(
    [MODE] => U
    [FRMT] => XML
    [VERS] => 0600
    [MERC] => 680000
    [SESS] => m4GvS1426891861
    [TRAN] => 3Y4Y0WHJBH47
    [AUTH] => D
    [MACK] => Y
)


2015-03-20T22:51:05Z
ResponseParameter:  billNo: m4GvS1426891861 | endTime:2015-03-20 22:51:05

2015-03-20T22:51:05Z
<?xml version="1.0" encoding="UTF-8"?>
<RESPONSE>
  <VERS>0600</VERS>
  <MODE>U</MODE>
  <TRAN>3Y4Y0WHJBH47</TRAN>
  <MERC>680000</MERC>
  <SESS>m4GvS1426891861</SESS>
  <RULES_TRIGGERED>0</RULES_TRIGGERED>
  <COUNTERS_TRIGGERED>0</COUNTERS_TRIGGERED>
  <REASON_CODE></REASON_CODE>
  <MASTERCARD></MASTERCARD>
  <WARNING_COUNT>0</WARNING_COUNT>
</RESPONSE>

2015-03-20T22:52:54Z
RequestParameter:  billNo: Lsp9U1426891971 | startTime:2015-03-20 22:52:54

2015-03-20T22:52:54Z
Array
(
    [MODE] => U
    [FRMT] => XML
    [VERS] => 0600
    [MERC] => 680000
    [SESS] => Lsp9U1426891971
    [TRAN] => 3Y4Y0BHWRV7D
    [AUTH] => D
    [MACK] => Y
)


2015-03-20T22:52:56Z
ResponseParameter:  billNo: Lsp9U1426891971 | endTime:2015-03-20 22:52:56

2015-03-20T22:52:56Z
<?xml version="1.0" encoding="UTF-8"?>
<RESPONSE>
  <VERS>0600</VERS>
  <MODE>U</MODE>
  <TRAN>3Y4Y0BHWRV7D</TRAN>
  <MERC>680000</MERC>
  <SESS>Lsp9U1426891971</SESS>
  <RULES_TRIGGERED>0</RULES_TRIGGERED>
  <COUNTERS_TRIGGERED>0</COUNTERS_TRIGGERED>
  <REASON_CODE></REASON_CODE>
  <MASTERCARD></MASTERCARD>
  <WARNING_COUNT>0</WARNING_COUNT>
</RESPONSE>

2015-03-20T22:53:02Z
RequestParameter:  billNo: P5ka21426891980 | startTime:2015-03-20 22:53:02

2015-03-20T22:53:02Z
Array
(
    [MODE] => U
    [FRMT] => XML
    [VERS] => 0600
    [MERC] => 680000
    [SESS] => P5ka21426891980
    [TRAN] => 3Y4Y0JXNT1YL
    [AUTH] => D
    [MACK] => Y
)


2015-03-20T22:53:03Z
ResponseParameter:  billNo: P5ka21426891980 | endTime:2015-03-20 22:53:03

2015-03-20T22:53:03Z
<?xml version="1.0" encoding="UTF-8"?>
<RESPONSE>
  <VERS>0600</VERS>
  <MODE>U</MODE>
  <TRAN>3Y4Y0JXNT1YL</TRAN>
  <MERC>680000</MERC>
  <SESS>P5ka21426891980</SESS>
  <RULES_TRIGGERED>0</RULES_TRIGGERED>
  <COUNTERS_TRIGGERED>0</COUNTERS_TRIGGERED>
  <REASON_CODE></REASON_CODE>
  <MASTERCARD></MASTERCARD>
  <WARNING_COUNT>0</WARNING_COUNT>
</RESPONSE>

2015-03-20T22:53:11Z
RequestParameter:  billNo: KUqiF1426891990 | startTime:2015-03-20 22:53:11

2015-03-20T22:53:11Z
Array
(
    [MODE] => U
    [FRMT] => XML
    [VERS] => 0600
    [MERC] => 680000
    [SESS] => KUqiF1426891990
    [TRAN] => 3Y4Y09DW8DD7
    [AUTH] => D
    [MACK] => Y
)


2015-03-20T22:53:13Z
ResponseParameter:  billNo: KUqiF1426891990 | endTime:2015-03-20 22:53:13

2015-03-20T22:53:13Z
<?xml version="1.0" encoding="UTF-8"?>
<RESPONSE>
  <VERS>0600</VERS>
  <MODE>U</MODE>
  <TRAN>3Y4Y09DW8DD7</TRAN>
  <MERC>680000</MERC>
  <SESS>KUqiF1426891990</SESS>
  <RULES_TRIGGERED>0</RULES_TRIGGERED>
  <COUNTERS_TRIGGERED>0</COUNTERS_TRIGGERED>
  <REASON_CODE></REASON_CODE>
  <MASTERCARD></MASTERCARD>
  <WARNING_COUNT>0</WARNING_COUNT>
</RESPONSE>

2015-03-20T22:53:19Z
RequestParameter:  billNo: 8tw5n1426891996 | startTime:2015-03-20 22:53:19

2015-03-20T22:53:19Z
Array
(
    [MODE] => U
    [FRMT] => XML
    [VERS] => 0600
    [MERC] => 680000
    [SESS] => 8tw5n1426891996
    [TRAN] => 3Y4Y0V0NXMHR
    [AUTH] => D
    [MACK] => Y
)


2015-03-20T22:53:21Z
ResponseParameter:  billNo: 8tw5n1426891996 | endTime:2015-03-20 22:53:21

2015-03-20T22:53:21Z
<?xml version="1.0" encoding="UTF-8"?>
<RESPONSE>
  <VERS>0600</VERS>
  <MODE>U</MODE>
  <TRAN>3Y4Y0V0NXMHR</TRAN>
  <MERC>680000</MERC>
  <SESS>8tw5n1426891996</SESS>
  <RULES_TRIGGERED>0</RULES_TRIGGERED>
  <COUNTERS_TRIGGERED>0</COUNTERS_TRIGGERED>
  <REASON_CODE></REASON_CODE>
  <MASTERCARD></MASTERCARD>
  <WARNING_COUNT>0</WARNING_COUNT>
</RESPONSE>

2015-03-20T22:53:31Z
RequestParameter:  billNo: WJRmT1426892009 | startTime:2015-03-20 22:53:31

2015-03-20T22:53:31Z
Array
(
    [MODE] => U
    [FRMT] => XML
    [VERS] => 0600
    [MERC] => 680000
    [SESS] => WJRmT1426892009
    [TRAN] => 3Y4Y0CNNKJ00
    [AUTH] => D
    [MACK] => Y
)


2015-03-20T22:53:32Z
ResponseParameter:  billNo: WJRmT1426892009 | endTime:2015-03-20 22:53:32

2015-03-20T22:53:32Z
<?xml version="1.0" encoding="UTF-8"?>
<RESPONSE>
  <VERS>0600</VERS>
  <MODE>U</MODE>
  <TRAN>3Y4Y0CNNKJ00</TRAN>
  <MERC>680000</MERC>
  <SESS>WJRmT1426892009</SESS>
  <RULES_TRIGGERED>0</RULES_TRIGGERED>
  <COUNTERS_TRIGGERED>0</COUNTERS_TRIGGERED>
  <REASON_CODE></REASON_CODE>
  <MASTERCARD></MASTERCARD>
  <WARNING_COUNT>0</WARNING_COUNT>
</RESPONSE>

2015-03-20T22:57:17Z
RequestParameter:  billNo: aiolt1426892235 | startTime:2015-03-20 22:57:17

2015-03-20T22:57:17Z
Array
(
    [MODE] => U
    [FRMT] => XML
    [VERS] => 0600
    [MERC] => 680000
    [SESS] => aiolt1426892235
    [TRAN] => 3Y4Y0KDSJ2M7
    [AUTH] => D
    [MACK] => Y
)


2015-03-20T22:57:18Z
ResponseParameter:  billNo: aiolt1426892235 | endTime:2015-03-20 22:57:18

2015-03-20T22:57:18Z
<?xml version="1.0" encoding="UTF-8"?>
<RESPONSE>
  <VERS>0600</VERS>
  <MODE>U</MODE>
  <TRAN>3Y4Y0KDSJ2M7</TRAN>
  <MERC>680000</MERC>
  <SESS>aiolt1426892235</SESS>
  <RULES_TRIGGERED>0</RULES_TRIGGERED>
  <COUNTERS_TRIGGERED>0</COUNTERS_TRIGGERED>
  <REASON_CODE></REASON_CODE>
  <MASTERCARD></MASTERCARD>
  <WARNING_COUNT>0</WARNING_COUNT>
</RESPONSE>

2015-03-20T22:57:30Z
RequestParameter:  billNo: hYObS1426892248 | startTime:2015-03-20 22:57:30

2015-03-20T22:57:30Z
Array
(
    [MODE] => U
    [FRMT] => XML
    [VERS] => 0600
    [MERC] => 680000
    [SESS] => hYObS1426892248
    [TRAN] => 3Y4Y04X69YHB
    [AUTH] => D
    [MACK] => Y
)


2015-03-20T22:57:32Z
ResponseParameter:  billNo: hYObS1426892248 | endTime:2015-03-20 22:57:32

2015-03-20T22:57:32Z
<?xml version="1.0" encoding="UTF-8"?>
<RESPONSE>
  <VERS>0600</VERS>
  <MODE>U</MODE>
  <TRAN>3Y4Y04X69YHB</TRAN>
  <MERC>680000</MERC>
  <SESS>hYObS1426892248</SESS>
  <RULES_TRIGGERED>0</RULES_TRIGGERED>
  <COUNTERS_TRIGGERED>0</COUNTERS_TRIGGERED>
  <REASON_CODE></REASON_CODE>
  <MASTERCARD></MASTERCARD>
  <WARNING_COUNT>0</WARNING_COUNT>
</RESPONSE>

2015-03-20T22:59:14Z
RequestParameter:  billNo: dSDNq1426892351 | startTime:2015-03-20 22:59:14

2015-03-20T22:59:14Z
Array
(
    [MODE] => U
    [FRMT] => XML
    [VERS] => 0600
    [MERC] => 680000
    [SESS] => dSDNq1426892351
    [TRAN] => 3Y4Y0N849BWX
    [AUTH] => D
    [MACK] => Y
)


2015-03-20T22:59:15Z
ResponseParameter:  billNo: dSDNq1426892351 | endTime:2015-03-20 22:59:15

2015-03-20T22:59:15Z
<?xml version="1.0" encoding="UTF-8"?>
<RESPONSE>
  <VERS>0600</VERS>
  <MODE>U</MODE>
  <TRAN>3Y4Y0N849BWX</TRAN>
  <MERC>680000</MERC>
  <SESS>dSDNq1426892351</SESS>
  <RULES_TRIGGERED>0</RULES_TRIGGERED>
  <COUNTERS_TRIGGERED>0</COUNTERS_TRIGGERED>
  <REASON_CODE></REASON_CODE>
  <MASTERCARD></MASTERCARD>
  <WARNING_COUNT>0</WARNING_COUNT>
</RESPONSE>

2015-03-20T22:59:21Z
RequestParameter:  billNo: qoG5y1426892359 | startTime:2015-03-20 22:59:21

2015-03-20T22:59:21Z
Array
(
    [MODE] => U
    [FRMT] => XML
    [VERS] => 0600
    [MERC] => 680000
    [SESS] => qoG5y1426892359
    [TRAN] => 3Y4Y0X5LD5N5
    [AUTH] => D
    [MACK] => Y
)


2015-03-20T22:59:22Z
ResponseParameter:  billNo: qoG5y1426892359 | endTime:2015-03-20 22:59:22

2015-03-20T22:59:22Z
<?xml version="1.0" encoding="UTF-8"?>
<RESPONSE>
  <VERS>0600</VERS>
  <MODE>U</MODE>
  <TRAN>3Y4Y0X5LD5N5</TRAN>
  <MERC>680000</MERC>
  <SESS>qoG5y1426892359</SESS>
  <RULES_TRIGGERED>0</RULES_TRIGGERED>
  <COUNTERS_TRIGGERED>0</COUNTERS_TRIGGERED>
  <REASON_CODE></REASON_CODE>
  <MASTERCARD></MASTERCARD>
  <WARNING_COUNT>0</WARNING_COUNT>
</RESPONSE>

2015-03-20T23:01:51Z
RequestParameter:  billNo: v4YjD1426892510 | startTime:2015-03-20 23:01:51

2015-03-20T23:01:51Z
Array
(
    [MODE] => U
    [FRMT] => XML
    [VERS] => 0600
    [MERC] => 680000
    [SESS] => v4YjD1426892510
    [TRAN] => 3Y4H0QRXCMZB
    [AUTH] => D
    [MACK] => Y
)


2015-03-20T23:01:52Z
ResponseParameter:  billNo: v4YjD1426892510 | endTime:2015-03-20 23:01:52

2015-03-20T23:01:52Z
<?xml version="1.0" encoding="UTF-8"?>
<RESPONSE>
  <VERS>0600</VERS>
  <MODE>U</MODE>
  <TRAN>3Y4H0QRXCMZB</TRAN>
  <MERC>680000</MERC>
  <SESS>v4YjD1426892510</SESS>
  <RULES_TRIGGERED>0</RULES_TRIGGERED>
  <COUNTERS_TRIGGERED>0</COUNTERS_TRIGGERED>
  <REASON_CODE></REASON_CODE>
  <MASTERCARD></MASTERCARD>
  <WARNING_COUNT>0</WARNING_COUNT>
</RESPONSE>

2015-03-20T23:02:11Z
RequestParameter:  billNo: fGZXy1426892529 | startTime:2015-03-20 23:02:11

2015-03-20T23:02:11Z
Array
(
    [MODE] => U
    [FRMT] => XML
    [VERS] => 0600
    [MERC] => 680000
    [SESS] => fGZXy1426892529
    [TRAN] => 3Y4H0GSRKQ5W
    [AUTH] => D
    [MACK] => Y
)


2015-03-20T23:02:12Z
ResponseParameter:  billNo: fGZXy1426892529 | endTime:2015-03-20 23:02:12

2015-03-20T23:02:12Z
<?xml version="1.0" encoding="UTF-8"?>
<RESPONSE>
  <VERS>0600</VERS>
  <MODE>U</MODE>
  <TRAN>3Y4H0GSRKQ5W</TRAN>
  <MERC>680000</MERC>
  <SESS>fGZXy1426892529</SESS>
  <RULES_TRIGGERED>0</RULES_TRIGGERED>
  <COUNTERS_TRIGGERED>0</COUNTERS_TRIGGERED>
  <REASON_CODE></REASON_CODE>
  <MASTERCARD></MASTERCARD>
  <WARNING_COUNT>0</WARNING_COUNT>
</RESPONSE>

2015-03-20T23:02:26Z
RequestParameter:  billNo: jzXAG1426892544 | startTime:2015-03-20 23:02:26

2015-03-20T23:02:26Z
Array
(
    [MODE] => U
    [FRMT] => XML
    [VERS] => 0600
    [MERC] => 680000
    [SESS] => jzXAG1426892544
    [TRAN] => 3Y4H0SR22LSK
    [AUTH] => D
    [MACK] => Y
)


2015-03-20T23:02:26Z
ResponseParameter:  billNo: jzXAG1426892544 | endTime:2015-03-20 23:02:26

2015-03-20T23:02:26Z
<?xml version="1.0" encoding="UTF-8"?>
<RESPONSE>
  <VERS>0600</VERS>
  <MODE>U</MODE>
  <TRAN>3Y4H0SR22LSK</TRAN>
  <MERC>680000</MERC>
  <SESS>jzXAG1426892544</SESS>
  <RULES_TRIGGERED>0</RULES_TRIGGERED>
  <COUNTERS_TRIGGERED>0</COUNTERS_TRIGGERED>
  <REASON_CODE></REASON_CODE>
  <MASTERCARD></MASTERCARD>
  <WARNING_COUNT>0</WARNING_COUNT>
</RESPONSE>

2015-03-20T23:03:10Z
RequestParameter:  billNo: 372mM1426892588 | startTime:2015-03-20 23:03:10

2015-03-20T23:03:10Z
Array
(
    [MODE] => U
    [FRMT] => XML
    [VERS] => 0600
    [MERC] => 680000
    [SESS] => 372mM1426892588
    [TRAN] => 3Y4H0D10JGKT
    [AUTH] => D
    [MACK] => Y
)


2015-03-20T23:03:10Z
ResponseParameter:  billNo: 372mM1426892588 | endTime:2015-03-20 23:03:10

2015-03-20T23:03:10Z
<?xml version="1.0" encoding="UTF-8"?>
<RESPONSE>
  <VERS>0600</VERS>
  <MODE>U</MODE>
  <TRAN>3Y4H0D10JGKT</TRAN>
  <MERC>680000</MERC>
  <SESS>372mM1426892588</SESS>
  <RULES_TRIGGERED>0</RULES_TRIGGERED>
  <COUNTERS_TRIGGERED>0</COUNTERS_TRIGGERED>
  <REASON_CODE></REASON_CODE>
  <MASTERCARD></MASTERCARD>
  <WARNING_COUNT>0</WARNING_COUNT>
</RESPONSE>

2015-03-20T23:03:15Z
RequestParameter:  billNo: LpWbw1426892594 | startTime:2015-03-20 23:03:15

2015-03-20T23:03:15Z
Array
(
    [MODE] => U
    [FRMT] => XML
    [VERS] => 0600
    [MERC] => 680000
    [SESS] => LpWbw1426892594
    [TRAN] => 3Y4H0QWG6Y30
    [AUTH] => D
    [MACK] => Y
)


2015-03-20T23:03:16Z
ResponseParameter:  billNo: LpWbw1426892594 | endTime:2015-03-20 23:03:16

2015-03-20T23:03:16Z
<?xml version="1.0" encoding="UTF-8"?>
<RESPONSE>
  <VERS>0600</VERS>
  <MODE>U</MODE>
  <TRAN>3Y4H0QWG6Y30</TRAN>
  <MERC>680000</MERC>
  <SESS>LpWbw1426892594</SESS>
  <RULES_TRIGGERED>0</RULES_TRIGGERED>
  <COUNTERS_TRIGGERED>0</COUNTERS_TRIGGERED>
  <REASON_CODE></REASON_CODE>
  <MASTERCARD></MASTERCARD>
  <WARNING_COUNT>0</WARNING_COUNT>
</RESPONSE>

2015-03-20T23:03:22Z
RequestParameter:  billNo: 3PyjZ1426892600 | startTime:2015-03-20 23:03:22

2015-03-20T23:03:22Z
Array
(
    [MODE] => U
    [FRMT] => XML
    [VERS] => 0600
    [MERC] => 680000
    [SESS] => 3PyjZ1426892600
    [TRAN] => 3Y4H0JKH28NW
    [AUTH] => D
    [MACK] => Y
)


2015-03-20T23:03:23Z
ResponseParameter:  billNo: 3PyjZ1426892600 | endTime:2015-03-20 23:03:23

2015-03-20T23:03:23Z
<?xml version="1.0" encoding="UTF-8"?>
<RESPONSE>
  <VERS>0600</VERS>
  <MODE>U</MODE>
  <TRAN>3Y4H0JKH28NW</TRAN>
  <MERC>680000</MERC>
  <SESS>3PyjZ1426892600</SESS>
  <RULES_TRIGGERED>0</RULES_TRIGGERED>
  <COUNTERS_TRIGGERED>0</COUNTERS_TRIGGERED>
  <REASON_CODE></REASON_CODE>
  <MASTERCARD></MASTERCARD>
  <WARNING_COUNT>0</WARNING_COUNT>
</RESPONSE>

2015-03-20T23:04:51Z
RequestParameter:  billNo: mPNoL1426892690 | startTime:2015-03-20 23:04:51

2015-03-20T23:04:51Z
Array
(
    [MODE] => U
    [FRMT] => XML
    [VERS] => 0600
    [MERC] => 680000
    [SESS] => mPNoL1426892690
    [TRAN] => 3Y4H0N0YQQGQ
    [AUTH] => D
    [MACK] => Y
)


2015-03-20T23:04:52Z
ResponseParameter:  billNo: mPNoL1426892690 | endTime:2015-03-20 23:04:52

2015-03-20T23:04:52Z
<?xml version="1.0" encoding="UTF-8"?>
<RESPONSE>
  <VERS>0600</VERS>
  <MODE>U</MODE>
  <TRAN>3Y4H0N0YQQGQ</TRAN>
  <MERC>680000</MERC>
  <SESS>mPNoL1426892690</SESS>
  <RULES_TRIGGERED>0</RULES_TRIGGERED>
  <COUNTERS_TRIGGERED>0</COUNTERS_TRIGGERED>
  <REASON_CODE></REASON_CODE>
  <MASTERCARD></MASTERCARD>
  <WARNING_COUNT>0</WARNING_COUNT>
</RESPONSE>

2015-03-20T23:06:56Z
RequestParameter:  billNo: 8s9fG1426892815 | startTime:2015-03-20 23:06:56

2015-03-20T23:06:56Z
Array
(
    [MODE] => U
    [FRMT] => XML
    [VERS] => 0600
    [MERC] => 680000
    [SESS] => 8s9fG1426892815
    [TRAN] => 3Y4H0KNW4L0Z
    [AUTH] => D
    [MACK] => Y
)


2015-03-20T23:06:57Z
ResponseParameter:  billNo: 8s9fG1426892815 | endTime:2015-03-20 23:06:57

2015-03-20T23:06:57Z
<?xml version="1.0" encoding="UTF-8"?>
<RESPONSE>
  <VERS>0600</VERS>
  <MODE>U</MODE>
  <TRAN>3Y4H0KNW4L0Z</TRAN>
  <MERC>680000</MERC>
  <SESS>8s9fG1426892815</SESS>
  <RULES_TRIGGERED>0</RULES_TRIGGERED>
  <COUNTERS_TRIGGERED>0</COUNTERS_TRIGGERED>
  <REASON_CODE></REASON_CODE>
  <MASTERCARD></MASTERCARD>
  <WARNING_COUNT>0</WARNING_COUNT>
</RESPONSE>

2015-03-20T23:08:02Z
RequestParameter:  billNo: ZLqRr1426892880 | startTime:2015-03-20 23:08:02

2015-03-20T23:08:02Z
Array
(
    [MODE] => U
    [FRMT] => XML
    [VERS] => 0600
    [MERC] => 680000
    [SESS] => ZLqRr1426892880
    [TRAN] => 3Y4H0KQ679J9
    [AUTH] => D
    [MACK] => Y
)


2015-03-20T23:08:02Z
ResponseParameter:  billNo: ZLqRr1426892880 | endTime:2015-03-20 23:08:02

2015-03-20T23:08:02Z
<?xml version="1.0" encoding="UTF-8"?>
<RESPONSE>
  <VERS>0600</VERS>
  <MODE>U</MODE>
  <TRAN>3Y4H0KQ679J9</TRAN>
  <MERC>680000</MERC>
  <SESS>ZLqRr1426892880</SESS>
  <RULES_TRIGGERED>0</RULES_TRIGGERED>
  <COUNTERS_TRIGGERED>0</COUNTERS_TRIGGERED>
  <REASON_CODE></REASON_CODE>
  <MASTERCARD></MASTERCARD>
  <WARNING_COUNT>0</WARNING_COUNT>
</RESPONSE>

2015-03-20T23:08:13Z
RequestParameter:  billNo: PbG9i1426892891 | startTime:2015-03-20 23:08:13

2015-03-20T23:08:13Z
Array
(
    [MODE] => U
    [FRMT] => XML
    [VERS] => 0600
    [MERC] => 680000
    [SESS] => PbG9i1426892891
    [TRAN] => 3Y4H0C6B65HW
    [AUTH] => D
    [MACK] => Y
)


2015-03-20T23:08:14Z
ResponseParameter:  billNo: PbG9i1426892891 | endTime:2015-03-20 23:08:14

2015-03-20T23:08:14Z
<?xml version="1.0" encoding="UTF-8"?>
<RESPONSE>
  <VERS>0600</VERS>
  <MODE>U</MODE>
  <TRAN>3Y4H0C6B65HW</TRAN>
  <MERC>680000</MERC>
  <SESS>PbG9i1426892891</SESS>
  <RULES_TRIGGERED>0</RULES_TRIGGERED>
  <COUNTERS_TRIGGERED>0</COUNTERS_TRIGGERED>
  <REASON_CODE></REASON_CODE>
  <MASTERCARD></MASTERCARD>
  <WARNING_COUNT>0</WARNING_COUNT>
</RESPONSE>

2015-03-20T23:08:56Z
RequestParameter:  billNo: A8Pc71426892934 | startTime:2015-03-20 23:08:56

2015-03-20T23:08:56Z
Array
(
    [MODE] => U
    [FRMT] => XML
    [VERS] => 0600
    [MERC] => 680000
    [SESS] => A8Pc71426892934
    [TRAN] => 3Y4H0KBZBRSS
    [AUTH] => D
    [MACK] => Y
)


2015-03-20T23:08:57Z
ResponseParameter:  billNo: A8Pc71426892934 | endTime:2015-03-20 23:08:57

2015-03-20T23:08:57Z
<?xml version="1.0" encoding="UTF-8"?>
<RESPONSE>
  <VERS>0600</VERS>
  <MODE>U</MODE>
  <TRAN>3Y4H0KBZBRSS</TRAN>
  <MERC>680000</MERC>
  <SESS>A8Pc71426892934</SESS>
  <RULES_TRIGGERED>0</RULES_TRIGGERED>
  <COUNTERS_TRIGGERED>0</COUNTERS_TRIGGERED>
  <REASON_CODE></REASON_CODE>
  <MASTERCARD></MASTERCARD>
  <WARNING_COUNT>0</WARNING_COUNT>
</RESPONSE>

2015-03-20T23:09:02Z
RequestParameter:  billNo: 3z9Pw1426892940 | startTime:2015-03-20 23:09:02

2015-03-20T23:09:02Z
Array
(
    [MODE] => U
    [FRMT] => XML
    [VERS] => 0600
    [MERC] => 680000
    [SESS] => 3z9Pw1426892940
    [TRAN] => 3Y4H0GZQXK1X
    [AUTH] => D
    [MACK] => Y
)


2015-03-20T23:09:03Z
ResponseParameter:  billNo: 3z9Pw1426892940 | endTime:2015-03-20 23:09:03

2015-03-20T23:09:03Z
<?xml version="1.0" encoding="UTF-8"?>
<RESPONSE>
  <VERS>0600</VERS>
  <MODE>U</MODE>
  <TRAN>3Y4H0GZQXK1X</TRAN>
  <MERC>680000</MERC>
  <SESS>3z9Pw1426892940</SESS>
  <RULES_TRIGGERED>0</RULES_TRIGGERED>
  <COUNTERS_TRIGGERED>0</COUNTERS_TRIGGERED>
  <REASON_CODE></REASON_CODE>
  <MASTERCARD></MASTERCARD>
  <WARNING_COUNT>0</WARNING_COUNT>
</RESPONSE>

2015-03-20T23:09:07Z
RequestParameter:  billNo: FK0kP1426892946 | startTime:2015-03-20 23:09:07

2015-03-20T23:09:07Z
Array
(
    [MODE] => U
    [FRMT] => XML
    [VERS] => 0600
    [MERC] => 680000
    [SESS] => FK0kP1426892946
    [TRAN] => 3Y4H0WNZ6DV8
    [AUTH] => D
    [MACK] => Y
)


2015-03-20T23:09:08Z
ResponseParameter:  billNo: FK0kP1426892946 | endTime:2015-03-20 23:09:08

2015-03-20T23:09:08Z
<?xml version="1.0" encoding="UTF-8"?>
<RESPONSE>
  <VERS>0600</VERS>
  <MODE>U</MODE>
  <TRAN>3Y4H0WNZ6DV8</TRAN>
  <MERC>680000</MERC>
  <SESS>FK0kP1426892946</SESS>
  <RULES_TRIGGERED>0</RULES_TRIGGERED>
  <COUNTERS_TRIGGERED>0</COUNTERS_TRIGGERED>
  <REASON_CODE></REASON_CODE>
  <MASTERCARD></MASTERCARD>
  <WARNING_COUNT>0</WARNING_COUNT>
</RESPONSE>

2015-03-20T23:09:12Z
RequestParameter:  billNo: 5Inip1426892951 | startTime:2015-03-20 23:09:12

2015-03-20T23:09:12Z
Array
(
    [MODE] => U
    [FRMT] => XML
    [VERS] => 0600
    [MERC] => 680000
    [SESS] => 5Inip1426892951
    [TRAN] => 3Y4H06WZT4WZ
    [AUTH] => D
    [MACK] => Y
)


2015-03-20T23:09:13Z
ResponseParameter:  billNo: 5Inip1426892951 | endTime:2015-03-20 23:09:13

2015-03-20T23:09:13Z
<?xml version="1.0" encoding="UTF-8"?>
<RESPONSE>
  <VERS>0600</VERS>
  <MODE>U</MODE>
  <TRAN>3Y4H06WZT4WZ</TRAN>
  <MERC>680000</MERC>
  <SESS>5Inip1426892951</SESS>
  <RULES_TRIGGERED>0</RULES_TRIGGERED>
  <COUNTERS_TRIGGERED>0</COUNTERS_TRIGGERED>
  <REASON_CODE></REASON_CODE>
  <MASTERCARD></MASTERCARD>
  <WARNING_COUNT>0</WARNING_COUNT>
</RESPONSE>

2015-03-20T23:09:18Z
RequestParameter:  billNo: IQM3E1426892956 | startTime:2015-03-20 23:09:18

2015-03-20T23:09:18Z
Array
(
    [MODE] => U
    [FRMT] => XML
    [VERS] => 0600
    [MERC] => 680000
    [SESS] => IQM3E1426892956
    [TRAN] => 3Y4H0R7L0RP7
    [AUTH] => D
    [MACK] => Y
)


2015-03-20T23:09:19Z
ResponseParameter:  billNo: IQM3E1426892956 | endTime:2015-03-20 23:09:19

2015-03-20T23:09:19Z
<?xml version="1.0" encoding="UTF-8"?>
<RESPONSE>
  <VERS>0600</VERS>
  <MODE>U</MODE>
  <TRAN>3Y4H0R7L0RP7</TRAN>
  <MERC>680000</MERC>
  <SESS>IQM3E1426892956</SESS>
  <RULES_TRIGGERED>0</RULES_TRIGGERED>
  <COUNTERS_TRIGGERED>0</COUNTERS_TRIGGERED>
  <REASON_CODE></REASON_CODE>
  <MASTERCARD></MASTERCARD>
  <WARNING_COUNT>0</WARNING_COUNT>
</RESPONSE>

2015-03-20T23:09:24Z
RequestParameter:  billNo: ATHsC1426892962 | startTime:2015-03-20 23:09:24

2015-03-20T23:09:24Z
Array
(
    [MODE] => U
    [FRMT] => XML
    [VERS] => 0600
    [MERC] => 680000
    [SESS] => ATHsC1426892962
    [TRAN] => 3Y4H0XKCQGY0
    [AUTH] => D
    [MACK] => Y
)


2015-03-20T23:09:25Z
ResponseParameter:  billNo: ATHsC1426892962 | endTime:2015-03-20 23:09:25

2015-03-20T23:09:25Z
<?xml version="1.0" encoding="UTF-8"?>
<RESPONSE>
  <VERS>0600</VERS>
  <MODE>U</MODE>
  <TRAN>3Y4H0XKCQGY0</TRAN>
  <MERC>680000</MERC>
  <SESS>ATHsC1426892962</SESS>
  <RULES_TRIGGERED>0</RULES_TRIGGERED>
  <COUNTERS_TRIGGERED>0</COUNTERS_TRIGGERED>
  <REASON_CODE></REASON_CODE>
  <MASTERCARD></MASTERCARD>
  <WARNING_COUNT>0</WARNING_COUNT>
</RESPONSE>

2015-03-20T23:09:30Z
RequestParameter:  billNo: TYspk1426892968 | startTime:2015-03-20 23:09:30

2015-03-20T23:09:30Z
Array
(
    [MODE] => U
    [FRMT] => XML
    [VERS] => 0600
    [MERC] => 680000
    [SESS] => TYspk1426892968
    [TRAN] => 3Y4H00XRB42K
    [AUTH] => D
    [MACK] => Y
)


2015-03-20T23:09:31Z
ResponseParameter:  billNo: TYspk1426892968 | endTime:2015-03-20 23:09:31

2015-03-20T23:09:31Z
<?xml version="1.0" encoding="UTF-8"?>
<RESPONSE>
  <VERS>0600</VERS>
  <MODE>U</MODE>
  <TRAN>3Y4H00XRB42K</TRAN>
  <MERC>680000</MERC>
  <SESS>TYspk1426892968</SESS>
  <RULES_TRIGGERED>0</RULES_TRIGGERED>
  <COUNTERS_TRIGGERED>0</COUNTERS_TRIGGERED>
  <REASON_CODE></REASON_CODE>
  <MASTERCARD></MASTERCARD>
  <WARNING_COUNT>0</WARNING_COUNT>
</RESPONSE>

2015-03-20T23:22:29Z
RequestParameter:  billNo: jtAwl1426893747 | startTime:2015-03-20 23:22:29

2015-03-20T23:22:29Z
Array
(
    [MODE] => U
    [FRMT] => XML
    [VERS] => 0600
    [MERC] => 680000
    [SESS] => jtAwl1426893747
    [TRAN] => 3Y4H0V2V9G6K
    [AUTH] => D
    [MACK] => Y
)


2015-03-20T23:22:30Z
ResponseParameter:  billNo: jtAwl1426893747 | endTime:2015-03-20 23:22:30

2015-03-20T23:22:30Z
<?xml version="1.0" encoding="UTF-8"?>
<RESPONSE>
  <VERS>0600</VERS>
  <MODE>U</MODE>
  <TRAN>3Y4H0V2V9G6K</TRAN>
  <MERC>680000</MERC>
  <SESS>jtAwl1426893747</SESS>
  <RULES_TRIGGERED>0</RULES_TRIGGERED>
  <COUNTERS_TRIGGERED>0</COUNTERS_TRIGGERED>
  <REASON_CODE></REASON_CODE>
  <MASTERCARD></MASTERCARD>
  <WARNING_COUNT>0</WARNING_COUNT>
</RESPONSE>

2015-03-20T23:28:21Z
RequestParameter:  billNo: YCwJ41426894100 | startTime:2015-03-20 23:28:21

2015-03-20T23:28:21Z
Array
(
    [MODE] => U
    [FRMT] => XML
    [VERS] => 0600
    [MERC] => 680000
    [SESS] => YCwJ41426894100
    [TRAN] => 3Y4H06RKR22J
    [AUTH] => D
    [MACK] => Y
)


2015-03-20T23:28:22Z
ResponseParameter:  billNo: YCwJ41426894100 | endTime:2015-03-20 23:28:22

2015-03-20T23:28:22Z
<?xml version="1.0" encoding="UTF-8"?>
<RESPONSE>
  <VERS>0600</VERS>
  <MODE>U</MODE>
  <TRAN>3Y4H06RKR22J</TRAN>
  <MERC>680000</MERC>
  <SESS>YCwJ41426894100</SESS>
  <RULES_TRIGGERED>0</RULES_TRIGGERED>
  <COUNTERS_TRIGGERED>0</COUNTERS_TRIGGERED>
  <REASON_CODE></REASON_CODE>
  <MASTERCARD></MASTERCARD>
  <WARNING_COUNT>0</WARNING_COUNT>
</RESPONSE>

2015-03-20T23:30:07Z
RequestParameter:  billNo: PNfuU1426894205 | startTime:2015-03-20 23:30:07

2015-03-20T23:30:07Z
Array
(
    [MODE] => U
    [FRMT] => XML
    [VERS] => 0600
    [MERC] => 680000
    [SESS] => PNfuU1426894205
    [TRAN] => 3Y4H0SZQC34S
    [AUTH] => D
    [MACK] => Y
)


2015-03-20T23:30:08Z
ResponseParameter:  billNo: PNfuU1426894205 | endTime:2015-03-20 23:30:08

2015-03-20T23:30:08Z
<?xml version="1.0" encoding="UTF-8"?>
<RESPONSE>
  <VERS>0600</VERS>
  <MODE>U</MODE>
  <TRAN>3Y4H0SZQC34S</TRAN>
  <MERC>680000</MERC>
  <SESS>PNfuU1426894205</SESS>
  <RULES_TRIGGERED>0</RULES_TRIGGERED>
  <COUNTERS_TRIGGERED>0</COUNTERS_TRIGGERED>
  <REASON_CODE></REASON_CODE>
  <MASTERCARD></MASTERCARD>
  <WARNING_COUNT>0</WARNING_COUNT>
</RESPONSE>

2015-03-20T23:30:35Z
RequestParameter:  billNo: yGPS91426894233 | startTime:2015-03-20 23:30:35

2015-03-20T23:30:35Z
Array
(
    [MODE] => U
    [FRMT] => XML
    [VERS] => 0600
    [MERC] => 680000
    [SESS] => yGPS91426894233
    [TRAN] => 3Y4H01XLSBTG
    [AUTH] => D
    [MACK] => Y
)


2015-03-20T23:30:37Z
ResponseParameter:  billNo: yGPS91426894233 | endTime:2015-03-20 23:30:37

2015-03-20T23:30:37Z
<?xml version="1.0" encoding="UTF-8"?>
<RESPONSE>
  <VERS>0600</VERS>
  <MODE>U</MODE>
  <TRAN>3Y4H01XLSBTG</TRAN>
  <MERC>680000</MERC>
  <SESS>yGPS91426894233</SESS>
  <RULES_TRIGGERED>0</RULES_TRIGGERED>
  <COUNTERS_TRIGGERED>0</COUNTERS_TRIGGERED>
  <REASON_CODE></REASON_CODE>
  <MASTERCARD></MASTERCARD>
  <WARNING_COUNT>0</WARNING_COUNT>
</RESPONSE>

2015-03-20T23:31:30Z
RequestParameter:  billNo: cAvtK1426894288 | startTime:2015-03-20 23:31:30

2015-03-20T23:31:30Z
Array
(
    [MODE] => U
    [FRMT] => XML
    [VERS] => 0600
    [MERC] => 680000
    [SESS] => cAvtK1426894288
    [TRAN] => 3Y4H0KDRM9ZK
    [AUTH] => D
    [MACK] => Y
)


2015-03-20T23:31:31Z
ResponseParameter:  billNo: cAvtK1426894288 | endTime:2015-03-20 23:31:31

2015-03-20T23:31:31Z
<?xml version="1.0" encoding="UTF-8"?>
<RESPONSE>
  <VERS>0600</VERS>
  <MODE>U</MODE>
  <TRAN>3Y4H0KDRM9ZK</TRAN>
  <MERC>680000</MERC>
  <SESS>cAvtK1426894288</SESS>
  <RULES_TRIGGERED>0</RULES_TRIGGERED>
  <COUNTERS_TRIGGERED>0</COUNTERS_TRIGGERED>
  <REASON_CODE></REASON_CODE>
  <MASTERCARD></MASTERCARD>
  <WARNING_COUNT>0</WARNING_COUNT>
</RESPONSE>

2015-03-20T23:49:31Z
RequestParameter:  billNo: 87i5T1426895369 | startTime:2015-03-20 23:49:31

2015-03-20T23:49:31Z
Array
(
    [MODE] => U
    [FRMT] => XML
    [VERS] => 0600
    [MERC] => 680000
    [SESS] => 87i5T1426895369
    [TRAN] => 3Y4H0DTT0W8L
    [AUTH] => D
    [MACK] => Y
)


2015-03-20T23:49:32Z
ResponseParameter:  billNo: 87i5T1426895369 | endTime:2015-03-20 23:49:32

2015-03-20T23:49:32Z
<?xml version="1.0" encoding="UTF-8"?>
<RESPONSE>
  <VERS>0600</VERS>
  <MODE>U</MODE>
  <TRAN>3Y4H0DTT0W8L</TRAN>
  <MERC>680000</MERC>
  <SESS>87i5T1426895369</SESS>
  <RULES_TRIGGERED>0</RULES_TRIGGERED>
  <COUNTERS_TRIGGERED>0</COUNTERS_TRIGGERED>
  <REASON_CODE></REASON_CODE>
  <MASTERCARD></MASTERCARD>
  <WARNING_COUNT>0</WARNING_COUNT>
</RESPONSE>

2015-03-20T23:49:37Z
RequestParameter:  billNo: puhN31426895375 | startTime:2015-03-20 23:49:37

2015-03-20T23:49:37Z
Array
(
    [MODE] => U
    [FRMT] => XML
    [VERS] => 0600
    [MERC] => 680000
    [SESS] => puhN31426895375
    [TRAN] => 3Y4H0BKP30B7
    [AUTH] => D
    [MACK] => Y
)


2015-03-20T23:49:38Z
ResponseParameter:  billNo: puhN31426895375 | endTime:2015-03-20 23:49:38

2015-03-20T23:49:38Z
<?xml version="1.0" encoding="UTF-8"?>
<RESPONSE>
  <VERS>0600</VERS>
  <MODE>U</MODE>
  <TRAN>3Y4H0BKP30B7</TRAN>
  <MERC>680000</MERC>
  <SESS>puhN31426895375</SESS>
  <RULES_TRIGGERED>0</RULES_TRIGGERED>
  <COUNTERS_TRIGGERED>0</COUNTERS_TRIGGERED>
  <REASON_CODE></REASON_CODE>
  <MASTERCARD></MASTERCARD>
  <WARNING_COUNT>0</WARNING_COUNT>
</RESPONSE>

2015-03-20T23:49:43Z
RequestParameter:  billNo: rxUDO1426895382 | startTime:2015-03-20 23:49:43

2015-03-20T23:49:43Z
Array
(
    [MODE] => U
    [FRMT] => XML
    [VERS] => 0600
    [MERC] => 680000
    [SESS] => rxUDO1426895382
    [TRAN] => 3Y4H0MZPC0KT
    [AUTH] => D
    [MACK] => Y
)


2015-03-20T23:49:45Z
ResponseParameter:  billNo: rxUDO1426895382 | endTime:2015-03-20 23:49:45

2015-03-20T23:49:45Z
<?xml version="1.0" encoding="UTF-8"?>
<RESPONSE>
  <VERS>0600</VERS>
  <MODE>U</MODE>
  <TRAN>3Y4H0MZPC0KT</TRAN>
  <MERC>680000</MERC>
  <SESS>rxUDO1426895382</SESS>
  <RULES_TRIGGERED>0</RULES_TRIGGERED>
  <COUNTERS_TRIGGERED>0</COUNTERS_TRIGGERED>
  <REASON_CODE></REASON_CODE>
  <MASTERCARD></MASTERCARD>
  <WARNING_COUNT>0</WARNING_COUNT>
</RESPONSE>

2015-03-20T23:49:51Z
RequestParameter:  billNo: LARNw1426895388 | startTime:2015-03-20 23:49:51

2015-03-20T23:49:51Z
Array
(
    [MODE] => U
    [FRMT] => XML
    [VERS] => 0600
    [MERC] => 680000
    [SESS] => LARNw1426895388
    [TRAN] => 3Y4H0Y7NZ8VQ
    [AUTH] => D
    [MACK] => Y
)


2015-03-20T23:49:52Z
ResponseParameter:  billNo: LARNw1426895388 | endTime:2015-03-20 23:49:52

2015-03-20T23:49:52Z
<?xml version="1.0" encoding="UTF-8"?>
<RESPONSE>
  <VERS>0600</VERS>
  <MODE>U</MODE>
  <TRAN>3Y4H0Y7NZ8VQ</TRAN>
  <MERC>680000</MERC>
  <SESS>LARNw1426895388</SESS>
  <RULES_TRIGGERED>0</RULES_TRIGGERED>
  <COUNTERS_TRIGGERED>0</COUNTERS_TRIGGERED>
  <REASON_CODE></REASON_CODE>
  <MASTERCARD></MASTERCARD>
  <WARNING_COUNT>0</WARNING_COUNT>
</RESPONSE>

