2015-11-05T02:25:23Z
RequestParameter:  billNo: 2015101211 | startTime:2015-11-05 02:25:23

2015-11-05T02:25:23Z
Array
(
    [MODE] => U
    [FRMT] => XML
    [VERS] => 0630
    [MERC] => 680000
    [SESS] => 5qvv8vbk4g8aadcnbhf9vvj331
    [TRAN] => 33WN01XPTRCY
    [AUTH] => D
    [MACK] => Y
)


2015-11-05T02:25:24Z
ResponseParameter:  billNo: 2015101211 | endTime:2015-11-05 02:25:24

2015-11-05T02:25:24Z
<?xml version="1.0" encoding="UTF-8"?>
<RESPONSE>
  <VERS>0630</VERS>
  <MODE>U</MODE>
  <TRAN>33WN01XPTRCY</TRAN>
  <MERC>680000</MERC>
  <SESS>5qvv8vbk4g8aadcnbhf9vvj331</SESS>
  <RULES_TRIGGERED>0</RULES_TRIGGERED>
  <COUNTERS_TRIGGERED>0</COUNTERS_TRIGGERED>
  <REASON_CODE></REASON_CODE>
  <MASTERCARD></MASTERCARD>
  <WARNING_COUNT>0</WARNING_COUNT>
</RESPONSE>

