2015-07-29T07:48:46Z
RequestParameter:  billNo: 365470410 | startTime:2015-07-29 07:48:46

2015-07-29T07:48:46Z
https://test.pesopay.com/b2cDemo/eng/directPay/payComp.jsp?payType=N&merchantId=18062075&pMethod=VISA&lang=E&cardHolder=Juan%20Dela%20Cruz&cardNo=4************005&securityCode=***&epMonth=07&epYear=202015&amount=123&currCode=608&orderRef=365470410&remark=Binary%20Trade

2015-07-29T07:48:47Z
ResponseParameter:  billNo: 365470410 | endTime:2015-07-29 07:48:47

2015-07-29T07:48:47Z
successcode=-1&Ref=&PayRef=&Amt=&Cur=&prc=&src=&Ord=&Holder=&AuthId=&TxTime=&errMsg=Parameter expiry year incorrect


2015-07-29T07:50:46Z
RequestParameter:  billNo: 606075085 | startTime:2015-07-29 07:50:46

2015-07-29T07:50:46Z
https://test.pesopay.com/b2cDemo/eng/directPay/payComp.jsp?payType=N&merchantId=18062075&pMethod=VISA&lang=E&cardHolder=Juan%20Dela%20Cruz&cardNo=4************005&securityCode=***&epMonth=07&epYear=2015&amount=123&currCode=608&orderRef=606075085&remark=Binary%20Trade

2015-07-29T07:50:48Z
ResponseParameter:  billNo: 606075085 | endTime:2015-07-29 07:50:48

2015-07-29T07:50:48Z
successcode=0&Ref=606075085&PayRef=1210100855&Amt=123.0&Cur=608&prc=0&src=0&Ord=12345678&Holder=Juan Dela Cruz&AuthId=100855&TxTime=2015-07-29 15:51:08.0&errMsg=Transaction completed







2015-07-29T08:15:32Z
RequestParameter:  billNo: 311191377 | startTime:2015-07-29 08:15:32

2015-07-29T08:15:32Z
https://test.pesopay.com/b2cDemo/eng/directPay/payComp.jsp?payType=N&merchantId=18062075&pMethod=VISA&lang=E&cardHolder=Juan%20Dela%20Cruz&cardNo=4************005&securityCode=***&epMonth=07&epYear=2015&amount=123&currCode=608&orderRef=311191377&remark=Binary%20Trade

2015-07-29T08:15:33Z
ResponseParameter:  billNo: 311191377 | endTime:2015-07-29 08:15:33

2015-07-29T08:15:33Z
successcode=0&Ref=311191377&PayRef=1210100857&Amt=123.0&Cur=608&prc=0&src=0&Ord=12345678&Holder=Juan Dela Cruz&AuthId=100857&TxTime=2015-07-29 16:15:53.0&errMsg=Transaction completed







2015-07-29T08:17:07Z
RequestParameter:  billNo: 526320652 | startTime:2015-07-29 08:17:07

2015-07-29T08:17:07Z
https://test.pesopay.com/b2cDemo/eng/directPay/payComp.jsp?payType=N&merchantId=18062075&pMethod=VISA&lang=E&cardHolder=Juan%20Dela%20Cruz&cardNo=4************005&securityCode=***&epMonth=07&epYear=2015&amount=123&currCode=608&orderRef=526320652&remark=Binary%20Trade

2015-07-29T08:17:16Z
ResponseParameter:  billNo: 526320652 | endTime:2015-07-29 08:17:16

2015-07-29T08:17:16Z
successcode=0&Ref=526320652&PayRef=1210100858&Amt=123.0&Cur=608&prc=0&src=0&Ord=12345678&Holder=Juan Dela Cruz&AuthId=100858&TxTime=2015-07-29 16:17:36.0&errMsg=Transaction completed







2015-07-29T08:18:14Z
RequestParameter:  billNo: 389404604 | startTime:2015-07-29 08:18:14

2015-07-29T08:18:14Z
https://test.pesopay.com/b2cDemo/eng/directPay/payComp.jsp?payType=N&merchantId=18062075&pMethod=VISA&lang=E&cardHolder=Juan%20Dela%20Cruz&cardNo=4************005&securityCode=***&epMonth=07&epYear=2015&amount=123&currCode=608&orderRef=389404604&remark=Binary%20Trade

2015-07-29T08:19:18Z
ResponseParameter:  billNo: 389404604 | endTime:2015-07-29 08:19:18

2015-07-29T08:19:18Z


2015-07-29T08:19:21Z
RequestParameter:  billNo: 570217553 | startTime:2015-07-29 08:19:21

2015-07-29T08:19:21Z
https://test.pesopay.com/b2cDemo/eng/directPay/payComp.jsp?payType=N&merchantId=18062075&pMethod=VISA&lang=E&cardHolder=Juan%20Dela%20Cruz&cardNo=4************005&securityCode=***&epMonth=07&epYear=2015&amount=123&currCode=608&orderRef=570217553&remark=Binary%20Trade

2015-07-29T08:19:57Z
ResponseParameter:  billNo: 570217553 | endTime:2015-07-29 08:19:57

2015-07-29T08:19:57Z
successcode=0&Ref=570217553&PayRef=1210100859&Amt=123.0&Cur=608&prc=0&src=0&Ord=12345678&Holder=Juan Dela Cruz&AuthId=100859&TxTime=2015-07-29 16:20:17.0&errMsg=Transaction completed







2015-07-29T08:20:44Z
RequestParameter:  billNo: 535615975 | startTime:2015-07-29 08:20:44

2015-07-29T08:20:44Z
https://test.pesopay.com/b2cDemo/eng/directPay/payComp.jsp?payType=N&merchantId=18062075&pMethod=VISA&lang=E&cardHolder=Juan%20Dela%20Cruz&cardNo=4************005&securityCode=***&epMonth=07&epYear=2015&amount=123&currCode=608&orderRef=535615975&remark=Binary%20Trade

2015-07-29T08:20:45Z
ResponseParameter:  billNo: 535615975 | endTime:2015-07-29 08:20:45

2015-07-29T08:20:45Z
successcode=0&Ref=535615975&PayRef=1210100860&Amt=123.0&Cur=608&prc=0&src=0&Ord=12345678&Holder=Juan Dela Cruz&AuthId=100860&TxTime=2015-07-29 16:21:04.0&errMsg=Transaction completed







2015-07-29T08:21:45Z
RequestParameter:  billNo: 102127211 | startTime:2015-07-29 08:21:45

2015-07-29T08:21:45Z
https://test.pesopay.com/b2cDemo/eng/directPay/payComp.jsp?payType=N&merchantId=18062075&pMethod=VISA&lang=E&cardHolder=Juan%20Dela%20Cruz&cardNo=4************005&securityCode=***&epMonth=07&epYear=2015&amount=123&currCode=608&orderRef=102127211&remark=Binary%20Trade

2015-07-29T08:21:46Z
ResponseParameter:  billNo: 102127211 | endTime:2015-07-29 08:21:46

2015-07-29T08:21:46Z
successcode=0&Ref=102127211&PayRef=1210100861&Amt=123.0&Cur=608&prc=0&src=0&Ord=12345678&Holder=Juan Dela Cruz&AuthId=100861&TxTime=2015-07-29 16:22:06.0&errMsg=Transaction completed







2015-07-29T08:22:45Z
RequestParameter:  billNo: 717662879 | startTime:2015-07-29 08:22:45

2015-07-29T08:22:45Z
https://test.pesopay.com/b2cDemo/eng/directPay/payComp.jsp?payType=N&merchantId=18062075&pMethod=VISA&lang=E&cardHolder=Juan%20Dela%20Cruz&cardNo=4************005&securityCode=***&epMonth=07&epYear=2015&amount=123&currCode=608&orderRef=717662879&remark=Binary%20Trade

2015-07-29T08:22:46Z
ResponseParameter:  billNo: 717662879 | endTime:2015-07-29 08:22:46

2015-07-29T08:22:46Z
successcode=0&Ref=717662879&PayRef=1210100862&Amt=123.0&Cur=608&prc=0&src=0&Ord=12345678&Holder=Juan Dela Cruz&AuthId=100862&TxTime=2015-07-29 16:23:06.0&errMsg=Transaction completed







2015-07-29T08:25:24Z
RequestParameter:  billNo: 701609869 | startTime:2015-07-29 08:25:24

2015-07-29T08:25:24Z
https://test.pesopay.com/b2cDemo/eng/directPay/payComp.jsp?payType=N&merchantId=18062075&pMethod=VISA&lang=E&cardHolder=Juan%20Dela%20Cruz&cardNo=4************005&securityCode=***&epMonth=07&epYear=2015&amount=123&currCode=608&orderRef=701609869&remark=Binary%20Trade

2015-07-29T08:25:25Z
ResponseParameter:  billNo: 701609869 | endTime:2015-07-29 08:25:25

2015-07-29T08:25:25Z
successcode=0&Ref=701609869&PayRef=1210100863&Amt=123.0&Cur=608&prc=0&src=0&Ord=12345678&Holder=Juan Dela Cruz&AuthId=100863&TxTime=2015-07-29 16:25:45.0&errMsg=Transaction completed







2015-07-29T08:25:54Z
RequestParameter:  billNo: 965270369 | startTime:2015-07-29 08:25:54

2015-07-29T08:25:54Z
https://test.pesopay.com/b2cDemo/eng/directPay/payComp.jsp?payType=N&merchantId=18062075&pMethod=VISA&lang=E&cardHolder=Juan%20Dela%20Cruz&cardNo=4************005&securityCode=***&epMonth=07&epYear=2015&amount=123&currCode=608&orderRef=965270369&remark=Binary%20Trade

2015-07-29T08:25:55Z
ResponseParameter:  billNo: 965270369 | endTime:2015-07-29 08:25:55

2015-07-29T08:25:55Z
successcode=0&Ref=965270369&PayRef=1210100864&Amt=123.0&Cur=608&prc=0&src=0&Ord=12345678&Holder=Juan Dela Cruz&AuthId=100864&TxTime=2015-07-29 16:26:15.0&errMsg=Transaction completed







2015-07-29T08:26:25Z
RequestParameter:  billNo: 399945135 | startTime:2015-07-29 08:26:25

2015-07-29T08:26:25Z
https://test.pesopay.com/b2cDemo/eng/directPay/payComp.jsp?payType=N&merchantId=18062075&pMethod=VISA&lang=E&cardHolder=Juan%20Dela%20Cruz&cardNo=4************00&securityCode=***&epMonth=07&epYear=2015&amount=123&currCode=608&orderRef=399945135&remark=Binary%20Trade

2015-07-29T08:26:25Z
ResponseParameter:  billNo: 399945135 | endTime:2015-07-29 08:26:25

2015-07-29T08:26:25Z
successcode=-1&Ref=&PayRef=&Amt=&Cur=&prc=&src=&Ord=&Holder=&AuthId=&TxTime=&errMsg=Parameter cardNo incorrect


2015-07-29T08:26:43Z
RequestParameter:  billNo: 904291308 | startTime:2015-07-29 08:26:43

2015-07-29T08:26:43Z
https://test.pesopay.com/b2cDemo/eng/directPay/payComp.jsp?payType=N&merchantId=18062075&pMethod=VISA&lang=E&cardHolder=Juan%20Dela%20Cruz&cardNo=4************005&securityCode=***&epMonth=07&epYear=2015&amount=123&currCode=608&orderRef=904291308&remark=Binary%20Trade

2015-07-29T08:26:43Z
ResponseParameter:  billNo: 904291308 | endTime:2015-07-29 08:26:43

2015-07-29T08:26:43Z
successcode=0&Ref=904291308&PayRef=1210100865&Amt=123.0&Cur=608&prc=0&src=0&Ord=12345678&Holder=Juan Dela Cruz&AuthId=100865&TxTime=2015-07-29 16:27:03.0&errMsg=Transaction completed







2015-07-29T09:09:05Z
RequestParameter:  billNo: 3999451355 | startTime:2015-07-29 09:09:05

2015-07-29T09:09:05Z
https://test.pesopay.com/b2cDemo/eng/directPay/payComp.jsp?payType=N&merchantId=18062075&pMethod=VISA&lang=E&cardHolder=Juan%20Dela%20Cruz&cardNo=4************00&securityCode=***&epMonth=07&epYear=2015&amount=123&currCode=608&orderRef=3999451355&remark=Binary%20Trade

2015-07-29T09:09:05Z
ResponseParameter:  billNo: 3999451355 | endTime:2015-07-29 09:09:05

2015-07-29T09:09:05Z
successcode=-1&Ref=&PayRef=&Amt=&Cur=&prc=&src=&Ord=&Holder=&AuthId=&TxTime=&errMsg=Parameter cardNo incorrect


2015-07-29T09:35:29Z
RequestParameter:  billNo: 675792175 | startTime:2015-07-29 09:35:29

2015-07-29T09:35:29Z
https://test.pesopay.com/b2cDemo/eng/directPay/payComp.jsp?payType=N&merchantId=18062075&pMethod=VISA&lang=E&cardHolder=Juan%20Dela%20Cruz&cardNo=4************005&securityCode=***&epMonth=07&epYear=2015&amount=123&currCode=608&orderRef=675792175&remark=Binary%20Trade

2015-07-29T09:35:30Z
ResponseParameter:  billNo: 675792175 | endTime:2015-07-29 09:35:30

2015-07-29T09:35:30Z
successcode=0&Ref=675792175&PayRef=1210101126&Amt=123.0&Cur=608&prc=0&src=0&Ord=12345678&Holder=Juan Dela Cruz&AuthId=101126&TxTime=2015-07-29 17:35:50.0&errMsg=Transaction completed







2015-07-29T09:36:08Z
RequestParameter:  billNo: 308783169 | startTime:2015-07-29 09:36:08

2015-07-29T09:36:08Z
https://test.pesopay.com/b2cDemo/eng/directPay/payComp.jsp?payType=N&merchantId=18062075&pMethod=VISA&lang=E&cardHolder=Juan%20Dela%20Cruz&cardNo=4************005&securityCode=***&epMonth=07&epYear=2015&amount=123&currCode=608&orderRef=308783169&remark=Binary%20Trade

2015-07-29T09:36:09Z
ResponseParameter:  billNo: 308783169 | endTime:2015-07-29 09:36:09

2015-07-29T09:36:09Z
successcode=0&Ref=308783169&PayRef=1210101127&Amt=123.0&Cur=608&prc=0&src=0&Ord=12345678&Holder=Juan Dela Cruz&AuthId=101127&TxTime=2015-07-29 17:36:29.0&errMsg=Transaction completed







2015-07-29T09:40:15Z
RequestParameter:  billNo: 717068830 | startTime:2015-07-29 09:40:15

2015-07-29T09:40:15Z
https://test.pesopay.com/b2cDemo/eng/directPay/payComp.jsp?payType=N&merchantId=18062075&pMethod=VISA&lang=E&cardHolder=Juan%20Dela%20Cruz&cardNo=4************00&securityCode=***&epMonth=07&epYear=2015&amount=123&currCode=608&orderRef=717068830&remark=Binary%20Trade

2015-07-29T09:40:16Z
ResponseParameter:  billNo: 717068830 | endTime:2015-07-29 09:40:16

2015-07-29T09:40:16Z
successcode=-1&Ref=&PayRef=&Amt=&Cur=&prc=&src=&Ord=&Holder=&AuthId=&TxTime=&errMsg=Parameter cardNo incorrect


2015-07-29T09:40:38Z
RequestParameter:  billNo: 371287556 | startTime:2015-07-29 09:40:38

2015-07-29T09:40:38Z
https://test.pesopay.com/b2cDemo/eng/directPay/payComp.jsp?payType=N&merchantId=18062075&pMethod=VISA&lang=E&cardHolder=Juan%20Dela%20Cruz&cardNo=4************005&securityCode=***&epMonth=07&epYear=2015&amount=123&currCode=608&orderRef=371287556&remark=Binary%20Trade

2015-07-29T09:40:39Z
ResponseParameter:  billNo: 371287556 | endTime:2015-07-29 09:40:39

2015-07-29T09:40:39Z
successcode=0&Ref=371287556&PayRef=1210101128&Amt=123.0&Cur=608&prc=0&src=0&Ord=12345678&Holder=Juan Dela Cruz&AuthId=101128&TxTime=2015-07-29 17:40:59.0&errMsg=Transaction completed







