2015-12-26T12:18:49Z
End Point: https://gw2sandbox.tpro.lv:8443/gw2test/gwprocessor2.php?a=init billNo: aAZET145034564952

2015-12-26T12:18:49Z
Init RequestParameter:  billNo: aAZET145034564952

2015-12-26T12:18:49Z
Array
(
    [guid] => RRSG-5628-0LB6-5EA3
    [pwd] => 9f77f9720dbc680d306f920dd6c0e14da0995b0e
    [rs] => IM01
    [merchant_transaction_id] => aAZET145034564952
    [user_ip] => 112.211.18.77
    [description] => E-Commerce Purchase
    [amount] => 1000
    [currency] => USD
    [name_on_card] => JUAN DELA CRUZ
    [street] => 12345678 qwertyu
    [zip] => 1204
    [city] => MAKATI
    [country] => PH
    [state] => NA
    [email] => juan@mail.com
    [phone] => 123456
    [card_bin] => 541333
    [merchant_site_url] => http://www.retailpremier.com/
    [custom_return_url] => https://3dsecure.ecommsecure.com/acs
)


2015-12-26T12:18:52Z
Init ResponseParameter:  billNo: aAZET145034564952

2015-12-26T12:18:52Z
Array
(
    [rc] => 0
    [result] => OK:599077181213bb18ebf39fd07ba738ca4d133812
)


2015-12-26T12:18:52Z
End Point: https://gw2sandbox.tpro.lv:8443/gw2test/gwprocessor2.php?a=charge billNo: aAZET145034564952

2015-12-26T12:18:52Z
Capture RequestParameter:  billNo: aAZET145034564952

2015-12-26T12:18:52Z
Array
(
    [f_extended] => 5
    [init_transaction_id] => 599077181213bb18ebf39fd07ba738ca4d133812
    [cc] => 5************019
    [cvv] => ***
    [expire] => 01/18
)


2015-12-26T12:18:59Z
Capture ResponseParameter:  billNo: aAZET145034564952

2015-12-26T12:18:59Z
Array
(
    [rc] => 0
    [result] => Redirect: https://gw2sandbox.tpro.lv:8443/gw2test/gwprocessor2.php?a=fromissuer1&init_transaction_id=599077181213bb18ebf39fd07ba738ca4d133812
)


2015-12-26T12:25:54Z
End Point: https://gw2sandbox.tpro.lv:8443/gw2test/gwprocessor2.php?a=init billNo: aAZET145034564953

2015-12-26T12:25:54Z
Init RequestParameter:  billNo: aAZET145034564953

2015-12-26T12:25:54Z
Array
(
    [guid] => RRSG-5628-0LB6-5EA3
    [pwd] => 9f77f9720dbc680d306f920dd6c0e14da0995b0e
    [rs] => IM01
    [merchant_transaction_id] => aAZET145034564953
    [user_ip] => 112.211.18.77
    [description] => E-Commerce Purchase
    [amount] => 1000
    [currency] => USD
    [name_on_card] => JUAN DELA CRUZ
    [street] => 12345678 qwertyu
    [zip] => 1204
    [city] => MAKATI
    [country] => PH
    [state] => NA
    [email] => juan@mail.com
    [phone] => 123456
    [card_bin] => 541333
    [merchant_site_url] => http://www.retailpremier.com/
    [custom_return_url] => https://3dsecure.ecommsecure.com/acs
)


2015-12-26T12:25:56Z
Init ResponseParameter:  billNo: aAZET145034564953

2015-12-26T12:25:56Z
Array
(
    [rc] => 0
    [result] => OK:4e1658edb40385ea02398c52b4445c25da9a6d8b
)


2015-12-26T12:25:56Z
End Point: https://gw2sandbox.tpro.lv:8443/gw2test/gwprocessor2.php?a=charge billNo: aAZET145034564953

2015-12-26T12:25:56Z
Capture RequestParameter:  billNo: aAZET145034564953

2015-12-26T12:25:56Z
Array
(
    [f_extended] => 5
    [init_transaction_id] => 4e1658edb40385ea02398c52b4445c25da9a6d8b
    [cc] => 5************019
    [cvv] => ***
    [expire] => 01/18
)


2015-12-26T12:26:02Z
Capture ResponseParameter:  billNo: aAZET145034564953

2015-12-26T12:26:02Z
Array
(
    [rc] => 0
    [result] => Redirect: https://gw2sandbox.tpro.lv:8443/gw2test/gwprocessor2.php?a=fromissuer1&init_transaction_id=4e1658edb40385ea02398c52b4445c25da9a6d8b
)


2015-12-26T21:18:30Z
End Point: https://gw2sandbox.tpro.lv:8443/gw2test/gwprocessor2.php?a=init billNo: aAZET145034564954

2015-12-26T21:18:30Z
Init RequestParameter:  billNo: aAZET145034564954

2015-12-26T21:18:30Z
Array
(
    [guid] => RRSG-5628-0LB6-5EA3
    [pwd] => 9f77f9720dbc680d306f920dd6c0e14da0995b0e
    [rs] => IM01
    [merchant_transaction_id] => aAZET145034564954
    [user_ip] => 112.211.18.77
    [description] => E-Commerce Purchase
    [amount] => 1000
    [currency] => USD
    [name_on_card] => JUAN DELA CRUZ
    [street] => 12345678 qwertyu
    [zip] => 1204
    [city] => MAKATI
    [country] => PH
    [state] => NA
    [email] => juan@mail.com
    [phone] => 123456
    [card_bin] => 541333
    [merchant_site_url] => http://www.retailpremier.com/
    [custom_return_url] => https://3dsecure.ecommsecure.com/acs
)


2015-12-26T21:18:33Z
Init ResponseParameter:  billNo: aAZET145034564954

2015-12-26T21:18:33Z
Array
(
    [rc] => 0
    [result] => OK:a679eba10abacf630099330abb6dea9c3655ae59
)


2015-12-26T21:18:33Z
End Point: https://gw2sandbox.tpro.lv:8443/gw2test/gwprocessor2.php?a=charge billNo: aAZET145034564954

2015-12-26T21:18:33Z
Capture RequestParameter:  billNo: aAZET145034564954

2015-12-26T21:18:33Z
Array
(
    [f_extended] => 5
    [init_transaction_id] => a679eba10abacf630099330abb6dea9c3655ae59
    [cc] => 5************019
    [cvv] => ***
    [expire] => 01/18
)


2015-12-26T21:18:40Z
Capture ResponseParameter:  billNo: aAZET145034564954

2015-12-26T21:18:40Z
Array
(
    [rc] => 0
    [result] => Redirect: https://gw2sandbox.tpro.lv:8443/gw2test/gwprocessor2.php?a=fromissuer1&init_transaction_id=a679eba10abacf630099330abb6dea9c3655ae59
)


2015-12-26T21:25:44Z
End Point: https://gw2sandbox.tpro.lv:8443/gw2test/gwprocessor2.php?a=init billNo: aAZET145034564955

2015-12-26T21:25:44Z
Init RequestParameter:  billNo: aAZET145034564955

2015-12-26T21:25:44Z
Array
(
    [guid] => RRSG-5628-0LB6-5EA3
    [pwd] => 9f77f9720dbc680d306f920dd6c0e14da0995b0e
    [rs] => IM01
    [merchant_transaction_id] => aAZET145034564955
    [user_ip] => 112.211.18.77
    [description] => E-Commerce Purchase
    [amount] => 1000
    [currency] => USD
    [name_on_card] => JUAN DELA CRUZ
    [street] => 12345678 qwertyu
    [zip] => 1204
    [city] => MAKATI
    [country] => PH
    [state] => NA
    [email] => juan@mail.com
    [phone] => 123456
    [card_bin] => 541333
    [merchant_site_url] => http://www.retailpremier.com/
    [custom_return_url] => https://3dsecure.ecommsecure.com/acs
)


2015-12-26T21:25:46Z
Init ResponseParameter:  billNo: aAZET145034564955

2015-12-26T21:25:46Z
Array
(
    [rc] => 0
    [result] => OK:6dec941e519358ff754484fbf97014e0067bf77d
)


2015-12-26T21:25:46Z
End Point: https://gw2sandbox.tpro.lv:8443/gw2test/gwprocessor2.php?a=charge billNo: aAZET145034564955

2015-12-26T21:25:46Z
Capture RequestParameter:  billNo: aAZET145034564955

2015-12-26T21:25:46Z
Array
(
    [f_extended] => 5
    [init_transaction_id] => 6dec941e519358ff754484fbf97014e0067bf77d
    [cc] => 5************019
    [cvv] => ***
    [expire] => 01/18
)


2015-12-26T21:25:52Z
Capture ResponseParameter:  billNo: aAZET145034564955

2015-12-26T21:25:52Z
Array
(
    [rc] => 0
    [result] => Redirect: https://gw2sandbox.tpro.lv:8443/gw2test/gwprocessor2.php?a=fromissuer1&init_transaction_id=6dec941e519358ff754484fbf97014e0067bf77d
)


2015-12-26T21:39:33Z
End Point: https://gw2sandbox.tpro.lv:8443/gw2test/gwprocessor2.php?a=init billNo: aAZET145034564958

2015-12-26T21:39:33Z
Init RequestParameter:  billNo: aAZET145034564958

2015-12-26T21:39:33Z
Array
(
    [guid] => RRSG-5628-0LB6-5EA3
    [pwd] => 9f77f9720dbc680d306f920dd6c0e14da0995b0e
    [rs] => IM01
    [merchant_transaction_id] => aAZET145034564958
    [user_ip] => 112.211.18.77
    [description] => E-Commerce Purchase
    [amount] => 1000
    [currency] => USD
    [name_on_card] => JUAN DELA CRUZ
    [street] => 12345678 qwertyu
    [zip] => 1204
    [city] => MAKATI
    [country] => PH
    [state] => NA
    [email] => juan@mail.com
    [phone] => 123456
    [card_bin] => 541333
    [merchant_site_url] => http://www.retailpremier.com/
    [custom_return_url] => https://3dsecure.ecommsecure.com/acs/dev1
)


2015-12-26T21:39:36Z
Init ResponseParameter:  billNo: aAZET145034564958

2015-12-26T21:39:36Z
Array
(
    [rc] => 0
    [result] => OK:93612161e2dc1393102e981656bdff9e10b230be
)


2015-12-26T21:39:36Z
End Point: https://gw2sandbox.tpro.lv:8443/gw2test/gwprocessor2.php?a=charge billNo: aAZET145034564958

2015-12-26T21:39:36Z
Capture RequestParameter:  billNo: aAZET145034564958

2015-12-26T21:39:36Z
Array
(
    [f_extended] => 5
    [init_transaction_id] => 93612161e2dc1393102e981656bdff9e10b230be
    [cc] => 5************019
    [cvv] => ***
    [expire] => 01/18
)


2015-12-26T21:39:42Z
Capture ResponseParameter:  billNo: aAZET145034564958

2015-12-26T21:39:42Z
Array
(
    [rc] => 0
    [result] => Redirect: https://gw2sandbox.tpro.lv:8443/gw2test/gwprocessor2.php?a=fromissuer1&init_transaction_id=93612161e2dc1393102e981656bdff9e10b230be
)


2015-12-26T21:53:04Z
End Point: https://gw2sandbox.tpro.lv:8443/gw2test/gwprocessor2.php?a=init billNo: aAZET145034564960

2015-12-26T21:53:04Z
Init RequestParameter:  billNo: aAZET145034564960

2015-12-26T21:53:04Z
Array
(
    [guid] => RRSG-5628-0LB6-5EA3
    [pwd] => 9f77f9720dbc680d306f920dd6c0e14da0995b0e
    [rs] => IM01
    [merchant_transaction_id] => aAZET145034564960
    [user_ip] => 112.211.18.77
    [description] => E-Commerce Purchase
    [amount] => 1000
    [currency] => USD
    [name_on_card] => JUAN DELA CRUZ
    [street] => 12345678 qwertyu
    [zip] => 1204
    [city] => MAKATI
    [country] => PH
    [state] => NA
    [email] => juan@mail.com
    [phone] => 123456
    [card_bin] => 541333
    [merchant_site_url] => http://www.retailpremier.com/
    [custom_return_url] => https://3dsecure.ecommsecure.com/acs/dev1?billNo=ZZZZZZZ
)


2015-12-26T21:53:06Z
Init ResponseParameter:  billNo: aAZET145034564960

2015-12-26T21:53:06Z
Array
(
    [rc] => 0
    [result] => OK:79673517544dc2966916212022b752cc47ea3ab7
)


2015-12-26T21:53:06Z
End Point: https://gw2sandbox.tpro.lv:8443/gw2test/gwprocessor2.php?a=charge billNo: aAZET145034564960

2015-12-26T21:53:06Z
Capture RequestParameter:  billNo: aAZET145034564960

2015-12-26T21:53:06Z
Array
(
    [f_extended] => 5
    [init_transaction_id] => 79673517544dc2966916212022b752cc47ea3ab7
    [cc] => 5************019
    [cvv] => ***
    [expire] => 01/18
)


2015-12-26T21:53:12Z
Capture ResponseParameter:  billNo: aAZET145034564960

2015-12-26T21:53:12Z
Array
(
    [rc] => 0
    [result] => Redirect: https://gw2sandbox.tpro.lv:8443/gw2test/gwprocessor2.php?a=fromissuer1&init_transaction_id=79673517544dc2966916212022b752cc47ea3ab7
)


