2015-03-07T03:33:34Z
RequestParameter:  billNo: P4kY5Sc698 | startTime:2015-03-07 03:33:34

2015-03-07T03:33:34Z
1

2015-03-07T03:38:53Z
RequestParameter:  billNo: P5kY5Sc698 | startTime:2015-03-07 03:38:53

2015-03-07T03:38:53Z
1

2015-03-07T03:38:55Z
ResponseParameter:  billNo: P5kY5Sc698 | endTime:2015-03-07 03:38:55

2015-03-07T03:38:55Z
<?xml version="1.0" encoding="UTF-8"?>
<RESPONSE>
  <VERS>0600</VERS>
  <MODE>U</MODE>
  <TRAN>3T110VS7RBMZ</TRAN>
  <MERC>680000</MERC>
  <SESS>P5kY5Sc698</SESS>
  <RULES_TRIGGERED>0</RULES_TRIGGERED>
  <COUNTERS_TRIGGERED>0</COUNTERS_TRIGGERED>
  <REASON_CODE></REASON_CODE>
  <MASTERCARD></MASTERCARD>
  <WARNING_COUNT>0</WARNING_COUNT>
</RESPONSE>

2015-03-07T03:40:37Z
RequestParameter:  billNo: P6kY5Sc698 | startTime:2015-03-07 03:40:37

2015-03-07T03:40:37Z
1

2015-03-07T03:43:07Z
RequestParameter:  billNo: P7kY5Sc698 | startTime:2015-03-07 03:43:07

2015-03-07T03:43:07Z
1

2015-03-07T04:23:10Z
RequestParameter:  billNo: P8kY5Sc698 | startTime:2015-03-07 04:23:10

2015-03-07T04:23:10Z
1

