2015-07-02T10:42:41Z
RequestParameter:  billNo: Dh4t81435833759 | startTime:2015-07-02 10:42:41

2015-07-02T10:42:41Z
Array
(
    [MODE] => U
    [FRMT] => XML
    [VERS] => 0630
    [MERC] => 680000
    [SESS] => Dh4t81435833759
    [TRAN] => 3ZKN0XDDRN2H
    [AUTH] => D
    [MACK] => Y
)


2015-07-02T10:42:42Z
ResponseParameter:  billNo: Dh4t81435833759 | endTime:2015-07-02 10:42:42

2015-07-02T10:42:42Z
<?xml version="1.0" encoding="UTF-8"?>
<RESPONSE>
  <VERS>0630</VERS>
  <MODE>U</MODE>
  <TRAN>3ZKN0XDDRN2H</TRAN>
  <MERC>680000</MERC>
  <SESS>Dh4t81435833759</SESS>
  <RULES_TRIGGERED>0</RULES_TRIGGERED>
  <COUNTERS_TRIGGERED>0</COUNTERS_TRIGGERED>
  <REASON_CODE></REASON_CODE>
  <MASTERCARD></MASTERCARD>
  <WARNING_COUNT>0</WARNING_COUNT>
</RESPONSE>

2015-07-02T16:19:37Z
RequestParameter:  billNo: Mhufl1435853975 | startTime:2015-07-02 16:19:37

2015-07-02T16:19:37Z
Array
(
    [MODE] => U
    [FRMT] => XML
    [VERS] => 0630
    [MERC] => 680000
    [SESS] => Mhufl1435853975
    [TRAN] => 3ZK40VKJLLB1
    [AUTH] => D
    [MACK] => Y
)


2015-07-02T16:19:38Z
ResponseParameter:  billNo: Mhufl1435853975 | endTime:2015-07-02 16:19:38

2015-07-02T16:19:38Z
<?xml version="1.0" encoding="UTF-8"?>
<RESPONSE>
  <VERS>0630</VERS>
  <MODE>U</MODE>
  <TRAN>3ZK40VKJLLB1</TRAN>
  <MERC>680000</MERC>
  <SESS>Mhufl1435853975</SESS>
  <RULES_TRIGGERED>0</RULES_TRIGGERED>
  <COUNTERS_TRIGGERED>0</COUNTERS_TRIGGERED>
  <REASON_CODE></REASON_CODE>
  <MASTERCARD></MASTERCARD>
  <WARNING_COUNT>0</WARNING_COUNT>
</RESPONSE>

2015-07-02T16:21:16Z
RequestParameter:  billNo: JCly31435854075 | startTime:2015-07-02 16:21:16

2015-07-02T16:21:16Z
Array
(
    [MODE] => U
    [FRMT] => XML
    [VERS] => 0630
    [MERC] => 680000
    [SESS] => JCly31435854075
    [TRAN] => 3ZK400RB9KZW
    [AUTH] => D
    [MACK] => Y
)


2015-07-02T16:21:17Z
ResponseParameter:  billNo: JCly31435854075 | endTime:2015-07-02 16:21:17

2015-07-02T16:21:17Z
<?xml version="1.0" encoding="UTF-8"?>
<RESPONSE>
  <VERS>0630</VERS>
  <MODE>U</MODE>
  <TRAN>3ZK400RB9KZW</TRAN>
  <MERC>680000</MERC>
  <SESS>JCly31435854075</SESS>
  <RULES_TRIGGERED>0</RULES_TRIGGERED>
  <COUNTERS_TRIGGERED>0</COUNTERS_TRIGGERED>
  <REASON_CODE></REASON_CODE>
  <MASTERCARD></MASTERCARD>
  <WARNING_COUNT>0</WARNING_COUNT>
</RESPONSE>

2015-07-02T16:38:09Z
RequestParameter:  billNo: 49dxC1435855087 | startTime:2015-07-02 16:38:09

2015-07-02T16:38:09Z
Array
(
    [MODE] => U
    [FRMT] => XML
    [VERS] => 0630
    [MERC] => 680000
    [SESS] => 49dxC1435855087
    [TRAN] => 3ZK40N5TZ91P
    [AUTH] => D
    [MACK] => Y
)


2015-07-02T16:38:10Z
ResponseParameter:  billNo: 49dxC1435855087 | endTime:2015-07-02 16:38:10

2015-07-02T16:38:10Z
<?xml version="1.0" encoding="UTF-8"?>
<RESPONSE>
  <VERS>0630</VERS>
  <MODE>U</MODE>
  <TRAN>3ZK40N5TZ91P</TRAN>
  <MERC>680000</MERC>
  <SESS>49dxC1435855087</SESS>
  <RULES_TRIGGERED>0</RULES_TRIGGERED>
  <COUNTERS_TRIGGERED>0</COUNTERS_TRIGGERED>
  <REASON_CODE></REASON_CODE>
  <MASTERCARD></MASTERCARD>
  <WARNING_COUNT>0</WARNING_COUNT>
</RESPONSE>

