2015-03-27T04:55:22Z
RequestParameter:  billNo: UrMRX1427432120 | startTime:2015-03-27 04:55:22

2015-03-27T04:55:22Z
Array
(
    [MODE] => U
    [FRMT] => XML
    [VERS] => 0630
    [MERC] => 680000
    [SESS] => UrMRX1427432120
    [TRAN] => 3YY40TRBMXXW
    [AUTH] => D
    [MACK] => Y
)


2015-03-27T04:55:23Z
ResponseParameter:  billNo: UrMRX1427432120 | endTime:2015-03-27 04:55:23

2015-03-27T04:55:23Z
<?xml version="1.0" encoding="UTF-8"?>
<RESPONSE>
  <VERS>0630</VERS>
  <MODE>U</MODE>
  <TRAN>3YY40TRBMXXW</TRAN>
  <MERC>680000</MERC>
  <SESS>UrMRX1427432120</SESS>
  <RULES_TRIGGERED>0</RULES_TRIGGERED>
  <COUNTERS_TRIGGERED>0</COUNTERS_TRIGGERED>
  <REASON_CODE></REASON_CODE>
  <MASTERCARD></MASTERCARD>
  <WARNING_COUNT>0</WARNING_COUNT>
</RESPONSE>

2015-03-27T04:55:33Z
RequestParameter:  billNo: oPvYg1427432131 | startTime:2015-03-27 04:55:33

2015-03-27T04:55:33Z
Array
(
    [MODE] => U
    [FRMT] => XML
    [VERS] => 0630
    [MERC] => 680000
    [SESS] => oPvYg1427432131
    [TRAN] => 3YY40PM80YLM
    [AUTH] => D
    [MACK] => Y
)


2015-03-27T04:55:34Z
ResponseParameter:  billNo: oPvYg1427432131 | endTime:2015-03-27 04:55:34

2015-03-27T04:55:34Z
<?xml version="1.0" encoding="UTF-8"?>
<RESPONSE>
  <VERS>0630</VERS>
  <MODE>U</MODE>
  <TRAN>3YY40PM80YLM</TRAN>
  <MERC>680000</MERC>
  <SESS>oPvYg1427432131</SESS>
  <RULES_TRIGGERED>0</RULES_TRIGGERED>
  <COUNTERS_TRIGGERED>0</COUNTERS_TRIGGERED>
  <REASON_CODE></REASON_CODE>
  <MASTERCARD></MASTERCARD>
  <WARNING_COUNT>0</WARNING_COUNT>
</RESPONSE>

2015-03-27T04:55:55Z
RequestParameter:  billNo: yFX4C1427432153 | startTime:2015-03-27 04:55:55

2015-03-27T04:55:55Z
Array
(
    [MODE] => U
    [FRMT] => XML
    [VERS] => 0630
    [MERC] => 680000
    [SESS] => yFX4C1427432153
    [TRAN] => 3YY40MG4298X
    [AUTH] => D
    [MACK] => Y
)


2015-03-27T04:55:57Z
ResponseParameter:  billNo: yFX4C1427432153 | endTime:2015-03-27 04:55:57

2015-03-27T04:55:57Z
<?xml version="1.0" encoding="UTF-8"?>
<RESPONSE>
  <VERS>0630</VERS>
  <MODE>U</MODE>
  <TRAN>3YY40MG4298X</TRAN>
  <MERC>680000</MERC>
  <SESS>yFX4C1427432153</SESS>
  <RULES_TRIGGERED>0</RULES_TRIGGERED>
  <COUNTERS_TRIGGERED>0</COUNTERS_TRIGGERED>
  <REASON_CODE></REASON_CODE>
  <MASTERCARD></MASTERCARD>
  <WARNING_COUNT>0</WARNING_COUNT>
</RESPONSE>

2015-03-27T04:56:18Z
RequestParameter:  billNo: J0z4s1427432176 | startTime:2015-03-27 04:56:18

2015-03-27T04:56:18Z
Array
(
    [MODE] => U
    [FRMT] => XML
    [VERS] => 0630
    [MERC] => 680000
    [SESS] => J0z4s1427432176
    [TRAN] => 3YY40H440G6H
    [AUTH] => D
    [MACK] => Y
)


2015-03-27T04:56:19Z
ResponseParameter:  billNo: J0z4s1427432176 | endTime:2015-03-27 04:56:19

2015-03-27T04:56:19Z
<?xml version="1.0" encoding="UTF-8"?>
<RESPONSE>
  <VERS>0630</VERS>
  <MODE>U</MODE>
  <TRAN>3YY40H440G6H</TRAN>
  <MERC>680000</MERC>
  <SESS>J0z4s1427432176</SESS>
  <RULES_TRIGGERED>0</RULES_TRIGGERED>
  <COUNTERS_TRIGGERED>0</COUNTERS_TRIGGERED>
  <REASON_CODE></REASON_CODE>
  <MASTERCARD></MASTERCARD>
  <WARNING_COUNT>0</WARNING_COUNT>
</RESPONSE>

2015-03-27T05:00:06Z
RequestParameter:  billNo: Xpabh1427432404 | startTime:2015-03-27 05:00:06

2015-03-27T05:00:06Z
Array
(
    [MODE] => U
    [FRMT] => XML
    [VERS] => 0630
    [MERC] => 680000
    [SESS] => Xpabh1427432404
    [TRAN] => 3YY500078JLS
    [AUTH] => D
    [MACK] => Y
)


2015-03-27T05:00:07Z
ResponseParameter:  billNo: Xpabh1427432404 | endTime:2015-03-27 05:00:07

2015-03-27T05:00:07Z
<?xml version="1.0" encoding="UTF-8"?>
<RESPONSE>
  <VERS>0630</VERS>
  <MODE>U</MODE>
  <TRAN>3YY500078JLS</TRAN>
  <MERC>680000</MERC>
  <SESS>Xpabh1427432404</SESS>
  <RULES_TRIGGERED>0</RULES_TRIGGERED>
  <COUNTERS_TRIGGERED>0</COUNTERS_TRIGGERED>
  <REASON_CODE></REASON_CODE>
  <MASTERCARD></MASTERCARD>
  <WARNING_COUNT>0</WARNING_COUNT>
</RESPONSE>

2015-03-27T05:00:40Z
RequestParameter:  billNo: uKbsN1427432438 | startTime:2015-03-27 05:00:40

2015-03-27T05:00:40Z
Array
(
    [MODE] => U
    [FRMT] => XML
    [VERS] => 0630
    [MERC] => 680000
    [SESS] => uKbsN1427432438
    [TRAN] => 3YY5030TX935
    [AUTH] => D
    [MACK] => Y
)


2015-03-27T05:00:41Z
ResponseParameter:  billNo: uKbsN1427432438 | endTime:2015-03-27 05:00:41

2015-03-27T05:00:41Z
<?xml version="1.0" encoding="UTF-8"?>
<RESPONSE>
  <VERS>0630</VERS>
  <MODE>U</MODE>
  <TRAN>3YY5030TX935</TRAN>
  <MERC>680000</MERC>
  <SESS>uKbsN1427432438</SESS>
  <RULES_TRIGGERED>0</RULES_TRIGGERED>
  <COUNTERS_TRIGGERED>0</COUNTERS_TRIGGERED>
  <REASON_CODE></REASON_CODE>
  <MASTERCARD></MASTERCARD>
  <WARNING_COUNT>0</WARNING_COUNT>
</RESPONSE>

2015-03-27T05:01:29Z
RequestParameter:  billNo: XZB0R1427432486 | startTime:2015-03-27 05:01:29

2015-03-27T05:01:29Z
Array
(
    [MODE] => U
    [FRMT] => XML
    [VERS] => 0630
    [MERC] => 680000
    [SESS] => XZB0R1427432486
    [TRAN] => 3YY50MLVRBRY
    [AUTH] => D
    [MACK] => Y
)


2015-03-27T05:01:31Z
ResponseParameter:  billNo: XZB0R1427432486 | endTime:2015-03-27 05:01:31

2015-03-27T05:01:31Z
<?xml version="1.0" encoding="UTF-8"?>
<RESPONSE>
  <VERS>0630</VERS>
  <MODE>U</MODE>
  <TRAN>3YY50MLVRBRY</TRAN>
  <MERC>680000</MERC>
  <SESS>XZB0R1427432486</SESS>
  <RULES_TRIGGERED>0</RULES_TRIGGERED>
  <COUNTERS_TRIGGERED>0</COUNTERS_TRIGGERED>
  <REASON_CODE></REASON_CODE>
  <MASTERCARD></MASTERCARD>
  <WARNING_COUNT>0</WARNING_COUNT>
</RESPONSE>

2015-03-27T05:02:10Z
RequestParameter:  billNo: wGe5h1427432528 | startTime:2015-03-27 05:02:10

2015-03-27T05:02:10Z
Array
(
    [MODE] => U
    [FRMT] => XML
    [VERS] => 0630
    [MERC] => 680000
    [SESS] => wGe5h1427432528
    [TRAN] => 3YY50LQ1005Z
    [AUTH] => D
    [MACK] => Y
)


2015-03-27T05:02:11Z
ResponseParameter:  billNo: wGe5h1427432528 | endTime:2015-03-27 05:02:11

2015-03-27T05:02:11Z
<?xml version="1.0" encoding="UTF-8"?>
<RESPONSE>
  <VERS>0630</VERS>
  <MODE>U</MODE>
  <TRAN>3YY50LQ1005Z</TRAN>
  <MERC>680000</MERC>
  <SESS>wGe5h1427432528</SESS>
  <RULES_TRIGGERED>0</RULES_TRIGGERED>
  <COUNTERS_TRIGGERED>0</COUNTERS_TRIGGERED>
  <REASON_CODE></REASON_CODE>
  <MASTERCARD></MASTERCARD>
  <WARNING_COUNT>0</WARNING_COUNT>
</RESPONSE>

2015-03-27T05:02:58Z
RequestParameter:  billNo: 7sL5Y1427432575 | startTime:2015-03-27 05:02:58

2015-03-27T05:02:58Z
Array
(
    [MODE] => U
    [FRMT] => XML
    [VERS] => 0630
    [MERC] => 680000
    [SESS] => 7sL5Y1427432575
    [TRAN] => 3YY50M2BPY7S
    [AUTH] => D
    [MACK] => Y
)


2015-03-27T05:03:01Z
ResponseParameter:  billNo: 7sL5Y1427432575 | endTime:2015-03-27 05:03:01

2015-03-27T05:03:01Z
<?xml version="1.0" encoding="UTF-8"?>
<RESPONSE>
  <VERS>0630</VERS>
  <MODE>U</MODE>
  <TRAN>3YY50M2BPY7S</TRAN>
  <MERC>680000</MERC>
  <SESS>7sL5Y1427432575</SESS>
  <RULES_TRIGGERED>0</RULES_TRIGGERED>
  <COUNTERS_TRIGGERED>0</COUNTERS_TRIGGERED>
  <REASON_CODE></REASON_CODE>
  <MASTERCARD></MASTERCARD>
  <WARNING_COUNT>0</WARNING_COUNT>
</RESPONSE>

2015-03-27T05:03:26Z
RequestParameter:  billNo: n63NZ1427432602 | startTime:2015-03-27 05:03:26

2015-03-27T05:03:26Z
Array
(
    [MODE] => U
    [FRMT] => XML
    [VERS] => 0630
    [MERC] => 680000
    [SESS] => n63NZ1427432602
    [TRAN] => 3YY502M5Y0XM
    [AUTH] => D
    [MACK] => Y
)


2015-03-27T05:03:28Z
ResponseParameter:  billNo: n63NZ1427432602 | endTime:2015-03-27 05:03:28

2015-03-27T05:03:28Z
<?xml version="1.0" encoding="UTF-8"?>
<RESPONSE>
  <VERS>0630</VERS>
  <MODE>U</MODE>
  <TRAN>3YY502M5Y0XM</TRAN>
  <MERC>680000</MERC>
  <SESS>n63NZ1427432602</SESS>
  <RULES_TRIGGERED>0</RULES_TRIGGERED>
  <COUNTERS_TRIGGERED>0</COUNTERS_TRIGGERED>
  <REASON_CODE></REASON_CODE>
  <MASTERCARD></MASTERCARD>
  <WARNING_COUNT>0</WARNING_COUNT>
</RESPONSE>

2015-03-27T05:04:09Z
RequestParameter:  billNo: X4NPD1427432646 | startTime:2015-03-27 05:04:09

2015-03-27T05:04:09Z
Array
(
    [MODE] => U
    [FRMT] => XML
    [VERS] => 0630
    [MERC] => 680000
    [SESS] => X4NPD1427432646
    [TRAN] => 3YY50QSQMMB7
    [AUTH] => D
    [MACK] => Y
)


2015-03-27T05:04:11Z
ResponseParameter:  billNo: X4NPD1427432646 | endTime:2015-03-27 05:04:11

2015-03-27T05:04:11Z
<?xml version="1.0" encoding="UTF-8"?>
<RESPONSE>
  <VERS>0630</VERS>
  <MODE>U</MODE>
  <TRAN>3YY50QSQMMB7</TRAN>
  <MERC>680000</MERC>
  <SESS>X4NPD1427432646</SESS>
  <RULES_TRIGGERED>0</RULES_TRIGGERED>
  <COUNTERS_TRIGGERED>0</COUNTERS_TRIGGERED>
  <REASON_CODE></REASON_CODE>
  <MASTERCARD></MASTERCARD>
  <WARNING_COUNT>0</WARNING_COUNT>
</RESPONSE>

2015-03-27T05:08:01Z
RequestParameter:  billNo: Urhfu1427432878 | startTime:2015-03-27 05:08:01

2015-03-27T05:08:01Z
Array
(
    [MODE] => U
    [FRMT] => XML
    [VERS] => 0630
    [MERC] => 680000
    [SESS] => Urhfu1427432878
    [TRAN] => 3YY50RSK4T93
    [AUTH] => D
    [MACK] => Y
)


2015-03-27T05:08:03Z
ResponseParameter:  billNo: Urhfu1427432878 | endTime:2015-03-27 05:08:03

2015-03-27T05:08:03Z
<?xml version="1.0" encoding="UTF-8"?>
<RESPONSE>
  <VERS>0630</VERS>
  <MODE>U</MODE>
  <TRAN>3YY50RSK4T93</TRAN>
  <MERC>680000</MERC>
  <SESS>Urhfu1427432878</SESS>
  <RULES_TRIGGERED>0</RULES_TRIGGERED>
  <COUNTERS_TRIGGERED>0</COUNTERS_TRIGGERED>
  <REASON_CODE></REASON_CODE>
  <MASTERCARD></MASTERCARD>
  <WARNING_COUNT>0</WARNING_COUNT>
</RESPONSE>

2015-03-27T05:08:50Z
RequestParameter:  billNo: z5Bk81427432926 | startTime:2015-03-27 05:08:50

2015-03-27T05:08:50Z
Array
(
    [MODE] => U
    [FRMT] => XML
    [VERS] => 0630
    [MERC] => 680000
    [SESS] => z5Bk81427432926
    [TRAN] => 3YY50365LP73
    [AUTH] => D
    [MACK] => Y
)


2015-03-27T05:08:51Z
ResponseParameter:  billNo: z5Bk81427432926 | endTime:2015-03-27 05:08:51

2015-03-27T05:08:51Z
<?xml version="1.0" encoding="UTF-8"?>
<RESPONSE>
  <VERS>0630</VERS>
  <MODE>U</MODE>
  <TRAN>3YY50365LP73</TRAN>
  <MERC>680000</MERC>
  <SESS>z5Bk81427432926</SESS>
  <RULES_TRIGGERED>0</RULES_TRIGGERED>
  <COUNTERS_TRIGGERED>0</COUNTERS_TRIGGERED>
  <REASON_CODE></REASON_CODE>
  <MASTERCARD></MASTERCARD>
  <WARNING_COUNT>0</WARNING_COUNT>
</RESPONSE>

2015-03-27T05:10:20Z
RequestParameter:  billNo: WkCRX1427433017 | startTime:2015-03-27 05:10:20

2015-03-27T05:10:20Z
Array
(
    [MODE] => U
    [FRMT] => XML
    [VERS] => 0630
    [MERC] => 680000
    [SESS] => WkCRX1427433017
    [TRAN] => 3YY50CBZZJS3
    [AUTH] => D
    [MACK] => Y
)


2015-03-27T05:10:22Z
ResponseParameter:  billNo: WkCRX1427433017 | endTime:2015-03-27 05:10:22

2015-03-27T05:10:22Z
<?xml version="1.0" encoding="UTF-8"?>
<RESPONSE>
  <VERS>0630</VERS>
  <MODE>U</MODE>
  <TRAN>3YY50CBZZJS3</TRAN>
  <MERC>680000</MERC>
  <SESS>WkCRX1427433017</SESS>
  <RULES_TRIGGERED>0</RULES_TRIGGERED>
  <COUNTERS_TRIGGERED>0</COUNTERS_TRIGGERED>
  <REASON_CODE></REASON_CODE>
  <MASTERCARD></MASTERCARD>
  <WARNING_COUNT>0</WARNING_COUNT>
</RESPONSE>

2015-03-27T05:11:12Z
RequestParameter:  billNo: 4mVxC1427433066 | startTime:2015-03-27 05:11:12

2015-03-27T05:11:12Z
Array
(
    [MODE] => U
    [FRMT] => XML
    [VERS] => 0630
    [MERC] => 680000
    [SESS] => 4mVxC1427433066
    [TRAN] => 3YY50MNX2GGB
    [AUTH] => D
    [MACK] => Y
)


2015-03-27T05:11:13Z
ResponseParameter:  billNo: 4mVxC1427433066 | endTime:2015-03-27 05:11:13

2015-03-27T05:11:13Z
<?xml version="1.0" encoding="UTF-8"?>
<RESPONSE>
  <VERS>0630</VERS>
  <MODE>U</MODE>
  <TRAN>3YY50MNX2GGB</TRAN>
  <MERC>680000</MERC>
  <SESS>4mVxC1427433066</SESS>
  <RULES_TRIGGERED>0</RULES_TRIGGERED>
  <COUNTERS_TRIGGERED>0</COUNTERS_TRIGGERED>
  <REASON_CODE></REASON_CODE>
  <MASTERCARD></MASTERCARD>
  <WARNING_COUNT>0</WARNING_COUNT>
</RESPONSE>

2015-03-27T05:11:55Z
RequestParameter:  billNo: Rx30C1427433111 | startTime:2015-03-27 05:11:55

2015-03-27T05:11:55Z
Array
(
    [MODE] => U
    [FRMT] => XML
    [VERS] => 0630
    [MERC] => 680000
    [SESS] => Rx30C1427433111
    [TRAN] => 3YY50CYG0LVM
    [AUTH] => D
    [MACK] => Y
)


2015-03-27T05:11:57Z
ResponseParameter:  billNo: Rx30C1427433111 | endTime:2015-03-27 05:11:57

2015-03-27T05:11:57Z
<?xml version="1.0" encoding="UTF-8"?>
<RESPONSE>
  <VERS>0630</VERS>
  <MODE>U</MODE>
  <TRAN>3YY50CYG0LVM</TRAN>
  <MERC>680000</MERC>
  <SESS>Rx30C1427433111</SESS>
  <RULES_TRIGGERED>0</RULES_TRIGGERED>
  <COUNTERS_TRIGGERED>0</COUNTERS_TRIGGERED>
  <REASON_CODE></REASON_CODE>
  <MASTERCARD></MASTERCARD>
  <WARNING_COUNT>0</WARNING_COUNT>
</RESPONSE>

2015-03-27T05:12:35Z
RequestParameter:  billNo: ug8Jn1427433153 | startTime:2015-03-27 05:12:35

2015-03-27T05:12:35Z
Array
(
    [MODE] => U
    [FRMT] => XML
    [VERS] => 0630
    [MERC] => 680000
    [SESS] => ug8Jn1427433153
    [TRAN] => 3YY50J077BXW
    [AUTH] => D
    [MACK] => Y
)


2015-03-27T05:12:37Z
ResponseParameter:  billNo: ug8Jn1427433153 | endTime:2015-03-27 05:12:37

2015-03-27T05:12:37Z
<?xml version="1.0" encoding="UTF-8"?>
<RESPONSE>
  <VERS>0630</VERS>
  <MODE>U</MODE>
  <TRAN>3YY50J077BXW</TRAN>
  <MERC>680000</MERC>
  <SESS>ug8Jn1427433153</SESS>
  <RULES_TRIGGERED>0</RULES_TRIGGERED>
  <COUNTERS_TRIGGERED>0</COUNTERS_TRIGGERED>
  <REASON_CODE></REASON_CODE>
  <MASTERCARD></MASTERCARD>
  <WARNING_COUNT>0</WARNING_COUNT>
</RESPONSE>

2015-03-27T05:16:42Z
RequestParameter:  billNo: pDCP91427433399 | startTime:2015-03-27 05:16:42

2015-03-27T05:16:42Z
Array
(
    [MODE] => U
    [FRMT] => XML
    [VERS] => 0630
    [MERC] => 680000
    [SESS] => pDCP91427433399
    [TRAN] => 3YY50P581Y23
    [AUTH] => D
    [MACK] => Y
)


2015-03-27T05:16:43Z
ResponseParameter:  billNo: pDCP91427433399 | endTime:2015-03-27 05:16:43

2015-03-27T05:16:43Z
<?xml version="1.0" encoding="UTF-8"?>
<RESPONSE>
  <VERS>0630</VERS>
  <MODE>U</MODE>
  <TRAN>3YY50P581Y23</TRAN>
  <MERC>680000</MERC>
  <SESS>pDCP91427433399</SESS>
  <RULES_TRIGGERED>0</RULES_TRIGGERED>
  <COUNTERS_TRIGGERED>0</COUNTERS_TRIGGERED>
  <REASON_CODE></REASON_CODE>
  <MASTERCARD></MASTERCARD>
  <WARNING_COUNT>0</WARNING_COUNT>
</RESPONSE>

2015-03-27T05:17:32Z
RequestParameter:  billNo: TpY4Q1427433448 | startTime:2015-03-27 05:17:32

2015-03-27T05:17:32Z
Array
(
    [MODE] => U
    [FRMT] => XML
    [VERS] => 0630
    [MERC] => 680000
    [SESS] => TpY4Q1427433448
    [TRAN] => 3YY50YH8KSQ5
    [AUTH] => D
    [MACK] => Y
)


2015-03-27T05:17:34Z
ResponseParameter:  billNo: TpY4Q1427433448 | endTime:2015-03-27 05:17:34

2015-03-27T05:17:34Z
<?xml version="1.0" encoding="UTF-8"?>
<RESPONSE>
  <VERS>0630</VERS>
  <MODE>U</MODE>
  <TRAN>3YY50YH8KSQ5</TRAN>
  <MERC>680000</MERC>
  <SESS>TpY4Q1427433448</SESS>
  <RULES_TRIGGERED>0</RULES_TRIGGERED>
  <COUNTERS_TRIGGERED>0</COUNTERS_TRIGGERED>
  <REASON_CODE></REASON_CODE>
  <MASTERCARD></MASTERCARD>
  <WARNING_COUNT>0</WARNING_COUNT>
</RESPONSE>

2015-03-27T05:17:41Z
RequestParameter:  billNo: ITl761427433457 | startTime:2015-03-27 05:17:41

2015-03-27T05:17:41Z
Array
(
    [MODE] => U
    [FRMT] => XML
    [VERS] => 0630
    [MERC] => 680000
    [SESS] => ITl761427433457
    [TRAN] => 3YY500SQSK42
    [AUTH] => D
    [MACK] => Y
)


2015-03-27T05:17:43Z
ResponseParameter:  billNo: ITl761427433457 | endTime:2015-03-27 05:17:43

2015-03-27T05:17:43Z
<?xml version="1.0" encoding="UTF-8"?>
<RESPONSE>
  <VERS>0630</VERS>
  <MODE>U</MODE>
  <TRAN>3YY500SQSK42</TRAN>
  <MERC>680000</MERC>
  <SESS>ITl761427433457</SESS>
  <RULES_TRIGGERED>0</RULES_TRIGGERED>
  <COUNTERS_TRIGGERED>0</COUNTERS_TRIGGERED>
  <REASON_CODE></REASON_CODE>
  <MASTERCARD></MASTERCARD>
  <WARNING_COUNT>0</WARNING_COUNT>
</RESPONSE>

2015-03-27T05:17:51Z
RequestParameter:  billNo: 53ICW1427433466 | startTime:2015-03-27 05:17:51

2015-03-27T05:17:51Z
Array
(
    [MODE] => U
    [FRMT] => XML
    [VERS] => 0630
    [MERC] => 680000
    [SESS] => 53ICW1427433466
    [TRAN] => 3YY503DZ77B4
    [AUTH] => D
    [MACK] => Y
)


2015-03-27T05:17:52Z
ResponseParameter:  billNo: 53ICW1427433466 | endTime:2015-03-27 05:17:52

2015-03-27T05:17:52Z
<?xml version="1.0" encoding="UTF-8"?>
<RESPONSE>
  <VERS>0630</VERS>
  <MODE>U</MODE>
  <TRAN>3YY503DZ77B4</TRAN>
  <MERC>680000</MERC>
  <SESS>53ICW1427433466</SESS>
  <RULES_TRIGGERED>0</RULES_TRIGGERED>
  <COUNTERS_TRIGGERED>0</COUNTERS_TRIGGERED>
  <REASON_CODE></REASON_CODE>
  <MASTERCARD></MASTERCARD>
  <WARNING_COUNT>0</WARNING_COUNT>
</RESPONSE>

2015-03-27T05:19:15Z
RequestParameter:  billNo: kmLdA1427433551 | startTime:2015-03-27 05:19:15

2015-03-27T05:19:15Z
Array
(
    [MODE] => U
    [FRMT] => XML
    [VERS] => 0630
    [MERC] => 680000
    [SESS] => kmLdA1427433551
    [TRAN] => 3YY50RW02T9K
    [AUTH] => D
    [MACK] => Y
)


2015-03-27T05:19:16Z
ResponseParameter:  billNo: kmLdA1427433551 | endTime:2015-03-27 05:19:16

2015-03-27T05:19:16Z
<?xml version="1.0" encoding="UTF-8"?>
<RESPONSE>
  <VERS>0630</VERS>
  <MODE>U</MODE>
  <TRAN>3YY50RW02T9K</TRAN>
  <MERC>680000</MERC>
  <SESS>kmLdA1427433551</SESS>
  <RULES_TRIGGERED>0</RULES_TRIGGERED>
  <COUNTERS_TRIGGERED>0</COUNTERS_TRIGGERED>
  <REASON_CODE></REASON_CODE>
  <MASTERCARD></MASTERCARD>
  <WARNING_COUNT>0</WARNING_COUNT>
</RESPONSE>

2015-03-27T05:19:34Z
RequestParameter:  billNo: NEckH1427433559 | startTime:2015-03-27 05:19:34

2015-03-27T05:19:34Z
Array
(
    [MODE] => U
    [FRMT] => XML
    [VERS] => 0630
    [MERC] => 680000
    [SESS] => NEckH1427433559
    [TRAN] => 3YY50KQ01W96
    [AUTH] => D
    [MACK] => Y
)


2015-03-27T05:19:35Z
ResponseParameter:  billNo: NEckH1427433559 | endTime:2015-03-27 05:19:35

2015-03-27T05:19:35Z
<?xml version="1.0" encoding="UTF-8"?>
<RESPONSE>
  <VERS>0630</VERS>
  <MODE>U</MODE>
  <TRAN>3YY50KQ01W96</TRAN>
  <MERC>680000</MERC>
  <SESS>NEckH1427433559</SESS>
  <RULES_TRIGGERED>0</RULES_TRIGGERED>
  <COUNTERS_TRIGGERED>0</COUNTERS_TRIGGERED>
  <REASON_CODE></REASON_CODE>
  <MASTERCARD></MASTERCARD>
  <WARNING_COUNT>0</WARNING_COUNT>
</RESPONSE>

2015-03-27T05:20:22Z
RequestParameter:  billNo: sgBTD1427433618 | startTime:2015-03-27 05:20:22

2015-03-27T05:20:22Z
Array
(
    [MODE] => U
    [FRMT] => XML
    [VERS] => 0630
    [MERC] => 680000
    [SESS] => sgBTD1427433618
    [TRAN] => 3YY50K02MR1T
    [AUTH] => D
    [MACK] => Y
)


2015-03-27T05:20:23Z
ResponseParameter:  billNo: sgBTD1427433618 | endTime:2015-03-27 05:20:23

2015-03-27T05:20:23Z
<?xml version="1.0" encoding="UTF-8"?>
<RESPONSE>
  <VERS>0630</VERS>
  <MODE>U</MODE>
  <TRAN>3YY50K02MR1T</TRAN>
  <MERC>680000</MERC>
  <SESS>sgBTD1427433618</SESS>
  <RULES_TRIGGERED>0</RULES_TRIGGERED>
  <COUNTERS_TRIGGERED>0</COUNTERS_TRIGGERED>
  <REASON_CODE></REASON_CODE>
  <MASTERCARD></MASTERCARD>
  <WARNING_COUNT>0</WARNING_COUNT>
</RESPONSE>

2015-03-27T05:21:01Z
RequestParameter:  billNo: yjL9k1427433655 | startTime:2015-03-27 05:21:01

2015-03-27T05:21:01Z
Array
(
    [MODE] => U
    [FRMT] => XML
    [VERS] => 0630
    [MERC] => 680000
    [SESS] => yjL9k1427433655
    [TRAN] => 3YY50KLM0RM0
    [AUTH] => D
    [MACK] => Y
)


2015-03-27T05:21:02Z
ResponseParameter:  billNo: yjL9k1427433655 | endTime:2015-03-27 05:21:02

2015-03-27T05:21:02Z
<?xml version="1.0" encoding="UTF-8"?>
<RESPONSE>
  <VERS>0630</VERS>
  <MODE>U</MODE>
  <TRAN>3YY50KLM0RM0</TRAN>
  <MERC>680000</MERC>
  <SESS>yjL9k1427433655</SESS>
  <RULES_TRIGGERED>0</RULES_TRIGGERED>
  <COUNTERS_TRIGGERED>0</COUNTERS_TRIGGERED>
  <REASON_CODE></REASON_CODE>
  <MASTERCARD></MASTERCARD>
  <WARNING_COUNT>0</WARNING_COUNT>
</RESPONSE>

2015-03-27T05:21:34Z
RequestParameter:  billNo: 9xEXu1427433692 | startTime:2015-03-27 05:21:34

2015-03-27T05:21:34Z
Array
(
    [MODE] => U
    [FRMT] => XML
    [VERS] => 0630
    [MERC] => 680000
    [SESS] => 9xEXu1427433692
    [TRAN] => 3YY50DK70CRR
    [AUTH] => D
    [MACK] => Y
)


2015-03-27T05:21:35Z
ResponseParameter:  billNo: 9xEXu1427433692 | endTime:2015-03-27 05:21:35

2015-03-27T05:21:35Z
<?xml version="1.0" encoding="UTF-8"?>
<RESPONSE>
  <VERS>0630</VERS>
  <MODE>U</MODE>
  <TRAN>3YY50DK70CRR</TRAN>
  <MERC>680000</MERC>
  <SESS>9xEXu1427433692</SESS>
  <RULES_TRIGGERED>0</RULES_TRIGGERED>
  <COUNTERS_TRIGGERED>0</COUNTERS_TRIGGERED>
  <REASON_CODE></REASON_CODE>
  <MASTERCARD></MASTERCARD>
  <WARNING_COUNT>0</WARNING_COUNT>
</RESPONSE>

2015-03-27T05:31:34Z
RequestParameter:  billNo: uxeBS1427434291 | startTime:2015-03-27 05:31:34

2015-03-27T05:31:34Z
Array
(
    [MODE] => U
    [FRMT] => XML
    [VERS] => 0630
    [MERC] => 680000
    [SESS] => uxeBS1427434291
    [TRAN] => 3YY501KVQ8HR
    [AUTH] => D
    [MACK] => Y
)


2015-03-27T05:31:35Z
ResponseParameter:  billNo: uxeBS1427434291 | endTime:2015-03-27 05:31:35

2015-03-27T05:31:35Z
<?xml version="1.0" encoding="UTF-8"?>
<RESPONSE>
  <VERS>0630</VERS>
  <MODE>U</MODE>
  <TRAN>3YY501KVQ8HR</TRAN>
  <MERC>680000</MERC>
  <SESS>uxeBS1427434291</SESS>
  <RULES_TRIGGERED>0</RULES_TRIGGERED>
  <COUNTERS_TRIGGERED>0</COUNTERS_TRIGGERED>
  <REASON_CODE></REASON_CODE>
  <MASTERCARD></MASTERCARD>
  <WARNING_COUNT>0</WARNING_COUNT>
</RESPONSE>

2015-03-27T05:32:07Z
RequestParameter:  billNo: KsiJC1427434325 | startTime:2015-03-27 05:32:07

2015-03-27T05:32:07Z
Array
(
    [MODE] => U
    [FRMT] => XML
    [VERS] => 0630
    [MERC] => 680000
    [SESS] => KsiJC1427434325
    [TRAN] => 3YY50CPVMY8J
    [AUTH] => D
    [MACK] => Y
)


2015-03-27T05:32:08Z
ResponseParameter:  billNo: KsiJC1427434325 | endTime:2015-03-27 05:32:08

2015-03-27T05:32:08Z
<?xml version="1.0" encoding="UTF-8"?>
<RESPONSE>
  <VERS>0630</VERS>
  <MODE>U</MODE>
  <TRAN>3YY50CPVMY8J</TRAN>
  <MERC>680000</MERC>
  <SESS>KsiJC1427434325</SESS>
  <RULES_TRIGGERED>0</RULES_TRIGGERED>
  <COUNTERS_TRIGGERED>0</COUNTERS_TRIGGERED>
  <REASON_CODE></REASON_CODE>
  <MASTERCARD></MASTERCARD>
  <WARNING_COUNT>0</WARNING_COUNT>
</RESPONSE>

2015-03-27T05:32:34Z
RequestParameter:  billNo: UEDVn1427434351 | startTime:2015-03-27 05:32:34

2015-03-27T05:32:34Z
Array
(
    [MODE] => U
    [FRMT] => XML
    [VERS] => 0630
    [MERC] => 680000
    [SESS] => UEDVn1427434351
    [TRAN] => 3YY504QSHS11
    [AUTH] => D
    [MACK] => Y
)


2015-03-27T05:32:35Z
ResponseParameter:  billNo: UEDVn1427434351 | endTime:2015-03-27 05:32:35

2015-03-27T05:32:35Z
<?xml version="1.0" encoding="UTF-8"?>
<RESPONSE>
  <VERS>0630</VERS>
  <MODE>U</MODE>
  <TRAN>3YY504QSHS11</TRAN>
  <MERC>680000</MERC>
  <SESS>UEDVn1427434351</SESS>
  <RULES_TRIGGERED>0</RULES_TRIGGERED>
  <COUNTERS_TRIGGERED>0</COUNTERS_TRIGGERED>
  <REASON_CODE></REASON_CODE>
  <MASTERCARD></MASTERCARD>
  <WARNING_COUNT>0</WARNING_COUNT>
</RESPONSE>

2015-03-27T05:33:05Z
RequestParameter:  billNo: 1cnGh1427434381 | startTime:2015-03-27 05:33:05

2015-03-27T05:33:05Z
Array
(
    [MODE] => U
    [FRMT] => XML
    [VERS] => 0630
    [MERC] => 680000
    [SESS] => 1cnGh1427434381
    [TRAN] => 3YY50KM52X74
    [AUTH] => D
    [MACK] => Y
)


2015-03-27T05:33:06Z
ResponseParameter:  billNo: 1cnGh1427434381 | endTime:2015-03-27 05:33:06

2015-03-27T05:33:06Z
<?xml version="1.0" encoding="UTF-8"?>
<RESPONSE>
  <VERS>0630</VERS>
  <MODE>U</MODE>
  <TRAN>3YY50KM52X74</TRAN>
  <MERC>680000</MERC>
  <SESS>1cnGh1427434381</SESS>
  <RULES_TRIGGERED>0</RULES_TRIGGERED>
  <COUNTERS_TRIGGERED>0</COUNTERS_TRIGGERED>
  <REASON_CODE></REASON_CODE>
  <MASTERCARD></MASTERCARD>
  <WARNING_COUNT>0</WARNING_COUNT>
</RESPONSE>

2015-03-27T05:34:10Z
RequestParameter:  billNo: Fpofy1427434448 | startTime:2015-03-27 05:34:10

2015-03-27T05:34:10Z
Array
(
    [MODE] => U
    [FRMT] => XML
    [VERS] => 0630
    [MERC] => 680000
    [SESS] => Fpofy1427434448
    [TRAN] => 3YY50V6Q45ZR
    [AUTH] => D
    [MACK] => Y
)


2015-03-27T05:34:11Z
ResponseParameter:  billNo: Fpofy1427434448 | endTime:2015-03-27 05:34:11

2015-03-27T05:34:11Z
<?xml version="1.0" encoding="UTF-8"?>
<RESPONSE>
  <VERS>0630</VERS>
  <MODE>U</MODE>
  <TRAN>3YY50V6Q45ZR</TRAN>
  <MERC>680000</MERC>
  <SESS>Fpofy1427434448</SESS>
  <RULES_TRIGGERED>0</RULES_TRIGGERED>
  <COUNTERS_TRIGGERED>0</COUNTERS_TRIGGERED>
  <REASON_CODE></REASON_CODE>
  <MASTERCARD></MASTERCARD>
  <WARNING_COUNT>0</WARNING_COUNT>
</RESPONSE>

2015-03-27T05:34:44Z
RequestParameter:  billNo: H9qvS1427434481 | startTime:2015-03-27 05:34:44

2015-03-27T05:34:44Z
Array
(
    [MODE] => U
    [FRMT] => XML
    [VERS] => 0630
    [MERC] => 680000
    [SESS] => H9qvS1427434481
    [TRAN] => 3YY50ZZ9H4N8
    [AUTH] => D
    [MACK] => Y
)


2015-03-27T05:34:45Z
ResponseParameter:  billNo: H9qvS1427434481 | endTime:2015-03-27 05:34:45

2015-03-27T05:34:45Z
<?xml version="1.0" encoding="UTF-8"?>
<RESPONSE>
  <VERS>0630</VERS>
  <MODE>U</MODE>
  <TRAN>3YY50ZZ9H4N8</TRAN>
  <MERC>680000</MERC>
  <SESS>H9qvS1427434481</SESS>
  <RULES_TRIGGERED>0</RULES_TRIGGERED>
  <COUNTERS_TRIGGERED>0</COUNTERS_TRIGGERED>
  <REASON_CODE></REASON_CODE>
  <MASTERCARD></MASTERCARD>
  <WARNING_COUNT>0</WARNING_COUNT>
</RESPONSE>

2015-03-27T05:35:11Z
RequestParameter:  billNo: 5ITb31427434508 | startTime:2015-03-27 05:35:11

2015-03-27T05:35:11Z
Array
(
    [MODE] => U
    [FRMT] => XML
    [VERS] => 0630
    [MERC] => 680000
    [SESS] => 5ITb31427434508
    [TRAN] => 3YY50YWCK40N
    [AUTH] => D
    [MACK] => Y
)


2015-03-27T05:35:12Z
ResponseParameter:  billNo: 5ITb31427434508 | endTime:2015-03-27 05:35:12

2015-03-27T05:35:12Z
<?xml version="1.0" encoding="UTF-8"?>
<RESPONSE>
  <VERS>0630</VERS>
  <MODE>U</MODE>
  <TRAN>3YY50YWCK40N</TRAN>
  <MERC>680000</MERC>
  <SESS>5ITb31427434508</SESS>
  <RULES_TRIGGERED>0</RULES_TRIGGERED>
  <COUNTERS_TRIGGERED>0</COUNTERS_TRIGGERED>
  <REASON_CODE></REASON_CODE>
  <MASTERCARD></MASTERCARD>
  <WARNING_COUNT>0</WARNING_COUNT>
</RESPONSE>

2015-03-27T05:35:47Z
RequestParameter:  billNo: uQn9q1427434543 | startTime:2015-03-27 05:35:47

2015-03-27T05:35:47Z
Array
(
    [MODE] => U
    [FRMT] => XML
    [VERS] => 0630
    [MERC] => 680000
    [SESS] => uQn9q1427434543
    [TRAN] => 3YY50HP2T9BG
    [AUTH] => D
    [MACK] => Y
)


2015-03-27T05:35:48Z
ResponseParameter:  billNo: uQn9q1427434543 | endTime:2015-03-27 05:35:48

2015-03-27T05:35:48Z
<?xml version="1.0" encoding="UTF-8"?>
<RESPONSE>
  <VERS>0630</VERS>
  <MODE>U</MODE>
  <TRAN>3YY50HP2T9BG</TRAN>
  <MERC>680000</MERC>
  <SESS>uQn9q1427434543</SESS>
  <RULES_TRIGGERED>0</RULES_TRIGGERED>
  <COUNTERS_TRIGGERED>0</COUNTERS_TRIGGERED>
  <REASON_CODE></REASON_CODE>
  <MASTERCARD></MASTERCARD>
  <WARNING_COUNT>0</WARNING_COUNT>
</RESPONSE>

2015-03-27T05:36:16Z
RequestParameter:  billNo: IDL9M1427434574 | startTime:2015-03-27 05:36:16

2015-03-27T05:36:16Z
Array
(
    [MODE] => U
    [FRMT] => XML
    [VERS] => 0630
    [MERC] => 680000
    [SESS] => IDL9M1427434574
    [TRAN] => 3YY5053D18NN
    [AUTH] => D
    [MACK] => Y
)


2015-03-27T05:36:17Z
ResponseParameter:  billNo: IDL9M1427434574 | endTime:2015-03-27 05:36:17

2015-03-27T05:36:17Z
<?xml version="1.0" encoding="UTF-8"?>
<RESPONSE>
  <VERS>0630</VERS>
  <MODE>U</MODE>
  <TRAN>3YY5053D18NN</TRAN>
  <MERC>680000</MERC>
  <SESS>IDL9M1427434574</SESS>
  <RULES_TRIGGERED>0</RULES_TRIGGERED>
  <COUNTERS_TRIGGERED>0</COUNTERS_TRIGGERED>
  <REASON_CODE></REASON_CODE>
  <MASTERCARD></MASTERCARD>
  <WARNING_COUNT>0</WARNING_COUNT>
</RESPONSE>

2015-03-27T05:36:50Z
RequestParameter:  billNo: VyWkB1427434606 | startTime:2015-03-27 05:36:50

2015-03-27T05:36:50Z
Array
(
    [MODE] => U
    [FRMT] => XML
    [VERS] => 0630
    [MERC] => 680000
    [SESS] => VyWkB1427434606
    [TRAN] => 3YY50WQYV923
    [AUTH] => D
    [MACK] => Y
)


2015-03-27T05:36:52Z
ResponseParameter:  billNo: VyWkB1427434606 | endTime:2015-03-27 05:36:52

2015-03-27T05:36:52Z
<?xml version="1.0" encoding="UTF-8"?>
<RESPONSE>
  <VERS>0630</VERS>
  <MODE>U</MODE>
  <TRAN>3YY50WQYV923</TRAN>
  <MERC>680000</MERC>
  <SESS>VyWkB1427434606</SESS>
  <RULES_TRIGGERED>0</RULES_TRIGGERED>
  <COUNTERS_TRIGGERED>0</COUNTERS_TRIGGERED>
  <REASON_CODE></REASON_CODE>
  <MASTERCARD></MASTERCARD>
  <WARNING_COUNT>0</WARNING_COUNT>
</RESPONSE>

2015-03-27T05:39:38Z
RequestParameter:  billNo: AQxbU1427434776 | startTime:2015-03-27 05:39:38

2015-03-27T05:39:38Z
Array
(
    [MODE] => U
    [FRMT] => XML
    [VERS] => 0630
    [MERC] => 680000
    [SESS] => AQxbU1427434776
    [TRAN] => 3YY50XRKHN2H
    [AUTH] => D
    [MACK] => Y
)


2015-03-27T05:39:40Z
ResponseParameter:  billNo: AQxbU1427434776 | endTime:2015-03-27 05:39:40

2015-03-27T05:39:40Z
<?xml version="1.0" encoding="UTF-8"?>
<RESPONSE>
  <VERS>0630</VERS>
  <MODE>U</MODE>
  <TRAN>3YY50XRKHN2H</TRAN>
  <MERC>680000</MERC>
  <SESS>AQxbU1427434776</SESS>
  <RULES_TRIGGERED>0</RULES_TRIGGERED>
  <COUNTERS_TRIGGERED>0</COUNTERS_TRIGGERED>
  <REASON_CODE></REASON_CODE>
  <MASTERCARD></MASTERCARD>
  <WARNING_COUNT>0</WARNING_COUNT>
</RESPONSE>

2015-03-27T05:40:13Z
RequestParameter:  billNo: EPkG01427434810 | startTime:2015-03-27 05:40:13

2015-03-27T05:40:13Z
Array
(
    [MODE] => U
    [FRMT] => XML
    [VERS] => 0630
    [MERC] => 680000
    [SESS] => EPkG01427434810
    [TRAN] => 3YY50PKKJSKB
    [AUTH] => D
    [MACK] => Y
)


2015-03-27T05:40:14Z
ResponseParameter:  billNo: EPkG01427434810 | endTime:2015-03-27 05:40:14

2015-03-27T05:40:14Z
<?xml version="1.0" encoding="UTF-8"?>
<RESPONSE>
  <VERS>0630</VERS>
  <MODE>U</MODE>
  <TRAN>3YY50PKKJSKB</TRAN>
  <MERC>680000</MERC>
  <SESS>EPkG01427434810</SESS>
  <RULES_TRIGGERED>0</RULES_TRIGGERED>
  <COUNTERS_TRIGGERED>0</COUNTERS_TRIGGERED>
  <REASON_CODE></REASON_CODE>
  <MASTERCARD></MASTERCARD>
  <WARNING_COUNT>0</WARNING_COUNT>
</RESPONSE>

2015-03-27T05:40:44Z
RequestParameter:  billNo: CKdjG1427434841 | startTime:2015-03-27 05:40:44

2015-03-27T05:40:44Z
Array
(
    [MODE] => U
    [FRMT] => XML
    [VERS] => 0630
    [MERC] => 680000
    [SESS] => CKdjG1427434841
    [TRAN] => 3YY50PY82YD5
    [AUTH] => D
    [MACK] => Y
)


2015-03-27T05:40:46Z
ResponseParameter:  billNo: CKdjG1427434841 | endTime:2015-03-27 05:40:46

2015-03-27T05:40:46Z
<?xml version="1.0" encoding="UTF-8"?>
<RESPONSE>
  <VERS>0630</VERS>
  <MODE>U</MODE>
  <TRAN>3YY50PY82YD5</TRAN>
  <MERC>680000</MERC>
  <SESS>CKdjG1427434841</SESS>
  <RULES_TRIGGERED>0</RULES_TRIGGERED>
  <COUNTERS_TRIGGERED>0</COUNTERS_TRIGGERED>
  <REASON_CODE></REASON_CODE>
  <MASTERCARD></MASTERCARD>
  <WARNING_COUNT>0</WARNING_COUNT>
</RESPONSE>

2015-03-27T05:41:20Z
RequestParameter:  billNo: zRSY41427434877 | startTime:2015-03-27 05:41:20

2015-03-27T05:41:20Z
Array
(
    [MODE] => U
    [FRMT] => XML
    [VERS] => 0630
    [MERC] => 680000
    [SESS] => zRSY41427434877
    [TRAN] => 3YY506X8K5L0
    [AUTH] => D
    [MACK] => Y
)


2015-03-27T05:41:21Z
ResponseParameter:  billNo: zRSY41427434877 | endTime:2015-03-27 05:41:21

2015-03-27T05:41:21Z
<?xml version="1.0" encoding="UTF-8"?>
<RESPONSE>
  <VERS>0630</VERS>
  <MODE>U</MODE>
  <TRAN>3YY506X8K5L0</TRAN>
  <MERC>680000</MERC>
  <SESS>zRSY41427434877</SESS>
  <RULES_TRIGGERED>0</RULES_TRIGGERED>
  <COUNTERS_TRIGGERED>0</COUNTERS_TRIGGERED>
  <REASON_CODE></REASON_CODE>
  <MASTERCARD></MASTERCARD>
  <WARNING_COUNT>0</WARNING_COUNT>
</RESPONSE>

2015-03-27T05:41:42Z
RequestParameter:  billNo: NI48B1427434899 | startTime:2015-03-27 05:41:42

2015-03-27T05:41:42Z
Array
(
    [MODE] => U
    [FRMT] => XML
    [VERS] => 0630
    [MERC] => 680000
    [SESS] => NI48B1427434899
    [TRAN] => 3YY505C4J06C
    [AUTH] => D
    [MACK] => Y
)


2015-03-27T05:41:44Z
ResponseParameter:  billNo: NI48B1427434899 | endTime:2015-03-27 05:41:44

2015-03-27T05:41:44Z
<?xml version="1.0" encoding="UTF-8"?>
<RESPONSE>
  <VERS>0630</VERS>
  <MODE>U</MODE>
  <TRAN>3YY505C4J06C</TRAN>
  <MERC>680000</MERC>
  <SESS>NI48B1427434899</SESS>
  <RULES_TRIGGERED>0</RULES_TRIGGERED>
  <COUNTERS_TRIGGERED>0</COUNTERS_TRIGGERED>
  <REASON_CODE></REASON_CODE>
  <MASTERCARD></MASTERCARD>
  <WARNING_COUNT>0</WARNING_COUNT>
</RESPONSE>

2015-03-27T05:42:13Z
RequestParameter:  billNo: ZvfJW1427434931 | startTime:2015-03-27 05:42:13

2015-03-27T05:42:13Z
Array
(
    [MODE] => U
    [FRMT] => XML
    [VERS] => 0630
    [MERC] => 680000
    [SESS] => ZvfJW1427434931
    [TRAN] => 3YY50NZCPNN1
    [AUTH] => D
    [MACK] => Y
)


2015-03-27T05:42:14Z
ResponseParameter:  billNo: ZvfJW1427434931 | endTime:2015-03-27 05:42:14

2015-03-27T05:42:14Z
<?xml version="1.0" encoding="UTF-8"?>
<RESPONSE>
  <VERS>0630</VERS>
  <MODE>U</MODE>
  <TRAN>3YY50NZCPNN1</TRAN>
  <MERC>680000</MERC>
  <SESS>ZvfJW1427434931</SESS>
  <RULES_TRIGGERED>0</RULES_TRIGGERED>
  <COUNTERS_TRIGGERED>0</COUNTERS_TRIGGERED>
  <REASON_CODE></REASON_CODE>
  <MASTERCARD></MASTERCARD>
  <WARNING_COUNT>0</WARNING_COUNT>
</RESPONSE>

2015-03-27T05:42:44Z
RequestParameter:  billNo: 1DiLe1427434961 | startTime:2015-03-27 05:42:44

2015-03-27T05:42:44Z
Array
(
    [MODE] => U
    [FRMT] => XML
    [VERS] => 0630
    [MERC] => 680000
    [SESS] => 1DiLe1427434961
    [TRAN] => 3YY50X3RK0CJ
    [AUTH] => D
    [MACK] => Y
)


2015-03-27T05:42:45Z
ResponseParameter:  billNo: 1DiLe1427434961 | endTime:2015-03-27 05:42:45

2015-03-27T05:42:45Z
<?xml version="1.0" encoding="UTF-8"?>
<RESPONSE>
  <VERS>0630</VERS>
  <MODE>U</MODE>
  <TRAN>3YY50X3RK0CJ</TRAN>
  <MERC>680000</MERC>
  <SESS>1DiLe1427434961</SESS>
  <RULES_TRIGGERED>0</RULES_TRIGGERED>
  <COUNTERS_TRIGGERED>0</COUNTERS_TRIGGERED>
  <REASON_CODE></REASON_CODE>
  <MASTERCARD></MASTERCARD>
  <WARNING_COUNT>0</WARNING_COUNT>
</RESPONSE>

2015-03-27T05:43:20Z
RequestParameter:  billNo: 2PL3w1427434997 | startTime:2015-03-27 05:43:20

2015-03-27T05:43:20Z
Array
(
    [MODE] => U
    [FRMT] => XML
    [VERS] => 0630
    [MERC] => 680000
    [SESS] => 2PL3w1427434997
    [TRAN] => 3YY50LL2WW81
    [AUTH] => D
    [MACK] => Y
)


2015-03-27T05:43:22Z
ResponseParameter:  billNo: 2PL3w1427434997 | endTime:2015-03-27 05:43:22

2015-03-27T05:43:22Z
<?xml version="1.0" encoding="UTF-8"?>
<RESPONSE>
  <VERS>0630</VERS>
  <MODE>U</MODE>
  <TRAN>3YY50LL2WW81</TRAN>
  <MERC>680000</MERC>
  <SESS>2PL3w1427434997</SESS>
  <RULES_TRIGGERED>0</RULES_TRIGGERED>
  <COUNTERS_TRIGGERED>0</COUNTERS_TRIGGERED>
  <REASON_CODE></REASON_CODE>
  <MASTERCARD></MASTERCARD>
  <WARNING_COUNT>0</WARNING_COUNT>
</RESPONSE>

2015-03-27T05:44:55Z
RequestParameter:  billNo: PyUSL1427435093 | startTime:2015-03-27 05:44:55

2015-03-27T05:44:55Z
Array
(
    [MODE] => U
    [FRMT] => XML
    [VERS] => 0630
    [MERC] => 680000
    [SESS] => PyUSL1427435093
    [TRAN] => 3YY501HMM4GV
    [AUTH] => D
    [MACK] => Y
)


2015-03-27T05:44:56Z
ResponseParameter:  billNo: PyUSL1427435093 | endTime:2015-03-27 05:44:56

2015-03-27T05:44:56Z
<?xml version="1.0" encoding="UTF-8"?>
<RESPONSE>
  <VERS>0630</VERS>
  <MODE>U</MODE>
  <TRAN>3YY501HMM4GV</TRAN>
  <MERC>680000</MERC>
  <SESS>PyUSL1427435093</SESS>
  <RULES_TRIGGERED>0</RULES_TRIGGERED>
  <COUNTERS_TRIGGERED>0</COUNTERS_TRIGGERED>
  <REASON_CODE></REASON_CODE>
  <MASTERCARD></MASTERCARD>
  <WARNING_COUNT>0</WARNING_COUNT>
</RESPONSE>

2015-03-27T05:45:04Z
RequestParameter:  billNo: 3u0y71427435100 | startTime:2015-03-27 05:45:04

2015-03-27T05:45:04Z
Array
(
    [MODE] => U
    [FRMT] => XML
    [VERS] => 0630
    [MERC] => 680000
    [SESS] => 3u0y71427435100
    [TRAN] => 3YY5074MKPG1
    [AUTH] => D
    [MACK] => Y
)


2015-03-27T05:45:06Z
ResponseParameter:  billNo: 3u0y71427435100 | endTime:2015-03-27 05:45:06

2015-03-27T05:45:06Z
<?xml version="1.0" encoding="UTF-8"?>
<RESPONSE>
  <VERS>0630</VERS>
  <MODE>U</MODE>
  <TRAN>3YY5074MKPG1</TRAN>
  <MERC>680000</MERC>
  <SESS>3u0y71427435100</SESS>
  <RULES_TRIGGERED>0</RULES_TRIGGERED>
  <COUNTERS_TRIGGERED>0</COUNTERS_TRIGGERED>
  <REASON_CODE></REASON_CODE>
  <MASTERCARD></MASTERCARD>
  <WARNING_COUNT>0</WARNING_COUNT>
</RESPONSE>

2015-03-27T05:45:44Z
RequestParameter:  billNo: sTUa91427435141 | startTime:2015-03-27 05:45:44

2015-03-27T05:45:44Z
Array
(
    [MODE] => U
    [FRMT] => XML
    [VERS] => 0630
    [MERC] => 680000
    [SESS] => sTUa91427435141
    [TRAN] => 3YY50NKPCSBB
    [AUTH] => D
    [MACK] => Y
)


2015-03-27T05:45:45Z
ResponseParameter:  billNo: sTUa91427435141 | endTime:2015-03-27 05:45:45

2015-03-27T05:45:45Z
<?xml version="1.0" encoding="UTF-8"?>
<RESPONSE>
  <VERS>0630</VERS>
  <MODE>U</MODE>
  <TRAN>3YY50NKPCSBB</TRAN>
  <MERC>680000</MERC>
  <SESS>sTUa91427435141</SESS>
  <RULES_TRIGGERED>0</RULES_TRIGGERED>
  <COUNTERS_TRIGGERED>0</COUNTERS_TRIGGERED>
  <REASON_CODE></REASON_CODE>
  <MASTERCARD></MASTERCARD>
  <WARNING_COUNT>0</WARNING_COUNT>
</RESPONSE>

2015-03-27T05:46:14Z
RequestParameter:  billNo: T10Dt1427435169 | startTime:2015-03-27 05:46:14

2015-03-27T05:46:14Z
Array
(
    [MODE] => U
    [FRMT] => XML
    [VERS] => 0630
    [MERC] => 680000
    [SESS] => T10Dt1427435169
    [TRAN] => 3YY50NYW5H75
    [AUTH] => D
    [MACK] => Y
)


2015-03-27T05:46:15Z
ResponseParameter:  billNo: T10Dt1427435169 | endTime:2015-03-27 05:46:15

2015-03-27T05:46:15Z
<?xml version="1.0" encoding="UTF-8"?>
<RESPONSE>
  <VERS>0630</VERS>
  <MODE>U</MODE>
  <TRAN>3YY50NYW5H75</TRAN>
  <MERC>680000</MERC>
  <SESS>T10Dt1427435169</SESS>
  <RULES_TRIGGERED>0</RULES_TRIGGERED>
  <COUNTERS_TRIGGERED>0</COUNTERS_TRIGGERED>
  <REASON_CODE></REASON_CODE>
  <MASTERCARD></MASTERCARD>
  <WARNING_COUNT>0</WARNING_COUNT>
</RESPONSE>

2015-03-27T05:48:29Z
RequestParameter:  billNo: UBQv91427435307 | startTime:2015-03-27 05:48:29

2015-03-27T05:48:29Z
Array
(
    [MODE] => U
    [FRMT] => XML
    [VERS] => 0630
    [MERC] => 680000
    [SESS] => UBQv91427435307
    [TRAN] => 3YY50K043D9H
    [AUTH] => D
    [MACK] => Y
)


2015-03-27T05:48:30Z
ResponseParameter:  billNo: UBQv91427435307 | endTime:2015-03-27 05:48:30

2015-03-27T05:48:30Z
<?xml version="1.0" encoding="UTF-8"?>
<RESPONSE>
  <VERS>0630</VERS>
  <MODE>U</MODE>
  <TRAN>3YY50K043D9H</TRAN>
  <MERC>680000</MERC>
  <SESS>UBQv91427435307</SESS>
  <RULES_TRIGGERED>0</RULES_TRIGGERED>
  <COUNTERS_TRIGGERED>0</COUNTERS_TRIGGERED>
  <REASON_CODE></REASON_CODE>
  <MASTERCARD></MASTERCARD>
  <WARNING_COUNT>0</WARNING_COUNT>
</RESPONSE>

2015-03-27T05:48:52Z
RequestParameter:  billNo: OJt3m1427435329 | startTime:2015-03-27 05:48:52

2015-03-27T05:48:52Z
Array
(
    [MODE] => U
    [FRMT] => XML
    [VERS] => 0630
    [MERC] => 680000
    [SESS] => OJt3m1427435329
    [TRAN] => 3YY507CZVS68
    [AUTH] => D
    [MACK] => Y
)


2015-03-27T05:48:53Z
ResponseParameter:  billNo: OJt3m1427435329 | endTime:2015-03-27 05:48:53

2015-03-27T05:48:53Z
<?xml version="1.0" encoding="UTF-8"?>
<RESPONSE>
  <VERS>0630</VERS>
  <MODE>U</MODE>
  <TRAN>3YY507CZVS68</TRAN>
  <MERC>680000</MERC>
  <SESS>OJt3m1427435329</SESS>
  <RULES_TRIGGERED>0</RULES_TRIGGERED>
  <COUNTERS_TRIGGERED>0</COUNTERS_TRIGGERED>
  <REASON_CODE></REASON_CODE>
  <MASTERCARD></MASTERCARD>
  <WARNING_COUNT>0</WARNING_COUNT>
</RESPONSE>

2015-03-27T05:49:16Z
RequestParameter:  billNo: uHmGz1427435354 | startTime:2015-03-27 05:49:16

2015-03-27T05:49:16Z
Array
(
    [MODE] => U
    [FRMT] => XML
    [VERS] => 0630
    [MERC] => 680000
    [SESS] => uHmGz1427435354
    [TRAN] => 3YY504V9ZZWK
    [AUTH] => D
    [MACK] => Y
)


2015-03-27T05:49:17Z
ResponseParameter:  billNo: uHmGz1427435354 | endTime:2015-03-27 05:49:17

2015-03-27T05:49:17Z
<?xml version="1.0" encoding="UTF-8"?>
<RESPONSE>
  <VERS>0630</VERS>
  <MODE>U</MODE>
  <TRAN>3YY504V9ZZWK</TRAN>
  <MERC>680000</MERC>
  <SESS>uHmGz1427435354</SESS>
  <RULES_TRIGGERED>0</RULES_TRIGGERED>
  <COUNTERS_TRIGGERED>0</COUNTERS_TRIGGERED>
  <REASON_CODE></REASON_CODE>
  <MASTERCARD></MASTERCARD>
  <WARNING_COUNT>0</WARNING_COUNT>
</RESPONSE>

2015-03-27T05:49:48Z
RequestParameter:  billNo: 3lKLq1427435386 | startTime:2015-03-27 05:49:48

2015-03-27T05:49:48Z
Array
(
    [MODE] => U
    [FRMT] => XML
    [VERS] => 0630
    [MERC] => 680000
    [SESS] => 3lKLq1427435386
    [TRAN] => 3YY50VCR49G6
    [AUTH] => D
    [MACK] => Y
)


2015-03-27T05:49:49Z
ResponseParameter:  billNo: 3lKLq1427435386 | endTime:2015-03-27 05:49:49

2015-03-27T05:49:49Z
<?xml version="1.0" encoding="UTF-8"?>
<RESPONSE>
  <VERS>0630</VERS>
  <MODE>U</MODE>
  <TRAN>3YY50VCR49G6</TRAN>
  <MERC>680000</MERC>
  <SESS>3lKLq1427435386</SESS>
  <RULES_TRIGGERED>0</RULES_TRIGGERED>
  <COUNTERS_TRIGGERED>0</COUNTERS_TRIGGERED>
  <REASON_CODE></REASON_CODE>
  <MASTERCARD></MASTERCARD>
  <WARNING_COUNT>0</WARNING_COUNT>
</RESPONSE>

2015-03-27T05:50:10Z
RequestParameter:  billNo: m53AH1427435408 | startTime:2015-03-27 05:50:10

2015-03-27T05:50:10Z
Array
(
    [MODE] => U
    [FRMT] => XML
    [VERS] => 0630
    [MERC] => 680000
    [SESS] => m53AH1427435408
    [TRAN] => 3YY5070XXDCH
    [AUTH] => D
    [MACK] => Y
)


2015-03-27T05:50:11Z
ResponseParameter:  billNo: m53AH1427435408 | endTime:2015-03-27 05:50:11

2015-03-27T05:50:11Z
<?xml version="1.0" encoding="UTF-8"?>
<RESPONSE>
  <VERS>0630</VERS>
  <MODE>U</MODE>
  <TRAN>3YY5070XXDCH</TRAN>
  <MERC>680000</MERC>
  <SESS>m53AH1427435408</SESS>
  <RULES_TRIGGERED>0</RULES_TRIGGERED>
  <COUNTERS_TRIGGERED>0</COUNTERS_TRIGGERED>
  <REASON_CODE></REASON_CODE>
  <MASTERCARD></MASTERCARD>
  <WARNING_COUNT>0</WARNING_COUNT>
</RESPONSE>

2015-03-27T05:51:04Z
RequestParameter:  billNo: gbuLT1427435461 | startTime:2015-03-27 05:51:04

2015-03-27T05:51:04Z
Array
(
    [MODE] => U
    [FRMT] => XML
    [VERS] => 0630
    [MERC] => 680000
    [SESS] => gbuLT1427435461
    [TRAN] => 3YY50QZGGJ11
    [AUTH] => D
    [MACK] => Y
)


2015-03-27T05:51:05Z
ResponseParameter:  billNo: gbuLT1427435461 | endTime:2015-03-27 05:51:05

2015-03-27T05:51:05Z
<?xml version="1.0" encoding="UTF-8"?>
<RESPONSE>
  <VERS>0630</VERS>
  <MODE>U</MODE>
  <TRAN>3YY50QZGGJ11</TRAN>
  <MERC>680000</MERC>
  <SESS>gbuLT1427435461</SESS>
  <RULES_TRIGGERED>0</RULES_TRIGGERED>
  <COUNTERS_TRIGGERED>0</COUNTERS_TRIGGERED>
  <REASON_CODE></REASON_CODE>
  <MASTERCARD></MASTERCARD>
  <WARNING_COUNT>0</WARNING_COUNT>
</RESPONSE>

2015-03-27T05:59:05Z
RequestParameter:  billNo: uxofy1427435943 | startTime:2015-03-27 05:59:05

2015-03-27T05:59:05Z
Array
(
    [MODE] => U
    [FRMT] => XML
    [VERS] => 0630
    [MERC] => 680000
    [SESS] => uxofy1427435943
    [TRAN] => 3YY50NK2BDRM
    [AUTH] => D
    [MACK] => Y
)


2015-03-27T05:59:06Z
ResponseParameter:  billNo: uxofy1427435943 | endTime:2015-03-27 05:59:06

2015-03-27T05:59:06Z
<?xml version="1.0" encoding="UTF-8"?>
<RESPONSE>
  <VERS>0630</VERS>
  <MODE>U</MODE>
  <TRAN>3YY50NK2BDRM</TRAN>
  <MERC>680000</MERC>
  <SESS>uxofy1427435943</SESS>
  <RULES_TRIGGERED>0</RULES_TRIGGERED>
  <COUNTERS_TRIGGERED>0</COUNTERS_TRIGGERED>
  <REASON_CODE></REASON_CODE>
  <MASTERCARD></MASTERCARD>
  <WARNING_COUNT>0</WARNING_COUNT>
</RESPONSE>

2015-03-27T06:04:40Z
RequestParameter:  billNo: VwXHF1427436278 | startTime:2015-03-27 06:04:40

2015-03-27T06:04:40Z
Array
(
    [MODE] => U
    [FRMT] => XML
    [VERS] => 0630
    [MERC] => 680000
    [SESS] => VwXHF1427436278
    [TRAN] => 3YYS01S6B66K
    [AUTH] => D
    [MACK] => Y
)


2015-03-27T06:04:41Z
ResponseParameter:  billNo: VwXHF1427436278 | endTime:2015-03-27 06:04:41

2015-03-27T06:04:41Z
<?xml version="1.0" encoding="UTF-8"?>
<RESPONSE>
  <VERS>0630</VERS>
  <MODE>U</MODE>
  <TRAN>3YYS01S6B66K</TRAN>
  <MERC>680000</MERC>
  <SESS>VwXHF1427436278</SESS>
  <RULES_TRIGGERED>0</RULES_TRIGGERED>
  <COUNTERS_TRIGGERED>0</COUNTERS_TRIGGERED>
  <REASON_CODE></REASON_CODE>
  <MASTERCARD></MASTERCARD>
  <WARNING_COUNT>0</WARNING_COUNT>
</RESPONSE>

2015-03-27T06:05:02Z
RequestParameter:  billNo: ODIX81427436300 | startTime:2015-03-27 06:05:02

2015-03-27T06:05:02Z
Array
(
    [MODE] => U
    [FRMT] => XML
    [VERS] => 0630
    [MERC] => 680000
    [SESS] => ODIX81427436300
    [TRAN] => 3YYS0J4BQ4K2
    [AUTH] => D
    [MACK] => Y
)


2015-03-27T06:05:03Z
ResponseParameter:  billNo: ODIX81427436300 | endTime:2015-03-27 06:05:03

2015-03-27T06:05:03Z
<?xml version="1.0" encoding="UTF-8"?>
<RESPONSE>
  <VERS>0630</VERS>
  <MODE>U</MODE>
  <TRAN>3YYS0J4BQ4K2</TRAN>
  <MERC>680000</MERC>
  <SESS>ODIX81427436300</SESS>
  <RULES_TRIGGERED>0</RULES_TRIGGERED>
  <COUNTERS_TRIGGERED>0</COUNTERS_TRIGGERED>
  <REASON_CODE></REASON_CODE>
  <MASTERCARD></MASTERCARD>
  <WARNING_COUNT>0</WARNING_COUNT>
</RESPONSE>

2015-03-27T06:05:33Z
RequestParameter:  billNo: 4vmdS1427436331 | startTime:2015-03-27 06:05:33

2015-03-27T06:05:33Z
Array
(
    [MODE] => U
    [FRMT] => XML
    [VERS] => 0630
    [MERC] => 680000
    [SESS] => 4vmdS1427436331
    [TRAN] => 3YYS0KR5WPY8
    [AUTH] => D
    [MACK] => Y
)


2015-03-27T06:05:34Z
ResponseParameter:  billNo: 4vmdS1427436331 | endTime:2015-03-27 06:05:34

2015-03-27T06:05:34Z
<?xml version="1.0" encoding="UTF-8"?>
<RESPONSE>
  <VERS>0630</VERS>
  <MODE>U</MODE>
  <TRAN>3YYS0KR5WPY8</TRAN>
  <MERC>680000</MERC>
  <SESS>4vmdS1427436331</SESS>
  <RULES_TRIGGERED>0</RULES_TRIGGERED>
  <COUNTERS_TRIGGERED>0</COUNTERS_TRIGGERED>
  <REASON_CODE></REASON_CODE>
  <MASTERCARD></MASTERCARD>
  <WARNING_COUNT>0</WARNING_COUNT>
</RESPONSE>

2015-03-27T06:06:42Z
RequestParameter:  billNo: xgsZp1427436401 | startTime:2015-03-27 06:06:42

2015-03-27T06:06:42Z
Array
(
    [MODE] => U
    [FRMT] => XML
    [VERS] => 0630
    [MERC] => 680000
    [SESS] => xgsZp1427436401
    [TRAN] => 3YYS0CC9M5P6
    [AUTH] => D
    [MACK] => Y
)


2015-03-27T06:06:43Z
ResponseParameter:  billNo: xgsZp1427436401 | endTime:2015-03-27 06:06:43

2015-03-27T06:06:43Z
<?xml version="1.0" encoding="UTF-8"?>
<RESPONSE>
  <VERS>0630</VERS>
  <MODE>U</MODE>
  <TRAN>3YYS0CC9M5P6</TRAN>
  <MERC>680000</MERC>
  <SESS>xgsZp1427436401</SESS>
  <RULES_TRIGGERED>0</RULES_TRIGGERED>
  <COUNTERS_TRIGGERED>0</COUNTERS_TRIGGERED>
  <REASON_CODE></REASON_CODE>
  <MASTERCARD></MASTERCARD>
  <WARNING_COUNT>0</WARNING_COUNT>
</RESPONSE>

2015-03-27T06:08:13Z
RequestParameter:  billNo: esvjB1427436491 | startTime:2015-03-27 06:08:13

2015-03-27T06:08:13Z
Array
(
    [MODE] => U
    [FRMT] => XML
    [VERS] => 0630
    [MERC] => 680000
    [SESS] => esvjB1427436491
    [TRAN] => 3YYS0PKT19ZK
    [AUTH] => D
    [MACK] => Y
)


2015-03-27T06:08:14Z
ResponseParameter:  billNo: esvjB1427436491 | endTime:2015-03-27 06:08:14

2015-03-27T06:08:14Z
<?xml version="1.0" encoding="UTF-8"?>
<RESPONSE>
  <VERS>0630</VERS>
  <MODE>U</MODE>
  <TRAN>3YYS0PKT19ZK</TRAN>
  <MERC>680000</MERC>
  <SESS>esvjB1427436491</SESS>
  <RULES_TRIGGERED>0</RULES_TRIGGERED>
  <COUNTERS_TRIGGERED>0</COUNTERS_TRIGGERED>
  <REASON_CODE></REASON_CODE>
  <MASTERCARD></MASTERCARD>
  <WARNING_COUNT>0</WARNING_COUNT>
</RESPONSE>

2015-03-27T06:09:30Z
RequestParameter:  billNo: M0XjZ1427436567 | startTime:2015-03-27 06:09:30

2015-03-27T06:09:30Z
Array
(
    [MODE] => U
    [FRMT] => XML
    [VERS] => 0630
    [MERC] => 680000
    [SESS] => M0XjZ1427436567
    [TRAN] => 3YYS01CVKXL1
    [AUTH] => D
    [MACK] => Y
)


2015-03-27T06:09:31Z
ResponseParameter:  billNo: M0XjZ1427436567 | endTime:2015-03-27 06:09:31

2015-03-27T06:09:31Z
<?xml version="1.0" encoding="UTF-8"?>
<RESPONSE>
  <VERS>0630</VERS>
  <MODE>U</MODE>
  <TRAN>3YYS01CVKXL1</TRAN>
  <MERC>680000</MERC>
  <SESS>M0XjZ1427436567</SESS>
  <RULES_TRIGGERED>0</RULES_TRIGGERED>
  <COUNTERS_TRIGGERED>0</COUNTERS_TRIGGERED>
  <REASON_CODE></REASON_CODE>
  <MASTERCARD></MASTERCARD>
  <WARNING_COUNT>0</WARNING_COUNT>
</RESPONSE>

2015-03-27T06:10:00Z
RequestParameter:  billNo: b0nVN1427436598 | startTime:2015-03-27 06:10:00

2015-03-27T06:10:00Z
Array
(
    [MODE] => U
    [FRMT] => XML
    [VERS] => 0630
    [MERC] => 680000
    [SESS] => b0nVN1427436598
    [TRAN] => 3YYS0X46R552
    [AUTH] => D
    [MACK] => Y
)


2015-03-27T06:10:01Z
ResponseParameter:  billNo: b0nVN1427436598 | endTime:2015-03-27 06:10:01

2015-03-27T06:10:01Z
<?xml version="1.0" encoding="UTF-8"?>
<RESPONSE>
  <VERS>0630</VERS>
  <MODE>U</MODE>
  <TRAN>3YYS0X46R552</TRAN>
  <MERC>680000</MERC>
  <SESS>b0nVN1427436598</SESS>
  <RULES_TRIGGERED>0</RULES_TRIGGERED>
  <COUNTERS_TRIGGERED>0</COUNTERS_TRIGGERED>
  <REASON_CODE></REASON_CODE>
  <MASTERCARD></MASTERCARD>
  <WARNING_COUNT>0</WARNING_COUNT>
</RESPONSE>

2015-03-27T06:10:49Z
RequestParameter:  billNo: 9S2lq1427436647 | startTime:2015-03-27 06:10:49

2015-03-27T06:10:49Z
Array
(
    [MODE] => U
    [FRMT] => XML
    [VERS] => 0630
    [MERC] => 680000
    [SESS] => 9S2lq1427436647
    [TRAN] => 3YYS0W45YTJD
    [AUTH] => D
    [MACK] => Y
)


2015-03-27T06:10:50Z
ResponseParameter:  billNo: 9S2lq1427436647 | endTime:2015-03-27 06:10:50

2015-03-27T06:10:50Z
<?xml version="1.0" encoding="UTF-8"?>
<RESPONSE>
  <VERS>0630</VERS>
  <MODE>U</MODE>
  <TRAN>3YYS0W45YTJD</TRAN>
  <MERC>680000</MERC>
  <SESS>9S2lq1427436647</SESS>
  <RULES_TRIGGERED>0</RULES_TRIGGERED>
  <COUNTERS_TRIGGERED>0</COUNTERS_TRIGGERED>
  <REASON_CODE></REASON_CODE>
  <MASTERCARD></MASTERCARD>
  <WARNING_COUNT>0</WARNING_COUNT>
</RESPONSE>

2015-03-27T06:10:55Z
RequestParameter:  billNo: fT5y21427436653 | startTime:2015-03-27 06:10:55

2015-03-27T06:10:55Z
Array
(
    [MODE] => U
    [FRMT] => XML
    [VERS] => 0630
    [MERC] => 680000
    [SESS] => fT5y21427436653
    [TRAN] => 3YYS0YJ8PNYV
    [AUTH] => D
    [MACK] => Y
)


2015-03-27T06:10:56Z
ResponseParameter:  billNo: fT5y21427436653 | endTime:2015-03-27 06:10:56

2015-03-27T06:10:56Z
<?xml version="1.0" encoding="UTF-8"?>
<RESPONSE>
  <VERS>0630</VERS>
  <MODE>U</MODE>
  <TRAN>3YYS0YJ8PNYV</TRAN>
  <MERC>680000</MERC>
  <SESS>fT5y21427436653</SESS>
  <RULES_TRIGGERED>0</RULES_TRIGGERED>
  <COUNTERS_TRIGGERED>0</COUNTERS_TRIGGERED>
  <REASON_CODE></REASON_CODE>
  <MASTERCARD></MASTERCARD>
  <WARNING_COUNT>0</WARNING_COUNT>
</RESPONSE>

2015-03-27T06:11:22Z
RequestParameter:  billNo: FW7aR1427436680 | startTime:2015-03-27 06:11:22

2015-03-27T06:11:22Z
Array
(
    [MODE] => U
    [FRMT] => XML
    [VERS] => 0630
    [MERC] => 680000
    [SESS] => FW7aR1427436680
    [TRAN] => 3YYS05LQ5NRD
    [AUTH] => D
    [MACK] => Y
)


2015-03-27T06:11:23Z
ResponseParameter:  billNo: FW7aR1427436680 | endTime:2015-03-27 06:11:23

2015-03-27T06:11:23Z
<?xml version="1.0" encoding="UTF-8"?>
<RESPONSE>
  <VERS>0630</VERS>
  <MODE>U</MODE>
  <TRAN>3YYS05LQ5NRD</TRAN>
  <MERC>680000</MERC>
  <SESS>FW7aR1427436680</SESS>
  <RULES_TRIGGERED>0</RULES_TRIGGERED>
  <COUNTERS_TRIGGERED>0</COUNTERS_TRIGGERED>
  <REASON_CODE></REASON_CODE>
  <MASTERCARD></MASTERCARD>
  <WARNING_COUNT>0</WARNING_COUNT>
</RESPONSE>

2015-03-27T06:11:50Z
RequestParameter:  billNo: yNj4d1427436708 | startTime:2015-03-27 06:11:50

2015-03-27T06:11:50Z
Array
(
    [MODE] => U
    [FRMT] => XML
    [VERS] => 0630
    [MERC] => 680000
    [SESS] => yNj4d1427436708
    [TRAN] => 3YYS0KJL8QBW
    [AUTH] => D
    [MACK] => Y
)


2015-03-27T06:11:51Z
ResponseParameter:  billNo: yNj4d1427436708 | endTime:2015-03-27 06:11:51

2015-03-27T06:11:51Z
<?xml version="1.0" encoding="UTF-8"?>
<RESPONSE>
  <VERS>0630</VERS>
  <MODE>U</MODE>
  <TRAN>3YYS0KJL8QBW</TRAN>
  <MERC>680000</MERC>
  <SESS>yNj4d1427436708</SESS>
  <RULES_TRIGGERED>0</RULES_TRIGGERED>
  <COUNTERS_TRIGGERED>0</COUNTERS_TRIGGERED>
  <REASON_CODE></REASON_CODE>
  <MASTERCARD></MASTERCARD>
  <WARNING_COUNT>0</WARNING_COUNT>
</RESPONSE>

2015-03-27T06:12:14Z
RequestParameter:  billNo: DtyKx1427436733 | startTime:2015-03-27 06:12:14

2015-03-27T06:12:14Z
Array
(
    [MODE] => U
    [FRMT] => XML
    [VERS] => 0630
    [MERC] => 680000
    [SESS] => DtyKx1427436733
    [TRAN] => 3YYS060LNVK6
    [AUTH] => D
    [MACK] => Y
)


2015-03-27T06:12:15Z
ResponseParameter:  billNo: DtyKx1427436733 | endTime:2015-03-27 06:12:15

2015-03-27T06:12:15Z
<?xml version="1.0" encoding="UTF-8"?>
<RESPONSE>
  <VERS>0630</VERS>
  <MODE>U</MODE>
  <TRAN>3YYS060LNVK6</TRAN>
  <MERC>680000</MERC>
  <SESS>DtyKx1427436733</SESS>
  <RULES_TRIGGERED>0</RULES_TRIGGERED>
  <COUNTERS_TRIGGERED>0</COUNTERS_TRIGGERED>
  <REASON_CODE></REASON_CODE>
  <MASTERCARD></MASTERCARD>
  <WARNING_COUNT>0</WARNING_COUNT>
</RESPONSE>

2015-03-27T06:17:06Z
RequestParameter:  billNo: Bg5kA1427437024 | startTime:2015-03-27 06:17:06

2015-03-27T06:17:06Z
Array
(
    [MODE] => U
    [FRMT] => XML
    [VERS] => 0630
    [MERC] => 680000
    [SESS] => Bg5kA1427437024
    [TRAN] => 3YYS0BZK6LJ7
    [AUTH] => D
    [MACK] => Y
)


2015-03-27T06:17:07Z
ResponseParameter:  billNo: Bg5kA1427437024 | endTime:2015-03-27 06:17:07

2015-03-27T06:17:07Z
<?xml version="1.0" encoding="UTF-8"?>
<RESPONSE>
  <VERS>0630</VERS>
  <MODE>U</MODE>
  <TRAN>3YYS0BZK6LJ7</TRAN>
  <MERC>680000</MERC>
  <SESS>Bg5kA1427437024</SESS>
  <RULES_TRIGGERED>0</RULES_TRIGGERED>
  <COUNTERS_TRIGGERED>0</COUNTERS_TRIGGERED>
  <REASON_CODE></REASON_CODE>
  <MASTERCARD></MASTERCARD>
  <WARNING_COUNT>0</WARNING_COUNT>
</RESPONSE>

2015-03-27T06:17:42Z
RequestParameter:  billNo: GUS6y1427437060 | startTime:2015-03-27 06:17:42

2015-03-27T06:17:42Z
Array
(
    [MODE] => U
    [FRMT] => XML
    [VERS] => 0630
    [MERC] => 680000
    [SESS] => GUS6y1427437060
    [TRAN] => 3YYS0DY1ZNRY
    [AUTH] => D
    [MACK] => Y
)


2015-03-27T06:17:43Z
ResponseParameter:  billNo: GUS6y1427437060 | endTime:2015-03-27 06:17:43

2015-03-27T06:17:43Z
<?xml version="1.0" encoding="UTF-8"?>
<RESPONSE>
  <VERS>0630</VERS>
  <MODE>U</MODE>
  <TRAN>3YYS0DY1ZNRY</TRAN>
  <MERC>680000</MERC>
  <SESS>GUS6y1427437060</SESS>
  <RULES_TRIGGERED>0</RULES_TRIGGERED>
  <COUNTERS_TRIGGERED>0</COUNTERS_TRIGGERED>
  <REASON_CODE></REASON_CODE>
  <MASTERCARD></MASTERCARD>
  <WARNING_COUNT>0</WARNING_COUNT>
</RESPONSE>

2015-03-27T06:27:25Z
RequestParameter:  billNo: zJ3F01427437643 | startTime:2015-03-27 06:27:25

2015-03-27T06:27:25Z
Array
(
    [MODE] => U
    [FRMT] => XML
    [VERS] => 0630
    [MERC] => 680000
    [SESS] => zJ3F01427437643
    [TRAN] => 3YYS0Y0B7XK3
    [AUTH] => D
    [MACK] => Y
)


2015-03-27T06:27:26Z
ResponseParameter:  billNo: zJ3F01427437643 | endTime:2015-03-27 06:27:26

2015-03-27T06:27:26Z
<?xml version="1.0" encoding="UTF-8"?>
<RESPONSE>
  <VERS>0630</VERS>
  <MODE>U</MODE>
  <TRAN>3YYS0Y0B7XK3</TRAN>
  <MERC>680000</MERC>
  <SESS>zJ3F01427437643</SESS>
  <RULES_TRIGGERED>0</RULES_TRIGGERED>
  <COUNTERS_TRIGGERED>0</COUNTERS_TRIGGERED>
  <REASON_CODE></REASON_CODE>
  <MASTERCARD></MASTERCARD>
  <WARNING_COUNT>0</WARNING_COUNT>
</RESPONSE>

2015-03-27T06:28:25Z
RequestParameter:  billNo: dgKSv1427437703 | startTime:2015-03-27 06:28:25

2015-03-27T06:28:25Z
Array
(
    [MODE] => U
    [FRMT] => XML
    [VERS] => 0630
    [MERC] => 680000
    [SESS] => dgKSv1427437703
    [TRAN] => 3YYS02N8X42S
    [AUTH] => D
    [MACK] => Y
)


2015-03-27T06:28:26Z
ResponseParameter:  billNo: dgKSv1427437703 | endTime:2015-03-27 06:28:26

2015-03-27T06:28:26Z
<?xml version="1.0" encoding="UTF-8"?>
<RESPONSE>
  <VERS>0630</VERS>
  <MODE>U</MODE>
  <TRAN>3YYS02N8X42S</TRAN>
  <MERC>680000</MERC>
  <SESS>dgKSv1427437703</SESS>
  <RULES_TRIGGERED>0</RULES_TRIGGERED>
  <COUNTERS_TRIGGERED>0</COUNTERS_TRIGGERED>
  <REASON_CODE></REASON_CODE>
  <MASTERCARD></MASTERCARD>
  <WARNING_COUNT>0</WARNING_COUNT>
</RESPONSE>

2015-03-27T06:29:30Z
RequestParameter:  billNo: 4reTC1427437768 | startTime:2015-03-27 06:29:30

2015-03-27T06:29:30Z
Array
(
    [MODE] => U
    [FRMT] => XML
    [VERS] => 0630
    [MERC] => 680000
    [SESS] => 4reTC1427437768
    [TRAN] => 3YYS0KMZMCB0
    [AUTH] => D
    [MACK] => Y
)


2015-03-27T06:29:31Z
ResponseParameter:  billNo: 4reTC1427437768 | endTime:2015-03-27 06:29:31

2015-03-27T06:29:31Z
<?xml version="1.0" encoding="UTF-8"?>
<RESPONSE>
  <VERS>0630</VERS>
  <MODE>U</MODE>
  <TRAN>3YYS0KMZMCB0</TRAN>
  <MERC>680000</MERC>
  <SESS>4reTC1427437768</SESS>
  <RULES_TRIGGERED>0</RULES_TRIGGERED>
  <COUNTERS_TRIGGERED>0</COUNTERS_TRIGGERED>
  <REASON_CODE></REASON_CODE>
  <MASTERCARD></MASTERCARD>
  <WARNING_COUNT>0</WARNING_COUNT>
</RESPONSE>

2015-03-27T06:30:02Z
RequestParameter:  billNo: ukX3H1427437800 | startTime:2015-03-27 06:30:02

2015-03-27T06:30:02Z
Array
(
    [MODE] => U
    [FRMT] => XML
    [VERS] => 0630
    [MERC] => 680000
    [SESS] => ukX3H1427437800
    [TRAN] => 3YYS0JVXDX7G
    [AUTH] => D
    [MACK] => Y
)


2015-03-27T06:30:03Z
ResponseParameter:  billNo: ukX3H1427437800 | endTime:2015-03-27 06:30:03

2015-03-27T06:30:03Z
<?xml version="1.0" encoding="UTF-8"?>
<RESPONSE>
  <VERS>0630</VERS>
  <MODE>U</MODE>
  <TRAN>3YYS0JVXDX7G</TRAN>
  <MERC>680000</MERC>
  <SESS>ukX3H1427437800</SESS>
  <RULES_TRIGGERED>0</RULES_TRIGGERED>
  <COUNTERS_TRIGGERED>0</COUNTERS_TRIGGERED>
  <REASON_CODE></REASON_CODE>
  <MASTERCARD></MASTERCARD>
  <WARNING_COUNT>0</WARNING_COUNT>
</RESPONSE>

2015-03-27T06:30:29Z
RequestParameter:  billNo: vn1kO1427437827 | startTime:2015-03-27 06:30:29

2015-03-27T06:30:29Z
Array
(
    [MODE] => U
    [FRMT] => XML
    [VERS] => 0630
    [MERC] => 680000
    [SESS] => vn1kO1427437827
    [TRAN] => 3YYS0NRGL0R3
    [AUTH] => D
    [MACK] => Y
)


2015-03-27T06:30:30Z
ResponseParameter:  billNo: vn1kO1427437827 | endTime:2015-03-27 06:30:30

2015-03-27T06:30:30Z
<?xml version="1.0" encoding="UTF-8"?>
<RESPONSE>
  <VERS>0630</VERS>
  <MODE>U</MODE>
  <TRAN>3YYS0NRGL0R3</TRAN>
  <MERC>680000</MERC>
  <SESS>vn1kO1427437827</SESS>
  <RULES_TRIGGERED>0</RULES_TRIGGERED>
  <COUNTERS_TRIGGERED>0</COUNTERS_TRIGGERED>
  <REASON_CODE></REASON_CODE>
  <MASTERCARD></MASTERCARD>
  <WARNING_COUNT>0</WARNING_COUNT>
</RESPONSE>

2015-03-27T06:30:57Z
RequestParameter:  billNo: 18jfm1427437855 | startTime:2015-03-27 06:30:57

2015-03-27T06:30:57Z
Array
(
    [MODE] => U
    [FRMT] => XML
    [VERS] => 0630
    [MERC] => 680000
    [SESS] => 18jfm1427437855
    [TRAN] => 3YYS0PXDBP8P
    [AUTH] => D
    [MACK] => Y
)


2015-03-27T06:30:58Z
ResponseParameter:  billNo: 18jfm1427437855 | endTime:2015-03-27 06:30:58

2015-03-27T06:30:58Z
<?xml version="1.0" encoding="UTF-8"?>
<RESPONSE>
  <VERS>0630</VERS>
  <MODE>U</MODE>
  <TRAN>3YYS0PXDBP8P</TRAN>
  <MERC>680000</MERC>
  <SESS>18jfm1427437855</SESS>
  <RULES_TRIGGERED>0</RULES_TRIGGERED>
  <COUNTERS_TRIGGERED>0</COUNTERS_TRIGGERED>
  <REASON_CODE></REASON_CODE>
  <MASTERCARD></MASTERCARD>
  <WARNING_COUNT>0</WARNING_COUNT>
</RESPONSE>

2015-03-27T06:31:47Z
RequestParameter:  billNo: DXCq41427437905 | startTime:2015-03-27 06:31:47

2015-03-27T06:31:47Z
Array
(
    [MODE] => U
    [FRMT] => XML
    [VERS] => 0630
    [MERC] => 680000
    [SESS] => DXCq41427437905
    [TRAN] => 3YYS04V7ZBD9
    [AUTH] => D
    [MACK] => Y
)


2015-03-27T06:31:48Z
ResponseParameter:  billNo: DXCq41427437905 | endTime:2015-03-27 06:31:48

2015-03-27T06:31:48Z
<?xml version="1.0" encoding="UTF-8"?>
<RESPONSE>
  <VERS>0630</VERS>
  <MODE>U</MODE>
  <TRAN>3YYS04V7ZBD9</TRAN>
  <MERC>680000</MERC>
  <SESS>DXCq41427437905</SESS>
  <RULES_TRIGGERED>0</RULES_TRIGGERED>
  <COUNTERS_TRIGGERED>0</COUNTERS_TRIGGERED>
  <REASON_CODE></REASON_CODE>
  <MASTERCARD></MASTERCARD>
  <WARNING_COUNT>0</WARNING_COUNT>
</RESPONSE>

2015-03-27T06:32:41Z
RequestParameter:  billNo: 05p121427437959 | startTime:2015-03-27 06:32:41

2015-03-27T06:32:41Z
Array
(
    [MODE] => U
    [FRMT] => XML
    [VERS] => 0630
    [MERC] => 680000
    [SESS] => 05p121427437959
    [TRAN] => 3YYS070P9XB3
    [AUTH] => D
    [MACK] => Y
)


2015-03-27T06:32:42Z
ResponseParameter:  billNo: 05p121427437959 | endTime:2015-03-27 06:32:42

2015-03-27T06:32:42Z
<?xml version="1.0" encoding="UTF-8"?>
<RESPONSE>
  <VERS>0630</VERS>
  <MODE>U</MODE>
  <TRAN>3YYS070P9XB3</TRAN>
  <MERC>680000</MERC>
  <SESS>05p121427437959</SESS>
  <RULES_TRIGGERED>0</RULES_TRIGGERED>
  <COUNTERS_TRIGGERED>0</COUNTERS_TRIGGERED>
  <REASON_CODE></REASON_CODE>
  <MASTERCARD></MASTERCARD>
  <WARNING_COUNT>0</WARNING_COUNT>
</RESPONSE>

2015-03-27T06:35:50Z
RequestParameter:  billNo: k4hE61427438148 | startTime:2015-03-27 06:35:50

2015-03-27T06:35:50Z
Array
(
    [MODE] => U
    [FRMT] => XML
    [VERS] => 0630
    [MERC] => 680000
    [SESS] => k4hE61427438148
    [TRAN] => 3YYS05651QNN
    [AUTH] => D
    [MACK] => Y
)


2015-03-27T06:35:51Z
ResponseParameter:  billNo: k4hE61427438148 | endTime:2015-03-27 06:35:51

2015-03-27T06:35:51Z
<?xml version="1.0" encoding="UTF-8"?>
<RESPONSE>
  <VERS>0630</VERS>
  <MODE>U</MODE>
  <TRAN>3YYS05651QNN</TRAN>
  <MERC>680000</MERC>
  <SESS>k4hE61427438148</SESS>
  <RULES_TRIGGERED>0</RULES_TRIGGERED>
  <COUNTERS_TRIGGERED>0</COUNTERS_TRIGGERED>
  <REASON_CODE></REASON_CODE>
  <MASTERCARD></MASTERCARD>
  <WARNING_COUNT>0</WARNING_COUNT>
</RESPONSE>

2015-03-27T06:39:51Z
RequestParameter:  billNo: KejIT1427438389 | startTime:2015-03-27 06:39:51

2015-03-27T06:39:51Z
Array
(
    [MODE] => U
    [FRMT] => XML
    [VERS] => 0630
    [MERC] => 680000
    [SESS] => KejIT1427438389
    [TRAN] => 3YYS0G222ZG3
    [AUTH] => D
    [MACK] => Y
)


2015-03-27T06:39:52Z
ResponseParameter:  billNo: KejIT1427438389 | endTime:2015-03-27 06:39:52

2015-03-27T06:39:52Z
<?xml version="1.0" encoding="UTF-8"?>
<RESPONSE>
  <VERS>0630</VERS>
  <MODE>U</MODE>
  <TRAN>3YYS0G222ZG3</TRAN>
  <MERC>680000</MERC>
  <SESS>KejIT1427438389</SESS>
  <RULES_TRIGGERED>0</RULES_TRIGGERED>
  <COUNTERS_TRIGGERED>0</COUNTERS_TRIGGERED>
  <REASON_CODE></REASON_CODE>
  <MASTERCARD></MASTERCARD>
  <WARNING_COUNT>0</WARNING_COUNT>
</RESPONSE>

2015-03-27T06:40:41Z
RequestParameter:  billNo: l8MvF1427438439 | startTime:2015-03-27 06:40:41

2015-03-27T06:40:41Z
Array
(
    [MODE] => U
    [FRMT] => XML
    [VERS] => 0630
    [MERC] => 680000
    [SESS] => l8MvF1427438439
    [TRAN] => 3YYS0K1GWZ8G
    [AUTH] => D
    [MACK] => Y
)


2015-03-27T06:40:42Z
ResponseParameter:  billNo: l8MvF1427438439 | endTime:2015-03-27 06:40:42

2015-03-27T06:40:42Z
<?xml version="1.0" encoding="UTF-8"?>
<RESPONSE>
  <VERS>0630</VERS>
  <MODE>U</MODE>
  <TRAN>3YYS0K1GWZ8G</TRAN>
  <MERC>680000</MERC>
  <SESS>l8MvF1427438439</SESS>
  <RULES_TRIGGERED>0</RULES_TRIGGERED>
  <COUNTERS_TRIGGERED>0</COUNTERS_TRIGGERED>
  <REASON_CODE></REASON_CODE>
  <MASTERCARD></MASTERCARD>
  <WARNING_COUNT>0</WARNING_COUNT>
</RESPONSE>

2015-03-27T06:41:23Z
RequestParameter:  billNo: YGLnp1427438481 | startTime:2015-03-27 06:41:23

2015-03-27T06:41:23Z
Array
(
    [MODE] => U
    [FRMT] => XML
    [VERS] => 0630
    [MERC] => 680000
    [SESS] => YGLnp1427438481
    [TRAN] => 3YYS0MRDN9WD
    [AUTH] => D
    [MACK] => Y
)


2015-03-27T06:41:24Z
ResponseParameter:  billNo: YGLnp1427438481 | endTime:2015-03-27 06:41:24

2015-03-27T06:41:24Z
<?xml version="1.0" encoding="UTF-8"?>
<RESPONSE>
  <VERS>0630</VERS>
  <MODE>U</MODE>
  <TRAN>3YYS0MRDN9WD</TRAN>
  <MERC>680000</MERC>
  <SESS>YGLnp1427438481</SESS>
  <RULES_TRIGGERED>0</RULES_TRIGGERED>
  <COUNTERS_TRIGGERED>0</COUNTERS_TRIGGERED>
  <REASON_CODE></REASON_CODE>
  <MASTERCARD></MASTERCARD>
  <WARNING_COUNT>0</WARNING_COUNT>
</RESPONSE>

2015-03-27T06:42:18Z
RequestParameter:  billNo: cEjD61427438536 | startTime:2015-03-27 06:42:18

2015-03-27T06:42:18Z
Array
(
    [MODE] => U
    [FRMT] => XML
    [VERS] => 0630
    [MERC] => 680000
    [SESS] => cEjD61427438536
    [TRAN] => 3YYS0VDJ5GRC
    [AUTH] => D
    [MACK] => Y
)


2015-03-27T06:42:19Z
ResponseParameter:  billNo: cEjD61427438536 | endTime:2015-03-27 06:42:19

2015-03-27T06:42:19Z
<?xml version="1.0" encoding="UTF-8"?>
<RESPONSE>
  <VERS>0630</VERS>
  <MODE>U</MODE>
  <TRAN>3YYS0VDJ5GRC</TRAN>
  <MERC>680000</MERC>
  <SESS>cEjD61427438536</SESS>
  <RULES_TRIGGERED>0</RULES_TRIGGERED>
  <COUNTERS_TRIGGERED>0</COUNTERS_TRIGGERED>
  <REASON_CODE></REASON_CODE>
  <MASTERCARD></MASTERCARD>
  <WARNING_COUNT>0</WARNING_COUNT>
</RESPONSE>

2015-03-27T06:42:58Z
RequestParameter:  billNo: Oxdrh1427438576 | startTime:2015-03-27 06:42:58

2015-03-27T06:42:58Z
Array
(
    [MODE] => U
    [FRMT] => XML
    [VERS] => 0630
    [MERC] => 680000
    [SESS] => Oxdrh1427438576
    [TRAN] => 3YYS0KZWJCWL
    [AUTH] => D
    [MACK] => Y
)


2015-03-27T06:42:59Z
ResponseParameter:  billNo: Oxdrh1427438576 | endTime:2015-03-27 06:42:59

2015-03-27T06:42:59Z
<?xml version="1.0" encoding="UTF-8"?>
<RESPONSE>
  <VERS>0630</VERS>
  <MODE>U</MODE>
  <TRAN>3YYS0KZWJCWL</TRAN>
  <MERC>680000</MERC>
  <SESS>Oxdrh1427438576</SESS>
  <RULES_TRIGGERED>0</RULES_TRIGGERED>
  <COUNTERS_TRIGGERED>0</COUNTERS_TRIGGERED>
  <REASON_CODE></REASON_CODE>
  <MASTERCARD></MASTERCARD>
  <WARNING_COUNT>0</WARNING_COUNT>
</RESPONSE>

2015-03-27T10:38:22Z
RequestParameter:  billNo: EpRIc1427438568 | startTime:2015-03-27 10:38:22

2015-03-27T10:38:22Z
Array
(
    [MODE] => U
    [FRMT] => XML
    [VERS] => 0630
    [MERC] => 680000
    [SESS] => EpRIc1427438568
    [TRAN] => 3YYS02J38P3H
    [AUTH] => 
    [MACK] => Y
    [RFCB] => R
)


2015-03-27T10:38:24Z
ResponseParameter:  billNo: EpRIc1427438568 | endTime:2015-03-27 10:38:24

2015-03-27T10:38:24Z
<?xml version="1.0" encoding="UTF-8"?>
<RESPONSE>
  <VERS>0630</VERS>
  <MODE>U</MODE>
  <TRAN>3YYS02J38P3H</TRAN>
  <MERC>680000</MERC>
  <SESS>EpRIc1427438568</SESS>
  <RULES_TRIGGERED>0</RULES_TRIGGERED>
  <COUNTERS_TRIGGERED>0</COUNTERS_TRIGGERED>
  <REASON_CODE></REASON_CODE>
  <MASTERCARD></MASTERCARD>
  <WARNING_COUNT>0</WARNING_COUNT>
</RESPONSE>

2015-03-27T10:55:47Z
RequestParameter:  billNo: 7PTB81427453710 | startTime:2015-03-27 10:55:47

2015-03-27T10:55:47Z
Array
(
    [MODE] => U
    [FRMT] => XML
    [VERS] => 0630
    [MERC] => 680000
    [SESS] => 7PTB81427453710
    [TRAN] => 3YYY0Z6KBNWZ
    [AUTH] => 
    [MACK] => Y
    [RFCB] => R
)


2015-03-27T10:55:48Z
ResponseParameter:  billNo: 7PTB81427453710 | endTime:2015-03-27 10:55:48

2015-03-27T10:55:48Z
<?xml version="1.0" encoding="UTF-8"?>
<RESPONSE>
  <VERS>0630</VERS>
  <MODE>U</MODE>
  <TRAN>3YYY0Z6KBNWZ</TRAN>
  <MERC>680000</MERC>
  <SESS>7PTB81427453710</SESS>
  <RULES_TRIGGERED>0</RULES_TRIGGERED>
  <COUNTERS_TRIGGERED>0</COUNTERS_TRIGGERED>
  <REASON_CODE></REASON_CODE>
  <MASTERCARD></MASTERCARD>
  <WARNING_COUNT>0</WARNING_COUNT>
</RESPONSE>

2015-03-27T10:57:13Z
RequestParameter:  billNo: 8xeSD1427453730 | startTime:2015-03-27 10:57:13

2015-03-27T10:57:13Z
Array
(
    [MODE] => U
    [FRMT] => XML
    [VERS] => 0630
    [MERC] => 680000
    [SESS] => 8xeSD1427453730
    [TRAN] => 3YYY0QPK6KTR
    [AUTH] => 
    [MACK] => Y
    [RFCB] => R
)


2015-03-27T10:57:14Z
ResponseParameter:  billNo: 8xeSD1427453730 | endTime:2015-03-27 10:57:14

2015-03-27T10:57:14Z
<?xml version="1.0" encoding="UTF-8"?>
<RESPONSE>
  <VERS>0630</VERS>
  <MODE>U</MODE>
  <TRAN>3YYY0QPK6KTR</TRAN>
  <MERC>680000</MERC>
  <SESS>8xeSD1427453730</SESS>
  <RULES_TRIGGERED>0</RULES_TRIGGERED>
  <COUNTERS_TRIGGERED>0</COUNTERS_TRIGGERED>
  <REASON_CODE></REASON_CODE>
  <MASTERCARD></MASTERCARD>
  <WARNING_COUNT>0</WARNING_COUNT>
</RESPONSE>

2015-03-27T11:18:55Z
RequestParameter:  billNo: P2kY5Sc301 | startTime:2015-03-27 11:18:55

2015-03-27T11:18:55Z
Array
(
    [MODE] => U
    [FRMT] => XML
    [VERS] => 0630
    [MERC] => 680000
    [SESS] => tajimb9i7hr4loqg3icq23cen7
    [TRAN] => 3YYH00MMX67N
    [AUTH] => 
    [MACK] => Y
    [RFCB] => R
)


2015-03-27T11:18:56Z
ResponseParameter:  billNo: P2kY5Sc301 | endTime:2015-03-27 11:18:56

2015-03-27T11:18:56Z
<?xml version="1.0" encoding="UTF-8"?>
<RESPONSE>
  <VERS>0630</VERS>
  <MODE>U</MODE>
  <TRAN>3YYH00MMX67N</TRAN>
  <MERC>680000</MERC>
  <SESS>tajimb9i7hr4loqg3icq23cen7</SESS>
  <RULES_TRIGGERED>0</RULES_TRIGGERED>
  <COUNTERS_TRIGGERED>0</COUNTERS_TRIGGERED>
  <REASON_CODE></REASON_CODE>
  <MASTERCARD></MASTERCARD>
  <WARNING_COUNT>0</WARNING_COUNT>
</RESPONSE>

2015-03-27T11:41:31Z
RequestParameter:  billNo: v8tHP1427456489 | startTime:2015-03-27 11:41:31

2015-03-27T11:41:31Z
Array
(
    [MODE] => U
    [FRMT] => XML
    [VERS] => 0630
    [MERC] => 680000
    [SESS] => v8tHP1427456489
    [TRAN] => 3YYH0XQBWWK8
    [AUTH] => D
    [MACK] => Y
)


2015-03-27T11:41:32Z
ResponseParameter:  billNo: v8tHP1427456489 | endTime:2015-03-27 11:41:32

2015-03-27T11:41:32Z
<?xml version="1.0" encoding="UTF-8"?>
<RESPONSE>
  <VERS>0630</VERS>
  <MODE>U</MODE>
  <TRAN>3YYH0XQBWWK8</TRAN>
  <MERC>680000</MERC>
  <SESS>v8tHP1427456489</SESS>
  <RULES_TRIGGERED>0</RULES_TRIGGERED>
  <COUNTERS_TRIGGERED>0</COUNTERS_TRIGGERED>
  <REASON_CODE></REASON_CODE>
  <MASTERCARD></MASTERCARD>
  <WARNING_COUNT>0</WARNING_COUNT>
</RESPONSE>

2015-03-27T11:41:57Z
RequestParameter:  billNo: lJjMK1427456515 | startTime:2015-03-27 11:41:57

2015-03-27T11:41:57Z
Array
(
    [MODE] => U
    [FRMT] => XML
    [VERS] => 0630
    [MERC] => 680000
    [SESS] => lJjMK1427456515
    [TRAN] => 3YYH0WHB9VN4
    [AUTH] => D
    [MACK] => Y
)


2015-03-27T11:41:58Z
ResponseParameter:  billNo: lJjMK1427456515 | endTime:2015-03-27 11:41:58

2015-03-27T11:41:58Z
<?xml version="1.0" encoding="UTF-8"?>
<RESPONSE>
  <VERS>0630</VERS>
  <MODE>U</MODE>
  <TRAN>3YYH0WHB9VN4</TRAN>
  <MERC>680000</MERC>
  <SESS>lJjMK1427456515</SESS>
  <RULES_TRIGGERED>0</RULES_TRIGGERED>
  <COUNTERS_TRIGGERED>0</COUNTERS_TRIGGERED>
  <REASON_CODE></REASON_CODE>
  <MASTERCARD></MASTERCARD>
  <WARNING_COUNT>0</WARNING_COUNT>
</RESPONSE>

2015-03-27T11:42:42Z
RequestParameter:  billNo: tqdep1427456560 | startTime:2015-03-27 11:42:42

2015-03-27T11:42:42Z
Array
(
    [MODE] => U
    [FRMT] => XML
    [VERS] => 0630
    [MERC] => 680000
    [SESS] => tqdep1427456560
    [TRAN] => 3YYH0PZQL5JC
    [AUTH] => D
    [MACK] => Y
)


2015-03-27T11:42:43Z
ResponseParameter:  billNo: tqdep1427456560 | endTime:2015-03-27 11:42:43

2015-03-27T11:42:43Z
<?xml version="1.0" encoding="UTF-8"?>
<RESPONSE>
  <VERS>0630</VERS>
  <MODE>U</MODE>
  <TRAN>3YYH0PZQL5JC</TRAN>
  <MERC>680000</MERC>
  <SESS>tqdep1427456560</SESS>
  <RULES_TRIGGERED>0</RULES_TRIGGERED>
  <COUNTERS_TRIGGERED>0</COUNTERS_TRIGGERED>
  <REASON_CODE></REASON_CODE>
  <MASTERCARD></MASTERCARD>
  <WARNING_COUNT>0</WARNING_COUNT>
</RESPONSE>

2015-03-27T13:01:11Z
RequestParameter:  billNo: P2kY5Sc302 | startTime:2015-03-27 13:01:11

2015-03-27T13:01:11Z
Array
(
    [MODE] => U
    [FRMT] => XML
    [VERS] => 0630
    [MERC] => 680000
    [SESS] => tajimb9i7hr4loqg3icq23cen7
    [TRAN] => 3YYH0GYHC25M
    [AUTH] => 
    [MACK] => Y
    [RFCB] => R
)


2015-03-27T13:01:12Z
ResponseParameter:  billNo: P2kY5Sc302 | endTime:2015-03-27 13:01:12

2015-03-27T13:01:12Z
<?xml version="1.0" encoding="UTF-8"?>
<RESPONSE>
  <VERS>0630</VERS>
  <MODE>U</MODE>
  <TRAN>3YYH0GYHC25M</TRAN>
  <MERC>680000</MERC>
  <SESS>tajimb9i7hr4loqg3icq23cen7</SESS>
  <RULES_TRIGGERED>0</RULES_TRIGGERED>
  <COUNTERS_TRIGGERED>0</COUNTERS_TRIGGERED>
  <REASON_CODE></REASON_CODE>
  <MASTERCARD></MASTERCARD>
  <WARNING_COUNT>0</WARNING_COUNT>
</RESPONSE>

2015-03-27T13:04:43Z
RequestParameter:  billNo: P2kY5Sc303 | startTime:2015-03-27 13:04:43

2015-03-27T13:04:43Z
Array
(
    [MODE] => U
    [FRMT] => XML
    [VERS] => 0630
    [MERC] => 680000
    [SESS] => tajimb9i7hr4loqg3icq23cen7
    [TRAN] => 3YYC0T9HYS2R
    [AUTH] => 
    [MACK] => Y
    [RFCB] => R
)


2015-03-27T13:04:44Z
ResponseParameter:  billNo: P2kY5Sc303 | endTime:2015-03-27 13:04:44

2015-03-27T13:04:44Z
<?xml version="1.0" encoding="UTF-8"?>
<RESPONSE>
  <VERS>0630</VERS>
  <MODE>U</MODE>
  <TRAN>3YYC0T9HYS2R</TRAN>
  <MERC>680000</MERC>
  <SESS>tajimb9i7hr4loqg3icq23cen7</SESS>
  <RULES_TRIGGERED>0</RULES_TRIGGERED>
  <COUNTERS_TRIGGERED>0</COUNTERS_TRIGGERED>
  <REASON_CODE></REASON_CODE>
  <MASTERCARD></MASTERCARD>
  <WARNING_COUNT>0</WARNING_COUNT>
</RESPONSE>

2015-03-27T13:17:54Z
RequestParameter:  billNo: P2kY5Sc304 | startTime:2015-03-27 13:17:54

2015-03-27T13:17:54Z
Array
(
    [MODE] => U
    [FRMT] => XML
    [VERS] => 0630
    [MERC] => 680000
    [SESS] => tajimb9i7hr4loqg3icq23cen7
    [TRAN] => 3YYC0W8KTNYN
    [AUTH] => 
    [MACK] => Y
    [RFCB] => R
)


2015-03-27T13:17:55Z
ResponseParameter:  billNo: P2kY5Sc304 | endTime:2015-03-27 13:17:55

2015-03-27T13:17:55Z
<?xml version="1.0" encoding="UTF-8"?>
<RESPONSE>
  <VERS>0630</VERS>
  <MODE>U</MODE>
  <TRAN>3YYC0W8KTNYN</TRAN>
  <MERC>680000</MERC>
  <SESS>tajimb9i7hr4loqg3icq23cen7</SESS>
  <RULES_TRIGGERED>0</RULES_TRIGGERED>
  <COUNTERS_TRIGGERED>0</COUNTERS_TRIGGERED>
  <REASON_CODE></REASON_CODE>
  <MASTERCARD></MASTERCARD>
  <WARNING_COUNT>0</WARNING_COUNT>
</RESPONSE>

