2015-06-04T01:41:44Z
RequestParameter:  billNo: Z32h11433382102 | startTime:2015-06-04 01:41:44

2015-06-04T01:41:44Z
Array
(
    [MODE] => U
    [FRMT] => XML
    [VERS] => 0630
    [MERC] => 680000
    [SESS] => Z32h11433382102
    [TRAN] => 30DP0WG4KY3N
    [AUTH] => D
    [MACK] => Y
)


2015-06-04T01:41:45Z
ResponseParameter:  billNo: Z32h11433382102 | endTime:2015-06-04 01:41:45

2015-06-04T01:41:45Z
<?xml version="1.0" encoding="UTF-8"?>
<RESPONSE>
  <VERS>0630</VERS>
  <MODE>U</MODE>
  <TRAN>30DP0WG4KY3N</TRAN>
  <MERC>680000</MERC>
  <SESS>Z32h11433382102</SESS>
  <RULES_TRIGGERED>0</RULES_TRIGGERED>
  <COUNTERS_TRIGGERED>0</COUNTERS_TRIGGERED>
  <REASON_CODE></REASON_CODE>
  <MASTERCARD></MASTERCARD>
  <WARNING_COUNT>0</WARNING_COUNT>
</RESPONSE>

2015-06-04T01:48:14Z
RequestParameter:  billNo: uInaq1433382492 | startTime:2015-06-04 01:48:14

2015-06-04T01:48:14Z
Array
(
    [MODE] => U
    [FRMT] => XML
    [VERS] => 0630
    [MERC] => 680000
    [SESS] => uInaq1433382492
    [TRAN] => 30DP0QV7KK8P
    [AUTH] => D
    [MACK] => Y
)


2015-06-04T01:48:15Z
ResponseParameter:  billNo: uInaq1433382492 | endTime:2015-06-04 01:48:15

2015-06-04T01:48:15Z
<?xml version="1.0" encoding="UTF-8"?>
<RESPONSE>
  <VERS>0630</VERS>
  <MODE>U</MODE>
  <TRAN>30DP0QV7KK8P</TRAN>
  <MERC>680000</MERC>
  <SESS>uInaq1433382492</SESS>
  <RULES_TRIGGERED>0</RULES_TRIGGERED>
  <COUNTERS_TRIGGERED>0</COUNTERS_TRIGGERED>
  <REASON_CODE></REASON_CODE>
  <MASTERCARD></MASTERCARD>
  <WARNING_COUNT>0</WARNING_COUNT>
</RESPONSE>

2015-06-04T02:02:06Z
RequestParameter:  billNo: j1xEP1433383324 | startTime:2015-06-04 02:02:06

2015-06-04T02:02:06Z
Array
(
    [MODE] => U
    [FRMT] => XML
    [VERS] => 0630
    [MERC] => 680000
    [SESS] => j1xEP1433383324
    [TRAN] => 30D70L56X8T8
    [AUTH] => D
    [MACK] => Y
)


2015-06-04T02:02:07Z
ResponseParameter:  billNo: j1xEP1433383324 | endTime:2015-06-04 02:02:07

2015-06-04T02:02:07Z
<?xml version="1.0" encoding="UTF-8"?>
<RESPONSE>
  <VERS>0630</VERS>
  <MODE>U</MODE>
  <TRAN>30D70L56X8T8</TRAN>
  <MERC>680000</MERC>
  <SESS>j1xEP1433383324</SESS>
  <RULES_TRIGGERED>0</RULES_TRIGGERED>
  <COUNTERS_TRIGGERED>0</COUNTERS_TRIGGERED>
  <REASON_CODE></REASON_CODE>
  <MASTERCARD></MASTERCARD>
  <WARNING_COUNT>0</WARNING_COUNT>
</RESPONSE>

2015-06-04T02:08:14Z
RequestParameter:  billNo: waF171433383692 | startTime:2015-06-04 02:08:14

2015-06-04T02:08:14Z
Array
(
    [MODE] => U
    [FRMT] => XML
    [VERS] => 0630
    [MERC] => 680000
    [SESS] => waF171433383692
    [TRAN] => 30D70485LJPZ
    [AUTH] => D
    [MACK] => Y
)


2015-06-04T02:08:15Z
ResponseParameter:  billNo: waF171433383692 | endTime:2015-06-04 02:08:15

2015-06-04T02:08:15Z
<?xml version="1.0" encoding="UTF-8"?>
<RESPONSE>
  <VERS>0630</VERS>
  <MODE>U</MODE>
  <TRAN>30D70485LJPZ</TRAN>
  <MERC>680000</MERC>
  <SESS>waF171433383692</SESS>
  <RULES_TRIGGERED>0</RULES_TRIGGERED>
  <COUNTERS_TRIGGERED>0</COUNTERS_TRIGGERED>
  <REASON_CODE></REASON_CODE>
  <MASTERCARD></MASTERCARD>
  <WARNING_COUNT>0</WARNING_COUNT>
</RESPONSE>

2015-06-04T02:12:26Z
RequestParameter:  billNo: EaScG1433383945 | startTime:2015-06-04 02:12:26

2015-06-04T02:12:26Z
Array
(
    [MODE] => U
    [FRMT] => XML
    [VERS] => 0630
    [MERC] => 680000
    [SESS] => EaScG1433383945
    [TRAN] => 30D701TYTM2K
    [AUTH] => D
    [MACK] => Y
)


2015-06-04T02:12:27Z
ResponseParameter:  billNo: EaScG1433383945 | endTime:2015-06-04 02:12:27

2015-06-04T02:12:27Z
<?xml version="1.0" encoding="UTF-8"?>
<RESPONSE>
  <VERS>0630</VERS>
  <MODE>U</MODE>
  <TRAN>30D701TYTM2K</TRAN>
  <MERC>680000</MERC>
  <SESS>EaScG1433383945</SESS>
  <RULES_TRIGGERED>0</RULES_TRIGGERED>
  <COUNTERS_TRIGGERED>0</COUNTERS_TRIGGERED>
  <REASON_CODE></REASON_CODE>
  <MASTERCARD></MASTERCARD>
  <WARNING_COUNT>0</WARNING_COUNT>
</RESPONSE>

2015-06-04T02:27:52Z
RequestParameter:  billNo: 2do861433384870 | startTime:2015-06-04 02:27:52

2015-06-04T02:27:52Z
Array
(
    [MODE] => U
    [FRMT] => XML
    [VERS] => 0630
    [MERC] => 680000
    [SESS] => 2do861433384870
    [TRAN] => 30D705XQD4HH
    [AUTH] => D
    [MACK] => Y
)


2015-06-04T02:27:53Z
ResponseParameter:  billNo: 2do861433384870 | endTime:2015-06-04 02:27:53

2015-06-04T02:27:53Z
<?xml version="1.0" encoding="UTF-8"?>
<RESPONSE>
  <VERS>0630</VERS>
  <MODE>U</MODE>
  <TRAN>30D705XQD4HH</TRAN>
  <MERC>680000</MERC>
  <SESS>2do861433384870</SESS>
  <RULES_TRIGGERED>0</RULES_TRIGGERED>
  <COUNTERS_TRIGGERED>0</COUNTERS_TRIGGERED>
  <REASON_CODE></REASON_CODE>
  <MASTERCARD></MASTERCARD>
  <WARNING_COUNT>0</WARNING_COUNT>
</RESPONSE>

2015-06-04T02:45:04Z
RequestParameter:  billNo: KNmI71433385902 | startTime:2015-06-04 02:45:04

2015-06-04T02:45:04Z
Array
(
    [MODE] => U
    [FRMT] => XML
    [VERS] => 0630
    [MERC] => 680000
    [SESS] => KNmI71433385902
    [TRAN] => 30D709ZK2MX6
    [AUTH] => D
    [MACK] => Y
)


2015-06-04T02:45:05Z
ResponseParameter:  billNo: KNmI71433385902 | endTime:2015-06-04 02:45:05

2015-06-04T02:45:05Z
<?xml version="1.0" encoding="UTF-8"?>
<RESPONSE>
  <VERS>0630</VERS>
  <MODE>U</MODE>
  <TRAN>30D709ZK2MX6</TRAN>
  <MERC>680000</MERC>
  <SESS>KNmI71433385902</SESS>
  <RULES_TRIGGERED>0</RULES_TRIGGERED>
  <COUNTERS_TRIGGERED>0</COUNTERS_TRIGGERED>
  <REASON_CODE></REASON_CODE>
  <MASTERCARD></MASTERCARD>
  <WARNING_COUNT>0</WARNING_COUNT>
</RESPONSE>

2015-06-04T02:51:29Z
RequestParameter:  billNo: T0CX41433386287 | startTime:2015-06-04 02:51:29

2015-06-04T02:51:29Z
Array
(
    [MODE] => U
    [FRMT] => XML
    [VERS] => 0630
    [MERC] => 680000
    [SESS] => T0CX41433386287
    [TRAN] => 30D7065WNMN2
    [AUTH] => D
    [MACK] => Y
)


2015-06-04T02:51:30Z
ResponseParameter:  billNo: T0CX41433386287 | endTime:2015-06-04 02:51:30

2015-06-04T02:51:30Z
<?xml version="1.0" encoding="UTF-8"?>
<RESPONSE>
  <VERS>0630</VERS>
  <MODE>U</MODE>
  <TRAN>30D7065WNMN2</TRAN>
  <MERC>680000</MERC>
  <SESS>T0CX41433386287</SESS>
  <RULES_TRIGGERED>0</RULES_TRIGGERED>
  <COUNTERS_TRIGGERED>0</COUNTERS_TRIGGERED>
  <REASON_CODE></REASON_CODE>
  <MASTERCARD></MASTERCARD>
  <WARNING_COUNT>0</WARNING_COUNT>
</RESPONSE>

2015-06-04T02:57:39Z
RequestParameter:  billNo: CmAsK1433386659 | startTime:2015-06-04 02:57:39

2015-06-04T02:57:39Z
Array
(
    [MODE] => U
    [FRMT] => XML
    [VERS] => 0630
    [MERC] => 680000
    [SESS] => 
    [TRAN] => 
    [AUTH] => D
    [MACK] => Y
)


2015-06-04T02:57:40Z
ResponseParameter:  billNo: CmAsK1433386659 | endTime:2015-06-04 02:57:40

2015-06-04T02:57:40Z
MODE=E
ERRO=701
ERROR_0=701 NO_HDR
ERROR_COUNT=1
WARNING_COUNT=0

2015-06-04T03:00:54Z
RequestParameter:  billNo: UnbST1433386853 | startTime:2015-06-04 03:00:54

2015-06-04T03:00:54Z
Array
(
    [MODE] => U
    [FRMT] => XML
    [VERS] => 0630
    [MERC] => 680000
    [SESS] => UnbST1433386853
    [TRAN] => 30DD02CNDS48
    [AUTH] => D
    [MACK] => Y
)


2015-06-04T03:00:56Z
ResponseParameter:  billNo: UnbST1433386853 | endTime:2015-06-04 03:00:56

2015-06-04T03:00:56Z
<?xml version="1.0" encoding="UTF-8"?>
<RESPONSE>
  <VERS>0630</VERS>
  <MODE>U</MODE>
  <TRAN>30DD02CNDS48</TRAN>
  <MERC>680000</MERC>
  <SESS>UnbST1433386853</SESS>
  <RULES_TRIGGERED>0</RULES_TRIGGERED>
  <COUNTERS_TRIGGERED>0</COUNTERS_TRIGGERED>
  <REASON_CODE></REASON_CODE>
  <MASTERCARD></MASTERCARD>
  <WARNING_COUNT>0</WARNING_COUNT>
</RESPONSE>

2015-06-04T03:18:08Z
RequestParameter:  billNo: 3yeil1433387886 | startTime:2015-06-04 03:18:08

2015-06-04T03:18:08Z
Array
(
    [MODE] => U
    [FRMT] => XML
    [VERS] => 0630
    [MERC] => 680000
    [SESS] => 3yeil1433387886
    [TRAN] => 30DD04KJGXCK
    [AUTH] => D
    [MACK] => Y
)


2015-06-04T03:18:09Z
ResponseParameter:  billNo: 3yeil1433387886 | endTime:2015-06-04 03:18:09

2015-06-04T03:18:09Z
<?xml version="1.0" encoding="UTF-8"?>
<RESPONSE>
  <VERS>0630</VERS>
  <MODE>U</MODE>
  <TRAN>30DD04KJGXCK</TRAN>
  <MERC>680000</MERC>
  <SESS>3yeil1433387886</SESS>
  <RULES_TRIGGERED>0</RULES_TRIGGERED>
  <COUNTERS_TRIGGERED>0</COUNTERS_TRIGGERED>
  <REASON_CODE></REASON_CODE>
  <MASTERCARD></MASTERCARD>
  <WARNING_COUNT>0</WARNING_COUNT>
</RESPONSE>

2015-06-04T03:20:49Z
RequestParameter:  billNo: QcPhp1433388047 | startTime:2015-06-04 03:20:49

2015-06-04T03:20:49Z
Array
(
    [MODE] => U
    [FRMT] => XML
    [VERS] => 0630
    [MERC] => 680000
    [SESS] => QcPhp1433388047
    [TRAN] => 30DD07Z10ZH2
    [AUTH] => D
    [MACK] => Y
)


2015-06-04T03:20:50Z
ResponseParameter:  billNo: QcPhp1433388047 | endTime:2015-06-04 03:20:50

2015-06-04T03:20:50Z
<?xml version="1.0" encoding="UTF-8"?>
<RESPONSE>
  <VERS>0630</VERS>
  <MODE>U</MODE>
  <TRAN>30DD07Z10ZH2</TRAN>
  <MERC>680000</MERC>
  <SESS>QcPhp1433388047</SESS>
  <RULES_TRIGGERED>0</RULES_TRIGGERED>
  <COUNTERS_TRIGGERED>0</COUNTERS_TRIGGERED>
  <REASON_CODE></REASON_CODE>
  <MASTERCARD></MASTERCARD>
  <WARNING_COUNT>0</WARNING_COUNT>
</RESPONSE>

2015-06-04T03:35:18Z
RequestParameter:  billNo: aCRhv1433388917 | startTime:2015-06-04 03:35:18

2015-06-04T03:35:18Z
Array
(
    [MODE] => U
    [FRMT] => XML
    [VERS] => 0630
    [MERC] => 680000
    [SESS] => aCRhv1433388917
    [TRAN] => 30DD060RDMK3
    [AUTH] => D
    [MACK] => Y
)


2015-06-04T03:35:19Z
ResponseParameter:  billNo: aCRhv1433388917 | endTime:2015-06-04 03:35:19

2015-06-04T03:35:19Z
<?xml version="1.0" encoding="UTF-8"?>
<RESPONSE>
  <VERS>0630</VERS>
  <MODE>U</MODE>
  <TRAN>30DD060RDMK3</TRAN>
  <MERC>680000</MERC>
  <SESS>aCRhv1433388917</SESS>
  <RULES_TRIGGERED>0</RULES_TRIGGERED>
  <COUNTERS_TRIGGERED>0</COUNTERS_TRIGGERED>
  <REASON_CODE></REASON_CODE>
  <MASTERCARD></MASTERCARD>
  <WARNING_COUNT>0</WARNING_COUNT>
</RESPONSE>

2015-06-04T03:35:48Z
RequestParameter:  billNo: aTn7z1433388947 | startTime:2015-06-04 03:35:48

2015-06-04T03:35:48Z
Array
(
    [MODE] => U
    [FRMT] => XML
    [VERS] => 0630
    [MERC] => 680000
    [SESS] => aTn7z1433388947
    [TRAN] => 30DD0SDX0GT0
    [AUTH] => D
    [MACK] => Y
)


2015-06-04T03:35:50Z
ResponseParameter:  billNo: aTn7z1433388947 | endTime:2015-06-04 03:35:50

2015-06-04T03:35:50Z
<?xml version="1.0" encoding="UTF-8"?>
<RESPONSE>
  <VERS>0630</VERS>
  <MODE>U</MODE>
  <TRAN>30DD0SDX0GT0</TRAN>
  <MERC>680000</MERC>
  <SESS>aTn7z1433388947</SESS>
  <RULES_TRIGGERED>0</RULES_TRIGGERED>
  <COUNTERS_TRIGGERED>0</COUNTERS_TRIGGERED>
  <REASON_CODE></REASON_CODE>
  <MASTERCARD></MASTERCARD>
  <WARNING_COUNT>0</WARNING_COUNT>
</RESPONSE>

2015-06-04T03:39:18Z
RequestParameter:  billNo: wAmzM1433389157 | startTime:2015-06-04 03:39:18

2015-06-04T03:39:18Z
Array
(
    [MODE] => U
    [FRMT] => XML
    [VERS] => 0630
    [MERC] => 680000
    [SESS] => wAmzM1433389157
    [TRAN] => 30DD0YLJ1J7D
    [AUTH] => D
    [MACK] => Y
)


2015-06-04T03:39:19Z
ResponseParameter:  billNo: wAmzM1433389157 | endTime:2015-06-04 03:39:19

2015-06-04T03:39:19Z
<?xml version="1.0" encoding="UTF-8"?>
<RESPONSE>
  <VERS>0630</VERS>
  <MODE>U</MODE>
  <TRAN>30DD0YLJ1J7D</TRAN>
  <MERC>680000</MERC>
  <SESS>wAmzM1433389157</SESS>
  <RULES_TRIGGERED>0</RULES_TRIGGERED>
  <COUNTERS_TRIGGERED>0</COUNTERS_TRIGGERED>
  <REASON_CODE></REASON_CODE>
  <MASTERCARD></MASTERCARD>
  <WARNING_COUNT>0</WARNING_COUNT>
</RESPONSE>

2015-06-04T04:20:42Z
RequestParameter:  billNo: 671gG1433391165 | startTime:2015-06-04 04:20:42

2015-06-04T04:20:42Z
Array
(
    [MODE] => U
    [FRMT] => XML
    [VERS] => 0630
    [MERC] => 680000
    [SESS] => 671gG1433391165
    [TRAN] => 3CKK0RT88KK0
    [AUTH] => 
    [MACK] => Y
    [RFCB] => C
)


2015-06-04T04:20:43Z
ResponseParameter:  billNo: 671gG1433391165 | endTime:2015-06-04 04:20:43

2015-06-04T04:20:43Z
<?xml version="1.0" encoding="UTF-8"?>
<RESPONSE>
  <VERS>0630</VERS>
  <MODE>U</MODE>
  <TRAN>3CKK0RT88KK0</TRAN>
  <MERC>680000</MERC>
  <SESS>671gG1433391165</SESS>
  <RULES_TRIGGERED>0</RULES_TRIGGERED>
  <COUNTERS_TRIGGERED>0</COUNTERS_TRIGGERED>
  <REASON_CODE></REASON_CODE>
  <MASTERCARD></MASTERCARD>
  <WARNING_COUNT>0</WARNING_COUNT>
</RESPONSE>

2015-06-04T04:21:11Z
RequestParameter:  billNo: gZ2bF1433391605 | startTime:2015-06-04 04:21:11

2015-06-04T04:21:11Z
Array
(
    [MODE] => U
    [FRMT] => XML
    [VERS] => 0630
    [MERC] => 680000
    [SESS] => gZ2bF1433391605
    [TRAN] => 3CKK0MZK7V6B
    [AUTH] => 
    [MACK] => Y
    [RFCB] => R
)


2015-06-04T04:21:12Z
ResponseParameter:  billNo: gZ2bF1433391605 | endTime:2015-06-04 04:21:12

2015-06-04T04:21:12Z
<?xml version="1.0" encoding="UTF-8"?>
<RESPONSE>
  <VERS>0630</VERS>
  <MODE>U</MODE>
  <TRAN>3CKK0MZK7V6B</TRAN>
  <MERC>680000</MERC>
  <SESS>gZ2bF1433391605</SESS>
  <RULES_TRIGGERED>0</RULES_TRIGGERED>
  <COUNTERS_TRIGGERED>0</COUNTERS_TRIGGERED>
  <REASON_CODE></REASON_CODE>
  <MASTERCARD></MASTERCARD>
  <WARNING_COUNT>0</WARNING_COUNT>
</RESPONSE>

2015-06-04T04:28:47Z
RequestParameter:  billNo: F5YpJ1433392125 | startTime:2015-06-04 04:28:47

2015-06-04T04:28:47Z
Array
(
    [MODE] => U
    [FRMT] => XML
    [VERS] => 0630
    [MERC] => 680000
    [SESS] => F5YpJ1433392125
    [TRAN] => 3CKK00TM0KB0
    [AUTH] => D
    [MACK] => Y
)


2015-06-04T04:28:48Z
ResponseParameter:  billNo: F5YpJ1433392125 | endTime:2015-06-04 04:28:48

2015-06-04T04:28:48Z
<?xml version="1.0" encoding="UTF-8"?>
<RESPONSE>
  <VERS>0630</VERS>
  <MODE>U</MODE>
  <TRAN>3CKK00TM0KB0</TRAN>
  <MERC>680000</MERC>
  <SESS>F5YpJ1433392125</SESS>
  <RULES_TRIGGERED>0</RULES_TRIGGERED>
  <COUNTERS_TRIGGERED>0</COUNTERS_TRIGGERED>
  <REASON_CODE></REASON_CODE>
  <MASTERCARD></MASTERCARD>
  <WARNING_COUNT>0</WARNING_COUNT>
</RESPONSE>

2015-06-04T04:29:33Z
RequestParameter:  billNo: XB9rq1433392172 | startTime:2015-06-04 04:29:33

2015-06-04T04:29:33Z
Array
(
    [MODE] => U
    [FRMT] => XML
    [VERS] => 0630
    [MERC] => 680000
    [SESS] => XB9rq1433392172
    [TRAN] => 3CKK0NB76739
    [AUTH] => D
    [MACK] => Y
)


2015-06-04T04:29:34Z
ResponseParameter:  billNo: XB9rq1433392172 | endTime:2015-06-04 04:29:34

2015-06-04T04:29:34Z
<?xml version="1.0" encoding="UTF-8"?>
<RESPONSE>
  <VERS>0630</VERS>
  <MODE>U</MODE>
  <TRAN>3CKK0NB76739</TRAN>
  <MERC>680000</MERC>
  <SESS>XB9rq1433392172</SESS>
  <RULES_TRIGGERED>0</RULES_TRIGGERED>
  <COUNTERS_TRIGGERED>0</COUNTERS_TRIGGERED>
  <REASON_CODE></REASON_CODE>
  <MASTERCARD></MASTERCARD>
  <WARNING_COUNT>0</WARNING_COUNT>
</RESPONSE>

2015-06-04T04:43:08Z
RequestParameter:  billNo: gArNv1433392986 | startTime:2015-06-04 04:43:08

2015-06-04T04:43:08Z
Array
(
    [MODE] => U
    [FRMT] => XML
    [VERS] => 0630
    [MERC] => 680000
    [SESS] => gArNv1433392986
    [TRAN] => 3CKK03K97HRS
    [AUTH] => D
    [MACK] => Y
)


2015-06-04T04:43:09Z
ResponseParameter:  billNo: gArNv1433392986 | endTime:2015-06-04 04:43:09

2015-06-04T04:43:09Z
<?xml version="1.0" encoding="UTF-8"?>
<RESPONSE>
  <VERS>0630</VERS>
  <MODE>U</MODE>
  <TRAN>3CKK03K97HRS</TRAN>
  <MERC>680000</MERC>
  <SESS>gArNv1433392986</SESS>
  <RULES_TRIGGERED>0</RULES_TRIGGERED>
  <COUNTERS_TRIGGERED>0</COUNTERS_TRIGGERED>
  <REASON_CODE></REASON_CODE>
  <MASTERCARD></MASTERCARD>
  <WARNING_COUNT>0</WARNING_COUNT>
</RESPONSE>

2015-06-04T04:44:22Z
RequestParameter:  billNo: pYIHM1433393060 | startTime:2015-06-04 04:44:22

2015-06-04T04:44:22Z
Array
(
    [MODE] => U
    [FRMT] => XML
    [VERS] => 0630
    [MERC] => 680000
    [SESS] => pYIHM1433393060
    [TRAN] => 3CKK0D60X5Y5
    [AUTH] => D
    [MACK] => Y
)


2015-06-04T04:44:23Z
ResponseParameter:  billNo: pYIHM1433393060 | endTime:2015-06-04 04:44:23

2015-06-04T04:44:23Z
<?xml version="1.0" encoding="UTF-8"?>
<RESPONSE>
  <VERS>0630</VERS>
  <MODE>U</MODE>
  <TRAN>3CKK0D60X5Y5</TRAN>
  <MERC>680000</MERC>
  <SESS>pYIHM1433393060</SESS>
  <RULES_TRIGGERED>0</RULES_TRIGGERED>
  <COUNTERS_TRIGGERED>0</COUNTERS_TRIGGERED>
  <REASON_CODE></REASON_CODE>
  <MASTERCARD></MASTERCARD>
  <WARNING_COUNT>0</WARNING_COUNT>
</RESPONSE>

2015-06-04T04:47:48Z
RequestParameter:  billNo: P2kY5S100 | startTime:2015-06-04 04:47:48

2015-06-04T04:47:48Z
Array
(
    [MODE] => U
    [FRMT] => XML
    [VERS] => 0630
    [MERC] => 680000
    [SESS] => tajimb9i7hr4loqg3icq23cen7
    [TRAN] => 3CKK0TRQK8MK
    [AUTH] => D
    [MACK] => Y
)


2015-06-04T04:47:49Z
ResponseParameter:  billNo: P2kY5S100 | endTime:2015-06-04 04:47:49

2015-06-04T04:47:49Z
<?xml version="1.0" encoding="UTF-8"?>
<RESPONSE>
  <VERS>0630</VERS>
  <MODE>U</MODE>
  <TRAN>3CKK0TRQK8MK</TRAN>
  <MERC>680000</MERC>
  <SESS>tajimb9i7hr4loqg3icq23cen7</SESS>
  <RULES_TRIGGERED>0</RULES_TRIGGERED>
  <COUNTERS_TRIGGERED>0</COUNTERS_TRIGGERED>
  <REASON_CODE></REASON_CODE>
  <MASTERCARD></MASTERCARD>
  <WARNING_COUNT>0</WARNING_COUNT>
</RESPONSE>

2015-06-04T04:49:33Z
RequestParameter:  billNo: P2kY5S101 | startTime:2015-06-04 04:49:33

2015-06-04T04:49:33Z
Array
(
    [MODE] => U
    [FRMT] => XML
    [VERS] => 0630
    [MERC] => 680000
    [SESS] => tajimb9i7hr4loqg3icq23cen7
    [TRAN] => 3CKK0CCXYW3K
    [AUTH] => D
    [MACK] => Y
)


2015-06-04T04:49:34Z
ResponseParameter:  billNo: P2kY5S101 | endTime:2015-06-04 04:49:34

2015-06-04T04:49:34Z
<?xml version="1.0" encoding="UTF-8"?>
<RESPONSE>
  <VERS>0630</VERS>
  <MODE>U</MODE>
  <TRAN>3CKK0CCXYW3K</TRAN>
  <MERC>680000</MERC>
  <SESS>tajimb9i7hr4loqg3icq23cen7</SESS>
  <RULES_TRIGGERED>0</RULES_TRIGGERED>
  <COUNTERS_TRIGGERED>0</COUNTERS_TRIGGERED>
  <REASON_CODE></REASON_CODE>
  <MASTERCARD></MASTERCARD>
  <WARNING_COUNT>0</WARNING_COUNT>
</RESPONSE>

2015-06-04T04:50:42Z
RequestParameter:  billNo: P2kY5S102 | startTime:2015-06-04 04:50:42

2015-06-04T04:50:42Z
Array
(
    [MODE] => U
    [FRMT] => XML
    [VERS] => 0630
    [MERC] => 680000
    [SESS] => tajimb9i7hr4loqg3icq23cen7
    [TRAN] => 3CKK07YH1VGP
    [AUTH] => D
    [MACK] => Y
)


2015-06-04T04:50:43Z
ResponseParameter:  billNo: P2kY5S102 | endTime:2015-06-04 04:50:43

2015-06-04T04:50:43Z
<?xml version="1.0" encoding="UTF-8"?>
<RESPONSE>
  <VERS>0630</VERS>
  <MODE>U</MODE>
  <TRAN>3CKK07YH1VGP</TRAN>
  <MERC>680000</MERC>
  <SESS>tajimb9i7hr4loqg3icq23cen7</SESS>
  <RULES_TRIGGERED>0</RULES_TRIGGERED>
  <COUNTERS_TRIGGERED>0</COUNTERS_TRIGGERED>
  <REASON_CODE></REASON_CODE>
  <MASTERCARD></MASTERCARD>
  <WARNING_COUNT>0</WARNING_COUNT>
</RESPONSE>

2015-06-04T04:51:16Z
RequestParameter:  billNo: P2kY5S103 | startTime:2015-06-04 04:51:16

2015-06-04T04:51:16Z
Array
(
    [MODE] => U
    [FRMT] => XML
    [VERS] => 0630
    [MERC] => 680000
    [SESS] => tajimb9i7hr4loqg3icq23cen7
    [TRAN] => 3CKK0Y3DWWZC
    [AUTH] => D
    [MACK] => Y
)


2015-06-04T04:51:17Z
ResponseParameter:  billNo: P2kY5S103 | endTime:2015-06-04 04:51:17

2015-06-04T04:51:17Z
<?xml version="1.0" encoding="UTF-8"?>
<RESPONSE>
  <VERS>0630</VERS>
  <MODE>U</MODE>
  <TRAN>3CKK0Y3DWWZC</TRAN>
  <MERC>680000</MERC>
  <SESS>tajimb9i7hr4loqg3icq23cen7</SESS>
  <RULES_TRIGGERED>0</RULES_TRIGGERED>
  <COUNTERS_TRIGGERED>0</COUNTERS_TRIGGERED>
  <REASON_CODE></REASON_CODE>
  <MASTERCARD></MASTERCARD>
  <WARNING_COUNT>0</WARNING_COUNT>
</RESPONSE>

2015-06-04T04:53:05Z
RequestParameter:  billNo: P2kY5S104 | startTime:2015-06-04 04:53:05

2015-06-04T04:53:05Z
Array
(
    [MODE] => U
    [FRMT] => XML
    [VERS] => 0630
    [MERC] => 680000
    [SESS] => tajimb9i7hr4loqg3icq23cen7
    [TRAN] => 3CKK0KSWP7CV
    [AUTH] => D
    [MACK] => Y
)


2015-06-04T04:53:06Z
ResponseParameter:  billNo: P2kY5S104 | endTime:2015-06-04 04:53:06

2015-06-04T04:53:06Z
<?xml version="1.0" encoding="UTF-8"?>
<RESPONSE>
  <VERS>0630</VERS>
  <MODE>U</MODE>
  <TRAN>3CKK0KSWP7CV</TRAN>
  <MERC>680000</MERC>
  <SESS>tajimb9i7hr4loqg3icq23cen7</SESS>
  <RULES_TRIGGERED>0</RULES_TRIGGERED>
  <COUNTERS_TRIGGERED>0</COUNTERS_TRIGGERED>
  <REASON_CODE></REASON_CODE>
  <MASTERCARD></MASTERCARD>
  <WARNING_COUNT>0</WARNING_COUNT>
</RESPONSE>

2015-06-04T05:18:34Z
RequestParameter:  billNo: D4I171433394821 | startTime:2015-06-04 05:18:34

2015-06-04T05:18:34Z
Array
(
    [MODE] => U
    [FRMT] => XML
    [VERS] => 0630
    [MERC] => 680000
    [SESS] => D4I171433394821
    [TRAN] => 3CKK04DW190L
    [AUTH] => 
    [MACK] => Y
    [RFCB] => R
)


2015-06-04T05:18:35Z
ResponseParameter:  billNo: D4I171433394821 | endTime:2015-06-04 05:18:35

2015-06-04T05:18:35Z
<?xml version="1.0" encoding="UTF-8"?>
<RESPONSE>
  <VERS>0630</VERS>
  <MODE>U</MODE>
  <TRAN>3CKK04DW190L</TRAN>
  <MERC>680000</MERC>
  <SESS>D4I171433394821</SESS>
  <RULES_TRIGGERED>0</RULES_TRIGGERED>
  <COUNTERS_TRIGGERED>0</COUNTERS_TRIGGERED>
  <REASON_CODE></REASON_CODE>
  <MASTERCARD></MASTERCARD>
  <WARNING_COUNT>0</WARNING_COUNT>
</RESPONSE>

2015-06-04T05:27:05Z
RequestParameter:  billNo: CRFgW1433394881 | startTime:2015-06-04 05:27:05

2015-06-04T05:27:05Z
Array
(
    [MODE] => U
    [FRMT] => XML
    [VERS] => 0630
    [MERC] => 680000
    [SESS] => CRFgW1433394881
    [TRAN] => 3CKK0WKKSRSC
    [AUTH] => 
    [MACK] => Y
    [RFCB] => R
)


2015-06-04T05:27:06Z
ResponseParameter:  billNo: CRFgW1433394881 | endTime:2015-06-04 05:27:06

2015-06-04T05:27:06Z
<?xml version="1.0" encoding="UTF-8"?>
<RESPONSE>
  <VERS>0630</VERS>
  <MODE>U</MODE>
  <TRAN>3CKK0WKKSRSC</TRAN>
  <MERC>680000</MERC>
  <SESS>CRFgW1433394881</SESS>
  <RULES_TRIGGERED>0</RULES_TRIGGERED>
  <COUNTERS_TRIGGERED>0</COUNTERS_TRIGGERED>
  <REASON_CODE></REASON_CODE>
  <MASTERCARD></MASTERCARD>
  <WARNING_COUNT>0</WARNING_COUNT>
</RESPONSE>

2015-06-04T05:34:14Z
RequestParameter:  billNo: P2kY5S110 | startTime:2015-06-04 05:34:14

2015-06-04T05:34:14Z
Array
(
    [MODE] => U
    [FRMT] => XML
    [VERS] => 0630
    [MERC] => 680000
    [SESS] => tajimb9i7hr4loqg3icq23cen7
    [TRAN] => 3CKK0HJX2LZ2
    [AUTH] => 
    [MACK] => Y
    [RFCB] => C
)


2015-06-04T05:34:16Z
ResponseParameter:  billNo: P2kY5S110 | endTime:2015-06-04 05:34:16

2015-06-04T05:34:16Z
<?xml version="1.0" encoding="UTF-8"?>
<RESPONSE>
  <VERS>0630</VERS>
  <MODE>U</MODE>
  <TRAN>3CKK0HJX2LZ2</TRAN>
  <MERC>680000</MERC>
  <SESS>tajimb9i7hr4loqg3icq23cen7</SESS>
  <RULES_TRIGGERED>0</RULES_TRIGGERED>
  <COUNTERS_TRIGGERED>0</COUNTERS_TRIGGERED>
  <REASON_CODE></REASON_CODE>
  <MASTERCARD></MASTERCARD>
  <WARNING_COUNT>0</WARNING_COUNT>
</RESPONSE>

2015-06-04T05:35:18Z
RequestParameter:  billNo: P2kY5S111 | startTime:2015-06-04 05:35:18

2015-06-04T05:35:18Z
Array
(
    [MODE] => U
    [FRMT] => XML
    [VERS] => 0630
    [MERC] => 680000
    [SESS] => tajimb9i7hr4loqg3icq23cen7
    [TRAN] => 3CKK0P22V0TM
    [AUTH] => 
    [MACK] => Y
    [RFCB] => R
)


2015-06-04T05:35:19Z
ResponseParameter:  billNo: P2kY5S111 | endTime:2015-06-04 05:35:19

2015-06-04T05:35:19Z
<?xml version="1.0" encoding="UTF-8"?>
<RESPONSE>
  <VERS>0630</VERS>
  <MODE>U</MODE>
  <TRAN>3CKK0P22V0TM</TRAN>
  <MERC>680000</MERC>
  <SESS>tajimb9i7hr4loqg3icq23cen7</SESS>
  <RULES_TRIGGERED>0</RULES_TRIGGERED>
  <COUNTERS_TRIGGERED>0</COUNTERS_TRIGGERED>
  <REASON_CODE></REASON_CODE>
  <MASTERCARD></MASTERCARD>
  <WARNING_COUNT>0</WARNING_COUNT>
</RESPONSE>

2015-06-04T05:55:43Z
RequestParameter:  billNo: Kw6JM1433397342 | startTime:2015-06-04 05:55:43

2015-06-04T05:55:43Z
Array
(
    [MODE] => U
    [FRMT] => XML
    [VERS] => 0630
    [MERC] => 680000
    [SESS] => Kw6JM1433397342
    [TRAN] => 3CKK02BTKN7C
    [AUTH] => D
    [MACK] => Y
)


2015-06-04T05:55:45Z
ResponseParameter:  billNo: Kw6JM1433397342 | endTime:2015-06-04 05:55:45

2015-06-04T05:55:45Z
<?xml version="1.0" encoding="UTF-8"?>
<RESPONSE>
  <VERS>0630</VERS>
  <MODE>U</MODE>
  <TRAN>3CKK02BTKN7C</TRAN>
  <MERC>680000</MERC>
  <SESS>Kw6JM1433397342</SESS>
  <RULES_TRIGGERED>0</RULES_TRIGGERED>
  <COUNTERS_TRIGGERED>0</COUNTERS_TRIGGERED>
  <REASON_CODE></REASON_CODE>
  <MASTERCARD></MASTERCARD>
  <WARNING_COUNT>0</WARNING_COUNT>
</RESPONSE>

2015-06-04T06:29:31Z
RequestParameter:  billNo: lE72f1433399370 | startTime:2015-06-04 06:29:31

2015-06-04T06:29:31Z
Array
(
    [MODE] => U
    [FRMT] => XML
    [VERS] => 0630
    [MERC] => 680000
    [SESS] => lE72f1433399370
    [TRAN] => 3CKN01807ZZ6
    [AUTH] => D
    [MACK] => Y
)


2015-06-04T06:29:32Z
ResponseParameter:  billNo: lE72f1433399370 | endTime:2015-06-04 06:29:32

2015-06-04T06:29:32Z
<?xml version="1.0" encoding="UTF-8"?>
<RESPONSE>
  <VERS>0630</VERS>
  <MODE>U</MODE>
  <TRAN>3CKN01807ZZ6</TRAN>
  <MERC>680000</MERC>
  <SESS>lE72f1433399370</SESS>
  <RULES_TRIGGERED>0</RULES_TRIGGERED>
  <COUNTERS_TRIGGERED>0</COUNTERS_TRIGGERED>
  <REASON_CODE></REASON_CODE>
  <MASTERCARD></MASTERCARD>
  <WARNING_COUNT>0</WARNING_COUNT>
</RESPONSE>

2015-06-04T06:32:37Z
RequestParameter:  billNo: P2kY5S117 | startTime:2015-06-04 06:32:37

2015-06-04T06:32:37Z
Array
(
    [MODE] => U
    [FRMT] => XML
    [VERS] => 0630
    [MERC] => 680000
    [SESS] => tajimb9i7hr4loqg3icq23cen7
    [TRAN] => 3CKN0W332TYB
    [AUTH] => D
    [MACK] => Y
)


2015-06-04T06:32:38Z
ResponseParameter:  billNo: P2kY5S117 | endTime:2015-06-04 06:32:38

2015-06-04T06:32:38Z
<?xml version="1.0" encoding="UTF-8"?>
<RESPONSE>
  <VERS>0630</VERS>
  <MODE>U</MODE>
  <TRAN>3CKN0W332TYB</TRAN>
  <MERC>680000</MERC>
  <SESS>tajimb9i7hr4loqg3icq23cen7</SESS>
  <RULES_TRIGGERED>0</RULES_TRIGGERED>
  <COUNTERS_TRIGGERED>0</COUNTERS_TRIGGERED>
  <REASON_CODE></REASON_CODE>
  <MASTERCARD></MASTERCARD>
  <WARNING_COUNT>0</WARNING_COUNT>
</RESPONSE>

2015-06-04T06:33:10Z
RequestParameter:  billNo: sey4r1433399589 | startTime:2015-06-04 06:33:10

2015-06-04T06:33:10Z
Array
(
    [MODE] => U
    [FRMT] => XML
    [VERS] => 0630
    [MERC] => 680000
    [SESS] => sey4r1433399589
    [TRAN] => 3CKN05Y3K4ZX
    [AUTH] => D
    [MACK] => Y
)


2015-06-04T06:33:11Z
ResponseParameter:  billNo: sey4r1433399589 | endTime:2015-06-04 06:33:11

2015-06-04T06:33:11Z
<?xml version="1.0" encoding="UTF-8"?>
<RESPONSE>
  <VERS>0630</VERS>
  <MODE>U</MODE>
  <TRAN>3CKN05Y3K4ZX</TRAN>
  <MERC>680000</MERC>
  <SESS>sey4r1433399589</SESS>
  <RULES_TRIGGERED>0</RULES_TRIGGERED>
  <COUNTERS_TRIGGERED>0</COUNTERS_TRIGGERED>
  <REASON_CODE></REASON_CODE>
  <MASTERCARD></MASTERCARD>
  <WARNING_COUNT>0</WARNING_COUNT>
</RESPONSE>

2015-06-04T06:35:08Z
RequestParameter:  billNo: gAIRG1433399706 | startTime:2015-06-04 06:35:08

2015-06-04T06:35:08Z
Array
(
    [MODE] => U
    [FRMT] => XML
    [VERS] => 0630
    [MERC] => 680000
    [SESS] => gAIRG1433399706
    [TRAN] => 3CKN0Q3CDYJB
    [AUTH] => D
    [MACK] => Y
)


2015-06-04T06:35:09Z
ResponseParameter:  billNo: gAIRG1433399706 | endTime:2015-06-04 06:35:09

2015-06-04T06:35:09Z
<?xml version="1.0" encoding="UTF-8"?>
<RESPONSE>
  <VERS>0630</VERS>
  <MODE>U</MODE>
  <TRAN>3CKN0Q3CDYJB</TRAN>
  <MERC>680000</MERC>
  <SESS>gAIRG1433399706</SESS>
  <RULES_TRIGGERED>0</RULES_TRIGGERED>
  <COUNTERS_TRIGGERED>0</COUNTERS_TRIGGERED>
  <REASON_CODE></REASON_CODE>
  <MASTERCARD></MASTERCARD>
  <WARNING_COUNT>0</WARNING_COUNT>
</RESPONSE>

2015-06-04T06:36:48Z
RequestParameter:  billNo: SVM5x1433399807 | startTime:2015-06-04 06:36:48

2015-06-04T06:36:48Z
Array
(
    [MODE] => U
    [FRMT] => XML
    [VERS] => 0630
    [MERC] => 680000
    [SESS] => SVM5x1433399807
    [TRAN] => 3CKN0HSGG2N7
    [AUTH] => D
    [MACK] => Y
)


2015-06-04T06:36:49Z
ResponseParameter:  billNo: SVM5x1433399807 | endTime:2015-06-04 06:36:49

2015-06-04T06:36:49Z
<?xml version="1.0" encoding="UTF-8"?>
<RESPONSE>
  <VERS>0630</VERS>
  <MODE>U</MODE>
  <TRAN>3CKN0HSGG2N7</TRAN>
  <MERC>680000</MERC>
  <SESS>SVM5x1433399807</SESS>
  <RULES_TRIGGERED>0</RULES_TRIGGERED>
  <COUNTERS_TRIGGERED>0</COUNTERS_TRIGGERED>
  <REASON_CODE></REASON_CODE>
  <MASTERCARD></MASTERCARD>
  <WARNING_COUNT>0</WARNING_COUNT>
</RESPONSE>

2015-06-04T06:37:50Z
RequestParameter:  billNo: Sucp51433399868 | startTime:2015-06-04 06:37:50

2015-06-04T06:37:50Z
Array
(
    [MODE] => U
    [FRMT] => XML
    [VERS] => 0630
    [MERC] => 680000
    [SESS] => Sucp51433399868
    [TRAN] => 3CKN0GZYRRHZ
    [AUTH] => D
    [MACK] => Y
)


2015-06-04T06:37:51Z
ResponseParameter:  billNo: Sucp51433399868 | endTime:2015-06-04 06:37:51

2015-06-04T06:37:51Z
<?xml version="1.0" encoding="UTF-8"?>
<RESPONSE>
  <VERS>0630</VERS>
  <MODE>U</MODE>
  <TRAN>3CKN0GZYRRHZ</TRAN>
  <MERC>680000</MERC>
  <SESS>Sucp51433399868</SESS>
  <RULES_TRIGGERED>0</RULES_TRIGGERED>
  <COUNTERS_TRIGGERED>0</COUNTERS_TRIGGERED>
  <REASON_CODE></REASON_CODE>
  <MASTERCARD></MASTERCARD>
  <WARNING_COUNT>0</WARNING_COUNT>
</RESPONSE>

2015-06-04T06:38:56Z
RequestParameter:  billNo: cJqwx1433399935 | startTime:2015-06-04 06:38:56

2015-06-04T06:38:56Z
Array
(
    [MODE] => U
    [FRMT] => XML
    [VERS] => 0630
    [MERC] => 680000
    [SESS] => cJqwx1433399935
    [TRAN] => 3CKN0J4J3C4Z
    [AUTH] => D
    [MACK] => Y
)


2015-06-04T06:38:57Z
ResponseParameter:  billNo: cJqwx1433399935 | endTime:2015-06-04 06:38:57

2015-06-04T06:38:57Z
<?xml version="1.0" encoding="UTF-8"?>
<RESPONSE>
  <VERS>0630</VERS>
  <MODE>U</MODE>
  <TRAN>3CKN0J4J3C4Z</TRAN>
  <MERC>680000</MERC>
  <SESS>cJqwx1433399935</SESS>
  <RULES_TRIGGERED>0</RULES_TRIGGERED>
  <COUNTERS_TRIGGERED>0</COUNTERS_TRIGGERED>
  <REASON_CODE></REASON_CODE>
  <MASTERCARD></MASTERCARD>
  <WARNING_COUNT>0</WARNING_COUNT>
</RESPONSE>

2015-06-04T06:39:49Z
RequestParameter:  billNo: meiI31433399988 | startTime:2015-06-04 06:39:49

2015-06-04T06:39:49Z
Array
(
    [MODE] => U
    [FRMT] => XML
    [VERS] => 0630
    [MERC] => 680000
    [SESS] => meiI31433399988
    [TRAN] => 3CKN0DYJNTVG
    [AUTH] => D
    [MACK] => Y
)


2015-06-04T06:39:50Z
ResponseParameter:  billNo: meiI31433399988 | endTime:2015-06-04 06:39:50

2015-06-04T06:39:50Z
<?xml version="1.0" encoding="UTF-8"?>
<RESPONSE>
  <VERS>0630</VERS>
  <MODE>U</MODE>
  <TRAN>3CKN0DYJNTVG</TRAN>
  <MERC>680000</MERC>
  <SESS>meiI31433399988</SESS>
  <RULES_TRIGGERED>0</RULES_TRIGGERED>
  <COUNTERS_TRIGGERED>0</COUNTERS_TRIGGERED>
  <REASON_CODE></REASON_CODE>
  <MASTERCARD></MASTERCARD>
  <WARNING_COUNT>0</WARNING_COUNT>
</RESPONSE>

2015-06-04T06:41:32Z
RequestParameter:  billNo: Y2FG51433400090 | startTime:2015-06-04 06:41:32

2015-06-04T06:41:32Z
Array
(
    [MODE] => U
    [FRMT] => XML
    [VERS] => 0630
    [MERC] => 680000
    [SESS] => Y2FG51433400090
    [TRAN] => 3CKN013KVZCQ
    [AUTH] => D
    [MACK] => Y
)


2015-06-04T06:41:32Z
ResponseParameter:  billNo: Y2FG51433400090 | endTime:2015-06-04 06:41:32

2015-06-04T06:41:32Z
<?xml version="1.0" encoding="UTF-8"?>
<RESPONSE>
  <VERS>0630</VERS>
  <MODE>U</MODE>
  <TRAN>3CKN013KVZCQ</TRAN>
  <MERC>680000</MERC>
  <SESS>Y2FG51433400090</SESS>
  <RULES_TRIGGERED>0</RULES_TRIGGERED>
  <COUNTERS_TRIGGERED>0</COUNTERS_TRIGGERED>
  <REASON_CODE></REASON_CODE>
  <MASTERCARD></MASTERCARD>
  <WARNING_COUNT>0</WARNING_COUNT>
</RESPONSE>

2015-06-04T06:42:12Z
RequestParameter:  billNo: 3kMhE1433400130 | startTime:2015-06-04 06:42:12

2015-06-04T06:42:12Z
Array
(
    [MODE] => U
    [FRMT] => XML
    [VERS] => 0630
    [MERC] => 680000
    [SESS] => 3kMhE1433400130
    [TRAN] => 3CKN0BY6RXW9
    [AUTH] => D
    [MACK] => Y
)


2015-06-04T06:42:13Z
ResponseParameter:  billNo: 3kMhE1433400130 | endTime:2015-06-04 06:42:13

2015-06-04T06:42:13Z
<?xml version="1.0" encoding="UTF-8"?>
<RESPONSE>
  <VERS>0630</VERS>
  <MODE>U</MODE>
  <TRAN>3CKN0BY6RXW9</TRAN>
  <MERC>680000</MERC>
  <SESS>3kMhE1433400130</SESS>
  <RULES_TRIGGERED>0</RULES_TRIGGERED>
  <COUNTERS_TRIGGERED>0</COUNTERS_TRIGGERED>
  <REASON_CODE></REASON_CODE>
  <MASTERCARD></MASTERCARD>
  <WARNING_COUNT>0</WARNING_COUNT>
</RESPONSE>

2015-06-04T06:42:38Z
RequestParameter:  billNo: es9Ll1433400156 | startTime:2015-06-04 06:42:38

2015-06-04T06:42:38Z
Array
(
    [MODE] => U
    [FRMT] => XML
    [VERS] => 0630
    [MERC] => 680000
    [SESS] => es9Ll1433400156
    [TRAN] => 3CKN03Z52LMZ
    [AUTH] => D
    [MACK] => Y
)


2015-06-04T06:42:38Z
ResponseParameter:  billNo: es9Ll1433400156 | endTime:2015-06-04 06:42:38

2015-06-04T06:42:38Z
<?xml version="1.0" encoding="UTF-8"?>
<RESPONSE>
  <VERS>0630</VERS>
  <MODE>U</MODE>
  <TRAN>3CKN03Z52LMZ</TRAN>
  <MERC>680000</MERC>
  <SESS>es9Ll1433400156</SESS>
  <RULES_TRIGGERED>0</RULES_TRIGGERED>
  <COUNTERS_TRIGGERED>0</COUNTERS_TRIGGERED>
  <REASON_CODE></REASON_CODE>
  <MASTERCARD></MASTERCARD>
  <WARNING_COUNT>0</WARNING_COUNT>
</RESPONSE>

2015-06-04T06:42:49Z
RequestParameter:  billNo: SY0M71433400167 | startTime:2015-06-04 06:42:49

2015-06-04T06:42:49Z
Array
(
    [MODE] => U
    [FRMT] => XML
    [VERS] => 0630
    [MERC] => 680000
    [SESS] => SY0M71433400167
    [TRAN] => 3CKN024BTXD1
    [AUTH] => D
    [MACK] => Y
)


2015-06-04T06:42:50Z
ResponseParameter:  billNo: SY0M71433400167 | endTime:2015-06-04 06:42:50

2015-06-04T06:42:50Z
<?xml version="1.0" encoding="UTF-8"?>
<RESPONSE>
  <VERS>0630</VERS>
  <MODE>U</MODE>
  <TRAN>3CKN024BTXD1</TRAN>
  <MERC>680000</MERC>
  <SESS>SY0M71433400167</SESS>
  <RULES_TRIGGERED>0</RULES_TRIGGERED>
  <COUNTERS_TRIGGERED>0</COUNTERS_TRIGGERED>
  <REASON_CODE></REASON_CODE>
  <MASTERCARD></MASTERCARD>
  <WARNING_COUNT>0</WARNING_COUNT>
</RESPONSE>

2015-06-04T06:42:57Z
RequestParameter:  billNo: vbrf11433400176 | startTime:2015-06-04 06:42:57

2015-06-04T06:42:57Z
Array
(
    [MODE] => U
    [FRMT] => XML
    [VERS] => 0630
    [MERC] => 680000
    [SESS] => vbrf11433400176
    [TRAN] => 3CKN0KP8LK0J
    [AUTH] => D
    [MACK] => Y
)


2015-06-04T06:42:58Z
ResponseParameter:  billNo: vbrf11433400176 | endTime:2015-06-04 06:42:58

2015-06-04T06:42:58Z
<?xml version="1.0" encoding="UTF-8"?>
<RESPONSE>
  <VERS>0630</VERS>
  <MODE>U</MODE>
  <TRAN>3CKN0KP8LK0J</TRAN>
  <MERC>680000</MERC>
  <SESS>vbrf11433400176</SESS>
  <RULES_TRIGGERED>0</RULES_TRIGGERED>
  <COUNTERS_TRIGGERED>0</COUNTERS_TRIGGERED>
  <REASON_CODE></REASON_CODE>
  <MASTERCARD></MASTERCARD>
  <WARNING_COUNT>0</WARNING_COUNT>
</RESPONSE>

2015-06-04T06:46:12Z
RequestParameter:  billNo: OWn5C1433400371 | startTime:2015-06-04 06:46:12

2015-06-04T06:46:12Z
Array
(
    [MODE] => U
    [FRMT] => XML
    [VERS] => 0630
    [MERC] => 680000
    [SESS] => OWn5C1433400371
    [TRAN] => 3CKN0NBP2T6D
    [AUTH] => D
    [MACK] => Y
)


2015-06-04T06:46:13Z
ResponseParameter:  billNo: OWn5C1433400371 | endTime:2015-06-04 06:46:13

2015-06-04T06:46:13Z
<?xml version="1.0" encoding="UTF-8"?>
<RESPONSE>
  <VERS>0630</VERS>
  <MODE>U</MODE>
  <TRAN>3CKN0NBP2T6D</TRAN>
  <MERC>680000</MERC>
  <SESS>OWn5C1433400371</SESS>
  <RULES_TRIGGERED>0</RULES_TRIGGERED>
  <COUNTERS_TRIGGERED>0</COUNTERS_TRIGGERED>
  <REASON_CODE></REASON_CODE>
  <MASTERCARD></MASTERCARD>
  <WARNING_COUNT>0</WARNING_COUNT>
</RESPONSE>

2015-06-04T06:47:21Z
RequestParameter:  billNo: vmHEy1433400439 | startTime:2015-06-04 06:47:21

2015-06-04T06:47:21Z
Array
(
    [MODE] => U
    [FRMT] => XML
    [VERS] => 0630
    [MERC] => 680000
    [SESS] => vmHEy1433400439
    [TRAN] => 3CKN0YKVV2ZB
    [AUTH] => D
    [MACK] => Y
)


2015-06-04T06:47:22Z
ResponseParameter:  billNo: vmHEy1433400439 | endTime:2015-06-04 06:47:22

2015-06-04T06:47:22Z
<?xml version="1.0" encoding="UTF-8"?>
<RESPONSE>
  <VERS>0630</VERS>
  <MODE>U</MODE>
  <TRAN>3CKN0YKVV2ZB</TRAN>
  <MERC>680000</MERC>
  <SESS>vmHEy1433400439</SESS>
  <RULES_TRIGGERED>0</RULES_TRIGGERED>
  <COUNTERS_TRIGGERED>0</COUNTERS_TRIGGERED>
  <REASON_CODE></REASON_CODE>
  <MASTERCARD></MASTERCARD>
  <WARNING_COUNT>0</WARNING_COUNT>
</RESPONSE>

2015-06-04T06:48:20Z
RequestParameter:  billNo: YAzyK1433400498 | startTime:2015-06-04 06:48:20

2015-06-04T06:48:20Z
Array
(
    [MODE] => U
    [FRMT] => XML
    [VERS] => 0630
    [MERC] => 680000
    [SESS] => YAzyK1433400498
    [TRAN] => 3CKN04TBWVHX
    [AUTH] => D
    [MACK] => Y
)


2015-06-04T06:48:21Z
ResponseParameter:  billNo: YAzyK1433400498 | endTime:2015-06-04 06:48:21

2015-06-04T06:48:21Z
<?xml version="1.0" encoding="UTF-8"?>
<RESPONSE>
  <VERS>0630</VERS>
  <MODE>U</MODE>
  <TRAN>3CKN04TBWVHX</TRAN>
  <MERC>680000</MERC>
  <SESS>YAzyK1433400498</SESS>
  <RULES_TRIGGERED>0</RULES_TRIGGERED>
  <COUNTERS_TRIGGERED>0</COUNTERS_TRIGGERED>
  <REASON_CODE></REASON_CODE>
  <MASTERCARD></MASTERCARD>
  <WARNING_COUNT>0</WARNING_COUNT>
</RESPONSE>

2015-06-04T06:49:20Z
RequestParameter:  billNo: XE9fw1433400558 | startTime:2015-06-04 06:49:20

2015-06-04T06:49:20Z
Array
(
    [MODE] => U
    [FRMT] => XML
    [VERS] => 0630
    [MERC] => 680000
    [SESS] => XE9fw1433400558
    [TRAN] => 3CKN0M44QVL6
    [AUTH] => D
    [MACK] => Y
)


2015-06-04T06:49:21Z
ResponseParameter:  billNo: XE9fw1433400558 | endTime:2015-06-04 06:49:21

2015-06-04T06:49:21Z
<?xml version="1.0" encoding="UTF-8"?>
<RESPONSE>
  <VERS>0630</VERS>
  <MODE>U</MODE>
  <TRAN>3CKN0M44QVL6</TRAN>
  <MERC>680000</MERC>
  <SESS>XE9fw1433400558</SESS>
  <RULES_TRIGGERED>0</RULES_TRIGGERED>
  <COUNTERS_TRIGGERED>0</COUNTERS_TRIGGERED>
  <REASON_CODE></REASON_CODE>
  <MASTERCARD></MASTERCARD>
  <WARNING_COUNT>0</WARNING_COUNT>
</RESPONSE>

2015-06-04T06:50:21Z
RequestParameter:  billNo: VYASj1433400620 | startTime:2015-06-04 06:50:21

2015-06-04T06:50:21Z
Array
(
    [MODE] => U
    [FRMT] => XML
    [VERS] => 0630
    [MERC] => 680000
    [SESS] => VYASj1433400620
    [TRAN] => 3CKN0VGZGSWW
    [AUTH] => D
    [MACK] => Y
)


2015-06-04T06:50:23Z
ResponseParameter:  billNo: VYASj1433400620 | endTime:2015-06-04 06:50:23

2015-06-04T06:50:23Z
<?xml version="1.0" encoding="UTF-8"?>
<RESPONSE>
  <VERS>0630</VERS>
  <MODE>U</MODE>
  <TRAN>3CKN0VGZGSWW</TRAN>
  <MERC>680000</MERC>
  <SESS>VYASj1433400620</SESS>
  <RULES_TRIGGERED>0</RULES_TRIGGERED>
  <COUNTERS_TRIGGERED>0</COUNTERS_TRIGGERED>
  <REASON_CODE></REASON_CODE>
  <MASTERCARD></MASTERCARD>
  <WARNING_COUNT>0</WARNING_COUNT>
</RESPONSE>

2015-06-04T06:55:51Z
RequestParameter:  billNo: 7G6pA1433400950 | startTime:2015-06-04 06:55:51

2015-06-04T06:55:51Z
Array
(
    [MODE] => U
    [FRMT] => XML
    [VERS] => 0630
    [MERC] => 680000
    [SESS] => 7G6pA1433400950
    [TRAN] => 3CKN06X42KZH
    [AUTH] => D
    [MACK] => Y
)


2015-06-04T06:55:52Z
ResponseParameter:  billNo: 7G6pA1433400950 | endTime:2015-06-04 06:55:52

2015-06-04T06:55:52Z
<?xml version="1.0" encoding="UTF-8"?>
<RESPONSE>
  <VERS>0630</VERS>
  <MODE>U</MODE>
  <TRAN>3CKN06X42KZH</TRAN>
  <MERC>680000</MERC>
  <SESS>7G6pA1433400950</SESS>
  <RULES_TRIGGERED>0</RULES_TRIGGERED>
  <COUNTERS_TRIGGERED>0</COUNTERS_TRIGGERED>
  <REASON_CODE></REASON_CODE>
  <MASTERCARD></MASTERCARD>
  <WARNING_COUNT>0</WARNING_COUNT>
</RESPONSE>

2015-06-04T06:56:21Z
RequestParameter:  billNo: 26CHR1433400980 | startTime:2015-06-04 06:56:21

2015-06-04T06:56:21Z
Array
(
    [MODE] => U
    [FRMT] => XML
    [VERS] => 0630
    [MERC] => 680000
    [SESS] => 26CHR1433400980
    [TRAN] => 3CKN0CVR7KHK
    [AUTH] => D
    [MACK] => Y
)


2015-06-04T06:56:22Z
ResponseParameter:  billNo: 26CHR1433400980 | endTime:2015-06-04 06:56:22

2015-06-04T06:56:22Z
<?xml version="1.0" encoding="UTF-8"?>
<RESPONSE>
  <VERS>0630</VERS>
  <MODE>U</MODE>
  <TRAN>3CKN0CVR7KHK</TRAN>
  <MERC>680000</MERC>
  <SESS>26CHR1433400980</SESS>
  <RULES_TRIGGERED>0</RULES_TRIGGERED>
  <COUNTERS_TRIGGERED>0</COUNTERS_TRIGGERED>
  <REASON_CODE></REASON_CODE>
  <MASTERCARD></MASTERCARD>
  <WARNING_COUNT>0</WARNING_COUNT>
</RESPONSE>

2015-06-04T06:56:33Z
RequestParameter:  billNo: JtjKE1433400991 | startTime:2015-06-04 06:56:33

2015-06-04T06:56:33Z
Array
(
    [MODE] => U
    [FRMT] => XML
    [VERS] => 0630
    [MERC] => 680000
    [SESS] => JtjKE1433400991
    [TRAN] => 3CKN0X30299N
    [AUTH] => D
    [MACK] => Y
)


2015-06-04T06:56:34Z
ResponseParameter:  billNo: JtjKE1433400991 | endTime:2015-06-04 06:56:34

2015-06-04T06:56:34Z
<?xml version="1.0" encoding="UTF-8"?>
<RESPONSE>
  <VERS>0630</VERS>
  <MODE>U</MODE>
  <TRAN>3CKN0X30299N</TRAN>
  <MERC>680000</MERC>
  <SESS>JtjKE1433400991</SESS>
  <RULES_TRIGGERED>0</RULES_TRIGGERED>
  <COUNTERS_TRIGGERED>0</COUNTERS_TRIGGERED>
  <REASON_CODE></REASON_CODE>
  <MASTERCARD></MASTERCARD>
  <WARNING_COUNT>0</WARNING_COUNT>
</RESPONSE>

2015-06-04T06:58:12Z
RequestParameter:  billNo: SM17N1433401091 | startTime:2015-06-04 06:58:12

2015-06-04T06:58:12Z
Array
(
    [MODE] => U
    [FRMT] => XML
    [VERS] => 0630
    [MERC] => 680000
    [SESS] => SM17N1433401091
    [TRAN] => 3CKN08ZNH7W6
    [AUTH] => D
    [MACK] => Y
)


2015-06-04T06:58:13Z
ResponseParameter:  billNo: SM17N1433401091 | endTime:2015-06-04 06:58:13

2015-06-04T06:58:13Z
<?xml version="1.0" encoding="UTF-8"?>
<RESPONSE>
  <VERS>0630</VERS>
  <MODE>U</MODE>
  <TRAN>3CKN08ZNH7W6</TRAN>
  <MERC>680000</MERC>
  <SESS>SM17N1433401091</SESS>
  <RULES_TRIGGERED>0</RULES_TRIGGERED>
  <COUNTERS_TRIGGERED>0</COUNTERS_TRIGGERED>
  <REASON_CODE></REASON_CODE>
  <MASTERCARD></MASTERCARD>
  <WARNING_COUNT>0</WARNING_COUNT>
</RESPONSE>

2015-06-04T06:59:03Z
RequestParameter:  billNo: wcLI91433401141 | startTime:2015-06-04 06:59:03

2015-06-04T06:59:03Z
Array
(
    [MODE] => U
    [FRMT] => XML
    [VERS] => 0630
    [MERC] => 680000
    [SESS] => wcLI91433401141
    [TRAN] => 3CKN0YLVGJQ6
    [AUTH] => D
    [MACK] => Y
)


2015-06-04T06:59:04Z
ResponseParameter:  billNo: wcLI91433401141 | endTime:2015-06-04 06:59:04

2015-06-04T06:59:04Z
<?xml version="1.0" encoding="UTF-8"?>
<RESPONSE>
  <VERS>0630</VERS>
  <MODE>U</MODE>
  <TRAN>3CKN0YLVGJQ6</TRAN>
  <MERC>680000</MERC>
  <SESS>wcLI91433401141</SESS>
  <RULES_TRIGGERED>0</RULES_TRIGGERED>
  <COUNTERS_TRIGGERED>0</COUNTERS_TRIGGERED>
  <REASON_CODE></REASON_CODE>
  <MASTERCARD></MASTERCARD>
  <WARNING_COUNT>0</WARNING_COUNT>
</RESPONSE>

2015-06-04T07:00:12Z
RequestParameter:  billNo: qcPOJ1433401210 | startTime:2015-06-04 07:00:12

2015-06-04T07:00:12Z
Array
(
    [MODE] => U
    [FRMT] => XML
    [VERS] => 0630
    [MERC] => 680000
    [SESS] => qcPOJ1433401210
    [TRAN] => 3CKJ0KT8GSZ9
    [AUTH] => D
    [MACK] => Y
)


2015-06-04T07:00:13Z
ResponseParameter:  billNo: qcPOJ1433401210 | endTime:2015-06-04 07:00:13

2015-06-04T07:00:13Z
<?xml version="1.0" encoding="UTF-8"?>
<RESPONSE>
  <VERS>0630</VERS>
  <MODE>U</MODE>
  <TRAN>3CKJ0KT8GSZ9</TRAN>
  <MERC>680000</MERC>
  <SESS>qcPOJ1433401210</SESS>
  <RULES_TRIGGERED>0</RULES_TRIGGERED>
  <COUNTERS_TRIGGERED>0</COUNTERS_TRIGGERED>
  <REASON_CODE></REASON_CODE>
  <MASTERCARD></MASTERCARD>
  <WARNING_COUNT>0</WARNING_COUNT>
</RESPONSE>

2015-06-04T07:11:06Z
RequestParameter:  billNo: y9QFz1433401864 | startTime:2015-06-04 07:11:06

2015-06-04T07:11:06Z
Array
(
    [MODE] => U
    [FRMT] => XML
    [VERS] => 0630
    [MERC] => 680000
    [SESS] => y9QFz1433401864
    [TRAN] => 3CKJ0L7NKH75
    [AUTH] => D
    [MACK] => Y
)


2015-06-04T07:11:07Z
ResponseParameter:  billNo: y9QFz1433401864 | endTime:2015-06-04 07:11:07

2015-06-04T07:11:07Z
<?xml version="1.0" encoding="UTF-8"?>
<RESPONSE>
  <VERS>0630</VERS>
  <MODE>U</MODE>
  <TRAN>3CKJ0L7NKH75</TRAN>
  <MERC>680000</MERC>
  <SESS>y9QFz1433401864</SESS>
  <RULES_TRIGGERED>0</RULES_TRIGGERED>
  <COUNTERS_TRIGGERED>0</COUNTERS_TRIGGERED>
  <REASON_CODE></REASON_CODE>
  <MASTERCARD></MASTERCARD>
  <WARNING_COUNT>0</WARNING_COUNT>
</RESPONSE>

2015-06-04T07:34:36Z
RequestParameter:  billNo: 651X71433403274 | startTime:2015-06-04 07:34:36

2015-06-04T07:34:36Z
Array
(
    [MODE] => U
    [FRMT] => XML
    [VERS] => 0630
    [MERC] => 680000
    [SESS] => 651X71433403274
    [TRAN] => 3CKJ0Y2JRHG8
    [AUTH] => D
    [MACK] => Y
)


2015-06-04T07:34:37Z
ResponseParameter:  billNo: 651X71433403274 | endTime:2015-06-04 07:34:37

2015-06-04T07:34:37Z
<?xml version="1.0" encoding="UTF-8"?>
<RESPONSE>
  <VERS>0630</VERS>
  <MODE>U</MODE>
  <TRAN>3CKJ0Y2JRHG8</TRAN>
  <MERC>680000</MERC>
  <SESS>651X71433403274</SESS>
  <RULES_TRIGGERED>0</RULES_TRIGGERED>
  <COUNTERS_TRIGGERED>0</COUNTERS_TRIGGERED>
  <REASON_CODE></REASON_CODE>
  <MASTERCARD></MASTERCARD>
  <WARNING_COUNT>0</WARNING_COUNT>
</RESPONSE>

2015-06-04T07:36:50Z
RequestParameter:  billNo: X4yAB1433403408 | startTime:2015-06-04 07:36:50

2015-06-04T07:36:50Z
Array
(
    [MODE] => U
    [FRMT] => XML
    [VERS] => 0630
    [MERC] => 680000
    [SESS] => X4yAB1433403408
    [TRAN] => 3CKJ0PNSSLKS
    [AUTH] => D
    [MACK] => Y
)


2015-06-04T07:36:51Z
ResponseParameter:  billNo: X4yAB1433403408 | endTime:2015-06-04 07:36:51

2015-06-04T07:36:51Z
<?xml version="1.0" encoding="UTF-8"?>
<RESPONSE>
  <VERS>0630</VERS>
  <MODE>U</MODE>
  <TRAN>3CKJ0PNSSLKS</TRAN>
  <MERC>680000</MERC>
  <SESS>X4yAB1433403408</SESS>
  <RULES_TRIGGERED>0</RULES_TRIGGERED>
  <COUNTERS_TRIGGERED>0</COUNTERS_TRIGGERED>
  <REASON_CODE></REASON_CODE>
  <MASTERCARD></MASTERCARD>
  <WARNING_COUNT>0</WARNING_COUNT>
</RESPONSE>

2015-06-04T07:41:26Z
RequestParameter:  billNo: MYa5f1433403685 | startTime:2015-06-04 07:41:26

2015-06-04T07:41:26Z
Array
(
    [MODE] => U
    [FRMT] => XML
    [VERS] => 0630
    [MERC] => 680000
    [SESS] => MYa5f1433403685
    [TRAN] => 3CKJ0SD35078
    [AUTH] => D
    [MACK] => Y
)


2015-06-04T07:41:27Z
ResponseParameter:  billNo: MYa5f1433403685 | endTime:2015-06-04 07:41:27

2015-06-04T07:41:27Z
<?xml version="1.0" encoding="UTF-8"?>
<RESPONSE>
  <VERS>0630</VERS>
  <MODE>U</MODE>
  <TRAN>3CKJ0SD35078</TRAN>
  <MERC>680000</MERC>
  <SESS>MYa5f1433403685</SESS>
  <RULES_TRIGGERED>0</RULES_TRIGGERED>
  <COUNTERS_TRIGGERED>0</COUNTERS_TRIGGERED>
  <REASON_CODE></REASON_CODE>
  <MASTERCARD></MASTERCARD>
  <WARNING_COUNT>0</WARNING_COUNT>
</RESPONSE>

2015-06-04T07:44:33Z
RequestParameter:  billNo: ecrRC1433403872 | startTime:2015-06-04 07:44:33

2015-06-04T07:44:33Z
Array
(
    [MODE] => U
    [FRMT] => XML
    [VERS] => 0630
    [MERC] => 680000
    [SESS] => ecrRC1433403872
    [TRAN] => 3CKJ0D0Z9P5P
    [AUTH] => D
    [MACK] => Y
)


2015-06-04T07:44:34Z
ResponseParameter:  billNo: ecrRC1433403872 | endTime:2015-06-04 07:44:34

2015-06-04T07:44:34Z
<?xml version="1.0" encoding="UTF-8"?>
<RESPONSE>
  <VERS>0630</VERS>
  <MODE>U</MODE>
  <TRAN>3CKJ0D0Z9P5P</TRAN>
  <MERC>680000</MERC>
  <SESS>ecrRC1433403872</SESS>
  <RULES_TRIGGERED>0</RULES_TRIGGERED>
  <COUNTERS_TRIGGERED>0</COUNTERS_TRIGGERED>
  <REASON_CODE></REASON_CODE>
  <MASTERCARD></MASTERCARD>
  <WARNING_COUNT>0</WARNING_COUNT>
</RESPONSE>

2015-06-04T07:46:32Z
RequestParameter:  billNo: cqWp31433403990 | startTime:2015-06-04 07:46:32

2015-06-04T07:46:32Z
Array
(
    [MODE] => U
    [FRMT] => XML
    [VERS] => 0630
    [MERC] => 680000
    [SESS] => cqWp31433403990
    [TRAN] => 3CKJ0Z0H3P8P
    [AUTH] => D
    [MACK] => Y
)


2015-06-04T07:46:32Z
ResponseParameter:  billNo: cqWp31433403990 | endTime:2015-06-04 07:46:32

2015-06-04T07:46:32Z
<?xml version="1.0" encoding="UTF-8"?>
<RESPONSE>
  <VERS>0630</VERS>
  <MODE>U</MODE>
  <TRAN>3CKJ0Z0H3P8P</TRAN>
  <MERC>680000</MERC>
  <SESS>cqWp31433403990</SESS>
  <RULES_TRIGGERED>0</RULES_TRIGGERED>
  <COUNTERS_TRIGGERED>0</COUNTERS_TRIGGERED>
  <REASON_CODE></REASON_CODE>
  <MASTERCARD></MASTERCARD>
  <WARNING_COUNT>0</WARNING_COUNT>
</RESPONSE>

2015-06-04T07:59:55Z
RequestParameter:  billNo: 50c371433404791 | startTime:2015-06-04 07:59:55

2015-06-04T07:59:55Z
Array
(
    [MODE] => U
    [FRMT] => XML
    [VERS] => 0630
    [MERC] => 680000
    [SESS] => 50c371433404791
    [TRAN] => 3CKM08TR6CNC
    [AUTH] => D
    [MACK] => Y
)


2015-06-04T07:59:56Z
ResponseParameter:  billNo: 50c371433404791 | endTime:2015-06-04 07:59:56

2015-06-04T07:59:56Z
<?xml version="1.0" encoding="UTF-8"?>
<RESPONSE>
  <VERS>0630</VERS>
  <MODE>U</MODE>
  <TRAN>3CKM08TR6CNC</TRAN>
  <MERC>680000</MERC>
  <SESS>50c371433404791</SESS>
  <RULES_TRIGGERED>0</RULES_TRIGGERED>
  <COUNTERS_TRIGGERED>0</COUNTERS_TRIGGERED>
  <REASON_CODE></REASON_CODE>
  <MASTERCARD></MASTERCARD>
  <WARNING_COUNT>0</WARNING_COUNT>
</RESPONSE>

2015-06-04T08:01:08Z
RequestParameter:  billNo: zyua31433404865 | startTime:2015-06-04 08:01:08

2015-06-04T08:01:08Z
Array
(
    [MODE] => U
    [FRMT] => XML
    [VERS] => 0630
    [MERC] => 680000
    [SESS] => zyua31433404865
    [TRAN] => 3CKM09DYQTK1
    [AUTH] => D
    [MACK] => Y
)


2015-06-04T08:01:10Z
ResponseParameter:  billNo: zyua31433404865 | endTime:2015-06-04 08:01:10

2015-06-04T08:01:10Z
<?xml version="1.0" encoding="UTF-8"?>
<RESPONSE>
  <VERS>0630</VERS>
  <MODE>U</MODE>
  <TRAN>3CKM09DYQTK1</TRAN>
  <MERC>680000</MERC>
  <SESS>zyua31433404865</SESS>
  <RULES_TRIGGERED>0</RULES_TRIGGERED>
  <COUNTERS_TRIGGERED>0</COUNTERS_TRIGGERED>
  <REASON_CODE></REASON_CODE>
  <MASTERCARD></MASTERCARD>
  <WARNING_COUNT>0</WARNING_COUNT>
</RESPONSE>

2015-06-04T08:14:15Z
RequestParameter:  billNo: YrEXK1433405654 | startTime:2015-06-04 08:14:15

2015-06-04T08:14:15Z
Array
(
    [MODE] => U
    [FRMT] => XML
    [VERS] => 0630
    [MERC] => 680000
    [SESS] => YrEXK1433405654
    [TRAN] => 3CKM09VCH9KW
    [AUTH] => D
    [MACK] => Y
)


2015-06-04T08:14:16Z
ResponseParameter:  billNo: YrEXK1433405654 | endTime:2015-06-04 08:14:16

2015-06-04T08:14:16Z
<?xml version="1.0" encoding="UTF-8"?>
<RESPONSE>
  <VERS>0630</VERS>
  <MODE>U</MODE>
  <TRAN>3CKM09VCH9KW</TRAN>
  <MERC>680000</MERC>
  <SESS>YrEXK1433405654</SESS>
  <RULES_TRIGGERED>0</RULES_TRIGGERED>
  <COUNTERS_TRIGGERED>0</COUNTERS_TRIGGERED>
  <REASON_CODE></REASON_CODE>
  <MASTERCARD></MASTERCARD>
  <WARNING_COUNT>0</WARNING_COUNT>
</RESPONSE>

2015-06-04T08:18:00Z
RequestParameter:  billNo: YAMsU1433405878 | startTime:2015-06-04 08:18:00

2015-06-04T08:18:00Z
Array
(
    [MODE] => U
    [FRMT] => XML
    [VERS] => 0630
    [MERC] => 680000
    [SESS] => YAMsU1433405878
    [TRAN] => 3CKM0HCVDJPB
    [AUTH] => D
    [MACK] => Y
)


2015-06-04T08:18:01Z
ResponseParameter:  billNo: YAMsU1433405878 | endTime:2015-06-04 08:18:01

2015-06-04T08:18:01Z
<?xml version="1.0" encoding="UTF-8"?>
<RESPONSE>
  <VERS>0630</VERS>
  <MODE>U</MODE>
  <TRAN>3CKM0HCVDJPB</TRAN>
  <MERC>680000</MERC>
  <SESS>YAMsU1433405878</SESS>
  <RULES_TRIGGERED>0</RULES_TRIGGERED>
  <COUNTERS_TRIGGERED>0</COUNTERS_TRIGGERED>
  <REASON_CODE></REASON_CODE>
  <MASTERCARD></MASTERCARD>
  <WARNING_COUNT>0</WARNING_COUNT>
</RESPONSE>

2015-06-04T08:21:15Z
RequestParameter:  billNo: uMjUh1433406073 | startTime:2015-06-04 08:21:15

2015-06-04T08:21:15Z
Array
(
    [MODE] => U
    [FRMT] => XML
    [VERS] => 0630
    [MERC] => 680000
    [SESS] => uMjUh1433406073
    [TRAN] => 3CKM0KZZL60J
    [AUTH] => D
    [MACK] => Y
)


2015-06-04T08:21:16Z
ResponseParameter:  billNo: uMjUh1433406073 | endTime:2015-06-04 08:21:16

2015-06-04T08:21:16Z
<?xml version="1.0" encoding="UTF-8"?>
<RESPONSE>
  <VERS>0630</VERS>
  <MODE>U</MODE>
  <TRAN>3CKM0KZZL60J</TRAN>
  <MERC>680000</MERC>
  <SESS>uMjUh1433406073</SESS>
  <RULES_TRIGGERED>0</RULES_TRIGGERED>
  <COUNTERS_TRIGGERED>0</COUNTERS_TRIGGERED>
  <REASON_CODE></REASON_CODE>
  <MASTERCARD></MASTERCARD>
  <WARNING_COUNT>0</WARNING_COUNT>
</RESPONSE>

2015-06-04T08:35:30Z
RequestParameter:  billNo: 01Um61433406861 | startTime:2015-06-04 08:35:30

2015-06-04T08:35:30Z
Array
(
    [MODE] => U
    [FRMT] => XML
    [VERS] => 0630
    [MERC] => 680000
    [SESS] => 01Um61433406861
    [TRAN] => 3CKM0PRN20CB
    [AUTH] => 
    [MACK] => Y
    [RFCB] => C
)


2015-06-04T08:35:31Z
ResponseParameter:  billNo: 01Um61433406861 | endTime:2015-06-04 08:35:31

2015-06-04T08:35:31Z
<?xml version="1.0" encoding="UTF-8"?>
<RESPONSE>
  <VERS>0630</VERS>
  <MODE>U</MODE>
  <TRAN>3CKM0PRN20CB</TRAN>
  <MERC>680000</MERC>
  <SESS>01Um61433406861</SESS>
  <RULES_TRIGGERED>0</RULES_TRIGGERED>
  <COUNTERS_TRIGGERED>0</COUNTERS_TRIGGERED>
  <REASON_CODE></REASON_CODE>
  <MASTERCARD></MASTERCARD>
  <WARNING_COUNT>0</WARNING_COUNT>
</RESPONSE>

2015-06-04T08:36:10Z
RequestParameter:  billNo: 0fVsN1433406887 | startTime:2015-06-04 08:36:10

2015-06-04T08:36:10Z
Array
(
    [MODE] => U
    [FRMT] => XML
    [VERS] => 0630
    [MERC] => 680000
    [SESS] => 0fVsN1433406887
    [TRAN] => 3CKM081WWCKT
    [AUTH] => 
    [MACK] => Y
    [RFCB] => R
)


2015-06-04T08:36:11Z
ResponseParameter:  billNo: 0fVsN1433406887 | endTime:2015-06-04 08:36:11

2015-06-04T08:36:11Z
<?xml version="1.0" encoding="UTF-8"?>
<RESPONSE>
  <VERS>0630</VERS>
  <MODE>U</MODE>
  <TRAN>3CKM081WWCKT</TRAN>
  <MERC>680000</MERC>
  <SESS>0fVsN1433406887</SESS>
  <RULES_TRIGGERED>0</RULES_TRIGGERED>
  <COUNTERS_TRIGGERED>0</COUNTERS_TRIGGERED>
  <REASON_CODE></REASON_CODE>
  <MASTERCARD></MASTERCARD>
  <WARNING_COUNT>0</WARNING_COUNT>
</RESPONSE>

2015-06-04T08:46:23Z
RequestParameter:  billNo: iLwd81433407552 | startTime:2015-06-04 08:46:23

2015-06-04T08:46:23Z
Array
(
    [MODE] => U
    [FRMT] => XML
    [VERS] => 0630
    [MERC] => 680000
    [SESS] => iLwd81433407552
    [TRAN] => 3CKM063QPRP8
    [AUTH] => 
    [MACK] => Y
    [RFCB] => R
)


2015-06-04T08:46:25Z
ResponseParameter:  billNo: iLwd81433407552 | endTime:2015-06-04 08:46:25

2015-06-04T08:46:25Z
<?xml version="1.0" encoding="UTF-8"?>
<RESPONSE>
  <VERS>0630</VERS>
  <MODE>U</MODE>
  <TRAN>3CKM063QPRP8</TRAN>
  <MERC>680000</MERC>
  <SESS>iLwd81433407552</SESS>
  <RULES_TRIGGERED>0</RULES_TRIGGERED>
  <COUNTERS_TRIGGERED>0</COUNTERS_TRIGGERED>
  <REASON_CODE></REASON_CODE>
  <MASTERCARD></MASTERCARD>
  <WARNING_COUNT>0</WARNING_COUNT>
</RESPONSE>

2015-06-04T08:54:11Z
RequestParameter:  billNo: 180eE1433407665 | startTime:2015-06-04 08:54:11

2015-06-04T08:54:11Z
Array
(
    [MODE] => U
    [FRMT] => XML
    [VERS] => 0630
    [MERC] => 680000
    [SESS] => 180eE1433407665
    [TRAN] => 3CKM00HRGWNQ
    [AUTH] => 
    [MACK] => Y
    [RFCB] => C
)


2015-06-04T08:54:12Z
ResponseParameter:  billNo: 180eE1433407665 | endTime:2015-06-04 08:54:12

2015-06-04T08:54:12Z
<?xml version="1.0" encoding="UTF-8"?>
<RESPONSE>
  <VERS>0630</VERS>
  <MODE>U</MODE>
  <TRAN>3CKM00HRGWNQ</TRAN>
  <MERC>680000</MERC>
  <SESS>180eE1433407665</SESS>
  <RULES_TRIGGERED>0</RULES_TRIGGERED>
  <COUNTERS_TRIGGERED>0</COUNTERS_TRIGGERED>
  <REASON_CODE></REASON_CODE>
  <MASTERCARD></MASTERCARD>
  <WARNING_COUNT>0</WARNING_COUNT>
</RESPONSE>

2015-06-04T08:55:17Z
RequestParameter:  billNo: 17S0t1433407681 | startTime:2015-06-04 08:55:17

2015-06-04T08:55:17Z
Array
(
    [MODE] => U
    [FRMT] => XML
    [VERS] => 0630
    [MERC] => 680000
    [SESS] => 17S0t1433407681
    [TRAN] => 3CKM0CRGCVCK
    [AUTH] => 
    [MACK] => Y
    [RFCB] => R
)


2015-06-04T08:55:18Z
ResponseParameter:  billNo: 17S0t1433407681 | endTime:2015-06-04 08:55:18

2015-06-04T08:55:18Z
<?xml version="1.0" encoding="UTF-8"?>
<RESPONSE>
  <VERS>0630</VERS>
  <MODE>U</MODE>
  <TRAN>3CKM0CRGCVCK</TRAN>
  <MERC>680000</MERC>
  <SESS>17S0t1433407681</SESS>
  <RULES_TRIGGERED>0</RULES_TRIGGERED>
  <COUNTERS_TRIGGERED>0</COUNTERS_TRIGGERED>
  <REASON_CODE></REASON_CODE>
  <MASTERCARD></MASTERCARD>
  <WARNING_COUNT>0</WARNING_COUNT>
</RESPONSE>

2015-06-04T09:07:53Z
RequestParameter:  billNo: P2kY5S130 | startTime:2015-06-04 09:07:53

2015-06-04T09:07:53Z
Array
(
    [MODE] => U
    [FRMT] => XML
    [VERS] => 0630
    [MERC] => 680000
    [SESS] => tajimb9i7hr4loqg3icq23cen7
    [TRAN] => 3CKG0NL7YHNS
    [AUTH] => D
    [MACK] => Y
)


2015-06-04T09:07:55Z
ResponseParameter:  billNo: P2kY5S130 | endTime:2015-06-04 09:07:55

2015-06-04T09:07:55Z
<?xml version="1.0" encoding="UTF-8"?>
<RESPONSE>
  <VERS>0630</VERS>
  <MODE>U</MODE>
  <TRAN>3CKG0NL7YHNS</TRAN>
  <MERC>680000</MERC>
  <SESS>tajimb9i7hr4loqg3icq23cen7</SESS>
  <RULES_TRIGGERED>0</RULES_TRIGGERED>
  <COUNTERS_TRIGGERED>0</COUNTERS_TRIGGERED>
  <REASON_CODE></REASON_CODE>
  <MASTERCARD></MASTERCARD>
  <WARNING_COUNT>0</WARNING_COUNT>
</RESPONSE>

2015-06-04T13:16:07Z
RequestParameter:  billNo: 8424-6193_8067  | startTime:2015-06-04 13:16:07

2015-06-04T13:16:07Z
Array
(
    [MODE] => U
    [FRMT] => XML
    [VERS] => 0630
    [MERC] => 680000
    [SESS] => 
    [TRAN] => 
    [AUTH] => 
    [MACK] => Y
    [RFCB] => R
)


2015-06-04T13:16:08Z
ResponseParameter:  billNo: 8424-6193_8067  | endTime:2015-06-04 13:16:08

2015-06-04T13:16:08Z
MODE=E
ERRO=701
ERROR_0=701 NO_HDR
ERROR_COUNT=1
WARNING_COUNT=0

2015-06-04T13:16:09Z
RequestParameter:  billNo: 8424-6193_8067  | startTime:2015-06-04 13:16:09

2015-06-04T13:16:09Z
Array
(
    [MODE] => U
    [FRMT] => XML
    [VERS] => 0630
    [MERC] => 680000
    [SESS] => 
    [TRAN] => 
    [AUTH] => 
    [MACK] => Y
    [RFCB] => R
)


2015-06-04T13:16:10Z
ResponseParameter:  billNo: 8424-6193_8067  | endTime:2015-06-04 13:16:10

2015-06-04T13:16:10Z
MODE=E
ERRO=701
ERROR_0=701 NO_HDR
ERROR_COUNT=1
WARNING_COUNT=0

2015-06-04T13:16:12Z
RequestParameter:  billNo: 8424-6193_8067  | startTime:2015-06-04 13:16:12

2015-06-04T13:16:12Z
Array
(
    [MODE] => U
    [FRMT] => XML
    [VERS] => 0630
    [MERC] => 680000
    [SESS] => 
    [TRAN] => 
    [AUTH] => 
    [MACK] => Y
    [RFCB] => R
)


2015-06-04T13:16:13Z
ResponseParameter:  billNo: 8424-6193_8067  | endTime:2015-06-04 13:16:13

2015-06-04T13:16:13Z
MODE=E
ERRO=701
ERROR_0=701 NO_HDR
ERROR_COUNT=1
WARNING_COUNT=0

2015-06-04T13:16:14Z
RequestParameter:  billNo: 8424-6193_8067  | startTime:2015-06-04 13:16:14

2015-06-04T13:16:14Z
Array
(
    [MODE] => U
    [FRMT] => XML
    [VERS] => 0630
    [MERC] => 680000
    [SESS] => 
    [TRAN] => 
    [AUTH] => 
    [MACK] => Y
    [RFCB] => R
)


2015-06-04T13:16:15Z
ResponseParameter:  billNo: 8424-6193_8067  | endTime:2015-06-04 13:16:15

2015-06-04T13:16:15Z
MODE=E
ERRO=701
ERROR_0=701 NO_HDR
ERROR_COUNT=1
WARNING_COUNT=0

2015-06-04T13:16:16Z
RequestParameter:  billNo: 8424-6193_8067  | startTime:2015-06-04 13:16:16

2015-06-04T13:16:16Z
Array
(
    [MODE] => U
    [FRMT] => XML
    [VERS] => 0630
    [MERC] => 680000
    [SESS] => 
    [TRAN] => 
    [AUTH] => 
    [MACK] => Y
    [RFCB] => R
)


2015-06-04T13:16:17Z
ResponseParameter:  billNo: 8424-6193_8067  | endTime:2015-06-04 13:16:17

2015-06-04T13:16:17Z
MODE=E
ERRO=701
ERROR_0=701 NO_HDR
ERROR_COUNT=1
WARNING_COUNT=0

2015-06-04T13:16:19Z
RequestParameter:  billNo: 8424-6193_8067  | startTime:2015-06-04 13:16:19

2015-06-04T13:16:19Z
Array
(
    [MODE] => U
    [FRMT] => XML
    [VERS] => 0630
    [MERC] => 680000
    [SESS] => 
    [TRAN] => 
    [AUTH] => 
    [MACK] => Y
    [RFCB] => R
)


2015-06-04T13:16:19Z
ResponseParameter:  billNo: 8424-6193_8067  | endTime:2015-06-04 13:16:19

2015-06-04T13:16:19Z
MODE=E
ERRO=701
ERROR_0=701 NO_HDR
ERROR_COUNT=1
WARNING_COUNT=0

2015-06-04T13:16:21Z
RequestParameter:  billNo: 8424-6193_8067  | startTime:2015-06-04 13:16:21

2015-06-04T13:16:21Z
Array
(
    [MODE] => U
    [FRMT] => XML
    [VERS] => 0630
    [MERC] => 680000
    [SESS] => 
    [TRAN] => 
    [AUTH] => 
    [MACK] => Y
    [RFCB] => R
)


2015-06-04T13:16:22Z
ResponseParameter:  billNo: 8424-6193_8067  | endTime:2015-06-04 13:16:22

2015-06-04T13:16:22Z
MODE=E
ERRO=701
ERROR_0=701 NO_HDR
ERROR_COUNT=1
WARNING_COUNT=0

2015-06-04T13:16:23Z
RequestParameter:  billNo: 8424-6193_8067  | startTime:2015-06-04 13:16:23

2015-06-04T13:16:23Z
Array
(
    [MODE] => U
    [FRMT] => XML
    [VERS] => 0630
    [MERC] => 680000
    [SESS] => 
    [TRAN] => 
    [AUTH] => 
    [MACK] => Y
    [RFCB] => R
)


2015-06-04T13:16:24Z
ResponseParameter:  billNo: 8424-6193_8067  | endTime:2015-06-04 13:16:24

2015-06-04T13:16:24Z
MODE=E
ERRO=701
ERROR_0=701 NO_HDR
ERROR_COUNT=1
WARNING_COUNT=0

2015-06-04T13:16:26Z
RequestParameter:  billNo: 8424-6193_8067  | startTime:2015-06-04 13:16:26

2015-06-04T13:16:26Z
Array
(
    [MODE] => U
    [FRMT] => XML
    [VERS] => 0630
    [MERC] => 680000
    [SESS] => 
    [TRAN] => 
    [AUTH] => 
    [MACK] => Y
    [RFCB] => R
)


2015-06-04T13:16:26Z
ResponseParameter:  billNo: 8424-6193_8067  | endTime:2015-06-04 13:16:26

2015-06-04T13:16:26Z
MODE=E
ERRO=701
ERROR_0=701 NO_HDR
ERROR_COUNT=1
WARNING_COUNT=0

