2015-06-08T02:32:07Z
RequestParameter:  billNo: 1433254828 | startTime:2015-06-08 02:32:07

2015-06-08T02:32:07Z
Array
(
    [MODE] => Q
    [FRMT] => XML
    [VERS] => 0630
    [MERC] => 680000
    [UDF[CUSTOMER_IPAD]] => 120.168.0.27
    [SESS] => q1f66jvp9l4e1fh5l2neljg887
    [ORDR] => 1433254828
    [CURR] => USD
    [PENC] => KHASH
    [PTYP] => CARD
    [PTOK] => 4918912GXE0BUP1QG8K5
    [IPAD] => 120.168.0.27
    [MACK] => Y
    [AUTH] => A
    [PROD_DESC[0]] => Binary Trade
    [PROD_TYPE[0]] => Test
    [PROD_ITEM[0]] => Test
    [PROD_QUANT[0]] => 1
    [PROD_PRICE[0]] => 2200
    [TOTL] => 1000
    [SITE] => VERT999
    [UDF[MERCHANT_ID]] => 10001MERTEST001
    [NAME] => Juan Dela Cruz
    [B2A1] => 33 rue Pastorelli
    [B2CC] => PH
    [B2CI] => Nice
    [B2PC] => 06000
    [B2PN] => +33615833159
    [B2ST] => NA
    [S2A1] => 
    [S2CC] => 
    [S2CI] => 
    [S2EM] => 
    [S2NM] =>  
    [S2PC] => 
    [S2PN] => 
    [S2ST] => 
    [SHTP] => 
    [CASH] => 10
    [DOB] => 1970-06-12
    [GENDER] => M
    [EMAL] => JUANDCAPPROVE@EXAMPLE.COM
)


2015-06-08T02:32:08Z
ResponseParameter:  billNo: 1433254828 | endTime:2015-06-08 02:32:08

2015-06-08T02:32:08Z
<?xml version="1.0" encoding="UTF-8"?>
<RESPONSE>
  <VERS>0630</VERS>
  <MODE>Q</MODE>
  <TRAN>3CJ007QQDP3K</TRAN>
  <MERC>680000</MERC>
  <SESS>q1f66jvp9l4e1fh5l2neljg887</SESS>
  <ORDR>1433254828</ORDR>
  <AUTO>A</AUTO>
  <SCOR>29</SCOR>
  <GEOX>ID</GEOX>
  <BRND>VISA</BRND>
  <REGN>ID_04</REGN>
  <NETW>N</NETW>
  <KAPT>N</KAPT>
  <CARDS>1</CARDS>
  <DEVICES>1</DEVICES>
  <EMAILS>1</EMAILS>
  <VELO>0</VELO>
  <VMAX>0</VMAX>
  <SITE>VERT999</SITE>
  <DEVICE_LAYERS>....</DEVICE_LAYERS>
  <FINGERPRINT></FINGERPRINT>
  <TIMEZONE></TIMEZONE>
  <LOCALTIME> </LOCALTIME>
  <REGION></REGION>
  <COUNTRY></COUNTRY>
  <PROXY></PROXY>
  <JAVASCRIPT></JAVASCRIPT>
  <FLASH></FLASH>
  <COOKIES></COOKIES>
  <HTTP_COUNTRY></HTTP_COUNTRY>
  <LANGUAGE></LANGUAGE>
  <MOBILE_DEVICE></MOBILE_DEVICE>
  <MOBILE_TYPE></MOBILE_TYPE>
  <MOBILE_FORWARDER></MOBILE_FORWARDER>
  <VOICE_DEVICE></VOICE_DEVICE>
  <PC_REMOTE></PC_REMOTE>
  <RULES_TRIGGERED>7</RULES_TRIGGERED>
  <RULE_ID_0>772998</RULE_ID_0>
  <RULE_DESCRIPTION_0>GEO Billing &lt;&gt; BIN Country (1pt)</RULE_DESCRIPTION_0>
  <RULE_ID_1>773002</RULE_ID_1>
  <RULE_DESCRIPTION_1>FRAUD_SCRD GEO Counter Triggered (5pts)</RULE_DESCRIPTION_1>
  <RULE_ID_2>773010</RULE_ID_2>
  <RULE_DESCRIPTION_2>FRAUD_SCRD Network Chargeback Exists (5pts)</RULE_DESCRIPTION_2>
  <RULE_ID_3>772980</RULE_ID_3>
  <RULE_DESCRIPTION_3>Decline Merchant Chargebacks &gt;1</RULE_DESCRIPTION_3>
  <RULE_ID_4>773024</RULE_ID_4>
  <RULE_DESCRIPTION_4>Decline VIP List</RULE_DESCRIPTION_4>
  <RULE_ID_5>773026</RULE_ID_5>
  <RULE_DESCRIPTION_5>Approve VIP List Email</RULE_DESCRIPTION_5>
  <RULE_ID_6>793142</RULE_ID_6>
  <RULE_DESCRIPTION_6>Decline Customer Email Validation</RULE_DESCRIPTION_6>
  <COUNTERS_TRIGGERED>2</COUNTERS_TRIGGERED>
  <COUNTER_NAME_0>GEO</COUNTER_NAME_0>
  <COUNTER_VALUE_0>1</COUNTER_VALUE_0>
  <COUNTER_NAME_1>FRAUD_SCRD</COUNTER_NAME_1>
  <COUNTER_VALUE_1>10</COUNTER_VALUE_1>
  <REASON_CODE></REASON_CODE>
  <MASTERCARD></MASTERCARD>
  <DDFS></DDFS>
  <DSR></DSR>
  <UAS></UAS>
  <BROWSER></BROWSER>
  <OS></OS>
  <PIP_IPAD></PIP_IPAD>
  <PIP_LAT></PIP_LAT>
  <PIP_LON></PIP_LON>
  <PIP_COUNTRY></PIP_COUNTRY>
  <PIP_REGION></PIP_REGION>
  <PIP_CITY></PIP_CITY>
  <PIP_ORG></PIP_ORG>
  <IP_IPAD></IP_IPAD>
  <IP_LAT></IP_LAT>
  <IP_LON></IP_LON>
  <IP_COUNTRY></IP_COUNTRY>
  <IP_REGION></IP_REGION>
  <IP_CITY></IP_CITY>
  <IP_ORG></IP_ORG>
  <WARNING_COUNT>0</WARNING_COUNT>
</RESPONSE>

2015-06-08T04:14:20Z
RequestParameter:  billNo: 1433254829 | startTime:2015-06-08 04:14:20

2015-06-08T04:14:20Z
Array
(
    [MODE] => Q
    [FRMT] => XML
    [VERS] => 0630
    [MERC] => 680000
    [UDF[CUSTOMER_IPAD]] => 120.168.0.27
    [SESS] => 1utb8cpio9nlm8r3nsld4jvgk4
    [ORDR] => 1433254829
    [CURR] => USD
    [PENC] => KHASH
    [PTYP] => CARD
    [PTOK] => 4918912GXE0BUP1QG8K5
    [IPAD] => 120.168.0.27
    [MACK] => Y
    [AUTH] => A
    [PROD_DESC[0]] => Binary Trade
    [PROD_TYPE[0]] => Test
    [PROD_ITEM[0]] => Test
    [PROD_QUANT[0]] => 1
    [PROD_PRICE[0]] => 2200
    [TOTL] => 1000
    [SITE] => VERT999
    [UDF[MERCHANT_ID]] => 10001MERTEST001
    [NAME] => Juan Dela Cruz
    [B2A1] => 33 rue Pastorelli
    [B2CC] => PH
    [B2CI] => Nice
    [B2PC] => 06000
    [B2PN] => +33615833159
    [B2ST] => NA
    [S2A1] => 
    [S2CC] => 
    [S2CI] => 
    [S2EM] => 
    [S2NM] =>  
    [S2PC] => 
    [S2PN] => 
    [S2ST] => 
    [SHTP] => 
    [CASH] => 10
    [DOB] => 1970-06-12
    [GENDER] => M
    [EMAL] => JUANDCAPPROVE@EXAMPLE.COM
)


2015-06-08T04:14:21Z
ResponseParameter:  billNo: 1433254829 | endTime:2015-06-08 04:14:21

2015-06-08T04:14:21Z
<?xml version="1.0" encoding="UTF-8"?>
<RESPONSE>
  <VERS>0630</VERS>
  <MODE>Q</MODE>
  <TRAN>3CJZ0T2QPM6K</TRAN>
  <MERC>680000</MERC>
  <SESS>1utb8cpio9nlm8r3nsld4jvgk4</SESS>
  <ORDR>1433254829</ORDR>
  <AUTO>A</AUTO>
  <SCOR>30</SCOR>
  <GEOX>ID</GEOX>
  <BRND>VISA</BRND>
  <REGN>ID_04</REGN>
  <NETW>N</NETW>
  <KAPT>Y</KAPT>
  <CARDS>1</CARDS>
  <DEVICES>1</DEVICES>
  <EMAILS>1</EMAILS>
  <VELO>0</VELO>
  <VMAX>0</VMAX>
  <SITE>VERT999</SITE>
  <DEVICE_LAYERS>D96CF07D73...CCE16C45E6.10A12DA284</DEVICE_LAYERS>
  <FINGERPRINT>4CDDCA6FE0105D163825C3FF77F21B76</FINGERPRINT>
  <TIMEZONE></TIMEZONE>
  <LOCALTIME> </LOCALTIME>
  <REGION>PH_D9</REGION>
  <COUNTRY>PH</COUNTRY>
  <PROXY>N</PROXY>
  <JAVASCRIPT>N</JAVASCRIPT>
  <FLASH>N</FLASH>
  <COOKIES>Y</COOKIES>
  <HTTP_COUNTRY>US</HTTP_COUNTRY>
  <LANGUAGE>EN</LANGUAGE>
  <MOBILE_DEVICE>N</MOBILE_DEVICE>
  <MOBILE_TYPE></MOBILE_TYPE>
  <MOBILE_FORWARDER>N</MOBILE_FORWARDER>
  <VOICE_DEVICE>N</VOICE_DEVICE>
  <PC_REMOTE>N</PC_REMOTE>
  <RULES_TRIGGERED>8</RULES_TRIGGERED>
  <RULE_ID_0>772996</RULE_ID_0>
  <RULE_DESCRIPTION_0>GEO BIN and Device Country not equal (1pt)</RULE_DESCRIPTION_0>
  <RULE_ID_1>772998</RULE_ID_1>
  <RULE_DESCRIPTION_1>GEO Billing &lt;&gt; BIN Country (1pt)</RULE_DESCRIPTION_1>
  <RULE_ID_2>773002</RULE_ID_2>
  <RULE_DESCRIPTION_2>FRAUD_SCRD GEO Counter Triggered (5pts)</RULE_DESCRIPTION_2>
  <RULE_ID_3>773010</RULE_ID_3>
  <RULE_DESCRIPTION_3>FRAUD_SCRD Network Chargeback Exists (5pts)</RULE_DESCRIPTION_3>
  <RULE_ID_4>772980</RULE_ID_4>
  <RULE_DESCRIPTION_4>Decline Merchant Chargebacks &gt;1</RULE_DESCRIPTION_4>
  <RULE_ID_5>773024</RULE_ID_5>
  <RULE_DESCRIPTION_5>Decline VIP List</RULE_DESCRIPTION_5>
  <RULE_ID_6>773026</RULE_ID_6>
  <RULE_DESCRIPTION_6>Approve VIP List Email</RULE_DESCRIPTION_6>
  <RULE_ID_7>793142</RULE_ID_7>
  <RULE_DESCRIPTION_7>Decline Customer Email Validation</RULE_DESCRIPTION_7>
  <COUNTERS_TRIGGERED>2</COUNTERS_TRIGGERED>
  <COUNTER_NAME_0>GEO</COUNTER_NAME_0>
  <COUNTER_VALUE_0>2</COUNTER_VALUE_0>
  <COUNTER_NAME_1>FRAUD_SCRD</COUNTER_NAME_1>
  <COUNTER_VALUE_1>10</COUNTER_VALUE_1>
  <REASON_CODE></REASON_CODE>
  <MASTERCARD></MASTERCARD>
  <DDFS>2015-06-07</DDFS>
  <DSR></DSR>
  <UAS>Mozilla/5.0 (Windows NT 6.3; WOW64) AppleWebKit/537.36 (KHTML, like Gecko) Chrome/43.0.2357.81 Safari/537.36</UAS>
  <BROWSER>Chrome 43.0.2357.81</BROWSER>
  <OS>Windows 8.1</OS>
  <PIP_IPAD></PIP_IPAD>
  <PIP_LAT></PIP_LAT>
  <PIP_LON></PIP_LON>
  <PIP_COUNTRY></PIP_COUNTRY>
  <PIP_REGION></PIP_REGION>
  <PIP_CITY></PIP_CITY>
  <PIP_ORG></PIP_ORG>
  <IP_IPAD>119.93.247.43</IP_IPAD>
  <IP_LAT>14.4996</IP_LAT>
  <IP_LON>121.0507</IP_LON>
  <IP_COUNTRY>PH</IP_COUNTRY>
  <IP_REGION>Manila</IP_REGION>
  <IP_CITY>Taguig</IP_CITY>
  <IP_ORG>PHILIPPINE LONG DISTANCE TELEPHONE</IP_ORG>
  <WARNING_COUNT>0</WARNING_COUNT>
</RESPONSE>

2015-06-08T04:18:39Z
RequestParameter:  billNo: 1433254830 | startTime:2015-06-08 04:18:39

2015-06-08T04:18:39Z
Array
(
    [MODE] => Q
    [FRMT] => XML
    [VERS] => 0630
    [MERC] => 680000
    [UDF[CUSTOMER_IPAD]] => 120.168.0.27
    [SESS] => 4tqi0772mqhd36bt8pr98vfe42
    [ORDR] => 1433254830
    [CURR] => USD
    [PENC] => KHASH
    [PTYP] => CARD
    [PTOK] => 4918912GXE0BUP1QG8K5
    [IPAD] => 120.168.0.27
    [MACK] => Y
    [AUTH] => A
    [PROD_DESC[0]] => Binary Trade
    [PROD_TYPE[0]] => Test
    [PROD_ITEM[0]] => Test
    [PROD_QUANT[0]] => 1
    [PROD_PRICE[0]] => 2200
    [TOTL] => 1000
    [SITE] => VERT999
    [UDF[MERCHANT_ID]] => 10001MERTEST001
    [NAME] => Juan Dela Cruz
    [B2A1] => 33 rue Pastorelli
    [B2CC] => PH
    [B2CI] => Nice
    [B2PC] => 06000
    [B2PN] => +33615833159
    [B2ST] => NA
    [S2A1] => 
    [S2CC] => 
    [S2CI] => 
    [S2EM] => 
    [S2NM] =>  
    [S2PC] => 
    [S2PN] => 
    [S2ST] => 
    [SHTP] => 
    [CASH] => 10
    [DOB] => 1970-06-12
    [GENDER] => M
    [EMAL] => JUANDCAPPROVE@EXAMPLE.COM
)


2015-06-08T04:18:40Z
ResponseParameter:  billNo: 1433254830 | endTime:2015-06-08 04:18:40

2015-06-08T04:18:40Z
<?xml version="1.0" encoding="UTF-8"?>
<RESPONSE>
  <VERS>0630</VERS>
  <MODE>Q</MODE>
  <TRAN>3CJZ0WWRNJB6</TRAN>
  <MERC>680000</MERC>
  <SESS>4tqi0772mqhd36bt8pr98vfe42</SESS>
  <ORDR>1433254830</ORDR>
  <AUTO>A</AUTO>
  <SCOR>30</SCOR>
  <GEOX>ID</GEOX>
  <BRND>VISA</BRND>
  <REGN>ID_04</REGN>
  <NETW>N</NETW>
  <KAPT>Y</KAPT>
  <CARDS>1</CARDS>
  <DEVICES>1</DEVICES>
  <EMAILS>1</EMAILS>
  <VELO>0</VELO>
  <VMAX>0</VMAX>
  <SITE>VERT999</SITE>
  <DEVICE_LAYERS>D96CF07D73.5886B3CB4A.E83FD1A6F6.A80EBD4F24.15F1042D68</DEVICE_LAYERS>
  <FINGERPRINT>2FCC6566670618B78E958598C406443C</FINGERPRINT>
  <TIMEZONE>960</TIMEZONE>
  <LOCALTIME>2015-06-08 12:18</LOCALTIME>
  <REGION>PH_D9</REGION>
  <COUNTRY>PH</COUNTRY>
  <PROXY>N</PROXY>
  <JAVASCRIPT>Y</JAVASCRIPT>
  <FLASH>Y</FLASH>
  <COOKIES>Y</COOKIES>
  <HTTP_COUNTRY>US</HTTP_COUNTRY>
  <LANGUAGE>EN</LANGUAGE>
  <MOBILE_DEVICE>N</MOBILE_DEVICE>
  <MOBILE_TYPE></MOBILE_TYPE>
  <MOBILE_FORWARDER>N</MOBILE_FORWARDER>
  <VOICE_DEVICE>N</VOICE_DEVICE>
  <PC_REMOTE>N</PC_REMOTE>
  <RULES_TRIGGERED>8</RULES_TRIGGERED>
  <RULE_ID_0>772996</RULE_ID_0>
  <RULE_DESCRIPTION_0>GEO BIN and Device Country not equal (1pt)</RULE_DESCRIPTION_0>
  <RULE_ID_1>772998</RULE_ID_1>
  <RULE_DESCRIPTION_1>GEO Billing &lt;&gt; BIN Country (1pt)</RULE_DESCRIPTION_1>
  <RULE_ID_2>773002</RULE_ID_2>
  <RULE_DESCRIPTION_2>FRAUD_SCRD GEO Counter Triggered (5pts)</RULE_DESCRIPTION_2>
  <RULE_ID_3>773010</RULE_ID_3>
  <RULE_DESCRIPTION_3>FRAUD_SCRD Network Chargeback Exists (5pts)</RULE_DESCRIPTION_3>
  <RULE_ID_4>772980</RULE_ID_4>
  <RULE_DESCRIPTION_4>Decline Merchant Chargebacks &gt;1</RULE_DESCRIPTION_4>
  <RULE_ID_5>773024</RULE_ID_5>
  <RULE_DESCRIPTION_5>Decline VIP List</RULE_DESCRIPTION_5>
  <RULE_ID_6>773026</RULE_ID_6>
  <RULE_DESCRIPTION_6>Approve VIP List Email</RULE_DESCRIPTION_6>
  <RULE_ID_7>793142</RULE_ID_7>
  <RULE_DESCRIPTION_7>Decline Customer Email Validation</RULE_DESCRIPTION_7>
  <COUNTERS_TRIGGERED>2</COUNTERS_TRIGGERED>
  <COUNTER_NAME_0>GEO</COUNTER_NAME_0>
  <COUNTER_VALUE_0>2</COUNTER_VALUE_0>
  <COUNTER_NAME_1>FRAUD_SCRD</COUNTER_NAME_1>
  <COUNTER_VALUE_1>10</COUNTER_VALUE_1>
  <REASON_CODE></REASON_CODE>
  <MASTERCARD></MASTERCARD>
  <DDFS>2015-06-07</DDFS>
  <DSR>1080x1920</DSR>
  <UAS>Mozilla/5.0 (Windows NT 6.3; WOW64; Trident/7.0; rv:11.0) like Gecko</UAS>
  <BROWSER>Internet Explorer 11.0</BROWSER>
  <OS>Windows 8.1</OS>
  <PIP_IPAD></PIP_IPAD>
  <PIP_LAT></PIP_LAT>
  <PIP_LON></PIP_LON>
  <PIP_COUNTRY></PIP_COUNTRY>
  <PIP_REGION></PIP_REGION>
  <PIP_CITY></PIP_CITY>
  <PIP_ORG></PIP_ORG>
  <IP_IPAD>119.93.247.43</IP_IPAD>
  <IP_LAT>14.4996</IP_LAT>
  <IP_LON>121.0507</IP_LON>
  <IP_COUNTRY>PH</IP_COUNTRY>
  <IP_REGION>Manila</IP_REGION>
  <IP_CITY>Taguig</IP_CITY>
  <IP_ORG>PHILIPPINE LONG DISTANCE TELEPHONE</IP_ORG>
  <WARNING_COUNT>0</WARNING_COUNT>
</RESPONSE>

2015-06-08T04:22:29Z
RequestParameter:  billNo: 1433254831 | startTime:2015-06-08 04:22:29

2015-06-08T04:22:29Z
Array
(
    [MODE] => Q
    [FRMT] => XML
    [VERS] => 0630
    [MERC] => 680000
    [UDF[CUSTOMER_IPAD]] => 120.168.0.27
    [SESS] => gtj0inp7sgl9qm1hortun1p8i1
    [ORDR] => 1433254831
    [CURR] => USD
    [PENC] => KHASH
    [PTYP] => CARD
    [PTOK] => 4918912GXE0BUP1QG8K5
    [IPAD] => 120.168.0.27
    [MACK] => Y
    [AUTH] => A
    [PROD_DESC[0]] => Binary Trade
    [PROD_TYPE[0]] => Test
    [PROD_ITEM[0]] => Test
    [PROD_QUANT[0]] => 1
    [PROD_PRICE[0]] => 2200
    [TOTL] => 1000
    [SITE] => VERT999
    [UDF[MERCHANT_ID]] => 10001MERTEST001
    [NAME] => Juan Dela Cruz
    [B2A1] => 33 rue Pastorelli
    [B2CC] => PH
    [B2CI] => Nice
    [B2PC] => 06000
    [B2PN] => +33615833159
    [B2ST] => NA
    [S2A1] => 
    [S2CC] => 
    [S2CI] => 
    [S2EM] => 
    [S2NM] =>  
    [S2PC] => 
    [S2PN] => 
    [S2ST] => 
    [SHTP] => 
    [CASH] => 10
    [DOB] => 1970-06-12
    [GENDER] => M
    [EMAL] => JUANDCAPPROVE@EXAMPLE.COM
)


2015-06-08T04:22:30Z
ResponseParameter:  billNo: 1433254831 | endTime:2015-06-08 04:22:30

2015-06-08T04:22:30Z
<?xml version="1.0" encoding="UTF-8"?>
<RESPONSE>
  <VERS>0630</VERS>
  <MODE>Q</MODE>
  <TRAN>3CJZ023HW1DZ</TRAN>
  <MERC>680000</MERC>
  <SESS>gtj0inp7sgl9qm1hortun1p8i1</SESS>
  <ORDR>1433254831</ORDR>
  <AUTO>A</AUTO>
  <SCOR>30</SCOR>
  <GEOX>ID</GEOX>
  <BRND>VISA</BRND>
  <REGN>ID_04</REGN>
  <NETW>N</NETW>
  <KAPT>Y</KAPT>
  <CARDS>1</CARDS>
  <DEVICES>1</DEVICES>
  <EMAILS>1</EMAILS>
  <VELO>0</VELO>
  <VMAX>0</VMAX>
  <SITE>VERT999</SITE>
  <DEVICE_LAYERS>D96CF07D73..74F5439396.A80EBD4F24.15EAF09D10</DEVICE_LAYERS>
  <FINGERPRINT>8303887518D671D07BAFE7CE094C564A</FINGERPRINT>
  <TIMEZONE>960</TIMEZONE>
  <LOCALTIME>2015-06-08 12:22</LOCALTIME>
  <REGION>PH_D9</REGION>
  <COUNTRY>PH</COUNTRY>
  <PROXY>N</PROXY>
  <JAVASCRIPT>Y</JAVASCRIPT>
  <FLASH>N</FLASH>
  <COOKIES>Y</COOKIES>
  <HTTP_COUNTRY>US</HTTP_COUNTRY>
  <LANGUAGE>EN</LANGUAGE>
  <MOBILE_DEVICE>N</MOBILE_DEVICE>
  <MOBILE_TYPE></MOBILE_TYPE>
  <MOBILE_FORWARDER>N</MOBILE_FORWARDER>
  <VOICE_DEVICE>N</VOICE_DEVICE>
  <PC_REMOTE>N</PC_REMOTE>
  <RULES_TRIGGERED>8</RULES_TRIGGERED>
  <RULE_ID_0>772996</RULE_ID_0>
  <RULE_DESCRIPTION_0>GEO BIN and Device Country not equal (1pt)</RULE_DESCRIPTION_0>
  <RULE_ID_1>772998</RULE_ID_1>
  <RULE_DESCRIPTION_1>GEO Billing &lt;&gt; BIN Country (1pt)</RULE_DESCRIPTION_1>
  <RULE_ID_2>773002</RULE_ID_2>
  <RULE_DESCRIPTION_2>FRAUD_SCRD GEO Counter Triggered (5pts)</RULE_DESCRIPTION_2>
  <RULE_ID_3>773010</RULE_ID_3>
  <RULE_DESCRIPTION_3>FRAUD_SCRD Network Chargeback Exists (5pts)</RULE_DESCRIPTION_3>
  <RULE_ID_4>772980</RULE_ID_4>
  <RULE_DESCRIPTION_4>Decline Merchant Chargebacks &gt;1</RULE_DESCRIPTION_4>
  <RULE_ID_5>773024</RULE_ID_5>
  <RULE_DESCRIPTION_5>Decline VIP List</RULE_DESCRIPTION_5>
  <RULE_ID_6>773026</RULE_ID_6>
  <RULE_DESCRIPTION_6>Approve VIP List Email</RULE_DESCRIPTION_6>
  <RULE_ID_7>793142</RULE_ID_7>
  <RULE_DESCRIPTION_7>Decline Customer Email Validation</RULE_DESCRIPTION_7>
  <COUNTERS_TRIGGERED>2</COUNTERS_TRIGGERED>
  <COUNTER_NAME_0>GEO</COUNTER_NAME_0>
  <COUNTER_VALUE_0>2</COUNTER_VALUE_0>
  <COUNTER_NAME_1>FRAUD_SCRD</COUNTER_NAME_1>
  <COUNTER_VALUE_1>10</COUNTER_VALUE_1>
  <REASON_CODE></REASON_CODE>
  <MASTERCARD></MASTERCARD>
  <DDFS>2015-06-07</DDFS>
  <DSR>1080x1920</DSR>
  <UAS>Mozilla/5.0 (Windows NT 6.3; rv:38.0) Gecko/20100101 Firefox/38.0</UAS>
  <BROWSER>Firefox 38.0</BROWSER>
  <OS>Windows 8.1</OS>
  <PIP_IPAD></PIP_IPAD>
  <PIP_LAT></PIP_LAT>
  <PIP_LON></PIP_LON>
  <PIP_COUNTRY></PIP_COUNTRY>
  <PIP_REGION></PIP_REGION>
  <PIP_CITY></PIP_CITY>
  <PIP_ORG></PIP_ORG>
  <IP_IPAD>119.93.247.43</IP_IPAD>
  <IP_LAT>14.4996</IP_LAT>
  <IP_LON>121.0507</IP_LON>
  <IP_COUNTRY>PH</IP_COUNTRY>
  <IP_REGION>Manila</IP_REGION>
  <IP_CITY>Taguig</IP_CITY>
  <IP_ORG>PHILIPPINE LONG DISTANCE TELEPHONE</IP_ORG>
  <WARNING_COUNT>0</WARNING_COUNT>
</RESPONSE>

2015-06-08T04:54:54Z
RequestParameter:  billNo: 5281-4389_9963 | startTime:2015-06-08 04:54:54

2015-06-08T04:54:54Z
Array
(
    [MODE] => Q
    [FRMT] => XML
    [VERS] => 0630
    [MERC] => 680000
    [UDF[CUSTOMER_IPAD]] => 5.29.158.161
    [SESS] => q1f66jvp9l4e1fh5l2neljgni7
    [ORDR] => 5281-4389_9963
    [CURR] => EUR
    [PENC] => KHASH
    [PTYP] => CARD
    [PTOK] => 4918912GXE0BUP1QG8K5
    [IPAD] => 5.29.158.161
    [MACK] => Y
    [AUTH] => A
    [PROD_DESC[0]] => Binary Trade
    [PROD_TYPE[0]] => Binary Trade
    [PROD_ITEM[0]] => SKU-FXS-BinaryTrade
    [PROD_QUANT[0]] => 1
    [PROD_PRICE[0]] => 1100
    [TOTL] => 1100
    [SITE] => VERT001
    [UDF[MERCHANT_ID]] => 10001MERFXSEP1
    [NAME] => Juan Dela Cruz
    [B2A1] => 69 rue D Amiens
    [B2CC] => FR
    [B2CI] => Vence
    [B2PC] => 80160
    [B2PN] => +33615833159
    [B2ST] => NA
    [S2A1] => 
    [S2CC] => 
    [S2CI] => 
    [S2EM] => 
    [S2NM] =>  
    [S2PC] => 
    [S2PN] => 
    [S2ST] => 
    [SHTP] => 
    [CASH] => 11
    [DOB] => 1970-06-12
    [GENDER] => M
    [EMAL] => JUANDCAPPROVE@EXAMPLE.COM
)


2015-06-08T04:54:55Z
ResponseParameter:  billNo: 5281-4389_9963 | endTime:2015-06-08 04:54:55

2015-06-08T04:54:55Z
<?xml version="1.0" encoding="UTF-8"?>
<RESPONSE>
  <VERS>0630</VERS>
  <MODE>Q</MODE>
  <TRAN>3CJZ0H89K3CS</TRAN>
  <MERC>680000</MERC>
  <SESS>q1f66jvp9l4e1fh5l2neljgni7</SESS>
  <ORDR>5281-4389_9963</ORDR>
  <AUTO>A</AUTO>
  <SCOR>36</SCOR>
  <GEOX>IL</GEOX>
  <BRND>VISA</BRND>
  <REGN>IL_02</REGN>
  <NETW>N</NETW>
  <KAPT>N</KAPT>
  <CARDS>1</CARDS>
  <DEVICES>1</DEVICES>
  <EMAILS>1</EMAILS>
  <VELO>0</VELO>
  <VMAX>0</VMAX>
  <SITE>VERT001</SITE>
  <DEVICE_LAYERS>....</DEVICE_LAYERS>
  <FINGERPRINT></FINGERPRINT>
  <TIMEZONE></TIMEZONE>
  <LOCALTIME> </LOCALTIME>
  <REGION></REGION>
  <COUNTRY></COUNTRY>
  <PROXY></PROXY>
  <JAVASCRIPT></JAVASCRIPT>
  <FLASH></FLASH>
  <COOKIES></COOKIES>
  <HTTP_COUNTRY></HTTP_COUNTRY>
  <LANGUAGE></LANGUAGE>
  <MOBILE_DEVICE></MOBILE_DEVICE>
  <MOBILE_TYPE></MOBILE_TYPE>
  <MOBILE_FORWARDER></MOBILE_FORWARDER>
  <VOICE_DEVICE></VOICE_DEVICE>
  <PC_REMOTE></PC_REMOTE>
  <RULES_TRIGGERED>7</RULES_TRIGGERED>
  <RULE_ID_0>772998</RULE_ID_0>
  <RULE_DESCRIPTION_0>GEO Billing &lt;&gt; BIN Country (1pt)</RULE_DESCRIPTION_0>
  <RULE_ID_1>773002</RULE_ID_1>
  <RULE_DESCRIPTION_1>FRAUD_SCRD GEO Counter Triggered (5pts)</RULE_DESCRIPTION_1>
  <RULE_ID_2>773010</RULE_ID_2>
  <RULE_DESCRIPTION_2>FRAUD_SCRD Network Chargeback Exists (5pts)</RULE_DESCRIPTION_2>
  <RULE_ID_3>772980</RULE_ID_3>
  <RULE_DESCRIPTION_3>Decline Merchant Chargebacks &gt;1</RULE_DESCRIPTION_3>
  <RULE_ID_4>773024</RULE_ID_4>
  <RULE_DESCRIPTION_4>Decline VIP List</RULE_DESCRIPTION_4>
  <RULE_ID_5>773026</RULE_ID_5>
  <RULE_DESCRIPTION_5>Approve VIP List Email</RULE_DESCRIPTION_5>
  <RULE_ID_6>793142</RULE_ID_6>
  <RULE_DESCRIPTION_6>Decline Customer Email Validation</RULE_DESCRIPTION_6>
  <COUNTERS_TRIGGERED>2</COUNTERS_TRIGGERED>
  <COUNTER_NAME_0>GEO</COUNTER_NAME_0>
  <COUNTER_VALUE_0>1</COUNTER_VALUE_0>
  <COUNTER_NAME_1>FRAUD_SCRD</COUNTER_NAME_1>
  <COUNTER_VALUE_1>10</COUNTER_VALUE_1>
  <REASON_CODE></REASON_CODE>
  <MASTERCARD></MASTERCARD>
  <DDFS></DDFS>
  <DSR></DSR>
  <UAS></UAS>
  <BROWSER></BROWSER>
  <OS></OS>
  <PIP_IPAD></PIP_IPAD>
  <PIP_LAT></PIP_LAT>
  <PIP_LON></PIP_LON>
  <PIP_COUNTRY></PIP_COUNTRY>
  <PIP_REGION></PIP_REGION>
  <PIP_CITY></PIP_CITY>
  <PIP_ORG></PIP_ORG>
  <IP_IPAD></IP_IPAD>
  <IP_LAT></IP_LAT>
  <IP_LON></IP_LON>
  <IP_COUNTRY></IP_COUNTRY>
  <IP_REGION></IP_REGION>
  <IP_CITY></IP_CITY>
  <IP_ORG></IP_ORG>
  <WARNING_COUNT>0</WARNING_COUNT>
</RESPONSE>

2015-06-08T05:06:55Z
RequestParameter:  billNo: 1433254832 | startTime:2015-06-08 05:06:55

2015-06-08T05:06:55Z
Array
(
    [MODE] => Q
    [FRMT] => XML
    [VERS] => 0630
    [MERC] => 680000
    [UDF[CUSTOMER_IPAD]] => 120.168.0.27
    [SESS] => hu23d1svr7gdcsuar5n6v5k8j4
    [ORDR] => 1433254832
    [CURR] => USD
    [PENC] => KHASH
    [PTYP] => CARD
    [PTOK] => 4918912GXE0BUP1QG8K5
    [IPAD] => 120.168.0.27
    [MACK] => Y
    [AUTH] => A
    [PROD_DESC[0]] => Binary Trade
    [PROD_TYPE[0]] => Test
    [PROD_ITEM[0]] => Test
    [PROD_QUANT[0]] => 1
    [PROD_PRICE[0]] => 2200
    [TOTL] => 1000
    [SITE] => VERT999
    [UDF[MERCHANT_ID]] => 10001MERTEST001
    [NAME] => Juan Dela Cruz
    [B2A1] => 33 rue Pastorelli
    [B2CC] => PH
    [B2CI] => Nice
    [B2PC] => 06000
    [B2PN] => +33615833159
    [B2ST] => NA
    [S2A1] => 
    [S2CC] => 
    [S2CI] => 
    [S2EM] => 
    [S2NM] =>  
    [S2PC] => 
    [S2PN] => 
    [S2ST] => 
    [SHTP] => 
    [CASH] => 10
    [DOB] => 1970-06-12
    [GENDER] => M
    [EMAL] => JUANDCAPPROVE@EXAMPLE.COM
)


2015-06-08T05:06:56Z
ResponseParameter:  billNo: 1433254832 | endTime:2015-06-08 05:06:56

2015-06-08T05:06:56Z
<?xml version="1.0" encoding="UTF-8"?>
<RESPONSE>
  <VERS>0630</VERS>
  <MODE>Q</MODE>
  <TRAN>3CJ80D0XG3SN</TRAN>
  <MERC>680000</MERC>
  <SESS>hu23d1svr7gdcsuar5n6v5k8j4</SESS>
  <ORDR>1433254832</ORDR>
  <AUTO>A</AUTO>
  <SCOR>29</SCOR>
  <GEOX>ID</GEOX>
  <BRND>VISA</BRND>
  <REGN>ID_04</REGN>
  <NETW>N</NETW>
  <KAPT>Y</KAPT>
  <CARDS>1</CARDS>
  <DEVICES>1</DEVICES>
  <EMAILS>1</EMAILS>
  <VELO>0</VELO>
  <VMAX>0</VMAX>
  <SITE>VERT999</SITE>
  <DEVICE_LAYERS>D96CF07D73.5886B3CB4A.E83FD1A6F6.A80EBD4F24.15F1042D68</DEVICE_LAYERS>
  <FINGERPRINT>2FCC6566670618B78E958598C406443C</FINGERPRINT>
  <TIMEZONE>960</TIMEZONE>
  <LOCALTIME>2015-06-08 13:06</LOCALTIME>
  <REGION>PH_D9</REGION>
  <COUNTRY>PH</COUNTRY>
  <PROXY>N</PROXY>
  <JAVASCRIPT>Y</JAVASCRIPT>
  <FLASH>Y</FLASH>
  <COOKIES>Y</COOKIES>
  <HTTP_COUNTRY>US</HTTP_COUNTRY>
  <LANGUAGE>EN</LANGUAGE>
  <MOBILE_DEVICE>N</MOBILE_DEVICE>
  <MOBILE_TYPE></MOBILE_TYPE>
  <MOBILE_FORWARDER>N</MOBILE_FORWARDER>
  <VOICE_DEVICE>N</VOICE_DEVICE>
  <PC_REMOTE>N</PC_REMOTE>
  <RULES_TRIGGERED>8</RULES_TRIGGERED>
  <RULE_ID_0>772996</RULE_ID_0>
  <RULE_DESCRIPTION_0>GEO BIN and Device Country not equal (1pt)</RULE_DESCRIPTION_0>
  <RULE_ID_1>772998</RULE_ID_1>
  <RULE_DESCRIPTION_1>GEO Billing &lt;&gt; BIN Country (1pt)</RULE_DESCRIPTION_1>
  <RULE_ID_2>773002</RULE_ID_2>
  <RULE_DESCRIPTION_2>FRAUD_SCRD GEO Counter Triggered (5pts)</RULE_DESCRIPTION_2>
  <RULE_ID_3>773010</RULE_ID_3>
  <RULE_DESCRIPTION_3>FRAUD_SCRD Network Chargeback Exists (5pts)</RULE_DESCRIPTION_3>
  <RULE_ID_4>772980</RULE_ID_4>
  <RULE_DESCRIPTION_4>Decline Merchant Chargebacks &gt;1</RULE_DESCRIPTION_4>
  <RULE_ID_5>773024</RULE_ID_5>
  <RULE_DESCRIPTION_5>Decline VIP List</RULE_DESCRIPTION_5>
  <RULE_ID_6>773026</RULE_ID_6>
  <RULE_DESCRIPTION_6>Approve VIP List Email</RULE_DESCRIPTION_6>
  <RULE_ID_7>793142</RULE_ID_7>
  <RULE_DESCRIPTION_7>Decline Customer Email Validation</RULE_DESCRIPTION_7>
  <COUNTERS_TRIGGERED>2</COUNTERS_TRIGGERED>
  <COUNTER_NAME_0>GEO</COUNTER_NAME_0>
  <COUNTER_VALUE_0>2</COUNTER_VALUE_0>
  <COUNTER_NAME_1>FRAUD_SCRD</COUNTER_NAME_1>
  <COUNTER_VALUE_1>10</COUNTER_VALUE_1>
  <REASON_CODE></REASON_CODE>
  <MASTERCARD></MASTERCARD>
  <DDFS>2015-06-07</DDFS>
  <DSR>1080x1920</DSR>
  <UAS>Mozilla/5.0 (Windows NT 6.3; WOW64; Trident/7.0; rv:11.0) like Gecko</UAS>
  <BROWSER>Internet Explorer 11.0</BROWSER>
  <OS>Windows 8.1</OS>
  <PIP_IPAD></PIP_IPAD>
  <PIP_LAT></PIP_LAT>
  <PIP_LON></PIP_LON>
  <PIP_COUNTRY></PIP_COUNTRY>
  <PIP_REGION></PIP_REGION>
  <PIP_CITY></PIP_CITY>
  <PIP_ORG></PIP_ORG>
  <IP_IPAD>119.93.247.43</IP_IPAD>
  <IP_LAT>14.4996</IP_LAT>
  <IP_LON>121.0507</IP_LON>
  <IP_COUNTRY>PH</IP_COUNTRY>
  <IP_REGION>Manila</IP_REGION>
  <IP_CITY>Taguig</IP_CITY>
  <IP_ORG>PHILIPPINE LONG DISTANCE TELEPHONE</IP_ORG>
  <WARNING_COUNT>0</WARNING_COUNT>
</RESPONSE>

2015-06-08T06:30:33Z
RequestParameter:  billNo: 8367-3668_1017 | startTime:2015-06-08 06:30:33

2015-06-08T06:30:33Z
Array
(
    [MODE] => Q
    [FRMT] => XML
    [VERS] => 0630
    [MERC] => 680000
    [UDF[CUSTOMER_IPAD]] => 5.29.158.161
    [SESS] => q1f66jvp9l4e1fh5l2neljgni7
    [ORDR] => 8367-3668_1017
    [CURR] => EUR
    [PENC] => KHASH
    [PTYP] => CARD
    [PTOK] => 4918912GXE0BUP1QG8K5
    [IPAD] => 5.29.158.161
    [MACK] => Y
    [AUTH] => A
    [PROD_DESC[0]] => Binary Trade
    [PROD_TYPE[0]] => Binary Trade
    [PROD_ITEM[0]] => SKU-FXS-BinaryTrade
    [PROD_QUANT[0]] => 1
    [PROD_PRICE[0]] => 11100
    [TOTL] => 11100
    [SITE] => VERT001
    [UDF[MERCHANT_ID]] => 10001MERFXSEP1
    [NAME] => Juan Dela Cruz
    [B2A1] => 33 rue Gambetta prolongée
    [B2CC] => FR
    [B2CI] => Vence
    [B2PC] => 06140
    [B2PN] => +33615833159
    [B2ST] => NA
    [S2A1] => 
    [S2CC] => 
    [S2CI] => 
    [S2EM] => 
    [S2NM] =>  
    [S2PC] => 
    [S2PN] => 
    [S2ST] => 
    [SHTP] => 
    [CASH] => 111
    [DOB] => 1970-06-12
    [GENDER] => M
    [EMAL] => JUANDCAPPROVE@EXAMPLE.COM
)


2015-06-08T06:30:34Z
ResponseParameter:  billNo: 8367-3668_1017 | endTime:2015-06-08 06:30:34

2015-06-08T06:30:34Z
<?xml version="1.0" encoding="UTF-8"?>
<RESPONSE>
  <VERS>0630</VERS>
  <MODE>Q</MODE>
  <TRAN>3CJ60TR7KL4H</TRAN>
  <MERC>680000</MERC>
  <SESS>q1f66jvp9l4e1fh5l2neljgni7</SESS>
  <ORDR>8367-3668_1017</ORDR>
  <AUTO>A</AUTO>
  <SCOR>59</SCOR>
  <GEOX>IL</GEOX>
  <BRND>VISA</BRND>
  <REGN>IL_02</REGN>
  <NETW>N</NETW>
  <KAPT>Y</KAPT>
  <CARDS>1</CARDS>
  <DEVICES>1</DEVICES>
  <EMAILS>1</EMAILS>
  <VELO>0</VELO>
  <VMAX>0</VMAX>
  <SITE>VERT001</SITE>
  <DEVICE_LAYERS>44399201FE.80B99B4CEF.B2DB8D0F13.C6CC5C45FA.10A12DA284</DEVICE_LAYERS>
  <FINGERPRINT>8B4F78254C4725B741CABCFF984397DA</FINGERPRINT>
  <TIMEZONE>1260</TIMEZONE>
  <LOCALTIME>2015-06-08 09:30</LOCALTIME>
  <REGION>IL_02</REGION>
  <COUNTRY>IL</COUNTRY>
  <PROXY>N</PROXY>
  <JAVASCRIPT>Y</JAVASCRIPT>
  <FLASH>Y</FLASH>
  <COOKIES>Y</COOKIES>
  <HTTP_COUNTRY>FR</HTTP_COUNTRY>
  <LANGUAGE>FR</LANGUAGE>
  <MOBILE_DEVICE>N</MOBILE_DEVICE>
  <MOBILE_TYPE></MOBILE_TYPE>
  <MOBILE_FORWARDER>N</MOBILE_FORWARDER>
  <VOICE_DEVICE>N</VOICE_DEVICE>
  <PC_REMOTE>N</PC_REMOTE>
  <RULES_TRIGGERED>9</RULES_TRIGGERED>
  <RULE_ID_0>772992</RULE_ID_0>
  <RULE_DESCRIPTION_0>GEO Billing &lt;&gt; Device Country (1pt)</RULE_DESCRIPTION_0>
  <RULE_ID_1>772996</RULE_ID_1>
  <RULE_DESCRIPTION_1>GEO BIN and Device Country not equal (1pt)</RULE_DESCRIPTION_1>
  <RULE_ID_2>772998</RULE_ID_2>
  <RULE_DESCRIPTION_2>GEO Billing &lt;&gt; BIN Country (1pt)</RULE_DESCRIPTION_2>
  <RULE_ID_3>773002</RULE_ID_3>
  <RULE_DESCRIPTION_3>FRAUD_SCRD GEO Counter Triggered (5pts)</RULE_DESCRIPTION_3>
  <RULE_ID_4>773010</RULE_ID_4>
  <RULE_DESCRIPTION_4>FRAUD_SCRD Network Chargeback Exists (5pts)</RULE_DESCRIPTION_4>
  <RULE_ID_5>772980</RULE_ID_5>
  <RULE_DESCRIPTION_5>Decline Merchant Chargebacks &gt;1</RULE_DESCRIPTION_5>
  <RULE_ID_6>773024</RULE_ID_6>
  <RULE_DESCRIPTION_6>Decline VIP List</RULE_DESCRIPTION_6>
  <RULE_ID_7>773026</RULE_ID_7>
  <RULE_DESCRIPTION_7>Approve VIP List Email</RULE_DESCRIPTION_7>
  <RULE_ID_8>793142</RULE_ID_8>
  <RULE_DESCRIPTION_8>Decline Customer Email Validation</RULE_DESCRIPTION_8>
  <COUNTERS_TRIGGERED>2</COUNTERS_TRIGGERED>
  <COUNTER_NAME_0>GEO</COUNTER_NAME_0>
  <COUNTER_VALUE_0>3</COUNTER_VALUE_0>
  <COUNTER_NAME_1>FRAUD_SCRD</COUNTER_NAME_1>
  <COUNTER_VALUE_1>10</COUNTER_VALUE_1>
  <REASON_CODE></REASON_CODE>
  <MASTERCARD></MASTERCARD>
  <DDFS>2015-06-07</DDFS>
  <DSR>1080x1920</DSR>
  <UAS>Mozilla/5.0 (Windows NT 6.3; WOW64) AppleWebKit/537.36 (KHTML, like Gecko) Chrome/43.0.2357.81 Safari/537.36</UAS>
  <BROWSER>Chrome 43.0.2357.81</BROWSER>
  <OS>Windows 8.1</OS>
  <PIP_IPAD></PIP_IPAD>
  <PIP_LAT></PIP_LAT>
  <PIP_LON></PIP_LON>
  <PIP_COUNTRY></PIP_COUNTRY>
  <PIP_REGION></PIP_REGION>
  <PIP_CITY></PIP_CITY>
  <PIP_ORG></PIP_ORG>
  <IP_IPAD>5.29.158.161</IP_IPAD>
  <IP_LAT>32.1817</IP_LAT>
  <IP_LON>34.9358</IP_LON>
  <IP_COUNTRY>IL</IP_COUNTRY>
  <IP_REGION>HaMerkaz</IP_REGION>
  <IP_CITY>Kfar Saba</IP_CITY>
  <IP_ORG>HOTNET</IP_ORG>
  <WARNING_COUNT>0</WARNING_COUNT>
</RESPONSE>

2015-06-08T08:29:19Z
RequestParameter:  billNo: 6514-2569_796 | startTime:2015-06-08 08:29:19

2015-06-08T08:29:19Z
Array
(
    [MODE] => Q
    [FRMT] => XML
    [VERS] => 0630
    [MERC] => 680000
    [UDF[CUSTOMER_IPAD]] => 94.23.156.253
    [SESS] => q1f66jvp9l4e1fh5l2neljgni7
    [ORDR] => 6514-2569_796
    [CURR] => EUR
    [PENC] => KHASH
    [PTYP] => CARD
    [PTOK] => 4918912GXE0BUP1QG8K5
    [IPAD] => 94.23.156.253
    [MACK] => Y
    [AUTH] => A
    [PROD_DESC[0]] => Binary Trade
    [PROD_TYPE[0]] => Binary Trade
    [PROD_ITEM[0]] => SKU-FXS-BinaryTrade
    [PROD_QUANT[0]] => 1
    [PROD_PRICE[0]] => 1200
    [TOTL] => 1200
    [SITE] => VERT001
    [UDF[MERCHANT_ID]] => 10001MERFXSEP
    [NAME] => Juan Dela Cruz
    [B2A1] => 33 rue Gambetta prolongée
    [B2CC] => FR
    [B2CI] => Vence
    [B2PC] => 06140
    [B2PN] => +33615833159
    [B2ST] => NA
    [S2A1] => 
    [S2CC] => 
    [S2CI] => 
    [S2EM] => 
    [S2NM] =>  
    [S2PC] => 
    [S2PN] => 
    [S2ST] => 
    [SHTP] => 
    [CASH] => 12
    [DOB] => 1970-06-12
    [GENDER] => M
    [EMAL] => JUANDCAPPROVE@EXAMPLE.COM
)


2015-06-08T08:29:20Z
ResponseParameter:  billNo: 6514-2569_796 | endTime:2015-06-08 08:29:20

2015-06-08T08:29:20Z
<?xml version="1.0" encoding="UTF-8"?>
<RESPONSE>
  <VERS>0630</VERS>
  <MODE>Q</MODE>
  <TRAN>3CJ30LK6MGSW</TRAN>
  <MERC>680000</MERC>
  <SESS>q1f66jvp9l4e1fh5l2neljgni7</SESS>
  <ORDR>6514-2569_796</ORDR>
  <AUTO>A</AUTO>
  <SCOR>69</SCOR>
  <GEOX>IL</GEOX>
  <BRND>VISA</BRND>
  <REGN>IL_02</REGN>
  <NETW>O</NETW>
  <KAPT>Y</KAPT>
  <CARDS>1</CARDS>
  <DEVICES>1</DEVICES>
  <EMAILS>1</EMAILS>
  <VELO>0</VELO>
  <VMAX>0</VMAX>
  <SITE>VERT001</SITE>
  <DEVICE_LAYERS>44399201FE.80B99B4CEF.B2DB8D0F13.C6CC5C45FA.10A12DA284</DEVICE_LAYERS>
  <FINGERPRINT>8B4F78254C4725B741CABCFF984397DA</FINGERPRINT>
  <TIMEZONE>1260</TIMEZONE>
  <LOCALTIME>2015-06-08 11:29</LOCALTIME>
  <REGION>IL_02</REGION>
  <COUNTRY>IL</COUNTRY>
  <PROXY>N</PROXY>
  <JAVASCRIPT>Y</JAVASCRIPT>
  <FLASH>Y</FLASH>
  <COOKIES>Y</COOKIES>
  <HTTP_COUNTRY>FR</HTTP_COUNTRY>
  <LANGUAGE>FR</LANGUAGE>
  <MOBILE_DEVICE>N</MOBILE_DEVICE>
  <MOBILE_TYPE></MOBILE_TYPE>
  <MOBILE_FORWARDER>N</MOBILE_FORWARDER>
  <VOICE_DEVICE>N</VOICE_DEVICE>
  <PC_REMOTE>N</PC_REMOTE>
  <RULES_TRIGGERED>9</RULES_TRIGGERED>
  <RULE_ID_0>772992</RULE_ID_0>
  <RULE_DESCRIPTION_0>GEO Billing &lt;&gt; Device Country (1pt)</RULE_DESCRIPTION_0>
  <RULE_ID_1>772996</RULE_ID_1>
  <RULE_DESCRIPTION_1>GEO BIN and Device Country not equal (1pt)</RULE_DESCRIPTION_1>
  <RULE_ID_2>772998</RULE_ID_2>
  <RULE_DESCRIPTION_2>GEO Billing &lt;&gt; BIN Country (1pt)</RULE_DESCRIPTION_2>
  <RULE_ID_3>773002</RULE_ID_3>
  <RULE_DESCRIPTION_3>FRAUD_SCRD GEO Counter Triggered (5pts)</RULE_DESCRIPTION_3>
  <RULE_ID_4>773010</RULE_ID_4>
  <RULE_DESCRIPTION_4>FRAUD_SCRD Network Chargeback Exists (5pts)</RULE_DESCRIPTION_4>
  <RULE_ID_5>772980</RULE_ID_5>
  <RULE_DESCRIPTION_5>Decline Merchant Chargebacks &gt;1</RULE_DESCRIPTION_5>
  <RULE_ID_6>773024</RULE_ID_6>
  <RULE_DESCRIPTION_6>Decline VIP List</RULE_DESCRIPTION_6>
  <RULE_ID_7>773026</RULE_ID_7>
  <RULE_DESCRIPTION_7>Approve VIP List Email</RULE_DESCRIPTION_7>
  <RULE_ID_8>793142</RULE_ID_8>
  <RULE_DESCRIPTION_8>Decline Customer Email Validation</RULE_DESCRIPTION_8>
  <COUNTERS_TRIGGERED>2</COUNTERS_TRIGGERED>
  <COUNTER_NAME_0>GEO</COUNTER_NAME_0>
  <COUNTER_VALUE_0>3</COUNTER_VALUE_0>
  <COUNTER_NAME_1>FRAUD_SCRD</COUNTER_NAME_1>
  <COUNTER_VALUE_1>10</COUNTER_VALUE_1>
  <REASON_CODE></REASON_CODE>
  <MASTERCARD></MASTERCARD>
  <DDFS>2015-06-07</DDFS>
  <DSR>1080x1920</DSR>
  <UAS>Mozilla/5.0 (Windows NT 6.3; WOW64) AppleWebKit/537.36 (KHTML, like Gecko) Chrome/43.0.2357.81 Safari/537.36</UAS>
  <BROWSER>Chrome 43.0.2357.81</BROWSER>
  <OS>Windows 8.1</OS>
  <PIP_IPAD>5.29.158.161</PIP_IPAD>
  <PIP_LAT>32.1817</PIP_LAT>
  <PIP_LON>34.9358</PIP_LON>
  <PIP_COUNTRY>IL</PIP_COUNTRY>
  <PIP_REGION>HaMerkaz</PIP_REGION>
  <PIP_CITY>Kfar Saba</PIP_CITY>
  <PIP_ORG>HOTNET</PIP_ORG>
  <IP_IPAD>94.23.156.253</IP_IPAD>
  <IP_LAT>51.5166</IP_LAT>
  <IP_LON>-.0966</IP_LON>
  <IP_COUNTRY>GB</IP_COUNTRY>
  <IP_REGION>London,  City of</IP_REGION>
  <IP_CITY>London</IP_CITY>
  <IP_ORG>OVH SAS</IP_ORG>
  <WARNING_COUNT>0</WARNING_COUNT>
</RESPONSE>

2015-06-08T08:34:11Z
RequestParameter:  billNo: 430-2084_3940 | startTime:2015-06-08 08:34:11

2015-06-08T08:34:11Z
Array
(
    [MODE] => Q
    [FRMT] => XML
    [VERS] => 0630
    [MERC] => 680000
    [UDF[CUSTOMER_IPAD]] => 94.23.156.253
    [SESS] => q1f66jvp9l4e1fh5l2neljgni7
    [ORDR] => 430-2084_3940
    [CURR] => USD
    [PENC] => KHASH
    [PTYP] => CARD
    [PTOK] => 4918912GXE0BUP1QG8K5
    [IPAD] => 94.23.156.253
    [MACK] => Y
    [AUTH] => A
    [PROD_DESC[0]] => Binary Trade
    [PROD_TYPE[0]] => Binary Trade
    [PROD_ITEM[0]] => SKU-FXS-BinaryTrade
    [PROD_QUANT[0]] => 1
    [PROD_PRICE[0]] => 1200
    [TOTL] => 1200
    [SITE] => VERT001
    [UDF[MERCHANT_ID]] => 10001MERFXSEP
    [NAME] => Juan Dela Cruz
    [B2A1] => 33 rue Gambetta prolongée
    [B2CC] => UK
    [B2CI] => Vence
    [B2PC] => 06140
    [B2PN] => +33615833159
    [B2ST] => NA
    [S2A1] => 
    [S2CC] => 
    [S2CI] => 
    [S2EM] => 
    [S2NM] =>  
    [S2PC] => 
    [S2PN] => 
    [S2ST] => 
    [SHTP] => 
    [CASH] => 12
    [DOB] => 1970-06-12
    [GENDER] => M
    [EMAL] => JUANDCAPPROVE@EXAMPLE.COM
)


2015-06-08T08:34:12Z
ResponseParameter:  billNo: 430-2084_3940 | endTime:2015-06-08 08:34:12

2015-06-08T08:34:12Z
<?xml version="1.0" encoding="UTF-8"?>
<RESPONSE>
  <VERS>0630</VERS>
  <MODE>Q</MODE>
  <TRAN>3CJ30QSG9JZ9</TRAN>
  <MERC>680000</MERC>
  <SESS>q1f66jvp9l4e1fh5l2neljgni7</SESS>
  <ORDR>430-2084_3940</ORDR>
  <AUTO>A</AUTO>
  <SCOR>54</SCOR>
  <GEOX>GB</GEOX>
  <BRND>VISA</BRND>
  <REGN>GB_H9</REGN>
  <NETW>O</NETW>
  <KAPT>Y</KAPT>
  <CARDS>1</CARDS>
  <DEVICES>1</DEVICES>
  <EMAILS>1</EMAILS>
  <VELO>0</VELO>
  <VMAX>0</VMAX>
  <SITE>VERT001</SITE>
  <DEVICE_LAYERS>44399201FE.80B99B4CEF.B2DB8D0F13.C6CC5C45FA.10A12DA284</DEVICE_LAYERS>
  <FINGERPRINT>8B4F78254C4725B741CABCFF984397DA</FINGERPRINT>
  <TIMEZONE>1260</TIMEZONE>
  <LOCALTIME>2015-06-08 11:34</LOCALTIME>
  <REGION>IL_02</REGION>
  <COUNTRY>IL</COUNTRY>
  <PROXY>N</PROXY>
  <JAVASCRIPT>Y</JAVASCRIPT>
  <FLASH>Y</FLASH>
  <COOKIES>Y</COOKIES>
  <HTTP_COUNTRY>FR</HTTP_COUNTRY>
  <LANGUAGE>FR</LANGUAGE>
  <MOBILE_DEVICE>N</MOBILE_DEVICE>
  <MOBILE_TYPE></MOBILE_TYPE>
  <MOBILE_FORWARDER>N</MOBILE_FORWARDER>
  <VOICE_DEVICE>N</VOICE_DEVICE>
  <PC_REMOTE>N</PC_REMOTE>
  <RULES_TRIGGERED>9</RULES_TRIGGERED>
  <RULE_ID_0>772992</RULE_ID_0>
  <RULE_DESCRIPTION_0>GEO Billing &lt;&gt; Device Country (1pt)</RULE_DESCRIPTION_0>
  <RULE_ID_1>772996</RULE_ID_1>
  <RULE_DESCRIPTION_1>GEO BIN and Device Country not equal (1pt)</RULE_DESCRIPTION_1>
  <RULE_ID_2>772998</RULE_ID_2>
  <RULE_DESCRIPTION_2>GEO Billing &lt;&gt; BIN Country (1pt)</RULE_DESCRIPTION_2>
  <RULE_ID_3>773002</RULE_ID_3>
  <RULE_DESCRIPTION_3>FRAUD_SCRD GEO Counter Triggered (5pts)</RULE_DESCRIPTION_3>
  <RULE_ID_4>773010</RULE_ID_4>
  <RULE_DESCRIPTION_4>FRAUD_SCRD Network Chargeback Exists (5pts)</RULE_DESCRIPTION_4>
  <RULE_ID_5>772980</RULE_ID_5>
  <RULE_DESCRIPTION_5>Decline Merchant Chargebacks &gt;1</RULE_DESCRIPTION_5>
  <RULE_ID_6>773024</RULE_ID_6>
  <RULE_DESCRIPTION_6>Decline VIP List</RULE_DESCRIPTION_6>
  <RULE_ID_7>773026</RULE_ID_7>
  <RULE_DESCRIPTION_7>Approve VIP List Email</RULE_DESCRIPTION_7>
  <RULE_ID_8>793142</RULE_ID_8>
  <RULE_DESCRIPTION_8>Decline Customer Email Validation</RULE_DESCRIPTION_8>
  <COUNTERS_TRIGGERED>2</COUNTERS_TRIGGERED>
  <COUNTER_NAME_0>GEO</COUNTER_NAME_0>
  <COUNTER_VALUE_0>3</COUNTER_VALUE_0>
  <COUNTER_NAME_1>FRAUD_SCRD</COUNTER_NAME_1>
  <COUNTER_VALUE_1>10</COUNTER_VALUE_1>
  <REASON_CODE></REASON_CODE>
  <MASTERCARD></MASTERCARD>
  <DDFS>2015-06-07</DDFS>
  <DSR>1080x1920</DSR>
  <UAS>Mozilla/5.0 (Windows NT 6.3; WOW64) AppleWebKit/537.36 (KHTML, like Gecko) Chrome/43.0.2357.81 Safari/537.36</UAS>
  <BROWSER>Chrome 43.0.2357.81</BROWSER>
  <OS>Windows 8.1</OS>
  <PIP_IPAD>5.29.158.161</PIP_IPAD>
  <PIP_LAT>32.1817</PIP_LAT>
  <PIP_LON>34.9358</PIP_LON>
  <PIP_COUNTRY>IL</PIP_COUNTRY>
  <PIP_REGION>HaMerkaz</PIP_REGION>
  <PIP_CITY>Kfar Saba</PIP_CITY>
  <PIP_ORG>HOTNET</PIP_ORG>
  <IP_IPAD>94.23.156.253</IP_IPAD>
  <IP_LAT>51.5166</IP_LAT>
  <IP_LON>-.0966</IP_LON>
  <IP_COUNTRY>GB</IP_COUNTRY>
  <IP_REGION>London,  City of</IP_REGION>
  <IP_CITY>London</IP_CITY>
  <IP_ORG>OVH SAS</IP_ORG>
  <WARNING_COUNT>0</WARNING_COUNT>
</RESPONSE>

