2015-09-24T07:40:38Z
RequestParameter:  billNo: 4s5121gSLsfgr370952 | startTime:2015-09-24 07:40:38

2015-09-24T07:40:38Z
Array
(
    [MODE] => U
    [FRMT] => XML
    [VERS] => 0630
    [MERC] => 680000
    [SESS] => 4s5121gSLsfgr370952
    [TRAN] => 36DT0LY2CKZ7
    [AUTH] => D
    [MACK] => Y
)


2015-09-24T07:40:39Z
ResponseParameter:  billNo: 4s5121gSLsfgr370952 | endTime:2015-09-24 07:40:39

2015-09-24T07:40:39Z
<?xml version="1.0" encoding="UTF-8"?>
<RESPONSE>
  <VERS>0630</VERS>
  <MODE>U</MODE>
  <TRAN>36DT0LY2CKZ7</TRAN>
  <MERC>680000</MERC>
  <SESS>4s5121gSLsfgr370952</SESS>
  <RULES_TRIGGERED>0</RULES_TRIGGERED>
  <COUNTERS_TRIGGERED>0</COUNTERS_TRIGGERED>
  <REASON_CODE></REASON_CODE>
  <MASTERCARD></MASTERCARD>
  <WARNING_COUNT>0</WARNING_COUNT>
</RESPONSE>

