2015-03-16T06:09:44Z
RequestParameter:  billNo: YrhCP1426068934 | startTime:2015-03-16 06:09:44

2015-03-16T06:09:44Z
Array
(
    [MODE] => P
    [FRMT] => XML
    [VERS] => 0600
    [MERC] => 680000
    [UDF[CUSTOMER_IPAD]] => 114.108.239.103
    [SESS] => YrhCP1426068934
    [ORDR] => YrhCP1426068934
    [CURR] => PHP
    [PENC] => KHASH
    [PTYP] => CARD
    [PTOK] => 4918912GXE0BUP1QG8K5
    [IPAD] => 10.0.0.1
    [MACK] => Y
    [PROD_DESC[0]] => Test
    [PROD_TYPE[0]] => tv
    [PROD_ITEM[0]] => 1
    [PROD_QUANT[0]] => 1
    [PROD_PRICE[0]] => 1000
    [TOTL] => 1000
    [SITE] => VERT999
    [UDF[MERCHANT_ID]] => 10001MERTEST001
    [NAME] => Juan Dela Cruz
    [B2A1] => address
    [B2CC] => PH
    [B2CI] => city
    [B2PC] => 12345
    [B2PN] => 123456789
    [B2ST] => state
    [S2A1] => 
    [S2CC] => 
    [S2CI] => 
    [S2EM] => 
    [S2NM] =>  
    [S2PC] => 
    [S2PN] => 
    [S2ST] => 
    [SHTP] => 
    [CASH] => 10
    [DOB] => 1970-03-04
    [GENDER] => M
    [EMAL] => JUANDC@EXAMPLE.COM
    [ANID] => 123456789
)


2015-03-16T06:09:46Z
ResponseParameter:  billNo: YrhCP1426068934 | endTime:2015-03-16 06:09:46

2015-03-16T06:09:46Z
<?xml version="1.0" encoding="UTF-8"?>
<RESPONSE>
  <VERS>0600</VERS>
  <MODE>P</MODE>
  <TRAN>3YMX0KS2M86R</TRAN>
  <MERC>680000</MERC>
  <SESS>YrhCP1426068934</SESS>
  <ORDR>YrhCP1426068934</ORDR>
  <AUTO>A</AUTO>
  <SCOR>29</SCOR>
  <GEOX>US</GEOX>
  <BRND>VISA</BRND>
  <REGN></REGN>
  <NETW>N</NETW>
  <KAPT>N</KAPT>
  <CARDS>1</CARDS>
  <DEVICES>1</DEVICES>
  <EMAILS>1</EMAILS>
  <VELO>0</VELO>
  <VMAX>0</VMAX>
  <RULES_TRIGGERED>7</RULES_TRIGGERED>
  <RULE_ID_0>772998</RULE_ID_0>
  <RULE_DESCRIPTION_0>GEO Billing &lt;&gt; BIN Country (1pt)</RULE_DESCRIPTION_0>
  <RULE_ID_1>773002</RULE_ID_1>
  <RULE_DESCRIPTION_1>FRAUD_SCRD GEO Counter Triggered (5pts)</RULE_DESCRIPTION_1>
  <RULE_ID_2>773010</RULE_ID_2>
  <RULE_DESCRIPTION_2>FRAUD_SCRD Network Chargeback Exists (5pts)</RULE_DESCRIPTION_2>
  <RULE_ID_3>772980</RULE_ID_3>
  <RULE_DESCRIPTION_3>Decline Merchant Chargebacks &gt;1</RULE_DESCRIPTION_3>
  <RULE_ID_4>773024</RULE_ID_4>
  <RULE_DESCRIPTION_4>Decline VIP List</RULE_DESCRIPTION_4>
  <RULE_ID_5>773026</RULE_ID_5>
  <RULE_DESCRIPTION_5>Approve VIP List Email</RULE_DESCRIPTION_5>
  <RULE_ID_6>793142</RULE_ID_6>
  <RULE_DESCRIPTION_6>Decline Customer Email Validation</RULE_DESCRIPTION_6>
  <COUNTERS_TRIGGERED>2</COUNTERS_TRIGGERED>
  <COUNTER_NAME_0>GEO</COUNTER_NAME_0>
  <COUNTER_VALUE_0>1</COUNTER_VALUE_0>
  <COUNTER_NAME_1>FRAUD_SCRD</COUNTER_NAME_1>
  <COUNTER_VALUE_1>10</COUNTER_VALUE_1>
  <REASON_CODE></REASON_CODE>
  <MASTERCARD></MASTERCARD>
  <DDFS></DDFS>
  <DSR></DSR>
  <UAS></UAS>
  <BROWSER></BROWSER>
  <OS></OS>
  <PIP_IPAD></PIP_IPAD>
  <PIP_LAT></PIP_LAT>
  <PIP_LON></PIP_LON>
  <PIP_COUNTRY></PIP_COUNTRY>
  <PIP_REGION></PIP_REGION>
  <PIP_CITY></PIP_CITY>
  <PIP_ORG></PIP_ORG>
  <IP_IPAD></IP_IPAD>
  <IP_LAT></IP_LAT>
  <IP_LON></IP_LON>
  <IP_COUNTRY></IP_COUNTRY>
  <IP_REGION></IP_REGION>
  <IP_CITY></IP_CITY>
  <IP_ORG></IP_ORG>
  <WARNING_COUNT>0</WARNING_COUNT>
</RESPONSE>

2015-03-16T06:10:53Z
RequestParameter:  billNo: YrhCP1426064444 | startTime:2015-03-16 06:10:53

2015-03-16T06:10:53Z
Array
(
    [MODE] => P
    [FRMT] => XML
    [VERS] => 0600
    [MERC] => 680000
    [UDF[CUSTOMER_IPAD]] => 114.108.239.103
    [SESS] => YrhCP1426064444
    [ORDR] => YrhCP1426064444
    [CURR] => PHP
    [PENC] => KHASH
    [PTYP] => CARD
    [PTOK] => 4918912GXE0BUP1QG8K5
    [IPAD] => 10.0.0.1
    [MACK] => Y
    [PROD_DESC[0]] => Test
    [PROD_TYPE[0]] => tv
    [PROD_ITEM[0]] => 1
    [PROD_QUANT[0]] => 1
    [PROD_PRICE[0]] => 1000
    [TOTL] => 1000
    [SITE] => VERT999
    [UDF[MERCHANT_ID]] => 10001MERTEST001
    [NAME] => Juan Dela Cruz
    [B2A1] => address
    [B2CC] => PH
    [B2CI] => city
    [B2PC] => 12345
    [B2PN] => 123456789
    [B2ST] => state
    [S2A1] => 
    [S2CC] => 
    [S2CI] => 
    [S2EM] => 
    [S2NM] =>  
    [S2PC] => 
    [S2PN] => 
    [S2ST] => 
    [SHTP] => 
    [CASH] => 10
    [DOB] => 1970-03-04
    [GENDER] => M
    [EMAL] => JUANDC@EXAMPLE.COM
    [ANID] => 123456789
)


2015-03-16T06:10:55Z
ResponseParameter:  billNo: YrhCP1426064444 | endTime:2015-03-16 06:10:55

2015-03-16T06:10:55Z
<?xml version="1.0" encoding="UTF-8"?>
<RESPONSE>
  <VERS>0600</VERS>
  <MODE>P</MODE>
  <TRAN>3YMX0XWDNLDN</TRAN>
  <MERC>680000</MERC>
  <SESS>YrhCP1426064444</SESS>
  <ORDR>YrhCP1426064444</ORDR>
  <AUTO>A</AUTO>
  <SCOR>29</SCOR>
  <GEOX>US</GEOX>
  <BRND>VISA</BRND>
  <REGN></REGN>
  <NETW>N</NETW>
  <KAPT>N</KAPT>
  <CARDS>1</CARDS>
  <DEVICES>1</DEVICES>
  <EMAILS>1</EMAILS>
  <VELO>0</VELO>
  <VMAX>0</VMAX>
  <RULES_TRIGGERED>7</RULES_TRIGGERED>
  <RULE_ID_0>772998</RULE_ID_0>
  <RULE_DESCRIPTION_0>GEO Billing &lt;&gt; BIN Country (1pt)</RULE_DESCRIPTION_0>
  <RULE_ID_1>773002</RULE_ID_1>
  <RULE_DESCRIPTION_1>FRAUD_SCRD GEO Counter Triggered (5pts)</RULE_DESCRIPTION_1>
  <RULE_ID_2>773010</RULE_ID_2>
  <RULE_DESCRIPTION_2>FRAUD_SCRD Network Chargeback Exists (5pts)</RULE_DESCRIPTION_2>
  <RULE_ID_3>772980</RULE_ID_3>
  <RULE_DESCRIPTION_3>Decline Merchant Chargebacks &gt;1</RULE_DESCRIPTION_3>
  <RULE_ID_4>773024</RULE_ID_4>
  <RULE_DESCRIPTION_4>Decline VIP List</RULE_DESCRIPTION_4>
  <RULE_ID_5>773026</RULE_ID_5>
  <RULE_DESCRIPTION_5>Approve VIP List Email</RULE_DESCRIPTION_5>
  <RULE_ID_6>793142</RULE_ID_6>
  <RULE_DESCRIPTION_6>Decline Customer Email Validation</RULE_DESCRIPTION_6>
  <COUNTERS_TRIGGERED>2</COUNTERS_TRIGGERED>
  <COUNTER_NAME_0>GEO</COUNTER_NAME_0>
  <COUNTER_VALUE_0>1</COUNTER_VALUE_0>
  <COUNTER_NAME_1>FRAUD_SCRD</COUNTER_NAME_1>
  <COUNTER_VALUE_1>10</COUNTER_VALUE_1>
  <REASON_CODE></REASON_CODE>
  <MASTERCARD></MASTERCARD>
  <DDFS></DDFS>
  <DSR></DSR>
  <UAS></UAS>
  <BROWSER></BROWSER>
  <OS></OS>
  <PIP_IPAD></PIP_IPAD>
  <PIP_LAT></PIP_LAT>
  <PIP_LON></PIP_LON>
  <PIP_COUNTRY></PIP_COUNTRY>
  <PIP_REGION></PIP_REGION>
  <PIP_CITY></PIP_CITY>
  <PIP_ORG></PIP_ORG>
  <IP_IPAD></IP_IPAD>
  <IP_LAT></IP_LAT>
  <IP_LON></IP_LON>
  <IP_COUNTRY></IP_COUNTRY>
  <IP_REGION></IP_REGION>
  <IP_CITY></IP_CITY>
  <IP_ORG></IP_ORG>
  <WARNING_COUNT>0</WARNING_COUNT>
</RESPONSE>

2015-03-16T06:20:41Z
RequestParameter:  billNo: P2kY5Sc900 | startTime:2015-03-16 06:20:41

2015-03-16T06:20:41Z
Array
(
    [MODE] => Q
    [FRMT] => XML
    [VERS] => 0600
    [MERC] => 680000
    [UDF[CUSTOMER_IPAD]] => 192.168.119.2
    [SESS] => 00o8jk5iel9a05cfubmlu2uvd7
    [ORDR] => P2kY5Sc900
    [CURR] => PHP
    [PENC] => KHASH
    [PTYP] => CARD
    [PTOK] => 4918912GXE0BUP1QG8K5
    [IPAD] => 192.168.119.2
    [MACK] => Y
    [PROD_DESC[0]] => Binary Trade
    [PROD_TYPE[0]] => SKU-PBN-BinaryTrade
    [PROD_ITEM[0]] => Binary Trade
    [PROD_QUANT[0]] => 1
    [PROD_PRICE[0]] => 1000
    [TOTL] => 1000
    [SITE] => VERT999
    [UDF[MERCHANT_ID]] => 10001MERPBNMER1
    [NAME] => Juan Dela Cruz
    [B2A1] => Bergstraße 17a
    [B2CC] => DE
    [B2CI] => Munich
    [B2PC] => 84456
    [B2PN] => 089 494949
    [B2ST] => BY
    [S2A1] => 
    [S2CC] => 
    [S2CI] => 
    [S2EM] => 
    [S2NM] =>  
    [S2PC] => 
    [S2PN] => 
    [S2ST] => 
    [SHTP] => 
    [CASH] => 10
    [DOB] => 1990-11-10
    [GENDER] => M
    [EMAL] => JOHNDOEAPPROVE@ACME.COM
)


2015-03-16T06:20:53Z
RequestParameter:  billNo: P2kY5Sc900 | startTime:2015-03-16 06:20:53

2015-03-16T06:20:53Z
Array
(
    [MODE] => Q
    [FRMT] => XML
    [VERS] => 0600
    [MERC] => 680000
    [UDF[CUSTOMER_IPAD]] => 192.168.119.2
    [SESS] => 00o8jk5iel9a05cfubmlu2uvd7
    [ORDR] => P2kY5Sc900
    [CURR] => PHP
    [PENC] => KHASH
    [PTYP] => CARD
    [PTOK] => 4918912GXE0BUP1QG8K5
    [IPAD] => 192.168.119.2
    [MACK] => Y
    [PROD_DESC[0]] => Binary Trade
    [PROD_TYPE[0]] => SKU-PBN-BinaryTrade
    [PROD_ITEM[0]] => Binary Trade
    [PROD_QUANT[0]] => 1
    [PROD_PRICE[0]] => 1000
    [TOTL] => 1000
    [SITE] => VERT999
    [UDF[MERCHANT_ID]] => 10001MERPBNMER1
    [NAME] => Juan Dela Cruz
    [B2A1] => Bergstraße 17a
    [B2CC] => DE
    [B2CI] => Munich
    [B2PC] => 84456
    [B2PN] => 089 494949
    [B2ST] => BY
    [S2A1] => 
    [S2CC] => 
    [S2CI] => 
    [S2EM] => 
    [S2NM] =>  
    [S2PC] => 
    [S2PN] => 
    [S2ST] => 
    [SHTP] => 
    [CASH] => 10
    [DOB] => 1990-11-10
    [GENDER] => M
    [EMAL] => JOHNDOEAPPROVE@ACME.COM
)


2015-03-16T06:20:55Z
ResponseParameter:  billNo: P2kY5Sc900 | endTime:2015-03-16 06:20:55

2015-03-16T06:20:55Z
<?xml version="1.0" encoding="UTF-8"?>
<RESPONSE>
  <VERS>0600</VERS>
  <MODE>Q</MODE>
  <TRAN>3YMX0Z10CPRQ</TRAN>
  <MERC>680000</MERC>
  <SESS>00o8jk5iel9a05cfubmlu2uvd7</SESS>
  <ORDR>P2kY5Sc900</ORDR>
  <AUTO>A</AUTO>
  <SCOR>36</SCOR>
  <GEOX>US</GEOX>
  <BRND>VISA</BRND>
  <REGN></REGN>
  <NETW>A</NETW>
  <KAPT>N</KAPT>
  <CARDS>1</CARDS>
  <DEVICES>1</DEVICES>
  <EMAILS>1</EMAILS>
  <VELO>0</VELO>
  <VMAX>0</VMAX>
  <SITE>VERT999</SITE>
  <DEVICE_LAYERS>....</DEVICE_LAYERS>
  <FINGERPRINT></FINGERPRINT>
  <TIMEZONE></TIMEZONE>
  <LOCALTIME> </LOCALTIME>
  <REGION></REGION>
  <COUNTRY></COUNTRY>
  <PROXY></PROXY>
  <JAVASCRIPT></JAVASCRIPT>
  <FLASH></FLASH>
  <COOKIES></COOKIES>
  <HTTP_COUNTRY></HTTP_COUNTRY>
  <LANGUAGE></LANGUAGE>
  <MOBILE_DEVICE></MOBILE_DEVICE>
  <MOBILE_TYPE></MOBILE_TYPE>
  <MOBILE_FORWARDER></MOBILE_FORWARDER>
  <VOICE_DEVICE></VOICE_DEVICE>
  <PC_REMOTE></PC_REMOTE>
  <RULES_TRIGGERED>7</RULES_TRIGGERED>
  <RULE_ID_0>772998</RULE_ID_0>
  <RULE_DESCRIPTION_0>GEO Billing &lt;&gt; BIN Country (1pt)</RULE_DESCRIPTION_0>
  <RULE_ID_1>773002</RULE_ID_1>
  <RULE_DESCRIPTION_1>FRAUD_SCRD GEO Counter Triggered (5pts)</RULE_DESCRIPTION_1>
  <RULE_ID_2>773010</RULE_ID_2>
  <RULE_DESCRIPTION_2>FRAUD_SCRD Network Chargeback Exists (5pts)</RULE_DESCRIPTION_2>
  <RULE_ID_3>773012</RULE_ID_3>
  <RULE_DESCRIPTION_3>FRAUD_SCRD Non-Normal Network Type (10pts)</RULE_DESCRIPTION_3>
  <RULE_ID_4>772980</RULE_ID_4>
  <RULE_DESCRIPTION_4>Decline Merchant Chargebacks &gt;1</RULE_DESCRIPTION_4>
  <RULE_ID_5>773024</RULE_ID_5>
  <RULE_DESCRIPTION_5>Decline VIP List</RULE_DESCRIPTION_5>
  <RULE_ID_6>773026</RULE_ID_6>
  <RULE_DESCRIPTION_6>Approve VIP List Email</RULE_DESCRIPTION_6>
  <COUNTERS_TRIGGERED>2</COUNTERS_TRIGGERED>
  <COUNTER_NAME_0>GEO</COUNTER_NAME_0>
  <COUNTER_VALUE_0>1</COUNTER_VALUE_0>
  <COUNTER_NAME_1>FRAUD_SCRD</COUNTER_NAME_1>
  <COUNTER_VALUE_1>20</COUNTER_VALUE_1>
  <REASON_CODE></REASON_CODE>
  <MASTERCARD></MASTERCARD>
  <DDFS></DDFS>
  <DSR></DSR>
  <UAS></UAS>
  <BROWSER></BROWSER>
  <OS></OS>
  <PIP_IPAD></PIP_IPAD>
  <PIP_LAT></PIP_LAT>
  <PIP_LON></PIP_LON>
  <PIP_COUNTRY></PIP_COUNTRY>
  <PIP_REGION></PIP_REGION>
  <PIP_CITY></PIP_CITY>
  <PIP_ORG></PIP_ORG>
  <IP_IPAD></IP_IPAD>
  <IP_LAT></IP_LAT>
  <IP_LON></IP_LON>
  <IP_COUNTRY></IP_COUNTRY>
  <IP_REGION></IP_REGION>
  <IP_CITY></IP_CITY>
  <IP_ORG></IP_ORG>
  <WARNING_COUNT>0</WARNING_COUNT>
</RESPONSE>

2015-03-16T06:22:57Z
RequestParameter:  billNo: P2kY5Sc901 | startTime:2015-03-16 06:22:57

2015-03-16T06:22:57Z
Array
(
    [MODE] => Q
    [FRMT] => XML
    [VERS] => 0600
    [MERC] => 680000
    [UDF[CUSTOMER_IPAD]] => 192.168.119.2
    [SESS] => 00o8jk5iel9a05cfubmlu2uvd7
    [ORDR] => P2kY5Sc901
    [CURR] => PHP
    [PENC] => KHASH
    [PTYP] => CARD
    [PTOK] => 4918912GXE0BUP1QG8K5
    [IPAD] => 192.168.119.2
    [MACK] => Y
    [PROD_DESC[0]] => Binary Trade
    [PROD_TYPE[0]] => SKU-PBN-BinaryTrade
    [PROD_ITEM[0]] => Binary Trade
    [PROD_QUANT[0]] => 1
    [PROD_PRICE[0]] => 1000
    [TOTL] => 1000
    [SITE] => VERT999
    [UDF[MERCHANT_ID]] => 10001MERPBNMER1
    [NAME] => Juan Dela Cruz
    [B2A1] => Bergstraße 17a
    [B2CC] => DE
    [B2CI] => Munich
    [B2PC] => 84456
    [B2PN] => 089 494949
    [B2ST] => BY
    [S2A1] => 
    [S2CC] => 
    [S2CI] => 
    [S2EM] => 
    [S2NM] =>  
    [S2PC] => 
    [S2PN] => 
    [S2ST] => 
    [SHTP] => 
    [CASH] => 10
    [DOB] => 1990-11-10
    [GENDER] => M
    [EMAL] => JUANDC@EXAMPLE.COM
)


2015-03-16T06:22:59Z
ResponseParameter:  billNo: P2kY5Sc901 | endTime:2015-03-16 06:22:59

2015-03-16T06:22:59Z
<?xml version="1.0" encoding="UTF-8"?>
<RESPONSE>
  <VERS>0600</VERS>
  <MODE>Q</MODE>
  <TRAN>3YMX05WHKBJN</TRAN>
  <MERC>680000</MERC>
  <SESS>00o8jk5iel9a05cfubmlu2uvd7</SESS>
  <ORDR>P2kY5Sc901</ORDR>
  <AUTO>A</AUTO>
  <SCOR>36</SCOR>
  <GEOX>US</GEOX>
  <BRND>VISA</BRND>
  <REGN></REGN>
  <NETW>A</NETW>
  <KAPT>N</KAPT>
  <CARDS>1</CARDS>
  <DEVICES>1</DEVICES>
  <EMAILS>1</EMAILS>
  <VELO>0</VELO>
  <VMAX>0</VMAX>
  <SITE>VERT999</SITE>
  <DEVICE_LAYERS>....</DEVICE_LAYERS>
  <FINGERPRINT></FINGERPRINT>
  <TIMEZONE></TIMEZONE>
  <LOCALTIME> </LOCALTIME>
  <REGION></REGION>
  <COUNTRY></COUNTRY>
  <PROXY></PROXY>
  <JAVASCRIPT></JAVASCRIPT>
  <FLASH></FLASH>
  <COOKIES></COOKIES>
  <HTTP_COUNTRY></HTTP_COUNTRY>
  <LANGUAGE></LANGUAGE>
  <MOBILE_DEVICE></MOBILE_DEVICE>
  <MOBILE_TYPE></MOBILE_TYPE>
  <MOBILE_FORWARDER></MOBILE_FORWARDER>
  <VOICE_DEVICE></VOICE_DEVICE>
  <PC_REMOTE></PC_REMOTE>
  <RULES_TRIGGERED>8</RULES_TRIGGERED>
  <RULE_ID_0>772998</RULE_ID_0>
  <RULE_DESCRIPTION_0>GEO Billing &lt;&gt; BIN Country (1pt)</RULE_DESCRIPTION_0>
  <RULE_ID_1>773002</RULE_ID_1>
  <RULE_DESCRIPTION_1>FRAUD_SCRD GEO Counter Triggered (5pts)</RULE_DESCRIPTION_1>
  <RULE_ID_2>773010</RULE_ID_2>
  <RULE_DESCRIPTION_2>FRAUD_SCRD Network Chargeback Exists (5pts)</RULE_DESCRIPTION_2>
  <RULE_ID_3>773012</RULE_ID_3>
  <RULE_DESCRIPTION_3>FRAUD_SCRD Non-Normal Network Type (10pts)</RULE_DESCRIPTION_3>
  <RULE_ID_4>772980</RULE_ID_4>
  <RULE_DESCRIPTION_4>Decline Merchant Chargebacks &gt;1</RULE_DESCRIPTION_4>
  <RULE_ID_5>773024</RULE_ID_5>
  <RULE_DESCRIPTION_5>Decline VIP List</RULE_DESCRIPTION_5>
  <RULE_ID_6>773026</RULE_ID_6>
  <RULE_DESCRIPTION_6>Approve VIP List Email</RULE_DESCRIPTION_6>
  <RULE_ID_7>793142</RULE_ID_7>
  <RULE_DESCRIPTION_7>Decline Customer Email Validation</RULE_DESCRIPTION_7>
  <COUNTERS_TRIGGERED>2</COUNTERS_TRIGGERED>
  <COUNTER_NAME_0>GEO</COUNTER_NAME_0>
  <COUNTER_VALUE_0>1</COUNTER_VALUE_0>
  <COUNTER_NAME_1>FRAUD_SCRD</COUNTER_NAME_1>
  <COUNTER_VALUE_1>20</COUNTER_VALUE_1>
  <REASON_CODE></REASON_CODE>
  <MASTERCARD></MASTERCARD>
  <DDFS></DDFS>
  <DSR></DSR>
  <UAS></UAS>
  <BROWSER></BROWSER>
  <OS></OS>
  <PIP_IPAD></PIP_IPAD>
  <PIP_LAT></PIP_LAT>
  <PIP_LON></PIP_LON>
  <PIP_COUNTRY></PIP_COUNTRY>
  <PIP_REGION></PIP_REGION>
  <PIP_CITY></PIP_CITY>
  <PIP_ORG></PIP_ORG>
  <IP_IPAD></IP_IPAD>
  <IP_LAT></IP_LAT>
  <IP_LON></IP_LON>
  <IP_COUNTRY></IP_COUNTRY>
  <IP_REGION></IP_REGION>
  <IP_CITY></IP_CITY>
  <IP_ORG></IP_ORG>
  <WARNING_COUNT>0</WARNING_COUNT>
</RESPONSE>

2015-03-16T06:27:20Z
RequestParameter:  billNo: P2kY5Sc902 | startTime:2015-03-16 06:27:20

2015-03-16T06:27:20Z
Array
(
    [MODE] => Q
    [FRMT] => XML
    [VERS] => 0600
    [MERC] => 680000
    [UDF[CUSTOMER_IPAD]] => 192.168.119.2
    [SESS] => 00o8jk5iel9a05cfubmlu2uvd7
    [ORDR] => P2kY5Sc902
    [CURR] => PHP
    [PENC] => KHASH
    [PTYP] => CARD
    [PTOK] => 4918912GXE0BUP1QG8K5
    [IPAD] => 192.168.119.2
    [MACK] => Y
    [PROD_DESC[0]] => Binary Trade
    [PROD_TYPE[0]] => SKU-PBN-BinaryTrade
    [PROD_ITEM[0]] => Binary Trade
    [PROD_QUANT[0]] => 1
    [PROD_PRICE[0]] => 1000
    [TOTL] => 1000
    [SITE] => VERT999
    [UDF[MERCHANT_ID]] => 10001MERPBNMER1
    [NAME] => Juan Dela Cruz
    [B2A1] => Bergstraße 17a
    [B2CC] => DE
    [B2CI] => Munich
    [B2PC] => 84456
    [B2PN] => 089 494949
    [B2ST] => BY
    [S2A1] => 
    [S2CC] => 
    [S2CI] => 
    [S2EM] => 
    [S2NM] =>  
    [S2PC] => 
    [S2PN] => 
    [S2ST] => 
    [SHTP] => 
    [CASH] => 10
    [DOB] => 1990-11-10
    [GENDER] => M
    [EMAL] => JOHNDOEAPPROVE@ACME.COM
)


2015-03-16T06:27:22Z
ResponseParameter:  billNo: P2kY5Sc902 | endTime:2015-03-16 06:27:22

2015-03-16T06:27:22Z
<?xml version="1.0" encoding="UTF-8"?>
<RESPONSE>
  <VERS>0600</VERS>
  <MODE>Q</MODE>
  <TRAN>3YMX02RSR680</TRAN>
  <MERC>680000</MERC>
  <SESS>00o8jk5iel9a05cfubmlu2uvd7</SESS>
  <ORDR>P2kY5Sc902</ORDR>
  <AUTO>A</AUTO>
  <SCOR>36</SCOR>
  <GEOX>US</GEOX>
  <BRND>VISA</BRND>
  <REGN></REGN>
  <NETW>A</NETW>
  <KAPT>N</KAPT>
  <CARDS>1</CARDS>
  <DEVICES>1</DEVICES>
  <EMAILS>1</EMAILS>
  <VELO>0</VELO>
  <VMAX>0</VMAX>
  <SITE>VERT999</SITE>
  <DEVICE_LAYERS>....</DEVICE_LAYERS>
  <FINGERPRINT></FINGERPRINT>
  <TIMEZONE></TIMEZONE>
  <LOCALTIME> </LOCALTIME>
  <REGION></REGION>
  <COUNTRY></COUNTRY>
  <PROXY></PROXY>
  <JAVASCRIPT></JAVASCRIPT>
  <FLASH></FLASH>
  <COOKIES></COOKIES>
  <HTTP_COUNTRY></HTTP_COUNTRY>
  <LANGUAGE></LANGUAGE>
  <MOBILE_DEVICE></MOBILE_DEVICE>
  <MOBILE_TYPE></MOBILE_TYPE>
  <MOBILE_FORWARDER></MOBILE_FORWARDER>
  <VOICE_DEVICE></VOICE_DEVICE>
  <PC_REMOTE></PC_REMOTE>
  <RULES_TRIGGERED>7</RULES_TRIGGERED>
  <RULE_ID_0>772998</RULE_ID_0>
  <RULE_DESCRIPTION_0>GEO Billing &lt;&gt; BIN Country (1pt)</RULE_DESCRIPTION_0>
  <RULE_ID_1>773002</RULE_ID_1>
  <RULE_DESCRIPTION_1>FRAUD_SCRD GEO Counter Triggered (5pts)</RULE_DESCRIPTION_1>
  <RULE_ID_2>773010</RULE_ID_2>
  <RULE_DESCRIPTION_2>FRAUD_SCRD Network Chargeback Exists (5pts)</RULE_DESCRIPTION_2>
  <RULE_ID_3>773012</RULE_ID_3>
  <RULE_DESCRIPTION_3>FRAUD_SCRD Non-Normal Network Type (10pts)</RULE_DESCRIPTION_3>
  <RULE_ID_4>772980</RULE_ID_4>
  <RULE_DESCRIPTION_4>Decline Merchant Chargebacks &gt;1</RULE_DESCRIPTION_4>
  <RULE_ID_5>773024</RULE_ID_5>
  <RULE_DESCRIPTION_5>Decline VIP List</RULE_DESCRIPTION_5>
  <RULE_ID_6>773026</RULE_ID_6>
  <RULE_DESCRIPTION_6>Approve VIP List Email</RULE_DESCRIPTION_6>
  <COUNTERS_TRIGGERED>2</COUNTERS_TRIGGERED>
  <COUNTER_NAME_0>GEO</COUNTER_NAME_0>
  <COUNTER_VALUE_0>1</COUNTER_VALUE_0>
  <COUNTER_NAME_1>FRAUD_SCRD</COUNTER_NAME_1>
  <COUNTER_VALUE_1>20</COUNTER_VALUE_1>
  <REASON_CODE></REASON_CODE>
  <MASTERCARD></MASTERCARD>
  <DDFS></DDFS>
  <DSR></DSR>
  <UAS></UAS>
  <BROWSER></BROWSER>
  <OS></OS>
  <PIP_IPAD></PIP_IPAD>
  <PIP_LAT></PIP_LAT>
  <PIP_LON></PIP_LON>
  <PIP_COUNTRY></PIP_COUNTRY>
  <PIP_REGION></PIP_REGION>
  <PIP_CITY></PIP_CITY>
  <PIP_ORG></PIP_ORG>
  <IP_IPAD></IP_IPAD>
  <IP_LAT></IP_LAT>
  <IP_LON></IP_LON>
  <IP_COUNTRY></IP_COUNTRY>
  <IP_REGION></IP_REGION>
  <IP_CITY></IP_CITY>
  <IP_ORG></IP_ORG>
  <WARNING_COUNT>0</WARNING_COUNT>
</RESPONSE>

2015-03-16T06:29:37Z
RequestParameter:  billNo: P2kY5Sc903 | startTime:2015-03-16 06:29:37

2015-03-16T06:29:37Z
Array
(
    [MODE] => Q
    [FRMT] => XML
    [VERS] => 0600
    [MERC] => 680000
    [UDF[CUSTOMER_IPAD]] => 192.168.119.2
    [SESS] => 00o8jk5iel9a05cfubmlu2uvd7
    [ORDR] => P2kY5Sc903
    [CURR] => PHP
    [PENC] => KHASH
    [PTYP] => CARD
    [PTOK] => 4918912GXE0BUP1QG8K5
    [IPAD] => 192.168.119.2
    [MACK] => Y
    [PROD_DESC[0]] => Binary Trade
    [PROD_TYPE[0]] => SKU-PBN-BinaryTrade
    [PROD_ITEM[0]] => Binary Trade
    [PROD_QUANT[0]] => 1
    [PROD_PRICE[0]] => 1000
    [TOTL] => 1000
    [SITE] => VERT999
    [UDF[MERCHANT_ID]] => 10001MERPBNMER1
    [NAME] => Juan Dela Cruz
    [B2A1] => Bergstraße 17a
    [B2CC] => DE
    [B2CI] => Munich
    [B2PC] => 84456
    [B2PN] => 089 494949
    [B2ST] => BY
    [S2A1] => 
    [S2CC] => 
    [S2CI] => 
    [S2EM] => 
    [S2NM] =>  
    [S2PC] => 
    [S2PN] => 
    [S2ST] => 
    [SHTP] => 
    [CASH] => 10
    [DOB] => 1990-11-10
    [GENDER] => M
    [EMAL] => JOHNDOEAPPROVE@ACME.COM
)


2015-03-16T06:29:38Z
ResponseParameter:  billNo: P2kY5Sc903 | endTime:2015-03-16 06:29:38

2015-03-16T06:29:38Z
<?xml version="1.0" encoding="UTF-8"?>
<RESPONSE>
  <VERS>0600</VERS>
  <MODE>Q</MODE>
  <TRAN>3YMX0ZHQB1HT</TRAN>
  <MERC>680000</MERC>
  <SESS>00o8jk5iel9a05cfubmlu2uvd7</SESS>
  <ORDR>P2kY5Sc903</ORDR>
  <AUTO>A</AUTO>
  <SCOR>36</SCOR>
  <GEOX>US</GEOX>
  <BRND>VISA</BRND>
  <REGN></REGN>
  <NETW>A</NETW>
  <KAPT>N</KAPT>
  <CARDS>1</CARDS>
  <DEVICES>1</DEVICES>
  <EMAILS>1</EMAILS>
  <VELO>0</VELO>
  <VMAX>0</VMAX>
  <SITE>VERT999</SITE>
  <DEVICE_LAYERS>....</DEVICE_LAYERS>
  <FINGERPRINT></FINGERPRINT>
  <TIMEZONE></TIMEZONE>
  <LOCALTIME> </LOCALTIME>
  <REGION></REGION>
  <COUNTRY></COUNTRY>
  <PROXY></PROXY>
  <JAVASCRIPT></JAVASCRIPT>
  <FLASH></FLASH>
  <COOKIES></COOKIES>
  <HTTP_COUNTRY></HTTP_COUNTRY>
  <LANGUAGE></LANGUAGE>
  <MOBILE_DEVICE></MOBILE_DEVICE>
  <MOBILE_TYPE></MOBILE_TYPE>
  <MOBILE_FORWARDER></MOBILE_FORWARDER>
  <VOICE_DEVICE></VOICE_DEVICE>
  <PC_REMOTE></PC_REMOTE>
  <RULES_TRIGGERED>7</RULES_TRIGGERED>
  <RULE_ID_0>772998</RULE_ID_0>
  <RULE_DESCRIPTION_0>GEO Billing &lt;&gt; BIN Country (1pt)</RULE_DESCRIPTION_0>
  <RULE_ID_1>773002</RULE_ID_1>
  <RULE_DESCRIPTION_1>FRAUD_SCRD GEO Counter Triggered (5pts)</RULE_DESCRIPTION_1>
  <RULE_ID_2>773010</RULE_ID_2>
  <RULE_DESCRIPTION_2>FRAUD_SCRD Network Chargeback Exists (5pts)</RULE_DESCRIPTION_2>
  <RULE_ID_3>773012</RULE_ID_3>
  <RULE_DESCRIPTION_3>FRAUD_SCRD Non-Normal Network Type (10pts)</RULE_DESCRIPTION_3>
  <RULE_ID_4>772980</RULE_ID_4>
  <RULE_DESCRIPTION_4>Decline Merchant Chargebacks &gt;1</RULE_DESCRIPTION_4>
  <RULE_ID_5>773024</RULE_ID_5>
  <RULE_DESCRIPTION_5>Decline VIP List</RULE_DESCRIPTION_5>
  <RULE_ID_6>773026</RULE_ID_6>
  <RULE_DESCRIPTION_6>Approve VIP List Email</RULE_DESCRIPTION_6>
  <COUNTERS_TRIGGERED>2</COUNTERS_TRIGGERED>
  <COUNTER_NAME_0>GEO</COUNTER_NAME_0>
  <COUNTER_VALUE_0>1</COUNTER_VALUE_0>
  <COUNTER_NAME_1>FRAUD_SCRD</COUNTER_NAME_1>
  <COUNTER_VALUE_1>20</COUNTER_VALUE_1>
  <REASON_CODE></REASON_CODE>
  <MASTERCARD></MASTERCARD>
  <DDFS></DDFS>
  <DSR></DSR>
  <UAS></UAS>
  <BROWSER></BROWSER>
  <OS></OS>
  <PIP_IPAD></PIP_IPAD>
  <PIP_LAT></PIP_LAT>
  <PIP_LON></PIP_LON>
  <PIP_COUNTRY></PIP_COUNTRY>
  <PIP_REGION></PIP_REGION>
  <PIP_CITY></PIP_CITY>
  <PIP_ORG></PIP_ORG>
  <IP_IPAD></IP_IPAD>
  <IP_LAT></IP_LAT>
  <IP_LON></IP_LON>
  <IP_COUNTRY></IP_COUNTRY>
  <IP_REGION></IP_REGION>
  <IP_CITY></IP_CITY>
  <IP_ORG></IP_ORG>
  <WARNING_COUNT>0</WARNING_COUNT>
</RESPONSE>

2015-03-16T06:37:10Z
RequestParameter:  billNo: P2kY5Sc904 | startTime:2015-03-16 06:37:10

2015-03-16T06:37:10Z
Array
(
    [MODE] => Q
    [FRMT] => XML
    [VERS] => 0600
    [MERC] => 680000
    [UDF[CUSTOMER_IPAD]] => 192.168.119.2
    [SESS] => 00o8jk5iel9a05cfubmlu2uvd7
    [ORDR] => P2kY5Sc904
    [CURR] => PHP
    [PENC] => KHASH
    [PTYP] => CARD
    [PTOK] => 4918912GXE0BUP1QG8K5
    [IPAD] => 192.168.119.2
    [MACK] => Y
    [PROD_DESC[0]] => Binary Trade
    [PROD_TYPE[0]] => SKU-PBN-BinaryTrade
    [PROD_ITEM[0]] => Binary Trade
    [PROD_QUANT[0]] => 1
    [PROD_PRICE[0]] => 1000
    [TOTL] => 1000
    [SITE] => VERT999
    [UDF[MERCHANT_ID]] => 10001MERPBNMER1
    [NAME] => Juan Dela Cruz
    [B2A1] => Bergstraße 17a
    [B2CC] => DE
    [B2CI] => Munich
    [B2PC] => 84456
    [B2PN] => 089 494949
    [B2ST] => BY
    [S2A1] => 
    [S2CC] => 
    [S2CI] => 
    [S2EM] => 
    [S2NM] =>  
    [S2PC] => 
    [S2PN] => 
    [S2ST] => 
    [SHTP] => 
    [CASH] => 10
    [DOB] => 1990-11-10
    [GENDER] => M
    [EMAL] => JOHNDOEAPPROVE@ACME.COM
)


2015-03-16T06:37:11Z
ResponseParameter:  billNo: P2kY5Sc904 | endTime:2015-03-16 06:37:11

2015-03-16T06:37:11Z
<?xml version="1.0" encoding="UTF-8"?>
<RESPONSE>
  <VERS>0600</VERS>
  <MODE>Q</MODE>
  <TRAN>3YMX0PTPHTS9</TRAN>
  <MERC>680000</MERC>
  <SESS>00o8jk5iel9a05cfubmlu2uvd7</SESS>
  <ORDR>P2kY5Sc904</ORDR>
  <AUTO>A</AUTO>
  <SCOR>36</SCOR>
  <GEOX>US</GEOX>
  <BRND>VISA</BRND>
  <REGN></REGN>
  <NETW>A</NETW>
  <KAPT>N</KAPT>
  <CARDS>1</CARDS>
  <DEVICES>1</DEVICES>
  <EMAILS>1</EMAILS>
  <VELO>0</VELO>
  <VMAX>0</VMAX>
  <SITE>VERT999</SITE>
  <DEVICE_LAYERS>....</DEVICE_LAYERS>
  <FINGERPRINT></FINGERPRINT>
  <TIMEZONE></TIMEZONE>
  <LOCALTIME> </LOCALTIME>
  <REGION></REGION>
  <COUNTRY></COUNTRY>
  <PROXY></PROXY>
  <JAVASCRIPT></JAVASCRIPT>
  <FLASH></FLASH>
  <COOKIES></COOKIES>
  <HTTP_COUNTRY></HTTP_COUNTRY>
  <LANGUAGE></LANGUAGE>
  <MOBILE_DEVICE></MOBILE_DEVICE>
  <MOBILE_TYPE></MOBILE_TYPE>
  <MOBILE_FORWARDER></MOBILE_FORWARDER>
  <VOICE_DEVICE></VOICE_DEVICE>
  <PC_REMOTE></PC_REMOTE>
  <RULES_TRIGGERED>7</RULES_TRIGGERED>
  <RULE_ID_0>772998</RULE_ID_0>
  <RULE_DESCRIPTION_0>GEO Billing &lt;&gt; BIN Country (1pt)</RULE_DESCRIPTION_0>
  <RULE_ID_1>773002</RULE_ID_1>
  <RULE_DESCRIPTION_1>FRAUD_SCRD GEO Counter Triggered (5pts)</RULE_DESCRIPTION_1>
  <RULE_ID_2>773010</RULE_ID_2>
  <RULE_DESCRIPTION_2>FRAUD_SCRD Network Chargeback Exists (5pts)</RULE_DESCRIPTION_2>
  <RULE_ID_3>773012</RULE_ID_3>
  <RULE_DESCRIPTION_3>FRAUD_SCRD Non-Normal Network Type (10pts)</RULE_DESCRIPTION_3>
  <RULE_ID_4>772980</RULE_ID_4>
  <RULE_DESCRIPTION_4>Decline Merchant Chargebacks &gt;1</RULE_DESCRIPTION_4>
  <RULE_ID_5>773024</RULE_ID_5>
  <RULE_DESCRIPTION_5>Decline VIP List</RULE_DESCRIPTION_5>
  <RULE_ID_6>773026</RULE_ID_6>
  <RULE_DESCRIPTION_6>Approve VIP List Email</RULE_DESCRIPTION_6>
  <COUNTERS_TRIGGERED>2</COUNTERS_TRIGGERED>
  <COUNTER_NAME_0>GEO</COUNTER_NAME_0>
  <COUNTER_VALUE_0>1</COUNTER_VALUE_0>
  <COUNTER_NAME_1>FRAUD_SCRD</COUNTER_NAME_1>
  <COUNTER_VALUE_1>20</COUNTER_VALUE_1>
  <REASON_CODE></REASON_CODE>
  <MASTERCARD></MASTERCARD>
  <DDFS></DDFS>
  <DSR></DSR>
  <UAS></UAS>
  <BROWSER></BROWSER>
  <OS></OS>
  <PIP_IPAD></PIP_IPAD>
  <PIP_LAT></PIP_LAT>
  <PIP_LON></PIP_LON>
  <PIP_COUNTRY></PIP_COUNTRY>
  <PIP_REGION></PIP_REGION>
  <PIP_CITY></PIP_CITY>
  <PIP_ORG></PIP_ORG>
  <IP_IPAD></IP_IPAD>
  <IP_LAT></IP_LAT>
  <IP_LON></IP_LON>
  <IP_COUNTRY></IP_COUNTRY>
  <IP_REGION></IP_REGION>
  <IP_CITY></IP_CITY>
  <IP_ORG></IP_ORG>
  <WARNING_COUNT>0</WARNING_COUNT>
</RESPONSE>

2015-03-16T06:38:39Z
RequestParameter:  billNo: P2kY5Sc905 | startTime:2015-03-16 06:38:39

2015-03-16T06:38:39Z
Array
(
    [MODE] => Q
    [FRMT] => XML
    [VERS] => 0600
    [MERC] => 680000
    [UDF[CUSTOMER_IPAD]] => 192.168.119.2
    [SESS] => 00o8jk5iel9a05cfubmlu2uvd7
    [ORDR] => P2kY5Sc905
    [CURR] => PHP
    [PENC] => KHASH
    [PTYP] => CARD
    [PTOK] => 4918912GXE0BUP1QG8K5
    [IPAD] => 192.168.119.2
    [MACK] => Y
    [PROD_DESC[0]] => Binary Trade
    [PROD_TYPE[0]] => SKU-PBN-BinaryTrade
    [PROD_ITEM[0]] => Binary Trade
    [PROD_QUANT[0]] => 1
    [PROD_PRICE[0]] => 1000
    [TOTL] => 1000
    [SITE] => VERT999
    [UDF[MERCHANT_ID]] => 10001MERPBNMER1
    [NAME] => Juan Dela Cruz
    [B2A1] => Bergstraße 17a
    [B2CC] => DE
    [B2CI] => Munich
    [B2PC] => 84456
    [B2PN] => 089 494949
    [B2ST] => BY
    [S2A1] => 
    [S2CC] => 
    [S2CI] => 
    [S2EM] => 
    [S2NM] =>  
    [S2PC] => 
    [S2PN] => 
    [S2ST] => 
    [SHTP] => 
    [CASH] => 10
    [DOB] => 1990-11-10
    [GENDER] => M
    [EMAL] => JOHNDOEAPPROVE@ACME.COM
)


2015-03-16T06:38:41Z
ResponseParameter:  billNo: P2kY5Sc905 | endTime:2015-03-16 06:38:41

2015-03-16T06:38:41Z
<?xml version="1.0" encoding="UTF-8"?>
<RESPONSE>
  <VERS>0600</VERS>
  <MODE>Q</MODE>
  <TRAN>3YMX0T3NXYPK</TRAN>
  <MERC>680000</MERC>
  <SESS>00o8jk5iel9a05cfubmlu2uvd7</SESS>
  <ORDR>P2kY5Sc905</ORDR>
  <AUTO>A</AUTO>
  <SCOR>36</SCOR>
  <GEOX>US</GEOX>
  <BRND>VISA</BRND>
  <REGN></REGN>
  <NETW>A</NETW>
  <KAPT>N</KAPT>
  <CARDS>1</CARDS>
  <DEVICES>1</DEVICES>
  <EMAILS>1</EMAILS>
  <VELO>0</VELO>
  <VMAX>0</VMAX>
  <SITE>VERT999</SITE>
  <DEVICE_LAYERS>....</DEVICE_LAYERS>
  <FINGERPRINT></FINGERPRINT>
  <TIMEZONE></TIMEZONE>
  <LOCALTIME> </LOCALTIME>
  <REGION></REGION>
  <COUNTRY></COUNTRY>
  <PROXY></PROXY>
  <JAVASCRIPT></JAVASCRIPT>
  <FLASH></FLASH>
  <COOKIES></COOKIES>
  <HTTP_COUNTRY></HTTP_COUNTRY>
  <LANGUAGE></LANGUAGE>
  <MOBILE_DEVICE></MOBILE_DEVICE>
  <MOBILE_TYPE></MOBILE_TYPE>
  <MOBILE_FORWARDER></MOBILE_FORWARDER>
  <VOICE_DEVICE></VOICE_DEVICE>
  <PC_REMOTE></PC_REMOTE>
  <RULES_TRIGGERED>7</RULES_TRIGGERED>
  <RULE_ID_0>772998</RULE_ID_0>
  <RULE_DESCRIPTION_0>GEO Billing &lt;&gt; BIN Country (1pt)</RULE_DESCRIPTION_0>
  <RULE_ID_1>773002</RULE_ID_1>
  <RULE_DESCRIPTION_1>FRAUD_SCRD GEO Counter Triggered (5pts)</RULE_DESCRIPTION_1>
  <RULE_ID_2>773010</RULE_ID_2>
  <RULE_DESCRIPTION_2>FRAUD_SCRD Network Chargeback Exists (5pts)</RULE_DESCRIPTION_2>
  <RULE_ID_3>773012</RULE_ID_3>
  <RULE_DESCRIPTION_3>FRAUD_SCRD Non-Normal Network Type (10pts)</RULE_DESCRIPTION_3>
  <RULE_ID_4>772980</RULE_ID_4>
  <RULE_DESCRIPTION_4>Decline Merchant Chargebacks &gt;1</RULE_DESCRIPTION_4>
  <RULE_ID_5>773024</RULE_ID_5>
  <RULE_DESCRIPTION_5>Decline VIP List</RULE_DESCRIPTION_5>
  <RULE_ID_6>773026</RULE_ID_6>
  <RULE_DESCRIPTION_6>Approve VIP List Email</RULE_DESCRIPTION_6>
  <COUNTERS_TRIGGERED>2</COUNTERS_TRIGGERED>
  <COUNTER_NAME_0>GEO</COUNTER_NAME_0>
  <COUNTER_VALUE_0>1</COUNTER_VALUE_0>
  <COUNTER_NAME_1>FRAUD_SCRD</COUNTER_NAME_1>
  <COUNTER_VALUE_1>20</COUNTER_VALUE_1>
  <REASON_CODE></REASON_CODE>
  <MASTERCARD></MASTERCARD>
  <DDFS></DDFS>
  <DSR></DSR>
  <UAS></UAS>
  <BROWSER></BROWSER>
  <OS></OS>
  <PIP_IPAD></PIP_IPAD>
  <PIP_LAT></PIP_LAT>
  <PIP_LON></PIP_LON>
  <PIP_COUNTRY></PIP_COUNTRY>
  <PIP_REGION></PIP_REGION>
  <PIP_CITY></PIP_CITY>
  <PIP_ORG></PIP_ORG>
  <IP_IPAD></IP_IPAD>
  <IP_LAT></IP_LAT>
  <IP_LON></IP_LON>
  <IP_COUNTRY></IP_COUNTRY>
  <IP_REGION></IP_REGION>
  <IP_CITY></IP_CITY>
  <IP_ORG></IP_ORG>
  <WARNING_COUNT>0</WARNING_COUNT>
</RESPONSE>

2015-03-16T06:42:56Z
RequestParameter:  billNo: P2kY5Sc906 | startTime:2015-03-16 06:42:56

2015-03-16T06:42:56Z
Array
(
    [MODE] => Q
    [FRMT] => XML
    [VERS] => 0600
    [MERC] => 680000
    [UDF[CUSTOMER_IPAD]] => 192.168.119.2
    [SESS] => tajimb9i7hr4loqg3icq23cen7
    [ORDR] => P2kY5Sc906
    [CURR] => PHP
    [PENC] => KHASH
    [PTYP] => CARD
    [PTOK] => 4918912GXE0BUP1QG8K5
    [IPAD] => 192.168.119.2
    [MACK] => Y
    [PROD_DESC[0]] => Binary Trade
    [PROD_TYPE[0]] => SKU-PBN-BinaryTrade
    [PROD_ITEM[0]] => Binary Trade
    [PROD_QUANT[0]] => 1
    [PROD_PRICE[0]] => 1000
    [TOTL] => 1000
    [SITE] => VERT999
    [UDF[MERCHANT_ID]] => 10001MERPBNMER1
    [NAME] => Juan Dela Cruz
    [B2A1] => Bergstraße 17a
    [B2CC] => DE
    [B2CI] => Munich
    [B2PC] => 84456
    [B2PN] => 089 494949
    [B2ST] => BY
    [S2A1] => 
    [S2CC] => 
    [S2CI] => 
    [S2EM] => 
    [S2NM] =>  
    [S2PC] => 
    [S2PN] => 
    [S2ST] => 
    [SHTP] => 
    [CASH] => 10
    [DOB] => 1990-11-10
    [GENDER] => M
    [EMAL] => JOHNDOEAPPROVE@ACME.COM
)


2015-03-16T06:42:58Z
ResponseParameter:  billNo: P2kY5Sc906 | endTime:2015-03-16 06:42:58

2015-03-16T06:42:58Z
<?xml version="1.0" encoding="UTF-8"?>
<RESPONSE>
  <VERS>0600</VERS>
  <MODE>Q</MODE>
  <TRAN>3YMX0GS15HZQ</TRAN>
  <MERC>680000</MERC>
  <SESS>tajimb9i7hr4loqg3icq23cen7</SESS>
  <ORDR>P2kY5Sc906</ORDR>
  <AUTO>A</AUTO>
  <SCOR>27</SCOR>
  <GEOX>PH</GEOX>
  <BRND>VISA</BRND>
  <REGN></REGN>
  <NETW>A</NETW>
  <KAPT>Y</KAPT>
  <CARDS>1</CARDS>
  <DEVICES>1</DEVICES>
  <EMAILS>1</EMAILS>
  <VELO>0</VELO>
  <VMAX>0</VMAX>
  <SITE>VERT999</SITE>
  <DEVICE_LAYERS>1E46F64B89.E5D64D75D0.536E3617E4.A80EBD4F24.A7309E109F</DEVICE_LAYERS>
  <FINGERPRINT>0F65054BD044DA56A7234149EB79C284</FINGERPRINT>
  <TIMEZONE>960</TIMEZONE>
  <LOCALTIME>2015-03-16 14:43</LOCALTIME>
  <REGION></REGION>
  <COUNTRY>PH</COUNTRY>
  <PROXY>N</PROXY>
  <JAVASCRIPT>Y</JAVASCRIPT>
  <FLASH>Y</FLASH>
  <COOKIES>Y</COOKIES>
  <HTTP_COUNTRY>US</HTTP_COUNTRY>
  <LANGUAGE>EN</LANGUAGE>
  <MOBILE_DEVICE>N</MOBILE_DEVICE>
  <MOBILE_TYPE></MOBILE_TYPE>
  <MOBILE_FORWARDER>N</MOBILE_FORWARDER>
  <VOICE_DEVICE>N</VOICE_DEVICE>
  <PC_REMOTE>N</PC_REMOTE>
  <RULES_TRIGGERED>9</RULES_TRIGGERED>
  <RULE_ID_0>772992</RULE_ID_0>
  <RULE_DESCRIPTION_0>GEO Billing &lt;&gt; Device Country (1pt)</RULE_DESCRIPTION_0>
  <RULE_ID_1>772996</RULE_ID_1>
  <RULE_DESCRIPTION_1>GEO BIN and Device Country not equal (1pt)</RULE_DESCRIPTION_1>
  <RULE_ID_2>772998</RULE_ID_2>
  <RULE_DESCRIPTION_2>GEO Billing &lt;&gt; BIN Country (1pt)</RULE_DESCRIPTION_2>
  <RULE_ID_3>773002</RULE_ID_3>
  <RULE_DESCRIPTION_3>FRAUD_SCRD GEO Counter Triggered (5pts)</RULE_DESCRIPTION_3>
  <RULE_ID_4>773010</RULE_ID_4>
  <RULE_DESCRIPTION_4>FRAUD_SCRD Network Chargeback Exists (5pts)</RULE_DESCRIPTION_4>
  <RULE_ID_5>773012</RULE_ID_5>
  <RULE_DESCRIPTION_5>FRAUD_SCRD Non-Normal Network Type (10pts)</RULE_DESCRIPTION_5>
  <RULE_ID_6>772980</RULE_ID_6>
  <RULE_DESCRIPTION_6>Decline Merchant Chargebacks &gt;1</RULE_DESCRIPTION_6>
  <RULE_ID_7>773024</RULE_ID_7>
  <RULE_DESCRIPTION_7>Decline VIP List</RULE_DESCRIPTION_7>
  <RULE_ID_8>773026</RULE_ID_8>
  <RULE_DESCRIPTION_8>Approve VIP List Email</RULE_DESCRIPTION_8>
  <COUNTERS_TRIGGERED>2</COUNTERS_TRIGGERED>
  <COUNTER_NAME_0>GEO</COUNTER_NAME_0>
  <COUNTER_VALUE_0>3</COUNTER_VALUE_0>
  <COUNTER_NAME_1>FRAUD_SCRD</COUNTER_NAME_1>
  <COUNTER_VALUE_1>20</COUNTER_VALUE_1>
  <REASON_CODE></REASON_CODE>
  <MASTERCARD></MASTERCARD>
  <DDFS>2015-03-15</DDFS>
  <DSR>768x1366</DSR>
  <UAS>Mozilla/5.0 (Windows NT 6.3; WOW64) AppleWebKit/537.36 (KHTML, like Gecko) Chrome/41.0.2272.89 Safari/537.36</UAS>
  <BROWSER>Chrome 41.0.2272.89</BROWSER>
  <OS>Windows 8.1</OS>
  <PIP_IPAD></PIP_IPAD>
  <PIP_LAT></PIP_LAT>
  <PIP_LON></PIP_LON>
  <PIP_COUNTRY></PIP_COUNTRY>
  <PIP_REGION></PIP_REGION>
  <PIP_CITY></PIP_CITY>
  <PIP_ORG></PIP_ORG>
  <IP_IPAD>114.108.239.103</IP_IPAD>
  <IP_LAT>14.5833</IP_LAT>
  <IP_LON>120.9667</IP_LON>
  <IP_COUNTRY>PH</IP_COUNTRY>
  <IP_REGION>UNKNOWN</IP_REGION>
  <IP_CITY></IP_CITY>
  <IP_ORG>SKY BROADBAND</IP_ORG>
  <WARNING_COUNT>0</WARNING_COUNT>
</RESPONSE>

2015-03-16T07:26:45Z
RequestParameter:  billNo: 2W9JN14260690333 | startTime:2015-03-16 07:26:45

2015-03-16T07:26:45Z
Array
(
    [MODE] => P
    [FRMT] => XML
    [VERS] => 0600
    [MERC] => 680000
    [UDF[CUSTOMER_IPAD]] => 114.108.239.103
    [SESS] => 2W9JN14260690333
    [ORDR] => 2W9JN14260690333
    [CURR] => PHP
    [PENC] => KHASH
    [PTYP] => CARD
    [PTOK] => 4918912GXE0BUP1QG8K5
    [IPAD] => 10.0.0.1
    [MACK] => Y
    [PROD_DESC[0]] => Test
    [PROD_TYPE[0]] => tv
    [PROD_ITEM[0]] => 1
    [PROD_QUANT[0]] => 1
    [PROD_PRICE[0]] => 1000
    [TOTL] => 1000
    [SITE] => VERT999
    [UDF[MERCHANT_ID]] => 10001MERTEST001
    [NAME] => Juan Dela Cruz
    [B2A1] => address
    [B2CC] => PH
    [B2CI] => city
    [B2PC] => 12345
    [B2PN] => 123456789
    [B2ST] => state
    [S2A1] => 
    [S2CC] => 
    [S2CI] => 
    [S2EM] => 
    [S2NM] =>  
    [S2PC] => 
    [S2PN] => 
    [S2ST] => 
    [SHTP] => 
    [CASH] => 10
    [DOB] => 1970-03-16
    [GENDER] => M
    [EMAL] => JUANDC@EXAMPLE.COM
    [ANID] => 123456789
)


2015-03-16T07:26:46Z
ResponseParameter:  billNo: 2W9JN14260690333 | endTime:2015-03-16 07:26:46

2015-03-16T07:26:46Z
<?xml version="1.0" encoding="UTF-8"?>
<RESPONSE>
  <VERS>0600</VERS>
  <MODE>P</MODE>
  <TRAN>3YM90K6197LB</TRAN>
  <MERC>680000</MERC>
  <SESS>2W9JN14260690333</SESS>
  <ORDR>2W9JN14260690333</ORDR>
  <AUTO>A</AUTO>
  <SCOR>29</SCOR>
  <GEOX>US</GEOX>
  <BRND>VISA</BRND>
  <REGN></REGN>
  <NETW>N</NETW>
  <KAPT>N</KAPT>
  <CARDS>1</CARDS>
  <DEVICES>1</DEVICES>
  <EMAILS>1</EMAILS>
  <VELO>0</VELO>
  <VMAX>0</VMAX>
  <RULES_TRIGGERED>7</RULES_TRIGGERED>
  <RULE_ID_0>772998</RULE_ID_0>
  <RULE_DESCRIPTION_0>GEO Billing &lt;&gt; BIN Country (1pt)</RULE_DESCRIPTION_0>
  <RULE_ID_1>773002</RULE_ID_1>
  <RULE_DESCRIPTION_1>FRAUD_SCRD GEO Counter Triggered (5pts)</RULE_DESCRIPTION_1>
  <RULE_ID_2>773010</RULE_ID_2>
  <RULE_DESCRIPTION_2>FRAUD_SCRD Network Chargeback Exists (5pts)</RULE_DESCRIPTION_2>
  <RULE_ID_3>772980</RULE_ID_3>
  <RULE_DESCRIPTION_3>Decline Merchant Chargebacks &gt;1</RULE_DESCRIPTION_3>
  <RULE_ID_4>773024</RULE_ID_4>
  <RULE_DESCRIPTION_4>Decline VIP List</RULE_DESCRIPTION_4>
  <RULE_ID_5>773026</RULE_ID_5>
  <RULE_DESCRIPTION_5>Approve VIP List Email</RULE_DESCRIPTION_5>
  <RULE_ID_6>793142</RULE_ID_6>
  <RULE_DESCRIPTION_6>Decline Customer Email Validation</RULE_DESCRIPTION_6>
  <COUNTERS_TRIGGERED>2</COUNTERS_TRIGGERED>
  <COUNTER_NAME_0>GEO</COUNTER_NAME_0>
  <COUNTER_VALUE_0>1</COUNTER_VALUE_0>
  <COUNTER_NAME_1>FRAUD_SCRD</COUNTER_NAME_1>
  <COUNTER_VALUE_1>10</COUNTER_VALUE_1>
  <REASON_CODE></REASON_CODE>
  <MASTERCARD></MASTERCARD>
  <DDFS></DDFS>
  <DSR></DSR>
  <UAS></UAS>
  <BROWSER></BROWSER>
  <OS></OS>
  <PIP_IPAD></PIP_IPAD>
  <PIP_LAT></PIP_LAT>
  <PIP_LON></PIP_LON>
  <PIP_COUNTRY></PIP_COUNTRY>
  <PIP_REGION></PIP_REGION>
  <PIP_CITY></PIP_CITY>
  <PIP_ORG></PIP_ORG>
  <IP_IPAD></IP_IPAD>
  <IP_LAT></IP_LAT>
  <IP_LON></IP_LON>
  <IP_COUNTRY></IP_COUNTRY>
  <IP_REGION></IP_REGION>
  <IP_CITY></IP_CITY>
  <IP_ORG></IP_ORG>
  <WARNING_COUNT>0</WARNING_COUNT>
</RESPONSE>

2015-03-16T09:52:24Z
RequestParameter:  billNo: TxBnd1426499544 | startTime:2015-03-16 09:52:24

2015-03-16T09:52:24Z
Array
(
    [MODE] => P
    [FRMT] => XML
    [VERS] => 0600
    [MERC] => 680000
    [UDF[CUSTOMER_IPAD]] => 85.13.225.159
    [SESS] => TxBnd1426499544
    [ORDR] => TxBnd1426499544
    [CURR] => PHP
    [PENC] => KHASH
    [PTYP] => CARD
    [PTOK] => 4918912GXE0BUP1QG8K5
    [IPAD] => 10.0.0.1
    [MACK] => Y
    [PROD_DESC[0]] => ojo
    [PROD_TYPE[0]] => oo
    [PROD_ITEM[0]] => tt
    [PROD_QUANT[0]] => 1
    [PROD_PRICE[0]] => 20000
    [TOTL] => 20000
    [SITE] => VERT001
    [UDF[MERCHANT_ID]] => 10001MERACIM
    [NAME] => Juan Dela Cruz
    [B2A1] => 15 Chemin de Calas
    [B2CC] => PH
    [B2CI] => Moissac
    [B2PC] => 82200
    [B2PN] => 48828248
    [B2ST] => klkk
    [S2A1] => 
    [S2CC] => 
    [S2CI] => 
    [S2EM] => 
    [S2NM] =>  
    [S2PC] => 
    [S2PN] => 
    [S2ST] => 
    [SHTP] => 
    [CASH] => 200
    [DOB] => 2015-03-03
    [GENDER] => M
    [EMAL] => JUANDCDECLINE@EXAMPLE.COM
    [ANID] => 48828248
)


2015-03-16T09:52:27Z
ResponseParameter:  billNo: TxBnd1426499544 | endTime:2015-03-16 09:52:27

2015-03-16T09:52:27Z
<?xml version="1.0" encoding="UTF-8"?>
<RESPONSE>
  <VERS>0600</VERS>
  <MODE>P</MODE>
  <TRAN>3YM502DNVB7V</TRAN>
  <MERC>680000</MERC>
  <SESS>TxBnd1426499544</SESS>
  <ORDR>TxBnd1426499544</ORDR>
  <AUTO>D</AUTO>
  <SCOR>29</SCOR>
  <GEOX>US</GEOX>
  <BRND>VISA</BRND>
  <REGN></REGN>
  <NETW>N</NETW>
  <KAPT>N</KAPT>
  <CARDS>1</CARDS>
  <DEVICES>1</DEVICES>
  <EMAILS>1</EMAILS>
  <VELO>0</VELO>
  <VMAX>0</VMAX>
  <RULES_TRIGGERED>6</RULES_TRIGGERED>
  <RULE_ID_0>772998</RULE_ID_0>
  <RULE_DESCRIPTION_0>GEO Billing &lt;&gt; BIN Country (1pt)</RULE_DESCRIPTION_0>
  <RULE_ID_1>773002</RULE_ID_1>
  <RULE_DESCRIPTION_1>FRAUD_SCRD GEO Counter Triggered (5pts)</RULE_DESCRIPTION_1>
  <RULE_ID_2>773010</RULE_ID_2>
  <RULE_DESCRIPTION_2>FRAUD_SCRD Network Chargeback Exists (5pts)</RULE_DESCRIPTION_2>
  <RULE_ID_3>772980</RULE_ID_3>
  <RULE_DESCRIPTION_3>Decline Merchant Chargebacks &gt;1</RULE_DESCRIPTION_3>
  <RULE_ID_4>773024</RULE_ID_4>
  <RULE_DESCRIPTION_4>Decline VIP List</RULE_DESCRIPTION_4>
  <RULE_ID_5>793142</RULE_ID_5>
  <RULE_DESCRIPTION_5>Decline Customer Email Validation</RULE_DESCRIPTION_5>
  <COUNTERS_TRIGGERED>2</COUNTERS_TRIGGERED>
  <COUNTER_NAME_0>GEO</COUNTER_NAME_0>
  <COUNTER_VALUE_0>1</COUNTER_VALUE_0>
  <COUNTER_NAME_1>FRAUD_SCRD</COUNTER_NAME_1>
  <COUNTER_VALUE_1>10</COUNTER_VALUE_1>
  <REASON_CODE></REASON_CODE>
  <MASTERCARD></MASTERCARD>
  <DDFS></DDFS>
  <DSR></DSR>
  <UAS></UAS>
  <BROWSER></BROWSER>
  <OS></OS>
  <PIP_IPAD></PIP_IPAD>
  <PIP_LAT></PIP_LAT>
  <PIP_LON></PIP_LON>
  <PIP_COUNTRY></PIP_COUNTRY>
  <PIP_REGION></PIP_REGION>
  <PIP_CITY></PIP_CITY>
  <PIP_ORG></PIP_ORG>
  <IP_IPAD></IP_IPAD>
  <IP_LAT></IP_LAT>
  <IP_LON></IP_LON>
  <IP_COUNTRY></IP_COUNTRY>
  <IP_REGION></IP_REGION>
  <IP_CITY></IP_CITY>
  <IP_ORG></IP_ORG>
  <WARNING_COUNT>0</WARNING_COUNT>
</RESPONSE>

2015-03-16T14:17:12Z
RequestParameter:  billNo: 103248_5506e5ec3b5de | startTime:2015-03-16 14:17:12

2015-03-16T14:17:12Z
Array
(
    [MODE] => Q
    [FRMT] => XML
    [VERS] => 0600
    [MERC] => 680000
    [UDF[CUSTOMER_IPAD]] => 178.32.62.189
    [SESS] => i9d73k0slgedej4nlaoc845hr5
    [ORDR] => 103248_5506e5ec3b5de
    [CURR] => PHP
    [PENC] => KHASH
    [PTYP] => CARD
    [PTOK] => 4918912GXE0BUP1QG8K5
    [IPAD] => 178.32.62.189
    [MACK] => Y
    [PROD_DESC[0]] => ASIWPWEB-DIRECT-DEPOSIT
    [PROD_TYPE[0]] => ASIWPWEB-DEPOSIT
    [PROD_ITEM[0]] => ASIWPWEB-WEB-DEPOSIT
    [PROD_QUANT[0]] => 1
    [PROD_PRICE[0]] => 1000
    [TOTL] => 1000
    [SITE] => VERT001
    [UDF[MERCHANT_ID]] => 10001MERGMELTD
    [NAME] => Juan Dela+Cruz
    [B2A1] => address
    [B2CC] => IL
    [B2CI] => city
    [B2PC] => 123456
    [B2PN] => 972547271744
    [B2ST] => NA
    [S2A1] => 
    [S2CC] => 
    [S2CI] => 
    [S2EM] => 
    [S2NM] =>  
    [S2PC] => 
    [S2PN] => 
    [S2ST] => 
    [SHTP] => 
    [CASH] => 10
    [DOB] => --
    [GENDER] => M
    [EMAL] => JUANDCAPPROVE@EXAMPLE.COM
)


2015-03-16T14:19:09Z
RequestParameter:  billNo: 103248_5506e660c727c | startTime:2015-03-16 14:19:09

2015-03-16T14:19:09Z
Array
(
    [MODE] => Q
    [FRMT] => XML
    [VERS] => 0600
    [MERC] => 680000
    [UDF[CUSTOMER_IPAD]] => 178.32.62.189
    [SESS] => i9d73k0slgedej4nlaoc845hr5
    [ORDR] => 103248_5506e660c727c
    [CURR] => PHP
    [PENC] => KHASH
    [PTYP] => CARD
    [PTOK] => 4918912GXE0BUP1QG8K5
    [IPAD] => 178.32.62.189
    [MACK] => Y
    [PROD_DESC[0]] => ASIWPWEB-DIRECT-DEPOSIT
    [PROD_TYPE[0]] => ASIWPWEB-DEPOSIT
    [PROD_ITEM[0]] => ASIWPWEB-WEB-DEPOSIT
    [PROD_QUANT[0]] => 1
    [PROD_PRICE[0]] => 1000
    [TOTL] => 1000
    [SITE] => VERT001
    [UDF[MERCHANT_ID]] => 10001MERGMELTD
    [NAME] => Juan Dela+Cruz
    [B2A1] => address
    [B2CC] => IL
    [B2CI] => city
    [B2PC] => 123456
    [B2PN] => 972547271744
    [B2ST] => NA
    [S2A1] => 
    [S2CC] => 
    [S2CI] => 
    [S2EM] => 
    [S2NM] =>  
    [S2PC] => 
    [S2PN] => 
    [S2ST] => 
    [SHTP] => 
    [CASH] => 10
    [DOB] => --
    [GENDER] => M
    [EMAL] => JUANDCAPPROVE@EXAMPLE.COM
)


2015-03-16T14:21:56Z
RequestParameter:  billNo: 103248_5506e7075c52a | startTime:2015-03-16 14:21:56

2015-03-16T14:21:56Z
Array
(
    [MODE] => Q
    [FRMT] => XML
    [VERS] => 0600
    [MERC] => 680000
    [UDF[CUSTOMER_IPAD]] => 178.32.62.189
    [SESS] => i9d73k0slgedej4nlaoc845hr5
    [ORDR] => 103248_5506e7075c52a
    [CURR] => PHP
    [PENC] => KHASH
    [PTYP] => CARD
    [PTOK] => 4918912GXE0BUP1QG8K5
    [IPAD] => 178.32.62.189
    [MACK] => Y
    [PROD_DESC[0]] => ASIWPWEB-DIRECT-DEPOSIT
    [PROD_TYPE[0]] => ASIWPWEB-DEPOSIT
    [PROD_ITEM[0]] => ASIWPWEB-WEB-DEPOSIT
    [PROD_QUANT[0]] => 1
    [PROD_PRICE[0]] => 1000
    [TOTL] => 1000
    [SITE] => VERT001
    [UDF[MERCHANT_ID]] => 10001MERGMELTD
    [NAME] => Juan Dela+Cruz
    [B2A1] => address
    [B2CC] => IL
    [B2CI] => city
    [B2PC] => 123456
    [B2PN] => 972547271744
    [B2ST] => NA
    [S2A1] => 
    [S2CC] => 
    [S2CI] => 
    [S2EM] => 
    [S2NM] =>  
    [S2PC] => 
    [S2PN] => 
    [S2ST] => 
    [SHTP] => 
    [CASH] => 10
    [DOB] => --
    [GENDER] => M
    [EMAL] => JUANDCAPPROVE@EXAMPLE.COM
)


2015-03-16T14:24:23Z
RequestParameter:  billNo: 103248_5506e79b38965 | startTime:2015-03-16 14:24:23

2015-03-16T14:24:23Z
Array
(
    [MODE] => Q
    [FRMT] => XML
    [VERS] => 0600
    [MERC] => 680000
    [UDF[CUSTOMER_IPAD]] => 178.32.62.189
    [SESS] => i9d73k0slgedej4nlaoc845hr5
    [ORDR] => 103248_5506e79b38965
    [CURR] => PHP
    [PENC] => KHASH
    [PTYP] => CARD
    [PTOK] => 4918912GXE0BUP1QG8K5
    [IPAD] => 178.32.62.189
    [MACK] => Y
    [PROD_DESC[0]] => ASIWPWEB-DIRECT-DEPOSIT
    [PROD_TYPE[0]] => ASIWPWEB-DEPOSIT
    [PROD_ITEM[0]] => ASIWPWEB-WEB-DEPOSIT
    [PROD_QUANT[0]] => 1
    [PROD_PRICE[0]] => 1000
    [TOTL] => 1000
    [SITE] => VERT001
    [UDF[MERCHANT_ID]] => 10001MERGMELTD
    [NAME] => Juan Dela+Cruz
    [B2A1] => address
    [B2CC] => IL
    [B2CI] => city
    [B2PC] => 123456
    [B2PN] => 972547271744
    [B2ST] => NA
    [S2A1] => 
    [S2CC] => 
    [S2CI] => 
    [S2EM] => 
    [S2NM] =>  
    [S2PC] => 
    [S2PN] => 
    [S2ST] => 
    [SHTP] => 
    [CASH] => 10
    [DOB] => --
    [GENDER] => M
    [EMAL] => JUANDCAPPROVE@EXAMPLE.COM
)


2015-03-16T14:34:01Z
RequestParameter:  billNo: 103248_5506e9dd2272f | startTime:2015-03-16 14:34:01

2015-03-16T14:34:01Z
Array
(
    [MODE] => Q
    [FRMT] => XML
    [VERS] => 0600
    [MERC] => 680000
    [UDF[CUSTOMER_IPAD]] => 178.32.62.189
    [SESS] => i9d73k0slgedej4nlaoc845hr5
    [ORDR] => 103248_5506e9dd2272f
    [CURR] => PHP
    [PENC] => KHASH
    [PTYP] => CARD
    [PTOK] => 4918912GXE0BUP1QG8K5
    [IPAD] => 178.32.62.189
    [MACK] => Y
    [PROD_DESC[0]] => ASIWPWEB-DIRECT-DEPOSIT
    [PROD_TYPE[0]] => ASIWPWEB-DEPOSIT
    [PROD_ITEM[0]] => ASIWPWEB-WEB-DEPOSIT
    [PROD_QUANT[0]] => 1
    [PROD_PRICE[0]] => 1000
    [TOTL] => 1000
    [SITE] => VERT001
    [UDF[MERCHANT_ID]] => 10001MERGMELTD
    [NAME] => Juan Dela+Cruz
    [B2A1] => address
    [B2CC] => IL
    [B2CI] => city
    [B2PC] => 123456
    [B2PN] => 972547271744
    [B2ST] => NA
    [S2A1] => 
    [S2CC] => 
    [S2CI] => 
    [S2EM] => 
    [S2NM] =>  
    [S2PC] => 
    [S2PN] => 
    [S2ST] => 
    [SHTP] => 
    [CASH] => 10
    [DOB] => --
    [GENDER] => M
    [EMAL] => JUANDCAPPROVE@EXAMPLE.COM
)


2015-03-16T14:46:20Z
RequestParameter:  billNo: 103248_5506e79b3896511 | startTime:2015-03-16 14:46:20

2015-03-16T14:46:20Z
Array
(
    [MODE] => Q
    [FRMT] => XML
    [VERS] => 0600
    [MERC] => 680000
    [UDF[CUSTOMER_IPAD]] => 178.32.62.189
    [SESS] => i9d73k0slgedej4nlaoc845hr5
    [ORDR] => 103248_5506e79b3896511
    [CURR] => PHP
    [PENC] => KHASH
    [PTYP] => CARD
    [PTOK] => 4918912GXE0BUP1QG8K5
    [IPAD] => 178.32.62.189
    [MACK] => Y
    [PROD_DESC[0]] => ASIWPWEB-DIRECT-DEPOSIT
    [PROD_TYPE[0]] => ASIWPWEB-DEPOSIT
    [PROD_ITEM[0]] => ASIWPWEB-WEB-DEPOSIT
    [PROD_QUANT[0]] => 1
    [PROD_PRICE[0]] => 1000
    [TOTL] => 1000
    [SITE] => VERT001
    [UDF[MERCHANT_ID]] => 10001MERGMELTD
    [NAME] => Juan Dela+Cruz
    [B2A1] => address
    [B2CC] => IL
    [B2CI] => city
    [B2PC] => 123456
    [B2PN] => 972547271744
    [B2ST] => NA
    [S2A1] => 
    [S2CC] => 
    [S2CI] => 
    [S2EM] => 
    [S2NM] =>  
    [S2PC] => 
    [S2PN] => 
    [S2ST] => 
    [SHTP] => 
    [CASH] => 10
    [DOB] => --
    [GENDER] => M
    [EMAL] => JUANDCAPPROVE@EXAMPLE.COM
)


2015-03-16T14:50:05Z
RequestParameter:  billNo: 103248_5506e79b3896522 | startTime:2015-03-16 14:50:05

2015-03-16T14:50:05Z
Array
(
    [MODE] => Q
    [FRMT] => XML
    [VERS] => 0600
    [MERC] => 680000
    [UDF[CUSTOMER_IPAD]] => 178.32.62.189
    [SESS] => i9d73k0slgedej4nlaoc845hr5
    [ORDR] => 103248_5506e79b3896522
    [CURR] => PHP
    [PENC] => KHASH
    [PTYP] => CARD
    [PTOK] => 4918912GXE0BUP1QG8K5
    [IPAD] => 178.32.62.189
    [MACK] => Y
    [PROD_DESC[0]] => ASIWPWEB-DIRECT-DEPOSIT
    [PROD_TYPE[0]] => ASIWPWEB-DEPOSIT
    [PROD_ITEM[0]] => ASIWPWEB-WEB-DEPOSIT
    [PROD_QUANT[0]] => 1
    [PROD_PRICE[0]] => 1000
    [TOTL] => 1000
    [SITE] => VERT001
    [UDF[MERCHANT_ID]] => 10001MERGMELTD
    [NAME] => Juan Dela+Cruz
    [B2A1] => address
    [B2CC] => IL
    [B2CI] => city
    [B2PC] => 123456
    [B2PN] => 972547271744
    [B2ST] => NA
    [S2A1] => 
    [S2CC] => 
    [S2CI] => 
    [S2EM] => 
    [S2NM] =>  
    [S2PC] => 
    [S2PN] => 
    [S2ST] => 
    [SHTP] => 
    [CASH] => 10
    [DOB] => --
    [GENDER] => M
    [EMAL] => JUANDCAPPROVE@EXAMPLE.COM
)


2015-03-16T19:24:58Z
RequestParameter:  billNo: 20150316072453 | startTime:2015-03-16 19:24:58

2015-03-16T19:24:58Z
Array
(
    [MODE] => Q
    [FRMT] => XML
    [VERS] => 0600
    [MERC] => 680000
    [UDF[CUSTOMER_IPAD]] => 46.216.174.149
    [SESS] => 
    [ORDR] => 20150316072453
    [CURR] => USD
    [PENC] => KHASH
    [PTYP] => CARD
    [PTOK] => 4918912GXE0BUP1QG8K5
    [IPAD] => 46.216.174.149
    [MACK] => Y
    [PROD_DESC[0]] => 
    [PROD_TYPE[0]] => 
    [PROD_ITEM[0]] => 
    [PROD_QUANT[0]] => 
    [PROD_PRICE[0]] => 0
    [TOTL] => 1000
    [SITE] => VERT001
    [UDF[MERCHANT_ID]] => 10001MERAMFCAP
    [NAME] => Juan Dela Cruz Dela Cruz
    [B2A1] => US, Street, 52
    [B2CC] => US
    [B2CI] => New York
    [B2PC] => 12345
    [B2PN] => 123456789
    [B2ST] => NY
    [S2A1] => 
    [S2CC] => 
    [S2CI] => 
    [S2EM] => 
    [S2NM] =>  
    [S2PC] => 
    [S2PN] => 
    [S2ST] => 
    [SHTP] => 
    [CASH] => 10
    [DOB] => 1989-01-01
    [GENDER] => 
    [EMAL] => JUANDC@EXAMPLE.COM
)


2015-03-16T19:33:38Z
RequestParameter:  billNo: bdcceedhbj | startTime:2015-03-16 19:33:38

2015-03-16T19:33:38Z
Array
(
    [MODE] => Q
    [FRMT] => XML
    [VERS] => 0600
    [MERC] => 680000
    [UDF[CUSTOMER_IPAD]] => 46.216.174.149
    [SESS] => 
    [ORDR] => bdcceedhbj
    [CURR] => USD
    [PENC] => KHASH
    [PTYP] => CARD
    [PTOK] => 4918912GXE0BUP1QG8K5
    [IPAD] => 46.216.174.149
    [MACK] => Y
    [PROD_DESC[0]] => 
    [PROD_TYPE[0]] => 
    [PROD_ITEM[0]] => 
    [PROD_QUANT[0]] => 
    [PROD_PRICE[0]] => 0
    [TOTL] => 1000
    [SITE] => VERT001
    [UDF[MERCHANT_ID]] => 10001MERAMFCAP
    [NAME] => Juan Dela Cruz Dela Cruz
    [B2A1] => US, Street, 52
    [B2CC] => US
    [B2CI] => New York
    [B2PC] => 12345
    [B2PN] => 123456789
    [B2ST] => NY
    [S2A1] => 
    [S2CC] => 
    [S2CI] => 
    [S2EM] => 
    [S2NM] =>  
    [S2PC] => 
    [S2PN] => 
    [S2ST] => 
    [SHTP] => 
    [CASH] => 10
    [DOB] => 1989-01-01
    [GENDER] => 
    [EMAL] => JUANDC@EXAMPLE.COM
)


2015-03-16T19:36:08Z
RequestParameter:  billNo: fbbgekdbcj | startTime:2015-03-16 19:36:08

2015-03-16T19:36:08Z
Array
(
    [MODE] => Q
    [FRMT] => XML
    [VERS] => 0600
    [MERC] => 680000
    [UDF[CUSTOMER_IPAD]] => 46.216.174.149
    [SESS] => 
    [ORDR] => fbbgekdbcj
    [CURR] => USD
    [PENC] => KHASH
    [PTYP] => CARD
    [PTOK] => 4918912GXE0BUP1QG8K5
    [IPAD] => 46.216.174.149
    [MACK] => Y
    [PROD_DESC[0]] => 
    [PROD_TYPE[0]] => 
    [PROD_ITEM[0]] => 
    [PROD_QUANT[0]] => 
    [PROD_PRICE[0]] => 0
    [TOTL] => 1000
    [SITE] => VERT001
    [UDF[MERCHANT_ID]] => 10001MERAMFCAP
    [NAME] => Juan Dela Cruz Dela Cruz
    [B2A1] => US, Street, 52
    [B2CC] => US
    [B2CI] => New York
    [B2PC] => 12345
    [B2PN] => 123456789
    [B2ST] => NY
    [S2A1] => 
    [S2CC] => 
    [S2CI] => 
    [S2EM] => 
    [S2NM] =>  
    [S2PC] => 
    [S2PN] => 
    [S2ST] => 
    [SHTP] => 
    [CASH] => 10
    [DOB] => 1989-01-01
    [GENDER] => 
    [EMAL] => JUANDC@EXAMPLE.COM
)


2015-03-16T19:36:10Z
ResponseParameter:  billNo: fbbgekdbcj | endTime:2015-03-16 19:36:10

2015-03-16T19:36:10Z
<?xml version="1.0" encoding="UTF-8"?>
<RESPONSE>
  <MODE>E</MODE>
  <ERRO>204</ERRO>
  <ERROR_0>204 MISSING_SESS Cause: [Non-empty value was required in this case], Field: [SESS], Value: []</ERROR_0>
  <ERROR_1>271 MISSING_PROD_TYPE Cause: [Array index [0] Non-empty value was required in this case], Field: [PROD_TYPE], Value: [0=&gt;]</ERROR_1>
  <ERROR_2>272 MISSING_PROD_ITEM Cause: [Array index [0] Non-empty value was required in this case], Field: [PROD_ITEM], Value: [0=&gt;]</ERROR_2>
  <ERROR_3>274 MISSING_PROD_QUANT Cause: [Array index [0] Non-empty value was required in this case], Field: [PROD_QUANT], Value: [0=&gt;]</ERROR_3>
  <ERROR_COUNT>4</ERROR_COUNT>
  <WARNING_COUNT>0</WARNING_COUNT>
</RESPONSE>

2015-03-16T20:57:46Z
RequestParameter:  billNo: dbbejjigai | startTime:2015-03-16 20:57:46

2015-03-16T20:57:46Z
Array
(
    [MODE] => Q
    [FRMT] => XML
    [VERS] => 0600
    [MERC] => 680000
    [UDF[CUSTOMER_IPAD]] => 46.216.174.149
    [SESS] => 
    [ORDR] => dbbejjigai
    [CURR] => EUR
    [PENC] => KHASH
    [PTYP] => CARD
    [PTOK] => 4918912GXE0BUP1QG8K5
    [IPAD] => 46.216.174.149
    [MACK] => Y
    [PROD_DESC[0]] => 
    [PROD_TYPE[0]] => 
    [PROD_ITEM[0]] => 
    [PROD_QUANT[0]] => 
    [PROD_PRICE[0]] => 0
    [TOTL] => 1100
    [SITE] => VERT001
    [UDF[MERCHANT_ID]] => 10001MERAMFCAP
    [NAME] => Juan Dela Cruz
    [B2A1] => US, St. Bakerroad, 52
    [B2CC] => US
    [B2CI] => New York
    [B2PC] => 12345
    [B2PN] => 123456789
    [B2ST] => NY
    [S2A1] => 
    [S2CC] => 
    [S2CI] => 
    [S2EM] => 
    [S2NM] =>  
    [S2PC] => 
    [S2PN] => 
    [S2ST] => 
    [SHTP] => 
    [CASH] => 11
    [DOB] => 1989-01-01
    [GENDER] => 
    [EMAL] => JUANDC@EXAMPLE.COM
)


2015-03-16T20:57:48Z
ResponseParameter:  billNo: dbbejjigai | endTime:2015-03-16 20:57:48

2015-03-16T20:57:48Z
<?xml version="1.0" encoding="UTF-8"?>
<RESPONSE>
  <MODE>E</MODE>
  <ERRO>204</ERRO>
  <ERROR_0>204 MISSING_SESS Cause: [Non-empty value was required in this case], Field: [SESS], Value: []</ERROR_0>
  <ERROR_1>271 MISSING_PROD_TYPE Cause: [Array index [0] Non-empty value was required in this case], Field: [PROD_TYPE], Value: [0=&gt;]</ERROR_1>
  <ERROR_2>272 MISSING_PROD_ITEM Cause: [Array index [0] Non-empty value was required in this case], Field: [PROD_ITEM], Value: [0=&gt;]</ERROR_2>
  <ERROR_3>274 MISSING_PROD_QUANT Cause: [Array index [0] Non-empty value was required in this case], Field: [PROD_QUANT], Value: [0=&gt;]</ERROR_3>
  <ERROR_COUNT>4</ERROR_COUNT>
  <WARNING_COUNT>0</WARNING_COUNT>
</RESPONSE>

