2015-04-04T04:09:51Z
RequestParameter:  billNo: 3YC90M2JR0KC | startTime:2015-04-04 04:09:51

2015-04-04T04:09:51Z
Array
(
    [rfcb[TRANSACTION_ID]] => R
)


2015-04-04T04:09:53Z
RequestParameter:  billNo: 3YC90M2JR0KC | startTime:2015-04-04 04:09:53

2015-04-04T04:09:53Z
<!DOCTYPE html PUBLIC "-//W3C//DTD XHTML 1.0 Transitional//EN"
"http://www.w3.org/TR/xhtml1/DTD/xhtml1-transitional.dtd">
<html xmlns="http://www.w3.org/1999/xhtml" lang="en" xml:lang="en">
  <head>
    <title>Forbidden</title>
    <meta http-equiv="content-type" content="text/html; charset=utf-8" />
    <meta http-equiv="imagetoolbar" content="no" />
  </head>
  <body>
    <div id="content">
      <h1>Forbidden</h1>
      <p>Your request will not be fulfilled.</p>
    </div>
    <br clear="all" />
  </body>
</html>


2015-04-04T04:10:15Z
RequestParameter:  billNo: 3Y1V0CJRRXD3 | startTime:2015-04-04 04:10:15

2015-04-04T04:10:15Z
Array
(
    [rfcb[3Y1V0CJRRXD3]] => R
)


2015-04-04T04:10:17Z
RequestParameter:  billNo: 3Y1V0CJRRXD3 | startTime:2015-04-04 04:10:17

2015-04-04T04:10:17Z
<!DOCTYPE html PUBLIC "-//W3C//DTD XHTML 1.0 Transitional//EN"
"http://www.w3.org/TR/xhtml1/DTD/xhtml1-transitional.dtd">
<html xmlns="http://www.w3.org/1999/xhtml" lang="en" xml:lang="en">
  <head>
    <title>Forbidden</title>
    <meta http-equiv="content-type" content="text/html; charset=utf-8" />
    <meta http-equiv="imagetoolbar" content="no" />
  </head>
  <body>
    <div id="content">
      <h1>Forbidden</h1>
      <p>Your request will not be fulfilled.</p>
    </div>
    <br clear="all" />
  </body>
</html>


2015-04-04T04:11:02Z
RequestParameter:  billNo: 3Y1V0CJRRXD3 | startTime:2015-04-04 04:11:02

2015-04-04T04:11:02Z
Array
(
    [rfcb[3Y1V0CJRRXD3]] => R
)


2015-04-04T04:11:04Z
RequestParameter:  billNo: 3Y1V0CJRRXD3 | startTime:2015-04-04 04:11:04

2015-04-04T04:11:04Z
HTTP/1.1 403 Forbidden
Date: Sat, 04 Apr 2015 04:10:55 GMT
Server: Apache
Last-Modified: Thu, 05 Feb 2015 16:13:26 GMT
ETag: "15254f-20a-50e5995767580"
Accept-Ranges: bytes
Content-Length: 522
Content-Type: text/html

<!DOCTYPE html PUBLIC "-//W3C//DTD XHTML 1.0 Transitional//EN"
"http://www.w3.org/TR/xhtml1/DTD/xhtml1-transitional.dtd">
<html xmlns="http://www.w3.org/1999/xhtml" lang="en" xml:lang="en">
  <head>
    <title>Forbidden</title>
    <meta http-equiv="content-type" content="text/html; charset=utf-8" />
    <meta http-equiv="imagetoolbar" content="no" />
  </head>
  <body>
    <div id="content">
      <h1>Forbidden</h1>
      <p>Your request will not be fulfilled.</p>
    </div>
    <br clear="all" />
  </body>
</html>


2015-04-04T04:11:38Z
RequestParameter:  billNo: 3Y1V0CJRRXD3 | startTime:2015-04-04 04:11:38

2015-04-04T04:11:38Z
Array
(
    [rfcb[3Y1V0CJRRXD3]] => R
)


2015-04-04T04:11:40Z
RequestParameter:  billNo: 3Y1V0CJRRXD3 | startTime:2015-04-04 04:11:40

2015-04-04T04:11:40Z
HTTP/1.1 403 Forbidden
Date: Sat, 04 Apr 2015 04:11:31 GMT
Server: Apache
Last-Modified: Thu, 05 Feb 2015 16:13:26 GMT
ETag: "15254f-20a-50e5995767580"
Accept-Ranges: bytes
Content-Length: 522
Content-Type: text/html

<!DOCTYPE html PUBLIC "-//W3C//DTD XHTML 1.0 Transitional//EN"
"http://www.w3.org/TR/xhtml1/DTD/xhtml1-transitional.dtd">
<html xmlns="http://www.w3.org/1999/xhtml" lang="en" xml:lang="en">
  <head>
    <title>Forbidden</title>
    <meta http-equiv="content-type" content="text/html; charset=utf-8" />
    <meta http-equiv="imagetoolbar" content="no" />
  </head>
  <body>
    <div id="content">
      <h1>Forbidden</h1>
      <p>Your request will not be fulfilled.</p>
    </div>
    <br clear="all" />
  </body>
</html>


2015-04-04T04:14:35Z
RequestParameter:  billNo: 3Y1V0CJRRXD3 | startTime:2015-04-04 04:14:35

2015-04-04T04:14:35Z
Array
(
    [rfcb[3Y1V0CJRRXD3]] => R
)


2015-04-04T04:14:36Z
RequestParameter:  billNo: 3Y1V0CJRRXD3 | startTime:2015-04-04 04:14:36

2015-04-04T04:14:36Z
HTTP/1.1 403 Forbidden
Date: Sat, 04 Apr 2015 04:14:27 GMT
Server: Apache
Last-Modified: Thu, 05 Feb 2015 16:13:26 GMT
ETag: "15254f-20a-50e5995767580"
Accept-Ranges: bytes
Content-Length: 522
Content-Type: text/html

<!DOCTYPE html PUBLIC "-//W3C//DTD XHTML 1.0 Transitional//EN"
"http://www.w3.org/TR/xhtml1/DTD/xhtml1-transitional.dtd">
<html xmlns="http://www.w3.org/1999/xhtml" lang="en" xml:lang="en">
  <head>
    <title>Forbidden</title>
    <meta http-equiv="content-type" content="text/html; charset=utf-8" />
    <meta http-equiv="imagetoolbar" content="no" />
  </head>
  <body>
    <div id="content">
      <h1>Forbidden</h1>
      <p>Your request will not be fulfilled.</p>
    </div>
    <br clear="all" />
  </body>
</html>


2015-04-04T04:15:15Z
RequestParameter:  billNo: 3Y1V0CJRRXD3 | startTime:2015-04-04 04:15:15

2015-04-04T04:15:15Z
Array
(
    [rfcb[3Y1V0CJRRXD3]] => R
)


2015-04-04T04:15:17Z
RequestParameter:  billNo: 3Y1V0CJRRXD3 | startTime:2015-04-04 04:15:17

2015-04-04T04:15:17Z
HTTP/1.1 403 Forbidden
Date: Sat, 04 Apr 2015 04:15:08 GMT
Server: Apache
Last-Modified: Thu, 05 Feb 2015 16:13:26 GMT
ETag: "15254f-20a-50e5995767580"
Accept-Ranges: bytes
Content-Length: 522
Content-Type: text/html

<!DOCTYPE html PUBLIC "-//W3C//DTD XHTML 1.0 Transitional//EN"
"http://www.w3.org/TR/xhtml1/DTD/xhtml1-transitional.dtd">
<html xmlns="http://www.w3.org/1999/xhtml" lang="en" xml:lang="en">
  <head>
    <title>Forbidden</title>
    <meta http-equiv="content-type" content="text/html; charset=utf-8" />
    <meta http-equiv="imagetoolbar" content="no" />
  </head>
  <body>
    <div id="content">
      <h1>Forbidden</h1>
      <p>Your request will not be fulfilled.</p>
    </div>
    <br clear="all" />
  </body>
</html>


2015-04-04T04:24:35Z
RequestParameter:  billNo: 3Y1V0CJRRXD3 | startTime:2015-04-04 04:24:35

2015-04-04T04:24:35Z
Array
(
    [rfcb[3Y1V0CJRRXD3]] => R
)


2015-04-04T04:24:36Z
RequestParameter:  billNo: 3Y1V0CJRRXD3 | startTime:2015-04-04 04:24:36

2015-04-04T04:24:36Z
HTTP/1.1 403 Forbidden
Date: Sat, 04 Apr 2015 04:24:27 GMT
Server: Apache
Last-Modified: Thu, 05 Feb 2015 16:13:26 GMT
ETag: "15254f-20a-50e5995767580"
Accept-Ranges: bytes
Content-Length: 522
Content-Type: text/html

<!DOCTYPE html PUBLIC "-//W3C//DTD XHTML 1.0 Transitional//EN"
"http://www.w3.org/TR/xhtml1/DTD/xhtml1-transitional.dtd">
<html xmlns="http://www.w3.org/1999/xhtml" lang="en" xml:lang="en">
  <head>
    <title>Forbidden</title>
    <meta http-equiv="content-type" content="text/html; charset=utf-8" />
    <meta http-equiv="imagetoolbar" content="no" />
  </head>
  <body>
    <div id="content">
      <h1>Forbidden</h1>
      <p>Your request will not be fulfilled.</p>
    </div>
    <br clear="all" />
  </body>
</html>


2015-04-04T04:25:03Z
RequestParameter:  billNo: 3Y1V0CJRRXD3 | startTime:2015-04-04 04:25:03

2015-04-04T04:25:03Z
Array
(
    [rfcb[3Y1V0CJRRXD3]] => R
)


2015-04-04T04:25:05Z
RequestParameter:  billNo: 3Y1V0CJRRXD3 | startTime:2015-04-04 04:25:05

2015-04-04T04:25:05Z
HTTP/1.1 403 Forbidden
Date: Sat, 04 Apr 2015 04:24:56 GMT
Server: Apache
Last-Modified: Thu, 05 Feb 2015 16:13:26 GMT
ETag: "15254f-20a-50e5995767580"
Accept-Ranges: bytes
Content-Length: 522
Content-Type: text/html

<!DOCTYPE html PUBLIC "-//W3C//DTD XHTML 1.0 Transitional//EN"
"http://www.w3.org/TR/xhtml1/DTD/xhtml1-transitional.dtd">
<html xmlns="http://www.w3.org/1999/xhtml" lang="en" xml:lang="en">
  <head>
    <title>Forbidden</title>
    <meta http-equiv="content-type" content="text/html; charset=utf-8" />
    <meta http-equiv="imagetoolbar" content="no" />
  </head>
  <body>
    <div id="content">
      <h1>Forbidden</h1>
      <p>Your request will not be fulfilled.</p>
    </div>
    <br clear="all" />
  </body>
</html>


2015-04-04T04:26:04Z
RequestParameter:  billNo: 3Y1V0CJRRXD3 | startTime:2015-04-04 04:26:04

2015-04-04T04:26:04Z
Array
(
    [rfcb[3Y1V0CJRRXD3]] => R
)


2015-04-04T04:26:05Z
RequestParameter:  billNo: 3Y1V0CJRRXD3 | startTime:2015-04-04 04:26:05

2015-04-04T04:26:05Z
HTTP/1.1 403 Forbidden
Date: Sat, 04 Apr 2015 04:25:56 GMT
Server: Apache
Last-Modified: Thu, 05 Feb 2015 16:13:26 GMT
ETag: "15254f-20a-50e5995767580"
Accept-Ranges: bytes
Content-Length: 522
Content-Type: text/html

<!DOCTYPE html PUBLIC "-//W3C//DTD XHTML 1.0 Transitional//EN"
"http://www.w3.org/TR/xhtml1/DTD/xhtml1-transitional.dtd">
<html xmlns="http://www.w3.org/1999/xhtml" lang="en" xml:lang="en">
  <head>
    <title>Forbidden</title>
    <meta http-equiv="content-type" content="text/html; charset=utf-8" />
    <meta http-equiv="imagetoolbar" content="no" />
  </head>
  <body>
    <div id="content">
      <h1>Forbidden</h1>
      <p>Your request will not be fulfilled.</p>
    </div>
    <br clear="all" />
  </body>
</html>


2015-04-04T04:31:22Z
RequestParameter:  billNo: 3Y1V0CJRRXD3 | startTime:2015-04-04 04:31:22

2015-04-04T04:31:22Z
Array
(
    [rfcb[3Y1V0CJRRXD3]] => R
)


2015-04-04T04:31:23Z
RequestParameter:  billNo: 3Y1V0CJRRXD3 | startTime:2015-04-04 04:31:23

2015-04-04T04:31:23Z
HTTP/1.1 403 Forbidden
Date: Sat, 04 Apr 2015 04:31:14 GMT
Server: Apache
Last-Modified: Thu, 05 Feb 2015 16:13:26 GMT
ETag: "15254f-20a-50e5995767580"
Accept-Ranges: bytes
Content-Length: 522
Content-Type: text/html

<!DOCTYPE html PUBLIC "-//W3C//DTD XHTML 1.0 Transitional//EN"
"http://www.w3.org/TR/xhtml1/DTD/xhtml1-transitional.dtd">
<html xmlns="http://www.w3.org/1999/xhtml" lang="en" xml:lang="en">
  <head>
    <title>Forbidden</title>
    <meta http-equiv="content-type" content="text/html; charset=utf-8" />
    <meta http-equiv="imagetoolbar" content="no" />
  </head>
  <body>
    <div id="content">
      <h1>Forbidden</h1>
      <p>Your request will not be fulfilled.</p>
    </div>
    <br clear="all" />
  </body>
</html>


