2015-05-14T09:27:12Z
RequestParameter:  billNo: bill635671995839306394 | startTime:2015-05-14 09:27:12

2015-05-14T09:27:12Z
Array
(
    [MODE] => U
    [FRMT] => XML
    [VERS] => 0630
    [MERC] => 680000
    [SESS] => sess635671995839306394
    [TRAN] => 30X10DXZZ9TV
    [AUTH] => D
    [MACK] => Y
)


2015-05-14T09:27:13Z
ResponseParameter:  billNo: bill635671995839306394 | endTime:2015-05-14 09:27:13

2015-05-14T09:27:13Z
<?xml version="1.0" encoding="UTF-8"?>
<RESPONSE>
  <VERS>0630</VERS>
  <MODE>U</MODE>
  <TRAN>30X10DXZZ9TV</TRAN>
  <MERC>680000</MERC>
  <SESS>sess635671995839306394</SESS>
  <RULES_TRIGGERED>0</RULES_TRIGGERED>
  <COUNTERS_TRIGGERED>0</COUNTERS_TRIGGERED>
  <REASON_CODE></REASON_CODE>
  <MASTERCARD></MASTERCARD>
  <WARNING_COUNT>0</WARNING_COUNT>
</RESPONSE>

2015-05-14T18:46:07Z
RequestParameter:  billNo: Ftxso1431629163 | startTime:2015-05-14 18:46:07

2015-05-14T18:46:07Z
Array
(
    [MODE] => U
    [FRMT] => XML
    [VERS] => 0630
    [MERC] => 680000
    [SESS] => Ftxso1431629163
    [TRAN] => 309M0B4K9921
    [AUTH] => D
    [MACK] => Y
)


2015-05-14T18:46:08Z
ResponseParameter:  billNo: Ftxso1431629163 | endTime:2015-05-14 18:46:08

2015-05-14T18:46:08Z
<?xml version="1.0" encoding="UTF-8"?>
<RESPONSE>
  <VERS>0630</VERS>
  <MODE>U</MODE>
  <TRAN>309M0B4K9921</TRAN>
  <MERC>680000</MERC>
  <SESS>Ftxso1431629163</SESS>
  <RULES_TRIGGERED>0</RULES_TRIGGERED>
  <COUNTERS_TRIGGERED>0</COUNTERS_TRIGGERED>
  <REASON_CODE></REASON_CODE>
  <MASTERCARD></MASTERCARD>
  <WARNING_COUNT>0</WARNING_COUNT>
</RESPONSE>

