2015-09-19T04:31:35Z
RequestParameter:  billNo: gSLG11442637092 | startTime:2015-09-19 04:31:35

2015-09-19T04:31:35Z
Array
(
    [MODE] => U
    [FRMT] => XML
    [VERS] => 0630
    [MERC] => 680000
    [SESS] => gSLG11442637092
    [TRAN] => 36660BQ0KGH8
    [AUTH] => D
    [MACK] => Y
)


2015-09-19T04:31:36Z
ResponseParameter:  billNo: gSLG11442637092 | endTime:2015-09-19 04:31:36

2015-09-19T04:31:36Z
<?xml version="1.0" encoding="UTF-8"?>
<RESPONSE>
  <VERS>0630</VERS>
  <MODE>U</MODE>
  <TRAN>36660BQ0KGH8</TRAN>
  <MERC>680000</MERC>
  <SESS>gSLG11442637092</SESS>
  <RULES_TRIGGERED>0</RULES_TRIGGERED>
  <COUNTERS_TRIGGERED>0</COUNTERS_TRIGGERED>
  <REASON_CODE></REASON_CODE>
  <MASTERCARD></MASTERCARD>
  <WARNING_COUNT>0</WARNING_COUNT>
</RESPONSE>

2015-09-19T04:38:34Z
RequestParameter:  billNo: gSLG11442637093 | startTime:2015-09-19 04:38:34

2015-09-19T04:38:34Z
Array
(
    [MODE] => U
    [FRMT] => XML
    [VERS] => 0630
    [MERC] => 680000
    [SESS] => gSLG11442637093
    [TRAN] => 366605KBQRRB
    [AUTH] => D
    [MACK] => Y
)


2015-09-19T04:38:35Z
ResponseParameter:  billNo: gSLG11442637093 | endTime:2015-09-19 04:38:35

2015-09-19T04:38:35Z
<?xml version="1.0" encoding="UTF-8"?>
<RESPONSE>
  <VERS>0630</VERS>
  <MODE>U</MODE>
  <TRAN>366605KBQRRB</TRAN>
  <MERC>680000</MERC>
  <SESS>gSLG11442637093</SESS>
  <RULES_TRIGGERED>0</RULES_TRIGGERED>
  <COUNTERS_TRIGGERED>0</COUNTERS_TRIGGERED>
  <REASON_CODE></REASON_CODE>
  <MASTERCARD></MASTERCARD>
  <WARNING_COUNT>0</WARNING_COUNT>
</RESPONSE>

