2015-12-06T04:14:57Z
RequestParameter:  billNo: 1QuUp1449375294 | startTime:2015-12-06 04:14:57

2015-12-06T04:14:57Z
Array
(
    [MODE] => U
    [FRMT] => XML
    [VERS] => 0630
    [MERC] => 680000
    [SESS] => 1QuUp1449375294
    [TRAN] => 3PY60K4BJ661
    [AUTH] => D
    [MACK] => Y
)


2015-12-06T04:14:58Z
ResponseParameter:  billNo: 1QuUp1449375294 | endTime:2015-12-06 04:14:58

2015-12-06T04:14:58Z
<?xml version="1.0" encoding="UTF-8"?>
<RESPONSE>
  <VERS>0630</VERS>
  <MODE>U</MODE>
  <TRAN>3PY60K4BJ661</TRAN>
  <MERC>680000</MERC>
  <SESS>1QuUp1449375294</SESS>
  <RULES_TRIGGERED>0</RULES_TRIGGERED>
  <COUNTERS_TRIGGERED>0</COUNTERS_TRIGGERED>
  <REASON_CODE></REASON_CODE>
  <MASTERCARD></MASTERCARD>
  <WARNING_COUNT>0</WARNING_COUNT>
</RESPONSE>

2015-12-06T04:15:05Z
RequestParameter:  billNo: CP9IQ1449375303 | startTime:2015-12-06 04:15:05

2015-12-06T04:15:05Z
Array
(
    [MODE] => U
    [FRMT] => XML
    [VERS] => 0630
    [MERC] => 680000
    [SESS] => CP9IQ1449375303
    [TRAN] => 3PY60508HQVT
    [AUTH] => D
    [MACK] => Y
)


2015-12-06T04:15:06Z
ResponseParameter:  billNo: CP9IQ1449375303 | endTime:2015-12-06 04:15:06

2015-12-06T04:15:06Z
<?xml version="1.0" encoding="UTF-8"?>
<RESPONSE>
  <VERS>0630</VERS>
  <MODE>U</MODE>
  <TRAN>3PY60508HQVT</TRAN>
  <MERC>680000</MERC>
  <SESS>CP9IQ1449375303</SESS>
  <RULES_TRIGGERED>0</RULES_TRIGGERED>
  <COUNTERS_TRIGGERED>0</COUNTERS_TRIGGERED>
  <REASON_CODE></REASON_CODE>
  <MASTERCARD></MASTERCARD>
  <WARNING_COUNT>0</WARNING_COUNT>
</RESPONSE>

2015-12-06T04:16:08Z
RequestParameter:  billNo: wECe41449375367 | startTime:2015-12-06 04:16:08

2015-12-06T04:16:08Z
Array
(
    [MODE] => U
    [FRMT] => XML
    [VERS] => 0630
    [MERC] => 680000
    [SESS] => wECe41449375367
    [TRAN] => 3PY60SWLK9QN
    [AUTH] => D
    [MACK] => Y
)


2015-12-06T04:16:09Z
ResponseParameter:  billNo: wECe41449375367 | endTime:2015-12-06 04:16:09

2015-12-06T04:16:09Z
<?xml version="1.0" encoding="UTF-8"?>
<RESPONSE>
  <VERS>0630</VERS>
  <MODE>U</MODE>
  <TRAN>3PY60SWLK9QN</TRAN>
  <MERC>680000</MERC>
  <SESS>wECe41449375367</SESS>
  <RULES_TRIGGERED>0</RULES_TRIGGERED>
  <COUNTERS_TRIGGERED>0</COUNTERS_TRIGGERED>
  <REASON_CODE></REASON_CODE>
  <MASTERCARD></MASTERCARD>
  <WARNING_COUNT>0</WARNING_COUNT>
</RESPONSE>

2015-12-06T04:19:27Z
RequestParameter:  billNo: YOfT81449374454 | startTime:2015-12-06 04:19:27

2015-12-06T04:19:27Z
Array
(
    [MODE] => U
    [FRMT] => XML
    [VERS] => 0630
    [MERC] => 680000
    [SESS] => YOfT81449374454
    [TRAN] => 3PY60VPNQP0K
    [AUTH] => 
    [MACK] => Y
    [RFCB] => R
)


2015-12-06T04:19:28Z
ResponseParameter:  billNo: YOfT81449374454 | endTime:2015-12-06 04:19:28

2015-12-06T04:19:28Z
<?xml version="1.0" encoding="UTF-8"?>
<RESPONSE>
  <VERS>0630</VERS>
  <MODE>U</MODE>
  <TRAN>3PY60VPNQP0K</TRAN>
  <MERC>680000</MERC>
  <SESS>YOfT81449374454</SESS>
  <RULES_TRIGGERED>0</RULES_TRIGGERED>
  <COUNTERS_TRIGGERED>0</COUNTERS_TRIGGERED>
  <REASON_CODE></REASON_CODE>
  <MASTERCARD></MASTERCARD>
  <WARNING_COUNT>0</WARNING_COUNT>
</RESPONSE>

2015-12-06T04:19:55Z
RequestParameter:  billNo: EBvIK1449374406 | startTime:2015-12-06 04:19:55

2015-12-06T04:19:55Z
Array
(
    [MODE] => U
    [FRMT] => XML
    [VERS] => 0630
    [MERC] => 680000
    [SESS] => EBvIK1449374406
    [TRAN] => 3PY6040Y5J3V
    [AUTH] => 
    [MACK] => Y
    [RFCB] => R
)


2015-12-06T04:19:56Z
ResponseParameter:  billNo: EBvIK1449374406 | endTime:2015-12-06 04:19:56

2015-12-06T04:19:56Z
<?xml version="1.0" encoding="UTF-8"?>
<RESPONSE>
  <VERS>0630</VERS>
  <MODE>U</MODE>
  <TRAN>3PY6040Y5J3V</TRAN>
  <MERC>680000</MERC>
  <SESS>EBvIK1449374406</SESS>
  <RULES_TRIGGERED>0</RULES_TRIGGERED>
  <COUNTERS_TRIGGERED>0</COUNTERS_TRIGGERED>
  <REASON_CODE></REASON_CODE>
  <MASTERCARD></MASTERCARD>
  <WARNING_COUNT>0</WARNING_COUNT>
</RESPONSE>

2015-12-06T04:45:46Z
RequestParameter:  billNo: eWFLU1449377111 | startTime:2015-12-06 04:45:46

2015-12-06T04:45:46Z
Array
(
    [MODE] => U
    [FRMT] => XML
    [VERS] => 0630
    [MERC] => 680000
    [SESS] => eWFLU1449377111
    [TRAN] => 3PY60VD5D34S
    [AUTH] => 
    [MACK] => Y
    [RFCB] => R
)


2015-12-06T04:45:47Z
ResponseParameter:  billNo: eWFLU1449377111 | endTime:2015-12-06 04:45:47

2015-12-06T04:45:47Z
<?xml version="1.0" encoding="UTF-8"?>
<RESPONSE>
  <VERS>0630</VERS>
  <MODE>U</MODE>
  <TRAN>3PY60VD5D34S</TRAN>
  <MERC>680000</MERC>
  <SESS>eWFLU1449377111</SESS>
  <RULES_TRIGGERED>0</RULES_TRIGGERED>
  <COUNTERS_TRIGGERED>0</COUNTERS_TRIGGERED>
  <REASON_CODE></REASON_CODE>
  <MASTERCARD></MASTERCARD>
  <WARNING_COUNT>0</WARNING_COUNT>
</RESPONSE>

