2015-04-14T03:13:41Z
RequestParameter:  billNo: mjSXt1428981220 | startTime:2015-04-14 03:13:41

2015-04-14T03:13:41Z
SimpleXMLElement Object
(
    [securityCode] => 2003052020272027
    [apiUserId] => 2
    [url] => LOOPBACK
    [API_username] => 100-01-ADM-DRivera
    [API_password] => password
    [agt] => 0
    [billNo] => mjSXt1428981220
    [referenceId] => mjSXt1428981220
    [dateTime] => 20150414111340
    [cardHolderIp] => 114.108.239.103
    [cardNum] => 4918914107195005
    [cvv2] => 123
    [month] => 07
    [year] => 17
    [firstName] => Juan
    [lastName] => Dela Cruz
    [gender] => M
    [email] => JUANDC@EXAMPLE.COM
    [birthDate] => 19840101
    [phone] => 5498564
    [zipCode] => 1604
    [address] => Zapote Street
    [city] => Makati
    [state] => NA
    [country] => PH
    [amount] => 10
    [language] => Array
        (
            [0] => eng
            [1] => eng
        )

    [remark] => TEST PAYMENT
    [currency] => USD
    [productItem] => BINARY
    [productType] => BINARY-TRADE
    [productDesc] => BINARY-TRADE-TEST
    [productQty] => 1
    [productPrice] => 10
    [shipFirstName] => SimpleXMLElement Object
        (
        )

    [shipLastName] => SimpleXMLElement Object
        (
        )

    [shipPhoneNumber] => SimpleXMLElement Object
        (
        )

    [shipZipCode] => SimpleXMLElement Object
        (
        )

    [shipAddress] => SimpleXMLElement Object
        (
        )

    [shipCity] => SimpleXMLElement Object
        (
        )

    [shipState] => SimpleXMLElement Object
        (
        )

    [shipCountry] => SimpleXMLElement Object
        (
        )

    [shipmentType] => SimpleXMLElement Object
        (
        )

    [shipEmail] => SimpleXMLElement Object
        (
        )

    [loginName] => 100-01-ADM-DRivera
    [type] => 2
)


2015-04-14T03:13:41Z
ResponseParameter:  billNo: mjSXt1428981220 | endTime:2015-04-14 03:13:41

2015-04-14T03:13:41Z
successcode=0&Ref=mjSXt1428981220&PayRef=150414110441&Amt=10&Cur=840&prc=0&src=0&Ord=150414110441&Holder=&AuthId=0441&TxTime=15-04-14 11:04:41&errMsg=Transaction Completed

2015-04-14T04:47:50Z
RequestParameter:  billNo: abd1a94ceca140c19de08a3a8bc67830 | startTime:2015-04-14 04:47:50

2015-04-14T04:47:50Z
SimpleXMLElement Object
(
    [securityCode] => 2003052020272027
    [apiUserId] => 35
    [url] => LOOPBACK
    [API_username] => 100-01-MER-ANTY
    [API_password] => sFUvUE48BXgenz
    [loginName] => 100-01-MER-ANTY
    [type] => 1
    [dateTime] => 20150414074741
    [sessId] => 31055bb9b051460dbbd13868c62a62f9
    [referenceId] => abd1a94ceca140c19de08a3a8bc67830
    [billNo] => abd1a94ceca140c19de08a3a8bc67830
    [language] => eng
    [cardNum] => 4918914107195005
    [cvv2] => 123
    [month] => 07
    [year] => 17
    [cardType] => VISA
    [currency] => EUR
    [productItem] => SKU-ANT-BinaryTrade
    [productType] => Binary Trade
    [productDesc] => Binary Trade
    [productQty] => 1
    [productPrice] => 99.00
    [amount] => 99.00
    [firstName] => Juan
    [lastName] => Dela Cruz
    [birthDate] => 00010101
    [email] => JUANDCAPPROVE@EXAMPLE.COM
    [gender] => M
    [phone] => 375336264692
    [zipCode] => 12345
    [address] => St. Bakerroad, 52
    [city] => New York
    [state] => NY
    [country] => US
    [cardHolderIp] => 31.168.187.64
    [agt] => 1
    [subMerchant] => SimpleXMLElement Object
        (
            [API_username] => 100-01-MER-ANTY
            [API_password] => sFUvUE48BXgenz
            [API_key] => c90f74bfa957bdf723e0058efcd77ab2
        )

)


2015-04-14T04:47:50Z
ResponseParameter:  billNo: abd1a94ceca140c19de08a3a8bc67830 | endTime:2015-04-14 04:47:50

2015-04-14T04:47:50Z
successcode=0&Ref=abd1a94ceca140c19de08a3a8bc67830&PayRef=150414120450&Amt=99.00&Cur=978&prc=0&src=0&Ord=150414120450&Holder=&AuthId=0450&TxTime=15-04-14 12:04:50&errMsg=Transaction Completed

2015-04-14T04:48:35Z
RequestParameter:  billNo: 7fe1d7f54aa94434b76551fe670c61fc | startTime:2015-04-14 04:48:35

2015-04-14T04:48:35Z
SimpleXMLElement Object
(
    [securityCode] => 2003052020272027
    [apiUserId] => 35
    [url] => LOOPBACK
    [API_username] => 100-01-MER-ANTY
    [API_password] => sFUvUE48BXgenz
    [loginName] => 100-01-MER-ANTY
    [type] => 1
    [dateTime] => 20150414074826
    [sessId] => 90c453eb62bd47e092c575228b09cf66
    [referenceId] => 7fe1d7f54aa94434b76551fe670c61fc
    [billNo] => 7fe1d7f54aa94434b76551fe670c61fc
    [language] => eng
    [cardNum] => 4918914107195005
    [cvv2] => 123
    [month] => 07
    [year] => 17
    [cardType] => VISA
    [currency] => EUR
    [productItem] => SKU-ANT-BinaryTrade
    [productType] => Binary Trade
    [productDesc] => Binary Trade
    [productQty] => 1
    [productPrice] => 99.00
    [amount] => 99.00
    [firstName] => Juan
    [lastName] => Dela Cruz
    [birthDate] => 00010101
    [email] => JUANDCAPPROVE@EXAMPLE.COM
    [gender] => M
    [phone] => 375336264692
    [zipCode] => 12345
    [address] => St. Bakerroad, 52
    [city] => New York
    [state] => NY
    [country] => US
    [cardHolderIp] => 31.168.187.64
    [agt] => 1
    [subMerchant] => SimpleXMLElement Object
        (
            [API_username] => 100-01-MER-ANTY
            [API_password] => sFUvUE48BXgenz
            [API_key] => c90f74bfa957bdf723e0058efcd77ab2
        )

)


2015-04-14T04:48:35Z
ResponseParameter:  billNo: 7fe1d7f54aa94434b76551fe670c61fc | endTime:2015-04-14 04:48:35

2015-04-14T04:48:35Z
successcode=0&Ref=7fe1d7f54aa94434b76551fe670c61fc&PayRef=150414120435&Amt=99.00&Cur=978&prc=0&src=0&Ord=150414120435&Holder=&AuthId=0435&TxTime=15-04-14 12:04:35&errMsg=Transaction Completed

2015-04-14T04:55:29Z
RequestParameter:  billNo: 9bef467054ed45679153700869fbc23b | startTime:2015-04-14 04:55:29

2015-04-14T04:55:29Z
SimpleXMLElement Object
(
    [securityCode] => 2003052020272027
    [apiUserId] => 35
    [url] => LOOPBACK
    [API_username] => 100-01-MER-ANTY
    [API_password] => sFUvUE48BXgenz
    [loginName] => 100-01-MER-ANTY
    [type] => 1
    [dateTime] => 20150414075337
    [sessId] => 65b27f39c1934253a15c6e8f77331c51
    [referenceId] => 9bef467054ed45679153700869fbc23b
    [billNo] => 9bef467054ed45679153700869fbc23b
    [language] => eng
    [cardNum] => 4918914107195005
    [cvv2] => 123
    [month] => 07
    [year] => 17
    [cardType] => VISA
    [currency] => EUR
    [productItem] => SKU-ANT-BinaryTrade
    [productType] => Binary Trade
    [productDesc] => Binary Trade
    [productQty] => 1
    [productPrice] => 99.00
    [amount] => 99.00
    [firstName] => Juan
    [lastName] => Dela Cruz
    [birthDate] => 00010101
    [email] => JUANDCAPPROVE@EXAMPLE.COM
    [gender] => M
    [phone] => 375336264692
    [zipCode] => 12345
    [address] => St. Bakerroad, 52
    [city] => New York
    [state] => NY
    [country] => US
    [cardHolderIp] => 31.168.187.64
    [agt] => 1
    [subMerchant] => SimpleXMLElement Object
        (
            [API_username] => 100-01-MER-ANTY
            [API_password] => sFUvUE48BXgenz
            [API_key] => c90f74bfa957bdf723e0058efcd77ab2
        )

)


2015-04-14T04:55:29Z
ResponseParameter:  billNo: 9bef467054ed45679153700869fbc23b | endTime:2015-04-14 04:55:29

2015-04-14T04:55:29Z
successcode=0&Ref=9bef467054ed45679153700869fbc23b&PayRef=150414120429&Amt=99.00&Cur=978&prc=0&src=0&Ord=150414120429&Holder=&AuthId=0429&TxTime=15-04-14 12:04:29&errMsg=Transaction Completed

2015-04-14T05:04:31Z
RequestParameter:  billNo: 79d2e51a17a543cdb88797a27d39d943 | startTime:2015-04-14 05:04:31

2015-04-14T05:04:31Z
SimpleXMLElement Object
(
    [securityCode] => 2003052020272027
    [apiUserId] => 35
    [url] => LOOPBACK
    [API_username] => 100-01-MER-ANTY
    [API_password] => sFUvUE48BXgenz
    [loginName] => 100-01-MER-ANTY
    [type] => 1
    [dateTime] => 20150414080423
    [sessId] => 83105129a3874c72a7e68cc3c2b0d75a
    [referenceId] => 79d2e51a17a543cdb88797a27d39d943
    [billNo] => 79d2e51a17a543cdb88797a27d39d943
    [language] => eng
    [cardNum] => 4918914107195005
    [cvv2] => 123
    [month] => 07
    [year] => 17
    [cardType] => VISA
    [currency] => EUR
    [productItem] => SKU-ANT-BinaryTrade
    [productType] => Binary Trade
    [productDesc] => Binary Trade
    [productQty] => 1
    [productPrice] => 99.00
    [amount] => 99.00
    [firstName] => Juan
    [lastName] => Dela Cruz
    [birthDate] => 00010101
    [email] => JUANDCAPPROVE@EXAMPLE.COM
    [gender] => M
    [phone] => 375336264692
    [zipCode] => 12345
    [address] => St. Bakerroad, 52
    [city] => New York
    [state] => NY
    [country] => US
    [cardHolderIp] => 31.168.187.64
    [agt] => 1
    [subMerchant] => SimpleXMLElement Object
        (
            [API_username] => 100-01-MER-ANTY
            [API_password] => sFUvUE48BXgenz
            [API_key] => c90f74bfa957bdf723e0058efcd77ab2
        )

)


2015-04-14T05:04:31Z
ResponseParameter:  billNo: 79d2e51a17a543cdb88797a27d39d943 | endTime:2015-04-14 05:04:31

2015-04-14T05:04:31Z
successcode=0&Ref=79d2e51a17a543cdb88797a27d39d943&PayRef=150414130431&Amt=99.00&Cur=978&prc=0&src=0&Ord=150414130431&Holder=&AuthId=0431&TxTime=15-04-14 13:04:31&errMsg=Transaction Completed

2015-04-14T05:04:42Z
RequestParameter:  billNo: 3e34f3e46561470684d0585f3bef2b2d | startTime:2015-04-14 05:04:42

2015-04-14T05:04:42Z
SimpleXMLElement Object
(
    [securityCode] => 2003052020272027
    [apiUserId] => 35
    [url] => LOOPBACK
    [API_username] => 100-01-MER-ANTY
    [API_password] => sFUvUE48BXgenz
    [loginName] => 100-01-MER-ANTY
    [type] => 1
    [dateTime] => 20150414080435
    [sessId] => b35399c2cdac43acbf9344f3510f58f8
    [referenceId] => 3e34f3e46561470684d0585f3bef2b2d
    [billNo] => 3e34f3e46561470684d0585f3bef2b2d
    [language] => eng
    [cardNum] => 4918914107195005
    [cvv2] => 123
    [month] => 07
    [year] => 17
    [cardType] => VISA
    [currency] => EUR
    [productItem] => SKU-ANT-BinaryTrade
    [productType] => Binary Trade
    [productDesc] => Binary Trade
    [productQty] => 1
    [productPrice] => 99.00
    [amount] => 99.00
    [firstName] => Juan
    [lastName] => Dela Cruz
    [birthDate] => 00010101
    [email] => JUANDCAPPROVE@EXAMPLE.COM
    [gender] => M
    [phone] => 375336264692
    [zipCode] => 12345
    [address] => St. Bakerroad, 52
    [city] => New York
    [state] => NY
    [country] => US
    [cardHolderIp] => 31.168.187.64
)


2015-04-14T05:04:42Z
ResponseParameter:  billNo: 3e34f3e46561470684d0585f3bef2b2d | endTime:2015-04-14 05:04:42

2015-04-14T05:04:42Z
successcode=0&Ref=3e34f3e46561470684d0585f3bef2b2d&PayRef=150414130442&Amt=99.00&Cur=978&prc=0&src=0&Ord=150414130442&Holder=&AuthId=0442&TxTime=15-04-14 13:04:42&errMsg=Transaction Completed

2015-04-14T05:05:42Z
RequestParameter:  billNo: a35908818b3a4d3ba9b452a2dcb12364 | startTime:2015-04-14 05:05:42

2015-04-14T05:05:42Z
SimpleXMLElement Object
(
    [securityCode] => 2003052020272027
    [apiUserId] => 35
    [url] => LOOPBACK
    [API_username] => 100-01-MER-ANTY
    [API_password] => sFUvUE48BXgenz
    [loginName] => 100-01-MER-ANTY
    [type] => 1
    [dateTime] => 20150414080531
    [sessId] => 2493cb33d7934e4288e743c53367ae8d
    [referenceId] => a35908818b3a4d3ba9b452a2dcb12364
    [billNo] => a35908818b3a4d3ba9b452a2dcb12364
    [language] => eng
    [cardNum] => 4918914107195005
    [cvv2] => 123
    [month] => 07
    [year] => 17
    [cardType] => VISA
    [currency] => EUR
    [productItem] => SKU-ANT-BinaryTrade
    [productType] => Binary Trade
    [productDesc] => Binary Trade
    [productQty] => 1
    [productPrice] => 99.00
    [amount] => 99.00
    [firstName] => Juan
    [lastName] => Dela Cruz
    [birthDate] => 00010101
    [email] => JUANDCAPPROVE@EXAMPLE.COM
    [gender] => M
    [phone] => 375336264692
    [zipCode] => 12345
    [address] => St. Bakerroad, 52
    [city] => New York
    [state] => NY
    [country] => US
    [cardHolderIp] => 31.168.187.64
)


2015-04-14T05:05:42Z
ResponseParameter:  billNo: a35908818b3a4d3ba9b452a2dcb12364 | endTime:2015-04-14 05:05:42

2015-04-14T05:05:42Z
successcode=0&Ref=a35908818b3a4d3ba9b452a2dcb12364&PayRef=150414130442&Amt=99.00&Cur=978&prc=0&src=0&Ord=150414130442&Holder=&AuthId=0442&TxTime=15-04-14 13:04:42&errMsg=Transaction Completed

2015-04-14T05:05:46Z
RequestParameter:  billNo: 1cc7ef63a9a14fa49085ecff2dabf87e | startTime:2015-04-14 05:05:46

2015-04-14T05:05:46Z
SimpleXMLElement Object
(
    [securityCode] => 2003052020272027
    [apiUserId] => 35
    [url] => LOOPBACK
    [API_username] => 100-01-MER-ANTY
    [API_password] => sFUvUE48BXgenz
    [loginName] => 100-01-MER-ANTY
    [type] => 1
    [dateTime] => 20150414080538
    [sessId] => 60415d4f867043a088563ed157d049f1
    [referenceId] => 1cc7ef63a9a14fa49085ecff2dabf87e
    [billNo] => 1cc7ef63a9a14fa49085ecff2dabf87e
    [language] => eng
    [cardNum] => 4918914107195005
    [cvv2] => 123
    [month] => 07
    [year] => 17
    [cardType] => VISA
    [currency] => EUR
    [productItem] => SKU-ANT-BinaryTrade
    [productType] => Binary Trade
    [productDesc] => Binary Trade
    [productQty] => 1
    [productPrice] => 99.00
    [amount] => 99.00
    [firstName] => Juan
    [lastName] => Dela Cruz
    [birthDate] => 00010101
    [email] => JUANDCAPPROVE@EXAMPLE.COM
    [gender] => M
    [phone] => 375336264692
    [zipCode] => 12345
    [address] => St. Bakerroad, 52
    [city] => New York
    [state] => NY
    [country] => US
    [cardHolderIp] => 31.168.187.64
    [agt] => 1
    [subMerchant] => SimpleXMLElement Object
        (
            [API_username] => 100-01-MER-ANTY
            [API_password] => sFUvUE48BXgenz
            [API_key] => c90f74bfa957bdf723e0058efcd77ab2
        )

)


2015-04-14T05:05:46Z
ResponseParameter:  billNo: 1cc7ef63a9a14fa49085ecff2dabf87e | endTime:2015-04-14 05:05:46

2015-04-14T05:05:46Z
successcode=0&Ref=1cc7ef63a9a14fa49085ecff2dabf87e&PayRef=150414130446&Amt=99.00&Cur=978&prc=0&src=0&Ord=150414130446&Holder=&AuthId=0446&TxTime=15-04-14 13:04:46&errMsg=Transaction Completed

2015-04-14T05:07:09Z
RequestParameter:  billNo: 593817b3e95f41d58049552f76ba678e | startTime:2015-04-14 05:07:09

2015-04-14T05:07:09Z
SimpleXMLElement Object
(
    [securityCode] => 2003052020272027
    [apiUserId] => 35
    [url] => LOOPBACK
    [API_username] => 100-01-MER-ANTY
    [API_password] => sFUvUE48BXgenz
    [loginName] => 100-01-MER-ANTY
    [type] => 1
    [dateTime] => 20150414080700
    [sessId] => 16d3a5b56da843e7896aec7c6245febe
    [referenceId] => 593817b3e95f41d58049552f76ba678e
    [billNo] => 593817b3e95f41d58049552f76ba678e
    [language] => eng
    [cardNum] => 4918914107195005
    [cvv2] => 123
    [month] => 07
    [year] => 17
    [cardType] => VISA
    [currency] => EUR
    [productItem] => SKU-ANT-BinaryTrade
    [productType] => Binary Trade
    [productDesc] => Binary Trade
    [productQty] => 1
    [productPrice] => 99.00
    [amount] => 99.00
    [firstName] => Juan
    [lastName] => Dela Cruz
    [birthDate] => 00010101
    [email] => JUANDCAPPROVE@EXAMPLE.COM
    [gender] => M
    [phone] => 375336264692
    [zipCode] => 12345
    [address] => St. Bakerroad, 52
    [city] => New York
    [state] => NY
    [country] => US
    [cardHolderIp] => 31.168.187.64
)


2015-04-14T05:07:09Z
ResponseParameter:  billNo: 593817b3e95f41d58049552f76ba678e | endTime:2015-04-14 05:07:09

2015-04-14T05:07:09Z
successcode=0&Ref=593817b3e95f41d58049552f76ba678e&PayRef=150414130409&Amt=99.00&Cur=978&prc=0&src=0&Ord=150414130409&Holder=&AuthId=0409&TxTime=15-04-14 13:04:09&errMsg=Transaction Completed

2015-04-14T05:07:14Z
RequestParameter:  billNo: 3a63f2bba3b34ad5a56cc209850d46d3 | startTime:2015-04-14 05:07:14

2015-04-14T05:07:14Z
SimpleXMLElement Object
(
    [securityCode] => 2003052020272027
    [apiUserId] => 35
    [url] => LOOPBACK
    [API_username] => 100-01-MER-ANTY
    [API_password] => sFUvUE48BXgenz
    [loginName] => 100-01-MER-ANTY
    [type] => 1
    [dateTime] => 20150414080705
    [sessId] => 4feb86e470ee4cbfbea78d958d89a7d9
    [referenceId] => 3a63f2bba3b34ad5a56cc209850d46d3
    [billNo] => 3a63f2bba3b34ad5a56cc209850d46d3
    [language] => eng
    [cardNum] => 4918914107195005
    [cvv2] => 123
    [month] => 07
    [year] => 17
    [cardType] => VISA
    [currency] => EUR
    [productItem] => SKU-ANT-BinaryTrade
    [productType] => Binary Trade
    [productDesc] => Binary Trade
    [productQty] => 1
    [productPrice] => 99.00
    [amount] => 99.00
    [firstName] => Juan
    [lastName] => Dela Cruz
    [birthDate] => 00010101
    [email] => JUANDCAPPROVE@EXAMPLE.COM
    [gender] => M
    [phone] => 375336264692
    [zipCode] => 12345
    [address] => St. Bakerroad, 52
    [city] => New York
    [state] => NY
    [country] => US
    [cardHolderIp] => 31.168.187.64
    [agt] => 1
    [subMerchant] => SimpleXMLElement Object
        (
            [API_username] => 100-01-MER-ANTY
            [API_password] => sFUvUE48BXgenz
            [API_key] => c90f74bfa957bdf723e0058efcd77ab2
        )

)


2015-04-14T05:07:14Z
ResponseParameter:  billNo: 3a63f2bba3b34ad5a56cc209850d46d3 | endTime:2015-04-14 05:07:14

2015-04-14T05:07:14Z
successcode=0&Ref=3a63f2bba3b34ad5a56cc209850d46d3&PayRef=150414130414&Amt=99.00&Cur=978&prc=0&src=0&Ord=150414130414&Holder=&AuthId=0414&TxTime=15-04-14 13:04:14&errMsg=Transaction Completed

2015-04-14T06:10:25Z
RequestParameter:  billNo: 1875513016894c39b8720df354d156f4 | startTime:2015-04-14 06:10:25

2015-04-14T06:10:25Z
SimpleXMLElement Object
(
    [securityCode] => 2003052020272027
    [apiUserId] => 35
    [url] => LOOPBACK
    [API_username] => 100-01-MER-ANTY
    [API_password] => sFUvUE48BXgenz
    [loginName] => 100-01-MER-ANTY
    [type] => 1
    [dateTime] => 20150414091019
    [sessId] => fcacf20e3491470dbf279c757e0245ae
    [referenceId] => 1875513016894c39b8720df354d156f4
    [billNo] => 1875513016894c39b8720df354d156f4
    [language] => eng
    [cardNum] => 4111111111111111
    [cvv2] => 123
    [month] => 04
    [year] => 19
    [cardType] => VISA
    [currency] => PHP
    [productItem] => SKU-ANT-BinaryTrade
    [productType] => Binary Trade
    [productDesc] => Binary Trade
    [productQty] => 1
    [productPrice] => 500.00
    [amount] => 500.00
    [firstName] => test
    [lastName] => test
    [birthDate] => 00010101
    [email] => test@test.com
    [gender] => M
    [phone] => +1123456
    [zipCode] => 12345
    [address] => test
    [city] => test
    [state] => AD
    [country] => AD
    [cardHolderIp] => 127.0.0.1
)


2015-04-14T06:10:25Z
ResponseParameter:  billNo: 1875513016894c39b8720df354d156f4 | endTime:2015-04-14 06:10:25

2015-04-14T06:10:25Z
successcode=-1&Ref=1875513016894c39b8720df354d156f4&PayRef=150414140425&Amt=500.00&Cur=608&prc=1&src=41&Ord=150414140425&Holder=&AuthId=0425&TxTime=15-04-14 14:04:25&errMsg=Error: invalid cardNumber, invalid expiry month, invalid expiry year, Parameter currency incorrect, invalid firstName, invalid lastName

2015-04-14T08:43:10Z
RequestParameter:  billNo: 686e18cd0a2f414babbfe03edf9ff21e | startTime:2015-04-14 08:43:10

2015-04-14T08:43:10Z
SimpleXMLElement Object
(
    [securityCode] => 2003052020272027
    [apiUserId] => 35
    [url] => LOOPBACK
    [API_username] => 100-01-MER-ANTY
    [API_password] => sFUvUE48BXgenz
    [loginName] => 100-01-MER-ANTY
    [type] => 1
    [dateTime] => 20150414114303
    [sessId] => 4f6ee7bc769e416aa53bf9423a5a7155
    [referenceId] => 686e18cd0a2f414babbfe03edf9ff21e
    [billNo] => 686e18cd0a2f414babbfe03edf9ff21e
    [language] => eng
    [cardNum] => 4918914107195005
    [cvv2] => 123
    [month] => 07
    [year] => 17
    [cardType] => VISA
    [currency] => EUR
    [productItem] => SKU-ANT-BinaryTrade
    [productType] => Binary Trade
    [productDesc] => Binary Trade
    [productQty] => 1
    [productPrice] => 99.00
    [amount] => 99.00
    [firstName] => Juan
    [lastName] => Dela Cruz
    [birthDate] => 00010101
    [email] => JUANDCAPPROVE@EXAMPLE.COM
    [gender] => M
    [phone] => 375336264692
    [zipCode] => 12345
    [address] => St. Bakerroad, 52
    [city] => New York
    [state] => NY
    [country] => US
    [cardHolderIp] => 31.168.187.64
)


2015-04-14T08:43:10Z
ResponseParameter:  billNo: 686e18cd0a2f414babbfe03edf9ff21e | endTime:2015-04-14 08:43:10

2015-04-14T08:43:10Z
successcode=0&Ref=686e18cd0a2f414babbfe03edf9ff21e&PayRef=150414160410&Amt=99.00&Cur=978&prc=0&src=0&Ord=150414160410&Holder=&AuthId=0410&TxTime=15-04-14 16:04:10&errMsg=Transaction Completed

2015-04-14T08:43:13Z
RequestParameter:  billNo: 6d9d873a53d248249b8ce59fbce43e5c | startTime:2015-04-14 08:43:13

2015-04-14T08:43:13Z
SimpleXMLElement Object
(
    [securityCode] => 2003052020272027
    [apiUserId] => 35
    [url] => LOOPBACK
    [API_username] => 100-01-MER-ANTY
    [API_password] => sFUvUE48BXgenz
    [loginName] => 100-01-MER-ANTY
    [type] => 1
    [dateTime] => 20150414114307
    [sessId] => 463398c44fd7474d89a32b84f1df41a5
    [referenceId] => 6d9d873a53d248249b8ce59fbce43e5c
    [billNo] => 6d9d873a53d248249b8ce59fbce43e5c
    [language] => eng
    [cardNum] => 4918914107195005
    [cvv2] => 123
    [month] => 07
    [year] => 17
    [cardType] => VISA
    [currency] => EUR
    [productItem] => SKU-ANT-BinaryTrade
    [productType] => Binary Trade
    [productDesc] => Binary Trade
    [productQty] => 1
    [productPrice] => 99.00
    [amount] => 99.00
    [firstName] => Juan
    [lastName] => Dela Cruz
    [birthDate] => 00010101
    [email] => JUANDCAPPROVE@EXAMPLE.COM
    [gender] => M
    [phone] => 375336264692
    [zipCode] => 12345
    [address] => St. Bakerroad, 52
    [city] => New York
    [state] => NY
    [country] => US
    [cardHolderIp] => 31.168.187.64
    [agt] => 1
    [subMerchant] => SimpleXMLElement Object
        (
            [API_username] => 100-01-MER-ANTY
            [API_password] => sFUvUE48BXgenz
            [API_key] => c90f74bfa957bdf723e0058efcd77ab2
        )

)


2015-04-14T08:43:13Z
ResponseParameter:  billNo: 6d9d873a53d248249b8ce59fbce43e5c | endTime:2015-04-14 08:43:13

2015-04-14T08:43:13Z
successcode=0&Ref=6d9d873a53d248249b8ce59fbce43e5c&PayRef=150414160413&Amt=99.00&Cur=978&prc=0&src=0&Ord=150414160413&Holder=&AuthId=0413&TxTime=15-04-14 16:04:13&errMsg=Transaction Completed

2015-04-14T10:57:44Z
RequestParameter:  billNo: c658ba736d5e4d9fbbaa1a35636892c6 | startTime:2015-04-14 10:57:44

2015-04-14T10:57:44Z
SimpleXMLElement Object
(
    [securityCode] => 2003052020272027
    [apiUserId] => 35
    [url] => LOOPBACK
    [API_username] => 100-01-MER-ANTY
    [API_password] => sFUvUE48BXgenz
    [loginName] => 100-01-MER-ANTY
    [type] => 1
    [dateTime] => 20150414015736
    [sessId] => 981464e87a9941afab7d29b3dbcb1d4b
    [referenceId] => c658ba736d5e4d9fbbaa1a35636892c6
    [billNo] => c658ba736d5e4d9fbbaa1a35636892c6
    [language] => eng
    [cardNum] => 4918914107195005
    [cvv2] => 123
    [month] => 07
    [year] => 17
    [cardType] => VISA
    [currency] => EUR
    [productItem] => SKU-ANT-BinaryTrade
    [productType] => Binary Trade
    [productDesc] => Binary Trade
    [productQty] => 1
    [productPrice] => 99.00
    [amount] => 99.00
    [firstName] => Juan
    [lastName] => Dela Cruz
    [birthDate] => 00010101
    [email] => JUANDCAPPROVE@EXAMPLE.COM
    [gender] => M
    [phone] => 375336264692
    [zipCode] => 12345
    [address] => St. Bakerroad, 52
    [city] => New York
    [state] => NY
    [country] => US
    [cardHolderIp] => 31.168.187.64
)


2015-04-14T10:57:44Z
ResponseParameter:  billNo: c658ba736d5e4d9fbbaa1a35636892c6 | endTime:2015-04-14 10:57:44

2015-04-14T10:57:44Z
successcode=0&Ref=c658ba736d5e4d9fbbaa1a35636892c6&PayRef=150414180444&Amt=99.00&Cur=978&prc=0&src=0&Ord=150414180444&Holder=&AuthId=0444&TxTime=15-04-14 18:04:44&errMsg=Transaction Completed

2015-04-14T10:57:47Z
RequestParameter:  billNo: f9ebd5e28294464894c0a382d3188929 | startTime:2015-04-14 10:57:47

2015-04-14T10:57:47Z
SimpleXMLElement Object
(
    [securityCode] => 2003052020272027
    [apiUserId] => 35
    [url] => LOOPBACK
    [API_username] => 100-01-MER-ANTY
    [API_password] => sFUvUE48BXgenz
    [loginName] => 100-01-MER-ANTY
    [type] => 1
    [dateTime] => 20150414015740
    [sessId] => 6dcc3790bd784df2981c55c5d6f2faec
    [referenceId] => f9ebd5e28294464894c0a382d3188929
    [billNo] => f9ebd5e28294464894c0a382d3188929
    [language] => eng
    [cardNum] => 4918914107195005
    [cvv2] => 123
    [month] => 07
    [year] => 17
    [cardType] => VISA
    [currency] => EUR
    [productItem] => SKU-ANT-BinaryTrade
    [productType] => Binary Trade
    [productDesc] => Binary Trade
    [productQty] => 1
    [productPrice] => 99.00
    [amount] => 99.00
    [firstName] => Juan
    [lastName] => Dela Cruz
    [birthDate] => 00010101
    [email] => JUANDCAPPROVE@EXAMPLE.COM
    [gender] => M
    [phone] => 375336264692
    [zipCode] => 12345
    [address] => St. Bakerroad, 52
    [city] => New York
    [state] => NY
    [country] => US
    [cardHolderIp] => 31.168.187.64
    [agt] => 1
    [subMerchant] => SimpleXMLElement Object
        (
            [API_username] => 100-01-MER-ANTY
            [API_password] => sFUvUE48BXgenz
            [API_key] => c90f74bfa957bdf723e0058efcd77ab2
        )

)


2015-04-14T10:57:47Z
ResponseParameter:  billNo: f9ebd5e28294464894c0a382d3188929 | endTime:2015-04-14 10:57:47

2015-04-14T10:57:47Z
successcode=0&Ref=f9ebd5e28294464894c0a382d3188929&PayRef=150414180447&Amt=99.00&Cur=978&prc=0&src=0&Ord=150414180447&Holder=&AuthId=0447&TxTime=15-04-14 18:04:47&errMsg=Transaction Completed

