2015-01-09T03:34:20Z
RequestParameter:  billNo: 20141212111400 | startTime:2015-01-09 03:34:20

2015-01-09T03:34:20Z
https://test.pesopay.com/b2cDemo/eng/directPay/payComp.jsp?payType=N&merchantId=18062075&pMethod=VISA&lang=E&cardHolder=Test%20Name&cardNo=4918914107195005&securityCode=123&epMonth=07&epYear=2015&amount=10&currCode=608&orderRef=20141212111400&remark=Test

2015-01-09T03:34:22Z
ResponseParameter:  billNo: 20141212111400 | endTime:2015-01-09 03:34:22

2015-01-09T03:34:22Z
successcode=-1&Ref=&PayRef=&Amt=&Cur=&prc=&src=&Ord=&Holder=&AuthId=&TxTime=&errMsg=Your account doesn't support this channel.


2015-01-09T04:09:43Z
RequestParameter:  billNo: 20150109140113 | startTime:2015-01-09 04:09:43

2015-01-09T04:09:43Z
https://test.pesopay.com/b2cDemo/eng/directPay/payComp.jsp?payType=N&merchantId=18062075&pMethod=VISA&lang=E&cardHolder=Juan%20Dela%20Cruz&cardNo=4918914107195005&securityCode=123&epMonth=07&epYear=2015&amount=10&currCode=608&orderRef=20150109140113&remark=Test%20Transaction

2015-01-09T04:09:44Z
ResponseParameter:  billNo: 20150109140113 | endTime:2015-01-09 04:09:44

2015-01-09T04:09:44Z
successcode=-1&Ref=&PayRef=&Amt=&Cur=&prc=&src=&Ord=&Holder=&AuthId=&TxTime=&errMsg=Your account doesn't support this channel.


2015-01-09T07:07:13Z
RequestParameter:  billNo: 20150109140114 | startTime:2015-01-09 07:07:13

2015-01-09T07:07:13Z
?payType=N&merchantId=&pMethod=VISA&lang=E&cardHolder=Juan%20Dela%20Cruz&cardNo=4918914107195005&securityCode=123&epMonth=07&epYear=2015&amount=10&currCode=608&orderRef=20150109140114&remark=

2015-01-09T07:07:13Z
ResponseParameter:  billNo: 20150109140114 | endTime:2015-01-09 07:07:13

2015-01-09T07:07:13Z


2015-01-09T07:07:19Z
RequestParameter:  billNo: 20150109140114 | startTime:2015-01-09 07:07:19

2015-01-09T07:07:19Z
?payType=N&merchantId=&pMethod=VISA&lang=E&cardHolder=Juan%20Dela%20Cruz&cardNo=4918914107195005&securityCode=123&epMonth=07&epYear=2015&amount=10&currCode=608&orderRef=20150109140114&remark=

2015-01-09T07:07:19Z
ResponseParameter:  billNo: 20150109140114 | endTime:2015-01-09 07:07:19

2015-01-09T07:07:19Z


2015-01-09T07:08:21Z
RequestParameter:  billNo: 20150109140114 | startTime:2015-01-09 07:08:21

2015-01-09T07:08:21Z
https://test.pesopay.com/b2cDemo/eng/directPay/payComp.jsp?payType=N&merchantId=18062075&pMethod=VISA&lang=E&cardHolder=Juan%20Dela%20Cruz&cardNo=4918914107195005&securityCode=123&epMonth=07&epYear=2015&amount=10&currCode=608&orderRef=20150109140114&remark=

2015-01-09T07:08:22Z
ResponseParameter:  billNo: 20150109140114 | endTime:2015-01-09 07:08:22

2015-01-09T07:08:22Z
successcode=-1&Ref=&PayRef=&Amt=&Cur=&prc=&src=&Ord=&Holder=&AuthId=&TxTime=&errMsg=Your account doesn't support this channel.


2015-01-09T07:11:09Z
RequestParameter:  billNo: 20150109140120 | startTime:2015-01-09 07:11:09

2015-01-09T07:11:09Z
https://test.pesopay.com/b2cDemo/eng/directPay/payComp.jsp?payType=N&merchantId=18062075&pMethod=VISA&lang=E&cardHolder=Juan%20Dela%20Cruz&cardNo=4918914107195005&securityCode=123&epMonth=07&epYear=2015&amount=10&currCode=608&orderRef=20150109140120&remark=

2015-01-09T07:11:10Z
ResponseParameter:  billNo: 20150109140120 | endTime:2015-01-09 07:11:10

2015-01-09T07:11:10Z
successcode=-1&Ref=&PayRef=&Amt=&Cur=&prc=&src=&Ord=&Holder=&AuthId=&TxTime=&errMsg=Your account doesn't support this channel.


2015-01-09T07:22:02Z
RequestParameter:  billNo: 20150109140121 | startTime:2015-01-09 07:22:02

2015-01-09T07:22:02Z
https://test.pesopay.com/b2cDemo/eng/directPay/payComp.jsp?payType=N&merchantId=18062075&pMethod=VISA&lang=E&cardHolder=Juan%20Dela%20Cruz&cardNo=4918914107195005&securityCode=123&epMonth=07&epYear=2015&amount=10&currCode=608&orderRef=20150109140121&remark=

2015-01-09T07:22:03Z
ResponseParameter:  billNo: 20150109140121 | endTime:2015-01-09 07:22:03

2015-01-09T07:22:03Z
successcode=-1&Ref=&PayRef=&Amt=&Cur=&prc=&src=&Ord=&Holder=&AuthId=&TxTime=&errMsg=Your account doesn't support this channel.


2015-01-09T07:28:31Z
RequestParameter:  billNo: 20150109140122 | startTime:2015-01-09 07:28:31

2015-01-09T07:28:31Z
https://test.pesopay.com/b2cDemo/eng/directPay/payComp.jsp?payType=N&merchantId=18062075&pMethod=VISA&lang=E&cardHolder=Juan%20Dela%20Cruz&cardNo=4918914107195005&securityCode=123&epMonth=07&epYear=2015&amount=10&currCode=608&orderRef=20150109140122&remark=

2015-01-09T07:28:32Z
ResponseParameter:  billNo: 20150109140122 | endTime:2015-01-09 07:28:32

2015-01-09T07:28:32Z
successcode=-1&Ref=&PayRef=&Amt=&Cur=&prc=&src=&Ord=&Holder=&AuthId=&TxTime=&errMsg=Your account doesn't support this channel.


