2015-03-17T04:30:25Z
RequestParameter:  billNo: baeakkbfjj | startTime:2015-03-17 04:30:25

2015-03-17T04:30:25Z
Array
(
    [MODE] => Q
    [FRMT] => XML
    [VERS] => 0600
    [MERC] => 680000
    [UDF[CUSTOMER_IPAD]] => 46.216.168.70
    [SESS] => dhdnnejhbnpcogd
    [ORDR] => baeakkbfjj
    [CURR] => EUR
    [PENC] => KHASH
    [PTYP] => CARD
    [PTOK] => 4918912GXE0BUP1QG8K5
    [IPAD] => 46.216.168.70
    [MACK] => Y
    [PROD_DESC[0]] => 
    [PROD_TYPE[0]] => 
    [PROD_ITEM[0]] => 
    [PROD_QUANT[0]] => 
    [PROD_PRICE[0]] => 0
    [TOTL] => 1200
    [SITE] => VERT001
    [UDF[MERCHANT_ID]] => 10001MERAMFCAP
    [NAME] => Juan Dela Cruz
    [B2A1] => US, St. Bakerroad, 52
    [B2CC] => US
    [B2CI] => New York
    [B2PC] => 12345
    [B2PN] => 123456789
    [B2ST] => NY
    [S2A1] => 
    [S2CC] => 
    [S2CI] => 
    [S2EM] => 
    [S2NM] =>  
    [S2PC] => 
    [S2PN] => 
    [S2ST] => 
    [SHTP] => 
    [CASH] => 12
    [DOB] => 1989-01-01
    [GENDER] => 
    [EMAL] => JUANDC@EXAMPLE.COM
)


2015-03-17T06:14:35Z
RequestParameter:  billNo: P2kY5Sc907 | startTime:2015-03-17 06:14:35

2015-03-17T06:14:35Z
Array
(
    [MODE] => Q
    [FRMT] => XML
    [VERS] => 0600
    [MERC] => 680000
    [UDF[CUSTOMER_IPAD]] => 192.168.119.2
    [SESS] => tajimb9i7hr4loqg3icq23cen7
    [ORDR] => P2kY5Sc907
    [CURR] => PHP
    [PENC] => KHASH
    [PTYP] => CARD
    [PTOK] => 4918912GXE0BUP1QG8K5
    [IPAD] => 192.168.119.2
    [MACK] => Y
    [AUTH] => A
    [PROD_DESC[0]] => Binary Trade
    [PROD_TYPE[0]] => SKU-PBN-BinaryTrade
    [PROD_ITEM[0]] => Binary Trade
    [PROD_QUANT[0]] => 1
    [PROD_PRICE[0]] => 1000
    [TOTL] => 1000
    [SITE] => VERT999
    [UDF[MERCHANT_ID]] => 10001MERPBNMER1
    [NAME] => Juan Dela Cruz
    [B2A1] => Bergstraße 17a
    [B2CC] => DE
    [B2CI] => Munich
    [B2PC] => 84456
    [B2PN] => 089 494949
    [B2ST] => BY
    [S2A1] => 
    [S2CC] => 
    [S2CI] => 
    [S2EM] => 
    [S2NM] =>  
    [S2PC] => 
    [S2PN] => 
    [S2ST] => 
    [SHTP] => 
    [CASH] => 10
    [DOB] => 1990-11-10
    [GENDER] => M
    [EMAL] => JOHNDOEAPPROVE@ACME.COM
)


2015-03-17T06:16:46Z
RequestParameter:  billNo: P2kY5Sc908 | startTime:2015-03-17 06:16:46

2015-03-17T06:16:46Z
Array
(
    [MODE] => Q
    [FRMT] => XML
    [VERS] => 0600
    [MERC] => 680000
    [UDF[CUSTOMER_IPAD]] => 192.168.119.2
    [SESS] => tajimb9i7hr4loqg3icq23cen7
    [ORDR] => P2kY5Sc908
    [CURR] => PHP
    [PENC] => KHASH
    [PTYP] => CARD
    [PTOK] => 4918912GXE0BUP1QG8K5
    [IPAD] => 192.168.119.2
    [MACK] => Y
    [AUTH] => A
    [PROD_DESC[0]] => Binary Trade
    [PROD_TYPE[0]] => SKU-PBN-BinaryTrade
    [PROD_ITEM[0]] => Binary Trade
    [PROD_QUANT[0]] => 1
    [PROD_PRICE[0]] => 1000
    [TOTL] => 1000
    [SITE] => VERT999
    [UDF[MERCHANT_ID]] => 10001MERPBNMER1
    [NAME] => Juan Dela Cruz
    [B2A1] => Bergstraße 17a
    [B2CC] => DE
    [B2CI] => Munich
    [B2PC] => 84456
    [B2PN] => 089 494949
    [B2ST] => BY
    [S2A1] => 
    [S2CC] => 
    [S2CI] => 
    [S2EM] => 
    [S2NM] =>  
    [S2PC] => 
    [S2PN] => 
    [S2ST] => 
    [SHTP] => 
    [CASH] => 10
    [DOB] => 1990-11-10
    [GENDER] => M
    [EMAL] => JOHNDOEAPPROVE@ACME.COM
)


2015-03-17T06:17:17Z
RequestParameter:  billNo: P2kY5Sc909 | startTime:2015-03-17 06:17:17

2015-03-17T06:17:17Z
Array
(
    [MODE] => Q
    [FRMT] => XML
    [VERS] => 0600
    [MERC] => 680000
    [UDF[CUSTOMER_IPAD]] => 192.168.119.2
    [SESS] => tajimb9i7hr4loqg3icq23cen7
    [ORDR] => P2kY5Sc909
    [CURR] => PHP
    [PENC] => KHASH
    [PTYP] => CARD
    [PTOK] => 4918912GXE0BUP1QG8K5
    [IPAD] => 192.168.119.2
    [MACK] => Y
    [AUTH] => A
    [PROD_DESC[0]] => Binary Trade
    [PROD_TYPE[0]] => SKU-PBN-BinaryTrade
    [PROD_ITEM[0]] => Binary Trade
    [PROD_QUANT[0]] => 1
    [PROD_PRICE[0]] => 1000
    [TOTL] => 1000
    [SITE] => VERT999
    [UDF[MERCHANT_ID]] => 10001MERPBNMER1
    [NAME] => Juan Dela Cruz
    [B2A1] => Bergstraße 17a
    [B2CC] => DE
    [B2CI] => Munich
    [B2PC] => 84456
    [B2PN] => 089 494949
    [B2ST] => BY
    [S2A1] => 
    [S2CC] => 
    [S2CI] => 
    [S2EM] => 
    [S2NM] =>  
    [S2PC] => 
    [S2PN] => 
    [S2ST] => 
    [SHTP] => 
    [CASH] => 10
    [DOB] => 1990-11-10
    [GENDER] => M
    [EMAL] => JOHNDOEAPPROVE@ACME.COM
)


2015-03-17T06:17:19Z
ResponseParameter:  billNo: P2kY5Sc909 | endTime:2015-03-17 06:17:19

2015-03-17T06:17:19Z
<?xml version="1.0" encoding="UTF-8"?>
<RESPONSE>
  <VERS>0600</VERS>
  <MODE>Q</MODE>
  <TRAN>3YGM0J79SZPJ</TRAN>
  <MERC>680000</MERC>
  <SESS>tajimb9i7hr4loqg3icq23cen7</SESS>
  <ORDR>P2kY5Sc909</ORDR>
  <AUTO>A</AUTO>
  <SCOR>26</SCOR>
  <GEOX>PH</GEOX>
  <BRND>VISA</BRND>
  <REGN></REGN>
  <NETW>A</NETW>
  <KAPT>Y</KAPT>
  <CARDS>1</CARDS>
  <DEVICES>1</DEVICES>
  <EMAILS>1</EMAILS>
  <VELO>0</VELO>
  <VMAX>0</VMAX>
  <SITE>VERT999</SITE>
  <DEVICE_LAYERS>1E46F64B89.E5D64D75D0.536E3617E4.A80EBD4F24.A7309E109F</DEVICE_LAYERS>
  <FINGERPRINT>0F65054BD044DA56A7234149EB79C284</FINGERPRINT>
  <TIMEZONE>960</TIMEZONE>
  <LOCALTIME>2015-03-17 14:17</LOCALTIME>
  <REGION></REGION>
  <COUNTRY>PH</COUNTRY>
  <PROXY>N</PROXY>
  <JAVASCRIPT>Y</JAVASCRIPT>
  <FLASH>Y</FLASH>
  <COOKIES>Y</COOKIES>
  <HTTP_COUNTRY>US</HTTP_COUNTRY>
  <LANGUAGE>EN</LANGUAGE>
  <MOBILE_DEVICE>N</MOBILE_DEVICE>
  <MOBILE_TYPE></MOBILE_TYPE>
  <MOBILE_FORWARDER>N</MOBILE_FORWARDER>
  <VOICE_DEVICE>N</VOICE_DEVICE>
  <PC_REMOTE>N</PC_REMOTE>
  <RULES_TRIGGERED>9</RULES_TRIGGERED>
  <RULE_ID_0>772998</RULE_ID_0>
  <RULE_DESCRIPTION_0>GEO Billing &lt;&gt; BIN Country (1pt)</RULE_DESCRIPTION_0>
  <RULE_ID_1>772992</RULE_ID_1>
  <RULE_DESCRIPTION_1>GEO Billing &lt;&gt; Device Country (1pt)</RULE_DESCRIPTION_1>
  <RULE_ID_2>772996</RULE_ID_2>
  <RULE_DESCRIPTION_2>GEO BIN and Device Country not equal (1pt)</RULE_DESCRIPTION_2>
  <RULE_ID_3>773002</RULE_ID_3>
  <RULE_DESCRIPTION_3>FRAUD_SCRD GEO Counter Triggered (5pts)</RULE_DESCRIPTION_3>
  <RULE_ID_4>773010</RULE_ID_4>
  <RULE_DESCRIPTION_4>FRAUD_SCRD Network Chargeback Exists (5pts)</RULE_DESCRIPTION_4>
  <RULE_ID_5>773012</RULE_ID_5>
  <RULE_DESCRIPTION_5>FRAUD_SCRD Non-Normal Network Type (10pts)</RULE_DESCRIPTION_5>
  <RULE_ID_6>772980</RULE_ID_6>
  <RULE_DESCRIPTION_6>Decline Merchant Chargebacks &gt;1</RULE_DESCRIPTION_6>
  <RULE_ID_7>773024</RULE_ID_7>
  <RULE_DESCRIPTION_7>Decline VIP List</RULE_DESCRIPTION_7>
  <RULE_ID_8>773026</RULE_ID_8>
  <RULE_DESCRIPTION_8>Approve VIP List Email</RULE_DESCRIPTION_8>
  <COUNTERS_TRIGGERED>2</COUNTERS_TRIGGERED>
  <COUNTER_NAME_0>GEO</COUNTER_NAME_0>
  <COUNTER_VALUE_0>3</COUNTER_VALUE_0>
  <COUNTER_NAME_1>FRAUD_SCRD</COUNTER_NAME_1>
  <COUNTER_VALUE_1>20</COUNTER_VALUE_1>
  <REASON_CODE></REASON_CODE>
  <MASTERCARD></MASTERCARD>
  <DDFS>2015-03-15</DDFS>
  <DSR>768x1366</DSR>
  <UAS>Mozilla/5.0 (Windows NT 6.3; WOW64) AppleWebKit/537.36 (KHTML, like Gecko) Chrome/41.0.2272.89 Safari/537.36</UAS>
  <BROWSER>Chrome 41.0.2272.89</BROWSER>
  <OS>Windows 8.1</OS>
  <PIP_IPAD></PIP_IPAD>
  <PIP_LAT></PIP_LAT>
  <PIP_LON></PIP_LON>
  <PIP_COUNTRY></PIP_COUNTRY>
  <PIP_REGION></PIP_REGION>
  <PIP_CITY></PIP_CITY>
  <PIP_ORG></PIP_ORG>
  <IP_IPAD>114.108.239.103</IP_IPAD>
  <IP_LAT>14.5833</IP_LAT>
  <IP_LON>120.9667</IP_LON>
  <IP_COUNTRY>PH</IP_COUNTRY>
  <IP_REGION>UNKNOWN</IP_REGION>
  <IP_CITY></IP_CITY>
  <IP_ORG>SKY BROADBAND</IP_ORG>
  <WARNING_COUNT>0</WARNING_COUNT>
</RESPONSE>

2015-03-17T07:47:06Z
RequestParameter:  billNo: hadifbfcca | startTime:2015-03-17 07:47:06

2015-03-17T07:47:06Z
Array
(
    [MODE] => Q
    [FRMT] => XML
    [VERS] => 0600
    [MERC] => 680000
    [UDF[CUSTOMER_IPAD]] => 46.216.185.100
    [SESS] => blecbpmjdcfndkj
    [ORDR] => hadifbfcca
    [CURR] => EUR
    [PENC] => KHASH
    [PTYP] => CARD
    [PTOK] => 4918912GXE0BUP1QG8K5
    [IPAD] => 46.216.185.100
    [MACK] => Y
    [AUTH] => A
    [PROD_DESC[0]] => 
    [PROD_TYPE[0]] => 
    [PROD_ITEM[0]] => 
    [PROD_QUANT[0]] => 
    [PROD_PRICE[0]] => 0
    [TOTL] => 1100
    [SITE] => VERT001
    [UDF[MERCHANT_ID]] => 10001MERAMFCAP
    [NAME] => Juan Dela Cruz
    [B2A1] => US, St. Bakerroad, 52
    [B2CC] => US
    [B2CI] => New York
    [B2PC] => 12345
    [B2PN] => 123456789
    [B2ST] => NY
    [S2A1] => 
    [S2CC] => 
    [S2CI] => 
    [S2EM] => 
    [S2NM] =>  
    [S2PC] => 
    [S2PN] => 
    [S2ST] => 
    [SHTP] => 
    [CASH] => 11
    [DOB] => 1989-01-01
    [GENDER] => 
    [EMAL] => JUANDC@EXAMPLE.COM
)


2015-03-17T08:02:08Z
RequestParameter:  billNo: dkkkedaiah | startTime:2015-03-17 08:02:08

2015-03-17T08:02:08Z
Array
(
    [MODE] => Q
    [FRMT] => XML
    [VERS] => 0600
    [MERC] => 680000
    [UDF[CUSTOMER_IPAD]] => 46.216.185.100
    [SESS] => ggjmmbjlfebldbk
    [ORDR] => dkkkedaiah
    [CURR] => EUR
    [PENC] => KHASH
    [PTYP] => CARD
    [PTOK] => 4918912GXE0BUP1QG8K5
    [IPAD] => 46.216.185.100
    [MACK] => Y
    [AUTH] => A
    [PROD_DESC[0]] => Binary Trade
    [PROD_TYPE[0]] => Binary Trade
    [PROD_ITEM[0]] => SKU-AMF-BinaryTrade
    [PROD_QUANT[0]] => 1
    [PROD_PRICE[0]] => 1100
    [TOTL] => 1100
    [SITE] => VERT001
    [UDF[MERCHANT_ID]] => 10001MERAMFCAP
    [NAME] => Juan Dela Cruz
    [B2A1] => US, St. Bakerroad, 52
    [B2CC] => US
    [B2CI] => New York
    [B2PC] => 12345
    [B2PN] => 123456789
    [B2ST] => NY
    [S2A1] => 
    [S2CC] => 
    [S2CI] => 
    [S2EM] => 
    [S2NM] =>  
    [S2PC] => 
    [S2PN] => 
    [S2ST] => 
    [SHTP] => 
    [CASH] => 11
    [DOB] => 1989-01-01
    [GENDER] => 
    [EMAL] => JUANDCAPPROVE@EXAMPLE.COM
)


2015-03-17T08:02:10Z
ResponseParameter:  billNo: dkkkedaiah | endTime:2015-03-17 08:02:10

2015-03-17T08:02:10Z
<?xml version="1.0" encoding="UTF-8"?>
<RESPONSE>
  <VERS>0600</VERS>
  <MODE>Q</MODE>
  <TRAN>3YGX0YB4ZQGL</TRAN>
  <MERC>680000</MERC>
  <SESS>ggjmmbjlfebldbk</SESS>
  <ORDR>dkkkedaiah</ORDR>
  <AUTO>A</AUTO>
  <SCOR>29</SCOR>
  <GEOX>BY</GEOX>
  <BRND>VISA</BRND>
  <REGN></REGN>
  <NETW>N</NETW>
  <KAPT>N</KAPT>
  <CARDS>1</CARDS>
  <DEVICES>1</DEVICES>
  <EMAILS>1</EMAILS>
  <VELO>0</VELO>
  <VMAX>0</VMAX>
  <SITE>VERT001</SITE>
  <DEVICE_LAYERS>....</DEVICE_LAYERS>
  <FINGERPRINT></FINGERPRINT>
  <TIMEZONE></TIMEZONE>
  <LOCALTIME> </LOCALTIME>
  <REGION></REGION>
  <COUNTRY></COUNTRY>
  <PROXY></PROXY>
  <JAVASCRIPT></JAVASCRIPT>
  <FLASH></FLASH>
  <COOKIES></COOKIES>
  <HTTP_COUNTRY></HTTP_COUNTRY>
  <LANGUAGE></LANGUAGE>
  <MOBILE_DEVICE></MOBILE_DEVICE>
  <MOBILE_TYPE></MOBILE_TYPE>
  <MOBILE_FORWARDER></MOBILE_FORWARDER>
  <VOICE_DEVICE></VOICE_DEVICE>
  <PC_REMOTE></PC_REMOTE>
  <RULES_TRIGGERED>7</RULES_TRIGGERED>
  <RULE_ID_0>772998</RULE_ID_0>
  <RULE_DESCRIPTION_0>GEO Billing &lt;&gt; BIN Country (1pt)</RULE_DESCRIPTION_0>
  <RULE_ID_1>773002</RULE_ID_1>
  <RULE_DESCRIPTION_1>FRAUD_SCRD GEO Counter Triggered (5pts)</RULE_DESCRIPTION_1>
  <RULE_ID_2>773010</RULE_ID_2>
  <RULE_DESCRIPTION_2>FRAUD_SCRD Network Chargeback Exists (5pts)</RULE_DESCRIPTION_2>
  <RULE_ID_3>772980</RULE_ID_3>
  <RULE_DESCRIPTION_3>Decline Merchant Chargebacks &gt;1</RULE_DESCRIPTION_3>
  <RULE_ID_4>773024</RULE_ID_4>
  <RULE_DESCRIPTION_4>Decline VIP List</RULE_DESCRIPTION_4>
  <RULE_ID_5>773026</RULE_ID_5>
  <RULE_DESCRIPTION_5>Approve VIP List Email</RULE_DESCRIPTION_5>
  <RULE_ID_6>793142</RULE_ID_6>
  <RULE_DESCRIPTION_6>Decline Customer Email Validation</RULE_DESCRIPTION_6>
  <COUNTERS_TRIGGERED>2</COUNTERS_TRIGGERED>
  <COUNTER_NAME_0>GEO</COUNTER_NAME_0>
  <COUNTER_VALUE_0>1</COUNTER_VALUE_0>
  <COUNTER_NAME_1>FRAUD_SCRD</COUNTER_NAME_1>
  <COUNTER_VALUE_1>10</COUNTER_VALUE_1>
  <REASON_CODE></REASON_CODE>
  <MASTERCARD></MASTERCARD>
  <DDFS></DDFS>
  <DSR></DSR>
  <UAS></UAS>
  <BROWSER></BROWSER>
  <OS></OS>
  <PIP_IPAD></PIP_IPAD>
  <PIP_LAT></PIP_LAT>
  <PIP_LON></PIP_LON>
  <PIP_COUNTRY></PIP_COUNTRY>
  <PIP_REGION></PIP_REGION>
  <PIP_CITY></PIP_CITY>
  <PIP_ORG></PIP_ORG>
  <IP_IPAD></IP_IPAD>
  <IP_LAT></IP_LAT>
  <IP_LON></IP_LON>
  <IP_COUNTRY></IP_COUNTRY>
  <IP_REGION></IP_REGION>
  <IP_CITY></IP_CITY>
  <IP_ORG></IP_ORG>
  <WARNING_COUNT>0</WARNING_COUNT>
</RESPONSE>

2015-03-17T08:04:57Z
RequestParameter:  billNo: ebfcicgdgk | startTime:2015-03-17 08:04:57

2015-03-17T08:04:57Z
Array
(
    [MODE] => Q
    [FRMT] => XML
    [VERS] => 0600
    [MERC] => 680000
    [UDF[CUSTOMER_IPAD]] => 46.216.185.100
    [SESS] => mgclnfnaknbbpke
    [ORDR] => ebfcicgdgk
    [CURR] => EUR
    [PENC] => KHASH
    [PTYP] => CARD
    [PTOK] => 4918912GXE0BUP1QG8K5
    [IPAD] => 46.216.185.100
    [MACK] => Y
    [AUTH] => A
    [PROD_DESC[0]] => Binary Trade
    [PROD_TYPE[0]] => Binary Trade
    [PROD_ITEM[0]] => SKU-AMF-BinaryTrade
    [PROD_QUANT[0]] => 1
    [PROD_PRICE[0]] => 1100
    [TOTL] => 1100
    [SITE] => VERT001
    [UDF[MERCHANT_ID]] => 10001MERAMFCAP
    [NAME] => Juan Dela Cruz
    [B2A1] => US, St. Bakerroad, 52
    [B2CC] => US
    [B2CI] => New York
    [B2PC] => 12345
    [B2PN] => 123456789
    [B2ST] => NY
    [S2A1] => 
    [S2CC] => 
    [S2CI] => 
    [S2EM] => 
    [S2NM] =>  
    [S2PC] => 
    [S2PN] => 
    [S2ST] => 
    [SHTP] => 
    [CASH] => 11
    [DOB] => 1989-01-01
    [GENDER] => 
    [EMAL] => JUANDCAPPROVE@EXAMPLE.COM
)


2015-03-17T08:05:00Z
ResponseParameter:  billNo: ebfcicgdgk | endTime:2015-03-17 08:05:00

2015-03-17T08:05:00Z
<?xml version="1.0" encoding="UTF-8"?>
<RESPONSE>
  <VERS>0600</VERS>
  <MODE>Q</MODE>
  <TRAN>3YGX02HLKKK0</TRAN>
  <MERC>680000</MERC>
  <SESS>mgclnfnaknbbpke</SESS>
  <ORDR>ebfcicgdgk</ORDR>
  <AUTO>A</AUTO>
  <SCOR>29</SCOR>
  <GEOX>BY</GEOX>
  <BRND>VISA</BRND>
  <REGN></REGN>
  <NETW>N</NETW>
  <KAPT>N</KAPT>
  <CARDS>1</CARDS>
  <DEVICES>1</DEVICES>
  <EMAILS>1</EMAILS>
  <VELO>0</VELO>
  <VMAX>0</VMAX>
  <SITE>VERT001</SITE>
  <DEVICE_LAYERS>....</DEVICE_LAYERS>
  <FINGERPRINT></FINGERPRINT>
  <TIMEZONE></TIMEZONE>
  <LOCALTIME> </LOCALTIME>
  <REGION></REGION>
  <COUNTRY></COUNTRY>
  <PROXY></PROXY>
  <JAVASCRIPT></JAVASCRIPT>
  <FLASH></FLASH>
  <COOKIES></COOKIES>
  <HTTP_COUNTRY></HTTP_COUNTRY>
  <LANGUAGE></LANGUAGE>
  <MOBILE_DEVICE></MOBILE_DEVICE>
  <MOBILE_TYPE></MOBILE_TYPE>
  <MOBILE_FORWARDER></MOBILE_FORWARDER>
  <VOICE_DEVICE></VOICE_DEVICE>
  <PC_REMOTE></PC_REMOTE>
  <RULES_TRIGGERED>7</RULES_TRIGGERED>
  <RULE_ID_0>772998</RULE_ID_0>
  <RULE_DESCRIPTION_0>GEO Billing &lt;&gt; BIN Country (1pt)</RULE_DESCRIPTION_0>
  <RULE_ID_1>773002</RULE_ID_1>
  <RULE_DESCRIPTION_1>FRAUD_SCRD GEO Counter Triggered (5pts)</RULE_DESCRIPTION_1>
  <RULE_ID_2>773010</RULE_ID_2>
  <RULE_DESCRIPTION_2>FRAUD_SCRD Network Chargeback Exists (5pts)</RULE_DESCRIPTION_2>
  <RULE_ID_3>772980</RULE_ID_3>
  <RULE_DESCRIPTION_3>Decline Merchant Chargebacks &gt;1</RULE_DESCRIPTION_3>
  <RULE_ID_4>773024</RULE_ID_4>
  <RULE_DESCRIPTION_4>Decline VIP List</RULE_DESCRIPTION_4>
  <RULE_ID_5>773026</RULE_ID_5>
  <RULE_DESCRIPTION_5>Approve VIP List Email</RULE_DESCRIPTION_5>
  <RULE_ID_6>793142</RULE_ID_6>
  <RULE_DESCRIPTION_6>Decline Customer Email Validation</RULE_DESCRIPTION_6>
  <COUNTERS_TRIGGERED>2</COUNTERS_TRIGGERED>
  <COUNTER_NAME_0>GEO</COUNTER_NAME_0>
  <COUNTER_VALUE_0>1</COUNTER_VALUE_0>
  <COUNTER_NAME_1>FRAUD_SCRD</COUNTER_NAME_1>
  <COUNTER_VALUE_1>10</COUNTER_VALUE_1>
  <REASON_CODE></REASON_CODE>
  <MASTERCARD></MASTERCARD>
  <DDFS></DDFS>
  <DSR></DSR>
  <UAS></UAS>
  <BROWSER></BROWSER>
  <OS></OS>
  <PIP_IPAD></PIP_IPAD>
  <PIP_LAT></PIP_LAT>
  <PIP_LON></PIP_LON>
  <PIP_COUNTRY></PIP_COUNTRY>
  <PIP_REGION></PIP_REGION>
  <PIP_CITY></PIP_CITY>
  <PIP_ORG></PIP_ORG>
  <IP_IPAD></IP_IPAD>
  <IP_LAT></IP_LAT>
  <IP_LON></IP_LON>
  <IP_COUNTRY></IP_COUNTRY>
  <IP_REGION></IP_REGION>
  <IP_CITY></IP_CITY>
  <IP_ORG></IP_ORG>
  <WARNING_COUNT>0</WARNING_COUNT>
</RESPONSE>

2015-03-17T08:05:32Z
RequestParameter:  billNo: bjajgbfeaf | startTime:2015-03-17 08:05:32

2015-03-17T08:05:32Z
Array
(
    [MODE] => Q
    [FRMT] => XML
    [VERS] => 0600
    [MERC] => 680000
    [UDF[CUSTOMER_IPAD]] => 46.216.185.100
    [SESS] => ooffmeeeadpdbab
    [ORDR] => bjajgbfeaf
    [CURR] => EUR
    [PENC] => KHASH
    [PTYP] => CARD
    [PTOK] => 4918912GXE0BUP1QG8K5
    [IPAD] => 46.216.185.100
    [MACK] => Y
    [AUTH] => A
    [PROD_DESC[0]] => Binary Trade
    [PROD_TYPE[0]] => Binary Trade
    [PROD_ITEM[0]] => SKU-AMF-BinaryTrade
    [PROD_QUANT[0]] => 1
    [PROD_PRICE[0]] => 1100
    [TOTL] => 1100
    [SITE] => VERT001
    [UDF[MERCHANT_ID]] => 10001MERAMFCAP
    [NAME] => Juan Dela Cruz
    [B2A1] => US, St. Bakerroad, 52
    [B2CC] => US
    [B2CI] => New York
    [B2PC] => 12345
    [B2PN] => 123456789
    [B2ST] => NY
    [S2A1] => 
    [S2CC] => 
    [S2CI] => 
    [S2EM] => 
    [S2NM] =>  
    [S2PC] => 
    [S2PN] => 
    [S2ST] => 
    [SHTP] => 
    [CASH] => 11
    [DOB] => 1989-01-01
    [GENDER] => 
    [EMAL] => JUANDCAPPROVE@EXAMPLE.COM
)


2015-03-17T08:20:39Z
RequestParameter:  billNo: dkkkedaiah1 | startTime:2015-03-17 08:20:39

2015-03-17T08:20:39Z
Array
(
    [MODE] => Q
    [FRMT] => XML
    [VERS] => 0600
    [MERC] => 680000
    [UDF[CUSTOMER_IPAD]] => 46.216.185.100
    [SESS] => ggjmmbjlfebldbk
    [ORDR] => dkkkedaiah1
    [CURR] => EUR
    [PENC] => KHASH
    [PTYP] => CARD
    [PTOK] => 4918912GXE0BUP1QG8K5
    [IPAD] => 46.216.185.100
    [MACK] => Y
    [AUTH] => A
    [PROD_DESC[0]] => Binary Trade
    [PROD_TYPE[0]] => Binary Trade
    [PROD_ITEM[0]] => SKU-AMF-BinaryTrade
    [PROD_QUANT[0]] => 1
    [PROD_PRICE[0]] => 1100
    [TOTL] => 1100
    [SITE] => VERT001
    [UDF[MERCHANT_ID]] => 10001MERAMFCAP
    [NAME] => Juan Dela Cruz
    [B2A1] => US, St. Bakerroad, 52
    [B2CC] => US
    [B2CI] => New York
    [B2PC] => 12345
    [B2PN] => 123456789
    [B2ST] => NY
    [S2A1] => 
    [S2CC] => 
    [S2CI] => 
    [S2EM] => 
    [S2NM] =>  
    [S2PC] => 
    [S2PN] => 
    [S2ST] => 
    [SHTP] => 
    [CASH] => 11
    [DOB] => 1989-01-01
    [GENDER] => 
    [EMAL] => JUANDCAPPROVE@EXAMPLE.COM
)


2015-03-17T08:37:06Z
RequestParameter:  billNo: beiciakkji | startTime:2015-03-17 08:37:06

2015-03-17T08:37:06Z
Array
(
    [MODE] => Q
    [FRMT] => XML
    [VERS] => 0600
    [MERC] => 680000
    [UDF[CUSTOMER_IPAD]] => 46.216.185.100
    [SESS] => eoopkkjmkipnokb
    [ORDR] => beiciakkji
    [CURR] => PHP
    [PENC] => KHASH
    [PTYP] => CARD
    [PTOK] => 4918912GXE0BUP1QG8K5
    [IPAD] => 46.216.185.100
    [MACK] => Y
    [AUTH] => A
    [PROD_DESC[0]] => Binary Trade
    [PROD_TYPE[0]] => Binary Trade
    [PROD_ITEM[0]] => SKU-AMF-BinaryTrade
    [PROD_QUANT[0]] => 1
    [PROD_PRICE[0]] => 1100
    [TOTL] => 1100
    [SITE] => VERT001
    [UDF[MERCHANT_ID]] => 10001MERAMFCAP
    [NAME] => Juan Dela Cruz
    [B2A1] => US, St. Bakerroad, 52
    [B2CC] => US
    [B2CI] => New York
    [B2PC] => 12345
    [B2PN] => 123456789
    [B2ST] => NY
    [S2A1] => 
    [S2CC] => 
    [S2CI] => 
    [S2EM] => 
    [S2NM] =>  
    [S2PC] => 
    [S2PN] => 
    [S2ST] => 
    [SHTP] => 
    [CASH] => 11
    [DOB] => 1989-01-01
    [GENDER] => 
    [EMAL] => JUANDCAPPROVE@EXAMPLE.COM
)


2015-03-17T16:20:00Z
RequestParameter:  billNo: fgkdddhji11d | startTime:2015-03-17 16:20:00

2015-03-17T16:20:00Z
Array
(
    [MODE] => Q
    [FRMT] => XML
    [VERS] => 0600
    [MERC] => 680000
    [UDF[CUSTOMER_IPAD]] => 46.216.185.100
    [SESS] => efpkbcnpbnnihmo
    [ORDR] => fgkdddhji11d
    [CURR] => PHP
    [PENC] => KHASH
    [PTYP] => CARD
    [PTOK] => 456326Z77XEKP2XQNJ81
    [IPAD] => 46.216.185.100
    [MACK] => Y
    [AUTH] => A
    [PROD_DESC[0]] => Binary Trade
    [PROD_TYPE[0]] => Binary Trade
    [PROD_ITEM[0]] => SKU-AMF-BinaryTrade
    [PROD_QUANT[0]] => 1
    [PROD_PRICE[0]] => 150000
    [TOTL] => 150000
    [SITE] => VERT001
    [UDF[MERCHANT_ID]] => 10001MERHFTGRP
    [NAME] => rfgrg grgrg
    [B2A1] => US, St. Bakerroad, 52
    [B2CC] => GB
    [B2CI] => drtgdrtw
    [B2PC] => 67000
    [B2PN] => 123456789
    [B2ST] => NY
    [S2A1] => 
    [S2CC] => 
    [S2CI] => 
    [S2EM] => 
    [S2NM] =>  
    [S2PC] => 
    [S2PN] => 
    [S2ST] => 
    [SHTP] => 
    [CASH] => 1500
    [DOB] => 1989-01-01
    [GENDER] => 
    [EMAL] => JUANDC@EXAMPLE.COM
)


2015-03-17T16:20:06Z
ResponseParameter:  billNo: fgkdddhji11d | endTime:2015-03-17 16:20:06

2015-03-17T16:20:06Z
<?xml version="1.0" encoding="UTF-8"?>
<RESPONSE>
  <VERS>0600</VERS>
  <MODE>Q</MODE>
  <TRAN>3YGY0JZN8RZ5</TRAN>
  <MERC>680000</MERC>
  <SESS>efpkbcnpbnnihmo</SESS>
  <ORDR>fgkdddhji11d</ORDR>
  <AUTO>A</AUTO>
  <SCOR>33</SCOR>
  <GEOX>BY</GEOX>
  <BRND>VISA</BRND>
  <REGN></REGN>
  <NETW>N</NETW>
  <KAPT>N</KAPT>
  <CARDS>1</CARDS>
  <DEVICES>1</DEVICES>
  <EMAILS>1</EMAILS>
  <VELO>0</VELO>
  <VMAX>0</VMAX>
  <SITE>VERT001</SITE>
  <DEVICE_LAYERS>....</DEVICE_LAYERS>
  <FINGERPRINT></FINGERPRINT>
  <TIMEZONE></TIMEZONE>
  <LOCALTIME> </LOCALTIME>
  <REGION></REGION>
  <COUNTRY></COUNTRY>
  <PROXY></PROXY>
  <JAVASCRIPT></JAVASCRIPT>
  <FLASH></FLASH>
  <COOKIES></COOKIES>
  <HTTP_COUNTRY></HTTP_COUNTRY>
  <LANGUAGE></LANGUAGE>
  <MOBILE_DEVICE></MOBILE_DEVICE>
  <MOBILE_TYPE></MOBILE_TYPE>
  <MOBILE_FORWARDER></MOBILE_FORWARDER>
  <VOICE_DEVICE></VOICE_DEVICE>
  <PC_REMOTE></PC_REMOTE>
  <RULES_TRIGGERED>4</RULES_TRIGGERED>
  <RULE_ID_0>772998</RULE_ID_0>
  <RULE_DESCRIPTION_0>GEO Billing &lt;&gt; BIN Country (1pt)</RULE_DESCRIPTION_0>
  <RULE_ID_1>773002</RULE_ID_1>
  <RULE_DESCRIPTION_1>FRAUD_SCRD GEO Counter Triggered (5pts)</RULE_DESCRIPTION_1>
  <RULE_ID_2>773026</RULE_ID_2>
  <RULE_DESCRIPTION_2>Approve VIP List Email</RULE_DESCRIPTION_2>
  <RULE_ID_3>793142</RULE_ID_3>
  <RULE_DESCRIPTION_3>Decline Customer Email Validation</RULE_DESCRIPTION_3>
  <COUNTERS_TRIGGERED>2</COUNTERS_TRIGGERED>
  <COUNTER_NAME_0>GEO</COUNTER_NAME_0>
  <COUNTER_VALUE_0>1</COUNTER_VALUE_0>
  <COUNTER_NAME_1>FRAUD_SCRD</COUNTER_NAME_1>
  <COUNTER_VALUE_1>5</COUNTER_VALUE_1>
  <REASON_CODE></REASON_CODE>
  <MASTERCARD></MASTERCARD>
  <DDFS></DDFS>
  <DSR></DSR>
  <UAS></UAS>
  <BROWSER></BROWSER>
  <OS></OS>
  <PIP_IPAD></PIP_IPAD>
  <PIP_LAT></PIP_LAT>
  <PIP_LON></PIP_LON>
  <PIP_COUNTRY></PIP_COUNTRY>
  <PIP_REGION></PIP_REGION>
  <PIP_CITY></PIP_CITY>
  <PIP_ORG></PIP_ORG>
  <IP_IPAD></IP_IPAD>
  <IP_LAT></IP_LAT>
  <IP_LON></IP_LON>
  <IP_COUNTRY></IP_COUNTRY>
  <IP_REGION></IP_REGION>
  <IP_CITY></IP_CITY>
  <IP_ORG></IP_ORG>
  <WARNING_COUNT>0</WARNING_COUNT>
</RESPONSE>

2015-03-17T16:48:51Z
RequestParameter:  billNo: test01 | startTime:2015-03-17 16:48:51

2015-03-17T16:48:51Z
Array
(
    [MODE] => Q
    [FRMT] => XML
    [VERS] => 0600
    [MERC] => 680000
    [UDF[CUSTOMER_IPAD]] => 46.216.185.100
    [SESS] => efpkbcnpbnnihmotest01
    [ORDR] => test01
    [CURR] => PHP
    [PENC] => KHASH
    [PTYP] => CARD
    [PTOK] => 456326Z77XEKP2XQNJ81
    [IPAD] => 46.216.185.100
    [MACK] => Y
    [AUTH] => A
    [PROD_DESC[0]] => Binary Trade
    [PROD_TYPE[0]] => Binary Trade
    [PROD_ITEM[0]] => SKU-AMF-BinaryTrade
    [PROD_QUANT[0]] => 1
    [PROD_PRICE[0]] => 1000
    [TOTL] => 1000
    [SITE] => VERT001
    [UDF[MERCHANT_ID]] => 10001MERHFTGRP
    [NAME] => rfgrg grgrg
    [B2A1] => US, St. Bakerroad, 52
    [B2CC] => GB
    [B2CI] => drtgdrtw
    [B2PC] => 67000
    [B2PN] => 123456789
    [B2ST] => NY
    [S2A1] => 
    [S2CC] => 
    [S2CI] => 
    [S2EM] => 
    [S2NM] =>  
    [S2PC] => 
    [S2PN] => 
    [S2ST] => 
    [SHTP] => 
    [CASH] => 10
    [DOB] => 1970-03-17
    [GENDER] => 
    [EMAL] => JUANDC@EXAMPLE.COM
)


