2015-04-12T08:38:18Z
RequestParameter:  billNo: f68c06222c264eec9950418bb9d12f37 | startTime:2015-04-12 08:38:18

2015-04-12T08:38:18Z
Array
(
    [MODE] => Q
    [FRMT] => XML
    [VERS] => 0630
    [MERC] => 680000
    [UDF[CUSTOMER_IPAD]] => 31.168.187.64
    [SESS] => 15d2433de53c47a08becb14c784ff91f
    [ORDR] => f68c06222c264eec9950418bb9d12f37
    [CURR] => EUR
    [PENC] => KHASH
    [PTYP] => CARD
    [PTOK] => 4918912GXE0BUP1QG8K5
    [IPAD] => 31.168.187.64
    [MACK] => Y
    [AUTH] => A
    [PROD_DESC[0]] => Binary Trade
    [PROD_TYPE[0]] => Binary Trade
    [PROD_ITEM[0]] => SKU-ANT-BinaryTrade
    [PROD_QUANT[0]] => 1
    [PROD_PRICE[0]] => 9900
    [TOTL] => 9900
    [SITE] => VERT001
    [UDF[MERCHANT_ID]] => 10001MERANTY
    [NAME] => Juan Dela Cruz
    [B2A1] => St. Bakerroad, 52
    [B2CC] => US
    [B2CI] => New York
    [B2PC] => 12345
    [B2PN] => 375336264692
    [B2ST] => NY
    [S2A1] => 
    [S2CC] => 
    [S2CI] => 
    [S2EM] => 
    [S2NM] =>  
    [S2PC] => 
    [S2PN] => 
    [S2ST] => 
    [SHTP] => 
    [CASH] => 99
    [DOB] => 0001-01-01
    [GENDER] => M
    [EMAL] => JUANDCAPPROVE@EXAMPLE.COM
)


2015-04-12T08:38:41Z
ResponseParameter:  billNo: f68c06222c264eec9950418bb9d12f37 | endTime:2015-04-12 08:38:41

2015-04-12T08:38:41Z
<?xml version="1.0" encoding="UTF-8"?>
<RESPONSE>
  <VERS>0630</VERS>
  <MODE>Q</MODE>
  <TRAN>3HJX04VHQNHS</TRAN>
  <MERC>680000</MERC>
  <SESS>15d2433de53c47a08becb14c784ff91f</SESS>
  <ORDR>f68c06222c264eec9950418bb9d12f37</ORDR>
  <AUTO>A</AUTO>
  <SCOR>29</SCOR>
  <GEOX>IL</GEOX>
  <BRND>VISA</BRND>
  <REGN></REGN>
  <NETW>N</NETW>
  <KAPT>N</KAPT>
  <CARDS>1</CARDS>
  <DEVICES>1</DEVICES>
  <EMAILS>1</EMAILS>
  <VELO>0</VELO>
  <VMAX>0</VMAX>
  <SITE>VERT001</SITE>
  <DEVICE_LAYERS>....</DEVICE_LAYERS>
  <FINGERPRINT></FINGERPRINT>
  <TIMEZONE></TIMEZONE>
  <LOCALTIME> </LOCALTIME>
  <REGION></REGION>
  <COUNTRY></COUNTRY>
  <PROXY></PROXY>
  <JAVASCRIPT></JAVASCRIPT>
  <FLASH></FLASH>
  <COOKIES></COOKIES>
  <HTTP_COUNTRY></HTTP_COUNTRY>
  <LANGUAGE></LANGUAGE>
  <MOBILE_DEVICE></MOBILE_DEVICE>
  <MOBILE_TYPE></MOBILE_TYPE>
  <MOBILE_FORWARDER></MOBILE_FORWARDER>
  <VOICE_DEVICE></VOICE_DEVICE>
  <PC_REMOTE></PC_REMOTE>
  <RULES_TRIGGERED>7</RULES_TRIGGERED>
  <RULE_ID_0>772998</RULE_ID_0>
  <RULE_DESCRIPTION_0>GEO Billing &lt;&gt; BIN Country (1pt)</RULE_DESCRIPTION_0>
  <RULE_ID_1>773002</RULE_ID_1>
  <RULE_DESCRIPTION_1>FRAUD_SCRD GEO Counter Triggered (5pts)</RULE_DESCRIPTION_1>
  <RULE_ID_2>773010</RULE_ID_2>
  <RULE_DESCRIPTION_2>FRAUD_SCRD Network Chargeback Exists (5pts)</RULE_DESCRIPTION_2>
  <RULE_ID_3>772980</RULE_ID_3>
  <RULE_DESCRIPTION_3>Decline Merchant Chargebacks &gt;1</RULE_DESCRIPTION_3>
  <RULE_ID_4>773024</RULE_ID_4>
  <RULE_DESCRIPTION_4>Decline VIP List</RULE_DESCRIPTION_4>
  <RULE_ID_5>773026</RULE_ID_5>
  <RULE_DESCRIPTION_5>Approve VIP List Email</RULE_DESCRIPTION_5>
  <RULE_ID_6>793142</RULE_ID_6>
  <RULE_DESCRIPTION_6>Decline Customer Email Validation</RULE_DESCRIPTION_6>
  <COUNTERS_TRIGGERED>2</COUNTERS_TRIGGERED>
  <COUNTER_NAME_0>GEO</COUNTER_NAME_0>
  <COUNTER_VALUE_0>1</COUNTER_VALUE_0>
  <COUNTER_NAME_1>FRAUD_SCRD</COUNTER_NAME_1>
  <COUNTER_VALUE_1>10</COUNTER_VALUE_1>
  <REASON_CODE></REASON_CODE>
  <MASTERCARD></MASTERCARD>
  <DDFS></DDFS>
  <DSR></DSR>
  <UAS></UAS>
  <BROWSER></BROWSER>
  <OS></OS>
  <PIP_IPAD></PIP_IPAD>
  <PIP_LAT></PIP_LAT>
  <PIP_LON></PIP_LON>
  <PIP_COUNTRY></PIP_COUNTRY>
  <PIP_REGION></PIP_REGION>
  <PIP_CITY></PIP_CITY>
  <PIP_ORG></PIP_ORG>
  <IP_IPAD></IP_IPAD>
  <IP_LAT></IP_LAT>
  <IP_LON></IP_LON>
  <IP_COUNTRY></IP_COUNTRY>
  <IP_REGION></IP_REGION>
  <IP_CITY></IP_CITY>
  <IP_ORG></IP_ORG>
  <WARNING_0>399 BAD_OPTN Cause: [value [0001-01-01] did not match regex /^((19|20)\d\d-(0[1-9]|1[012])-(0[1-9]|[12][0-9]|3[01]))?$/], Field: [DOB], Value: [0001-01-01]</WARNING_0>
  <WARNING_COUNT>1</WARNING_COUNT>
</RESPONSE>

2015-04-12T08:47:02Z
RequestParameter:  billNo: 911a14f0dc0c40db8a91b2b629d06ca4 | startTime:2015-04-12 08:47:02

2015-04-12T08:47:02Z
Array
(
    [MODE] => Q
    [FRMT] => XML
    [VERS] => 0630
    [MERC] => 680000
    [UDF[CUSTOMER_IPAD]] => 31.168.187.64
    [SESS] => cfd616e590e84a6393526dfae4f6033e
    [ORDR] => 911a14f0dc0c40db8a91b2b629d06ca4
    [CURR] => EUR
    [PENC] => KHASH
    [PTYP] => CARD
    [PTOK] => 4918912GXE0BUP1QG8K5
    [IPAD] => 31.168.187.64
    [MACK] => Y
    [AUTH] => A
    [PROD_DESC[0]] => Binary Trade
    [PROD_TYPE[0]] => Binary Trade
    [PROD_ITEM[0]] => SKU-ANT-BinaryTrade
    [PROD_QUANT[0]] => 1
    [PROD_PRICE[0]] => 9900
    [TOTL] => 9900
    [SITE] => VERT001
    [UDF[MERCHANT_ID]] => 10001MERANTY
    [NAME] => Juan Dela Cruz
    [B2A1] => St. Bakerroad, 52
    [B2CC] => US
    [B2CI] => New York
    [B2PC] => 12345
    [B2PN] => 375336264692
    [B2ST] => NY
    [S2A1] => 
    [S2CC] => 
    [S2CI] => 
    [S2EM] => 
    [S2NM] =>  
    [S2PC] => 
    [S2PN] => 
    [S2ST] => 
    [SHTP] => 
    [CASH] => 99
    [DOB] => 0001-01-01
    [GENDER] => M
    [EMAL] => JUANDCAPPROVE@EXAMPLE.COM
)


2015-04-12T08:47:03Z
ResponseParameter:  billNo: 911a14f0dc0c40db8a91b2b629d06ca4 | endTime:2015-04-12 08:47:03

2015-04-12T08:47:03Z
<?xml version="1.0" encoding="UTF-8"?>
<RESPONSE>
  <VERS>0630</VERS>
  <MODE>Q</MODE>
  <TRAN>3HJX0P2RNCV2</TRAN>
  <MERC>680000</MERC>
  <SESS>cfd616e590e84a6393526dfae4f6033e</SESS>
  <ORDR>911a14f0dc0c40db8a91b2b629d06ca4</ORDR>
  <AUTO>A</AUTO>
  <SCOR>29</SCOR>
  <GEOX>IL</GEOX>
  <BRND>VISA</BRND>
  <REGN></REGN>
  <NETW>N</NETW>
  <KAPT>N</KAPT>
  <CARDS>1</CARDS>
  <DEVICES>1</DEVICES>
  <EMAILS>1</EMAILS>
  <VELO>0</VELO>
  <VMAX>0</VMAX>
  <SITE>VERT001</SITE>
  <DEVICE_LAYERS>....</DEVICE_LAYERS>
  <FINGERPRINT></FINGERPRINT>
  <TIMEZONE></TIMEZONE>
  <LOCALTIME> </LOCALTIME>
  <REGION></REGION>
  <COUNTRY></COUNTRY>
  <PROXY></PROXY>
  <JAVASCRIPT></JAVASCRIPT>
  <FLASH></FLASH>
  <COOKIES></COOKIES>
  <HTTP_COUNTRY></HTTP_COUNTRY>
  <LANGUAGE></LANGUAGE>
  <MOBILE_DEVICE></MOBILE_DEVICE>
  <MOBILE_TYPE></MOBILE_TYPE>
  <MOBILE_FORWARDER></MOBILE_FORWARDER>
  <VOICE_DEVICE></VOICE_DEVICE>
  <PC_REMOTE></PC_REMOTE>
  <RULES_TRIGGERED>7</RULES_TRIGGERED>
  <RULE_ID_0>772998</RULE_ID_0>
  <RULE_DESCRIPTION_0>GEO Billing &lt;&gt; BIN Country (1pt)</RULE_DESCRIPTION_0>
  <RULE_ID_1>773002</RULE_ID_1>
  <RULE_DESCRIPTION_1>FRAUD_SCRD GEO Counter Triggered (5pts)</RULE_DESCRIPTION_1>
  <RULE_ID_2>773010</RULE_ID_2>
  <RULE_DESCRIPTION_2>FRAUD_SCRD Network Chargeback Exists (5pts)</RULE_DESCRIPTION_2>
  <RULE_ID_3>772980</RULE_ID_3>
  <RULE_DESCRIPTION_3>Decline Merchant Chargebacks &gt;1</RULE_DESCRIPTION_3>
  <RULE_ID_4>773024</RULE_ID_4>
  <RULE_DESCRIPTION_4>Decline VIP List</RULE_DESCRIPTION_4>
  <RULE_ID_5>773026</RULE_ID_5>
  <RULE_DESCRIPTION_5>Approve VIP List Email</RULE_DESCRIPTION_5>
  <RULE_ID_6>793142</RULE_ID_6>
  <RULE_DESCRIPTION_6>Decline Customer Email Validation</RULE_DESCRIPTION_6>
  <COUNTERS_TRIGGERED>2</COUNTERS_TRIGGERED>
  <COUNTER_NAME_0>GEO</COUNTER_NAME_0>
  <COUNTER_VALUE_0>1</COUNTER_VALUE_0>
  <COUNTER_NAME_1>FRAUD_SCRD</COUNTER_NAME_1>
  <COUNTER_VALUE_1>10</COUNTER_VALUE_1>
  <REASON_CODE></REASON_CODE>
  <MASTERCARD></MASTERCARD>
  <DDFS></DDFS>
  <DSR></DSR>
  <UAS></UAS>
  <BROWSER></BROWSER>
  <OS></OS>
  <PIP_IPAD></PIP_IPAD>
  <PIP_LAT></PIP_LAT>
  <PIP_LON></PIP_LON>
  <PIP_COUNTRY></PIP_COUNTRY>
  <PIP_REGION></PIP_REGION>
  <PIP_CITY></PIP_CITY>
  <PIP_ORG></PIP_ORG>
  <IP_IPAD></IP_IPAD>
  <IP_LAT></IP_LAT>
  <IP_LON></IP_LON>
  <IP_COUNTRY></IP_COUNTRY>
  <IP_REGION></IP_REGION>
  <IP_CITY></IP_CITY>
  <IP_ORG></IP_ORG>
  <WARNING_0>399 BAD_OPTN Cause: [value [0001-01-01] did not match regex /^((19|20)\d\d-(0[1-9]|1[012])-(0[1-9]|[12][0-9]|3[01]))?$/], Field: [DOB], Value: [0001-01-01]</WARNING_0>
  <WARNING_COUNT>1</WARNING_COUNT>
</RESPONSE>

2015-04-12T08:59:27Z
RequestParameter:  billNo: f97efe38d6e844e3a036f580ce7f6847 | startTime:2015-04-12 08:59:27

2015-04-12T08:59:27Z
Array
(
    [MODE] => Q
    [FRMT] => XML
    [VERS] => 0630
    [MERC] => 680000
    [UDF[CUSTOMER_IPAD]] => 31.168.187.64
    [SESS] => 749b3162ff0f4b0eb488d1f15ef1a32a
    [ORDR] => f97efe38d6e844e3a036f580ce7f6847
    [CURR] => $EUR
    [PENC] => KHASH
    [PTYP] => CARD
    [PTOK] => 4918912GXE0BUP1QG8K5
    [IPAD] => 31.168.187.64
    [MACK] => Y
    [AUTH] => A
    [PROD_DESC[0]] => Binary Trade
    [PROD_TYPE[0]] => Binary Trade
    [PROD_ITEM[0]] => SKU-ANT-BinaryTrade
    [PROD_QUANT[0]] => 1
    [PROD_PRICE[0]] => 9900
    [TOTL] => 9900
    [SITE] => VERT001
    [UDF[MERCHANT_ID]] => 10001MERANTY
    [NAME] => Juan Dela Cruz
    [B2A1] => St. Bakerroad, 52
    [B2CC] => US
    [B2CI] => New York
    [B2PC] => 12345
    [B2PN] => 375336264692
    [B2ST] => NY
    [S2A1] => 
    [S2CC] => 
    [S2CI] => 
    [S2EM] => 
    [S2NM] =>  
    [S2PC] => 
    [S2PN] => 
    [S2ST] => 
    [SHTP] => 
    [CASH] => 99
    [DOB] => 0001-01-01
    [GENDER] => M
    [EMAL] => JUANDCAPPROVE@EXAMPLE.COM
)


2015-04-12T08:59:28Z
ResponseParameter:  billNo: f97efe38d6e844e3a036f580ce7f6847 | endTime:2015-04-12 08:59:28

2015-04-12T08:59:28Z
<?xml version="1.0" encoding="UTF-8"?>
<RESPONSE>
  <MODE>E</MODE>
  <ERRO>311</ERRO>
  <ERROR_0>311 BAD_CURR Field: [CURR], Value: [$EUR]</ERROR_0>
  <ERROR_COUNT>1</ERROR_COUNT>
  <WARNING_0>399 BAD_OPTN Cause: [value [0001-01-01] did not match regex /^((19|20)\d\d-(0[1-9]|1[012])-(0[1-9]|[12][0-9]|3[01]))?$/], Field: [DOB], Value: [0001-01-01]</WARNING_0>
  <WARNING_COUNT>1</WARNING_COUNT>
</RESPONSE>

2015-04-12T09:00:10Z
RequestParameter:  billNo: 5875c8508ef7407bbf6a21ab6509d1f7 | startTime:2015-04-12 09:00:10

2015-04-12T09:00:10Z
Array
(
    [MODE] => Q
    [FRMT] => XML
    [VERS] => 0630
    [MERC] => 680000
    [UDF[CUSTOMER_IPAD]] => 31.168.187.64
    [SESS] => 1281cb7539224f518141e79ab130bfca
    [ORDR] => 5875c8508ef7407bbf6a21ab6509d1f7
    [CURR] => EUR
    [PENC] => KHASH
    [PTYP] => CARD
    [PTOK] => 4918912GXE0BUP1QG8K5
    [IPAD] => 31.168.187.64
    [MACK] => Y
    [AUTH] => A
    [PROD_DESC[0]] => Binary Trade
    [PROD_TYPE[0]] => Binary Trade
    [PROD_ITEM[0]] => SKU-ANT-BinaryTrade
    [PROD_QUANT[0]] => 1
    [PROD_PRICE[0]] => 9900
    [TOTL] => 9900
    [SITE] => VERT001
    [UDF[MERCHANT_ID]] => 10001MERANTY
    [NAME] => Juan Dela Cruz
    [B2A1] => St. Bakerroad, 52
    [B2CC] => US
    [B2CI] => New York
    [B2PC] => 12345
    [B2PN] => 375336264692
    [B2ST] => NY
    [S2A1] => 
    [S2CC] => 
    [S2CI] => 
    [S2EM] => 
    [S2NM] =>  
    [S2PC] => 
    [S2PN] => 
    [S2ST] => 
    [SHTP] => 
    [CASH] => 99
    [DOB] => 0001-01-01
    [GENDER] => M
    [EMAL] => JUANDCAPPROVE@EXAMPLE.COM
)


2015-04-12T09:00:11Z
ResponseParameter:  billNo: 5875c8508ef7407bbf6a21ab6509d1f7 | endTime:2015-04-12 09:00:11

2015-04-12T09:00:11Z
<?xml version="1.0" encoding="UTF-8"?>
<RESPONSE>
  <VERS>0630</VERS>
  <MODE>Q</MODE>
  <TRAN>3HJX0GKTJ2GS</TRAN>
  <MERC>680000</MERC>
  <SESS>1281cb7539224f518141e79ab130bfca</SESS>
  <ORDR>5875c8508ef7407bbf6a21ab6509d1f7</ORDR>
  <AUTO>A</AUTO>
  <SCOR>29</SCOR>
  <GEOX>IL</GEOX>
  <BRND>VISA</BRND>
  <REGN></REGN>
  <NETW>N</NETW>
  <KAPT>N</KAPT>
  <CARDS>1</CARDS>
  <DEVICES>1</DEVICES>
  <EMAILS>1</EMAILS>
  <VELO>0</VELO>
  <VMAX>0</VMAX>
  <SITE>VERT001</SITE>
  <DEVICE_LAYERS>....</DEVICE_LAYERS>
  <FINGERPRINT></FINGERPRINT>
  <TIMEZONE></TIMEZONE>
  <LOCALTIME> </LOCALTIME>
  <REGION></REGION>
  <COUNTRY></COUNTRY>
  <PROXY></PROXY>
  <JAVASCRIPT></JAVASCRIPT>
  <FLASH></FLASH>
  <COOKIES></COOKIES>
  <HTTP_COUNTRY></HTTP_COUNTRY>
  <LANGUAGE></LANGUAGE>
  <MOBILE_DEVICE></MOBILE_DEVICE>
  <MOBILE_TYPE></MOBILE_TYPE>
  <MOBILE_FORWARDER></MOBILE_FORWARDER>
  <VOICE_DEVICE></VOICE_DEVICE>
  <PC_REMOTE></PC_REMOTE>
  <RULES_TRIGGERED>7</RULES_TRIGGERED>
  <RULE_ID_0>772998</RULE_ID_0>
  <RULE_DESCRIPTION_0>GEO Billing &lt;&gt; BIN Country (1pt)</RULE_DESCRIPTION_0>
  <RULE_ID_1>773002</RULE_ID_1>
  <RULE_DESCRIPTION_1>FRAUD_SCRD GEO Counter Triggered (5pts)</RULE_DESCRIPTION_1>
  <RULE_ID_2>773010</RULE_ID_2>
  <RULE_DESCRIPTION_2>FRAUD_SCRD Network Chargeback Exists (5pts)</RULE_DESCRIPTION_2>
  <RULE_ID_3>772980</RULE_ID_3>
  <RULE_DESCRIPTION_3>Decline Merchant Chargebacks &gt;1</RULE_DESCRIPTION_3>
  <RULE_ID_4>773024</RULE_ID_4>
  <RULE_DESCRIPTION_4>Decline VIP List</RULE_DESCRIPTION_4>
  <RULE_ID_5>773026</RULE_ID_5>
  <RULE_DESCRIPTION_5>Approve VIP List Email</RULE_DESCRIPTION_5>
  <RULE_ID_6>793142</RULE_ID_6>
  <RULE_DESCRIPTION_6>Decline Customer Email Validation</RULE_DESCRIPTION_6>
  <COUNTERS_TRIGGERED>2</COUNTERS_TRIGGERED>
  <COUNTER_NAME_0>GEO</COUNTER_NAME_0>
  <COUNTER_VALUE_0>1</COUNTER_VALUE_0>
  <COUNTER_NAME_1>FRAUD_SCRD</COUNTER_NAME_1>
  <COUNTER_VALUE_1>10</COUNTER_VALUE_1>
  <REASON_CODE></REASON_CODE>
  <MASTERCARD></MASTERCARD>
  <DDFS></DDFS>
  <DSR></DSR>
  <UAS></UAS>
  <BROWSER></BROWSER>
  <OS></OS>
  <PIP_IPAD></PIP_IPAD>
  <PIP_LAT></PIP_LAT>
  <PIP_LON></PIP_LON>
  <PIP_COUNTRY></PIP_COUNTRY>
  <PIP_REGION></PIP_REGION>
  <PIP_CITY></PIP_CITY>
  <PIP_ORG></PIP_ORG>
  <IP_IPAD></IP_IPAD>
  <IP_LAT></IP_LAT>
  <IP_LON></IP_LON>
  <IP_COUNTRY></IP_COUNTRY>
  <IP_REGION></IP_REGION>
  <IP_CITY></IP_CITY>
  <IP_ORG></IP_ORG>
  <WARNING_0>399 BAD_OPTN Cause: [value [0001-01-01] did not match regex /^((19|20)\d\d-(0[1-9]|1[012])-(0[1-9]|[12][0-9]|3[01]))?$/], Field: [DOB], Value: [0001-01-01]</WARNING_0>
  <WARNING_COUNT>1</WARNING_COUNT>
</RESPONSE>

