2015-05-04T06:07:22Z
RequestParameter:  billNo: 3HKX0HZK9DD7 | startTime:2015-05-04 06:07:22

2015-05-04T06:07:22Z
Array
(
    [rfcb[3HKX0HZK9DD7]] => R
)


2015-05-04T06:07:24Z
RequestParameter:  billNo: 3HKX0HZK9DD7 | startTime:2015-05-04 06:07:24

2015-05-04T06:07:24Z
<?xml version="1.0" encoding="UTF-8"?>
<response><status>ok</status><count><success>1</success><failure>0</failure></count><errors/><result>ok</result></response>


2015-05-04T06:07:24Z
RequestParameter:  billNo: 3HKX0HZK9DD7 | startTime:2015-05-04 06:07:24

2015-05-04T06:07:24Z
Array
(
    [reason[3HKX0HZK9DD7]] => D1
    [note[3HKX0HZK9DD7]] => *remarks: [this is a test pls ignore|bankremarks|_|error: invalid expiry year|bankresponse|_|successcode=-1|prc=|src=] *psi method [refundapi] *trigger: [transaction refund]
)


2015-05-04T06:07:28Z
RequestParameter:  billNo: 3HKX0HZK9DD7 | startTime:2015-05-04 06:07:28

2015-05-04T06:07:28Z
<?xml version="1.0" encoding="UTF-8"?>
<response><status>ok</status><count><success>1</success><failure>0</failure></count><errors/><result/></response>


2015-05-04T06:07:35Z
RequestParameter:  billNo: 3HKX0HZK9DD7 | startTime:2015-05-04 06:07:35

2015-05-04T06:07:35Z
Array
(
    [rfcb[3HKX0HZK9DD7]] => R
)


2015-05-04T06:07:37Z
RequestParameter:  billNo: 3HKX0HZK9DD7 | startTime:2015-05-04 06:07:37

2015-05-04T06:07:37Z
<?xml version="1.0" encoding="UTF-8"?>
<response><status>ok</status><count><success>1</success><failure>0</failure></count><errors/><result>ok</result></response>


2015-05-04T06:07:37Z
RequestParameter:  billNo: 3HKX0HZK9DD7 | startTime:2015-05-04 06:07:37

2015-05-04T06:07:37Z
Array
(
    [reason[3HKX0HZK9DD7]] => D1
    [note[3HKX0HZK9DD7]] => *remarks: [this is a test pls ignore|bankremarks|_|error: invalid expiry year|bankresponse|_|successcode=-1|prc=|src=] *psi method [refundapi] *trigger: [transaction refund]
)


2015-05-04T06:07:40Z
RequestParameter:  billNo: 3HKX0HZK9DD7 | startTime:2015-05-04 06:07:40

2015-05-04T06:07:40Z
<?xml version="1.0" encoding="UTF-8"?>
<response><status>ok</status><count><success>1</success><failure>0</failure></count><errors/><result/></response>


2015-05-04T06:07:44Z
RequestParameter:  billNo: 3HKX0HZK9DD7 | startTime:2015-05-04 06:07:44

2015-05-04T06:07:44Z
Array
(
    [rfcb[3HKX0HZK9DD7]] => R
)


2015-05-04T06:07:46Z
RequestParameter:  billNo: 3HKX0HZK9DD7 | startTime:2015-05-04 06:07:46

2015-05-04T06:07:46Z
<?xml version="1.0" encoding="UTF-8"?>
<response><status>ok</status><count><success>1</success><failure>0</failure></count><errors/><result>ok</result></response>


2015-05-04T06:07:46Z
RequestParameter:  billNo: 3HKX0HZK9DD7 | startTime:2015-05-04 06:07:46

2015-05-04T06:07:46Z
Array
(
    [reason[3HKX0HZK9DD7]] => D1
    [note[3HKX0HZK9DD7]] => *remarks: [this is a test pls ignore|bankremarks|_|error: invalid expiry year|bankresponse|_|successcode=-1|prc=|src=] *psi method [refundapi] *trigger: [transaction refund]
)


2015-05-04T06:07:48Z
RequestParameter:  billNo: 3HKX0HZK9DD7 | startTime:2015-05-04 06:07:48

2015-05-04T06:07:48Z
<?xml version="1.0" encoding="UTF-8"?>
<response><status>ok</status><count><success>1</success><failure>0</failure></count><errors/><result/></response>


