2015-08-17T12:18:01Z
RequestParameter:  billNo: 7325ac67f07c42639081df624d1d5e51 | startTime:2015-08-17 12:18:01

2015-08-17T12:18:01Z
Array
(
    [MODE] => Q
    [FRMT] => XML
    [VERS] => 0630
    [MERC] => 680000
    [UDF[CUSTOMER_IPAD]] => 31.168.187.64
    [SESS] => b3f872cbd987430b9deeb0c0b49e3c2c
    [ORDR] => 7325ac67f07c42639081df624d1d5e51
    [CURR] => EUR
    [PENC] => KHASH
    [PTYP] => CARD
    [PTOK] => 4918912GXE0BUP1QG8K5
    [IPAD] => 31.168.187.64
    [MACK] => Y
    [AUTH] => A
    [PROD_DESC[0]] => Binary Trade
    [PROD_TYPE[0]] => Binary Trade
    [PROD_ITEM[0]] => SKU-ANT-BinaryTrade
    [PROD_QUANT[0]] => 1
    [PROD_PRICE[0]] => 9900
    [TOTL] => 9900
    [SITE] => VERT001
    [UDF[MERCHANT_ID]] => 10001MERANTY
    [NAME] => Juan Dela Cruz
    [B2A1] => St. Bakerroad, 52
    [B2CC] => US
    [B2CI] => New York
    [B2PC] => 12345
    [B2PN] => 375336264692
    [B2ST] => NY
    [S2A1] => 
    [S2CC] => 
    [S2CI] => 
    [S2EM] => 
    [S2NM] =>  
    [S2PC] => 
    [S2PN] => 
    [S2ST] => 
    [SHTP] => 
    [CASH] => 99
    [DOB] => 1980-05-17
    [GENDER] => M
    [EMAL] => JUANDCAPPROVE@EXAMPLE.COM
)


2015-08-17T12:18:02Z
ResponseParameter:  billNo: 7325ac67f07c42639081df624d1d5e51 | endTime:2015-08-17 12:18:02

2015-08-17T12:18:02Z
<?xml version="1.0" encoding="UTF-8"?>
<RESPONSE>
  <VERS>0630</VERS>
  <MODE>Q</MODE>
  <TRAN>38000KQGCV2L</TRAN>
  <MERC>680000</MERC>
  <SESS>b3f872cbd987430b9deeb0c0b49e3c2c</SESS>
  <ORDR>7325ac67f07c42639081df624d1d5e51</ORDR>
  <AUTO>A</AUTO>
  <SCOR>29</SCOR>
  <GEOX>IL</GEOX>
  <BRND>VISA</BRND>
  <REGN>IL_05</REGN>
  <NETW>N</NETW>
  <KAPT>N</KAPT>
  <CARDS>1</CARDS>
  <DEVICES>1</DEVICES>
  <EMAILS>1</EMAILS>
  <VELO>0</VELO>
  <VMAX>0</VMAX>
  <SITE>VERT001</SITE>
  <DEVICE_LAYERS>....</DEVICE_LAYERS>
  <FINGERPRINT></FINGERPRINT>
  <TIMEZONE></TIMEZONE>
  <LOCALTIME> </LOCALTIME>
  <REGION></REGION>
  <COUNTRY></COUNTRY>
  <PROXY></PROXY>
  <JAVASCRIPT></JAVASCRIPT>
  <FLASH></FLASH>
  <COOKIES></COOKIES>
  <HTTP_COUNTRY></HTTP_COUNTRY>
  <LANGUAGE></LANGUAGE>
  <MOBILE_DEVICE></MOBILE_DEVICE>
  <MOBILE_TYPE></MOBILE_TYPE>
  <MOBILE_FORWARDER></MOBILE_FORWARDER>
  <VOICE_DEVICE></VOICE_DEVICE>
  <PC_REMOTE></PC_REMOTE>
  <RULES_TRIGGERED>7</RULES_TRIGGERED>
  <RULE_ID_0>772998</RULE_ID_0>
  <RULE_DESCRIPTION_0>GEO Billing &lt;&gt; BIN Country (1pt)</RULE_DESCRIPTION_0>
  <RULE_ID_1>773002</RULE_ID_1>
  <RULE_DESCRIPTION_1>FRAUD_SCRD GEO Counter Triggered (5pts)</RULE_DESCRIPTION_1>
  <RULE_ID_2>773010</RULE_ID_2>
  <RULE_DESCRIPTION_2>FRAUD_SCRD Network Chargeback Exists (5pts)</RULE_DESCRIPTION_2>
  <RULE_ID_3>772980</RULE_ID_3>
  <RULE_DESCRIPTION_3>Decline Merchant Chargebacks &gt;1</RULE_DESCRIPTION_3>
  <RULE_ID_4>773024</RULE_ID_4>
  <RULE_DESCRIPTION_4>Decline VIP List</RULE_DESCRIPTION_4>
  <RULE_ID_5>773026</RULE_ID_5>
  <RULE_DESCRIPTION_5>Approve VIP List Email</RULE_DESCRIPTION_5>
  <RULE_ID_6>793142</RULE_ID_6>
  <RULE_DESCRIPTION_6>Decline Customer Email Validation</RULE_DESCRIPTION_6>
  <COUNTERS_TRIGGERED>2</COUNTERS_TRIGGERED>
  <COUNTER_NAME_0>GEO</COUNTER_NAME_0>
  <COUNTER_VALUE_0>1</COUNTER_VALUE_0>
  <COUNTER_NAME_1>FRAUD_SCRD</COUNTER_NAME_1>
  <COUNTER_VALUE_1>10</COUNTER_VALUE_1>
  <REASON_CODE></REASON_CODE>
  <MASTERCARD></MASTERCARD>
  <DDFS></DDFS>
  <DSR></DSR>
  <UAS></UAS>
  <BROWSER></BROWSER>
  <OS></OS>
  <PIP_IPAD></PIP_IPAD>
  <PIP_LAT></PIP_LAT>
  <PIP_LON></PIP_LON>
  <PIP_COUNTRY></PIP_COUNTRY>
  <PIP_REGION></PIP_REGION>
  <PIP_CITY></PIP_CITY>
  <PIP_ORG></PIP_ORG>
  <IP_IPAD></IP_IPAD>
  <IP_LAT></IP_LAT>
  <IP_LON></IP_LON>
  <IP_COUNTRY></IP_COUNTRY>
  <IP_REGION></IP_REGION>
  <IP_CITY></IP_CITY>
  <IP_ORG></IP_ORG>
  <WARNING_COUNT>0</WARNING_COUNT>
</RESPONSE>

2015-08-17T12:18:04Z
RequestParameter:  billNo: 68218f8003db4e29ad17196bd13c82c8 | startTime:2015-08-17 12:18:04

2015-08-17T12:18:04Z
Array
(
    [MODE] => Q
    [FRMT] => XML
    [VERS] => 0630
    [MERC] => 680000
    [UDF[CUSTOMER_IPAD]] => 31.168.187.64
    [SESS] => 4dd38cbd256649299ae545f91e909436
    [ORDR] => 68218f8003db4e29ad17196bd13c82c8
    [CURR] => EUR
    [PENC] => KHASH
    [PTYP] => CARD
    [PTOK] => 4918912GXE0BUP1QG8K5
    [IPAD] => 31.168.187.64
    [MACK] => Y
    [AUTH] => A
    [PROD_DESC[0]] => Binary Trade
    [PROD_TYPE[0]] => Binary Trade
    [PROD_ITEM[0]] => SKU-ANT-BinaryTrade
    [PROD_QUANT[0]] => 1
    [PROD_PRICE[0]] => 9900
    [TOTL] => 9900
    [SITE] => VERT001
    [UDF[MERCHANT_ID]] => 10001MERANTY
    [NAME] => Juan Dela Cruz
    [B2A1] => St. Bakerroad, 52
    [B2CC] => US
    [B2CI] => New York
    [B2PC] => 12345
    [B2PN] => 375336264692
    [B2ST] => NY
    [S2A1] => 
    [S2CC] => 
    [S2CI] => 
    [S2EM] => 
    [S2NM] =>  
    [S2PC] => 
    [S2PN] => 
    [S2ST] => 
    [SHTP] => 
    [CASH] => 99
    [DOB] => 1987-12-14
    [GENDER] => M
    [EMAL] => JUANDCAPPROVE@EXAMPLE.COM
)


2015-08-17T12:18:05Z
ResponseParameter:  billNo: 68218f8003db4e29ad17196bd13c82c8 | endTime:2015-08-17 12:18:05

2015-08-17T12:18:05Z
<?xml version="1.0" encoding="UTF-8"?>
<RESPONSE>
  <VERS>0630</VERS>
  <MODE>Q</MODE>
  <TRAN>380004W2KGCS</TRAN>
  <MERC>680000</MERC>
  <SESS>4dd38cbd256649299ae545f91e909436</SESS>
  <ORDR>68218f8003db4e29ad17196bd13c82c8</ORDR>
  <AUTO>A</AUTO>
  <SCOR>29</SCOR>
  <GEOX>IL</GEOX>
  <BRND>VISA</BRND>
  <REGN>IL_05</REGN>
  <NETW>N</NETW>
  <KAPT>N</KAPT>
  <CARDS>1</CARDS>
  <DEVICES>1</DEVICES>
  <EMAILS>1</EMAILS>
  <VELO>0</VELO>
  <VMAX>0</VMAX>
  <SITE>VERT001</SITE>
  <DEVICE_LAYERS>....</DEVICE_LAYERS>
  <FINGERPRINT></FINGERPRINT>
  <TIMEZONE></TIMEZONE>
  <LOCALTIME> </LOCALTIME>
  <REGION></REGION>
  <COUNTRY></COUNTRY>
  <PROXY></PROXY>
  <JAVASCRIPT></JAVASCRIPT>
  <FLASH></FLASH>
  <COOKIES></COOKIES>
  <HTTP_COUNTRY></HTTP_COUNTRY>
  <LANGUAGE></LANGUAGE>
  <MOBILE_DEVICE></MOBILE_DEVICE>
  <MOBILE_TYPE></MOBILE_TYPE>
  <MOBILE_FORWARDER></MOBILE_FORWARDER>
  <VOICE_DEVICE></VOICE_DEVICE>
  <PC_REMOTE></PC_REMOTE>
  <RULES_TRIGGERED>7</RULES_TRIGGERED>
  <RULE_ID_0>772998</RULE_ID_0>
  <RULE_DESCRIPTION_0>GEO Billing &lt;&gt; BIN Country (1pt)</RULE_DESCRIPTION_0>
  <RULE_ID_1>773002</RULE_ID_1>
  <RULE_DESCRIPTION_1>FRAUD_SCRD GEO Counter Triggered (5pts)</RULE_DESCRIPTION_1>
  <RULE_ID_2>773010</RULE_ID_2>
  <RULE_DESCRIPTION_2>FRAUD_SCRD Network Chargeback Exists (5pts)</RULE_DESCRIPTION_2>
  <RULE_ID_3>772980</RULE_ID_3>
  <RULE_DESCRIPTION_3>Decline Merchant Chargebacks &gt;1</RULE_DESCRIPTION_3>
  <RULE_ID_4>773024</RULE_ID_4>
  <RULE_DESCRIPTION_4>Decline VIP List</RULE_DESCRIPTION_4>
  <RULE_ID_5>773026</RULE_ID_5>
  <RULE_DESCRIPTION_5>Approve VIP List Email</RULE_DESCRIPTION_5>
  <RULE_ID_6>793142</RULE_ID_6>
  <RULE_DESCRIPTION_6>Decline Customer Email Validation</RULE_DESCRIPTION_6>
  <COUNTERS_TRIGGERED>2</COUNTERS_TRIGGERED>
  <COUNTER_NAME_0>GEO</COUNTER_NAME_0>
  <COUNTER_VALUE_0>1</COUNTER_VALUE_0>
  <COUNTER_NAME_1>FRAUD_SCRD</COUNTER_NAME_1>
  <COUNTER_VALUE_1>10</COUNTER_VALUE_1>
  <REASON_CODE></REASON_CODE>
  <MASTERCARD></MASTERCARD>
  <DDFS></DDFS>
  <DSR></DSR>
  <UAS></UAS>
  <BROWSER></BROWSER>
  <OS></OS>
  <PIP_IPAD></PIP_IPAD>
  <PIP_LAT></PIP_LAT>
  <PIP_LON></PIP_LON>
  <PIP_COUNTRY></PIP_COUNTRY>
  <PIP_REGION></PIP_REGION>
  <PIP_CITY></PIP_CITY>
  <PIP_ORG></PIP_ORG>
  <IP_IPAD></IP_IPAD>
  <IP_LAT></IP_LAT>
  <IP_LON></IP_LON>
  <IP_COUNTRY></IP_COUNTRY>
  <IP_REGION></IP_REGION>
  <IP_CITY></IP_CITY>
  <IP_ORG></IP_ORG>
  <WARNING_COUNT>0</WARNING_COUNT>
</RESPONSE>

