2015-09-17T03:47:04Z
RequestParameter:  billNo: a67ddd7e0e8a449ab1ccc7e4dd26b8d43 | startTime:2015-09-17 03:47:04

2015-09-17T03:47:04Z
Array
(
    [MODE] => Q
    [FRMT] => XML
    [VERS] => 0630
    [MERC] => 680000
    [UDF[CUSTOMER_IPAD]] => 31.168.187.64
    [SESS] => ui6crefdf82udstk69o2r4m173
    [ORDR] => a67ddd7e0e8a449ab1ccc7e4dd26b8d43
    [CURR] => EUR
    [PENC] => KHASH
    [PTYP] => CARD
    [PTOK] => 401200O9VVK1JNKKSCE1
    [IPAD] => 31.168.187.64
    [MACK] => Y
    [AUTH] => A
    [PROD_DESC[0]] => Binary Trade
    [PROD_TYPE[0]] => Binary Trade
    [PROD_ITEM[0]] => SKU-ANT-BinaryTrade
    [PROD_QUANT[0]] => 1
    [PROD_PRICE[0]] => 9900
    [TOTL] => 9900
    [SITE] => VERT999
    [UDF[MERCHANT_ID]] => 10001MERTEST001
    [NAME] => Juan Dela Cruz
    [B2A1] => St. Bakerroad, 52
    [B2CC] => US
    [B2CI] => New York
    [B2PC] => 12345
    [B2PN] => 375336264692
    [B2ST] => NY
    [S2A1] => 
    [S2CC] => 
    [S2CI] => 
    [S2EM] => 
    [S2NM] =>  
    [S2PC] => 
    [S2PN] => 
    [S2ST] => 
    [SHTP] => 
    [CASH] => 99
    [DOB] => 1977-12-04
    [GENDER] => M
    [EMAL] => JUANDCAPPROVE@EXAMPLE.COM
)


2015-09-17T03:47:07Z
ResponseParameter:  billNo: a67ddd7e0e8a449ab1ccc7e4dd26b8d43 | endTime:2015-09-17 03:47:07

2015-09-17T03:47:07Z
<?xml version="1.0" encoding="UTF-8"?>
<RESPONSE>
  <VERS>0630</VERS>
  <MODE>Q</MODE>
  <TRAN>36ZP0SYBKJBC</TRAN>
  <MERC>680000</MERC>
  <SESS>ui6crefdf82udstk69o2r4m173</SESS>
  <ORDR></ORDR>
  <AUTO>A</AUTO>
  <SCOR>39</SCOR>
  <GEOX>PH</GEOX>
  <BRND>VISA</BRND>
  <REGN>PH_F2</REGN>
  <NETW>N</NETW>
  <KAPT>Y</KAPT>
  <CARDS>1</CARDS>
  <DEVICES>1</DEVICES>
  <EMAILS>1</EMAILS>
  <VELO>0</VELO>
  <VMAX>0</VMAX>
  <SITE>VERT999</SITE>
  <DEVICE_LAYERS>5EFBB7B06F.F1A10C3507.34C611E382.A80EBD4F24.921BF841B0</DEVICE_LAYERS>
  <FINGERPRINT>C1C490F338AA17DECA7AB4507FC65105</FINGERPRINT>
  <TIMEZONE>960</TIMEZONE>
  <LOCALTIME>2015-09-17 11:47</LOCALTIME>
  <REGION>PH_F2</REGION>
  <COUNTRY>PH</COUNTRY>
  <PROXY>N</PROXY>
  <JAVASCRIPT>Y</JAVASCRIPT>
  <FLASH>Y</FLASH>
  <COOKIES>Y</COOKIES>
  <HTTP_COUNTRY>US</HTTP_COUNTRY>
  <LANGUAGE>EN</LANGUAGE>
  <MOBILE_DEVICE>N</MOBILE_DEVICE>
  <MOBILE_TYPE></MOBILE_TYPE>
  <MOBILE_FORWARDER>N</MOBILE_FORWARDER>
  <VOICE_DEVICE>N</VOICE_DEVICE>
  <PC_REMOTE>N</PC_REMOTE>
  <RULES_TRIGGERED>7</RULES_TRIGGERED>
  <RULE_ID_0>772998</RULE_ID_0>
  <RULE_DESCRIPTION_0>GEO Billing &lt;&gt; BIN Country (1pt)</RULE_DESCRIPTION_0>
  <RULE_ID_1>772992</RULE_ID_1>
  <RULE_DESCRIPTION_1>GEO Billing &lt;&gt; Device Country (1pt)</RULE_DESCRIPTION_1>
  <RULE_ID_2>772994</RULE_ID_2>
  <RULE_DESCRIPTION_2>GEO  Distance from Device to Billing &gt; 1000km (1pt)</RULE_DESCRIPTION_2>
  <RULE_ID_3>772996</RULE_ID_3>
  <RULE_DESCRIPTION_3>GEO BIN and Device Country not equal (1pt)</RULE_DESCRIPTION_3>
  <RULE_ID_4>773002</RULE_ID_4>
  <RULE_DESCRIPTION_4>FRAUD_SCRD GEO Counter Triggered (5pts)</RULE_DESCRIPTION_4>
  <RULE_ID_5>773026</RULE_ID_5>
  <RULE_DESCRIPTION_5>Approve VIP List Email</RULE_DESCRIPTION_5>
  <RULE_ID_6>793142</RULE_ID_6>
  <RULE_DESCRIPTION_6>Decline Customer Email Validation</RULE_DESCRIPTION_6>
  <COUNTERS_TRIGGERED>2</COUNTERS_TRIGGERED>
  <COUNTER_NAME_0>GEO</COUNTER_NAME_0>
  <COUNTER_VALUE_0>4</COUNTER_VALUE_0>
  <COUNTER_NAME_1>FRAUD_SCRD</COUNTER_NAME_1>
  <COUNTER_VALUE_1>5</COUNTER_VALUE_1>
  <REASON_CODE></REASON_CODE>
  <MASTERCARD></MASTERCARD>
  <DDFS>2015-09-14</DDFS>
  <DSR>800x1280</DSR>
  <UAS>Mozilla/5.0 (Windows NT 6.1; WOW64; rv:40.0) Gecko/20100101 Firefox/40.0</UAS>
  <BROWSER>Firefox 40.0</BROWSER>
  <OS>Windows 7</OS>
  <PIP_IPAD></PIP_IPAD>
  <PIP_LAT></PIP_LAT>
  <PIP_LON></PIP_LON>
  <PIP_COUNTRY></PIP_COUNTRY>
  <PIP_REGION></PIP_REGION>
  <PIP_CITY></PIP_CITY>
  <PIP_ORG></PIP_ORG>
  <IP_IPAD>112.198.83.55</IP_IPAD>
  <IP_LAT>14.6466</IP_LAT>
  <IP_LON>121.0509</IP_LON>
  <IP_COUNTRY>PH</IP_COUNTRY>
  <IP_REGION>Quezon City</IP_REGION>
  <IP_CITY>Quezon City</IP_CITY>
  <IP_ORG>GLOBE TELECOM</IP_ORG>
  <WARNING_0>399 BAD_OPTN Cause: [value [a67ddd7e0e8a449ab1ccc7e4dd26b8d43] did not match regex /^(.{1,32})?$/], Field: [ORDR], Value: [a67ddd7e0e8a449ab1ccc7e4dd26b8d43]</WARNING_0>
  <WARNING_COUNT>1</WARNING_COUNT>
</RESPONSE>

2015-09-17T03:47:30Z
RequestParameter:  billNo: a67ddd7e0e8a449ab1ccc7e4dd26b8d44 | startTime:2015-09-17 03:47:30

2015-09-17T03:47:30Z
Array
(
    [MODE] => Q
    [FRMT] => XML
    [VERS] => 0630
    [MERC] => 680000
    [UDF[CUSTOMER_IPAD]] => 31.168.187.64
    [SESS] => ui6crefdf82udstk69o2r4m173
    [ORDR] => a67ddd7e0e8a449ab1ccc7e4dd26b8d44
    [CURR] => EUR
    [PENC] => KHASH
    [PTYP] => CARD
    [PTOK] => 401200O9VVK1JNKKSCE1
    [IPAD] => 31.168.187.64
    [MACK] => Y
    [AUTH] => A
    [PROD_DESC[0]] => Binary Trade
    [PROD_TYPE[0]] => Binary Trade
    [PROD_ITEM[0]] => SKU-ANT-BinaryTrade
    [PROD_QUANT[0]] => 1
    [PROD_PRICE[0]] => 9900
    [TOTL] => 9900
    [SITE] => VERT999
    [UDF[MERCHANT_ID]] => 10001MERTEST001
    [NAME] => Juan Dela Cruz
    [B2A1] => St. Bakerroad, 52
    [B2CC] => US
    [B2CI] => New York
    [B2PC] => 12345
    [B2PN] => 375336264692
    [B2ST] => NY
    [S2A1] => 
    [S2CC] => 
    [S2CI] => 
    [S2EM] => 
    [S2NM] =>  
    [S2PC] => 
    [S2PN] => 
    [S2ST] => 
    [SHTP] => 
    [CASH] => 99
    [DOB] => 1977-12-04
    [GENDER] => M
    [EMAL] => JUANDCAPPROVE@EXAMPLE.COM
)


2015-09-17T03:47:32Z
ResponseParameter:  billNo: a67ddd7e0e8a449ab1ccc7e4dd26b8d44 | endTime:2015-09-17 03:47:32

2015-09-17T03:47:32Z
<?xml version="1.0" encoding="UTF-8"?>
<RESPONSE>
  <VERS>0630</VERS>
  <MODE>Q</MODE>
  <TRAN>36ZP0838WW15</TRAN>
  <MERC>680000</MERC>
  <SESS>ui6crefdf82udstk69o2r4m173</SESS>
  <ORDR></ORDR>
  <AUTO>A</AUTO>
  <SCOR>39</SCOR>
  <GEOX>PH</GEOX>
  <BRND>VISA</BRND>
  <REGN>PH_F2</REGN>
  <NETW>N</NETW>
  <KAPT>Y</KAPT>
  <CARDS>1</CARDS>
  <DEVICES>1</DEVICES>
  <EMAILS>1</EMAILS>
  <VELO>0</VELO>
  <VMAX>0</VMAX>
  <SITE>VERT999</SITE>
  <DEVICE_LAYERS>5EFBB7B06F.F1A10C3507.34C611E382.A80EBD4F24.921BF841B0</DEVICE_LAYERS>
  <FINGERPRINT>C1C490F338AA17DECA7AB4507FC65105</FINGERPRINT>
  <TIMEZONE>960</TIMEZONE>
  <LOCALTIME>2015-09-17 11:47</LOCALTIME>
  <REGION>PH_F2</REGION>
  <COUNTRY>PH</COUNTRY>
  <PROXY>N</PROXY>
  <JAVASCRIPT>Y</JAVASCRIPT>
  <FLASH>Y</FLASH>
  <COOKIES>Y</COOKIES>
  <HTTP_COUNTRY>US</HTTP_COUNTRY>
  <LANGUAGE>EN</LANGUAGE>
  <MOBILE_DEVICE>N</MOBILE_DEVICE>
  <MOBILE_TYPE></MOBILE_TYPE>
  <MOBILE_FORWARDER>N</MOBILE_FORWARDER>
  <VOICE_DEVICE>N</VOICE_DEVICE>
  <PC_REMOTE>N</PC_REMOTE>
  <RULES_TRIGGERED>7</RULES_TRIGGERED>
  <RULE_ID_0>772998</RULE_ID_0>
  <RULE_DESCRIPTION_0>GEO Billing &lt;&gt; BIN Country (1pt)</RULE_DESCRIPTION_0>
  <RULE_ID_1>772992</RULE_ID_1>
  <RULE_DESCRIPTION_1>GEO Billing &lt;&gt; Device Country (1pt)</RULE_DESCRIPTION_1>
  <RULE_ID_2>772994</RULE_ID_2>
  <RULE_DESCRIPTION_2>GEO  Distance from Device to Billing &gt; 1000km (1pt)</RULE_DESCRIPTION_2>
  <RULE_ID_3>772996</RULE_ID_3>
  <RULE_DESCRIPTION_3>GEO BIN and Device Country not equal (1pt)</RULE_DESCRIPTION_3>
  <RULE_ID_4>773002</RULE_ID_4>
  <RULE_DESCRIPTION_4>FRAUD_SCRD GEO Counter Triggered (5pts)</RULE_DESCRIPTION_4>
  <RULE_ID_5>773026</RULE_ID_5>
  <RULE_DESCRIPTION_5>Approve VIP List Email</RULE_DESCRIPTION_5>
  <RULE_ID_6>793142</RULE_ID_6>
  <RULE_DESCRIPTION_6>Decline Customer Email Validation</RULE_DESCRIPTION_6>
  <COUNTERS_TRIGGERED>2</COUNTERS_TRIGGERED>
  <COUNTER_NAME_0>GEO</COUNTER_NAME_0>
  <COUNTER_VALUE_0>4</COUNTER_VALUE_0>
  <COUNTER_NAME_1>FRAUD_SCRD</COUNTER_NAME_1>
  <COUNTER_VALUE_1>5</COUNTER_VALUE_1>
  <REASON_CODE></REASON_CODE>
  <MASTERCARD></MASTERCARD>
  <DDFS>2015-09-14</DDFS>
  <DSR>800x1280</DSR>
  <UAS>Mozilla/5.0 (Windows NT 6.1; WOW64; rv:40.0) Gecko/20100101 Firefox/40.0</UAS>
  <BROWSER>Firefox 40.0</BROWSER>
  <OS>Windows 7</OS>
  <PIP_IPAD></PIP_IPAD>
  <PIP_LAT></PIP_LAT>
  <PIP_LON></PIP_LON>
  <PIP_COUNTRY></PIP_COUNTRY>
  <PIP_REGION></PIP_REGION>
  <PIP_CITY></PIP_CITY>
  <PIP_ORG></PIP_ORG>
  <IP_IPAD>112.198.83.55</IP_IPAD>
  <IP_LAT>14.6466</IP_LAT>
  <IP_LON>121.0509</IP_LON>
  <IP_COUNTRY>PH</IP_COUNTRY>
  <IP_REGION>Quezon City</IP_REGION>
  <IP_CITY>Quezon City</IP_CITY>
  <IP_ORG>GLOBE TELECOM</IP_ORG>
  <WARNING_0>399 BAD_OPTN Cause: [value [a67ddd7e0e8a449ab1ccc7e4dd26b8d44] did not match regex /^(.{1,32})?$/], Field: [ORDR], Value: [a67ddd7e0e8a449ab1ccc7e4dd26b8d44]</WARNING_0>
  <WARNING_COUNT>1</WARNING_COUNT>
</RESPONSE>

2015-09-17T03:48:03Z
RequestParameter:  billNo: a67ddd7e0e8a449ab1ccc7e4dd26b8d45 | startTime:2015-09-17 03:48:03

2015-09-17T03:48:03Z
Array
(
    [MODE] => Q
    [FRMT] => XML
    [VERS] => 0630
    [MERC] => 680000
    [UDF[CUSTOMER_IPAD]] => 31.168.187.64
    [SESS] => ui6crefdf82udstk69o2r4m173
    [ORDR] => a67ddd7e0e8a449ab1ccc7e4dd26b8d45
    [CURR] => EUR
    [PENC] => KHASH
    [PTYP] => CARD
    [PTOK] => 401200O9VVK1JNKKSCE1
    [IPAD] => 31.168.187.64
    [MACK] => Y
    [AUTH] => A
    [PROD_DESC[0]] => Binary Trade
    [PROD_TYPE[0]] => Binary Trade
    [PROD_ITEM[0]] => SKU-ANT-BinaryTrade
    [PROD_QUANT[0]] => 1
    [PROD_PRICE[0]] => 9900
    [TOTL] => 9900
    [SITE] => VERT999
    [UDF[MERCHANT_ID]] => 10001MERTEST001
    [NAME] => Juan Dela Cruz
    [B2A1] => St. Bakerroad, 52
    [B2CC] => US
    [B2CI] => New York
    [B2PC] => 12345
    [B2PN] => 375336264692
    [B2ST] => NY
    [S2A1] => 
    [S2CC] => 
    [S2CI] => 
    [S2EM] => 
    [S2NM] =>  
    [S2PC] => 
    [S2PN] => 
    [S2ST] => 
    [SHTP] => 
    [CASH] => 99
    [DOB] => 1977-12-04
    [GENDER] => M
    [EMAL] => JUANDCAPPROVE@EXAMPLE.COM
)


2015-09-17T03:48:04Z
ResponseParameter:  billNo: a67ddd7e0e8a449ab1ccc7e4dd26b8d45 | endTime:2015-09-17 03:48:04

2015-09-17T03:48:04Z
<?xml version="1.0" encoding="UTF-8"?>
<RESPONSE>
  <VERS>0630</VERS>
  <MODE>Q</MODE>
  <TRAN>36ZP0CW49NY5</TRAN>
  <MERC>680000</MERC>
  <SESS>ui6crefdf82udstk69o2r4m173</SESS>
  <ORDR></ORDR>
  <AUTO>A</AUTO>
  <SCOR>39</SCOR>
  <GEOX>PH</GEOX>
  <BRND>VISA</BRND>
  <REGN>PH_F2</REGN>
  <NETW>N</NETW>
  <KAPT>Y</KAPT>
  <CARDS>1</CARDS>
  <DEVICES>1</DEVICES>
  <EMAILS>1</EMAILS>
  <VELO>0</VELO>
  <VMAX>0</VMAX>
  <SITE>VERT999</SITE>
  <DEVICE_LAYERS>5EFBB7B06F.F1A10C3507.34C611E382.A80EBD4F24.921BF841B0</DEVICE_LAYERS>
  <FINGERPRINT>C1C490F338AA17DECA7AB4507FC65105</FINGERPRINT>
  <TIMEZONE>960</TIMEZONE>
  <LOCALTIME>2015-09-17 11:48</LOCALTIME>
  <REGION>PH_F2</REGION>
  <COUNTRY>PH</COUNTRY>
  <PROXY>N</PROXY>
  <JAVASCRIPT>Y</JAVASCRIPT>
  <FLASH>Y</FLASH>
  <COOKIES>Y</COOKIES>
  <HTTP_COUNTRY>US</HTTP_COUNTRY>
  <LANGUAGE>EN</LANGUAGE>
  <MOBILE_DEVICE>N</MOBILE_DEVICE>
  <MOBILE_TYPE></MOBILE_TYPE>
  <MOBILE_FORWARDER>N</MOBILE_FORWARDER>
  <VOICE_DEVICE>N</VOICE_DEVICE>
  <PC_REMOTE>N</PC_REMOTE>
  <RULES_TRIGGERED>7</RULES_TRIGGERED>
  <RULE_ID_0>772998</RULE_ID_0>
  <RULE_DESCRIPTION_0>GEO Billing &lt;&gt; BIN Country (1pt)</RULE_DESCRIPTION_0>
  <RULE_ID_1>772992</RULE_ID_1>
  <RULE_DESCRIPTION_1>GEO Billing &lt;&gt; Device Country (1pt)</RULE_DESCRIPTION_1>
  <RULE_ID_2>772994</RULE_ID_2>
  <RULE_DESCRIPTION_2>GEO  Distance from Device to Billing &gt; 1000km (1pt)</RULE_DESCRIPTION_2>
  <RULE_ID_3>772996</RULE_ID_3>
  <RULE_DESCRIPTION_3>GEO BIN and Device Country not equal (1pt)</RULE_DESCRIPTION_3>
  <RULE_ID_4>773002</RULE_ID_4>
  <RULE_DESCRIPTION_4>FRAUD_SCRD GEO Counter Triggered (5pts)</RULE_DESCRIPTION_4>
  <RULE_ID_5>773026</RULE_ID_5>
  <RULE_DESCRIPTION_5>Approve VIP List Email</RULE_DESCRIPTION_5>
  <RULE_ID_6>793142</RULE_ID_6>
  <RULE_DESCRIPTION_6>Decline Customer Email Validation</RULE_DESCRIPTION_6>
  <COUNTERS_TRIGGERED>2</COUNTERS_TRIGGERED>
  <COUNTER_NAME_0>GEO</COUNTER_NAME_0>
  <COUNTER_VALUE_0>4</COUNTER_VALUE_0>
  <COUNTER_NAME_1>FRAUD_SCRD</COUNTER_NAME_1>
  <COUNTER_VALUE_1>5</COUNTER_VALUE_1>
  <REASON_CODE></REASON_CODE>
  <MASTERCARD></MASTERCARD>
  <DDFS>2015-09-14</DDFS>
  <DSR>800x1280</DSR>
  <UAS>Mozilla/5.0 (Windows NT 6.1; WOW64; rv:40.0) Gecko/20100101 Firefox/40.0</UAS>
  <BROWSER>Firefox 40.0</BROWSER>
  <OS>Windows 7</OS>
  <PIP_IPAD></PIP_IPAD>
  <PIP_LAT></PIP_LAT>
  <PIP_LON></PIP_LON>
  <PIP_COUNTRY></PIP_COUNTRY>
  <PIP_REGION></PIP_REGION>
  <PIP_CITY></PIP_CITY>
  <PIP_ORG></PIP_ORG>
  <IP_IPAD>112.198.83.55</IP_IPAD>
  <IP_LAT>14.6466</IP_LAT>
  <IP_LON>121.0509</IP_LON>
  <IP_COUNTRY>PH</IP_COUNTRY>
  <IP_REGION>Quezon City</IP_REGION>
  <IP_CITY>Quezon City</IP_CITY>
  <IP_ORG>GLOBE TELECOM</IP_ORG>
  <WARNING_0>399 BAD_OPTN Cause: [value [a67ddd7e0e8a449ab1ccc7e4dd26b8d45] did not match regex /^(.{1,32})?$/], Field: [ORDR], Value: [a67ddd7e0e8a449ab1ccc7e4dd26b8d45]</WARNING_0>
  <WARNING_COUNT>1</WARNING_COUNT>
</RESPONSE>

2015-09-17T03:50:40Z
RequestParameter:  billNo: a67ddd7e0e8a449ab1ccc7e4dd26b8d47 | startTime:2015-09-17 03:50:40

2015-09-17T03:50:40Z
Array
(
    [MODE] => Q
    [FRMT] => XML
    [VERS] => 0630
    [MERC] => 680000
    [UDF[CUSTOMER_IPAD]] => 31.168.187.64
    [SESS] => ui6crefdf82udstk69o2r4m173
    [ORDR] => a67ddd7e0e8a449ab1ccc7e4dd26b8d47
    [CURR] => EUR
    [PENC] => KHASH
    [PTYP] => CARD
    [PTOK] => 401200O9VVK1JNKKSCE1
    [IPAD] => 31.168.187.64
    [MACK] => Y
    [AUTH] => A
    [PROD_DESC[0]] => Binary Trade
    [PROD_TYPE[0]] => Binary Trade
    [PROD_ITEM[0]] => SKU-ANT-BinaryTrade
    [PROD_QUANT[0]] => 1
    [PROD_PRICE[0]] => 9900
    [TOTL] => 9900
    [SITE] => VERT999
    [UDF[MERCHANT_ID]] => 10001MERTEST001
    [NAME] => Juan Dela Cruz
    [B2A1] => St. Bakerroad, 52
    [B2CC] => US
    [B2CI] => New York
    [B2PC] => 12345
    [B2PN] => 375336264692
    [B2ST] => NY
    [S2A1] => 
    [S2CC] => 
    [S2CI] => 
    [S2EM] => 
    [S2NM] =>  
    [S2PC] => 
    [S2PN] => 
    [S2ST] => 
    [SHTP] => 
    [CASH] => 99
    [DOB] => 1977-12-04
    [GENDER] => M
    [EMAL] => JUANDCAPPROVE@EXAMPLE.COM
)


2015-09-17T03:50:41Z
ResponseParameter:  billNo: a67ddd7e0e8a449ab1ccc7e4dd26b8d47 | endTime:2015-09-17 03:50:41

2015-09-17T03:50:41Z
<?xml version="1.0" encoding="UTF-8"?>
<RESPONSE>
  <VERS>0630</VERS>
  <MODE>Q</MODE>
  <TRAN>36ZP04JX146T</TRAN>
  <MERC>680000</MERC>
  <SESS>ui6crefdf82udstk69o2r4m173</SESS>
  <ORDR></ORDR>
  <AUTO>A</AUTO>
  <SCOR>39</SCOR>
  <GEOX>PH</GEOX>
  <BRND>VISA</BRND>
  <REGN>PH_F2</REGN>
  <NETW>N</NETW>
  <KAPT>Y</KAPT>
  <CARDS>1</CARDS>
  <DEVICES>1</DEVICES>
  <EMAILS>1</EMAILS>
  <VELO>0</VELO>
  <VMAX>0</VMAX>
  <SITE>VERT999</SITE>
  <DEVICE_LAYERS>5EFBB7B06F.F1A10C3507.34C611E382.A80EBD4F24.921BF841B0</DEVICE_LAYERS>
  <FINGERPRINT>C1C490F338AA17DECA7AB4507FC65105</FINGERPRINT>
  <TIMEZONE>960</TIMEZONE>
  <LOCALTIME>2015-09-17 11:50</LOCALTIME>
  <REGION>PH_F2</REGION>
  <COUNTRY>PH</COUNTRY>
  <PROXY>N</PROXY>
  <JAVASCRIPT>Y</JAVASCRIPT>
  <FLASH>Y</FLASH>
  <COOKIES>Y</COOKIES>
  <HTTP_COUNTRY>US</HTTP_COUNTRY>
  <LANGUAGE>EN</LANGUAGE>
  <MOBILE_DEVICE>N</MOBILE_DEVICE>
  <MOBILE_TYPE></MOBILE_TYPE>
  <MOBILE_FORWARDER>N</MOBILE_FORWARDER>
  <VOICE_DEVICE>N</VOICE_DEVICE>
  <PC_REMOTE>N</PC_REMOTE>
  <RULES_TRIGGERED>7</RULES_TRIGGERED>
  <RULE_ID_0>772998</RULE_ID_0>
  <RULE_DESCRIPTION_0>GEO Billing &lt;&gt; BIN Country (1pt)</RULE_DESCRIPTION_0>
  <RULE_ID_1>772992</RULE_ID_1>
  <RULE_DESCRIPTION_1>GEO Billing &lt;&gt; Device Country (1pt)</RULE_DESCRIPTION_1>
  <RULE_ID_2>772994</RULE_ID_2>
  <RULE_DESCRIPTION_2>GEO  Distance from Device to Billing &gt; 1000km (1pt)</RULE_DESCRIPTION_2>
  <RULE_ID_3>772996</RULE_ID_3>
  <RULE_DESCRIPTION_3>GEO BIN and Device Country not equal (1pt)</RULE_DESCRIPTION_3>
  <RULE_ID_4>773002</RULE_ID_4>
  <RULE_DESCRIPTION_4>FRAUD_SCRD GEO Counter Triggered (5pts)</RULE_DESCRIPTION_4>
  <RULE_ID_5>773026</RULE_ID_5>
  <RULE_DESCRIPTION_5>Approve VIP List Email</RULE_DESCRIPTION_5>
  <RULE_ID_6>793142</RULE_ID_6>
  <RULE_DESCRIPTION_6>Decline Customer Email Validation</RULE_DESCRIPTION_6>
  <COUNTERS_TRIGGERED>2</COUNTERS_TRIGGERED>
  <COUNTER_NAME_0>GEO</COUNTER_NAME_0>
  <COUNTER_VALUE_0>4</COUNTER_VALUE_0>
  <COUNTER_NAME_1>FRAUD_SCRD</COUNTER_NAME_1>
  <COUNTER_VALUE_1>5</COUNTER_VALUE_1>
  <REASON_CODE></REASON_CODE>
  <MASTERCARD></MASTERCARD>
  <DDFS>2015-09-14</DDFS>
  <DSR>800x1280</DSR>
  <UAS>Mozilla/5.0 (Windows NT 6.1; WOW64; rv:40.0) Gecko/20100101 Firefox/40.0</UAS>
  <BROWSER>Firefox 40.0</BROWSER>
  <OS>Windows 7</OS>
  <PIP_IPAD></PIP_IPAD>
  <PIP_LAT></PIP_LAT>
  <PIP_LON></PIP_LON>
  <PIP_COUNTRY></PIP_COUNTRY>
  <PIP_REGION></PIP_REGION>
  <PIP_CITY></PIP_CITY>
  <PIP_ORG></PIP_ORG>
  <IP_IPAD>112.198.83.55</IP_IPAD>
  <IP_LAT>14.6466</IP_LAT>
  <IP_LON>121.0509</IP_LON>
  <IP_COUNTRY>PH</IP_COUNTRY>
  <IP_REGION>Quezon City</IP_REGION>
  <IP_CITY>Quezon City</IP_CITY>
  <IP_ORG>GLOBE TELECOM</IP_ORG>
  <WARNING_0>399 BAD_OPTN Cause: [value [a67ddd7e0e8a449ab1ccc7e4dd26b8d47] did not match regex /^(.{1,32})?$/], Field: [ORDR], Value: [a67ddd7e0e8a449ab1ccc7e4dd26b8d47]</WARNING_0>
  <WARNING_COUNT>1</WARNING_COUNT>
</RESPONSE>

2015-09-17T03:52:08Z
RequestParameter:  billNo: a67ddd7e0e8a449ab1ccc7e4dd26b8d48 | startTime:2015-09-17 03:52:08

2015-09-17T03:52:08Z
Array
(
    [MODE] => Q
    [FRMT] => XML
    [VERS] => 0630
    [MERC] => 680000
    [UDF[CUSTOMER_IPAD]] => 31.168.187.64
    [SESS] => ui6crefdf82udstk69o2r4m173
    [ORDR] => a67ddd7e0e8a449ab1ccc7e4dd26b8d48
    [CURR] => EUR
    [PENC] => KHASH
    [PTYP] => CARD
    [PTOK] => 401200O9VVK1JNKKSCE1
    [IPAD] => 31.168.187.64
    [MACK] => Y
    [AUTH] => A
    [PROD_DESC[0]] => Binary Trade
    [PROD_TYPE[0]] => Binary Trade
    [PROD_ITEM[0]] => SKU-ANT-BinaryTrade
    [PROD_QUANT[0]] => 1
    [PROD_PRICE[0]] => 9900
    [TOTL] => 9900
    [SITE] => VERT999
    [UDF[MERCHANT_ID]] => 10001MERTEST001
    [NAME] => Juan Dela Cruz
    [B2A1] => St. Bakerroad, 52
    [B2CC] => US
    [B2CI] => New York
    [B2PC] => 12345
    [B2PN] => 375336264692
    [B2ST] => NY
    [S2A1] => 
    [S2CC] => 
    [S2CI] => 
    [S2EM] => 
    [S2NM] =>  
    [S2PC] => 
    [S2PN] => 
    [S2ST] => 
    [SHTP] => 
    [CASH] => 99
    [DOB] => 1977-12-04
    [GENDER] => M
    [EMAL] => JUANDCAPPROVE@EXAMPLE.COM
)


2015-09-17T03:52:09Z
ResponseParameter:  billNo: a67ddd7e0e8a449ab1ccc7e4dd26b8d48 | endTime:2015-09-17 03:52:09

2015-09-17T03:52:09Z
<?xml version="1.0" encoding="UTF-8"?>
<RESPONSE>
  <VERS>0630</VERS>
  <MODE>Q</MODE>
  <TRAN>36ZP0YN24WYW</TRAN>
  <MERC>680000</MERC>
  <SESS>ui6crefdf82udstk69o2r4m173</SESS>
  <ORDR></ORDR>
  <AUTO>A</AUTO>
  <SCOR>39</SCOR>
  <GEOX>PH</GEOX>
  <BRND>VISA</BRND>
  <REGN>PH_F2</REGN>
  <NETW>N</NETW>
  <KAPT>Y</KAPT>
  <CARDS>1</CARDS>
  <DEVICES>1</DEVICES>
  <EMAILS>1</EMAILS>
  <VELO>0</VELO>
  <VMAX>0</VMAX>
  <SITE>VERT999</SITE>
  <DEVICE_LAYERS>5EFBB7B06F.F1A10C3507.34C611E382.A80EBD4F24.921BF841B0</DEVICE_LAYERS>
  <FINGERPRINT>C1C490F338AA17DECA7AB4507FC65105</FINGERPRINT>
  <TIMEZONE>960</TIMEZONE>
  <LOCALTIME>2015-09-17 11:52</LOCALTIME>
  <REGION>PH_F2</REGION>
  <COUNTRY>PH</COUNTRY>
  <PROXY>N</PROXY>
  <JAVASCRIPT>Y</JAVASCRIPT>
  <FLASH>Y</FLASH>
  <COOKIES>Y</COOKIES>
  <HTTP_COUNTRY>US</HTTP_COUNTRY>
  <LANGUAGE>EN</LANGUAGE>
  <MOBILE_DEVICE>N</MOBILE_DEVICE>
  <MOBILE_TYPE></MOBILE_TYPE>
  <MOBILE_FORWARDER>N</MOBILE_FORWARDER>
  <VOICE_DEVICE>N</VOICE_DEVICE>
  <PC_REMOTE>N</PC_REMOTE>
  <RULES_TRIGGERED>7</RULES_TRIGGERED>
  <RULE_ID_0>772992</RULE_ID_0>
  <RULE_DESCRIPTION_0>GEO Billing &lt;&gt; Device Country (1pt)</RULE_DESCRIPTION_0>
  <RULE_ID_1>772994</RULE_ID_1>
  <RULE_DESCRIPTION_1>GEO  Distance from Device to Billing &gt; 1000km (1pt)</RULE_DESCRIPTION_1>
  <RULE_ID_2>772996</RULE_ID_2>
  <RULE_DESCRIPTION_2>GEO BIN and Device Country not equal (1pt)</RULE_DESCRIPTION_2>
  <RULE_ID_3>772998</RULE_ID_3>
  <RULE_DESCRIPTION_3>GEO Billing &lt;&gt; BIN Country (1pt)</RULE_DESCRIPTION_3>
  <RULE_ID_4>773002</RULE_ID_4>
  <RULE_DESCRIPTION_4>FRAUD_SCRD GEO Counter Triggered (5pts)</RULE_DESCRIPTION_4>
  <RULE_ID_5>773026</RULE_ID_5>
  <RULE_DESCRIPTION_5>Approve VIP List Email</RULE_DESCRIPTION_5>
  <RULE_ID_6>793142</RULE_ID_6>
  <RULE_DESCRIPTION_6>Decline Customer Email Validation</RULE_DESCRIPTION_6>
  <COUNTERS_TRIGGERED>2</COUNTERS_TRIGGERED>
  <COUNTER_NAME_0>GEO</COUNTER_NAME_0>
  <COUNTER_VALUE_0>4</COUNTER_VALUE_0>
  <COUNTER_NAME_1>FRAUD_SCRD</COUNTER_NAME_1>
  <COUNTER_VALUE_1>5</COUNTER_VALUE_1>
  <REASON_CODE></REASON_CODE>
  <MASTERCARD></MASTERCARD>
  <DDFS>2015-09-14</DDFS>
  <DSR>800x1280</DSR>
  <UAS>Mozilla/5.0 (Windows NT 6.1; WOW64; rv:40.0) Gecko/20100101 Firefox/40.0</UAS>
  <BROWSER>Firefox 40.0</BROWSER>
  <OS>Windows 7</OS>
  <PIP_IPAD></PIP_IPAD>
  <PIP_LAT></PIP_LAT>
  <PIP_LON></PIP_LON>
  <PIP_COUNTRY></PIP_COUNTRY>
  <PIP_REGION></PIP_REGION>
  <PIP_CITY></PIP_CITY>
  <PIP_ORG></PIP_ORG>
  <IP_IPAD>112.198.83.55</IP_IPAD>
  <IP_LAT>14.6466</IP_LAT>
  <IP_LON>121.0509</IP_LON>
  <IP_COUNTRY>PH</IP_COUNTRY>
  <IP_REGION>Quezon City</IP_REGION>
  <IP_CITY>Quezon City</IP_CITY>
  <IP_ORG>GLOBE TELECOM</IP_ORG>
  <WARNING_0>399 BAD_OPTN Cause: [value [a67ddd7e0e8a449ab1ccc7e4dd26b8d48] did not match regex /^(.{1,32})?$/], Field: [ORDR], Value: [a67ddd7e0e8a449ab1ccc7e4dd26b8d48]</WARNING_0>
  <WARNING_COUNT>1</WARNING_COUNT>
</RESPONSE>

2015-09-17T03:53:17Z
RequestParameter:  billNo: a67ddd7e0e8a449ab1ccc7e4dd26b8d50 | startTime:2015-09-17 03:53:17

2015-09-17T03:53:17Z
Array
(
    [MODE] => Q
    [FRMT] => XML
    [VERS] => 0630
    [MERC] => 680000
    [UDF[CUSTOMER_IPAD]] => 31.168.187.64
    [SESS] => ui6crefdf82udstk69o2r4m173
    [ORDR] => a67ddd7e0e8a449ab1ccc7e4dd26b8d50
    [CURR] => EUR
    [PENC] => KHASH
    [PTYP] => CARD
    [PTOK] => 401200O9VVK1JNKKSCE1
    [IPAD] => 31.168.187.64
    [MACK] => Y
    [AUTH] => A
    [PROD_DESC[0]] => Binary Trade
    [PROD_TYPE[0]] => Binary Trade
    [PROD_ITEM[0]] => SKU-ANT-BinaryTrade
    [PROD_QUANT[0]] => 1
    [PROD_PRICE[0]] => 9900
    [TOTL] => 9900
    [SITE] => VERT999
    [UDF[MERCHANT_ID]] => 10001MERTEST001
    [NAME] => Juan Dela Cruz
    [B2A1] => St. Bakerroad, 52
    [B2CC] => US
    [B2CI] => New York
    [B2PC] => 12345
    [B2PN] => 375336264692
    [B2ST] => NY
    [S2A1] => 
    [S2CC] => 
    [S2CI] => 
    [S2EM] => 
    [S2NM] =>  
    [S2PC] => 
    [S2PN] => 
    [S2ST] => 
    [SHTP] => 
    [CASH] => 99
    [DOB] => 1977-12-04
    [GENDER] => M
    [EMAL] => JUANDCAPPROVE@EXAMPLE.COM
)


2015-09-17T03:53:18Z
ResponseParameter:  billNo: a67ddd7e0e8a449ab1ccc7e4dd26b8d50 | endTime:2015-09-17 03:53:18

2015-09-17T03:53:18Z
<?xml version="1.0" encoding="UTF-8"?>
<RESPONSE>
  <VERS>0630</VERS>
  <MODE>Q</MODE>
  <TRAN>36ZP0B3D750S</TRAN>
  <MERC>680000</MERC>
  <SESS>ui6crefdf82udstk69o2r4m173</SESS>
  <ORDR></ORDR>
  <AUTO>A</AUTO>
  <SCOR>39</SCOR>
  <GEOX>PH</GEOX>
  <BRND>VISA</BRND>
  <REGN>PH_F2</REGN>
  <NETW>N</NETW>
  <KAPT>Y</KAPT>
  <CARDS>1</CARDS>
  <DEVICES>1</DEVICES>
  <EMAILS>1</EMAILS>
  <VELO>0</VELO>
  <VMAX>0</VMAX>
  <SITE>VERT999</SITE>
  <DEVICE_LAYERS>5EFBB7B06F.F1A10C3507.34C611E382.A80EBD4F24.921BF841B0</DEVICE_LAYERS>
  <FINGERPRINT>C1C490F338AA17DECA7AB4507FC65105</FINGERPRINT>
  <TIMEZONE>960</TIMEZONE>
  <LOCALTIME>2015-09-17 11:53</LOCALTIME>
  <REGION>PH_F2</REGION>
  <COUNTRY>PH</COUNTRY>
  <PROXY>N</PROXY>
  <JAVASCRIPT>Y</JAVASCRIPT>
  <FLASH>Y</FLASH>
  <COOKIES>Y</COOKIES>
  <HTTP_COUNTRY>US</HTTP_COUNTRY>
  <LANGUAGE>EN</LANGUAGE>
  <MOBILE_DEVICE>N</MOBILE_DEVICE>
  <MOBILE_TYPE></MOBILE_TYPE>
  <MOBILE_FORWARDER>N</MOBILE_FORWARDER>
  <VOICE_DEVICE>N</VOICE_DEVICE>
  <PC_REMOTE>N</PC_REMOTE>
  <RULES_TRIGGERED>7</RULES_TRIGGERED>
  <RULE_ID_0>772992</RULE_ID_0>
  <RULE_DESCRIPTION_0>GEO Billing &lt;&gt; Device Country (1pt)</RULE_DESCRIPTION_0>
  <RULE_ID_1>772994</RULE_ID_1>
  <RULE_DESCRIPTION_1>GEO  Distance from Device to Billing &gt; 1000km (1pt)</RULE_DESCRIPTION_1>
  <RULE_ID_2>772996</RULE_ID_2>
  <RULE_DESCRIPTION_2>GEO BIN and Device Country not equal (1pt)</RULE_DESCRIPTION_2>
  <RULE_ID_3>772998</RULE_ID_3>
  <RULE_DESCRIPTION_3>GEO Billing &lt;&gt; BIN Country (1pt)</RULE_DESCRIPTION_3>
  <RULE_ID_4>773002</RULE_ID_4>
  <RULE_DESCRIPTION_4>FRAUD_SCRD GEO Counter Triggered (5pts)</RULE_DESCRIPTION_4>
  <RULE_ID_5>773026</RULE_ID_5>
  <RULE_DESCRIPTION_5>Approve VIP List Email</RULE_DESCRIPTION_5>
  <RULE_ID_6>793142</RULE_ID_6>
  <RULE_DESCRIPTION_6>Decline Customer Email Validation</RULE_DESCRIPTION_6>
  <COUNTERS_TRIGGERED>2</COUNTERS_TRIGGERED>
  <COUNTER_NAME_0>GEO</COUNTER_NAME_0>
  <COUNTER_VALUE_0>4</COUNTER_VALUE_0>
  <COUNTER_NAME_1>FRAUD_SCRD</COUNTER_NAME_1>
  <COUNTER_VALUE_1>5</COUNTER_VALUE_1>
  <REASON_CODE></REASON_CODE>
  <MASTERCARD></MASTERCARD>
  <DDFS>2015-09-14</DDFS>
  <DSR>800x1280</DSR>
  <UAS>Mozilla/5.0 (Windows NT 6.1; WOW64; rv:40.0) Gecko/20100101 Firefox/40.0</UAS>
  <BROWSER>Firefox 40.0</BROWSER>
  <OS>Windows 7</OS>
  <PIP_IPAD></PIP_IPAD>
  <PIP_LAT></PIP_LAT>
  <PIP_LON></PIP_LON>
  <PIP_COUNTRY></PIP_COUNTRY>
  <PIP_REGION></PIP_REGION>
  <PIP_CITY></PIP_CITY>
  <PIP_ORG></PIP_ORG>
  <IP_IPAD>112.198.83.55</IP_IPAD>
  <IP_LAT>14.6466</IP_LAT>
  <IP_LON>121.0509</IP_LON>
  <IP_COUNTRY>PH</IP_COUNTRY>
  <IP_REGION>Quezon City</IP_REGION>
  <IP_CITY>Quezon City</IP_CITY>
  <IP_ORG>GLOBE TELECOM</IP_ORG>
  <WARNING_0>399 BAD_OPTN Cause: [value [a67ddd7e0e8a449ab1ccc7e4dd26b8d50] did not match regex /^(.{1,32})?$/], Field: [ORDR], Value: [a67ddd7e0e8a449ab1ccc7e4dd26b8d50]</WARNING_0>
  <WARNING_COUNT>1</WARNING_COUNT>
</RESPONSE>

2015-09-17T03:54:20Z
RequestParameter:  billNo: e4dd26b8d42 | startTime:2015-09-17 03:54:20

2015-09-17T03:54:20Z
Array
(
    [MODE] => Q
    [FRMT] => XML
    [VERS] => 0630
    [MERC] => 680000
    [UDF[CUSTOMER_IPAD]] => 31.168.187.64
    [SESS] => ui6crefdf82udstk69o2r4m173
    [ORDR] => e4dd26b8d42
    [CURR] => EUR
    [PENC] => KHASH
    [PTYP] => CARD
    [PTOK] => 401200O9VVK1JNKKSCE1
    [IPAD] => 31.168.187.64
    [MACK] => Y
    [AUTH] => A
    [PROD_DESC[0]] => Binary Trade
    [PROD_TYPE[0]] => Binary Trade
    [PROD_ITEM[0]] => SKU-ANT-BinaryTrade
    [PROD_QUANT[0]] => 1
    [PROD_PRICE[0]] => 9900
    [TOTL] => 9900
    [SITE] => VERT999
    [UDF[MERCHANT_ID]] => 10001MERTEST001
    [NAME] => Juan Dela Cruz
    [B2A1] => St. Bakerroad, 52
    [B2CC] => US
    [B2CI] => New York
    [B2PC] => 12345
    [B2PN] => 375336264692
    [B2ST] => NY
    [S2A1] => 
    [S2CC] => 
    [S2CI] => 
    [S2EM] => 
    [S2NM] =>  
    [S2PC] => 
    [S2PN] => 
    [S2ST] => 
    [SHTP] => 
    [CASH] => 99
    [DOB] => 1977-12-04
    [GENDER] => M
    [EMAL] => JUANDCAPPROVE@EXAMPLE.COM
)


2015-09-17T03:54:21Z
ResponseParameter:  billNo: e4dd26b8d42 | endTime:2015-09-17 03:54:21

2015-09-17T03:54:21Z
<?xml version="1.0" encoding="UTF-8"?>
<RESPONSE>
  <VERS>0630</VERS>
  <MODE>Q</MODE>
  <TRAN>36ZP0B97R88R</TRAN>
  <MERC>680000</MERC>
  <SESS>ui6crefdf82udstk69o2r4m173</SESS>
  <ORDR>e4dd26b8d42</ORDR>
  <AUTO>A</AUTO>
  <SCOR>39</SCOR>
  <GEOX>PH</GEOX>
  <BRND>VISA</BRND>
  <REGN>PH_F2</REGN>
  <NETW>N</NETW>
  <KAPT>Y</KAPT>
  <CARDS>1</CARDS>
  <DEVICES>1</DEVICES>
  <EMAILS>1</EMAILS>
  <VELO>0</VELO>
  <VMAX>0</VMAX>
  <SITE>VERT999</SITE>
  <DEVICE_LAYERS>5EFBB7B06F.F1A10C3507.34C611E382.A80EBD4F24.921BF841B0</DEVICE_LAYERS>
  <FINGERPRINT>C1C490F338AA17DECA7AB4507FC65105</FINGERPRINT>
  <TIMEZONE>960</TIMEZONE>
  <LOCALTIME>2015-09-17 11:54</LOCALTIME>
  <REGION>PH_F2</REGION>
  <COUNTRY>PH</COUNTRY>
  <PROXY>N</PROXY>
  <JAVASCRIPT>Y</JAVASCRIPT>
  <FLASH>Y</FLASH>
  <COOKIES>Y</COOKIES>
  <HTTP_COUNTRY>US</HTTP_COUNTRY>
  <LANGUAGE>EN</LANGUAGE>
  <MOBILE_DEVICE>N</MOBILE_DEVICE>
  <MOBILE_TYPE></MOBILE_TYPE>
  <MOBILE_FORWARDER>N</MOBILE_FORWARDER>
  <VOICE_DEVICE>N</VOICE_DEVICE>
  <PC_REMOTE>N</PC_REMOTE>
  <RULES_TRIGGERED>7</RULES_TRIGGERED>
  <RULE_ID_0>772992</RULE_ID_0>
  <RULE_DESCRIPTION_0>GEO Billing &lt;&gt; Device Country (1pt)</RULE_DESCRIPTION_0>
  <RULE_ID_1>772994</RULE_ID_1>
  <RULE_DESCRIPTION_1>GEO  Distance from Device to Billing &gt; 1000km (1pt)</RULE_DESCRIPTION_1>
  <RULE_ID_2>772996</RULE_ID_2>
  <RULE_DESCRIPTION_2>GEO BIN and Device Country not equal (1pt)</RULE_DESCRIPTION_2>
  <RULE_ID_3>772998</RULE_ID_3>
  <RULE_DESCRIPTION_3>GEO Billing &lt;&gt; BIN Country (1pt)</RULE_DESCRIPTION_3>
  <RULE_ID_4>773002</RULE_ID_4>
  <RULE_DESCRIPTION_4>FRAUD_SCRD GEO Counter Triggered (5pts)</RULE_DESCRIPTION_4>
  <RULE_ID_5>773026</RULE_ID_5>
  <RULE_DESCRIPTION_5>Approve VIP List Email</RULE_DESCRIPTION_5>
  <RULE_ID_6>793142</RULE_ID_6>
  <RULE_DESCRIPTION_6>Decline Customer Email Validation</RULE_DESCRIPTION_6>
  <COUNTERS_TRIGGERED>2</COUNTERS_TRIGGERED>
  <COUNTER_NAME_0>GEO</COUNTER_NAME_0>
  <COUNTER_VALUE_0>4</COUNTER_VALUE_0>
  <COUNTER_NAME_1>FRAUD_SCRD</COUNTER_NAME_1>
  <COUNTER_VALUE_1>5</COUNTER_VALUE_1>
  <REASON_CODE></REASON_CODE>
  <MASTERCARD></MASTERCARD>
  <DDFS>2015-09-14</DDFS>
  <DSR>800x1280</DSR>
  <UAS>Mozilla/5.0 (Windows NT 6.1; WOW64; rv:40.0) Gecko/20100101 Firefox/40.0</UAS>
  <BROWSER>Firefox 40.0</BROWSER>
  <OS>Windows 7</OS>
  <PIP_IPAD></PIP_IPAD>
  <PIP_LAT></PIP_LAT>
  <PIP_LON></PIP_LON>
  <PIP_COUNTRY></PIP_COUNTRY>
  <PIP_REGION></PIP_REGION>
  <PIP_CITY></PIP_CITY>
  <PIP_ORG></PIP_ORG>
  <IP_IPAD>112.198.83.55</IP_IPAD>
  <IP_LAT>14.6466</IP_LAT>
  <IP_LON>121.0509</IP_LON>
  <IP_COUNTRY>PH</IP_COUNTRY>
  <IP_REGION>Quezon City</IP_REGION>
  <IP_CITY>Quezon City</IP_CITY>
  <IP_ORG>GLOBE TELECOM</IP_ORG>
  <WARNING_COUNT>0</WARNING_COUNT>
</RESPONSE>

2015-09-17T03:55:33Z
RequestParameter:  billNo: dd26b8d423 | startTime:2015-09-17 03:55:33

2015-09-17T03:55:33Z
Array
(
    [MODE] => Q
    [FRMT] => XML
    [VERS] => 0630
    [MERC] => 680000
    [UDF[CUSTOMER_IPAD]] => 31.168.187.64
    [SESS] => ui6crefdf82udstk69o2r4m173
    [ORDR] => dd26b8d423
    [CURR] => EUR
    [PENC] => KHASH
    [PTYP] => CARD
    [PTOK] => 401200O9VVK1JNKKSCE1
    [IPAD] => 31.168.187.64
    [MACK] => Y
    [AUTH] => A
    [PROD_DESC[0]] => Binary Trade
    [PROD_TYPE[0]] => Binary Trade
    [PROD_ITEM[0]] => SKU-ANT-BinaryTrade
    [PROD_QUANT[0]] => 1
    [PROD_PRICE[0]] => 9900
    [TOTL] => 9900
    [SITE] => VERT999
    [UDF[MERCHANT_ID]] => 10001MERTEST001
    [NAME] => Juan Dela Cruz
    [B2A1] => St. Bakerroad, 52
    [B2CC] => US
    [B2CI] => New York
    [B2PC] => 12345
    [B2PN] => 375336264692
    [B2ST] => NY
    [S2A1] => 
    [S2CC] => 
    [S2CI] => 
    [S2EM] => 
    [S2NM] =>  
    [S2PC] => 
    [S2PN] => 
    [S2ST] => 
    [SHTP] => 
    [CASH] => 99
    [DOB] => 1977-12-04
    [GENDER] => M
    [EMAL] => JUANDCAPPROVE@EXAMPLE.COM
)


2015-09-17T03:55:34Z
ResponseParameter:  billNo: dd26b8d423 | endTime:2015-09-17 03:55:34

2015-09-17T03:55:34Z
<?xml version="1.0" encoding="UTF-8"?>
<RESPONSE>
  <VERS>0630</VERS>
  <MODE>Q</MODE>
  <TRAN>36ZP09NPPW7W</TRAN>
  <MERC>680000</MERC>
  <SESS>ui6crefdf82udstk69o2r4m173</SESS>
  <ORDR>dd26b8d423</ORDR>
  <AUTO>A</AUTO>
  <SCOR>39</SCOR>
  <GEOX>PH</GEOX>
  <BRND>VISA</BRND>
  <REGN>PH_F2</REGN>
  <NETW>N</NETW>
  <KAPT>Y</KAPT>
  <CARDS>1</CARDS>
  <DEVICES>1</DEVICES>
  <EMAILS>1</EMAILS>
  <VELO>0</VELO>
  <VMAX>0</VMAX>
  <SITE>VERT999</SITE>
  <DEVICE_LAYERS>5EFBB7B06F.F1A10C3507.34C611E382.A80EBD4F24.921BF841B0</DEVICE_LAYERS>
  <FINGERPRINT>C1C490F338AA17DECA7AB4507FC65105</FINGERPRINT>
  <TIMEZONE>960</TIMEZONE>
  <LOCALTIME>2015-09-17 11:55</LOCALTIME>
  <REGION>PH_F2</REGION>
  <COUNTRY>PH</COUNTRY>
  <PROXY>N</PROXY>
  <JAVASCRIPT>Y</JAVASCRIPT>
  <FLASH>Y</FLASH>
  <COOKIES>Y</COOKIES>
  <HTTP_COUNTRY>US</HTTP_COUNTRY>
  <LANGUAGE>EN</LANGUAGE>
  <MOBILE_DEVICE>N</MOBILE_DEVICE>
  <MOBILE_TYPE></MOBILE_TYPE>
  <MOBILE_FORWARDER>N</MOBILE_FORWARDER>
  <VOICE_DEVICE>N</VOICE_DEVICE>
  <PC_REMOTE>N</PC_REMOTE>
  <RULES_TRIGGERED>7</RULES_TRIGGERED>
  <RULE_ID_0>772992</RULE_ID_0>
  <RULE_DESCRIPTION_0>GEO Billing &lt;&gt; Device Country (1pt)</RULE_DESCRIPTION_0>
  <RULE_ID_1>772994</RULE_ID_1>
  <RULE_DESCRIPTION_1>GEO  Distance from Device to Billing &gt; 1000km (1pt)</RULE_DESCRIPTION_1>
  <RULE_ID_2>772996</RULE_ID_2>
  <RULE_DESCRIPTION_2>GEO BIN and Device Country not equal (1pt)</RULE_DESCRIPTION_2>
  <RULE_ID_3>772998</RULE_ID_3>
  <RULE_DESCRIPTION_3>GEO Billing &lt;&gt; BIN Country (1pt)</RULE_DESCRIPTION_3>
  <RULE_ID_4>773002</RULE_ID_4>
  <RULE_DESCRIPTION_4>FRAUD_SCRD GEO Counter Triggered (5pts)</RULE_DESCRIPTION_4>
  <RULE_ID_5>773026</RULE_ID_5>
  <RULE_DESCRIPTION_5>Approve VIP List Email</RULE_DESCRIPTION_5>
  <RULE_ID_6>793142</RULE_ID_6>
  <RULE_DESCRIPTION_6>Decline Customer Email Validation</RULE_DESCRIPTION_6>
  <COUNTERS_TRIGGERED>2</COUNTERS_TRIGGERED>
  <COUNTER_NAME_0>GEO</COUNTER_NAME_0>
  <COUNTER_VALUE_0>4</COUNTER_VALUE_0>
  <COUNTER_NAME_1>FRAUD_SCRD</COUNTER_NAME_1>
  <COUNTER_VALUE_1>5</COUNTER_VALUE_1>
  <REASON_CODE></REASON_CODE>
  <MASTERCARD></MASTERCARD>
  <DDFS>2015-09-14</DDFS>
  <DSR>800x1280</DSR>
  <UAS>Mozilla/5.0 (Windows NT 6.1; WOW64; rv:40.0) Gecko/20100101 Firefox/40.0</UAS>
  <BROWSER>Firefox 40.0</BROWSER>
  <OS>Windows 7</OS>
  <PIP_IPAD></PIP_IPAD>
  <PIP_LAT></PIP_LAT>
  <PIP_LON></PIP_LON>
  <PIP_COUNTRY></PIP_COUNTRY>
  <PIP_REGION></PIP_REGION>
  <PIP_CITY></PIP_CITY>
  <PIP_ORG></PIP_ORG>
  <IP_IPAD>112.198.83.55</IP_IPAD>
  <IP_LAT>14.6466</IP_LAT>
  <IP_LON>121.0509</IP_LON>
  <IP_COUNTRY>PH</IP_COUNTRY>
  <IP_REGION>Quezon City</IP_REGION>
  <IP_CITY>Quezon City</IP_CITY>
  <IP_ORG>GLOBE TELECOM</IP_ORG>
  <WARNING_COUNT>0</WARNING_COUNT>
</RESPONSE>

2015-09-17T03:57:39Z
RequestParameter:  billNo: dd26b8d424 | startTime:2015-09-17 03:57:39

2015-09-17T03:57:39Z
Array
(
    [MODE] => Q
    [FRMT] => XML
    [VERS] => 0630
    [MERC] => 680000
    [UDF[CUSTOMER_IPAD]] => 31.168.187.64
    [SESS] => ui6crefdf82udstk69o2r4m173
    [ORDR] => dd26b8d424
    [CURR] => EUR
    [PENC] => KHASH
    [PTYP] => CARD
    [PTOK] => 401200O9VVK1JNKKSCE1
    [IPAD] => 31.168.187.64
    [MACK] => Y
    [AUTH] => A
    [PROD_DESC[0]] => Binary Trade
    [PROD_TYPE[0]] => Binary Trade
    [PROD_ITEM[0]] => SKU-ANT-BinaryTrade
    [PROD_QUANT[0]] => 1
    [PROD_PRICE[0]] => 9900
    [TOTL] => 9900
    [SITE] => VERT999
    [UDF[MERCHANT_ID]] => 10001MERTEST001
    [NAME] => Juan Dela Cruz
    [B2A1] => St. Bakerroad, 52
    [B2CC] => US
    [B2CI] => New York
    [B2PC] => 12345
    [B2PN] => 375336264692
    [B2ST] => NY
    [S2A1] => 
    [S2CC] => 
    [S2CI] => 
    [S2EM] => 
    [S2NM] =>  
    [S2PC] => 
    [S2PN] => 
    [S2ST] => 
    [SHTP] => 
    [CASH] => 99
    [DOB] => 1977-12-04
    [GENDER] => M
    [EMAL] => JUANDCAPPROVE@EXAMPLE.COM
)


2015-09-17T03:57:41Z
ResponseParameter:  billNo: dd26b8d424 | endTime:2015-09-17 03:57:41

2015-09-17T03:57:41Z
<?xml version="1.0" encoding="UTF-8"?>
<RESPONSE>
  <VERS>0630</VERS>
  <MODE>Q</MODE>
  <TRAN>36ZP0DJK655T</TRAN>
  <MERC>680000</MERC>
  <SESS>ui6crefdf82udstk69o2r4m173</SESS>
  <ORDR>dd26b8d424</ORDR>
  <AUTO>A</AUTO>
  <SCOR>39</SCOR>
  <GEOX>PH</GEOX>
  <BRND>VISA</BRND>
  <REGN>PH_F2</REGN>
  <NETW>N</NETW>
  <KAPT>Y</KAPT>
  <CARDS>1</CARDS>
  <DEVICES>1</DEVICES>
  <EMAILS>1</EMAILS>
  <VELO>0</VELO>
  <VMAX>0</VMAX>
  <SITE>VERT999</SITE>
  <DEVICE_LAYERS>5EFBB7B06F.F1A10C3507.34C611E382.A80EBD4F24.921BF841B0</DEVICE_LAYERS>
  <FINGERPRINT>C1C490F338AA17DECA7AB4507FC65105</FINGERPRINT>
  <TIMEZONE>960</TIMEZONE>
  <LOCALTIME>2015-09-17 11:57</LOCALTIME>
  <REGION>PH_F2</REGION>
  <COUNTRY>PH</COUNTRY>
  <PROXY>N</PROXY>
  <JAVASCRIPT>Y</JAVASCRIPT>
  <FLASH>Y</FLASH>
  <COOKIES>Y</COOKIES>
  <HTTP_COUNTRY>US</HTTP_COUNTRY>
  <LANGUAGE>EN</LANGUAGE>
  <MOBILE_DEVICE>N</MOBILE_DEVICE>
  <MOBILE_TYPE></MOBILE_TYPE>
  <MOBILE_FORWARDER>N</MOBILE_FORWARDER>
  <VOICE_DEVICE>N</VOICE_DEVICE>
  <PC_REMOTE>N</PC_REMOTE>
  <RULES_TRIGGERED>7</RULES_TRIGGERED>
  <RULE_ID_0>772992</RULE_ID_0>
  <RULE_DESCRIPTION_0>GEO Billing &lt;&gt; Device Country (1pt)</RULE_DESCRIPTION_0>
  <RULE_ID_1>772994</RULE_ID_1>
  <RULE_DESCRIPTION_1>GEO  Distance from Device to Billing &gt; 1000km (1pt)</RULE_DESCRIPTION_1>
  <RULE_ID_2>772996</RULE_ID_2>
  <RULE_DESCRIPTION_2>GEO BIN and Device Country not equal (1pt)</RULE_DESCRIPTION_2>
  <RULE_ID_3>772998</RULE_ID_3>
  <RULE_DESCRIPTION_3>GEO Billing &lt;&gt; BIN Country (1pt)</RULE_DESCRIPTION_3>
  <RULE_ID_4>773002</RULE_ID_4>
  <RULE_DESCRIPTION_4>FRAUD_SCRD GEO Counter Triggered (5pts)</RULE_DESCRIPTION_4>
  <RULE_ID_5>773026</RULE_ID_5>
  <RULE_DESCRIPTION_5>Approve VIP List Email</RULE_DESCRIPTION_5>
  <RULE_ID_6>793142</RULE_ID_6>
  <RULE_DESCRIPTION_6>Decline Customer Email Validation</RULE_DESCRIPTION_6>
  <COUNTERS_TRIGGERED>2</COUNTERS_TRIGGERED>
  <COUNTER_NAME_0>GEO</COUNTER_NAME_0>
  <COUNTER_VALUE_0>4</COUNTER_VALUE_0>
  <COUNTER_NAME_1>FRAUD_SCRD</COUNTER_NAME_1>
  <COUNTER_VALUE_1>5</COUNTER_VALUE_1>
  <REASON_CODE></REASON_CODE>
  <MASTERCARD></MASTERCARD>
  <DDFS>2015-09-14</DDFS>
  <DSR>800x1280</DSR>
  <UAS>Mozilla/5.0 (Windows NT 6.1; WOW64; rv:40.0) Gecko/20100101 Firefox/40.0</UAS>
  <BROWSER>Firefox 40.0</BROWSER>
  <OS>Windows 7</OS>
  <PIP_IPAD></PIP_IPAD>
  <PIP_LAT></PIP_LAT>
  <PIP_LON></PIP_LON>
  <PIP_COUNTRY></PIP_COUNTRY>
  <PIP_REGION></PIP_REGION>
  <PIP_CITY></PIP_CITY>
  <PIP_ORG></PIP_ORG>
  <IP_IPAD>112.198.83.55</IP_IPAD>
  <IP_LAT>14.6466</IP_LAT>
  <IP_LON>121.0509</IP_LON>
  <IP_COUNTRY>PH</IP_COUNTRY>
  <IP_REGION>Quezon City</IP_REGION>
  <IP_CITY>Quezon City</IP_CITY>
  <IP_ORG>GLOBE TELECOM</IP_ORG>
  <WARNING_COUNT>0</WARNING_COUNT>
</RESPONSE>

2015-09-17T03:59:13Z
RequestParameter:  billNo: dd26b8d426 | startTime:2015-09-17 03:59:13

2015-09-17T03:59:13Z
Array
(
    [MODE] => Q
    [FRMT] => XML
    [VERS] => 0630
    [MERC] => 680000
    [UDF[CUSTOMER_IPAD]] => 31.168.187.64
    [SESS] => ui6crefdf82udstk69o2r4m173
    [ORDR] => dd26b8d426
    [CURR] => EUR
    [PENC] => KHASH
    [PTYP] => CARD
    [PTOK] => 401200O9VVK1JNKKSCE1
    [IPAD] => 31.168.187.64
    [MACK] => Y
    [AUTH] => A
    [PROD_DESC[0]] => Binary Trade
    [PROD_TYPE[0]] => Binary Trade
    [PROD_ITEM[0]] => SKU-ANT-BinaryTrade
    [PROD_QUANT[0]] => 1
    [PROD_PRICE[0]] => 9900
    [TOTL] => 9900
    [SITE] => VERT999
    [UDF[MERCHANT_ID]] => 10001MERTEST001
    [NAME] => Juan Dela Cruz
    [B2A1] => St. Bakerroad, 52
    [B2CC] => US
    [B2CI] => New York
    [B2PC] => 12345
    [B2PN] => 375336264692
    [B2ST] => NY
    [S2A1] => 
    [S2CC] => 
    [S2CI] => 
    [S2EM] => 
    [S2NM] =>  
    [S2PC] => 
    [S2PN] => 
    [S2ST] => 
    [SHTP] => 
    [CASH] => 99
    [DOB] => 1977-12-04
    [GENDER] => M
    [EMAL] => JUANDCAPPROVE@EXAMPLE.COM
)


2015-09-17T03:59:14Z
ResponseParameter:  billNo: dd26b8d426 | endTime:2015-09-17 03:59:14

2015-09-17T03:59:14Z
<?xml version="1.0" encoding="UTF-8"?>
<RESPONSE>
  <VERS>0630</VERS>
  <MODE>Q</MODE>
  <TRAN>36ZP0RWK1JT5</TRAN>
  <MERC>680000</MERC>
  <SESS>ui6crefdf82udstk69o2r4m173</SESS>
  <ORDR>dd26b8d426</ORDR>
  <AUTO>A</AUTO>
  <SCOR>39</SCOR>
  <GEOX>PH</GEOX>
  <BRND>VISA</BRND>
  <REGN>PH_F2</REGN>
  <NETW>N</NETW>
  <KAPT>Y</KAPT>
  <CARDS>1</CARDS>
  <DEVICES>1</DEVICES>
  <EMAILS>1</EMAILS>
  <VELO>0</VELO>
  <VMAX>0</VMAX>
  <SITE>VERT999</SITE>
  <DEVICE_LAYERS>5EFBB7B06F.F1A10C3507.34C611E382.A80EBD4F24.921BF841B0</DEVICE_LAYERS>
  <FINGERPRINT>C1C490F338AA17DECA7AB4507FC65105</FINGERPRINT>
  <TIMEZONE>960</TIMEZONE>
  <LOCALTIME>2015-09-17 11:59</LOCALTIME>
  <REGION>PH_F2</REGION>
  <COUNTRY>PH</COUNTRY>
  <PROXY>N</PROXY>
  <JAVASCRIPT>Y</JAVASCRIPT>
  <FLASH>Y</FLASH>
  <COOKIES>Y</COOKIES>
  <HTTP_COUNTRY>US</HTTP_COUNTRY>
  <LANGUAGE>EN</LANGUAGE>
  <MOBILE_DEVICE>N</MOBILE_DEVICE>
  <MOBILE_TYPE></MOBILE_TYPE>
  <MOBILE_FORWARDER>N</MOBILE_FORWARDER>
  <VOICE_DEVICE>N</VOICE_DEVICE>
  <PC_REMOTE>N</PC_REMOTE>
  <RULES_TRIGGERED>7</RULES_TRIGGERED>
  <RULE_ID_0>772992</RULE_ID_0>
  <RULE_DESCRIPTION_0>GEO Billing &lt;&gt; Device Country (1pt)</RULE_DESCRIPTION_0>
  <RULE_ID_1>772994</RULE_ID_1>
  <RULE_DESCRIPTION_1>GEO  Distance from Device to Billing &gt; 1000km (1pt)</RULE_DESCRIPTION_1>
  <RULE_ID_2>772996</RULE_ID_2>
  <RULE_DESCRIPTION_2>GEO BIN and Device Country not equal (1pt)</RULE_DESCRIPTION_2>
  <RULE_ID_3>772998</RULE_ID_3>
  <RULE_DESCRIPTION_3>GEO Billing &lt;&gt; BIN Country (1pt)</RULE_DESCRIPTION_3>
  <RULE_ID_4>773002</RULE_ID_4>
  <RULE_DESCRIPTION_4>FRAUD_SCRD GEO Counter Triggered (5pts)</RULE_DESCRIPTION_4>
  <RULE_ID_5>773026</RULE_ID_5>
  <RULE_DESCRIPTION_5>Approve VIP List Email</RULE_DESCRIPTION_5>
  <RULE_ID_6>793142</RULE_ID_6>
  <RULE_DESCRIPTION_6>Decline Customer Email Validation</RULE_DESCRIPTION_6>
  <COUNTERS_TRIGGERED>2</COUNTERS_TRIGGERED>
  <COUNTER_NAME_0>GEO</COUNTER_NAME_0>
  <COUNTER_VALUE_0>4</COUNTER_VALUE_0>
  <COUNTER_NAME_1>FRAUD_SCRD</COUNTER_NAME_1>
  <COUNTER_VALUE_1>5</COUNTER_VALUE_1>
  <REASON_CODE></REASON_CODE>
  <MASTERCARD></MASTERCARD>
  <DDFS>2015-09-14</DDFS>
  <DSR>800x1280</DSR>
  <UAS>Mozilla/5.0 (Windows NT 6.1; WOW64; rv:40.0) Gecko/20100101 Firefox/40.0</UAS>
  <BROWSER>Firefox 40.0</BROWSER>
  <OS>Windows 7</OS>
  <PIP_IPAD></PIP_IPAD>
  <PIP_LAT></PIP_LAT>
  <PIP_LON></PIP_LON>
  <PIP_COUNTRY></PIP_COUNTRY>
  <PIP_REGION></PIP_REGION>
  <PIP_CITY></PIP_CITY>
  <PIP_ORG></PIP_ORG>
  <IP_IPAD>112.198.83.55</IP_IPAD>
  <IP_LAT>14.6466</IP_LAT>
  <IP_LON>121.0509</IP_LON>
  <IP_COUNTRY>PH</IP_COUNTRY>
  <IP_REGION>Quezon City</IP_REGION>
  <IP_CITY>Quezon City</IP_CITY>
  <IP_ORG>GLOBE TELECOM</IP_ORG>
  <WARNING_COUNT>0</WARNING_COUNT>
</RESPONSE>

2015-09-17T04:00:42Z
RequestParameter:  billNo: dd26b8d4231 | startTime:2015-09-17 04:00:42

2015-09-17T04:00:42Z
Array
(
    [MODE] => Q
    [FRMT] => XML
    [VERS] => 0630
    [MERC] => 680000
    [UDF[CUSTOMER_IPAD]] => 31.168.187.64
    [SESS] => ui6crefdf82udstk69o2r4m173
    [ORDR] => dd26b8d4231
    [CURR] => EUR
    [PENC] => KHASH
    [PTYP] => CARD
    [PTOK] => 401200O9VVK1JNKKSCE1
    [IPAD] => 31.168.187.64
    [MACK] => Y
    [AUTH] => A
    [PROD_DESC[0]] => Binary Trade
    [PROD_TYPE[0]] => Binary Trade
    [PROD_ITEM[0]] => SKU-ANT-BinaryTrade
    [PROD_QUANT[0]] => 1
    [PROD_PRICE[0]] => 9900
    [TOTL] => 9900
    [SITE] => VERT999
    [UDF[MERCHANT_ID]] => 10001MERTEST001
    [NAME] => Juan Dela Cruz
    [B2A1] => St. Bakerroad, 52
    [B2CC] => US
    [B2CI] => New York
    [B2PC] => 12345
    [B2PN] => 375336264692
    [B2ST] => NY
    [S2A1] => 
    [S2CC] => 
    [S2CI] => 
    [S2EM] => 
    [S2NM] =>  
    [S2PC] => 
    [S2PN] => 
    [S2ST] => 
    [SHTP] => 
    [CASH] => 99
    [DOB] => 1977-12-04
    [GENDER] => M
    [EMAL] => JUANDCAPPROVE@EXAMPLE.COM
)


2015-09-17T04:00:44Z
ResponseParameter:  billNo: dd26b8d4231 | endTime:2015-09-17 04:00:44

2015-09-17T04:00:44Z
<?xml version="1.0" encoding="UTF-8"?>
<RESPONSE>
  <VERS>0630</VERS>
  <MODE>Q</MODE>
  <TRAN>36Z7062BK78P</TRAN>
  <MERC>680000</MERC>
  <SESS>ui6crefdf82udstk69o2r4m173</SESS>
  <ORDR>dd26b8d4231</ORDR>
  <AUTO>A</AUTO>
  <SCOR>39</SCOR>
  <GEOX>PH</GEOX>
  <BRND>VISA</BRND>
  <REGN>PH_F2</REGN>
  <NETW>N</NETW>
  <KAPT>Y</KAPT>
  <CARDS>1</CARDS>
  <DEVICES>1</DEVICES>
  <EMAILS>1</EMAILS>
  <VELO>0</VELO>
  <VMAX>0</VMAX>
  <SITE>VERT999</SITE>
  <DEVICE_LAYERS>5EFBB7B06F.F1A10C3507.34C611E382.A80EBD4F24.921BF841B0</DEVICE_LAYERS>
  <FINGERPRINT>C1C490F338AA17DECA7AB4507FC65105</FINGERPRINT>
  <TIMEZONE>960</TIMEZONE>
  <LOCALTIME>2015-09-17 12:00</LOCALTIME>
  <REGION>PH_F2</REGION>
  <COUNTRY>PH</COUNTRY>
  <PROXY>N</PROXY>
  <JAVASCRIPT>Y</JAVASCRIPT>
  <FLASH>Y</FLASH>
  <COOKIES>Y</COOKIES>
  <HTTP_COUNTRY>US</HTTP_COUNTRY>
  <LANGUAGE>EN</LANGUAGE>
  <MOBILE_DEVICE>N</MOBILE_DEVICE>
  <MOBILE_TYPE></MOBILE_TYPE>
  <MOBILE_FORWARDER>N</MOBILE_FORWARDER>
  <VOICE_DEVICE>N</VOICE_DEVICE>
  <PC_REMOTE>N</PC_REMOTE>
  <RULES_TRIGGERED>7</RULES_TRIGGERED>
  <RULE_ID_0>772992</RULE_ID_0>
  <RULE_DESCRIPTION_0>GEO Billing &lt;&gt; Device Country (1pt)</RULE_DESCRIPTION_0>
  <RULE_ID_1>772994</RULE_ID_1>
  <RULE_DESCRIPTION_1>GEO  Distance from Device to Billing &gt; 1000km (1pt)</RULE_DESCRIPTION_1>
  <RULE_ID_2>772996</RULE_ID_2>
  <RULE_DESCRIPTION_2>GEO BIN and Device Country not equal (1pt)</RULE_DESCRIPTION_2>
  <RULE_ID_3>772998</RULE_ID_3>
  <RULE_DESCRIPTION_3>GEO Billing &lt;&gt; BIN Country (1pt)</RULE_DESCRIPTION_3>
  <RULE_ID_4>773002</RULE_ID_4>
  <RULE_DESCRIPTION_4>FRAUD_SCRD GEO Counter Triggered (5pts)</RULE_DESCRIPTION_4>
  <RULE_ID_5>773026</RULE_ID_5>
  <RULE_DESCRIPTION_5>Approve VIP List Email</RULE_DESCRIPTION_5>
  <RULE_ID_6>793142</RULE_ID_6>
  <RULE_DESCRIPTION_6>Decline Customer Email Validation</RULE_DESCRIPTION_6>
  <COUNTERS_TRIGGERED>2</COUNTERS_TRIGGERED>
  <COUNTER_NAME_0>GEO</COUNTER_NAME_0>
  <COUNTER_VALUE_0>4</COUNTER_VALUE_0>
  <COUNTER_NAME_1>FRAUD_SCRD</COUNTER_NAME_1>
  <COUNTER_VALUE_1>5</COUNTER_VALUE_1>
  <REASON_CODE></REASON_CODE>
  <MASTERCARD></MASTERCARD>
  <DDFS>2015-09-14</DDFS>
  <DSR>800x1280</DSR>
  <UAS>Mozilla/5.0 (Windows NT 6.1; WOW64; rv:40.0) Gecko/20100101 Firefox/40.0</UAS>
  <BROWSER>Firefox 40.0</BROWSER>
  <OS>Windows 7</OS>
  <PIP_IPAD></PIP_IPAD>
  <PIP_LAT></PIP_LAT>
  <PIP_LON></PIP_LON>
  <PIP_COUNTRY></PIP_COUNTRY>
  <PIP_REGION></PIP_REGION>
  <PIP_CITY></PIP_CITY>
  <PIP_ORG></PIP_ORG>
  <IP_IPAD>112.198.83.55</IP_IPAD>
  <IP_LAT>14.6466</IP_LAT>
  <IP_LON>121.0509</IP_LON>
  <IP_COUNTRY>PH</IP_COUNTRY>
  <IP_REGION>Quezon City</IP_REGION>
  <IP_CITY>Quezon City</IP_CITY>
  <IP_ORG>GLOBE TELECOM</IP_ORG>
  <WARNING_COUNT>0</WARNING_COUNT>
</RESPONSE>

2015-09-17T04:01:27Z
RequestParameter:  billNo: dd26b8d4222 | startTime:2015-09-17 04:01:27

2015-09-17T04:01:27Z
Array
(
    [MODE] => Q
    [FRMT] => XML
    [VERS] => 0630
    [MERC] => 680000
    [UDF[CUSTOMER_IPAD]] => 31.168.187.64
    [SESS] => ui6crefdf82udstk69o2r4m173
    [ORDR] => dd26b8d4222
    [CURR] => EUR
    [PENC] => KHASH
    [PTYP] => CARD
    [PTOK] => 401200O9VVK1JNKKSCE1
    [IPAD] => 31.168.187.64
    [MACK] => Y
    [AUTH] => A
    [PROD_DESC[0]] => Binary Trade
    [PROD_TYPE[0]] => Binary Trade
    [PROD_ITEM[0]] => SKU-ANT-BinaryTrade
    [PROD_QUANT[0]] => 1
    [PROD_PRICE[0]] => 9900
    [TOTL] => 9900
    [SITE] => VERT999
    [UDF[MERCHANT_ID]] => 10001MERTEST001
    [NAME] => Juan Dela Cruz
    [B2A1] => St. Bakerroad, 52
    [B2CC] => US
    [B2CI] => New York
    [B2PC] => 12345
    [B2PN] => 375336264692
    [B2ST] => NY
    [S2A1] => 
    [S2CC] => 
    [S2CI] => 
    [S2EM] => 
    [S2NM] =>  
    [S2PC] => 
    [S2PN] => 
    [S2ST] => 
    [SHTP] => 
    [CASH] => 99
    [DOB] => 1977-12-04
    [GENDER] => M
    [EMAL] => JUANDCAPPROVE@EXAMPLE.COM
)


2015-09-17T04:01:28Z
ResponseParameter:  billNo: dd26b8d4222 | endTime:2015-09-17 04:01:28

2015-09-17T04:01:28Z
<?xml version="1.0" encoding="UTF-8"?>
<RESPONSE>
  <VERS>0630</VERS>
  <MODE>Q</MODE>
  <TRAN>36Z70KQQ331K</TRAN>
  <MERC>680000</MERC>
  <SESS>ui6crefdf82udstk69o2r4m173</SESS>
  <ORDR>dd26b8d4222</ORDR>
  <AUTO>A</AUTO>
  <SCOR>39</SCOR>
  <GEOX>PH</GEOX>
  <BRND>VISA</BRND>
  <REGN>PH_F2</REGN>
  <NETW>N</NETW>
  <KAPT>Y</KAPT>
  <CARDS>1</CARDS>
  <DEVICES>1</DEVICES>
  <EMAILS>1</EMAILS>
  <VELO>0</VELO>
  <VMAX>0</VMAX>
  <SITE>VERT999</SITE>
  <DEVICE_LAYERS>5EFBB7B06F.F1A10C3507.34C611E382.A80EBD4F24.921BF841B0</DEVICE_LAYERS>
  <FINGERPRINT>C1C490F338AA17DECA7AB4507FC65105</FINGERPRINT>
  <TIMEZONE>960</TIMEZONE>
  <LOCALTIME>2015-09-17 12:01</LOCALTIME>
  <REGION>PH_F2</REGION>
  <COUNTRY>PH</COUNTRY>
  <PROXY>N</PROXY>
  <JAVASCRIPT>Y</JAVASCRIPT>
  <FLASH>Y</FLASH>
  <COOKIES>Y</COOKIES>
  <HTTP_COUNTRY>US</HTTP_COUNTRY>
  <LANGUAGE>EN</LANGUAGE>
  <MOBILE_DEVICE>N</MOBILE_DEVICE>
  <MOBILE_TYPE></MOBILE_TYPE>
  <MOBILE_FORWARDER>N</MOBILE_FORWARDER>
  <VOICE_DEVICE>N</VOICE_DEVICE>
  <PC_REMOTE>N</PC_REMOTE>
  <RULES_TRIGGERED>7</RULES_TRIGGERED>
  <RULE_ID_0>772992</RULE_ID_0>
  <RULE_DESCRIPTION_0>GEO Billing &lt;&gt; Device Country (1pt)</RULE_DESCRIPTION_0>
  <RULE_ID_1>772994</RULE_ID_1>
  <RULE_DESCRIPTION_1>GEO  Distance from Device to Billing &gt; 1000km (1pt)</RULE_DESCRIPTION_1>
  <RULE_ID_2>772996</RULE_ID_2>
  <RULE_DESCRIPTION_2>GEO BIN and Device Country not equal (1pt)</RULE_DESCRIPTION_2>
  <RULE_ID_3>772998</RULE_ID_3>
  <RULE_DESCRIPTION_3>GEO Billing &lt;&gt; BIN Country (1pt)</RULE_DESCRIPTION_3>
  <RULE_ID_4>773002</RULE_ID_4>
  <RULE_DESCRIPTION_4>FRAUD_SCRD GEO Counter Triggered (5pts)</RULE_DESCRIPTION_4>
  <RULE_ID_5>773026</RULE_ID_5>
  <RULE_DESCRIPTION_5>Approve VIP List Email</RULE_DESCRIPTION_5>
  <RULE_ID_6>793142</RULE_ID_6>
  <RULE_DESCRIPTION_6>Decline Customer Email Validation</RULE_DESCRIPTION_6>
  <COUNTERS_TRIGGERED>2</COUNTERS_TRIGGERED>
  <COUNTER_NAME_0>GEO</COUNTER_NAME_0>
  <COUNTER_VALUE_0>4</COUNTER_VALUE_0>
  <COUNTER_NAME_1>FRAUD_SCRD</COUNTER_NAME_1>
  <COUNTER_VALUE_1>5</COUNTER_VALUE_1>
  <REASON_CODE></REASON_CODE>
  <MASTERCARD></MASTERCARD>
  <DDFS>2015-09-14</DDFS>
  <DSR>800x1280</DSR>
  <UAS>Mozilla/5.0 (Windows NT 6.1; WOW64; rv:40.0) Gecko/20100101 Firefox/40.0</UAS>
  <BROWSER>Firefox 40.0</BROWSER>
  <OS>Windows 7</OS>
  <PIP_IPAD></PIP_IPAD>
  <PIP_LAT></PIP_LAT>
  <PIP_LON></PIP_LON>
  <PIP_COUNTRY></PIP_COUNTRY>
  <PIP_REGION></PIP_REGION>
  <PIP_CITY></PIP_CITY>
  <PIP_ORG></PIP_ORG>
  <IP_IPAD>112.198.83.55</IP_IPAD>
  <IP_LAT>14.6466</IP_LAT>
  <IP_LON>121.0509</IP_LON>
  <IP_COUNTRY>PH</IP_COUNTRY>
  <IP_REGION>Quezon City</IP_REGION>
  <IP_CITY>Quezon City</IP_CITY>
  <IP_ORG>GLOBE TELECOM</IP_ORG>
  <WARNING_COUNT>0</WARNING_COUNT>
</RESPONSE>

2015-09-17T04:03:25Z
RequestParameter:  billNo: dd26b8d4223 | startTime:2015-09-17 04:03:25

2015-09-17T04:03:25Z
Array
(
    [MODE] => Q
    [FRMT] => XML
    [VERS] => 0630
    [MERC] => 680000
    [UDF[CUSTOMER_IPAD]] => 31.168.187.64
    [SESS] => ui6crefdf82udstk69o2r4m173
    [ORDR] => dd26b8d4223
    [CURR] => EUR
    [PENC] => KHASH
    [PTYP] => CARD
    [PTOK] => 401200O9VVK1JNKKSCE1
    [IPAD] => 31.168.187.64
    [MACK] => Y
    [AUTH] => A
    [PROD_DESC[0]] => Binary Trade
    [PROD_TYPE[0]] => Binary Trade
    [PROD_ITEM[0]] => SKU-ANT-BinaryTrade
    [PROD_QUANT[0]] => 1
    [PROD_PRICE[0]] => 9900
    [TOTL] => 9900
    [SITE] => VERT999
    [UDF[MERCHANT_ID]] => 10001MERTEST001
    [NAME] => Juan Dela Cruz
    [B2A1] => St. Bakerroad, 52
    [B2CC] => US
    [B2CI] => New York
    [B2PC] => 12345
    [B2PN] => 375336264692
    [B2ST] => NY
    [S2A1] => 
    [S2CC] => 
    [S2CI] => 
    [S2EM] => 
    [S2NM] =>  
    [S2PC] => 
    [S2PN] => 
    [S2ST] => 
    [SHTP] => 
    [CASH] => 99
    [DOB] => 1977-12-04
    [GENDER] => M
    [EMAL] => JUANDCAPPROVE@EXAMPLE.COM
)


2015-09-17T04:03:26Z
ResponseParameter:  billNo: dd26b8d4223 | endTime:2015-09-17 04:03:26

2015-09-17T04:03:26Z
<?xml version="1.0" encoding="UTF-8"?>
<RESPONSE>
  <VERS>0630</VERS>
  <MODE>Q</MODE>
  <TRAN>36Z70BBRQVLM</TRAN>
  <MERC>680000</MERC>
  <SESS>ui6crefdf82udstk69o2r4m173</SESS>
  <ORDR>dd26b8d4223</ORDR>
  <AUTO>A</AUTO>
  <SCOR>39</SCOR>
  <GEOX>PH</GEOX>
  <BRND>VISA</BRND>
  <REGN>PH_F2</REGN>
  <NETW>N</NETW>
  <KAPT>Y</KAPT>
  <CARDS>1</CARDS>
  <DEVICES>1</DEVICES>
  <EMAILS>1</EMAILS>
  <VELO>0</VELO>
  <VMAX>0</VMAX>
  <SITE>VERT999</SITE>
  <DEVICE_LAYERS>5EFBB7B06F.F1A10C3507.34C611E382.A80EBD4F24.921BF841B0</DEVICE_LAYERS>
  <FINGERPRINT>C1C490F338AA17DECA7AB4507FC65105</FINGERPRINT>
  <TIMEZONE>960</TIMEZONE>
  <LOCALTIME>2015-09-17 12:03</LOCALTIME>
  <REGION>PH_F2</REGION>
  <COUNTRY>PH</COUNTRY>
  <PROXY>N</PROXY>
  <JAVASCRIPT>Y</JAVASCRIPT>
  <FLASH>Y</FLASH>
  <COOKIES>Y</COOKIES>
  <HTTP_COUNTRY>US</HTTP_COUNTRY>
  <LANGUAGE>EN</LANGUAGE>
  <MOBILE_DEVICE>N</MOBILE_DEVICE>
  <MOBILE_TYPE></MOBILE_TYPE>
  <MOBILE_FORWARDER>N</MOBILE_FORWARDER>
  <VOICE_DEVICE>N</VOICE_DEVICE>
  <PC_REMOTE>N</PC_REMOTE>
  <RULES_TRIGGERED>7</RULES_TRIGGERED>
  <RULE_ID_0>772992</RULE_ID_0>
  <RULE_DESCRIPTION_0>GEO Billing &lt;&gt; Device Country (1pt)</RULE_DESCRIPTION_0>
  <RULE_ID_1>772994</RULE_ID_1>
  <RULE_DESCRIPTION_1>GEO  Distance from Device to Billing &gt; 1000km (1pt)</RULE_DESCRIPTION_1>
  <RULE_ID_2>772996</RULE_ID_2>
  <RULE_DESCRIPTION_2>GEO BIN and Device Country not equal (1pt)</RULE_DESCRIPTION_2>
  <RULE_ID_3>772998</RULE_ID_3>
  <RULE_DESCRIPTION_3>GEO Billing &lt;&gt; BIN Country (1pt)</RULE_DESCRIPTION_3>
  <RULE_ID_4>773002</RULE_ID_4>
  <RULE_DESCRIPTION_4>FRAUD_SCRD GEO Counter Triggered (5pts)</RULE_DESCRIPTION_4>
  <RULE_ID_5>773026</RULE_ID_5>
  <RULE_DESCRIPTION_5>Approve VIP List Email</RULE_DESCRIPTION_5>
  <RULE_ID_6>793142</RULE_ID_6>
  <RULE_DESCRIPTION_6>Decline Customer Email Validation</RULE_DESCRIPTION_6>
  <COUNTERS_TRIGGERED>2</COUNTERS_TRIGGERED>
  <COUNTER_NAME_0>GEO</COUNTER_NAME_0>
  <COUNTER_VALUE_0>4</COUNTER_VALUE_0>
  <COUNTER_NAME_1>FRAUD_SCRD</COUNTER_NAME_1>
  <COUNTER_VALUE_1>5</COUNTER_VALUE_1>
  <REASON_CODE></REASON_CODE>
  <MASTERCARD></MASTERCARD>
  <DDFS>2015-09-14</DDFS>
  <DSR>800x1280</DSR>
  <UAS>Mozilla/5.0 (Windows NT 6.1; WOW64; rv:40.0) Gecko/20100101 Firefox/40.0</UAS>
  <BROWSER>Firefox 40.0</BROWSER>
  <OS>Windows 7</OS>
  <PIP_IPAD></PIP_IPAD>
  <PIP_LAT></PIP_LAT>
  <PIP_LON></PIP_LON>
  <PIP_COUNTRY></PIP_COUNTRY>
  <PIP_REGION></PIP_REGION>
  <PIP_CITY></PIP_CITY>
  <PIP_ORG></PIP_ORG>
  <IP_IPAD>112.198.83.55</IP_IPAD>
  <IP_LAT>14.6466</IP_LAT>
  <IP_LON>121.0509</IP_LON>
  <IP_COUNTRY>PH</IP_COUNTRY>
  <IP_REGION>Quezon City</IP_REGION>
  <IP_CITY>Quezon City</IP_CITY>
  <IP_ORG>GLOBE TELECOM</IP_ORG>
  <WARNING_COUNT>0</WARNING_COUNT>
</RESPONSE>

2015-09-17T05:45:52Z
RequestParameter:  billNo: 1d26b8d4223 | startTime:2015-09-17 05:45:52

2015-09-17T05:45:52Z
Array
(
    [MODE] => Q
    [FRMT] => XML
    [VERS] => 0630
    [MERC] => 680000
    [UDF[CUSTOMER_IPAD]] => 31.168.187.64
    [SESS] => ui6crefdf82udstk69o2r4m173
    [ORDR] => 1d26b8d4223
    [CURR] => EUR
    [PENC] => KHASH
    [PTYP] => CARD
    [PTOK] => 401200O9VVK1JNKKSCE1
    [IPAD] => 31.168.187.64
    [MACK] => Y
    [AUTH] => A
    [PROD_DESC[0]] => Binary Trade
    [PROD_TYPE[0]] => Binary Trade
    [PROD_ITEM[0]] => SKU-ANT-BinaryTrade
    [PROD_QUANT[0]] => 1
    [PROD_PRICE[0]] => 9900
    [TOTL] => 9900
    [SITE] => VERT999
    [UDF[MERCHANT_ID]] => 10001MERTEST001
    [NAME] => Juan Dela Cruz
    [B2A1] => St. Bakerroad, 52
    [B2CC] => US
    [B2CI] => New York
    [B2PC] => 12345
    [B2PN] => 375336264692
    [B2ST] => NY
    [S2A1] => 
    [S2CC] => 
    [S2CI] => 
    [S2EM] => 
    [S2NM] =>  
    [S2PC] => 
    [S2PN] => 
    [S2ST] => 
    [SHTP] => 
    [CASH] => 99
    [DOB] => 1977-12-04
    [GENDER] => M
    [EMAL] => JUANDCAPPROVE@EXAMPLE.COM
)


2015-09-17T05:45:59Z
ResponseParameter:  billNo: 1d26b8d4223 | endTime:2015-09-17 05:45:59

2015-09-17T05:45:59Z
<?xml version="1.0" encoding="UTF-8"?>
<RESPONSE>
  <VERS>0630</VERS>
  <MODE>Q</MODE>
  <TRAN>36ZD0C5GDSKV</TRAN>
  <MERC>680000</MERC>
  <SESS>ui6crefdf82udstk69o2r4m173</SESS>
  <ORDR>1d26b8d4223</ORDR>
  <AUTO>A</AUTO>
  <SCOR>39</SCOR>
  <GEOX>PH</GEOX>
  <BRND>VISA</BRND>
  <REGN>PH_F2</REGN>
  <NETW>N</NETW>
  <KAPT>Y</KAPT>
  <CARDS>1</CARDS>
  <DEVICES>1</DEVICES>
  <EMAILS>1</EMAILS>
  <VELO>0</VELO>
  <VMAX>0</VMAX>
  <SITE>VERT999</SITE>
  <DEVICE_LAYERS>5EFBB7B06F.F1A10C3507.34C611E382.A80EBD4F24.921BF841B0</DEVICE_LAYERS>
  <FINGERPRINT>C1C490F338AA17DECA7AB4507FC65105</FINGERPRINT>
  <TIMEZONE>960</TIMEZONE>
  <LOCALTIME>2015-09-17 13:46</LOCALTIME>
  <REGION>PH_F2</REGION>
  <COUNTRY>PH</COUNTRY>
  <PROXY>N</PROXY>
  <JAVASCRIPT>Y</JAVASCRIPT>
  <FLASH>Y</FLASH>
  <COOKIES>Y</COOKIES>
  <HTTP_COUNTRY>US</HTTP_COUNTRY>
  <LANGUAGE>EN</LANGUAGE>
  <MOBILE_DEVICE>N</MOBILE_DEVICE>
  <MOBILE_TYPE></MOBILE_TYPE>
  <MOBILE_FORWARDER>N</MOBILE_FORWARDER>
  <VOICE_DEVICE>N</VOICE_DEVICE>
  <PC_REMOTE>N</PC_REMOTE>
  <RULES_TRIGGERED>7</RULES_TRIGGERED>
  <RULE_ID_0>772998</RULE_ID_0>
  <RULE_DESCRIPTION_0>GEO Billing &lt;&gt; BIN Country (1pt)</RULE_DESCRIPTION_0>
  <RULE_ID_1>772992</RULE_ID_1>
  <RULE_DESCRIPTION_1>GEO Billing &lt;&gt; Device Country (1pt)</RULE_DESCRIPTION_1>
  <RULE_ID_2>772994</RULE_ID_2>
  <RULE_DESCRIPTION_2>GEO  Distance from Device to Billing &gt; 1000km (1pt)</RULE_DESCRIPTION_2>
  <RULE_ID_3>772996</RULE_ID_3>
  <RULE_DESCRIPTION_3>GEO BIN and Device Country not equal (1pt)</RULE_DESCRIPTION_3>
  <RULE_ID_4>773002</RULE_ID_4>
  <RULE_DESCRIPTION_4>FRAUD_SCRD GEO Counter Triggered (5pts)</RULE_DESCRIPTION_4>
  <RULE_ID_5>773026</RULE_ID_5>
  <RULE_DESCRIPTION_5>Approve VIP List Email</RULE_DESCRIPTION_5>
  <RULE_ID_6>793142</RULE_ID_6>
  <RULE_DESCRIPTION_6>Decline Customer Email Validation</RULE_DESCRIPTION_6>
  <COUNTERS_TRIGGERED>2</COUNTERS_TRIGGERED>
  <COUNTER_NAME_0>GEO</COUNTER_NAME_0>
  <COUNTER_VALUE_0>4</COUNTER_VALUE_0>
  <COUNTER_NAME_1>FRAUD_SCRD</COUNTER_NAME_1>
  <COUNTER_VALUE_1>5</COUNTER_VALUE_1>
  <REASON_CODE></REASON_CODE>
  <MASTERCARD></MASTERCARD>
  <DDFS>2015-09-14</DDFS>
  <DSR>800x1280</DSR>
  <UAS>Mozilla/5.0 (Windows NT 6.1; WOW64; rv:40.0) Gecko/20100101 Firefox/40.0</UAS>
  <BROWSER>Firefox 40.0</BROWSER>
  <OS>Windows 7</OS>
  <PIP_IPAD></PIP_IPAD>
  <PIP_LAT></PIP_LAT>
  <PIP_LON></PIP_LON>
  <PIP_COUNTRY></PIP_COUNTRY>
  <PIP_REGION></PIP_REGION>
  <PIP_CITY></PIP_CITY>
  <PIP_ORG></PIP_ORG>
  <IP_IPAD>112.198.83.55</IP_IPAD>
  <IP_LAT>14.6466</IP_LAT>
  <IP_LON>121.0509</IP_LON>
  <IP_COUNTRY>PH</IP_COUNTRY>
  <IP_REGION>Quezon City</IP_REGION>
  <IP_CITY>Quezon City</IP_CITY>
  <IP_ORG>GLOBE TELECOM</IP_ORG>
  <WARNING_COUNT>0</WARNING_COUNT>
</RESPONSE>

2015-09-17T10:42:00Z
RequestParameter:  billNo: 1d26b8d42255 | startTime:2015-09-17 10:42:00

2015-09-17T10:42:00Z
Array
(
    [MODE] => Q
    [FRMT] => XML
    [VERS] => 0630
    [MERC] => 680000
    [UDF[CUSTOMER_IPAD]] => 31.168.187.64
    [SESS] => ui6crefdf82udstk69o2r4m173
    [ORDR] => 1d26b8d42255
    [CURR] => EUR
    [PENC] => KHASH
    [PTYP] => CARD
    [PTOK] => 401200O9VVK1JNKKSCE1
    [IPAD] => 31.168.187.64
    [MACK] => Y
    [AUTH] => A
    [PROD_DESC[0]] => Binary Trade
    [PROD_TYPE[0]] => Binary Trade
    [PROD_ITEM[0]] => SKU-ANT-BinaryTrade
    [PROD_QUANT[0]] => 1
    [PROD_PRICE[0]] => 9900
    [TOTL] => 9900
    [SITE] => VERT999
    [UDF[MERCHANT_ID]] => 10001MERTEST001
    [NAME] => Juan Dela Cruz
    [B2A1] => St. Bakerroad, 52
    [B2CC] => US
    [B2CI] => New York
    [B2PC] => 12345
    [B2PN] => 375336264692
    [B2ST] => NY
    [S2A1] => 
    [S2CC] => 
    [S2CI] => 
    [S2EM] => 
    [S2NM] =>  
    [S2PC] => 
    [S2PN] => 
    [S2ST] => 
    [SHTP] => 
    [CASH] => 99
    [DOB] => 1977-12-04
    [GENDER] => M
    [EMAL] => JUANDCAPPROVE@EXAMPLE.COM
)


2015-09-17T10:42:06Z
ResponseParameter:  billNo: 1d26b8d42255 | endTime:2015-09-17 10:42:06

2015-09-17T10:42:06Z
<?xml version="1.0" encoding="UTF-8"?>
<RESPONSE>
  <VERS>0630</VERS>
  <MODE>Q</MODE>
  <TRAN>368M098X3PCY</TRAN>
  <MERC>680000</MERC>
  <SESS>ui6crefdf82udstk69o2r4m173</SESS>
  <ORDR>1d26b8d42255</ORDR>
  <AUTO>A</AUTO>
  <SCOR>39</SCOR>
  <GEOX>PH</GEOX>
  <BRND>VISA</BRND>
  <REGN>PH_F2</REGN>
  <NETW>N</NETW>
  <KAPT>Y</KAPT>
  <CARDS>1</CARDS>
  <DEVICES>1</DEVICES>
  <EMAILS>1</EMAILS>
  <VELO>0</VELO>
  <VMAX>0</VMAX>
  <SITE>VERT999</SITE>
  <DEVICE_LAYERS>5EFBB7B06F.F1A10C3507.34C611E382.A80EBD4F24.921BF841B0</DEVICE_LAYERS>
  <FINGERPRINT>C1C490F338AA17DECA7AB4507FC65105</FINGERPRINT>
  <TIMEZONE>960</TIMEZONE>
  <LOCALTIME>2015-09-17 18:42</LOCALTIME>
  <REGION>PH_F2</REGION>
  <COUNTRY>PH</COUNTRY>
  <PROXY>N</PROXY>
  <JAVASCRIPT>Y</JAVASCRIPT>
  <FLASH>Y</FLASH>
  <COOKIES>Y</COOKIES>
  <HTTP_COUNTRY>US</HTTP_COUNTRY>
  <LANGUAGE>EN</LANGUAGE>
  <MOBILE_DEVICE>N</MOBILE_DEVICE>
  <MOBILE_TYPE></MOBILE_TYPE>
  <MOBILE_FORWARDER>N</MOBILE_FORWARDER>
  <VOICE_DEVICE>N</VOICE_DEVICE>
  <PC_REMOTE>N</PC_REMOTE>
  <RULES_TRIGGERED>7</RULES_TRIGGERED>
  <RULE_ID_0>772998</RULE_ID_0>
  <RULE_DESCRIPTION_0>GEO Billing &lt;&gt; BIN Country (1pt)</RULE_DESCRIPTION_0>
  <RULE_ID_1>772992</RULE_ID_1>
  <RULE_DESCRIPTION_1>GEO Billing &lt;&gt; Device Country (1pt)</RULE_DESCRIPTION_1>
  <RULE_ID_2>772994</RULE_ID_2>
  <RULE_DESCRIPTION_2>GEO  Distance from Device to Billing &gt; 1000km (1pt)</RULE_DESCRIPTION_2>
  <RULE_ID_3>772996</RULE_ID_3>
  <RULE_DESCRIPTION_3>GEO BIN and Device Country not equal (1pt)</RULE_DESCRIPTION_3>
  <RULE_ID_4>773002</RULE_ID_4>
  <RULE_DESCRIPTION_4>FRAUD_SCRD GEO Counter Triggered (5pts)</RULE_DESCRIPTION_4>
  <RULE_ID_5>773026</RULE_ID_5>
  <RULE_DESCRIPTION_5>Approve VIP List Email</RULE_DESCRIPTION_5>
  <RULE_ID_6>793142</RULE_ID_6>
  <RULE_DESCRIPTION_6>Decline Customer Email Validation</RULE_DESCRIPTION_6>
  <COUNTERS_TRIGGERED>2</COUNTERS_TRIGGERED>
  <COUNTER_NAME_0>GEO</COUNTER_NAME_0>
  <COUNTER_VALUE_0>4</COUNTER_VALUE_0>
  <COUNTER_NAME_1>FRAUD_SCRD</COUNTER_NAME_1>
  <COUNTER_VALUE_1>5</COUNTER_VALUE_1>
  <REASON_CODE></REASON_CODE>
  <MASTERCARD></MASTERCARD>
  <DDFS>2015-09-14</DDFS>
  <DSR>800x1280</DSR>
  <UAS>Mozilla/5.0 (Windows NT 6.1; WOW64; rv:40.0) Gecko/20100101 Firefox/40.0</UAS>
  <BROWSER>Firefox 40.0</BROWSER>
  <OS>Windows 7</OS>
  <PIP_IPAD></PIP_IPAD>
  <PIP_LAT></PIP_LAT>
  <PIP_LON></PIP_LON>
  <PIP_COUNTRY></PIP_COUNTRY>
  <PIP_REGION></PIP_REGION>
  <PIP_CITY></PIP_CITY>
  <PIP_ORG></PIP_ORG>
  <IP_IPAD>112.198.83.55</IP_IPAD>
  <IP_LAT>14.6466</IP_LAT>
  <IP_LON>121.0509</IP_LON>
  <IP_COUNTRY>PH</IP_COUNTRY>
  <IP_REGION>Quezon City</IP_REGION>
  <IP_CITY>Quezon City</IP_CITY>
  <IP_ORG>GLOBE TELECOM</IP_ORG>
  <WARNING_COUNT>0</WARNING_COUNT>
</RESPONSE>

2015-09-17T23:28:32Z
RequestParameter:  billNo: 1d26b8d4323 | startTime:2015-09-17 23:28:32

2015-09-17T23:28:32Z
Array
(
    [MODE] => Q
    [FRMT] => XML
    [VERS] => 0630
    [MERC] => 680000
    [UDF[CUSTOMER_IPAD]] => 31.168.187.64
    [SESS] => ui6crefdf82udstk69o2r4m173
    [ORDR] => 1d26b8d4323
    [CURR] => EUR
    [PENC] => KHASH
    [PTYP] => CARD
    [PTOK] => 401200O9VVK1JNKKSCE1
    [IPAD] => 31.168.187.64
    [MACK] => Y
    [AUTH] => A
    [PROD_DESC[0]] => Binary Trade
    [PROD_TYPE[0]] => Binary Trade
    [PROD_ITEM[0]] => SKU-ANT-BinaryTrade
    [PROD_QUANT[0]] => 1
    [PROD_PRICE[0]] => 9900
    [TOTL] => 9900
    [SITE] => VERT999
    [UDF[MERCHANT_ID]] => 10001MERTEST001
    [NAME] => Juan Dela Cruz
    [B2A1] => St. Bakerroad, 52
    [B2CC] => US
    [B2CI] => New York
    [B2PC] => 12345
    [B2PN] => 375336264692
    [B2ST] => NY
    [S2A1] => 
    [S2CC] => 
    [S2CI] => 
    [S2EM] => 
    [S2NM] =>  
    [S2PC] => 
    [S2PN] => 
    [S2ST] => 
    [SHTP] => 
    [CASH] => 99
    [DOB] => 1977-12-04
    [GENDER] => M
    [EMAL] => JUANDCAPPROVE@EXAMPLE.COM
)


2015-09-17T23:28:35Z
ResponseParameter:  billNo: 1d26b8d4323 | endTime:2015-09-17 23:28:35

2015-09-17T23:28:35Z
<?xml version="1.0" encoding="UTF-8"?>
<RESPONSE>
  <VERS>0630</VERS>
  <MODE>Q</MODE>
  <TRAN>368C00GCKGBM</TRAN>
  <MERC>680000</MERC>
  <SESS>ui6crefdf82udstk69o2r4m173</SESS>
  <ORDR>1d26b8d4323</ORDR>
  <AUTO>A</AUTO>
  <SCOR>39</SCOR>
  <GEOX>PH</GEOX>
  <BRND>VISA</BRND>
  <REGN>PH_F2</REGN>
  <NETW>N</NETW>
  <KAPT>Y</KAPT>
  <CARDS>1</CARDS>
  <DEVICES>1</DEVICES>
  <EMAILS>1</EMAILS>
  <VELO>0</VELO>
  <VMAX>0</VMAX>
  <SITE>VERT999</SITE>
  <DEVICE_LAYERS>5EFBB7B06F.F1A10C3507.34C611E382.A80EBD4F24.921BF841B0</DEVICE_LAYERS>
  <FINGERPRINT>C1C490F338AA17DECA7AB4507FC65105</FINGERPRINT>
  <TIMEZONE>960</TIMEZONE>
  <LOCALTIME>2015-09-18 07:28</LOCALTIME>
  <REGION>PH_F2</REGION>
  <COUNTRY>PH</COUNTRY>
  <PROXY>N</PROXY>
  <JAVASCRIPT>Y</JAVASCRIPT>
  <FLASH>Y</FLASH>
  <COOKIES>Y</COOKIES>
  <HTTP_COUNTRY>US</HTTP_COUNTRY>
  <LANGUAGE>EN</LANGUAGE>
  <MOBILE_DEVICE>N</MOBILE_DEVICE>
  <MOBILE_TYPE></MOBILE_TYPE>
  <MOBILE_FORWARDER>N</MOBILE_FORWARDER>
  <VOICE_DEVICE>N</VOICE_DEVICE>
  <PC_REMOTE>N</PC_REMOTE>
  <RULES_TRIGGERED>7</RULES_TRIGGERED>
  <RULE_ID_0>772992</RULE_ID_0>
  <RULE_DESCRIPTION_0>GEO Billing &lt;&gt; Device Country (1pt)</RULE_DESCRIPTION_0>
  <RULE_ID_1>772994</RULE_ID_1>
  <RULE_DESCRIPTION_1>GEO  Distance from Device to Billing &gt; 1000km (1pt)</RULE_DESCRIPTION_1>
  <RULE_ID_2>772996</RULE_ID_2>
  <RULE_DESCRIPTION_2>GEO BIN and Device Country not equal (1pt)</RULE_DESCRIPTION_2>
  <RULE_ID_3>772998</RULE_ID_3>
  <RULE_DESCRIPTION_3>GEO Billing &lt;&gt; BIN Country (1pt)</RULE_DESCRIPTION_3>
  <RULE_ID_4>773002</RULE_ID_4>
  <RULE_DESCRIPTION_4>FRAUD_SCRD GEO Counter Triggered (5pts)</RULE_DESCRIPTION_4>
  <RULE_ID_5>773026</RULE_ID_5>
  <RULE_DESCRIPTION_5>Approve VIP List Email</RULE_DESCRIPTION_5>
  <RULE_ID_6>793142</RULE_ID_6>
  <RULE_DESCRIPTION_6>Decline Customer Email Validation</RULE_DESCRIPTION_6>
  <COUNTERS_TRIGGERED>2</COUNTERS_TRIGGERED>
  <COUNTER_NAME_0>GEO</COUNTER_NAME_0>
  <COUNTER_VALUE_0>4</COUNTER_VALUE_0>
  <COUNTER_NAME_1>FRAUD_SCRD</COUNTER_NAME_1>
  <COUNTER_VALUE_1>5</COUNTER_VALUE_1>
  <REASON_CODE></REASON_CODE>
  <MASTERCARD></MASTERCARD>
  <DDFS>2015-09-14</DDFS>
  <DSR>800x1280</DSR>
  <UAS>Mozilla/5.0 (Windows NT 6.1; WOW64; rv:40.0) Gecko/20100101 Firefox/40.0</UAS>
  <BROWSER>Firefox 40.0</BROWSER>
  <OS>Windows 7</OS>
  <PIP_IPAD></PIP_IPAD>
  <PIP_LAT></PIP_LAT>
  <PIP_LON></PIP_LON>
  <PIP_COUNTRY></PIP_COUNTRY>
  <PIP_REGION></PIP_REGION>
  <PIP_CITY></PIP_CITY>
  <PIP_ORG></PIP_ORG>
  <IP_IPAD>112.198.83.55</IP_IPAD>
  <IP_LAT>14.6466</IP_LAT>
  <IP_LON>121.0509</IP_LON>
  <IP_COUNTRY>PH</IP_COUNTRY>
  <IP_REGION>Quezon City</IP_REGION>
  <IP_CITY>Quezon City</IP_CITY>
  <IP_ORG>GLOBE TELECOM</IP_ORG>
  <WARNING_COUNT>0</WARNING_COUNT>
</RESPONSE>

2015-09-17T23:40:12Z
RequestParameter:  billNo: 1d26b8d4423 | startTime:2015-09-17 23:40:12

2015-09-17T23:40:12Z
Array
(
    [MODE] => Q
    [FRMT] => XML
    [VERS] => 0630
    [MERC] => 680000
    [UDF[CUSTOMER_IPAD]] => 31.168.187.64
    [SESS] => ui6crefdf82udstk69o2r4m173
    [ORDR] => 1d26b8d4423
    [CURR] => EUR
    [PENC] => KHASH
    [PTYP] => CARD
    [PTOK] => 401200O9VVK1JNKKSCE1
    [IPAD] => 31.168.187.64
    [MACK] => Y
    [AUTH] => A
    [PROD_DESC[0]] => Binary Trade
    [PROD_TYPE[0]] => Binary Trade
    [PROD_ITEM[0]] => Product
    [PROD_QUANT[0]] => 1
    [PROD_PRICE[0]] => 9900
    [TOTL] => 9900
    [SITE] => VERT999
    [UDF[MERCHANT_ID]] => 10001MERTEST001
    [NAME] => Juan Dela Cruz
    [B2A1] => St. Bakerroad, 52
    [B2CC] => US
    [B2CI] => New York
    [B2PC] => 12345
    [B2PN] => 375336264692
    [B2ST] => NY
    [S2A1] => 
    [S2CC] => 
    [S2CI] => 
    [S2EM] => 
    [S2NM] =>  
    [S2PC] => 
    [S2PN] => 
    [S2ST] => 
    [SHTP] => 
    [CASH] => 99
    [DOB] => 1977-12-04
    [GENDER] => M
    [EMAL] => JUANDCAPPROVE@EXAMPLE.COM
)


2015-09-17T23:40:13Z
ResponseParameter:  billNo: 1d26b8d4423 | endTime:2015-09-17 23:40:13

2015-09-17T23:40:13Z
<?xml version="1.0" encoding="UTF-8"?>
<RESPONSE>
  <VERS>0630</VERS>
  <MODE>Q</MODE>
  <TRAN>368C0TPJ275L</TRAN>
  <MERC>680000</MERC>
  <SESS>ui6crefdf82udstk69o2r4m173</SESS>
  <ORDR>1d26b8d4423</ORDR>
  <AUTO>A</AUTO>
  <SCOR>38</SCOR>
  <GEOX>PH</GEOX>
  <BRND>VISA</BRND>
  <REGN>PH_F2</REGN>
  <NETW>N</NETW>
  <KAPT>Y</KAPT>
  <CARDS>1</CARDS>
  <DEVICES>1</DEVICES>
  <EMAILS>1</EMAILS>
  <VELO>0</VELO>
  <VMAX>0</VMAX>
  <SITE>VERT999</SITE>
  <DEVICE_LAYERS>5EFBB7B06F.F1A10C3507.34C611E382.A80EBD4F24.921BF841B0</DEVICE_LAYERS>
  <FINGERPRINT>C1C490F338AA17DECA7AB4507FC65105</FINGERPRINT>
  <TIMEZONE>960</TIMEZONE>
  <LOCALTIME>2015-09-18 07:40</LOCALTIME>
  <REGION>PH_F2</REGION>
  <COUNTRY>PH</COUNTRY>
  <PROXY>N</PROXY>
  <JAVASCRIPT>Y</JAVASCRIPT>
  <FLASH>Y</FLASH>
  <COOKIES>Y</COOKIES>
  <HTTP_COUNTRY>US</HTTP_COUNTRY>
  <LANGUAGE>EN</LANGUAGE>
  <MOBILE_DEVICE>N</MOBILE_DEVICE>
  <MOBILE_TYPE></MOBILE_TYPE>
  <MOBILE_FORWARDER>N</MOBILE_FORWARDER>
  <VOICE_DEVICE>N</VOICE_DEVICE>
  <PC_REMOTE>N</PC_REMOTE>
  <RULES_TRIGGERED>7</RULES_TRIGGERED>
  <RULE_ID_0>772992</RULE_ID_0>
  <RULE_DESCRIPTION_0>GEO Billing &lt;&gt; Device Country (1pt)</RULE_DESCRIPTION_0>
  <RULE_ID_1>772994</RULE_ID_1>
  <RULE_DESCRIPTION_1>GEO  Distance from Device to Billing &gt; 1000km (1pt)</RULE_DESCRIPTION_1>
  <RULE_ID_2>772996</RULE_ID_2>
  <RULE_DESCRIPTION_2>GEO BIN and Device Country not equal (1pt)</RULE_DESCRIPTION_2>
  <RULE_ID_3>772998</RULE_ID_3>
  <RULE_DESCRIPTION_3>GEO Billing &lt;&gt; BIN Country (1pt)</RULE_DESCRIPTION_3>
  <RULE_ID_4>773002</RULE_ID_4>
  <RULE_DESCRIPTION_4>FRAUD_SCRD GEO Counter Triggered (5pts)</RULE_DESCRIPTION_4>
  <RULE_ID_5>773026</RULE_ID_5>
  <RULE_DESCRIPTION_5>Approve VIP List Email</RULE_DESCRIPTION_5>
  <RULE_ID_6>793142</RULE_ID_6>
  <RULE_DESCRIPTION_6>Decline Customer Email Validation</RULE_DESCRIPTION_6>
  <COUNTERS_TRIGGERED>2</COUNTERS_TRIGGERED>
  <COUNTER_NAME_0>GEO</COUNTER_NAME_0>
  <COUNTER_VALUE_0>4</COUNTER_VALUE_0>
  <COUNTER_NAME_1>FRAUD_SCRD</COUNTER_NAME_1>
  <COUNTER_VALUE_1>5</COUNTER_VALUE_1>
  <REASON_CODE></REASON_CODE>
  <MASTERCARD></MASTERCARD>
  <DDFS>2015-09-14</DDFS>
  <DSR>800x1280</DSR>
  <UAS>Mozilla/5.0 (Windows NT 6.1; WOW64; rv:40.0) Gecko/20100101 Firefox/40.0</UAS>
  <BROWSER>Firefox 40.0</BROWSER>
  <OS>Windows 7</OS>
  <PIP_IPAD></PIP_IPAD>
  <PIP_LAT></PIP_LAT>
  <PIP_LON></PIP_LON>
  <PIP_COUNTRY></PIP_COUNTRY>
  <PIP_REGION></PIP_REGION>
  <PIP_CITY></PIP_CITY>
  <PIP_ORG></PIP_ORG>
  <IP_IPAD>112.198.83.55</IP_IPAD>
  <IP_LAT>14.6466</IP_LAT>
  <IP_LON>121.0509</IP_LON>
  <IP_COUNTRY>PH</IP_COUNTRY>
  <IP_REGION>Quezon City</IP_REGION>
  <IP_CITY>Quezon City</IP_CITY>
  <IP_ORG>GLOBE TELECOM</IP_ORG>
  <WARNING_COUNT>0</WARNING_COUNT>
</RESPONSE>

2015-09-17T23:41:55Z
RequestParameter:  billNo: 2d26b8d4523 | startTime:2015-09-17 23:41:55

2015-09-17T23:41:55Z
Array
(
    [MODE] => Q
    [FRMT] => XML
    [VERS] => 0630
    [MERC] => 680000
    [UDF[CUSTOMER_IPAD]] => 31.168.187.64
    [SESS] => ui6crefdf82udstk69o2r4m173
    [ORDR] => 2d26b8d4523
    [CURR] => EUR
    [PENC] => KHASH
    [PTYP] => CARD
    [PTOK] => 401200O9VVK1JNKKSCE1
    [IPAD] => 31.168.187.64
    [MACK] => Y
    [AUTH] => A
    [PROD_DESC[0]] => Product
    [PROD_TYPE[0]] => Product
    [PROD_ITEM[0]] => Product
    [PROD_QUANT[0]] => 1
    [PROD_PRICE[0]] => 9900
    [TOTL] => 9900
    [SITE] => VERT999
    [UDF[MERCHANT_ID]] => 10001MERTEST001
    [NAME] => Juan Dela Cruz
    [B2A1] => St. Bakerroad, 52
    [B2CC] => US
    [B2CI] => New York
    [B2PC] => 12345
    [B2PN] => 375336264692
    [B2ST] => NY
    [S2A1] => 
    [S2CC] => 
    [S2CI] => 
    [S2EM] => 
    [S2NM] =>  
    [S2PC] => 
    [S2PN] => 
    [S2ST] => 
    [SHTP] => 
    [CASH] => 99
    [DOB] => 1977-12-04
    [GENDER] => M
    [EMAL] => JUANDCAPPROVE@EXAMPLE.COM
)


2015-09-17T23:41:56Z
ResponseParameter:  billNo: 2d26b8d4523 | endTime:2015-09-17 23:41:56

2015-09-17T23:41:56Z
<?xml version="1.0" encoding="UTF-8"?>
<RESPONSE>
  <VERS>0630</VERS>
  <MODE>Q</MODE>
  <TRAN>368C0MYN5B0K</TRAN>
  <MERC>680000</MERC>
  <SESS>ui6crefdf82udstk69o2r4m173</SESS>
  <ORDR>2d26b8d4523</ORDR>
  <AUTO>A</AUTO>
  <SCOR>38</SCOR>
  <GEOX>PH</GEOX>
  <BRND>VISA</BRND>
  <REGN>PH_F2</REGN>
  <NETW>N</NETW>
  <KAPT>Y</KAPT>
  <CARDS>1</CARDS>
  <DEVICES>1</DEVICES>
  <EMAILS>1</EMAILS>
  <VELO>0</VELO>
  <VMAX>0</VMAX>
  <SITE>VERT999</SITE>
  <DEVICE_LAYERS>5EFBB7B06F.F1A10C3507.34C611E382.A80EBD4F24.921BF841B0</DEVICE_LAYERS>
  <FINGERPRINT>C1C490F338AA17DECA7AB4507FC65105</FINGERPRINT>
  <TIMEZONE>960</TIMEZONE>
  <LOCALTIME>2015-09-18 07:42</LOCALTIME>
  <REGION>PH_F2</REGION>
  <COUNTRY>PH</COUNTRY>
  <PROXY>N</PROXY>
  <JAVASCRIPT>Y</JAVASCRIPT>
  <FLASH>Y</FLASH>
  <COOKIES>Y</COOKIES>
  <HTTP_COUNTRY>US</HTTP_COUNTRY>
  <LANGUAGE>EN</LANGUAGE>
  <MOBILE_DEVICE>N</MOBILE_DEVICE>
  <MOBILE_TYPE></MOBILE_TYPE>
  <MOBILE_FORWARDER>N</MOBILE_FORWARDER>
  <VOICE_DEVICE>N</VOICE_DEVICE>
  <PC_REMOTE>N</PC_REMOTE>
  <RULES_TRIGGERED>7</RULES_TRIGGERED>
  <RULE_ID_0>772992</RULE_ID_0>
  <RULE_DESCRIPTION_0>GEO Billing &lt;&gt; Device Country (1pt)</RULE_DESCRIPTION_0>
  <RULE_ID_1>772994</RULE_ID_1>
  <RULE_DESCRIPTION_1>GEO  Distance from Device to Billing &gt; 1000km (1pt)</RULE_DESCRIPTION_1>
  <RULE_ID_2>772996</RULE_ID_2>
  <RULE_DESCRIPTION_2>GEO BIN and Device Country not equal (1pt)</RULE_DESCRIPTION_2>
  <RULE_ID_3>772998</RULE_ID_3>
  <RULE_DESCRIPTION_3>GEO Billing &lt;&gt; BIN Country (1pt)</RULE_DESCRIPTION_3>
  <RULE_ID_4>773002</RULE_ID_4>
  <RULE_DESCRIPTION_4>FRAUD_SCRD GEO Counter Triggered (5pts)</RULE_DESCRIPTION_4>
  <RULE_ID_5>773026</RULE_ID_5>
  <RULE_DESCRIPTION_5>Approve VIP List Email</RULE_DESCRIPTION_5>
  <RULE_ID_6>793142</RULE_ID_6>
  <RULE_DESCRIPTION_6>Decline Customer Email Validation</RULE_DESCRIPTION_6>
  <COUNTERS_TRIGGERED>2</COUNTERS_TRIGGERED>
  <COUNTER_NAME_0>GEO</COUNTER_NAME_0>
  <COUNTER_VALUE_0>4</COUNTER_VALUE_0>
  <COUNTER_NAME_1>FRAUD_SCRD</COUNTER_NAME_1>
  <COUNTER_VALUE_1>5</COUNTER_VALUE_1>
  <REASON_CODE></REASON_CODE>
  <MASTERCARD></MASTERCARD>
  <DDFS>2015-09-14</DDFS>
  <DSR>800x1280</DSR>
  <UAS>Mozilla/5.0 (Windows NT 6.1; WOW64; rv:40.0) Gecko/20100101 Firefox/40.0</UAS>
  <BROWSER>Firefox 40.0</BROWSER>
  <OS>Windows 7</OS>
  <PIP_IPAD></PIP_IPAD>
  <PIP_LAT></PIP_LAT>
  <PIP_LON></PIP_LON>
  <PIP_COUNTRY></PIP_COUNTRY>
  <PIP_REGION></PIP_REGION>
  <PIP_CITY></PIP_CITY>
  <PIP_ORG></PIP_ORG>
  <IP_IPAD>112.198.83.55</IP_IPAD>
  <IP_LAT>14.6466</IP_LAT>
  <IP_LON>121.0509</IP_LON>
  <IP_COUNTRY>PH</IP_COUNTRY>
  <IP_REGION>Quezon City</IP_REGION>
  <IP_CITY>Quezon City</IP_CITY>
  <IP_ORG>GLOBE TELECOM</IP_ORG>
  <WARNING_COUNT>0</WARNING_COUNT>
</RESPONSE>

2015-09-17T23:57:15Z
RequestParameter:  billNo: 5d26b8d5223 | startTime:2015-09-17 23:57:15

2015-09-17T23:57:15Z
Array
(
    [MODE] => Q
    [FRMT] => XML
    [VERS] => 0630
    [MERC] => 680000
    [UDF[CUSTOMER_IPAD]] => 31.168.187.64
    [SESS] => ui6crefdf82udstk69o2r4m173
    [ORDR] => 5d26b8d5223
    [CURR] => EUR
    [PENC] => KHASH
    [PTYP] => CARD
    [PTOK] => 401200O9VVK1JNKKSCE1
    [IPAD] => 31.168.187.64
    [MACK] => Y
    [AUTH] => A
    [PROD_DESC[0]] => Product
    [PROD_TYPE[0]] => Product
    [PROD_ITEM[0]] => Product
    [PROD_QUANT[0]] => 1
    [PROD_PRICE[0]] => 9900
    [TOTL] => 9900
    [SITE] => VERT999
    [UDF[MERCHANT_ID]] => 10001MERTEST001
    [NAME] => Juan Dela Cruz
    [B2A1] => St. Bakerroad, 52
    [B2CC] => US
    [B2CI] => New York
    [B2PC] => 12345
    [B2PN] => 375336264692
    [B2ST] => NY
    [S2A1] => 
    [S2CC] => 
    [S2CI] => 
    [S2EM] => 
    [S2NM] =>  
    [S2PC] => 
    [S2PN] => 
    [S2ST] => 
    [SHTP] => 
    [CASH] => 99
    [DOB] => 1977-12-04
    [GENDER] => M
    [EMAL] => JUANDCAPPROVE@EXAMPLE.COM
)


2015-09-17T23:57:16Z
ResponseParameter:  billNo: 5d26b8d5223 | endTime:2015-09-17 23:57:16

2015-09-17T23:57:16Z
<?xml version="1.0" encoding="UTF-8"?>
<RESPONSE>
  <VERS>0630</VERS>
  <MODE>Q</MODE>
  <TRAN>368C0BST0MKP</TRAN>
  <MERC>680000</MERC>
  <SESS>ui6crefdf82udstk69o2r4m173</SESS>
  <ORDR>5d26b8d5223</ORDR>
  <AUTO>A</AUTO>
  <SCOR>38</SCOR>
  <GEOX>PH</GEOX>
  <BRND>VISA</BRND>
  <REGN>PH_F2</REGN>
  <NETW>N</NETW>
  <KAPT>Y</KAPT>
  <CARDS>1</CARDS>
  <DEVICES>1</DEVICES>
  <EMAILS>1</EMAILS>
  <VELO>0</VELO>
  <VMAX>0</VMAX>
  <SITE>VERT999</SITE>
  <DEVICE_LAYERS>5EFBB7B06F.F1A10C3507.34C611E382.A80EBD4F24.921BF841B0</DEVICE_LAYERS>
  <FINGERPRINT>C1C490F338AA17DECA7AB4507FC65105</FINGERPRINT>
  <TIMEZONE>960</TIMEZONE>
  <LOCALTIME>2015-09-18 07:57</LOCALTIME>
  <REGION>PH_F2</REGION>
  <COUNTRY>PH</COUNTRY>
  <PROXY>N</PROXY>
  <JAVASCRIPT>Y</JAVASCRIPT>
  <FLASH>Y</FLASH>
  <COOKIES>Y</COOKIES>
  <HTTP_COUNTRY>US</HTTP_COUNTRY>
  <LANGUAGE>EN</LANGUAGE>
  <MOBILE_DEVICE>N</MOBILE_DEVICE>
  <MOBILE_TYPE></MOBILE_TYPE>
  <MOBILE_FORWARDER>N</MOBILE_FORWARDER>
  <VOICE_DEVICE>N</VOICE_DEVICE>
  <PC_REMOTE>N</PC_REMOTE>
  <RULES_TRIGGERED>7</RULES_TRIGGERED>
  <RULE_ID_0>772992</RULE_ID_0>
  <RULE_DESCRIPTION_0>GEO Billing &lt;&gt; Device Country (1pt)</RULE_DESCRIPTION_0>
  <RULE_ID_1>772994</RULE_ID_1>
  <RULE_DESCRIPTION_1>GEO  Distance from Device to Billing &gt; 1000km (1pt)</RULE_DESCRIPTION_1>
  <RULE_ID_2>772996</RULE_ID_2>
  <RULE_DESCRIPTION_2>GEO BIN and Device Country not equal (1pt)</RULE_DESCRIPTION_2>
  <RULE_ID_3>772998</RULE_ID_3>
  <RULE_DESCRIPTION_3>GEO Billing &lt;&gt; BIN Country (1pt)</RULE_DESCRIPTION_3>
  <RULE_ID_4>773002</RULE_ID_4>
  <RULE_DESCRIPTION_4>FRAUD_SCRD GEO Counter Triggered (5pts)</RULE_DESCRIPTION_4>
  <RULE_ID_5>773026</RULE_ID_5>
  <RULE_DESCRIPTION_5>Approve VIP List Email</RULE_DESCRIPTION_5>
  <RULE_ID_6>793142</RULE_ID_6>
  <RULE_DESCRIPTION_6>Decline Customer Email Validation</RULE_DESCRIPTION_6>
  <COUNTERS_TRIGGERED>2</COUNTERS_TRIGGERED>
  <COUNTER_NAME_0>GEO</COUNTER_NAME_0>
  <COUNTER_VALUE_0>4</COUNTER_VALUE_0>
  <COUNTER_NAME_1>FRAUD_SCRD</COUNTER_NAME_1>
  <COUNTER_VALUE_1>5</COUNTER_VALUE_1>
  <REASON_CODE></REASON_CODE>
  <MASTERCARD></MASTERCARD>
  <DDFS>2015-09-14</DDFS>
  <DSR>800x1280</DSR>
  <UAS>Mozilla/5.0 (Windows NT 6.1; WOW64; rv:40.0) Gecko/20100101 Firefox/40.0</UAS>
  <BROWSER>Firefox 40.0</BROWSER>
  <OS>Windows 7</OS>
  <PIP_IPAD></PIP_IPAD>
  <PIP_LAT></PIP_LAT>
  <PIP_LON></PIP_LON>
  <PIP_COUNTRY></PIP_COUNTRY>
  <PIP_REGION></PIP_REGION>
  <PIP_CITY></PIP_CITY>
  <PIP_ORG></PIP_ORG>
  <IP_IPAD>112.198.83.55</IP_IPAD>
  <IP_LAT>14.6466</IP_LAT>
  <IP_LON>121.0509</IP_LON>
  <IP_COUNTRY>PH</IP_COUNTRY>
  <IP_REGION>Quezon City</IP_REGION>
  <IP_CITY>Quezon City</IP_CITY>
  <IP_ORG>GLOBE TELECOM</IP_ORG>
  <WARNING_COUNT>0</WARNING_COUNT>
</RESPONSE>

2015-09-17T23:58:09Z
RequestParameter:  billNo: 6d26b8d6223 | startTime:2015-09-17 23:58:09

2015-09-17T23:58:09Z
Array
(
    [MODE] => Q
    [FRMT] => XML
    [VERS] => 0630
    [MERC] => 680000
    [UDF[CUSTOMER_IPAD]] => 31.168.187.64
    [SESS] => ui6crefdf82udstk69o2r4m173
    [ORDR] => 6d26b8d6223
    [CURR] => EUR
    [PENC] => KHASH
    [PTYP] => CARD
    [PTOK] => 401200O9VVK1JNKKSCE1
    [IPAD] => 31.168.187.64
    [MACK] => Y
    [AUTH] => A
    [PROD_DESC[0]] => Product
    [PROD_TYPE[0]] => Product
    [PROD_ITEM[0]] => Product
    [PROD_QUANT[0]] => 1
    [PROD_PRICE[0]] => 9900
    [TOTL] => 9900
    [SITE] => VERT999
    [UDF[MERCHANT_ID]] => 10001MERTEST001
    [NAME] => Juan Dela Cruz
    [B2A1] => St. Bakerroad, 52
    [B2CC] => US
    [B2CI] => New York
    [B2PC] => 12345
    [B2PN] => 375336264692
    [B2ST] => NY
    [S2A1] => 
    [S2CC] => 
    [S2CI] => 
    [S2EM] => 
    [S2NM] =>  
    [S2PC] => 
    [S2PN] => 
    [S2ST] => 
    [SHTP] => 
    [CASH] => 99
    [DOB] => 1977-12-04
    [GENDER] => M
    [EMAL] => JUANDCAPPROVE@EXAMPLE.COM
)


2015-09-17T23:58:10Z
ResponseParameter:  billNo: 6d26b8d6223 | endTime:2015-09-17 23:58:10

2015-09-17T23:58:10Z
<?xml version="1.0" encoding="UTF-8"?>
<RESPONSE>
  <VERS>0630</VERS>
  <MODE>Q</MODE>
  <TRAN>368C05K36C0D</TRAN>
  <MERC>680000</MERC>
  <SESS>ui6crefdf82udstk69o2r4m173</SESS>
  <ORDR>6d26b8d6223</ORDR>
  <AUTO>A</AUTO>
  <SCOR>38</SCOR>
  <GEOX>PH</GEOX>
  <BRND>VISA</BRND>
  <REGN>PH_F2</REGN>
  <NETW>N</NETW>
  <KAPT>Y</KAPT>
  <CARDS>1</CARDS>
  <DEVICES>1</DEVICES>
  <EMAILS>1</EMAILS>
  <VELO>0</VELO>
  <VMAX>0</VMAX>
  <SITE>VERT999</SITE>
  <DEVICE_LAYERS>5EFBB7B06F.F1A10C3507.34C611E382.A80EBD4F24.921BF841B0</DEVICE_LAYERS>
  <FINGERPRINT>C1C490F338AA17DECA7AB4507FC65105</FINGERPRINT>
  <TIMEZONE>960</TIMEZONE>
  <LOCALTIME>2015-09-18 07:58</LOCALTIME>
  <REGION>PH_F2</REGION>
  <COUNTRY>PH</COUNTRY>
  <PROXY>N</PROXY>
  <JAVASCRIPT>Y</JAVASCRIPT>
  <FLASH>Y</FLASH>
  <COOKIES>Y</COOKIES>
  <HTTP_COUNTRY>US</HTTP_COUNTRY>
  <LANGUAGE>EN</LANGUAGE>
  <MOBILE_DEVICE>N</MOBILE_DEVICE>
  <MOBILE_TYPE></MOBILE_TYPE>
  <MOBILE_FORWARDER>N</MOBILE_FORWARDER>
  <VOICE_DEVICE>N</VOICE_DEVICE>
  <PC_REMOTE>N</PC_REMOTE>
  <RULES_TRIGGERED>7</RULES_TRIGGERED>
  <RULE_ID_0>772992</RULE_ID_0>
  <RULE_DESCRIPTION_0>GEO Billing &lt;&gt; Device Country (1pt)</RULE_DESCRIPTION_0>
  <RULE_ID_1>772994</RULE_ID_1>
  <RULE_DESCRIPTION_1>GEO  Distance from Device to Billing &gt; 1000km (1pt)</RULE_DESCRIPTION_1>
  <RULE_ID_2>772996</RULE_ID_2>
  <RULE_DESCRIPTION_2>GEO BIN and Device Country not equal (1pt)</RULE_DESCRIPTION_2>
  <RULE_ID_3>772998</RULE_ID_3>
  <RULE_DESCRIPTION_3>GEO Billing &lt;&gt; BIN Country (1pt)</RULE_DESCRIPTION_3>
  <RULE_ID_4>773002</RULE_ID_4>
  <RULE_DESCRIPTION_4>FRAUD_SCRD GEO Counter Triggered (5pts)</RULE_DESCRIPTION_4>
  <RULE_ID_5>773026</RULE_ID_5>
  <RULE_DESCRIPTION_5>Approve VIP List Email</RULE_DESCRIPTION_5>
  <RULE_ID_6>793142</RULE_ID_6>
  <RULE_DESCRIPTION_6>Decline Customer Email Validation</RULE_DESCRIPTION_6>
  <COUNTERS_TRIGGERED>2</COUNTERS_TRIGGERED>
  <COUNTER_NAME_0>GEO</COUNTER_NAME_0>
  <COUNTER_VALUE_0>4</COUNTER_VALUE_0>
  <COUNTER_NAME_1>FRAUD_SCRD</COUNTER_NAME_1>
  <COUNTER_VALUE_1>5</COUNTER_VALUE_1>
  <REASON_CODE></REASON_CODE>
  <MASTERCARD></MASTERCARD>
  <DDFS>2015-09-14</DDFS>
  <DSR>800x1280</DSR>
  <UAS>Mozilla/5.0 (Windows NT 6.1; WOW64; rv:40.0) Gecko/20100101 Firefox/40.0</UAS>
  <BROWSER>Firefox 40.0</BROWSER>
  <OS>Windows 7</OS>
  <PIP_IPAD></PIP_IPAD>
  <PIP_LAT></PIP_LAT>
  <PIP_LON></PIP_LON>
  <PIP_COUNTRY></PIP_COUNTRY>
  <PIP_REGION></PIP_REGION>
  <PIP_CITY></PIP_CITY>
  <PIP_ORG></PIP_ORG>
  <IP_IPAD>112.198.83.55</IP_IPAD>
  <IP_LAT>14.6466</IP_LAT>
  <IP_LON>121.0509</IP_LON>
  <IP_COUNTRY>PH</IP_COUNTRY>
  <IP_REGION>Quezon City</IP_REGION>
  <IP_CITY>Quezon City</IP_CITY>
  <IP_ORG>GLOBE TELECOM</IP_ORG>
  <WARNING_COUNT>0</WARNING_COUNT>
</RESPONSE>

