2015-09-22T04:41:13Z
RequestParameter:  billNo: gSLG114426370928 | startTime:2015-09-22 04:41:13

2015-09-22T04:41:13Z
Array
(
    [MODE] => U
    [FRMT] => XML
    [VERS] => 0630
    [MERC] => 680000
    [SESS] => gSLG114426370928
    [TRAN] => 36PY0Y7JCWHC
    [AUTH] => D
    [MACK] => Y
)


2015-09-22T04:41:14Z
ResponseParameter:  billNo: gSLG114426370928 | endTime:2015-09-22 04:41:14

2015-09-22T04:41:14Z
<?xml version="1.0" encoding="UTF-8"?>
<RESPONSE>
  <VERS>0630</VERS>
  <MODE>U</MODE>
  <TRAN>36PY0Y7JCWHC</TRAN>
  <MERC>680000</MERC>
  <SESS>gSLG114426370928</SESS>
  <RULES_TRIGGERED>0</RULES_TRIGGERED>
  <COUNTERS_TRIGGERED>0</COUNTERS_TRIGGERED>
  <REASON_CODE></REASON_CODE>
  <MASTERCARD></MASTERCARD>
  <WARNING_COUNT>0</WARNING_COUNT>
</RESPONSE>

2015-09-22T04:44:04Z
RequestParameter:  billNo: gSLG114426370929 | startTime:2015-09-22 04:44:04

2015-09-22T04:44:04Z
Array
(
    [MODE] => U
    [FRMT] => XML
    [VERS] => 0630
    [MERC] => 680000
    [SESS] => gSLG114426370929
    [TRAN] => 36PY0LBQZQM9
    [AUTH] => D
    [MACK] => Y
)


2015-09-22T04:44:05Z
ResponseParameter:  billNo: gSLG114426370929 | endTime:2015-09-22 04:44:05

2015-09-22T04:44:05Z
<?xml version="1.0" encoding="UTF-8"?>
<RESPONSE>
  <VERS>0630</VERS>
  <MODE>U</MODE>
  <TRAN>36PY0LBQZQM9</TRAN>
  <MERC>680000</MERC>
  <SESS>gSLG114426370929</SESS>
  <RULES_TRIGGERED>0</RULES_TRIGGERED>
  <COUNTERS_TRIGGERED>0</COUNTERS_TRIGGERED>
  <REASON_CODE></REASON_CODE>
  <MASTERCARD></MASTERCARD>
  <WARNING_COUNT>0</WARNING_COUNT>
</RESPONSE>

2015-09-22T04:48:53Z
RequestParameter:  billNo: gSLG114426370930 | startTime:2015-09-22 04:48:53

2015-09-22T04:48:53Z
Array
(
    [MODE] => U
    [FRMT] => XML
    [VERS] => 0630
    [MERC] => 680000
    [SESS] => gSLG114426370930
    [TRAN] => 36PY0YYV0P76
    [AUTH] => D
    [MACK] => Y
)


2015-09-22T04:48:54Z
ResponseParameter:  billNo: gSLG114426370930 | endTime:2015-09-22 04:48:54

2015-09-22T04:48:54Z
<?xml version="1.0" encoding="UTF-8"?>
<RESPONSE>
  <VERS>0630</VERS>
  <MODE>U</MODE>
  <TRAN>36PY0YYV0P76</TRAN>
  <MERC>680000</MERC>
  <SESS>gSLG114426370930</SESS>
  <RULES_TRIGGERED>0</RULES_TRIGGERED>
  <COUNTERS_TRIGGERED>0</COUNTERS_TRIGGERED>
  <REASON_CODE></REASON_CODE>
  <MASTERCARD></MASTERCARD>
  <WARNING_COUNT>0</WARNING_COUNT>
</RESPONSE>

2015-09-22T04:54:23Z
RequestParameter:  billNo: gSLG114426370931 | startTime:2015-09-22 04:54:23

2015-09-22T04:54:23Z
Array
(
    [MODE] => U
    [FRMT] => XML
    [VERS] => 0630
    [MERC] => 680000
    [SESS] => gSLG114426370931
    [TRAN] => 36PY05T0KQ08
    [AUTH] => D
    [MACK] => Y
)


2015-09-22T04:54:24Z
ResponseParameter:  billNo: gSLG114426370931 | endTime:2015-09-22 04:54:24

2015-09-22T04:54:24Z
<?xml version="1.0" encoding="UTF-8"?>
<RESPONSE>
  <VERS>0630</VERS>
  <MODE>U</MODE>
  <TRAN>36PY05T0KQ08</TRAN>
  <MERC>680000</MERC>
  <SESS>gSLG114426370931</SESS>
  <RULES_TRIGGERED>0</RULES_TRIGGERED>
  <COUNTERS_TRIGGERED>0</COUNTERS_TRIGGERED>
  <REASON_CODE></REASON_CODE>
  <MASTERCARD></MASTERCARD>
  <WARNING_COUNT>0</WARNING_COUNT>
</RESPONSE>

2015-09-22T04:56:17Z
RequestParameter:  billNo: gSLG114426370932 | startTime:2015-09-22 04:56:17

2015-09-22T04:56:17Z
Array
(
    [MODE] => U
    [FRMT] => XML
    [VERS] => 0630
    [MERC] => 680000
    [SESS] => gSLG114426370932
    [TRAN] => 36PY01VWK1KT
    [AUTH] => D
    [MACK] => Y
)


2015-09-22T04:56:18Z
ResponseParameter:  billNo: gSLG114426370932 | endTime:2015-09-22 04:56:18

2015-09-22T04:56:18Z
<?xml version="1.0" encoding="UTF-8"?>
<RESPONSE>
  <VERS>0630</VERS>
  <MODE>U</MODE>
  <TRAN>36PY01VWK1KT</TRAN>
  <MERC>680000</MERC>
  <SESS>gSLG114426370932</SESS>
  <RULES_TRIGGERED>0</RULES_TRIGGERED>
  <COUNTERS_TRIGGERED>0</COUNTERS_TRIGGERED>
  <REASON_CODE></REASON_CODE>
  <MASTERCARD></MASTERCARD>
  <WARNING_COUNT>0</WARNING_COUNT>
</RESPONSE>

2015-09-22T08:29:20Z
RequestParameter:  billNo: gSLG114426370941 | startTime:2015-09-22 08:29:20

2015-09-22T08:29:20Z
Array
(
    [MODE] => U
    [FRMT] => XML
    [VERS] => 0630
    [MERC] => 680000
    [SESS] => gSLG114426370941
    [TRAN] => 36PZ0PQHKSST
    [AUTH] => D
    [MACK] => Y
)


2015-09-22T08:29:21Z
ResponseParameter:  billNo: gSLG114426370941 | endTime:2015-09-22 08:29:21

2015-09-22T08:29:21Z
<?xml version="1.0" encoding="UTF-8"?>
<RESPONSE>
  <VERS>0630</VERS>
  <MODE>U</MODE>
  <TRAN>36PZ0PQHKSST</TRAN>
  <MERC>680000</MERC>
  <SESS>gSLG114426370941</SESS>
  <RULES_TRIGGERED>0</RULES_TRIGGERED>
  <COUNTERS_TRIGGERED>0</COUNTERS_TRIGGERED>
  <REASON_CODE></REASON_CODE>
  <MASTERCARD></MASTERCARD>
  <WARNING_COUNT>0</WARNING_COUNT>
</RESPONSE>

