2015-03-09T05:01:35Z
RequestParameter:  billNo: P2kY5Sc800 | startTime:2015-03-09 05:01:35

2015-03-09T05:01:35Z
https://www.pesopay.com/b2c2/eng/directPay/payComp.jsp?payType=N&merchantId=18139939&pMethod=VISA&lang=E&cardHolder=Juan%20Dela%20Cruz&cardNo=4918914107195005&securityCode=123&epMonth=07&epYear=2015&amount=10&currCode=608&orderRef=P2kY5Sc800&remark=

2015-03-09T05:01:36Z
ResponseParameter:  billNo: P2kY5Sc800 | endTime:2015-03-09 05:01:36

2015-03-09T05:01:36Z
successcode=-1&Ref=&PayRef=&Amt=&Cur=&prc=&src=&Ord=&Holder=&AuthId=&TxTime=&errMsg=Parameter currCode incorrect


2015-03-09T05:01:53Z
RequestParameter:  billNo: P2kY5Sc801 | startTime:2015-03-09 05:01:53

2015-03-09T05:01:53Z
https://www.pesopay.com/b2c2/eng/directPay/payComp.jsp?payType=N&merchantId=18139939&pMethod=VISA&lang=E&cardHolder=Juan%20Dela%20Cruz&cardNo=4918914107195005&securityCode=123&epMonth=07&epYear=2015&amount=10&currCode=608&orderRef=P2kY5Sc801&remark=

2015-03-09T05:01:55Z
ResponseParameter:  billNo: P2kY5Sc801 | endTime:2015-03-09 05:01:55

2015-03-09T05:01:55Z
successcode=-1&Ref=&PayRef=&Amt=&Cur=&prc=&src=&Ord=&Holder=&AuthId=&TxTime=&errMsg=Parameter currCode incorrect


2015-03-09T05:12:24Z
RequestParameter:  billNo: P2kY5Sc802 | startTime:2015-03-09 05:12:24

2015-03-09T05:12:24Z
https://www.pesopay.com/b2c2/eng/directPay/payComp.jsp?payType=N&merchantId=18139939&pMethod=VISA&lang=E&cardHolder=Juan%20Dela%20Cruz&cardNo=4918914107195005&securityCode=123&epMonth=07&epYear=2015&amount=10&currCode=608&orderRef=P2kY5Sc802&remark=

2015-03-09T05:12:25Z
ResponseParameter:  billNo: P2kY5Sc802 | endTime:2015-03-09 05:12:25

2015-03-09T05:12:25Z
successcode=-1&Ref=&PayRef=&Amt=&Cur=&prc=&src=&Ord=&Holder=&AuthId=&TxTime=&errMsg=Parameter currCode incorrect


