2015-11-03T06:32:01Z
RequestParameter:  billNo: 201510150181 | startTime:2015-11-03 06:32:01

2015-11-03T06:32:01Z
Array
(
    [MODE] => U
    [FRMT] => XML
    [VERS] => 0630
    [MERC] => 680000
    [SESS] => 201510150181
    [TRAN] => 33SS09Y7YYJP
    [AUTH] => D
    [MACK] => Y
)


2015-11-03T06:32:02Z
ResponseParameter:  billNo: 201510150181 | endTime:2015-11-03 06:32:02

2015-11-03T06:32:02Z
<?xml version="1.0" encoding="UTF-8"?>
<RESPONSE>
  <VERS>0630</VERS>
  <MODE>U</MODE>
  <TRAN>33SS09Y7YYJP</TRAN>
  <MERC>680000</MERC>
  <SESS>201510150181</SESS>
  <RULES_TRIGGERED>0</RULES_TRIGGERED>
  <COUNTERS_TRIGGERED>0</COUNTERS_TRIGGERED>
  <REASON_CODE></REASON_CODE>
  <MASTERCARD></MASTERCARD>
  <WARNING_COUNT>0</WARNING_COUNT>
</RESPONSE>

2015-11-03T06:32:56Z
RequestParameter:  billNo: 2015101501812 | startTime:2015-11-03 06:32:56

2015-11-03T06:32:56Z
Array
(
    [MODE] => U
    [FRMT] => XML
    [VERS] => 0630
    [MERC] => 680000
    [SESS] => 2015101501812
    [TRAN] => 33SS0HPWNWKZ
    [AUTH] => D
    [MACK] => Y
)


2015-11-03T06:32:58Z
ResponseParameter:  billNo: 2015101501812 | endTime:2015-11-03 06:32:58

2015-11-03T06:32:58Z
<?xml version="1.0" encoding="UTF-8"?>
<RESPONSE>
  <VERS>0630</VERS>
  <MODE>U</MODE>
  <TRAN>33SS0HPWNWKZ</TRAN>
  <MERC>680000</MERC>
  <SESS>2015101501812</SESS>
  <RULES_TRIGGERED>0</RULES_TRIGGERED>
  <COUNTERS_TRIGGERED>0</COUNTERS_TRIGGERED>
  <REASON_CODE></REASON_CODE>
  <MASTERCARD></MASTERCARD>
  <WARNING_COUNT>0</WARNING_COUNT>
</RESPONSE>

2015-11-03T06:47:24Z
RequestParameter:  billNo: 2015101501822 | startTime:2015-11-03 06:47:24

2015-11-03T06:47:24Z
Array
(
    [MODE] => U
    [FRMT] => XML
    [VERS] => 0630
    [MERC] => 680000
    [SESS] => 2015101501822
    [TRAN] => 33SS0QYL0XC2
    [AUTH] => D
    [MACK] => Y
)


2015-11-03T06:47:26Z
ResponseParameter:  billNo: 2015101501822 | endTime:2015-11-03 06:47:26

2015-11-03T06:47:26Z
<?xml version="1.0" encoding="UTF-8"?>
<RESPONSE>
  <VERS>0630</VERS>
  <MODE>U</MODE>
  <TRAN>33SS0QYL0XC2</TRAN>
  <MERC>680000</MERC>
  <SESS>2015101501822</SESS>
  <RULES_TRIGGERED>0</RULES_TRIGGERED>
  <COUNTERS_TRIGGERED>0</COUNTERS_TRIGGERED>
  <REASON_CODE></REASON_CODE>
  <MASTERCARD></MASTERCARD>
  <WARNING_COUNT>0</WARNING_COUNT>
</RESPONSE>

2015-11-03T06:50:43Z
RequestParameter:  billNo: 2015101501833 | startTime:2015-11-03 06:50:43

2015-11-03T06:50:43Z
Array
(
    [MODE] => U
    [FRMT] => XML
    [VERS] => 0630
    [MERC] => 680000
    [SESS] => 2015101501833
    [TRAN] => 33SS0RK7K2MZ
    [AUTH] => D
    [MACK] => Y
)


2015-11-03T06:50:45Z
ResponseParameter:  billNo: 2015101501833 | endTime:2015-11-03 06:50:45

2015-11-03T06:50:45Z
<?xml version="1.0" encoding="UTF-8"?>
<RESPONSE>
  <VERS>0630</VERS>
  <MODE>U</MODE>
  <TRAN>33SS0RK7K2MZ</TRAN>
  <MERC>680000</MERC>
  <SESS>2015101501833</SESS>
  <RULES_TRIGGERED>0</RULES_TRIGGERED>
  <COUNTERS_TRIGGERED>0</COUNTERS_TRIGGERED>
  <REASON_CODE></REASON_CODE>
  <MASTERCARD></MASTERCARD>
  <WARNING_COUNT>0</WARNING_COUNT>
</RESPONSE>

2015-11-03T07:04:52Z
RequestParameter:  billNo: 2015101501844 | startTime:2015-11-03 07:04:52

2015-11-03T07:04:52Z
Array
(
    [MODE] => U
    [FRMT] => XML
    [VERS] => 0630
    [MERC] => 680000
    [SESS] => 2015101501844
    [TRAN] => 33SV0K3X1YV8
    [AUTH] => D
    [MACK] => Y
)


2015-11-03T07:04:54Z
ResponseParameter:  billNo: 2015101501844 | endTime:2015-11-03 07:04:54

2015-11-03T07:04:54Z
<?xml version="1.0" encoding="UTF-8"?>
<RESPONSE>
  <VERS>0630</VERS>
  <MODE>U</MODE>
  <TRAN>33SV0K3X1YV8</TRAN>
  <MERC>680000</MERC>
  <SESS>2015101501844</SESS>
  <RULES_TRIGGERED>0</RULES_TRIGGERED>
  <COUNTERS_TRIGGERED>0</COUNTERS_TRIGGERED>
  <REASON_CODE></REASON_CODE>
  <MASTERCARD></MASTERCARD>
  <WARNING_COUNT>0</WARNING_COUNT>
</RESPONSE>

2015-11-03T07:09:22Z
RequestParameter:  billNo: 2015101501845 | startTime:2015-11-03 07:09:22

2015-11-03T07:09:22Z
Array
(
    [MODE] => U
    [FRMT] => XML
    [VERS] => 0630
    [MERC] => 680000
    [SESS] => fvpdbo9rjav5rpm6m7bk7oo6r2
    [TRAN] => 33SV0LDKSTKL
    [AUTH] => D
    [MACK] => Y
)


2015-11-03T07:09:23Z
ResponseParameter:  billNo: 2015101501845 | endTime:2015-11-03 07:09:23

2015-11-03T07:09:23Z
<?xml version="1.0" encoding="UTF-8"?>
<RESPONSE>
  <VERS>0630</VERS>
  <MODE>U</MODE>
  <TRAN>33SV0LDKSTKL</TRAN>
  <MERC>680000</MERC>
  <SESS>fvpdbo9rjav5rpm6m7bk7oo6r2</SESS>
  <RULES_TRIGGERED>0</RULES_TRIGGERED>
  <COUNTERS_TRIGGERED>0</COUNTERS_TRIGGERED>
  <REASON_CODE></REASON_CODE>
  <MASTERCARD></MASTERCARD>
  <WARNING_COUNT>0</WARNING_COUNT>
</RESPONSE>

2015-11-03T07:11:05Z
RequestParameter:  billNo: 2015101501846 | startTime:2015-11-03 07:11:05

2015-11-03T07:11:05Z
Array
(
    [MODE] => U
    [FRMT] => XML
    [VERS] => 0630
    [MERC] => 680000
    [SESS] => fvpdbo9rjav5rpm6m7bk7oo6r2
    [TRAN] => 33SV0GMB505B
    [AUTH] => D
    [MACK] => Y
)


2015-11-03T07:11:07Z
ResponseParameter:  billNo: 2015101501846 | endTime:2015-11-03 07:11:07

2015-11-03T07:11:07Z
<?xml version="1.0" encoding="UTF-8"?>
<RESPONSE>
  <VERS>0630</VERS>
  <MODE>U</MODE>
  <TRAN>33SV0GMB505B</TRAN>
  <MERC>680000</MERC>
  <SESS>fvpdbo9rjav5rpm6m7bk7oo6r2</SESS>
  <RULES_TRIGGERED>0</RULES_TRIGGERED>
  <COUNTERS_TRIGGERED>0</COUNTERS_TRIGGERED>
  <REASON_CODE></REASON_CODE>
  <MASTERCARD></MASTERCARD>
  <WARNING_COUNT>0</WARNING_COUNT>
</RESPONSE>

