2015-05-14T09:27:13Z
https://api.test.kount.net/rpc/v1/orders/status.xml

2015-05-14T09:27:13Z
RequestParameter:  billNo: bill635671995839306394 | startTime:2015-05-14 09:27:13

2015-05-14T09:27:13Z
Array
(
    [reason[30X10DXZZ9TV]] => D1
    [note[30X10DXZZ9TV]] => *remarks: [|bankremarks|_|error: invalid cardnumber, invalid security code, invalid expiry month, invalid expiry year, invalid firstname, invalid lastname (rejected by payment bank,input error)|bankresponse|_|successcode=-1|prc=1|src=14] *psi method [paymentapi] *trigger: [transaction declined]
)


2015-05-14T09:27:13Z
DECLINED

2015-05-14T09:27:15Z
ResponseParameter:  billNo: bill635671995839306394 | endTime:2015-05-14 09:27:15

2015-05-14T09:27:15Z
<?xml version="1.0" encoding="UTF-8"?>
<response><status>failure</status><count><success>0</success><failure>1</failure></count><errors><error><code>1702</code><message>Invalid note or note too long</message><scope>note=*remarks: [|bankremarks|_|error: invalid cardnumber, invalid security code, invalid expiry month, invalid expiry year, invalid firstname, invalid lastname (rejected by payment bank,input error)|bankresponse|_|successcode=-1|prc=1|src=14] *psi method [paymentapi] *trigger: [transaction declined]</scope></error></errors><result/></response>


2015-05-14T18:46:08Z
https://api.test.kount.net/rpc/v1/orders/status.xml

2015-05-14T18:46:08Z
RequestParameter:  billNo: Ftxso1431629163 | startTime:2015-05-14 18:46:08

2015-05-14T18:46:08Z
Array
(
    [reason[309M0B4K9921]] => D1
    [note[309M0B4K9921]] => *remarks: [carte|bankremarks|_|error: invalid cardnumber, invalid security code, invalid expiry month, invalid expiry year, invalid firstname, invalid lastname (rejected by payment bank,input error)|bankresponse|_|successcode=-1|prc=1|src=14] *psi method [paymentapi] *trigger: [transaction declined]
)


2015-05-14T18:46:08Z
DECLINED

2015-05-14T18:46:10Z
ResponseParameter:  billNo: Ftxso1431629163 | endTime:2015-05-14 18:46:10

2015-05-14T18:46:10Z
<?xml version="1.0" encoding="UTF-8"?>
<response><status>failure</status><count><success>0</success><failure>1</failure></count><errors><error><code>1702</code><message>Invalid note or note too long</message><scope>note=*remarks: [carte|bankremarks|_|error: invalid cardnumber, invalid security code, invalid expiry month, invalid expiry year, invalid firstname, invalid lastname (rejected by payment bank,input error)|bankresponse|_|successcode=-1|prc=1|src=14] *psi method [paymentapi] *trigger: [transaction declined]</scope></error></errors><result/></response>


