2015-02-13T04:01:41Z
RequestParameter:  billNo: P2kY5Sc20 | startTime:2015-02-13 04:01:41

2015-02-13T04:01:41Z
https://test.pesopay.com/b2cDemo/eng/directPay/payComp.jsp?payType=N&merchantId=18062075&pMethod=VISA&lang=E&cardHolder=Juan%20Dela%20Cruz&cardNo=4************005&securityCode=***&epMonth=07&epYear=2015&amount=10&currCode=608&orderRef=P2kY5Sc20&remark=

2015-02-13T04:01:43Z
ResponseParameter:  billNo: P2kY5Sc20 | endTime:2015-02-13 04:01:43

2015-02-13T04:01:43Z
successcode=0&Ref=P2kY5Sc20&PayRef=1210072207&Amt=10.0&Cur=608&prc=0&src=0&Ord=12345678&Holder=Juan Dela Cruz&AuthId=072207&TxTime=2015-02-13 12:02:17.0&errMsg=Transaction completed







2015-02-13T04:25:09Z
RequestParameter:  billNo: P2kY5Sc28 | startTime:2015-02-13 04:25:09

2015-02-13T04:25:09Z
https://test.pesopay.com/b2cDemo/eng/directPay/payComp.jsp?payType=N&merchantId=18062075&pMethod=VISA&lang=E&cardHolder=Juan%20Dela%20Cruz&cardNo=4************005&securityCode=***&epMonth=07&epYear=2015&amount=30&currCode=608&orderRef=P2kY5Sc28&remark=

2015-02-13T04:25:10Z
ResponseParameter:  billNo: P2kY5Sc28 | endTime:2015-02-13 04:25:10

2015-02-13T04:25:10Z
successcode=0&Ref=P2kY5Sc28&PayRef=1210072210&Amt=30.0&Cur=608&prc=0&src=0&Ord=12345678&Holder=Juan Dela Cruz&AuthId=072210&TxTime=2015-02-13 12:25:45.0&errMsg=Transaction completed







2015-02-13T04:26:41Z
RequestParameter:  billNo: P2kY5Sc29 | startTime:2015-02-13 04:26:41

2015-02-13T04:26:41Z
https://test.pesopay.com/b2cDemo/eng/directPay/payComp.jsp?payType=N&merchantId=18062075&pMethod=VISA&lang=E&cardHolder=Juan%20Dela%20Cruz&cardNo=4************005&securityCode=***&epMonth=07&epYear=2015&amount=30&currCode=608&orderRef=P2kY5Sc29&remark=

2015-02-13T04:26:42Z
ResponseParameter:  billNo: P2kY5Sc29 | endTime:2015-02-13 04:26:42

2015-02-13T04:26:42Z
successcode=0&Ref=P2kY5Sc29&PayRef=1210072211&Amt=30.0&Cur=608&prc=0&src=0&Ord=12345678&Holder=Juan Dela Cruz&AuthId=072211&TxTime=2015-02-13 12:27:17.0&errMsg=Transaction completed







2015-02-13T04:27:30Z
RequestParameter:  billNo: P2kY5Sc30 | startTime:2015-02-13 04:27:30

2015-02-13T04:27:30Z
https://test.pesopay.com/b2cDemo/eng/directPay/payComp.jsp?payType=N&merchantId=18062075&pMethod=VISA&lang=E&cardHolder=Juan%20Dela%20Cruz&cardNo=4************005&securityCode=***&epMonth=07&epYear=2015&amount=15&currCode=608&orderRef=P2kY5Sc30&remark=

2015-02-13T04:27:31Z
ResponseParameter:  billNo: P2kY5Sc30 | endTime:2015-02-13 04:27:31

2015-02-13T04:27:31Z
successcode=0&Ref=P2kY5Sc30&PayRef=1210072212&Amt=15.0&Cur=608&prc=0&src=0&Ord=12345678&Holder=Juan Dela Cruz&AuthId=072212&TxTime=2015-02-13 12:28:06.0&errMsg=Transaction completed







2015-02-13T04:36:23Z
RequestParameter:  billNo: P2kY5Sc36 | startTime:2015-02-13 04:36:23

2015-02-13T04:36:23Z
https://test.pesopay.com/b2cDemo/eng/directPay/payComp.jsp?payType=N&merchantId=18062075&pMethod=VISA&lang=E&cardHolder=Juan%20Dela%20Cruz&cardNo=4************005&securityCode=***&epMonth=07&epYear=2015&amount=30&currCode=608&orderRef=P2kY5Sc36&remark=

2015-02-13T04:36:25Z
ResponseParameter:  billNo: P2kY5Sc36 | endTime:2015-02-13 04:36:25

2015-02-13T04:36:25Z
successcode=0&Ref=P2kY5Sc36&PayRef=1210072214&Amt=30.0&Cur=608&prc=0&src=0&Ord=12345678&Holder=Juan Dela Cruz&AuthId=072214&TxTime=2015-02-13 12:37:00.0&errMsg=Transaction completed







