2015-03-09T03:15:46Z
RequestParameter:  billNo: U7NOE1425870943 | startTime:2015-03-09 03:15:46

2015-03-09T03:15:46Z
https://test.pesopay.com/b2cDemo/eng/directPay/payComp.jsp?payType=N&merchantId=18062075&pMethod=Master&lang=E&cardHolder=loloy%20test&cardNo=5************875&securityCode=***&epMonth=07&epYear=2015&amount=20&currCode=840&orderRef=U7NOE1425870943&remark=test

2015-03-09T03:15:47Z
ResponseParameter:  billNo: U7NOE1425870943 | endTime:2015-03-09 03:15:47

2015-03-09T03:15:47Z
successcode=-1&Ref=&PayRef=&Amt=&Cur=&prc=&src=&Ord=&Holder=&AuthId=&TxTime=&errMsg=Parameter currCode incorrect


2015-03-09T03:25:55Z
RequestParameter:  billNo: GdOAJ1425871552 | startTime:2015-03-09 03:25:55

2015-03-09T03:25:55Z
https://test.pesopay.com/b2cDemo/eng/directPay/payComp.jsp?payType=N&merchantId=18062075&pMethod=Master&lang=E&cardHolder=aljen%20test&cardNo=5************875&securityCode=***&epMonth=07&epYear=2015&amount=200&currCode=840&orderRef=GdOAJ1425871552&remark=test

2015-03-09T03:25:57Z
ResponseParameter:  billNo: GdOAJ1425871552 | endTime:2015-03-09 03:25:57

2015-03-09T03:25:57Z
successcode=-1&Ref=&PayRef=&Amt=&Cur=&prc=&src=&Ord=&Holder=&AuthId=&TxTime=&errMsg=Parameter currCode incorrect


2015-03-09T03:42:23Z
RequestParameter:  billNo: Emohv1425872542 | startTime:2015-03-09 03:42:23

2015-03-09T03:42:23Z
https://test.pesopay.com/b2cDemo/eng/directPay/payComp.jsp?payType=N&merchantId=18062075&pMethod=Master&lang=E&cardHolder=juan%20dela%20cruz&cardNo=5************875&securityCode=***&epMonth=07&epYear=2015&amount=200&currCode=840&orderRef=Emohv1425872542&remark=test

2015-03-09T03:42:23Z
ResponseParameter:  billNo: Emohv1425872542 | endTime:2015-03-09 03:42:23

2015-03-09T03:42:23Z
successcode=-1&Ref=&PayRef=&Amt=&Cur=&prc=&src=&Ord=&Holder=&AuthId=&TxTime=&errMsg=Parameter currCode incorrect


2015-03-09T03:43:51Z
RequestParameter:  billNo: vmAZp1425872630 | startTime:2015-03-09 03:43:51

2015-03-09T03:43:51Z
https://test.pesopay.com/b2cDemo/eng/directPay/payComp.jsp?payType=N&merchantId=18062075&pMethod=VISA&lang=E&cardHolder=juan%20dela%20cruz&cardNo=4************005&securityCode=***&epMonth=07&epYear=2015&amount=120&currCode=840&orderRef=vmAZp1425872630&remark=test

2015-03-09T03:43:52Z
ResponseParameter:  billNo: vmAZp1425872630 | endTime:2015-03-09 03:43:52

2015-03-09T03:43:52Z
successcode=-1&Ref=&PayRef=&Amt=&Cur=&prc=&src=&Ord=&Holder=&AuthId=&TxTime=&errMsg=Parameter currCode incorrect


2015-03-09T03:44:47Z
RequestParameter:  billNo: kn4QY1425872686 | startTime:2015-03-09 03:44:47

2015-03-09T03:44:47Z
https://test.pesopay.com/b2cDemo/eng/directPay/payComp.jsp?payType=N&merchantId=18062075&pMethod=Master&lang=E&cardHolder=juan%20dela%20cruz&cardNo=5************875&securityCode=***&epMonth=07&epYear=2015&amount=200&currCode=608&orderRef=kn4QY1425872686&remark=test

2015-03-09T03:44:48Z
ResponseParameter:  billNo: kn4QY1425872686 | endTime:2015-03-09 03:44:48

2015-03-09T03:44:48Z
successcode=1&Ref=kn4QY1425872686&PayRef=1210074708&Amt=200.0&Cur=608&prc=-8&src=2001&Ord=12345678&Holder=juan dela cruz&AuthId=&TxTime=2015-03-09 11:44:51.0&errMsg=Transaction failed







2015-03-09T03:45:22Z
RequestParameter:  billNo: sWzdE1425872721 | startTime:2015-03-09 03:45:22

2015-03-09T03:45:22Z
https://test.pesopay.com/b2cDemo/eng/directPay/payComp.jsp?payType=N&merchantId=18062075&pMethod=VISA&lang=E&cardHolder=juan%20dela%20cruz&cardNo=4************005&securityCode=***&epMonth=07&epYear=2015&amount=200&currCode=608&orderRef=sWzdE1425872721&remark=test

2015-03-09T03:45:23Z
ResponseParameter:  billNo: sWzdE1425872721 | endTime:2015-03-09 03:45:23

2015-03-09T03:45:23Z
successcode=0&Ref=sWzdE1425872721&PayRef=1210074709&Amt=200.0&Cur=608&prc=0&src=0&Ord=12345678&Holder=juan dela cruz&AuthId=074709&TxTime=2015-03-09 11:45:26.0&errMsg=Transaction completed







2015-03-09T05:08:28Z
RequestParameter:  billNo: 1b3gz1425877706 | startTime:2015-03-09 05:08:28

2015-03-09T05:08:28Z
https://test.pesopay.com/b2cDemo/eng/directPay/payComp.jsp?payType=N&merchantId=18062075&pMethod=VISA&lang=E&cardHolder=Juan%20Dela%20Cruz&cardNo=4************005&securityCode=***&epMonth=07&epYear=2015&amount=10&currCode=608&orderRef=1b3gz1425877706&remark=Test

2015-03-09T05:08:29Z
ResponseParameter:  billNo: 1b3gz1425877706 | endTime:2015-03-09 05:08:29

2015-03-09T05:08:29Z
successcode=0&Ref=1b3gz1425877706&PayRef=1210074711&Amt=10.0&Cur=608&prc=0&src=0&Ord=12345678&Holder=Juan Dela Cruz&AuthId=074711&TxTime=2015-03-09 13:08:32.0&errMsg=Transaction completed







2015-03-09T05:16:04Z
RequestParameter:  billNo: BEPt01425878161 | startTime:2015-03-09 05:16:04

2015-03-09T05:16:04Z
https://test.pesopay.com/b2cDemo/eng/directPay/payComp.jsp?payType=N&merchantId=18062075&pMethod=VISA&lang=E&cardHolder=Juan%20Dela%20Cruz&cardNo=4************005&securityCode=***&epMonth=07&epYear=2015&amount=10&currCode=608&orderRef=BEPt01425878161&remark=Test

2015-03-09T05:16:05Z
ResponseParameter:  billNo: BEPt01425878161 | endTime:2015-03-09 05:16:05

2015-03-09T05:16:05Z
successcode=0&Ref=BEPt01425878161&PayRef=1210074712&Amt=10.0&Cur=608&prc=0&src=0&Ord=12345678&Holder=Juan Dela Cruz&AuthId=074712&TxTime=2015-03-09 13:16:08.0&errMsg=Transaction completed







2015-03-09T10:37:22Z
RequestParameter:  billNo: 24kqL1425897440 | startTime:2015-03-09 10:37:22

2015-03-09T10:37:22Z
https://test.pesopay.com/b2cDemo/eng/directPay/payComp.jsp?payType=N&merchantId=18062075&pMethod=VISA&lang=E&cardHolder=Juan%20Dela%20Cruz&cardNo=4************005&securityCode=***&epMonth=07&epYear=2015&amount=10&currCode=608&orderRef=24kqL1425897440&remark=Test

2015-03-09T10:37:25Z
ResponseParameter:  billNo: 24kqL1425897440 | endTime:2015-03-09 10:37:25

2015-03-09T10:37:25Z
successcode=0&Ref=24kqL1425897440&PayRef=1210074795&Amt=10.0&Cur=608&prc=0&src=0&Ord=12345678&Holder=Juan Dela Cruz&AuthId=074795&TxTime=2015-03-09 18:37:27.0&errMsg=Transaction completed







2015-03-09T10:38:51Z
RequestParameter:  billNo: EdUP31425897530 | startTime:2015-03-09 10:38:51

2015-03-09T10:38:51Z
https://test.pesopay.com/b2cDemo/eng/directPay/payComp.jsp?payType=N&merchantId=18062075&pMethod=VISA&lang=E&cardHolder=Juan%20Dela%20Cruz&cardNo=4************005&securityCode=***&epMonth=07&epYear=2015&amount=10&currCode=608&orderRef=EdUP31425897530&remark=Test

2015-03-09T10:38:53Z
ResponseParameter:  billNo: EdUP31425897530 | endTime:2015-03-09 10:38:53

2015-03-09T10:38:53Z
successcode=0&Ref=EdUP31425897530&PayRef=1210074796&Amt=10.0&Cur=608&prc=0&src=0&Ord=12345678&Holder=Juan Dela Cruz&AuthId=074796&TxTime=2015-03-09 18:38:56.0&errMsg=Transaction completed







2015-03-09T13:57:04Z
RequestParameter:  billNo: 101198_54fda69959762 | startTime:2015-03-09 13:57:04

2015-03-09T13:57:04Z
https://test.pesopay.com/b2cDemo/eng/directPay/payComp.jsp?payType=N&merchantId=18062075&pMethod=VISA&lang=E&cardHolder=Juan%20Dela+Cruz&cardNo=4************005&securityCode=***&epMonth=07&epYear=2015&amount=10&currCode=608&orderRef=101198_54fda69959762&remark=

2015-03-09T13:57:06Z
ResponseParameter:  billNo: 101198_54fda69959762 | endTime:2015-03-09 13:57:06

2015-03-09T13:57:06Z
successcode=0&Ref=101198_54fda69959762&PayRef=1210074801&Amt=10.0&Cur=608&prc=0&src=0&Ord=12345678&Holder=Juan Dela Cruz&AuthId=074801&TxTime=2015-03-09 21:57:08.0&errMsg=Transaction completed







2015-03-09T14:59:43Z
RequestParameter:  billNo: 101198_54fdb554a56fd | startTime:2015-03-09 14:59:43

2015-03-09T14:59:43Z
https://test.pesopay.com/b2cDemo/eng/directPay/payComp.jsp?payType=N&merchantId=18062075&pMethod=VISA&lang=E&cardHolder=Juan%20Dela+Cruz&cardNo=4************005&securityCode=***&epMonth=07&epYear=2015&amount=11&currCode=608&orderRef=101198_54fdb554a56fd&remark=

2015-03-09T14:59:45Z
ResponseParameter:  billNo: 101198_54fdb554a56fd | endTime:2015-03-09 14:59:45

2015-03-09T14:59:45Z
successcode=0&Ref=101198_54fdb554a56fd&PayRef=1210074802&Amt=11.0&Cur=608&prc=0&src=0&Ord=12345678&Holder=Juan Dela Cruz&AuthId=074802&TxTime=2015-03-09 22:59:48.0&errMsg=Transaction completed







