2015-04-09T02:54:14Z
RequestParameter:  billNo: kY3Zd1428548052 | startTime:2015-04-09 02:54:14

2015-04-09T02:54:14Z
SimpleXMLElement Object
(
    [securityCode] => 2003052020272027
    [apiUserId] => 2
    [url] => loopback
    [categ0ry] => SimpleXMLElement Object
        (
        )

    [API_username] => 100-01-ADM-DRivera
    [API_password] => password
    [agt] => 0
    [billNo] => kY3Zd1428548052
    [referenceId] => kY3Zd1428548052
    [dateTime] => 20150409105412
    [cardHolderIp] => 114.108.239.103
    [cardNum] => 4918914107195005
    [cvv2] => 123
    [month] => 07
    [year] => 19
    [firstName] => JUAN
    [lastName] => DELA CRUZ
    [gender] => M
    [email] => JUANDC@EXAMPLE.COM
    [birthDate] => 20070418
    [phone] => 9999999
    [zipCode] => 88876
    [address] => makati
    [city] => makti
    [state] => makati
    [country] => AO
    [amount] => 10
    [language] => Array
        (
            [0] => eng
            [1] => eng
        )

    [remark] => This is a test pls ignore
    [currency] => USD
    [productItem] => Sku333
    [productType] => TV
    [productDesc] => THis is a test pls ignore
    [productQty] => 2
    [productPrice] => 5
    [shipFirstName] => SimpleXMLElement Object
        (
        )

    [shipLastName] => SimpleXMLElement Object
        (
        )

    [shipPhoneNumber] => SimpleXMLElement Object
        (
        )

    [shipZipCode] => SimpleXMLElement Object
        (
        )

    [shipAddress] => SimpleXMLElement Object
        (
        )

    [shipCity] => SimpleXMLElement Object
        (
        )

    [shipState] => SimpleXMLElement Object
        (
        )

    [shipCountry] => SimpleXMLElement Object
        (
        )

    [shipmentType] => SimpleXMLElement Object
        (
        )

    [shipEmail] => SimpleXMLElement Object
        (
        )

    [loginName] => 100-01-ADM-DRivera
    [type] => 2
)


2015-04-09T02:54:14Z
ResponseParameter:  billNo: kY3Zd1428548052 | endTime:2015-04-09 02:54:14

2015-04-09T02:54:14Z
successcode=-1&Ref=kY3Zd1428548052&PayRef=150409100414&Amt=10&Cur=840&prc=&src=&Ord=150409100414&Holder=&AuthId=0414&TxTime=15-04-09 10:04:14&errMsg=Error: invalid expiry year

2015-04-09T03:12:16Z
RequestParameter:  billNo: 8JaFw1428549134 | startTime:2015-04-09 03:12:16

2015-04-09T03:12:16Z
SimpleXMLElement Object
(
    [securityCode] => 2003052020272027
    [apiUserId] => 2
    [url] => loopback
    [categ0ry] => SimpleXMLElement Object
        (
        )

    [API_username] => 100-01-ADM-DRivera
    [API_password] => password
    [agt] => 0
    [billNo] => 8JaFw1428549134
    [referenceId] => 8JaFw1428549134
    [dateTime] => 20150409111214
    [cardHolderIp] => 114.108.239.103
    [cardNum] => 4918914107195005
    [cvv2] => 123
    [month] => 07
    [year] => 19
    [firstName] => JUAN
    [lastName] => DELA CRUZ
    [gender] => M
    [email] => JUANDC@EXAMPLE.COM
    [birthDate] => 20070418
    [phone] => 9999999
    [zipCode] => 88876
    [address] => makati
    [city] => makti
    [state] => makati
    [country] => AO
    [amount] => 10
    [language] => Array
        (
            [0] => eng
            [1] => eng
        )

    [remark] => This is a test pls ignore
    [currency] => USD
    [productItem] => Sku333
    [productType] => TV
    [productDesc] => THis is a test pls ignore
    [productQty] => 2
    [productPrice] => 5
    [shipFirstName] => SimpleXMLElement Object
        (
        )

    [shipLastName] => SimpleXMLElement Object
        (
        )

    [shipPhoneNumber] => SimpleXMLElement Object
        (
        )

    [shipZipCode] => SimpleXMLElement Object
        (
        )

    [shipAddress] => SimpleXMLElement Object
        (
        )

    [shipCity] => SimpleXMLElement Object
        (
        )

    [shipState] => SimpleXMLElement Object
        (
        )

    [shipCountry] => SimpleXMLElement Object
        (
        )

    [shipmentType] => SimpleXMLElement Object
        (
        )

    [shipEmail] => SimpleXMLElement Object
        (
        )

    [loginName] => 100-01-ADM-DRivera
    [type] => 2
)


2015-04-09T03:12:16Z
ResponseParameter:  billNo: 8JaFw1428549134 | endTime:2015-04-09 03:12:16

2015-04-09T03:12:16Z
successcode=-1&Ref=8JaFw1428549134&PayRef=150409110416&Amt=10&Cur=840&prc=&src=&Ord=150409110416&Holder=&AuthId=0416&TxTime=15-04-09 11:04:16&errMsg=Error: invalid expiry year

2015-04-09T03:29:19Z
RequestParameter:  billNo: gesUw1428550157 | startTime:2015-04-09 03:29:19

2015-04-09T03:29:19Z
SimpleXMLElement Object
(
    [securityCode] => 2003052020272027
    [apiUserId] => 2
    [url] => loopback
    [categ0ry] => SimpleXMLElement Object
        (
        )

    [API_username] => 100-01-ADM-DRivera
    [API_password] => password
    [agt] => 0
    [billNo] => gesUw1428550157
    [referenceId] => gesUw1428550157
    [dateTime] => 20150409112917
    [cardHolderIp] => 114.108.239.103
    [cardNum] => 4918914107195005
    [cvv2] => 123
    [month] => 07
    [year] => 19
    [firstName] => JUAN
    [lastName] => DELA CRUZ
    [gender] => M
    [email] => JUANDC@EXAMPLE.COM
    [birthDate] => 20070418
    [phone] => 9999999
    [zipCode] => 88876
    [address] => makati
    [city] => makti
    [state] => makati
    [country] => AO
    [amount] => 10
    [language] => Array
        (
            [0] => eng
            [1] => eng
        )

    [remark] => This is a test pls ignore
    [currency] => USD
    [productItem] => Sku333
    [productType] => TV
    [productDesc] => THis is a test pls ignore
    [productQty] => 2
    [productPrice] => 5
    [shipFirstName] => SimpleXMLElement Object
        (
        )

    [shipLastName] => SimpleXMLElement Object
        (
        )

    [shipPhoneNumber] => SimpleXMLElement Object
        (
        )

    [shipZipCode] => SimpleXMLElement Object
        (
        )

    [shipAddress] => SimpleXMLElement Object
        (
        )

    [shipCity] => SimpleXMLElement Object
        (
        )

    [shipState] => SimpleXMLElement Object
        (
        )

    [shipCountry] => SimpleXMLElement Object
        (
        )

    [shipmentType] => SimpleXMLElement Object
        (
        )

    [shipEmail] => SimpleXMLElement Object
        (
        )

    [loginName] => 100-01-ADM-DRivera
    [type] => 2
)


2015-04-09T03:29:19Z
ResponseParameter:  billNo: gesUw1428550157 | endTime:2015-04-09 03:29:19

2015-04-09T03:29:19Z
successcode=-1&Ref=gesUw1428550157&PayRef=150409110419&Amt=10&Cur=840&prc=&src=&Ord=150409110419&Holder=&AuthId=0419&TxTime=15-04-09 11:04:19&errMsg=Error: invalid expiry year

2015-04-09T03:30:26Z
RequestParameter:  billNo: yvzeW1428550224 | startTime:2015-04-09 03:30:26

2015-04-09T03:30:26Z
SimpleXMLElement Object
(
    [securityCode] => 2003052020272027
    [apiUserId] => 2
    [url] => loopback
    [categ0ry] => SimpleXMLElement Object
        (
        )

    [API_username] => 100-01-ADM-DRivera
    [API_password] => password
    [agt] => 0
    [billNo] => yvzeW1428550224
    [referenceId] => yvzeW1428550224
    [dateTime] => 20150409113024
    [cardHolderIp] => 114.108.239.103
    [cardNum] => 4918914107195005
    [cvv2] => 123
    [month] => 07
    [year] => 17
    [firstName] => JUAN
    [lastName] => DELA CRUZ
    [gender] => M
    [email] => JUANDC@EXAMPLE.COM
    [birthDate] => 20070418
    [phone] => 9999999
    [zipCode] => 88876
    [address] => makati
    [city] => makti
    [state] => makati
    [country] => AO
    [amount] => 10
    [language] => Array
        (
            [0] => eng
            [1] => eng
        )

    [remark] => This is a test pls ignore
    [currency] => USD
    [productItem] => Sku333
    [productType] => TV
    [productDesc] => THis is a test pls ignore
    [productQty] => 2
    [productPrice] => 5
    [shipFirstName] => SimpleXMLElement Object
        (
        )

    [shipLastName] => SimpleXMLElement Object
        (
        )

    [shipPhoneNumber] => SimpleXMLElement Object
        (
        )

    [shipZipCode] => SimpleXMLElement Object
        (
        )

    [shipAddress] => SimpleXMLElement Object
        (
        )

    [shipCity] => SimpleXMLElement Object
        (
        )

    [shipState] => SimpleXMLElement Object
        (
        )

    [shipCountry] => SimpleXMLElement Object
        (
        )

    [shipmentType] => SimpleXMLElement Object
        (
        )

    [shipEmail] => SimpleXMLElement Object
        (
        )

    [loginName] => 100-01-ADM-DRivera
    [type] => 2
)


2015-04-09T03:30:26Z
ResponseParameter:  billNo: yvzeW1428550224 | endTime:2015-04-09 03:30:26

2015-04-09T03:30:26Z
successcode=0&Ref=yvzeW1428550224&PayRef=150409110426&Amt=10&Cur=840&prc=0&src=0&Ord=150409110426&Holder=&AuthId=0426&TxTime=15-04-09 11:04:26&errMsg=Transaction Completed.

2015-04-09T03:31:36Z
RequestParameter:  billNo: H8pRP1428550294 | startTime:2015-04-09 03:31:36

2015-04-09T03:31:36Z
SimpleXMLElement Object
(
    [securityCode] => 2003052020272027
    [apiUserId] => 2
    [url] => loopback
    [categ0ry] => SimpleXMLElement Object
        (
        )

    [API_username] => 100-01-ADM-DRivera
    [API_password] => password
    [agt] => 0
    [billNo] => H8pRP1428550294
    [referenceId] => H8pRP1428550294
    [dateTime] => 20150409113134
    [cardHolderIp] => 114.108.239.103
    [cardNum] => 4918914107195005
    [cvv2] => 123
    [month] => 07
    [year] => 17
    [firstName] => JUAN
    [lastName] => DELA CRUZ
    [gender] => M
    [email] => JUANDC@EXAMPLE.COM
    [birthDate] => 20110406
    [phone] => 112222122
    [zipCode] => 2222
    [address] => makati
    [city] => makati
    [state] => makati
    [country] => AZ
    [amount] => 10
    [language] => Array
        (
            [0] => eng
            [1] => eng
        )

    [remark] => this is a test pls ognore
    [currency] => USD
    [productItem] => Sku333
    [productType] => TV
    [productDesc] => THis is a test pls ignore
    [productQty] => 2
    [productPrice] => 5
    [shipFirstName] => SimpleXMLElement Object
        (
        )

    [shipLastName] => SimpleXMLElement Object
        (
        )

    [shipPhoneNumber] => SimpleXMLElement Object
        (
        )

    [shipZipCode] => SimpleXMLElement Object
        (
        )

    [shipAddress] => SimpleXMLElement Object
        (
        )

    [shipCity] => SimpleXMLElement Object
        (
        )

    [shipState] => SimpleXMLElement Object
        (
        )

    [shipCountry] => SimpleXMLElement Object
        (
        )

    [shipmentType] => SimpleXMLElement Object
        (
        )

    [shipEmail] => SimpleXMLElement Object
        (
        )

    [loginName] => 100-01-ADM-DRivera
    [type] => 2
)


2015-04-09T03:31:36Z
ResponseParameter:  billNo: H8pRP1428550294 | endTime:2015-04-09 03:31:36

2015-04-09T03:31:36Z
successcode=0&Ref=H8pRP1428550294&PayRef=150409110436&Amt=10&Cur=840&prc=0&src=0&Ord=150409110436&Holder=&AuthId=0436&TxTime=15-04-09 11:04:36&errMsg=Transaction Completed.

2015-04-09T06:01:35Z
RequestParameter:  billNo: ITZMl1428559294 | startTime:2015-04-09 06:01:35

2015-04-09T06:01:35Z
SimpleXMLElement Object
(
    [securityCode] => 2003052020272027
    [apiUserId] => 2
    [url] => loopback
    [categ0ry] => SimpleXMLElement Object
        (
        )

    [API_username] => 100-01-ADM-DRivera
    [API_password] => password
    [agt] => 0
    [billNo] => ITZMl1428559294
    [referenceId] => ITZMl1428559294
    [dateTime] => 20150409140134
    [cardHolderIp] => 114.108.239.103
    [cardNum] => 4918914107195005
    [cvv2] => 123
    [month] => 07
    [year] => 17
    [firstName] => Juan
    [lastName] => Dela Cruz
    [gender] => M
    [email] => JUANDC@EXAMPLE.COM
    [birthDate] => 19840101
    [phone] => 5498564
    [zipCode] => 1204
    [address] => Zapote Street
    [city] => Makati
    [state] => NA
    [country] => PH
    [amount] => 10
    [language] => Array
        (
            [0] => eng
            [1] => eng
        )

    [remark] => TEST PAYMENT
    [currency] => USD
    [productItem] => BINARY
    [productType] => BINARY-TRADE
    [productDesc] => BINARY-TRADE-TEST
    [productQty] => 1
    [productPrice] => 10
    [shipFirstName] => SimpleXMLElement Object
        (
        )

    [shipLastName] => SimpleXMLElement Object
        (
        )

    [shipPhoneNumber] => SimpleXMLElement Object
        (
        )

    [shipZipCode] => SimpleXMLElement Object
        (
        )

    [shipAddress] => SimpleXMLElement Object
        (
        )

    [shipCity] => SimpleXMLElement Object
        (
        )

    [shipState] => SimpleXMLElement Object
        (
        )

    [shipCountry] => SimpleXMLElement Object
        (
        )

    [shipmentType] => SimpleXMLElement Object
        (
        )

    [shipEmail] => SimpleXMLElement Object
        (
        )

    [loginName] => 100-01-ADM-DRivera
    [type] => 2
)


2015-04-09T06:01:35Z
ResponseParameter:  billNo: ITZMl1428559294 | endTime:2015-04-09 06:01:35

2015-04-09T06:01:35Z
successcode=0&Ref=ITZMl1428559294&PayRef=150409140435&Amt=10&Cur=840&prc=0&src=0&Ord=150409140435&Holder=&AuthId=0435&TxTime=15-04-09 14:04:35&errMsg=Transaction Completed.

2015-04-09T06:05:34Z
RequestParameter:  billNo: cknqg1428559533 | startTime:2015-04-09 06:05:34

2015-04-09T06:05:34Z
SimpleXMLElement Object
(
    [securityCode] => 2003052020272027
    [apiUserId] => 2
    [url] => loopback
    [categ0ry] => SimpleXMLElement Object
        (
        )

    [API_username] => 100-01-ADM-DRivera
    [API_password] => password
    [agt] => 0
    [billNo] => cknqg1428559533
    [referenceId] => cknqg1428559533
    [dateTime] => 20150409140533
    [cardHolderIp] => 114.108.239.103
    [cardNum] => 4918914107195005
    [cvv2] => 123
    [month] => 07
    [year] => 17
    [firstName] => Juan
    [lastName] => Dela Cruz
    [gender] => M
    [email] => JUANDC@EXAMPLE.COM
    [birthDate] => 19840101
    [phone] => 5498564
    [zipCode] => 1604
    [address] => Zapote Street
    [city] => Makati
    [state] => NA
    [country] => PH
    [amount] => 10
    [language] => Array
        (
            [0] => eng
            [1] => eng
        )

    [remark] => TEST PAYMENT
    [currency] => USD
    [productItem] => BINARY
    [productType] => BINARY-TRADE
    [productDesc] => BINARY-TRADE-TEST
    [productQty] => 1
    [productPrice] => 10
    [shipFirstName] => SimpleXMLElement Object
        (
        )

    [shipLastName] => SimpleXMLElement Object
        (
        )

    [shipPhoneNumber] => SimpleXMLElement Object
        (
        )

    [shipZipCode] => SimpleXMLElement Object
        (
        )

    [shipAddress] => SimpleXMLElement Object
        (
        )

    [shipCity] => SimpleXMLElement Object
        (
        )

    [shipState] => SimpleXMLElement Object
        (
        )

    [shipCountry] => SimpleXMLElement Object
        (
        )

    [shipmentType] => SimpleXMLElement Object
        (
        )

    [shipEmail] => SimpleXMLElement Object
        (
        )

    [loginName] => 100-01-ADM-DRivera
    [type] => 2
)


2015-04-09T06:05:34Z
ResponseParameter:  billNo: cknqg1428559533 | endTime:2015-04-09 06:05:34

2015-04-09T06:05:34Z
successcode=0&Ref=cknqg1428559533&PayRef=150409140434&Amt=10&Cur=840&prc=0&src=0&Ord=150409140434&Holder=&AuthId=0434&TxTime=15-04-09 14:04:34&errMsg=Transaction Completed.

2015-04-09T06:07:17Z
RequestParameter:  billNo: Zx4WD1428559635 | startTime:2015-04-09 06:07:17

2015-04-09T06:07:17Z
SimpleXMLElement Object
(
    [securityCode] => 2003052020272027
    [apiUserId] => 2
    [url] => loopback
    [categ0ry] => SimpleXMLElement Object
        (
        )

    [API_username] => 100-01-ADM-DRivera
    [API_password] => password
    [agt] => 0
    [billNo] => Zx4WD1428559635
    [referenceId] => Zx4WD1428559635
    [dateTime] => 20150409140715
    [cardHolderIp] => 114.108.239.103
    [cardNum] => 4918914107195005
    [cvv2] => 123
    [month] => 07
    [year] => 15
    [firstName] => Juan
    [lastName] => Dela Cruz
    [gender] => M
    [email] => JUANDC@EXAMPLE.COM
    [birthDate] => 19840101
    [phone] => 5498564
    [zipCode] => 1604
    [address] => Zapote Street
    [city] => Makati
    [state] => NA
    [country] => PH
    [amount] => 10
    [language] => Array
        (
            [0] => eng
            [1] => eng
        )

    [remark] => TEST PAYMENT
    [currency] => USD
    [productItem] => BINARY
    [productType] => BINARY-TRADE
    [productDesc] => BINARY-TRADE-TEST
    [productQty] => 1
    [productPrice] => 10
    [shipFirstName] => SimpleXMLElement Object
        (
        )

    [shipLastName] => SimpleXMLElement Object
        (
        )

    [shipPhoneNumber] => SimpleXMLElement Object
        (
        )

    [shipZipCode] => SimpleXMLElement Object
        (
        )

    [shipAddress] => SimpleXMLElement Object
        (
        )

    [shipCity] => SimpleXMLElement Object
        (
        )

    [shipState] => SimpleXMLElement Object
        (
        )

    [shipCountry] => SimpleXMLElement Object
        (
        )

    [shipmentType] => SimpleXMLElement Object
        (
        )

    [shipEmail] => SimpleXMLElement Object
        (
        )

    [loginName] => 100-01-ADM-DRivera
    [type] => 2
)


2015-04-09T06:07:17Z
ResponseParameter:  billNo: Zx4WD1428559635 | endTime:2015-04-09 06:07:17

2015-04-09T06:07:17Z
successcode=-1&Ref=Zx4WD1428559635&PayRef=150409140417&Amt=10&Cur=840&prc=&src=&Ord=150409140417&Holder=&AuthId=0417&TxTime=15-04-09 14:04:17&errMsg=Error: invalid expiry year

2015-04-09T06:17:31Z
RequestParameter:  billNo: M3FRm1428560250 | startTime:2015-04-09 06:17:31

2015-04-09T06:17:31Z
SimpleXMLElement Object
(
    [securityCode] => 2003052020272027
    [apiUserId] => 2
    [url] => loopback
    [categ0ry] => SimpleXMLElement Object
        (
        )

    [API_username] => 100-01-ADM-DRivera
    [API_password] => password
    [agt] => 0
    [billNo] => M3FRm1428560250
    [referenceId] => M3FRm1428560250
    [dateTime] => 20150409141730
    [cardHolderIp] => 114.108.239.103
    [cardNum] => 4918914107195005
    [cvv2] => 123
    [month] => 07
    [year] => 15
    [firstName] => Juan
    [lastName] => Dela Cruz
    [gender] => M
    [email] => JUANDC@EXAMPLE.COM
    [birthDate] => 19840101
    [phone] => 5498564
    [zipCode] => 1604
    [address] => Zapote Street
    [city] => Makati
    [state] => NA
    [country] => PH
    [amount] => 10
    [language] => Array
        (
            [0] => eng
            [1] => eng
        )

    [remark] => TEST PAYMENT
    [currency] => USD
    [productItem] => BINARY
    [productType] => BINARY-TRADE
    [productDesc] => BINARY-TRADE-TEST
    [productQty] => 1
    [productPrice] => 10
    [shipFirstName] => SimpleXMLElement Object
        (
        )

    [shipLastName] => SimpleXMLElement Object
        (
        )

    [shipPhoneNumber] => SimpleXMLElement Object
        (
        )

    [shipZipCode] => SimpleXMLElement Object
        (
        )

    [shipAddress] => SimpleXMLElement Object
        (
        )

    [shipCity] => SimpleXMLElement Object
        (
        )

    [shipState] => SimpleXMLElement Object
        (
        )

    [shipCountry] => SimpleXMLElement Object
        (
        )

    [shipmentType] => SimpleXMLElement Object
        (
        )

    [shipEmail] => SimpleXMLElement Object
        (
        )

    [loginName] => 100-01-ADM-DRivera
    [type] => 2
)


2015-04-09T06:17:31Z
ResponseParameter:  billNo: M3FRm1428560250 | endTime:2015-04-09 06:17:31

2015-04-09T06:17:31Z
successcode=-1&Ref=M3FRm1428560250&PayRef=150409140431&Amt=10&Cur=840&prc=&src=&Ord=150409140431&Holder=&AuthId=0431&TxTime=15-04-09 14:04:31&errMsg=Error: invalid expiry year

2015-04-09T06:19:15Z
RequestParameter:  billNo: Be3VX1428560354 | startTime:2015-04-09 06:19:15

2015-04-09T06:19:15Z
SimpleXMLElement Object
(
    [securityCode] => 2003052020272027
    [apiUserId] => 2
    [url] => loopback
    [categ0ry] => SimpleXMLElement Object
        (
        )

    [API_username] => 100-01-ADM-DRivera
    [API_password] => password
    [agt] => 0
    [billNo] => Be3VX1428560354
    [referenceId] => Be3VX1428560354
    [dateTime] => 20150409141914
    [cardHolderIp] => 114.108.239.103
    [cardNum] => 4918914107195005
    [cvv2] => 123
    [month] => 07
    [year] => 17
    [firstName] => Juan
    [lastName] => Dela Cruz
    [gender] => M
    [email] => JUANDC@EXAMPLE.COM
    [birthDate] => 19840101
    [phone] => 5498564
    [zipCode] => 1604
    [address] => Zapote Street
    [city] => Makati
    [state] => NA
    [country] => PH
    [amount] => 10
    [language] => Array
        (
            [0] => eng
            [1] => eng
        )

    [remark] => TEST PAYMENT
    [currency] => USD
    [productItem] => BINARY
    [productType] => BINARY-TRADE
    [productDesc] => BINARY-TRADE-TEST
    [productQty] => 1
    [productPrice] => 10
    [shipFirstName] => SimpleXMLElement Object
        (
        )

    [shipLastName] => SimpleXMLElement Object
        (
        )

    [shipPhoneNumber] => SimpleXMLElement Object
        (
        )

    [shipZipCode] => SimpleXMLElement Object
        (
        )

    [shipAddress] => SimpleXMLElement Object
        (
        )

    [shipCity] => SimpleXMLElement Object
        (
        )

    [shipState] => SimpleXMLElement Object
        (
        )

    [shipCountry] => SimpleXMLElement Object
        (
        )

    [shipmentType] => SimpleXMLElement Object
        (
        )

    [shipEmail] => SimpleXMLElement Object
        (
        )

    [loginName] => 100-01-ADM-DRivera
    [type] => 2
)


2015-04-09T06:19:15Z
ResponseParameter:  billNo: Be3VX1428560354 | endTime:2015-04-09 06:19:15

2015-04-09T06:19:15Z
successcode=0&Ref=Be3VX1428560354&PayRef=150409140415&Amt=10&Cur=840&prc=0&src=0&Ord=150409140415&Holder=&AuthId=0415&TxTime=15-04-09 14:04:15&errMsg=Transaction Completed.

2015-04-09T06:19:17Z
RequestParameter:  billNo: tYdMC1428560355 | startTime:2015-04-09 06:19:17

2015-04-09T06:19:17Z
SimpleXMLElement Object
(
    [securityCode] => 2003052020272027
    [apiUserId] => 2
    [url] => loopback
    [categ0ry] => SimpleXMLElement Object
        (
        )

    [API_username] => 100-01-ADM-DRivera
    [API_password] => password
    [agt] => 0
    [billNo] => tYdMC1428560355
    [referenceId] => tYdMC1428560355
    [dateTime] => 20150409141915
    [cardHolderIp] => 114.108.239.103
    [cardNum] => 4918914107195005
    [cvv2] => 123
    [month] => 07
    [year] => 15
    [firstName] => Juan
    [lastName] => Dela Cruz
    [gender] => M
    [email] => JUANDC@EXAMPLE.COM
    [birthDate] => 19840101
    [phone] => 5498564
    [zipCode] => 1604
    [address] => Zapote Street
    [city] => Makati
    [state] => NA
    [country] => PH
    [amount] => 10
    [language] => Array
        (
            [0] => eng
            [1] => eng
        )

    [remark] => TEST PAYMENT
    [currency] => USD
    [productItem] => BINARY
    [productType] => BINARY-TRADE
    [productDesc] => BINARY-TRADE-TEST
    [productQty] => 1
    [productPrice] => 10
    [shipFirstName] => SimpleXMLElement Object
        (
        )

    [shipLastName] => SimpleXMLElement Object
        (
        )

    [shipPhoneNumber] => SimpleXMLElement Object
        (
        )

    [shipZipCode] => SimpleXMLElement Object
        (
        )

    [shipAddress] => SimpleXMLElement Object
        (
        )

    [shipCity] => SimpleXMLElement Object
        (
        )

    [shipState] => SimpleXMLElement Object
        (
        )

    [shipCountry] => SimpleXMLElement Object
        (
        )

    [shipmentType] => SimpleXMLElement Object
        (
        )

    [shipEmail] => SimpleXMLElement Object
        (
        )

    [loginName] => 100-01-ADM-DRivera
    [type] => 2
)


2015-04-09T06:19:17Z
ResponseParameter:  billNo: tYdMC1428560355 | endTime:2015-04-09 06:19:17

2015-04-09T06:19:17Z
successcode=-1&Ref=tYdMC1428560355&PayRef=150409140417&Amt=10&Cur=840&prc=&src=&Ord=150409140417&Holder=&AuthId=0417&TxTime=15-04-09 14:04:17&errMsg=Error: invalid expiry year

2015-04-09T06:19:24Z
RequestParameter:  billNo: D6Jl91428560363 | startTime:2015-04-09 06:19:24

2015-04-09T06:19:24Z
SimpleXMLElement Object
(
    [securityCode] => 2003052020272027
    [apiUserId] => 2
    [url] => loopback
    [categ0ry] => SimpleXMLElement Object
        (
        )

    [API_username] => 100-01-ADM-DRivera
    [API_password] => password
    [agt] => 0
    [billNo] => D6Jl91428560363
    [referenceId] => D6Jl91428560363
    [dateTime] => 20150409141923
    [cardHolderIp] => 114.108.239.103
    [cardNum] => 4918914107195005
    [cvv2] => 123
    [month] => 07
    [year] => 15
    [firstName] => Juan
    [lastName] => Dela Cruz
    [gender] => M
    [email] => JUANDC@EXAMPLE.COM
    [birthDate] => 19840101
    [phone] => 5498564
    [zipCode] => 1604
    [address] => Zapote Street
    [city] => Makati
    [state] => NA
    [country] => PH
    [amount] => 10
    [language] => Array
        (
            [0] => eng
            [1] => eng
        )

    [remark] => TEST PAYMENT
    [currency] => USD
    [productItem] => BINARY
    [productType] => BINARY-TRADE
    [productDesc] => BINARY-TRADE-TEST
    [productQty] => 1
    [productPrice] => 10
    [shipFirstName] => SimpleXMLElement Object
        (
        )

    [shipLastName] => SimpleXMLElement Object
        (
        )

    [shipPhoneNumber] => SimpleXMLElement Object
        (
        )

    [shipZipCode] => SimpleXMLElement Object
        (
        )

    [shipAddress] => SimpleXMLElement Object
        (
        )

    [shipCity] => SimpleXMLElement Object
        (
        )

    [shipState] => SimpleXMLElement Object
        (
        )

    [shipCountry] => SimpleXMLElement Object
        (
        )

    [shipmentType] => SimpleXMLElement Object
        (
        )

    [shipEmail] => SimpleXMLElement Object
        (
        )

    [loginName] => 100-01-ADM-DRivera
    [type] => 2
)


2015-04-09T06:19:24Z
ResponseParameter:  billNo: D6Jl91428560363 | endTime:2015-04-09 06:19:24

2015-04-09T06:19:24Z
successcode=-1&Ref=D6Jl91428560363&PayRef=150409140424&Amt=10&Cur=840&prc=&src=&Ord=150409140424&Holder=&AuthId=0424&TxTime=15-04-09 14:04:24&errMsg=Error: invalid expiry year

2015-04-09T06:29:31Z
RequestParameter:  billNo: I1DPZ1428560970 | startTime:2015-04-09 06:29:31

2015-04-09T06:29:31Z
SimpleXMLElement Object
(
    [securityCode] => 2003052020272027
    [apiUserId] => 2
    [url] => loopback
    [categ0ry] => SimpleXMLElement Object
        (
        )

    [API_username] => 100-01-ADM-DRivera
    [API_password] => password
    [agt] => 0
    [billNo] => I1DPZ1428560970
    [referenceId] => I1DPZ1428560970
    [dateTime] => 20150409142930
    [cardHolderIp] => 114.108.239.103
    [cardNum] => 4918914107195005
    [cvv2] => 123
    [month] => 07
    [year] => 15
    [firstName] => Juan
    [lastName] => Dela Cruz
    [gender] => M
    [email] => JUANDC@EXAMPLE.COM
    [birthDate] => 19840101
    [phone] => 5498564
    [zipCode] => 1604
    [address] => Zapote Street
    [city] => Makati
    [state] => NA
    [country] => PH
    [amount] => 10
    [language] => Array
        (
            [0] => eng
            [1] => eng
        )

    [remark] => TEST PAYMENT
    [currency] => USD
    [productItem] => BINARY
    [productType] => BINARY-TRADE
    [productDesc] => BINARY-TRADE-TEST
    [productQty] => 1
    [productPrice] => 10
    [shipFirstName] => SimpleXMLElement Object
        (
        )

    [shipLastName] => SimpleXMLElement Object
        (
        )

    [shipPhoneNumber] => SimpleXMLElement Object
        (
        )

    [shipZipCode] => SimpleXMLElement Object
        (
        )

    [shipAddress] => SimpleXMLElement Object
        (
        )

    [shipCity] => SimpleXMLElement Object
        (
        )

    [shipState] => SimpleXMLElement Object
        (
        )

    [shipCountry] => SimpleXMLElement Object
        (
        )

    [shipmentType] => SimpleXMLElement Object
        (
        )

    [shipEmail] => SimpleXMLElement Object
        (
        )

    [loginName] => 100-01-ADM-DRivera
    [type] => 2
)


2015-04-09T06:29:31Z
ResponseParameter:  billNo: I1DPZ1428560970 | endTime:2015-04-09 06:29:31

2015-04-09T06:29:31Z
successcode=-1&Ref=I1DPZ1428560970&PayRef=150409140431&Amt=10&Cur=840&prc=&src=&Ord=150409140431&Holder=&AuthId=0431&TxTime=15-04-09 14:04:31&errMsg=Error: invalid expiry year

2015-04-09T06:30:49Z
RequestParameter:  billNo: 1sD0x1428561048 | startTime:2015-04-09 06:30:49

2015-04-09T06:30:49Z
SimpleXMLElement Object
(
    [securityCode] => 2003052020272027
    [apiUserId] => 2
    [url] => loopback
    [categ0ry] => SimpleXMLElement Object
        (
        )

    [API_username] => 100-01-ADM-DRivera
    [API_password] => password
    [agt] => 0
    [billNo] => 1sD0x1428561048
    [referenceId] => 1sD0x1428561048
    [dateTime] => 20150409143048
    [cardHolderIp] => 114.108.239.103
    [cardNum] => 4918914107195005
    [cvv2] => 123
    [month] => 07
    [year] => 15
    [firstName] => Juan
    [lastName] => Dela Cruz
    [gender] => M
    [email] => JUANDC@EXAMPLE.COM
    [birthDate] => 19840101
    [phone] => 5498564
    [zipCode] => 1604
    [address] => Zapote Street
    [city] => Makati
    [state] => NA
    [country] => PH
    [amount] => 10
    [language] => Array
        (
            [0] => eng
            [1] => eng
        )

    [remark] => TEST PAYMENT
    [currency] => USD
    [productItem] => BINARY
    [productType] => BINARY-TRADE
    [productDesc] => BINARY-TRADE-TEST
    [productQty] => 1
    [productPrice] => 10
    [shipFirstName] => SimpleXMLElement Object
        (
        )

    [shipLastName] => SimpleXMLElement Object
        (
        )

    [shipPhoneNumber] => SimpleXMLElement Object
        (
        )

    [shipZipCode] => SimpleXMLElement Object
        (
        )

    [shipAddress] => SimpleXMLElement Object
        (
        )

    [shipCity] => SimpleXMLElement Object
        (
        )

    [shipState] => SimpleXMLElement Object
        (
        )

    [shipCountry] => SimpleXMLElement Object
        (
        )

    [shipmentType] => SimpleXMLElement Object
        (
        )

    [shipEmail] => SimpleXMLElement Object
        (
        )

    [loginName] => 100-01-ADM-DRivera
    [type] => 2
)


2015-04-09T06:30:49Z
ResponseParameter:  billNo: 1sD0x1428561048 | endTime:2015-04-09 06:30:49

2015-04-09T06:30:49Z
successcode=-1&Ref=1sD0x1428561048&PayRef=150409140449&Amt=10&Cur=840&prc=&src=&Ord=150409140449&Holder=&AuthId=0449&TxTime=15-04-09 14:04:49&errMsg=Error: invalid expiry year

2015-04-09T08:45:41Z
RequestParameter:  billNo: Hprfk1428569140 | startTime:2015-04-09 08:45:41

2015-04-09T08:45:41Z
SimpleXMLElement Object
(
    [securityCode] => 2003052020272027
    [apiUserId] => 2
    [url] => loopback
    [categ0ry] => SimpleXMLElement Object
        (
        )

    [API_username] => 100-01-ADM-DRivera
    [API_password] => password
    [agt] => 0
    [billNo] => Hprfk1428569140
    [referenceId] => Hprfk1428569140
    [dateTime] => 20150409164540
    [cardHolderIp] => 114.108.239.103
    [cardNum] => 4918914107195005
    [cvv2] => 123
    [month] => 07
    [year] => 15
    [firstName] => Juan
    [lastName] => Dela Cruz
    [gender] => M
    [email] => JUANDC@EXAMPLE.COM
    [birthDate] => 19840101
    [phone] => 5498564
    [zipCode] => 1604
    [address] => Zapote Street
    [city] => Makati
    [state] => NA
    [country] => PH
    [amount] => 10
    [language] => Array
        (
            [0] => eng
            [1] => eng
        )

    [remark] => TEST PAYMENT
    [currency] => USD
    [productItem] => BINARY
    [productType] => BINARY-TRADE
    [productDesc] => BINARY-TRADE-TEST
    [productQty] => 1
    [productPrice] => 10
    [shipFirstName] => SimpleXMLElement Object
        (
        )

    [shipLastName] => SimpleXMLElement Object
        (
        )

    [shipPhoneNumber] => SimpleXMLElement Object
        (
        )

    [shipZipCode] => SimpleXMLElement Object
        (
        )

    [shipAddress] => SimpleXMLElement Object
        (
        )

    [shipCity] => SimpleXMLElement Object
        (
        )

    [shipState] => SimpleXMLElement Object
        (
        )

    [shipCountry] => SimpleXMLElement Object
        (
        )

    [shipmentType] => SimpleXMLElement Object
        (
        )

    [shipEmail] => SimpleXMLElement Object
        (
        )

    [loginName] => 100-01-ADM-DRivera
    [type] => 2
)


2015-04-09T08:45:41Z
ResponseParameter:  billNo: Hprfk1428569140 | endTime:2015-04-09 08:45:41

2015-04-09T08:45:41Z
successcode=-1&Ref=Hprfk1428569140&PayRef=150409160441&Amt=10&Cur=840&prc=&src=&Ord=150409160441&Holder=&AuthId=0441&TxTime=15-04-09 16:04:41&errMsg=Error: invalid expiry year

2015-04-09T10:14:38Z
RequestParameter:  billNo: jxLBZ1428574476 | startTime:2015-04-09 10:14:38

2015-04-09T10:14:38Z
SimpleXMLElement Object
(
    [securityCode] => 2003052020272027
    [apiUserId] => 2
    [url] => LOOPBACK
    [categ0ry] => NA
    [API_username] => 100-01-ADM-DRivera
    [API_password] => password
    [agt] => 0
    [billNo] => jxLBZ1428574476
    [referenceId] => jxLBZ1428574476
    [dateTime] => 20150409181436
    [cardHolderIp] => 114.108.239.103
    [cardNum] => 4918914107195005
    [cvv2] => 123
    [month] => 07
    [year] => 15
    [firstName] => Juan
    [lastName] => Dela Cruz
    [gender] => M
    [email] => JUANDC@EXAMPLE.COM
    [birthDate] => 19840101
    [phone] => 5498564
    [zipCode] => 1604
    [address] => Zapote Street
    [city] => Makati
    [state] => NA
    [country] => PH
    [amount] => 10
    [language] => Array
        (
            [0] => eng
            [1] => eng
        )

    [remark] => TEST PAYMENT
    [currency] => PHP
    [productItem] => BINARY
    [productType] => BINARY-TRADE
    [productDesc] => BINARY-TRADE-TEST
    [productQty] => 1
    [productPrice] => 10
    [shipFirstName] => SimpleXMLElement Object
        (
        )

    [shipLastName] => SimpleXMLElement Object
        (
        )

    [shipPhoneNumber] => SimpleXMLElement Object
        (
        )

    [shipZipCode] => SimpleXMLElement Object
        (
        )

    [shipAddress] => SimpleXMLElement Object
        (
        )

    [shipCity] => SimpleXMLElement Object
        (
        )

    [shipState] => SimpleXMLElement Object
        (
        )

    [shipCountry] => SimpleXMLElement Object
        (
        )

    [shipmentType] => SimpleXMLElement Object
        (
        )

    [shipEmail] => SimpleXMLElement Object
        (
        )

    [loginName] => 100-01-ADM-DRivera
    [type] => 2
)


2015-04-09T10:14:38Z
ResponseParameter:  billNo: jxLBZ1428574476 | endTime:2015-04-09 10:14:38

2015-04-09T10:14:38Z
successcode=-1&Ref=jxLBZ1428574476&PayRef=150409180438&Amt=10&Cur=608&prc=&src=&Ord=150409180438&Holder=&AuthId=0438&TxTime=15-04-09 18:04:38&errMsg=Error: invalid expiry year

2015-04-09T10:15:57Z
RequestParameter:  billNo: rWmcn1428574556 | startTime:2015-04-09 10:15:57

2015-04-09T10:15:57Z
SimpleXMLElement Object
(
    [securityCode] => 2003052020272027
    [apiUserId] => 2
    [url] => LOOPBACK
    [categ0ry] => NA
    [API_username] => 100-01-ADM-DRivera
    [API_password] => password
    [agt] => 0
    [billNo] => rWmcn1428574556
    [referenceId] => rWmcn1428574556
    [dateTime] => 20150409181556
    [cardHolderIp] => 114.108.239.103
    [cardNum] => 4918914107195005
    [cvv2] => 123
    [month] => 07
    [year] => 15
    [firstName] => Juan
    [lastName] => Dela Cruz
    [gender] => M
    [email] => JUANDC@EXAMPLE.COM
    [birthDate] => 19840101
    [phone] => 5498564
    [zipCode] => 1604
    [address] => Zapote Street
    [city] => Makati
    [state] => NA
    [country] => PH
    [amount] => 10
    [language] => Array
        (
            [0] => eng
            [1] => eng
        )

    [remark] => TEST PAYMENT
    [currency] => PHP
    [productItem] => BINARY
    [productType] => BINARY-TRADE
    [productDesc] => BINARY-TRADE-TEST
    [productQty] => 1
    [productPrice] => 10
    [shipFirstName] => SimpleXMLElement Object
        (
        )

    [shipLastName] => SimpleXMLElement Object
        (
        )

    [shipPhoneNumber] => SimpleXMLElement Object
        (
        )

    [shipZipCode] => SimpleXMLElement Object
        (
        )

    [shipAddress] => SimpleXMLElement Object
        (
        )

    [shipCity] => SimpleXMLElement Object
        (
        )

    [shipState] => SimpleXMLElement Object
        (
        )

    [shipCountry] => SimpleXMLElement Object
        (
        )

    [shipmentType] => SimpleXMLElement Object
        (
        )

    [shipEmail] => SimpleXMLElement Object
        (
        )

    [loginName] => 100-01-ADM-DRivera
    [type] => 2
)


2015-04-09T10:15:57Z
ResponseParameter:  billNo: rWmcn1428574556 | endTime:2015-04-09 10:15:57

2015-04-09T10:15:57Z
successcode=-1&Ref=rWmcn1428574556&PayRef=150409180457&Amt=10&Cur=608&prc=&src=&Ord=150409180457&Holder=&AuthId=0457&TxTime=15-04-09 18:04:57&errMsg=Error: invalid expiry year

2015-04-09T10:17:12Z
RequestParameter:  billNo: WXh8K1428574630 | startTime:2015-04-09 10:17:12

2015-04-09T10:17:12Z
SimpleXMLElement Object
(
    [securityCode] => 2003052020272027
    [apiUserId] => 2
    [url] => LOOPBACK
    [categ0ry] => NA
    [API_username] => 100-01-ADM-DRivera
    [API_password] => password
    [agt] => 0
    [billNo] => WXh8K1428574630
    [referenceId] => WXh8K1428574630
    [dateTime] => 20150409181710
    [cardHolderIp] => 114.108.239.103
    [cardNum] => 4918914107195005
    [cvv2] => 123
    [month] => 07
    [year] => 15
    [firstName] => Juan
    [lastName] => Dela Cruz
    [gender] => M
    [email] => JUANDC@EXAMPLE.COM
    [birthDate] => 19840101
    [phone] => 5498564
    [zipCode] => 1604
    [address] => Zapote Street
    [city] => Makati
    [state] => NA
    [country] => PH
    [amount] => 10
    [language] => Array
        (
            [0] => eng
            [1] => eng
        )

    [remark] => TEST PAYMENT
    [currency] => PHP
    [productItem] => BINARY
    [productType] => BINARY-TRADE
    [productDesc] => BINARY-TRADE-TEST
    [productQty] => 1
    [productPrice] => 10
    [shipFirstName] => SimpleXMLElement Object
        (
        )

    [shipLastName] => SimpleXMLElement Object
        (
        )

    [shipPhoneNumber] => SimpleXMLElement Object
        (
        )

    [shipZipCode] => SimpleXMLElement Object
        (
        )

    [shipAddress] => SimpleXMLElement Object
        (
        )

    [shipCity] => SimpleXMLElement Object
        (
        )

    [shipState] => SimpleXMLElement Object
        (
        )

    [shipCountry] => SimpleXMLElement Object
        (
        )

    [shipmentType] => SimpleXMLElement Object
        (
        )

    [shipEmail] => SimpleXMLElement Object
        (
        )

    [loginName] => 100-01-ADM-DRivera
    [type] => 2
)


2015-04-09T10:17:12Z
ResponseParameter:  billNo: WXh8K1428574630 | endTime:2015-04-09 10:17:12

2015-04-09T10:17:12Z
successcode=-1&Ref=WXh8K1428574630&PayRef=150409180412&Amt=10&Cur=608&prc=&src=&Ord=150409180412&Holder=&AuthId=0412&TxTime=15-04-09 18:04:12&errMsg=Error: invalid expiry year

