2016-01-08T00:10:44Z
RequestParameter:  billNo: TEST201601050851

2016-01-08T00:10:44Z
Array
(
    [f_extended] => 5
    [guid] => 
    [pwd] => 
    [request_type] => transaction_status
    [init_transaction_id] => 0aee1a6fffaaca8070ce679a50a84de1dde6f7ed
)


2016-01-08T00:10:44Z
RequestParameter:  billNo: TEST201601050851

2016-01-08T00:10:44Z
Array
(
    [rc] => 0
    [result] => ID:0aee1a6fffaaca8070ce679a50a84de1dde6f7ed~Status:Success~MerchantID:TEST2016010507~Terminal:Rietumu - non3D~ResultCode:000~ApprovalCode:863118~NameOnCard:JUAN DELA CRUZ~CardMasked:5***************
)


2016-01-08T00:14:30Z
RequestParameter:  billNo: TEST201601050852

2016-01-08T00:14:30Z
Array
(
    [f_extended] => 5
    [guid] => 
    [pwd] => 
    [request_type] => transaction_status
    [init_transaction_id] => 863c5f701459cf530bcb2ec45d1356f66bb6a859
)


2016-01-08T00:14:30Z
RequestParameter:  billNo: TEST201601050852

2016-01-08T00:14:30Z
Array
(
    [rc] => 0
    [result] => ID:863c5f701459cf530bcb2ec45d1356f66bb6a859~Status:Success~MerchantID:TEST2016010507~Terminal:Rietumu - non3D~ResultCode:000~ApprovalCode:863118~NameOnCard:JUAN DELA CRUZ~CardMasked:5***************
)


2016-01-08T00:18:51Z
RequestParameter:  billNo: TEST201601050853

2016-01-08T00:18:51Z
Array
(
    [f_extended] => 5
    [guid] => 
    [pwd] => 
    [request_type] => transaction_status
    [init_transaction_id] => ce6c0c04454e10490883e7e7de11d8e6082c75ed
)


2016-01-08T00:18:51Z
RequestParameter:  billNo: TEST201601050853

2016-01-08T00:18:51Z
Array
(
    [rc] => 0
    [result] => ID:ce6c0c04454e10490883e7e7de11d8e6082c75ed~Status:Success~MerchantID:TEST2016010507~Terminal:Rietumu - non3D~ResultCode:000~ApprovalCode:863118~NameOnCard:JUAN DELA CRUZ~CardMasked:5***************
)


2016-01-08T00:42:14Z
RequestParameter:  billNo: TEST201601050858

2016-01-08T00:42:14Z
Array
(
    [f_extended] => 5
    [guid] => 
    [pwd] => 
    [request_type] => transaction_status
    [init_transaction_id] => 2270b7433bae0ccc16f2d4251a1bf77e023138e0
)


2016-01-08T00:42:14Z
RequestParameter:  billNo: TEST201601050858

2016-01-08T00:42:14Z
Array
(
    [rc] => 0
    [result] => ID:2270b7433bae0ccc16f2d4251a1bf77e023138e0~Status:Success~MerchantID:TEST2016010507~Terminal:Rietumu - non3D~ResultCode:000~ApprovalCode:863118~NameOnCard:JUAN DELA CRUZ~CardMasked:5***************
)


