2016-01-25T09:36:24Z
RequestParameter:  billNo: 20160122527 | startTime:2016-01-25 09:36:24

2016-01-25T09:36:24Z
Array
(
    [MODE] => U
    [FRMT] => XML
    [VERS] => 0630
    [MERC] => 680000
    [SESS] => 20160122527
    [TRAN] => 3D5K00G5MJY8
    [AUTH] => D
    [MACK] => Y
)


2016-01-25T09:36:27Z
ResponseParameter:  billNo: 20160122527 | endTime:2016-01-25 09:36:27

2016-01-25T09:36:27Z
<?xml version="1.0" encoding="UTF-8"?>
<RESPONSE>
  <VERS>0630</VERS>
  <MODE>U</MODE>
  <TRAN>3D5K00G5MJY8</TRAN>
  <MERC>680000</MERC>
  <SESS>20160122527</SESS>
  <RULES_TRIGGERED>0</RULES_TRIGGERED>
  <COUNTERS_TRIGGERED>0</COUNTERS_TRIGGERED>
  <REASON_CODE></REASON_CODE>
  <MASTERCARD></MASTERCARD>
  <WARNING_COUNT>0</WARNING_COUNT>
</RESPONSE>

2016-01-25T09:47:31Z
RequestParameter:  billNo: 20160122527 | startTime:2016-01-25 09:47:31

2016-01-25T09:47:31Z
Array
(
    [MODE] => U
    [FRMT] => XML
    [VERS] => 0630
    [MERC] => 680000
    [SESS] => 20160122527
    [TRAN] => 3D5K00G5MJY8
    [AUTH] => D
    [MACK] => Y
)


2016-01-25T09:47:33Z
ResponseParameter:  billNo: 20160122527 | endTime:2016-01-25 09:47:33

2016-01-25T09:47:33Z
<?xml version="1.0" encoding="UTF-8"?>
<RESPONSE>
  <VERS>0630</VERS>
  <MODE>U</MODE>
  <TRAN>3D5K00G5MJY8</TRAN>
  <MERC>680000</MERC>
  <SESS>20160122527</SESS>
  <RULES_TRIGGERED>0</RULES_TRIGGERED>
  <COUNTERS_TRIGGERED>0</COUNTERS_TRIGGERED>
  <REASON_CODE></REASON_CODE>
  <MASTERCARD></MASTERCARD>
  <WARNING_COUNT>0</WARNING_COUNT>
</RESPONSE>

2016-01-25T09:50:52Z
RequestParameter:  billNo: 20160122527 | startTime:2016-01-25 09:50:52

2016-01-25T09:50:52Z
Array
(
    [MODE] => U
    [FRMT] => XML
    [VERS] => 0630
    [MERC] => 680000
    [SESS] => 20160122527
    [TRAN] => 3D5K00G5MJY8
    [AUTH] => D
    [MACK] => Y
)


2016-01-25T09:50:54Z
ResponseParameter:  billNo: 20160122527 | endTime:2016-01-25 09:50:54

2016-01-25T09:50:54Z
<?xml version="1.0" encoding="UTF-8"?>
<RESPONSE>
  <VERS>0630</VERS>
  <MODE>U</MODE>
  <TRAN>3D5K00G5MJY8</TRAN>
  <MERC>680000</MERC>
  <SESS>20160122527</SESS>
  <RULES_TRIGGERED>0</RULES_TRIGGERED>
  <COUNTERS_TRIGGERED>0</COUNTERS_TRIGGERED>
  <REASON_CODE></REASON_CODE>
  <MASTERCARD></MASTERCARD>
  <WARNING_COUNT>0</WARNING_COUNT>
</RESPONSE>

2016-01-25T09:55:07Z
RequestParameter:  billNo: 20160122527 | startTime:2016-01-25 09:55:07

2016-01-25T09:55:07Z
Array
(
    [MODE] => U
    [FRMT] => XML
    [VERS] => 0630
    [MERC] => 680000
    [SESS] => 20160122527
    [TRAN] => 3D5K00G5MJY8
    [AUTH] => D
    [MACK] => Y
)


2016-01-25T09:55:08Z
ResponseParameter:  billNo: 20160122527 | endTime:2016-01-25 09:55:08

2016-01-25T09:55:08Z
<?xml version="1.0" encoding="UTF-8"?>
<RESPONSE>
  <VERS>0630</VERS>
  <MODE>U</MODE>
  <TRAN>3D5K00G5MJY8</TRAN>
  <MERC>680000</MERC>
  <SESS>20160122527</SESS>
  <RULES_TRIGGERED>0</RULES_TRIGGERED>
  <COUNTERS_TRIGGERED>0</COUNTERS_TRIGGERED>
  <REASON_CODE></REASON_CODE>
  <MASTERCARD></MASTERCARD>
  <WARNING_COUNT>0</WARNING_COUNT>
</RESPONSE>

