2016-04-14T05:18:44Z
RequestParameter:  billNo: 20160414120438 | startTime:2016-04-14 05:18:44

2016-04-14T05:18:44Z
Array
(
    [MODE] => U
    [FRMT] => XML
    [VERS] => 0630
    [MERC] => 680000
    [SESS] => 20160414120438
    [TRAN] => PNM10Q5JJMZH
    [AUTH] => D
    [MACK] => Y
)


2016-04-14T05:18:44Z
ResponseParameter:  billNo: 20160414120438 | endTime:2016-04-14 05:18:44

2016-04-14T05:18:44Z
<?xml version="1.0" encoding="UTF-8"?>
<RESPONSE>
  <VERS>0630</VERS>
  <MODE>U</MODE>
  <TRAN>PNM10Q5JJMZH</TRAN>
  <MERC>680000</MERC>
  <SESS>20160414120438</SESS>
  <RULES_TRIGGERED>0</RULES_TRIGGERED>
  <COUNTERS_TRIGGERED>0</COUNTERS_TRIGGERED>
  <REASON_CODE></REASON_CODE>
  <MASTERCARD></MASTERCARD>
  <WARNING_COUNT>0</WARNING_COUNT>
</RESPONSE>

2016-04-14T08:55:41Z
RequestParameter:  billNo: 201604141204377 | startTime:2016-04-14 08:55:41

2016-04-14T08:55:41Z
Array
(
    [MODE] => U
    [FRMT] => XML
    [VERS] => 0630
    [MERC] => 680000
    [SESS] => cn8k6nbqr83ltvu2rvdqkqstn4
    [TRAN] => PNM700RB4YPZ
    [AUTH] => D
    [MACK] => Y
)


2016-04-14T08:55:41Z
ResponseParameter:  billNo: 201604141204377 | endTime:2016-04-14 08:55:41

2016-04-14T08:55:41Z
<?xml version="1.0" encoding="UTF-8"?>
<RESPONSE>
  <VERS>0630</VERS>
  <MODE>U</MODE>
  <TRAN>PNM700RB4YPZ</TRAN>
  <MERC>680000</MERC>
  <SESS>cn8k6nbqr83ltvu2rvdqkqstn4</SESS>
  <RULES_TRIGGERED>0</RULES_TRIGGERED>
  <COUNTERS_TRIGGERED>0</COUNTERS_TRIGGERED>
  <REASON_CODE></REASON_CODE>
  <MASTERCARD></MASTERCARD>
  <WARNING_COUNT>0</WARNING_COUNT>
</RESPONSE>

