2016-04-14T05:18:37Z
RequestParameter:  billNo: 20160414120438 | startTime:2016-04-14 05:18:37

2016-04-14T05:18:37Z
Array
(
    [MODE] => P
    [FRMT] => XML
    [VERS] => 0630
    [MERC] => 680000
    [UDF[CUSTOMER_IPAD]] => 
    [SESS] => 20160414120438
    [ORDR] => 20160414120438
    [CURR] => USD
    [PENC] => KHASH
    [PTYP] => CARD
    [PTOK] => 5918913HEIXCB1YYRSFG
    [IPAD] => 10.0.0.1
    [MACK] => Y
    [AUTH] => A
    [PROD_DESC[0]] => Samsung 32 Inch LCD TV Model 3210
    [PROD_TYPE[0]] => LCD Television
    [PROD_ITEM[0]] => SKU-SS3210
    [PROD_QUANT[0]] => 1
    [PROD_PRICE[0]] => 1000
    [PROD_DESC[1]] => LG 8gb SD Model 8001
    [PROD_TYPE[1]] => SD Card
    [PROD_ITEM[1]] => SKU-LG-SD8001
    [PROD_QUANT[1]] => 1
    [PROD_PRICE[1]] => 1100
    [TOTL] => 1000
    [SITE] => VERT001
    [UDF[MERCHANT_ID]] => 10001MEREXPRESSMC
    [NAME] => JUAN Dela Cruz
    [B2A1] => Address
    [B2CC] => US
    [B2CI] => City
    [B2PC] => 1234
    [B2PN] => 5551234567
    [B2ST] => State
    [S2A1] => Address
    [S2CC] => US
    [S2CI] => City
    [S2EM] => juan@mail.com
    [S2NM] => Firstname Lastname
    [S2PC] => 1234
    [S2PN] => 5551234567
    [S2ST] => State
    [SHTP] => 
    [CASH] => 10
    [DOB] => 1978-11-01
    [GENDER] => M
    [EMAL] => email@domain.com
    [ANID] => 5551234567
)


2016-04-14T05:18:43Z
ResponseParameter:  billNo: 20160414120438 | endTime:2016-04-14 05:18:43

2016-04-14T05:18:43Z
<?xml version="1.0" encoding="UTF-8"?>
<RESPONSE>
  <VERS>0630</VERS>
  <MODE>P</MODE>
  <TRAN>PNM10Q5JJMZH</TRAN>
  <MERC>680000</MERC>
  <SESS>20160414120438</SESS>
  <ORDR>20160414120438</ORDR>
  <AUTO>A</AUTO>
  <SCOR>29</SCOR>
  <GEOX>US</GEOX>
  <BRND></BRND>
  <REGN></REGN>
  <NETW>N</NETW>
  <KAPT>N</KAPT>
  <CARDS>1</CARDS>
  <DEVICES>1</DEVICES>
  <EMAILS>1</EMAILS>
  <VELO>0</VELO>
  <VMAX>0</VMAX>
  <RULES_TRIGGERED>0</RULES_TRIGGERED>
  <COUNTERS_TRIGGERED>0</COUNTERS_TRIGGERED>
  <REASON_CODE></REASON_CODE>
  <MASTERCARD></MASTERCARD>
  <DDFS></DDFS>
  <DSR></DSR>
  <UAS></UAS>
  <BROWSER></BROWSER>
  <OS></OS>
  <PIP_IPAD></PIP_IPAD>
  <PIP_LAT></PIP_LAT>
  <PIP_LON></PIP_LON>
  <PIP_COUNTRY></PIP_COUNTRY>
  <PIP_REGION></PIP_REGION>
  <PIP_CITY></PIP_CITY>
  <PIP_ORG></PIP_ORG>
  <IP_IPAD></IP_IPAD>
  <IP_LAT></IP_LAT>
  <IP_LON></IP_LON>
  <IP_COUNTRY></IP_COUNTRY>
  <IP_REGION></IP_REGION>
  <IP_CITY></IP_CITY>
  <IP_ORG></IP_ORG>
  <WARNING_COUNT>0</WARNING_COUNT>
</RESPONSE>

2016-04-14T05:20:21Z
RequestParameter:  billNo: 20160414120437 | startTime:2016-04-14 05:20:21

2016-04-14T05:20:21Z
Array
(
    [MODE] => P
    [FRMT] => XML
    [VERS] => 0630
    [MERC] => 680000
    [UDF[CUSTOMER_IPAD]] => 
    [SESS] => 20160414120437
    [ORDR] => 20160414120437
    [CURR] => USD
    [PENC] => KHASH
    [PTYP] => CARD
    [PTOK] => 5918913HEIXCB1YYRSFG
    [IPAD] => 10.0.0.1
    [MACK] => Y
    [AUTH] => A
    [PROD_DESC[0]] => Samsung 32 Inch LCD TV Model 3210
    [PROD_TYPE[0]] => LCD Television
    [PROD_ITEM[0]] => SKU-SS3210
    [PROD_QUANT[0]] => 1
    [PROD_PRICE[0]] => 1000
    [PROD_DESC[1]] => LG 8gb SD Model 8001
    [PROD_TYPE[1]] => SD Card
    [PROD_ITEM[1]] => SKU-LG-SD8001
    [PROD_QUANT[1]] => 1
    [PROD_PRICE[1]] => 1100
    [TOTL] => 1000
    [SITE] => VERT001
    [UDF[MERCHANT_ID]] => 10001MEREXPRESSMC
    [NAME] => JUAN Dela Cruz
    [B2A1] => Address
    [B2CC] => US
    [B2CI] => City
    [B2PC] => 1234
    [B2PN] => 5551234567
    [B2ST] => State
    [S2A1] => Address
    [S2CC] => US
    [S2CI] => City
    [S2EM] => juan@mail.com
    [S2NM] => Firstname Lastname
    [S2PC] => 1234
    [S2PN] => 5551234567
    [S2ST] => State
    [SHTP] => 
    [CASH] => 10
    [DOB] => 1978-11-01
    [GENDER] => M
    [EMAL] => email@domain.com
    [ANID] => 5551234567
)


2016-04-14T05:20:23Z
ResponseParameter:  billNo: 20160414120437 | endTime:2016-04-14 05:20:23

2016-04-14T05:20:23Z
<?xml version="1.0" encoding="UTF-8"?>
<RESPONSE>
  <VERS>0630</VERS>
  <MODE>P</MODE>
  <TRAN>PNM109KSY956</TRAN>
  <MERC>680000</MERC>
  <SESS>20160414120437</SESS>
  <ORDR>20160414120437</ORDR>
  <AUTO>A</AUTO>
  <SCOR>29</SCOR>
  <GEOX>US</GEOX>
  <BRND></BRND>
  <REGN></REGN>
  <NETW>N</NETW>
  <KAPT>N</KAPT>
  <CARDS>1</CARDS>
  <DEVICES>1</DEVICES>
  <EMAILS>1</EMAILS>
  <VELO>0</VELO>
  <VMAX>0</VMAX>
  <RULES_TRIGGERED>0</RULES_TRIGGERED>
  <COUNTERS_TRIGGERED>0</COUNTERS_TRIGGERED>
  <REASON_CODE></REASON_CODE>
  <MASTERCARD></MASTERCARD>
  <DDFS></DDFS>
  <DSR></DSR>
  <UAS></UAS>
  <BROWSER></BROWSER>
  <OS></OS>
  <PIP_IPAD></PIP_IPAD>
  <PIP_LAT></PIP_LAT>
  <PIP_LON></PIP_LON>
  <PIP_COUNTRY></PIP_COUNTRY>
  <PIP_REGION></PIP_REGION>
  <PIP_CITY></PIP_CITY>
  <PIP_ORG></PIP_ORG>
  <IP_IPAD></IP_IPAD>
  <IP_LAT></IP_LAT>
  <IP_LON></IP_LON>
  <IP_COUNTRY></IP_COUNTRY>
  <IP_REGION></IP_REGION>
  <IP_CITY></IP_CITY>
  <IP_ORG></IP_ORG>
  <WARNING_COUNT>0</WARNING_COUNT>
</RESPONSE>

2016-04-14T07:08:50Z
RequestParameter:  billNo: 201604141204374 | startTime:2016-04-14 07:08:50

2016-04-14T07:08:50Z
Array
(
    [MODE] => Q
    [FRMT] => XML
    [VERS] => 0630
    [MERC] => 680000
    [UDF[CUSTOMER_IPAD]] => 27.32.198.143
    [SESS] => nq1s7i2mfsiuskhetshvtvf5f6
    [UDF[CUSTOMER_URL]] => 
    [ORDR] => 201604141204374
    [CURR] => USD
    [PENC] => KHASH
    [PTYP] => CARD
    [PTOK] => 5918913HEIXCB1YYRSFG
    [IPAD] => 27.32.198.143
    [MACK] => Y
    [AUTH] => A
    [PROD_DESC[0]] => Samsung 32 Inch LCD TV Model 3210
    [PROD_TYPE[0]] => LCD Television
    [PROD_ITEM[0]] => SKU-SS3210
    [PROD_QUANT[0]] => 1
    [PROD_PRICE[0]] => 1000
    [PROD_DESC[1]] => LG 8gb SD Model 8001
    [PROD_TYPE[1]] => SD Card
    [PROD_ITEM[1]] => SKU-LG-SD8001
    [PROD_QUANT[1]] => 1
    [PROD_PRICE[1]] => 1100
    [TOTL] => 1000
    [SITE] => VERT001
    [UDF[MERCHANT_ID]] => 10001MEREXPRESSMC
    [NAME] => JUAN Dela Cruz
    [B2A1] => Address
    [B2CC] => US
    [B2CI] => City
    [B2PC] => 1234
    [B2PN] => 5551234567
    [B2ST] => State
    [S2A1] => Address
    [S2CC] => US
    [S2CI] => City
    [S2EM] => juan@mail.com
    [S2NM] => Firstname Lastname
    [S2PC] => 1234
    [S2PN] => 5551234567
    [S2ST] => State
    [SHTP] => 
    [CASH] => 10
    [DOB] => 1978-11-01
    [GENDER] => M
    [EMAL] => juan@mail.com
)


2016-04-14T07:08:52Z
ResponseParameter:  billNo: 201604141204374 | endTime:2016-04-14 07:08:52

2016-04-14T07:08:52Z
<?xml version="1.0" encoding="UTF-8"?>
<RESPONSE>
  <VERS>0630</VERS>
  <MODE>Q</MODE>
  <TRAN>PNMP06PWH79T</TRAN>
  <MERC>680000</MERC>
  <SESS>nq1s7i2mfsiuskhetshvtvf5f6</SESS>
  <ORDR>201604141204374</ORDR>
  <AUTO>A</AUTO>
  <SCOR>29</SCOR>
  <GEOX>AU</GEOX>
  <BRND></BRND>
  <REGN>AU_07</REGN>
  <NETW>N</NETW>
  <KAPT>N</KAPT>
  <CARDS>1</CARDS>
  <DEVICES>1</DEVICES>
  <EMAILS>1</EMAILS>
  <VELO>0</VELO>
  <VMAX>0</VMAX>
  <SITE>VERT001</SITE>
  <DEVICE_LAYERS>....</DEVICE_LAYERS>
  <FINGERPRINT></FINGERPRINT>
  <TIMEZONE></TIMEZONE>
  <LOCALTIME> </LOCALTIME>
  <REGION></REGION>
  <COUNTRY></COUNTRY>
  <PROXY></PROXY>
  <JAVASCRIPT></JAVASCRIPT>
  <FLASH></FLASH>
  <COOKIES></COOKIES>
  <HTTP_COUNTRY></HTTP_COUNTRY>
  <LANGUAGE></LANGUAGE>
  <MOBILE_DEVICE></MOBILE_DEVICE>
  <MOBILE_TYPE></MOBILE_TYPE>
  <MOBILE_FORWARDER></MOBILE_FORWARDER>
  <VOICE_DEVICE></VOICE_DEVICE>
  <PC_REMOTE></PC_REMOTE>
  <RULES_TRIGGERED>0</RULES_TRIGGERED>
  <COUNTERS_TRIGGERED>0</COUNTERS_TRIGGERED>
  <REASON_CODE></REASON_CODE>
  <MASTERCARD></MASTERCARD>
  <DDFS></DDFS>
  <DSR></DSR>
  <UAS></UAS>
  <BROWSER></BROWSER>
  <OS></OS>
  <PIP_IPAD></PIP_IPAD>
  <PIP_LAT></PIP_LAT>
  <PIP_LON></PIP_LON>
  <PIP_COUNTRY></PIP_COUNTRY>
  <PIP_REGION></PIP_REGION>
  <PIP_CITY></PIP_CITY>
  <PIP_ORG></PIP_ORG>
  <IP_IPAD></IP_IPAD>
  <IP_LAT></IP_LAT>
  <IP_LON></IP_LON>
  <IP_COUNTRY></IP_COUNTRY>
  <IP_REGION></IP_REGION>
  <IP_CITY></IP_CITY>
  <IP_ORG></IP_ORG>
  <WARNING_COUNT>0</WARNING_COUNT>
</RESPONSE>

2016-04-14T07:19:34Z
RequestParameter:  billNo: 201604141204375 | startTime:2016-04-14 07:19:34

2016-04-14T07:19:34Z
Array
(
    [MODE] => Q
    [FRMT] => XML
    [VERS] => 0630
    [MERC] => 680000
    [UDF[CUSTOMER_IPAD]] => 27.32.198.143
    [SESS] => nq1s7i2mfsiuskhetshvtvf5f6
    [UDF[CUSTOMER_URL]] => 
    [ORDR] => 201604141204375
    [CURR] => USD
    [PENC] => KHASH
    [PTYP] => CARD
    [PTOK] => 5918913HEIXCB1YYRSFG
    [IPAD] => 27.32.198.143
    [MACK] => Y
    [AUTH] => A
    [PROD_DESC[0]] => Samsung 32 Inch LCD TV Model 3210
    [PROD_TYPE[0]] => LCD Television
    [PROD_ITEM[0]] => SKU-SS3210
    [PROD_QUANT[0]] => 1
    [PROD_PRICE[0]] => 1000
    [PROD_DESC[1]] => LG 8gb SD Model 8001
    [PROD_TYPE[1]] => SD Card
    [PROD_ITEM[1]] => SKU-LG-SD8001
    [PROD_QUANT[1]] => 1
    [PROD_PRICE[1]] => 1100
    [TOTL] => 1000
    [SITE] => VERT001
    [UDF[MERCHANT_ID]] => 10001MEREXPRESSMC
    [NAME] => JUAN Dela Cruz
    [B2A1] => Address
    [B2CC] => US
    [B2CI] => City
    [B2PC] => 1234
    [B2PN] => 5551234567
    [B2ST] => State
    [S2A1] => Address
    [S2CC] => US
    [S2CI] => City
    [S2EM] => juan@mail.com
    [S2NM] => Firstname Lastname
    [S2PC] => 1234
    [S2PN] => 5551234567
    [S2ST] => State
    [SHTP] => 
    [CASH] => 10
    [DOB] => 1978-11-01
    [GENDER] => M
    [EMAL] => juan@mail.com
)


2016-04-14T07:19:35Z
ResponseParameter:  billNo: 201604141204375 | endTime:2016-04-14 07:19:35

2016-04-14T07:19:35Z
<?xml version="1.0" encoding="UTF-8"?>
<RESPONSE>
  <VERS>0630</VERS>
  <MODE>Q</MODE>
  <TRAN>PNMP0X3QPP6Y</TRAN>
  <MERC>680000</MERC>
  <SESS>nq1s7i2mfsiuskhetshvtvf5f6</SESS>
  <ORDR>201604141204375</ORDR>
  <AUTO>A</AUTO>
  <SCOR>29</SCOR>
  <GEOX>AU</GEOX>
  <BRND></BRND>
  <REGN>AU_07</REGN>
  <NETW>N</NETW>
  <KAPT>N</KAPT>
  <CARDS>1</CARDS>
  <DEVICES>1</DEVICES>
  <EMAILS>1</EMAILS>
  <VELO>0</VELO>
  <VMAX>0</VMAX>
  <SITE>VERT001</SITE>
  <DEVICE_LAYERS>....</DEVICE_LAYERS>
  <FINGERPRINT></FINGERPRINT>
  <TIMEZONE></TIMEZONE>
  <LOCALTIME> </LOCALTIME>
  <REGION></REGION>
  <COUNTRY></COUNTRY>
  <PROXY></PROXY>
  <JAVASCRIPT></JAVASCRIPT>
  <FLASH></FLASH>
  <COOKIES></COOKIES>
  <HTTP_COUNTRY></HTTP_COUNTRY>
  <LANGUAGE></LANGUAGE>
  <MOBILE_DEVICE></MOBILE_DEVICE>
  <MOBILE_TYPE></MOBILE_TYPE>
  <MOBILE_FORWARDER></MOBILE_FORWARDER>
  <VOICE_DEVICE></VOICE_DEVICE>
  <PC_REMOTE></PC_REMOTE>
  <RULES_TRIGGERED>0</RULES_TRIGGERED>
  <COUNTERS_TRIGGERED>0</COUNTERS_TRIGGERED>
  <REASON_CODE></REASON_CODE>
  <MASTERCARD></MASTERCARD>
  <DDFS></DDFS>
  <DSR></DSR>
  <UAS></UAS>
  <BROWSER></BROWSER>
  <OS></OS>
  <PIP_IPAD></PIP_IPAD>
  <PIP_LAT></PIP_LAT>
  <PIP_LON></PIP_LON>
  <PIP_COUNTRY></PIP_COUNTRY>
  <PIP_REGION></PIP_REGION>
  <PIP_CITY></PIP_CITY>
  <PIP_ORG></PIP_ORG>
  <IP_IPAD></IP_IPAD>
  <IP_LAT></IP_LAT>
  <IP_LON></IP_LON>
  <IP_COUNTRY></IP_COUNTRY>
  <IP_REGION></IP_REGION>
  <IP_CITY></IP_CITY>
  <IP_ORG></IP_ORG>
  <WARNING_COUNT>0</WARNING_COUNT>
</RESPONSE>

2016-04-14T07:56:32Z
RequestParameter:  billNo: 201604141204376 | startTime:2016-04-14 07:56:32

2016-04-14T07:56:32Z
Array
(
    [MODE] => Q
    [FRMT] => XML
    [VERS] => 0630
    [MERC] => 680000
    [UDF[CUSTOMER_IPAD]] => 27.32.198.143
    [SESS] => nnhm2dtetgbsk6o4c2rpp2tdo3
    [UDF[CUSTOMER_URL]] => 
    [ORDR] => 201604141204376
    [CURR] => USD
    [PENC] => KHASH
    [PTYP] => CARD
    [PTOK] => 5918913HEIXCB1YYRSFG
    [IPAD] => 27.32.198.143
    [MACK] => Y
    [AUTH] => A
    [PROD_DESC[0]] => Samsung 32 Inch LCD TV Model 3210
    [PROD_TYPE[0]] => LCD Television
    [PROD_ITEM[0]] => SKU-SS3210
    [PROD_QUANT[0]] => 1
    [PROD_PRICE[0]] => 1000
    [PROD_DESC[1]] => LG 8gb SD Model 8001
    [PROD_TYPE[1]] => SD Card
    [PROD_ITEM[1]] => SKU-LG-SD8001
    [PROD_QUANT[1]] => 1
    [PROD_PRICE[1]] => 1100
    [TOTL] => 1000
    [SITE] => VERT001
    [UDF[MERCHANT_ID]] => 10001MEREXPRESSMC
    [NAME] => JUAN Dela Cruz
    [B2A1] => Address
    [B2CC] => US
    [B2CI] => City
    [B2PC] => 1234
    [B2PN] => 5551234567
    [B2ST] => State
    [S2A1] => Address
    [S2CC] => US
    [S2CI] => City
    [S2EM] => juan@mail.com
    [S2NM] => Firstname Lastname
    [S2PC] => 1234
    [S2PN] => 5551234567
    [S2ST] => State
    [SHTP] => 
    [CASH] => 10
    [DOB] => 1978-11-01
    [GENDER] => M
    [EMAL] => juan@mail.com
)


2016-04-14T07:56:34Z
ResponseParameter:  billNo: 201604141204376 | endTime:2016-04-14 07:56:34

2016-04-14T07:56:34Z
<?xml version="1.0" encoding="UTF-8"?>
<RESPONSE>
  <VERS>0630</VERS>
  <MODE>Q</MODE>
  <TRAN>PNMP0VZ94DH4</TRAN>
  <MERC>680000</MERC>
  <SESS>nnhm2dtetgbsk6o4c2rpp2tdo3</SESS>
  <ORDR>201604141204376</ORDR>
  <AUTO>A</AUTO>
  <SCOR>36</SCOR>
  <GEOX>PH</GEOX>
  <BRND></BRND>
  <REGN>PH_07</REGN>
  <NETW>O</NETW>
  <KAPT>Y</KAPT>
  <CARDS>1</CARDS>
  <DEVICES>1</DEVICES>
  <EMAILS>1</EMAILS>
  <VELO>0</VELO>
  <VMAX>0</VMAX>
  <SITE>VERT001</SITE>
  <DEVICE_LAYERS>1E46F64B89.840B1C3F1F.71EBB70EFC.A80EBD4F24.59E3A0001C</DEVICE_LAYERS>
  <FINGERPRINT>2735EDACD7B84991560FCD4A3AB0A520</FINGERPRINT>
  <TIMEZONE>960</TIMEZONE>
  <LOCALTIME>2016-04-14 15:56</LOCALTIME>
  <REGION>PH_07</REGION>
  <COUNTRY>PH</COUNTRY>
  <PROXY>N</PROXY>
  <JAVASCRIPT>Y</JAVASCRIPT>
  <FLASH>Y</FLASH>
  <COOKIES>Y</COOKIES>
  <HTTP_COUNTRY>US</HTTP_COUNTRY>
  <LANGUAGE>EN</LANGUAGE>
  <MOBILE_DEVICE>N</MOBILE_DEVICE>
  <MOBILE_TYPE></MOBILE_TYPE>
  <MOBILE_FORWARDER>N</MOBILE_FORWARDER>
  <VOICE_DEVICE>N</VOICE_DEVICE>
  <PC_REMOTE>N</PC_REMOTE>
  <RULES_TRIGGERED>4</RULES_TRIGGERED>
  <RULE_ID_0>772992</RULE_ID_0>
  <RULE_DESCRIPTION_0>GEO Billing &lt;&gt; Device Country (1pt)</RULE_DESCRIPTION_0>
  <RULE_ID_1>772994</RULE_ID_1>
  <RULE_DESCRIPTION_1>GEO  Distance from Device to Billing &gt; 1000km (1pt)</RULE_DESCRIPTION_1>
  <RULE_ID_2>772996</RULE_ID_2>
  <RULE_DESCRIPTION_2>GEO BIN and Device Country not equal (1pt)</RULE_DESCRIPTION_2>
  <RULE_ID_3>773002</RULE_ID_3>
  <RULE_DESCRIPTION_3>FRAUD_SCRD GEO Counter Triggered (5pts)</RULE_DESCRIPTION_3>
  <COUNTERS_TRIGGERED>2</COUNTERS_TRIGGERED>
  <COUNTER_NAME_0>GEO</COUNTER_NAME_0>
  <COUNTER_VALUE_0>3</COUNTER_VALUE_0>
  <COUNTER_NAME_1>FRAUD_SCRD</COUNTER_NAME_1>
  <COUNTER_VALUE_1>5</COUNTER_VALUE_1>
  <REASON_CODE></REASON_CODE>
  <MASTERCARD></MASTERCARD>
  <DDFS>2016-04-14</DDFS>
  <DSR>768x1366</DSR>
  <UAS>Mozilla/5.0 (Windows NT 6.3; WOW64) AppleWebKit/537.36 (KHTML, like Gecko) Chrome/49.0.2623.112 Safari/537.36</UAS>
  <BROWSER>Chrome 49.0.2623.112</BROWSER>
  <OS>Windows 8.1</OS>
  <PIP_IPAD></PIP_IPAD>
  <PIP_LAT></PIP_LAT>
  <PIP_LON></PIP_LON>
  <PIP_COUNTRY></PIP_COUNTRY>
  <PIP_REGION></PIP_REGION>
  <PIP_CITY></PIP_CITY>
  <PIP_ORG></PIP_ORG>
  <IP_IPAD>122.53.168.64</IP_IPAD>
  <IP_LAT>14.6761</IP_LAT>
  <IP_LON>120.5361</IP_LON>
  <IP_COUNTRY>PH</IP_COUNTRY>
  <IP_REGION>Bataan</IP_REGION>
  <IP_CITY>Balanga</IP_CITY>
  <IP_ORG>PHILIPPINE LONG DISTANCE TELEPHONE</IP_ORG>
  <WARNING_COUNT>0</WARNING_COUNT>
</RESPONSE>

2016-04-14T08:55:38Z
RequestParameter:  billNo: 201604141204377 | startTime:2016-04-14 08:55:38

2016-04-14T08:55:38Z
Array
(
    [MODE] => Q
    [FRMT] => XML
    [VERS] => 0630
    [MERC] => 680000
    [UDF[CUSTOMER_IPAD]] => 27.32.198.143
    [SESS] => cn8k6nbqr83ltvu2rvdqkqstn4
    [UDF[CUSTOMER_URL]] => https://apiclient.paymentsystemsintegration.com/main/process/nginv2/paymentapi
    [ORDR] => 201604141204377
    [CURR] => USD
    [PENC] => KHASH
    [PTYP] => CARD
    [PTOK] => 5918913HEIXCB1YYRSFG
    [IPAD] => 27.32.198.143
    [MACK] => Y
    [AUTH] => A
    [PROD_DESC[0]] => Samsung 32 Inch LCD TV Model 3210
    [PROD_TYPE[0]] => LCD Television
    [PROD_ITEM[0]] => SKU-SS3210
    [PROD_QUANT[0]] => 1
    [PROD_PRICE[0]] => 1000
    [PROD_DESC[1]] => LG 8gb SD Model 8001
    [PROD_TYPE[1]] => SD Card
    [PROD_ITEM[1]] => SKU-LG-SD8001
    [PROD_QUANT[1]] => 1
    [PROD_PRICE[1]] => 1100
    [TOTL] => 1000
    [SITE] => VERT001
    [UDF[MERCHANT_ID]] => 10001MEREXPRESSMC
    [UDF[MERCHANT_PRVDR]] => LBK|008|FP,3D|978|VSA,MAS
    [NAME] => JUAN Dela Cruz
    [B2A1] => Address
    [B2CC] => US
    [B2CI] => City
    [B2PC] => 1234
    [B2PN] => 5551234567
    [B2ST] => State
    [S2A1] => Address
    [S2CC] => US
    [S2CI] => City
    [S2EM] => juan@mail.com
    [S2NM] => Firstname Lastname
    [S2PC] => 1234
    [S2PN] => 5551234567
    [S2ST] => State
    [SHTP] => 
    [CASH] => 10
    [DOB] => 1978-11-01
    [GENDER] => M
    [EMAL] => juan@mail.com
)


2016-04-14T08:55:39Z
ResponseParameter:  billNo: 201604141204377 | endTime:2016-04-14 08:55:39

2016-04-14T08:55:39Z
<?xml version="1.0" encoding="UTF-8"?>
<RESPONSE>
  <VERS>0630</VERS>
  <MODE>Q</MODE>
  <TRAN>PNM700RB4YPZ</TRAN>
  <MERC>680000</MERC>
  <SESS>cn8k6nbqr83ltvu2rvdqkqstn4</SESS>
  <ORDR>201604141204377</ORDR>
  <AUTO>A</AUTO>
  <SCOR>38</SCOR>
  <GEOX>PH</GEOX>
  <BRND></BRND>
  <REGN>PH_07</REGN>
  <NETW>O</NETW>
  <KAPT>Y</KAPT>
  <CARDS>1</CARDS>
  <DEVICES>1</DEVICES>
  <EMAILS>1</EMAILS>
  <VELO>0</VELO>
  <VMAX>0</VMAX>
  <SITE>VERT001</SITE>
  <DEVICE_LAYERS>1E46F64B89.4C58E5D64B.4427002FFA.A80EBD4F24.09EC01DBB6</DEVICE_LAYERS>
  <FINGERPRINT>A1002A7B45358FBA94359F95B08E33F8</FINGERPRINT>
  <TIMEZONE>960</TIMEZONE>
  <LOCALTIME>2016-04-14 16:55</LOCALTIME>
  <REGION>PH_07</REGION>
  <COUNTRY>PH</COUNTRY>
  <PROXY>Y</PROXY>
  <JAVASCRIPT>Y</JAVASCRIPT>
  <FLASH>Y</FLASH>
  <COOKIES>Y</COOKIES>
  <HTTP_COUNTRY>US</HTTP_COUNTRY>
  <LANGUAGE>EN</LANGUAGE>
  <MOBILE_DEVICE>N</MOBILE_DEVICE>
  <MOBILE_TYPE></MOBILE_TYPE>
  <MOBILE_FORWARDER>N</MOBILE_FORWARDER>
  <VOICE_DEVICE>N</VOICE_DEVICE>
  <PC_REMOTE>N</PC_REMOTE>
  <RULES_TRIGGERED>4</RULES_TRIGGERED>
  <RULE_ID_0>772992</RULE_ID_0>
  <RULE_DESCRIPTION_0>GEO Billing &lt;&gt; Device Country (1pt)</RULE_DESCRIPTION_0>
  <RULE_ID_1>772994</RULE_ID_1>
  <RULE_DESCRIPTION_1>GEO  Distance from Device to Billing &gt; 1000km (1pt)</RULE_DESCRIPTION_1>
  <RULE_ID_2>772996</RULE_ID_2>
  <RULE_DESCRIPTION_2>GEO BIN and Device Country not equal (1pt)</RULE_DESCRIPTION_2>
  <RULE_ID_3>773002</RULE_ID_3>
  <RULE_DESCRIPTION_3>FRAUD_SCRD GEO Counter Triggered (5pts)</RULE_DESCRIPTION_3>
  <COUNTERS_TRIGGERED>2</COUNTERS_TRIGGERED>
  <COUNTER_NAME_0>GEO</COUNTER_NAME_0>
  <COUNTER_VALUE_0>3</COUNTER_VALUE_0>
  <COUNTER_NAME_1>FRAUD_SCRD</COUNTER_NAME_1>
  <COUNTER_VALUE_1>5</COUNTER_VALUE_1>
  <REASON_CODE></REASON_CODE>
  <MASTERCARD></MASTERCARD>
  <DDFS>2016-04-14</DDFS>
  <DSR>768x1366</DSR>
  <UAS>Mozilla/5.0 (Windows NT 6.3; WOW64; rv:39.0) Gecko/20100101 Firefox/39.0</UAS>
  <BROWSER>Firefox 39.0</BROWSER>
  <OS>Windows 8.1</OS>
  <PIP_IPAD>122.53.168.64</PIP_IPAD>
  <PIP_LAT>14.6761</PIP_LAT>
  <PIP_LON>120.5361</PIP_LON>
  <PIP_COUNTRY>PH</PIP_COUNTRY>
  <PIP_REGION>Bataan</PIP_REGION>
  <PIP_CITY>Balanga</PIP_CITY>
  <PIP_ORG>PHILIPPINE LONG DISTANCE TELEPHONE</PIP_ORG>
  <IP_IPAD>112.207.21.54</IP_IPAD>
  <IP_LAT>14.0669</IP_LAT>
  <IP_LON>121.3258</IP_LON>
  <IP_COUNTRY>PH</IP_COUNTRY>
  <IP_REGION>Laguna</IP_REGION>
  <IP_CITY>San Pablo City</IP_CITY>
  <IP_ORG>PHILIPPINE LONG DISTANCE TELEPHONE</IP_ORG>
  <WARNING_COUNT>0</WARNING_COUNT>
</RESPONSE>

2016-04-14T09:41:56Z
RequestParameter:  billNo: 201604140001 | startTime:2016-04-14 09:41:56

2016-04-14T09:41:56Z
Array
(
    [MODE] => Q
    [FRMT] => XML
    [VERS] => 0630
    [MERC] => 680000
    [UDF[CUSTOMER_IPAD]] => 112.211.18.77
    [SESS] => 85gmcb7jjato176qhvijgmeik2
    [UDF[CUSTOMER_URL]] => https://apiclient.paymentsystemsintegration.com/main/process/nginv2/paymentapi
    [ORDR] => 201604140001
    [CURR] => USD
    [PENC] => KHASH
    [PTYP] => CARD
    [PTOK] => 542288WDHF3F4NJXUSOK
    [IPAD] => 112.211.18.77
    [MACK] => Y
    [AUTH] => A
    [PROD_DESC[0]] => E-Commerce Purchase
    [PROD_TYPE[0]] => Product Type
    [PROD_ITEM[0]] => Product Item
    [PROD_QUANT[0]] => 1
    [PROD_PRICE[0]] => 1000
    [TOTL] => 1000
    [SITE] => VERT001
    [UDF[MERCHANT_ID]] => 10001MEREXPRESSMC
    [UDF[MERCHANT_PRVDR]] => LBK|008|FP,3D|978|VSA,MAS
    [NAME] => juan Dela cruz
    [B2A1] => address
    [B2CC] => AU
    [B2CI] => city
    [B2PC] => 1204
    [B2PN] => 1234567
    [B2ST] => NA
    [S2A1] => 
    [S2CC] => 
    [S2CI] => 
    [S2EM] => 
    [S2NM] =>  
    [S2PC] => 
    [S2PN] => 
    [S2ST] => 
    [SHTP] => 
    [CASH] => 10
    [DOB] => 1984-01-01
    [GENDER] => M
    [EMAL] => juan@mail.com
)


2016-04-14T09:41:57Z
ResponseParameter:  billNo: 201604140001 | endTime:2016-04-14 09:41:57

2016-04-14T09:41:57Z
<?xml version="1.0" encoding="UTF-8"?>
<RESPONSE>
  <VERS>0630</VERS>
  <MODE>Q</MODE>
  <TRAN>PNMD0T9LQK5P</TRAN>
  <MERC>680000</MERC>
  <SESS>85gmcb7jjato176qhvijgmeik2</SESS>
  <ORDR>201604140001</ORDR>
  <AUTO>A</AUTO>
  <SCOR>17</SCOR>
  <GEOX>PH</GEOX>
  <BRND>MSTR</BRND>
  <REGN>PH_D9</REGN>
  <NETW>O</NETW>
  <KAPT>Y</KAPT>
  <CARDS>1</CARDS>
  <DEVICES>1</DEVICES>
  <EMAILS>1</EMAILS>
  <VELO>0</VELO>
  <VMAX>0</VMAX>
  <SITE>VERT001</SITE>
  <DEVICE_LAYERS>D96CF07D73.840B1C3F1F.71EBB70EFC.A80EBD4F24.59E3A0001C</DEVICE_LAYERS>
  <FINGERPRINT>2735EDACD7B84991560FCD4A3AB0A520</FINGERPRINT>
  <TIMEZONE>960</TIMEZONE>
  <LOCALTIME>2016-04-14 17:41</LOCALTIME>
  <REGION>PH_33</REGION>
  <COUNTRY>PH</COUNTRY>
  <PROXY>N</PROXY>
  <JAVASCRIPT>Y</JAVASCRIPT>
  <FLASH>Y</FLASH>
  <COOKIES>Y</COOKIES>
  <HTTP_COUNTRY>US</HTTP_COUNTRY>
  <LANGUAGE>EN</LANGUAGE>
  <MOBILE_DEVICE>N</MOBILE_DEVICE>
  <MOBILE_TYPE></MOBILE_TYPE>
  <MOBILE_FORWARDER>N</MOBILE_FORWARDER>
  <VOICE_DEVICE>N</VOICE_DEVICE>
  <PC_REMOTE>N</PC_REMOTE>
  <RULES_TRIGGERED>5</RULES_TRIGGERED>
  <RULE_ID_0>772992</RULE_ID_0>
  <RULE_DESCRIPTION_0>GEO Billing &lt;&gt; Device Country (1pt)</RULE_DESCRIPTION_0>
  <RULE_ID_1>772996</RULE_ID_1>
  <RULE_DESCRIPTION_1>GEO BIN and Device Country not equal (1pt)</RULE_DESCRIPTION_1>
  <RULE_ID_2>772998</RULE_ID_2>
  <RULE_DESCRIPTION_2>GEO Billing &lt;&gt; BIN Country (1pt)</RULE_DESCRIPTION_2>
  <RULE_ID_3>773002</RULE_ID_3>
  <RULE_DESCRIPTION_3>FRAUD_SCRD GEO Counter Triggered (5pts)</RULE_DESCRIPTION_3>
  <RULE_ID_4>773004</RULE_ID_4>
  <RULE_DESCRIPTION_4>FRAUD_SCRD Score less than 25 and Device Data present (-10pts)</RULE_DESCRIPTION_4>
  <COUNTERS_TRIGGERED>3</COUNTERS_TRIGGERED>
  <COUNTER_NAME_0>GEO</COUNTER_NAME_0>
  <COUNTER_VALUE_0>3</COUNTER_VALUE_0>
  <COUNTER_NAME_1>FRAUD_SCRD</COUNTER_NAME_1>
  <COUNTER_VALUE_1>5</COUNTER_VALUE_1>
  <COUNTER_NAME_2>FRAUD_SCORD</COUNTER_NAME_2>
  <COUNTER_VALUE_2>-10</COUNTER_VALUE_2>
  <REASON_CODE></REASON_CODE>
  <MASTERCARD></MASTERCARD>
  <DDFS>2016-04-14</DDFS>
  <DSR>768x1366</DSR>
  <UAS>Mozilla/5.0 (Windows NT 6.3; WOW64) AppleWebKit/537.36 (KHTML, like Gecko) Chrome/49.0.2623.112 Safari/537.36</UAS>
  <BROWSER>Chrome 49.0.2623.112</BROWSER>
  <OS>Windows 8.1</OS>
  <PIP_IPAD></PIP_IPAD>
  <PIP_LAT></PIP_LAT>
  <PIP_LON></PIP_LON>
  <PIP_COUNTRY></PIP_COUNTRY>
  <PIP_REGION></PIP_REGION>
  <PIP_CITY></PIP_CITY>
  <PIP_ORG></PIP_ORG>
  <IP_IPAD>112.207.21.54</IP_IPAD>
  <IP_LAT>14.0669</IP_LAT>
  <IP_LON>121.3258</IP_LON>
  <IP_COUNTRY>PH</IP_COUNTRY>
  <IP_REGION>Laguna</IP_REGION>
  <IP_CITY>San Pablo City</IP_CITY>
  <IP_ORG>PHILIPPINE LONG DISTANCE TELEPHONE</IP_ORG>
  <WARNING_COUNT>0</WARNING_COUNT>
</RESPONSE>

2016-04-14T10:52:13Z
RequestParameter:  billNo: 201604140002 | startTime:2016-04-14 10:52:13

2016-04-14T10:52:13Z
Array
(
    [MODE] => Q
    [FRMT] => XML
    [VERS] => 0630
    [MERC] => 680000
    [UDF[CUSTOMER_IPAD]] => 112.211.18.77
    [SESS] => 85gmcb7jjato176qhvijgmeik2
    [UDF[CUSTOMER_URL]] => https://apiclient.paymentsystemsintegration.com/main/process/nginv2/paymentapi
    [ORDR] => 201604140002
    [CURR] => USD
    [PENC] => KHASH
    [PTYP] => CARD
    [PTOK] => 542288WDHF3F4NJXUSOK
    [IPAD] => 112.211.18.77
    [MACK] => Y
    [AUTH] => A
    [PROD_DESC[0]] => E-Commerce Purchase
    [PROD_TYPE[0]] => Product Type
    [PROD_ITEM[0]] => Product Item
    [PROD_QUANT[0]] => 1
    [PROD_PRICE[0]] => 1000
    [TOTL] => 1000
    [SITE] => VERT001
    [UDF[MERCHANT_ID]] => 10001MEREXPRESSMC
    [UDF[MERCHANT_PRVDR]] => LBK|008|FP,3D|978|VSA,MAS
    [NAME] => juan Dela cruz
    [B2A1] => address
    [B2CC] => AU
    [B2CI] => city
    [B2PC] => 1204
    [B2PN] => 1234567
    [B2ST] => NA
    [S2A1] => 
    [S2CC] => 
    [S2CI] => 
    [S2EM] => 
    [S2NM] =>  
    [S2PC] => 
    [S2PN] => 
    [S2ST] => 
    [SHTP] => 
    [CASH] => 10
    [DOB] => 1984-01-01
    [GENDER] => M
    [EMAL] => juan@mail.com
)


2016-04-14T10:52:15Z
ResponseParameter:  billNo: 201604140002 | endTime:2016-04-14 10:52:15

2016-04-14T10:52:15Z
<?xml version="1.0" encoding="UTF-8"?>
<RESPONSE>
  <VERS>0630</VERS>
  <MODE>Q</MODE>
  <TRAN>PNGK0GLP94C8</TRAN>
  <MERC>680000</MERC>
  <SESS>85gmcb7jjato176qhvijgmeik2</SESS>
  <ORDR>201604140002</ORDR>
  <AUTO>A</AUTO>
  <SCOR>17</SCOR>
  <GEOX>PH</GEOX>
  <BRND>MSTR</BRND>
  <REGN>PH_D9</REGN>
  <NETW>O</NETW>
  <KAPT>Y</KAPT>
  <CARDS>1</CARDS>
  <DEVICES>1</DEVICES>
  <EMAILS>1</EMAILS>
  <VELO>0</VELO>
  <VMAX>0</VMAX>
  <SITE>VERT001</SITE>
  <DEVICE_LAYERS>D96CF07D73.840B1C3F1F.71EBB70EFC.A80EBD4F24.59E3A0001C</DEVICE_LAYERS>
  <FINGERPRINT>2735EDACD7B84991560FCD4A3AB0A520</FINGERPRINT>
  <TIMEZONE>960</TIMEZONE>
  <LOCALTIME>2016-04-14 18:52</LOCALTIME>
  <REGION>PH_33</REGION>
  <COUNTRY>PH</COUNTRY>
  <PROXY>N</PROXY>
  <JAVASCRIPT>Y</JAVASCRIPT>
  <FLASH>Y</FLASH>
  <COOKIES>Y</COOKIES>
  <HTTP_COUNTRY>US</HTTP_COUNTRY>
  <LANGUAGE>EN</LANGUAGE>
  <MOBILE_DEVICE>N</MOBILE_DEVICE>
  <MOBILE_TYPE></MOBILE_TYPE>
  <MOBILE_FORWARDER>N</MOBILE_FORWARDER>
  <VOICE_DEVICE>N</VOICE_DEVICE>
  <PC_REMOTE>N</PC_REMOTE>
  <RULES_TRIGGERED>5</RULES_TRIGGERED>
  <RULE_ID_0>772998</RULE_ID_0>
  <RULE_DESCRIPTION_0>GEO Billing &lt;&gt; BIN Country (1pt)</RULE_DESCRIPTION_0>
  <RULE_ID_1>772992</RULE_ID_1>
  <RULE_DESCRIPTION_1>GEO Billing &lt;&gt; Device Country (1pt)</RULE_DESCRIPTION_1>
  <RULE_ID_2>772996</RULE_ID_2>
  <RULE_DESCRIPTION_2>GEO BIN and Device Country not equal (1pt)</RULE_DESCRIPTION_2>
  <RULE_ID_3>773002</RULE_ID_3>
  <RULE_DESCRIPTION_3>FRAUD_SCRD GEO Counter Triggered (5pts)</RULE_DESCRIPTION_3>
  <RULE_ID_4>773004</RULE_ID_4>
  <RULE_DESCRIPTION_4>FRAUD_SCRD Score less than 25 and Device Data present (-10pts)</RULE_DESCRIPTION_4>
  <COUNTERS_TRIGGERED>3</COUNTERS_TRIGGERED>
  <COUNTER_NAME_0>GEO</COUNTER_NAME_0>
  <COUNTER_VALUE_0>3</COUNTER_VALUE_0>
  <COUNTER_NAME_1>FRAUD_SCRD</COUNTER_NAME_1>
  <COUNTER_VALUE_1>5</COUNTER_VALUE_1>
  <COUNTER_NAME_2>FRAUD_SCORD</COUNTER_NAME_2>
  <COUNTER_VALUE_2>-10</COUNTER_VALUE_2>
  <REASON_CODE></REASON_CODE>
  <MASTERCARD></MASTERCARD>
  <DDFS>2016-04-14</DDFS>
  <DSR>768x1366</DSR>
  <UAS>Mozilla/5.0 (Windows NT 6.3; WOW64) AppleWebKit/537.36 (KHTML, like Gecko) Chrome/49.0.2623.112 Safari/537.36</UAS>
  <BROWSER>Chrome 49.0.2623.112</BROWSER>
  <OS>Windows 8.1</OS>
  <PIP_IPAD></PIP_IPAD>
  <PIP_LAT></PIP_LAT>
  <PIP_LON></PIP_LON>
  <PIP_COUNTRY></PIP_COUNTRY>
  <PIP_REGION></PIP_REGION>
  <PIP_CITY></PIP_CITY>
  <PIP_ORG></PIP_ORG>
  <IP_IPAD>112.207.21.54</IP_IPAD>
  <IP_LAT>14.0669</IP_LAT>
  <IP_LON>121.3258</IP_LON>
  <IP_COUNTRY>PH</IP_COUNTRY>
  <IP_REGION>Laguna</IP_REGION>
  <IP_CITY>San Pablo City</IP_CITY>
  <IP_ORG>PHILIPPINE LONG DISTANCE TELEPHONE</IP_ORG>
  <WARNING_COUNT>0</WARNING_COUNT>
</RESPONSE>

2016-04-14T10:54:03Z
RequestParameter:  billNo: 201604140003 | startTime:2016-04-14 10:54:03

2016-04-14T10:54:03Z
Array
(
    [MODE] => Q
    [FRMT] => XML
    [VERS] => 0630
    [MERC] => 680000
    [UDF[CUSTOMER_IPAD]] => 112.211.18.77
    [SESS] => 85gmcb7jjato176qhvijgmeik2
    [UDF[CUSTOMER_URL]] => https://apiclient.paymentsystemsintegration.com/main/process/nginv2/paymentapi
    [ORDR] => 201604140003
    [CURR] => USD
    [PENC] => KHASH
    [PTYP] => CARD
    [PTOK] => 542288WDHF3F4NJXUSOK
    [IPAD] => 112.211.18.77
    [MACK] => Y
    [AUTH] => A
    [PROD_DESC[0]] => E-Commerce Purchase
    [PROD_TYPE[0]] => Product Type
    [PROD_ITEM[0]] => Product Item
    [PROD_QUANT[0]] => 1
    [PROD_PRICE[0]] => 1000
    [TOTL] => 1000
    [SITE] => VERT001
    [UDF[MERCHANT_ID]] => 10001MEREXPRESSMC
    [UDF[MERCHANT_PRVDR]] => LBK|008|FP,3D|978|VSA,MAS
    [NAME] => juan Dela cruz
    [B2A1] => address
    [B2CC] => AU
    [B2CI] => city
    [B2PC] => 1204
    [B2PN] => 1234567
    [B2ST] => NA
    [S2A1] => 
    [S2CC] => 
    [S2CI] => 
    [S2EM] => 
    [S2NM] =>  
    [S2PC] => 
    [S2PN] => 
    [S2ST] => 
    [SHTP] => 
    [CASH] => 10
    [DOB] => 1984-01-01
    [GENDER] => M
    [EMAL] => juan@mail.com
)


2016-04-14T10:54:06Z
ResponseParameter:  billNo: 201604140003 | endTime:2016-04-14 10:54:06

2016-04-14T10:54:06Z
<?xml version="1.0" encoding="UTF-8"?>
<RESPONSE>
  <VERS>0630</VERS>
  <MODE>Q</MODE>
  <TRAN>PNGK0JMYZPSS</TRAN>
  <MERC>680000</MERC>
  <SESS>85gmcb7jjato176qhvijgmeik2</SESS>
  <ORDR>201604140003</ORDR>
  <AUTO>A</AUTO>
  <SCOR>17</SCOR>
  <GEOX>PH</GEOX>
  <BRND>MSTR</BRND>
  <REGN>PH_D9</REGN>
  <NETW>O</NETW>
  <KAPT>Y</KAPT>
  <CARDS>1</CARDS>
  <DEVICES>1</DEVICES>
  <EMAILS>1</EMAILS>
  <VELO>0</VELO>
  <VMAX>0</VMAX>
  <SITE>VERT001</SITE>
  <DEVICE_LAYERS>D96CF07D73.840B1C3F1F.71EBB70EFC.A80EBD4F24.59E3A0001C</DEVICE_LAYERS>
  <FINGERPRINT>2735EDACD7B84991560FCD4A3AB0A520</FINGERPRINT>
  <TIMEZONE>960</TIMEZONE>
  <LOCALTIME>2016-04-14 18:54</LOCALTIME>
  <REGION>PH_33</REGION>
  <COUNTRY>PH</COUNTRY>
  <PROXY>N</PROXY>
  <JAVASCRIPT>Y</JAVASCRIPT>
  <FLASH>Y</FLASH>
  <COOKIES>Y</COOKIES>
  <HTTP_COUNTRY>US</HTTP_COUNTRY>
  <LANGUAGE>EN</LANGUAGE>
  <MOBILE_DEVICE>N</MOBILE_DEVICE>
  <MOBILE_TYPE></MOBILE_TYPE>
  <MOBILE_FORWARDER>N</MOBILE_FORWARDER>
  <VOICE_DEVICE>N</VOICE_DEVICE>
  <PC_REMOTE>N</PC_REMOTE>
  <RULES_TRIGGERED>5</RULES_TRIGGERED>
  <RULE_ID_0>772998</RULE_ID_0>
  <RULE_DESCRIPTION_0>GEO Billing &lt;&gt; BIN Country (1pt)</RULE_DESCRIPTION_0>
  <RULE_ID_1>772992</RULE_ID_1>
  <RULE_DESCRIPTION_1>GEO Billing &lt;&gt; Device Country (1pt)</RULE_DESCRIPTION_1>
  <RULE_ID_2>772996</RULE_ID_2>
  <RULE_DESCRIPTION_2>GEO BIN and Device Country not equal (1pt)</RULE_DESCRIPTION_2>
  <RULE_ID_3>773002</RULE_ID_3>
  <RULE_DESCRIPTION_3>FRAUD_SCRD GEO Counter Triggered (5pts)</RULE_DESCRIPTION_3>
  <RULE_ID_4>773004</RULE_ID_4>
  <RULE_DESCRIPTION_4>FRAUD_SCRD Score less than 25 and Device Data present (-10pts)</RULE_DESCRIPTION_4>
  <COUNTERS_TRIGGERED>3</COUNTERS_TRIGGERED>
  <COUNTER_NAME_0>GEO</COUNTER_NAME_0>
  <COUNTER_VALUE_0>3</COUNTER_VALUE_0>
  <COUNTER_NAME_1>FRAUD_SCRD</COUNTER_NAME_1>
  <COUNTER_VALUE_1>5</COUNTER_VALUE_1>
  <COUNTER_NAME_2>FRAUD_SCORD</COUNTER_NAME_2>
  <COUNTER_VALUE_2>-10</COUNTER_VALUE_2>
  <REASON_CODE></REASON_CODE>
  <MASTERCARD></MASTERCARD>
  <DDFS>2016-04-14</DDFS>
  <DSR>768x1366</DSR>
  <UAS>Mozilla/5.0 (Windows NT 6.3; WOW64) AppleWebKit/537.36 (KHTML, like Gecko) Chrome/49.0.2623.112 Safari/537.36</UAS>
  <BROWSER>Chrome 49.0.2623.112</BROWSER>
  <OS>Windows 8.1</OS>
  <PIP_IPAD></PIP_IPAD>
  <PIP_LAT></PIP_LAT>
  <PIP_LON></PIP_LON>
  <PIP_COUNTRY></PIP_COUNTRY>
  <PIP_REGION></PIP_REGION>
  <PIP_CITY></PIP_CITY>
  <PIP_ORG></PIP_ORG>
  <IP_IPAD>112.207.21.54</IP_IPAD>
  <IP_LAT>14.0669</IP_LAT>
  <IP_LON>121.3258</IP_LON>
  <IP_COUNTRY>PH</IP_COUNTRY>
  <IP_REGION>Laguna</IP_REGION>
  <IP_CITY>San Pablo City</IP_CITY>
  <IP_ORG>PHILIPPINE LONG DISTANCE TELEPHONE</IP_ORG>
  <WARNING_COUNT>0</WARNING_COUNT>
</RESPONSE>

2016-04-14T10:59:12Z
RequestParameter:  billNo: 201604140004 | startTime:2016-04-14 10:59:12

2016-04-14T10:59:12Z
Array
(
    [MODE] => Q
    [FRMT] => XML
    [VERS] => 0630
    [MERC] => 680000
    [UDF[CUSTOMER_IPAD]] => 112.211.18.77
    [SESS] => 85gmcb7jjato176qhvijgmeik2
    [UDF[CUSTOMER_URL]] => https://apiclient.paymentsystemsintegration.com/main/process/nginv2/paymentapi
    [ORDR] => 201604140004
    [CURR] => USD
    [PENC] => KHASH
    [PTYP] => CARD
    [PTOK] => 542288WDHF3F4NJXUSOK
    [IPAD] => 112.211.18.77
    [MACK] => Y
    [AUTH] => A
    [PROD_DESC[0]] => E-Commerce Purchase
    [PROD_TYPE[0]] => Product Type
    [PROD_ITEM[0]] => Product Item
    [PROD_QUANT[0]] => 1
    [PROD_PRICE[0]] => 1000
    [TOTL] => 1000
    [SITE] => VERT001
    [UDF[MERCHANT_ID]] => 10001MEREXPRESSMC
    [UDF[MERCHANT_PRVDR]] => LBK|008|FP,3D|978|VSA,MAS
    [NAME] => juan Dela cruz
    [B2A1] => address
    [B2CC] => AU
    [B2CI] => city
    [B2PC] => 1204
    [B2PN] => 1234567
    [B2ST] => NA
    [S2A1] => 
    [S2CC] => 
    [S2CI] => 
    [S2EM] => 
    [S2NM] =>  
    [S2PC] => 
    [S2PN] => 
    [S2ST] => 
    [SHTP] => 
    [CASH] => 10
    [DOB] => 1984-01-01
    [GENDER] => M
    [EMAL] => juan@mail.com
)


2016-04-14T10:59:14Z
ResponseParameter:  billNo: 201604140004 | endTime:2016-04-14 10:59:14

2016-04-14T10:59:14Z
<?xml version="1.0" encoding="UTF-8"?>
<RESPONSE>
  <VERS>0630</VERS>
  <MODE>Q</MODE>
  <TRAN>PNGK06VD5PLX</TRAN>
  <MERC>680000</MERC>
  <SESS>85gmcb7jjato176qhvijgmeik2</SESS>
  <ORDR>201604140004</ORDR>
  <AUTO>A</AUTO>
  <SCOR>17</SCOR>
  <GEOX>PH</GEOX>
  <BRND>MSTR</BRND>
  <REGN>PH_D9</REGN>
  <NETW>O</NETW>
  <KAPT>Y</KAPT>
  <CARDS>1</CARDS>
  <DEVICES>1</DEVICES>
  <EMAILS>1</EMAILS>
  <VELO>0</VELO>
  <VMAX>0</VMAX>
  <SITE>VERT001</SITE>
  <DEVICE_LAYERS>D96CF07D73.840B1C3F1F.71EBB70EFC.A80EBD4F24.59E3A0001C</DEVICE_LAYERS>
  <FINGERPRINT>2735EDACD7B84991560FCD4A3AB0A520</FINGERPRINT>
  <TIMEZONE>960</TIMEZONE>
  <LOCALTIME>2016-04-14 18:59</LOCALTIME>
  <REGION>PH_33</REGION>
  <COUNTRY>PH</COUNTRY>
  <PROXY>N</PROXY>
  <JAVASCRIPT>Y</JAVASCRIPT>
  <FLASH>Y</FLASH>
  <COOKIES>Y</COOKIES>
  <HTTP_COUNTRY>US</HTTP_COUNTRY>
  <LANGUAGE>EN</LANGUAGE>
  <MOBILE_DEVICE>N</MOBILE_DEVICE>
  <MOBILE_TYPE></MOBILE_TYPE>
  <MOBILE_FORWARDER>N</MOBILE_FORWARDER>
  <VOICE_DEVICE>N</VOICE_DEVICE>
  <PC_REMOTE>N</PC_REMOTE>
  <RULES_TRIGGERED>5</RULES_TRIGGERED>
  <RULE_ID_0>772992</RULE_ID_0>
  <RULE_DESCRIPTION_0>GEO Billing &lt;&gt; Device Country (1pt)</RULE_DESCRIPTION_0>
  <RULE_ID_1>772996</RULE_ID_1>
  <RULE_DESCRIPTION_1>GEO BIN and Device Country not equal (1pt)</RULE_DESCRIPTION_1>
  <RULE_ID_2>772998</RULE_ID_2>
  <RULE_DESCRIPTION_2>GEO Billing &lt;&gt; BIN Country (1pt)</RULE_DESCRIPTION_2>
  <RULE_ID_3>773002</RULE_ID_3>
  <RULE_DESCRIPTION_3>FRAUD_SCRD GEO Counter Triggered (5pts)</RULE_DESCRIPTION_3>
  <RULE_ID_4>773004</RULE_ID_4>
  <RULE_DESCRIPTION_4>FRAUD_SCRD Score less than 25 and Device Data present (-10pts)</RULE_DESCRIPTION_4>
  <COUNTERS_TRIGGERED>3</COUNTERS_TRIGGERED>
  <COUNTER_NAME_0>GEO</COUNTER_NAME_0>
  <COUNTER_VALUE_0>3</COUNTER_VALUE_0>
  <COUNTER_NAME_1>FRAUD_SCRD</COUNTER_NAME_1>
  <COUNTER_VALUE_1>5</COUNTER_VALUE_1>
  <COUNTER_NAME_2>FRAUD_SCORD</COUNTER_NAME_2>
  <COUNTER_VALUE_2>-10</COUNTER_VALUE_2>
  <REASON_CODE></REASON_CODE>
  <MASTERCARD></MASTERCARD>
  <DDFS>2016-04-14</DDFS>
  <DSR>768x1366</DSR>
  <UAS>Mozilla/5.0 (Windows NT 6.3; WOW64) AppleWebKit/537.36 (KHTML, like Gecko) Chrome/49.0.2623.112 Safari/537.36</UAS>
  <BROWSER>Chrome 49.0.2623.112</BROWSER>
  <OS>Windows 8.1</OS>
  <PIP_IPAD></PIP_IPAD>
  <PIP_LAT></PIP_LAT>
  <PIP_LON></PIP_LON>
  <PIP_COUNTRY></PIP_COUNTRY>
  <PIP_REGION></PIP_REGION>
  <PIP_CITY></PIP_CITY>
  <PIP_ORG></PIP_ORG>
  <IP_IPAD>112.207.21.54</IP_IPAD>
  <IP_LAT>14.0669</IP_LAT>
  <IP_LON>121.3258</IP_LON>
  <IP_COUNTRY>PH</IP_COUNTRY>
  <IP_REGION>Laguna</IP_REGION>
  <IP_CITY>San Pablo City</IP_CITY>
  <IP_ORG>PHILIPPINE LONG DISTANCE TELEPHONE</IP_ORG>
  <WARNING_COUNT>0</WARNING_COUNT>
</RESPONSE>

2016-04-14T12:03:02Z
RequestParameter:  billNo: 201604140005 | startTime:2016-04-14 12:03:02

2016-04-14T12:03:02Z
Array
(
    [MODE] => Q
    [FRMT] => XML
    [VERS] => 0630
    [MERC] => 680000
    [UDF[CUSTOMER_IPAD]] => 112.211.18.77
    [SESS] => 85gmcb7jjato176qhvijgmeik2
    [UDF[CUSTOMER_URL]] => https://apiclient.paymentsystemsintegration.com/main/process/nginv2/paymentapi
    [ORDR] => 201604140005
    [CURR] => USD
    [PENC] => KHASH
    [PTYP] => CARD
    [PTOK] => 542288WDHF3F4NJXUSOK
    [IPAD] => 112.211.18.77
    [MACK] => Y
    [AUTH] => A
    [PROD_DESC[0]] => E-Commerce Purchase
    [PROD_TYPE[0]] => Product Type
    [PROD_ITEM[0]] => Product Item
    [PROD_QUANT[0]] => 1
    [PROD_PRICE[0]] => 1000
    [TOTL] => 1000
    [SITE] => VERT001
    [UDF[MERCHANT_ID]] => 10001MEREXPRESSMC
    [UDF[MERCHANT_PRVDR]] => LBK|008|FP,3D|978|VSA,MAS
    [NAME] => juan Dela cruz
    [B2A1] => address
    [B2CC] => AU
    [B2CI] => city
    [B2PC] => 1204
    [B2PN] => 1234567
    [B2ST] => NA
    [S2A1] => 
    [S2CC] => 
    [S2CI] => 
    [S2EM] => 
    [S2NM] =>  
    [S2PC] => 
    [S2PN] => 
    [S2ST] => 
    [SHTP] => 
    [CASH] => 10
    [DOB] => 1984-01-01
    [GENDER] => M
    [EMAL] => juan@mail.com
)


2016-04-14T12:03:11Z
ResponseParameter:  billNo: 201604140005 | endTime:2016-04-14 12:03:11

2016-04-14T12:03:11Z
<?xml version="1.0" encoding="UTF-8"?>
<RESPONSE>
  <VERS>0630</VERS>
  <MODE>Q</MODE>
  <TRAN>PNGN0HC0QPPR</TRAN>
  <MERC>680000</MERC>
  <SESS>85gmcb7jjato176qhvijgmeik2</SESS>
  <ORDR>201604140005</ORDR>
  <AUTO>A</AUTO>
  <SCOR>20</SCOR>
  <GEOX>PH</GEOX>
  <BRND>MSTR</BRND>
  <REGN>PH_D9</REGN>
  <NETW>O</NETW>
  <KAPT>Y</KAPT>
  <CARDS>1</CARDS>
  <DEVICES>1</DEVICES>
  <EMAILS>1</EMAILS>
  <VELO>0</VELO>
  <VMAX>0</VMAX>
  <SITE>VERT001</SITE>
  <DEVICE_LAYERS>D96CF07D73.840B1C3F1F.71EBB70EFC.A80EBD4F24.59E3A0001C</DEVICE_LAYERS>
  <FINGERPRINT>2735EDACD7B84991560FCD4A3AB0A520</FINGERPRINT>
  <TIMEZONE>960</TIMEZONE>
  <LOCALTIME>2016-04-14 20:03</LOCALTIME>
  <REGION>PH_33</REGION>
  <COUNTRY>PH</COUNTRY>
  <PROXY>Y</PROXY>
  <JAVASCRIPT>Y</JAVASCRIPT>
  <FLASH>Y</FLASH>
  <COOKIES>Y</COOKIES>
  <HTTP_COUNTRY>US</HTTP_COUNTRY>
  <LANGUAGE>EN</LANGUAGE>
  <MOBILE_DEVICE>N</MOBILE_DEVICE>
  <MOBILE_TYPE></MOBILE_TYPE>
  <MOBILE_FORWARDER>N</MOBILE_FORWARDER>
  <VOICE_DEVICE>N</VOICE_DEVICE>
  <PC_REMOTE>N</PC_REMOTE>
  <RULES_TRIGGERED>5</RULES_TRIGGERED>
  <RULE_ID_0>772992</RULE_ID_0>
  <RULE_DESCRIPTION_0>GEO Billing &lt;&gt; Device Country (1pt)</RULE_DESCRIPTION_0>
  <RULE_ID_1>772996</RULE_ID_1>
  <RULE_DESCRIPTION_1>GEO BIN and Device Country not equal (1pt)</RULE_DESCRIPTION_1>
  <RULE_ID_2>772998</RULE_ID_2>
  <RULE_DESCRIPTION_2>GEO Billing &lt;&gt; BIN Country (1pt)</RULE_DESCRIPTION_2>
  <RULE_ID_3>773004</RULE_ID_3>
  <RULE_DESCRIPTION_3>FRAUD_SCRD Score less than 25 and Device Data present (-10pts)</RULE_DESCRIPTION_3>
  <RULE_ID_4>773002</RULE_ID_4>
  <RULE_DESCRIPTION_4>FRAUD_SCRD GEO Counter Triggered (5pts)</RULE_DESCRIPTION_4>
  <COUNTERS_TRIGGERED>3</COUNTERS_TRIGGERED>
  <COUNTER_NAME_0>GEO</COUNTER_NAME_0>
  <COUNTER_VALUE_0>3</COUNTER_VALUE_0>
  <COUNTER_NAME_1>FRAUD_SCORD</COUNTER_NAME_1>
  <COUNTER_VALUE_1>-10</COUNTER_VALUE_1>
  <COUNTER_NAME_2>FRAUD_SCRD</COUNTER_NAME_2>
  <COUNTER_VALUE_2>5</COUNTER_VALUE_2>
  <REASON_CODE></REASON_CODE>
  <MASTERCARD></MASTERCARD>
  <DDFS>2016-04-14</DDFS>
  <DSR>768x1366</DSR>
  <UAS>Mozilla/5.0 (Windows NT 6.3; WOW64) AppleWebKit/537.36 (KHTML, like Gecko) Chrome/49.0.2623.112 Safari/537.36</UAS>
  <BROWSER>Chrome 49.0.2623.112</BROWSER>
  <OS>Windows 8.1</OS>
  <PIP_IPAD>112.207.21.54</PIP_IPAD>
  <PIP_LAT>14.0669</PIP_LAT>
  <PIP_LON>121.3258</PIP_LON>
  <PIP_COUNTRY>PH</PIP_COUNTRY>
  <PIP_REGION>Laguna</PIP_REGION>
  <PIP_CITY>San Pablo City</PIP_CITY>
  <PIP_ORG>PHILIPPINE LONG DISTANCE TELEPHONE</PIP_ORG>
  <IP_IPAD>122.53.168.64</IP_IPAD>
  <IP_LAT>14.6761</IP_LAT>
  <IP_LON>120.5361</IP_LON>
  <IP_COUNTRY>PH</IP_COUNTRY>
  <IP_REGION>Bataan</IP_REGION>
  <IP_CITY>Balanga</IP_CITY>
  <IP_ORG>PHILIPPINE LONG DISTANCE TELEPHONE</IP_ORG>
  <WARNING_COUNT>0</WARNING_COUNT>
</RESPONSE>

2016-04-14T12:15:26Z
RequestParameter:  billNo: 201604140006 | startTime:2016-04-14 12:15:26

2016-04-14T12:15:26Z
Array
(
    [MODE] => Q
    [FRMT] => XML
    [VERS] => 0630
    [MERC] => 680000
    [UDF[CUSTOMER_IPAD]] => 112.211.18.77
    [SESS] => 85gmcb7jjato176qhvijgmeik2
    [UDF[CUSTOMER_URL]] => https://apiclient.paymentsystemsintegration.com/main/process/nginv2/paymentapi
    [ORDR] => 201604140006
    [CURR] => USD
    [PENC] => KHASH
    [PTYP] => CARD
    [PTOK] => 541333J57QNPX4I65H8H
    [IPAD] => 112.211.18.77
    [MACK] => Y
    [AUTH] => A
    [PROD_DESC[0]] => E-Commerce Purchase
    [PROD_TYPE[0]] => Product Type
    [PROD_ITEM[0]] => Product Item
    [PROD_QUANT[0]] => 1
    [PROD_PRICE[0]] => 1000
    [TOTL] => 1000
    [SITE] => VERT001
    [UDF[MERCHANT_ID]] => 10001MEREXPRESSMC
    [UDF[MERCHANT_PRVDR]] => LBK|008|FP,3D|978|VSA,MAS
    [NAME] => juan Dela cruz
    [B2A1] => address
    [B2CC] => AU
    [B2CI] => city
    [B2PC] => 1204
    [B2PN] => 1234567
    [B2ST] => NA
    [S2A1] => 
    [S2CC] => 
    [S2CI] => 
    [S2EM] => 
    [S2NM] =>  
    [S2PC] => 
    [S2PN] => 
    [S2ST] => 
    [SHTP] => 
    [CASH] => 10
    [DOB] => 1984-01-01
    [GENDER] => M
    [EMAL] => juan@mail.com
)


2016-04-14T12:15:29Z
ResponseParameter:  billNo: 201604140006 | endTime:2016-04-14 12:15:29

2016-04-14T12:15:29Z
<?xml version="1.0" encoding="UTF-8"?>
<RESPONSE>
  <VERS>0630</VERS>
  <MODE>Q</MODE>
  <TRAN>PNGN0H7PZKYN</TRAN>
  <MERC>680000</MERC>
  <SESS>85gmcb7jjato176qhvijgmeik2</SESS>
  <ORDR>201604140006</ORDR>
  <AUTO>A</AUTO>
  <SCOR>28</SCOR>
  <GEOX>PH</GEOX>
  <BRND>MSTR</BRND>
  <REGN>PH_D9</REGN>
  <NETW>O</NETW>
  <KAPT>Y</KAPT>
  <CARDS>1</CARDS>
  <DEVICES>1</DEVICES>
  <EMAILS>1</EMAILS>
  <VELO>0</VELO>
  <VMAX>0</VMAX>
  <SITE>VERT001</SITE>
  <DEVICE_LAYERS>D96CF07D73.840B1C3F1F.71EBB70EFC.A80EBD4F24.59E3A0001C</DEVICE_LAYERS>
  <FINGERPRINT>2735EDACD7B84991560FCD4A3AB0A520</FINGERPRINT>
  <TIMEZONE>960</TIMEZONE>
  <LOCALTIME>2016-04-14 20:15</LOCALTIME>
  <REGION>PH_33</REGION>
  <COUNTRY>PH</COUNTRY>
  <PROXY>N</PROXY>
  <JAVASCRIPT>Y</JAVASCRIPT>
  <FLASH>Y</FLASH>
  <COOKIES>Y</COOKIES>
  <HTTP_COUNTRY>US</HTTP_COUNTRY>
  <LANGUAGE>EN</LANGUAGE>
  <MOBILE_DEVICE>N</MOBILE_DEVICE>
  <MOBILE_TYPE></MOBILE_TYPE>
  <MOBILE_FORWARDER>N</MOBILE_FORWARDER>
  <VOICE_DEVICE>N</VOICE_DEVICE>
  <PC_REMOTE>N</PC_REMOTE>
  <RULES_TRIGGERED>4</RULES_TRIGGERED>
  <RULE_ID_0>772992</RULE_ID_0>
  <RULE_DESCRIPTION_0>GEO Billing &lt;&gt; Device Country (1pt)</RULE_DESCRIPTION_0>
  <RULE_ID_1>772996</RULE_ID_1>
  <RULE_DESCRIPTION_1>GEO BIN and Device Country not equal (1pt)</RULE_DESCRIPTION_1>
  <RULE_ID_2>772998</RULE_ID_2>
  <RULE_DESCRIPTION_2>GEO Billing &lt;&gt; BIN Country (1pt)</RULE_DESCRIPTION_2>
  <RULE_ID_3>773002</RULE_ID_3>
  <RULE_DESCRIPTION_3>FRAUD_SCRD GEO Counter Triggered (5pts)</RULE_DESCRIPTION_3>
  <COUNTERS_TRIGGERED>2</COUNTERS_TRIGGERED>
  <COUNTER_NAME_0>GEO</COUNTER_NAME_0>
  <COUNTER_VALUE_0>3</COUNTER_VALUE_0>
  <COUNTER_NAME_1>FRAUD_SCRD</COUNTER_NAME_1>
  <COUNTER_VALUE_1>5</COUNTER_VALUE_1>
  <REASON_CODE></REASON_CODE>
  <MASTERCARD></MASTERCARD>
  <DDFS>2016-04-14</DDFS>
  <DSR>768x1366</DSR>
  <UAS>Mozilla/5.0 (Windows NT 6.3; WOW64) AppleWebKit/537.36 (KHTML, like Gecko) Chrome/49.0.2623.112 Safari/537.36</UAS>
  <BROWSER>Chrome 49.0.2623.112</BROWSER>
  <OS>Windows 8.1</OS>
  <PIP_IPAD>112.207.21.54</PIP_IPAD>
  <PIP_LAT>14.0669</PIP_LAT>
  <PIP_LON>121.3258</PIP_LON>
  <PIP_COUNTRY>PH</PIP_COUNTRY>
  <PIP_REGION>Laguna</PIP_REGION>
  <PIP_CITY>San Pablo City</PIP_CITY>
  <PIP_ORG>PHILIPPINE LONG DISTANCE TELEPHONE</PIP_ORG>
  <IP_IPAD>122.53.168.64</IP_IPAD>
  <IP_LAT>14.6761</IP_LAT>
  <IP_LON>120.5361</IP_LON>
  <IP_COUNTRY>PH</IP_COUNTRY>
  <IP_REGION>Bataan</IP_REGION>
  <IP_CITY>Balanga</IP_CITY>
  <IP_ORG>PHILIPPINE LONG DISTANCE TELEPHONE</IP_ORG>
  <WARNING_COUNT>0</WARNING_COUNT>
</RESPONSE>

2016-04-14T12:31:46Z
RequestParameter:  billNo: 201604140007 | startTime:2016-04-14 12:31:46

2016-04-14T12:31:46Z
Array
(
    [MODE] => Q
    [FRMT] => XML
    [VERS] => 0630
    [MERC] => 680000
    [UDF[CUSTOMER_IPAD]] => 112.211.18.77
    [SESS] => 85gmcb7jjato176qhvijgmeik2
    [UDF[CUSTOMER_URL]] => https://apiclient.paymentsystemsintegration.com/main/process/nginv2/paymentapi
    [ORDR] => 201604140007
    [CURR] => USD
    [PENC] => KHASH
    [PTYP] => CARD
    [PTOK] => 541333J57QNPX4I65H8H
    [IPAD] => 112.211.18.77
    [MACK] => Y
    [AUTH] => A
    [PROD_DESC[0]] => E-Commerce Purchase
    [PROD_TYPE[0]] => Product Type
    [PROD_ITEM[0]] => Product Item
    [PROD_QUANT[0]] => 1
    [PROD_PRICE[0]] => 1000
    [TOTL] => 1000
    [SITE] => VERT001
    [UDF[MERCHANT_ID]] => 10001MEREXPRESSMC
    [UDF[MERCHANT_PRVDR]] => LBK|008|FP,3D|978|VSA,MAS
    [NAME] => juan Dela cruz
    [B2A1] => address
    [B2CC] => AU
    [B2CI] => city
    [B2PC] => 1204
    [B2PN] => 1234567
    [B2ST] => NA
    [S2A1] => 
    [S2CC] => 
    [S2CI] => 
    [S2EM] => 
    [S2NM] =>  
    [S2PC] => 
    [S2PN] => 
    [S2ST] => 
    [SHTP] => 
    [CASH] => 10
    [DOB] => 1984-01-01
    [GENDER] => M
    [EMAL] => juan@mail.com
)


2016-04-14T12:31:47Z
ResponseParameter:  billNo: 201604140007 | endTime:2016-04-14 12:31:47

2016-04-14T12:31:47Z
<?xml version="1.0" encoding="UTF-8"?>
<RESPONSE>
  <VERS>0630</VERS>
  <MODE>Q</MODE>
  <TRAN>PNGN0X5CX3PS</TRAN>
  <MERC>680000</MERC>
  <SESS>85gmcb7jjato176qhvijgmeik2</SESS>
  <ORDR>201604140007</ORDR>
  <AUTO>A</AUTO>
  <SCOR>27</SCOR>
  <GEOX>PH</GEOX>
  <BRND>MSTR</BRND>
  <REGN>PH_D9</REGN>
  <NETW>O</NETW>
  <KAPT>Y</KAPT>
  <CARDS>1</CARDS>
  <DEVICES>1</DEVICES>
  <EMAILS>1</EMAILS>
  <VELO>0</VELO>
  <VMAX>0</VMAX>
  <SITE>VERT001</SITE>
  <DEVICE_LAYERS>D96CF07D73.840B1C3F1F.71EBB70EFC.A80EBD4F24.59E3A0001C</DEVICE_LAYERS>
  <FINGERPRINT>2735EDACD7B84991560FCD4A3AB0A520</FINGERPRINT>
  <TIMEZONE>960</TIMEZONE>
  <LOCALTIME>2016-04-14 20:31</LOCALTIME>
  <REGION>PH_33</REGION>
  <COUNTRY>PH</COUNTRY>
  <PROXY>Y</PROXY>
  <JAVASCRIPT>Y</JAVASCRIPT>
  <FLASH>Y</FLASH>
  <COOKIES>Y</COOKIES>
  <HTTP_COUNTRY>US</HTTP_COUNTRY>
  <LANGUAGE>EN</LANGUAGE>
  <MOBILE_DEVICE>N</MOBILE_DEVICE>
  <MOBILE_TYPE></MOBILE_TYPE>
  <MOBILE_FORWARDER>N</MOBILE_FORWARDER>
  <VOICE_DEVICE>N</VOICE_DEVICE>
  <PC_REMOTE>N</PC_REMOTE>
  <RULES_TRIGGERED>4</RULES_TRIGGERED>
  <RULE_ID_0>772992</RULE_ID_0>
  <RULE_DESCRIPTION_0>GEO Billing &lt;&gt; Device Country (1pt)</RULE_DESCRIPTION_0>
  <RULE_ID_1>772996</RULE_ID_1>
  <RULE_DESCRIPTION_1>GEO BIN and Device Country not equal (1pt)</RULE_DESCRIPTION_1>
  <RULE_ID_2>772998</RULE_ID_2>
  <RULE_DESCRIPTION_2>GEO Billing &lt;&gt; BIN Country (1pt)</RULE_DESCRIPTION_2>
  <RULE_ID_3>773002</RULE_ID_3>
  <RULE_DESCRIPTION_3>FRAUD_SCRD GEO Counter Triggered (5pts)</RULE_DESCRIPTION_3>
  <COUNTERS_TRIGGERED>2</COUNTERS_TRIGGERED>
  <COUNTER_NAME_0>GEO</COUNTER_NAME_0>
  <COUNTER_VALUE_0>3</COUNTER_VALUE_0>
  <COUNTER_NAME_1>FRAUD_SCRD</COUNTER_NAME_1>
  <COUNTER_VALUE_1>5</COUNTER_VALUE_1>
  <REASON_CODE></REASON_CODE>
  <MASTERCARD></MASTERCARD>
  <DDFS>2016-04-14</DDFS>
  <DSR>768x1366</DSR>
  <UAS>Mozilla/5.0 (Windows NT 6.3; WOW64) AppleWebKit/537.36 (KHTML, like Gecko) Chrome/49.0.2623.112 Safari/537.36</UAS>
  <BROWSER>Chrome 49.0.2623.112</BROWSER>
  <OS>Windows 8.1</OS>
  <PIP_IPAD>112.207.21.54</PIP_IPAD>
  <PIP_LAT>14.0669</PIP_LAT>
  <PIP_LON>121.3258</PIP_LON>
  <PIP_COUNTRY>PH</PIP_COUNTRY>
  <PIP_REGION>Laguna</PIP_REGION>
  <PIP_CITY>San Pablo City</PIP_CITY>
  <PIP_ORG>PHILIPPINE LONG DISTANCE TELEPHONE</PIP_ORG>
  <IP_IPAD>122.53.168.64</IP_IPAD>
  <IP_LAT>14.6761</IP_LAT>
  <IP_LON>120.5361</IP_LON>
  <IP_COUNTRY>PH</IP_COUNTRY>
  <IP_REGION>Bataan</IP_REGION>
  <IP_CITY>Balanga</IP_CITY>
  <IP_ORG>PHILIPPINE LONG DISTANCE TELEPHONE</IP_ORG>
  <WARNING_COUNT>0</WARNING_COUNT>
</RESPONSE>

