2016-04-15T01:40:50Z
Access DateTime:2016-04-15 01:40:50

2016-04-15T01:40:50Z
Array
(
    [REDIRECT_HTTPS] => on
    [REDIRECT_SSL_TLS_SNI] => apistage.paymentsystemsintegration.com
    [REDIRECT_STATUS] => 200
    [HTTPS] => on
    [SSL_TLS_SNI] => apistage.paymentsystemsintegration.com
    [HTTP_HOST] => apistage.paymentsystemsintegration.com
    [HTTP_CONNECTION] => keep-alive
    [HTTP_ACCEPT] => text/html,application/xhtml+xml,application/xml;q=0.9,image/webp,*/*;q=0.8
    [HTTP_UPGRADE_INSECURE_REQUESTS] => 1
    [HTTP_USER_AGENT] => Mozilla/5.0 (Windows NT 6.3; WOW64) AppleWebKit/537.36 (KHTML, like Gecko) Chrome/49.0.2623.112 Safari/537.36
    [HTTP_REFERER] => https://apiclient.paymentsystemsintegration.com/main/process/nginv2/paymentapi
    [HTTP_ACCEPT_ENCODING] => gzip, deflate, sdch
    [HTTP_ACCEPT_LANGUAGE] => en-US,en;q=0.8
    [PATH] => /sbin:/usr/sbin:/bin:/usr/bin
    [SERVER_SIGNATURE] => 
    [SERVER_SOFTWARE] => Apache
    [SERVER_NAME] => apistage.paymentsystemsintegration.com
    [SERVER_ADDR] => 119.81.104.66
    [SERVER_PORT] => 443
    [REMOTE_ADDR] => 112.198.79.153
    [DOCUMENT_ROOT] => /var/www/html/PSI_stage
    [SERVER_ADMIN] => root@localhost
    [SCRIPT_FILENAME] => /var/www/html/PSI_stage/index.php
    [REMOTE_PORT] => 45677
    [REDIRECT_QUERY_STRING] => /dc/logo.htm
    [REDIRECT_URL] => /dc/logo.htm
    [GATEWAY_INTERFACE] => CGI/1.1
    [SERVER_PROTOCOL] => HTTP/1.1
    [REQUEST_METHOD] => GET
    [QUERY_STRING] => m=680000&s=85gmcb7jjato176qhvijgmeik2
    [REQUEST_URI] => /dc/logo.htm?m=680000&s=85gmcb7jjato176qhvijgmeik2
    [SCRIPT_NAME] => /index.php
    [PHP_SELF] => /index.php
    [REQUEST_TIME] => 1460684450
)


2016-04-15T01:41:04Z
Access DateTime:2016-04-15 01:41:04

2016-04-15T01:41:04Z
Array
(
    [REDIRECT_HTTPS] => on
    [REDIRECT_SSL_TLS_SNI] => apistage.paymentsystemsintegration.com
    [REDIRECT_STATUS] => 200
    [HTTPS] => on
    [SSL_TLS_SNI] => apistage.paymentsystemsintegration.com
    [HTTP_HOST] => apistage.paymentsystemsintegration.com
    [HTTP_CONNECTION] => keep-alive
    [HTTP_ACCEPT] => text/html,application/xhtml+xml,application/xml;q=0.9,image/webp,*/*;q=0.8
    [HTTP_UPGRADE_INSECURE_REQUESTS] => 1
    [HTTP_USER_AGENT] => Mozilla/5.0 (Windows NT 6.3; WOW64) AppleWebKit/537.36 (KHTML, like Gecko) Chrome/49.0.2623.112 Safari/537.36
    [HTTP_ACCEPT_ENCODING] => gzip, deflate, sdch
    [HTTP_ACCEPT_LANGUAGE] => en-US,en;q=0.8
    [PATH] => /sbin:/usr/sbin:/bin:/usr/bin
    [SERVER_SIGNATURE] => 
    [SERVER_SOFTWARE] => Apache
    [SERVER_NAME] => apistage.paymentsystemsintegration.com
    [SERVER_ADDR] => 119.81.104.66
    [SERVER_PORT] => 443
    [REMOTE_ADDR] => 112.198.79.153
    [DOCUMENT_ROOT] => /var/www/html/PSI_stage
    [SERVER_ADMIN] => root@localhost
    [SCRIPT_FILENAME] => /var/www/html/PSI_stage/index.php
    [REMOTE_PORT] => 11066
    [REDIRECT_QUERY_STRING] => /dc/logo.htm
    [REDIRECT_URL] => /dc/logo.htm
    [GATEWAY_INTERFACE] => CGI/1.1
    [SERVER_PROTOCOL] => HTTP/1.1
    [REQUEST_METHOD] => GET
    [QUERY_STRING] => m=680000&s=85gmcb7jjato176qhvijgmeik2
    [REQUEST_URI] => /dc/logo.htm?m=680000&s=85gmcb7jjato176qhvijgmeik2
    [SCRIPT_NAME] => /index.php
    [PHP_SELF] => /index.php
    [REQUEST_TIME] => 1460684464
)


2016-04-15T01:42:24Z
Access DateTime:2016-04-15 01:42:24

2016-04-15T01:42:24Z
Array
(
    [REDIRECT_HTTPS] => on
    [REDIRECT_SSL_TLS_SNI] => apistage.paymentsystemsintegration.com
    [REDIRECT_STATUS] => 200
    [HTTPS] => on
    [SSL_TLS_SNI] => apistage.paymentsystemsintegration.com
    [HTTP_HOST] => apistage.paymentsystemsintegration.com
    [HTTP_CONNECTION] => keep-alive
    [HTTP_ACCEPT] => text/html,application/xhtml+xml,application/xml;q=0.9,image/webp,*/*;q=0.8
    [HTTP_UPGRADE_INSECURE_REQUESTS] => 1
    [HTTP_USER_AGENT] => Mozilla/5.0 (Windows NT 6.3; WOW64) AppleWebKit/537.36 (KHTML, like Gecko) Chrome/49.0.2623.112 Safari/537.36
    [HTTP_REFERER] => https://apiclient.paymentsystemsintegration.com/main/process/nginv2/paymentapi
    [HTTP_ACCEPT_ENCODING] => gzip, deflate, sdch
    [HTTP_ACCEPT_LANGUAGE] => en-US,en;q=0.8
    [PATH] => /sbin:/usr/sbin:/bin:/usr/bin
    [SERVER_SIGNATURE] => 
    [SERVER_SOFTWARE] => Apache
    [SERVER_NAME] => apistage.paymentsystemsintegration.com
    [SERVER_ADDR] => 119.81.104.66
    [SERVER_PORT] => 443
    [REMOTE_ADDR] => 112.198.79.153
    [DOCUMENT_ROOT] => /var/www/html/PSI_stage
    [SERVER_ADMIN] => root@localhost
    [SCRIPT_FILENAME] => /var/www/html/PSI_stage/index.php
    [REMOTE_PORT] => 7097
    [REDIRECT_QUERY_STRING] => /dc/logo.htm
    [REDIRECT_URL] => /dc/logo.htm
    [GATEWAY_INTERFACE] => CGI/1.1
    [SERVER_PROTOCOL] => HTTP/1.1
    [REQUEST_METHOD] => GET
    [QUERY_STRING] => m=680000&s=85gmcb7jjato176qhvijgmeik2
    [REQUEST_URI] => /dc/logo.htm?m=680000&s=85gmcb7jjato176qhvijgmeik2
    [SCRIPT_NAME] => /index.php
    [PHP_SELF] => /index.php
    [REQUEST_TIME] => 1460684544
)


2016-04-15T01:42:33Z
Access DateTime:2016-04-15 01:42:33

2016-04-15T01:42:33Z
Array
(
    [REDIRECT_HTTPS] => on
    [REDIRECT_SSL_TLS_SNI] => apistage.paymentsystemsintegration.com
    [REDIRECT_STATUS] => 200
    [HTTPS] => on
    [SSL_TLS_SNI] => apistage.paymentsystemsintegration.com
    [HTTP_HOST] => apistage.paymentsystemsintegration.com
    [HTTP_CONNECTION] => keep-alive
    [HTTP_ACCEPT] => text/html,application/xhtml+xml,application/xml;q=0.9,image/webp,*/*;q=0.8
    [HTTP_UPGRADE_INSECURE_REQUESTS] => 1
    [HTTP_USER_AGENT] => Mozilla/5.0 (Windows NT 6.3; WOW64) AppleWebKit/537.36 (KHTML, like Gecko) Chrome/49.0.2623.112 Safari/537.36
    [HTTP_ACCEPT_ENCODING] => gzip, deflate, sdch
    [HTTP_ACCEPT_LANGUAGE] => en-US,en;q=0.8
    [PATH] => /sbin:/usr/sbin:/bin:/usr/bin
    [SERVER_SIGNATURE] => 
    [SERVER_SOFTWARE] => Apache
    [SERVER_NAME] => apistage.paymentsystemsintegration.com
    [SERVER_ADDR] => 119.81.104.66
    [SERVER_PORT] => 443
    [REMOTE_ADDR] => 112.198.79.153
    [DOCUMENT_ROOT] => /var/www/html/PSI_stage
    [SERVER_ADMIN] => root@localhost
    [SCRIPT_FILENAME] => /var/www/html/PSI_stage/index.php
    [REMOTE_PORT] => 18755
    [REDIRECT_QUERY_STRING] => /dc/logo.htm
    [REDIRECT_URL] => /dc/logo.htm
    [GATEWAY_INTERFACE] => CGI/1.1
    [SERVER_PROTOCOL] => HTTP/1.1
    [REQUEST_METHOD] => GET
    [QUERY_STRING] => m=680000&s=85gmcb7jjato176qhvijgmeik2
    [REQUEST_URI] => /dc/logo.htm?m=680000&s=85gmcb7jjato176qhvijgmeik2
    [SCRIPT_NAME] => /index.php
    [PHP_SELF] => /index.php
    [REQUEST_TIME] => 1460684553
)


