2016-03-16T02:18:56Z
RequestParameter:  billNo: qY34C145792151441 | startTime:2016-03-16 02:18:56

2016-03-16T02:18:56Z
Array
(
    [MODE] => P
    [FRMT] => XML
    [VERS] => 0630
    [MERC] => 680000
    [UDF[CUSTOMER_IPAD]] => 
    [SESS] => qY34C145792151441
    [ORDR] => qY34C145792151441
    [CURR] => USD
    [PENC] => KHASH
    [PTYP] => CARD
    [PTOK] => 542288WDHF3F4NJXUSOK
    [IPAD] => 10.0.0.1
    [MACK] => Y
    [AUTH] => A
    [PROD_DESC[0]] => E-Commerce Purchase
    [PROD_TYPE[0]] => E-Commerce Purchase
    [PROD_ITEM[0]] => E-Commerce Purchase
    [PROD_QUANT[0]] => 1
    [PROD_PRICE[0]] => 1000
    [TOTL] => 1000
    [SITE] => VERT999
    [UDF[MERCHANT_ID]] => 10001MERTEST001
    [UDF[MERCHANT_PRVDR]] => LBK-008-FP-USD-VIS,MAS
    [NAME] => Juan Dela Cruz
    [B2A1] => Address
    [B2CC] => PH
    [B2CI] => Makati City
    [B2PC] => 12334
    [B2PN] => 123567
    [B2ST] => Metro Manila Makati
    [S2A1] => 
    [S2CC] => 
    [S2CI] => 
    [S2EM] => 
    [S2NM] =>  
    [S2PC] => 
    [S2PN] => 
    [S2ST] => 
    [SHTP] => 
    [CASH] => 10
    [DOB] => 1970-03-01
    [GENDER] => M
    [EMAL] => juan@mail.com
    [ANID] => 123567
)


2016-03-16T08:51:07Z
RequestParameter:  billNo: qY34C145792151461 | startTime:2016-03-16 08:51:07

2016-03-16T08:51:07Z
Array
(
    [MODE] => P
    [FRMT] => XML
    [VERS] => 0630
    [MERC] => 680000
    [UDF[CUSTOMER_IPAD]] => 
    [SESS] => qY34C145792151461
    [ORDR] => qY34C145792151461
    [CURR] => EUR
    [PENC] => KHASH
    [PTYP] => CARD
    [PTOK] => 542288WDHF3F4NJXUSOK
    [IPAD] => 10.0.0.1
    [MACK] => Y
    [AUTH] => A
    [PROD_DESC[0]] => E-Commerce Purchase 111
    [PROD_TYPE[0]] => E-Commerce Purchase
    [PROD_ITEM[0]] => E-Commerce Purchase
    [PROD_QUANT[0]] => 1
    [PROD_PRICE[0]] => 1000
    [TOTL] => 1000
    [SITE] => VERT999
    [UDF[MERCHANT_ID]] => 10001MERTEST001
    [UDF[MERCHANT_PRVDR]] => LBK-008-FP-USD-VIS,MAS
    [NAME] => Juan Dela Cruz
    [B2A1] => Address
    [B2CC] => PH
    [B2CI] => Makati City
    [B2PC] => 12334
    [B2PN] => 123567
    [B2ST] => Metro Manila Makati
    [S2A1] => 
    [S2CC] => 
    [S2CI] => 
    [S2EM] => 
    [S2NM] =>  
    [S2PC] => 
    [S2PN] => 
    [S2ST] => 
    [SHTP] => 
    [CASH] => 10
    [DOB] => 1970-03-01
    [GENDER] => M
    [EMAL] => juan@mail.com
    [ANID] => 123567
)


2016-03-16T08:55:34Z
RequestParameter:  billNo: qY34C145792151462 | startTime:2016-03-16 08:55:34

2016-03-16T08:55:34Z
Array
(
    [MODE] => P
    [FRMT] => XML
    [VERS] => 0630
    [MERC] => 680000
    [UDF[CUSTOMER_IPAD]] => 
    [SESS] => qY34C145792151462
    [ORDR] => qY34C145792151462
    [CURR] => EUR
    [PENC] => KHASH
    [PTYP] => CARD
    [PTOK] => 542288WDHF3F4NJXUSOK
    [IPAD] => 10.0.0.1
    [MACK] => Y
    [AUTH] => A
    [PROD_DESC[0]] => E-Commerce Purchase 111
    [PROD_TYPE[0]] => E-Commerce Purchase
    [PROD_ITEM[0]] => E-Commerce Purchase
    [PROD_QUANT[0]] => 1
    [PROD_PRICE[0]] => 1000
    [TOTL] => 1000
    [SITE] => VERT999
    [UDF[MERCHANT_ID]] => 10001MERTEST001
    [UDF[MERCHANT_PRVDR]] => LBK-008-FP-USD-VIS,MAS
    [NAME] => Juan Dela Cruz
    [B2A1] => Address
    [B2CC] => PH
    [B2CI] => Makati City
    [B2PC] => 12334
    [B2PN] => 123567
    [B2ST] => Metro Manila Makati
    [S2A1] => 
    [S2CC] => 
    [S2CI] => 
    [S2EM] => 
    [S2NM] =>  
    [S2PC] => 
    [S2PN] => 
    [S2ST] => 
    [SHTP] => 
    [CASH] => 10
    [DOB] => 1970-03-01
    [GENDER] => M
    [EMAL] => juan@mail.com
    [ANID] => 123567
)


2016-03-16T08:56:54Z
RequestParameter:  billNo: qY34C145792151463 | startTime:2016-03-16 08:56:54

2016-03-16T08:56:54Z
Array
(
    [MODE] => P
    [FRMT] => XML
    [VERS] => 0630
    [MERC] => 680000
    [UDF[CUSTOMER_IPAD]] => 
    [SESS] => qY34C145792151463
    [ORDR] => qY34C145792151463
    [CURR] => EUR
    [PENC] => KHASH
    [PTYP] => CARD
    [PTOK] => 541333AB6QNA5DN7SWJZ
    [IPAD] => 10.0.0.1
    [MACK] => Y
    [AUTH] => A
    [PROD_DESC[0]] => E-Commerce Purchase 111
    [PROD_TYPE[0]] => E-Commerce Purchase
    [PROD_ITEM[0]] => E-Commerce Purchase
    [PROD_QUANT[0]] => 1
    [PROD_PRICE[0]] => 1000
    [TOTL] => 1000
    [SITE] => VERT999
    [UDF[MERCHANT_ID]] => 10001MERTEST001
    [UDF[MERCHANT_PRVDR]] => LBK-008-FP-USD-VIS,MAS
    [NAME] => Juan Dela Cruz
    [B2A1] => Address
    [B2CC] => PH
    [B2CI] => Makati City
    [B2PC] => 12334
    [B2PN] => 123567
    [B2ST] => Metro Manila Makati
    [S2A1] => 
    [S2CC] => 
    [S2CI] => 
    [S2EM] => 
    [S2NM] =>  
    [S2PC] => 
    [S2PN] => 
    [S2ST] => 
    [SHTP] => 
    [CASH] => 10
    [DOB] => 1970-03-01
    [GENDER] => M
    [EMAL] => juan@mail.com
    [ANID] => 123567
)


2016-03-16T09:00:39Z
RequestParameter:  billNo: qY34C145792151464 | startTime:2016-03-16 09:00:39

2016-03-16T09:00:39Z
Array
(
    [MODE] => P
    [FRMT] => XML
    [VERS] => 0630
    [MERC] => 680000
    [UDF[CUSTOMER_IPAD]] => 
    [SESS] => qY34C145792151464
    [ORDR] => qY34C145792151464
    [CURR] => EUR
    [PENC] => KHASH
    [PTYP] => CARD
    [PTOK] => 541333J57QNPX4I65H8H
    [IPAD] => 10.0.0.1
    [MACK] => Y
    [AUTH] => A
    [PROD_DESC[0]] => E-Commerce Purchase 111
    [PROD_TYPE[0]] => E-Commerce Purchase
    [PROD_ITEM[0]] => E-Commerce Purchase
    [PROD_QUANT[0]] => 1
    [PROD_PRICE[0]] => 1000
    [TOTL] => 1000
    [SITE] => VERT999
    [UDF[MERCHANT_ID]] => 10001MERTEST001
    [UDF[MERCHANT_PRVDR]] => LBK-008-FP-USD-VIS,MAS
    [NAME] => Juan Dela Cruz
    [B2A1] => Address
    [B2CC] => PH
    [B2CI] => Makati City
    [B2PC] => 12334
    [B2PN] => 123567
    [B2ST] => Metro Manila Makati
    [S2A1] => 
    [S2CC] => 
    [S2CI] => 
    [S2EM] => 
    [S2NM] =>  
    [S2PC] => 
    [S2PN] => 
    [S2ST] => 
    [SHTP] => 
    [CASH] => 10
    [DOB] => 1970-03-01
    [GENDER] => M
    [EMAL] => juan@mail.com
    [ANID] => 123567
)


