2014-05-22T13:31:41Z
RequestParameter:  referenceId: CAD534011718

2014-05-22T13:31:41Z
https://secure.qwipi.com/ars/payments.jsp?merNo=88894&md5Key=31F4EA0542E6F887F0BB8DF52A1EC899&billNo=CAD534011718&dateTime=20121105151137&currency=USD&language=eng&cardHolderIp=192.168.170.168&md5Info=0CB578EFE53B48B9B82606946A1AFA72&cardNum=50000000000000006&cvv2=123&month=12&year=14&birthDate=09201984&firstName=firstName&lastName=lastName&email=email@mail.com&phone=123456789&zipCode=123456&address=address&city=address&state=state&country=US&amount=12.00&products=&remark=remark

2014-05-22T13:31:42Z
ResponseParameter:  referenceId: CAD534011718

2014-05-22T13:31:42Z
<?xml version="1.0" encoding="UTF-8"?>
<response>



<operation>01</operation><resultCode>1</resultCode><merNo>88894</merNo><billNo>CAD534011718</billNo><currency>USD</currency><amount>12.00</amount><dateTime></dateTime><paymentOrderNo></paymentOrderNo><remark>CardNum field is too long</remark><md5Info>D98286369AA554DB7FED84A44B5A4C68</md5Info><billingDescriptor></billingDescriptor>

</response>

2014-05-22T13:40:34Z
RequestParameter:  referenceId: CAD-0c6495bb0fec

2014-05-22T13:40:34Z
https://secure.qwipi.com/ars/payments.jsp?merNo=88894&md5Key=31F4EA0542E6F887F0BB8DF52A1EC899&billNo=CAD-0c6495bb0fec&dateTime=20121105151137&currency=USD&language=eng&cardHolderIp=192.168.170.168&md5Info=29F6460F17E3CAE20932EACDB292473D&cardNum=5000000000000006&cvv2=123&month=12&year=14&birthDate=09201984&firstName=firstName&lastName=lastName&email=email@mail.com&phone=123456789&zipCode=123456&address=address&city=address&state=state&country=US&amount=12.00&products=&remark=remark

2014-05-22T13:40:35Z
ResponseParameter:  referenceId: CAD-0c6495bb0fec

2014-05-22T13:40:35Z
<?xml version="1.0" encoding="UTF-8"?>
<response>



<operation>01</operation><resultCode>1</resultCode><merNo>88894</merNo><billNo>CAD-0c6495bb0fec</billNo><currency>USD</currency><amount>12.00</amount><dateTime></dateTime><paymentOrderNo></paymentOrderNo><remark>Sorry, your current card type is not accepted at this moment!</remark><md5Info>DF36A249BF3A2E731872AECD8E825F50</md5Info><billingDescriptor></billingDescriptor>

</response>

2014-05-22T13:42:10Z
RequestParameter:  referenceId: CAD-1d0276d7bdb3

2014-05-22T13:42:10Z
https://secure.qwipi.com/ars/payments.jsp?merNo=88894&md5Key=31F4EA0542E6F887F0BB8DF52A1EC899&billNo=CAD-1d0276d7bdb3&dateTime=20121105151137&currency=USD&language=eng&cardHolderIp=192.168.170.168&md5Info=5D221773646FD48F08248E875C5A9255&cardNum=5000000000000006&cvv2=123&month=12&year=14&birthDate=09201984&firstName=firstName&lastName=lastName&email=email@mail.com&phone=123456789&zipCode=123456&address=address&city=address&state=state&country=US&amount=12.00&products=&remark=remark

2014-05-22T13:42:12Z
ResponseParameter:  referenceId: CAD-1d0276d7bdb3

2014-05-22T13:42:12Z
<?xml version="1.0" encoding="UTF-8"?>
<response>



<operation>01</operation><resultCode>1</resultCode><merNo>88894</merNo><billNo>CAD-1d0276d7bdb3</billNo><currency>USD</currency><amount>12.00</amount><dateTime></dateTime><paymentOrderNo></paymentOrderNo><remark>Sorry, your current card type is not accepted at this moment!</remark><md5Info>AB417DD0B61E7879F840038F874443AA</md5Info><billingDescriptor></billingDescriptor>

</response>

2014-05-22T13:43:41Z
RequestParameter:  referenceId: CAD-7ec5a61a0f21

2014-05-22T13:43:41Z
https://secure.qwipi.com/ars/payments.jsp?merNo=88894&md5Key=31F4EA0542E6F887F0BB8DF52A1EC899&billNo=CAD-7ec5a61a0f21&dateTime=20121105151137&currency=USD&language=eng&cardHolderIp=192.168.170.168&md5Info=73C3F4AC8FC70A5C00F4CF6F41F4C73F&cardNum=5000000000000006&cvv2=123&month=12&year=14&birthDate=09201984&firstName=firstName&lastName=lastName&email=email@mail.com&phone=123456789&zipCode=123456&address=address&city=address&state=state&country=US&amount=12.00&products=&remark=remark

2014-05-22T13:43:42Z
ResponseParameter:  referenceId: CAD-7ec5a61a0f21

2014-05-22T13:43:42Z
<?xml version="1.0" encoding="UTF-8"?>
<response>



<operation>01</operation><resultCode>1</resultCode><merNo>88894</merNo><billNo>CAD-7ec5a61a0f21</billNo><currency>USD</currency><amount>12.00</amount><dateTime></dateTime><paymentOrderNo></paymentOrderNo><remark>Sorry, your current card type is not accepted at this moment!</remark><md5Info>5B128F498C4745A37FF4380F52A96BCA</md5Info><billingDescriptor></billingDescriptor>

</response>

2014-05-22T13:55:38Z
RequestParameter:  referenceId: CAD-a141ed79a635

2014-05-22T13:55:38Z
https://secure.qwipi.com/ars/payments.jsp?merNo=88894&md5Key=31F4EA0542E6F887F0BB8DF52A1EC899&billNo=CAD-a141ed79a635&dateTime=20121105151137&currency=USD&language=eng&cardHolderIp=192.168.170.168&md5Info=6BC746D006618266D2B96A1FEBAD5F1B&cardNum=5000000000000006&cvv2=123&month=12&year=14&birthDate=09201984&firstName=firstName&lastName=lastName&email=email@mail.com&phone=123456789&zipCode=123456&address=address&city=address&state=state&country=US&amount=12.00&products=&remark=remark

2014-05-22T13:55:39Z
ResponseParameter:  referenceId: CAD-a141ed79a635

2014-05-22T13:55:39Z
<?xml version="1.0" encoding="UTF-8"?>
<response>



<operation>01</operation><resultCode>1</resultCode><merNo>88894</merNo><billNo>CAD-a141ed79a635</billNo><currency>USD</currency><amount>12.00</amount><dateTime></dateTime><paymentOrderNo></paymentOrderNo><remark>Sorry, your current card type is not accepted at this moment!</remark><md5Info>807086FF60004A9347C026D850966F98</md5Info><billingDescriptor></billingDescriptor>

</response>

2014-05-22T14:06:50Z
RequestParameter:  referenceId: CAD-f3ad0ce65fd1

2014-05-22T14:06:50Z
https://secure.qwipi.com/ars/payments.jsp?merNo=88894&md5Key=31F4EA0542E6F887F0BB8DF52A1EC899&billNo=CAD-f3ad0ce65fd1&dateTime=20121105151137&currency=USD&language=eng&cardHolderIp=192.168.170.168&md5Info=DD49779369721B0EE7222D0F56669C30&cardNum=5000000000000006&cvv2=123&month=12&year=14&birthDate=09201984&firstName=firstName&lastName=lastName&email=email@mail.com&phone=123456789&zipCode=123456&address=address&city=address&state=state&country=US&amount=12.00&products=&remark=remark

2014-05-22T14:06:52Z
ResponseParameter:  referenceId: CAD-f3ad0ce65fd1

2014-05-22T14:06:52Z
<?xml version="1.0" encoding="UTF-8"?>
<response>



<operation>01</operation><resultCode>1</resultCode><merNo>88894</merNo><billNo>CAD-f3ad0ce65fd1</billNo><currency>USD</currency><amount>12.00</amount><dateTime></dateTime><paymentOrderNo></paymentOrderNo><remark>Sorry, your current card type is not accepted at this moment!</remark><md5Info>9E3E30C762B56A747EBEDCE359CE5A90</md5Info><billingDescriptor></billingDescriptor>

</response>

2014-05-22T14:08:14Z
RequestParameter:  referenceId: CAD-663bad7f9632

2014-05-22T14:08:14Z
https://secure.qwipi.com/ars/payments.jsp?merNo=88894&md5Key=31F4EA0542E6F887F0BB8DF52A1EC899&billNo=CAD-663bad7f9632&dateTime=20121105151137&currency=USD&language=eng&cardHolderIp=192.168.170.168&md5Info=41D0C389E1101291C6CF6413A2D7FFA1&cardNum=5100000000000006&cvv2=123&month=12&year=14&birthDate=09201984&firstName=firstName&lastName=lastName&email=email@mail.com&phone=123456789&zipCode=123456&address=address&city=address&state=state&country=US&amount=12.00&products=&remark=remark

2014-05-22T14:08:15Z
ResponseParameter:  referenceId: CAD-663bad7f9632

2014-05-22T14:08:15Z
<?xml version="1.0" encoding="UTF-8"?>
<response>



<operation>01</operation><resultCode>1</resultCode><merNo>88894</merNo><billNo>CAD-663bad7f9632</billNo><currency>USD</currency><amount>12.00</amount><dateTime></dateTime><paymentOrderNo></paymentOrderNo><remark>Sorry, your current card type is not accepted at this moment!</remark><md5Info>21DBD37AE7637B02A712B620436D7757</md5Info><billingDescriptor></billingDescriptor>

</response>

2014-05-22T14:11:40Z
RequestParameter:  referenceId: CAD-635dbbb2e726

2014-05-22T14:11:40Z
https://secure.qwipi.com/ars/payments.jsp?merNo=88894&md5Key=31F4EA0542E6F887F0BB8DF52A1EC899&billNo=CAD-635dbbb2e726&dateTime=20121105151137&currency=USD&language=eng&cardHolderIp=192.168.170.168&md5Info=0CF00CB1C70A8B40FFD96F10F77B93F3&cardNum=5100000000000006&cvv2=123&month=12&year=14&birthDate=09201984&firstName=firstName&lastName=lastName&email=email@mail.com&phone=123456789&zipCode=123456&address=address&city=address&state=state&country=US&amount=12.00&products=&remark=remark

2014-05-22T14:11:41Z
ResponseParameter:  referenceId: CAD-635dbbb2e726

2014-05-22T14:11:41Z
<?xml version="1.0" encoding="UTF-8"?>
<response>



<operation>01</operation><resultCode>1</resultCode><merNo>88894</merNo><billNo>CAD-635dbbb2e726</billNo><currency>USD</currency><amount>12.00</amount><dateTime></dateTime><paymentOrderNo></paymentOrderNo><remark>Sorry, your current card type is not accepted at this moment!</remark><md5Info>EC7F61488AB378B4C8239160EDE8D296</md5Info><billingDescriptor></billingDescriptor>

</response>

2014-05-22T14:13:37Z
RequestParameter:  referenceId: CAD-842a8a2ec97e

2014-05-22T14:13:37Z
https://secure.qwipi.com/ars/payments.jsp?merNo=88894&md5Key=31F4EA0542E6F887F0BB8DF52A1EC899&billNo=CAD-842a8a2ec97e&dateTime=20121105151137&currency=USD&language=eng&cardHolderIp=192.168.170.168&md5Info=1759C8D7077748D65E4CB5874C206311&cardNum=5100000000000006&cvv2=123&month=12&year=14&birthDate=09201984&firstName=firstName&lastName=lastName&email=email@mail.com&phone=123456789&zipCode=123456&address=address&city=address&state=state&country=US&amount=12.00&products=&remark=remark

2014-05-22T14:13:38Z
ResponseParameter:  referenceId: CAD-842a8a2ec97e

2014-05-22T14:13:38Z
<?xml version="1.0" encoding="UTF-8"?>
<response>



<operation>01</operation><resultCode>1</resultCode><merNo>88894</merNo><billNo>CAD-842a8a2ec97e</billNo><currency>USD</currency><amount>12.00</amount><dateTime></dateTime><paymentOrderNo></paymentOrderNo><remark>Sorry, your current card type is not accepted at this moment!</remark><md5Info>DC139F0351660C6DA25A825B38AD0F5E</md5Info><billingDescriptor></billingDescriptor>

</response>

2014-05-22T14:31:19Z
RequestParameter:  referenceId: CAD-864338a7798e

2014-05-22T14:31:19Z
https://secure.qwipi.com/ars/payments.jsp?merNo=88894&md5Key=31F4EA0542E6F887F0BB8DF52A1EC899&billNo=CAD-864338a7798e&dateTime=20121105151137&currency=USD&language=eng&cardHolderIp=192.168.170.168&md5Info=18DD96A6553FFD6810971FAA5BC36FC1&cardNum=4100000000000006&cvv2=123&month=12&year=14&birthDate=09201984&firstName=firstName&lastName=lastName&email=email@mail.com&phone=123456789&zipCode=123456&address=address&city=address&state=state&country=US&amount=12.00&products=&remark=remark

2014-05-22T14:31:20Z
ResponseParameter:  referenceId: CAD-864338a7798e

2014-05-22T14:31:20Z
<?xml version="1.0" encoding="UTF-8"?>
<response>



<operation>01</operation><resultCode>1</resultCode><merNo>88894</merNo><billNo>CAD-864338a7798e</billNo><currency>USD</currency><amount>12.00</amount><dateTime></dateTime><paymentOrderNo></paymentOrderNo><remark>Date birth format is wrong</remark><md5Info>4B15043FDA89911928132FDFD8DA58D8</md5Info><billingDescriptor></billingDescriptor>

</response>

2014-05-22T14:32:41Z
RequestParameter:  referenceId: CAD-f64536f5813c

2014-05-22T14:32:41Z
https://secure.qwipi.com/ars/payments.jsp?merNo=88894&md5Key=31F4EA0542E6F887F0BB8DF52A1EC899&billNo=CAD-f64536f5813c&dateTime=20121105151137&currency=USD&language=eng&cardHolderIp=192.168.170.168&md5Info=C07E3E00DE4CF2E82FD4D3BEE8282F9C&cardNum=4100000000000006&cvv2=123&month=12&year=14&birthDate=19842009&firstName=firstName&lastName=lastName&email=email@mail.com&phone=123456789&zipCode=123456&address=address&city=address&state=state&country=US&amount=12.00&products=&remark=remark

2014-05-22T14:32:42Z
ResponseParameter:  referenceId: CAD-f64536f5813c

2014-05-22T14:32:42Z
<?xml version="1.0" encoding="UTF-8"?>
<response>



<operation>01</operation><resultCode>1</resultCode><merNo>88894</merNo><billNo>CAD-f64536f5813c</billNo><currency>USD</currency><amount>12.00</amount><dateTime></dateTime><paymentOrderNo></paymentOrderNo><remark>Date birth format is wrong</remark><md5Info>9AD9168D35D7BF2E35366A98D3A9ABFC</md5Info><billingDescriptor></billingDescriptor>

</response>

2014-05-22T14:35:21Z
RequestParameter:  referenceId: CAD-3cf5685be9d9

2014-05-22T14:35:21Z
https://secure.qwipi.com/ars/payments.jsp?merNo=88894&md5Key=31F4EA0542E6F887F0BB8DF52A1EC899&billNo=CAD-3cf5685be9d9&dateTime=20121105151137&currency=USD&language=eng&cardHolderIp=192.168.170.168&md5Info=FDF299F9E3C2453CDE3642F0071F4760&cardNum=4100000000000006&cvv2=123&month=12&year=14&birthDate=19840920&firstName=firstName&lastName=lastName&email=email@mail.com&phone=123456789&zipCode=123456&address=address&city=address&state=state&country=US&amount=12.00&products=&remark=remark

2014-05-22T14:35:23Z
ResponseParameter:  referenceId: CAD-3cf5685be9d9

2014-05-22T14:35:23Z
<?xml version="1.0" encoding="UTF-8"?>
<response>



<resultCode>0</resultCode><merNo>88894</merNo><paymentOrderNo>8889410777380</paymentOrderNo><billNo>CAD-3cf5685be9d9</billNo><currency>USD</currency><amount>12.00</amount><dateTime>20140522223523</dateTime><remark>Unexpected error. Try again later.</remark><md5Info>BEACABA934A46326A7906349FEF3C053</md5Info><billingDescriptor>www.drnatura.com</billingDescriptor>

</response>

