2014-11-27T03:34:20Z
RequestParameter:  billNo: nPKfA1417059260 | startTime:2014-11-27 03:34:20

2014-11-27T03:34:20Z
Array
(
    [MODE] => P
    [FRMT] => XML
    [VERS] => 0600
    [MERC] => 680000
    [SESS] => nPKfA1417059260
    [ORDR] => nPKfA1417059260
    [CURR] => USD
    [PENC] => KHASH
    [PTYP] => CARD
    [PTOK] => 535353VFEC8DRAMZ8Z8G
    [IPAD] => 10.0.0.1
    [MACK] => Y
    [PROD_DESC[0]] => Item1_Description
    [PROD_TYPE[0]] => Type1
    [PROD_ITEM[0]] => Item1
    [PROD_QUANT[0]] => 1
    [PROD_PRICE[0]] => 50000
    [TOTL] => 50000
    [SITE] => VERT999
    [UDF[MERCHANT_ID]] => 10001MERTEST001
    [NAME] => Firstname Lastname
    [B2A1] => Address
    [B2CC] => AF
    [B2CI] => City
    [B2PC] => 1234
    [B2PN] => 12345678
    [B2ST] => State
    [S2A1] => sAddress
    [S2CC] => AL
    [S2CI] => sCity
    [S2EM] => s-email@example.com
    [S2NM] => sFirstname sLastname
    [S2PC] => 4321
    [S2PN] => 87654321
    [S2ST] => sState
    [SHTP] => SD
    [CASH] => 500
    [DOB] => 1998-11-01
    [GENDER] => M
    [EMAL] => johndoeapprove@acme.com
    [ANID] => 12345678
)


2014-11-27T03:34:22Z
ResponseParameter:  billNo: nPKfA1417059260 | endTime:2014-11-27 03:34:22

2014-11-27T03:34:22Z
<?xml version="1.0" encoding="UTF-8"?>
<RESPONSE>
  <VERS>0600</VERS>
  <MODE>P</MODE>
  <TRAN>3S9T0PP9319W</TRAN>
  <MERC>680000</MERC>
  <SESS>nPKfA1417059260</SESS>
  <ORDR>nPKfA1417059260</ORDR>
  <AUTO>A</AUTO>
  <SCOR>29</SCOR>
  <GEOX>US</GEOX>
  <BRND>MSTR</BRND>
  <REGN></REGN>
  <NETW>N</NETW>
  <KAPT>N</KAPT>
  <CARDS>1</CARDS>
  <DEVICES>1</DEVICES>
  <EMAILS>1</EMAILS>
  <VELO>0</VELO>
  <VMAX>0</VMAX>
  <RULES_TRIGGERED>4</RULES_TRIGGERED>
  <RULE_ID_0>772998</RULE_ID_0>
  <RULE_DESCRIPTION_0>GEO Billing &lt;&gt; BIN Country (1pt)</RULE_DESCRIPTION_0>
  <RULE_ID_1>773002</RULE_ID_1>
  <RULE_DESCRIPTION_1>FRAUD_SCRD GEO Counter Triggered (5pts)</RULE_DESCRIPTION_1>
  <RULE_ID_2>773026</RULE_ID_2>
  <RULE_DESCRIPTION_2>Approve VIP List Email</RULE_DESCRIPTION_2>
  <RULE_ID_3>773028</RULE_ID_3>
  <RULE_DESCRIPTION_3>Decline UDF MER_ID 10001MERTEST001 and RIS MOTO and Total Order &gt; 500</RULE_DESCRIPTION_3>
  <COUNTERS_TRIGGERED>2</COUNTERS_TRIGGERED>
  <COUNTER_NAME_0>GEO</COUNTER_NAME_0>
  <COUNTER_VALUE_0>1</COUNTER_VALUE_0>
  <COUNTER_NAME_1>FRAUD_SCRD</COUNTER_NAME_1>
  <COUNTER_VALUE_1>5</COUNTER_VALUE_1>
  <REASON_CODE></REASON_CODE>
  <MASTERCARD></MASTERCARD>
  <DDFS></DDFS>
  <DSR></DSR>
  <UAS></UAS>
  <BROWSER></BROWSER>
  <OS></OS>
  <PIP_IPAD></PIP_IPAD>
  <PIP_LAT></PIP_LAT>
  <PIP_LON></PIP_LON>
  <PIP_COUNTRY></PIP_COUNTRY>
  <PIP_REGION></PIP_REGION>
  <PIP_CITY></PIP_CITY>
  <PIP_ORG></PIP_ORG>
  <IP_IPAD></IP_IPAD>
  <IP_LAT></IP_LAT>
  <IP_LON></IP_LON>
  <IP_COUNTRY></IP_COUNTRY>
  <IP_REGION></IP_REGION>
  <IP_CITY></IP_CITY>
  <IP_ORG></IP_ORG>
  <WARNING_COUNT>0</WARNING_COUNT>
</RESPONSE>

2014-11-27T03:37:25Z
RequestParameter:  billNo: lHcSb1417059445 | startTime:2014-11-27 03:37:25

2014-11-27T03:37:25Z
Array
(
    [MODE] => P
    [FRMT] => XML
    [VERS] => 0600
    [MERC] => 680000
    [SESS] => lHcSb1417059445
    [ORDR] => lHcSb1417059445
    [CURR] => USD
    [PENC] => KHASH
    [PTYP] => CARD
    [PTOK] => 535353VFEC8DRAMZ8Z8G
    [IPAD] => 10.0.0.1
    [MACK] => Y
    [PROD_DESC[0]] => Item1_Description
    [PROD_TYPE[0]] => Type1
    [PROD_ITEM[0]] => Item1
    [PROD_QUANT[0]] => 1
    [PROD_PRICE[0]] => 49900
    [TOTL] => 49900
    [SITE] => VERT999
    [UDF[MERCHANT_ID]] => 10001MERTEST001
    [NAME] => Firstname Lastname
    [B2A1] => Address
    [B2CC] => AF
    [B2CI] => City
    [B2PC] => 1234
    [B2PN] => 12345678
    [B2ST] => State
    [S2A1] => sAddress
    [S2CC] => AL
    [S2CI] => sCity
    [S2EM] => s-email@example.com
    [S2NM] => sFirstname sLastname
    [S2PC] => 4321
    [S2PN] => 87654321
    [S2ST] => sState
    [SHTP] => SD
    [CASH] => 499
    [DOB] => 1998-11-01
    [GENDER] => M
    [EMAL] => johndoeapprove@acme.com
    [ANID] => 12345678
)


2014-11-27T03:37:26Z
ResponseParameter:  billNo: lHcSb1417059445 | endTime:2014-11-27 03:37:26

2014-11-27T03:37:26Z
<?xml version="1.0" encoding="UTF-8"?>
<RESPONSE>
  <VERS>0600</VERS>
  <MODE>P</MODE>
  <TRAN>3S9T0XC2GZGR</TRAN>
  <MERC>680000</MERC>
  <SESS>lHcSb1417059445</SESS>
  <ORDR>lHcSb1417059445</ORDR>
  <AUTO>A</AUTO>
  <SCOR>29</SCOR>
  <GEOX>US</GEOX>
  <BRND>MSTR</BRND>
  <REGN></REGN>
  <NETW>N</NETW>
  <KAPT>N</KAPT>
  <CARDS>1</CARDS>
  <DEVICES>1</DEVICES>
  <EMAILS>1</EMAILS>
  <VELO>0</VELO>
  <VMAX>0</VMAX>
  <RULES_TRIGGERED>4</RULES_TRIGGERED>
  <RULE_ID_0>772998</RULE_ID_0>
  <RULE_DESCRIPTION_0>GEO Billing &lt;&gt; BIN Country (1pt)</RULE_DESCRIPTION_0>
  <RULE_ID_1>773002</RULE_ID_1>
  <RULE_DESCRIPTION_1>FRAUD_SCRD GEO Counter Triggered (5pts)</RULE_DESCRIPTION_1>
  <RULE_ID_2>773026</RULE_ID_2>
  <RULE_DESCRIPTION_2>Approve VIP List Email</RULE_DESCRIPTION_2>
  <RULE_ID_3>773028</RULE_ID_3>
  <RULE_DESCRIPTION_3>Decline UDF MER_ID 10001MERTEST001 and RIS MOTO and Total Order &gt; 500</RULE_DESCRIPTION_3>
  <COUNTERS_TRIGGERED>2</COUNTERS_TRIGGERED>
  <COUNTER_NAME_0>GEO</COUNTER_NAME_0>
  <COUNTER_VALUE_0>1</COUNTER_VALUE_0>
  <COUNTER_NAME_1>FRAUD_SCRD</COUNTER_NAME_1>
  <COUNTER_VALUE_1>5</COUNTER_VALUE_1>
  <REASON_CODE></REASON_CODE>
  <MASTERCARD></MASTERCARD>
  <DDFS></DDFS>
  <DSR></DSR>
  <UAS></UAS>
  <BROWSER></BROWSER>
  <OS></OS>
  <PIP_IPAD></PIP_IPAD>
  <PIP_LAT></PIP_LAT>
  <PIP_LON></PIP_LON>
  <PIP_COUNTRY></PIP_COUNTRY>
  <PIP_REGION></PIP_REGION>
  <PIP_CITY></PIP_CITY>
  <PIP_ORG></PIP_ORG>
  <IP_IPAD></IP_IPAD>
  <IP_LAT></IP_LAT>
  <IP_LON></IP_LON>
  <IP_COUNTRY></IP_COUNTRY>
  <IP_REGION></IP_REGION>
  <IP_CITY></IP_CITY>
  <IP_ORG></IP_ORG>
  <WARNING_COUNT>0</WARNING_COUNT>
</RESPONSE>

2014-11-27T03:38:48Z
RequestParameter:  billNo: 8dCLz1417059527 | startTime:2014-11-27 03:38:48

2014-11-27T03:38:48Z
Array
(
    [MODE] => P
    [FRMT] => XML
    [VERS] => 0600
    [MERC] => 680000
    [SESS] => 8dCLz1417059527
    [ORDR] => 8dCLz1417059527
    [CURR] => USD
    [PENC] => KHASH
    [PTYP] => CARD
    [PTOK] => 535353VFEC8DRAMZ8Z8G
    [IPAD] => 10.0.0.1
    [MACK] => Y
    [PROD_DESC[0]] => Item1_Description
    [PROD_TYPE[0]] => Type1
    [PROD_ITEM[0]] => Item1
    [PROD_QUANT[0]] => 1
    [PROD_PRICE[0]] => 40000
    [TOTL] => 40000
    [SITE] => VERT999
    [UDF[MERCHANT_ID]] => 10001MERTEST001
    [NAME] => Firstname Lastname
    [B2A1] => Address
    [B2CC] => AF
    [B2CI] => City
    [B2PC] => 1234
    [B2PN] => 12345678
    [B2ST] => State
    [S2A1] => sAddress
    [S2CC] => AL
    [S2CI] => sCity
    [S2EM] => s-email@example.com
    [S2NM] => sFirstname sLastname
    [S2PC] => 4321
    [S2PN] => 87654321
    [S2ST] => sState
    [SHTP] => SD
    [CASH] => 400
    [DOB] => 1998-11-01
    [GENDER] => M
    [EMAL] => johndoeapprove@acme.com
    [ANID] => 12345678
)


2014-11-27T03:38:49Z
ResponseParameter:  billNo: 8dCLz1417059527 | endTime:2014-11-27 03:38:49

2014-11-27T03:38:49Z
<?xml version="1.0" encoding="UTF-8"?>
<RESPONSE>
  <VERS>0600</VERS>
  <MODE>P</MODE>
  <TRAN>3S9T0CG7Q2S3</TRAN>
  <MERC>680000</MERC>
  <SESS>8dCLz1417059527</SESS>
  <ORDR>8dCLz1417059527</ORDR>
  <AUTO>A</AUTO>
  <SCOR>29</SCOR>
  <GEOX>US</GEOX>
  <BRND>MSTR</BRND>
  <REGN></REGN>
  <NETW>N</NETW>
  <KAPT>N</KAPT>
  <CARDS>1</CARDS>
  <DEVICES>1</DEVICES>
  <EMAILS>1</EMAILS>
  <VELO>0</VELO>
  <VMAX>0</VMAX>
  <RULES_TRIGGERED>3</RULES_TRIGGERED>
  <RULE_ID_0>772998</RULE_ID_0>
  <RULE_DESCRIPTION_0>GEO Billing &lt;&gt; BIN Country (1pt)</RULE_DESCRIPTION_0>
  <RULE_ID_1>773002</RULE_ID_1>
  <RULE_DESCRIPTION_1>FRAUD_SCRD GEO Counter Triggered (5pts)</RULE_DESCRIPTION_1>
  <RULE_ID_2>773026</RULE_ID_2>
  <RULE_DESCRIPTION_2>Approve VIP List Email</RULE_DESCRIPTION_2>
  <COUNTERS_TRIGGERED>2</COUNTERS_TRIGGERED>
  <COUNTER_NAME_0>GEO</COUNTER_NAME_0>
  <COUNTER_VALUE_0>1</COUNTER_VALUE_0>
  <COUNTER_NAME_1>FRAUD_SCRD</COUNTER_NAME_1>
  <COUNTER_VALUE_1>5</COUNTER_VALUE_1>
  <REASON_CODE></REASON_CODE>
  <MASTERCARD></MASTERCARD>
  <DDFS></DDFS>
  <DSR></DSR>
  <UAS></UAS>
  <BROWSER></BROWSER>
  <OS></OS>
  <PIP_IPAD></PIP_IPAD>
  <PIP_LAT></PIP_LAT>
  <PIP_LON></PIP_LON>
  <PIP_COUNTRY></PIP_COUNTRY>
  <PIP_REGION></PIP_REGION>
  <PIP_CITY></PIP_CITY>
  <PIP_ORG></PIP_ORG>
  <IP_IPAD></IP_IPAD>
  <IP_LAT></IP_LAT>
  <IP_LON></IP_LON>
  <IP_COUNTRY></IP_COUNTRY>
  <IP_REGION></IP_REGION>
  <IP_CITY></IP_CITY>
  <IP_ORG></IP_ORG>
  <WARNING_COUNT>0</WARNING_COUNT>
</RESPONSE>

2014-11-27T06:47:04Z
RequestParameter:  billNo: d40DW1417070824 | startTime:2014-11-27 06:47:04

2014-11-27T06:47:04Z
Array
(
    [MODE] => P
    [FRMT] => XML
    [VERS] => 0600
    [MERC] => 680000
    [SESS] => d40DW1417070824
    [ORDR] => d40DW1417070824
    [CURR] => USD
    [PENC] => KHASH
    [PTYP] => CARD
    [PTOK] => 4918912GXE0BUP1QG8K5
    [IPAD] => 10.0.0.1
    [MACK] => Y
    [PROD_DESC[0]] => test
    [PROD_TYPE[0]] => fan
    [PROD_ITEM[0]] => 1
    [PROD_QUANT[0]] => 2
    [PROD_PRICE[0]] => 500
    [TOTL] => 1000
    [SITE] => VERT999
    [UDF[MERCHANT_ID]] => PSIMERCH1
    [NAME] => Juan Dela Cruz
    [B2A1] => address
    [B2CC] => PH
    [B2CI] => city
    [B2PC] => 12345
    [B2PN] => 123456789
    [B2ST] => state
    [S2A1] => 
    [S2CC] => 
    [S2CI] => 
    [S2EM] => 
    [S2NM] =>  
    [S2PC] => 
    [S2PN] => 
    [S2ST] => 
    [SHTP] => 
    [CASH] => 10
    [DOB] => 1970-11-18
    [GENDER] => M
    [EMAL] => jd@gmail.com
    [ANID] => 123456789
)


2014-11-27T06:47:07Z
ResponseParameter:  billNo: d40DW1417070824 | endTime:2014-11-27 06:47:07

2014-11-27T06:47:07Z
<?xml version="1.0" encoding="UTF-8"?>
<RESPONSE>
  <VERS>0600</VERS>
  <MODE>P</MODE>
  <TRAN>3S900KMCKQCG</TRAN>
  <MERC>680000</MERC>
  <SESS>d40DW1417070824</SESS>
  <ORDR>d40DW1417070824</ORDR>
  <AUTO>A</AUTO>
  <SCOR>29</SCOR>
  <GEOX>US</GEOX>
  <BRND>VISA</BRND>
  <REGN></REGN>
  <NETW>N</NETW>
  <KAPT>N</KAPT>
  <CARDS>1</CARDS>
  <DEVICES>1</DEVICES>
  <EMAILS>1</EMAILS>
  <VELO>0</VELO>
  <VMAX>0</VMAX>
  <RULES_TRIGGERED>2</RULES_TRIGGERED>
  <RULE_ID_0>772998</RULE_ID_0>
  <RULE_DESCRIPTION_0>GEO Billing &lt;&gt; BIN Country (1pt)</RULE_DESCRIPTION_0>
  <RULE_ID_1>773002</RULE_ID_1>
  <RULE_DESCRIPTION_1>FRAUD_SCRD GEO Counter Triggered (5pts)</RULE_DESCRIPTION_1>
  <COUNTERS_TRIGGERED>2</COUNTERS_TRIGGERED>
  <COUNTER_NAME_0>GEO</COUNTER_NAME_0>
  <COUNTER_VALUE_0>1</COUNTER_VALUE_0>
  <COUNTER_NAME_1>FRAUD_SCRD</COUNTER_NAME_1>
  <COUNTER_VALUE_1>5</COUNTER_VALUE_1>
  <REASON_CODE></REASON_CODE>
  <MASTERCARD></MASTERCARD>
  <DDFS></DDFS>
  <DSR></DSR>
  <UAS></UAS>
  <BROWSER></BROWSER>
  <OS></OS>
  <PIP_IPAD></PIP_IPAD>
  <PIP_LAT></PIP_LAT>
  <PIP_LON></PIP_LON>
  <PIP_COUNTRY></PIP_COUNTRY>
  <PIP_REGION></PIP_REGION>
  <PIP_CITY></PIP_CITY>
  <PIP_ORG></PIP_ORG>
  <IP_IPAD></IP_IPAD>
  <IP_LAT></IP_LAT>
  <IP_LON></IP_LON>
  <IP_COUNTRY></IP_COUNTRY>
  <IP_REGION></IP_REGION>
  <IP_CITY></IP_CITY>
  <IP_ORG></IP_ORG>
  <WARNING_COUNT>0</WARNING_COUNT>
</RESPONSE>

2014-11-27T06:51:18Z
RequestParameter:  billNo: SkNpv1417071078 | startTime:2014-11-27 06:51:18

2014-11-27T06:51:18Z
Array
(
    [MODE] => P
    [FRMT] => XML
    [VERS] => 0600
    [MERC] => 680000
    [SESS] => SkNpv1417071078
    [ORDR] => SkNpv1417071078
    [CURR] => USD
    [PENC] => KHASH
    [PTYP] => CARD
    [PTOK] => 4918912GXE0BUP1QG8K5
    [IPAD] => 10.0.0.1
    [MACK] => Y
    [PROD_DESC[0]] => test
    [PROD_TYPE[0]] => fan
    [PROD_ITEM[0]] => 1
    [PROD_QUANT[0]] => 2
    [PROD_PRICE[0]] => 500
    [TOTL] => 1000
    [SITE] => VERT999
    [UDF[MERCHANT_ID]] => PSIMERCH1
    [NAME] => Test Name
    [B2A1] => address
    [B2CC] => PH
    [B2CI] => city
    [B2PC] => 1234
    [B2PN] => 12345678
    [B2ST] => state
    [S2A1] => 
    [S2CC] => 
    [S2CI] => 
    [S2EM] => 
    [S2NM] =>  
    [S2PC] => 
    [S2PN] => 
    [S2ST] => 
    [SHTP] => 
    [CASH] => 10
    [DOB] => 1991-11-01
    [GENDER] => M
    [EMAL] => test@gmail.com
    [ANID] => 12345678
)


2014-11-27T06:51:20Z
ResponseParameter:  billNo: SkNpv1417071078 | endTime:2014-11-27 06:51:20

2014-11-27T06:51:20Z
<?xml version="1.0" encoding="UTF-8"?>
<RESPONSE>
  <VERS>0600</VERS>
  <MODE>P</MODE>
  <TRAN>3S90035M9508</TRAN>
  <MERC>680000</MERC>
  <SESS>SkNpv1417071078</SESS>
  <ORDR>SkNpv1417071078</ORDR>
  <AUTO>A</AUTO>
  <SCOR>29</SCOR>
  <GEOX>US</GEOX>
  <BRND>VISA</BRND>
  <REGN></REGN>
  <NETW>N</NETW>
  <KAPT>N</KAPT>
  <CARDS>1</CARDS>
  <DEVICES>1</DEVICES>
  <EMAILS>1</EMAILS>
  <VELO>0</VELO>
  <VMAX>0</VMAX>
  <RULES_TRIGGERED>2</RULES_TRIGGERED>
  <RULE_ID_0>772998</RULE_ID_0>
  <RULE_DESCRIPTION_0>GEO Billing &lt;&gt; BIN Country (1pt)</RULE_DESCRIPTION_0>
  <RULE_ID_1>773002</RULE_ID_1>
  <RULE_DESCRIPTION_1>FRAUD_SCRD GEO Counter Triggered (5pts)</RULE_DESCRIPTION_1>
  <COUNTERS_TRIGGERED>2</COUNTERS_TRIGGERED>
  <COUNTER_NAME_0>GEO</COUNTER_NAME_0>
  <COUNTER_VALUE_0>1</COUNTER_VALUE_0>
  <COUNTER_NAME_1>FRAUD_SCRD</COUNTER_NAME_1>
  <COUNTER_VALUE_1>5</COUNTER_VALUE_1>
  <REASON_CODE></REASON_CODE>
  <MASTERCARD></MASTERCARD>
  <DDFS></DDFS>
  <DSR></DSR>
  <UAS></UAS>
  <BROWSER></BROWSER>
  <OS></OS>
  <PIP_IPAD></PIP_IPAD>
  <PIP_LAT></PIP_LAT>
  <PIP_LON></PIP_LON>
  <PIP_COUNTRY></PIP_COUNTRY>
  <PIP_REGION></PIP_REGION>
  <PIP_CITY></PIP_CITY>
  <PIP_ORG></PIP_ORG>
  <IP_IPAD></IP_IPAD>
  <IP_LAT></IP_LAT>
  <IP_LON></IP_LON>
  <IP_COUNTRY></IP_COUNTRY>
  <IP_REGION></IP_REGION>
  <IP_CITY></IP_CITY>
  <IP_ORG></IP_ORG>
  <WARNING_COUNT>0</WARNING_COUNT>
</RESPONSE>

2014-11-27T06:56:44Z
RequestParameter:  billNo: ANMsc1417071404 | startTime:2014-11-27 06:56:44

2014-11-27T06:56:44Z
Array
(
    [MODE] => P
    [FRMT] => XML
    [VERS] => 0600
    [MERC] => 680000
    [SESS] => ANMsc1417071404
    [ORDR] => ANMsc1417071404
    [CURR] => USD
    [PENC] => KHASH
    [PTYP] => CARD
    [PTOK] => 4918912GXE0BUP1QG8K5
    [IPAD] => 10.0.0.1
    [MACK] => Y
    [PROD_DESC[0]] => test
    [PROD_TYPE[0]] => fan
    [PROD_ITEM[0]] => 1
    [PROD_QUANT[0]] => 2
    [PROD_PRICE[0]] => 500
    [TOTL] => 1000
    [SITE] => VERT999
    [UDF[MERCHANT_ID]] => PSIMERCH1
    [NAME] => Test Name
    [B2A1] => address
    [B2CC] => PH
    [B2CI] => city
    [B2PC] => 12345
    [B2PN] => 12345678
    [B2ST] => state
    [S2A1] => 
    [S2CC] => 
    [S2CI] => 
    [S2EM] => 
    [S2NM] =>  
    [S2PC] => 
    [S2PN] => 
    [S2ST] => 
    [SHTP] => 
    [CASH] => 10
    [DOB] => 1952-11-05
    [GENDER] => M
    [EMAL] => test@gmail.com
    [ANID] => 12345678
)


2014-11-27T06:56:45Z
ResponseParameter:  billNo: ANMsc1417071404 | endTime:2014-11-27 06:56:45

2014-11-27T06:56:45Z
<?xml version="1.0" encoding="UTF-8"?>
<RESPONSE>
  <VERS>0600</VERS>
  <MODE>P</MODE>
  <TRAN>3S900GHB42G5</TRAN>
  <MERC>680000</MERC>
  <SESS>ANMsc1417071404</SESS>
  <ORDR>ANMsc1417071404</ORDR>
  <AUTO>A</AUTO>
  <SCOR>29</SCOR>
  <GEOX>US</GEOX>
  <BRND>VISA</BRND>
  <REGN></REGN>
  <NETW>N</NETW>
  <KAPT>N</KAPT>
  <CARDS>1</CARDS>
  <DEVICES>1</DEVICES>
  <EMAILS>1</EMAILS>
  <VELO>0</VELO>
  <VMAX>0</VMAX>
  <RULES_TRIGGERED>2</RULES_TRIGGERED>
  <RULE_ID_0>772998</RULE_ID_0>
  <RULE_DESCRIPTION_0>GEO Billing &lt;&gt; BIN Country (1pt)</RULE_DESCRIPTION_0>
  <RULE_ID_1>773002</RULE_ID_1>
  <RULE_DESCRIPTION_1>FRAUD_SCRD GEO Counter Triggered (5pts)</RULE_DESCRIPTION_1>
  <COUNTERS_TRIGGERED>2</COUNTERS_TRIGGERED>
  <COUNTER_NAME_0>GEO</COUNTER_NAME_0>
  <COUNTER_VALUE_0>1</COUNTER_VALUE_0>
  <COUNTER_NAME_1>FRAUD_SCRD</COUNTER_NAME_1>
  <COUNTER_VALUE_1>5</COUNTER_VALUE_1>
  <REASON_CODE></REASON_CODE>
  <MASTERCARD></MASTERCARD>
  <DDFS></DDFS>
  <DSR></DSR>
  <UAS></UAS>
  <BROWSER></BROWSER>
  <OS></OS>
  <PIP_IPAD></PIP_IPAD>
  <PIP_LAT></PIP_LAT>
  <PIP_LON></PIP_LON>
  <PIP_COUNTRY></PIP_COUNTRY>
  <PIP_REGION></PIP_REGION>
  <PIP_CITY></PIP_CITY>
  <PIP_ORG></PIP_ORG>
  <IP_IPAD></IP_IPAD>
  <IP_LAT></IP_LAT>
  <IP_LON></IP_LON>
  <IP_COUNTRY></IP_COUNTRY>
  <IP_REGION></IP_REGION>
  <IP_CITY></IP_CITY>
  <IP_ORG></IP_ORG>
  <WARNING_COUNT>0</WARNING_COUNT>
</RESPONSE>

2014-11-27T07:00:43Z
RequestParameter:  billNo: nB69L1417071643 | startTime:2014-11-27 07:00:43

2014-11-27T07:00:43Z
Array
(
    [MODE] => P
    [FRMT] => XML
    [VERS] => 0600
    [MERC] => 680000
    [SESS] => nB69L1417071643
    [ORDR] => nB69L1417071643
    [CURR] => PHP
    [PENC] => KHASH
    [PTYP] => CARD
    [PTOK] => 4918912GXE0BUP1QG8K5
    [IPAD] => 10.0.0.1
    [MACK] => Y
    [PROD_DESC[0]] => test
    [PROD_TYPE[0]] => fan
    [PROD_ITEM[0]] => 1
    [PROD_QUANT[0]] => 2
    [PROD_PRICE[0]] => 500
    [TOTL] => 1000
    [SITE] => VERT999
    [UDF[MERCHANT_ID]] => PSIMERCH1
    [NAME] => Test  Name
    [B2A1] => address
    [B2CC] => PH
    [B2CI] => city
    [B2PC] => 12345
    [B2PN] => 123456789
    [B2ST] => state
    [S2A1] => 
    [S2CC] => 
    [S2CI] => 
    [S2EM] => 
    [S2NM] =>  
    [S2PC] => 
    [S2PN] => 
    [S2ST] => 
    [SHTP] => 
    [CASH] => 10
    [DOB] => 1947-11-05
    [GENDER] => F
    [EMAL] => test@gmail.com
    [ANID] => 123456789
)


2014-11-27T07:00:44Z
ResponseParameter:  billNo: nB69L1417071643 | endTime:2014-11-27 07:00:44

2014-11-27T07:00:44Z
<?xml version="1.0" encoding="UTF-8"?>
<RESPONSE>
  <VERS>0600</VERS>
  <MODE>P</MODE>
  <TRAN>3S9C05J2CJ6M</TRAN>
  <MERC>680000</MERC>
  <SESS>nB69L1417071643</SESS>
  <ORDR>nB69L1417071643</ORDR>
  <AUTO>A</AUTO>
  <SCOR>29</SCOR>
  <GEOX>US</GEOX>
  <BRND>VISA</BRND>
  <REGN></REGN>
  <NETW>N</NETW>
  <KAPT>N</KAPT>
  <CARDS>1</CARDS>
  <DEVICES>1</DEVICES>
  <EMAILS>1</EMAILS>
  <VELO>0</VELO>
  <VMAX>0</VMAX>
  <RULES_TRIGGERED>2</RULES_TRIGGERED>
  <RULE_ID_0>772998</RULE_ID_0>
  <RULE_DESCRIPTION_0>GEO Billing &lt;&gt; BIN Country (1pt)</RULE_DESCRIPTION_0>
  <RULE_ID_1>773002</RULE_ID_1>
  <RULE_DESCRIPTION_1>FRAUD_SCRD GEO Counter Triggered (5pts)</RULE_DESCRIPTION_1>
  <COUNTERS_TRIGGERED>2</COUNTERS_TRIGGERED>
  <COUNTER_NAME_0>GEO</COUNTER_NAME_0>
  <COUNTER_VALUE_0>1</COUNTER_VALUE_0>
  <COUNTER_NAME_1>FRAUD_SCRD</COUNTER_NAME_1>
  <COUNTER_VALUE_1>5</COUNTER_VALUE_1>
  <REASON_CODE></REASON_CODE>
  <MASTERCARD></MASTERCARD>
  <DDFS></DDFS>
  <DSR></DSR>
  <UAS></UAS>
  <BROWSER></BROWSER>
  <OS></OS>
  <PIP_IPAD></PIP_IPAD>
  <PIP_LAT></PIP_LAT>
  <PIP_LON></PIP_LON>
  <PIP_COUNTRY></PIP_COUNTRY>
  <PIP_REGION></PIP_REGION>
  <PIP_CITY></PIP_CITY>
  <PIP_ORG></PIP_ORG>
  <IP_IPAD></IP_IPAD>
  <IP_LAT></IP_LAT>
  <IP_LON></IP_LON>
  <IP_COUNTRY></IP_COUNTRY>
  <IP_REGION></IP_REGION>
  <IP_CITY></IP_CITY>
  <IP_ORG></IP_ORG>
  <WARNING_COUNT>0</WARNING_COUNT>
</RESPONSE>

2014-11-27T07:31:31Z
RequestParameter:  billNo: DcseE1417073491 | startTime:2014-11-27 07:31:31

2014-11-27T07:31:31Z
Array
(
    [MODE] => P
    [FRMT] => XML
    [VERS] => 0600
    [MERC] => 680000
    [SESS] => DcseE1417073491
    [ORDR] => DcseE1417073491
    [CURR] => PHP
    [PENC] => KHASH
    [PTYP] => CARD
    [PTOK] => 530970VDEX2DJE3AWXMP
    [IPAD] => 10.0.0.1
    [MACK] => Y
    [PROD_DESC[0]] => test
    [PROD_TYPE[0]] => fan
    [PROD_ITEM[0]] => 1
    [PROD_QUANT[0]] => 2
    [PROD_PRICE[0]] => 500
    [TOTL] => 1000
    [SITE] => VERT999
    [UDF[MERCHANT_ID]] => PSIMERCH1
    [NAME] => Test Name
    [B2A1] => address
    [B2CC] => PH
    [B2CI] => city
    [B2PC] => 12345
    [B2PN] => 123456789
    [B2ST] => state
    [S2A1] => 
    [S2CC] => 
    [S2CI] => 
    [S2EM] => 
    [S2NM] =>  
    [S2PC] => 
    [S2PN] => 
    [S2ST] => 
    [SHTP] => 
    [CASH] => 10
    [DOB] => 1961-06-07
    [GENDER] => M
    [EMAL] => test@gmail.com
    [ANID] => 123456789
)


2014-11-27T07:31:32Z
ResponseParameter:  billNo: DcseE1417073491 | endTime:2014-11-27 07:31:32

2014-11-27T07:31:32Z
<?xml version="1.0" encoding="UTF-8"?>
<RESPONSE>
  <VERS>0600</VERS>
  <MODE>P</MODE>
  <TRAN>3S9C0Z4TQ5L6</TRAN>
  <MERC>680000</MERC>
  <SESS>DcseE1417073491</SESS>
  <ORDR>DcseE1417073491</ORDR>
  <AUTO>A</AUTO>
  <SCOR>29</SCOR>
  <GEOX>US</GEOX>
  <BRND>MSTR</BRND>
  <REGN></REGN>
  <NETW>N</NETW>
  <KAPT>N</KAPT>
  <CARDS>1</CARDS>
  <DEVICES>1</DEVICES>
  <EMAILS>1</EMAILS>
  <VELO>0</VELO>
  <VMAX>0</VMAX>
  <RULES_TRIGGERED>2</RULES_TRIGGERED>
  <RULE_ID_0>772998</RULE_ID_0>
  <RULE_DESCRIPTION_0>GEO Billing &lt;&gt; BIN Country (1pt)</RULE_DESCRIPTION_0>
  <RULE_ID_1>773002</RULE_ID_1>
  <RULE_DESCRIPTION_1>FRAUD_SCRD GEO Counter Triggered (5pts)</RULE_DESCRIPTION_1>
  <COUNTERS_TRIGGERED>2</COUNTERS_TRIGGERED>
  <COUNTER_NAME_0>GEO</COUNTER_NAME_0>
  <COUNTER_VALUE_0>1</COUNTER_VALUE_0>
  <COUNTER_NAME_1>FRAUD_SCRD</COUNTER_NAME_1>
  <COUNTER_VALUE_1>5</COUNTER_VALUE_1>
  <REASON_CODE></REASON_CODE>
  <MASTERCARD></MASTERCARD>
  <DDFS></DDFS>
  <DSR></DSR>
  <UAS></UAS>
  <BROWSER></BROWSER>
  <OS></OS>
  <PIP_IPAD></PIP_IPAD>
  <PIP_LAT></PIP_LAT>
  <PIP_LON></PIP_LON>
  <PIP_COUNTRY></PIP_COUNTRY>
  <PIP_REGION></PIP_REGION>
  <PIP_CITY></PIP_CITY>
  <PIP_ORG></PIP_ORG>
  <IP_IPAD></IP_IPAD>
  <IP_LAT></IP_LAT>
  <IP_LON></IP_LON>
  <IP_COUNTRY></IP_COUNTRY>
  <IP_REGION></IP_REGION>
  <IP_CITY></IP_CITY>
  <IP_ORG></IP_ORG>
  <WARNING_COUNT>0</WARNING_COUNT>
</RESPONSE>

2014-11-27T07:33:15Z
RequestParameter:  billNo: iGl6C1417073595 | startTime:2014-11-27 07:33:15

2014-11-27T07:33:15Z
Array
(
    [MODE] => P
    [FRMT] => XML
    [VERS] => 0600
    [MERC] => 680000
    [SESS] => iGl6C1417073595
    [ORDR] => iGl6C1417073595
    [CURR] => PHP
    [PENC] => KHASH
    [PTYP] => CARD
    [PTOK] => 530970VDEX2DJE3AWXMP
    [IPAD] => 10.0.0.1
    [MACK] => Y
    [PROD_DESC[0]] => test
    [PROD_TYPE[0]] => fan
    [PROD_ITEM[0]] => 1
    [PROD_QUANT[0]] => 2
    [PROD_PRICE[0]] => 500
    [TOTL] => 1000
    [SITE] => VERT999
    [UDF[MERCHANT_ID]] => PSIMERCH1
    [NAME] => Test Name
    [B2A1] => address
    [B2CC] => PH
    [B2CI] => city
    [B2PC] => 123
    [B2PN] => 12345
    [B2ST] => state
    [S2A1] => 
    [S2CC] => 
    [S2CI] => 
    [S2EM] => 
    [S2NM] =>  
    [S2PC] => 
    [S2PN] => 
    [S2ST] => 
    [SHTP] => 
    [CASH] => 10
    [DOB] => 1980-11-18
    [GENDER] => M
    [EMAL] => test@gmail.com
    [ANID] => 12345
)


2014-11-27T07:33:16Z
ResponseParameter:  billNo: iGl6C1417073595 | endTime:2014-11-27 07:33:16

2014-11-27T07:33:16Z
<?xml version="1.0" encoding="UTF-8"?>
<RESPONSE>
  <VERS>0600</VERS>
  <MODE>P</MODE>
  <TRAN>3S9C0LRW3ZNH</TRAN>
  <MERC>680000</MERC>
  <SESS>iGl6C1417073595</SESS>
  <ORDR>iGl6C1417073595</ORDR>
  <AUTO>A</AUTO>
  <SCOR>29</SCOR>
  <GEOX>US</GEOX>
  <BRND>MSTR</BRND>
  <REGN></REGN>
  <NETW>N</NETW>
  <KAPT>N</KAPT>
  <CARDS>1</CARDS>
  <DEVICES>1</DEVICES>
  <EMAILS>1</EMAILS>
  <VELO>0</VELO>
  <VMAX>0</VMAX>
  <RULES_TRIGGERED>2</RULES_TRIGGERED>
  <RULE_ID_0>772998</RULE_ID_0>
  <RULE_DESCRIPTION_0>GEO Billing &lt;&gt; BIN Country (1pt)</RULE_DESCRIPTION_0>
  <RULE_ID_1>773002</RULE_ID_1>
  <RULE_DESCRIPTION_1>FRAUD_SCRD GEO Counter Triggered (5pts)</RULE_DESCRIPTION_1>
  <COUNTERS_TRIGGERED>2</COUNTERS_TRIGGERED>
  <COUNTER_NAME_0>GEO</COUNTER_NAME_0>
  <COUNTER_VALUE_0>1</COUNTER_VALUE_0>
  <COUNTER_NAME_1>FRAUD_SCRD</COUNTER_NAME_1>
  <COUNTER_VALUE_1>5</COUNTER_VALUE_1>
  <REASON_CODE></REASON_CODE>
  <MASTERCARD></MASTERCARD>
  <DDFS></DDFS>
  <DSR></DSR>
  <UAS></UAS>
  <BROWSER></BROWSER>
  <OS></OS>
  <PIP_IPAD></PIP_IPAD>
  <PIP_LAT></PIP_LAT>
  <PIP_LON></PIP_LON>
  <PIP_COUNTRY></PIP_COUNTRY>
  <PIP_REGION></PIP_REGION>
  <PIP_CITY></PIP_CITY>
  <PIP_ORG></PIP_ORG>
  <IP_IPAD></IP_IPAD>
  <IP_LAT></IP_LAT>
  <IP_LON></IP_LON>
  <IP_COUNTRY></IP_COUNTRY>
  <IP_REGION></IP_REGION>
  <IP_CITY></IP_CITY>
  <IP_ORG></IP_ORG>
  <WARNING_COUNT>0</WARNING_COUNT>
</RESPONSE>

2014-11-27T07:39:29Z
RequestParameter:  billNo: iDlJx1417073969 | startTime:2014-11-27 07:39:29

2014-11-27T07:39:29Z
Array
(
    [MODE] => P
    [FRMT] => XML
    [VERS] => 0600
    [MERC] => 680000
    [SESS] => iDlJx1417073969
    [ORDR] => iDlJx1417073969
    [CURR] => PHP
    [PENC] => KHASH
    [PTYP] => CARD
    [PTOK] => 4918912GXE0BUP1QG8K5
    [IPAD] => 10.0.0.1
    [MACK] => Y
    [PROD_DESC[0]] => test
    [PROD_TYPE[0]] => fan
    [PROD_ITEM[0]] => 1
    [PROD_QUANT[0]] => 2
    [PROD_PRICE[0]] => 500
    [TOTL] => 1000
    [SITE] => VERT999
    [UDF[MERCHANT_ID]] => PSIMERCH1
    [NAME] => Test Name
    [B2A1] => Address
    [B2CC] => PH
    [B2CI] => city
    [B2PC] => 12345
    [B2PN] => 123456789
    [B2ST] => state
    [S2A1] => 
    [S2CC] => 
    [S2CI] => 
    [S2EM] => 
    [S2NM] =>  
    [S2PC] => 
    [S2PN] => 
    [S2ST] => 
    [SHTP] => 
    [CASH] => 10
    [DOB] => 1960-11-09
    [GENDER] => M
    [EMAL] => test@gmail.com
    [ANID] => 123456789
)


2014-11-27T07:39:30Z
ResponseParameter:  billNo: iDlJx1417073969 | endTime:2014-11-27 07:39:30

2014-11-27T07:39:30Z
<?xml version="1.0" encoding="UTF-8"?>
<RESPONSE>
  <VERS>0600</VERS>
  <MODE>P</MODE>
  <TRAN>3S9C0KNZYVKJ</TRAN>
  <MERC>680000</MERC>
  <SESS>iDlJx1417073969</SESS>
  <ORDR>iDlJx1417073969</ORDR>
  <AUTO>A</AUTO>
  <SCOR>29</SCOR>
  <GEOX>US</GEOX>
  <BRND>VISA</BRND>
  <REGN></REGN>
  <NETW>N</NETW>
  <KAPT>N</KAPT>
  <CARDS>1</CARDS>
  <DEVICES>1</DEVICES>
  <EMAILS>1</EMAILS>
  <VELO>0</VELO>
  <VMAX>0</VMAX>
  <RULES_TRIGGERED>2</RULES_TRIGGERED>
  <RULE_ID_0>772998</RULE_ID_0>
  <RULE_DESCRIPTION_0>GEO Billing &lt;&gt; BIN Country (1pt)</RULE_DESCRIPTION_0>
  <RULE_ID_1>773002</RULE_ID_1>
  <RULE_DESCRIPTION_1>FRAUD_SCRD GEO Counter Triggered (5pts)</RULE_DESCRIPTION_1>
  <COUNTERS_TRIGGERED>2</COUNTERS_TRIGGERED>
  <COUNTER_NAME_0>GEO</COUNTER_NAME_0>
  <COUNTER_VALUE_0>1</COUNTER_VALUE_0>
  <COUNTER_NAME_1>FRAUD_SCRD</COUNTER_NAME_1>
  <COUNTER_VALUE_1>5</COUNTER_VALUE_1>
  <REASON_CODE></REASON_CODE>
  <MASTERCARD></MASTERCARD>
  <DDFS></DDFS>
  <DSR></DSR>
  <UAS></UAS>
  <BROWSER></BROWSER>
  <OS></OS>
  <PIP_IPAD></PIP_IPAD>
  <PIP_LAT></PIP_LAT>
  <PIP_LON></PIP_LON>
  <PIP_COUNTRY></PIP_COUNTRY>
  <PIP_REGION></PIP_REGION>
  <PIP_CITY></PIP_CITY>
  <PIP_ORG></PIP_ORG>
  <IP_IPAD></IP_IPAD>
  <IP_LAT></IP_LAT>
  <IP_LON></IP_LON>
  <IP_COUNTRY></IP_COUNTRY>
  <IP_REGION></IP_REGION>
  <IP_CITY></IP_CITY>
  <IP_ORG></IP_ORG>
  <WARNING_COUNT>0</WARNING_COUNT>
</RESPONSE>

2014-11-27T07:42:02Z
RequestParameter:  billNo: DF4311417074122 | startTime:2014-11-27 07:42:02

2014-11-27T07:42:02Z
Array
(
    [MODE] => P
    [FRMT] => XML
    [VERS] => 0600
    [MERC] => 680000
    [SESS] => DF4311417074122
    [ORDR] => DF4311417074122
    [CURR] => PHP
    [PENC] => KHASH
    [PTYP] => CARD
    [PTOK] => 4215856EW0UBNZ4S374N
    [IPAD] => 10.0.0.1
    [MACK] => Y
    [PROD_DESC[0]] => test
    [PROD_TYPE[0]] => fan
    [PROD_ITEM[0]] => 1
    [PROD_QUANT[0]] => 2
    [PROD_PRICE[0]] => 500
    [TOTL] => 1000
    [SITE] => VERT999
    [UDF[MERCHANT_ID]] => PSIMERCH1
    [NAME] => Test Name
    [B2A1] => address
    [B2CC] => PH
    [B2CI] => city
    [B2PC] => 1234
    [B2PN] => 12345678
    [B2ST] => state
    [S2A1] => 
    [S2CC] => 
    [S2CI] => 
    [S2EM] => 
    [S2NM] =>  
    [S2PC] => 
    [S2PN] => 
    [S2ST] => 
    [SHTP] => 
    [CASH] => 10
    [DOB] => 1948-11-23
    [GENDER] => M
    [EMAL] => test@gmail.com
    [ANID] => 12345678
)


2014-11-27T07:42:03Z
ResponseParameter:  billNo: DF4311417074122 | endTime:2014-11-27 07:42:03

2014-11-27T07:42:03Z
<?xml version="1.0" encoding="UTF-8"?>
<RESPONSE>
  <VERS>0600</VERS>
  <MODE>P</MODE>
  <TRAN>3S9C0LXD9D70</TRAN>
  <MERC>680000</MERC>
  <SESS>DF4311417074122</SESS>
  <ORDR>DF4311417074122</ORDR>
  <AUTO>A</AUTO>
  <SCOR>19</SCOR>
  <GEOX>US</GEOX>
  <BRND>VISA</BRND>
  <REGN></REGN>
  <NETW>N</NETW>
  <KAPT>N</KAPT>
  <CARDS>1</CARDS>
  <DEVICES>1</DEVICES>
  <EMAILS>1</EMAILS>
  <VELO>0</VELO>
  <VMAX>0</VMAX>
  <RULES_TRIGGERED>0</RULES_TRIGGERED>
  <COUNTERS_TRIGGERED>0</COUNTERS_TRIGGERED>
  <REASON_CODE></REASON_CODE>
  <MASTERCARD></MASTERCARD>
  <DDFS></DDFS>
  <DSR></DSR>
  <UAS></UAS>
  <BROWSER></BROWSER>
  <OS></OS>
  <PIP_IPAD></PIP_IPAD>
  <PIP_LAT></PIP_LAT>
  <PIP_LON></PIP_LON>
  <PIP_COUNTRY></PIP_COUNTRY>
  <PIP_REGION></PIP_REGION>
  <PIP_CITY></PIP_CITY>
  <PIP_ORG></PIP_ORG>
  <IP_IPAD></IP_IPAD>
  <IP_LAT></IP_LAT>
  <IP_LON></IP_LON>
  <IP_COUNTRY></IP_COUNTRY>
  <IP_REGION></IP_REGION>
  <IP_CITY></IP_CITY>
  <IP_ORG></IP_ORG>
  <WARNING_COUNT>0</WARNING_COUNT>
</RESPONSE>

