2014-11-23T14:20:24Z
RequestParameter:  billNo: 20141123221149 | startTime:2014-11-23 14:20:24

2014-11-23T14:20:24Z
Array
(
    [MODE] => Q
    [FRMT] => XML
    [VERS] => 0600
    [MERC] => 680000
    [SESS] => nq1s7i2mfsiuskhetshvtvf5f6
    [ORDR] => 20141123221149
    [CURR] => USD
    [PENC] => KHASH
    [PTYP] => CARD
    [PTOK] => 530970VDEX2DJE3AWXMP
    [IPAD] => 192.168.170.168
    [MACK] => Y
    [PROD_DESC[0]] => 42 Inch LED
    [PROD_TYPE[0]] => TV
    [PROD_ITEM[0]] => SKU-2385-42P
    [PROD_QUANT[0]] => 1
    [PROD_PRICE[0]] => 1000
    [TOTL] => 1200
    [SITE] => VERT1
    [UDF[MERCHANT_ID]] => PSIMERCH1
    [NAME] => firstName lastName
    [B2A1] => address
    [B2CC] => US
    [B2CI] => address
    [B2PC] => 123456
    [B2PN] => 123456789
    [B2ST] => state
    [S2A1] => 
    [S2CC] => 
    [S2CI] => 
    [S2EM] => 
    [S2NM] =>  
    [S2PC] => 
    [S2PN] => 
    [S2ST] => 
    [SHTP] => 
    [CASH] => 12
    [DOB] => 1984-09-20
    [GENDER] => 
    [EMAL] => email@mail.com
)


2014-11-23T14:20:27Z
ResponseParameter:  billNo: 20141123221149 | endTime:2014-11-23 14:20:27

2014-11-23T14:20:27Z
<?xml version="1.0" encoding="UTF-8"?>
<RESPONSE>
  <VERS>0600</VERS>
  <MODE>Q</MODE>
  <TRAN>3SMX09TMWP1H</TRAN>
  <MERC>680000</MERC>
  <SESS>nq1s7i2mfsiuskhetshvtvf5f6</SESS>
  <ORDR>20141123221149</ORDR>
  <AUTO>R</AUTO>
  <SCOR>38</SCOR>
  <GEOX>PH</GEOX>
  <BRND>MSTR</BRND>
  <REGN>PH_33</REGN>
  <NETW>A</NETW>
  <KAPT>Y</KAPT>
  <CARDS>1</CARDS>
  <DEVICES>1</DEVICES>
  <EMAILS>1</EMAILS>
  <VELO>0</VELO>
  <VMAX>0</VMAX>
  <SITE>VERT1</SITE>
  <DEVICE_LAYERS>989B2DE895.43FB2DD7E3.1D53EC815F.A80EBD4F24.94A54D04FF</DEVICE_LAYERS>
  <FINGERPRINT>E0F0F2C8043688E220FEC084F734A93D</FINGERPRINT>
  <TIMEZONE>960</TIMEZONE>
  <LOCALTIME>2014-11-23 22:20</LOCALTIME>
  <REGION>PH_33</REGION>
  <COUNTRY>PH</COUNTRY>
  <PROXY>N</PROXY>
  <JAVASCRIPT>Y</JAVASCRIPT>
  <FLASH>Y</FLASH>
  <COOKIES>Y</COOKIES>
  <HTTP_COUNTRY>US</HTTP_COUNTRY>
  <LANGUAGE>EN</LANGUAGE>
  <MOBILE_DEVICE>N</MOBILE_DEVICE>
  <MOBILE_TYPE></MOBILE_TYPE>
  <MOBILE_FORWARDER>N</MOBILE_FORWARDER>
  <VOICE_DEVICE>N</VOICE_DEVICE>
  <PC_REMOTE>N</PC_REMOTE>
  <RULES_TRIGGERED>5</RULES_TRIGGERED>
  <RULE_ID_0>757844</RULE_ID_0>
  <RULE_DESCRIPTION_0>Billing &lt;&gt; Device Country</RULE_DESCRIPTION_0>
  <RULE_ID_1>757846</RULE_ID_1>
  <RULE_DESCRIPTION_1>Billing &lt;&gt; BIN Country</RULE_DESCRIPTION_1>
  <RULE_ID_2>757852</RULE_ID_2>
  <RULE_DESCRIPTION_2>Device Location Lower Risk Review Countries</RULE_DESCRIPTION_2>
  <RULE_ID_3>757854</RULE_ID_3>
  <RULE_DESCRIPTION_3>GEOX Lower Risk Review Countries</RULE_DESCRIPTION_3>
  <RULE_ID_4>757856</RULE_ID_4>
  <RULE_DESCRIPTION_4>Review Non-Normal Network Type</RULE_DESCRIPTION_4>
  <COUNTERS_TRIGGERED>0</COUNTERS_TRIGGERED>
  <REASON_CODE></REASON_CODE>
  <MASTERCARD></MASTERCARD>
  <DDFS>2014-11-23</DDFS>
  <DSR>800x1280</DSR>
  <UAS>Mozilla/5.0 (Windows NT 6.1; WOW64; rv:33.0) Gecko/20100101 Firefox/33.0</UAS>
  <BROWSER>Firefox 33.0</BROWSER>
  <OS>Windows 7</OS>
  <PIP_IPAD></PIP_IPAD>
  <PIP_LAT></PIP_LAT>
  <PIP_LON></PIP_LON>
  <PIP_COUNTRY></PIP_COUNTRY>
  <PIP_REGION></PIP_REGION>
  <PIP_CITY></PIP_CITY>
  <PIP_ORG></PIP_ORG>
  <IP_IPAD>222.127.153.135</IP_IPAD>
  <IP_LAT>14.2637</IP_LAT>
  <IP_LON>121.0526</IP_LON>
  <IP_COUNTRY>PH</IP_COUNTRY>
  <IP_REGION>Laguna</IP_REGION>
  <IP_CITY>Biñan</IP_CITY>
  <IP_ORG>GLOBE TELECOM</IP_ORG>
  <WARNING_COUNT>0</WARNING_COUNT>
</RESPONSE>

