2014-11-26T02:46:17Z
RequestParameter:  billNo: 20141126151131 | startTime:2014-11-26 02:46:17

2014-11-26T02:46:17Z
Array
(
    [MODE] => Q
    [FRMT] => XML
    [VERS] => 0600
    [MERC] => 680000
    [SESS] => qkj4nr2e1tgr5jbbcd4udjsom7
    [ORDR] => 20141126151131
    [CURR] => USD
    [PENC] => KHASH
    [PTYP] => CARD
    [PTOK] => 4918912GXE0BUP1QG8K5
    [IPAD] => 192.168.170.168
    [MACK] => Y
    [PROD_DESC[0]] => 42 Inch LED
    [PROD_TYPE[0]] => TV
    [PROD_ITEM[0]] => SKU-2385-42P
    [PROD_QUANT[0]] => 1
    [PROD_PRICE[0]] => 1400
    [TOTL] => 1400
    [SITE] => VERT1
    [UDF[MERCHANT_ID]] => PSIMERCH1
    [NAME] => Shahid Tanveer
    [B2A1] => address
    [B2CC] => US
    [B2CI] => address
    [B2PC] => 123456
    [B2PN] => 123456789
    [B2ST] => state
    [S2A1] => 
    [S2CC] => 
    [S2CI] => 
    [S2EM] => 
    [S2NM] =>  
    [S2PC] => 
    [S2PN] => 
    [S2ST] => 
    [SHTP] => 
    [CASH] => 14
    [DOB] => 1984-09-20
    [GENDER] => M
    [EMAL] => JOHNDOEAPPROVE@ACME.COM
)


2014-11-26T02:46:18Z
ResponseParameter:  billNo: 20141126151131 | endTime:2014-11-26 02:46:18

2014-11-26T02:46:18Z
<?xml version="1.0" encoding="UTF-8"?>
<RESPONSE>
  <VERS>0600</VERS>
  <MODE>Q</MODE>
  <TRAN>3SXY0KXY0ZC1</TRAN>
  <MERC>680000</MERC>
  <SESS>qkj4nr2e1tgr5jbbcd4udjsom7</SESS>
  <ORDR>20141126151131</ORDR>
  <AUTO>A</AUTO>
  <SCOR>33</SCOR>
  <GEOX>US</GEOX>
  <BRND>VISA</BRND>
  <REGN></REGN>
  <NETW>A</NETW>
  <KAPT>N</KAPT>
  <CARDS>1</CARDS>
  <DEVICES>1</DEVICES>
  <EMAILS>1</EMAILS>
  <VELO>0</VELO>
  <VMAX>0</VMAX>
  <SITE>VERT1</SITE>
  <DEVICE_LAYERS>....</DEVICE_LAYERS>
  <FINGERPRINT></FINGERPRINT>
  <TIMEZONE></TIMEZONE>
  <LOCALTIME> </LOCALTIME>
  <REGION></REGION>
  <COUNTRY></COUNTRY>
  <PROXY></PROXY>
  <JAVASCRIPT></JAVASCRIPT>
  <FLASH></FLASH>
  <COOKIES></COOKIES>
  <HTTP_COUNTRY></HTTP_COUNTRY>
  <LANGUAGE></LANGUAGE>
  <MOBILE_DEVICE></MOBILE_DEVICE>
  <MOBILE_TYPE></MOBILE_TYPE>
  <MOBILE_FORWARDER></MOBILE_FORWARDER>
  <VOICE_DEVICE></VOICE_DEVICE>
  <PC_REMOTE></PC_REMOTE>
  <RULES_TRIGGERED>3</RULES_TRIGGERED>
  <RULE_ID_0>757832</RULE_ID_0>
  <RULE_DESCRIPTION_0>Email Whitelist Approval</RULE_DESCRIPTION_0>
  <RULE_ID_1>757846</RULE_ID_1>
  <RULE_DESCRIPTION_1>Billing &lt;&gt; BIN Country</RULE_DESCRIPTION_1>
  <RULE_ID_2>757856</RULE_ID_2>
  <RULE_DESCRIPTION_2>Review Non-Normal Network Type</RULE_DESCRIPTION_2>
  <COUNTERS_TRIGGERED>0</COUNTERS_TRIGGERED>
  <REASON_CODE></REASON_CODE>
  <MASTERCARD></MASTERCARD>
  <DDFS></DDFS>
  <DSR></DSR>
  <UAS></UAS>
  <BROWSER></BROWSER>
  <OS></OS>
  <PIP_IPAD></PIP_IPAD>
  <PIP_LAT></PIP_LAT>
  <PIP_LON></PIP_LON>
  <PIP_COUNTRY></PIP_COUNTRY>
  <PIP_REGION></PIP_REGION>
  <PIP_CITY></PIP_CITY>
  <PIP_ORG></PIP_ORG>
  <IP_IPAD></IP_IPAD>
  <IP_LAT></IP_LAT>
  <IP_LON></IP_LON>
  <IP_COUNTRY></IP_COUNTRY>
  <IP_REGION></IP_REGION>
  <IP_CITY></IP_CITY>
  <IP_ORG></IP_ORG>
  <WARNING_COUNT>0</WARNING_COUNT>
</RESPONSE>

2014-11-26T03:59:41Z
RequestParameter:  billNo: 20141126151133 | startTime:2014-11-26 03:59:41

2014-11-26T03:59:41Z
Array
(
    [MODE] => Q
    [FRMT] => XML
    [VERS] => 0600
    [MERC] => 680000
    [SESS] => qkj4nr2e1tgr5jbbcd4udjsom7
    [ORDR] => 20141126151133
    [CURR] => PHP
    [PENC] => KHASH
    [PTYP] => CARD
    [PTOK] => 4918912GXE0BUP1QG8K5
    [IPAD] => 192.168.170.168
    [MACK] => Y
    [PROD_DESC[0]] => 42 Inch LED
    [PROD_TYPE[0]] => TV
    [PROD_ITEM[0]] => SKU-2385-42P
    [PROD_QUANT[0]] => 1
    [PROD_PRICE[0]] => 1400
    [TOTL] => 1400
    [SITE] => VERT1
    [UDF[MERCHANT_ID]] => PSIMERCH1
    [NAME] => Shahid Tanveer
    [B2A1] => address
    [B2CC] => US
    [B2CI] => address
    [B2PC] => 123456
    [B2PN] => 123456789
    [B2ST] => state
    [S2A1] => 
    [S2CC] => 
    [S2CI] => 
    [S2EM] => 
    [S2NM] =>  
    [S2PC] => 
    [S2PN] => 
    [S2ST] => 
    [SHTP] => 
    [CASH] => 14
    [DOB] => 1984-09-20
    [GENDER] => M
    [EMAL] => JOHNDOEAPPROVE@ACME.COM
)


2014-11-26T03:59:42Z
ResponseParameter:  billNo: 20141126151133 | endTime:2014-11-26 03:59:42

2014-11-26T03:59:42Z
<?xml version="1.0" encoding="UTF-8"?>
<RESPONSE>
  <VERS>0600</VERS>
  <MODE>Q</MODE>
  <TRAN>3SX003HHYRK7</TRAN>
  <MERC>680000</MERC>
  <SESS>qkj4nr2e1tgr5jbbcd4udjsom7</SESS>
  <ORDR>20141126151133</ORDR>
  <AUTO>A</AUTO>
  <SCOR>33</SCOR>
  <GEOX>US</GEOX>
  <BRND>VISA</BRND>
  <REGN></REGN>
  <NETW>A</NETW>
  <KAPT>N</KAPT>
  <CARDS>1</CARDS>
  <DEVICES>1</DEVICES>
  <EMAILS>1</EMAILS>
  <VELO>0</VELO>
  <VMAX>0</VMAX>
  <SITE>VERT1</SITE>
  <DEVICE_LAYERS>....</DEVICE_LAYERS>
  <FINGERPRINT></FINGERPRINT>
  <TIMEZONE></TIMEZONE>
  <LOCALTIME> </LOCALTIME>
  <REGION></REGION>
  <COUNTRY></COUNTRY>
  <PROXY></PROXY>
  <JAVASCRIPT></JAVASCRIPT>
  <FLASH></FLASH>
  <COOKIES></COOKIES>
  <HTTP_COUNTRY></HTTP_COUNTRY>
  <LANGUAGE></LANGUAGE>
  <MOBILE_DEVICE></MOBILE_DEVICE>
  <MOBILE_TYPE></MOBILE_TYPE>
  <MOBILE_FORWARDER></MOBILE_FORWARDER>
  <VOICE_DEVICE></VOICE_DEVICE>
  <PC_REMOTE></PC_REMOTE>
  <RULES_TRIGGERED>3</RULES_TRIGGERED>
  <RULE_ID_0>757832</RULE_ID_0>
  <RULE_DESCRIPTION_0>Email Whitelist Approval</RULE_DESCRIPTION_0>
  <RULE_ID_1>757846</RULE_ID_1>
  <RULE_DESCRIPTION_1>Billing &lt;&gt; BIN Country</RULE_DESCRIPTION_1>
  <RULE_ID_2>757856</RULE_ID_2>
  <RULE_DESCRIPTION_2>Review Non-Normal Network Type</RULE_DESCRIPTION_2>
  <COUNTERS_TRIGGERED>0</COUNTERS_TRIGGERED>
  <REASON_CODE></REASON_CODE>
  <MASTERCARD></MASTERCARD>
  <DDFS></DDFS>
  <DSR></DSR>
  <UAS></UAS>
  <BROWSER></BROWSER>
  <OS></OS>
  <PIP_IPAD></PIP_IPAD>
  <PIP_LAT></PIP_LAT>
  <PIP_LON></PIP_LON>
  <PIP_COUNTRY></PIP_COUNTRY>
  <PIP_REGION></PIP_REGION>
  <PIP_CITY></PIP_CITY>
  <PIP_ORG></PIP_ORG>
  <IP_IPAD></IP_IPAD>
  <IP_LAT></IP_LAT>
  <IP_LON></IP_LON>
  <IP_COUNTRY></IP_COUNTRY>
  <IP_REGION></IP_REGION>
  <IP_CITY></IP_CITY>
  <IP_ORG></IP_ORG>
  <WARNING_COUNT>0</WARNING_COUNT>
</RESPONSE>

2014-11-26T04:07:45Z
RequestParameter:  billNo: 20141126151134 | startTime:2014-11-26 04:07:45

2014-11-26T04:07:45Z
Array
(
    [MODE] => Q
    [FRMT] => XML
    [VERS] => 0600
    [MERC] => 680000
    [SESS] => qkj4nr2e1tgr5jbbcd4udjsom8
    [ORDR] => 20141126151134
    [CURR] => USD
    [PENC] => KHASH
    [PTYP] => CARD
    [PTOK] => 4918912GXE0BUP1QG8K5
    [IPAD] => 192.168.170.168
    [MACK] => Y
    [PROD_DESC[0]] => 42 Inch LED
    [PROD_TYPE[0]] => TV
    [PROD_ITEM[0]] => SKU-2385-42P
    [PROD_QUANT[0]] => 1
    [PROD_PRICE[0]] => 1400
    [TOTL] => 1400
    [SITE] => VERT1
    [UDF[MERCHANT_ID]] => PSIMERCH1
    [NAME] => Shahid Tanveer
    [B2A1] => address
    [B2CC] => US
    [B2CI] => address
    [B2PC] => 123456
    [B2PN] => 123456789
    [B2ST] => state
    [S2A1] => 
    [S2CC] => 
    [S2CI] => 
    [S2EM] => 
    [S2NM] =>  
    [S2PC] => 
    [S2PN] => 
    [S2ST] => 
    [SHTP] => 
    [CASH] => 14
    [DOB] => 1984-09-20
    [GENDER] => M
    [EMAL] => JOHNDOEAPPROVE@ACME.COM
)


2014-11-26T04:07:46Z
ResponseParameter:  billNo: 20141126151134 | endTime:2014-11-26 04:07:46

2014-11-26T04:07:46Z
<?xml version="1.0" encoding="UTF-8"?>
<RESPONSE>
  <VERS>0600</VERS>
  <MODE>Q</MODE>
  <TRAN>3SX00RT4BZRZ</TRAN>
  <MERC>680000</MERC>
  <SESS>qkj4nr2e1tgr5jbbcd4udjsom8</SESS>
  <ORDR>20141126151134</ORDR>
  <AUTO>A</AUTO>
  <SCOR>33</SCOR>
  <GEOX>US</GEOX>
  <BRND>VISA</BRND>
  <REGN></REGN>
  <NETW>A</NETW>
  <KAPT>N</KAPT>
  <CARDS>1</CARDS>
  <DEVICES>1</DEVICES>
  <EMAILS>1</EMAILS>
  <VELO>0</VELO>
  <VMAX>0</VMAX>
  <SITE>VERT1</SITE>
  <DEVICE_LAYERS>....</DEVICE_LAYERS>
  <FINGERPRINT></FINGERPRINT>
  <TIMEZONE></TIMEZONE>
  <LOCALTIME> </LOCALTIME>
  <REGION></REGION>
  <COUNTRY></COUNTRY>
  <PROXY></PROXY>
  <JAVASCRIPT></JAVASCRIPT>
  <FLASH></FLASH>
  <COOKIES></COOKIES>
  <HTTP_COUNTRY></HTTP_COUNTRY>
  <LANGUAGE></LANGUAGE>
  <MOBILE_DEVICE></MOBILE_DEVICE>
  <MOBILE_TYPE></MOBILE_TYPE>
  <MOBILE_FORWARDER></MOBILE_FORWARDER>
  <VOICE_DEVICE></VOICE_DEVICE>
  <PC_REMOTE></PC_REMOTE>
  <RULES_TRIGGERED>3</RULES_TRIGGERED>
  <RULE_ID_0>757832</RULE_ID_0>
  <RULE_DESCRIPTION_0>Email Whitelist Approval</RULE_DESCRIPTION_0>
  <RULE_ID_1>757846</RULE_ID_1>
  <RULE_DESCRIPTION_1>Billing &lt;&gt; BIN Country</RULE_DESCRIPTION_1>
  <RULE_ID_2>757856</RULE_ID_2>
  <RULE_DESCRIPTION_2>Review Non-Normal Network Type</RULE_DESCRIPTION_2>
  <COUNTERS_TRIGGERED>0</COUNTERS_TRIGGERED>
  <REASON_CODE></REASON_CODE>
  <MASTERCARD></MASTERCARD>
  <DDFS></DDFS>
  <DSR></DSR>
  <UAS></UAS>
  <BROWSER></BROWSER>
  <OS></OS>
  <PIP_IPAD></PIP_IPAD>
  <PIP_LAT></PIP_LAT>
  <PIP_LON></PIP_LON>
  <PIP_COUNTRY></PIP_COUNTRY>
  <PIP_REGION></PIP_REGION>
  <PIP_CITY></PIP_CITY>
  <PIP_ORG></PIP_ORG>
  <IP_IPAD></IP_IPAD>
  <IP_LAT></IP_LAT>
  <IP_LON></IP_LON>
  <IP_COUNTRY></IP_COUNTRY>
  <IP_REGION></IP_REGION>
  <IP_CITY></IP_CITY>
  <IP_ORG></IP_ORG>
  <WARNING_COUNT>0</WARNING_COUNT>
</RESPONSE>

2014-11-26T04:10:55Z
RequestParameter:  billNo: 20141126151135 | startTime:2014-11-26 04:10:55

2014-11-26T04:10:55Z
Array
(
    [MODE] => Q
    [FRMT] => XML
    [VERS] => 0600
    [MERC] => 680000
    [SESS] => qkj4nr2e1tgr5jbbcd4udjsom8
    [ORDR] => 20141126151135
    [CURR] => USD
    [PENC] => KHASH
    [PTYP] => CARD
    [PTOK] => 4918912GXE0BUP1QG8K5
    [IPAD] => 192.168.170.168
    [MACK] => Y
    [PROD_DESC[0]] => 42 Inch LED
    [PROD_TYPE[0]] => TV
    [PROD_ITEM[0]] => SKU-2385-42P
    [PROD_QUANT[0]] => 1
    [PROD_PRICE[0]] => 1400
    [TOTL] => 1400
    [SITE] => VERT1
    [UDF[MERCHANT_ID]] => PSIMERCH1
    [NAME] => Shahid Tanveer
    [B2A1] => address
    [B2CC] => US
    [B2CI] => address
    [B2PC] => 123456
    [B2PN] => 123456789
    [B2ST] => state
    [S2A1] => 
    [S2CC] => 
    [S2CI] => 
    [S2EM] => 
    [S2NM] =>  
    [S2PC] => 
    [S2PN] => 
    [S2ST] => 
    [SHTP] => 
    [CASH] => 14
    [DOB] => 1984-09-20
    [GENDER] => M
    [EMAL] => JOHNDOEAPPROVE@ACME.COM
)


2014-11-26T04:10:57Z
ResponseParameter:  billNo: 20141126151135 | endTime:2014-11-26 04:10:57

2014-11-26T04:10:57Z
<?xml version="1.0" encoding="UTF-8"?>
<RESPONSE>
  <VERS>0600</VERS>
  <MODE>Q</MODE>
  <TRAN>3SX00H52V7B4</TRAN>
  <MERC>680000</MERC>
  <SESS>qkj4nr2e1tgr5jbbcd4udjsom8</SESS>
  <ORDR>20141126151135</ORDR>
  <AUTO>A</AUTO>
  <SCOR>33</SCOR>
  <GEOX>US</GEOX>
  <BRND>VISA</BRND>
  <REGN></REGN>
  <NETW>A</NETW>
  <KAPT>N</KAPT>
  <CARDS>1</CARDS>
  <DEVICES>1</DEVICES>
  <EMAILS>1</EMAILS>
  <VELO>0</VELO>
  <VMAX>0</VMAX>
  <SITE>VERT1</SITE>
  <DEVICE_LAYERS>....</DEVICE_LAYERS>
  <FINGERPRINT></FINGERPRINT>
  <TIMEZONE></TIMEZONE>
  <LOCALTIME> </LOCALTIME>
  <REGION></REGION>
  <COUNTRY></COUNTRY>
  <PROXY></PROXY>
  <JAVASCRIPT></JAVASCRIPT>
  <FLASH></FLASH>
  <COOKIES></COOKIES>
  <HTTP_COUNTRY></HTTP_COUNTRY>
  <LANGUAGE></LANGUAGE>
  <MOBILE_DEVICE></MOBILE_DEVICE>
  <MOBILE_TYPE></MOBILE_TYPE>
  <MOBILE_FORWARDER></MOBILE_FORWARDER>
  <VOICE_DEVICE></VOICE_DEVICE>
  <PC_REMOTE></PC_REMOTE>
  <RULES_TRIGGERED>3</RULES_TRIGGERED>
  <RULE_ID_0>757832</RULE_ID_0>
  <RULE_DESCRIPTION_0>Email Whitelist Approval</RULE_DESCRIPTION_0>
  <RULE_ID_1>757846</RULE_ID_1>
  <RULE_DESCRIPTION_1>Billing &lt;&gt; BIN Country</RULE_DESCRIPTION_1>
  <RULE_ID_2>757856</RULE_ID_2>
  <RULE_DESCRIPTION_2>Review Non-Normal Network Type</RULE_DESCRIPTION_2>
  <COUNTERS_TRIGGERED>0</COUNTERS_TRIGGERED>
  <REASON_CODE></REASON_CODE>
  <MASTERCARD></MASTERCARD>
  <DDFS></DDFS>
  <DSR></DSR>
  <UAS></UAS>
  <BROWSER></BROWSER>
  <OS></OS>
  <PIP_IPAD></PIP_IPAD>
  <PIP_LAT></PIP_LAT>
  <PIP_LON></PIP_LON>
  <PIP_COUNTRY></PIP_COUNTRY>
  <PIP_REGION></PIP_REGION>
  <PIP_CITY></PIP_CITY>
  <PIP_ORG></PIP_ORG>
  <IP_IPAD></IP_IPAD>
  <IP_LAT></IP_LAT>
  <IP_LON></IP_LON>
  <IP_COUNTRY></IP_COUNTRY>
  <IP_REGION></IP_REGION>
  <IP_CITY></IP_CITY>
  <IP_ORG></IP_ORG>
  <WARNING_COUNT>0</WARNING_COUNT>
</RESPONSE>

2014-11-26T04:14:16Z
RequestParameter:  billNo: 20141126151136 | startTime:2014-11-26 04:14:16

2014-11-26T04:14:16Z
Array
(
    [MODE] => Q
    [FRMT] => XML
    [VERS] => 0600
    [MERC] => 680000
    [SESS] => qkj4nr2e1tgr5jbbcd4udjsom8
    [ORDR] => 20141126151136
    [CURR] => USD
    [PENC] => KHASH
    [PTYP] => CARD
    [PTOK] => 4918912GXE0BUP1QG8K5
    [IPAD] => 192.168.170.168
    [MACK] => Y
    [PROD_DESC[0]] => 42 Inch LED
    [PROD_TYPE[0]] => TV
    [PROD_ITEM[0]] => SKU-2385-42P
    [PROD_QUANT[0]] => 1
    [PROD_PRICE[0]] => 1400
    [TOTL] => 1400
    [SITE] => VERT1
    [UDF[MERCHANT_ID]] => PSIMERCH1
    [NAME] => Shahid Tanveer
    [B2A1] => address
    [B2CC] => US
    [B2CI] => address
    [B2PC] => 123456
    [B2PN] => 123456789
    [B2ST] => state
    [S2A1] => 
    [S2CC] => 
    [S2CI] => 
    [S2EM] => 
    [S2NM] =>  
    [S2PC] => 
    [S2PN] => 
    [S2ST] => 
    [SHTP] => 
    [CASH] => 14
    [DOB] => 1984-09-20
    [GENDER] => M
    [EMAL] => JOHNDOEAPPROVE@ACME.COM
)


2014-11-26T04:14:18Z
ResponseParameter:  billNo: 20141126151136 | endTime:2014-11-26 04:14:18

2014-11-26T04:14:18Z
<?xml version="1.0" encoding="UTF-8"?>
<RESPONSE>
  <VERS>0600</VERS>
  <MODE>Q</MODE>
  <TRAN>3SX00VHKVLB7</TRAN>
  <MERC>680000</MERC>
  <SESS>qkj4nr2e1tgr5jbbcd4udjsom8</SESS>
  <ORDR>20141126151136</ORDR>
  <AUTO>A</AUTO>
  <SCOR>33</SCOR>
  <GEOX>US</GEOX>
  <BRND>VISA</BRND>
  <REGN></REGN>
  <NETW>A</NETW>
  <KAPT>N</KAPT>
  <CARDS>1</CARDS>
  <DEVICES>1</DEVICES>
  <EMAILS>1</EMAILS>
  <VELO>0</VELO>
  <VMAX>0</VMAX>
  <SITE>VERT1</SITE>
  <DEVICE_LAYERS>....</DEVICE_LAYERS>
  <FINGERPRINT></FINGERPRINT>
  <TIMEZONE></TIMEZONE>
  <LOCALTIME> </LOCALTIME>
  <REGION></REGION>
  <COUNTRY></COUNTRY>
  <PROXY></PROXY>
  <JAVASCRIPT></JAVASCRIPT>
  <FLASH></FLASH>
  <COOKIES></COOKIES>
  <HTTP_COUNTRY></HTTP_COUNTRY>
  <LANGUAGE></LANGUAGE>
  <MOBILE_DEVICE></MOBILE_DEVICE>
  <MOBILE_TYPE></MOBILE_TYPE>
  <MOBILE_FORWARDER></MOBILE_FORWARDER>
  <VOICE_DEVICE></VOICE_DEVICE>
  <PC_REMOTE></PC_REMOTE>
  <RULES_TRIGGERED>3</RULES_TRIGGERED>
  <RULE_ID_0>757832</RULE_ID_0>
  <RULE_DESCRIPTION_0>Email Whitelist Approval</RULE_DESCRIPTION_0>
  <RULE_ID_1>757846</RULE_ID_1>
  <RULE_DESCRIPTION_1>Billing &lt;&gt; BIN Country</RULE_DESCRIPTION_1>
  <RULE_ID_2>757856</RULE_ID_2>
  <RULE_DESCRIPTION_2>Review Non-Normal Network Type</RULE_DESCRIPTION_2>
  <COUNTERS_TRIGGERED>0</COUNTERS_TRIGGERED>
  <REASON_CODE></REASON_CODE>
  <MASTERCARD></MASTERCARD>
  <DDFS></DDFS>
  <DSR></DSR>
  <UAS></UAS>
  <BROWSER></BROWSER>
  <OS></OS>
  <PIP_IPAD></PIP_IPAD>
  <PIP_LAT></PIP_LAT>
  <PIP_LON></PIP_LON>
  <PIP_COUNTRY></PIP_COUNTRY>
  <PIP_REGION></PIP_REGION>
  <PIP_CITY></PIP_CITY>
  <PIP_ORG></PIP_ORG>
  <IP_IPAD></IP_IPAD>
  <IP_LAT></IP_LAT>
  <IP_LON></IP_LON>
  <IP_COUNTRY></IP_COUNTRY>
  <IP_REGION></IP_REGION>
  <IP_CITY></IP_CITY>
  <IP_ORG></IP_ORG>
  <WARNING_COUNT>0</WARNING_COUNT>
</RESPONSE>

2014-11-26T04:14:50Z
RequestParameter:  billNo: 20141126151137 | startTime:2014-11-26 04:14:50

2014-11-26T04:14:50Z
Array
(
    [MODE] => Q
    [FRMT] => XML
    [VERS] => 0600
    [MERC] => 680000
    [SESS] => qkj4nr2e1tgr5jbbcd4udjsom8
    [ORDR] => 20141126151137
    [CURR] => USD
    [PENC] => KHASH
    [PTYP] => CARD
    [PTOK] => 4918912GXE0BUP1QG8K5
    [IPAD] => 192.168.170.168
    [MACK] => Y
    [PROD_DESC[0]] => 42 Inch LED
    [PROD_TYPE[0]] => TV
    [PROD_ITEM[0]] => SKU-2385-42P
    [PROD_QUANT[0]] => 1
    [PROD_PRICE[0]] => 1400
    [TOTL] => 1400
    [SITE] => VERT1
    [UDF[MERCHANT_ID]] => PSIMERCH1
    [NAME] => Shahid Tanveer
    [B2A1] => address
    [B2CC] => US
    [B2CI] => address
    [B2PC] => 123456
    [B2PN] => 123456789
    [B2ST] => state
    [S2A1] => 
    [S2CC] => 
    [S2CI] => 
    [S2EM] => 
    [S2NM] =>  
    [S2PC] => 
    [S2PN] => 
    [S2ST] => 
    [SHTP] => 
    [CASH] => 14
    [DOB] => 1984-09-20
    [GENDER] => M
    [EMAL] => JOHNDOEAPPROVE@ACME.COM
)


2014-11-26T04:14:52Z
ResponseParameter:  billNo: 20141126151137 | endTime:2014-11-26 04:14:52

2014-11-26T04:14:52Z
<?xml version="1.0" encoding="UTF-8"?>
<RESPONSE>
  <VERS>0600</VERS>
  <MODE>Q</MODE>
  <TRAN>3SX00N6B3DNV</TRAN>
  <MERC>680000</MERC>
  <SESS>qkj4nr2e1tgr5jbbcd4udjsom8</SESS>
  <ORDR>20141126151137</ORDR>
  <AUTO>A</AUTO>
  <SCOR>33</SCOR>
  <GEOX>US</GEOX>
  <BRND>VISA</BRND>
  <REGN></REGN>
  <NETW>A</NETW>
  <KAPT>N</KAPT>
  <CARDS>1</CARDS>
  <DEVICES>1</DEVICES>
  <EMAILS>1</EMAILS>
  <VELO>0</VELO>
  <VMAX>0</VMAX>
  <SITE>VERT1</SITE>
  <DEVICE_LAYERS>....</DEVICE_LAYERS>
  <FINGERPRINT></FINGERPRINT>
  <TIMEZONE></TIMEZONE>
  <LOCALTIME> </LOCALTIME>
  <REGION></REGION>
  <COUNTRY></COUNTRY>
  <PROXY></PROXY>
  <JAVASCRIPT></JAVASCRIPT>
  <FLASH></FLASH>
  <COOKIES></COOKIES>
  <HTTP_COUNTRY></HTTP_COUNTRY>
  <LANGUAGE></LANGUAGE>
  <MOBILE_DEVICE></MOBILE_DEVICE>
  <MOBILE_TYPE></MOBILE_TYPE>
  <MOBILE_FORWARDER></MOBILE_FORWARDER>
  <VOICE_DEVICE></VOICE_DEVICE>
  <PC_REMOTE></PC_REMOTE>
  <RULES_TRIGGERED>3</RULES_TRIGGERED>
  <RULE_ID_0>757832</RULE_ID_0>
  <RULE_DESCRIPTION_0>Email Whitelist Approval</RULE_DESCRIPTION_0>
  <RULE_ID_1>757846</RULE_ID_1>
  <RULE_DESCRIPTION_1>Billing &lt;&gt; BIN Country</RULE_DESCRIPTION_1>
  <RULE_ID_2>757856</RULE_ID_2>
  <RULE_DESCRIPTION_2>Review Non-Normal Network Type</RULE_DESCRIPTION_2>
  <COUNTERS_TRIGGERED>0</COUNTERS_TRIGGERED>
  <REASON_CODE></REASON_CODE>
  <MASTERCARD></MASTERCARD>
  <DDFS></DDFS>
  <DSR></DSR>
  <UAS></UAS>
  <BROWSER></BROWSER>
  <OS></OS>
  <PIP_IPAD></PIP_IPAD>
  <PIP_LAT></PIP_LAT>
  <PIP_LON></PIP_LON>
  <PIP_COUNTRY></PIP_COUNTRY>
  <PIP_REGION></PIP_REGION>
  <PIP_CITY></PIP_CITY>
  <PIP_ORG></PIP_ORG>
  <IP_IPAD></IP_IPAD>
  <IP_LAT></IP_LAT>
  <IP_LON></IP_LON>
  <IP_COUNTRY></IP_COUNTRY>
  <IP_REGION></IP_REGION>
  <IP_CITY></IP_CITY>
  <IP_ORG></IP_ORG>
  <WARNING_COUNT>0</WARNING_COUNT>
</RESPONSE>

