2014-12-05T01:11:00Z
RequestParameter:  billNo: 2014120315122411 | startTime:2014-12-05 01:11:00

2014-12-05T01:11:00Z
Array
(
    [MODE] => Q
    [FRMT] => XML
    [VERS] => 0600
    [MERC] => 680000
    [SESS] => qkj4nr2e1tgr5jbbcd4udjsom6
    [ORDR] => 2014120315122411
    [CURR] => PHP
    [PENC] => KHASH
    [PTYP] => CARD
    [PTOK] => 4918912GXE0BUP1QG8K5
    [IPAD] => 192.168.197.2
    [MACK] => Y
    [PROD_DESC[0]] => Desc
    [PROD_TYPE[0]] => Item Type
    [PROD_ITEM[0]] => Item
    [PROD_QUANT[0]] => 1
    [PROD_PRICE[0]] => 1000
    [TOTL] => 1000
    [SITE] => VERT999
    [UDF[MERCHANT_ID]] => 10001MERPBNMER2
    [NAME] => Juan Tamad
    [B2A1] => XXX st
    [B2CC] => PH
    [B2CI] => MAKATI
    [B2PC] => 1604
    [B2PN] => 123456789
    [B2ST] => NA
    [S2A1] => 
    [S2CC] => 
    [S2CI] => 
    [S2EM] => 
    [S2NM] =>  
    [S2PC] => 
    [S2PN] => 
    [S2ST] => 
    [SHTP] => 
    [CASH] => 10
    [DOB] => 1984-09-20
    [GENDER] => M
    [EMAL] => JOHNDOEAPPROVE@ACME.COM
)


2014-12-05T01:11:03Z
ResponseParameter:  billNo: 2014120315122411 | endTime:2014-12-05 01:11:03

2014-12-05T01:11:03Z
<?xml version="1.0" encoding="UTF-8"?>
<RESPONSE>
  <VERS>0600</VERS>
  <MODE>Q</MODE>
  <TRAN>3SY10K9J4TN3</TRAN>
  <MERC>680000</MERC>
  <SESS>qkj4nr2e1tgr5jbbcd4udjsom6</SESS>
  <ORDR>2014120315122411</ORDR>
  <AUTO>A</AUTO>
  <SCOR>34</SCOR>
  <GEOX>PH</GEOX>
  <BRND>VISA</BRND>
  <REGN></REGN>
  <NETW>A</NETW>
  <KAPT>Y</KAPT>
  <CARDS>1</CARDS>
  <DEVICES>1</DEVICES>
  <EMAILS>1</EMAILS>
  <VELO>0</VELO>
  <VMAX>0</VMAX>
  <SITE>VERT999</SITE>
  <DEVICE_LAYERS>1E46F64B89...CCE16C45E6.60FDA372F5</DEVICE_LAYERS>
  <FINGERPRINT>2FCC6566670618B78E958598C406443C</FINGERPRINT>
  <TIMEZONE></TIMEZONE>
  <LOCALTIME> </LOCALTIME>
  <REGION></REGION>
  <COUNTRY>PH</COUNTRY>
  <PROXY>Y</PROXY>
  <JAVASCRIPT>N</JAVASCRIPT>
  <FLASH>N</FLASH>
  <COOKIES>Y</COOKIES>
  <HTTP_COUNTRY>US</HTTP_COUNTRY>
  <LANGUAGE>EN</LANGUAGE>
  <MOBILE_DEVICE>N</MOBILE_DEVICE>
  <MOBILE_TYPE></MOBILE_TYPE>
  <MOBILE_FORWARDER>N</MOBILE_FORWARDER>
  <VOICE_DEVICE>N</VOICE_DEVICE>
  <PC_REMOTE>N</PC_REMOTE>
  <RULES_TRIGGERED>5</RULES_TRIGGERED>
  <RULE_ID_0>772998</RULE_ID_0>
  <RULE_DESCRIPTION_0>GEO Billing &lt;&gt; BIN Country (1pt)</RULE_DESCRIPTION_0>
  <RULE_ID_1>772996</RULE_ID_1>
  <RULE_DESCRIPTION_1>GEO BIN and Device Country not equal (1pt)</RULE_DESCRIPTION_1>
  <RULE_ID_2>773002</RULE_ID_2>
  <RULE_DESCRIPTION_2>FRAUD_SCRD GEO Counter Triggered (5pts)</RULE_DESCRIPTION_2>
  <RULE_ID_3>773012</RULE_ID_3>
  <RULE_DESCRIPTION_3>FRAUD_SCRD Non-Normal Network Type (10pts)</RULE_DESCRIPTION_3>
  <RULE_ID_4>773026</RULE_ID_4>
  <RULE_DESCRIPTION_4>Approve VIP List Email</RULE_DESCRIPTION_4>
  <COUNTERS_TRIGGERED>2</COUNTERS_TRIGGERED>
  <COUNTER_NAME_0>GEO</COUNTER_NAME_0>
  <COUNTER_VALUE_0>2</COUNTER_VALUE_0>
  <COUNTER_NAME_1>FRAUD_SCRD</COUNTER_NAME_1>
  <COUNTER_VALUE_1>15</COUNTER_VALUE_1>
  <REASON_CODE></REASON_CODE>
  <MASTERCARD></MASTERCARD>
  <DDFS>2014-11-24</DDFS>
  <DSR></DSR>
  <UAS>Mozilla/5.0 (Windows NT 6.3; WOW64; rv:33.0) Gecko/20100101 Firefox/33.0</UAS>
  <BROWSER>Firefox 33.0</BROWSER>
  <OS>Windows 8.1</OS>
  <PIP_IPAD>49.144.88.64</PIP_IPAD>
  <PIP_LAT>13</PIP_LAT>
  <PIP_LON>122</PIP_LON>
  <PIP_COUNTRY>PH</PIP_COUNTRY>
  <PIP_REGION>UNKNOWN</PIP_REGION>
  <PIP_CITY></PIP_CITY>
  <PIP_ORG>PHILIPPINE LONG DISTANCE TELEPHONE</PIP_ORG>
  <IP_IPAD>114.108.239.103</IP_IPAD>
  <IP_LAT>14.5833</IP_LAT>
  <IP_LON>120.9667</IP_LON>
  <IP_COUNTRY>PH</IP_COUNTRY>
  <IP_REGION>UNKNOWN</IP_REGION>
  <IP_CITY></IP_CITY>
  <IP_ORG>SKY BROADBAND</IP_ORG>
  <WARNING_COUNT>0</WARNING_COUNT>
</RESPONSE>

2014-12-05T03:32:31Z
RequestParameter:  billNo: 20141204231311 | startTime:2014-12-05 03:32:31

2014-12-05T03:32:31Z
Array
(
    [MODE] => P
    [FRMT] => XML
    [VERS] => 0600
    [MERC] => 680000
    [SESS] => 20141204231311
    [ORDR] => 20141204231311
    [CURR] => USD
    [PENC] => KHASH
    [PTYP] => CARD
    [PTOK] => 321321BMQ2N8733DISOZ
    [IPAD] => 10.0.0.1
    [MACK] => Y
    [PROD_DESC[0]] => test
    [PROD_TYPE[0]] => test
    [PROD_ITEM[0]] => 1
    [PROD_QUANT[0]] => 1
    [PROD_PRICE[0]] => 10000
    [TOTL] => 10000
    [SITE] => VERT999
    [UDF[MERCHANT_ID]] => PSIMERCH1
    [NAME] => aljen patingo
    [B2A1] => manila
    [B2CC] => US
    [B2CI] => manila
    [B2PC] => 125
    [B2PN] => 123151
    [B2ST] => manila
    [S2A1] => 
    [S2CC] => 
    [S2CI] => 
    [S2EM] => 
    [S2NM] =>  
    [S2PC] => 
    [S2PN] => 
    [S2ST] => 
    [SHTP] => 
    [CASH] => 100
    [DOB] => 1988-10-01
    [GENDER] => F
    [EMAL] => aljen@40gmail.com
    [ANID] => 123151
)


2014-12-05T03:32:34Z
ResponseParameter:  billNo: 20141204231311 | endTime:2014-12-05 03:32:34

2014-12-05T03:32:34Z
<?xml version="1.0" encoding="UTF-8"?>
<RESPONSE>
  <VERS>0600</VERS>
  <MODE>P</MODE>
  <TRAN>3SYP0X25C6DB</TRAN>
  <MERC>680000</MERC>
  <SESS>20141204231311</SESS>
  <ORDR>20141204231311</ORDR>
  <AUTO>A</AUTO>
  <SCOR>29</SCOR>
  <GEOX>US</GEOX>
  <BRND>JCB</BRND>
  <REGN></REGN>
  <NETW>N</NETW>
  <KAPT>N</KAPT>
  <CARDS>1</CARDS>
  <DEVICES>1</DEVICES>
  <EMAILS>1</EMAILS>
  <VELO>0</VELO>
  <VMAX>0</VMAX>
  <RULES_TRIGGERED>0</RULES_TRIGGERED>
  <COUNTERS_TRIGGERED>0</COUNTERS_TRIGGERED>
  <REASON_CODE></REASON_CODE>
  <MASTERCARD></MASTERCARD>
  <DDFS></DDFS>
  <DSR></DSR>
  <UAS></UAS>
  <BROWSER></BROWSER>
  <OS></OS>
  <PIP_IPAD></PIP_IPAD>
  <PIP_LAT></PIP_LAT>
  <PIP_LON></PIP_LON>
  <PIP_COUNTRY></PIP_COUNTRY>
  <PIP_REGION></PIP_REGION>
  <PIP_CITY></PIP_CITY>
  <PIP_ORG></PIP_ORG>
  <IP_IPAD></IP_IPAD>
  <IP_LAT></IP_LAT>
  <IP_LON></IP_LON>
  <IP_COUNTRY></IP_COUNTRY>
  <IP_REGION></IP_REGION>
  <IP_CITY></IP_CITY>
  <IP_ORG></IP_ORG>
  <WARNING_COUNT>0</WARNING_COUNT>
</RESPONSE>

