2014-12-02T02:33:53Z
RequestParameter:  billNo: 9Czqm1417487629 | startTime:2014-12-02 02:33:53

2014-12-02T02:33:53Z
1

2014-12-02T02:34:25Z
ResponseParameter:  billNo: 9Czqm1417487629 | endTime:2014-12-02 02:34:25

2014-12-02T02:34:25Z


2014-12-02T07:19:01Z
RequestParameter:  billNo: 20141202151221 | startTime:2014-12-02 07:19:01

2014-12-02T07:19:01Z
1

2014-12-02T07:19:02Z
ResponseParameter:  billNo: 20141202151221 | endTime:2014-12-02 07:19:02

2014-12-02T07:19:02Z
<?xml version="1.0" encoding="UTF-8"?>
<RESPONSE>
  <VERS>0600</VERS>
  <MODE>U</MODE>
  <TRAN>3SW904YJLKCK</TRAN>
  <MERC>680000</MERC>
  <SESS>20141202151221</SESS>
  <RULES_TRIGGERED>0</RULES_TRIGGERED>
  <COUNTERS_TRIGGERED>0</COUNTERS_TRIGGERED>
  <REASON_CODE></REASON_CODE>
  <MASTERCARD></MASTERCARD>
  <WARNING_COUNT>0</WARNING_COUNT>
</RESPONSE>

2014-12-02T07:26:00Z
RequestParameter:  billNo: 20141202151212 | startTime:2014-12-02 07:26:00

2014-12-02T07:26:00Z
1

2014-12-02T07:26:02Z
ResponseParameter:  billNo: 20141202151212 | endTime:2014-12-02 07:26:02

2014-12-02T07:26:02Z
<?xml version="1.0" encoding="UTF-8"?>
<RESPONSE>
  <VERS>0600</VERS>
  <MODE>U</MODE>
  <TRAN>3SW90X227TZ5</TRAN>
  <MERC>680000</MERC>
  <SESS>e2g56i43jh73erbihoh4ffbeo7</SESS>
  <RULES_TRIGGERED>0</RULES_TRIGGERED>
  <COUNTERS_TRIGGERED>0</COUNTERS_TRIGGERED>
  <REASON_CODE></REASON_CODE>
  <MASTERCARD></MASTERCARD>
  <WARNING_COUNT>0</WARNING_COUNT>
</RESPONSE>

2014-12-02T07:27:52Z
RequestParameter:  billNo: 20141202151213 | startTime:2014-12-02 07:27:52

2014-12-02T07:27:52Z
1

2014-12-02T07:27:53Z
ResponseParameter:  billNo: 20141202151213 | endTime:2014-12-02 07:27:53

2014-12-02T07:27:53Z
<?xml version="1.0" encoding="UTF-8"?>
<RESPONSE>
  <VERS>0600</VERS>
  <MODE>U</MODE>
  <TRAN>3SW90307HBRS</TRAN>
  <MERC>680000</MERC>
  <SESS>e2g56i43jh73erbihoh4ffbeo7</SESS>
  <RULES_TRIGGERED>0</RULES_TRIGGERED>
  <COUNTERS_TRIGGERED>0</COUNTERS_TRIGGERED>
  <REASON_CODE></REASON_CODE>
  <MASTERCARD></MASTERCARD>
  <WARNING_COUNT>0</WARNING_COUNT>
</RESPONSE>

2014-12-02T07:30:14Z
RequestParameter:  billNo: V2cXb1417505412 | startTime:2014-12-02 07:30:14

2014-12-02T07:30:14Z
1

2014-12-02T07:30:20Z
ResponseParameter:  billNo: V2cXb1417505412 | endTime:2014-12-02 07:30:20

2014-12-02T07:30:20Z
<?xml version="1.0" encoding="UTF-8"?>
<RESPONSE>
  <VERS>0600</VERS>
  <MODE>U</MODE>
  <TRAN>3SW90K63WZM3</TRAN>
  <MERC>680000</MERC>
  <SESS>V2cXb1417505412</SESS>
  <RULES_TRIGGERED>0</RULES_TRIGGERED>
  <COUNTERS_TRIGGERED>0</COUNTERS_TRIGGERED>
  <REASON_CODE></REASON_CODE>
  <MASTERCARD></MASTERCARD>
  <WARNING_COUNT>0</WARNING_COUNT>
</RESPONSE>

