2014-12-09T04:00:16Z
RequestParameter:  billNo: CPoIU1417489898

2014-12-09T04:00:16Z
https://test.pesopay.com/b2cDemo/eng/merchant/api/orderApi.jsp?merchantId=18062075&loginId=allianz2014&password=allianz2014&actionType=RequestRefund&payRef=1210067678&amount=10

2014-12-09T04:00:17Z
ResponseParameter:  billNo: CPoIU1417489898

2014-12-09T04:00:17Z
resultCode=-1&orderStatus=&ref=&payRef=&amt=&cur=&errMsg=Authentication Failed


2014-12-09T04:06:43Z
RequestParameter:  billNo: CPoIU1417489898

2014-12-09T04:06:43Z
https://test.pesopay.com/b2cDemo/eng/merchant/api/orderApi.jsp?merchantId=18062075&loginId=allianz2014&password=allianz2014&actionType=RequestRefund&payRef=1210067678&amount=10

2014-12-09T04:06:45Z
ResponseParameter:  billNo: CPoIU1417489898

2014-12-09T04:06:45Z
resultCode=-1&orderStatus=&ref=&payRef=&amt=&cur=&errMsg=Authentication Failed


2014-12-09T04:08:19Z
RequestParameter:  billNo: CPoIU1417489898

2014-12-09T04:08:19Z
https://test.pesopay.com/b2cDemo/eng/merchant/api/orderApi.jsp?merchantId=18062075&loginId=allianz2014&password=allianz2014&actionType=RequestRefund&payRef=1210067678&amount=10

2014-12-09T04:08:19Z
ResponseParameter:  billNo: CPoIU1417489898

2014-12-09T04:08:19Z
resultCode=-1&orderStatus=&ref=&payRef=&amt=&cur=&errMsg=Authentication Failed


2014-12-09T04:17:49Z
RequestParameter:  billNo: CPoIU1417489898

2014-12-09T04:17:49Z
https://test.pesopay.com/b2cDemo/eng/merchant/api/orderApi.jsp?merchantId=18062075&loginId=allianz2014&password=allianz2014&actionType=RequestRefund&payRef=1210067678&amount=10

2014-12-09T04:17:49Z
ResponseParameter:  billNo: CPoIU1417489898

2014-12-09T04:17:49Z
resultCode=-1&orderStatus=&ref=&payRef=&amt=&cur=&errMsg=Authentication Failed


2014-12-09T04:20:22Z
RequestParameter:  billNo: CPoIU1417489898

2014-12-09T04:20:22Z
https://test.pesopay.com/b2cDemo/eng/merchant/api/orderApi.jsp?merchantId=18062075&loginId=allianz2014&password=allianz2014&actionType=RequestRefund&payRef=1210067678&amount=10

2014-12-09T04:20:22Z
ResponseParameter:  billNo: CPoIU1417489898

2014-12-09T04:20:22Z
resultCode=-1&orderStatus=&ref=&payRef=&amt=&cur=&errMsg=Authentication Failed


2014-12-09T04:22:52Z
RequestParameter:  billNo: CPoIU1417489898

2014-12-09T04:22:52Z
https://test.pesopay.com/b2cDemo/eng/merchant/api/orderApi.jsp?merchantId=18062075&loginId=allianz2014&password=allianz2014&actionType=RequestRefund&payRef=1210067678&amount=10

2014-12-09T04:22:52Z
ResponseParameter:  billNo: CPoIU1417489898

2014-12-09T04:22:52Z
resultCode=-1&orderStatus=&ref=&payRef=&amt=&cur=&errMsg=Authentication Failed


2014-12-09T04:24:41Z
RequestParameter:  billNo: CPoIU1417489898

2014-12-09T04:24:41Z
https://test.pesopay.com/b2cDemo/eng/merchant/api/orderApi.jsp?merchantId=18062075&loginId=allianz2014&password=allianz2014&actionType=RequestRefund&payRef=1210067678&amount=10

2014-12-09T04:24:42Z
ResponseParameter:  billNo: CPoIU1417489898

2014-12-09T04:24:42Z
resultCode=-1&orderStatus=&ref=&payRef=&amt=&cur=&errMsg=Authentication Failed


2014-12-09T04:29:51Z
RequestParameter:  billNo: CPoIU1417489898

2014-12-09T04:29:51Z
https://test.pesopay.com/b2cDemo/eng/merchant/api/orderApi.jsp?merchantId=18062075&loginId=allianz2014&password=allianz2014&actionType=RequestRefund&payRef=1210067678&amount=10

2014-12-09T04:29:51Z
ResponseParameter:  billNo: CPoIU1417489898

2014-12-09T04:29:51Z
resultCode=-1&orderStatus=&ref=&payRef=&amt=&cur=&errMsg=Authentication Failed


2014-12-09T04:38:37Z
RequestParameter:  billNo: CPoIU1417489898

2014-12-09T04:38:37Z
https://test.pesopay.com/b2cDemo/eng/merchant/api/orderApi.jsp?merchantId=18062075&loginId=allianz2014&password=allianz2014&actionType=RequestRefund&payRef=1210067678&amount=10

2014-12-09T04:38:37Z
ResponseParameter:  billNo: CPoIU1417489898

2014-12-09T04:38:37Z
resultCode=-1&orderStatus=&ref=&payRef=&amt=&cur=&errMsg=Authentication Failed


2014-12-09T04:42:42Z
RequestParameter:  billNo: CPoIU1417489898

2014-12-09T04:42:42Z
https://test.pesopay.com/b2cDemo/eng/merchant/api/orderApi.jsp?merchantId=18062075&loginId=allianz2014&password=allianz2014&actionType=RequestRefund&payRef=1210067678&amount=10

2014-12-09T04:42:42Z
ResponseParameter:  billNo: CPoIU1417489898

2014-12-09T04:42:42Z
resultCode=-1&orderStatus=&ref=&payRef=&amt=&cur=&errMsg=Authentication Failed


2014-12-09T04:52:49Z
RequestParameter:  billNo: CPoIU1417489898

2014-12-09T04:52:49Z
https://test.pesopay.com/b2cDemo/eng/merchant/api/orderApi.jsp?merchantId=18062075&loginId=allianz2014&password=allianz2014&actionType=RequestRefund&payRef=1210067678&amount=10

2014-12-09T04:52:49Z
ResponseParameter:  billNo: CPoIU1417489898

2014-12-09T04:52:49Z
resultCode=-1&orderStatus=&ref=&payRef=&amt=&cur=&errMsg=Authentication Failed


2014-12-09T04:53:57Z
RequestParameter:  billNo: CPoIU1417489898

2014-12-09T04:53:57Z
https://test.pesopay.com/b2cDemo/eng/merchant/api/orderApi.jsp?merchantId=18062075&loginId=allianz2014&password=allianz2014&actionType=RequestRefund&payRef=1210067678&amount=10

2014-12-09T04:53:57Z
ResponseParameter:  billNo: CPoIU1417489898

2014-12-09T04:53:57Z
resultCode=-1&orderStatus=&ref=&payRef=&amt=&cur=&errMsg=Authentication Failed


2014-12-09T04:54:08Z
RequestParameter:  billNo: CPoIU1417489898

2014-12-09T04:54:08Z
https://test.pesopay.com/b2cDemo/eng/merchant/api/orderApi.jsp?merchantId=18062075&loginId=allianz2014&password=allianz2014&actionType=RequestRefund&payRef=1210067678&amount=10

2014-12-09T04:54:08Z
ResponseParameter:  billNo: CPoIU1417489898

2014-12-09T04:54:08Z
resultCode=-1&orderStatus=&ref=&payRef=&amt=&cur=&errMsg=Authentication Failed


2014-12-09T04:54:25Z
RequestParameter:  billNo: CPoIU1417489898

2014-12-09T04:54:25Z
https://test.pesopay.com/b2cDemo/eng/merchant/api/orderApi.jsp?merchantId=18062075&loginId=allianz2014&password=allianz2014&actionType=RequestRefund&payRef=1210067678&amount=10

2014-12-09T04:54:25Z
ResponseParameter:  billNo: CPoIU1417489898

2014-12-09T04:54:25Z
resultCode=-1&orderStatus=&ref=&payRef=&amt=&cur=&errMsg=Authentication Failed


2014-12-09T04:54:47Z
RequestParameter:  billNo: CPoIU1417489898

2014-12-09T04:54:47Z
https://test.pesopay.com/b2cDemo/eng/merchant/api/orderApi.jsp?merchantId=18062075&loginId=allianz2014&password=allianz2014&actionType=RequestRefund&payRef=1210067678&amount=10

2014-12-09T04:54:47Z
ResponseParameter:  billNo: CPoIU1417489898

2014-12-09T04:54:47Z
resultCode=-1&orderStatus=&ref=&payRef=&amt=&cur=&errMsg=Authentication Failed


2014-12-09T04:54:54Z
RequestParameter:  billNo: CPoIU1417489898

2014-12-09T04:54:54Z
https://test.pesopay.com/b2cDemo/eng/merchant/api/orderApi.jsp?merchantId=18062075&loginId=allianz2014&password=allianz2014&actionType=RequestRefund&payRef=1210067678&amount=10

2014-12-09T04:54:55Z
ResponseParameter:  billNo: CPoIU1417489898

2014-12-09T04:54:55Z
resultCode=-1&orderStatus=&ref=&payRef=&amt=&cur=&errMsg=Authentication Failed


2014-12-09T06:35:16Z
RequestParameter:  billNo: CPoIU1417489898

2014-12-09T06:35:16Z
https://test.pesopay.com/b2cDemo/eng/merchant/api/orderApi.jsp?merchantId=18062075&loginId=allianz2014&password=allianz2014&actionType=RequestRefund&payRef=1210067678&amount=10

2014-12-09T06:35:16Z
ResponseParameter:  billNo: CPoIU1417489898

2014-12-09T06:35:16Z
resultCode=-1&orderStatus=&ref=&payRef=&amt=&cur=&errMsg=Authentication Failed


2014-12-09T06:35:41Z
RequestParameter:  billNo: CPoIU1417489898

2014-12-09T06:35:41Z
https://test.pesopay.com/b2cDemo/eng/merchant/api/orderApi.jsp?merchantId=18062075&loginId=allianz2014&password=allianz2014&actionType=RequestRefund&payRef=1210067678&amount=10

2014-12-09T06:35:42Z
ResponseParameter:  billNo: CPoIU1417489898

2014-12-09T06:35:42Z
resultCode=-1&orderStatus=&ref=&payRef=&amt=&cur=&errMsg=Authentication Failed


2014-12-09T06:37:02Z
RequestParameter:  billNo: CPoIU1417489898

2014-12-09T06:37:02Z
https://test.pesopay.com/b2cDemo/eng/merchant/api/orderApi.jsp?merchantId=18062075&loginId=allianz2014&password=allianz2014&actionType=RequestRefund&payRef=1210067678&amount=10

2014-12-09T06:37:02Z
ResponseParameter:  billNo: CPoIU1417489898

2014-12-09T06:37:02Z
resultCode=-1&orderStatus=&ref=&payRef=&amt=&cur=&errMsg=Authentication Failed


2014-12-09T06:37:14Z
RequestParameter:  billNo: CPoIU1417489898

2014-12-09T06:37:14Z
https://test.pesopay.com/b2cDemo/eng/merchant/api/orderApi.jsp?merchantId=18062075&loginId=allianz2014&password=allianz2014&actionType=RequestRefund&payRef=1210067678&amount=10

2014-12-09T06:37:14Z
ResponseParameter:  billNo: CPoIU1417489898

2014-12-09T06:37:14Z
resultCode=-1&orderStatus=&ref=&payRef=&amt=&cur=&errMsg=Authentication Failed


2014-12-09T06:38:23Z
RequestParameter:  billNo: CPoIU1417489898

2014-12-09T06:38:23Z
https://test.pesopay.com/b2cDemo/eng/merchant/api/orderApi.jsp?merchantId=18062075&loginId=allianz2014&password=allianz2014&actionType=RequestRefund&payRef=1210067678&amount=10

2014-12-09T06:38:23Z
ResponseParameter:  billNo: CPoIU1417489898

2014-12-09T06:38:23Z
resultCode=-1&orderStatus=&ref=&payRef=&amt=&cur=&errMsg=Authentication Failed


2014-12-09T06:42:44Z
RequestParameter:  billNo: CPoIU1417489898

2014-12-09T06:42:44Z
https://test.pesopay.com/b2cDemo/eng/merchant/api/orderApi.jsp?merchantId=18062075&loginId=allianz2014&password=allianz2014&actionType=RequestRefund&payRef=1210067678&amount=10

2014-12-09T06:42:44Z
ResponseParameter:  billNo: CPoIU1417489898

2014-12-09T06:42:44Z
resultCode=-1&orderStatus=&ref=&payRef=&amt=&cur=&errMsg=Authentication Failed


2014-12-09T06:42:54Z
RequestParameter:  billNo: CPoIU1417489898

2014-12-09T06:42:54Z
https://test.pesopay.com/b2cDemo/eng/merchant/api/orderApi.jsp?merchantId=18062075&loginId=allianz2014&password=allianz2014&actionType=RequestRefund&payRef=1210067678&amount=10

2014-12-09T06:42:54Z
ResponseParameter:  billNo: CPoIU1417489898

2014-12-09T06:42:54Z
resultCode=-1&orderStatus=&ref=&payRef=&amt=&cur=&errMsg=Authentication Failed


2014-12-09T06:58:45Z
RequestParameter:  billNo: CPoIU1417489898

2014-12-09T06:58:45Z
https://test.pesopay.com/b2cDemo/eng/merchant/api/orderApi.jsp?merchantId=18062075&loginId=allianz2014&password=allianz2014&actionType=RequestRefund&payRef=1210067678&amount=10

2014-12-09T06:58:46Z
ResponseParameter:  billNo: CPoIU1417489898

2014-12-09T06:58:46Z
resultCode=-1&orderStatus=&ref=&payRef=&amt=&cur=&errMsg=Authentication Failed


2014-12-09T07:13:20Z
RequestParameter:  billNo: CPoIU1417489898

2014-12-09T07:13:20Z
https://test.pesopay.com/b2cDemo/eng/merchant/api/orderApi.jsp?merchantId=18062075&loginId=allianz2014&password=allianz2014&actionType=RequestRefund&payRef=1210067678&amount=10

2014-12-09T07:13:20Z
ResponseParameter:  billNo: CPoIU1417489898

2014-12-09T07:13:20Z
resultCode=-1&orderStatus=&ref=&payRef=&amt=&cur=&errMsg=Authentication Failed


