2014-11-24T08:13:18Z
RequestParameter:  billNo: Y63xt1416816798 | startTime:2014-11-24 08:13:18

2014-11-24T08:13:18Z
Array
(
    [MODE] => P
    [FRMT] => XML
    [VERS] => 0600
    [MERC] => 680000
    [SESS] => Y63xt1416816798
    [ORDR] => Y63xt1416816798
    [CURR] => USD
    [PENC] => KHASH
    [PTYP] => CARD
    [PTOK] => 541111M90EDQNH6YNRC8
    [IPAD] => 10.0.0.1
    [MACK] => Y
    [PROD_DESC[0]] => This is a test please ignore
    [PROD_TYPE[0]] => tv
    [PROD_ITEM[0]] => tv222
    [PROD_QUANT[0]] => 5
    [PROD_PRICE[0]] => 200000
    [PROD_DESC[1]] => This is a test please ignore
    [PROD_TYPE[1]] => phone
    [PROD_ITEM[1]] => samsung
    [PROD_QUANT[1]] => 5
    [PROD_PRICE[1]] => 500000
    [TOTL] => 3500000
    [SITE] => VERT999
    [UDF[MERCHANT_ID]] => PSIMERCH1
    [NAME] => johny testing
    [B2A1] => makati
    [B2CC] => BS
    [B2CI] => makati
    [B2PC] => 111
    [B2PN] => 02912312322
    [B2ST] => makati
    [S2A1] => makati
    [S2CC] => BH
    [S2CI] => makati
    [S2EM] => johnyz@gmail.com
    [S2NM] => Johny2 testing2
    [S2PC] => 123456
    [S2PN] => 09283717283
    [S2ST] => makati
    [SHTP] => SD
    [CASH] => 35000
    [DOB] => 2014-11-19
    [GENDER] => M
    [EMAL] => johny@gmail.com
    [ANID] => 02912312322
)


2014-11-24T08:13:21Z
ResponseParameter:  billNo: Y63xt1416816798 | endTime:2014-11-24 08:13:21

2014-11-24T08:13:21Z
<?xml version="1.0" encoding="UTF-8"?>
<RESPONSE>
  <MODE>E</MODE>
  <ERRO>323</ERRO>
  <ERROR_0>323 BAD_SITE Cause: [[VERT999] does not exist for merchant [680000]], Field: [SITE], Value: [VERT999]</ERROR_0>
  <ERROR_COUNT>1</ERROR_COUNT>
  <WARNING_COUNT>0</WARNING_COUNT>
</RESPONSE>

2014-11-24T08:26:54Z
RequestParameter:  billNo: j4EKX1416817614 | startTime:2014-11-24 08:26:54

2014-11-24T08:26:54Z
Array
(
    [MODE] => P
    [FRMT] => XML
    [VERS] => 0600
    [MERC] => 680000
    [SESS] => j4EKX1416817614
    [ORDR] => j4EKX1416817614
    [CURR] => USD
    [PENC] => KHASH
    [PTYP] => CARD
    [PTOK] => 546978Q6E382RU9V2EC7
    [IPAD] => 10.0.0.1
    [MACK] => Y
    [PROD_DESC[0]] => test aljen
    [PROD_TYPE[0]] => shoes
    [PROD_ITEM[0]] => jordan 29
    [PROD_QUANT[0]] => 2
    [PROD_PRICE[0]] => 40000
    [PROD_DESC[1]] => test aljen
    [PROD_TYPE[1]] => shirt
    [PROD_ITEM[1]] => nike shirt
    [PROD_QUANT[1]] => 4
    [PROD_PRICE[1]] => 5000
    [TOTL] => 100000
    [SITE] => VERT999
    [UDF[MERCHANT_ID]] => PSIMERCH1
    [NAME] => rey jose aljen test
    [B2A1] => makati
    [B2CC] => PH
    [B2CI] => makati
    [B2PC] => 1243
    [B2PN] => 58324324
    [B2ST] => makati
    [S2A1] => manila
    [S2CC] => PH
    [S2CI] => manil
    [S2EM] => aljen@gmai.com
    [S2NM] => alejn gwapings
    [S2PC] => 1234
    [S2PN] => 4234123321
    [S2ST] => manila
    [SHTP] => 2D
    [CASH] => 1000
    [DOB] => 1988-11-25
    [GENDER] => M
    [EMAL] => rey@gmail.com
    [ANID] => 58324324
)


2014-11-24T08:26:59Z
ResponseParameter:  billNo: j4EKX1416817614 | endTime:2014-11-24 08:26:59

2014-11-24T08:26:59Z
<?xml version="1.0" encoding="UTF-8"?>
<RESPONSE>
  <MODE>E</MODE>
  <ERRO>323</ERRO>
  <ERROR_0>323 BAD_SITE Cause: [[VERT999] does not exist for merchant [680000]], Field: [SITE], Value: [VERT999]</ERROR_0>
  <ERROR_COUNT>1</ERROR_COUNT>
  <WARNING_COUNT>0</WARNING_COUNT>
</RESPONSE>

2014-11-24T08:47:16Z
RequestParameter:  billNo: xH14v1416818835 | startTime:2014-11-24 08:47:16

2014-11-24T08:47:16Z
Array
(
    [MODE] => P
    [FRMT] => XML
    [VERS] => 0600
    [MERC] => 680000
    [SESS] => xH14v1416818835
    [ORDR] => xH14v1416818835
    [CURR] => USD
    [PENC] => KHASH
    [PTYP] => CARD
    [PTOK] => 541111M90EDQNH6YNRC8
    [IPAD] => 10.0.0.1
    [MACK] => Y
    [PROD_DESC[0]] => This is a test please ignore
    [PROD_TYPE[0]] => tv
    [PROD_ITEM[0]] => tv222
    [PROD_QUANT[0]] => 5
    [PROD_PRICE[0]] => 200000
    [PROD_DESC[1]] => This is a test please ignore
    [PROD_TYPE[1]] => phone
    [PROD_ITEM[1]] => samsung
    [PROD_QUANT[1]] => 5
    [PROD_PRICE[1]] => 500000
    [TOTL] => 3500000
    [SITE] => VERT999
    [UDF[MERCHANT_ID]] => PSIMERCH1
    [NAME] => johny2 testing2
    [B2A1] => makati
    [B2CC] => BS
    [B2CI] => makati
    [B2PC] => 111
    [B2PN] => 02912312322
    [B2ST] => makati
    [S2A1] => makati
    [S2CC] => BH
    [S2CI] => makati
    [S2EM] => johnyz@gmail.com
    [S2NM] => Johny2 testing2
    [S2PC] => 123456
    [S2PN] => 09283717283
    [S2ST] => makati
    [SHTP] => SD
    [CASH] => 35000
    [DOB] => 2014-11-19
    [GENDER] => M
    [EMAL] => johny@gmail.com
    [ANID] => 02912312322
)


2014-11-24T08:47:18Z
ResponseParameter:  billNo: xH14v1416818835 | endTime:2014-11-24 08:47:18

2014-11-24T08:47:18Z
<?xml version="1.0" encoding="UTF-8"?>
<RESPONSE>
  <MODE>E</MODE>
  <ERRO>323</ERRO>
  <ERROR_0>323 BAD_SITE Cause: [[VERT999] does not exist for merchant [680000]], Field: [SITE], Value: [VERT999]</ERROR_0>
  <ERROR_COUNT>1</ERROR_COUNT>
  <WARNING_COUNT>0</WARNING_COUNT>
</RESPONSE>

