2015-06-11T07:02:33Z
RequestParameter:  billNo: 1433254825 | startTime:2015-06-11 07:02:33

2015-06-11T07:02:33Z
Array
(
    [MODE] => U
    [FRMT] => XML
    [VERS] => 0630
    [MERC] => 680000
    [SESS] => q1f66jvp9l4e1fh5l2neljg887
    [TRAN] => 3CK50Y4DT26H
    [AUTH] => 
    [MACK] => Y
    [RFCB] => R
)


2015-06-11T07:02:34Z
ResponseParameter:  billNo: 1433254825 | endTime:2015-06-11 07:02:34

2015-06-11T07:02:34Z
<?xml version="1.0" encoding="UTF-8"?>
<RESPONSE>
  <VERS>0630</VERS>
  <MODE>U</MODE>
  <TRAN>3CK50Y4DT26H</TRAN>
  <MERC>680000</MERC>
  <SESS>q1f66jvp9l4e1fh5l2neljg887</SESS>
  <RULES_TRIGGERED>0</RULES_TRIGGERED>
  <COUNTERS_TRIGGERED>0</COUNTERS_TRIGGERED>
  <REASON_CODE></REASON_CODE>
  <MASTERCARD></MASTERCARD>
  <WARNING_COUNT>0</WARNING_COUNT>
</RESPONSE>

2015-06-11T08:37:16Z
RequestParameter:  billNo: jtEIx1434011834 | startTime:2015-06-11 08:37:16

2015-06-11T08:37:16Z
Array
(
    [MODE] => U
    [FRMT] => XML
    [VERS] => 0630
    [MERC] => 680000
    [SESS] => jtEIx1434011834
    [TRAN] => 3CX00K8BXHMD
    [AUTH] => D
    [MACK] => Y
)


2015-06-11T08:37:17Z
ResponseParameter:  billNo: jtEIx1434011834 | endTime:2015-06-11 08:37:17

2015-06-11T08:37:17Z
<?xml version="1.0" encoding="UTF-8"?>
<RESPONSE>
  <VERS>0630</VERS>
  <MODE>U</MODE>
  <TRAN>3CX00K8BXHMD</TRAN>
  <MERC>680000</MERC>
  <SESS>jtEIx1434011834</SESS>
  <RULES_TRIGGERED>0</RULES_TRIGGERED>
  <COUNTERS_TRIGGERED>0</COUNTERS_TRIGGERED>
  <REASON_CODE></REASON_CODE>
  <MASTERCARD></MASTERCARD>
  <WARNING_COUNT>0</WARNING_COUNT>
</RESPONSE>

2015-06-11T08:40:58Z
RequestParameter:  billNo: tDLji1434012056 | startTime:2015-06-11 08:40:58

2015-06-11T08:40:58Z
Array
(
    [MODE] => U
    [FRMT] => XML
    [VERS] => 0630
    [MERC] => 680000
    [SESS] => tDLji1434012056
    [TRAN] => 3CX009HTVK6W
    [AUTH] => D
    [MACK] => Y
)


2015-06-11T08:40:59Z
ResponseParameter:  billNo: tDLji1434012056 | endTime:2015-06-11 08:40:59

2015-06-11T08:40:59Z
<?xml version="1.0" encoding="UTF-8"?>
<RESPONSE>
  <VERS>0630</VERS>
  <MODE>U</MODE>
  <TRAN>3CX009HTVK6W</TRAN>
  <MERC>680000</MERC>
  <SESS>tDLji1434012056</SESS>
  <RULES_TRIGGERED>0</RULES_TRIGGERED>
  <COUNTERS_TRIGGERED>0</COUNTERS_TRIGGERED>
  <REASON_CODE></REASON_CODE>
  <MASTERCARD></MASTERCARD>
  <WARNING_COUNT>0</WARNING_COUNT>
</RESPONSE>

2015-06-11T08:41:25Z
RequestParameter:  billNo: cHQtP1434012083 | startTime:2015-06-11 08:41:25

2015-06-11T08:41:25Z
Array
(
    [MODE] => U
    [FRMT] => XML
    [VERS] => 0630
    [MERC] => 680000
    [SESS] => cHQtP1434012083
    [TRAN] => 3CX00M9W0RP8
    [AUTH] => D
    [MACK] => Y
)


2015-06-11T08:41:25Z
ResponseParameter:  billNo: cHQtP1434012083 | endTime:2015-06-11 08:41:25

2015-06-11T08:41:25Z
<?xml version="1.0" encoding="UTF-8"?>
<RESPONSE>
  <VERS>0630</VERS>
  <MODE>U</MODE>
  <TRAN>3CX00M9W0RP8</TRAN>
  <MERC>680000</MERC>
  <SESS>cHQtP1434012083</SESS>
  <RULES_TRIGGERED>0</RULES_TRIGGERED>
  <COUNTERS_TRIGGERED>0</COUNTERS_TRIGGERED>
  <REASON_CODE></REASON_CODE>
  <MASTERCARD></MASTERCARD>
  <WARNING_COUNT>0</WARNING_COUNT>
</RESPONSE>

2015-06-11T08:41:40Z
RequestParameter:  billNo: bD5hC1434012098 | startTime:2015-06-11 08:41:40

2015-06-11T08:41:40Z
Array
(
    [MODE] => U
    [FRMT] => XML
    [VERS] => 0630
    [MERC] => 680000
    [SESS] => bD5hC1434012098
    [TRAN] => 3CX006RWK7DC
    [AUTH] => D
    [MACK] => Y
)


2015-06-11T08:41:41Z
ResponseParameter:  billNo: bD5hC1434012098 | endTime:2015-06-11 08:41:41

2015-06-11T08:41:41Z
<?xml version="1.0" encoding="UTF-8"?>
<RESPONSE>
  <VERS>0630</VERS>
  <MODE>U</MODE>
  <TRAN>3CX006RWK7DC</TRAN>
  <MERC>680000</MERC>
  <SESS>bD5hC1434012098</SESS>
  <RULES_TRIGGERED>0</RULES_TRIGGERED>
  <COUNTERS_TRIGGERED>0</COUNTERS_TRIGGERED>
  <REASON_CODE></REASON_CODE>
  <MASTERCARD></MASTERCARD>
  <WARNING_COUNT>0</WARNING_COUNT>
</RESPONSE>

2015-06-11T09:35:52Z
RequestParameter:  billNo: HChA81434012109 | startTime:2015-06-11 09:35:52

2015-06-11T09:35:52Z
Array
(
    [MODE] => U
    [FRMT] => XML
    [VERS] => 0630
    [MERC] => 680000
    [SESS] => HChA81434012109
    [TRAN] => 3CX00GZ1LRX3
    [AUTH] => 
    [MACK] => Y
    [RFCB] => R
)


2015-06-11T09:35:53Z
ResponseParameter:  billNo: HChA81434012109 | endTime:2015-06-11 09:35:53

2015-06-11T09:35:53Z
<?xml version="1.0" encoding="UTF-8"?>
<RESPONSE>
  <VERS>0630</VERS>
  <MODE>U</MODE>
  <TRAN>3CX00GZ1LRX3</TRAN>
  <MERC>680000</MERC>
  <SESS>HChA81434012109</SESS>
  <RULES_TRIGGERED>0</RULES_TRIGGERED>
  <COUNTERS_TRIGGERED>0</COUNTERS_TRIGGERED>
  <REASON_CODE></REASON_CODE>
  <MASTERCARD></MASTERCARD>
  <WARNING_COUNT>0</WARNING_COUNT>
</RESPONSE>

2015-06-11T09:47:32Z
RequestParameter:  billNo: 1433254826 | startTime:2015-06-11 09:47:32

2015-06-11T09:47:32Z
Array
(
    [MODE] => U
    [FRMT] => XML
    [VERS] => 0630
    [MERC] => 680000
    [SESS] => q1f66jvp9l4e1fh5l2neljg887
    [TRAN] => 3CK50SG8CRN9
    [AUTH] => 
    [MACK] => Y
    [RFCB] => R
)


2015-06-11T09:47:34Z
ResponseParameter:  billNo: 1433254826 | endTime:2015-06-11 09:47:34

2015-06-11T09:47:34Z
<?xml version="1.0" encoding="UTF-8"?>
<RESPONSE>
  <VERS>0630</VERS>
  <MODE>U</MODE>
  <TRAN>3CK50SG8CRN9</TRAN>
  <MERC>680000</MERC>
  <SESS>q1f66jvp9l4e1fh5l2neljg887</SESS>
  <RULES_TRIGGERED>0</RULES_TRIGGERED>
  <COUNTERS_TRIGGERED>0</COUNTERS_TRIGGERED>
  <REASON_CODE></REASON_CODE>
  <MASTERCARD></MASTERCARD>
  <WARNING_COUNT>0</WARNING_COUNT>
</RESPONSE>

2015-06-11T09:54:05Z
RequestParameter:  billNo: QH0Rv1434016423 | startTime:2015-06-11 09:54:05

2015-06-11T09:54:05Z
Array
(
    [MODE] => U
    [FRMT] => XML
    [VERS] => 0630
    [MERC] => 680000
    [SESS] => QH0Rv1434016423
    [TRAN] => 3CXC0X8NDSBX
    [AUTH] => 
    [MACK] => Y
    [RFCB] => R
)


2015-06-11T09:54:06Z
ResponseParameter:  billNo: QH0Rv1434016423 | endTime:2015-06-11 09:54:06

2015-06-11T09:54:06Z
<?xml version="1.0" encoding="UTF-8"?>
<RESPONSE>
  <VERS>0630</VERS>
  <MODE>U</MODE>
  <TRAN>3CXC0X8NDSBX</TRAN>
  <MERC>680000</MERC>
  <SESS>QH0Rv1434016423</SESS>
  <RULES_TRIGGERED>0</RULES_TRIGGERED>
  <COUNTERS_TRIGGERED>0</COUNTERS_TRIGGERED>
  <REASON_CODE></REASON_CODE>
  <MASTERCARD></MASTERCARD>
  <WARNING_COUNT>0</WARNING_COUNT>
</RESPONSE>

2015-06-11T10:00:54Z
RequestParameter:  billNo: MODjp1434016583 | startTime:2015-06-11 10:00:54

2015-06-11T10:00:54Z
Array
(
    [MODE] => U
    [FRMT] => XML
    [VERS] => 0630
    [MERC] => 680000
    [SESS] => MODjp1434016583
    [TRAN] => 3CXC03V0JL90
    [AUTH] => 
    [MACK] => Y
    [RFCB] => R
)


2015-06-11T10:00:55Z
ResponseParameter:  billNo: MODjp1434016583 | endTime:2015-06-11 10:00:55

2015-06-11T10:00:55Z
<?xml version="1.0" encoding="UTF-8"?>
<RESPONSE>
  <VERS>0630</VERS>
  <MODE>U</MODE>
  <TRAN>3CXC03V0JL90</TRAN>
  <MERC>680000</MERC>
  <SESS>MODjp1434016583</SESS>
  <RULES_TRIGGERED>0</RULES_TRIGGERED>
  <COUNTERS_TRIGGERED>0</COUNTERS_TRIGGERED>
  <REASON_CODE></REASON_CODE>
  <MASTERCARD></MASTERCARD>
  <WARNING_COUNT>0</WARNING_COUNT>
</RESPONSE>

2015-06-11T10:07:53Z
RequestParameter:  billNo: i6v171434016952 | startTime:2015-06-11 10:07:53

2015-06-11T10:07:53Z
Array
(
    [MODE] => U
    [FRMT] => XML
    [VERS] => 0630
    [MERC] => 680000
    [SESS] => i6v171434016952
    [TRAN] => 3CXZ05QK7TWS
    [AUTH] => 
    [MACK] => Y
    [RFCB] => R
)


2015-06-11T10:07:54Z
ResponseParameter:  billNo: i6v171434016952 | endTime:2015-06-11 10:07:54

2015-06-11T10:07:54Z
<?xml version="1.0" encoding="UTF-8"?>
<RESPONSE>
  <VERS>0630</VERS>
  <MODE>U</MODE>
  <TRAN>3CXZ05QK7TWS</TRAN>
  <MERC>680000</MERC>
  <SESS>i6v171434016952</SESS>
  <RULES_TRIGGERED>0</RULES_TRIGGERED>
  <COUNTERS_TRIGGERED>0</COUNTERS_TRIGGERED>
  <REASON_CODE></REASON_CODE>
  <MASTERCARD></MASTERCARD>
  <WARNING_COUNT>0</WARNING_COUNT>
</RESPONSE>

2015-06-11T10:16:20Z
RequestParameter:  billNo: HgS3h1434017315 | startTime:2015-06-11 10:16:20

2015-06-11T10:16:20Z
Array
(
    [MODE] => U
    [FRMT] => XML
    [VERS] => 0630
    [MERC] => 680000
    [SESS] => HgS3h1434017315
    [TRAN] => 3CXZ032D5QS9
    [AUTH] => 
    [MACK] => Y
    [RFCB] => R
)


2015-06-11T10:16:21Z
ResponseParameter:  billNo: HgS3h1434017315 | endTime:2015-06-11 10:16:21

2015-06-11T10:16:21Z
<?xml version="1.0" encoding="UTF-8"?>
<RESPONSE>
  <VERS>0630</VERS>
  <MODE>U</MODE>
  <TRAN>3CXZ032D5QS9</TRAN>
  <MERC>680000</MERC>
  <SESS>HgS3h1434017315</SESS>
  <RULES_TRIGGERED>0</RULES_TRIGGERED>
  <COUNTERS_TRIGGERED>0</COUNTERS_TRIGGERED>
  <REASON_CODE></REASON_CODE>
  <MASTERCARD></MASTERCARD>
  <WARNING_COUNT>0</WARNING_COUNT>
</RESPONSE>

