2015-09-21T11:16:55Z
RequestParameter:  billNo: gSLG11442637097 | startTime:2015-09-21 11:16:55

2015-09-21T11:16:55Z
Array
(
    [MODE] => U
    [FRMT] => XML
    [VERS] => 0630
    [MERC] => 680000
    [SESS] => gSLG11442637097
    [TRAN] => 363P05C260WG
    [AUTH] => D
    [MACK] => Y
)


2015-09-21T11:16:56Z
ResponseParameter:  billNo: gSLG11442637097 | endTime:2015-09-21 11:16:56

2015-09-21T11:16:56Z
<?xml version="1.0" encoding="UTF-8"?>
<RESPONSE>
  <VERS>0630</VERS>
  <MODE>U</MODE>
  <TRAN>363P05C260WG</TRAN>
  <MERC>680000</MERC>
  <SESS>gSLG11442637097</SESS>
  <RULES_TRIGGERED>0</RULES_TRIGGERED>
  <COUNTERS_TRIGGERED>0</COUNTERS_TRIGGERED>
  <REASON_CODE></REASON_CODE>
  <MASTERCARD></MASTERCARD>
  <WARNING_COUNT>0</WARNING_COUNT>
</RESPONSE>

