2015-01-12T03:02:14Z
RequestParameter:  billNo: csotg1421031733 | startTime:2015-01-12 03:02:14

2015-01-12T03:02:14Z
Array
(
    [MODE] => P
    [FRMT] => XML
    [VERS] => 0600
    [MERC] => 680000
    [SESS] => csotg1421031733
    [ORDR] => csotg1421031733
    [CURR] => PHP
    [PENC] => KHASH
    [PTYP] => CARD
    [PTOK] => 4918912GXE0BUP1QG8K5
    [IPAD] => 10.0.0.1
    [MACK] => Y
    [PROD_DESC[0]] => test
    [PROD_TYPE[0]] => tv
    [PROD_ITEM[0]] => 1
    [PROD_QUANT[0]] => 1
    [PROD_PRICE[0]] => 1000
    [TOTL] => 1000
    [SITE] => VERT999
    [UDF[MERCHANT_ID]] => 10001MERTEST001
    [NAME] => Test Name
    [B2A1] => address
    [B2CC] => PH
    [B2CI] => city
    [B2PC] => 1234
    [B2PN] => 123456789
    [B2ST] => state
    [S2A1] => 
    [S2CC] => 
    [S2CI] => 
    [S2EM] => 
    [S2NM] =>  
    [S2PC] => 
    [S2PN] => 
    [S2ST] => 
    [SHTP] => 
    [CASH] => 10
    [DOB] => 1936-01-09
    [GENDER] => F
    [EMAL] => test@gmail.com
    [ANID] => 123456789
)


2015-01-12T03:05:09Z
RequestParameter:  billNo: iV9B21421031909 | startTime:2015-01-12 03:05:09

2015-01-12T03:05:09Z
Array
(
    [MODE] => P
    [FRMT] => XML
    [VERS] => 0600
    [MERC] => 680000
    [SESS] => iV9B21421031909
    [ORDR] => iV9B21421031909
    [CURR] => PHP
    [PENC] => KHASH
    [PTYP] => CARD
    [PTOK] => 4918912GXE0BUP1QG8K5
    [IPAD] => 10.0.0.1
    [MACK] => Y
    [PROD_DESC[0]] => test
    [PROD_TYPE[0]] => tv
    [PROD_ITEM[0]] => 1
    [PROD_QUANT[0]] => 1
    [PROD_PRICE[0]] => 1000
    [TOTL] => 1000
    [SITE] => VERT999
    [UDF[MERCHANT_ID]] => 10001MERTEST001
    [NAME] => Test Name
    [B2A1] => address
    [B2CC] => PH
    [B2CI] => city
    [B2PC] => 12345
    [B2PN] => 123456789
    [B2ST] => state
    [S2A1] => 
    [S2CC] => 
    [S2CI] => 
    [S2EM] => 
    [S2NM] =>  
    [S2PC] => 
    [S2PN] => 
    [S2ST] => 
    [SHTP] => 
    [CASH] => 10
    [DOB] => 1982-01-07
    [GENDER] => M
    [EMAL] => test@yahoo.com
    [ANID] => 123456789
)


2015-01-12T03:07:55Z
RequestParameter:  billNo: CkghW1421032074 | startTime:2015-01-12 03:07:55

2015-01-12T03:07:55Z
Array
(
    [MODE] => P
    [FRMT] => XML
    [VERS] => 0600
    [MERC] => 680000
    [SESS] => CkghW1421032074
    [ORDR] => CkghW1421032074
    [CURR] => PHP
    [PENC] => KHASH
    [PTYP] => CARD
    [PTOK] => 4918912GXE0BUP1QG8K5
    [IPAD] => 10.0.0.1
    [MACK] => Y
    [PROD_DESC[0]] => test
    [PROD_TYPE[0]] => tv
    [PROD_ITEM[0]] => 1
    [PROD_QUANT[0]] => 1
    [PROD_PRICE[0]] => 1000
    [TOTL] => 1000
    [SITE] => VERT999
    [UDF[MERCHANT_ID]] => 10001MERTEST001
    [NAME] => Test Name
    [B2A1] => address
    [B2CC] => PH
    [B2CI] => city
    [B2PC] => 12345
    [B2PN] => 123456789
    [B2ST] => state
    [S2A1] => 
    [S2CC] => 
    [S2CI] => 
    [S2EM] => 
    [S2NM] =>  
    [S2PC] => 
    [S2PN] => 
    [S2ST] => 
    [SHTP] => 
    [CASH] => 10
    [DOB] => 1986-01-15
    [GENDER] => M
    [EMAL] => test@gmail.com
    [ANID] => 123456789
)


2015-01-12T03:18:18Z
RequestParameter:  billNo: gwrYO1421032698 | startTime:2015-01-12 03:18:18

2015-01-12T03:18:18Z
Array
(
    [MODE] => P
    [FRMT] => XML
    [VERS] => 0600
    [MERC] => 680000
    [SESS] => gwrYO1421032698
    [ORDR] => gwrYO1421032698
    [CURR] => PHP
    [PENC] => KHASH
    [PTYP] => CARD
    [PTOK] => 4918912GXE0BUP1QG8K5
    [IPAD] => 10.0.0.1
    [MACK] => Y
    [PROD_DESC[0]] => test
    [PROD_TYPE[0]] => tv
    [PROD_ITEM[0]] => 1
    [PROD_QUANT[0]] => 1
    [PROD_PRICE[0]] => 1000
    [TOTL] => 1000
    [SITE] => VERT999
    [UDF[MERCHANT_ID]] => 10001MERTEST001
    [NAME] => Test Name
    [B2A1] => address
    [B2CC] => PH
    [B2CI] => city
    [B2PC] => 12345
    [B2PN] => 123456789
    [B2ST] => state
    [S2A1] => 
    [S2CC] => 
    [S2CI] => 
    [S2EM] => 
    [S2NM] =>  
    [S2PC] => 
    [S2PN] => 
    [S2ST] => 
    [SHTP] => 
    [CASH] => 10
    [DOB] => 1988-01-07
    [GENDER] => M
    [EMAL] => test@yahoo.com
    [ANID] => 123456789
)


2015-01-12T03:18:20Z
ResponseParameter:  billNo: gwrYO1421032698 | endTime:2015-01-12 03:18:20

2015-01-12T03:18:20Z
<?xml version="1.0" encoding="UTF-8"?>
<RESPONSE>
  <VERS>0600</VERS>
  <MODE>P</MODE>
  <TRAN>3VPD03NJBYL5</TRAN>
  <MERC>680000</MERC>
  <SESS>gwrYO1421032698</SESS>
  <ORDR>gwrYO1421032698</ORDR>
  <AUTO>A</AUTO>
  <SCOR>29</SCOR>
  <GEOX>US</GEOX>
  <BRND>VISA</BRND>
  <REGN></REGN>
  <NETW>N</NETW>
  <KAPT>N</KAPT>
  <CARDS>1</CARDS>
  <DEVICES>1</DEVICES>
  <EMAILS>1</EMAILS>
  <VELO>0</VELO>
  <VMAX>0</VMAX>
  <RULES_TRIGGERED>2</RULES_TRIGGERED>
  <RULE_ID_0>772998</RULE_ID_0>
  <RULE_DESCRIPTION_0>GEO Billing &lt;&gt; BIN Country (1pt)</RULE_DESCRIPTION_0>
  <RULE_ID_1>773002</RULE_ID_1>
  <RULE_DESCRIPTION_1>FRAUD_SCRD GEO Counter Triggered (5pts)</RULE_DESCRIPTION_1>
  <COUNTERS_TRIGGERED>2</COUNTERS_TRIGGERED>
  <COUNTER_NAME_0>GEO</COUNTER_NAME_0>
  <COUNTER_VALUE_0>1</COUNTER_VALUE_0>
  <COUNTER_NAME_1>FRAUD_SCRD</COUNTER_NAME_1>
  <COUNTER_VALUE_1>5</COUNTER_VALUE_1>
  <REASON_CODE></REASON_CODE>
  <MASTERCARD></MASTERCARD>
  <DDFS></DDFS>
  <DSR></DSR>
  <UAS></UAS>
  <BROWSER></BROWSER>
  <OS></OS>
  <PIP_IPAD></PIP_IPAD>
  <PIP_LAT></PIP_LAT>
  <PIP_LON></PIP_LON>
  <PIP_COUNTRY></PIP_COUNTRY>
  <PIP_REGION></PIP_REGION>
  <PIP_CITY></PIP_CITY>
  <PIP_ORG></PIP_ORG>
  <IP_IPAD></IP_IPAD>
  <IP_LAT></IP_LAT>
  <IP_LON></IP_LON>
  <IP_COUNTRY></IP_COUNTRY>
  <IP_REGION></IP_REGION>
  <IP_CITY></IP_CITY>
  <IP_ORG></IP_ORG>
  <WARNING_COUNT>0</WARNING_COUNT>
</RESPONSE>

