2015-04-08T09:34:13Z
RequestParameter:  billNo: ioaqU1428484179 | startTime:2015-04-08 09:34:13

2015-04-08T09:34:13Z
Array
(
    [reason[3YDH0NLS2D21]] => R1
    [note[3YDH0NLS2D21]] => *remarks: [ssaa|bankremarks|_|void successfully.|bankresponse|_|resultcode=0|prc=|src=] *psi method [refundapi] *trigger: [transaction refund]
)


2015-04-08T09:34:15Z
ResponseParameter:  billNo: ioaqU1428484179 | endTime:2015-04-08 09:34:15

2015-04-08T09:34:15Z
<?xml version="1.0" encoding="UTF-8"?>
<response><status>ok</status><count><success>1</success><failure>0</failure></count><errors/><result/></response>


2015-04-08T09:41:26Z
RequestParameter:  billNo: V6R5y1428486013 | startTime:2015-04-08 09:41:26

2015-04-08T09:41:26Z
Array
(
    [reason[3YDH0W5BXNTR]] => R1
    [note[3YDH0W5BXNTR]] => *remarks: [refend test|bankremarks|_|void successfully.|bankresponse|_|resultcode=0|prc=|src=] *psi method [refundapi] *trigger: [transaction refund]
)


2015-04-08T09:41:28Z
ResponseParameter:  billNo: V6R5y1428486013 | endTime:2015-04-08 09:41:28

2015-04-08T09:41:28Z
<?xml version="1.0" encoding="UTF-8"?>
<response><status>ok</status><count><success>1</success><failure>0</failure></count><errors/><result/></response>


2015-04-08T09:45:45Z
RequestParameter:  billNo: Ggsfd1428486217 | startTime:2015-04-08 09:45:45

2015-04-08T09:45:45Z
Array
(
    [reason[3YDH0WN3PT34]] => C1
    [note[3YDH0WN3PT34]] => *remarks: [charge - back test] *psi method [chargebackapi] *trigger: [transaction charge-back]
)


2015-04-08T09:45:47Z
ResponseParameter:  billNo: Ggsfd1428486217 | endTime:2015-04-08 09:45:47

2015-04-08T09:45:47Z
<?xml version="1.0" encoding="UTF-8"?>
<response><status>ok</status><count><success>1</success><failure>0</failure></count><errors/><result/></response>


2015-04-08T09:49:06Z
RequestParameter:  billNo: 8oNnC1428486545 | startTime:2015-04-08 09:49:06

2015-04-08T09:49:06Z
Array
(
    [reason[3YDH05MBB5Q8]] => 
    [note[3YDH05MBB5Q8]] => *remarks: [] *psi method [] *trigger: [transaction ]
)


2015-04-08T09:49:08Z
ResponseParameter:  billNo: 8oNnC1428486545 | endTime:2015-04-08 09:49:08

2015-04-08T09:49:08Z
<?xml version="1.0" encoding="UTF-8"?>
<response><status>failure</status><count><success>0</success><failure>1</failure></count><errors><error><code>1758</code><message>Incomplete transaction - waiting for update, try again later</message><scope>3YDH05MBB5Q8</scope></error></errors><result/></response>


2015-04-08T09:53:22Z
RequestParameter:  billNo: sIzZr1428486800 | startTime:2015-04-08 09:53:22

2015-04-08T09:53:22Z
Array
(
    [reason[3YDH0CCXZ33L]] => 
    [note[3YDH0CCXZ33L]] => *remarks: [] *psi method [] *trigger: [transaction ]
)


2015-04-08T09:53:24Z
ResponseParameter:  billNo: sIzZr1428486800 | endTime:2015-04-08 09:53:24

2015-04-08T09:53:24Z
<?xml version="1.0" encoding="UTF-8"?>
<response><status>failure</status><count><success>0</success><failure>1</failure></count><errors><error><code>1758</code><message>Incomplete transaction - waiting for update, try again later</message><scope>3YDH0CCXZ33L</scope></error></errors><result/></response>


2015-04-08T09:53:41Z
RequestParameter:  billNo: gNkBI1428486820 | startTime:2015-04-08 09:53:41

2015-04-08T09:53:41Z
Array
(
    [reason[3YDH0WWYVWWY]] => 
    [note[3YDH0WWYVWWY]] => *remarks: [] *psi method [] *trigger: [transaction ]
)


2015-04-08T09:53:43Z
ResponseParameter:  billNo: gNkBI1428486820 | endTime:2015-04-08 09:53:43

2015-04-08T09:53:43Z
<?xml version="1.0" encoding="UTF-8"?>
<response><status>failure</status><count><success>0</success><failure>1</failure></count><errors><error><code>1758</code><message>Incomplete transaction - waiting for update, try again later</message><scope>3YDH0WWYVWWY</scope></error></errors><result/></response>


2015-04-08T09:54:55Z
RequestParameter:  billNo: mvtAf1428486893 | startTime:2015-04-08 09:54:55

2015-04-08T09:54:55Z
Array
(
    [reason[3YDH037YTNK6]] => 
    [note[3YDH037YTNK6]] => *remarks: [] *psi method [] *trigger: [transaction ]
)


2015-04-08T09:54:55Z
Array
(
)


2015-04-08T09:54:57Z
ResponseParameter:  billNo: mvtAf1428486893 | endTime:2015-04-08 09:54:57

2015-04-08T09:54:57Z
<?xml version="1.0" encoding="UTF-8"?>
<response><status>failure</status><count><success>0</success><failure>1</failure></count><errors><error><code>1758</code><message>Incomplete transaction - waiting for update, try again later</message><scope>3YDH037YTNK6</scope></error></errors><result/></response>


2015-04-08T09:55:57Z
RequestParameter:  billNo: frbB71428486956 | startTime:2015-04-08 09:55:57

2015-04-08T09:55:57Z
Array
(
    [reason[3YDH0Y30D1WH]] => 
    [note[3YDH0Y30D1WH]] => *remarks: [] *psi method [] *trigger: [transaction ]
)


2015-04-08T09:55:57Z


2015-04-08T09:55:59Z
ResponseParameter:  billNo: frbB71428486956 | endTime:2015-04-08 09:55:59

2015-04-08T09:55:59Z
<?xml version="1.0" encoding="UTF-8"?>
<response><status>failure</status><count><success>0</success><failure>1</failure></count><errors><error><code>1758</code><message>Incomplete transaction - waiting for update, try again later</message><scope>3YDH0Y30D1WH</scope></error></errors><result/></response>


2015-04-08T09:58:27Z
RequestParameter:  billNo: iS5J61428487106 | startTime:2015-04-08 09:58:27

2015-04-08T09:58:27Z
Array
(
    [reason[3YDH0QQCJK19]] => D1
    [note[3YDH0QQCJK19]] => *remarks: [test prod|bankremarks|_|error: invalid expiry year|bankresponse|_|successcode=-1|prc=|src=] *psi method [paymentapi] *trigger: [transaction declined]
)


2015-04-08T09:58:27Z
DECLINED

2015-04-08T09:58:30Z
ResponseParameter:  billNo: iS5J61428487106 | endTime:2015-04-08 09:58:30

2015-04-08T09:58:30Z
<?xml version="1.0" encoding="UTF-8"?>
<response><status>failure</status><count><success>0</success><failure>1</failure></count><errors><error><code>1758</code><message>Incomplete transaction - waiting for update, try again later</message><scope>3YDH0QQCJK19</scope></error></errors><result/></response>


