2015-10-15T06:04:30Z
RequestParameter:  billNo: 2015101506 | startTime:2015-10-15 06:04:30

2015-10-15T06:04:30Z
SimpleXMLElement Object
(
    [securityCode] => 2003052020272027
    [apiUserId] => 86
    [url] => LOOPBACK
    [tdSec_postUrl] => SimpleXMLElement Object
        (
        )

    [convert] => 0
    [convertCur] => SimpleXMLElement Object
        (
        )

    [convertSrc] => SimpleXMLElement Object
        (
        )

    [API_username] => 100-01-MER-IAPATR
    [API_password] => JFsLvtoJHFCyJv
    [sessId] => 1j532l9gg613dt6csp87eeefh0
    [agt] => 0
    [billNo] => 2015101506
    [referenceId] => 2015101506
    [dateTime] => 20151015100101
    [cardHolderIp] => 27.32.198.143
    [cardNum] => 4043567894567697
    [cvv2] => 345
    [month] => 04
    [year] => 17
    [firstName] => Juan
    [lastName] => Dela Cruz
    [gender] => M
    [email] => juan@email.com
    [birthDate] => 19800909
    [phone] => 7117112
    [zipCode] => 2234
    [address] => Address
    [city] => City
    [state] => State
    [country] => AU
    [amount] => 10
    [currency] => USD
    [productItem] => Product
    [productType] => Product
    [productDesc] => Product
    [productQty] => 1
    [productPrice] => 10
    [shipFirstName] => SimpleXMLElement Object
        (
        )

    [shipLastName] => SimpleXMLElement Object
        (
        )

    [shipPhoneNumber] => SimpleXMLElement Object
        (
        )

    [shipZipCode] => SimpleXMLElement Object
        (
        )

    [shipAddress] => SimpleXMLElement Object
        (
        )

    [shipCity] => SimpleXMLElement Object
        (
        )

    [shipState] => SimpleXMLElement Object
        (
        )

    [shipCountry] => SimpleXMLElement Object
        (
        )

    [shipmentType] => SimpleXMLElement Object
        (
        )

    [shipEmail] => SimpleXMLElement Object
        (
        )

    [loginName] => 100-01-MER-IAPATR
    [type] => 1
    [language] => eng
    [remark] => Test Payment Only, test comma.
)


2015-10-15T06:04:31Z
ResponseParameter:  billNo: 2015101506 | endTime:2015-10-15 06:04:31

2015-10-15T06:04:31Z
successcode=-1&Ref=2015101506&PayRef=151015141030&Amt=10&Cur=840&prc=-1&src=43&Ord=151015141030&Holder=&AuthId=1030&TxTime=15-10-15 14:10:30&errMsg=Error: invalid cardNumber, invalid Security Code, invalid expiry month

2015-10-15T06:06:27Z
RequestParameter:  billNo: 2015101507 | startTime:2015-10-15 06:06:27

2015-10-15T06:06:27Z
SimpleXMLElement Object
(
    [securityCode] => 2003052020272027
    [apiUserId] => 86
    [url] => LOOPBACK
    [tdSec_postUrl] => SimpleXMLElement Object
        (
        )

    [convert] => 0
    [convertCur] => SimpleXMLElement Object
        (
        )

    [convertSrc] => SimpleXMLElement Object
        (
        )

    [API_username] => 100-01-MER-IAPATR
    [API_password] => JFsLvtoJHFCyJv
    [sessId] => 1j532l9gg613dt6csp87eeefh0
    [agt] => 0
    [billNo] => 2015101507
    [referenceId] => 2015101507
    [dateTime] => 20151015100101
    [cardHolderIp] => 27.32.198.143
    [cardNum] => 4043567894567697
    [cvv2] => 345
    [month] => 04
    [year] => 17
    [firstName] => Juan
    [lastName] => Dela Cruz
    [gender] => M
    [email] => juan@email.com
    [birthDate] => 19800909
    [phone] => 7117112
    [zipCode] => 2234
    [address] => Address
    [city] => City
    [state] => State
    [country] => AU
    [amount] => 10
    [currency] => USD
    [productItem] => Product
    [productType] => Product
    [productDesc] => Product
    [productQty] => 1
    [productPrice] => 10
    [shipFirstName] => SimpleXMLElement Object
        (
        )

    [shipLastName] => SimpleXMLElement Object
        (
        )

    [shipPhoneNumber] => SimpleXMLElement Object
        (
        )

    [shipZipCode] => SimpleXMLElement Object
        (
        )

    [shipAddress] => SimpleXMLElement Object
        (
        )

    [shipCity] => SimpleXMLElement Object
        (
        )

    [shipState] => SimpleXMLElement Object
        (
        )

    [shipCountry] => SimpleXMLElement Object
        (
        )

    [shipmentType] => SimpleXMLElement Object
        (
        )

    [shipEmail] => SimpleXMLElement Object
        (
        )

    [loginName] => 100-01-MER-IAPATR
    [type] => 1
    [language] => eng
    [remark] => Test Payment Only, test comma.
)


2015-10-15T06:06:27Z
ResponseParameter:  billNo: 2015101507 | endTime:2015-10-15 06:06:27

2015-10-15T06:06:27Z
successcode=-1&Ref=2015101507&PayRef=151015141027&Amt=10&Cur=840&prc=-1&src=43&Ord=151015141027&Holder=&AuthId=1027&TxTime=15-10-15 14:10:27&errMsg=Error: invalid cardNumber, invalid Security Code, invalid expiry month

