2015-09-24T01:43:23Z
RequestParameter:  billNo: 31gSLG114426370952 | startTime:2015-09-24 01:43:23

2015-09-24T01:43:23Z
https://test.payu.in/_payment

2015-09-24T01:43:23Z
Array
(
    [txn_s2s_flow] => 1
    [key] => Gzv04m
    [txnid] => 31gSLG114426370952
    [amount] => 10
    [productinfo] => Product
    [firstname] => Any
    [email] => JUANDCAPPROVE@EXAMPLE.COM
    [phone] => 12345678
    [surl] => surl
    [furl] => furl
    [pg] => CC
    [bankcode] => CC
    [ccnum] => 5************346
    [ccname] => Any Any
    [ccvv] => ***
    [ccexpmon] => 05
    [ccexpyr] => 2017
)


2015-09-24T01:43:30Z
ResponseParameter:  billNo: 31gSLG114426370952 | endTime:2015-09-24 01:43:30

2015-09-24T01:43:30Z
Array
(
    [rc] => 0
    [message] => success
    [payu_data] => stdClass Object
        (
            [form_post_vars] => stdClass Object
                (
                    [transactionId] => 05ecbe6b8fe3b1e5c7b433ae7a6a94ebad97711cbb25e7d277c8b9989ff7af38
                    [pgId] => 8
                    [eci] => 7
                    [nonEnrolled] => 1
                    [nonDomestic] => 0
                    [bank] => CC
                    [cccat] => creditcard
                    [ccnum] => 4b5c9002295c6cd8e5289e2f9c312dc737810a747b84e71665cf077c78fe245a
                    [ccname] => fc48ea7eac7054767109be0005c860a599d3f5351511c9fafd6c71d1638477ff
                    [ccvv] => f31c6a1d6582f44ee1be4a3e1126b9cb08d1e7006f7afe083d7270b00dcb933f
                    [ccexpmon] => 5ddf3702e74f473ec89762f6efece025737c2ab999e695cf10496e6fa3946079
                    [ccexpyr] => 5da83563fcaa945063dc4c2094c48e800badf7c8246c9d13b43757fe99d63e6d
                    [is_seamless] => 1
                )

            [post_uri] => https://test.payu.in/hdfc_not_enrolled
            [enrolled] => 0
        )

    [data] => stdClass Object
        (
            [status] => success
            [response] => stdClass Object
                (
                    [form_post_vars] => stdClass Object
                        (
                            [transactionId] => 05ecbe6b8fe3b1e5c7b433ae7a6a94ebad97711cbb25e7d277c8b9989ff7af38
                            [pgId] => 8
                            [eci] => 7
                            [nonEnrolled] => 1
                            [nonDomestic] => 0
                            [bank] => CC
                            [cccat] => creditcard
                            [ccnum] => 4b5c9002295c6cd8e5289e2f9c312dc737810a747b84e71665cf077c78fe245a
                            [ccname] => fc48ea7eac7054767109be0005c860a599d3f5351511c9fafd6c71d1638477ff
                            [ccvv] => f31c6a1d6582f44ee1be4a3e1126b9cb08d1e7006f7afe083d7270b00dcb933f
                            [ccexpmon] => 5ddf3702e74f473ec89762f6efece025737c2ab999e695cf10496e6fa3946079
                            [ccexpyr] => 5da83563fcaa945063dc4c2094c48e800badf7c8246c9d13b43757fe99d63e6d
                            [is_seamless] => 1
                        )

                    [post_uri] => https://test.payu.in/hdfc_not_enrolled
                    [enrolled] => 0
                )

        )

)


2015-09-24T02:08:02Z
RequestParameter:  billNo: 311gSLG114426370952 | startTime:2015-09-24 02:08:02

2015-09-24T02:08:02Z
https://test.payu.in/_payment

2015-09-24T02:08:02Z
Array
(
    [txn_s2s_flow] => 1
    [key] => Gzv04m
    [txnid] => 311gSLG114426370952
    [amount] => 10
    [productinfo] => Product
    [firstname] => Any
    [email] => JUANDCAPPROVE@EXAMPLE.COM
    [phone] => 12345678
    [surl] => surl
    [furl] => furl
    [pg] => CC
    [bankcode] => CC
    [ccnum] => 5************346
    [ccname] => Any Any
    [ccvv] => ***
    [ccexpmon] => 05
    [ccexpyr] => 2017
)


2015-09-24T02:08:06Z
ResponseParameter:  billNo: 311gSLG114426370952 | endTime:2015-09-24 02:08:06

2015-09-24T02:08:06Z
Array
(
    [rc] => 0
    [message] => success
    [payu_data] => stdClass Object
        (
            [form_post_vars] => stdClass Object
                (
                    [transactionId] => 0d65987501216680dcd9e1077a286d7862c7f121e5ab17edb854d9b641d92dcd
                    [pgId] => 8
                    [eci] => 7
                    [nonEnrolled] => 1
                    [nonDomestic] => 0
                    [bank] => CC
                    [cccat] => creditcard
                    [ccnum] => 4b5c9002295c6cd8e5289e2f9c312dc737810a747b84e71665cf077c78fe245a
                    [ccname] => fc48ea7eac7054767109be0005c860a599d3f5351511c9fafd6c71d1638477ff
                    [ccvv] => f31c6a1d6582f44ee1be4a3e1126b9cb08d1e7006f7afe083d7270b00dcb933f
                    [ccexpmon] => 5ddf3702e74f473ec89762f6efece025737c2ab999e695cf10496e6fa3946079
                    [ccexpyr] => 5da83563fcaa945063dc4c2094c48e800badf7c8246c9d13b43757fe99d63e6d
                    [is_seamless] => 1
                )

            [post_uri] => https://test.payu.in/hdfc_not_enrolled
            [enrolled] => 0
        )

    [data] => stdClass Object
        (
            [status] => success
            [response] => stdClass Object
                (
                    [form_post_vars] => stdClass Object
                        (
                            [transactionId] => 0d65987501216680dcd9e1077a286d7862c7f121e5ab17edb854d9b641d92dcd
                            [pgId] => 8
                            [eci] => 7
                            [nonEnrolled] => 1
                            [nonDomestic] => 0
                            [bank] => CC
                            [cccat] => creditcard
                            [ccnum] => 4b5c9002295c6cd8e5289e2f9c312dc737810a747b84e71665cf077c78fe245a
                            [ccname] => fc48ea7eac7054767109be0005c860a599d3f5351511c9fafd6c71d1638477ff
                            [ccvv] => f31c6a1d6582f44ee1be4a3e1126b9cb08d1e7006f7afe083d7270b00dcb933f
                            [ccexpmon] => 5ddf3702e74f473ec89762f6efece025737c2ab999e695cf10496e6fa3946079
                            [ccexpyr] => 5da83563fcaa945063dc4c2094c48e800badf7c8246c9d13b43757fe99d63e6d
                            [is_seamless] => 1
                        )

                    [post_uri] => https://test.payu.in/hdfc_not_enrolled
                    [enrolled] => 0
                )

        )

)


2015-09-24T02:30:21Z
RequestParameter:  billNo: 3s11gSLG114426370952 | startTime:2015-09-24 02:30:21

2015-09-24T02:30:21Z
https://test.payu.in/_payment

2015-09-24T02:30:21Z
Array
(
    [txn_s2s_flow] => 1
    [key] => Gzv04m
    [txnid] => 3s11gSLG114426370952
    [amount] => 10
    [productinfo] => Product
    [firstname] => Any
    [email] => JUANDCAPPROVE@EXAMPLE.COM
    [phone] => 12345678
    [surl] => surl
    [furl] => furl
    [pg] => CC
    [bankcode] => CC
    [ccnum] => 5************346
    [ccname] => Any Any
    [ccvv] => ***
    [ccexpmon] => 05
    [ccexpyr] => 2017
)


2015-09-24T02:30:24Z
ResponseParameter:  billNo: 3s11gSLG114426370952 | endTime:2015-09-24 02:30:24

2015-09-24T02:30:24Z
Array
(
    [rc] => 0
    [message] => success
    [payu_data] => stdClass Object
        (
            [form_post_vars] => stdClass Object
                (
                    [transactionId] => e5d7273ac8af49e898ab3d590ee7ca8227b5f64bfa1564299977a89b07e6834b
                    [pgId] => 8
                    [eci] => 7
                    [nonEnrolled] => 1
                    [nonDomestic] => 0
                    [bank] => CC
                    [cccat] => creditcard
                    [ccnum] => 4b5c9002295c6cd8e5289e2f9c312dc737810a747b84e71665cf077c78fe245a
                    [ccname] => fc48ea7eac7054767109be0005c860a599d3f5351511c9fafd6c71d1638477ff
                    [ccvv] => f31c6a1d6582f44ee1be4a3e1126b9cb08d1e7006f7afe083d7270b00dcb933f
                    [ccexpmon] => 5ddf3702e74f473ec89762f6efece025737c2ab999e695cf10496e6fa3946079
                    [ccexpyr] => 5da83563fcaa945063dc4c2094c48e800badf7c8246c9d13b43757fe99d63e6d
                    [is_seamless] => 1
                )

            [post_uri] => https://test.payu.in/hdfc_not_enrolled
            [enrolled] => 0
        )

    [data] => stdClass Object
        (
            [status] => success
            [response] => stdClass Object
                (
                    [form_post_vars] => stdClass Object
                        (
                            [transactionId] => e5d7273ac8af49e898ab3d590ee7ca8227b5f64bfa1564299977a89b07e6834b
                            [pgId] => 8
                            [eci] => 7
                            [nonEnrolled] => 1
                            [nonDomestic] => 0
                            [bank] => CC
                            [cccat] => creditcard
                            [ccnum] => 4b5c9002295c6cd8e5289e2f9c312dc737810a747b84e71665cf077c78fe245a
                            [ccname] => fc48ea7eac7054767109be0005c860a599d3f5351511c9fafd6c71d1638477ff
                            [ccvv] => f31c6a1d6582f44ee1be4a3e1126b9cb08d1e7006f7afe083d7270b00dcb933f
                            [ccexpmon] => 5ddf3702e74f473ec89762f6efece025737c2ab999e695cf10496e6fa3946079
                            [ccexpyr] => 5da83563fcaa945063dc4c2094c48e800badf7c8246c9d13b43757fe99d63e6d
                            [is_seamless] => 1
                        )

                    [post_uri] => https://test.payu.in/hdfc_not_enrolled
                    [enrolled] => 0
                )

        )

)


2015-09-24T02:36:29Z
RequestParameter:  billNo: 3s121gSLG114426370952 | startTime:2015-09-24 02:36:29

2015-09-24T02:36:29Z
https://test.payu.in/_payment

2015-09-24T02:36:29Z
Array
(
    [txn_s2s_flow] => 1
    [key] => Gzv04m
    [txnid] => 3s121gSLG114426370952
    [amount] => 10
    [productinfo] => Product
    [firstname] => Any
    [email] => JUANDCAPPROVE@EXAMPLE.COM
    [phone] => 12345678
    [surl] => surl
    [furl] => furl
    [pg] => CC
    [bankcode] => CC
    [ccnum] => 4************112
    [ccname] => Any Any
    [ccvv] => ***
    [ccexpmon] => 05
    [ccexpyr] => 2017
)


2015-09-24T02:36:34Z
ResponseParameter:  billNo: 3s121gSLG114426370952 | endTime:2015-09-24 02:36:34

2015-09-24T02:36:34Z
Array
(
    [rc] => 0
    [message] => success
    [payu_data] => stdClass Object
        (
            [post_uri] => https://dropit.3dsecure.net:9443/PIT/ACS
            [form_post_vars] => stdClass Object
                (
                    [PaReq] => eJxVUl13ojAQ/Ssc3kuC4geeIT1i7ZY92+pa3LPsG8IUsRowCa32129CsR/JQ+ZO5tyZmxu4Ph321gsKWVY8sF2H2hbyrMpLXgT2Or69GtvXDOKtQLx5xKwRyOAepUwLtMo8sGcLf1z8nM/C6bl5fKvWWZwkv+f/Nn+bJLAZLKcrPDLoGjDN7/SAXKBmEtk25YpBmh3D6IF5/X5v5AHpIBxQRDfsSUrry7ryqV7+iAJ5vweeHpBFYRQurFfcWMsXZf1SOZA2D1nVcCXOrD8YArkAaMSebZWq5YQQ2SqrC4VSObobR+VklVNyUhev6ZkUqUJzpnnejuzsZA3EMAD51LBsTCR1x1OZs2O89U77Vf8p3iRJiCvqu3ov1/ebKABiKiDXtKxH3QH1e55FxxM6nHh6xjYP6cGMylbSpQ7VWjsMtWkzfQcuNTdfM6CVCG3hRe4FAZ7qiqOu0AZ8xEA+h57dGRsypR/0rryN5838+cfuz3H3LB4WaUGH0yAwxrQFhq3Ur+iO6KClMwCIoSCd56T7Jjr69n3+A0G5zmk=
                    [MD] => 5008679060852670
                    [TermUrl] => https://test.payu.in/_hdfc_response.php?txtid=f66d0850d28c14df1dfe5372d7f0e52fdc06b4feed65091dae1aa84bcfab3333&action=hdfc2_3dsresponse
                )

            [enrolled] => 1
        )

    [data] => stdClass Object
        (
            [status] => success
            [response] => stdClass Object
                (
                    [post_uri] => https://dropit.3dsecure.net:9443/PIT/ACS
                    [form_post_vars] => stdClass Object
                        (
                            [PaReq] => eJxVUl13ojAQ/Ssc3kuC4geeIT1i7ZY92+pa3LPsG8IUsRowCa32129CsR/JQ+ZO5tyZmxu4Ph321gsKWVY8sF2H2hbyrMpLXgT2Or69GtvXDOKtQLx5xKwRyOAepUwLtMo8sGcLf1z8nM/C6bl5fKvWWZwkv+f/Nn+bJLAZLKcrPDLoGjDN7/SAXKBmEtk25YpBmh3D6IF5/X5v5AHpIBxQRDfsSUrry7ryqV7+iAJ5vweeHpBFYRQurFfcWMsXZf1SOZA2D1nVcCXOrD8YArkAaMSebZWq5YQQ2SqrC4VSObobR+VklVNyUhev6ZkUqUJzpnnejuzsZA3EMAD51LBsTCR1x1OZs2O89U77Vf8p3iRJiCvqu3ov1/ebKABiKiDXtKxH3QH1e55FxxM6nHh6xjYP6cGMylbSpQ7VWjsMtWkzfQcuNTdfM6CVCG3hRe4FAZ7qiqOu0AZ8xEA+h57dGRsypR/0rryN5838+cfuz3H3LB4WaUGH0yAwxrQFhq3Ur+iO6KClMwCIoSCd56T7Jjr69n3+A0G5zmk=
                            [MD] => 5008679060852670
                            [TermUrl] => https://test.payu.in/_hdfc_response.php?txtid=f66d0850d28c14df1dfe5372d7f0e52fdc06b4feed65091dae1aa84bcfab3333&action=hdfc2_3dsresponse
                        )

                    [enrolled] => 1
                )

        )

)


2015-09-24T02:47:12Z
RequestParameter:  billNo: 3ss121gSLG114426370952 | startTime:2015-09-24 02:47:12

2015-09-24T02:47:12Z
https://test.payu.in/_payment

2015-09-24T02:47:12Z
Array
(
    [txn_s2s_flow] => 1
    [key] => Gzv04m
    [txnid] => 3ss121gSLG114426370952
    [amount] => 10
    [productinfo] => Product
    [firstname] => Any
    [email] => JUANDCAPPROVE@EXAMPLE.COM
    [phone] => 12345678
    [surl] => surl
    [furl] => furl
    [pg] => CC
    [bankcode] => CC
    [ccnum] => 4************112
    [ccname] => Any Any
    [ccvv] => ***
    [ccexpmon] => 05
    [ccexpyr] => 2017
)


2015-09-24T02:47:17Z
ResponseParameter:  billNo: 3ss121gSLG114426370952 | endTime:2015-09-24 02:47:17

2015-09-24T02:47:17Z
Array
(
    [rc] => 0
    [message] => success
    [payu_data] => stdClass Object
        (
            [post_uri] => https://dropit.3dsecure.net:9443/PIT/ACS
            [form_post_vars] => stdClass Object
                (
                    [PaReq] => eJxVUttygjAQ/RWG105JQMXiLOlgW5WOWlp1dPqWQop4CZQEL3/fhGJr9yV7Njtn9+QE7k/7nXFgpchy7pu2hU2D8ThPMp765mI+uL0z7wnM1yVjjzMWVyUjMGFC0JQZWeKbxWy0bId25YjBcRm4/XTXeT6Hczqbbn2TQBS8sS8CzQCi+C0H0AUqpjJeUy4J0PirH05Ju9Vyum1ADYQ9K8NH8imEcRW3HlbhdTGgn3vgdM9I2A/7L8aRfRjRQRpjmQCq6xDnFZflmbQ6LqALgKrckbWUheghJGplRSqZkJaaxpm04tzKOCrSIz2jlEqmT5ok9crWRhSANAOgPw1RpTOhJp6yhAyHH8Fou3p9HzuuNx5MeCAOy2hKj67wAekOSBQtcbDdwZ7TNvBdz+72HA9QXQe616uSN2FjCyutDYZCjwl+gI31zXUFlJJSWXiRe0HATkXOmepQBvzmgP6WfhhpG2KpHnSUDeZP1dN2uFncrCKxeFi6mzj1fW1M3aDZMvWKdhd3ajoNAGkK1HiOmm+isn/f5xvVKc5J
                    [MD] => 1857003170852670
                    [TermUrl] => https://test.payu.in/_hdfc_response.php?txtid=cffbb9d2f1e97f1cc7858f2e46fa4a0f92b25eca9abe1c66ad9e7b0089422b32&action=hdfc2_3dsresponse
                )

            [enrolled] => 1
        )

    [data] => stdClass Object
        (
            [status] => success
            [response] => stdClass Object
                (
                    [post_uri] => https://dropit.3dsecure.net:9443/PIT/ACS
                    [form_post_vars] => stdClass Object
                        (
                            [PaReq] => eJxVUttygjAQ/RWG105JQMXiLOlgW5WOWlp1dPqWQop4CZQEL3/fhGJr9yV7Njtn9+QE7k/7nXFgpchy7pu2hU2D8ThPMp765mI+uL0z7wnM1yVjjzMWVyUjMGFC0JQZWeKbxWy0bId25YjBcRm4/XTXeT6Hczqbbn2TQBS8sS8CzQCi+C0H0AUqpjJeUy4J0PirH05Ju9Vyum1ADYQ9K8NH8imEcRW3HlbhdTGgn3vgdM9I2A/7L8aRfRjRQRpjmQCq6xDnFZflmbQ6LqALgKrckbWUheghJGplRSqZkJaaxpm04tzKOCrSIz2jlEqmT5ok9crWRhSANAOgPw1RpTOhJp6yhAyHH8Fou3p9HzuuNx5MeCAOy2hKj67wAekOSBQtcbDdwZ7TNvBdz+72HA9QXQe616uSN2FjCyutDYZCjwl+gI31zXUFlJJSWXiRe0HATkXOmepQBvzmgP6WfhhpG2KpHnSUDeZP1dN2uFncrCKxeFi6mzj1fW1M3aDZMvWKdhd3ajoNAGkK1HiOmm+isn/f5xvVKc5J
                            [MD] => 1857003170852670
                            [TermUrl] => https://test.payu.in/_hdfc_response.php?txtid=cffbb9d2f1e97f1cc7858f2e46fa4a0f92b25eca9abe1c66ad9e7b0089422b32&action=hdfc2_3dsresponse
                        )

                    [enrolled] => 1
                )

        )

)


2015-09-24T06:19:18Z
RequestParameter:  billNo: 3ss121gSLG1144263709521 | startTime:2015-09-24 06:19:18

2015-09-24T06:19:18Z
https://test.payu.in/_payment

2015-09-24T06:19:18Z
Array
(
    [txn_s2s_flow] => 1
    [key] => Gzv04m
    [txnid] => 3ss121gSLG1144263709521
    [amount] => 10
    [productinfo] => Product
    [firstname] => Any
    [email] => JUANDCAPPROVE@EXAMPLE.COM
    [phone] => 12345678
    [surl] => surl
    [furl] => furl
    [pg] => CC
    [bankcode] => CC
    [ccnum] => 4************112
    [ccname] => Any Any
    [ccvv] => ***
    [ccexpmon] => 05
    [ccexpyr] => 2017
)


2015-09-24T06:19:46Z
ResponseParameter:  billNo: 3ss121gSLG1144263709521 | endTime:2015-09-24 06:19:46

2015-09-24T06:19:46Z
Array
(
    [rc] => 0
    [message] => success
    [payu_data] => stdClass Object
        (
            [post_uri] => https://dropit.3dsecure.net:9443/PIT/ACS
            [form_post_vars] => stdClass Object
                (
                    [PaReq] => eJxVUtFymzAQ/BWG1044CbAdPIcycWzHdJLWkzjT6SMFGSsOAiOB7Xx9JYKb9F50e7rZu9UKb07lm9PxRolKxi71iOtwmVW5kEXsvmyWV9fuDcPNruF8/syztuEMH7lSacEdkcfufOZnq/L+eSvek3P3sHsZ343lenkkFYldhuvbJ35gOAxght/zES7QMDXZLpWaYZodZskPFgaBPwkRBoglb5I52yrlfImriJiIJgTh4x5lWnKWzJLZT+fI/zjrTjsPOkfo65hVrdTNmQWjMcIFYNu8sZ3WtZoCqF5ZXWiutGemSa69rPKEhLo4pmcoUs3tmeZ5v7L3qmoEy4DwqWHd2kyZiSeRs71cQLX1qThE89PvDnTl72UXfI/2YYxgOzA3tMwndEQiP3QonYbRdDRB6OuYlnZV9qQo8YjROmCs7ZjbD0CJvflaQaOkMRZe5F4Q8lNdSW46jAH/coTPpe9W1oZMmwddieVm0S7296+/2kVHA//9cP3tGMfWmL7BsgnzinRCRj2dBQiWAgbPYfgmJvvv+/wFbtrOog==
                    [MD] => 8633175491152670
                    [TermUrl] => https://test.payu.in/_hdfc_response.php?txtid=ffcc8b51b849a00f395d8452f7f8295b1a0500346c5d7e51263aed32269b4cfb&action=hdfc2_3dsresponse
                )

            [enrolled] => 1
        )

    [data] => stdClass Object
        (
            [status] => success
            [response] => stdClass Object
                (
                    [post_uri] => https://dropit.3dsecure.net:9443/PIT/ACS
                    [form_post_vars] => stdClass Object
                        (
                            [PaReq] => eJxVUtFymzAQ/BWG1044CbAdPIcycWzHdJLWkzjT6SMFGSsOAiOB7Xx9JYKb9F50e7rZu9UKb07lm9PxRolKxi71iOtwmVW5kEXsvmyWV9fuDcPNruF8/syztuEMH7lSacEdkcfufOZnq/L+eSvek3P3sHsZ343lenkkFYldhuvbJ35gOAxght/zES7QMDXZLpWaYZodZskPFgaBPwkRBoglb5I52yrlfImriJiIJgTh4x5lWnKWzJLZT+fI/zjrTjsPOkfo65hVrdTNmQWjMcIFYNu8sZ3WtZoCqF5ZXWiutGemSa69rPKEhLo4pmcoUs3tmeZ5v7L3qmoEy4DwqWHd2kyZiSeRs71cQLX1qThE89PvDnTl72UXfI/2YYxgOzA3tMwndEQiP3QonYbRdDRB6OuYlnZV9qQo8YjROmCs7ZjbD0CJvflaQaOkMRZe5F4Q8lNdSW46jAH/coTPpe9W1oZMmwddieVm0S7296+/2kVHA//9cP3tGMfWmL7BsgnzinRCRj2dBQiWAgbPYfgmJvvv+/wFbtrOog==
                            [MD] => 8633175491152670
                            [TermUrl] => https://test.payu.in/_hdfc_response.php?txtid=ffcc8b51b849a00f395d8452f7f8295b1a0500346c5d7e51263aed32269b4cfb&action=hdfc2_3dsresponse
                        )

                    [enrolled] => 1
                )

        )

)


2015-09-24T06:25:15Z
RequestParameter:  billNo: 4ss121gSLG114426370952 | startTime:2015-09-24 06:25:15

2015-09-24T06:25:15Z
https://test.payu.in/_payment

2015-09-24T06:25:15Z
Array
(
    [txn_s2s_flow] => 1
    [key] => Gzv04m
    [txnid] => 4ss121gSLG114426370952
    [amount] => 10
    [productinfo] => Product
    [firstname] => Any
    [email] => JUANDCAPPROVE@EXAMPLE.COM
    [phone] => 12345678
    [surl] => surl
    [furl] => furl
    [pg] => CC
    [bankcode] => CC
    [ccnum] => 5************346
    [ccname] => Any Any
    [ccvv] => ***
    [ccexpmon] => 05
    [ccexpyr] => 2017
)


2015-09-24T06:25:18Z
ResponseParameter:  billNo: 4ss121gSLG114426370952 | endTime:2015-09-24 06:25:18

2015-09-24T06:25:18Z
Array
(
    [rc] => 0
    [message] => success
    [payu_data] => stdClass Object
        (
            [form_post_vars] => stdClass Object
                (
                    [transactionId] => 6bf3af0301309df30ded26c61ee9f87ab20162982491a689aa5a53dc12a2af19
                    [pgId] => 8
                    [eci] => 7
                    [nonEnrolled] => 1
                    [nonDomestic] => 0
                    [bank] => CC
                    [cccat] => creditcard
                    [ccnum] => 4b5c9002295c6cd8e5289e2f9c312dc737810a747b84e71665cf077c78fe245a
                    [ccname] => fc48ea7eac7054767109be0005c860a599d3f5351511c9fafd6c71d1638477ff
                    [ccvv] => f31c6a1d6582f44ee1be4a3e1126b9cb08d1e7006f7afe083d7270b00dcb933f
                    [ccexpmon] => 5ddf3702e74f473ec89762f6efece025737c2ab999e695cf10496e6fa3946079
                    [ccexpyr] => 5da83563fcaa945063dc4c2094c48e800badf7c8246c9d13b43757fe99d63e6d
                    [is_seamless] => 1
                )

            [post_uri] => https://test.payu.in/hdfc_not_enrolled
            [enrolled] => 0
        )

    [data] => stdClass Object
        (
            [status] => success
            [response] => stdClass Object
                (
                    [form_post_vars] => stdClass Object
                        (
                            [transactionId] => 6bf3af0301309df30ded26c61ee9f87ab20162982491a689aa5a53dc12a2af19
                            [pgId] => 8
                            [eci] => 7
                            [nonEnrolled] => 1
                            [nonDomestic] => 0
                            [bank] => CC
                            [cccat] => creditcard
                            [ccnum] => 4b5c9002295c6cd8e5289e2f9c312dc737810a747b84e71665cf077c78fe245a
                            [ccname] => fc48ea7eac7054767109be0005c860a599d3f5351511c9fafd6c71d1638477ff
                            [ccvv] => f31c6a1d6582f44ee1be4a3e1126b9cb08d1e7006f7afe083d7270b00dcb933f
                            [ccexpmon] => 5ddf3702e74f473ec89762f6efece025737c2ab999e695cf10496e6fa3946079
                            [ccexpyr] => 5da83563fcaa945063dc4c2094c48e800badf7c8246c9d13b43757fe99d63e6d
                            [is_seamless] => 1
                        )

                    [post_uri] => https://test.payu.in/hdfc_not_enrolled
                    [enrolled] => 0
                )

        )

)


2015-09-24T06:31:16Z
RequestParameter:  billNo: 4d121gSLG114426370952 | startTime:2015-09-24 06:31:16

2015-09-24T06:31:16Z
https://test.payu.in/_payment

2015-09-24T06:31:16Z
Array
(
    [txn_s2s_flow] => 1
    [key] => Gzv04m
    [txnid] => 4d121gSLG114426370952
    [amount] => 10
    [productinfo] => Product
    [firstname] => Any
    [email] => JUANDCAPPROVE@EXAMPLE.COM
    [phone] => 12345678
    [surl] => surl
    [furl] => furl
    [pg] => CC
    [bankcode] => CC
    [ccnum] => 5************346
    [ccname] => Any Any
    [ccvv] => ***
    [ccexpmon] => 05
    [ccexpyr] => 2017
)


2015-09-24T06:31:20Z
ResponseParameter:  billNo: 4d121gSLG114426370952 | endTime:2015-09-24 06:31:20

2015-09-24T06:31:20Z
Array
(
    [rc] => 0
    [message] => success
    [payu_data] => stdClass Object
        (
            [form_post_vars] => stdClass Object
                (
                    [transactionId] => b30b2455d07ca5c6d1be251bf389537047e199f1b8fe2c3b22be5ef5eeafe9e2
                    [pgId] => 8
                    [eci] => 7
                    [nonEnrolled] => 1
                    [nonDomestic] => 0
                    [bank] => CC
                    [cccat] => creditcard
                    [ccnum] => 4b5c9002295c6cd8e5289e2f9c312dc737810a747b84e71665cf077c78fe245a
                    [ccname] => fc48ea7eac7054767109be0005c860a599d3f5351511c9fafd6c71d1638477ff
                    [ccvv] => f31c6a1d6582f44ee1be4a3e1126b9cb08d1e7006f7afe083d7270b00dcb933f
                    [ccexpmon] => 5ddf3702e74f473ec89762f6efece025737c2ab999e695cf10496e6fa3946079
                    [ccexpyr] => 5da83563fcaa945063dc4c2094c48e800badf7c8246c9d13b43757fe99d63e6d
                    [is_seamless] => 1
                )

            [post_uri] => https://test.payu.in/hdfc_not_enrolled
            [enrolled] => 0
        )

    [data] => stdClass Object
        (
            [status] => success
            [response] => stdClass Object
                (
                    [form_post_vars] => stdClass Object
                        (
                            [transactionId] => b30b2455d07ca5c6d1be251bf389537047e199f1b8fe2c3b22be5ef5eeafe9e2
                            [pgId] => 8
                            [eci] => 7
                            [nonEnrolled] => 1
                            [nonDomestic] => 0
                            [bank] => CC
                            [cccat] => creditcard
                            [ccnum] => 4b5c9002295c6cd8e5289e2f9c312dc737810a747b84e71665cf077c78fe245a
                            [ccname] => fc48ea7eac7054767109be0005c860a599d3f5351511c9fafd6c71d1638477ff
                            [ccvv] => f31c6a1d6582f44ee1be4a3e1126b9cb08d1e7006f7afe083d7270b00dcb933f
                            [ccexpmon] => 5ddf3702e74f473ec89762f6efece025737c2ab999e695cf10496e6fa3946079
                            [ccexpyr] => 5da83563fcaa945063dc4c2094c48e800badf7c8246c9d13b43757fe99d63e6d
                            [is_seamless] => 1
                        )

                    [post_uri] => https://test.payu.in/hdfc_not_enrolled
                    [enrolled] => 0
                )

        )

)


2015-09-24T06:46:42Z
RequestParameter:  billNo: 4wss121gSLG114426370952 | startTime:2015-09-24 06:46:42

2015-09-24T06:46:42Z
https://test.payu.in/_payment

2015-09-24T06:46:42Z
Array
(
    [txn_s2s_flow] => 1
    [key] => Gzv04m
    [txnid] => 4wss121gSLG114426370952
    [amount] => 10
    [productinfo] => Product
    [firstname] => Any
    [email] => JUANDCAPPROVE@EXAMPLE.COM
    [phone] => 12345678
    [surl] => surl
    [furl] => furl
    [pg] => CC
    [bankcode] => CC
    [ccnum] => 4************112
    [ccname] => Any Any
    [ccvv] => ***
    [ccexpmon] => 05
    [ccexpyr] => 2017
)


2015-09-24T06:46:57Z
ResponseParameter:  billNo: 4wss121gSLG114426370952 | endTime:2015-09-24 06:46:57

2015-09-24T06:46:57Z
Array
(
    [rc] => 0
    [message] => success
    [payu_data] => stdClass Object
        (
            [post_uri] => https://dropit.3dsecure.net:9443/PIT/ACS
            [form_post_vars] => stdClass Object
                (
                    [PaReq] => eJxVUl1TqzAQ/SsMr44kQLn9mCWOVPpxx/Z2aqvOfUshl6Il0CSU6q83QXrVfcmezc7ZPTmBm3NxsE5MyLzkoe062LYYT8o051lobzeT64F9Q2CzF4zdPbCkFozAgklJM2blaWhfHZLpZPZQqiaKxu/y4C/i/Xq9EH9TGdoEVrdrdiTQDSCa3/EAXaBmEsmeckWAJsdoviQ93/f6PUAdhIKJ+R35J6X1La6HWMewjwF93gOnBSPzaB79sRq2s1YnZd2rFFBbh6SsuRJvxA9+AboAqMWB7JWq5Agh2SqrMsWkcvQ0zpSTlE7OUZU19A1lVDFz0jRtV3ZeZAXIMAD60rCqTSb1xHOekqVfHssAo20xyAfjzdMU022wW12x5WsIyHRAqmmJh90AD72e5Xojtz/CQ0BtHWhhViVr6WIHa60dhsqMuf0ELjY33yuglQht4UXuBQE7VyVnukMb8D8H9LX0eGZsSJR+0Fk+2cR1/Dp9eWyee7H4He9OTROGxpi2wbDl+hXdPg5aOgMAGQrUeY66b6KzH9/nA66Czs0=
                    [MD] => 6714363161252670
                    [TermUrl] => https://test.payu.in/_hdfc_response.php?txtid=9ea5167cfb2dda3c5dc2f22c3202ee3a023388bf4c152e58defda94120bc7559&action=hdfc2_3dsresponse
                )

            [enrolled] => 1
        )

    [data] => stdClass Object
        (
            [status] => success
            [response] => stdClass Object
                (
                    [post_uri] => https://dropit.3dsecure.net:9443/PIT/ACS
                    [form_post_vars] => stdClass Object
                        (
                            [PaReq] => eJxVUl1TqzAQ/SsMr44kQLn9mCWOVPpxx/Z2aqvOfUshl6Il0CSU6q83QXrVfcmezc7ZPTmBm3NxsE5MyLzkoe062LYYT8o051lobzeT64F9Q2CzF4zdPbCkFozAgklJM2blaWhfHZLpZPZQqiaKxu/y4C/i/Xq9EH9TGdoEVrdrdiTQDSCa3/EAXaBmEsmeckWAJsdoviQ93/f6PUAdhIKJ+R35J6X1La6HWMewjwF93gOnBSPzaB79sRq2s1YnZd2rFFBbh6SsuRJvxA9+AboAqMWB7JWq5Agh2SqrMsWkcvQ0zpSTlE7OUZU19A1lVDFz0jRtV3ZeZAXIMAD60rCqTSb1xHOekqVfHssAo20xyAfjzdMU022wW12x5WsIyHRAqmmJh90AD72e5Xojtz/CQ0BtHWhhViVr6WIHa60dhsqMuf0ELjY33yuglQht4UXuBQE7VyVnukMb8D8H9LX0eGZsSJR+0Fk+2cR1/Dp9eWyee7H4He9OTROGxpi2wbDl+hXdPg5aOgMAGQrUeY66b6KzH9/nA66Czs0=
                            [MD] => 6714363161252670
                            [TermUrl] => https://test.payu.in/_hdfc_response.php?txtid=9ea5167cfb2dda3c5dc2f22c3202ee3a023388bf4c152e58defda94120bc7559&action=hdfc2_3dsresponse
                        )

                    [enrolled] => 1
                )

        )

)


2015-09-24T07:05:24Z
RequestParameter:  billNo: 4s5121gSLG114426370952 | startTime:2015-09-24 07:05:24

2015-09-24T07:05:24Z
https://test.payu.in/_payment

2015-09-24T07:05:24Z
Array
(
    [txn_s2s_flow] => 1
    [key] => Gzv04m
    [txnid] => 4s5121gSLG114426370952
    [amount] => 10
    [productinfo] => Product
    [firstname] => Any
    [email] => JUANDCAPPROVE@EXAMPLE.COM
    [phone] => 12345678
    [surl] => surl
    [furl] => furl
    [pg] => CC
    [bankcode] => CC
    [ccnum] => 4************112
    [ccname] => Any Any
    [ccvv] => ***
    [ccexpmon] => 05
    [ccexpyr] => 2017
)


2015-09-24T07:05:38Z
ResponseParameter:  billNo: 4s5121gSLG114426370952 | endTime:2015-09-24 07:05:38

2015-09-24T07:05:38Z
Array
(
    [rc] => 0
    [message] => success
    [payu_data] => stdClass Object
        (
            [post_uri] => https://dropit.3dsecure.net:9443/PIT/ACS
            [form_post_vars] => stdClass Object
                (
                    [PaReq] => eJxVUl1zmzAQ/CuM34MEGLt4DmVwPmoyjuskznTaNywumDgIjAQx/vWVCE5Svej2dNq71Qouj8Wb1WIt81KEI8emIwsFL9NcZOHoeXN78WN0yWCzqxGvn5A3NTK4RymTDK08DUer9ml7wv1h6cR0Ge1O+Ta9S66eF3eFvs9gHT3igcHQgGl+2wVyhpqp5rtEKAYJP8zjFRt7njsdAxkgFFjH1+xFSuvbugioXsGUAvk4B5EUyOJ5PP9lvePWWrfKWqoUSJ8HXjZC1R3z/AmQM4CmfmM7pSo5I0T2yqpMoVS27iZQ2by0c0Gq7D3pSJYoNHuSpv3I9qusgBgGIF8a1o2JpO54zFPmlPxP0NK/+8ApJeEvRRcdxWqM00kUAjEVkGpa5lLHp4E7thx35vkzX6vq85AUZlT2KB1qU50dMFSmTfQBHGpOvmdAK6m1hWe5ZwR4rEqBukIb8BkD+Rr6amFs4Eo/6CK/3dw0N/ufr7893k26h/Y0J1EYGmP6AsOW61d0ptTv6QwAYijI4DkZvomO/vs+/wBmfs8c
                    [MD] => 8031020351252670
                    [TermUrl] => https://test.payu.in/_hdfc_response.php?txtid=9c9d413d8875951ec66f79f8ee95e866055b43c107ad54b3c032693b32c42552&action=hdfc2_3dsresponse
                )

            [enrolled] => 1
        )

    [data] => stdClass Object
        (
            [status] => success
            [response] => stdClass Object
                (
                    [post_uri] => https://dropit.3dsecure.net:9443/PIT/ACS
                    [form_post_vars] => stdClass Object
                        (
                            [PaReq] => eJxVUl1zmzAQ/CuM34MEGLt4DmVwPmoyjuskznTaNywumDgIjAQx/vWVCE5Svej2dNq71Qouj8Wb1WIt81KEI8emIwsFL9NcZOHoeXN78WN0yWCzqxGvn5A3NTK4RymTDK08DUer9ml7wv1h6cR0Ge1O+Ta9S66eF3eFvs9gHT3igcHQgGl+2wVyhpqp5rtEKAYJP8zjFRt7njsdAxkgFFjH1+xFSuvbugioXsGUAvk4B5EUyOJ5PP9lvePWWrfKWqoUSJ8HXjZC1R3z/AmQM4CmfmM7pSo5I0T2yqpMoVS27iZQ2by0c0Gq7D3pSJYoNHuSpv3I9qusgBgGIF8a1o2JpO54zFPmlPxP0NK/+8ApJeEvRRcdxWqM00kUAjEVkGpa5lLHp4E7thx35vkzX6vq85AUZlT2KB1qU50dMFSmTfQBHGpOvmdAK6m1hWe5ZwR4rEqBukIb8BkD+Rr6amFs4Eo/6CK/3dw0N/ufr7893k26h/Y0J1EYGmP6AsOW61d0ptTv6QwAYijI4DkZvomO/vs+/wBmfs8c
                            [MD] => 8031020351252670
                            [TermUrl] => https://test.payu.in/_hdfc_response.php?txtid=9c9d413d8875951ec66f79f8ee95e866055b43c107ad54b3c032693b32c42552&action=hdfc2_3dsresponse
                        )

                    [enrolled] => 1
                )

        )

)


2015-09-24T07:06:22Z
RequestParameter:  billNo: 4s5121gSLG11442637095s2 | startTime:2015-09-24 07:06:22

2015-09-24T07:06:22Z
https://test.payu.in/_payment

2015-09-24T07:06:22Z
Array
(
    [txn_s2s_flow] => 1
    [key] => Gzv04m
    [txnid] => 4s5121gSLG11442637095s2
    [amount] => 10
    [productinfo] => Product
    [firstname] => Any
    [email] => JUANDCAPPROVE@EXAMPLE.COM
    [phone] => 12345678
    [surl] => surl
    [furl] => furl
    [pg] => CC
    [bankcode] => CC
    [ccnum] => 4************112
    [ccname] => Any Any
    [ccvv] => ***
    [ccexpmon] => 05
    [ccexpyr] => 2017
)


2015-09-24T07:06:45Z
ResponseParameter:  billNo: 4s5121gSLG11442637095s2 | endTime:2015-09-24 07:06:45

2015-09-24T07:06:45Z
Array
(
    [rc] => 0
    [message] => success
    [payu_data] => stdClass Object
        (
            [post_uri] => https://dropit.3dsecure.net:9443/PIT/ACS
            [form_post_vars] => stdClass Object
                (
                    [PaReq] => eJxVUl1TqzAQ/SsMr44kfBXpLHHaays412vtx3TuI0Kk1BJoElr015sgvXr3JXs2O2f35ARuu+pgnCgXZc0i07awaVCW1XnJisjcrOfXN+YtgfWOU3q3olnLKYFHKkRaUKPMI/NxtUoKd3V/E/gdfZkt51eb7iOW1dv+HJkEFpMlPRIYBhDFbzmALlAx8WyXMkkgzY7T5A/xXNcJPEADhIry5I68CmH8iOsQqwgDDOjrHlhaUZJMk+mTcaYvxuIkjd8yB9TXIatbJvk7cf0RoAuAlh/ITspGjBESvbKmkFRIS01jVFpZbZUMNcU5fUdFKqk+0zzvV7b2ogGkGQB9a1i0OhNqYlfmJD46/tJ+eN56PGTbyaQ7/I0/5FY6wosA6Q7IFS1xsO3j0PEM2xm7o7EfAOrrkFZ6VbIUNraw0jpgaPSYyRewsb75WQGlhCsLL3IvCGjX1IyqDmXAvxzQ99K/Ym1DJtWDxuV8PWtnb/f7TZiw08IdvT5NiyjSxvQNmq1Ur2gH2O/pNACkKdDgORq+icr++z6fdFvOgA==
                    [MD] => 5762335361252670
                    [TermUrl] => https://test.payu.in/_hdfc_response.php?txtid=bc1855672cb5e7e713d1e577ac19ba3010927d4f6853822997470f663ddb701b&action=hdfc2_3dsresponse
                )

            [enrolled] => 1
        )

    [data] => stdClass Object
        (
            [status] => success
            [response] => stdClass Object
                (
                    [post_uri] => https://dropit.3dsecure.net:9443/PIT/ACS
                    [form_post_vars] => stdClass Object
                        (
                            [PaReq] => eJxVUl1TqzAQ/SsMr44kfBXpLHHaays412vtx3TuI0Kk1BJoElr015sgvXr3JXs2O2f35ARuu+pgnCgXZc0i07awaVCW1XnJisjcrOfXN+YtgfWOU3q3olnLKYFHKkRaUKPMI/NxtUoKd3V/E/gdfZkt51eb7iOW1dv+HJkEFpMlPRIYBhDFbzmALlAx8WyXMkkgzY7T5A/xXNcJPEADhIry5I68CmH8iOsQqwgDDOjrHlhaUZJMk+mTcaYvxuIkjd8yB9TXIatbJvk7cf0RoAuAlh/ITspGjBESvbKmkFRIS01jVFpZbZUMNcU5fUdFKqk+0zzvV7b2ogGkGQB9a1i0OhNqYlfmJD46/tJ+eN56PGTbyaQ7/I0/5FY6wosA6Q7IFS1xsO3j0PEM2xm7o7EfAOrrkFZ6VbIUNraw0jpgaPSYyRewsb75WQGlhCsLL3IvCGjX1IyqDmXAvxzQ99K/Ym1DJtWDxuV8PWtnb/f7TZiw08IdvT5NiyjSxvQNmq1Ur2gH2O/pNACkKdDgORq+icr++z6fdFvOgA==
                            [MD] => 5762335361252670
                            [TermUrl] => https://test.payu.in/_hdfc_response.php?txtid=bc1855672cb5e7e713d1e577ac19ba3010927d4f6853822997470f663ddb701b&action=hdfc2_3dsresponse
                        )

                    [enrolled] => 1
                )

        )

)


2015-09-24T07:16:07Z
RequestParameter:  billNo: 4s5121gSL3314426370952 | startTime:2015-09-24 07:16:07

2015-09-24T07:16:07Z
https://test.payu.in/_payment

2015-09-24T07:16:07Z
Array
(
    [txn_s2s_flow] => 1
    [key] => Gzv04m
    [txnid] => 4s5121gSL3314426370952
    [amount] => 10
    [productinfo] => Product
    [firstname] => Any
    [email] => JUANDCAPPROVE@EXAMPLE.COM
    [phone] => 12345678
    [surl] => surl
    [furl] => furl
    [pg] => CC
    [bankcode] => CC
    [ccnum] => 4************112
    [ccname] => Any Any
    [ccvv] => ***
    [ccexpmon] => 05
    [ccexpyr] => 2017
)


2015-09-24T07:16:21Z
ResponseParameter:  billNo: 4s5121gSL3314426370952 | endTime:2015-09-24 07:16:21

2015-09-24T07:16:21Z
Array
(
    [rc] => 0
    [message] => success
    [payu_data] => stdClass Object
        (
            [post_uri] => https://dropit.3dsecure.net:9443/PIT/ACS
            [form_post_vars] => stdClass Object
                (
                    [PaReq] => eJxVUl1T6jAQ/SudvtukH1BhtnGoX1QBGS8O9z7GNpQgTWuTCPx7k1rUuy/Zs9k5uycncHWs9s4HayWvReL6HnYdJvK64KJM3JfV3cWle0VgtW0Zu/nDct0yAnMmJS2Zw4vErUZVOJ3H9w9v5WaR8UM4DCX/y2q+lolLYDl5Zu8E+gHE8HsBoDM0TG2+pUIRoPl7mi1IFIZBHAHqIVSszW7IRkrnV1yMsIlRjAF93YOgFSNZmqVPzoG9OssP5cxUAairQ15rodoTCQdDQGcAut2TrVKNHCMkO2VNqZhUnpkmmPLy2uMCNeWBnlBJFbMnLYpuZW8nG0CWAdCPhqW2mTQTj7wgpyhF+922xLF6qR/Xi93jrM50eq31vwSQ7YDC0JIA+wM8CiLHD8bRcByGgLo60MquSp6ljz1stPYYGjtm8gV8bG9+V8AoaY2FZ7lnBOzY1IKZDmPAdw7oZ+nrqbUhV+ZBp/xudatv3+5369mD3hzTeUUPkySxxnQNlo2bV/RjPOjoLABkKVDvOeq/icn++z6fPnDPhg==
                    [MD] => 5741906461252670
                    [TermUrl] => https://test.payu.in/_hdfc_response.php?txtid=27d9b64125570faf61dcb76805d00882dc80d83b08d6448db893626b6931de66&action=hdfc2_3dsresponse
                )

            [enrolled] => 1
        )

    [data] => stdClass Object
        (
            [status] => success
            [response] => stdClass Object
                (
                    [post_uri] => https://dropit.3dsecure.net:9443/PIT/ACS
                    [form_post_vars] => stdClass Object
                        (
                            [PaReq] => eJxVUl1T6jAQ/SudvtukH1BhtnGoX1QBGS8O9z7GNpQgTWuTCPx7k1rUuy/Zs9k5uycncHWs9s4HayWvReL6HnYdJvK64KJM3JfV3cWle0VgtW0Zu/nDct0yAnMmJS2Zw4vErUZVOJ3H9w9v5WaR8UM4DCX/y2q+lolLYDl5Zu8E+gHE8HsBoDM0TG2+pUIRoPl7mi1IFIZBHAHqIVSszW7IRkrnV1yMsIlRjAF93YOgFSNZmqVPzoG9OssP5cxUAairQ15rodoTCQdDQGcAut2TrVKNHCMkO2VNqZhUnpkmmPLy2uMCNeWBnlBJFbMnLYpuZW8nG0CWAdCPhqW2mTQTj7wgpyhF+922xLF6qR/Xi93jrM50eq31vwSQ7YDC0JIA+wM8CiLHD8bRcByGgLo60MquSp6ljz1stPYYGjtm8gV8bG9+V8AoaY2FZ7lnBOzY1IKZDmPAdw7oZ+nrqbUhV+ZBp/xudatv3+5369mD3hzTeUUPkySxxnQNlo2bV/RjPOjoLABkKVDvOeq/icn++z6fPnDPhg==
                            [MD] => 5741906461252670
                            [TermUrl] => https://test.payu.in/_hdfc_response.php?txtid=27d9b64125570faf61dcb76805d00882dc80d83b08d6448db893626b6931de66&action=hdfc2_3dsresponse
                        )

                    [enrolled] => 1
                )

        )

)


2015-09-24T07:20:05Z
RequestParameter:  billNo: 4s5121gSLGsd4426370952 | startTime:2015-09-24 07:20:05

2015-09-24T07:20:05Z
https://test.payu.in/_payment

2015-09-24T07:20:05Z
Array
(
    [txn_s2s_flow] => 1
    [key] => Gzv04m
    [txnid] => 4s5121gSLGsd4426370952
    [amount] => 10
    [productinfo] => Product
    [firstname] => Any
    [email] => JUANDCAPPROVE@EXAMPLE.COM
    [phone] => 12345678
    [surl] => surl
    [furl] => furl
    [pg] => CC
    [bankcode] => CC
    [ccnum] => 4************112
    [ccname] => Any Any
    [ccvv] => ***
    [ccexpmon] => 05
    [ccexpyr] => 2017
)


2015-09-24T07:20:19Z
ResponseParameter:  billNo: 4s5121gSLGsd4426370952 | endTime:2015-09-24 07:20:19

2015-09-24T07:20:19Z
Array
(
    [rc] => 0
    [message] => success
    [payu_data] => stdClass Object
        (
            [post_uri] => https://dropit.3dsecure.net:9443/PIT/ACS
            [form_post_vars] => stdClass Object
                (
                    [PaReq] => eJxVUmFzojAQ/SsMXzslAeQ4nSUdObVlTqvjaW/mvuUgh9ESMAnV+uubULy2+ZJ9m83bfXmBu3P17LwwqXgtEtf3sOswkdcFF2Xibjez2+/uHYHNTjI2+cXyVjICC6YULZnDi8Rd1+OYHw5i/iSDjJbrC1suqs0sXMzMfQKr8ZodCfQNiOH3AkBXaJhkvqNCE6D5Mc0eySAMg3gAqIdQMZlNyD+lnE/rdojNGsYY0Ps5CFoxkqVZunRO7K+zetHOXBeAujzkdSu0fCVh9A3QFUArn8lO60aNEFKdsqbUTGnPdBNMe3ntcYGa8kRfUUk1szstim5kb68aQJYB0IeGVWsjZTqeeUEmf7a7eK6X6U1Kc8rvL3qOo8d9+vsyTQDZCigMLQmwH+FhMHD8YBThUegD6vJAKzsqWSsfe9ho7TE0ts34HfjYnnzOgFEijYVXuVcE7NzUgpkKY8D/GNDH0D8erA25Ng/6wGebaTs93O+37U//2F62+OY0ThJrTFdg2bh5RT/GUUdnASBLgXrPUf9NTPTl+7wB4ofO2Q==
                    [MD] => 1945232501252670
                    [TermUrl] => https://test.payu.in/_hdfc_response.php?txtid=3f94605da0d05b0655e654d459db294ce1e96bad1c7fff0106b47e719a4b7317&action=hdfc2_3dsresponse
                )

            [enrolled] => 1
        )

    [data] => stdClass Object
        (
            [status] => success
            [response] => stdClass Object
                (
                    [post_uri] => https://dropit.3dsecure.net:9443/PIT/ACS
                    [form_post_vars] => stdClass Object
                        (
                            [PaReq] => eJxVUmFzojAQ/SsMXzslAeQ4nSUdObVlTqvjaW/mvuUgh9ESMAnV+uubULy2+ZJ9m83bfXmBu3P17LwwqXgtEtf3sOswkdcFF2Xibjez2+/uHYHNTjI2+cXyVjICC6YULZnDi8Rd1+OYHw5i/iSDjJbrC1suqs0sXMzMfQKr8ZodCfQNiOH3AkBXaJhkvqNCE6D5Mc0eySAMg3gAqIdQMZlNyD+lnE/rdojNGsYY0Ps5CFoxkqVZunRO7K+zetHOXBeAujzkdSu0fCVh9A3QFUArn8lO60aNEFKdsqbUTGnPdBNMe3ntcYGa8kRfUUk1szstim5kb68aQJYB0IeGVWsjZTqeeUEmf7a7eK6X6U1Kc8rvL3qOo8d9+vsyTQDZCigMLQmwH+FhMHD8YBThUegD6vJAKzsqWSsfe9ho7TE0ts34HfjYnnzOgFEijYVXuVcE7NzUgpkKY8D/GNDH0D8erA25Ng/6wGebaTs93O+37U//2F62+OY0ThJrTFdg2bh5RT/GUUdnASBLgXrPUf9NTPTl+7wB4ofO2Q==
                            [MD] => 1945232501252670
                            [TermUrl] => https://test.payu.in/_hdfc_response.php?txtid=3f94605da0d05b0655e654d459db294ce1e96bad1c7fff0106b47e719a4b7317&action=hdfc2_3dsresponse
                        )

                    [enrolled] => 1
                )

        )

)


2015-09-24T07:21:38Z
RequestParameter:  billNo: 4s5121gSLG114426fd0952 | startTime:2015-09-24 07:21:38

2015-09-24T07:21:38Z
https://test.payu.in/_payment

2015-09-24T07:21:38Z
Array
(
    [txn_s2s_flow] => 1
    [key] => Gzv04m
    [txnid] => 4s5121gSLG114426fd0952
    [amount] => 10
    [productinfo] => Product
    [firstname] => Any
    [email] => JUANDCAPPROVE@EXAMPLE.COM
    [phone] => 12345678
    [surl] => surl
    [furl] => furl
    [pg] => CC
    [bankcode] => CC
    [ccnum] => 4************112
    [ccname] => Any Any
    [ccvv] => ***
    [ccexpmon] => 05
    [ccexpyr] => 2017
)


2015-09-24T07:21:53Z
ResponseParameter:  billNo: 4s5121gSLG114426fd0952 | endTime:2015-09-24 07:21:53

2015-09-24T07:21:53Z
Array
(
    [rc] => 0
    [message] => success
    [payu_data] => stdClass Object
        (
            [post_uri] => https://dropit.3dsecure.net:9443/PIT/ACS
            [form_post_vars] => stdClass Object
                (
                    [PaReq] => eJxVUtty2jAQ/RWPXzvxygZKYdbK4MQk7hBgCC1M3xx7Y0yDfJHMpV9fyTFNui/as9o5u0dHeHs+vFlHqmVeCN92HWZbJJIizUXm2z/W05tv9i3H9a4mun+mpKmJ4xNJGWdk5alvp5Xa/jmJ4nUTLeZDFbizbfNTCSia0Lc5Licrqjh2A7jmdzyEK9RMdbKLheIYJ1UQzXm/1/OGfYQO4oHq6J6/Sml9ipsR0zEaMoT3exTxgXgURMHCOtGLtTwqa6ZShLaOSdEIVV94b/AV4Qqwqd/4TqlSjgFkq6zMFEnl6GmClJMUTi6gzE7xBbJYkTnjNG1XdvayRDAMCB8alo3JpJ54zlO+yefT6lc4ZfuHYDGTir5/8Z5XL6OjOPkIpgNTTcs95g7YyOtbrjceeGM2QGjrGB/MqnwlXeYwrbXDWJoxk3fgMnPzuYJaSa0tvMq9IqRzWQjSHdqAfznCx9J3j8aGROkHfcyn67AJfz/sN24cXip53s7vJr5vjGkbDFuuX9Edmn07gGAooPMcum+is/++z19fB8+4
                    [MD] => 5768606511252670
                    [TermUrl] => https://test.payu.in/_hdfc_response.php?txtid=a00ab09f18fefaf5ea7bc856cfa9734cdb273d5b691b54516d07e422313a9eff&action=hdfc2_3dsresponse
                )

            [enrolled] => 1
        )

    [data] => stdClass Object
        (
            [status] => success
            [response] => stdClass Object
                (
                    [post_uri] => https://dropit.3dsecure.net:9443/PIT/ACS
                    [form_post_vars] => stdClass Object
                        (
                            [PaReq] => eJxVUtty2jAQ/RWPXzvxygZKYdbK4MQk7hBgCC1M3xx7Y0yDfJHMpV9fyTFNui/as9o5u0dHeHs+vFlHqmVeCN92HWZbJJIizUXm2z/W05tv9i3H9a4mun+mpKmJ4xNJGWdk5alvp5Xa/jmJ4nUTLeZDFbizbfNTCSia0Lc5Licrqjh2A7jmdzyEK9RMdbKLheIYJ1UQzXm/1/OGfYQO4oHq6J6/Sml9ipsR0zEaMoT3exTxgXgURMHCOtGLtTwqa6ZShLaOSdEIVV94b/AV4Qqwqd/4TqlSjgFkq6zMFEnl6GmClJMUTi6gzE7xBbJYkTnjNG1XdvayRDAMCB8alo3JpJ54zlO+yefT6lc4ZfuHYDGTir5/8Z5XL6OjOPkIpgNTTcs95g7YyOtbrjceeGM2QGjrGB/MqnwlXeYwrbXDWJoxk3fgMnPzuYJaSa0tvMq9IqRzWQjSHdqAfznCx9J3j8aGROkHfcyn67AJfz/sN24cXip53s7vJr5vjGkbDFuuX9Edmn07gGAooPMcum+is/++z19fB8+4
                            [MD] => 5768606511252670
                            [TermUrl] => https://test.payu.in/_hdfc_response.php?txtid=a00ab09f18fefaf5ea7bc856cfa9734cdb273d5b691b54516d07e422313a9eff&action=hdfc2_3dsresponse
                        )

                    [enrolled] => 1
                )

        )

)


2015-09-24T07:25:05Z
RequestParameter:  billNo: 4s5121gSLsfgr370952 | startTime:2015-09-24 07:25:05

2015-09-24T07:25:05Z
https://test.payu.in/_payment

2015-09-24T07:25:05Z
Array
(
    [txn_s2s_flow] => 1
    [key] => Gzv04m
    [txnid] => 4s5121gSLsfgr370952
    [amount] => 10
    [productinfo] => Product
    [firstname] => Any
    [email] => JUANDCAPPROVE@EXAMPLE.COM
    [phone] => 12345678
    [surl] => surl
    [furl] => furl
    [pg] => CC
    [bankcode] => CC
    [ccnum] => 4************112
    [ccname] => Any Any
    [ccvv] => ***
    [ccexpmon] => 05
    [ccexpyr] => 2017
)


2015-09-24T07:25:19Z
ResponseParameter:  billNo: 4s5121gSLsfgr370952 | endTime:2015-09-24 07:25:19

2015-09-24T07:25:19Z
Array
(
    [rc] => 0
    [message] => success
    [payu_data] => stdClass Object
        (
            [post_uri] => https://dropit.3dsecure.net:9443/PIT/ACS
            [form_post_vars] => stdClass Object
                (
                    [PaReq] => eJxVUtFymzAQ/BWG106QABNiz6GMHTs1nSRmHHvaPlK4AjEIggS28/WVCG6Se9Ht6WbvViu4PVWl0WMripoHpm1R00Ce1GnBs8Dc7+6vbsxbBru8RVw+Y9K1yOARhYgzNIo0MH9GOU/z7NSU5cHdRDHF5Fv55Pnt731gMojmW3xlMA5git9ygFygYmqTPOaSQZy8LsInNnFdx58AGSFU2IZL9lcI41NcTamKqU+BvN8Djytk4SJcbIwj/jGiXhoPMgUy1CGpOy7bM3O9ayAXAF1bslzKRswIEYOyJpMopKWmcZRWUlsFJ012jM8kiyXqM07TYWXrRTRANAOQDw1RpzOhJp6KlK3IdfMjCcsK6bo/Pzz6/cS/e8uEXd4EQHQHpIqWOdT26NSZGLYz87yZawMZ6hBXelW2FTa1qNI6Ymj0mPk7sKm++VwBpaRVFl7kXhDgqak5qg5lwP8cyMfSd2ttQyLVg66L+92qWx2+v+zd4+G0/OVs+u08CLQxQ4NmK9Qr2j71BjoNgGgKMnpOxm+isi/f5x9g6M8P
                    [MD] => 6141077551252670
                    [TermUrl] => https://test.payu.in/_hdfc_response.php?txtid=e2cb8b76302f07b51bc91ae5cd1b7e08a6ab41e1af18ba6d7a2f9680a7ac00bc&action=hdfc2_3dsresponse
                )

            [enrolled] => 1
        )

    [data] => stdClass Object
        (
            [status] => success
            [response] => stdClass Object
                (
                    [post_uri] => https://dropit.3dsecure.net:9443/PIT/ACS
                    [form_post_vars] => stdClass Object
                        (
                            [PaReq] => eJxVUtFymzAQ/BWG106QABNiz6GMHTs1nSRmHHvaPlK4AjEIggS28/WVCG6Se9Ht6WbvViu4PVWl0WMripoHpm1R00Ce1GnBs8Dc7+6vbsxbBru8RVw+Y9K1yOARhYgzNIo0MH9GOU/z7NSU5cHdRDHF5Fv55Pnt731gMojmW3xlMA5git9ygFygYmqTPOaSQZy8LsInNnFdx58AGSFU2IZL9lcI41NcTamKqU+BvN8Djytk4SJcbIwj/jGiXhoPMgUy1CGpOy7bM3O9ayAXAF1bslzKRswIEYOyJpMopKWmcZRWUlsFJ012jM8kiyXqM07TYWXrRTRANAOQDw1RpzOhJp6KlK3IdfMjCcsK6bo/Pzz6/cS/e8uEXd4EQHQHpIqWOdT26NSZGLYz87yZawMZ6hBXelW2FTa1qNI6Ymj0mPk7sKm++VwBpaRVFl7kXhDgqak5qg5lwP8cyMfSd2ttQyLVg66L+92qWx2+v+zd4+G0/OVs+u08CLQxQ4NmK9Qr2j71BjoNgGgKMnpOxm+isi/f5x9g6M8P
                            [MD] => 6141077551252670
                            [TermUrl] => https://test.payu.in/_hdfc_response.php?txtid=e2cb8b76302f07b51bc91ae5cd1b7e08a6ab41e1af18ba6d7a2f9680a7ac00bc&action=hdfc2_3dsresponse
                        )

                    [enrolled] => 1
                )

        )

)


2015-09-24T07:43:03Z
RequestParameter:  billNo: 4s5121gSLG134426370952 | startTime:2015-09-24 07:43:03

2015-09-24T07:43:03Z
https://test.payu.in/_payment

2015-09-24T07:43:03Z
Array
(
    [txn_s2s_flow] => 1
    [key] => Gzv04m
    [txnid] => 4s5121gSLG134426370952
    [amount] => 10
    [productinfo] => Product
    [firstname] => Any
    [email] => JUANDCAPPROVE@EXAMPLE.COM
    [phone] => 12345678
    [surl] => surl
    [furl] => furl
    [pg] => CC
    [bankcode] => CC
    [ccnum] => 4************112
    [ccname] => Any Any
    [ccvv] => ***
    [ccexpmon] => 05
    [ccexpyr] => 2017
)


2015-09-24T07:43:18Z
ResponseParameter:  billNo: 4s5121gSLG134426370952 | endTime:2015-09-24 07:43:18

2015-09-24T07:43:18Z
Array
(
    [rc] => 0
    [message] => success
    [payu_data] => stdClass Object
        (
            [post_uri] => https://dropit.3dsecure.net:9443/PIT/ACS
            [form_post_vars] => stdClass Object
                (
                    [PaReq] => eJxVUtFy2jAQ/BWPXzuxZBlCYM7KQJMQT9PAAElJ31z5ABMsG0kG0q+v5JgmuRfdnm72brWC61Ox8w6odF7K2A8D6nsoRZnlch37T4u7iyv/msNioxBv5ihqhRx+otbpGr08i/2l2X4zZvIjl+KqN79kq4Sx4+ohfB6K2OcwHc5wz6EdwC1/wICcoWVSYpNKwyEV+1HyyDtRxHodIC2EAlVyw1dae5/iok9t9HsUyPs9yLRAnoyS0cQ74h9vejDeg8mANHUQZS2NeuNR9xLIGUCtdnxjTKUHhOhGWbU2qE1gp0k0gSiDXJJqfUzfyDo16M40y5qVg62ugDgGIB8aprXLtJ14yjP+3P+7//U4+62KZMnUVB5Qloy9vrxEZQzEdUBmaTmjYZf2Wcej4SCMBpFV1dQhLdyqfKZDGlBbbTFUbszwHYTU3XyugFWirIVnuWcEeKpKibbDGvA/B/Kx9Pd7Z4Mw9kHv87vFbX37Ot4ux7vJnIhuwcbDOHbGNA2OLbevGPZot6FzAIijIK3npP0mNvvyff4BSU/Ohg==
                    [MD] => 8101539131352670
                    [TermUrl] => https://test.payu.in/_hdfc_response.php?txtid=2c4a555531bafbcd72968b45574a86013a5765ab5106a7fe1ec9bb493d5c08db&action=hdfc2_3dsresponse
                )

            [enrolled] => 1
        )

    [data] => stdClass Object
        (
            [status] => success
            [response] => stdClass Object
                (
                    [post_uri] => https://dropit.3dsecure.net:9443/PIT/ACS
                    [form_post_vars] => stdClass Object
                        (
                            [PaReq] => eJxVUtFy2jAQ/BWPXzuxZBlCYM7KQJMQT9PAAElJ31z5ABMsG0kG0q+v5JgmuRfdnm72brWC61Ox8w6odF7K2A8D6nsoRZnlch37T4u7iyv/msNioxBv5ihqhRx+otbpGr08i/2l2X4zZvIjl+KqN79kq4Sx4+ohfB6K2OcwHc5wz6EdwC1/wICcoWVSYpNKwyEV+1HyyDtRxHodIC2EAlVyw1dae5/iok9t9HsUyPs9yLRAnoyS0cQ74h9vejDeg8mANHUQZS2NeuNR9xLIGUCtdnxjTKUHhOhGWbU2qE1gp0k0gSiDXJJqfUzfyDo16M40y5qVg62ugDgGIB8aprXLtJ14yjP+3P+7//U4+62KZMnUVB5Qloy9vrxEZQzEdUBmaTmjYZf2Wcej4SCMBpFV1dQhLdyqfKZDGlBbbTFUbszwHYTU3XyugFWirIVnuWcEeKpKibbDGvA/B/Kx9Pd7Z4Mw9kHv87vFbX37Ot4ux7vJnIhuwcbDOHbGNA2OLbevGPZot6FzAIijIK3npP0mNvvyff4BSU/Ohg==
                            [MD] => 8101539131352670
                            [TermUrl] => https://test.payu.in/_hdfc_response.php?txtid=2c4a555531bafbcd72968b45574a86013a5765ab5106a7fe1ec9bb493d5c08db&action=hdfc2_3dsresponse
                        )

                    [enrolled] => 1
                )

        )

)


