2015-07-29T07:48:47Z
RequestParameter:  billNo: 365470410 | startTime:2015-07-29 07:48:47

2015-07-29T07:48:47Z
Array
(
    [MODE] => U
    [FRMT] => XML
    [VERS] => 0630
    [MERC] => 680000
    [SESS] => 365470410
    [TRAN] => 3Z7P0XTB32W7
    [AUTH] => D
    [MACK] => Y
)


2015-07-29T07:48:48Z
ResponseParameter:  billNo: 365470410 | endTime:2015-07-29 07:48:48

2015-07-29T07:48:48Z
<?xml version="1.0" encoding="UTF-8"?>
<RESPONSE>
  <VERS>0630</VERS>
  <MODE>U</MODE>
  <TRAN>3Z7P0XTB32W7</TRAN>
  <MERC>680000</MERC>
  <SESS>365470410</SESS>
  <RULES_TRIGGERED>0</RULES_TRIGGERED>
  <COUNTERS_TRIGGERED>0</COUNTERS_TRIGGERED>
  <REASON_CODE></REASON_CODE>
  <MASTERCARD></MASTERCARD>
  <WARNING_COUNT>0</WARNING_COUNT>
</RESPONSE>

2015-07-29T08:26:25Z
RequestParameter:  billNo: 399945135 | startTime:2015-07-29 08:26:25

2015-07-29T08:26:25Z
Array
(
    [MODE] => U
    [FRMT] => XML
    [VERS] => 0630
    [MERC] => 680000
    [SESS] => 399945135
    [TRAN] => 3Z770P0KCDDJ
    [AUTH] => D
    [MACK] => Y
)


2015-07-29T08:26:26Z
ResponseParameter:  billNo: 399945135 | endTime:2015-07-29 08:26:26

2015-07-29T08:26:26Z
<?xml version="1.0" encoding="UTF-8"?>
<RESPONSE>
  <VERS>0630</VERS>
  <MODE>U</MODE>
  <TRAN>3Z770P0KCDDJ</TRAN>
  <MERC>680000</MERC>
  <SESS>399945135</SESS>
  <RULES_TRIGGERED>0</RULES_TRIGGERED>
  <COUNTERS_TRIGGERED>0</COUNTERS_TRIGGERED>
  <REASON_CODE></REASON_CODE>
  <MASTERCARD></MASTERCARD>
  <WARNING_COUNT>0</WARNING_COUNT>
</RESPONSE>

2015-07-29T09:09:05Z
RequestParameter:  billNo: 3999451355 | startTime:2015-07-29 09:09:05

2015-07-29T09:09:05Z
Array
(
    [MODE] => U
    [FRMT] => XML
    [VERS] => 0630
    [MERC] => 680000
    [SESS] => 3999451355
    [TRAN] => 3Z7D0KC59LTT
    [AUTH] => D
    [MACK] => Y
)


2015-07-29T09:09:06Z
ResponseParameter:  billNo: 3999451355 | endTime:2015-07-29 09:09:06

2015-07-29T09:09:06Z
<?xml version="1.0" encoding="UTF-8"?>
<RESPONSE>
  <VERS>0630</VERS>
  <MODE>U</MODE>
  <TRAN>3Z7D0KC59LTT</TRAN>
  <MERC>680000</MERC>
  <SESS>3999451355</SESS>
  <RULES_TRIGGERED>0</RULES_TRIGGERED>
  <COUNTERS_TRIGGERED>0</COUNTERS_TRIGGERED>
  <REASON_CODE></REASON_CODE>
  <MASTERCARD></MASTERCARD>
  <WARNING_COUNT>0</WARNING_COUNT>
</RESPONSE>

2015-07-29T09:40:16Z
RequestParameter:  billNo: 717068830 | startTime:2015-07-29 09:40:16

2015-07-29T09:40:16Z
Array
(
    [MODE] => U
    [FRMT] => XML
    [VERS] => 0630
    [MERC] => 680000
    [SESS] => 717068830
    [TRAN] => 3Z7D084LS8KZ
    [AUTH] => D
    [MACK] => Y
)


2015-07-29T09:40:17Z
ResponseParameter:  billNo: 717068830 | endTime:2015-07-29 09:40:17

2015-07-29T09:40:17Z
<?xml version="1.0" encoding="UTF-8"?>
<RESPONSE>
  <VERS>0630</VERS>
  <MODE>U</MODE>
  <TRAN>3Z7D084LS8KZ</TRAN>
  <MERC>680000</MERC>
  <SESS>717068830</SESS>
  <RULES_TRIGGERED>0</RULES_TRIGGERED>
  <COUNTERS_TRIGGERED>0</COUNTERS_TRIGGERED>
  <REASON_CODE></REASON_CODE>
  <MASTERCARD></MASTERCARD>
  <WARNING_COUNT>0</WARNING_COUNT>
</RESPONSE>

