2015-06-26T02:11:38Z
RequestParameter:  billNo: 8I2aT1435284696 | startTime:2015-06-26 02:11:38

2015-06-26T02:11:38Z
SimpleXMLElement Object
(
    [securityCode] => 2003052020272027
    [apiUserId] => 2
    [url] => LOOPBACK
    [API_username] => 100-01-ADM-DRivera
    [API_password] => password
    [agt] => 0
    [billNo] => 8I2aT1435284696
    [referenceId] => 8I2aT1435284696
    [dateTime] => 20150626101136
    [cardHolderIp] => 49.144.84.156
    [cardNum] => 4918914107195005
    [cvv2] => 123
    [month] => 07
    [year] => 17
    [firstName] => Juan
    [lastName] => Dela Cruz
    [gender] => M
    [email] => JUANDC@EXAMPLE.COM
    [birthDate] => 19800305
    [phone] => 93398277
    [zipCode] => 1200
    [address] => 2620E
    [city] => Makati
    [state] => Manila
    [country] => PH
    [amount] => 10
    [language] => Array
        (
            [0] => eng
            [1] => eng
        )

    [remark] => Test
    [currency] => USD
    [productItem] => 1
    [productType] => TV
    [productDesc] => Test
    [productQty] => 1
    [productPrice] => 10
    [shipFirstName] => SimpleXMLElement Object
        (
        )

    [shipLastName] => SimpleXMLElement Object
        (
        )

    [shipPhoneNumber] => SimpleXMLElement Object
        (
        )

    [shipZipCode] => SimpleXMLElement Object
        (
        )

    [shipAddress] => SimpleXMLElement Object
        (
        )

    [shipCity] => SimpleXMLElement Object
        (
        )

    [shipState] => SimpleXMLElement Object
        (
        )

    [shipCountry] => SimpleXMLElement Object
        (
        )

    [shipmentType] => SimpleXMLElement Object
        (
        )

    [shipEmail] => SimpleXMLElement Object
        (
        )

    [loginName] => 100-01-ADM-DRivera
    [type] => 2
)


2015-06-26T02:11:38Z
ResponseParameter:  billNo: 8I2aT1435284696 | endTime:2015-06-26 02:11:38

2015-06-26T02:11:38Z
successcode=0&Ref=8I2aT1435284696&PayRef=150626100638&Amt=10&Cur=840&prc=0&src=0&Ord=150626100638&Holder=&AuthId=0638&TxTime=15-06-26 10:06:38&errMsg=Transaction Completed

2015-06-26T02:19:19Z
RequestParameter:  billNo: z6pY01435285158 | startTime:2015-06-26 02:19:19

2015-06-26T02:19:19Z
SimpleXMLElement Object
(
    [securityCode] => 2003052020272027
    [apiUserId] => 2
    [url] => LOOPBACK
    [API_username] => 100-01-ADM-DRivera
    [API_password] => password
    [agt] => 0
    [billNo] => z6pY01435285158
    [referenceId] => z6pY01435285158
    [dateTime] => 20150626101918
    [cardHolderIp] => 49.144.84.156
    [cardNum] => 4918914107195005
    [cvv2] => 123
    [month] => 07
    [year] => 17
    [firstName] => Juan
    [lastName] => Dela Cruz
    [gender] => M
    [email] => JUANDC@EXAMPLE.COM
    [birthDate] => 19800305
    [phone] => 93398277
    [zipCode] => 1200
    [address] => 2620E
    [city] => Makati
    [state] => Manila
    [country] => PH
    [amount] => 10
    [language] => Array
        (
            [0] => eng
            [1] => eng
        )

    [remark] => Test
    [currency] => USD
    [productItem] => 1
    [productType] => TV
    [productDesc] => Test
    [productQty] => 1
    [productPrice] => 10
    [shipFirstName] => SimpleXMLElement Object
        (
        )

    [shipLastName] => SimpleXMLElement Object
        (
        )

    [shipPhoneNumber] => SimpleXMLElement Object
        (
        )

    [shipZipCode] => SimpleXMLElement Object
        (
        )

    [shipAddress] => SimpleXMLElement Object
        (
        )

    [shipCity] => SimpleXMLElement Object
        (
        )

    [shipState] => SimpleXMLElement Object
        (
        )

    [shipCountry] => SimpleXMLElement Object
        (
        )

    [shipmentType] => SimpleXMLElement Object
        (
        )

    [shipEmail] => SimpleXMLElement Object
        (
        )

    [loginName] => 100-01-ADM-DRivera
    [type] => 2
)


2015-06-26T02:19:19Z
ResponseParameter:  billNo: z6pY01435285158 | endTime:2015-06-26 02:19:19

2015-06-26T02:19:19Z
successcode=0&Ref=z6pY01435285158&PayRef=150626100619&Amt=10&Cur=840&prc=0&src=0&Ord=150626100619&Holder=&AuthId=0619&TxTime=15-06-26 10:06:19&errMsg=Transaction Completed

2015-06-26T02:20:54Z
RequestParameter:  billNo: tJ1Mj1435285253 | startTime:2015-06-26 02:20:54

2015-06-26T02:20:54Z
SimpleXMLElement Object
(
    [securityCode] => 2003052020272027
    [apiUserId] => 2
    [url] => LOOPBACK
    [API_username] => 100-01-ADM-DRivera
    [API_password] => password
    [agt] => 0
    [billNo] => tJ1Mj1435285253
    [referenceId] => tJ1Mj1435285253
    [dateTime] => 20150626102053
    [cardHolderIp] => 49.144.84.156
    [cardNum] => 4918914107195005
    [cvv2] => 123
    [month] => 07
    [year] => 17
    [firstName] => Juan
    [lastName] => Dela Cruz
    [gender] => M
    [email] => JUANDC@EXAMPLE.COM
    [birthDate] => 19800305
    [phone] => 93398277
    [zipCode] => 1200
    [address] => 2620E
    [city] => Makati
    [state] => Manila
    [country] => PH
    [amount] => 10
    [language] => Array
        (
            [0] => eng
            [1] => eng
        )

    [remark] => Test
    [currency] => USD
    [productItem] => 1
    [productType] => TV
    [productDesc] => Test
    [productQty] => 1
    [productPrice] => 10
    [shipFirstName] => SimpleXMLElement Object
        (
        )

    [shipLastName] => SimpleXMLElement Object
        (
        )

    [shipPhoneNumber] => SimpleXMLElement Object
        (
        )

    [shipZipCode] => SimpleXMLElement Object
        (
        )

    [shipAddress] => SimpleXMLElement Object
        (
        )

    [shipCity] => SimpleXMLElement Object
        (
        )

    [shipState] => SimpleXMLElement Object
        (
        )

    [shipCountry] => SimpleXMLElement Object
        (
        )

    [shipmentType] => SimpleXMLElement Object
        (
        )

    [shipEmail] => SimpleXMLElement Object
        (
        )

    [loginName] => 100-01-ADM-DRivera
    [type] => 2
)


2015-06-26T02:20:54Z
ResponseParameter:  billNo: tJ1Mj1435285253 | endTime:2015-06-26 02:20:54

2015-06-26T02:20:54Z
successcode=0&Ref=tJ1Mj1435285253&PayRef=150626100654&Amt=10&Cur=840&prc=0&src=0&Ord=150626100654&Holder=&AuthId=0654&TxTime=15-06-26 10:06:54&errMsg=Transaction Completed

2015-06-26T02:21:24Z
RequestParameter:  billNo: lfZNI1435285282 | startTime:2015-06-26 02:21:24

2015-06-26T02:21:24Z
SimpleXMLElement Object
(
    [securityCode] => 2003052020272027
    [apiUserId] => 2
    [url] => LOOPBACK
    [API_username] => 100-01-ADM-DRivera
    [API_password] => password
    [agt] => 0
    [billNo] => lfZNI1435285282
    [referenceId] => lfZNI1435285282
    [dateTime] => 20150626102122
    [cardHolderIp] => 49.144.84.156
    [cardNum] => 4918914107195005
    [cvv2] => 123
    [month] => 07
    [year] => 17
    [firstName] => Juan
    [lastName] => Dela Cruz
    [gender] => M
    [email] => JUANDC@EXAMPLE.COM
    [birthDate] => 19800305
    [phone] => 93398277
    [zipCode] => 1200
    [address] => 2620E
    [city] => Makati
    [state] => Manila
    [country] => PH
    [amount] => 10
    [language] => Array
        (
            [0] => eng
            [1] => eng
        )

    [remark] => Test
    [currency] => USD
    [productItem] => 1
    [productType] => TV
    [productDesc] => Test
    [productQty] => 1
    [productPrice] => 10
    [shipFirstName] => SimpleXMLElement Object
        (
        )

    [shipLastName] => SimpleXMLElement Object
        (
        )

    [shipPhoneNumber] => SimpleXMLElement Object
        (
        )

    [shipZipCode] => SimpleXMLElement Object
        (
        )

    [shipAddress] => SimpleXMLElement Object
        (
        )

    [shipCity] => SimpleXMLElement Object
        (
        )

    [shipState] => SimpleXMLElement Object
        (
        )

    [shipCountry] => SimpleXMLElement Object
        (
        )

    [shipmentType] => SimpleXMLElement Object
        (
        )

    [shipEmail] => SimpleXMLElement Object
        (
        )

    [loginName] => 100-01-ADM-DRivera
    [type] => 2
)


2015-06-26T02:21:24Z
ResponseParameter:  billNo: lfZNI1435285282 | endTime:2015-06-26 02:21:24

2015-06-26T02:21:24Z
successcode=0&Ref=lfZNI1435285282&PayRef=150626100624&Amt=10&Cur=840&prc=0&src=0&Ord=150626100624&Holder=&AuthId=0624&TxTime=15-06-26 10:06:24&errMsg=Transaction Completed

2015-06-26T02:21:52Z
RequestParameter:  billNo: XKRuc1435285311 | startTime:2015-06-26 02:21:52

2015-06-26T02:21:52Z
SimpleXMLElement Object
(
    [securityCode] => 2003052020272027
    [apiUserId] => 2
    [url] => LOOPBACK
    [API_username] => 100-01-ADM-DRivera
    [API_password] => password
    [agt] => 0
    [billNo] => XKRuc1435285311
    [referenceId] => XKRuc1435285311
    [dateTime] => 20150626102151
    [cardHolderIp] => 49.144.84.156
    [cardNum] => 4918914107195005
    [cvv2] => 123
    [month] => 07
    [year] => 17
    [firstName] => Juan
    [lastName] => Dela Cruz
    [gender] => M
    [email] => JUANDC@EXAMPLE.COM
    [birthDate] => 19800305
    [phone] => 93398277
    [zipCode] => 1200
    [address] => 2620E
    [city] => Makati
    [state] => Manila
    [country] => PH
    [amount] => 10
    [language] => Array
        (
            [0] => eng
            [1] => eng
        )

    [remark] => Test
    [currency] => USD
    [productItem] => 1
    [productType] => TV
    [productDesc] => Test
    [productQty] => 1
    [productPrice] => 10
    [shipFirstName] => SimpleXMLElement Object
        (
        )

    [shipLastName] => SimpleXMLElement Object
        (
        )

    [shipPhoneNumber] => SimpleXMLElement Object
        (
        )

    [shipZipCode] => SimpleXMLElement Object
        (
        )

    [shipAddress] => SimpleXMLElement Object
        (
        )

    [shipCity] => SimpleXMLElement Object
        (
        )

    [shipState] => SimpleXMLElement Object
        (
        )

    [shipCountry] => SimpleXMLElement Object
        (
        )

    [shipmentType] => SimpleXMLElement Object
        (
        )

    [shipEmail] => SimpleXMLElement Object
        (
        )

    [loginName] => 100-01-ADM-DRivera
    [type] => 2
)


2015-06-26T02:21:52Z
ResponseParameter:  billNo: XKRuc1435285311 | endTime:2015-06-26 02:21:52

2015-06-26T02:21:52Z
successcode=0&Ref=XKRuc1435285311&PayRef=150626100652&Amt=10&Cur=840&prc=0&src=0&Ord=150626100652&Holder=&AuthId=0652&TxTime=15-06-26 10:06:52&errMsg=Transaction Completed

2015-06-26T02:27:51Z
RequestParameter:  billNo: 7QoUM1435285670 | startTime:2015-06-26 02:27:51

2015-06-26T02:27:51Z
SimpleXMLElement Object
(
    [securityCode] => 2003052020272027
    [apiUserId] => 2
    [url] => LOOPBACK
    [API_username] => 100-01-ADM-DRivera
    [API_password] => password
    [agt] => 0
    [billNo] => 7QoUM1435285670
    [referenceId] => 7QoUM1435285670
    [dateTime] => 20150626102750
    [cardHolderIp] => 49.144.84.156
    [cardNum] => 4918914107195005
    [cvv2] => 123
    [month] => 07
    [year] => 17
    [firstName] => Juan
    [lastName] => Dela Cruz
    [gender] => M
    [email] => JUANDC@EXAMPLE.COM
    [birthDate] => 19800305
    [phone] => 93398277
    [zipCode] => 1200
    [address] => 2620E
    [city] => Makati
    [state] => Manila
    [country] => PH
    [amount] => 10
    [language] => Array
        (
            [0] => eng
            [1] => eng
        )

    [remark] => Test
    [currency] => USD
    [productItem] => 1
    [productType] => TV
    [productDesc] => Test
    [productQty] => 1
    [productPrice] => 10
    [shipFirstName] => SimpleXMLElement Object
        (
        )

    [shipLastName] => SimpleXMLElement Object
        (
        )

    [shipPhoneNumber] => SimpleXMLElement Object
        (
        )

    [shipZipCode] => SimpleXMLElement Object
        (
        )

    [shipAddress] => SimpleXMLElement Object
        (
        )

    [shipCity] => SimpleXMLElement Object
        (
        )

    [shipState] => SimpleXMLElement Object
        (
        )

    [shipCountry] => SimpleXMLElement Object
        (
        )

    [shipmentType] => SimpleXMLElement Object
        (
        )

    [shipEmail] => SimpleXMLElement Object
        (
        )

    [loginName] => 100-01-ADM-DRivera
    [type] => 2
)


2015-06-26T02:27:51Z
ResponseParameter:  billNo: 7QoUM1435285670 | endTime:2015-06-26 02:27:51

2015-06-26T02:27:51Z
successcode=0&Ref=7QoUM1435285670&PayRef=150626100651&Amt=10&Cur=840&prc=0&src=0&Ord=150626100651&Holder=&AuthId=0651&TxTime=15-06-26 10:06:51&errMsg=Transaction Completed

2015-06-26T02:28:19Z
RequestParameter:  billNo: FTRrE1435285697 | startTime:2015-06-26 02:28:19

2015-06-26T02:28:19Z
SimpleXMLElement Object
(
    [securityCode] => 2003052020272027
    [apiUserId] => 2
    [url] => LOOPBACK
    [API_username] => 100-01-ADM-DRivera
    [API_password] => password
    [agt] => 0
    [billNo] => FTRrE1435285697
    [referenceId] => FTRrE1435285697
    [dateTime] => 20150626102817
    [cardHolderIp] => 49.144.84.156
    [cardNum] => 4918914107195005
    [cvv2] => 123
    [month] => 07
    [year] => 17
    [firstName] => Juan
    [lastName] => Dela Cruz
    [gender] => M
    [email] => JUANDC@EXAMPLE.COM
    [birthDate] => 19800305
    [phone] => 93398277
    [zipCode] => 1200
    [address] => 2620E
    [city] => Makati
    [state] => Manila
    [country] => PH
    [amount] => 10
    [language] => Array
        (
            [0] => eng
            [1] => eng
        )

    [remark] => Test
    [currency] => USD
    [productItem] => 1
    [productType] => TV
    [productDesc] => Test
    [productQty] => 1
    [productPrice] => 10
    [shipFirstName] => SimpleXMLElement Object
        (
        )

    [shipLastName] => SimpleXMLElement Object
        (
        )

    [shipPhoneNumber] => SimpleXMLElement Object
        (
        )

    [shipZipCode] => SimpleXMLElement Object
        (
        )

    [shipAddress] => SimpleXMLElement Object
        (
        )

    [shipCity] => SimpleXMLElement Object
        (
        )

    [shipState] => SimpleXMLElement Object
        (
        )

    [shipCountry] => SimpleXMLElement Object
        (
        )

    [shipmentType] => SimpleXMLElement Object
        (
        )

    [shipEmail] => SimpleXMLElement Object
        (
        )

    [loginName] => 100-01-ADM-DRivera
    [type] => 2
)


2015-06-26T02:28:19Z
ResponseParameter:  billNo: FTRrE1435285697 | endTime:2015-06-26 02:28:19

2015-06-26T02:28:19Z
successcode=0&Ref=FTRrE1435285697&PayRef=150626100619&Amt=10&Cur=840&prc=0&src=0&Ord=150626100619&Holder=&AuthId=0619&TxTime=15-06-26 10:06:19&errMsg=Transaction Completed

2015-06-26T04:20:36Z
RequestParameter:  billNo: FitDv1435292433 | startTime:2015-06-26 04:20:36

2015-06-26T04:20:36Z
SimpleXMLElement Object
(
    [securityCode] => 2003052020272027
    [apiUserId] => 2
    [url] => LOOPBACK
    [API_username] => 100-01-ADM-DRivera
    [API_password] => password
    [agt] => 0
    [billNo] => FitDv1435292433
    [referenceId] => FitDv1435292433
    [dateTime] => 20150626122033
    [cardHolderIp] => 49.144.84.156
    [cardNum] => 4918914107195005
    [cvv2] => 456
    [month] => 07
    [year] => 17
    [firstName] => Juan
    [lastName] => Dela Cruz
    [gender] => M
    [email] => JUANDC@EXAMPLE.COM
    [birthDate] => 19800305
    [phone] => 93398277
    [zipCode] => 1200
    [address] => 2620E
    [city] => Makati
    [state] => Manila
    [country] => PH
    [amount] => 10
    [language] => Array
        (
            [0] => eng
            [1] => eng
        )

    [remark] => Test
    [currency] => USD
    [productItem] => 1
    [productType] => TV
    [productDesc] => Test
    [productQty] => 1
    [productPrice] => 10
    [shipFirstName] => SimpleXMLElement Object
        (
        )

    [shipLastName] => SimpleXMLElement Object
        (
        )

    [shipPhoneNumber] => SimpleXMLElement Object
        (
        )

    [shipZipCode] => SimpleXMLElement Object
        (
        )

    [shipAddress] => SimpleXMLElement Object
        (
        )

    [shipCity] => SimpleXMLElement Object
        (
        )

    [shipState] => SimpleXMLElement Object
        (
        )

    [shipCountry] => SimpleXMLElement Object
        (
        )

    [shipmentType] => SimpleXMLElement Object
        (
        )

    [shipEmail] => SimpleXMLElement Object
        (
        )

    [loginName] => 100-01-ADM-DRivera
    [type] => 2
)


2015-06-26T04:20:36Z
ResponseParameter:  billNo: FitDv1435292433 | endTime:2015-06-26 04:20:36

2015-06-26T04:20:36Z
successcode=-1&Ref=FitDv1435292433&PayRef=150626120636&Amt=10&Cur=840&prc=-1&src=234&Ord=150626120636&Holder=&AuthId=0636&TxTime=15-06-26 12:06:36&errMsg=Error: invalid Security Code

2015-06-26T04:21:21Z
RequestParameter:  billNo: woY731435292479 | startTime:2015-06-26 04:21:21

2015-06-26T04:21:21Z
SimpleXMLElement Object
(
    [securityCode] => 2003052020272027
    [apiUserId] => 2
    [url] => LOOPBACK
    [API_username] => 100-01-ADM-DRivera
    [API_password] => password
    [agt] => 0
    [billNo] => woY731435292479
    [referenceId] => woY731435292479
    [dateTime] => 20150626122119
    [cardHolderIp] => 49.144.84.156
    [cardNum] => 4918914107195005
    [cvv2] => 123
    [month] => 07
    [year] => 17
    [firstName] => Juan
    [lastName] => Dela Cruz
    [gender] => M
    [email] => JUANDC@EXAMPLE.COM
    [birthDate] => 19800305
    [phone] => 93398277
    [zipCode] => 1200
    [address] => 2620E
    [city] => Makati
    [state] => Manila
    [country] => PH
    [amount] => 10
    [language] => Array
        (
            [0] => eng
            [1] => eng
        )

    [remark] => Test
    [currency] => USD
    [productItem] => 1
    [productType] => TV
    [productDesc] => Test
    [productQty] => 1
    [productPrice] => 10
    [shipFirstName] => SimpleXMLElement Object
        (
        )

    [shipLastName] => SimpleXMLElement Object
        (
        )

    [shipPhoneNumber] => SimpleXMLElement Object
        (
        )

    [shipZipCode] => SimpleXMLElement Object
        (
        )

    [shipAddress] => SimpleXMLElement Object
        (
        )

    [shipCity] => SimpleXMLElement Object
        (
        )

    [shipState] => SimpleXMLElement Object
        (
        )

    [shipCountry] => SimpleXMLElement Object
        (
        )

    [shipmentType] => SimpleXMLElement Object
        (
        )

    [shipEmail] => SimpleXMLElement Object
        (
        )

    [loginName] => 100-01-ADM-DRivera
    [type] => 2
)


2015-06-26T04:21:21Z
ResponseParameter:  billNo: woY731435292479 | endTime:2015-06-26 04:21:21

2015-06-26T04:21:21Z
successcode=0&Ref=woY731435292479&PayRef=150626120621&Amt=10&Cur=840&prc=0&src=0&Ord=150626120621&Holder=&AuthId=0621&TxTime=15-06-26 12:06:21&errMsg=Transaction Completed

2015-06-26T04:22:18Z
RequestParameter:  billNo: 8yxds1435292536 | startTime:2015-06-26 04:22:18

2015-06-26T04:22:18Z
SimpleXMLElement Object
(
    [securityCode] => 2003052020272027
    [apiUserId] => 2
    [url] => LOOPBACK
    [API_username] => 100-01-ADM-DRivera
    [API_password] => password
    [agt] => 0
    [billNo] => 8yxds1435292536
    [referenceId] => 8yxds1435292536
    [dateTime] => 20150626122216
    [cardHolderIp] => 49.144.84.156
    [cardNum] => 4918914107195005
    [cvv2] => 123
    [month] => 07
    [year] => 17
    [firstName] => Juan
    [lastName] => Dela Cruz
    [gender] => M
    [email] => JUANDC@EXAMPLE.COM
    [birthDate] => 19800305
    [phone] => 93398277
    [zipCode] => 1200
    [address] => 2620E
    [city] => Makati
    [state] => Manila
    [country] => PH
    [amount] => 10
    [language] => Array
        (
            [0] => eng
            [1] => eng
        )

    [remark] => Test
    [currency] => USD
    [productItem] => 1
    [productType] => TV
    [productDesc] => Test
    [productQty] => 1
    [productPrice] => 10
    [shipFirstName] => SimpleXMLElement Object
        (
        )

    [shipLastName] => SimpleXMLElement Object
        (
        )

    [shipPhoneNumber] => SimpleXMLElement Object
        (
        )

    [shipZipCode] => SimpleXMLElement Object
        (
        )

    [shipAddress] => SimpleXMLElement Object
        (
        )

    [shipCity] => SimpleXMLElement Object
        (
        )

    [shipState] => SimpleXMLElement Object
        (
        )

    [shipCountry] => SimpleXMLElement Object
        (
        )

    [shipmentType] => SimpleXMLElement Object
        (
        )

    [shipEmail] => SimpleXMLElement Object
        (
        )

    [loginName] => 100-01-ADM-DRivera
    [type] => 2
)


2015-06-26T04:22:18Z
ResponseParameter:  billNo: 8yxds1435292536 | endTime:2015-06-26 04:22:18

2015-06-26T04:22:18Z
successcode=0&Ref=8yxds1435292536&PayRef=150626120618&Amt=10&Cur=840&prc=0&src=0&Ord=150626120618&Holder=&AuthId=0618&TxTime=15-06-26 12:06:18&errMsg=Transaction Completed

2015-06-26T04:36:00Z
RequestParameter:  billNo: a6flO1435293357 | startTime:2015-06-26 04:36:00

2015-06-26T04:36:00Z
SimpleXMLElement Object
(
    [securityCode] => 2003052020272027
    [apiUserId] => 2
    [url] => LOOPBACK
    [API_username] => 100-01-ADM-DRivera
    [API_password] => password
    [agt] => 0
    [billNo] => a6flO1435293357
    [referenceId] => a6flO1435293357
    [dateTime] => 20150626123557
    [cardHolderIp] => 49.144.84.156
    [cardNum] => 4918914107195005
    [cvv2] => 456
    [month] => 07
    [year] => 17
    [firstName] => Juan
    [lastName] => Dela Cruz
    [gender] => M
    [email] => JUANDC@EXAMPLE.COM
    [birthDate] => 19800305
    [phone] => 93398277
    [zipCode] => 1200
    [address] => 2620E
    [city] => Makati
    [state] => Manila
    [country] => PH
    [amount] => 10
    [language] => Array
        (
            [0] => eng
            [1] => eng
        )

    [remark] => Test
    [currency] => USD
    [productItem] => 1
    [productType] => TV
    [productDesc] => Test
    [productQty] => 1
    [productPrice] => 10
    [shipFirstName] => SimpleXMLElement Object
        (
        )

    [shipLastName] => SimpleXMLElement Object
        (
        )

    [shipPhoneNumber] => SimpleXMLElement Object
        (
        )

    [shipZipCode] => SimpleXMLElement Object
        (
        )

    [shipAddress] => SimpleXMLElement Object
        (
        )

    [shipCity] => SimpleXMLElement Object
        (
        )

    [shipState] => SimpleXMLElement Object
        (
        )

    [shipCountry] => SimpleXMLElement Object
        (
        )

    [shipmentType] => SimpleXMLElement Object
        (
        )

    [shipEmail] => SimpleXMLElement Object
        (
        )

    [loginName] => 100-01-ADM-DRivera
    [type] => 2
)


2015-06-26T04:36:00Z
ResponseParameter:  billNo: a6flO1435293357 | endTime:2015-06-26 04:36:00

2015-06-26T04:36:00Z
successcode=-1&Ref=a6flO1435293357&PayRef=150626120600&Amt=10&Cur=840&prc=-1&src=234&Ord=150626120600&Holder=&AuthId=0600&TxTime=15-06-26 12:06:00&errMsg=Error: invalid Security Code

