2015-05-21T09:35:16Z
RequestParameter:  billNo: bill635678048344244542 | startTime:2015-05-21 09:35:16

2015-05-21T09:35:16Z
Array
(
    [MODE] => Q
    [FRMT] => XML
    [VERS] => 0630
    [MERC] => 680000
    [UDF[CUSTOMER_IPAD]] => 109.86.219.121
    [SESS] => sess635678048344244542
    [ORDR] => bill635678048344244542
    [CURR] => USD
    [PENC] => KHASH
    [PTYP] => CARD
    [PTOK] => 4918912GXE0BUP1QG8K5
    [IPAD] => 109.86.219.121
    [MACK] => Y
    [AUTH] => A
    [PROD_DESC[0]] => Binary Trade
    [PROD_TYPE[0]] => Binary Trade
    [PROD_ITEM[0]] => SKU-BML-BinaryTrade
    [PROD_QUANT[0]] => 1
    [PROD_PRICE[0]] => 1000
    [TOTL] => 1000
    [SITE] => VERT001
    [UDF[MERCHANT_ID]] => 10001MERGTSHOL
    [NAME] => Juan Dela Cruz
    [B2A1] => aaaaaabba
    [B2CC] => US
    [B2CI] => LosAngeles
    [B2PC] => 5999
    [B2PN] => 454 546546
    [B2ST] => MH
    [S2A1] => 
    [S2CC] => 
    [S2CI] => 
    [S2EM] => 
    [S2NM] =>  
    [S2PC] => 
    [S2PN] => 
    [S2ST] => 
    [SHTP] => 
    [CASH] => 10
    [DOB] => --
    [GENDER] => M
    [EMAL] => JUANDCDECLINE@EXAMPLE.COM
)


2015-05-21T09:35:18Z
ResponseParameter:  billNo: bill635678048344244542 | endTime:2015-05-21 09:35:18

2015-05-21T09:35:18Z
<?xml version="1.0" encoding="UTF-8"?>
<RESPONSE>
  <VERS>0630</VERS>
  <MODE>Q</MODE>
  <TRAN>30T90KXR527N</TRAN>
  <MERC>680000</MERC>
  <SESS>sess635678048344244542</SESS>
  <ORDR>bill635678048344244542</ORDR>
  <AUTO>D</AUTO>
  <SCOR>49</SCOR>
  <GEOX>UA</GEOX>
  <BRND>VISA</BRND>
  <REGN>UA_07</REGN>
  <NETW>N</NETW>
  <KAPT>Y</KAPT>
  <CARDS>1</CARDS>
  <DEVICES>1</DEVICES>
  <EMAILS>1</EMAILS>
  <VELO>0</VELO>
  <VMAX>0</VMAX>
  <SITE>VERT001</SITE>
  <DEVICE_LAYERS>C54384EA10.70C608891B.73071D3205.9A7B656354.A4B997FB3E</DEVICE_LAYERS>
  <FINGERPRINT>D71B308BF955FE29ABC7A7684E9B5EC5</FINGERPRINT>
  <TIMEZONE>1260</TIMEZONE>
  <LOCALTIME>2015-05-21 12:35</LOCALTIME>
  <REGION>UA_07</REGION>
  <COUNTRY>UA</COUNTRY>
  <PROXY>N</PROXY>
  <JAVASCRIPT>Y</JAVASCRIPT>
  <FLASH>Y</FLASH>
  <COOKIES>Y</COOKIES>
  <HTTP_COUNTRY>RU</HTTP_COUNTRY>
  <LANGUAGE>RU</LANGUAGE>
  <MOBILE_DEVICE>N</MOBILE_DEVICE>
  <MOBILE_TYPE></MOBILE_TYPE>
  <MOBILE_FORWARDER>N</MOBILE_FORWARDER>
  <VOICE_DEVICE>N</VOICE_DEVICE>
  <PC_REMOTE>N</PC_REMOTE>
  <RULES_TRIGGERED>9</RULES_TRIGGERED>
  <RULE_ID_0>772992</RULE_ID_0>
  <RULE_DESCRIPTION_0>GEO Billing &lt;&gt; Device Country (1pt)</RULE_DESCRIPTION_0>
  <RULE_ID_1>772994</RULE_ID_1>
  <RULE_DESCRIPTION_1>GEO  Distance from Device to Billing &gt; 1000km (1pt)</RULE_DESCRIPTION_1>
  <RULE_ID_2>772996</RULE_ID_2>
  <RULE_DESCRIPTION_2>GEO BIN and Device Country not equal (1pt)</RULE_DESCRIPTION_2>
  <RULE_ID_3>772998</RULE_ID_3>
  <RULE_DESCRIPTION_3>GEO Billing &lt;&gt; BIN Country (1pt)</RULE_DESCRIPTION_3>
  <RULE_ID_4>773002</RULE_ID_4>
  <RULE_DESCRIPTION_4>FRAUD_SCRD GEO Counter Triggered (5pts)</RULE_DESCRIPTION_4>
  <RULE_ID_5>773010</RULE_ID_5>
  <RULE_DESCRIPTION_5>FRAUD_SCRD Network Chargeback Exists (5pts)</RULE_DESCRIPTION_5>
  <RULE_ID_6>772980</RULE_ID_6>
  <RULE_DESCRIPTION_6>Decline Merchant Chargebacks &gt;1</RULE_DESCRIPTION_6>
  <RULE_ID_7>773024</RULE_ID_7>
  <RULE_DESCRIPTION_7>Decline VIP List</RULE_DESCRIPTION_7>
  <RULE_ID_8>793142</RULE_ID_8>
  <RULE_DESCRIPTION_8>Decline Customer Email Validation</RULE_DESCRIPTION_8>
  <COUNTERS_TRIGGERED>2</COUNTERS_TRIGGERED>
  <COUNTER_NAME_0>GEO</COUNTER_NAME_0>
  <COUNTER_VALUE_0>4</COUNTER_VALUE_0>
  <COUNTER_NAME_1>FRAUD_SCRD</COUNTER_NAME_1>
  <COUNTER_VALUE_1>10</COUNTER_VALUE_1>
  <REASON_CODE></REASON_CODE>
  <MASTERCARD></MASTERCARD>
  <DDFS>2015-03-26</DDFS>
  <DSR>1200x1920</DSR>
  <UAS>Mozilla/5.0 (Windows NT 6.1; WOW64) AppleWebKit/537.36 (KHTML, like Gecko) Chrome/42.0.2311.152 Safari/537.36</UAS>
  <BROWSER>Chrome 42.0.2311.152</BROWSER>
  <OS>Windows 7</OS>
  <PIP_IPAD></PIP_IPAD>
  <PIP_LAT></PIP_LAT>
  <PIP_LON></PIP_LON>
  <PIP_COUNTRY></PIP_COUNTRY>
  <PIP_REGION></PIP_REGION>
  <PIP_CITY></PIP_CITY>
  <PIP_ORG></PIP_ORG>
  <IP_IPAD>109.86.219.121</IP_IPAD>
  <IP_LAT>49.9808</IP_LAT>
  <IP_LON>36.2527</IP_LON>
  <IP_COUNTRY>UA</IP_COUNTRY>
  <IP_REGION>Kharkivska Oblast</IP_REGION>
  <IP_CITY></IP_CITY>
  <IP_ORG>TRIOLAN</IP_ORG>
  <WARNING_0>399 BAD_OPTN Cause: [value [--] did not match regex /^((19|20)\d\d-(0[1-9]|1[012])-(0[1-9]|[12][0-9]|3[01]))?$/], Field: [DOB], Value: [--]</WARNING_0>
  <WARNING_COUNT>1</WARNING_COUNT>
</RESPONSE>

2015-05-21T09:42:29Z
RequestParameter:  billNo: bill635678053449377653 | startTime:2015-05-21 09:42:29

2015-05-21T09:42:29Z
Array
(
    [MODE] => Q
    [FRMT] => XML
    [VERS] => 0630
    [MERC] => 680000
    [UDF[CUSTOMER_IPAD]] => 109.86.219.121
    [SESS] => sess635678053449377653
    [ORDR] => bill635678053449377653
    [CURR] => USD
    [PENC] => KHASH
    [PTYP] => CARD
    [PTOK] => 4918912GXE0BUP1QG8K5
    [IPAD] => 109.86.219.121
    [MACK] => Y
    [AUTH] => A
    [PROD_DESC[0]] => Binary Trade
    [PROD_TYPE[0]] => Binary Trade
    [PROD_ITEM[0]] => SKU-BML-BinaryTrade
    [PROD_QUANT[0]] => 1
    [PROD_PRICE[0]] => 1000
    [TOTL] => 1000
    [SITE] => VERT001
    [UDF[MERCHANT_ID]] => 10001MERGTSHOL
    [NAME] => Juan Dela Cruz
    [B2A1] => fgh
    [B2CC] => SA
    [B2CI] => LosAngeles
    [B2PC] => 5999
    [B2PN] => 454 546546
    [B2ST] => MH
    [S2A1] => 
    [S2CC] => 
    [S2CI] => 
    [S2EM] => 
    [S2NM] =>  
    [S2PC] => 
    [S2PN] => 
    [S2ST] => 
    [SHTP] => 
    [CASH] => 10
    [DOB] => --
    [GENDER] => M
    [EMAL] => JUANDCDECLINE@EXAMPLE.COM
)


2015-05-21T09:42:31Z
ResponseParameter:  billNo: bill635678053449377653 | endTime:2015-05-21 09:42:31

2015-05-21T09:42:31Z
<?xml version="1.0" encoding="UTF-8"?>
<RESPONSE>
  <VERS>0630</VERS>
  <MODE>Q</MODE>
  <TRAN>30T90YYJMBGL</TRAN>
  <MERC>680000</MERC>
  <SESS>sess635678053449377653</SESS>
  <ORDR>bill635678053449377653</ORDR>
  <AUTO>D</AUTO>
  <SCOR>39</SCOR>
  <GEOX>UA</GEOX>
  <BRND>VISA</BRND>
  <REGN>UA_07</REGN>
  <NETW>N</NETW>
  <KAPT>Y</KAPT>
  <CARDS>1</CARDS>
  <DEVICES>1</DEVICES>
  <EMAILS>1</EMAILS>
  <VELO>0</VELO>
  <VMAX>0</VMAX>
  <SITE>VERT001</SITE>
  <DEVICE_LAYERS>C54384EA10.70C608891B.73071D3205.9A7B656354.A4B997FB3E</DEVICE_LAYERS>
  <FINGERPRINT>D71B308BF955FE29ABC7A7684E9B5EC5</FINGERPRINT>
  <TIMEZONE>1260</TIMEZONE>
  <LOCALTIME>2015-05-21 12:42</LOCALTIME>
  <REGION>UA_07</REGION>
  <COUNTRY>UA</COUNTRY>
  <PROXY>N</PROXY>
  <JAVASCRIPT>Y</JAVASCRIPT>
  <FLASH>Y</FLASH>
  <COOKIES>Y</COOKIES>
  <HTTP_COUNTRY>RU</HTTP_COUNTRY>
  <LANGUAGE>RU</LANGUAGE>
  <MOBILE_DEVICE>N</MOBILE_DEVICE>
  <MOBILE_TYPE></MOBILE_TYPE>
  <MOBILE_FORWARDER>N</MOBILE_FORWARDER>
  <VOICE_DEVICE>N</VOICE_DEVICE>
  <PC_REMOTE>N</PC_REMOTE>
  <RULES_TRIGGERED>8</RULES_TRIGGERED>
  <RULE_ID_0>772992</RULE_ID_0>
  <RULE_DESCRIPTION_0>GEO Billing &lt;&gt; Device Country (1pt)</RULE_DESCRIPTION_0>
  <RULE_ID_1>772996</RULE_ID_1>
  <RULE_DESCRIPTION_1>GEO BIN and Device Country not equal (1pt)</RULE_DESCRIPTION_1>
  <RULE_ID_2>772998</RULE_ID_2>
  <RULE_DESCRIPTION_2>GEO Billing &lt;&gt; BIN Country (1pt)</RULE_DESCRIPTION_2>
  <RULE_ID_3>773002</RULE_ID_3>
  <RULE_DESCRIPTION_3>FRAUD_SCRD GEO Counter Triggered (5pts)</RULE_DESCRIPTION_3>
  <RULE_ID_4>773010</RULE_ID_4>
  <RULE_DESCRIPTION_4>FRAUD_SCRD Network Chargeback Exists (5pts)</RULE_DESCRIPTION_4>
  <RULE_ID_5>772980</RULE_ID_5>
  <RULE_DESCRIPTION_5>Decline Merchant Chargebacks &gt;1</RULE_DESCRIPTION_5>
  <RULE_ID_6>773024</RULE_ID_6>
  <RULE_DESCRIPTION_6>Decline VIP List</RULE_DESCRIPTION_6>
  <RULE_ID_7>793142</RULE_ID_7>
  <RULE_DESCRIPTION_7>Decline Customer Email Validation</RULE_DESCRIPTION_7>
  <COUNTERS_TRIGGERED>2</COUNTERS_TRIGGERED>
  <COUNTER_NAME_0>GEO</COUNTER_NAME_0>
  <COUNTER_VALUE_0>3</COUNTER_VALUE_0>
  <COUNTER_NAME_1>FRAUD_SCRD</COUNTER_NAME_1>
  <COUNTER_VALUE_1>10</COUNTER_VALUE_1>
  <REASON_CODE></REASON_CODE>
  <MASTERCARD></MASTERCARD>
  <DDFS>2015-03-26</DDFS>
  <DSR>1200x1920</DSR>
  <UAS>Mozilla/5.0 (Windows NT 6.1; WOW64) AppleWebKit/537.36 (KHTML, like Gecko) Chrome/42.0.2311.152 Safari/537.36</UAS>
  <BROWSER>Chrome 42.0.2311.152</BROWSER>
  <OS>Windows 7</OS>
  <PIP_IPAD></PIP_IPAD>
  <PIP_LAT></PIP_LAT>
  <PIP_LON></PIP_LON>
  <PIP_COUNTRY></PIP_COUNTRY>
  <PIP_REGION></PIP_REGION>
  <PIP_CITY></PIP_CITY>
  <PIP_ORG></PIP_ORG>
  <IP_IPAD>109.86.219.121</IP_IPAD>
  <IP_LAT>49.9808</IP_LAT>
  <IP_LON>36.2527</IP_LON>
  <IP_COUNTRY>UA</IP_COUNTRY>
  <IP_REGION>Kharkivska Oblast</IP_REGION>
  <IP_CITY></IP_CITY>
  <IP_ORG>TRIOLAN</IP_ORG>
  <WARNING_0>399 BAD_OPTN Cause: [value [--] did not match regex /^((19|20)\d\d-(0[1-9]|1[012])-(0[1-9]|[12][0-9]|3[01]))?$/], Field: [DOB], Value: [--]</WARNING_0>
  <WARNING_COUNT>1</WARNING_COUNT>
</RESPONSE>

2015-05-21T09:42:56Z
RequestParameter:  billNo: bill635678053705175750 | startTime:2015-05-21 09:42:56

2015-05-21T09:42:56Z
Array
(
    [MODE] => Q
    [FRMT] => XML
    [VERS] => 0630
    [MERC] => 680000
    [UDF[CUSTOMER_IPAD]] => 109.86.219.121
    [SESS] => sess635678053705175750
    [ORDR] => bill635678053705175750
    [CURR] => USD
    [PENC] => KHASH
    [PTYP] => CARD
    [PTOK] => 4918912GXE0BUP1QG8K5
    [IPAD] => 109.86.219.121
    [MACK] => Y
    [AUTH] => A
    [PROD_DESC[0]] => Binary Trade
    [PROD_TYPE[0]] => Binary Trade
    [PROD_ITEM[0]] => SKU-BML-BinaryTrade
    [PROD_QUANT[0]] => 1
    [PROD_PRICE[0]] => 1000
    [TOTL] => 1000
    [SITE] => VERT001
    [UDF[MERCHANT_ID]] => 10001MERGTSHOL
    [NAME] => Juan Dela Cruz
    [B2A1] => address
    [B2CC] => AF
    [B2CI] => LosAngeles
    [B2PC] => 5999
    [B2PN] => 454 546546
    [B2ST] => MH
    [S2A1] => 
    [S2CC] => 
    [S2CI] => 
    [S2EM] => 
    [S2NM] =>  
    [S2PC] => 
    [S2PN] => 
    [S2ST] => 
    [SHTP] => 
    [CASH] => 10
    [DOB] => --
    [GENDER] => M
    [EMAL] => JUANDCDECLINE@EXAMPLE.COM
)


2015-05-21T09:42:57Z
ResponseParameter:  billNo: bill635678053705175750 | endTime:2015-05-21 09:42:57

2015-05-21T09:42:57Z
<?xml version="1.0" encoding="UTF-8"?>
<RESPONSE>
  <VERS>0630</VERS>
  <MODE>Q</MODE>
  <TRAN>30T90ZCK5LCX</TRAN>
  <MERC>680000</MERC>
  <SESS>sess635678053705175750</SESS>
  <ORDR>bill635678053705175750</ORDR>
  <AUTO>D</AUTO>
  <SCOR>29</SCOR>
  <GEOX>UA</GEOX>
  <BRND>VISA</BRND>
  <REGN>UA_07</REGN>
  <NETW>N</NETW>
  <KAPT>Y</KAPT>
  <CARDS>1</CARDS>
  <DEVICES>1</DEVICES>
  <EMAILS>1</EMAILS>
  <VELO>0</VELO>
  <VMAX>0</VMAX>
  <SITE>VERT001</SITE>
  <DEVICE_LAYERS>C54384EA10.70C608891B.73071D3205.9A7B656354.A4B997FB3E</DEVICE_LAYERS>
  <FINGERPRINT>D71B308BF955FE29ABC7A7684E9B5EC5</FINGERPRINT>
  <TIMEZONE>1260</TIMEZONE>
  <LOCALTIME>2015-05-21 12:43</LOCALTIME>
  <REGION>UA_07</REGION>
  <COUNTRY>UA</COUNTRY>
  <PROXY>N</PROXY>
  <JAVASCRIPT>Y</JAVASCRIPT>
  <FLASH>Y</FLASH>
  <COOKIES>Y</COOKIES>
  <HTTP_COUNTRY>RU</HTTP_COUNTRY>
  <LANGUAGE>RU</LANGUAGE>
  <MOBILE_DEVICE>N</MOBILE_DEVICE>
  <MOBILE_TYPE></MOBILE_TYPE>
  <MOBILE_FORWARDER>N</MOBILE_FORWARDER>
  <VOICE_DEVICE>N</VOICE_DEVICE>
  <PC_REMOTE>N</PC_REMOTE>
  <RULES_TRIGGERED>8</RULES_TRIGGERED>
  <RULE_ID_0>772992</RULE_ID_0>
  <RULE_DESCRIPTION_0>GEO Billing &lt;&gt; Device Country (1pt)</RULE_DESCRIPTION_0>
  <RULE_ID_1>772996</RULE_ID_1>
  <RULE_DESCRIPTION_1>GEO BIN and Device Country not equal (1pt)</RULE_DESCRIPTION_1>
  <RULE_ID_2>772998</RULE_ID_2>
  <RULE_DESCRIPTION_2>GEO Billing &lt;&gt; BIN Country (1pt)</RULE_DESCRIPTION_2>
  <RULE_ID_3>773002</RULE_ID_3>
  <RULE_DESCRIPTION_3>FRAUD_SCRD GEO Counter Triggered (5pts)</RULE_DESCRIPTION_3>
  <RULE_ID_4>773010</RULE_ID_4>
  <RULE_DESCRIPTION_4>FRAUD_SCRD Network Chargeback Exists (5pts)</RULE_DESCRIPTION_4>
  <RULE_ID_5>772980</RULE_ID_5>
  <RULE_DESCRIPTION_5>Decline Merchant Chargebacks &gt;1</RULE_DESCRIPTION_5>
  <RULE_ID_6>773024</RULE_ID_6>
  <RULE_DESCRIPTION_6>Decline VIP List</RULE_DESCRIPTION_6>
  <RULE_ID_7>793142</RULE_ID_7>
  <RULE_DESCRIPTION_7>Decline Customer Email Validation</RULE_DESCRIPTION_7>
  <COUNTERS_TRIGGERED>2</COUNTERS_TRIGGERED>
  <COUNTER_NAME_0>GEO</COUNTER_NAME_0>
  <COUNTER_VALUE_0>3</COUNTER_VALUE_0>
  <COUNTER_NAME_1>FRAUD_SCRD</COUNTER_NAME_1>
  <COUNTER_VALUE_1>10</COUNTER_VALUE_1>
  <REASON_CODE></REASON_CODE>
  <MASTERCARD></MASTERCARD>
  <DDFS>2015-03-26</DDFS>
  <DSR>1200x1920</DSR>
  <UAS>Mozilla/5.0 (Windows NT 6.1; WOW64) AppleWebKit/537.36 (KHTML, like Gecko) Chrome/42.0.2311.152 Safari/537.36</UAS>
  <BROWSER>Chrome 42.0.2311.152</BROWSER>
  <OS>Windows 7</OS>
  <PIP_IPAD></PIP_IPAD>
  <PIP_LAT></PIP_LAT>
  <PIP_LON></PIP_LON>
  <PIP_COUNTRY></PIP_COUNTRY>
  <PIP_REGION></PIP_REGION>
  <PIP_CITY></PIP_CITY>
  <PIP_ORG></PIP_ORG>
  <IP_IPAD>109.86.219.121</IP_IPAD>
  <IP_LAT>49.9808</IP_LAT>
  <IP_LON>36.2527</IP_LON>
  <IP_COUNTRY>UA</IP_COUNTRY>
  <IP_REGION>Kharkivska Oblast</IP_REGION>
  <IP_CITY></IP_CITY>
  <IP_ORG>TRIOLAN</IP_ORG>
  <WARNING_0>399 BAD_OPTN Cause: [value [--] did not match regex /^((19|20)\d\d-(0[1-9]|1[012])-(0[1-9]|[12][0-9]|3[01]))?$/], Field: [DOB], Value: [--]</WARNING_0>
  <WARNING_COUNT>1</WARNING_COUNT>
</RESPONSE>

2015-05-21T09:51:04Z
RequestParameter:  billNo: bill635678058515261143 | startTime:2015-05-21 09:51:04

2015-05-21T09:51:04Z
Array
(
    [MODE] => Q
    [FRMT] => XML
    [VERS] => 0630
    [MERC] => 680000
    [UDF[CUSTOMER_IPAD]] => 109.86.219.121
    [SESS] => sess635678058515261143
    [ORDR] => bill635678058515261143
    [CURR] => EUR
    [PENC] => KHASH
    [PTYP] => CARD
    [PTOK] => 4918912GXE0BUP1QG8K5
    [IPAD] => 109.86.219.121
    [MACK] => Y
    [AUTH] => A
    [PROD_DESC[0]] => Binary Trade
    [PROD_TYPE[0]] => Binary Trade
    [PROD_ITEM[0]] => SKU-BML-BinaryTrade
    [PROD_QUANT[0]] => 1
    [PROD_PRICE[0]] => 1000
    [TOTL] => 1000
    [SITE] => VERT001
    [UDF[MERCHANT_ID]] => 10001MERGTSHOL1
    [NAME] => Juan Dela Cruz
    [B2A1] => fgh
    [B2CC] => IN
    [B2CI] => LosAngeles
    [B2PC] => 5999
    [B2PN] => 454 546546
    [B2ST] => MH
    [S2A1] => 
    [S2CC] => 
    [S2CI] => 
    [S2EM] => 
    [S2NM] =>  
    [S2PC] => 
    [S2PN] => 
    [S2ST] => 
    [SHTP] => 
    [CASH] => 10
    [DOB] => --
    [GENDER] => M
    [EMAL] => JUANDCDECLINE@EXAMPLE.COM
)


2015-05-21T09:51:05Z
ResponseParameter:  billNo: bill635678058515261143 | endTime:2015-05-21 09:51:05

2015-05-21T09:51:05Z
<?xml version="1.0" encoding="UTF-8"?>
<RESPONSE>
  <VERS>0630</VERS>
  <MODE>Q</MODE>
  <TRAN>30T90GWCVG5L</TRAN>
  <MERC>680000</MERC>
  <SESS>sess635678058515261143</SESS>
  <ORDR>bill635678058515261143</ORDR>
  <AUTO>D</AUTO>
  <SCOR>38</SCOR>
  <GEOX>UA</GEOX>
  <BRND>VISA</BRND>
  <REGN>UA_07</REGN>
  <NETW>N</NETW>
  <KAPT>Y</KAPT>
  <CARDS>1</CARDS>
  <DEVICES>1</DEVICES>
  <EMAILS>1</EMAILS>
  <VELO>0</VELO>
  <VMAX>0</VMAX>
  <SITE>VERT001</SITE>
  <DEVICE_LAYERS>C54384EA10.70C608891B.73071D3205.9A7B656354.A4B997FB3E</DEVICE_LAYERS>
  <FINGERPRINT>D71B308BF955FE29ABC7A7684E9B5EC5</FINGERPRINT>
  <TIMEZONE>1260</TIMEZONE>
  <LOCALTIME>2015-05-21 12:51</LOCALTIME>
  <REGION>UA_07</REGION>
  <COUNTRY>UA</COUNTRY>
  <PROXY>N</PROXY>
  <JAVASCRIPT>Y</JAVASCRIPT>
  <FLASH>Y</FLASH>
  <COOKIES>Y</COOKIES>
  <HTTP_COUNTRY>RU</HTTP_COUNTRY>
  <LANGUAGE>RU</LANGUAGE>
  <MOBILE_DEVICE>N</MOBILE_DEVICE>
  <MOBILE_TYPE></MOBILE_TYPE>
  <MOBILE_FORWARDER>N</MOBILE_FORWARDER>
  <VOICE_DEVICE>N</VOICE_DEVICE>
  <PC_REMOTE>N</PC_REMOTE>
  <RULES_TRIGGERED>8</RULES_TRIGGERED>
  <RULE_ID_0>772992</RULE_ID_0>
  <RULE_DESCRIPTION_0>GEO Billing &lt;&gt; Device Country (1pt)</RULE_DESCRIPTION_0>
  <RULE_ID_1>772996</RULE_ID_1>
  <RULE_DESCRIPTION_1>GEO BIN and Device Country not equal (1pt)</RULE_DESCRIPTION_1>
  <RULE_ID_2>772998</RULE_ID_2>
  <RULE_DESCRIPTION_2>GEO Billing &lt;&gt; BIN Country (1pt)</RULE_DESCRIPTION_2>
  <RULE_ID_3>773002</RULE_ID_3>
  <RULE_DESCRIPTION_3>FRAUD_SCRD GEO Counter Triggered (5pts)</RULE_DESCRIPTION_3>
  <RULE_ID_4>773010</RULE_ID_4>
  <RULE_DESCRIPTION_4>FRAUD_SCRD Network Chargeback Exists (5pts)</RULE_DESCRIPTION_4>
  <RULE_ID_5>772980</RULE_ID_5>
  <RULE_DESCRIPTION_5>Decline Merchant Chargebacks &gt;1</RULE_DESCRIPTION_5>
  <RULE_ID_6>773024</RULE_ID_6>
  <RULE_DESCRIPTION_6>Decline VIP List</RULE_DESCRIPTION_6>
  <RULE_ID_7>793142</RULE_ID_7>
  <RULE_DESCRIPTION_7>Decline Customer Email Validation</RULE_DESCRIPTION_7>
  <COUNTERS_TRIGGERED>2</COUNTERS_TRIGGERED>
  <COUNTER_NAME_0>GEO</COUNTER_NAME_0>
  <COUNTER_VALUE_0>3</COUNTER_VALUE_0>
  <COUNTER_NAME_1>FRAUD_SCRD</COUNTER_NAME_1>
  <COUNTER_VALUE_1>10</COUNTER_VALUE_1>
  <REASON_CODE></REASON_CODE>
  <MASTERCARD></MASTERCARD>
  <DDFS>2015-03-26</DDFS>
  <DSR>1200x1920</DSR>
  <UAS>Mozilla/5.0 (Windows NT 6.1; WOW64) AppleWebKit/537.36 (KHTML, like Gecko) Chrome/42.0.2311.152 Safari/537.36</UAS>
  <BROWSER>Chrome 42.0.2311.152</BROWSER>
  <OS>Windows 7</OS>
  <PIP_IPAD></PIP_IPAD>
  <PIP_LAT></PIP_LAT>
  <PIP_LON></PIP_LON>
  <PIP_COUNTRY></PIP_COUNTRY>
  <PIP_REGION></PIP_REGION>
  <PIP_CITY></PIP_CITY>
  <PIP_ORG></PIP_ORG>
  <IP_IPAD>109.86.219.121</IP_IPAD>
  <IP_LAT>49.9808</IP_LAT>
  <IP_LON>36.2527</IP_LON>
  <IP_COUNTRY>UA</IP_COUNTRY>
  <IP_REGION>Kharkivska Oblast</IP_REGION>
  <IP_CITY></IP_CITY>
  <IP_ORG>TRIOLAN</IP_ORG>
  <WARNING_0>399 BAD_OPTN Cause: [value [--] did not match regex /^((19|20)\d\d-(0[1-9]|1[012])-(0[1-9]|[12][0-9]|3[01]))?$/], Field: [DOB], Value: [--]</WARNING_0>
  <WARNING_COUNT>1</WARNING_COUNT>
</RESPONSE>

2015-05-21T09:51:45Z
RequestParameter:  billNo: bill635678058908855468 | startTime:2015-05-21 09:51:45

2015-05-21T09:51:45Z
Array
(
    [MODE] => Q
    [FRMT] => XML
    [VERS] => 0630
    [MERC] => 680000
    [UDF[CUSTOMER_IPAD]] => 109.86.219.121
    [SESS] => sess635678058908855468
    [ORDR] => bill635678058908855468
    [CURR] => EUR
    [PENC] => KHASH
    [PTYP] => CARD
    [PTOK] => 4918912GXE0BUP1QG8K5
    [IPAD] => 109.86.219.121
    [MACK] => Y
    [AUTH] => A
    [PROD_DESC[0]] => Binary Trade
    [PROD_TYPE[0]] => Binary Trade
    [PROD_ITEM[0]] => SKU-BML-BinaryTrade
    [PROD_QUANT[0]] => 1
    [PROD_PRICE[0]] => 1000
    [TOTL] => 1000
    [SITE] => VERT001
    [UDF[MERCHANT_ID]] => 10001MERGTSHOL1
    [NAME] => Juan Dela Cruz
    [B2A1] => address
    [B2CC] => UA
    [B2CI] => LosAngeles
    [B2PC] => 5999
    [B2PN] => 454 546546
    [B2ST] => MH
    [S2A1] => 
    [S2CC] => 
    [S2CI] => 
    [S2EM] => 
    [S2NM] =>  
    [S2PC] => 
    [S2PN] => 
    [S2ST] => 
    [SHTP] => 
    [CASH] => 10
    [DOB] => --
    [GENDER] => M
    [EMAL] => JUANDCDECLINE@EXAMPLE.COM
)


2015-05-21T09:51:46Z
ResponseParameter:  billNo: bill635678058908855468 | endTime:2015-05-21 09:51:46

2015-05-21T09:51:46Z
<?xml version="1.0" encoding="UTF-8"?>
<RESPONSE>
  <VERS>0630</VERS>
  <MODE>Q</MODE>
  <TRAN>30T902MYKKPM</TRAN>
  <MERC>680000</MERC>
  <SESS>sess635678058908855468</SESS>
  <ORDR>bill635678058908855468</ORDR>
  <AUTO>D</AUTO>
  <SCOR>29</SCOR>
  <GEOX>UA</GEOX>
  <BRND>VISA</BRND>
  <REGN>UA_07</REGN>
  <NETW>N</NETW>
  <KAPT>Y</KAPT>
  <CARDS>1</CARDS>
  <DEVICES>1</DEVICES>
  <EMAILS>1</EMAILS>
  <VELO>0</VELO>
  <VMAX>0</VMAX>
  <SITE>VERT001</SITE>
  <DEVICE_LAYERS>C54384EA10.70C608891B.73071D3205.9A7B656354.A4B997FB3E</DEVICE_LAYERS>
  <FINGERPRINT>D71B308BF955FE29ABC7A7684E9B5EC5</FINGERPRINT>
  <TIMEZONE>1260</TIMEZONE>
  <LOCALTIME>2015-05-21 12:52</LOCALTIME>
  <REGION>UA_07</REGION>
  <COUNTRY>UA</COUNTRY>
  <PROXY>N</PROXY>
  <JAVASCRIPT>Y</JAVASCRIPT>
  <FLASH>Y</FLASH>
  <COOKIES>Y</COOKIES>
  <HTTP_COUNTRY>RU</HTTP_COUNTRY>
  <LANGUAGE>RU</LANGUAGE>
  <MOBILE_DEVICE>N</MOBILE_DEVICE>
  <MOBILE_TYPE></MOBILE_TYPE>
  <MOBILE_FORWARDER>N</MOBILE_FORWARDER>
  <VOICE_DEVICE>N</VOICE_DEVICE>
  <PC_REMOTE>N</PC_REMOTE>
  <RULES_TRIGGERED>7</RULES_TRIGGERED>
  <RULE_ID_0>772996</RULE_ID_0>
  <RULE_DESCRIPTION_0>GEO BIN and Device Country not equal (1pt)</RULE_DESCRIPTION_0>
  <RULE_ID_1>772998</RULE_ID_1>
  <RULE_DESCRIPTION_1>GEO Billing &lt;&gt; BIN Country (1pt)</RULE_DESCRIPTION_1>
  <RULE_ID_2>773002</RULE_ID_2>
  <RULE_DESCRIPTION_2>FRAUD_SCRD GEO Counter Triggered (5pts)</RULE_DESCRIPTION_2>
  <RULE_ID_3>773010</RULE_ID_3>
  <RULE_DESCRIPTION_3>FRAUD_SCRD Network Chargeback Exists (5pts)</RULE_DESCRIPTION_3>
  <RULE_ID_4>772980</RULE_ID_4>
  <RULE_DESCRIPTION_4>Decline Merchant Chargebacks &gt;1</RULE_DESCRIPTION_4>
  <RULE_ID_5>773024</RULE_ID_5>
  <RULE_DESCRIPTION_5>Decline VIP List</RULE_DESCRIPTION_5>
  <RULE_ID_6>793142</RULE_ID_6>
  <RULE_DESCRIPTION_6>Decline Customer Email Validation</RULE_DESCRIPTION_6>
  <COUNTERS_TRIGGERED>2</COUNTERS_TRIGGERED>
  <COUNTER_NAME_0>GEO</COUNTER_NAME_0>
  <COUNTER_VALUE_0>2</COUNTER_VALUE_0>
  <COUNTER_NAME_1>FRAUD_SCRD</COUNTER_NAME_1>
  <COUNTER_VALUE_1>10</COUNTER_VALUE_1>
  <REASON_CODE></REASON_CODE>
  <MASTERCARD></MASTERCARD>
  <DDFS>2015-03-26</DDFS>
  <DSR>1200x1920</DSR>
  <UAS>Mozilla/5.0 (Windows NT 6.1; WOW64) AppleWebKit/537.36 (KHTML, like Gecko) Chrome/42.0.2311.152 Safari/537.36</UAS>
  <BROWSER>Chrome 42.0.2311.152</BROWSER>
  <OS>Windows 7</OS>
  <PIP_IPAD></PIP_IPAD>
  <PIP_LAT></PIP_LAT>
  <PIP_LON></PIP_LON>
  <PIP_COUNTRY></PIP_COUNTRY>
  <PIP_REGION></PIP_REGION>
  <PIP_CITY></PIP_CITY>
  <PIP_ORG></PIP_ORG>
  <IP_IPAD>109.86.219.121</IP_IPAD>
  <IP_LAT>49.9808</IP_LAT>
  <IP_LON>36.2527</IP_LON>
  <IP_COUNTRY>UA</IP_COUNTRY>
  <IP_REGION>Kharkivska Oblast</IP_REGION>
  <IP_CITY></IP_CITY>
  <IP_ORG>TRIOLAN</IP_ORG>
  <WARNING_0>399 BAD_OPTN Cause: [value [--] did not match regex /^((19|20)\d\d-(0[1-9]|1[012])-(0[1-9]|[12][0-9]|3[01]))?$/], Field: [DOB], Value: [--]</WARNING_0>
  <WARNING_COUNT>1</WARNING_COUNT>
</RESPONSE>

2015-05-21T09:52:24Z
RequestParameter:  billNo: bill635678059384716379 | startTime:2015-05-21 09:52:24

2015-05-21T09:52:24Z
Array
(
    [MODE] => Q
    [FRMT] => XML
    [VERS] => 0630
    [MERC] => 680000
    [UDF[CUSTOMER_IPAD]] => 109.86.219.121
    [SESS] => sess635678059384716379
    [ORDR] => bill635678059384716379
    [CURR] => EUR
    [PENC] => KHASH
    [PTYP] => CARD
    [PTOK] => 4918912GXE0BUP1QG8K5
    [IPAD] => 109.86.219.121
    [MACK] => Y
    [AUTH] => A
    [PROD_DESC[0]] => Binary Trade
    [PROD_TYPE[0]] => Binary Trade
    [PROD_ITEM[0]] => SKU-BML-BinaryTrade
    [PROD_QUANT[0]] => 1
    [PROD_PRICE[0]] => 1000
    [TOTL] => 1000
    [SITE] => VERT001
    [UDF[MERCHANT_ID]] => 10001MERGTSHOL1
    [NAME] => Juan Dela Cruz
    [B2A1] => df
    [B2CC] => US
    [B2CI] => LosAngeles
    [B2PC] => 5999
    [B2PN] => 454 546546
    [B2ST] => MH
    [S2A1] => 
    [S2CC] => 
    [S2CI] => 
    [S2EM] => 
    [S2NM] =>  
    [S2PC] => 
    [S2PN] => 
    [S2ST] => 
    [SHTP] => 
    [CASH] => 10
    [DOB] => --
    [GENDER] => M
    [EMAL] => JUANDCDECLINE@EXAMPLE.COM
)


2015-05-21T09:52:25Z
ResponseParameter:  billNo: bill635678059384716379 | endTime:2015-05-21 09:52:25

2015-05-21T09:52:25Z
<?xml version="1.0" encoding="UTF-8"?>
<RESPONSE>
  <VERS>0630</VERS>
  <MODE>Q</MODE>
  <TRAN>30T90YQ1NKHZ</TRAN>
  <MERC>680000</MERC>
  <SESS>sess635678059384716379</SESS>
  <ORDR>bill635678059384716379</ORDR>
  <AUTO>D</AUTO>
  <SCOR>50</SCOR>
  <GEOX>UA</GEOX>
  <BRND>VISA</BRND>
  <REGN>UA_07</REGN>
  <NETW>N</NETW>
  <KAPT>Y</KAPT>
  <CARDS>1</CARDS>
  <DEVICES>1</DEVICES>
  <EMAILS>1</EMAILS>
  <VELO>0</VELO>
  <VMAX>0</VMAX>
  <SITE>VERT001</SITE>
  <DEVICE_LAYERS>C54384EA10.70C608891B.73071D3205.9A7B656354.A4B997FB3E</DEVICE_LAYERS>
  <FINGERPRINT>D71B308BF955FE29ABC7A7684E9B5EC5</FINGERPRINT>
  <TIMEZONE>1260</TIMEZONE>
  <LOCALTIME>2015-05-21 12:52</LOCALTIME>
  <REGION>UA_07</REGION>
  <COUNTRY>UA</COUNTRY>
  <PROXY>N</PROXY>
  <JAVASCRIPT>Y</JAVASCRIPT>
  <FLASH>Y</FLASH>
  <COOKIES>Y</COOKIES>
  <HTTP_COUNTRY>RU</HTTP_COUNTRY>
  <LANGUAGE>RU</LANGUAGE>
  <MOBILE_DEVICE>N</MOBILE_DEVICE>
  <MOBILE_TYPE></MOBILE_TYPE>
  <MOBILE_FORWARDER>N</MOBILE_FORWARDER>
  <VOICE_DEVICE>N</VOICE_DEVICE>
  <PC_REMOTE>N</PC_REMOTE>
  <RULES_TRIGGERED>9</RULES_TRIGGERED>
  <RULE_ID_0>772992</RULE_ID_0>
  <RULE_DESCRIPTION_0>GEO Billing &lt;&gt; Device Country (1pt)</RULE_DESCRIPTION_0>
  <RULE_ID_1>772994</RULE_ID_1>
  <RULE_DESCRIPTION_1>GEO  Distance from Device to Billing &gt; 1000km (1pt)</RULE_DESCRIPTION_1>
  <RULE_ID_2>772996</RULE_ID_2>
  <RULE_DESCRIPTION_2>GEO BIN and Device Country not equal (1pt)</RULE_DESCRIPTION_2>
  <RULE_ID_3>772998</RULE_ID_3>
  <RULE_DESCRIPTION_3>GEO Billing &lt;&gt; BIN Country (1pt)</RULE_DESCRIPTION_3>
  <RULE_ID_4>773002</RULE_ID_4>
  <RULE_DESCRIPTION_4>FRAUD_SCRD GEO Counter Triggered (5pts)</RULE_DESCRIPTION_4>
  <RULE_ID_5>773010</RULE_ID_5>
  <RULE_DESCRIPTION_5>FRAUD_SCRD Network Chargeback Exists (5pts)</RULE_DESCRIPTION_5>
  <RULE_ID_6>772980</RULE_ID_6>
  <RULE_DESCRIPTION_6>Decline Merchant Chargebacks &gt;1</RULE_DESCRIPTION_6>
  <RULE_ID_7>773024</RULE_ID_7>
  <RULE_DESCRIPTION_7>Decline VIP List</RULE_DESCRIPTION_7>
  <RULE_ID_8>793142</RULE_ID_8>
  <RULE_DESCRIPTION_8>Decline Customer Email Validation</RULE_DESCRIPTION_8>
  <COUNTERS_TRIGGERED>2</COUNTERS_TRIGGERED>
  <COUNTER_NAME_0>GEO</COUNTER_NAME_0>
  <COUNTER_VALUE_0>4</COUNTER_VALUE_0>
  <COUNTER_NAME_1>FRAUD_SCRD</COUNTER_NAME_1>
  <COUNTER_VALUE_1>10</COUNTER_VALUE_1>
  <REASON_CODE></REASON_CODE>
  <MASTERCARD></MASTERCARD>
  <DDFS>2015-03-26</DDFS>
  <DSR>1200x1920</DSR>
  <UAS>Mozilla/5.0 (Windows NT 6.1; WOW64) AppleWebKit/537.36 (KHTML, like Gecko) Chrome/42.0.2311.152 Safari/537.36</UAS>
  <BROWSER>Chrome 42.0.2311.152</BROWSER>
  <OS>Windows 7</OS>
  <PIP_IPAD></PIP_IPAD>
  <PIP_LAT></PIP_LAT>
  <PIP_LON></PIP_LON>
  <PIP_COUNTRY></PIP_COUNTRY>
  <PIP_REGION></PIP_REGION>
  <PIP_CITY></PIP_CITY>
  <PIP_ORG></PIP_ORG>
  <IP_IPAD>109.86.219.121</IP_IPAD>
  <IP_LAT>49.9808</IP_LAT>
  <IP_LON>36.2527</IP_LON>
  <IP_COUNTRY>UA</IP_COUNTRY>
  <IP_REGION>Kharkivska Oblast</IP_REGION>
  <IP_CITY></IP_CITY>
  <IP_ORG>TRIOLAN</IP_ORG>
  <WARNING_0>399 BAD_OPTN Cause: [value [--] did not match regex /^((19|20)\d\d-(0[1-9]|1[012])-(0[1-9]|[12][0-9]|3[01]))?$/], Field: [DOB], Value: [--]</WARNING_0>
  <WARNING_COUNT>1</WARNING_COUNT>
</RESPONSE>

2015-05-21T10:02:03Z
RequestParameter:  billNo: bill635678065205775462 | startTime:2015-05-21 10:02:03

2015-05-21T10:02:03Z
Array
(
    [MODE] => Q
    [FRMT] => XML
    [VERS] => 0630
    [MERC] => 680000
    [UDF[CUSTOMER_IPAD]] => 216.226.190.155
    [SESS] => sess635678065205775462
    [ORDR] => bill635678065205775462
    [CURR] => EUR
    [PENC] => KHASH
    [PTYP] => CARD
    [PTOK] => 4918912GXE0BUP1QG8K5
    [IPAD] => 216.226.190.155
    [MACK] => Y
    [AUTH] => A
    [PROD_DESC[0]] => Binary Trade
    [PROD_TYPE[0]] => Binary Trade
    [PROD_ITEM[0]] => SKU-BML-BinaryTrade
    [PROD_QUANT[0]] => 1
    [PROD_PRICE[0]] => 1000
    [TOTL] => 1000
    [SITE] => VERT001
    [UDF[MERCHANT_ID]] => 10001MERGTSHOL1
    [NAME] => Juan Dela Cruz
    [B2A1] => address
    [B2CC] => US
    [B2CI] => LosAngeles
    [B2PC] => 5999
    [B2PN] => 454 546546
    [B2ST] => MH
    [S2A1] => 
    [S2CC] => 
    [S2CI] => 
    [S2EM] => 
    [S2NM] =>  
    [S2PC] => 
    [S2PN] => 
    [S2ST] => 
    [SHTP] => 
    [CASH] => 10
    [DOB] => --
    [GENDER] => M
    [EMAL] => JUANDCDECLINE@EXAMPLE.COM
)


2015-05-21T10:02:06Z
ResponseParameter:  billNo: bill635678065205775462 | endTime:2015-05-21 10:02:06

2015-05-21T10:02:06Z
<?xml version="1.0" encoding="UTF-8"?>
<RESPONSE>
  <VERS>0630</VERS>
  <MODE>Q</MODE>
  <TRAN>30T404JSKKCX</TRAN>
  <MERC>680000</MERC>
  <SESS>sess635678065205775462</SESS>
  <ORDR>bill635678065205775462</ORDR>
  <AUTO>D</AUTO>
  <SCOR>61</SCOR>
  <GEOX>UA</GEOX>
  <BRND>VISA</BRND>
  <REGN>UA_07</REGN>
  <NETW>N</NETW>
  <KAPT>Y</KAPT>
  <CARDS>1</CARDS>
  <DEVICES>1</DEVICES>
  <EMAILS>1</EMAILS>
  <VELO>0</VELO>
  <VMAX>0</VMAX>
  <SITE>VERT001</SITE>
  <DEVICE_LAYERS>C54384EA10.70C608891B.73071D3205.9A7B656354.A4B997FB3E</DEVICE_LAYERS>
  <FINGERPRINT>D71B308BF955FE29ABC7A7684E9B5EC5</FINGERPRINT>
  <TIMEZONE>1260</TIMEZONE>
  <LOCALTIME>2015-05-21 13:02</LOCALTIME>
  <REGION>UA_07</REGION>
  <COUNTRY>UA</COUNTRY>
  <PROXY>N</PROXY>
  <JAVASCRIPT>Y</JAVASCRIPT>
  <FLASH>Y</FLASH>
  <COOKIES>Y</COOKIES>
  <HTTP_COUNTRY>RU</HTTP_COUNTRY>
  <LANGUAGE>RU</LANGUAGE>
  <MOBILE_DEVICE>N</MOBILE_DEVICE>
  <MOBILE_TYPE></MOBILE_TYPE>
  <MOBILE_FORWARDER>N</MOBILE_FORWARDER>
  <VOICE_DEVICE>N</VOICE_DEVICE>
  <PC_REMOTE>N</PC_REMOTE>
  <RULES_TRIGGERED>9</RULES_TRIGGERED>
  <RULE_ID_0>772992</RULE_ID_0>
  <RULE_DESCRIPTION_0>GEO Billing &lt;&gt; Device Country (1pt)</RULE_DESCRIPTION_0>
  <RULE_ID_1>772994</RULE_ID_1>
  <RULE_DESCRIPTION_1>GEO  Distance from Device to Billing &gt; 1000km (1pt)</RULE_DESCRIPTION_1>
  <RULE_ID_2>772996</RULE_ID_2>
  <RULE_DESCRIPTION_2>GEO BIN and Device Country not equal (1pt)</RULE_DESCRIPTION_2>
  <RULE_ID_3>772998</RULE_ID_3>
  <RULE_DESCRIPTION_3>GEO Billing &lt;&gt; BIN Country (1pt)</RULE_DESCRIPTION_3>
  <RULE_ID_4>773002</RULE_ID_4>
  <RULE_DESCRIPTION_4>FRAUD_SCRD GEO Counter Triggered (5pts)</RULE_DESCRIPTION_4>
  <RULE_ID_5>773010</RULE_ID_5>
  <RULE_DESCRIPTION_5>FRAUD_SCRD Network Chargeback Exists (5pts)</RULE_DESCRIPTION_5>
  <RULE_ID_6>772980</RULE_ID_6>
  <RULE_DESCRIPTION_6>Decline Merchant Chargebacks &gt;1</RULE_DESCRIPTION_6>
  <RULE_ID_7>773024</RULE_ID_7>
  <RULE_DESCRIPTION_7>Decline VIP List</RULE_DESCRIPTION_7>
  <RULE_ID_8>793142</RULE_ID_8>
  <RULE_DESCRIPTION_8>Decline Customer Email Validation</RULE_DESCRIPTION_8>
  <COUNTERS_TRIGGERED>2</COUNTERS_TRIGGERED>
  <COUNTER_NAME_0>GEO</COUNTER_NAME_0>
  <COUNTER_VALUE_0>4</COUNTER_VALUE_0>
  <COUNTER_NAME_1>FRAUD_SCRD</COUNTER_NAME_1>
  <COUNTER_VALUE_1>10</COUNTER_VALUE_1>
  <REASON_CODE></REASON_CODE>
  <MASTERCARD></MASTERCARD>
  <DDFS>2015-03-26</DDFS>
  <DSR>1200x1920</DSR>
  <UAS>Mozilla/5.0 (Windows NT 6.1; WOW64) AppleWebKit/537.36 (KHTML, like Gecko) Chrome/42.0.2311.152 Safari/537.36</UAS>
  <BROWSER>Chrome 42.0.2311.152</BROWSER>
  <OS>Windows 7</OS>
  <PIP_IPAD></PIP_IPAD>
  <PIP_LAT></PIP_LAT>
  <PIP_LON></PIP_LON>
  <PIP_COUNTRY></PIP_COUNTRY>
  <PIP_REGION></PIP_REGION>
  <PIP_CITY></PIP_CITY>
  <PIP_ORG></PIP_ORG>
  <IP_IPAD>109.86.219.121</IP_IPAD>
  <IP_LAT>49.9808</IP_LAT>
  <IP_LON>36.2527</IP_LON>
  <IP_COUNTRY>UA</IP_COUNTRY>
  <IP_REGION>Kharkivska Oblast</IP_REGION>
  <IP_CITY></IP_CITY>
  <IP_ORG>TRIOLAN</IP_ORG>
  <WARNING_0>399 BAD_OPTN Cause: [value [--] did not match regex /^((19|20)\d\d-(0[1-9]|1[012])-(0[1-9]|[12][0-9]|3[01]))?$/], Field: [DOB], Value: [--]</WARNING_0>
  <WARNING_COUNT>1</WARNING_COUNT>
</RESPONSE>

