2015-05-18T02:39:56Z
RequestParameter:  Card Number: 5586480000014048 | startTime:2015-05-18 02:39:56

2015-05-18T02:39:56Z
Array
(
    [ptok[5586480000014048]] => D
)


2015-05-18T02:39:59Z
ResponseParameter:  Card Number: 5586480000014048 | startTime:2015-05-18 02:39:59

2015-05-18T02:39:59Z


2015-05-18T02:40:34Z
RequestParameter:  Card Number: 5586480000014048 | startTime:2015-05-18 02:40:34

2015-05-18T02:40:34Z
Array
(
    [ptok[5586480000014048]] => D
)


2015-05-18T02:40:36Z
ResponseParameter:  Card Number: 5586480000014048 | startTime:2015-05-18 02:40:36

2015-05-18T02:40:36Z
<?xml version="1.0" encoding="UTF-8"?>
<response><status>ok</status><count><success>1</success><failure>0</failure></count><errors/><result>2</result></response>


