2015-01-13T08:13:10Z
RequestParameter:  billNo: FlQYk1421136787 | startTime:2015-01-13 08:13:10

2015-01-13T08:13:10Z
https://test.pesopay.com/b2cDemo/eng/directPay/payComp.jsp?payType=N&merchantId=18062075&pMethod=VISA&lang=E&cardHolder=Test%20Name&cardNo=4918914107195005&securityCode=123&epMonth=07&epYear=2015&amount=10&currCode=608&orderRef=FlQYk1421136787&remark=Test

2015-01-13T08:13:12Z
ResponseParameter:  billNo: FlQYk1421136787 | endTime:2015-01-13 08:13:12

2015-01-13T08:13:12Z
successcode=0&Ref=FlQYk1421136787&PayRef=1210070175&Amt=10.0&Cur=608&prc=0&src=0&Ord=12345678&Holder=Test Name&AuthId=070175&TxTime=2015-01-13 16:13:28.0&errMsg=Transaction completed







2015-01-13T12:00:04Z
RequestParameter:  billNo: bxFB81421150403 | startTime:2015-01-13 12:00:04

2015-01-13T12:00:04Z
https://test.pesopay.com/b2cDemo/eng/directPay/payComp.jsp?payType=N&merchantId=18062075&pMethod=VISA&lang=E&cardHolder=dsadsads%20adsads&cardNo=4918914107195005&securityCode=123&epMonth=07&epYear=2015&amount=100&currCode=840&orderRef=bxFB81421150403&remark=test

2015-01-13T12:00:05Z
ResponseParameter:  billNo: bxFB81421150403 | endTime:2015-01-13 12:00:05

2015-01-13T12:00:05Z
successcode=-1&Ref=&PayRef=&Amt=&Cur=&prc=&src=&Ord=&Holder=&AuthId=&TxTime=&errMsg=Parameter currCode incorrect


2015-01-13T12:05:37Z
RequestParameter:  billNo: iUHKo1421150737 | startTime:2015-01-13 12:05:37

2015-01-13T12:05:37Z
https://test.pesopay.com/b2cDemo/eng/directPay/payComp.jsp?payType=N&merchantId=18062075&pMethod=VISA&lang=E&cardHolder=loloy%20patingo&cardNo=4918914107195005&securityCode=123&epMonth=07&epYear=2015&amount=122&currCode=840&orderRef=iUHKo1421150737&remark=test

2015-01-13T12:05:38Z
ResponseParameter:  billNo: iUHKo1421150737 | endTime:2015-01-13 12:05:38

2015-01-13T12:05:38Z
successcode=-1&Ref=&PayRef=&Amt=&Cur=&prc=&src=&Ord=&Holder=&AuthId=&TxTime=&errMsg=Parameter currCode incorrect


2015-01-13T19:50:43Z
RequestParameter:  billNo: Ypg2e1421178643 | startTime:2015-01-13 19:50:43

2015-01-13T19:50:43Z
https://test.pesopay.com/b2cDemo/eng/directPay/payComp.jsp?payType=N&merchantId=18062075&pMethod=VISA&lang=E&cardHolder=Juan%20Dela%20Cruz&cardNo=4918914107195005&securityCode=123&epMonth=06&epYear=2015&amount=10&currCode=608&orderRef=Ypg2e1421178643&remark=Test%20Transaction

2015-01-13T19:50:45Z
ResponseParameter:  billNo: Ypg2e1421178643 | endTime:2015-01-13 19:50:45

2015-01-13T19:50:45Z
successcode=1&Ref=Ypg2e1421178643&PayRef=1210070212&Amt=10.0&Cur=608&prc=-8&src=2001&Ord=12345678&Holder=Juan Dela Cruz&AuthId=&TxTime=2015-01-14 03:51:01.0&errMsg=Transaction failed







2015-01-13T19:51:18Z
RequestParameter:  billNo: xnVJr1421178678 | startTime:2015-01-13 19:51:18

2015-01-13T19:51:18Z
https://test.pesopay.com/b2cDemo/eng/directPay/payComp.jsp?payType=N&merchantId=18062075&pMethod=VISA&lang=E&cardHolder=Juan%20Dela%20Cruz&cardNo=4918914107195005&securityCode=123&epMonth=07&epYear=2015&amount=10&currCode=608&orderRef=xnVJr1421178678&remark=Test%20Transaction

2015-01-13T19:51:19Z
ResponseParameter:  billNo: xnVJr1421178678 | endTime:2015-01-13 19:51:19

2015-01-13T19:51:19Z
successcode=0&Ref=xnVJr1421178678&PayRef=1210070213&Amt=10.0&Cur=608&prc=0&src=0&Ord=12345678&Holder=Juan Dela Cruz&AuthId=070213&TxTime=2015-01-14 03:51:35.0&errMsg=Transaction completed







2015-01-13T19:54:34Z
RequestParameter:  billNo: VSXGt1421178874 | startTime:2015-01-13 19:54:34

2015-01-13T19:54:34Z
https://test.pesopay.com/b2cDemo/eng/directPay/payComp.jsp?payType=N&merchantId=18062075&pMethod=VISA&lang=E&cardHolder=Juan%20Dela%20Cruz&cardNo=4918914107195005&securityCode=123&epMonth=07&epYear=2015&amount=10&currCode=608&orderRef=VSXGt1421178874&remark=Test%20Transaction..

2015-01-13T19:54:35Z
ResponseParameter:  billNo: VSXGt1421178874 | endTime:2015-01-13 19:54:35

2015-01-13T19:54:35Z
successcode=0&Ref=VSXGt1421178874&PayRef=1210070214&Amt=10.0&Cur=608&prc=0&src=0&Ord=12345678&Holder=Juan Dela Cruz&AuthId=070214&TxTime=2015-01-14 03:54:51.0&errMsg=Transaction completed







2015-01-13T19:58:14Z
RequestParameter:  billNo: GAg9x1421179094 | startTime:2015-01-13 19:58:14

2015-01-13T19:58:14Z
https://test.pesopay.com/b2cDemo/eng/directPay/payComp.jsp?payType=N&merchantId=18062075&pMethod=VISA&lang=E&cardHolder=Juan%20Dela%20Cruz&cardNo=4918914107195005&securityCode=123&epMonth=07&epYear=2015&amount=20&currCode=608&orderRef=GAg9x1421179094&remark=Test%20Transaction..

2015-01-13T19:58:15Z
ResponseParameter:  billNo: GAg9x1421179094 | endTime:2015-01-13 19:58:15

2015-01-13T19:58:15Z
successcode=0&Ref=GAg9x1421179094&PayRef=1210070216&Amt=20.0&Cur=608&prc=0&src=0&Ord=12345678&Holder=Juan Dela Cruz&AuthId=070216&TxTime=2015-01-14 03:58:32.0&errMsg=Transaction completed







