2015-04-09T02:57:34Z
RequestParameter:  billNo: 3HKX0HZK9DD7 | startTime:2015-04-09 02:57:34

2015-04-09T02:57:34Z
Array
(
    [reason[3HKX0HZK9DD7]] => R1
    [note[3HKX0HZK9DD7]] => *remarks: [test|bankremarks|_|void successfully.|bankresponse|_|resultcode=0|prc=|src=] *psi method [refundapi] *trigger: [transaction refund]
)


2015-04-09T02:57:36Z
RequestParameter:  billNo: 3HKX0HZK9DD7 | startTime:2015-04-09 02:57:36

2015-04-09T02:57:36Z
<?xml version="1.0" encoding="UTF-8"?>
<response><status>ok</status><count><success>1</success><failure>0</failure></count><errors/><result/></response>


2015-04-09T02:58:47Z
RequestParameter:  billNo: 3HKX0HZK9DD7 | startTime:2015-04-09 02:58:47

2015-04-09T02:58:47Z
Array
(
    [reason[3HKX0HZK9DD7]] => D1
    [note[3HKX0HZK9DD7]] => *remarks: [this is a test pls ignore|bankremarks|_|error: invalid expiry year|bankresponse|_|successcode=-1|prc=|src=] *psi method [refundapi] *trigger: [transaction refund]
)


2015-04-09T02:58:49Z
RequestParameter:  billNo: 3HKX0HZK9DD7 | startTime:2015-04-09 02:58:49

2015-04-09T02:58:49Z
<?xml version="1.0" encoding="UTF-8"?>
<response><status>ok</status><count><success>1</success><failure>0</failure></count><errors/><result/></response>


2015-04-09T03:32:03Z
RequestParameter:  billNo: yvzeW1428550224 | startTime:2015-04-09 03:32:03

2015-04-09T03:32:03Z
Array
(
    [rfcb[3HK90RRCYJC2]] => R
)


2015-04-09T03:32:05Z
ResponseParameter:  billNo: yvzeW1428550224 | endTime:2015-04-09 03:32:05

2015-04-09T03:32:05Z
<?xml version="1.0" encoding="UTF-8"?>
<response><status>ok</status><count><success>1</success><failure>0</failure></count><errors/><result>ok</result></response>


2015-04-09T03:32:27Z
RequestParameter:  billNo: H8pRP1428550294 | startTime:2015-04-09 03:32:27

2015-04-09T03:32:27Z
Array
(
    [rfcb[3HK90YWDYSXT]] => C
)


2015-04-09T03:32:29Z
ResponseParameter:  billNo: H8pRP1428550294 | endTime:2015-04-09 03:32:29

2015-04-09T03:32:29Z
<?xml version="1.0" encoding="UTF-8"?>
<response><status>ok</status><count><success>1</success><failure>0</failure></count><errors/><result>ok</result></response>


