2015-03-04T07:22:41Z
RequestParameter:  billNo: 101198_54f6b2e78f93f | startTime:2015-03-04 07:22:41

2015-03-04T07:22:41Z
https://test.pesopay.com/b2cDemo/eng/directPay/payComp.jsp?payType=N&merchantId=18062075&pMethod=VISA&lang=E&cardHolder=Juan%20Dela%20Cruz&cardNo=4************005&securityCode=***&epMonth=07&epYear=202015&amount=2000&currCode=608&orderRef=101198_54f6b2e78f93f&remark=

2015-03-04T07:22:43Z
ResponseParameter:  billNo: 101198_54f6b2e78f93f | endTime:2015-03-04 07:22:43

2015-03-04T07:22:43Z
successcode=-1&Ref=&PayRef=&Amt=&Cur=&prc=&src=&Ord=&Holder=&AuthId=&TxTime=&errMsg=Parameter expiry year incorrect


2015-03-04T08:10:07Z
RequestParameter:  billNo: 101198_54f6be033d19e | startTime:2015-03-04 08:10:07

2015-03-04T08:10:07Z
https://test.pesopay.com/b2cDemo/eng/directPay/payComp.jsp?payType=N&merchantId=18062075&pMethod=VISA&lang=E&cardHolder=Juan%20Dela%20Cruz&cardNo=4************005&securityCode=***&epMonth=07&epYear=202015&amount=100&currCode=608&orderRef=101198_54f6be033d19e&remark=

2015-03-04T08:10:08Z
ResponseParameter:  billNo: 101198_54f6be033d19e | endTime:2015-03-04 08:10:08

2015-03-04T08:10:08Z
successcode=-1&Ref=&PayRef=&Amt=&Cur=&prc=&src=&Ord=&Holder=&AuthId=&TxTime=&errMsg=Parameter expiry year incorrect


2015-03-04T08:15:45Z
RequestParameter:  billNo: 101198_54f6bf58efb26 | startTime:2015-03-04 08:15:45

2015-03-04T08:15:45Z
https://test.pesopay.com/b2cDemo/eng/directPay/payComp.jsp?payType=N&merchantId=18062075&pMethod=VISA&lang=E&cardHolder=Juan%20Dela%20Cruz&cardNo=4************005&securityCode=***&epMonth=07&epYear=202015&amount=100&currCode=608&orderRef=101198_54f6bf58efb26&remark=

2015-03-04T08:15:46Z
ResponseParameter:  billNo: 101198_54f6bf58efb26 | endTime:2015-03-04 08:15:46

2015-03-04T08:15:46Z
successcode=-1&Ref=&PayRef=&Amt=&Cur=&prc=&src=&Ord=&Holder=&AuthId=&TxTime=&errMsg=Parameter expiry year incorrect


2015-03-04T08:29:21Z
RequestParameter:  billNo: 101198_54f6c28841969 | startTime:2015-03-04 08:29:21

2015-03-04T08:29:21Z
https://test.pesopay.com/b2cDemo/eng/directPay/payComp.jsp?payType=N&merchantId=18062075&pMethod=VISA&lang=E&cardHolder=Juan%20Dela%20Cruz&cardNo=4************005&securityCode=***&epMonth=07&epYear=202015&amount=100&currCode=608&orderRef=101198_54f6c28841969&remark=

2015-03-04T08:29:22Z
ResponseParameter:  billNo: 101198_54f6c28841969 | endTime:2015-03-04 08:29:22

2015-03-04T08:29:22Z
successcode=-1&Ref=&PayRef=&Amt=&Cur=&prc=&src=&Ord=&Holder=&AuthId=&TxTime=&errMsg=Parameter expiry year incorrect


2015-03-04T08:31:17Z
RequestParameter:  billNo: 101198_54f6c2fdbd5d7 | startTime:2015-03-04 08:31:17

2015-03-04T08:31:17Z
https://test.pesopay.com/b2cDemo/eng/directPay/payComp.jsp?payType=N&merchantId=18062075&pMethod=VISA&lang=E&cardHolder=Juan%20Dela%20Cruz&cardNo=4************005&securityCode=***&epMonth=07&epYear=202015&amount=100&currCode=608&orderRef=101198_54f6c2fdbd5d7&remark=

2015-03-04T08:31:18Z
ResponseParameter:  billNo: 101198_54f6c2fdbd5d7 | endTime:2015-03-04 08:31:18

2015-03-04T08:31:18Z
successcode=-1&Ref=&PayRef=&Amt=&Cur=&prc=&src=&Ord=&Holder=&AuthId=&TxTime=&errMsg=Parameter expiry year incorrect


2015-03-04T08:35:01Z
RequestParameter:  billNo: 101198_54f6c3dc1bc12 | startTime:2015-03-04 08:35:01

2015-03-04T08:35:01Z
https://test.pesopay.com/b2cDemo/eng/directPay/payComp.jsp?payType=N&merchantId=18062075&pMethod=VISA&lang=E&cardHolder=Juan%20Dela%20Cruz&cardNo=4************005&securityCode=***&epMonth=07&epYear=202015&amount=100&currCode=608&orderRef=101198_54f6c3dc1bc12&remark=

2015-03-04T08:35:01Z
ResponseParameter:  billNo: 101198_54f6c3dc1bc12 | endTime:2015-03-04 08:35:01

2015-03-04T08:35:01Z
successcode=-1&Ref=&PayRef=&Amt=&Cur=&prc=&src=&Ord=&Holder=&AuthId=&TxTime=&errMsg=Parameter expiry year incorrect


2015-03-04T08:42:43Z
RequestParameter:  billNo: 101198_54f6c5aa5bada | startTime:2015-03-04 08:42:43

2015-03-04T08:42:43Z
https://test.pesopay.com/b2cDemo/eng/directPay/payComp.jsp?payType=N&merchantId=18062075&pMethod=VISA&lang=E&cardHolder=Juan%20Dela%20Cruz&cardNo=4************005&securityCode=***&epMonth=07&epYear=202015&amount=100&currCode=608&orderRef=101198_54f6c5aa5bada&remark=

2015-03-04T08:42:43Z
ResponseParameter:  billNo: 101198_54f6c5aa5bada | endTime:2015-03-04 08:42:43

2015-03-04T08:42:43Z
successcode=-1&Ref=&PayRef=&Amt=&Cur=&prc=&src=&Ord=&Holder=&AuthId=&TxTime=&errMsg=Parameter expiry year incorrect


2015-03-04T08:49:04Z
RequestParameter:  billNo: 101198_54f6c727e2d96 | startTime:2015-03-04 08:49:04

2015-03-04T08:49:04Z
https://test.pesopay.com/b2cDemo/eng/directPay/payComp.jsp?payType=N&merchantId=18062075&pMethod=VISA&lang=E&cardHolder=Juan%20Dela%20Cruz&cardNo=4************005&securityCode=***&epMonth=07&epYear=202015&amount=100&currCode=608&orderRef=101198_54f6c727e2d96&remark=

2015-03-04T08:49:04Z
ResponseParameter:  billNo: 101198_54f6c727e2d96 | endTime:2015-03-04 08:49:04

2015-03-04T08:49:04Z
successcode=-1&Ref=&PayRef=&Amt=&Cur=&prc=&src=&Ord=&Holder=&AuthId=&TxTime=&errMsg=Parameter expiry year incorrect


2015-03-04T08:57:19Z
RequestParameter:  billNo: 101198_54f6c9170e751 | startTime:2015-03-04 08:57:19

2015-03-04T08:57:19Z
https://test.pesopay.com/b2cDemo/eng/directPay/payComp.jsp?payType=N&merchantId=18062075&pMethod=VISA&lang=E&cardHolder=Juan%20Dela%20Cruz&cardNo=4************005&securityCode=***&epMonth=07&epYear=202015&amount=100&currCode=608&orderRef=101198_54f6c9170e751&remark=

2015-03-04T08:57:19Z
ResponseParameter:  billNo: 101198_54f6c9170e751 | endTime:2015-03-04 08:57:19

2015-03-04T08:57:19Z
successcode=-1&Ref=&PayRef=&Amt=&Cur=&prc=&src=&Ord=&Holder=&AuthId=&TxTime=&errMsg=Parameter expiry year incorrect


2015-03-04T08:58:39Z
RequestParameter:  billNo: 101198_54f6c967c130f | startTime:2015-03-04 08:58:39

2015-03-04T08:58:39Z
https://test.pesopay.com/b2cDemo/eng/directPay/payComp.jsp?payType=N&merchantId=18062075&pMethod=VISA&lang=E&cardHolder=Juan%20Dela%20Cruz&cardNo=4************005&securityCode=***&epMonth=07&epYear=202015&amount=100&currCode=608&orderRef=101198_54f6c967c130f&remark=

2015-03-04T08:58:40Z
ResponseParameter:  billNo: 101198_54f6c967c130f | endTime:2015-03-04 08:58:40

2015-03-04T08:58:40Z
successcode=-1&Ref=&PayRef=&Amt=&Cur=&prc=&src=&Ord=&Holder=&AuthId=&TxTime=&errMsg=Parameter expiry year incorrect


2015-03-04T09:02:48Z
RequestParameter:  billNo: 101198_54f6ca6031437 | startTime:2015-03-04 09:02:48

2015-03-04T09:02:48Z
https://test.pesopay.com/b2cDemo/eng/directPay/payComp.jsp?payType=N&merchantId=18062075&pMethod=VISA&lang=E&cardHolder=Juan%20Dela%20Cruz&cardNo=4************005&securityCode=***&epMonth=07&epYear=202015&amount=100&currCode=608&orderRef=101198_54f6ca6031437&remark=

2015-03-04T09:02:48Z
ResponseParameter:  billNo: 101198_54f6ca6031437 | endTime:2015-03-04 09:02:48

2015-03-04T09:02:48Z
successcode=-1&Ref=&PayRef=&Amt=&Cur=&prc=&src=&Ord=&Holder=&AuthId=&TxTime=&errMsg=Parameter expiry year incorrect


2015-03-04T09:03:56Z
RequestParameter:  billNo: 101198_54f6caa442ea6 | startTime:2015-03-04 09:03:56

2015-03-04T09:03:56Z
https://test.pesopay.com/b2cDemo/eng/directPay/payComp.jsp?payType=N&merchantId=18062075&pMethod=VISA&lang=E&cardHolder=Juan%20Dela%20Cruz&cardNo=4************005&securityCode=***&epMonth=07&epYear=202015&amount=100&currCode=608&orderRef=101198_54f6caa442ea6&remark=

2015-03-04T09:03:57Z
ResponseParameter:  billNo: 101198_54f6caa442ea6 | endTime:2015-03-04 09:03:57

2015-03-04T09:03:57Z
successcode=-1&Ref=&PayRef=&Amt=&Cur=&prc=&src=&Ord=&Holder=&AuthId=&TxTime=&errMsg=Parameter expiry year incorrect


2015-03-04T09:04:35Z
RequestParameter:  billNo: 101198_54f6cacb38f68 | startTime:2015-03-04 09:04:35

2015-03-04T09:04:35Z
https://test.pesopay.com/b2cDemo/eng/directPay/payComp.jsp?payType=N&merchantId=18062075&pMethod=VISA&lang=E&cardHolder=Juan%20Dela%20Cruz&cardNo=4************005&securityCode=***&epMonth=07&epYear=202015&amount=100&currCode=608&orderRef=101198_54f6cacb38f68&remark=

2015-03-04T09:04:35Z
ResponseParameter:  billNo: 101198_54f6cacb38f68 | endTime:2015-03-04 09:04:35

2015-03-04T09:04:35Z
successcode=-1&Ref=&PayRef=&Amt=&Cur=&prc=&src=&Ord=&Holder=&AuthId=&TxTime=&errMsg=Parameter expiry year incorrect


2015-03-04T09:09:39Z
RequestParameter:  billNo: 101198_54f6cbfa53fc6 | startTime:2015-03-04 09:09:39

2015-03-04T09:09:39Z
https://test.pesopay.com/b2cDemo/eng/directPay/payComp.jsp?payType=N&merchantId=18062075&pMethod=VISA&lang=E&cardHolder=Juan%20Dela%20Cruz&cardNo=4************005&securityCode=***&epMonth=07&epYear=202015&amount=100&currCode=608&orderRef=101198_54f6cbfa53fc6&remark=

2015-03-04T09:09:39Z
ResponseParameter:  billNo: 101198_54f6cbfa53fc6 | endTime:2015-03-04 09:09:39

2015-03-04T09:09:39Z
successcode=-1&Ref=&PayRef=&Amt=&Cur=&prc=&src=&Ord=&Holder=&AuthId=&TxTime=&errMsg=Parameter expiry year incorrect


2015-03-04T09:14:41Z
RequestParameter:  billNo: 101198_54f6cd28d017b | startTime:2015-03-04 09:14:41

2015-03-04T09:14:41Z
https://test.pesopay.com/b2cDemo/eng/directPay/payComp.jsp?payType=N&merchantId=18062075&pMethod=VISA&lang=E&cardHolder=Juan%20Dela%20Cruz&cardNo=4************005&securityCode=***&epMonth=07&epYear=202015&amount=100&currCode=608&orderRef=101198_54f6cd28d017b&remark=

2015-03-04T09:14:42Z
ResponseParameter:  billNo: 101198_54f6cd28d017b | endTime:2015-03-04 09:14:42

2015-03-04T09:14:42Z
successcode=-1&Ref=&PayRef=&Amt=&Cur=&prc=&src=&Ord=&Holder=&AuthId=&TxTime=&errMsg=Parameter expiry year incorrect


2015-03-04T09:16:37Z
RequestParameter:  billNo: 101198_54f6cd9db6bf9 | startTime:2015-03-04 09:16:37

2015-03-04T09:16:37Z
https://test.pesopay.com/b2cDemo/eng/directPay/payComp.jsp?payType=N&merchantId=18062075&pMethod=VISA&lang=E&cardHolder=Juan%20Dela%20Cruz&cardNo=4************005&securityCode=***&epMonth=07&epYear=202015&amount=100&currCode=608&orderRef=101198_54f6cd9db6bf9&remark=

2015-03-04T09:16:38Z
ResponseParameter:  billNo: 101198_54f6cd9db6bf9 | endTime:2015-03-04 09:16:38

2015-03-04T09:16:38Z
successcode=-1&Ref=&PayRef=&Amt=&Cur=&prc=&src=&Ord=&Holder=&AuthId=&TxTime=&errMsg=Parameter expiry year incorrect


2015-03-04T09:22:37Z
RequestParameter:  billNo: 101198_54f6cf04af4e4 | startTime:2015-03-04 09:22:37

2015-03-04T09:22:37Z
https://test.pesopay.com/b2cDemo/eng/directPay/payComp.jsp?payType=N&merchantId=18062075&pMethod=VISA&lang=E&cardHolder=Juan%20Dela%20Cruz&cardNo=4************005&securityCode=***&epMonth=07&epYear=202015&amount=100&currCode=608&orderRef=101198_54f6cf04af4e4&remark=

2015-03-04T09:22:37Z
ResponseParameter:  billNo: 101198_54f6cf04af4e4 | endTime:2015-03-04 09:22:37

2015-03-04T09:22:37Z
successcode=-1&Ref=&PayRef=&Amt=&Cur=&prc=&src=&Ord=&Holder=&AuthId=&TxTime=&errMsg=Parameter expiry year incorrect


2015-03-04T09:23:52Z
RequestParameter:  billNo: 101198_54f6cf4ebe97b | startTime:2015-03-04 09:23:52

2015-03-04T09:23:52Z
https://test.pesopay.com/b2cDemo/eng/directPay/payComp.jsp?payType=N&merchantId=18062075&pMethod=VISA&lang=E&cardHolder=Juan%20Dela%20Cruz&cardNo=4************005&securityCode=***&epMonth=07&epYear=202015&amount=100&currCode=608&orderRef=101198_54f6cf4ebe97b&remark=

2015-03-04T09:23:52Z
ResponseParameter:  billNo: 101198_54f6cf4ebe97b | endTime:2015-03-04 09:23:52

2015-03-04T09:23:52Z
successcode=-1&Ref=&PayRef=&Amt=&Cur=&prc=&src=&Ord=&Holder=&AuthId=&TxTime=&errMsg=Parameter expiry year incorrect


2015-03-04T09:24:51Z
RequestParameter:  billNo: 101198_54f6cf8b6f160 | startTime:2015-03-04 09:24:51

2015-03-04T09:24:51Z
https://test.pesopay.com/b2cDemo/eng/directPay/payComp.jsp?payType=N&merchantId=18062075&pMethod=VISA&lang=E&cardHolder=Juan%20Dela%20Cruz&cardNo=4************005&securityCode=***&epMonth=07&epYear=202015&amount=100&currCode=608&orderRef=101198_54f6cf8b6f160&remark=

2015-03-04T09:24:52Z
ResponseParameter:  billNo: 101198_54f6cf8b6f160 | endTime:2015-03-04 09:24:52

2015-03-04T09:24:52Z
successcode=-1&Ref=&PayRef=&Amt=&Cur=&prc=&src=&Ord=&Holder=&AuthId=&TxTime=&errMsg=Parameter expiry year incorrect


2015-03-04T09:26:34Z
RequestParameter:  billNo: 101198_54f6cff21da7c | startTime:2015-03-04 09:26:34

2015-03-04T09:26:34Z
https://test.pesopay.com/b2cDemo/eng/directPay/payComp.jsp?payType=N&merchantId=18062075&pMethod=VISA&lang=E&cardHolder=Juan%20Dela%20Cruz&cardNo=4************005&securityCode=***&epMonth=07&epYear=202015&amount=100&currCode=608&orderRef=101198_54f6cff21da7c&remark=

2015-03-04T09:26:35Z
ResponseParameter:  billNo: 101198_54f6cff21da7c | endTime:2015-03-04 09:26:35

2015-03-04T09:26:35Z
successcode=-1&Ref=&PayRef=&Amt=&Cur=&prc=&src=&Ord=&Holder=&AuthId=&TxTime=&errMsg=Parameter expiry year incorrect


2015-03-04T09:32:07Z
RequestParameter:  billNo: 101198_54f6d13f38c12 | startTime:2015-03-04 09:32:07

2015-03-04T09:32:07Z
https://test.pesopay.com/b2cDemo/eng/directPay/payComp.jsp?payType=N&merchantId=18062075&pMethod=VISA&lang=E&cardHolder=Juan%20Dela%20Cruz&cardNo=4************005&securityCode=***&epMonth=07&epYear=202015&amount=100&currCode=608&orderRef=101198_54f6d13f38c12&remark=

2015-03-04T09:32:08Z
ResponseParameter:  billNo: 101198_54f6d13f38c12 | endTime:2015-03-04 09:32:08

2015-03-04T09:32:08Z
successcode=-1&Ref=&PayRef=&Amt=&Cur=&prc=&src=&Ord=&Holder=&AuthId=&TxTime=&errMsg=Parameter expiry year incorrect


2015-03-04T09:33:32Z
RequestParameter:  billNo: 101198_54f6d1943cdfe | startTime:2015-03-04 09:33:32

2015-03-04T09:33:32Z
https://test.pesopay.com/b2cDemo/eng/directPay/payComp.jsp?payType=N&merchantId=18062075&pMethod=VISA&lang=E&cardHolder=Juan%20Dela%20Cruz&cardNo=4************005&securityCode=***&epMonth=07&epYear=202015&amount=100&currCode=608&orderRef=101198_54f6d1943cdfe&remark=

2015-03-04T09:33:32Z
ResponseParameter:  billNo: 101198_54f6d1943cdfe | endTime:2015-03-04 09:33:32

2015-03-04T09:33:32Z
successcode=-1&Ref=&PayRef=&Amt=&Cur=&prc=&src=&Ord=&Holder=&AuthId=&TxTime=&errMsg=Parameter expiry year incorrect


2015-03-04T09:35:08Z
RequestParameter:  billNo: 101198_54f6d1f4909aa | startTime:2015-03-04 09:35:08

2015-03-04T09:35:08Z
https://test.pesopay.com/b2cDemo/eng/directPay/payComp.jsp?payType=N&merchantId=18062075&pMethod=VISA&lang=E&cardHolder=Juan%20Dela%20Cruz&cardNo=4************005&securityCode=***&epMonth=07&epYear=202015&amount=100&currCode=608&orderRef=101198_54f6d1f4909aa&remark=

2015-03-04T09:35:10Z
ResponseParameter:  billNo: 101198_54f6d1f4909aa | endTime:2015-03-04 09:35:10

2015-03-04T09:35:10Z
successcode=-1&Ref=&PayRef=&Amt=&Cur=&prc=&src=&Ord=&Holder=&AuthId=&TxTime=&errMsg=Parameter expiry year incorrect


2015-03-04T09:37:21Z
RequestParameter:  billNo: 101198_54f6d279463fc | startTime:2015-03-04 09:37:21

2015-03-04T09:37:21Z
https://test.pesopay.com/b2cDemo/eng/directPay/payComp.jsp?payType=N&merchantId=18062075&pMethod=VISA&lang=E&cardHolder=Juan%20Dela%20Cruz&cardNo=4************005&securityCode=***&epMonth=07&epYear=202015&amount=100&currCode=608&orderRef=101198_54f6d279463fc&remark=

2015-03-04T09:37:21Z
ResponseParameter:  billNo: 101198_54f6d279463fc | endTime:2015-03-04 09:37:21

2015-03-04T09:37:21Z
successcode=-1&Ref=&PayRef=&Amt=&Cur=&prc=&src=&Ord=&Holder=&AuthId=&TxTime=&errMsg=Parameter expiry year incorrect


2015-03-04T09:41:36Z
RequestParameter:  billNo: 101198_54f6d377df496 | startTime:2015-03-04 09:41:36

2015-03-04T09:41:36Z
https://test.pesopay.com/b2cDemo/eng/directPay/payComp.jsp?payType=N&merchantId=18062075&pMethod=VISA&lang=E&cardHolder=Juan%20Dela%20Cruz&cardNo=4************005&securityCode=***&epMonth=07&epYear=202015&amount=100&currCode=608&orderRef=101198_54f6d377df496&remark=

2015-03-04T09:41:38Z
ResponseParameter:  billNo: 101198_54f6d377df496 | endTime:2015-03-04 09:41:38

2015-03-04T09:41:38Z
successcode=-1&Ref=&PayRef=&Amt=&Cur=&prc=&src=&Ord=&Holder=&AuthId=&TxTime=&errMsg=Parameter expiry year incorrect


2015-03-04T09:42:33Z
RequestParameter:  billNo: 101198_54f6d3b1699ac | startTime:2015-03-04 09:42:33

2015-03-04T09:42:33Z
https://test.pesopay.com/b2cDemo/eng/directPay/payComp.jsp?payType=N&merchantId=18062075&pMethod=VISA&lang=E&cardHolder=Juan%20Dela%20Cruz&cardNo=4************005&securityCode=***&epMonth=07&epYear=202015&amount=100&currCode=608&orderRef=101198_54f6d3b1699ac&remark=

2015-03-04T09:42:35Z
ResponseParameter:  billNo: 101198_54f6d3b1699ac | endTime:2015-03-04 09:42:35

2015-03-04T09:42:35Z
successcode=-1&Ref=&PayRef=&Amt=&Cur=&prc=&src=&Ord=&Holder=&AuthId=&TxTime=&errMsg=Parameter expiry year incorrect


2015-03-04T09:47:53Z
RequestParameter:  billNo: 101198_54f6d4f09f5de | startTime:2015-03-04 09:47:53

2015-03-04T09:47:53Z
https://test.pesopay.com/b2cDemo/eng/directPay/payComp.jsp?payType=N&merchantId=18062075&pMethod=VISA&lang=E&cardHolder=Juan%20Dela%20Cruz&cardNo=4************005&securityCode=***&epMonth=07&epYear=202015&amount=100&currCode=608&orderRef=101198_54f6d4f09f5de&remark=

2015-03-04T09:47:54Z
ResponseParameter:  billNo: 101198_54f6d4f09f5de | endTime:2015-03-04 09:47:54

2015-03-04T09:47:54Z
successcode=-1&Ref=&PayRef=&Amt=&Cur=&prc=&src=&Ord=&Holder=&AuthId=&TxTime=&errMsg=Parameter expiry year incorrect


2015-03-04T09:55:19Z
RequestParameter:  billNo: 101198_54f6d6af1bb56 | startTime:2015-03-04 09:55:19

2015-03-04T09:55:19Z
https://test.pesopay.com/b2cDemo/eng/directPay/payComp.jsp?payType=N&merchantId=18062075&pMethod=VISA&lang=E&cardHolder=Juan%20Dela%20Cruz&cardNo=4************005&securityCode=***&epMonth=07&epYear=202015&amount=100&currCode=608&orderRef=101198_54f6d6af1bb56&remark=

2015-03-04T09:55:19Z
ResponseParameter:  billNo: 101198_54f6d6af1bb56 | endTime:2015-03-04 09:55:19

2015-03-04T09:55:19Z
successcode=-1&Ref=&PayRef=&Amt=&Cur=&prc=&src=&Ord=&Holder=&AuthId=&TxTime=&errMsg=Parameter expiry year incorrect


2015-03-04T09:56:49Z
RequestParameter:  billNo: 101198_54f6d708700e9 | startTime:2015-03-04 09:56:49

2015-03-04T09:56:49Z
https://test.pesopay.com/b2cDemo/eng/directPay/payComp.jsp?payType=N&merchantId=18062075&pMethod=VISA&lang=E&cardHolder=Juan%20Dela%20Cruz&cardNo=4************005&securityCode=***&epMonth=07&epYear=202015&amount=100&currCode=608&orderRef=101198_54f6d708700e9&remark=

2015-03-04T09:56:49Z
ResponseParameter:  billNo: 101198_54f6d708700e9 | endTime:2015-03-04 09:56:49

2015-03-04T09:56:49Z
successcode=-1&Ref=&PayRef=&Amt=&Cur=&prc=&src=&Ord=&Holder=&AuthId=&TxTime=&errMsg=Parameter expiry year incorrect


2015-03-04T09:58:21Z
RequestParameter:  billNo: 101198_54f6d765496a2 | startTime:2015-03-04 09:58:21

2015-03-04T09:58:21Z
https://test.pesopay.com/b2cDemo/eng/directPay/payComp.jsp?payType=N&merchantId=18062075&pMethod=VISA&lang=E&cardHolder=Juan%20Dela%20Cruz&cardNo=4************005&securityCode=***&epMonth=07&epYear=202015&amount=100&currCode=608&orderRef=101198_54f6d765496a2&remark=

2015-03-04T09:58:22Z
ResponseParameter:  billNo: 101198_54f6d765496a2 | endTime:2015-03-04 09:58:22

2015-03-04T09:58:22Z
successcode=-1&Ref=&PayRef=&Amt=&Cur=&prc=&src=&Ord=&Holder=&AuthId=&TxTime=&errMsg=Parameter expiry year incorrect


2015-03-04T09:59:38Z
RequestParameter:  billNo: 101198_54f6d7b1e3953 | startTime:2015-03-04 09:59:38

2015-03-04T09:59:38Z
https://test.pesopay.com/b2cDemo/eng/directPay/payComp.jsp?payType=N&merchantId=18062075&pMethod=VISA&lang=E&cardHolder=Juan%20Dela%20Cruz&cardNo=4************005&securityCode=***&epMonth=07&epYear=202015&amount=100&currCode=608&orderRef=101198_54f6d7b1e3953&remark=

2015-03-04T09:59:38Z
ResponseParameter:  billNo: 101198_54f6d7b1e3953 | endTime:2015-03-04 09:59:38

2015-03-04T09:59:38Z
successcode=-1&Ref=&PayRef=&Amt=&Cur=&prc=&src=&Ord=&Holder=&AuthId=&TxTime=&errMsg=Parameter expiry year incorrect


2015-03-04T10:00:25Z
RequestParameter:  billNo: 101198_54f6d7e0cf4e7 | startTime:2015-03-04 10:00:25

2015-03-04T10:00:25Z
https://test.pesopay.com/b2cDemo/eng/directPay/payComp.jsp?payType=N&merchantId=18062075&pMethod=VISA&lang=E&cardHolder=Juan%20Dela%20Cruz&cardNo=4************005&securityCode=***&epMonth=07&epYear=202015&amount=100&currCode=608&orderRef=101198_54f6d7e0cf4e7&remark=

2015-03-04T10:00:25Z
ResponseParameter:  billNo: 101198_54f6d7e0cf4e7 | endTime:2015-03-04 10:00:25

2015-03-04T10:00:25Z
successcode=-1&Ref=&PayRef=&Amt=&Cur=&prc=&src=&Ord=&Holder=&AuthId=&TxTime=&errMsg=Parameter expiry year incorrect


2015-03-04T10:04:27Z
RequestParameter:  billNo: 101198_54f6d8d2ddd83 | startTime:2015-03-04 10:04:27

2015-03-04T10:04:27Z
https://test.pesopay.com/b2cDemo/eng/directPay/payComp.jsp?payType=N&merchantId=18062075&pMethod=VISA&lang=E&cardHolder=Juan%20Dela%20Cruz&cardNo=4************005&securityCode=***&epMonth=07&epYear=202015&amount=100&currCode=608&orderRef=101198_54f6d8d2ddd83&remark=

2015-03-04T10:04:27Z
ResponseParameter:  billNo: 101198_54f6d8d2ddd83 | endTime:2015-03-04 10:04:27

2015-03-04T10:04:27Z
successcode=-1&Ref=&PayRef=&Amt=&Cur=&prc=&src=&Ord=&Holder=&AuthId=&TxTime=&errMsg=Parameter expiry year incorrect


2015-03-04T10:04:33Z
RequestParameter:  billNo: 101198_54f6d8d97535b | startTime:2015-03-04 10:04:33

2015-03-04T10:04:33Z
https://test.pesopay.com/b2cDemo/eng/directPay/payComp.jsp?payType=N&merchantId=18062075&pMethod=VISA&lang=E&cardHolder=Juan%20Dela%20Cruz&cardNo=4************005&securityCode=***&epMonth=07&epYear=202015&amount=100&currCode=608&orderRef=101198_54f6d8d97535b&remark=

2015-03-04T10:04:33Z
ResponseParameter:  billNo: 101198_54f6d8d97535b | endTime:2015-03-04 10:04:33

2015-03-04T10:04:33Z
successcode=-1&Ref=&PayRef=&Amt=&Cur=&prc=&src=&Ord=&Holder=&AuthId=&TxTime=&errMsg=Parameter expiry year incorrect


2015-03-04T10:07:34Z
RequestParameter:  billNo: 101198_54f6d98ec499e | startTime:2015-03-04 10:07:34

2015-03-04T10:07:34Z
https://test.pesopay.com/b2cDemo/eng/directPay/payComp.jsp?payType=N&merchantId=18062075&pMethod=VISA&lang=E&cardHolder=Juan%20Dela%20Cruz&cardNo=4************005&securityCode=***&epMonth=07&epYear=202015&amount=100&currCode=608&orderRef=101198_54f6d98ec499e&remark=

2015-03-04T10:07:35Z
ResponseParameter:  billNo: 101198_54f6d98ec499e | endTime:2015-03-04 10:07:35

2015-03-04T10:07:35Z
successcode=-1&Ref=&PayRef=&Amt=&Cur=&prc=&src=&Ord=&Holder=&AuthId=&TxTime=&errMsg=Parameter expiry year incorrect


2015-03-04T10:08:43Z
RequestParameter:  billNo: 101198_54f6d9d32925e | startTime:2015-03-04 10:08:43

2015-03-04T10:08:43Z
https://test.pesopay.com/b2cDemo/eng/directPay/payComp.jsp?payType=N&merchantId=18062075&pMethod=VISA&lang=E&cardHolder=Juan%20Dela%20Cruz&cardNo=4************005&securityCode=***&epMonth=07&epYear=202015&amount=100&currCode=608&orderRef=101198_54f6d9d32925e&remark=

2015-03-04T10:08:43Z
ResponseParameter:  billNo: 101198_54f6d9d32925e | endTime:2015-03-04 10:08:43

2015-03-04T10:08:43Z
successcode=-1&Ref=&PayRef=&Amt=&Cur=&prc=&src=&Ord=&Holder=&AuthId=&TxTime=&errMsg=Parameter expiry year incorrect


2015-03-04T10:10:41Z
RequestParameter:  billNo: 101198_54f6da496cc5e | startTime:2015-03-04 10:10:41

2015-03-04T10:10:41Z
https://test.pesopay.com/b2cDemo/eng/directPay/payComp.jsp?payType=N&merchantId=18062075&pMethod=VISA&lang=E&cardHolder=Juan%20Dela%20Cruz&cardNo=4************005&securityCode=***&epMonth=07&epYear=202015&amount=100&currCode=608&orderRef=101198_54f6da496cc5e&remark=

2015-03-04T10:10:42Z
ResponseParameter:  billNo: 101198_54f6da496cc5e | endTime:2015-03-04 10:10:42

2015-03-04T10:10:42Z
successcode=-1&Ref=&PayRef=&Amt=&Cur=&prc=&src=&Ord=&Holder=&AuthId=&TxTime=&errMsg=Parameter expiry year incorrect


2015-03-04T10:12:48Z
RequestParameter:  billNo: 101198_54f6dac8a322c | startTime:2015-03-04 10:12:48

2015-03-04T10:12:48Z
https://test.pesopay.com/b2cDemo/eng/directPay/payComp.jsp?payType=N&merchantId=18062075&pMethod=VISA&lang=E&cardHolder=Juan%20Dela%20Cruz&cardNo=4************005&securityCode=***&epMonth=07&epYear=202015&amount=100&currCode=608&orderRef=101198_54f6dac8a322c&remark=

2015-03-04T10:12:49Z
ResponseParameter:  billNo: 101198_54f6dac8a322c | endTime:2015-03-04 10:12:49

2015-03-04T10:12:49Z
successcode=-1&Ref=&PayRef=&Amt=&Cur=&prc=&src=&Ord=&Holder=&AuthId=&TxTime=&errMsg=Parameter expiry year incorrect


2015-03-04T10:15:06Z
RequestParameter:  billNo: 101198_54f6db52396be | startTime:2015-03-04 10:15:06

2015-03-04T10:15:06Z
https://test.pesopay.com/b2cDemo/eng/directPay/payComp.jsp?payType=N&merchantId=18062075&pMethod=VISA&lang=E&cardHolder=Juan%20Dela%20Cruz&cardNo=4************005&securityCode=***&epMonth=07&epYear=202015&amount=100&currCode=608&orderRef=101198_54f6db52396be&remark=

2015-03-04T10:15:06Z
ResponseParameter:  billNo: 101198_54f6db52396be | endTime:2015-03-04 10:15:06

2015-03-04T10:15:06Z
successcode=-1&Ref=&PayRef=&Amt=&Cur=&prc=&src=&Ord=&Holder=&AuthId=&TxTime=&errMsg=Parameter expiry year incorrect


2015-03-04T10:15:42Z
RequestParameter:  billNo: 101198_54f6db769887f | startTime:2015-03-04 10:15:42

2015-03-04T10:15:42Z
https://test.pesopay.com/b2cDemo/eng/directPay/payComp.jsp?payType=N&merchantId=18062075&pMethod=VISA&lang=E&cardHolder=Juan%20Dela%20Cruz&cardNo=4************005&securityCode=***&epMonth=07&epYear=202015&amount=100&currCode=608&orderRef=101198_54f6db769887f&remark=

2015-03-04T10:15:43Z
ResponseParameter:  billNo: 101198_54f6db769887f | endTime:2015-03-04 10:15:43

2015-03-04T10:15:43Z
successcode=-1&Ref=&PayRef=&Amt=&Cur=&prc=&src=&Ord=&Holder=&AuthId=&TxTime=&errMsg=Parameter expiry year incorrect


2015-03-04T10:16:29Z
RequestParameter:  billNo: 101198_54f6dba51c052 | startTime:2015-03-04 10:16:29

2015-03-04T10:16:29Z
https://test.pesopay.com/b2cDemo/eng/directPay/payComp.jsp?payType=N&merchantId=18062075&pMethod=VISA&lang=E&cardHolder=Juan%20Dela%20Cruz&cardNo=4************005&securityCode=***&epMonth=07&epYear=202015&amount=100&currCode=608&orderRef=101198_54f6dba51c052&remark=

2015-03-04T10:16:29Z
ResponseParameter:  billNo: 101198_54f6dba51c052 | endTime:2015-03-04 10:16:29

2015-03-04T10:16:29Z
successcode=-1&Ref=&PayRef=&Amt=&Cur=&prc=&src=&Ord=&Holder=&AuthId=&TxTime=&errMsg=Parameter expiry year incorrect


2015-03-04T10:19:31Z
RequestParameter:  billNo: 101198_54f6dc5b8d1a9 | startTime:2015-03-04 10:19:31

2015-03-04T10:19:31Z
https://test.pesopay.com/b2cDemo/eng/directPay/payComp.jsp?payType=N&merchantId=18062075&pMethod=VISA&lang=E&cardHolder=Juan%20Dela%20Cruz&cardNo=4************005&securityCode=***&epMonth=07&epYear=202015&amount=100&currCode=608&orderRef=101198_54f6dc5b8d1a9&remark=

2015-03-04T10:19:32Z
ResponseParameter:  billNo: 101198_54f6dc5b8d1a9 | endTime:2015-03-04 10:19:32

2015-03-04T10:19:32Z
successcode=-1&Ref=&PayRef=&Amt=&Cur=&prc=&src=&Ord=&Holder=&AuthId=&TxTime=&errMsg=Parameter expiry year incorrect


2015-03-04T10:26:06Z
RequestParameter:  billNo: 101198_54f6dde675101 | startTime:2015-03-04 10:26:06

2015-03-04T10:26:06Z
https://test.pesopay.com/b2cDemo/eng/directPay/payComp.jsp?payType=N&merchantId=18062075&pMethod=VISA&lang=E&cardHolder=Juan%20Dela%20Cruz&cardNo=4************005&securityCode=***&epMonth=07&epYear=202015&amount=100&currCode=608&orderRef=101198_54f6dde675101&remark=

2015-03-04T10:26:08Z
ResponseParameter:  billNo: 101198_54f6dde675101 | endTime:2015-03-04 10:26:08

2015-03-04T10:26:08Z
successcode=-1&Ref=&PayRef=&Amt=&Cur=&prc=&src=&Ord=&Holder=&AuthId=&TxTime=&errMsg=Parameter expiry year incorrect


2015-03-04T10:26:43Z
RequestParameter:  billNo: 101198_54f6de0b85bc7 | startTime:2015-03-04 10:26:43

2015-03-04T10:26:43Z
https://test.pesopay.com/b2cDemo/eng/directPay/payComp.jsp?payType=N&merchantId=18062075&pMethod=VISA&lang=E&cardHolder=Juan%20Dela%20Cruz&cardNo=4************005&securityCode=***&epMonth=07&epYear=202015&amount=100&currCode=608&orderRef=101198_54f6de0b85bc7&remark=

2015-03-04T10:26:44Z
ResponseParameter:  billNo: 101198_54f6de0b85bc7 | endTime:2015-03-04 10:26:44

2015-03-04T10:26:44Z
successcode=-1&Ref=&PayRef=&Amt=&Cur=&prc=&src=&Ord=&Holder=&AuthId=&TxTime=&errMsg=Parameter expiry year incorrect


2015-03-04T10:36:28Z
RequestParameter:  billNo: 101198_54f6e053cc039 | startTime:2015-03-04 10:36:28

2015-03-04T10:36:28Z
https://test.pesopay.com/b2cDemo/eng/directPay/payComp.jsp?payType=N&merchantId=18062075&pMethod=VISA&lang=E&cardHolder=Juan%20Dela%20Cruz&cardNo=4************005&securityCode=***&epMonth=07&epYear=202015&amount=10&currCode=978&orderRef=101198_54f6e053cc039&remark=

2015-03-04T10:36:29Z
ResponseParameter:  billNo: 101198_54f6e053cc039 | endTime:2015-03-04 10:36:29

2015-03-04T10:36:29Z
successcode=-1&Ref=&PayRef=&Amt=&Cur=&prc=&src=&Ord=&Holder=&AuthId=&TxTime=&errMsg=Parameter expiry year incorrect


2015-03-04T10:43:03Z
RequestParameter:  billNo: 101198_54f6e1dee89d3 | startTime:2015-03-04 10:43:03

2015-03-04T10:43:03Z
https://test.pesopay.com/b2cDemo/eng/directPay/payComp.jsp?payType=N&merchantId=18062075&pMethod=VISA&lang=E&cardHolder=Juan%20Dela%20Cruz&cardNo=4************005&securityCode=***&epMonth=07&epYear=202015&amount=10&currCode=840&orderRef=101198_54f6e1dee89d3&remark=

2015-03-04T10:43:03Z
ResponseParameter:  billNo: 101198_54f6e1dee89d3 | endTime:2015-03-04 10:43:03

2015-03-04T10:43:03Z
successcode=-1&Ref=&PayRef=&Amt=&Cur=&prc=&src=&Ord=&Holder=&AuthId=&TxTime=&errMsg=Parameter expiry year incorrect


2015-03-04T10:43:55Z
RequestParameter:  billNo: 101198_54f6e21295eca | startTime:2015-03-04 10:43:55

2015-03-04T10:43:55Z
https://test.pesopay.com/b2cDemo/eng/directPay/payComp.jsp?payType=N&merchantId=18062075&pMethod=VISA&lang=E&cardHolder=Juan%20Dela%20Cruz&cardNo=4************005&securityCode=***&epMonth=07&epYear=202015&amount=10&currCode=840&orderRef=101198_54f6e21295eca&remark=

2015-03-04T10:43:56Z
ResponseParameter:  billNo: 101198_54f6e21295eca | endTime:2015-03-04 10:43:56

2015-03-04T10:43:56Z
successcode=-1&Ref=&PayRef=&Amt=&Cur=&prc=&src=&Ord=&Holder=&AuthId=&TxTime=&errMsg=Parameter expiry year incorrect


2015-03-04T10:47:32Z
RequestParameter:  billNo: 101198_54f6e2ec71ec3 | startTime:2015-03-04 10:47:32

2015-03-04T10:47:32Z
https://test.pesopay.com/b2cDemo/eng/directPay/payComp.jsp?payType=N&merchantId=18062075&pMethod=VISA&lang=E&cardHolder=Juan%20Dela%20Cruz&cardNo=4************005&securityCode=***&epMonth=07&epYear=2015&amount=10&currCode=840&orderRef=101198_54f6e2ec71ec3&remark=

2015-03-04T10:47:32Z
ResponseParameter:  billNo: 101198_54f6e2ec71ec3 | endTime:2015-03-04 10:47:32

2015-03-04T10:47:32Z
successcode=-1&Ref=&PayRef=&Amt=&Cur=&prc=&src=&Ord=&Holder=&AuthId=&TxTime=&errMsg=Parameter currCode incorrect


2015-03-04T10:48:38Z
RequestParameter:  billNo: 101198_54f6e32d89ddd | startTime:2015-03-04 10:48:38

2015-03-04T10:48:38Z
https://test.pesopay.com/b2cDemo/eng/directPay/payComp.jsp?payType=N&merchantId=18062075&pMethod=VISA&lang=E&cardHolder=Juan%20Dela%20Cruz&cardNo=4************005&securityCode=***&epMonth=07&epYear=2015&amount=10&currCode=608&orderRef=101198_54f6e32d89ddd&remark=

2015-03-04T10:48:38Z
ResponseParameter:  billNo: 101198_54f6e32d89ddd | endTime:2015-03-04 10:48:38

2015-03-04T10:48:38Z
successcode=0&Ref=101198_54f6e32d89ddd&PayRef=1210074390&Amt=10.0&Cur=608&prc=0&src=0&Ord=12345678&Holder=Juan Dela Cruz&AuthId=074390&TxTime=2015-03-04 18:49:21.0&errMsg=Transaction completed







2015-03-04T10:51:04Z
RequestParameter:  billNo: 101198_54f6e3c0bb605 | startTime:2015-03-04 10:51:04

2015-03-04T10:51:04Z
https://test.pesopay.com/b2cDemo/eng/directPay/payComp.jsp?payType=N&merchantId=18062075&pMethod=VISA&lang=E&cardHolder=Juan%20Dela%20Cruz&cardNo=4************005&securityCode=***&epMonth=07&epYear=2015&amount=10&currCode=608&orderRef=101198_54f6e3c0bb605&remark=

2015-03-04T10:51:05Z
ResponseParameter:  billNo: 101198_54f6e3c0bb605 | endTime:2015-03-04 10:51:05

2015-03-04T10:51:05Z
successcode=0&Ref=101198_54f6e3c0bb605&PayRef=1210074391&Amt=10.0&Cur=608&prc=0&src=0&Ord=12345678&Holder=Juan Dela Cruz&AuthId=074391&TxTime=2015-03-04 18:51:48.0&errMsg=Transaction completed







2015-03-04T11:12:58Z
RequestParameter:  billNo: 101198_54f6e8e14ffc7 | startTime:2015-03-04 11:12:58

2015-03-04T11:12:58Z
https://test.pesopay.com/b2cDemo/eng/directPay/payComp.jsp?payType=N&merchantId=18062075&pMethod=VISA&lang=E&cardHolder=Juan%20Dela+Cruz&cardNo=4************005&securityCode=***&epMonth=07&epYear=2015&amount=10&currCode=608&orderRef=101198_54f6e8e14ffc7&remark=

2015-03-04T11:12:59Z
ResponseParameter:  billNo: 101198_54f6e8e14ffc7 | endTime:2015-03-04 11:12:59

2015-03-04T11:12:59Z
successcode=0&Ref=101198_54f6e8e14ffc7&PayRef=1210074392&Amt=10.0&Cur=608&prc=0&src=0&Ord=12345678&Holder=Juan Dela Cruz&AuthId=074392&TxTime=2015-03-04 19:13:42.0&errMsg=Transaction completed







2015-03-04T11:13:07Z
RequestParameter:  billNo: 101198_54f6e8e9a0d65 | startTime:2015-03-04 11:13:07

2015-03-04T11:13:07Z
https://test.pesopay.com/b2cDemo/eng/directPay/payComp.jsp?payType=N&merchantId=18062075&pMethod=VISA&lang=E&cardHolder=Juan%20Dela+Cruz&cardNo=4************005&securityCode=***&epMonth=07&epYear=2015&amount=10&currCode=608&orderRef=101198_54f6e8e9a0d65&remark=

2015-03-04T11:13:08Z
ResponseParameter:  billNo: 101198_54f6e8e9a0d65 | endTime:2015-03-04 11:13:08

2015-03-04T11:13:08Z
successcode=0&Ref=101198_54f6e8e9a0d65&PayRef=1210074393&Amt=10.0&Cur=608&prc=0&src=0&Ord=12345678&Holder=Juan Dela Cruz&AuthId=074393&TxTime=2015-03-04 19:13:50.0&errMsg=Transaction completed







2015-03-04T11:13:12Z
RequestParameter:  billNo: 101198_54f6e8ef2b04e | startTime:2015-03-04 11:13:12

2015-03-04T11:13:12Z
https://test.pesopay.com/b2cDemo/eng/directPay/payComp.jsp?payType=N&merchantId=18062075&pMethod=VISA&lang=E&cardHolder=Juan%20Dela+Cruz&cardNo=4************005&securityCode=***&epMonth=07&epYear=2015&amount=10&currCode=608&orderRef=101198_54f6e8ef2b04e&remark=

2015-03-04T11:13:13Z
ResponseParameter:  billNo: 101198_54f6e8ef2b04e | endTime:2015-03-04 11:13:13

2015-03-04T11:13:13Z
successcode=0&Ref=101198_54f6e8ef2b04e&PayRef=1210074394&Amt=10.0&Cur=608&prc=0&src=0&Ord=12345678&Holder=Juan Dela Cruz&AuthId=074394&TxTime=2015-03-04 19:13:55.0&errMsg=Transaction completed







2015-03-04T11:13:16Z
RequestParameter:  billNo: 101198_54f6e8f410570 | startTime:2015-03-04 11:13:16

2015-03-04T11:13:16Z
https://test.pesopay.com/b2cDemo/eng/directPay/payComp.jsp?payType=N&merchantId=18062075&pMethod=VISA&lang=E&cardHolder=Juan%20Dela+Cruz&cardNo=4************005&securityCode=***&epMonth=07&epYear=2015&amount=10&currCode=608&orderRef=101198_54f6e8f410570&remark=

2015-03-04T11:13:16Z
ResponseParameter:  billNo: 101198_54f6e8f410570 | endTime:2015-03-04 11:13:16

2015-03-04T11:13:16Z
successcode=0&Ref=101198_54f6e8f410570&PayRef=1210074395&Amt=10.0&Cur=608&prc=0&src=0&Ord=12345678&Holder=Juan Dela Cruz&AuthId=074395&TxTime=2015-03-04 19:13:59.0&errMsg=Transaction completed







2015-03-04T11:21:09Z
RequestParameter:  billNo: 101198_54f6eacbdc89e | startTime:2015-03-04 11:21:09

2015-03-04T11:21:09Z
https://test.pesopay.com/b2cDemo/eng/directPay/payComp.jsp?payType=N&merchantId=18062075&pMethod=VISA&lang=E&cardHolder=Juan%20Dela+Cruz&cardNo=4************005&securityCode=***&epMonth=07&epYear=2015&amount=10&currCode=608&orderRef=101198_54f6eacbdc89e&remark=

2015-03-04T11:21:10Z
ResponseParameter:  billNo: 101198_54f6eacbdc89e | endTime:2015-03-04 11:21:10

2015-03-04T11:21:10Z
successcode=0&Ref=101198_54f6eacbdc89e&PayRef=1210074396&Amt=10.0&Cur=608&prc=0&src=0&Ord=12345678&Holder=Juan Dela Cruz&AuthId=074396&TxTime=2015-03-04 19:21:52.0&errMsg=Transaction completed







2015-03-04T12:47:16Z
RequestParameter:  billNo: 101198_54f6fefa86efb | startTime:2015-03-04 12:47:16

2015-03-04T12:47:16Z
https://test.pesopay.com/b2cDemo/eng/directPay/payComp.jsp?payType=N&merchantId=18062075&pMethod=VISA&lang=E&cardHolder=Juan%20Dela+Cruz&cardNo=4************005&securityCode=***&epMonth=07&epYear=2015&amount=10&currCode=608&orderRef=101198_54f6fefa86efb&remark=

2015-03-04T12:47:18Z
ResponseParameter:  billNo: 101198_54f6fefa86efb | endTime:2015-03-04 12:47:18

2015-03-04T12:47:18Z
successcode=1&Ref=101198_54f6fefa86efb&PayRef=1210074397&Amt=10.0&Cur=608&prc=1&src=05&Ord=12345678&Holder=Juan Dela Cruz&AuthId=&TxTime=2015-03-04 20:48:01.0&errMsg=Transaction failed







2015-03-04T13:05:59Z
RequestParameter:  billNo: 101198_54f7035dbb280 | startTime:2015-03-04 13:05:59

2015-03-04T13:05:59Z
https://test.pesopay.com/b2cDemo/eng/directPay/payComp.jsp?payType=N&merchantId=18062075&pMethod=VISA&lang=E&cardHolder=Juan%20Dela+Cruz&cardNo=4************005&securityCode=***&epMonth=07&epYear=2015&amount=10&currCode=608&orderRef=101198_54f7035dbb280&remark=

2015-03-04T13:06:01Z
ResponseParameter:  billNo: 101198_54f7035dbb280 | endTime:2015-03-04 13:06:01

2015-03-04T13:06:01Z
successcode=0&Ref=101198_54f7035dbb280&PayRef=1210074398&Amt=10.0&Cur=608&prc=0&src=0&Ord=12345678&Holder=Juan Dela Cruz&AuthId=074398&TxTime=2015-03-04 21:06:43.0&errMsg=Transaction completed







2015-03-04T13:13:35Z
RequestParameter:  billNo: 101198_54f7052706279 | startTime:2015-03-04 13:13:35

2015-03-04T13:13:35Z
https://test.pesopay.com/b2cDemo/eng/directPay/payComp.jsp?payType=N&merchantId=18062075&pMethod=VISA&lang=E&cardHolder=Juan%20Dela+Cruz&cardNo=4************005&securityCode=***&epMonth=07&epYear=2015&amount=10&currCode=608&orderRef=101198_54f7052706279&remark=

2015-03-04T13:13:36Z
ResponseParameter:  billNo: 101198_54f7052706279 | endTime:2015-03-04 13:13:36

2015-03-04T13:13:36Z
successcode=0&Ref=101198_54f7052706279&PayRef=1210074399&Amt=10.0&Cur=608&prc=0&src=0&Ord=12345678&Holder=Juan Dela Cruz&AuthId=074399&TxTime=2015-03-04 21:14:19.0&errMsg=Transaction completed







2015-03-04T13:16:14Z
RequestParameter:  billNo: 101198_54f705c526862 | startTime:2015-03-04 13:16:14

2015-03-04T13:16:14Z
https://test.pesopay.com/b2cDemo/eng/directPay/payComp.jsp?payType=N&merchantId=18062075&pMethod=VISA&lang=E&cardHolder=Juan%20Dela+Cruz&cardNo=4************005&securityCode=***&epMonth=07&epYear=2015&amount=10&currCode=608&orderRef=101198_54f705c526862&remark=

2015-03-04T13:16:15Z
ResponseParameter:  billNo: 101198_54f705c526862 | endTime:2015-03-04 13:16:15

2015-03-04T13:16:15Z
successcode=0&Ref=101198_54f705c526862&PayRef=1210074400&Amt=10.0&Cur=608&prc=0&src=0&Ord=12345678&Holder=Juan Dela Cruz&AuthId=074400&TxTime=2015-03-04 21:16:57.0&errMsg=Transaction completed







2015-03-04T13:20:45Z
RequestParameter:  billNo: 101198_54f706d5546ae | startTime:2015-03-04 13:20:45

2015-03-04T13:20:45Z
https://test.pesopay.com/b2cDemo/eng/directPay/payComp.jsp?payType=N&merchantId=18062075&pMethod=VISA&lang=E&cardHolder=Juan%20Dela+Cruz&cardNo=4************005&securityCode=***&epMonth=07&epYear=2015&amount=10&currCode=608&orderRef=101198_54f706d5546ae&remark=

2015-03-04T13:20:46Z
ResponseParameter:  billNo: 101198_54f706d5546ae | endTime:2015-03-04 13:20:46

2015-03-04T13:20:46Z
successcode=1&Ref=101198_54f706d5546ae&PayRef=1210074401&Amt=10.0&Cur=608&prc=1&src=05&Ord=12345678&Holder=Juan Dela Cruz&AuthId=&TxTime=2015-03-04 21:21:29.0&errMsg=Transaction failed







2015-03-04T13:25:15Z
RequestParameter:  billNo: 101198_54f707e35b734 | startTime:2015-03-04 13:25:15

2015-03-04T13:25:15Z
https://test.pesopay.com/b2cDemo/eng/directPay/payComp.jsp?payType=N&merchantId=18062075&pMethod=VISA&lang=E&cardHolder=Juan%20Dela+Cruz&cardNo=4************005&securityCode=***&epMonth=07&epYear=2015&amount=10&currCode=608&orderRef=101198_54f707e35b734&remark=

2015-03-04T13:25:16Z
ResponseParameter:  billNo: 101198_54f707e35b734 | endTime:2015-03-04 13:25:16

2015-03-04T13:25:16Z
successcode=1&Ref=101198_54f707e35b734&PayRef=1210074402&Amt=10.0&Cur=608&prc=1&src=05&Ord=12345678&Holder=Juan Dela Cruz&AuthId=&TxTime=2015-03-04 21:25:58.0&errMsg=Transaction failed







2015-03-04T13:26:04Z
RequestParameter:  billNo: 101198_54f70813822e0 | startTime:2015-03-04 13:26:04

2015-03-04T13:26:04Z
https://test.pesopay.com/b2cDemo/eng/directPay/payComp.jsp?payType=N&merchantId=18062075&pMethod=VISA&lang=E&cardHolder=Juan%20Dela+Cruz&cardNo=4************005&securityCode=***&epMonth=07&epYear=2015&amount=10&currCode=608&orderRef=101198_54f70813822e0&remark=

2015-03-04T13:26:04Z
ResponseParameter:  billNo: 101198_54f70813822e0 | endTime:2015-03-04 13:26:04

2015-03-04T13:26:04Z
successcode=0&Ref=101198_54f70813822e0&PayRef=1210074403&Amt=10.0&Cur=608&prc=0&src=0&Ord=12345678&Holder=Juan Dela Cruz&AuthId=074403&TxTime=2015-03-04 21:26:47.0&errMsg=Transaction completed







