2015-12-06T03:46:09Z
RequestParameter:  billNo: 6O7Mv1449373567 | startTime:2015-12-06 03:46:09

2015-12-06T03:46:09Z


2015-12-06T03:46:09Z
Array
(
)


2015-12-06T03:46:09Z
ResponseParameter:  billNo: 6O7Mv1449373567 | endTime:2015-12-06 03:46:09

2015-12-06T03:46:09Z
Array
(
    [rc] => 0
    [message] => success
    [data] => {"operation":"01","resultCode":"0","errorCode":"0","cid":"11631","payNo":"6O7Mv1449373567","billAmount":"10","createdAt":"20151206114607","billCurrency":"USD","tid":117598001449373569,"comment":"Success","signInfo":"C402EDCCD1DDF822FB9AB2A36B0B00C1","billingDescriptor":"NA"}
)


2015-12-06T03:48:56Z
RequestParameter:  billNo: yDQjZ1449373734 | startTime:2015-12-06 03:48:56

2015-12-06T03:48:56Z


2015-12-06T03:48:56Z
Array
(
)


2015-12-06T03:48:56Z
ResponseParameter:  billNo: yDQjZ1449373734 | endTime:2015-12-06 03:48:56

2015-12-06T03:48:56Z
Array
(
    [rc] => 0
    [message] => success
    [data] => {"operation":"01","resultCode":"0","errorCode":"0","cid":"11631","payNo":"yDQjZ1449373734","billAmount":"10","createdAt":"20151206114854","billCurrency":"USD","tid":024840001449373736,"comment":"Success","signInfo":"C402EDCCD1DDF822FB9AB2A36B0B00C1","billingDescriptor":"NA"}
)


2015-12-06T03:54:46Z
RequestParameter:  billNo: vQFAg1449374083 | startTime:2015-12-06 03:54:46

2015-12-06T03:54:46Z


2015-12-06T03:54:46Z
Array
(
)


2015-12-06T03:54:46Z
ResponseParameter:  billNo: vQFAg1449374083 | endTime:2015-12-06 03:54:46

2015-12-06T03:54:46Z
Array
(
    [rc] => 0
    [message] => success
    [data] => {"operation":"01","resultCode":"0","errorCode":"0","cid":"11631","payNo":"vQFAg1449374083","billAmount":"10","createdAt":"20151206115443","billCurrency":"USD","tid":451727001449374086,"comment":"Success","signInfo":"C402EDCCD1DDF822FB9AB2A36B0B00C1","billingDescriptor":"NA"}
)


2015-12-06T03:55:36Z
RequestParameter:  billNo: ksY851449374134 | startTime:2015-12-06 03:55:36

2015-12-06T03:55:36Z


2015-12-06T03:55:36Z
Array
(
)


2015-12-06T03:55:36Z
ResponseParameter:  billNo: ksY851449374134 | endTime:2015-12-06 03:55:36

2015-12-06T03:55:36Z
Array
(
    [rc] => 0
    [message] => success
    [data] => {"operation":"01","resultCode":"0","errorCode":"0","cid":"11631","payNo":"ksY851449374134","billAmount":"10","createdAt":"20151206115534","billCurrency":"USD","tid":429090001449374136,"comment":"Success","signInfo":"C402EDCCD1DDF822FB9AB2A36B0B00C1","billingDescriptor":"NA"}
)


2015-12-06T03:56:43Z
RequestParameter:  billNo: HRP0D1449374200 | startTime:2015-12-06 03:56:43

2015-12-06T03:56:43Z


2015-12-06T03:56:43Z
Array
(
)


2015-12-06T03:56:43Z
ResponseParameter:  billNo: HRP0D1449374200 | endTime:2015-12-06 03:56:43

2015-12-06T03:56:43Z
Array
(
    [rc] => 0
    [message] => success
    [data] => {"operation":"01","resultCode":"0","errorCode":"0","cid":"11631","payNo":"HRP0D1449374200","billAmount":"10","createdAt":"20151206115640","billCurrency":"USD","tid":150618001449374203,"comment":"Success","signInfo":"C402EDCCD1DDF822FB9AB2A36B0B00C1","billingDescriptor":"NA"}
)


2015-12-06T04:00:09Z
RequestParameter:  billNo: EBvIK1449374406 | startTime:2015-12-06 04:00:09

2015-12-06T04:00:09Z


2015-12-06T04:00:09Z
Array
(
)


2015-12-06T04:00:09Z
ResponseParameter:  billNo: EBvIK1449374406 | endTime:2015-12-06 04:00:09

2015-12-06T04:00:09Z
Array
(
    [rc] => 0
    [message] => success
    [data] => {"operation":"01","resultCode":"0","errorCode":"0","cid":"11631","payNo":"EBvIK1449374406","billAmount":"10","createdAt":"20151206120006","billCurrency":"USD","tid":716082001449374409,"comment":"Success","signInfo":"C402EDCCD1DDF822FB9AB2A36B0B00C1","billingDescriptor":"NA"}
)


2015-12-06T04:00:56Z
RequestParameter:  billNo: YOfT81449374454 | startTime:2015-12-06 04:00:56

2015-12-06T04:00:56Z


2015-12-06T04:00:56Z
Array
(
)


2015-12-06T04:00:56Z
ResponseParameter:  billNo: YOfT81449374454 | endTime:2015-12-06 04:00:56

2015-12-06T04:00:56Z
Array
(
    [rc] => 0
    [message] => success
    [data] => {"operation":"01","resultCode":"0","errorCode":"0","cid":"11631","payNo":"YOfT81449374454","billAmount":"10","createdAt":"20151206120054","billCurrency":"USD","tid":100334001449374456,"comment":"Success","signInfo":"C402EDCCD1DDF822FB9AB2A36B0B00C1","billingDescriptor":"NA"}
)


2015-12-06T04:14:56Z
RequestParameter:  billNo: 1QuUp1449375294 | startTime:2015-12-06 04:14:56

2015-12-06T04:14:56Z


2015-12-06T04:14:56Z
Array
(
)


2015-12-06T04:14:57Z
ResponseParameter:  billNo: 1QuUp1449375294 | endTime:2015-12-06 04:14:57

2015-12-06T04:14:57Z
Array
(
    [rc] => 999
    [message] => Failed
    [data] => {"operation":"01","resultCode":"1","errorCode":"76","cid":"11631","payNo":"1QuUp1449375294","billAmount":"10","createdAt":"20151206121454","billCurrency":"USD","tid":998016001449375296,"comment":"Wrong card info. Wrong cvv or expired card","signInfo":"C402EDCCD1DDF822FB9AB2A36B0B00C1","billingDescriptor":"NA"}
)


2015-12-06T04:15:05Z
RequestParameter:  billNo: CP9IQ1449375303 | startTime:2015-12-06 04:15:05

2015-12-06T04:15:05Z


2015-12-06T04:15:05Z
Array
(
)


2015-12-06T04:15:05Z
ResponseParameter:  billNo: CP9IQ1449375303 | endTime:2015-12-06 04:15:05

2015-12-06T04:15:05Z
Array
(
    [rc] => 999
    [message] => Failed
    [data] => {"operation":"01","resultCode":"1","errorCode":"76","cid":"11631","payNo":"CP9IQ1449375303","billAmount":"10","createdAt":"20151206121503","billCurrency":"USD","tid":138497001449375305,"comment":"Wrong card info. Wrong cvv or expired card","signInfo":"C402EDCCD1DDF822FB9AB2A36B0B00C1","billingDescriptor":"NA"}
)


2015-12-06T04:16:08Z
RequestParameter:  billNo: wECe41449375367 | startTime:2015-12-06 04:16:08

2015-12-06T04:16:08Z


2015-12-06T04:16:08Z
Array
(
)


2015-12-06T04:16:08Z
ResponseParameter:  billNo: wECe41449375367 | endTime:2015-12-06 04:16:08

2015-12-06T04:16:08Z
Array
(
    [rc] => 999
    [message] => Failed
    [data] => {"operation":"01","resultCode":"1","errorCode":"76","cid":"11631","payNo":"wECe41449375367","billAmount":"10","createdAt":"20151206121607","billCurrency":"USD","tid":689467001449375368,"comment":"Wrong card info. Wrong cvv or expired card","signInfo":"C402EDCCD1DDF822FB9AB2A36B0B00C1","billingDescriptor":"NA"}
)


2015-12-06T04:45:13Z
RequestParameter:  billNo: eWFLU1449377111 | startTime:2015-12-06 04:45:13

2015-12-06T04:45:13Z


2015-12-06T04:45:13Z
Array
(
)


2015-12-06T04:45:13Z
ResponseParameter:  billNo: eWFLU1449377111 | endTime:2015-12-06 04:45:13

2015-12-06T04:45:13Z
Array
(
    [rc] => 0
    [message] => success
    [data] => {"operation":"01","resultCode":"0","errorCode":"0","cid":"11631","payNo":"eWFLU1449377111","billAmount":"10","createdAt":"20151206124511","billCurrency":"USD","tid":422822001449377113,"comment":"Success","signInfo":"C402EDCCD1DDF822FB9AB2A36B0B00C1","billingDescriptor":"NA"}
)


