2015-03-20T01:59:42Z
RequestParameter:  billNo: gakL11426816779 | startTime:2015-03-20 01:59:42

2015-03-20T01:59:42Z
https://test.pesopay.com/b2cDemo/eng/directPay/payComp.jsp?payType=N&merchantId=18062075&pMethod=VISA&lang=E&cardHolder=Juan%20Dela%20Cruz&cardNo=4************005&securityCode=***&epMonth=07&epYear=2017&amount=10&currCode=608&orderRef=gakL11426816779&remark=Test%20Transaction..

2015-03-20T01:59:43Z
ResponseParameter:  billNo: gakL11426816779 | endTime:2015-03-20 01:59:43

2015-03-20T01:59:43Z
successcode=1&Ref=gakL11426816779&PayRef=1210075627&Amt=10.0&Cur=608&prc=-8&src=2001&Ord=12345678&Holder=Juan Dela Cruz&AuthId=&TxTime=2015-03-20 09:59:52.0&errMsg=Transaction failed







2015-03-20T04:02:16Z
RequestParameter:  billNo: xSaHr1426824134 | startTime:2015-03-20 04:02:16

2015-03-20T04:02:16Z
https://test.pesopay.com/b2cDemo/eng/directPay/payComp.jsp?payType=N&merchantId=18062075&pMethod=VISA&lang=E&cardHolder=Juan%20Dela%20Cruz&cardNo=4************005&securityCode=***&epMonth=07&epYear=2015&amount=10&currCode=608&orderRef=xSaHr1426824134&remark=Test

2015-03-20T04:02:18Z
ResponseParameter:  billNo: xSaHr1426824134 | endTime:2015-03-20 04:02:18

2015-03-20T04:02:18Z
successcode=0&Ref=xSaHr1426824134&PayRef=1210075631&Amt=10.0&Cur=608&prc=0&src=0&Ord=12345678&Holder=Juan Dela Cruz&AuthId=075631&TxTime=2015-03-20 12:02:27.0&errMsg=Transaction completed







2015-03-20T04:05:11Z
RequestParameter:  billNo: LDbmN1426824310 | startTime:2015-03-20 04:05:11

2015-03-20T04:05:11Z
https://test.pesopay.com/b2cDemo/eng/directPay/payComp.jsp?payType=N&merchantId=18062075&pMethod=Master&lang=E&cardHolder=Juan%20Dela%20Cruz&cardNo=5************491&securityCode=***&epMonth=05&epYear=2024&amount=10&currCode=608&orderRef=LDbmN1426824310&remark=Test

2015-03-20T04:05:13Z
ResponseParameter:  billNo: LDbmN1426824310 | endTime:2015-03-20 04:05:13

2015-03-20T04:05:13Z
successcode=1&Ref=LDbmN1426824310&PayRef=1210075632&Amt=10.0&Cur=608&prc=-8&src=2001&Ord=12345678&Holder=Juan Dela Cruz&AuthId=&TxTime=2015-03-20 12:05:21.0&errMsg=Transaction failed







2015-03-20T04:18:20Z
RequestParameter:  billNo: FD4291426825099 | startTime:2015-03-20 04:18:20

2015-03-20T04:18:20Z
https://test.pesopay.com/b2cDemo/eng/directPay/payComp.jsp?payType=N&merchantId=18062075&pMethod=Master&lang=E&cardHolder=Juan%20Dela%20Cruz&cardNo=5************491&securityCode=***&epMonth=05&epYear=2024&amount=10&currCode=608&orderRef=FD4291426825099&remark=Test

2015-03-20T04:18:21Z
ResponseParameter:  billNo: FD4291426825099 | endTime:2015-03-20 04:18:21

2015-03-20T04:18:21Z
successcode=1&Ref=FD4291426825099&PayRef=1210075633&Amt=10.0&Cur=608&prc=-8&src=2001&Ord=12345678&Holder=Juan Dela Cruz&AuthId=&TxTime=2015-03-20 12:18:30.0&errMsg=Transaction failed







2015-03-20T04:20:03Z
RequestParameter:  billNo: 8Nzub1426825202 | startTime:2015-03-20 04:20:03

2015-03-20T04:20:03Z
https://test.pesopay.com/b2cDemo/eng/directPay/payComp.jsp?payType=N&merchantId=18062075&pMethod=Master&lang=E&cardHolder=Juan%20Dela%20Cruz&cardNo=5************491&securityCode=***&epMonth=05&epYear=2024&amount=10&currCode=608&orderRef=8Nzub1426825202&remark=Test

2015-03-20T04:20:05Z
ResponseParameter:  billNo: 8Nzub1426825202 | endTime:2015-03-20 04:20:05

2015-03-20T04:20:05Z
successcode=1&Ref=8Nzub1426825202&PayRef=1210075634&Amt=10.0&Cur=608&prc=-8&src=2001&Ord=12345678&Holder=Juan Dela Cruz&AuthId=&TxTime=2015-03-20 12:20:14.0&errMsg=Transaction failed







2015-03-20T04:26:08Z
RequestParameter:  billNo: mfvs01426825566 | startTime:2015-03-20 04:26:08

2015-03-20T04:26:08Z
https://test.pesopay.com/b2cDemo/eng/directPay/payComp.jsp?payType=N&merchantId=18062075&pMethod=Master&lang=E&cardHolder=Juan%20Dela%20Cruz&cardNo=5************491&securityCode=***&epMonth=05&epYear=2024&amount=10&currCode=608&orderRef=mfvs01426825566&remark=Test

2015-03-20T04:26:09Z
ResponseParameter:  billNo: mfvs01426825566 | endTime:2015-03-20 04:26:09

2015-03-20T04:26:09Z
successcode=1&Ref=mfvs01426825566&PayRef=1210075635&Amt=10.0&Cur=608&prc=-8&src=2001&Ord=12345678&Holder=Juan Dela Cruz&AuthId=&TxTime=2015-03-20 12:26:17.0&errMsg=Transaction failed







2015-03-20T04:33:55Z
RequestParameter:  billNo: fmzRd1426826033 | startTime:2015-03-20 04:33:55

2015-03-20T04:33:55Z
https://test.pesopay.com/b2cDemo/eng/directPay/payComp.jsp?payType=N&merchantId=18062075&pMethod=Master&lang=E&cardHolder=Juan%20Dela%20Cruz&cardNo=5************491&securityCode=***&epMonth=05&epYear=2024&amount=10&currCode=608&orderRef=fmzRd1426826033&remark=TEST

2015-03-20T04:33:56Z
ResponseParameter:  billNo: fmzRd1426826033 | endTime:2015-03-20 04:33:56

2015-03-20T04:33:56Z
successcode=1&Ref=fmzRd1426826033&PayRef=1210075636&Amt=10.0&Cur=608&prc=-8&src=2001&Ord=12345678&Holder=Juan Dela Cruz&AuthId=&TxTime=2015-03-20 12:34:05.0&errMsg=Transaction failed







2015-03-20T04:34:22Z
RequestParameter:  billNo: 4hig61426826060 | startTime:2015-03-20 04:34:22

2015-03-20T04:34:22Z
https://test.pesopay.com/b2cDemo/eng/directPay/payComp.jsp?payType=N&merchantId=18062075&pMethod=Master&lang=E&cardHolder=Juan%20Dela%20Cruz&cardNo=5************491&securityCode=***&epMonth=05&epYear=2024&amount=10&currCode=608&orderRef=4hig61426826060&remark=TEST

2015-03-20T04:34:23Z
ResponseParameter:  billNo: 4hig61426826060 | endTime:2015-03-20 04:34:23

2015-03-20T04:34:23Z
successcode=1&Ref=4hig61426826060&PayRef=1210075637&Amt=10.0&Cur=608&prc=-8&src=2001&Ord=12345678&Holder=Juan Dela Cruz&AuthId=&TxTime=2015-03-20 12:34:32.0&errMsg=Transaction failed







2015-03-20T04:34:53Z
RequestParameter:  billNo: zCcT81426826091 | startTime:2015-03-20 04:34:53

2015-03-20T04:34:53Z
https://test.pesopay.com/b2cDemo/eng/directPay/payComp.jsp?payType=N&merchantId=18062075&pMethod=Master&lang=E&cardHolder=Juan%20Dela%20Cruz&cardNo=5************491&securityCode=***&epMonth=05&epYear=2024&amount=10&currCode=608&orderRef=zCcT81426826091&remark=TEST

2015-03-20T04:34:54Z
ResponseParameter:  billNo: zCcT81426826091 | endTime:2015-03-20 04:34:54

2015-03-20T04:34:54Z
successcode=1&Ref=zCcT81426826091&PayRef=1210075638&Amt=10.0&Cur=608&prc=-8&src=2001&Ord=12345678&Holder=Juan Dela Cruz&AuthId=&TxTime=2015-03-20 12:35:03.0&errMsg=Transaction failed







2015-03-20T04:39:24Z
RequestParameter:  billNo: c1ICN1426826363 | startTime:2015-03-20 04:39:24

2015-03-20T04:39:24Z
https://test.pesopay.com/b2cDemo/eng/directPay/payComp.jsp?payType=N&merchantId=18062075&pMethod=Master&lang=E&cardHolder=Juan%20Dela%20Cruz&cardNo=5************491&securityCode=***&epMonth=05&epYear=2024&amount=10&currCode=608&orderRef=c1ICN1426826363&remark=TEST

2015-03-20T04:39:25Z
ResponseParameter:  billNo: c1ICN1426826363 | endTime:2015-03-20 04:39:25

2015-03-20T04:39:25Z
successcode=1&Ref=c1ICN1426826363&PayRef=1210075639&Amt=10.0&Cur=608&prc=-8&src=2001&Ord=12345678&Holder=Juan Dela Cruz&AuthId=&TxTime=2015-03-20 12:39:34.0&errMsg=Transaction failed







2015-03-20T04:42:20Z
RequestParameter:  billNo: 4Sjdx1426826538 | startTime:2015-03-20 04:42:20

2015-03-20T04:42:20Z
https://test.pesopay.com/b2cDemo/eng/directPay/payComp.jsp?payType=N&merchantId=18062075&pMethod=VISA&lang=E&cardHolder=Juan%20Dela%20Cruz&cardNo=4************005&securityCode=***&epMonth=07&epYear=2015&amount=10&currCode=608&orderRef=4Sjdx1426826538&remark=TEST

2015-03-20T04:42:21Z
ResponseParameter:  billNo: 4Sjdx1426826538 | endTime:2015-03-20 04:42:21

2015-03-20T04:42:21Z
successcode=0&Ref=4Sjdx1426826538&PayRef=1210075640&Amt=10.0&Cur=608&prc=0&src=0&Ord=12345678&Holder=Juan Dela Cruz&AuthId=075640&TxTime=2015-03-20 12:42:30.0&errMsg=Transaction completed







2015-03-20T04:43:43Z
RequestParameter:  billNo: iDK891426826622 | startTime:2015-03-20 04:43:43

2015-03-20T04:43:43Z
https://test.pesopay.com/b2cDemo/eng/directPay/payComp.jsp?payType=N&merchantId=18062075&pMethod=Master&lang=E&cardHolder=Juan%20Dela%20Cruz&cardNo=5************491&securityCode=***&epMonth=05&epYear=2024&amount=10&currCode=608&orderRef=iDK891426826622&remark=Test

2015-03-20T04:43:44Z
ResponseParameter:  billNo: iDK891426826622 | endTime:2015-03-20 04:43:44

2015-03-20T04:43:44Z
successcode=1&Ref=iDK891426826622&PayRef=1210075641&Amt=10.0&Cur=608&prc=-8&src=2001&Ord=12345678&Holder=Juan Dela Cruz&AuthId=&TxTime=2015-03-20 12:43:52.0&errMsg=Transaction failed







2015-03-20T04:45:01Z
RequestParameter:  billNo: hSqA11426826697 | startTime:2015-03-20 04:45:01

2015-03-20T04:45:01Z
https://test.pesopay.com/b2cDemo/eng/directPay/payComp.jsp?payType=N&merchantId=18062075&pMethod=Master&lang=E&cardHolder=Juan%20Dela%20Cruz&cardNo=5************491&securityCode=***&epMonth=05&epYear=2024&amount=10&currCode=608&orderRef=hSqA11426826697&remark=Test

2015-03-20T04:45:02Z
ResponseParameter:  billNo: hSqA11426826697 | endTime:2015-03-20 04:45:02

2015-03-20T04:45:02Z
successcode=1&Ref=hSqA11426826697&PayRef=1210075642&Amt=10.0&Cur=608&prc=-8&src=2001&Ord=12345678&Holder=Juan Dela Cruz&AuthId=&TxTime=2015-03-20 12:45:11.0&errMsg=Transaction failed







2015-03-20T04:45:27Z
RequestParameter:  billNo: X6GEo1426826724 | startTime:2015-03-20 04:45:27

2015-03-20T04:45:27Z
https://test.pesopay.com/b2cDemo/eng/directPay/payComp.jsp?payType=N&merchantId=18062075&pMethod=Master&lang=E&cardHolder=Juan%20Dela%20Cruz&cardNo=5************491&securityCode=***&epMonth=05&epYear=2024&amount=10&currCode=608&orderRef=X6GEo1426826724&remark=Test

2015-03-20T04:45:27Z
ResponseParameter:  billNo: X6GEo1426826724 | endTime:2015-03-20 04:45:27

2015-03-20T04:45:27Z
successcode=1&Ref=X6GEo1426826724&PayRef=1210075643&Amt=10.0&Cur=608&prc=-8&src=2001&Ord=12345678&Holder=Juan Dela Cruz&AuthId=&TxTime=2015-03-20 12:45:36.0&errMsg=Transaction failed







2015-03-20T04:46:29Z
RequestParameter:  billNo: NyAkp1426826787 | startTime:2015-03-20 04:46:29

2015-03-20T04:46:29Z
https://test.pesopay.com/b2cDemo/eng/directPay/payComp.jsp?payType=N&merchantId=18062075&pMethod=Master&lang=E&cardHolder=Juan%20Dela%20Cruz&cardNo=5************491&securityCode=***&epMonth=05&epYear=2024&amount=10&currCode=608&orderRef=NyAkp1426826787&remark=Test

2015-03-20T04:46:30Z
ResponseParameter:  billNo: NyAkp1426826787 | endTime:2015-03-20 04:46:30

2015-03-20T04:46:30Z
successcode=1&Ref=NyAkp1426826787&PayRef=1210075644&Amt=10.0&Cur=608&prc=-8&src=2001&Ord=12345678&Holder=Juan Dela Cruz&AuthId=&TxTime=2015-03-20 12:46:38.0&errMsg=Transaction failed







2015-03-20T04:47:14Z
RequestParameter:  billNo: s3jDZ1426826831 | startTime:2015-03-20 04:47:14

2015-03-20T04:47:14Z
https://test.pesopay.com/b2cDemo/eng/directPay/payComp.jsp?payType=N&merchantId=18062075&pMethod=Master&lang=E&cardHolder=Juan%20Dela%20Cruz&cardNo=5************491&securityCode=***&epMonth=05&epYear=2024&amount=10&currCode=608&orderRef=s3jDZ1426826831&remark=Test

2015-03-20T04:47:15Z
ResponseParameter:  billNo: s3jDZ1426826831 | endTime:2015-03-20 04:47:15

2015-03-20T04:47:15Z
successcode=1&Ref=s3jDZ1426826831&PayRef=1210075645&Amt=10.0&Cur=608&prc=-8&src=2001&Ord=12345678&Holder=Juan Dela Cruz&AuthId=&TxTime=2015-03-20 12:47:23.0&errMsg=Transaction failed







2015-03-20T05:05:23Z
RequestParameter:  billNo: G3h6L1426827897 | startTime:2015-03-20 05:05:23

2015-03-20T05:05:23Z
https://test.pesopay.com/b2cDemo/eng/directPay/payComp.jsp?payType=N&merchantId=18062075&pMethod=Master&lang=E&cardHolder=Juan%20Dela%20Cruz&cardNo=5************491&securityCode=***&epMonth=05&epYear=2024&amount=10&currCode=608&orderRef=G3h6L1426827897&remark=Test

2015-03-20T05:05:25Z
ResponseParameter:  billNo: G3h6L1426827897 | endTime:2015-03-20 05:05:25

2015-03-20T05:05:25Z
successcode=1&Ref=G3h6L1426827897&PayRef=1210075646&Amt=10.0&Cur=608&prc=-8&src=2001&Ord=12345678&Holder=Juan Dela Cruz&AuthId=&TxTime=2015-03-20 13:05:34.0&errMsg=Transaction failed







2015-03-20T05:06:01Z
RequestParameter:  billNo: UP67J1426827958 | startTime:2015-03-20 05:06:01

2015-03-20T05:06:01Z
https://test.pesopay.com/b2cDemo/eng/directPay/payComp.jsp?payType=N&merchantId=18062075&pMethod=Master&lang=E&cardHolder=Juan%20Dela%20Cruz&cardNo=5************491&securityCode=***&epMonth=05&epYear=2024&amount=10&currCode=608&orderRef=UP67J1426827958&remark=Test

2015-03-20T05:06:02Z
ResponseParameter:  billNo: UP67J1426827958 | endTime:2015-03-20 05:06:02

2015-03-20T05:06:02Z
successcode=1&Ref=UP67J1426827958&PayRef=1210075647&Amt=10.0&Cur=608&prc=-8&src=2001&Ord=12345678&Holder=Juan Dela Cruz&AuthId=&TxTime=2015-03-20 13:06:10.0&errMsg=Transaction failed







2015-03-20T05:06:17Z
RequestParameter:  billNo: rX3UK1426827974 | startTime:2015-03-20 05:06:17

2015-03-20T05:06:17Z
https://test.pesopay.com/b2cDemo/eng/directPay/payComp.jsp?payType=N&merchantId=18062075&pMethod=Master&lang=E&cardHolder=Juan%20Dela%20Cruz&cardNo=5************491&securityCode=***&epMonth=05&epYear=2024&amount=10&currCode=608&orderRef=rX3UK1426827974&remark=Test

2015-03-20T05:06:17Z
ResponseParameter:  billNo: rX3UK1426827974 | endTime:2015-03-20 05:06:17

2015-03-20T05:06:17Z
successcode=1&Ref=rX3UK1426827974&PayRef=1210075648&Amt=10.0&Cur=608&prc=-8&src=2001&Ord=12345678&Holder=Juan Dela Cruz&AuthId=&TxTime=2015-03-20 13:06:26.0&errMsg=Transaction failed







2015-03-20T05:13:36Z
RequestParameter:  billNo: P2kY5Sc920 | startTime:2015-03-20 05:13:36

2015-03-20T05:13:36Z
https://test.pesopay.com/b2cDemo/eng/directPay/payComp.jsp?payType=N&merchantId=18062075&pMethod=Master&lang=E&cardHolder=Juan%20Dela%20Cruz&cardNo=5************491&securityCode=***&epMonth=05&epYear=2024&amount=10&currCode=608&orderRef=P2kY5Sc920&remark=

2015-03-20T05:13:36Z
ResponseParameter:  billNo: P2kY5Sc920 | endTime:2015-03-20 05:13:36

2015-03-20T05:13:36Z
successcode=1&Ref=P2kY5Sc920&PayRef=1210075649&Amt=10.0&Cur=608&prc=-8&src=2001&Ord=12345678&Holder=Juan Dela Cruz&AuthId=&TxTime=2015-03-20 13:13:45.0&errMsg=Transaction failed







2015-03-20T05:14:19Z
RequestParameter:  billNo: P2kY5Sc921 | startTime:2015-03-20 05:14:19

2015-03-20T05:14:19Z
https://test.pesopay.com/b2cDemo/eng/directPay/payComp.jsp?payType=N&merchantId=18062075&pMethod=Master&lang=E&cardHolder=Juan%20Dela%20Cruz&cardNo=5************491&securityCode=***&epMonth=05&epYear=2024&amount=10&currCode=608&orderRef=P2kY5Sc921&remark=

2015-03-20T05:14:20Z
ResponseParameter:  billNo: P2kY5Sc921 | endTime:2015-03-20 05:14:20

2015-03-20T05:14:20Z
successcode=1&Ref=P2kY5Sc921&PayRef=1210075650&Amt=10.0&Cur=608&prc=-8&src=2001&Ord=12345678&Holder=Juan Dela Cruz&AuthId=&TxTime=2015-03-20 13:14:28.0&errMsg=Transaction failed







2015-03-20T05:15:42Z
RequestParameter:  billNo: P2kY5Sc922 | startTime:2015-03-20 05:15:42

2015-03-20T05:15:42Z
https://test.pesopay.com/b2cDemo/eng/directPay/payComp.jsp?payType=N&merchantId=18062075&pMethod=Master&lang=E&cardHolder=Juan%20Dela%20Cruz&cardNo=5************491&securityCode=***&epMonth=05&epYear=2024&amount=10&currCode=608&orderRef=P2kY5Sc922&remark=

2015-03-20T05:15:59Z
ResponseParameter:  billNo: P2kY5Sc922 | endTime:2015-03-20 05:15:59

2015-03-20T05:15:59Z
successcode=1&Ref=P2kY5Sc922&PayRef=1210075651&Amt=10.0&Cur=608&prc=-8&src=2001&Ord=12345678&Holder=Juan Dela Cruz&AuthId=&TxTime=2015-03-20 13:16:08.0&errMsg=Transaction failed







2015-03-20T05:16:42Z
RequestParameter:  billNo: P2kY5Sc923 | startTime:2015-03-20 05:16:42

2015-03-20T05:16:42Z
https://test.pesopay.com/b2cDemo/eng/directPay/payComp.jsp?payType=N&merchantId=18062075&pMethod=Master&lang=E&cardHolder=Juan%20Dela%20Cruz&cardNo=5************491&securityCode=***&epMonth=05&epYear=2024&amount=10&currCode=608&orderRef=P2kY5Sc923&remark=

2015-03-20T05:17:42Z
ResponseParameter:  billNo: P2kY5Sc923 | endTime:2015-03-20 05:17:42

2015-03-20T05:17:42Z


2015-03-20T05:18:49Z
RequestParameter:  billNo: P2kY5Sc924 | startTime:2015-03-20 05:18:49

2015-03-20T05:18:49Z
https://test.pesopay.com/b2cDemo/eng/directPay/payComp.jsp?payType=N&merchantId=18062075&pMethod=Master&lang=E&cardHolder=Juan%20Dela%20Cruz&cardNo=5************491&securityCode=***&epMonth=05&epYear=2024&amount=10&currCode=608&orderRef=P2kY5Sc924&remark=

2015-03-20T05:18:49Z
ResponseParameter:  billNo: P2kY5Sc924 | endTime:2015-03-20 05:18:49

2015-03-20T05:18:49Z
successcode=1&Ref=P2kY5Sc924&PayRef=1210075652&Amt=10.0&Cur=608&prc=-8&src=2001&Ord=12345678&Holder=Juan Dela Cruz&AuthId=&TxTime=2015-03-20 13:18:58.0&errMsg=Transaction failed







2015-03-20T05:20:09Z
RequestParameter:  billNo: P2kY5Sc925 | startTime:2015-03-20 05:20:09

2015-03-20T05:20:09Z
https://test.pesopay.com/b2cDemo/eng/directPay/payComp.jsp?payType=N&merchantId=18062075&pMethod=Master&lang=E&cardHolder=Juan%20Dela%20Cruz&cardNo=5************491&securityCode=***&epMonth=05&epYear=2024&amount=10&currCode=608&orderRef=P2kY5Sc925&remark=

2015-03-20T05:20:10Z
ResponseParameter:  billNo: P2kY5Sc925 | endTime:2015-03-20 05:20:10

2015-03-20T05:20:10Z
successcode=1&Ref=P2kY5Sc925&PayRef=1210075653&Amt=10.0&Cur=608&prc=-8&src=2001&Ord=12345678&Holder=Juan Dela Cruz&AuthId=&TxTime=2015-03-20 13:20:19.0&errMsg=Transaction failed







2015-03-20T08:00:15Z
RequestParameter:  billNo: 104482b1a6eca18fa36682131e13a0a4 | startTime:2015-03-20 08:00:15

2015-03-20T08:00:15Z
https://test.pesopay.com/b2cDemo/eng/directPay/payComp.jsp?payType=N&merchantId=18062075&pMethod=VISA&lang=E&cardHolder=Jhon%20Smith&cardNo=4************111&securityCode=***&epMonth=1&epYear=202016&amount=10&currCode=840&orderRef=104482b1a6eca18fa36682131e13a0a4&remark=10002

2015-03-20T08:00:15Z
ResponseParameter:  billNo: 104482b1a6eca18fa36682131e13a0a4 | endTime:2015-03-20 08:00:15

2015-03-20T08:00:15Z
successcode=-1&Ref=&PayRef=&Amt=&Cur=&prc=&src=&Ord=&Holder=&AuthId=&TxTime=&errMsg=Parameter expiry year incorrect


2015-03-20T08:02:12Z
RequestParameter:  billNo: 2abe5ff404186046304a4914e1156e80 | startTime:2015-03-20 08:02:12

2015-03-20T08:02:12Z
https://test.pesopay.com/b2cDemo/eng/directPay/payComp.jsp?payType=N&merchantId=18062075&pMethod=VISA&lang=E&cardHolder=Jhon%20Smith&cardNo=4************111&securityCode=***&epMonth=1&epYear=202016&amount=10&currCode=840&orderRef=2abe5ff404186046304a4914e1156e80&remark=10002

2015-03-20T08:02:12Z
ResponseParameter:  billNo: 2abe5ff404186046304a4914e1156e80 | endTime:2015-03-20 08:02:12

2015-03-20T08:02:12Z
successcode=-1&Ref=&PayRef=&Amt=&Cur=&prc=&src=&Ord=&Holder=&AuthId=&TxTime=&errMsg=Parameter expiry year incorrect


2015-03-20T08:02:27Z
RequestParameter:  billNo: 3cfa7d894dde4aef8476931f2cb05e41 | startTime:2015-03-20 08:02:27

2015-03-20T08:02:27Z
https://test.pesopay.com/b2cDemo/eng/directPay/payComp.jsp?payType=N&merchantId=18062075&pMethod=VISA&lang=E&cardHolder=Jhon%20Smith&cardNo=4************111&securityCode=***&epMonth=1&epYear=202016&amount=10&currCode=840&orderRef=3cfa7d894dde4aef8476931f2cb05e41&remark=10002

2015-03-20T08:02:27Z
ResponseParameter:  billNo: 3cfa7d894dde4aef8476931f2cb05e41 | endTime:2015-03-20 08:02:27

2015-03-20T08:02:27Z
successcode=-1&Ref=&PayRef=&Amt=&Cur=&prc=&src=&Ord=&Holder=&AuthId=&TxTime=&errMsg=Parameter expiry year incorrect


2015-03-20T08:03:50Z
RequestParameter:  billNo: 1e1d37d5dc04643d27267d538d9ca261 | startTime:2015-03-20 08:03:50

2015-03-20T08:03:50Z
https://test.pesopay.com/b2cDemo/eng/directPay/payComp.jsp?payType=N&merchantId=18062075&pMethod=VISA&lang=E&cardHolder=Jhon%20Smith&cardNo=4************111&securityCode=***&epMonth=1&epYear=202016&amount=10&currCode=840&orderRef=1e1d37d5dc04643d27267d538d9ca261&remark=10002

2015-03-20T08:03:50Z
ResponseParameter:  billNo: 1e1d37d5dc04643d27267d538d9ca261 | endTime:2015-03-20 08:03:50

2015-03-20T08:03:50Z
successcode=-1&Ref=&PayRef=&Amt=&Cur=&prc=&src=&Ord=&Holder=&AuthId=&TxTime=&errMsg=Parameter expiry year incorrect


2015-03-20T08:05:00Z
RequestParameter:  billNo: 9a196767d1958244b8c25c14f2d5e882 | startTime:2015-03-20 08:05:00

2015-03-20T08:05:00Z
https://test.pesopay.com/b2cDemo/eng/directPay/payComp.jsp?payType=N&merchantId=18062075&pMethod=VISA&lang=E&cardHolder=Jhon%20Smith&cardNo=4************111&securityCode=***&epMonth=1&epYear=202016&amount=10&currCode=840&orderRef=9a196767d1958244b8c25c14f2d5e882&remark=10002

2015-03-20T08:05:00Z
ResponseParameter:  billNo: 9a196767d1958244b8c25c14f2d5e882 | endTime:2015-03-20 08:05:00

2015-03-20T08:05:00Z
successcode=-1&Ref=&PayRef=&Amt=&Cur=&prc=&src=&Ord=&Holder=&AuthId=&TxTime=&errMsg=Parameter expiry year incorrect


2015-03-20T08:06:23Z
RequestParameter:  billNo: c664f712789ef6b73b5e537c81319cec | startTime:2015-03-20 08:06:23

2015-03-20T08:06:23Z
https://test.pesopay.com/b2cDemo/eng/directPay/payComp.jsp?payType=N&merchantId=18062075&pMethod=VISA&lang=E&cardHolder=Jhon%20Smith&cardNo=4************111&securityCode=***&epMonth=1&epYear=202016&amount=10&currCode=840&orderRef=c664f712789ef6b73b5e537c81319cec&remark=10002

2015-03-20T08:06:23Z
ResponseParameter:  billNo: c664f712789ef6b73b5e537c81319cec | endTime:2015-03-20 08:06:23

2015-03-20T08:06:23Z
successcode=-1&Ref=&PayRef=&Amt=&Cur=&prc=&src=&Ord=&Holder=&AuthId=&TxTime=&errMsg=Parameter expiry year incorrect


2015-03-20T08:06:55Z
RequestParameter:  billNo: 11e8eaceab0b58da8bdb3108edc9a963 | startTime:2015-03-20 08:06:55

2015-03-20T08:06:55Z
https://test.pesopay.com/b2cDemo/eng/directPay/payComp.jsp?payType=N&merchantId=18062075&pMethod=VISA&lang=E&cardHolder=Jhon%20Smith&cardNo=4************111&securityCode=***&epMonth=1&epYear=202016&amount=10&currCode=840&orderRef=11e8eaceab0b58da8bdb3108edc9a963&remark=10002

2015-03-20T08:06:55Z
ResponseParameter:  billNo: 11e8eaceab0b58da8bdb3108edc9a963 | endTime:2015-03-20 08:06:55

2015-03-20T08:06:55Z
successcode=-1&Ref=&PayRef=&Amt=&Cur=&prc=&src=&Ord=&Holder=&AuthId=&TxTime=&errMsg=Parameter expiry year incorrect


2015-03-20T08:07:22Z
RequestParameter:  billNo: 35a526cc238ec638d01b623d2c63adcb | startTime:2015-03-20 08:07:22

2015-03-20T08:07:22Z
https://test.pesopay.com/b2cDemo/eng/directPay/payComp.jsp?payType=N&merchantId=18062075&pMethod=VISA&lang=E&cardHolder=Jhon%20Smith&cardNo=4************111&securityCode=***&epMonth=1&epYear=202016&amount=10&currCode=840&orderRef=35a526cc238ec638d01b623d2c63adcb&remark=10002

2015-03-20T08:07:23Z
ResponseParameter:  billNo: 35a526cc238ec638d01b623d2c63adcb | endTime:2015-03-20 08:07:23

2015-03-20T08:07:23Z
successcode=-1&Ref=&PayRef=&Amt=&Cur=&prc=&src=&Ord=&Holder=&AuthId=&TxTime=&errMsg=Parameter expiry year incorrect


2015-03-20T08:09:14Z
RequestParameter:  billNo: 1f16bf5bce11aa75f0f05246cdf52071 | startTime:2015-03-20 08:09:14

2015-03-20T08:09:14Z
https://test.pesopay.com/b2cDemo/eng/directPay/payComp.jsp?payType=N&merchantId=18062075&pMethod=VISA&lang=E&cardHolder=Jhon%20Smith&cardNo=4************111&securityCode=***&epMonth=1&epYear=202016&amount=10&currCode=840&orderRef=1f16bf5bce11aa75f0f05246cdf52071&remark=10002

2015-03-20T08:09:14Z
ResponseParameter:  billNo: 1f16bf5bce11aa75f0f05246cdf52071 | endTime:2015-03-20 08:09:14

2015-03-20T08:09:14Z
successcode=-1&Ref=&PayRef=&Amt=&Cur=&prc=&src=&Ord=&Holder=&AuthId=&TxTime=&errMsg=Parameter expiry year incorrect


2015-03-20T08:10:44Z
RequestParameter:  billNo: 3565702104a5244c2592f9eb0c82bed5 | startTime:2015-03-20 08:10:44

2015-03-20T08:10:44Z
https://test.pesopay.com/b2cDemo/eng/directPay/payComp.jsp?payType=N&merchantId=18062075&pMethod=VISA&lang=E&cardHolder=Jhon%20Smith&cardNo=4************111&securityCode=***&epMonth=1&epYear=202016&amount=10&currCode=840&orderRef=3565702104a5244c2592f9eb0c82bed5&remark=10002

2015-03-20T08:10:44Z
ResponseParameter:  billNo: 3565702104a5244c2592f9eb0c82bed5 | endTime:2015-03-20 08:10:44

2015-03-20T08:10:44Z
successcode=-1&Ref=&PayRef=&Amt=&Cur=&prc=&src=&Ord=&Holder=&AuthId=&TxTime=&errMsg=Parameter expiry year incorrect


2015-03-20T08:11:09Z
RequestParameter:  billNo: 074df0ce19d9d809028d9aaacd394027 | startTime:2015-03-20 08:11:09

2015-03-20T08:11:09Z
https://test.pesopay.com/b2cDemo/eng/directPay/payComp.jsp?payType=N&merchantId=18062075&pMethod=VISA&lang=E&cardHolder=Jhon%20Smith&cardNo=4************111&securityCode=***&epMonth=1&epYear=202016&amount=10&currCode=840&orderRef=074df0ce19d9d809028d9aaacd394027&remark=10002

2015-03-20T08:11:09Z
ResponseParameter:  billNo: 074df0ce19d9d809028d9aaacd394027 | endTime:2015-03-20 08:11:09

2015-03-20T08:11:09Z
successcode=-1&Ref=&PayRef=&Amt=&Cur=&prc=&src=&Ord=&Holder=&AuthId=&TxTime=&errMsg=Parameter expiry year incorrect


2015-03-20T08:11:31Z
RequestParameter:  billNo: 711705ede21dd1f1becec13fb18d2fe1 | startTime:2015-03-20 08:11:31

2015-03-20T08:11:31Z
https://test.pesopay.com/b2cDemo/eng/directPay/payComp.jsp?payType=N&merchantId=18062075&pMethod=VISA&lang=E&cardHolder=Jhon%20Smith&cardNo=4************111&securityCode=***&epMonth=1&epYear=202016&amount=10&currCode=840&orderRef=711705ede21dd1f1becec13fb18d2fe1&remark=10002

2015-03-20T08:11:31Z
ResponseParameter:  billNo: 711705ede21dd1f1becec13fb18d2fe1 | endTime:2015-03-20 08:11:31

2015-03-20T08:11:31Z
successcode=-1&Ref=&PayRef=&Amt=&Cur=&prc=&src=&Ord=&Holder=&AuthId=&TxTime=&errMsg=Parameter expiry year incorrect


2015-03-20T08:13:26Z
RequestParameter:  billNo: 980446ad86c60f8cb916f886ccd32d34 | startTime:2015-03-20 08:13:26

2015-03-20T08:13:26Z
https://test.pesopay.com/b2cDemo/eng/directPay/payComp.jsp?payType=N&merchantId=18062075&pMethod=VISA&lang=E&cardHolder=Jhon%20Smith&cardNo=4************111&securityCode=***&epMonth=1&epYear=202016&amount=10&currCode=840&orderRef=980446ad86c60f8cb916f886ccd32d34&remark=10002

2015-03-20T08:13:27Z
ResponseParameter:  billNo: 980446ad86c60f8cb916f886ccd32d34 | endTime:2015-03-20 08:13:27

2015-03-20T08:13:27Z
successcode=-1&Ref=&PayRef=&Amt=&Cur=&prc=&src=&Ord=&Holder=&AuthId=&TxTime=&errMsg=Parameter expiry year incorrect


2015-03-20T08:14:42Z
RequestParameter:  billNo: dbb2aca0ce050edfa1c6cf33da9d4d83 | startTime:2015-03-20 08:14:42

2015-03-20T08:14:42Z
https://test.pesopay.com/b2cDemo/eng/directPay/payComp.jsp?payType=N&merchantId=18062075&pMethod=VISA&lang=E&cardHolder=Jhon%20Smith&cardNo=4************111&securityCode=***&epMonth=1&epYear=202016&amount=10&currCode=840&orderRef=dbb2aca0ce050edfa1c6cf33da9d4d83&remark=10002

2015-03-20T08:14:43Z
ResponseParameter:  billNo: dbb2aca0ce050edfa1c6cf33da9d4d83 | endTime:2015-03-20 08:14:43

2015-03-20T08:14:43Z
successcode=-1&Ref=&PayRef=&Amt=&Cur=&prc=&src=&Ord=&Holder=&AuthId=&TxTime=&errMsg=Parameter expiry year incorrect


2015-03-20T08:18:40Z
RequestParameter:  billNo: 80e6a2f8c1430455f677208d2f856e32 | startTime:2015-03-20 08:18:40

2015-03-20T08:18:40Z
https://test.pesopay.com/b2cDemo/eng/directPay/payComp.jsp?payType=N&merchantId=18062075&pMethod=VISA&lang=E&cardHolder=Jhon%20Smith&cardNo=4************111&securityCode=***&epMonth=1&epYear=202016&amount=10&currCode=840&orderRef=80e6a2f8c1430455f677208d2f856e32&remark=10002

2015-03-20T08:18:40Z
ResponseParameter:  billNo: 80e6a2f8c1430455f677208d2f856e32 | endTime:2015-03-20 08:18:40

2015-03-20T08:18:40Z
successcode=-1&Ref=&PayRef=&Amt=&Cur=&prc=&src=&Ord=&Holder=&AuthId=&TxTime=&errMsg=Parameter expiry year incorrect


2015-03-20T08:19:25Z
RequestParameter:  billNo: f141ec9af02e5ebda5b3a314f5edec97 | startTime:2015-03-20 08:19:25

2015-03-20T08:19:25Z
https://test.pesopay.com/b2cDemo/eng/directPay/payComp.jsp?payType=N&merchantId=18062075&pMethod=VISA&lang=E&cardHolder=Jhon%20Smith&cardNo=4************111&securityCode=***&epMonth=1&epYear=202016&amount=10&currCode=840&orderRef=f141ec9af02e5ebda5b3a314f5edec97&remark=10002

2015-03-20T08:19:25Z
ResponseParameter:  billNo: f141ec9af02e5ebda5b3a314f5edec97 | endTime:2015-03-20 08:19:25

2015-03-20T08:19:25Z
successcode=-1&Ref=&PayRef=&Amt=&Cur=&prc=&src=&Ord=&Holder=&AuthId=&TxTime=&errMsg=Parameter expiry year incorrect


2015-03-20T08:21:25Z
RequestParameter:  billNo: b077f6f18eb41c2943c90a02b426dfa8 | startTime:2015-03-20 08:21:25

2015-03-20T08:21:25Z
https://test.pesopay.com/b2cDemo/eng/directPay/payComp.jsp?payType=N&merchantId=18062075&pMethod=VISA&lang=E&cardHolder=Jhon%20Smith&cardNo=4************111&securityCode=***&epMonth=1&epYear=202016&amount=10&currCode=840&orderRef=b077f6f18eb41c2943c90a02b426dfa8&remark=10002

2015-03-20T08:21:25Z
ResponseParameter:  billNo: b077f6f18eb41c2943c90a02b426dfa8 | endTime:2015-03-20 08:21:25

2015-03-20T08:21:25Z
successcode=-1&Ref=&PayRef=&Amt=&Cur=&prc=&src=&Ord=&Holder=&AuthId=&TxTime=&errMsg=Parameter expiry year incorrect


2015-03-20T08:21:45Z
RequestParameter:  billNo: f1e2c5ab7c258d20d4f90858ee0c1ca2 | startTime:2015-03-20 08:21:45

2015-03-20T08:21:45Z
https://test.pesopay.com/b2cDemo/eng/directPay/payComp.jsp?payType=N&merchantId=18062075&pMethod=VISA&lang=E&cardHolder=Jhon%20Smith&cardNo=4************111&securityCode=***&epMonth=1&epYear=202016&amount=10&currCode=840&orderRef=f1e2c5ab7c258d20d4f90858ee0c1ca2&remark=10002

2015-03-20T08:21:45Z
ResponseParameter:  billNo: f1e2c5ab7c258d20d4f90858ee0c1ca2 | endTime:2015-03-20 08:21:45

2015-03-20T08:21:45Z
successcode=-1&Ref=&PayRef=&Amt=&Cur=&prc=&src=&Ord=&Holder=&AuthId=&TxTime=&errMsg=Parameter expiry year incorrect


2015-03-20T08:22:13Z
RequestParameter:  billNo: 131ae3d908df6eb39bc3d280ed9432d4 | startTime:2015-03-20 08:22:13

2015-03-20T08:22:13Z
https://test.pesopay.com/b2cDemo/eng/directPay/payComp.jsp?payType=N&merchantId=18062075&pMethod=VISA&lang=E&cardHolder=Jhon%20Smith&cardNo=4************111&securityCode=***&epMonth=1&epYear=202016&amount=10&currCode=840&orderRef=131ae3d908df6eb39bc3d280ed9432d4&remark=10002

2015-03-20T08:22:13Z
ResponseParameter:  billNo: 131ae3d908df6eb39bc3d280ed9432d4 | endTime:2015-03-20 08:22:13

2015-03-20T08:22:13Z
successcode=-1&Ref=&PayRef=&Amt=&Cur=&prc=&src=&Ord=&Holder=&AuthId=&TxTime=&errMsg=Parameter expiry year incorrect


2015-03-20T08:22:40Z
RequestParameter:  billNo: c94d7609aac9a818493b981cb5c71704 | startTime:2015-03-20 08:22:40

2015-03-20T08:22:40Z
https://test.pesopay.com/b2cDemo/eng/directPay/payComp.jsp?payType=N&merchantId=18062075&pMethod=VISA&lang=E&cardHolder=Jhon%20Smith&cardNo=4************111&securityCode=***&epMonth=1&epYear=202016&amount=10&currCode=840&orderRef=c94d7609aac9a818493b981cb5c71704&remark=10002

2015-03-20T08:22:41Z
ResponseParameter:  billNo: c94d7609aac9a818493b981cb5c71704 | endTime:2015-03-20 08:22:41

2015-03-20T08:22:41Z
successcode=-1&Ref=&PayRef=&Amt=&Cur=&prc=&src=&Ord=&Holder=&AuthId=&TxTime=&errMsg=Parameter expiry year incorrect


2015-03-20T08:23:19Z
RequestParameter:  billNo: 2222ae8a244926ad8254dccd75ffe5c0 | startTime:2015-03-20 08:23:19

2015-03-20T08:23:19Z
https://test.pesopay.com/b2cDemo/eng/directPay/payComp.jsp?payType=N&merchantId=18062075&pMethod=VISA&lang=E&cardHolder=Jhon%20Smith&cardNo=4************111&securityCode=***&epMonth=1&epYear=202016&amount=10&currCode=840&orderRef=2222ae8a244926ad8254dccd75ffe5c0&remark=10002

2015-03-20T08:23:20Z
ResponseParameter:  billNo: 2222ae8a244926ad8254dccd75ffe5c0 | endTime:2015-03-20 08:23:20

2015-03-20T08:23:20Z
successcode=-1&Ref=&PayRef=&Amt=&Cur=&prc=&src=&Ord=&Holder=&AuthId=&TxTime=&errMsg=Parameter expiry year incorrect


2015-03-20T08:27:46Z
RequestParameter:  billNo: 78e8c991939b8357c0a3fda3e48cc4c7 | startTime:2015-03-20 08:27:46

2015-03-20T08:27:46Z
https://test.pesopay.com/b2cDemo/eng/directPay/payComp.jsp?payType=N&merchantId=18062075&pMethod=VISA&lang=E&cardHolder=Jhon%20Smith&cardNo=4************111&securityCode=***&epMonth=1&epYear=202016&amount=10&currCode=840&orderRef=78e8c991939b8357c0a3fda3e48cc4c7&remark=10002

2015-03-20T08:27:47Z
ResponseParameter:  billNo: 78e8c991939b8357c0a3fda3e48cc4c7 | endTime:2015-03-20 08:27:47

2015-03-20T08:27:47Z
successcode=-1&Ref=&PayRef=&Amt=&Cur=&prc=&src=&Ord=&Holder=&AuthId=&TxTime=&errMsg=Parameter expiry year incorrect


2015-03-20T08:28:15Z
RequestParameter:  billNo: 1e0d2fd80c9e49de742b19069e609301 | startTime:2015-03-20 08:28:15

2015-03-20T08:28:15Z
https://test.pesopay.com/b2cDemo/eng/directPay/payComp.jsp?payType=N&merchantId=18062075&pMethod=VISA&lang=E&cardHolder=Jhon%20Smith&cardNo=4************111&securityCode=***&epMonth=1&epYear=202020&amount=11&currCode=840&orderRef=1e0d2fd80c9e49de742b19069e609301&remark=10002

2015-03-20T08:28:15Z
ResponseParameter:  billNo: 1e0d2fd80c9e49de742b19069e609301 | endTime:2015-03-20 08:28:15

2015-03-20T08:28:15Z
successcode=-1&Ref=&PayRef=&Amt=&Cur=&prc=&src=&Ord=&Holder=&AuthId=&TxTime=&errMsg=Parameter expiry year incorrect


2015-03-20T08:33:29Z
RequestParameter:  billNo: 025f2618af523ef0570ee1c0128ea7a1 | startTime:2015-03-20 08:33:29

2015-03-20T08:33:29Z
https://test.pesopay.com/b2cDemo/eng/directPay/payComp.jsp?payType=N&merchantId=18062075&pMethod=VISA&lang=E&cardHolder=Jhon%20Smith&cardNo=4************111&securityCode=***&epMonth=1&epYear=2020&amount=12&currCode=840&orderRef=025f2618af523ef0570ee1c0128ea7a1&remark=10002

2015-03-20T08:33:29Z
ResponseParameter:  billNo: 025f2618af523ef0570ee1c0128ea7a1 | endTime:2015-03-20 08:33:29

2015-03-20T08:33:29Z
successcode=-1&Ref=&PayRef=&Amt=&Cur=&prc=&src=&Ord=&Holder=&AuthId=&TxTime=&errMsg=Parameter currCode incorrect


2015-03-20T08:54:02Z
RequestParameter:  billNo: 9742-9062_8738 | startTime:2015-03-20 08:54:02

2015-03-20T08:54:02Z
https://test.pesopay.com/b2cDemo/eng/directPay/payComp.jsp?payType=N&merchantId=18062075&pMethod=VISA&lang=E&cardHolder=Juan%20Dela%20Cruz&cardNo=4************005&securityCode=***&epMonth=07&epYear=2015&amount=12&currCode=608&orderRef=9742-9062_8738&remark=

2015-03-20T08:54:03Z
ResponseParameter:  billNo: 9742-9062_8738 | endTime:2015-03-20 08:54:03

2015-03-20T08:54:03Z
successcode=0&Ref=9742-9062_8738&PayRef=1210075665&Amt=12.0&Cur=608&prc=0&src=0&Ord=12345678&Holder=Juan Dela Cruz&AuthId=075665&TxTime=2015-03-20 16:54:12.0&errMsg=Transaction completed







2015-03-20T08:57:55Z
RequestParameter:  billNo: 4ad08f18dda4cfcc3cfd791c809b4801 | startTime:2015-03-20 08:57:55

2015-03-20T08:57:55Z
https://test.pesopay.com/b2cDemo/eng/directPay/payComp.jsp?payType=N&merchantId=18062075&pMethod=VISA&lang=E&cardHolder=Juan%20Dela%20Cruz&cardNo=4************005&securityCode=***&epMonth=07&epYear=2015&amount=13&currCode=608&orderRef=4ad08f18dda4cfcc3cfd791c809b4801&remark=10002

2015-03-20T08:57:56Z
ResponseParameter:  billNo: 4ad08f18dda4cfcc3cfd791c809b4801 | endTime:2015-03-20 08:57:56

2015-03-20T08:57:56Z
successcode=0&Ref=4ad08f18dda4cfcc3cfd791c809b4801&PayRef=1210075666&Amt=13.0&Cur=608&prc=0&src=0&Ord=12345678&Holder=Juan Dela Cruz&AuthId=075666&TxTime=2015-03-20 16:58:05.0&errMsg=Transaction completed







2015-03-20T09:11:24Z
RequestParameter:  billNo: iicbhegkdj | startTime:2015-03-20 09:11:24

2015-03-20T09:11:24Z
https://test.pesopay.com/b2cDemo/eng/directPay/payComp.jsp?payType=N&merchantId=18062075&pMethod=VISA&lang=E&cardHolder=Juan%20Dela%20Cruz&cardNo=4************005&securityCode=***&epMonth=07&epYear=2015&amount=30&currCode=608&orderRef=iicbhegkdj&remark=

2015-03-20T09:11:26Z
ResponseParameter:  billNo: iicbhegkdj | endTime:2015-03-20 09:11:26

2015-03-20T09:11:26Z
successcode=0&Ref=iicbhegkdj&PayRef=1210075704&Amt=30.0&Cur=608&prc=0&src=0&Ord=12345678&Holder=Juan Dela Cruz&AuthId=075704&TxTime=2015-03-20 17:11:35.0&errMsg=Transaction completed







2015-03-20T09:14:39Z
RequestParameter:  billNo: 2941-4761_9977 | startTime:2015-03-20 09:14:39

2015-03-20T09:14:39Z
https://test.pesopay.com/b2cDemo/eng/directPay/payComp.jsp?payType=N&merchantId=18062075&pMethod=VISA&lang=E&cardHolder=Juan%20Dela%20Cruz&cardNo=4************005&securityCode=***&epMonth=07&epYear=2015&amount=12&currCode=608&orderRef=2941-4761_9977&remark=

2015-03-20T09:14:39Z
ResponseParameter:  billNo: 2941-4761_9977 | endTime:2015-03-20 09:14:39

2015-03-20T09:14:39Z
successcode=0&Ref=2941-4761_9977&PayRef=1210075707&Amt=12.0&Cur=608&prc=0&src=0&Ord=12345678&Holder=Juan Dela Cruz&AuthId=075707&TxTime=2015-03-20 17:14:48.0&errMsg=Transaction completed







2015-03-20T09:16:10Z
RequestParameter:  billNo: jihjkdacik | startTime:2015-03-20 09:16:10

2015-03-20T09:16:10Z
https://test.pesopay.com/b2cDemo/eng/directPay/payComp.jsp?payType=N&merchantId=18062075&pMethod=VISA&lang=E&cardHolder=Juan%20Dela%20Cruz&cardNo=4************005&securityCode=***&epMonth=07&epYear=2015&amount=30&currCode=608&orderRef=jihjkdacik&remark=

2015-03-20T09:16:11Z
ResponseParameter:  billNo: jihjkdacik | endTime:2015-03-20 09:16:11

2015-03-20T09:16:11Z
successcode=0&Ref=jihjkdacik&PayRef=1210075709&Amt=30.0&Cur=608&prc=0&src=0&Ord=12345678&Holder=Juan Dela Cruz&AuthId=075709&TxTime=2015-03-20 17:16:20.0&errMsg=Transaction completed







2015-03-20T09:18:30Z
RequestParameter:  billNo: fjgdichiae | startTime:2015-03-20 09:18:30

2015-03-20T09:18:30Z
https://test.pesopay.com/b2cDemo/eng/directPay/payComp.jsp?payType=N&merchantId=18062075&pMethod=VISA&lang=E&cardHolder=Juan%20Dela%20Cruz&cardNo=4************005&securityCode=***&epMonth=07&epYear=2015&amount=30&currCode=608&orderRef=fjgdichiae&remark=

2015-03-20T09:18:31Z
ResponseParameter:  billNo: fjgdichiae | endTime:2015-03-20 09:18:31

2015-03-20T09:18:31Z
successcode=0&Ref=fjgdichiae&PayRef=1210075711&Amt=30.0&Cur=608&prc=0&src=0&Ord=12345678&Holder=Juan Dela Cruz&AuthId=075711&TxTime=2015-03-20 17:18:40.0&errMsg=Transaction completed







2015-03-20T09:21:13Z
RequestParameter:  billNo: bacfdahaja | startTime:2015-03-20 09:21:13

2015-03-20T09:21:13Z
https://test.pesopay.com/b2cDemo/eng/directPay/payComp.jsp?payType=N&merchantId=18062075&pMethod=VISA&lang=E&cardHolder=Juan%20Dela%20Cruz&cardNo=4************005&securityCode=***&epMonth=07&epYear=2015&amount=30&currCode=608&orderRef=bacfdahaja&remark=

2015-03-20T09:21:14Z
ResponseParameter:  billNo: bacfdahaja | endTime:2015-03-20 09:21:14

2015-03-20T09:21:14Z
successcode=0&Ref=bacfdahaja&PayRef=1210075713&Amt=30.0&Cur=608&prc=0&src=0&Ord=12345678&Holder=Juan Dela Cruz&AuthId=075713&TxTime=2015-03-20 17:21:23.0&errMsg=Transaction completed







2015-03-20T09:23:10Z
RequestParameter:  billNo: jjhjhbgdcb | startTime:2015-03-20 09:23:10

2015-03-20T09:23:10Z
https://test.pesopay.com/b2cDemo/eng/directPay/payComp.jsp?payType=N&merchantId=18062075&pMethod=VISA&lang=E&cardHolder=Juan%20Dela%20Cruz&cardNo=4************005&securityCode=***&epMonth=07&epYear=2015&amount=30&currCode=608&orderRef=jjhjhbgdcb&remark=

2015-03-20T09:23:10Z
ResponseParameter:  billNo: jjhjhbgdcb | endTime:2015-03-20 09:23:10

2015-03-20T09:23:10Z
successcode=0&Ref=jjhjhbgdcb&PayRef=1210075716&Amt=30.0&Cur=608&prc=0&src=0&Ord=12345678&Holder=Juan Dela Cruz&AuthId=075716&TxTime=2015-03-20 17:23:19.0&errMsg=Transaction completed







2015-03-20T09:23:29Z
RequestParameter:  billNo: fjddkefhhi | startTime:2015-03-20 09:23:29

2015-03-20T09:23:29Z
https://test.pesopay.com/b2cDemo/eng/directPay/payComp.jsp?payType=N&merchantId=18062075&pMethod=VISA&lang=E&cardHolder=Juan%20Dela%20Cruz&cardNo=4************005&securityCode=***&epMonth=07&epYear=2015&amount=30&currCode=608&orderRef=fjddkefhhi&remark=

2015-03-20T09:23:30Z
ResponseParameter:  billNo: fjddkefhhi | endTime:2015-03-20 09:23:30

2015-03-20T09:23:30Z
successcode=0&Ref=fjddkefhhi&PayRef=1210075718&Amt=30.0&Cur=608&prc=0&src=0&Ord=12345678&Holder=Juan Dela Cruz&AuthId=075718&TxTime=2015-03-20 17:23:39.0&errMsg=Transaction completed







2015-03-20T09:42:33Z
RequestParameter:  billNo: 7753df4fe7bc41a4070c8518a4 | startTime:2015-03-20 09:42:33

2015-03-20T09:42:33Z
https://test.pesopay.com/b2cDemo/eng/directPay/payComp.jsp?payType=N&merchantId=18062075&pMethod=VISA&lang=E&cardHolder=Jhon%20Smith&cardNo=4************111&securityCode=***&epMonth=1&epYear=202016&amount=10&currCode=840&orderRef=7753df4fe7bc41a4070c8518a4&remark=10002

2015-03-20T09:42:34Z
ResponseParameter:  billNo: 7753df4fe7bc41a4070c8518a4 | endTime:2015-03-20 09:42:34

2015-03-20T09:42:34Z
successcode=-1&Ref=&PayRef=&Amt=&Cur=&prc=&src=&Ord=&Holder=&AuthId=&TxTime=&errMsg=Parameter expiry year incorrect


2015-03-20T09:53:27Z
RequestParameter:  billNo: 1426844809593 | startTime:2015-03-20 09:53:27

2015-03-20T09:53:27Z
https://test.pesopay.com/b2cDemo/eng/directPay/payComp.jsp?payType=N&merchantId=18062075&pMethod=VISA&lang=E&cardHolder=Juan%20Dela%20Cruz&cardNo=4************005&securityCode=***&epMonth=07&epYear=2015&amount=100&currCode=608&orderRef=1426844809593&remark=10002

2015-03-20T09:53:28Z
ResponseParameter:  billNo: 1426844809593 | endTime:2015-03-20 09:53:28

2015-03-20T09:53:28Z
successcode=0&Ref=1426844809593&PayRef=1210075722&Amt=100.0&Cur=608&prc=0&src=0&Ord=12345678&Holder=Juan Dela Cruz&AuthId=075722&TxTime=2015-03-20 17:53:37.0&errMsg=Transaction completed







2015-03-20T09:56:17Z
RequestParameter:  billNo: 1426845325204 | startTime:2015-03-20 09:56:17

2015-03-20T09:56:17Z
https://test.pesopay.com/b2cDemo/eng/directPay/payComp.jsp?payType=N&merchantId=18062075&pMethod=VISA&lang=E&cardHolder=Juan%20Dela%20Cruz&cardNo=4************005&securityCode=***&epMonth=07&epYear=2015&amount=100&currCode=608&orderRef=1426845325204&remark=10002

2015-03-20T09:56:17Z
ResponseParameter:  billNo: 1426845325204 | endTime:2015-03-20 09:56:17

2015-03-20T09:56:17Z
successcode=0&Ref=1426845325204&PayRef=1210075723&Amt=100.0&Cur=608&prc=0&src=0&Ord=12345678&Holder=Juan Dela Cruz&AuthId=075723&TxTime=2015-03-20 17:56:27.0&errMsg=Transaction completed







2015-03-20T10:03:08Z
RequestParameter:  billNo: P2kY5Sc930 | startTime:2015-03-20 10:03:08

2015-03-20T10:03:08Z
https://test.pesopay.com/b2cDemo/eng/directPay/payComp.jsp?payType=N&merchantId=18062075&pMethod=VISA&lang=E&cardHolder=Juan%20Dela%20Cruz&cardNo=4************005&securityCode=***&epMonth=07&epYear=2015&amount=10&currCode=608&orderRef=P2kY5Sc930&remark=

2015-03-20T10:03:09Z
ResponseParameter:  billNo: P2kY5Sc930 | endTime:2015-03-20 10:03:09

2015-03-20T10:03:09Z
successcode=0&Ref=P2kY5Sc930&PayRef=1210075724&Amt=10.0&Cur=608&prc=0&src=0&Ord=12345678&Holder=Juan Dela Cruz&AuthId=075724&TxTime=2015-03-20 18:03:18.0&errMsg=Transaction completed







2015-03-20T10:05:04Z
RequestParameter:  billNo: 1426845836772 | startTime:2015-03-20 10:05:04

2015-03-20T10:05:04Z
https://test.pesopay.com/b2cDemo/eng/directPay/payComp.jsp?payType=N&merchantId=18062075&pMethod=VISA&lang=E&cardHolder=Juan%20Dela%20Cruz&cardNo=4************005&securityCode=***&epMonth=07&epYear=2015&amount=100&currCode=608&orderRef=1426845836772&remark=10002

2015-03-20T10:05:05Z
ResponseParameter:  billNo: 1426845836772 | endTime:2015-03-20 10:05:05

2015-03-20T10:05:05Z
successcode=0&Ref=1426845836772&PayRef=1210075725&Amt=100.0&Cur=608&prc=0&src=0&Ord=12345678&Holder=Juan Dela Cruz&AuthId=075725&TxTime=2015-03-20 18:05:14.0&errMsg=Transaction completed







2015-03-20T10:31:48Z
RequestParameter:  billNo: 1426847512187 | startTime:2015-03-20 10:31:48

2015-03-20T10:31:48Z
https://test.pesopay.com/b2cDemo/eng/directPay/payComp.jsp?payType=N&merchantId=18062075&pMethod=VISA&lang=E&cardHolder=Juan%20Dela%20Cruz&cardNo=4************005&securityCode=***&epMonth=07&epYear=2015&amount=100&currCode=608&orderRef=1426847512187&remark=10002

2015-03-20T10:31:50Z
ResponseParameter:  billNo: 1426847512187 | endTime:2015-03-20 10:31:50

2015-03-20T10:31:50Z
successcode=0&Ref=1426847512187&PayRef=1210075726&Amt=100.0&Cur=608&prc=0&src=0&Ord=12345678&Holder=Juan Dela Cruz&AuthId=075726&TxTime=2015-03-20 18:31:59.0&errMsg=Transaction completed







2015-03-20T10:39:58Z
RequestParameter:  billNo: 1426848001194 | startTime:2015-03-20 10:39:58

2015-03-20T10:39:58Z
https://test.pesopay.com/b2cDemo/eng/directPay/payComp.jsp?payType=N&merchantId=18062075&pMethod=VISA&lang=E&cardHolder=Juan%20Dela%20Cruz&cardNo=4************005&securityCode=***&epMonth=07&epYear=2015&amount=101&currCode=608&orderRef=1426848001194&remark=10002

2015-03-20T10:39:58Z
ResponseParameter:  billNo: 1426848001194 | endTime:2015-03-20 10:39:58

2015-03-20T10:39:58Z
successcode=0&Ref=1426848001194&PayRef=1210075727&Amt=101.0&Cur=608&prc=0&src=0&Ord=12345678&Holder=Juan Dela Cruz&AuthId=075727&TxTime=2015-03-20 18:40:08.0&errMsg=Transaction completed







2015-03-20T11:07:19Z
RequestParameter:  billNo: 1426849643458 | startTime:2015-03-20 11:07:19

2015-03-20T11:07:19Z
https://test.pesopay.com/b2cDemo/eng/directPay/payComp.jsp?payType=N&merchantId=18062075&pMethod=VISA&lang=E&cardHolder=Juan%20Dela%20Cruz&cardNo=4************005&securityCode=***&epMonth=07&epYear=2015&amount=103&currCode=608&orderRef=1426849643458&remark=10002

2015-03-20T11:07:20Z
ResponseParameter:  billNo: 1426849643458 | endTime:2015-03-20 11:07:20

2015-03-20T11:07:20Z
successcode=0&Ref=1426849643458&PayRef=1210075732&Amt=103.0&Cur=608&prc=0&src=0&Ord=12345678&Holder=Juan Dela Cruz&AuthId=075732&TxTime=2015-03-20 19:07:29.0&errMsg=Transaction completed







2015-03-20T11:34:22Z
RequestParameter:  billNo: 5ff085ede892489298b5897aaff80111 | startTime:2015-03-20 11:34:22

2015-03-20T11:34:22Z
https://test.pesopay.com/b2cDemo/eng/directPay/payComp.jsp?payType=N&merchantId=18062075&pMethod=VISA&lang=E&cardHolder=Juan%20Dela%20Cruz&cardNo=4************005&securityCode=***&epMonth=07&epYear=2015&amount=99&currCode=608&orderRef=5ff085ede892489298b5897aaff80111&remark=

2015-03-20T11:34:24Z
ResponseParameter:  billNo: 5ff085ede892489298b5897aaff80111 | endTime:2015-03-20 11:34:24

2015-03-20T11:34:24Z
successcode=0&Ref=5ff085ede892489298b5897aaff80111&PayRef=1210075738&Amt=99.0&Cur=608&prc=0&src=0&Ord=12345678&Holder=Juan Dela Cruz&AuthId=075738&TxTime=2015-03-20 19:34:33.0&errMsg=Transaction completed







2015-03-20T11:37:32Z
RequestParameter:  billNo: 142685010789433 | startTime:2015-03-20 11:37:32

2015-03-20T11:37:32Z
https://test.pesopay.com/b2cDemo/eng/directPay/payComp.jsp?payType=N&merchantId=18062075&pMethod=VISA&lang=E&cardHolder=Juan%20Dela%20Cruz&cardNo=4************005&securityCode=***&epMonth=07&epYear=2015&amount=10&currCode=608&orderRef=142685010789433&remark=10002

2015-03-20T11:37:34Z
ResponseParameter:  billNo: 142685010789433 | endTime:2015-03-20 11:37:34

2015-03-20T11:37:34Z
successcode=0&Ref=142685010789433&PayRef=1210075740&Amt=10.0&Cur=608&prc=0&src=0&Ord=12345678&Holder=Juan Dela Cruz&AuthId=075740&TxTime=2015-03-20 19:37:43.0&errMsg=Transaction completed







2015-03-20T11:54:43Z
RequestParameter:  billNo: 142685023 | startTime:2015-03-20 11:54:43

2015-03-20T11:54:43Z
https://test.pesopay.com/b2cDemo/eng/directPay/payComp.jsp?payType=N&merchantId=18062075&pMethod=VISA&lang=E&cardHolder=Juan%20Dela%20Cruz&cardNo=4************005&securityCode=***&epMonth=07&epYear=2015&amount=10&currCode=608&orderRef=142685023&remark=10002

2015-03-20T11:54:44Z
ResponseParameter:  billNo: 142685023 | endTime:2015-03-20 11:54:44

2015-03-20T11:54:44Z
successcode=0&Ref=142685023&PayRef=1210075743&Amt=10.0&Cur=608&prc=0&src=0&Ord=12345678&Holder=Juan Dela Cruz&AuthId=075743&TxTime=2015-03-20 19:54:53.0&errMsg=Transaction completed







2015-03-20T11:57:15Z
RequestParameter:  billNo: 1426850231 | startTime:2015-03-20 11:57:15

2015-03-20T11:57:15Z
https://test.pesopay.com/b2cDemo/eng/directPay/payComp.jsp?payType=N&merchantId=18062075&pMethod=VISA&lang=E&cardHolder=Juan%20Dela%20Cruz&cardNo=4************005&securityCode=***&epMonth=07&epYear=2015&amount=10&currCode=608&orderRef=1426850231&remark=10002

2015-03-20T11:57:16Z
ResponseParameter:  billNo: 1426850231 | endTime:2015-03-20 11:57:16

2015-03-20T11:57:16Z
successcode=0&Ref=1426850231&PayRef=1210075744&Amt=10.0&Cur=608&prc=0&src=0&Ord=12345678&Holder=Juan Dela Cruz&AuthId=075744&TxTime=2015-03-20 19:57:25.0&errMsg=Transaction completed







2015-03-20T12:03:32Z
RequestParameter:  billNo: 142685023111 | startTime:2015-03-20 12:03:32

2015-03-20T12:03:32Z
https://test.pesopay.com/b2cDemo/eng/directPay/payComp.jsp?payType=N&merchantId=18062075&pMethod=VISA&lang=E&cardHolder=Juan%20Dela%20Cruz&cardNo=4************005&securityCode=***&epMonth=07&epYear=2015&amount=10&currCode=608&orderRef=142685023111&remark=10002

2015-03-20T12:03:33Z
ResponseParameter:  billNo: 142685023111 | endTime:2015-03-20 12:03:33

2015-03-20T12:03:33Z
successcode=0&Ref=142685023111&PayRef=1210075745&Amt=10.0&Cur=608&prc=0&src=0&Ord=12345678&Holder=Juan Dela Cruz&AuthId=075745&TxTime=2015-03-20 20:03:42.0&errMsg=Transaction completed







2015-03-20T12:04:32Z
RequestParameter:  billNo: 142685023112 | startTime:2015-03-20 12:04:32

2015-03-20T12:04:32Z
https://test.pesopay.com/b2cDemo/eng/directPay/payComp.jsp?payType=N&merchantId=18062075&pMethod=VISA&lang=E&cardHolder=Juan%20Dela%20Cruz&cardNo=4************005&securityCode=***&epMonth=07&epYear=2015&amount=10&currCode=608&orderRef=142685023112&remark=10002

2015-03-20T12:04:33Z
ResponseParameter:  billNo: 142685023112 | endTime:2015-03-20 12:04:33

2015-03-20T12:04:33Z
successcode=0&Ref=142685023112&PayRef=1210075746&Amt=10.0&Cur=608&prc=0&src=0&Ord=12345678&Holder=Juan Dela Cruz&AuthId=075746&TxTime=2015-03-20 20:04:42.0&errMsg=Transaction completed







2015-03-20T12:14:39Z
RequestParameter:  billNo: 591cc365248b44cfa95d167c1d0390d1 | startTime:2015-03-20 12:14:39

2015-03-20T12:14:39Z
https://test.pesopay.com/b2cDemo/eng/directPay/payComp.jsp?payType=N&merchantId=18062075&pMethod=VISA&lang=E&cardHolder=erfdf%20dfhd&cardNo=4************63&securityCode=***&epMonth=02&epYear=2016&amount=200&currCode=608&orderRef=591cc365248b44cfa95d167c1d0390d1&remark=

2015-03-20T12:14:40Z
ResponseParameter:  billNo: 591cc365248b44cfa95d167c1d0390d1 | endTime:2015-03-20 12:14:40

2015-03-20T12:14:40Z
successcode=-1&Ref=&PayRef=&Amt=&Cur=&prc=&src=&Ord=&Holder=&AuthId=&TxTime=&errMsg=Parameter cardNo incorrect


2015-03-20T12:15:49Z
RequestParameter:  billNo: b454eef9ff1f40eba40e546424759ece | startTime:2015-03-20 12:15:49

2015-03-20T12:15:49Z
https://test.pesopay.com/b2cDemo/eng/directPay/payComp.jsp?payType=N&merchantId=18062075&pMethod=VISA&lang=E&cardHolder=erfdf%20dfhd&cardNo=4************63&securityCode=***&epMonth=02&epYear=2016&amount=200&currCode=608&orderRef=b454eef9ff1f40eba40e546424759ece&remark=

2015-03-20T12:15:49Z
ResponseParameter:  billNo: b454eef9ff1f40eba40e546424759ece | endTime:2015-03-20 12:15:49

2015-03-20T12:15:49Z
successcode=-1&Ref=&PayRef=&Amt=&Cur=&prc=&src=&Ord=&Holder=&AuthId=&TxTime=&errMsg=Parameter cardNo incorrect


2015-03-20T12:16:49Z
RequestParameter:  billNo: a5dda310499146a49976f25e1a125a11 | startTime:2015-03-20 12:16:49

2015-03-20T12:16:49Z
https://test.pesopay.com/b2cDemo/eng/directPay/payComp.jsp?payType=N&merchantId=18062075&pMethod=VISA&lang=E&cardHolder=erfdf%20dfhd&cardNo=4************63&securityCode=***&epMonth=02&epYear=2016&amount=200&currCode=608&orderRef=a5dda310499146a49976f25e1a125a11&remark=

2015-03-20T12:16:49Z
ResponseParameter:  billNo: a5dda310499146a49976f25e1a125a11 | endTime:2015-03-20 12:16:49

2015-03-20T12:16:49Z
successcode=-1&Ref=&PayRef=&Amt=&Cur=&prc=&src=&Ord=&Holder=&AuthId=&TxTime=&errMsg=Parameter cardNo incorrect


2015-03-20T14:47:53Z
RequestParameter:  billNo: 14268560635471 | startTime:2015-03-20 14:47:53

2015-03-20T14:47:53Z
https://test.pesopay.com/b2cDemo/eng/directPay/payComp.jsp?payType=N&merchantId=18062075&pMethod=VISA&lang=E&cardHolder=Juan%20Dela%20Cruz&cardNo=4************005&securityCode=***&epMonth=07&epYear=2015&amount=100&currCode=608&orderRef=14268560635471&remark=10002

2015-03-20T14:47:55Z
ResponseParameter:  billNo: 14268560635471 | endTime:2015-03-20 14:47:55

2015-03-20T14:47:55Z
successcode=0&Ref=14268560635471&PayRef=1210075748&Amt=100.0&Cur=608&prc=0&src=0&Ord=12345678&Holder=Juan Dela Cruz&AuthId=075748&TxTime=2015-03-20 22:48:04.0&errMsg=Transaction completed







2015-03-20T15:31:15Z
RequestParameter:  billNo: 1426865481873 | startTime:2015-03-20 15:31:15

2015-03-20T15:31:15Z
https://test.pesopay.com/b2cDemo/eng/directPay/payComp.jsp?payType=N&merchantId=18062075&pMethod=VISA&lang=E&cardHolder=Juan%20Dela%20Cruz&cardNo=4************005&securityCode=***&epMonth=07&epYear=2015&amount=100&currCode=608&orderRef=1426865481873&remark=10002

2015-03-20T15:31:17Z
ResponseParameter:  billNo: 1426865481873 | endTime:2015-03-20 15:31:17

2015-03-20T15:31:17Z
successcode=0&Ref=1426865481873&PayRef=1210075749&Amt=100.0&Cur=608&prc=0&src=0&Ord=12345678&Holder=Juan Dela Cruz&AuthId=075749&TxTime=2015-03-20 23:31:26.0&errMsg=Transaction completed







2015-03-20T15:34:56Z
RequestParameter:  billNo: 1426865702163 | startTime:2015-03-20 15:34:56

2015-03-20T15:34:56Z
https://test.pesopay.com/b2cDemo/eng/directPay/payComp.jsp?payType=N&merchantId=18062075&pMethod=VISA&lang=E&cardHolder=Juan%20Dela%20Cruz&cardNo=4************005&securityCode=***&epMonth=07&epYear=2015&amount=100&currCode=608&orderRef=1426865702163&remark=10002

2015-03-20T15:34:57Z
ResponseParameter:  billNo: 1426865702163 | endTime:2015-03-20 15:34:57

2015-03-20T15:34:57Z
successcode=0&Ref=1426865702163&PayRef=1210075750&Amt=100.0&Cur=608&prc=0&src=0&Ord=12345678&Holder=Juan Dela Cruz&AuthId=075750&TxTime=2015-03-20 23:35:06.0&errMsg=Transaction completed







2015-03-20T22:38:42Z
RequestParameter:  billNo: TEaNX1426891119 | startTime:2015-03-20 22:38:42

2015-03-20T22:38:42Z
https://test.pesopay.com/b2cDemo/eng/directPay/payComp.jsp?payType=N&merchantId=18062075&pMethod=VISA&lang=E&cardHolder=Juan%20Dela%20Cruz&cardNo=4************004&securityCode=***&epMonth=07&epYear=2017&amount=10&currCode=840&orderRef=TEaNX1426891119&remark=Remarks

2015-03-20T22:38:43Z
ResponseParameter:  billNo: TEaNX1426891119 | endTime:2015-03-20 22:38:43

2015-03-20T22:38:43Z
successcode=-1&Ref=&PayRef=&Amt=&Cur=&prc=&src=&Ord=&Holder=&AuthId=&TxTime=&errMsg=Parameter currCode incorrect


2015-03-20T22:42:13Z
RequestParameter:  billNo: mbDwY1426891330 | startTime:2015-03-20 22:42:13

2015-03-20T22:42:13Z
https://test.pesopay.com/b2cDemo/eng/directPay/payComp.jsp?payType=N&merchantId=18062075&pMethod=VISA&lang=E&cardHolder=Juan%20Dela%20Cruz&cardNo=4************004&securityCode=***&epMonth=07&epYear=2017&amount=10&currCode=840&orderRef=mbDwY1426891330&remark=Remarks

2015-03-20T22:42:13Z
ResponseParameter:  billNo: mbDwY1426891330 | endTime:2015-03-20 22:42:13

2015-03-20T22:42:13Z
successcode=-1&Ref=&PayRef=&Amt=&Cur=&prc=&src=&Ord=&Holder=&AuthId=&TxTime=&errMsg=Parameter currCode incorrect


2015-03-20T22:47:03Z
RequestParameter:  billNo: a65O81426891622 | startTime:2015-03-20 22:47:03

2015-03-20T22:47:03Z
https://test.pesopay.com/b2cDemo/eng/directPay/payComp.jsp?payType=N&merchantId=18062075&pMethod=VISA&lang=E&cardHolder=Juan%20Dela%20Cruz&cardNo=4************004&securityCode=***&epMonth=07&epYear=2017&amount=10&currCode=840&orderRef=a65O81426891622&remark=Remarks

2015-03-20T22:47:04Z
ResponseParameter:  billNo: a65O81426891622 | endTime:2015-03-20 22:47:04

2015-03-20T22:47:04Z
successcode=-1&Ref=&PayRef=&Amt=&Cur=&prc=&src=&Ord=&Holder=&AuthId=&TxTime=&errMsg=Parameter currCode incorrect


2015-03-20T22:51:03Z
RequestParameter:  billNo: m4GvS1426891861 | startTime:2015-03-20 22:51:03

2015-03-20T22:51:03Z
https://test.pesopay.com/b2cDemo/eng/directPay/payComp.jsp?payType=N&merchantId=18062075&pMethod=VISA&lang=E&cardHolder=Juan%20Dela%20Cruz&cardNo=4************005&securityCode=***&epMonth=07&epYear=2017&amount=10&currCode=840&orderRef=m4GvS1426891861&remark=Remarks

2015-03-20T22:51:04Z
ResponseParameter:  billNo: m4GvS1426891861 | endTime:2015-03-20 22:51:04

2015-03-20T22:51:04Z
successcode=-1&Ref=&PayRef=&Amt=&Cur=&prc=&src=&Ord=&Holder=&AuthId=&TxTime=&errMsg=Parameter currCode incorrect


2015-03-20T22:52:53Z
RequestParameter:  billNo: Lsp9U1426891971 | startTime:2015-03-20 22:52:53

2015-03-20T22:52:53Z
https://test.pesopay.com/b2cDemo/eng/directPay/payComp.jsp?payType=N&merchantId=18062075&pMethod=VISA&lang=E&cardHolder=Juan%20Dela%20Cruz&cardNo=4************005&securityCode=***&epMonth=07&epYear=2017&amount=10&currCode=840&orderRef=Lsp9U1426891971&remark=Remarks

2015-03-20T22:52:54Z
ResponseParameter:  billNo: Lsp9U1426891971 | endTime:2015-03-20 22:52:54

2015-03-20T22:52:54Z
successcode=-1&Ref=&PayRef=&Amt=&Cur=&prc=&src=&Ord=&Holder=&AuthId=&TxTime=&errMsg=Parameter currCode incorrect


2015-03-20T22:53:02Z
RequestParameter:  billNo: P5ka21426891980 | startTime:2015-03-20 22:53:02

2015-03-20T22:53:02Z
https://test.pesopay.com/b2cDemo/eng/directPay/payComp.jsp?payType=N&merchantId=18062075&pMethod=VISA&lang=E&cardHolder=Juan%20Dela%20Cruz&cardNo=4************005&securityCode=***&epMonth=07&epYear=2017&amount=10&currCode=840&orderRef=P5ka21426891980&remark=Remarks

2015-03-20T22:53:02Z
ResponseParameter:  billNo: P5ka21426891980 | endTime:2015-03-20 22:53:02

2015-03-20T22:53:02Z
successcode=-1&Ref=&PayRef=&Amt=&Cur=&prc=&src=&Ord=&Holder=&AuthId=&TxTime=&errMsg=Parameter currCode incorrect


2015-03-20T22:53:11Z
RequestParameter:  billNo: KUqiF1426891990 | startTime:2015-03-20 22:53:11

2015-03-20T22:53:11Z
https://test.pesopay.com/b2cDemo/eng/directPay/payComp.jsp?payType=N&merchantId=18062075&pMethod=VISA&lang=E&cardHolder=Juan%20Dela%20Cruz&cardNo=4************005&securityCode=***&epMonth=07&epYear=2017&amount=10&currCode=840&orderRef=KUqiF1426891990&remark=Remarks

2015-03-20T22:53:11Z
ResponseParameter:  billNo: KUqiF1426891990 | endTime:2015-03-20 22:53:11

2015-03-20T22:53:11Z
successcode=-1&Ref=&PayRef=&Amt=&Cur=&prc=&src=&Ord=&Holder=&AuthId=&TxTime=&errMsg=Parameter currCode incorrect


2015-03-20T22:53:19Z
RequestParameter:  billNo: 8tw5n1426891996 | startTime:2015-03-20 22:53:19

2015-03-20T22:53:19Z
https://test.pesopay.com/b2cDemo/eng/directPay/payComp.jsp?payType=N&merchantId=18062075&pMethod=VISA&lang=E&cardHolder=Juan%20Dela%20Cruz&cardNo=4************005&securityCode=***&epMonth=07&epYear=2017&amount=10&currCode=840&orderRef=8tw5n1426891996&remark=Remarks

2015-03-20T22:53:19Z
ResponseParameter:  billNo: 8tw5n1426891996 | endTime:2015-03-20 22:53:19

2015-03-20T22:53:19Z
successcode=-1&Ref=&PayRef=&Amt=&Cur=&prc=&src=&Ord=&Holder=&AuthId=&TxTime=&errMsg=Parameter currCode incorrect


2015-03-20T22:53:30Z
RequestParameter:  billNo: WJRmT1426892009 | startTime:2015-03-20 22:53:30

2015-03-20T22:53:30Z
https://test.pesopay.com/b2cDemo/eng/directPay/payComp.jsp?payType=N&merchantId=18062075&pMethod=VISA&lang=E&cardHolder=Juan%20Dela%20Cruz&cardNo=4************005&securityCode=***&epMonth=07&epYear=2017&amount=10&currCode=608&orderRef=WJRmT1426892009&remark=Remarks

2015-03-20T22:53:31Z
ResponseParameter:  billNo: WJRmT1426892009 | endTime:2015-03-20 22:53:31

2015-03-20T22:53:31Z
successcode=1&Ref=WJRmT1426892009&PayRef=1210075751&Amt=10.0&Cur=608&prc=-8&src=2001&Ord=12345678&Holder=Juan Dela Cruz&AuthId=&TxTime=2015-03-21 06:53:40.0&errMsg=Transaction failed







2015-03-20T22:57:16Z
RequestParameter:  billNo: aiolt1426892235 | startTime:2015-03-20 22:57:16

2015-03-20T22:57:16Z
https://test.pesopay.com/b2cDemo/eng/directPay/payComp.jsp?payType=N&merchantId=18062075&pMethod=VISA&lang=E&cardHolder=Juan%20Dela%20Cruz&cardNo=4************005&securityCode=***&epMonth=07&epYear=2017&amount=10&currCode=608&orderRef=aiolt1426892235&remark=Remarks

2015-03-20T22:57:17Z
ResponseParameter:  billNo: aiolt1426892235 | endTime:2015-03-20 22:57:17

2015-03-20T22:57:17Z
successcode=1&Ref=aiolt1426892235&PayRef=1210075752&Amt=10.0&Cur=608&prc=-8&src=2001&Ord=12345678&Holder=Juan Dela Cruz&AuthId=&TxTime=2015-03-21 06:57:26.0&errMsg=Transaction failed







2015-03-20T22:57:29Z
RequestParameter:  billNo: hYObS1426892248 | startTime:2015-03-20 22:57:29

2015-03-20T22:57:29Z
https://test.pesopay.com/b2cDemo/eng/directPay/payComp.jsp?payType=N&merchantId=18062075&pMethod=VISA&lang=E&cardHolder=Juan%20Dela%20Cruz&cardNo=4************005&securityCode=***&epMonth=07&epYear=2017&amount=10&currCode=608&orderRef=hYObS1426892248&remark=Remarks

2015-03-20T22:57:29Z
ResponseParameter:  billNo: hYObS1426892248 | endTime:2015-03-20 22:57:29

2015-03-20T22:57:29Z
successcode=1&Ref=hYObS1426892248&PayRef=1210075753&Amt=10.0&Cur=608&prc=-8&src=2001&Ord=12345678&Holder=Juan Dela Cruz&AuthId=&TxTime=2015-03-21 06:57:39.0&errMsg=Transaction failed







2015-03-20T22:59:13Z
RequestParameter:  billNo: dSDNq1426892351 | startTime:2015-03-20 22:59:13

2015-03-20T22:59:13Z
https://test.pesopay.com/b2cDemo/eng/directPay/payComp.jsp?payType=N&merchantId=18062075&pMethod=VISA&lang=E&cardHolder=Juan%20Dela%20Cruz&cardNo=4************005&securityCode=***&epMonth=07&epYear=2017&amount=10&currCode=608&orderRef=dSDNq1426892351&remark=Remarks

2015-03-20T22:59:14Z
ResponseParameter:  billNo: dSDNq1426892351 | endTime:2015-03-20 22:59:14

2015-03-20T22:59:14Z
successcode=1&Ref=dSDNq1426892351&PayRef=1210075754&Amt=10.0&Cur=608&prc=-8&src=2001&Ord=12345678&Holder=Juan Dela Cruz&AuthId=&TxTime=2015-03-21 06:59:23.0&errMsg=Transaction failed







2015-03-20T22:59:20Z
RequestParameter:  billNo: qoG5y1426892359 | startTime:2015-03-20 22:59:20

2015-03-20T22:59:20Z
https://test.pesopay.com/b2cDemo/eng/directPay/payComp.jsp?payType=N&merchantId=18062075&pMethod=VISA&lang=E&cardHolder=Juan%20Dela%20Cruz&cardNo=4************005&securityCode=***&epMonth=07&epYear=2017&amount=10&currCode=608&orderRef=qoG5y1426892359&remark=Remarks

2015-03-20T22:59:21Z
ResponseParameter:  billNo: qoG5y1426892359 | endTime:2015-03-20 22:59:21

2015-03-20T22:59:21Z
successcode=1&Ref=qoG5y1426892359&PayRef=1210075755&Amt=10.0&Cur=608&prc=-8&src=2001&Ord=12345678&Holder=Juan Dela Cruz&AuthId=&TxTime=2015-03-21 06:59:30.0&errMsg=Transaction failed







2015-03-20T23:00:54Z
RequestParameter:  billNo: mKoWR1426892453 | startTime:2015-03-20 23:00:54

2015-03-20T23:00:54Z
https://test.pesopay.com/b2cDemo/eng/directPay/payComp.jsp?payType=N&merchantId=18062075&pMethod=VISA&lang=E&cardHolder=Juan%20Dela%20Cruz&cardNo=4************005&securityCode=***&epMonth=07&epYear=2015&amount=10&currCode=608&orderRef=mKoWR1426892453&remark=Remarks

2015-03-20T23:00:55Z
ResponseParameter:  billNo: mKoWR1426892453 | endTime:2015-03-20 23:00:55

2015-03-20T23:00:55Z
successcode=0&Ref=mKoWR1426892453&PayRef=1210075756&Amt=10.0&Cur=608&prc=0&src=0&Ord=12345678&Holder=Juan Dela Cruz&AuthId=075756&TxTime=2015-03-21 07:01:04.0&errMsg=Transaction completed







2015-03-20T23:01:51Z
RequestParameter:  billNo: v4YjD1426892510 | startTime:2015-03-20 23:01:51

2015-03-20T23:01:51Z
https://test.pesopay.com/b2cDemo/eng/directPay/payComp.jsp?payType=N&merchantId=18062075&pMethod=VISA&lang=E&cardHolder=Juan%20Dela%20Cruz&cardNo=4************005&securityCode=***&epMonth=07&epYear=2017&amount=10&currCode=840&orderRef=v4YjD1426892510&remark=Remarks

2015-03-20T23:01:51Z
ResponseParameter:  billNo: v4YjD1426892510 | endTime:2015-03-20 23:01:51

2015-03-20T23:01:51Z
successcode=-1&Ref=&PayRef=&Amt=&Cur=&prc=&src=&Ord=&Holder=&AuthId=&TxTime=&errMsg=Parameter currCode incorrect


2015-03-20T23:02:10Z
RequestParameter:  billNo: fGZXy1426892529 | startTime:2015-03-20 23:02:10

2015-03-20T23:02:10Z
https://test.pesopay.com/b2cDemo/eng/directPay/payComp.jsp?payType=N&merchantId=18062075&pMethod=VISA&lang=E&cardHolder=Juan%20Dela%20Cruz&cardNo=4************005&securityCode=***&epMonth=07&epYear=2017&amount=10&currCode=840&orderRef=fGZXy1426892529&remark=Remarks

2015-03-20T23:02:11Z
ResponseParameter:  billNo: fGZXy1426892529 | endTime:2015-03-20 23:02:11

2015-03-20T23:02:11Z
successcode=-1&Ref=&PayRef=&Amt=&Cur=&prc=&src=&Ord=&Holder=&AuthId=&TxTime=&errMsg=Parameter currCode incorrect


2015-03-20T23:02:25Z
RequestParameter:  billNo: jzXAG1426892544 | startTime:2015-03-20 23:02:25

2015-03-20T23:02:25Z
https://test.pesopay.com/b2cDemo/eng/directPay/payComp.jsp?payType=N&merchantId=18062075&pMethod=VISA&lang=E&cardHolder=Juan%20Dela%20Cruz&cardNo=4************005&securityCode=***&epMonth=07&epYear=2017&amount=10&currCode=840&orderRef=jzXAG1426892544&remark=Remarks

2015-03-20T23:02:25Z
ResponseParameter:  billNo: jzXAG1426892544 | endTime:2015-03-20 23:02:25

2015-03-20T23:02:25Z
successcode=-1&Ref=&PayRef=&Amt=&Cur=&prc=&src=&Ord=&Holder=&AuthId=&TxTime=&errMsg=Parameter currCode incorrect


2015-03-20T23:03:09Z
RequestParameter:  billNo: 372mM1426892588 | startTime:2015-03-20 23:03:09

2015-03-20T23:03:09Z
https://test.pesopay.com/b2cDemo/eng/directPay/payComp.jsp?payType=N&merchantId=18062075&pMethod=VISA&lang=E&cardHolder=Juan%20Dela%20Cruz&cardNo=4************005&securityCode=***&epMonth=07&epYear=2017&amount=10&currCode=840&orderRef=372mM1426892588&remark=Remarks

2015-03-20T23:03:09Z
ResponseParameter:  billNo: 372mM1426892588 | endTime:2015-03-20 23:03:09

2015-03-20T23:03:09Z
successcode=-1&Ref=&PayRef=&Amt=&Cur=&prc=&src=&Ord=&Holder=&AuthId=&TxTime=&errMsg=Parameter currCode incorrect


2015-03-20T23:03:15Z
RequestParameter:  billNo: LpWbw1426892594 | startTime:2015-03-20 23:03:15

2015-03-20T23:03:15Z
https://test.pesopay.com/b2cDemo/eng/directPay/payComp.jsp?payType=N&merchantId=18062075&pMethod=VISA&lang=E&cardHolder=Juan%20Dela%20Cruz&cardNo=4************005&securityCode=***&epMonth=07&epYear=2017&amount=10&currCode=840&orderRef=LpWbw1426892594&remark=Remarks

2015-03-20T23:03:15Z
ResponseParameter:  billNo: LpWbw1426892594 | endTime:2015-03-20 23:03:15

2015-03-20T23:03:15Z
successcode=-1&Ref=&PayRef=&Amt=&Cur=&prc=&src=&Ord=&Holder=&AuthId=&TxTime=&errMsg=Parameter currCode incorrect


2015-03-20T23:03:21Z
RequestParameter:  billNo: 3PyjZ1426892600 | startTime:2015-03-20 23:03:21

2015-03-20T23:03:21Z
https://test.pesopay.com/b2cDemo/eng/directPay/payComp.jsp?payType=N&merchantId=18062075&pMethod=VISA&lang=E&cardHolder=Juan%20Dela%20Cruz&cardNo=4************005&securityCode=***&epMonth=07&epYear=2017&amount=10&currCode=840&orderRef=3PyjZ1426892600&remark=Remarks

2015-03-20T23:03:22Z
ResponseParameter:  billNo: 3PyjZ1426892600 | endTime:2015-03-20 23:03:22

2015-03-20T23:03:22Z
successcode=-1&Ref=&PayRef=&Amt=&Cur=&prc=&src=&Ord=&Holder=&AuthId=&TxTime=&errMsg=Parameter currCode incorrect


2015-03-20T23:04:00Z
RequestParameter:  billNo: yO59D1426892639 | startTime:2015-03-20 23:04:00

2015-03-20T23:04:00Z
https://test.pesopay.com/b2cDemo/eng/directPay/payComp.jsp?payType=N&merchantId=18062075&pMethod=VISA&lang=E&cardHolder=Juan%20Dela%20Cruz&cardNo=4************005&securityCode=***&epMonth=07&epYear=2015&amount=10&currCode=608&orderRef=yO59D1426892639&remark=Remarks

2015-03-20T23:04:01Z
ResponseParameter:  billNo: yO59D1426892639 | endTime:2015-03-20 23:04:01

2015-03-20T23:04:01Z
successcode=0&Ref=yO59D1426892639&PayRef=1210075757&Amt=10.0&Cur=608&prc=0&src=0&Ord=12345678&Holder=Juan Dela Cruz&AuthId=075757&TxTime=2015-03-21 07:04:10.0&errMsg=Transaction completed







2015-03-20T23:04:51Z
RequestParameter:  billNo: mPNoL1426892690 | startTime:2015-03-20 23:04:51

2015-03-20T23:04:51Z
https://test.pesopay.com/b2cDemo/eng/directPay/payComp.jsp?payType=N&merchantId=18062075&pMethod=VISA&lang=E&cardHolder=Juan%20Dela%20Cruz&cardNo=4************005&securityCode=***&epMonth=07&epYear=2017&amount=10&currCode=840&orderRef=mPNoL1426892690&remark=Remarks

2015-03-20T23:04:51Z
ResponseParameter:  billNo: mPNoL1426892690 | endTime:2015-03-20 23:04:51

2015-03-20T23:04:51Z
successcode=-1&Ref=&PayRef=&Amt=&Cur=&prc=&src=&Ord=&Holder=&AuthId=&TxTime=&errMsg=Parameter currCode incorrect


2015-03-20T23:06:56Z
RequestParameter:  billNo: 8s9fG1426892815 | startTime:2015-03-20 23:06:56

2015-03-20T23:06:56Z
https://test.pesopay.com/b2cDemo/eng/directPay/payComp.jsp?payType=N&merchantId=18062075&pMethod=VISA&lang=E&cardHolder=Juan%20Dela%20Cruz&cardNo=4************005&securityCode=***&epMonth=07&epYear=2017&amount=10&currCode=840&orderRef=8s9fG1426892815&remark=Remarks

2015-03-20T23:06:56Z
ResponseParameter:  billNo: 8s9fG1426892815 | endTime:2015-03-20 23:06:56

2015-03-20T23:06:56Z
successcode=-1&Ref=&PayRef=&Amt=&Cur=&prc=&src=&Ord=&Holder=&AuthId=&TxTime=&errMsg=Parameter currCode incorrect


2015-03-20T23:08:01Z
RequestParameter:  billNo: ZLqRr1426892880 | startTime:2015-03-20 23:08:01

2015-03-20T23:08:01Z
https://test.pesopay.com/b2cDemo/eng/directPay/payComp.jsp?payType=N&merchantId=18062075&pMethod=VISA&lang=E&cardHolder=Juan%20Dela%20Cruz&cardNo=4************005&securityCode=***&epMonth=07&epYear=2017&amount=10&currCode=840&orderRef=ZLqRr1426892880&remark=Remarks

2015-03-20T23:08:01Z
ResponseParameter:  billNo: ZLqRr1426892880 | endTime:2015-03-20 23:08:01

2015-03-20T23:08:01Z
successcode=-1&Ref=&PayRef=&Amt=&Cur=&prc=&src=&Ord=&Holder=&AuthId=&TxTime=&errMsg=Parameter currCode incorrect


2015-03-20T23:08:12Z
RequestParameter:  billNo: PbG9i1426892891 | startTime:2015-03-20 23:08:12

2015-03-20T23:08:12Z
https://test.pesopay.com/b2cDemo/eng/directPay/payComp.jsp?payType=N&merchantId=18062075&pMethod=VISA&lang=E&cardHolder=Juan%20Dela%20Cruz&cardNo=4************005&securityCode=***&epMonth=07&epYear=2017&amount=10&currCode=840&orderRef=PbG9i1426892891&remark=Remarks

2015-03-20T23:08:13Z
ResponseParameter:  billNo: PbG9i1426892891 | endTime:2015-03-20 23:08:13

2015-03-20T23:08:13Z
successcode=-1&Ref=&PayRef=&Amt=&Cur=&prc=&src=&Ord=&Holder=&AuthId=&TxTime=&errMsg=Parameter currCode incorrect


2015-03-20T23:08:56Z
RequestParameter:  billNo: A8Pc71426892934 | startTime:2015-03-20 23:08:56

2015-03-20T23:08:56Z
https://test.pesopay.com/b2cDemo/eng/directPay/payComp.jsp?payType=N&merchantId=18062075&pMethod=VISA&lang=E&cardHolder=Juan%20Dela%20Cruz&cardNo=4************005&securityCode=***&epMonth=07&epYear=2017&amount=10&currCode=840&orderRef=A8Pc71426892934&remark=Remarks

2015-03-20T23:08:56Z
ResponseParameter:  billNo: A8Pc71426892934 | endTime:2015-03-20 23:08:56

2015-03-20T23:08:56Z
successcode=-1&Ref=&PayRef=&Amt=&Cur=&prc=&src=&Ord=&Holder=&AuthId=&TxTime=&errMsg=Parameter currCode incorrect


2015-03-20T23:09:02Z
RequestParameter:  billNo: 3z9Pw1426892940 | startTime:2015-03-20 23:09:02

2015-03-20T23:09:02Z
https://test.pesopay.com/b2cDemo/eng/directPay/payComp.jsp?payType=N&merchantId=18062075&pMethod=VISA&lang=E&cardHolder=Juan%20Dela%20Cruz&cardNo=4************005&securityCode=***&epMonth=07&epYear=2017&amount=10&currCode=840&orderRef=3z9Pw1426892940&remark=Remarks

2015-03-20T23:09:02Z
ResponseParameter:  billNo: 3z9Pw1426892940 | endTime:2015-03-20 23:09:02

2015-03-20T23:09:02Z
successcode=-1&Ref=&PayRef=&Amt=&Cur=&prc=&src=&Ord=&Holder=&AuthId=&TxTime=&errMsg=Parameter currCode incorrect


2015-03-20T23:09:07Z
RequestParameter:  billNo: FK0kP1426892946 | startTime:2015-03-20 23:09:07

2015-03-20T23:09:07Z
https://test.pesopay.com/b2cDemo/eng/directPay/payComp.jsp?payType=N&merchantId=18062075&pMethod=VISA&lang=E&cardHolder=Juan%20Dela%20Cruz&cardNo=4************005&securityCode=***&epMonth=07&epYear=2017&amount=10&currCode=840&orderRef=FK0kP1426892946&remark=Remarks

2015-03-20T23:09:07Z
ResponseParameter:  billNo: FK0kP1426892946 | endTime:2015-03-20 23:09:07

2015-03-20T23:09:07Z
successcode=-1&Ref=&PayRef=&Amt=&Cur=&prc=&src=&Ord=&Holder=&AuthId=&TxTime=&errMsg=Parameter currCode incorrect


2015-03-20T23:09:12Z
RequestParameter:  billNo: 5Inip1426892951 | startTime:2015-03-20 23:09:12

2015-03-20T23:09:12Z
https://test.pesopay.com/b2cDemo/eng/directPay/payComp.jsp?payType=N&merchantId=18062075&pMethod=VISA&lang=E&cardHolder=Juan%20Dela%20Cruz&cardNo=4************005&securityCode=***&epMonth=07&epYear=2017&amount=10&currCode=840&orderRef=5Inip1426892951&remark=Remarks

2015-03-20T23:09:12Z
ResponseParameter:  billNo: 5Inip1426892951 | endTime:2015-03-20 23:09:12

2015-03-20T23:09:12Z
successcode=-1&Ref=&PayRef=&Amt=&Cur=&prc=&src=&Ord=&Holder=&AuthId=&TxTime=&errMsg=Parameter currCode incorrect


2015-03-20T23:09:17Z
RequestParameter:  billNo: IQM3E1426892956 | startTime:2015-03-20 23:09:17

2015-03-20T23:09:17Z
https://test.pesopay.com/b2cDemo/eng/directPay/payComp.jsp?payType=N&merchantId=18062075&pMethod=VISA&lang=E&cardHolder=Juan%20Dela%20Cruz&cardNo=4************005&securityCode=***&epMonth=07&epYear=2017&amount=10&currCode=840&orderRef=IQM3E1426892956&remark=Remarks

2015-03-20T23:09:18Z
ResponseParameter:  billNo: IQM3E1426892956 | endTime:2015-03-20 23:09:18

2015-03-20T23:09:18Z
successcode=-1&Ref=&PayRef=&Amt=&Cur=&prc=&src=&Ord=&Holder=&AuthId=&TxTime=&errMsg=Parameter currCode incorrect


2015-03-20T23:09:24Z
RequestParameter:  billNo: ATHsC1426892962 | startTime:2015-03-20 23:09:24

2015-03-20T23:09:24Z
https://test.pesopay.com/b2cDemo/eng/directPay/payComp.jsp?payType=N&merchantId=18062075&pMethod=VISA&lang=E&cardHolder=Juan%20Dela%20Cruz&cardNo=4************005&securityCode=***&epMonth=07&epYear=2017&amount=10&currCode=840&orderRef=ATHsC1426892962&remark=Remarks

2015-03-20T23:09:24Z
ResponseParameter:  billNo: ATHsC1426892962 | endTime:2015-03-20 23:09:24

2015-03-20T23:09:24Z
successcode=-1&Ref=&PayRef=&Amt=&Cur=&prc=&src=&Ord=&Holder=&AuthId=&TxTime=&errMsg=Parameter currCode incorrect


2015-03-20T23:09:29Z
RequestParameter:  billNo: TYspk1426892968 | startTime:2015-03-20 23:09:29

2015-03-20T23:09:29Z
https://test.pesopay.com/b2cDemo/eng/directPay/payComp.jsp?payType=N&merchantId=18062075&pMethod=VISA&lang=E&cardHolder=Juan%20Dela%20Cruz&cardNo=4************005&securityCode=***&epMonth=07&epYear=2017&amount=10&currCode=840&orderRef=TYspk1426892968&remark=Remarks

2015-03-20T23:09:30Z
ResponseParameter:  billNo: TYspk1426892968 | endTime:2015-03-20 23:09:30

2015-03-20T23:09:30Z
successcode=-1&Ref=&PayRef=&Amt=&Cur=&prc=&src=&Ord=&Holder=&AuthId=&TxTime=&errMsg=Parameter currCode incorrect


2015-03-20T23:22:29Z
RequestParameter:  billNo: jtAwl1426893747 | startTime:2015-03-20 23:22:29

2015-03-20T23:22:29Z
https://test.pesopay.com/b2cDemo/eng/directPay/payComp.jsp?payType=N&merchantId=18062075&pMethod=VISA&lang=E&cardHolder=Juan%20Dela%20Cruz&cardNo=4************005&securityCode=***&epMonth=07&epYear=2017&amount=10&currCode=840&orderRef=jtAwl1426893747&remark=Remarks

2015-03-20T23:22:29Z
ResponseParameter:  billNo: jtAwl1426893747 | endTime:2015-03-20 23:22:29

2015-03-20T23:22:29Z
successcode=-1&Ref=&PayRef=&Amt=&Cur=&prc=&src=&Ord=&Holder=&AuthId=&TxTime=&errMsg=Parameter currCode incorrect


2015-03-20T23:28:21Z
RequestParameter:  billNo: YCwJ41426894100 | startTime:2015-03-20 23:28:21

2015-03-20T23:28:21Z
https://test.pesopay.com/b2cDemo/eng/directPay/payComp.jsp?payType=N&merchantId=18062075&pMethod=VISA&lang=E&cardHolder=Juan%20Dela%20Cruz&cardNo=4************005&securityCode=***&epMonth=07&epYear=2017&amount=10&currCode=840&orderRef=YCwJ41426894100&remark=Remarks

2015-03-20T23:28:21Z
ResponseParameter:  billNo: YCwJ41426894100 | endTime:2015-03-20 23:28:21

2015-03-20T23:28:21Z
successcode=-1&Ref=&PayRef=&Amt=&Cur=&prc=&src=&Ord=&Holder=&AuthId=&TxTime=&errMsg=Parameter currCode incorrect


2015-03-20T23:30:07Z
RequestParameter:  billNo: PNfuU1426894205 | startTime:2015-03-20 23:30:07

2015-03-20T23:30:07Z
https://test.pesopay.com/b2cDemo/eng/directPay/payComp.jsp?payType=N&merchantId=18062075&pMethod=VISA&lang=E&cardHolder=Juan%20Dela%20Cruz&cardNo=4************005&securityCode=***&epMonth=07&epYear=2017&amount=10&currCode=840&orderRef=PNfuU1426894205&remark=Remarks

2015-03-20T23:30:07Z
ResponseParameter:  billNo: PNfuU1426894205 | endTime:2015-03-20 23:30:07

2015-03-20T23:30:07Z
successcode=-1&Ref=&PayRef=&Amt=&Cur=&prc=&src=&Ord=&Holder=&AuthId=&TxTime=&errMsg=Parameter currCode incorrect


2015-03-20T23:30:34Z
RequestParameter:  billNo: yGPS91426894233 | startTime:2015-03-20 23:30:34

2015-03-20T23:30:34Z
https://test.pesopay.com/b2cDemo/eng/directPay/payComp.jsp?payType=N&merchantId=18062075&pMethod=VISA&lang=E&cardHolder=Juan%20Dela%20Cruz&cardNo=4************005&securityCode=***&epMonth=07&epYear=2015&amount=10&currCode=840&orderRef=yGPS91426894233&remark=Remarks

2015-03-20T23:30:35Z
ResponseParameter:  billNo: yGPS91426894233 | endTime:2015-03-20 23:30:35

2015-03-20T23:30:35Z
successcode=-1&Ref=&PayRef=&Amt=&Cur=&prc=&src=&Ord=&Holder=&AuthId=&TxTime=&errMsg=Parameter currCode incorrect


2015-03-20T23:30:46Z
RequestParameter:  billNo: InYuX1426894244 | startTime:2015-03-20 23:30:46

2015-03-20T23:30:46Z
https://test.pesopay.com/b2cDemo/eng/directPay/payComp.jsp?payType=N&merchantId=18062075&pMethod=VISA&lang=E&cardHolder=Juan%20Dela%20Cruz&cardNo=4************005&securityCode=***&epMonth=07&epYear=2015&amount=10&currCode=608&orderRef=InYuX1426894244&remark=Remarks

2015-03-20T23:30:47Z
ResponseParameter:  billNo: InYuX1426894244 | endTime:2015-03-20 23:30:47

2015-03-20T23:30:47Z
successcode=0&Ref=InYuX1426894244&PayRef=1210075758&Amt=10.0&Cur=608&prc=0&src=0&Ord=12345678&Holder=Juan Dela Cruz&AuthId=075758&TxTime=2015-03-21 07:30:56.0&errMsg=Transaction completed







2015-03-20T23:31:30Z
RequestParameter:  billNo: cAvtK1426894288 | startTime:2015-03-20 23:31:30

2015-03-20T23:31:30Z
https://test.pesopay.com/b2cDemo/eng/directPay/payComp.jsp?payType=N&merchantId=18062075&pMethod=VISA&lang=E&cardHolder=Juan%20Dela%20Cruz&cardNo=4************005&securityCode=***&epMonth=07&epYear=2017&amount=10&currCode=840&orderRef=cAvtK1426894288&remark=Remarks

2015-03-20T23:31:30Z
ResponseParameter:  billNo: cAvtK1426894288 | endTime:2015-03-20 23:31:30

2015-03-20T23:31:30Z
successcode=-1&Ref=&PayRef=&Amt=&Cur=&prc=&src=&Ord=&Holder=&AuthId=&TxTime=&errMsg=Parameter currCode incorrect


2015-03-20T23:49:30Z
RequestParameter:  billNo: 87i5T1426895369 | startTime:2015-03-20 23:49:30

2015-03-20T23:49:30Z
https://test.pesopay.com/b2cDemo/eng/directPay/payComp.jsp?payType=N&merchantId=18062075&pMethod=VISA&lang=E&cardHolder=Juan%20Dela%20Cruz&cardNo=4************005&securityCode=***&epMonth=07&epYear=2017&amount=10&currCode=840&orderRef=87i5T1426895369&remark=Remarks

2015-03-20T23:49:31Z
ResponseParameter:  billNo: 87i5T1426895369 | endTime:2015-03-20 23:49:31

2015-03-20T23:49:31Z
successcode=-1&Ref=&PayRef=&Amt=&Cur=&prc=&src=&Ord=&Holder=&AuthId=&TxTime=&errMsg=Parameter currCode incorrect


2015-03-20T23:49:36Z
RequestParameter:  billNo: puhN31426895375 | startTime:2015-03-20 23:49:36

2015-03-20T23:49:36Z
https://test.pesopay.com/b2cDemo/eng/directPay/payComp.jsp?payType=N&merchantId=18062075&pMethod=VISA&lang=E&cardHolder=Juan%20Dela%20Cruz&cardNo=4************005&securityCode=***&epMonth=07&epYear=2017&amount=10&currCode=840&orderRef=puhN31426895375&remark=Remarks

2015-03-20T23:49:37Z
ResponseParameter:  billNo: puhN31426895375 | endTime:2015-03-20 23:49:37

2015-03-20T23:49:37Z
successcode=-1&Ref=&PayRef=&Amt=&Cur=&prc=&src=&Ord=&Holder=&AuthId=&TxTime=&errMsg=Parameter currCode incorrect


2015-03-20T23:49:43Z
RequestParameter:  billNo: rxUDO1426895382 | startTime:2015-03-20 23:49:43

2015-03-20T23:49:43Z
https://test.pesopay.com/b2cDemo/eng/directPay/payComp.jsp?payType=N&merchantId=18062075&pMethod=VISA&lang=E&cardHolder=Juan%20Dela%20Cruz&cardNo=4************005&securityCode=***&epMonth=07&epYear=2017&amount=10&currCode=840&orderRef=rxUDO1426895382&remark=Remarks

2015-03-20T23:49:43Z
ResponseParameter:  billNo: rxUDO1426895382 | endTime:2015-03-20 23:49:43

2015-03-20T23:49:43Z
successcode=-1&Ref=&PayRef=&Amt=&Cur=&prc=&src=&Ord=&Holder=&AuthId=&TxTime=&errMsg=Parameter currCode incorrect


2015-03-20T23:49:51Z
RequestParameter:  billNo: LARNw1426895388 | startTime:2015-03-20 23:49:51

2015-03-20T23:49:51Z
https://test.pesopay.com/b2cDemo/eng/directPay/payComp.jsp?payType=N&merchantId=18062075&pMethod=VISA&lang=E&cardHolder=Juan%20Dela%20Cruz&cardNo=4************005&securityCode=***&epMonth=07&epYear=2017&amount=10&currCode=840&orderRef=LARNw1426895388&remark=Remarks

2015-03-20T23:49:51Z
ResponseParameter:  billNo: LARNw1426895388 | endTime:2015-03-20 23:49:51

2015-03-20T23:49:51Z
successcode=-1&Ref=&PayRef=&Amt=&Cur=&prc=&src=&Ord=&Holder=&AuthId=&TxTime=&errMsg=Parameter currCode incorrect


