2015-11-09T03:39:29Z
RequestParameter:  billNo: 6427-10007880_1447040374_69803 | startTime:2015-11-09 03:39:29

2015-11-09T03:39:29Z
Array
(
    [MODE] => U
    [FRMT] => XML
    [VERS] => 0630
    [MERC] => 680000
    [SESS] => 8081ad074af24f5ab220c9c6a31ceb2e
    [TRAN] => 33H10P9KKPNM
    [AUTH] => D
    [MACK] => Y
)


2015-11-09T03:39:31Z
ResponseParameter:  billNo: 6427-10007880_1447040374_69803 | endTime:2015-11-09 03:39:31

2015-11-09T03:39:31Z
<?xml version="1.0" encoding="UTF-8"?>
<RESPONSE>
  <VERS>0630</VERS>
  <MODE>U</MODE>
  <TRAN>33H10P9KKPNM</TRAN>
  <MERC>680000</MERC>
  <SESS>8081ad074af24f5ab220c9c6a31ceb2e</SESS>
  <RULES_TRIGGERED>0</RULES_TRIGGERED>
  <COUNTERS_TRIGGERED>0</COUNTERS_TRIGGERED>
  <REASON_CODE></REASON_CODE>
  <MASTERCARD></MASTERCARD>
  <WARNING_COUNT>0</WARNING_COUNT>
</RESPONSE>

2015-11-09T03:51:08Z
RequestParameter:  billNo: 6427-10007880_1447041072_72377 | startTime:2015-11-09 03:51:08

2015-11-09T03:51:08Z
Array
(
    [MODE] => U
    [FRMT] => XML
    [VERS] => 0630
    [MERC] => 680000
    [SESS] => 8081ad074af24f5ab220c9c6a31ceb2e
    [TRAN] => 33H10LCKMJZM
    [AUTH] => D
    [MACK] => Y
)


2015-11-09T03:51:09Z
ResponseParameter:  billNo: 6427-10007880_1447041072_72377 | endTime:2015-11-09 03:51:09

2015-11-09T03:51:09Z
<?xml version="1.0" encoding="UTF-8"?>
<RESPONSE>
  <VERS>0630</VERS>
  <MODE>U</MODE>
  <TRAN>33H10LCKMJZM</TRAN>
  <MERC>680000</MERC>
  <SESS>8081ad074af24f5ab220c9c6a31ceb2e</SESS>
  <RULES_TRIGGERED>0</RULES_TRIGGERED>
  <COUNTERS_TRIGGERED>0</COUNTERS_TRIGGERED>
  <REASON_CODE></REASON_CODE>
  <MASTERCARD></MASTERCARD>
  <WARNING_COUNT>0</WARNING_COUNT>
</RESPONSE>

2015-11-09T03:54:17Z
RequestParameter:  billNo: 6427-10007880_1447041262_89999 | startTime:2015-11-09 03:54:17

2015-11-09T03:54:17Z
Array
(
    [MODE] => U
    [FRMT] => XML
    [VERS] => 0630
    [MERC] => 680000
    [SESS] => 8081ad074af24f5ab220c9c6a31ceb2e
    [TRAN] => 33H1089BZ574
    [AUTH] => D
    [MACK] => Y
)


2015-11-09T03:54:18Z
ResponseParameter:  billNo: 6427-10007880_1447041262_89999 | endTime:2015-11-09 03:54:18

2015-11-09T03:54:18Z
<?xml version="1.0" encoding="UTF-8"?>
<RESPONSE>
  <VERS>0630</VERS>
  <MODE>U</MODE>
  <TRAN>33H1089BZ574</TRAN>
  <MERC>680000</MERC>
  <SESS>8081ad074af24f5ab220c9c6a31ceb2e</SESS>
  <RULES_TRIGGERED>0</RULES_TRIGGERED>
  <COUNTERS_TRIGGERED>0</COUNTERS_TRIGGERED>
  <REASON_CODE></REASON_CODE>
  <MASTERCARD></MASTERCARD>
  <WARNING_COUNT>0</WARNING_COUNT>
</RESPONSE>

2015-11-09T04:29:39Z
RequestParameter:  billNo: 6427-10007880_1447038663_78111 | startTime:2015-11-09 04:29:39

2015-11-09T04:29:39Z
Array
(
    [MODE] => U
    [FRMT] => XML
    [VERS] => 0630
    [MERC] => 680000
    [SESS] => 5563a3068771400f854812c37497c8de
    [TRAN] => 33H30B7S5VVL
    [AUTH] => D
    [MACK] => Y
)


2015-11-09T04:29:40Z
ResponseParameter:  billNo: 6427-10007880_1447038663_78111 | endTime:2015-11-09 04:29:40

2015-11-09T04:29:40Z
<?xml version="1.0" encoding="UTF-8"?>
<RESPONSE>
  <VERS>0630</VERS>
  <MODE>U</MODE>
  <TRAN>33H30B7S5VVL</TRAN>
  <MERC>680000</MERC>
  <SESS>5563a3068771400f854812c37497c8de</SESS>
  <RULES_TRIGGERED>0</RULES_TRIGGERED>
  <COUNTERS_TRIGGERED>0</COUNTERS_TRIGGERED>
  <REASON_CODE></REASON_CODE>
  <MASTERCARD></MASTERCARD>
  <WARNING_COUNT>0</WARNING_COUNT>
</RESPONSE>

2015-11-09T04:31:44Z
RequestParameter:  billNo: 6427-10007880_1447038663_78112 | startTime:2015-11-09 04:31:44

2015-11-09T04:31:44Z
Array
(
    [MODE] => U
    [FRMT] => XML
    [VERS] => 0630
    [MERC] => 680000
    [SESS] => 5563a3068771400f854812c37497c8de
    [TRAN] => 33H30NBQBKGC
    [AUTH] => D
    [MACK] => Y
)


2015-11-09T04:31:45Z
ResponseParameter:  billNo: 6427-10007880_1447038663_78112 | endTime:2015-11-09 04:31:45

2015-11-09T04:31:45Z
<?xml version="1.0" encoding="UTF-8"?>
<RESPONSE>
  <VERS>0630</VERS>
  <MODE>U</MODE>
  <TRAN>33H30NBQBKGC</TRAN>
  <MERC>680000</MERC>
  <SESS>5563a3068771400f854812c37497c8de</SESS>
  <RULES_TRIGGERED>0</RULES_TRIGGERED>
  <COUNTERS_TRIGGERED>0</COUNTERS_TRIGGERED>
  <REASON_CODE></REASON_CODE>
  <MASTERCARD></MASTERCARD>
  <WARNING_COUNT>0</WARNING_COUNT>
</RESPONSE>

2015-11-09T04:42:12Z
RequestParameter:  billNo: 6427-10007880_1447038663_78113 | startTime:2015-11-09 04:42:12

2015-11-09T04:42:12Z
Array
(
    [MODE] => U
    [FRMT] => XML
    [VERS] => 0630
    [MERC] => 680000
    [SESS] => 5563a3068771400f854812c37497c8de
    [TRAN] => 33H30SX3HCM9
    [AUTH] => D
    [MACK] => Y
)


2015-11-09T04:42:13Z
ResponseParameter:  billNo: 6427-10007880_1447038663_78113 | endTime:2015-11-09 04:42:13

2015-11-09T04:42:13Z
<?xml version="1.0" encoding="UTF-8"?>
<RESPONSE>
  <VERS>0630</VERS>
  <MODE>U</MODE>
  <TRAN>33H30SX3HCM9</TRAN>
  <MERC>680000</MERC>
  <SESS>5563a3068771400f854812c37497c8de</SESS>
  <RULES_TRIGGERED>0</RULES_TRIGGERED>
  <COUNTERS_TRIGGERED>0</COUNTERS_TRIGGERED>
  <REASON_CODE></REASON_CODE>
  <MASTERCARD></MASTERCARD>
  <WARNING_COUNT>0</WARNING_COUNT>
</RESPONSE>

