2015-03-16T06:20:56Z
RequestParameter:  billNo: P2kY5Sc900 | startTime:2015-03-16 06:20:56

2015-03-16T06:20:56Z
1

2015-03-16T06:20:58Z
ResponseParameter:  billNo: P2kY5Sc900 | endTime:2015-03-16 06:20:58

2015-03-16T06:20:58Z
<?xml version="1.0" encoding="UTF-8"?>
<RESPONSE>
  <VERS>0600</VERS>
  <MODE>U</MODE>
  <TRAN>3YMX0Z10CPRQ</TRAN>
  <MERC>680000</MERC>
  <SESS>00o8jk5iel9a05cfubmlu2uvd7</SESS>
  <RULES_TRIGGERED>0</RULES_TRIGGERED>
  <COUNTERS_TRIGGERED>0</COUNTERS_TRIGGERED>
  <REASON_CODE></REASON_CODE>
  <MASTERCARD></MASTERCARD>
  <WARNING_COUNT>0</WARNING_COUNT>
</RESPONSE>

2015-03-16T06:23:00Z
RequestParameter:  billNo: P2kY5Sc901 | startTime:2015-03-16 06:23:00

2015-03-16T06:23:00Z
1

2015-03-16T06:23:01Z
ResponseParameter:  billNo: P2kY5Sc901 | endTime:2015-03-16 06:23:01

2015-03-16T06:23:01Z
<?xml version="1.0" encoding="UTF-8"?>
<RESPONSE>
  <VERS>0600</VERS>
  <MODE>U</MODE>
  <TRAN>3YMX05WHKBJN</TRAN>
  <MERC>680000</MERC>
  <SESS>00o8jk5iel9a05cfubmlu2uvd7</SESS>
  <RULES_TRIGGERED>0</RULES_TRIGGERED>
  <COUNTERS_TRIGGERED>0</COUNTERS_TRIGGERED>
  <REASON_CODE></REASON_CODE>
  <MASTERCARD></MASTERCARD>
  <WARNING_COUNT>0</WARNING_COUNT>
</RESPONSE>

