2015-04-01T07:18:32Z
RequestParameter:  billNo: 8xeSD1427453730115 | startTime:2015-04-01 07:18:32

2015-04-01T07:18:32Z
?

2015-04-01T07:18:32Z
ResponseParameter:  billNo: 8xeSD1427453730115 | endTime:2015-04-01 07:18:32

2015-04-01T07:18:32Z
successcode=0&Ref=8xeSD1427453730115&PayRef=150401150432&Amt=10&Cur=840&prc=0&src=0&Ord=150401150432&Holder=&AuthId=0432&TxTime=15-04-01 15:04:32&errMsg=Transaction Completed.

2015-04-01T07:21:43Z
RequestParameter:  billNo: 8xeSD1427453730116 | startTime:2015-04-01 07:21:43

2015-04-01T07:21:43Z
?

2015-04-01T07:21:43Z
ResponseParameter:  billNo: 8xeSD1427453730116 | endTime:2015-04-01 07:21:43

2015-04-01T07:21:43Z
successcode=0&Ref=8xeSD1427453730116&PayRef=150401150443&Amt=10&Cur=840&prc=0&src=0&Ord=150401150443&Holder=&AuthId=0443&TxTime=15-04-01 15:04:43&errMsg=Transaction Completed.

2015-04-01T07:24:36Z
RequestParameter:  billNo: 8xeSD1427453730120 | startTime:2015-04-01 07:24:36

2015-04-01T07:24:36Z
?

2015-04-01T07:24:36Z
ResponseParameter:  billNo: 8xeSD1427453730120 | endTime:2015-04-01 07:24:36

2015-04-01T07:24:36Z
successcode=-1&Ref=8xeSD1427453730120&PayRef=150401150436&Amt=10&Cur=608&prc=&src=&Ord=150401150436&Holder=&AuthId=0436&TxTime=15-04-01 15:04:36&errMsg=Error: 1Parameter currCode incorrect

2015-04-01T07:45:01Z
RequestParameter:  billNo: 8xeSD1427453730121 | startTime:2015-04-01 07:45:01

2015-04-01T07:45:01Z
?

2015-04-01T07:45:01Z
ResponseParameter:  billNo: 8xeSD1427453730121 | endTime:2015-04-01 07:45:01

2015-04-01T07:45:01Z
successcode=0&Ref=8xeSD1427453730121&PayRef=150401150401&Amt=10&Cur=978&prc=0&src=0&Ord=150401150401&Holder=&AuthId=0401&TxTime=15-04-01 15:04:01&errMsg=Transaction Completed.

