2015-07-28T21:08:29Z
RequestParameter:  billNo: 595418636 | startTime:2015-07-28 21:08:29

2015-07-28T21:08:29Z
Array
(
    [MODE] => U
    [FRMT] => XML
    [VERS] => 0630
    [MERC] => 680000
    [SESS] => 595418636
    [TRAN] => 3Z7T0DZ4WR71
    [AUTH] => D
    [MACK] => Y
)


2015-07-28T21:08:30Z
ResponseParameter:  billNo: 595418636 | endTime:2015-07-28 21:08:30

2015-07-28T21:08:30Z
<?xml version="1.0" encoding="UTF-8"?>
<RESPONSE>
  <VERS>0630</VERS>
  <MODE>U</MODE>
  <TRAN>3Z7T0DZ4WR71</TRAN>
  <MERC>680000</MERC>
  <SESS>595418636</SESS>
  <RULES_TRIGGERED>0</RULES_TRIGGERED>
  <COUNTERS_TRIGGERED>0</COUNTERS_TRIGGERED>
  <REASON_CODE></REASON_CODE>
  <MASTERCARD></MASTERCARD>
  <WARNING_COUNT>0</WARNING_COUNT>
</RESPONSE>

