2015-05-26T13:22:30Z
RequestParameter:  billNo: bill635679061695555759 | startTime:2015-05-26 13:22:30

2015-05-26T13:22:30Z
Array
(
    [MODE] => U
    [FRMT] => XML
    [VERS] => 0630
    [MERC] => 680000
    [SESS] => sess635679061695555759
    [TRAN] => 30Y5091QM0JS
    [AUTH] => 
    [MACK] => Y
    [RFCB] => R
)


2015-05-26T13:22:31Z
ResponseParameter:  billNo: bill635679061695555759 | endTime:2015-05-26 13:22:31

2015-05-26T13:22:31Z
<?xml version="1.0" encoding="UTF-8"?>
<RESPONSE>
  <VERS>0630</VERS>
  <MODE>U</MODE>
  <TRAN>30Y5091QM0JS</TRAN>
  <MERC>680000</MERC>
  <SESS>sess635679061695555759</SESS>
  <RULES_TRIGGERED>0</RULES_TRIGGERED>
  <COUNTERS_TRIGGERED>0</COUNTERS_TRIGGERED>
  <REASON_CODE></REASON_CODE>
  <MASTERCARD></MASTERCARD>
  <WARNING_COUNT>0</WARNING_COUNT>
</RESPONSE>

