2015-11-18T05:10:00Z
Access DateTime:2015-11-18 05:10:00

2015-11-18T05:10:00Z
Array
(
    [REDIRECT_HTTPS] => on
    [REDIRECT_SSL_TLS_SNI] => apistage.paymentsystemsintegration.com
    [REDIRECT_STATUS] => 200
    [HTTPS] => on
    [SSL_TLS_SNI] => apistage.paymentsystemsintegration.com
    [HTTP_HOST] => apistage.paymentsystemsintegration.com
    [HTTP_USER_AGENT] => Mozilla/5.0 (Windows NT 6.3; WOW64; rv:42.0) Gecko/20100101 Firefox/42.0
    [HTTP_ACCEPT] => text/html,application/xhtml+xml,application/xml;q=0.9,*/*;q=0.8
    [HTTP_ACCEPT_LANGUAGE] => en-US,en;q=0.5
    [HTTP_ACCEPT_ENCODING] => gzip, deflate
    [HTTP_REFERER] => https://apiclient.paymentsystemsintegration.com/main/process/nginv2/paymentapi
    [HTTP_CONNECTION] => keep-alive
    [PATH] => /sbin:/usr/sbin:/bin:/usr/bin
    [SERVER_SIGNATURE] => 
    [SERVER_SOFTWARE] => Apache
    [SERVER_NAME] => apistage.paymentsystemsintegration.com
    [SERVER_ADDR] => 119.81.70.162
    [SERVER_PORT] => 443
    [REMOTE_ADDR] => 112.211.15.35
    [DOCUMENT_ROOT] => /var/www/html/PSI_stage
    [SERVER_ADMIN] => root@localhost
    [SCRIPT_FILENAME] => /var/www/html/PSI_stage/index.php
    [REMOTE_PORT] => 58192
    [REDIRECT_QUERY_STRING] => /dc/logo.htm
    [REDIRECT_URL] => /dc/logo.htm
    [GATEWAY_INTERFACE] => CGI/1.1
    [SERVER_PROTOCOL] => HTTP/1.1
    [REQUEST_METHOD] => GET
    [QUERY_STRING] => m=680000&s=4ef0fca1dnt0ska6mgnk56ced1
    [REQUEST_URI] => /dc/logo.htm?m=680000&s=4ef0fca1dnt0ska6mgnk56ced1
    [SCRIPT_NAME] => /index.php
    [PHP_SELF] => /index.php
    [REQUEST_TIME] => 1447823400
)


2015-11-18T05:10:39Z
Access DateTime:2015-11-18 05:10:39

2015-11-18T05:10:39Z
Array
(
    [REDIRECT_HTTPS] => on
    [REDIRECT_SSL_TLS_SNI] => apistage.paymentsystemsintegration.com
    [REDIRECT_STATUS] => 200
    [HTTPS] => on
    [SSL_TLS_SNI] => apistage.paymentsystemsintegration.com
    [HTTP_HOST] => apistage.paymentsystemsintegration.com
    [HTTP_USER_AGENT] => Mozilla/5.0 (Windows NT 6.3; WOW64; rv:42.0) Gecko/20100101 Firefox/42.0
    [HTTP_ACCEPT] => text/html,application/xhtml+xml,application/xml;q=0.9,*/*;q=0.8
    [HTTP_ACCEPT_LANGUAGE] => en-US,en;q=0.5
    [HTTP_ACCEPT_ENCODING] => gzip, deflate
    [HTTP_REFERER] => https://apiclient.paymentsystemsintegration.com/main/process/nginv2/paymentapi
    [HTTP_CONNECTION] => keep-alive
    [PATH] => /sbin:/usr/sbin:/bin:/usr/bin
    [SERVER_SIGNATURE] => 
    [SERVER_SOFTWARE] => Apache
    [SERVER_NAME] => apistage.paymentsystemsintegration.com
    [SERVER_ADDR] => 119.81.70.162
    [SERVER_PORT] => 443
    [REMOTE_ADDR] => 112.211.15.35
    [DOCUMENT_ROOT] => /var/www/html/PSI_stage
    [SERVER_ADMIN] => root@localhost
    [SCRIPT_FILENAME] => /var/www/html/PSI_stage/index.php
    [REMOTE_PORT] => 58259
    [REDIRECT_QUERY_STRING] => /dc/logo.htm
    [REDIRECT_URL] => /dc/logo.htm
    [GATEWAY_INTERFACE] => CGI/1.1
    [SERVER_PROTOCOL] => HTTP/1.1
    [REQUEST_METHOD] => GET
    [QUERY_STRING] => m=680000&s=4ef0fca1dnt0ska6mgnk56ced1
    [REQUEST_URI] => /dc/logo.htm?m=680000&s=4ef0fca1dnt0ska6mgnk56ced1
    [SCRIPT_NAME] => /index.php
    [PHP_SELF] => /index.php
    [REQUEST_TIME] => 1447823439
)


2015-11-18T05:11:58Z
Access DateTime:2015-11-18 05:11:58

2015-11-18T05:11:58Z
Array
(
    [REDIRECT_HTTPS] => on
    [REDIRECT_SSL_TLS_SNI] => apistage.paymentsystemsintegration.com
    [REDIRECT_STATUS] => 200
    [HTTPS] => on
    [SSL_TLS_SNI] => apistage.paymentsystemsintegration.com
    [HTTP_HOST] => apistage.paymentsystemsintegration.com
    [HTTP_USER_AGENT] => Mozilla/5.0 (Windows NT 6.3; WOW64; rv:42.0) Gecko/20100101 Firefox/42.0
    [HTTP_ACCEPT] => text/html,application/xhtml+xml,application/xml;q=0.9,*/*;q=0.8
    [HTTP_ACCEPT_LANGUAGE] => en-US,en;q=0.5
    [HTTP_ACCEPT_ENCODING] => gzip, deflate
    [HTTP_REFERER] => https://apiclient.paymentsystemsintegration.com/main/process/nginv2/paymentapi
    [HTTP_CONNECTION] => keep-alive
    [PATH] => /sbin:/usr/sbin:/bin:/usr/bin
    [SERVER_SIGNATURE] => 
    [SERVER_SOFTWARE] => Apache
    [SERVER_NAME] => apistage.paymentsystemsintegration.com
    [SERVER_ADDR] => 119.81.70.162
    [SERVER_PORT] => 443
    [REMOTE_ADDR] => 112.211.15.35
    [DOCUMENT_ROOT] => /var/www/html/PSI_stage
    [SERVER_ADMIN] => root@localhost
    [SCRIPT_FILENAME] => /var/www/html/PSI_stage/index.php
    [REMOTE_PORT] => 58356
    [REDIRECT_QUERY_STRING] => /dc/logo.htm
    [REDIRECT_URL] => /dc/logo.htm
    [GATEWAY_INTERFACE] => CGI/1.1
    [SERVER_PROTOCOL] => HTTP/1.1
    [REQUEST_METHOD] => GET
    [QUERY_STRING] => m=680000&s=4ef0fca1dnt0ska6mgnk56ced1
    [REQUEST_URI] => /dc/logo.htm?m=680000&s=4ef0fca1dnt0ska6mgnk56ced1
    [SCRIPT_NAME] => /index.php
    [PHP_SELF] => /index.php
    [REQUEST_TIME] => 1447823518
)


2015-11-18T05:13:29Z
Access DateTime:2015-11-18 05:13:29

2015-11-18T05:13:29Z
Array
(
    [REDIRECT_HTTPS] => on
    [REDIRECT_SSL_TLS_SNI] => apistage.paymentsystemsintegration.com
    [REDIRECT_STATUS] => 200
    [HTTPS] => on
    [SSL_TLS_SNI] => apistage.paymentsystemsintegration.com
    [HTTP_HOST] => apistage.paymentsystemsintegration.com
    [HTTP_USER_AGENT] => Mozilla/5.0 (Windows NT 6.3; WOW64; rv:42.0) Gecko/20100101 Firefox/42.0
    [HTTP_ACCEPT] => text/html,application/xhtml+xml,application/xml;q=0.9,*/*;q=0.8
    [HTTP_ACCEPT_LANGUAGE] => en-US,en;q=0.5
    [HTTP_ACCEPT_ENCODING] => gzip, deflate
    [HTTP_REFERER] => https://apiclient.paymentsystemsintegration.com/main/process/nginv2/paymentapi
    [HTTP_CONNECTION] => keep-alive
    [PATH] => /sbin:/usr/sbin:/bin:/usr/bin
    [SERVER_SIGNATURE] => 
    [SERVER_SOFTWARE] => Apache
    [SERVER_NAME] => apistage.paymentsystemsintegration.com
    [SERVER_ADDR] => 119.81.70.162
    [SERVER_PORT] => 443
    [REMOTE_ADDR] => 112.211.15.35
    [DOCUMENT_ROOT] => /var/www/html/PSI_stage
    [SERVER_ADMIN] => root@localhost
    [SCRIPT_FILENAME] => /var/www/html/PSI_stage/index.php
    [REMOTE_PORT] => 58475
    [REDIRECT_QUERY_STRING] => /dc/logo.htm
    [REDIRECT_URL] => /dc/logo.htm
    [GATEWAY_INTERFACE] => CGI/1.1
    [SERVER_PROTOCOL] => HTTP/1.1
    [REQUEST_METHOD] => GET
    [QUERY_STRING] => m=680000&s=4ef0fca1dnt0ska6mgnk56ced1
    [REQUEST_URI] => /dc/logo.htm?m=680000&s=4ef0fca1dnt0ska6mgnk56ced1
    [SCRIPT_NAME] => /index.php
    [PHP_SELF] => /index.php
    [REQUEST_TIME] => 1447823609
)


2015-11-18T05:16:37Z
Access DateTime:2015-11-18 05:16:37

2015-11-18T05:16:37Z
Array
(
    [REDIRECT_HTTPS] => on
    [REDIRECT_SSL_TLS_SNI] => apistage.paymentsystemsintegration.com
    [REDIRECT_STATUS] => 200
    [HTTPS] => on
    [SSL_TLS_SNI] => apistage.paymentsystemsintegration.com
    [HTTP_HOST] => apistage.paymentsystemsintegration.com
    [HTTP_USER_AGENT] => Mozilla/5.0 (Windows NT 6.3; WOW64; rv:42.0) Gecko/20100101 Firefox/42.0
    [HTTP_ACCEPT] => text/html,application/xhtml+xml,application/xml;q=0.9,*/*;q=0.8
    [HTTP_ACCEPT_LANGUAGE] => en-US,en;q=0.5
    [HTTP_ACCEPT_ENCODING] => gzip, deflate
    [HTTP_REFERER] => https://apiclient.paymentsystemsintegration.com/main/process/nginv2/paymentapi
    [HTTP_CONNECTION] => keep-alive
    [PATH] => /sbin:/usr/sbin:/bin:/usr/bin
    [SERVER_SIGNATURE] => 
    [SERVER_SOFTWARE] => Apache
    [SERVER_NAME] => apistage.paymentsystemsintegration.com
    [SERVER_ADDR] => 119.81.70.162
    [SERVER_PORT] => 443
    [REMOTE_ADDR] => 112.211.15.35
    [DOCUMENT_ROOT] => /var/www/html/PSI_stage
    [SERVER_ADMIN] => root@localhost
    [SCRIPT_FILENAME] => /var/www/html/PSI_stage/index.php
    [REMOTE_PORT] => 58689
    [REDIRECT_QUERY_STRING] => /dc/logo.htm
    [REDIRECT_URL] => /dc/logo.htm
    [GATEWAY_INTERFACE] => CGI/1.1
    [SERVER_PROTOCOL] => HTTP/1.1
    [REQUEST_METHOD] => GET
    [QUERY_STRING] => m=680000&s=4ef0fca1dnt0ska6mgnk56ced1
    [REQUEST_URI] => /dc/logo.htm?m=680000&s=4ef0fca1dnt0ska6mgnk56ced1
    [SCRIPT_NAME] => /index.php
    [PHP_SELF] => /index.php
    [REQUEST_TIME] => 1447823797
)


2015-11-18T05:17:02Z
Access DateTime:2015-11-18 05:17:02

2015-11-18T05:17:02Z
Array
(
    [REDIRECT_HTTPS] => on
    [REDIRECT_SSL_TLS_SNI] => apistage.paymentsystemsintegration.com
    [REDIRECT_STATUS] => 200
    [HTTPS] => on
    [SSL_TLS_SNI] => apistage.paymentsystemsintegration.com
    [HTTP_HOST] => apistage.paymentsystemsintegration.com
    [HTTP_USER_AGENT] => Mozilla/5.0 (Windows NT 6.3; WOW64; rv:42.0) Gecko/20100101 Firefox/42.0
    [HTTP_ACCEPT] => text/html,application/xhtml+xml,application/xml;q=0.9,*/*;q=0.8
    [HTTP_ACCEPT_LANGUAGE] => en-US,en;q=0.5
    [HTTP_ACCEPT_ENCODING] => gzip, deflate
    [HTTP_REFERER] => https://apiclient.paymentsystemsintegration.com/main/process/nginv2/paymentapi
    [HTTP_CONNECTION] => keep-alive
    [PATH] => /sbin:/usr/sbin:/bin:/usr/bin
    [SERVER_SIGNATURE] => 
    [SERVER_SOFTWARE] => Apache
    [SERVER_NAME] => apistage.paymentsystemsintegration.com
    [SERVER_ADDR] => 119.81.70.162
    [SERVER_PORT] => 443
    [REMOTE_ADDR] => 112.211.15.35
    [DOCUMENT_ROOT] => /var/www/html/PSI_stage
    [SERVER_ADMIN] => root@localhost
    [SCRIPT_FILENAME] => /var/www/html/PSI_stage/index.php
    [REMOTE_PORT] => 58736
    [REDIRECT_QUERY_STRING] => /dc/logo.htm
    [REDIRECT_URL] => /dc/logo.htm
    [GATEWAY_INTERFACE] => CGI/1.1
    [SERVER_PROTOCOL] => HTTP/1.1
    [REQUEST_METHOD] => GET
    [QUERY_STRING] => m=680000&s=4ef0fca1dnt0ska6mgnk56ced1
    [REQUEST_URI] => /dc/logo.htm?m=680000&s=4ef0fca1dnt0ska6mgnk56ced1
    [SCRIPT_NAME] => /index.php
    [PHP_SELF] => /index.php
    [REQUEST_TIME] => 1447823822
)


2015-11-18T05:20:54Z
Access DateTime:2015-11-18 05:20:54

2015-11-18T05:20:54Z
Array
(
    [REDIRECT_HTTPS] => on
    [REDIRECT_SSL_TLS_SNI] => apistage.paymentsystemsintegration.com
    [REDIRECT_STATUS] => 200
    [HTTPS] => on
    [SSL_TLS_SNI] => apistage.paymentsystemsintegration.com
    [HTTP_HOST] => apistage.paymentsystemsintegration.com
    [HTTP_USER_AGENT] => Mozilla/5.0 (Windows NT 6.3; WOW64; rv:42.0) Gecko/20100101 Firefox/42.0
    [HTTP_ACCEPT] => text/html,application/xhtml+xml,application/xml;q=0.9,*/*;q=0.8
    [HTTP_ACCEPT_LANGUAGE] => en-US,en;q=0.5
    [HTTP_ACCEPT_ENCODING] => gzip, deflate
    [HTTP_REFERER] => https://apiclient.paymentsystemsintegration.com/main/process/nginv2/paymentapi
    [HTTP_CONNECTION] => keep-alive
    [PATH] => /sbin:/usr/sbin:/bin:/usr/bin
    [SERVER_SIGNATURE] => 
    [SERVER_SOFTWARE] => Apache
    [SERVER_NAME] => apistage.paymentsystemsintegration.com
    [SERVER_ADDR] => 119.81.70.162
    [SERVER_PORT] => 443
    [REMOTE_ADDR] => 112.211.15.35
    [DOCUMENT_ROOT] => /var/www/html/PSI_stage
    [SERVER_ADMIN] => root@localhost
    [SCRIPT_FILENAME] => /var/www/html/PSI_stage/index.php
    [REMOTE_PORT] => 59115
    [REDIRECT_QUERY_STRING] => /dc/logo.htm
    [REDIRECT_URL] => /dc/logo.htm
    [GATEWAY_INTERFACE] => CGI/1.1
    [SERVER_PROTOCOL] => HTTP/1.1
    [REQUEST_METHOD] => GET
    [QUERY_STRING] => m=680000&s=4ef0fca1dnt0ska6mgnk56ced1
    [REQUEST_URI] => /dc/logo.htm?m=680000&s=4ef0fca1dnt0ska6mgnk56ced1
    [SCRIPT_NAME] => /index.php
    [PHP_SELF] => /index.php
    [REQUEST_TIME] => 1447824054
)


2015-11-18T05:24:07Z
Access DateTime:2015-11-18 05:24:07

2015-11-18T05:24:07Z
Array
(
    [REDIRECT_HTTPS] => on
    [REDIRECT_SSL_TLS_SNI] => apistage.paymentsystemsintegration.com
    [REDIRECT_STATUS] => 200
    [HTTPS] => on
    [SSL_TLS_SNI] => apistage.paymentsystemsintegration.com
    [HTTP_HOST] => apistage.paymentsystemsintegration.com
    [HTTP_USER_AGENT] => Mozilla/5.0 (Windows NT 6.3; WOW64; rv:42.0) Gecko/20100101 Firefox/42.0
    [HTTP_ACCEPT] => text/html,application/xhtml+xml,application/xml;q=0.9,*/*;q=0.8
    [HTTP_ACCEPT_LANGUAGE] => en-US,en;q=0.5
    [HTTP_ACCEPT_ENCODING] => gzip, deflate
    [HTTP_REFERER] => https://apiclient.paymentsystemsintegration.com/main/process/nginv2/paymentapi
    [HTTP_CONNECTION] => keep-alive
    [PATH] => /sbin:/usr/sbin:/bin:/usr/bin
    [SERVER_SIGNATURE] => 
    [SERVER_SOFTWARE] => Apache
    [SERVER_NAME] => apistage.paymentsystemsintegration.com
    [SERVER_ADDR] => 119.81.70.162
    [SERVER_PORT] => 443
    [REMOTE_ADDR] => 112.211.15.35
    [DOCUMENT_ROOT] => /var/www/html/PSI_stage
    [SERVER_ADMIN] => root@localhost
    [SCRIPT_FILENAME] => /var/www/html/PSI_stage/index.php
    [REMOTE_PORT] => 59335
    [REDIRECT_QUERY_STRING] => /dc/logo.htm
    [REDIRECT_URL] => /dc/logo.htm
    [GATEWAY_INTERFACE] => CGI/1.1
    [SERVER_PROTOCOL] => HTTP/1.1
    [REQUEST_METHOD] => GET
    [QUERY_STRING] => m=680000&s=4ef0fca1dnt0ska6mgnk56ced1
    [REQUEST_URI] => /dc/logo.htm?m=680000&s=4ef0fca1dnt0ska6mgnk56ced1
    [SCRIPT_NAME] => /index.php
    [PHP_SELF] => /index.php
    [REQUEST_TIME] => 1447824247
)


2015-11-18T05:24:20Z
Access DateTime:2015-11-18 05:24:20

2015-11-18T05:24:20Z
Array
(
    [REDIRECT_HTTPS] => on
    [REDIRECT_SSL_TLS_SNI] => apistage.paymentsystemsintegration.com
    [REDIRECT_STATUS] => 200
    [HTTPS] => on
    [SSL_TLS_SNI] => apistage.paymentsystemsintegration.com
    [HTTP_HOST] => apistage.paymentsystemsintegration.com
    [HTTP_USER_AGENT] => Mozilla/5.0 (Windows NT 6.3; WOW64; rv:42.0) Gecko/20100101 Firefox/42.0
    [HTTP_ACCEPT] => text/html,application/xhtml+xml,application/xml;q=0.9,*/*;q=0.8
    [HTTP_ACCEPT_LANGUAGE] => en-US,en;q=0.5
    [HTTP_ACCEPT_ENCODING] => gzip, deflate
    [HTTP_REFERER] => https://apiclient.paymentsystemsintegration.com/main/process/nginv2/paymentapi
    [HTTP_CONNECTION] => keep-alive
    [PATH] => /sbin:/usr/sbin:/bin:/usr/bin
    [SERVER_SIGNATURE] => 
    [SERVER_SOFTWARE] => Apache
    [SERVER_NAME] => apistage.paymentsystemsintegration.com
    [SERVER_ADDR] => 119.81.70.162
    [SERVER_PORT] => 443
    [REMOTE_ADDR] => 112.211.15.35
    [DOCUMENT_ROOT] => /var/www/html/PSI_stage
    [SERVER_ADMIN] => root@localhost
    [SCRIPT_FILENAME] => /var/www/html/PSI_stage/index.php
    [REMOTE_PORT] => 59364
    [REDIRECT_QUERY_STRING] => /dc/logo.htm
    [REDIRECT_URL] => /dc/logo.htm
    [GATEWAY_INTERFACE] => CGI/1.1
    [SERVER_PROTOCOL] => HTTP/1.1
    [REQUEST_METHOD] => GET
    [QUERY_STRING] => m=680000&s=4ef0fca1dnt0ska6mgnk56ced1
    [REQUEST_URI] => /dc/logo.htm?m=680000&s=4ef0fca1dnt0ska6mgnk56ced1
    [SCRIPT_NAME] => /index.php
    [PHP_SELF] => /index.php
    [REQUEST_TIME] => 1447824260
)


2015-11-18T05:24:25Z
Access DateTime:2015-11-18 05:24:25

2015-11-18T05:24:25Z
Array
(
    [REDIRECT_HTTPS] => on
    [REDIRECT_SSL_TLS_SNI] => apistage.paymentsystemsintegration.com
    [REDIRECT_STATUS] => 200
    [HTTPS] => on
    [SSL_TLS_SNI] => apistage.paymentsystemsintegration.com
    [HTTP_HOST] => apistage.paymentsystemsintegration.com
    [HTTP_USER_AGENT] => Mozilla/5.0 (Windows NT 6.3; WOW64; rv:42.0) Gecko/20100101 Firefox/42.0
    [HTTP_ACCEPT] => text/html,application/xhtml+xml,application/xml;q=0.9,*/*;q=0.8
    [HTTP_ACCEPT_LANGUAGE] => en-US,en;q=0.5
    [HTTP_ACCEPT_ENCODING] => gzip, deflate
    [HTTP_REFERER] => https://apiclient.paymentsystemsintegration.com/main/process/nginv2/paymentapi
    [HTTP_CONNECTION] => keep-alive
    [PATH] => /sbin:/usr/sbin:/bin:/usr/bin
    [SERVER_SIGNATURE] => 
    [SERVER_SOFTWARE] => Apache
    [SERVER_NAME] => apistage.paymentsystemsintegration.com
    [SERVER_ADDR] => 119.81.70.162
    [SERVER_PORT] => 443
    [REMOTE_ADDR] => 112.211.15.35
    [DOCUMENT_ROOT] => /var/www/html/PSI_stage
    [SERVER_ADMIN] => root@localhost
    [SCRIPT_FILENAME] => /var/www/html/PSI_stage/index.php
    [REMOTE_PORT] => 59365
    [REDIRECT_QUERY_STRING] => /dc/logo.htm
    [REDIRECT_URL] => /dc/logo.htm
    [GATEWAY_INTERFACE] => CGI/1.1
    [SERVER_PROTOCOL] => HTTP/1.1
    [REQUEST_METHOD] => GET
    [QUERY_STRING] => m=680000&s=4ef0fca1dnt0ska6mgnk56ced1
    [REQUEST_URI] => /dc/logo.htm?m=680000&s=4ef0fca1dnt0ska6mgnk56ced1
    [SCRIPT_NAME] => /index.php
    [PHP_SELF] => /index.php
    [REQUEST_TIME] => 1447824265
)


2015-11-18T05:24:56Z
Access DateTime:2015-11-18 05:24:56

2015-11-18T05:24:56Z
Array
(
    [REDIRECT_HTTPS] => on
    [REDIRECT_SSL_TLS_SNI] => apistage.paymentsystemsintegration.com
    [REDIRECT_STATUS] => 200
    [HTTPS] => on
    [SSL_TLS_SNI] => apistage.paymentsystemsintegration.com
    [HTTP_HOST] => apistage.paymentsystemsintegration.com
    [HTTP_USER_AGENT] => Mozilla/5.0 (Windows NT 6.3; WOW64; rv:42.0) Gecko/20100101 Firefox/42.0
    [HTTP_ACCEPT] => text/html,application/xhtml+xml,application/xml;q=0.9,*/*;q=0.8
    [HTTP_ACCEPT_LANGUAGE] => en-US,en;q=0.5
    [HTTP_ACCEPT_ENCODING] => gzip, deflate
    [HTTP_REFERER] => https://apiclient.paymentsystemsintegration.com/main/process/nginv2/paymentapi
    [HTTP_CONNECTION] => keep-alive
    [PATH] => /sbin:/usr/sbin:/bin:/usr/bin
    [SERVER_SIGNATURE] => 
    [SERVER_SOFTWARE] => Apache
    [SERVER_NAME] => apistage.paymentsystemsintegration.com
    [SERVER_ADDR] => 119.81.70.162
    [SERVER_PORT] => 443
    [REMOTE_ADDR] => 112.211.15.35
    [DOCUMENT_ROOT] => /var/www/html/PSI_stage
    [SERVER_ADMIN] => root@localhost
    [SCRIPT_FILENAME] => /var/www/html/PSI_stage/index.php
    [REMOTE_PORT] => 59427
    [REDIRECT_QUERY_STRING] => /dc/logo.htm
    [REDIRECT_URL] => /dc/logo.htm
    [GATEWAY_INTERFACE] => CGI/1.1
    [SERVER_PROTOCOL] => HTTP/1.1
    [REQUEST_METHOD] => GET
    [QUERY_STRING] => m=680000&s=4ef0fca1dnt0ska6mgnk56ced1
    [REQUEST_URI] => /dc/logo.htm?m=680000&s=4ef0fca1dnt0ska6mgnk56ced1
    [SCRIPT_NAME] => /index.php
    [PHP_SELF] => /index.php
    [REQUEST_TIME] => 1447824296
)


2015-11-18T05:34:32Z
Access DateTime:2015-11-18 05:34:32

2015-11-18T05:34:32Z
Array
(
    [REDIRECT_HTTPS] => on
    [REDIRECT_SSL_TLS_SNI] => apistage.paymentsystemsintegration.com
    [REDIRECT_STATUS] => 200
    [HTTPS] => on
    [SSL_TLS_SNI] => apistage.paymentsystemsintegration.com
    [HTTP_HOST] => apistage.paymentsystemsintegration.com
    [HTTP_USER_AGENT] => Mozilla/5.0 (Windows NT 6.3; WOW64; rv:42.0) Gecko/20100101 Firefox/42.0
    [HTTP_ACCEPT] => text/html,application/xhtml+xml,application/xml;q=0.9,*/*;q=0.8
    [HTTP_ACCEPT_LANGUAGE] => en-US,en;q=0.5
    [HTTP_ACCEPT_ENCODING] => gzip, deflate
    [HTTP_REFERER] => https://apiclient.paymentsystemsintegration.com/main/process/nginv2/paymentapi
    [HTTP_CONNECTION] => keep-alive
    [PATH] => /sbin:/usr/sbin:/bin:/usr/bin
    [SERVER_SIGNATURE] => 
    [SERVER_SOFTWARE] => Apache
    [SERVER_NAME] => apistage.paymentsystemsintegration.com
    [SERVER_ADDR] => 119.81.70.162
    [SERVER_PORT] => 443
    [REMOTE_ADDR] => 112.211.15.35
    [DOCUMENT_ROOT] => /var/www/html/PSI_stage
    [SERVER_ADMIN] => root@localhost
    [SCRIPT_FILENAME] => /var/www/html/PSI_stage/index.php
    [REMOTE_PORT] => 60047
    [REDIRECT_QUERY_STRING] => /dc/logo.htm
    [REDIRECT_URL] => /dc/logo.htm
    [GATEWAY_INTERFACE] => CGI/1.1
    [SERVER_PROTOCOL] => HTTP/1.1
    [REQUEST_METHOD] => GET
    [QUERY_STRING] => m=680000&s=4ef0fca1dnt0ska6mgnk56ced1
    [REQUEST_URI] => /dc/logo.htm?m=680000&s=4ef0fca1dnt0ska6mgnk56ced1
    [SCRIPT_NAME] => /index.php
    [PHP_SELF] => /index.php
    [REQUEST_TIME] => 1447824872
)


2015-11-18T05:43:07Z
Access DateTime:2015-11-18 05:43:07

2015-11-18T05:43:07Z
Array
(
    [REDIRECT_HTTPS] => on
    [REDIRECT_SSL_TLS_SNI] => apistage.paymentsystemsintegration.com
    [REDIRECT_STATUS] => 200
    [HTTPS] => on
    [SSL_TLS_SNI] => apistage.paymentsystemsintegration.com
    [HTTP_HOST] => apistage.paymentsystemsintegration.com
    [HTTP_USER_AGENT] => Mozilla/5.0 (Windows NT 6.3; WOW64; rv:42.0) Gecko/20100101 Firefox/42.0
    [HTTP_ACCEPT] => text/html,application/xhtml+xml,application/xml;q=0.9,*/*;q=0.8
    [HTTP_ACCEPT_LANGUAGE] => en-US,en;q=0.5
    [HTTP_ACCEPT_ENCODING] => gzip, deflate
    [HTTP_REFERER] => https://apiclient.paymentsystemsintegration.com/main/process/nginv2/paymentapi
    [HTTP_CONNECTION] => keep-alive
    [PATH] => /sbin:/usr/sbin:/bin:/usr/bin
    [SERVER_SIGNATURE] => 
    [SERVER_SOFTWARE] => Apache
    [SERVER_NAME] => apistage.paymentsystemsintegration.com
    [SERVER_ADDR] => 119.81.70.162
    [SERVER_PORT] => 443
    [REMOTE_ADDR] => 112.211.15.35
    [DOCUMENT_ROOT] => /var/www/html/PSI_stage
    [SERVER_ADMIN] => root@localhost
    [SCRIPT_FILENAME] => /var/www/html/PSI_stage/index.php
    [REMOTE_PORT] => 60852
    [REDIRECT_QUERY_STRING] => /dc/logo.htm
    [REDIRECT_URL] => /dc/logo.htm
    [GATEWAY_INTERFACE] => CGI/1.1
    [SERVER_PROTOCOL] => HTTP/1.1
    [REQUEST_METHOD] => GET
    [QUERY_STRING] => m=680000&s=4ef0fca1dnt0ska6mgnk56ced1
    [REQUEST_URI] => /dc/logo.htm?m=680000&s=4ef0fca1dnt0ska6mgnk56ced1
    [SCRIPT_NAME] => /index.php
    [PHP_SELF] => /index.php
    [REQUEST_TIME] => 1447825387
)


2015-11-18T05:43:11Z
Access DateTime:2015-11-18 05:43:11

2015-11-18T05:43:11Z
Array
(
    [REDIRECT_HTTPS] => on
    [REDIRECT_SSL_TLS_SNI] => apistage.paymentsystemsintegration.com
    [REDIRECT_STATUS] => 200
    [HTTPS] => on
    [SSL_TLS_SNI] => apistage.paymentsystemsintegration.com
    [HTTP_HOST] => apistage.paymentsystemsintegration.com
    [HTTP_USER_AGENT] => Mozilla/5.0 (Windows NT 6.3; WOW64; rv:42.0) Gecko/20100101 Firefox/42.0
    [HTTP_ACCEPT] => text/html,application/xhtml+xml,application/xml;q=0.9,*/*;q=0.8
    [HTTP_ACCEPT_LANGUAGE] => en-US,en;q=0.5
    [HTTP_ACCEPT_ENCODING] => gzip, deflate
    [HTTP_REFERER] => https://apiclient.paymentsystemsintegration.com/main/process/nginv2/paymentapi
    [HTTP_CONNECTION] => keep-alive
    [PATH] => /sbin:/usr/sbin:/bin:/usr/bin
    [SERVER_SIGNATURE] => 
    [SERVER_SOFTWARE] => Apache
    [SERVER_NAME] => apistage.paymentsystemsintegration.com
    [SERVER_ADDR] => 119.81.70.162
    [SERVER_PORT] => 443
    [REMOTE_ADDR] => 112.211.15.35
    [DOCUMENT_ROOT] => /var/www/html/PSI_stage
    [SERVER_ADMIN] => root@localhost
    [SCRIPT_FILENAME] => /var/www/html/PSI_stage/index.php
    [REMOTE_PORT] => 60853
    [REDIRECT_QUERY_STRING] => /dc/logo.htm
    [REDIRECT_URL] => /dc/logo.htm
    [GATEWAY_INTERFACE] => CGI/1.1
    [SERVER_PROTOCOL] => HTTP/1.1
    [REQUEST_METHOD] => GET
    [QUERY_STRING] => m=680000&s=4ef0fca1dnt0ska6mgnk56ced1
    [REQUEST_URI] => /dc/logo.htm?m=680000&s=4ef0fca1dnt0ska6mgnk56ced1
    [SCRIPT_NAME] => /index.php
    [PHP_SELF] => /index.php
    [REQUEST_TIME] => 1447825391
)


2015-11-18T05:43:17Z
Access DateTime:2015-11-18 05:43:17

2015-11-18T05:43:17Z
Array
(
    [REDIRECT_HTTPS] => on
    [REDIRECT_SSL_TLS_SNI] => apistage.paymentsystemsintegration.com
    [REDIRECT_STATUS] => 200
    [HTTPS] => on
    [SSL_TLS_SNI] => apistage.paymentsystemsintegration.com
    [HTTP_HOST] => apistage.paymentsystemsintegration.com
    [HTTP_USER_AGENT] => Mozilla/5.0 (Windows NT 6.3; WOW64; rv:42.0) Gecko/20100101 Firefox/42.0
    [HTTP_ACCEPT] => text/html,application/xhtml+xml,application/xml;q=0.9,*/*;q=0.8
    [HTTP_ACCEPT_LANGUAGE] => en-US,en;q=0.5
    [HTTP_ACCEPT_ENCODING] => gzip, deflate
    [HTTP_REFERER] => https://apiclient.paymentsystemsintegration.com/main/process/nginv2/paymentapi
    [HTTP_CONNECTION] => keep-alive
    [PATH] => /sbin:/usr/sbin:/bin:/usr/bin
    [SERVER_SIGNATURE] => 
    [SERVER_SOFTWARE] => Apache
    [SERVER_NAME] => apistage.paymentsystemsintegration.com
    [SERVER_ADDR] => 119.81.70.162
    [SERVER_PORT] => 443
    [REMOTE_ADDR] => 112.211.15.35
    [DOCUMENT_ROOT] => /var/www/html/PSI_stage
    [SERVER_ADMIN] => root@localhost
    [SCRIPT_FILENAME] => /var/www/html/PSI_stage/index.php
    [REMOTE_PORT] => 60887
    [REDIRECT_QUERY_STRING] => /dc/logo.htm
    [REDIRECT_URL] => /dc/logo.htm
    [GATEWAY_INTERFACE] => CGI/1.1
    [SERVER_PROTOCOL] => HTTP/1.1
    [REQUEST_METHOD] => GET
    [QUERY_STRING] => m=680000&s=4ef0fca1dnt0ska6mgnk56ced1
    [REQUEST_URI] => /dc/logo.htm?m=680000&s=4ef0fca1dnt0ska6mgnk56ced1
    [SCRIPT_NAME] => /index.php
    [PHP_SELF] => /index.php
    [REQUEST_TIME] => 1447825397
)


2015-11-18T05:43:35Z
Access DateTime:2015-11-18 05:43:35

2015-11-18T05:43:35Z
Array
(
    [REDIRECT_HTTPS] => on
    [REDIRECT_SSL_TLS_SNI] => apistage.paymentsystemsintegration.com
    [REDIRECT_STATUS] => 200
    [HTTPS] => on
    [SSL_TLS_SNI] => apistage.paymentsystemsintegration.com
    [HTTP_HOST] => apistage.paymentsystemsintegration.com
    [HTTP_USER_AGENT] => Mozilla/5.0 (Windows NT 6.3; WOW64; rv:42.0) Gecko/20100101 Firefox/42.0
    [HTTP_ACCEPT] => text/html,application/xhtml+xml,application/xml;q=0.9,*/*;q=0.8
    [HTTP_ACCEPT_LANGUAGE] => en-US,en;q=0.5
    [HTTP_ACCEPT_ENCODING] => gzip, deflate
    [HTTP_REFERER] => https://apiclient.paymentsystemsintegration.com/main/process/nginv2/paymentapi
    [HTTP_CONNECTION] => keep-alive
    [PATH] => /sbin:/usr/sbin:/bin:/usr/bin
    [SERVER_SIGNATURE] => 
    [SERVER_SOFTWARE] => Apache
    [SERVER_NAME] => apistage.paymentsystemsintegration.com
    [SERVER_ADDR] => 119.81.70.162
    [SERVER_PORT] => 443
    [REMOTE_ADDR] => 112.211.15.35
    [DOCUMENT_ROOT] => /var/www/html/PSI_stage
    [SERVER_ADMIN] => root@localhost
    [SCRIPT_FILENAME] => /var/www/html/PSI_stage/index.php
    [REMOTE_PORT] => 60921
    [REDIRECT_QUERY_STRING] => /dc/logo.htm
    [REDIRECT_URL] => /dc/logo.htm
    [GATEWAY_INTERFACE] => CGI/1.1
    [SERVER_PROTOCOL] => HTTP/1.1
    [REQUEST_METHOD] => GET
    [QUERY_STRING] => m=680000&s=4ef0fca1dnt0ska6mgnk56ced1
    [REQUEST_URI] => /dc/logo.htm?m=680000&s=4ef0fca1dnt0ska6mgnk56ced1
    [SCRIPT_NAME] => /index.php
    [PHP_SELF] => /index.php
    [REQUEST_TIME] => 1447825415
)


2015-11-18T05:45:37Z
Access DateTime:2015-11-18 05:45:37

2015-11-18T05:45:37Z
Array
(
    [REDIRECT_HTTPS] => on
    [REDIRECT_SSL_TLS_SNI] => apistage.paymentsystemsintegration.com
    [REDIRECT_STATUS] => 200
    [HTTPS] => on
    [SSL_TLS_SNI] => apistage.paymentsystemsintegration.com
    [HTTP_HOST] => apistage.paymentsystemsintegration.com
    [HTTP_USER_AGENT] => Mozilla/5.0 (Windows NT 6.3; WOW64; rv:42.0) Gecko/20100101 Firefox/42.0
    [HTTP_ACCEPT] => text/html,application/xhtml+xml,application/xml;q=0.9,*/*;q=0.8
    [HTTP_ACCEPT_LANGUAGE] => en-US,en;q=0.5
    [HTTP_ACCEPT_ENCODING] => gzip, deflate
    [HTTP_REFERER] => https://apiclient.paymentsystemsintegration.com/main/process/nginv2/paymentapi
    [HTTP_CONNECTION] => keep-alive
    [PATH] => /sbin:/usr/sbin:/bin:/usr/bin
    [SERVER_SIGNATURE] => 
    [SERVER_SOFTWARE] => Apache
    [SERVER_NAME] => apistage.paymentsystemsintegration.com
    [SERVER_ADDR] => 119.81.70.162
    [SERVER_PORT] => 443
    [REMOTE_ADDR] => 112.211.15.35
    [DOCUMENT_ROOT] => /var/www/html/PSI_stage
    [SERVER_ADMIN] => root@localhost
    [SCRIPT_FILENAME] => /var/www/html/PSI_stage/index.php
    [REMOTE_PORT] => 61072
    [REDIRECT_QUERY_STRING] => /dc/logo.htm
    [REDIRECT_URL] => /dc/logo.htm
    [GATEWAY_INTERFACE] => CGI/1.1
    [SERVER_PROTOCOL] => HTTP/1.1
    [REQUEST_METHOD] => GET
    [QUERY_STRING] => m=680000&s=4ef0fca1dnt0ska6mgnk56ced1
    [REQUEST_URI] => /dc/logo.htm?m=680000&s=4ef0fca1dnt0ska6mgnk56ced1
    [SCRIPT_NAME] => /index.php
    [PHP_SELF] => /index.php
    [REQUEST_TIME] => 1447825537
)


2015-11-18T05:45:57Z
Access DateTime:2015-11-18 05:45:57

2015-11-18T05:45:57Z
Array
(
    [REDIRECT_HTTPS] => on
    [REDIRECT_SSL_TLS_SNI] => apistage.paymentsystemsintegration.com
    [REDIRECT_STATUS] => 200
    [HTTPS] => on
    [SSL_TLS_SNI] => apistage.paymentsystemsintegration.com
    [HTTP_HOST] => apistage.paymentsystemsintegration.com
    [HTTP_USER_AGENT] => Mozilla/5.0 (Windows NT 6.3; WOW64; rv:42.0) Gecko/20100101 Firefox/42.0
    [HTTP_ACCEPT] => text/html,application/xhtml+xml,application/xml;q=0.9,*/*;q=0.8
    [HTTP_ACCEPT_LANGUAGE] => en-US,en;q=0.5
    [HTTP_ACCEPT_ENCODING] => gzip, deflate
    [HTTP_REFERER] => https://apiclient.paymentsystemsintegration.com/main/process/nginv2/paymentapi
    [HTTP_CONNECTION] => keep-alive
    [PATH] => /sbin:/usr/sbin:/bin:/usr/bin
    [SERVER_SIGNATURE] => 
    [SERVER_SOFTWARE] => Apache
    [SERVER_NAME] => apistage.paymentsystemsintegration.com
    [SERVER_ADDR] => 119.81.70.162
    [SERVER_PORT] => 443
    [REMOTE_ADDR] => 112.211.15.35
    [DOCUMENT_ROOT] => /var/www/html/PSI_stage
    [SERVER_ADMIN] => root@localhost
    [SCRIPT_FILENAME] => /var/www/html/PSI_stage/index.php
    [REMOTE_PORT] => 61106
    [REDIRECT_QUERY_STRING] => /dc/logo.htm
    [REDIRECT_URL] => /dc/logo.htm
    [GATEWAY_INTERFACE] => CGI/1.1
    [SERVER_PROTOCOL] => HTTP/1.1
    [REQUEST_METHOD] => GET
    [QUERY_STRING] => m=680000&s=4ef0fca1dnt0ska6mgnk56ced1
    [REQUEST_URI] => /dc/logo.htm?m=680000&s=4ef0fca1dnt0ska6mgnk56ced1
    [SCRIPT_NAME] => /index.php
    [PHP_SELF] => /index.php
    [REQUEST_TIME] => 1447825557
)


2015-11-18T05:58:48Z
Access DateTime:2015-11-18 05:58:48

2015-11-18T05:58:48Z
Array
(
    [REDIRECT_HTTPS] => on
    [REDIRECT_SSL_TLS_SNI] => apistage.paymentsystemsintegration.com
    [REDIRECT_STATUS] => 200
    [HTTPS] => on
    [SSL_TLS_SNI] => apistage.paymentsystemsintegration.com
    [HTTP_HOST] => apistage.paymentsystemsintegration.com
    [HTTP_USER_AGENT] => Mozilla/5.0 (Windows NT 6.3; WOW64; rv:42.0) Gecko/20100101 Firefox/42.0
    [HTTP_ACCEPT] => text/html,application/xhtml+xml,application/xml;q=0.9,*/*;q=0.8
    [HTTP_ACCEPT_LANGUAGE] => en-US,en;q=0.5
    [HTTP_ACCEPT_ENCODING] => gzip, deflate
    [HTTP_REFERER] => https://apiclient.paymentsystemsintegration.com/main/process/nginv2/paymentapi
    [HTTP_CONNECTION] => keep-alive
    [PATH] => /sbin:/usr/sbin:/bin:/usr/bin
    [SERVER_SIGNATURE] => 
    [SERVER_SOFTWARE] => Apache
    [SERVER_NAME] => apistage.paymentsystemsintegration.com
    [SERVER_ADDR] => 119.81.70.162
    [SERVER_PORT] => 443
    [REMOTE_ADDR] => 112.211.15.35
    [DOCUMENT_ROOT] => /var/www/html/PSI_stage
    [SERVER_ADMIN] => root@localhost
    [SCRIPT_FILENAME] => /var/www/html/PSI_stage/index.php
    [REMOTE_PORT] => 62007
    [REDIRECT_QUERY_STRING] => /dc/logo.htm
    [REDIRECT_URL] => /dc/logo.htm
    [GATEWAY_INTERFACE] => CGI/1.1
    [SERVER_PROTOCOL] => HTTP/1.1
    [REQUEST_METHOD] => GET
    [QUERY_STRING] => m=680000&s=4ef0fca1dnt0ska6mgnk56ced1
    [REQUEST_URI] => /dc/logo.htm?m=680000&s=4ef0fca1dnt0ska6mgnk56ced1
    [SCRIPT_NAME] => /index.php
    [PHP_SELF] => /index.php
    [REQUEST_TIME] => 1447826328
)


