2015-07-24T04:35:56Z
RequestParameter:  billNo: 238545_20150715_071744 | startTime:2015-07-24 04:35:56

2015-07-24T04:35:56Z
Array
(
    [MODE] => U
    [FRMT] => XML
    [VERS] => 0630
    [MERC] => 680000
    [SESS] => 238545_20150715_071744
    [TRAN] => 3ZVD0ZCWJ7MT
    [AUTH] => 
    [MACK] => Y
    [RFCB] => C
)


2015-07-24T04:35:57Z
ResponseParameter:  billNo: 238545_20150715_071744 | endTime:2015-07-24 04:35:57

2015-07-24T04:35:57Z
<?xml version="1.0" encoding="UTF-8"?>
<RESPONSE>
  <VERS>0630</VERS>
  <MODE>U</MODE>
  <TRAN>3ZVD0ZCWJ7MT</TRAN>
  <MERC>680000</MERC>
  <SESS>238545_20150715_071744</SESS>
  <RULES_TRIGGERED>0</RULES_TRIGGERED>
  <COUNTERS_TRIGGERED>0</COUNTERS_TRIGGERED>
  <REASON_CODE></REASON_CODE>
  <MASTERCARD></MASTERCARD>
  <WARNING_COUNT>0</WARNING_COUNT>
</RESPONSE>

2015-07-24T04:36:31Z
RequestParameter:  billNo: 238545_20150715_071726 | startTime:2015-07-24 04:36:31

2015-07-24T04:36:31Z
Array
(
    [MODE] => U
    [FRMT] => XML
    [VERS] => 0630
    [MERC] => 680000
    [SESS] => 238545_20150715_071726
    [TRAN] => 3ZVD0TQKL87C
    [AUTH] => 
    [MACK] => Y
    [RFCB] => C
)


2015-07-24T04:36:32Z
ResponseParameter:  billNo: 238545_20150715_071726 | endTime:2015-07-24 04:36:32

2015-07-24T04:36:32Z
<?xml version="1.0" encoding="UTF-8"?>
<RESPONSE>
  <VERS>0630</VERS>
  <MODE>U</MODE>
  <TRAN>3ZVD0TQKL87C</TRAN>
  <MERC>680000</MERC>
  <SESS>238545_20150715_071726</SESS>
  <RULES_TRIGGERED>0</RULES_TRIGGERED>
  <COUNTERS_TRIGGERED>0</COUNTERS_TRIGGERED>
  <REASON_CODE></REASON_CODE>
  <MASTERCARD></MASTERCARD>
  <WARNING_COUNT>0</WARNING_COUNT>
</RESPONSE>

2015-07-24T04:42:50Z
RequestParameter:  billNo: 238545_20150715_071548 | startTime:2015-07-24 04:42:50

2015-07-24T04:42:50Z
Array
(
    [MODE] => U
    [FRMT] => XML
    [VERS] => 0630
    [MERC] => 680000
    [SESS] => 238545_20150715_071548
    [TRAN] => 3ZVD0S2Z1C55
    [AUTH] => 
    [MACK] => Y
    [RFCB] => C
)


2015-07-24T04:42:52Z
ResponseParameter:  billNo: 238545_20150715_071548 | endTime:2015-07-24 04:42:52

2015-07-24T04:42:52Z
<?xml version="1.0" encoding="UTF-8"?>
<RESPONSE>
  <VERS>0630</VERS>
  <MODE>U</MODE>
  <TRAN>3ZVD0S2Z1C55</TRAN>
  <MERC>680000</MERC>
  <SESS>238545_20150715_071548</SESS>
  <RULES_TRIGGERED>0</RULES_TRIGGERED>
  <COUNTERS_TRIGGERED>0</COUNTERS_TRIGGERED>
  <REASON_CODE></REASON_CODE>
  <MASTERCARD></MASTERCARD>
  <WARNING_COUNT>0</WARNING_COUNT>
</RESPONSE>

2015-07-24T04:46:16Z
RequestParameter:  billNo: 238545_20150714_092922 | startTime:2015-07-24 04:46:16

2015-07-24T04:46:16Z
Array
(
    [MODE] => U
    [FRMT] => XML
    [VERS] => 0630
    [MERC] => 680000
    [SESS] => 238545_20150714_092922
    [TRAN] => 3ZVJ0PSHMBD8
    [AUTH] => 
    [MACK] => Y
    [RFCB] => C
)


2015-07-24T04:46:17Z
ResponseParameter:  billNo: 238545_20150714_092922 | endTime:2015-07-24 04:46:17

2015-07-24T04:46:17Z
<?xml version="1.0" encoding="UTF-8"?>
<RESPONSE>
  <VERS>0630</VERS>
  <MODE>U</MODE>
  <TRAN>3ZVJ0PSHMBD8</TRAN>
  <MERC>680000</MERC>
  <SESS>238545_20150714_092922</SESS>
  <RULES_TRIGGERED>0</RULES_TRIGGERED>
  <COUNTERS_TRIGGERED>0</COUNTERS_TRIGGERED>
  <REASON_CODE></REASON_CODE>
  <MASTERCARD></MASTERCARD>
  <WARNING_COUNT>0</WARNING_COUNT>
</RESPONSE>

