2015-03-19T11:55:02Z
RequestParameter:  billNo: caicdecjba | startTime:2015-03-19 11:55:02

2015-03-19T11:55:02Z
Array
(
    [MODE] => P
    [FRMT] => XML
    [VERS] => 0600
    [MERC] => 680000
    [UDF[CUSTOMER_IPAD]] => 88.208.3.73
    [SESS] => caicdecjba
    [ORDR] => caicdecjba
    [CURR] => PHP
    [PENC] => KHASH
    [PTYP] => CARD
    [PTOK] => 4918912GXE0BUP1QG8K5
    [IPAD] => 10.0.0.1
    [MACK] => Y
    [AUTH] => A
    [PROD_DESC[0]] => Binary Trade
    [PROD_TYPE[0]] => Binary Trade
    [PROD_ITEM[0]] => SKU-BML-BinaryTrade
    [PROD_QUANT[0]] => 1
    [PROD_PRICE[0]] => 2000
    [TOTL] => 2000
    [SITE] => VERT001
    [UDF[MERCHANT_ID]] => 10001MERBRDMEDLTD
    [NAME] => Juan Dela Cruz
    [B2A1] => 103, st. Backerroad
    [B2CC] => US
    [B2CI] => New York
    [B2PC] => 12345
    [B2PN] => 3758962552
    [B2ST] => NY
    [S2A1] => 
    [S2CC] => 
    [S2CI] => 
    [S2EM] => 
    [S2NM] =>  
    [S2PC] => 
    [S2PN] => 
    [S2ST] => 
    [SHTP] => 
    [CASH] => 20
    [DOB] => 1983-11-17
    [GENDER] => M
    [EMAL] => JUANDC@EXAMPLE.COM
    [ANID] => 3758962552
)


2015-03-19T12:26:01Z
RequestParameter:  billNo: bfkjkfkdfk | startTime:2015-03-19 12:26:01

2015-03-19T12:26:01Z
Array
(
    [MODE] => P
    [FRMT] => XML
    [VERS] => 0600
    [MERC] => 680000
    [UDF[CUSTOMER_IPAD]] => 88.208.3.73
    [SESS] => bfkjkfkdfk
    [ORDR] => bfkjkfkdfk
    [CURR] => PHP
    [PENC] => KHASH
    [PTYP] => CARD
    [PTOK] => 4918912GXE0BUP1QG8K5
    [IPAD] => 10.0.0.1
    [MACK] => Y
    [AUTH] => A
    [PROD_DESC[0]] => Binary Trade
    [PROD_TYPE[0]] => Binary Trade
    [PROD_ITEM[0]] => SKU-BML-BinaryTrade
    [PROD_QUANT[0]] => 1
    [PROD_PRICE[0]] => 2000
    [TOTL] => 2000
    [SITE] => VERT001
    [UDF[MERCHANT_ID]] => 10001MERBRDMEDLTD
    [NAME] => Juan Dela Cruz
    [B2A1] => 103, st. Backerroad
    [B2CC] => US
    [B2CI] => New York
    [B2PC] => 12345
    [B2PN] => 3758962552
    [B2ST] => NY
    [S2A1] => 
    [S2CC] => 
    [S2CI] => 
    [S2EM] => 
    [S2NM] =>  
    [S2PC] => 
    [S2PN] => 
    [S2ST] => 
    [SHTP] => 
    [CASH] => 20
    [DOB] => 1983-11-17
    [GENDER] => M
    [EMAL] => JUANDCAPPROVE@EXAMPLE.COM
    [ANID] => 3758962552
)


2015-03-19T14:34:37Z
RequestParameter:  billNo: 864061385 | startTime:2015-03-19 14:34:37

2015-03-19T14:34:37Z
Array
(
    [MODE] => Q
    [FRMT] => XML
    [VERS] => 0600
    [MERC] => 680000
    [UDF[CUSTOMER_IPAD]] => 87.68.156.115
    [SESS] => 272a10fecab8d9a17921fb1834f7175b
    [ORDR] => 864061385
    [CURR] => PHP
    [PENC] => KHASH
    [PTYP] => CARD
    [PTOK] => 4918912GXE0BUP1QG8K5
    [IPAD] => 87.68.156.115
    [MACK] => Y
    [AUTH] => A
    [PROD_DESC[0]] => Binary Trade
    [PROD_TYPE[0]] => Binary Trade
    [PROD_ITEM[0]] => SKU-AMF-BinaryTrade
    [PROD_QUANT[0]] => 1
    [PROD_PRICE[0]] => 1000
    [TOTL] => 1000
    [SITE] => VERT001
    [UDF[MERCHANT_ID]] => 10001MERHFTGRP
    [NAME] => Bruces Tasers
    [B2A1] => rehov hertzl
    [B2CC] => FR
    [B2CI] => Natanya
    [B2PC] => 26558
    [B2PN] => 01236598
    [B2ST] => Natanya
    [S2A1] => 
    [S2CC] => 
    [S2CI] => 
    [S2EM] => 
    [S2NM] =>  
    [S2PC] => 
    [S2PN] => 
    [S2ST] => 
    [SHTP] => 
    [CASH] => 10
    [DOB] => 1997-02-12
    [GENDER] => 
    [EMAL] => JUANDCDECLINE@EXAMPLE.COM
)


