2015-06-05T15:04:46Z
RequestParameter:  billNo: 1433254822 | startTime:2015-06-05 15:04:46

2015-06-05T15:04:46Z
Array
(
    [MODE] => U
    [FRMT] => XML
    [VERS] => 0630
    [MERC] => 680000
    [SESS] => q1f66jvp9l4e1fh5l2neljg887
    [TRAN] => 3CK50ZQDHCSY
    [AUTH] => D
    [MACK] => Y
)


2015-06-05T15:04:48Z
ResponseParameter:  billNo: 1433254822 | endTime:2015-06-05 15:04:48

2015-06-05T15:04:48Z
<?xml version="1.0" encoding="UTF-8"?>
<RESPONSE>
  <VERS>0630</VERS>
  <MODE>U</MODE>
  <TRAN>3CK50ZQDHCSY</TRAN>
  <MERC>680000</MERC>
  <SESS>q1f66jvp9l4e1fh5l2neljg887</SESS>
  <RULES_TRIGGERED>0</RULES_TRIGGERED>
  <COUNTERS_TRIGGERED>0</COUNTERS_TRIGGERED>
  <REASON_CODE></REASON_CODE>
  <MASTERCARD></MASTERCARD>
  <WARNING_COUNT>0</WARNING_COUNT>
</RESPONSE>

2015-06-05T15:05:46Z
RequestParameter:  billNo: 1433254823 | startTime:2015-06-05 15:05:46

2015-06-05T15:05:46Z
Array
(
    [MODE] => U
    [FRMT] => XML
    [VERS] => 0630
    [MERC] => 680000
    [SESS] => q1f66jvp9l4e1fh5l2neljg887
    [TRAN] => 3CK50ZTWYVSR
    [AUTH] => D
    [MACK] => Y
)


2015-06-05T15:05:47Z
ResponseParameter:  billNo: 1433254823 | endTime:2015-06-05 15:05:47

2015-06-05T15:05:47Z
<?xml version="1.0" encoding="UTF-8"?>
<RESPONSE>
  <VERS>0630</VERS>
  <MODE>U</MODE>
  <TRAN>3CK50ZTWYVSR</TRAN>
  <MERC>680000</MERC>
  <SESS>q1f66jvp9l4e1fh5l2neljg887</SESS>
  <RULES_TRIGGERED>0</RULES_TRIGGERED>
  <COUNTERS_TRIGGERED>0</COUNTERS_TRIGGERED>
  <REASON_CODE></REASON_CODE>
  <MASTERCARD></MASTERCARD>
  <WARNING_COUNT>0</WARNING_COUNT>
</RESPONSE>

2015-06-05T15:07:10Z
RequestParameter:  billNo: 1433254824 | startTime:2015-06-05 15:07:10

2015-06-05T15:07:10Z
Array
(
    [MODE] => U
    [FRMT] => XML
    [VERS] => 0630
    [MERC] => 680000
    [SESS] => q1f66jvp9l4e1fh5l2neljg887
    [TRAN] => 3CK500LL8DZW
    [AUTH] => D
    [MACK] => Y
)


2015-06-05T15:07:11Z
ResponseParameter:  billNo: 1433254824 | endTime:2015-06-05 15:07:11

2015-06-05T15:07:11Z
<?xml version="1.0" encoding="UTF-8"?>
<RESPONSE>
  <VERS>0630</VERS>
  <MODE>U</MODE>
  <TRAN>3CK500LL8DZW</TRAN>
  <MERC>680000</MERC>
  <SESS>q1f66jvp9l4e1fh5l2neljg887</SESS>
  <RULES_TRIGGERED>0</RULES_TRIGGERED>
  <COUNTERS_TRIGGERED>0</COUNTERS_TRIGGERED>
  <REASON_CODE></REASON_CODE>
  <MASTERCARD></MASTERCARD>
  <WARNING_COUNT>0</WARNING_COUNT>
</RESPONSE>

