2015-01-09T03:34:16Z
RequestParameter:  billNo: 20141212111400 | startTime:2015-01-09 03:34:16

2015-01-09T03:34:16Z
Array
(
    [MODE] => Q
    [FRMT] => XML
    [VERS] => 0600
    [MERC] => 680000
    [SESS] => 7chom7rjm6b3mo8s60fb4qmjo4
    [ORDR] => 20141212111400
    [CURR] => PHP
    [PENC] => KHASH
    [PTYP] => CARD
    [PTOK] => 4918912GXE0BUP1QG8K5
    [IPAD] => 119.81.70.162
    [MACK] => Y
    [PROD_DESC[0]] => Test
    [PROD_TYPE[0]] => 1
    [PROD_ITEM[0]] => TV
    [PROD_QUANT[0]] => 1
    [PROD_PRICE[0]] => 1000
    [TOTL] => 1000
    [SITE] => VERT999
    [UDF[MERCHANT_ID]] => 10001MERTEST001
    [NAME] => Test Name
    [B2A1] => address
    [B2CC] => PH
    [B2CI] => city
    [B2PC] => 12345
    [B2PN] => 123456789
    [B2ST] => state
    [S2A1] => 
    [S2CC] => 
    [S2CI] => 
    [S2EM] => 
    [S2NM] =>  
    [S2PC] => 
    [S2PN] => 
    [S2ST] => 
    [SHTP] => 
    [CASH] => 10
    [DOB] => 1980-03-10
    [GENDER] => F
    [EMAL] => test@yahoo.com
)


2015-01-09T03:34:19Z
ResponseParameter:  billNo: 20141212111400 | endTime:2015-01-09 03:34:19

2015-01-09T03:34:19Z
<?xml version="1.0" encoding="UTF-8"?>
<RESPONSE>
  <VERS>0600</VERS>
  <MODE>Q</MODE>
  <TRAN>3V1G0NB6B8GY</TRAN>
  <MERC>680000</MERC>
  <SESS>7chom7rjm6b3mo8s60fb4qmjo4</SESS>
  <ORDR>20141212111400</ORDR>
  <AUTO>A</AUTO>
  <SCOR>29</SCOR>
  <GEOX>SG</GEOX>
  <BRND>VISA</BRND>
  <REGN></REGN>
  <NETW>N</NETW>
  <KAPT>N</KAPT>
  <CARDS>1</CARDS>
  <DEVICES>1</DEVICES>
  <EMAILS>1</EMAILS>
  <VELO>0</VELO>
  <VMAX>0</VMAX>
  <SITE>VERT999</SITE>
  <DEVICE_LAYERS>....</DEVICE_LAYERS>
  <FINGERPRINT></FINGERPRINT>
  <TIMEZONE></TIMEZONE>
  <LOCALTIME> </LOCALTIME>
  <REGION></REGION>
  <COUNTRY></COUNTRY>
  <PROXY></PROXY>
  <JAVASCRIPT></JAVASCRIPT>
  <FLASH></FLASH>
  <COOKIES></COOKIES>
  <HTTP_COUNTRY></HTTP_COUNTRY>
  <LANGUAGE></LANGUAGE>
  <MOBILE_DEVICE></MOBILE_DEVICE>
  <MOBILE_TYPE></MOBILE_TYPE>
  <MOBILE_FORWARDER></MOBILE_FORWARDER>
  <VOICE_DEVICE></VOICE_DEVICE>
  <PC_REMOTE></PC_REMOTE>
  <RULES_TRIGGERED>2</RULES_TRIGGERED>
  <RULE_ID_0>772998</RULE_ID_0>
  <RULE_DESCRIPTION_0>GEO Billing &lt;&gt; BIN Country (1pt)</RULE_DESCRIPTION_0>
  <RULE_ID_1>773002</RULE_ID_1>
  <RULE_DESCRIPTION_1>FRAUD_SCRD GEO Counter Triggered (5pts)</RULE_DESCRIPTION_1>
  <COUNTERS_TRIGGERED>2</COUNTERS_TRIGGERED>
  <COUNTER_NAME_0>GEO</COUNTER_NAME_0>
  <COUNTER_VALUE_0>1</COUNTER_VALUE_0>
  <COUNTER_NAME_1>FRAUD_SCRD</COUNTER_NAME_1>
  <COUNTER_VALUE_1>5</COUNTER_VALUE_1>
  <REASON_CODE></REASON_CODE>
  <MASTERCARD></MASTERCARD>
  <DDFS></DDFS>
  <DSR></DSR>
  <UAS></UAS>
  <BROWSER></BROWSER>
  <OS></OS>
  <PIP_IPAD></PIP_IPAD>
  <PIP_LAT></PIP_LAT>
  <PIP_LON></PIP_LON>
  <PIP_COUNTRY></PIP_COUNTRY>
  <PIP_REGION></PIP_REGION>
  <PIP_CITY></PIP_CITY>
  <PIP_ORG></PIP_ORG>
  <IP_IPAD></IP_IPAD>
  <IP_LAT></IP_LAT>
  <IP_LON></IP_LON>
  <IP_COUNTRY></IP_COUNTRY>
  <IP_REGION></IP_REGION>
  <IP_CITY></IP_CITY>
  <IP_ORG></IP_ORG>
  <WARNING_COUNT>0</WARNING_COUNT>
</RESPONSE>

2015-01-09T04:05:30Z
RequestParameter:  billNo: 20150109140112 | startTime:2015-01-09 04:05:30

2015-01-09T04:05:30Z
Array
(
    [MODE] => Q
    [FRMT] => XML
    [VERS] => 0600
    [MERC] => 680000
    [SESS] => 20150109140112
    [ORDR] => 20150109140112
    [CURR] => PHP
    [PENC] => KHASH
    [PTYP] => CARD
    [PTOK] => 4918912GXE0BUP1QG8K5
    [IPAD] => 119.153.12.6
    [MACK] => Y
    [PROD_DESC[0]] => Test Desc
    [PROD_TYPE[0]] => TEST Type
    [PROD_ITEM[0]] => Test Item
    [PROD_QUANT[0]] => 1
    [PROD_PRICE[0]] => 1000
    [TOTL] => 1000
    [SITE] => VERT999
    [UDF[MERCHANT_ID]] => 10001MERTEST001
    [NAME] => Juan Dela Cruz
    [B2A1] => My Address
    [B2CC] => PH
    [B2CI] => Makati
    [B2PC] => 1235
    [B2PN] => 12345678
    [B2ST] => NA
    [S2A1] => 
    [S2CC] => 
    [S2CI] => 
    [S2EM] => 
    [S2NM] =>  
    [S2PC] => 
    [S2PN] => 
    [S2ST] => 
    [SHTP] => SD
    [CASH] => 10
    [DOB] => 1984-09-26
    [GENDER] => M
    [EMAL] => juan@email.com
)


2015-01-09T04:05:33Z
ResponseParameter:  billNo: 20150109140112 | endTime:2015-01-09 04:05:33

2015-01-09T04:05:33Z
<?xml version="1.0" encoding="UTF-8"?>
<RESPONSE>
  <VERS>0600</VERS>
  <MODE>Q</MODE>
  <TRAN>3V1X0SB6KW4C</TRAN>
  <MERC>680000</MERC>
  <SESS>20150109140112</SESS>
  <ORDR>20150109140112</ORDR>
  <AUTO>D</AUTO>
  <SCOR>29</SCOR>
  <GEOX>PK</GEOX>
  <BRND>VISA</BRND>
  <REGN>PK_03</REGN>
  <NETW>N</NETW>
  <KAPT>N</KAPT>
  <CARDS>1</CARDS>
  <DEVICES>1</DEVICES>
  <EMAILS>1</EMAILS>
  <VELO>0</VELO>
  <VMAX>0</VMAX>
  <SITE>VERT999</SITE>
  <DEVICE_LAYERS>....</DEVICE_LAYERS>
  <FINGERPRINT></FINGERPRINT>
  <TIMEZONE></TIMEZONE>
  <LOCALTIME> </LOCALTIME>
  <REGION></REGION>
  <COUNTRY></COUNTRY>
  <PROXY></PROXY>
  <JAVASCRIPT></JAVASCRIPT>
  <FLASH></FLASH>
  <COOKIES></COOKIES>
  <HTTP_COUNTRY></HTTP_COUNTRY>
  <LANGUAGE></LANGUAGE>
  <MOBILE_DEVICE></MOBILE_DEVICE>
  <MOBILE_TYPE></MOBILE_TYPE>
  <MOBILE_FORWARDER></MOBILE_FORWARDER>
  <VOICE_DEVICE></VOICE_DEVICE>
  <PC_REMOTE></PC_REMOTE>
  <RULES_TRIGGERED>3</RULES_TRIGGERED>
  <RULE_ID_0>772998</RULE_ID_0>
  <RULE_DESCRIPTION_0>GEO Billing &lt;&gt; BIN Country (1pt)</RULE_DESCRIPTION_0>
  <RULE_ID_1>773002</RULE_ID_1>
  <RULE_DESCRIPTION_1>FRAUD_SCRD GEO Counter Triggered (5pts)</RULE_DESCRIPTION_1>
  <RULE_ID_2>773022</RULE_ID_2>
  <RULE_DESCRIPTION_2>Decline GEOX High-Risk Countries</RULE_DESCRIPTION_2>
  <COUNTERS_TRIGGERED>2</COUNTERS_TRIGGERED>
  <COUNTER_NAME_0>GEO</COUNTER_NAME_0>
  <COUNTER_VALUE_0>1</COUNTER_VALUE_0>
  <COUNTER_NAME_1>FRAUD_SCRD</COUNTER_NAME_1>
  <COUNTER_VALUE_1>5</COUNTER_VALUE_1>
  <REASON_CODE></REASON_CODE>
  <MASTERCARD></MASTERCARD>
  <DDFS></DDFS>
  <DSR></DSR>
  <UAS></UAS>
  <BROWSER></BROWSER>
  <OS></OS>
  <PIP_IPAD></PIP_IPAD>
  <PIP_LAT></PIP_LAT>
  <PIP_LON></PIP_LON>
  <PIP_COUNTRY></PIP_COUNTRY>
  <PIP_REGION></PIP_REGION>
  <PIP_CITY></PIP_CITY>
  <PIP_ORG></PIP_ORG>
  <IP_IPAD></IP_IPAD>
  <IP_LAT></IP_LAT>
  <IP_LON></IP_LON>
  <IP_COUNTRY></IP_COUNTRY>
  <IP_REGION></IP_REGION>
  <IP_CITY></IP_CITY>
  <IP_ORG></IP_ORG>
  <WARNING_COUNT>0</WARNING_COUNT>
</RESPONSE>

2015-01-09T04:09:41Z
RequestParameter:  billNo: 20150109140113 | startTime:2015-01-09 04:09:41

2015-01-09T04:09:41Z
Array
(
    [MODE] => Q
    [FRMT] => XML
    [VERS] => 0600
    [MERC] => 680000
    [SESS] => 92gub3daef8dcj0fmvog19se32
    [ORDR] => 20150109140113
    [CURR] => PHP
    [PENC] => KHASH
    [PTYP] => CARD
    [PTOK] => 4918912GXE0BUP1QG8K5
    [IPAD] => 192.168.192.2
    [MACK] => Y
    [PROD_DESC[0]] => Test Desc
    [PROD_TYPE[0]] => TEST Type
    [PROD_ITEM[0]] => Test Item
    [PROD_QUANT[0]] => 1
    [PROD_PRICE[0]] => 1000
    [TOTL] => 1000
    [SITE] => VERT999
    [UDF[MERCHANT_ID]] => 10001MERTEST001
    [NAME] => Juan Dela Cruz
    [B2A1] => My Address
    [B2CC] => PH
    [B2CI] => Makati
    [B2PC] => 1235
    [B2PN] => 12345678
    [B2ST] => NA
    [S2A1] => 
    [S2CC] => 
    [S2CI] => 
    [S2EM] => 
    [S2NM] =>  
    [S2PC] => 
    [S2PN] => 
    [S2ST] => 
    [SHTP] => SD
    [CASH] => 10
    [DOB] => 1984-09-26
    [GENDER] => M
    [EMAL] => juan@email.com
)


2015-01-09T04:09:43Z
ResponseParameter:  billNo: 20150109140113 | endTime:2015-01-09 04:09:43

2015-01-09T04:09:43Z
<?xml version="1.0" encoding="UTF-8"?>
<RESPONSE>
  <VERS>0600</VERS>
  <MODE>Q</MODE>
  <TRAN>3V1X08498SXW</TRAN>
  <MERC>680000</MERC>
  <SESS>92gub3daef8dcj0fmvog19se32</SESS>
  <ORDR>20150109140113</ORDR>
  <AUTO>A</AUTO>
  <SCOR>26</SCOR>
  <GEOX>PH</GEOX>
  <BRND>VISA</BRND>
  <REGN></REGN>
  <NETW>A</NETW>
  <KAPT>Y</KAPT>
  <CARDS>1</CARDS>
  <DEVICES>1</DEVICES>
  <EMAILS>1</EMAILS>
  <VELO>0</VELO>
  <VMAX>0</VMAX>
  <SITE>VERT999</SITE>
  <DEVICE_LAYERS>1E46F64B89.50954AA340.D7A4FD9F14.A80EBD4F24.928106C781</DEVICE_LAYERS>
  <FINGERPRINT>2FCC6566670618B78E958598C406443C</FINGERPRINT>
  <TIMEZONE>960</TIMEZONE>
  <LOCALTIME>2015-01-09 12:10</LOCALTIME>
  <REGION></REGION>
  <COUNTRY>PH</COUNTRY>
  <PROXY>N</PROXY>
  <JAVASCRIPT>Y</JAVASCRIPT>
  <FLASH>Y</FLASH>
  <COOKIES>Y</COOKIES>
  <HTTP_COUNTRY>US</HTTP_COUNTRY>
  <LANGUAGE>EN</LANGUAGE>
  <MOBILE_DEVICE>N</MOBILE_DEVICE>
  <MOBILE_TYPE></MOBILE_TYPE>
  <MOBILE_FORWARDER>N</MOBILE_FORWARDER>
  <VOICE_DEVICE>N</VOICE_DEVICE>
  <PC_REMOTE>N</PC_REMOTE>
  <RULES_TRIGGERED>4</RULES_TRIGGERED>
  <RULE_ID_0>772996</RULE_ID_0>
  <RULE_DESCRIPTION_0>GEO BIN and Device Country not equal (1pt)</RULE_DESCRIPTION_0>
  <RULE_ID_1>772998</RULE_ID_1>
  <RULE_DESCRIPTION_1>GEO Billing &lt;&gt; BIN Country (1pt)</RULE_DESCRIPTION_1>
  <RULE_ID_2>773002</RULE_ID_2>
  <RULE_DESCRIPTION_2>FRAUD_SCRD GEO Counter Triggered (5pts)</RULE_DESCRIPTION_2>
  <RULE_ID_3>773012</RULE_ID_3>
  <RULE_DESCRIPTION_3>FRAUD_SCRD Non-Normal Network Type (10pts)</RULE_DESCRIPTION_3>
  <COUNTERS_TRIGGERED>2</COUNTERS_TRIGGERED>
  <COUNTER_NAME_0>GEO</COUNTER_NAME_0>
  <COUNTER_VALUE_0>2</COUNTER_VALUE_0>
  <COUNTER_NAME_1>FRAUD_SCRD</COUNTER_NAME_1>
  <COUNTER_VALUE_1>15</COUNTER_VALUE_1>
  <REASON_CODE></REASON_CODE>
  <MASTERCARD></MASTERCARD>
  <DDFS>2014-10-23</DDFS>
  <DSR>1080x1920</DSR>
  <UAS>Mozilla/5.0 (Windows NT 6.3; WOW64; rv:34.0) Gecko/20100101 Firefox/34.0</UAS>
  <BROWSER>Firefox 34.0</BROWSER>
  <OS>Windows 8.1</OS>
  <PIP_IPAD></PIP_IPAD>
  <PIP_LAT></PIP_LAT>
  <PIP_LON></PIP_LON>
  <PIP_COUNTRY></PIP_COUNTRY>
  <PIP_REGION></PIP_REGION>
  <PIP_CITY></PIP_CITY>
  <PIP_ORG></PIP_ORG>
  <IP_IPAD>114.108.239.103</IP_IPAD>
  <IP_LAT>14.5833</IP_LAT>
  <IP_LON>120.9667</IP_LON>
  <IP_COUNTRY>PH</IP_COUNTRY>
  <IP_REGION>UNKNOWN</IP_REGION>
  <IP_CITY></IP_CITY>
  <IP_ORG>SKY BROADBAND</IP_ORG>
  <WARNING_COUNT>0</WARNING_COUNT>
</RESPONSE>

2015-01-09T04:15:27Z
RequestParameter:  billNo: 20150109140114 | startTime:2015-01-09 04:15:27

2015-01-09T04:15:27Z
Array
(
    [MODE] => Q
    [FRMT] => XML
    [VERS] => 0600
    [MERC] => 680000
    [SESS] => 92gub3daef8dcj0fmvog19se32
    [ORDR] => 20150109140114
    [CURR] => PHP
    [PENC] => KHASH
    [PTYP] => CARD
    [PTOK] => 4918912GXE0BUP1QG8K5
    [IPAD] => 192.168.192.2
    [MACK] => Y
    [PROD_DESC[0]] => Test Desc
    [PROD_TYPE[0]] => TEST Type
    [PROD_ITEM[0]] => Test Item
    [PROD_QUANT[0]] => 1
    [PROD_PRICE[0]] => 1000
    [TOTL] => 1000
    [SITE] => VERT999
    [UDF[MERCHANT_ID]] => 10001MERTEST001
    [NAME] => Juan Dela Cruz
    [B2A1] => My Address
    [B2CC] => PH
    [B2CI] => Makati
    [B2PC] => 1235
    [B2PN] => 12345678
    [B2ST] => NA
    [S2A1] => 
    [S2CC] => 
    [S2CI] => 
    [S2EM] => 
    [S2NM] =>  
    [S2PC] => 
    [S2PN] => 
    [S2ST] => 
    [SHTP] => SD
    [CASH] => 10
    [DOB] => 1984-09-26
    [GENDER] => M
    [EMAL] => juan@email.com
)


2015-01-09T04:15:29Z
ResponseParameter:  billNo: 20150109140114 | endTime:2015-01-09 04:15:29

2015-01-09T04:15:29Z
<?xml version="1.0" encoding="UTF-8"?>
<RESPONSE>
  <VERS>0600</VERS>
  <MODE>Q</MODE>
  <TRAN>3V1X0DGNLWDJ</TRAN>
  <MERC>680000</MERC>
  <SESS>92gub3daef8dcj0fmvog19se32</SESS>
  <ORDR>20150109140114</ORDR>
  <AUTO>A</AUTO>
  <SCOR>26</SCOR>
  <GEOX>PH</GEOX>
  <BRND>VISA</BRND>
  <REGN></REGN>
  <NETW>A</NETW>
  <KAPT>Y</KAPT>
  <CARDS>1</CARDS>
  <DEVICES>1</DEVICES>
  <EMAILS>1</EMAILS>
  <VELO>0</VELO>
  <VMAX>0</VMAX>
  <SITE>VERT999</SITE>
  <DEVICE_LAYERS>1E46F64B89.50954AA340.D7A4FD9F14.A80EBD4F24.928106C781</DEVICE_LAYERS>
  <FINGERPRINT>2FCC6566670618B78E958598C406443C</FINGERPRINT>
  <TIMEZONE>960</TIMEZONE>
  <LOCALTIME>2015-01-09 12:15</LOCALTIME>
  <REGION></REGION>
  <COUNTRY>PH</COUNTRY>
  <PROXY>N</PROXY>
  <JAVASCRIPT>Y</JAVASCRIPT>
  <FLASH>Y</FLASH>
  <COOKIES>Y</COOKIES>
  <HTTP_COUNTRY>US</HTTP_COUNTRY>
  <LANGUAGE>EN</LANGUAGE>
  <MOBILE_DEVICE>N</MOBILE_DEVICE>
  <MOBILE_TYPE></MOBILE_TYPE>
  <MOBILE_FORWARDER>N</MOBILE_FORWARDER>
  <VOICE_DEVICE>N</VOICE_DEVICE>
  <PC_REMOTE>N</PC_REMOTE>
  <RULES_TRIGGERED>4</RULES_TRIGGERED>
  <RULE_ID_0>772996</RULE_ID_0>
  <RULE_DESCRIPTION_0>GEO BIN and Device Country not equal (1pt)</RULE_DESCRIPTION_0>
  <RULE_ID_1>772998</RULE_ID_1>
  <RULE_DESCRIPTION_1>GEO Billing &lt;&gt; BIN Country (1pt)</RULE_DESCRIPTION_1>
  <RULE_ID_2>773002</RULE_ID_2>
  <RULE_DESCRIPTION_2>FRAUD_SCRD GEO Counter Triggered (5pts)</RULE_DESCRIPTION_2>
  <RULE_ID_3>773012</RULE_ID_3>
  <RULE_DESCRIPTION_3>FRAUD_SCRD Non-Normal Network Type (10pts)</RULE_DESCRIPTION_3>
  <COUNTERS_TRIGGERED>2</COUNTERS_TRIGGERED>
  <COUNTER_NAME_0>GEO</COUNTER_NAME_0>
  <COUNTER_VALUE_0>2</COUNTER_VALUE_0>
  <COUNTER_NAME_1>FRAUD_SCRD</COUNTER_NAME_1>
  <COUNTER_VALUE_1>15</COUNTER_VALUE_1>
  <REASON_CODE></REASON_CODE>
  <MASTERCARD></MASTERCARD>
  <DDFS>2014-10-23</DDFS>
  <DSR>1080x1920</DSR>
  <UAS>Mozilla/5.0 (Windows NT 6.3; WOW64; rv:34.0) Gecko/20100101 Firefox/34.0</UAS>
  <BROWSER>Firefox 34.0</BROWSER>
  <OS>Windows 8.1</OS>
  <PIP_IPAD></PIP_IPAD>
  <PIP_LAT></PIP_LAT>
  <PIP_LON></PIP_LON>
  <PIP_COUNTRY></PIP_COUNTRY>
  <PIP_REGION></PIP_REGION>
  <PIP_CITY></PIP_CITY>
  <PIP_ORG></PIP_ORG>
  <IP_IPAD>114.108.239.103</IP_IPAD>
  <IP_LAT>14.5833</IP_LAT>
  <IP_LON>120.9667</IP_LON>
  <IP_COUNTRY>PH</IP_COUNTRY>
  <IP_REGION>UNKNOWN</IP_REGION>
  <IP_CITY></IP_CITY>
  <IP_ORG>SKY BROADBAND</IP_ORG>
  <WARNING_COUNT>0</WARNING_COUNT>
</RESPONSE>

2015-01-09T04:17:08Z
RequestParameter:  billNo: 20150109140114 | startTime:2015-01-09 04:17:08

2015-01-09T04:17:08Z
Array
(
    [MODE] => Q
    [FRMT] => XML
    [VERS] => 0600
    [MERC] => 680000
    [SESS] => 92gub3daef8dcj0fmvog19se32
    [ORDR] => 20150109140114
    [CURR] => PHP
    [PENC] => KHASH
    [PTYP] => CARD
    [PTOK] => 4918912GXE0BUP1QG8K5
    [IPAD] => 192.168.192.2
    [MACK] => Y
    [PROD_DESC[0]] => Test Desc
    [PROD_TYPE[0]] => TEST Type
    [PROD_ITEM[0]] => Test Item
    [PROD_QUANT[0]] => 1
    [PROD_PRICE[0]] => 1000
    [TOTL] => 1000
    [SITE] => VERT999
    [UDF[MERCHANT_ID]] => 10001MERTEST001
    [NAME] => Juan Dela Cruz
    [B2A1] => My Address
    [B2CC] => PH
    [B2CI] => Makati
    [B2PC] => 1235
    [B2PN] => 12345678
    [B2ST] => NA
    [S2A1] => 
    [S2CC] => 
    [S2CI] => 
    [S2EM] => 
    [S2NM] =>  
    [S2PC] => 
    [S2PN] => 
    [S2ST] => 
    [SHTP] => SD
    [CASH] => 10
    [DOB] => 1984-09-26
    [GENDER] => M
    [EMAL] => juan@email.com
)


2015-01-09T04:17:10Z
ResponseParameter:  billNo: 20150109140114 | endTime:2015-01-09 04:17:10

2015-01-09T04:17:10Z
<?xml version="1.0" encoding="UTF-8"?>
<RESPONSE>
  <VERS>0600</VERS>
  <MODE>Q</MODE>
  <TRAN>3V1X0TZNS7RV</TRAN>
  <MERC>680000</MERC>
  <SESS>92gub3daef8dcj0fmvog19se32</SESS>
  <ORDR>20150109140114</ORDR>
  <AUTO>A</AUTO>
  <SCOR>26</SCOR>
  <GEOX>PH</GEOX>
  <BRND>VISA</BRND>
  <REGN></REGN>
  <NETW>A</NETW>
  <KAPT>Y</KAPT>
  <CARDS>1</CARDS>
  <DEVICES>1</DEVICES>
  <EMAILS>1</EMAILS>
  <VELO>0</VELO>
  <VMAX>0</VMAX>
  <SITE>VERT999</SITE>
  <DEVICE_LAYERS>1E46F64B89.50954AA340.D7A4FD9F14.A80EBD4F24.928106C781</DEVICE_LAYERS>
  <FINGERPRINT>2FCC6566670618B78E958598C406443C</FINGERPRINT>
  <TIMEZONE>960</TIMEZONE>
  <LOCALTIME>2015-01-09 12:17</LOCALTIME>
  <REGION></REGION>
  <COUNTRY>PH</COUNTRY>
  <PROXY>N</PROXY>
  <JAVASCRIPT>Y</JAVASCRIPT>
  <FLASH>Y</FLASH>
  <COOKIES>Y</COOKIES>
  <HTTP_COUNTRY>US</HTTP_COUNTRY>
  <LANGUAGE>EN</LANGUAGE>
  <MOBILE_DEVICE>N</MOBILE_DEVICE>
  <MOBILE_TYPE></MOBILE_TYPE>
  <MOBILE_FORWARDER>N</MOBILE_FORWARDER>
  <VOICE_DEVICE>N</VOICE_DEVICE>
  <PC_REMOTE>N</PC_REMOTE>
  <RULES_TRIGGERED>4</RULES_TRIGGERED>
  <RULE_ID_0>772996</RULE_ID_0>
  <RULE_DESCRIPTION_0>GEO BIN and Device Country not equal (1pt)</RULE_DESCRIPTION_0>
  <RULE_ID_1>772998</RULE_ID_1>
  <RULE_DESCRIPTION_1>GEO Billing &lt;&gt; BIN Country (1pt)</RULE_DESCRIPTION_1>
  <RULE_ID_2>773002</RULE_ID_2>
  <RULE_DESCRIPTION_2>FRAUD_SCRD GEO Counter Triggered (5pts)</RULE_DESCRIPTION_2>
  <RULE_ID_3>773012</RULE_ID_3>
  <RULE_DESCRIPTION_3>FRAUD_SCRD Non-Normal Network Type (10pts)</RULE_DESCRIPTION_3>
  <COUNTERS_TRIGGERED>2</COUNTERS_TRIGGERED>
  <COUNTER_NAME_0>GEO</COUNTER_NAME_0>
  <COUNTER_VALUE_0>2</COUNTER_VALUE_0>
  <COUNTER_NAME_1>FRAUD_SCRD</COUNTER_NAME_1>
  <COUNTER_VALUE_1>15</COUNTER_VALUE_1>
  <REASON_CODE></REASON_CODE>
  <MASTERCARD></MASTERCARD>
  <DDFS>2014-10-23</DDFS>
  <DSR>1080x1920</DSR>
  <UAS>Mozilla/5.0 (Windows NT 6.3; WOW64; rv:34.0) Gecko/20100101 Firefox/34.0</UAS>
  <BROWSER>Firefox 34.0</BROWSER>
  <OS>Windows 8.1</OS>
  <PIP_IPAD></PIP_IPAD>
  <PIP_LAT></PIP_LAT>
  <PIP_LON></PIP_LON>
  <PIP_COUNTRY></PIP_COUNTRY>
  <PIP_REGION></PIP_REGION>
  <PIP_CITY></PIP_CITY>
  <PIP_ORG></PIP_ORG>
  <IP_IPAD>114.108.239.103</IP_IPAD>
  <IP_LAT>14.5833</IP_LAT>
  <IP_LON>120.9667</IP_LON>
  <IP_COUNTRY>PH</IP_COUNTRY>
  <IP_REGION>UNKNOWN</IP_REGION>
  <IP_CITY></IP_CITY>
  <IP_ORG>SKY BROADBAND</IP_ORG>
  <WARNING_COUNT>0</WARNING_COUNT>
</RESPONSE>

2015-01-09T04:20:47Z
RequestParameter:  billNo: 20150109140114 | startTime:2015-01-09 04:20:47

2015-01-09T04:20:47Z
Array
(
    [MODE] => Q
    [FRMT] => XML
    [VERS] => 0600
    [MERC] => 680000
    [SESS] => 92gub3daef8dcj0fmvog19se32
    [ORDR] => 20150109140114
    [CURR] => PHP
    [PENC] => KHASH
    [PTYP] => CARD
    [PTOK] => 4918912GXE0BUP1QG8K5
    [IPAD] => 192.168.192.2
    [MACK] => Y
    [PROD_DESC[0]] => Test Desc
    [PROD_TYPE[0]] => TEST Type
    [PROD_ITEM[0]] => Test Item
    [PROD_QUANT[0]] => 1
    [PROD_PRICE[0]] => 1000
    [TOTL] => 1000
    [SITE] => VERT999
    [UDF[MERCHANT_ID]] => 10001MERTEST001
    [NAME] => Juan Dela Cruz
    [B2A1] => My Address
    [B2CC] => PH
    [B2CI] => Makati
    [B2PC] => 1235
    [B2PN] => 12345678
    [B2ST] => NA
    [S2A1] => 
    [S2CC] => 
    [S2CI] => 
    [S2EM] => 
    [S2NM] =>  
    [S2PC] => 
    [S2PN] => 
    [S2ST] => 
    [SHTP] => SD
    [CASH] => 10
    [DOB] => 1984-09-26
    [GENDER] => M
    [EMAL] => juan@email.com
)


2015-01-09T04:20:49Z
ResponseParameter:  billNo: 20150109140114 | endTime:2015-01-09 04:20:49

2015-01-09T04:20:49Z
<?xml version="1.0" encoding="UTF-8"?>
<RESPONSE>
  <VERS>0600</VERS>
  <MODE>Q</MODE>
  <TRAN>3V1X0WJB679K</TRAN>
  <MERC>680000</MERC>
  <SESS>92gub3daef8dcj0fmvog19se32</SESS>
  <ORDR>20150109140114</ORDR>
  <AUTO>A</AUTO>
  <SCOR>26</SCOR>
  <GEOX>PH</GEOX>
  <BRND>VISA</BRND>
  <REGN></REGN>
  <NETW>A</NETW>
  <KAPT>Y</KAPT>
  <CARDS>1</CARDS>
  <DEVICES>1</DEVICES>
  <EMAILS>1</EMAILS>
  <VELO>0</VELO>
  <VMAX>0</VMAX>
  <SITE>VERT999</SITE>
  <DEVICE_LAYERS>1E46F64B89.50954AA340.D7A4FD9F14.A80EBD4F24.928106C781</DEVICE_LAYERS>
  <FINGERPRINT>2FCC6566670618B78E958598C406443C</FINGERPRINT>
  <TIMEZONE>960</TIMEZONE>
  <LOCALTIME>2015-01-09 12:21</LOCALTIME>
  <REGION></REGION>
  <COUNTRY>PH</COUNTRY>
  <PROXY>N</PROXY>
  <JAVASCRIPT>Y</JAVASCRIPT>
  <FLASH>Y</FLASH>
  <COOKIES>Y</COOKIES>
  <HTTP_COUNTRY>US</HTTP_COUNTRY>
  <LANGUAGE>EN</LANGUAGE>
  <MOBILE_DEVICE>N</MOBILE_DEVICE>
  <MOBILE_TYPE></MOBILE_TYPE>
  <MOBILE_FORWARDER>N</MOBILE_FORWARDER>
  <VOICE_DEVICE>N</VOICE_DEVICE>
  <PC_REMOTE>N</PC_REMOTE>
  <RULES_TRIGGERED>4</RULES_TRIGGERED>
  <RULE_ID_0>772996</RULE_ID_0>
  <RULE_DESCRIPTION_0>GEO BIN and Device Country not equal (1pt)</RULE_DESCRIPTION_0>
  <RULE_ID_1>772998</RULE_ID_1>
  <RULE_DESCRIPTION_1>GEO Billing &lt;&gt; BIN Country (1pt)</RULE_DESCRIPTION_1>
  <RULE_ID_2>773002</RULE_ID_2>
  <RULE_DESCRIPTION_2>FRAUD_SCRD GEO Counter Triggered (5pts)</RULE_DESCRIPTION_2>
  <RULE_ID_3>773012</RULE_ID_3>
  <RULE_DESCRIPTION_3>FRAUD_SCRD Non-Normal Network Type (10pts)</RULE_DESCRIPTION_3>
  <COUNTERS_TRIGGERED>2</COUNTERS_TRIGGERED>
  <COUNTER_NAME_0>GEO</COUNTER_NAME_0>
  <COUNTER_VALUE_0>2</COUNTER_VALUE_0>
  <COUNTER_NAME_1>FRAUD_SCRD</COUNTER_NAME_1>
  <COUNTER_VALUE_1>15</COUNTER_VALUE_1>
  <REASON_CODE></REASON_CODE>
  <MASTERCARD></MASTERCARD>
  <DDFS>2014-10-23</DDFS>
  <DSR>1080x1920</DSR>
  <UAS>Mozilla/5.0 (Windows NT 6.3; WOW64; rv:34.0) Gecko/20100101 Firefox/34.0</UAS>
  <BROWSER>Firefox 34.0</BROWSER>
  <OS>Windows 8.1</OS>
  <PIP_IPAD></PIP_IPAD>
  <PIP_LAT></PIP_LAT>
  <PIP_LON></PIP_LON>
  <PIP_COUNTRY></PIP_COUNTRY>
  <PIP_REGION></PIP_REGION>
  <PIP_CITY></PIP_CITY>
  <PIP_ORG></PIP_ORG>
  <IP_IPAD>114.108.239.103</IP_IPAD>
  <IP_LAT>14.5833</IP_LAT>
  <IP_LON>120.9667</IP_LON>
  <IP_COUNTRY>PH</IP_COUNTRY>
  <IP_REGION>UNKNOWN</IP_REGION>
  <IP_CITY></IP_CITY>
  <IP_ORG>SKY BROADBAND</IP_ORG>
  <WARNING_COUNT>0</WARNING_COUNT>
</RESPONSE>

2015-01-09T04:21:55Z
RequestParameter:  billNo: 20150109140114 | startTime:2015-01-09 04:21:55

2015-01-09T04:21:55Z
Array
(
    [MODE] => Q
    [FRMT] => XML
    [VERS] => 0600
    [MERC] => 680000
    [SESS] => 92gub3daef8dcj0fmvog19se32
    [ORDR] => 20150109140114
    [CURR] => PHP
    [PENC] => KHASH
    [PTYP] => CARD
    [PTOK] => 4918912GXE0BUP1QG8K5
    [IPAD] => 192.168.192.2
    [MACK] => Y
    [PROD_DESC[0]] => Test Desc
    [PROD_TYPE[0]] => TEST Type
    [PROD_ITEM[0]] => Test Item
    [PROD_QUANT[0]] => 1
    [PROD_PRICE[0]] => 1000
    [TOTL] => 1000
    [SITE] => VERT999
    [UDF[MERCHANT_ID]] => 10001MERTEST001
    [NAME] => Juan Dela Cruz
    [B2A1] => My Address
    [B2CC] => PH
    [B2CI] => Makati
    [B2PC] => 1235
    [B2PN] => 12345678
    [B2ST] => NA
    [S2A1] => 
    [S2CC] => 
    [S2CI] => 
    [S2EM] => 
    [S2NM] =>  
    [S2PC] => 
    [S2PN] => 
    [S2ST] => 
    [SHTP] => SD
    [CASH] => 10
    [DOB] => 1984-09-26
    [GENDER] => M
    [EMAL] => juan@email.com
)


2015-01-09T04:21:58Z
ResponseParameter:  billNo: 20150109140114 | endTime:2015-01-09 04:21:58

2015-01-09T04:21:58Z
<?xml version="1.0" encoding="UTF-8"?>
<RESPONSE>
  <VERS>0600</VERS>
  <MODE>Q</MODE>
  <TRAN>3V1X0NW5VD8D</TRAN>
  <MERC>680000</MERC>
  <SESS>92gub3daef8dcj0fmvog19se32</SESS>
  <ORDR>20150109140114</ORDR>
  <AUTO>A</AUTO>
  <SCOR>26</SCOR>
  <GEOX>PH</GEOX>
  <BRND>VISA</BRND>
  <REGN></REGN>
  <NETW>A</NETW>
  <KAPT>Y</KAPT>
  <CARDS>1</CARDS>
  <DEVICES>1</DEVICES>
  <EMAILS>1</EMAILS>
  <VELO>0</VELO>
  <VMAX>0</VMAX>
  <SITE>VERT999</SITE>
  <DEVICE_LAYERS>1E46F64B89.50954AA340.D7A4FD9F14.A80EBD4F24.928106C781</DEVICE_LAYERS>
  <FINGERPRINT>2FCC6566670618B78E958598C406443C</FINGERPRINT>
  <TIMEZONE>960</TIMEZONE>
  <LOCALTIME>2015-01-09 12:22</LOCALTIME>
  <REGION></REGION>
  <COUNTRY>PH</COUNTRY>
  <PROXY>N</PROXY>
  <JAVASCRIPT>Y</JAVASCRIPT>
  <FLASH>Y</FLASH>
  <COOKIES>Y</COOKIES>
  <HTTP_COUNTRY>US</HTTP_COUNTRY>
  <LANGUAGE>EN</LANGUAGE>
  <MOBILE_DEVICE>N</MOBILE_DEVICE>
  <MOBILE_TYPE></MOBILE_TYPE>
  <MOBILE_FORWARDER>N</MOBILE_FORWARDER>
  <VOICE_DEVICE>N</VOICE_DEVICE>
  <PC_REMOTE>N</PC_REMOTE>
  <RULES_TRIGGERED>4</RULES_TRIGGERED>
  <RULE_ID_0>772996</RULE_ID_0>
  <RULE_DESCRIPTION_0>GEO BIN and Device Country not equal (1pt)</RULE_DESCRIPTION_0>
  <RULE_ID_1>772998</RULE_ID_1>
  <RULE_DESCRIPTION_1>GEO Billing &lt;&gt; BIN Country (1pt)</RULE_DESCRIPTION_1>
  <RULE_ID_2>773002</RULE_ID_2>
  <RULE_DESCRIPTION_2>FRAUD_SCRD GEO Counter Triggered (5pts)</RULE_DESCRIPTION_2>
  <RULE_ID_3>773012</RULE_ID_3>
  <RULE_DESCRIPTION_3>FRAUD_SCRD Non-Normal Network Type (10pts)</RULE_DESCRIPTION_3>
  <COUNTERS_TRIGGERED>2</COUNTERS_TRIGGERED>
  <COUNTER_NAME_0>GEO</COUNTER_NAME_0>
  <COUNTER_VALUE_0>2</COUNTER_VALUE_0>
  <COUNTER_NAME_1>FRAUD_SCRD</COUNTER_NAME_1>
  <COUNTER_VALUE_1>15</COUNTER_VALUE_1>
  <REASON_CODE></REASON_CODE>
  <MASTERCARD></MASTERCARD>
  <DDFS>2014-10-23</DDFS>
  <DSR>1080x1920</DSR>
  <UAS>Mozilla/5.0 (Windows NT 6.3; WOW64; rv:34.0) Gecko/20100101 Firefox/34.0</UAS>
  <BROWSER>Firefox 34.0</BROWSER>
  <OS>Windows 8.1</OS>
  <PIP_IPAD></PIP_IPAD>
  <PIP_LAT></PIP_LAT>
  <PIP_LON></PIP_LON>
  <PIP_COUNTRY></PIP_COUNTRY>
  <PIP_REGION></PIP_REGION>
  <PIP_CITY></PIP_CITY>
  <PIP_ORG></PIP_ORG>
  <IP_IPAD>114.108.239.103</IP_IPAD>
  <IP_LAT>14.5833</IP_LAT>
  <IP_LON>120.9667</IP_LON>
  <IP_COUNTRY>PH</IP_COUNTRY>
  <IP_REGION>UNKNOWN</IP_REGION>
  <IP_CITY></IP_CITY>
  <IP_ORG>SKY BROADBAND</IP_ORG>
  <WARNING_COUNT>0</WARNING_COUNT>
</RESPONSE>

2015-01-09T04:25:31Z
RequestParameter:  billNo: 20150109140114 | startTime:2015-01-09 04:25:31

2015-01-09T04:25:31Z
Array
(
    [MODE] => Q
    [FRMT] => XML
    [VERS] => 0600
    [MERC] => 680000
    [SESS] => 92gub3daef8dcj0fmvog19se32
    [ORDR] => 20150109140114
    [CURR] => PHP
    [PENC] => KHASH
    [PTYP] => CARD
    [PTOK] => 4918912GXE0BUP1QG8K5
    [IPAD] => 192.168.192.2
    [MACK] => Y
    [PROD_DESC[0]] => Test Desc
    [PROD_TYPE[0]] => TEST Type
    [PROD_ITEM[0]] => Test Item
    [PROD_QUANT[0]] => 1
    [PROD_PRICE[0]] => 1000
    [TOTL] => 1000
    [SITE] => VERT999
    [UDF[MERCHANT_ID]] => 10001MERTEST001
    [NAME] => Juan Dela Cruz
    [B2A1] => My Address
    [B2CC] => PH
    [B2CI] => Makati
    [B2PC] => 1235
    [B2PN] => 12345678
    [B2ST] => NA
    [S2A1] => 
    [S2CC] => 
    [S2CI] => 
    [S2EM] => 
    [S2NM] =>  
    [S2PC] => 
    [S2PN] => 
    [S2ST] => 
    [SHTP] => SD
    [CASH] => 10
    [DOB] => 1984-09-26
    [GENDER] => M
    [EMAL] => juan@email.com
)


2015-01-09T04:25:33Z
ResponseParameter:  billNo: 20150109140114 | endTime:2015-01-09 04:25:33

2015-01-09T04:25:33Z
<?xml version="1.0" encoding="UTF-8"?>
<RESPONSE>
  <VERS>0600</VERS>
  <MODE>Q</MODE>
  <TRAN>3V1X0ZN9JVL2</TRAN>
  <MERC>680000</MERC>
  <SESS>92gub3daef8dcj0fmvog19se32</SESS>
  <ORDR>20150109140114</ORDR>
  <AUTO>A</AUTO>
  <SCOR>26</SCOR>
  <GEOX>PH</GEOX>
  <BRND>VISA</BRND>
  <REGN></REGN>
  <NETW>A</NETW>
  <KAPT>Y</KAPT>
  <CARDS>1</CARDS>
  <DEVICES>1</DEVICES>
  <EMAILS>1</EMAILS>
  <VELO>0</VELO>
  <VMAX>0</VMAX>
  <SITE>VERT999</SITE>
  <DEVICE_LAYERS>1E46F64B89.50954AA340.D7A4FD9F14.A80EBD4F24.928106C781</DEVICE_LAYERS>
  <FINGERPRINT>2FCC6566670618B78E958598C406443C</FINGERPRINT>
  <TIMEZONE>960</TIMEZONE>
  <LOCALTIME>2015-01-09 12:25</LOCALTIME>
  <REGION></REGION>
  <COUNTRY>PH</COUNTRY>
  <PROXY>N</PROXY>
  <JAVASCRIPT>Y</JAVASCRIPT>
  <FLASH>Y</FLASH>
  <COOKIES>Y</COOKIES>
  <HTTP_COUNTRY>US</HTTP_COUNTRY>
  <LANGUAGE>EN</LANGUAGE>
  <MOBILE_DEVICE>N</MOBILE_DEVICE>
  <MOBILE_TYPE></MOBILE_TYPE>
  <MOBILE_FORWARDER>N</MOBILE_FORWARDER>
  <VOICE_DEVICE>N</VOICE_DEVICE>
  <PC_REMOTE>N</PC_REMOTE>
  <RULES_TRIGGERED>4</RULES_TRIGGERED>
  <RULE_ID_0>772996</RULE_ID_0>
  <RULE_DESCRIPTION_0>GEO BIN and Device Country not equal (1pt)</RULE_DESCRIPTION_0>
  <RULE_ID_1>772998</RULE_ID_1>
  <RULE_DESCRIPTION_1>GEO Billing &lt;&gt; BIN Country (1pt)</RULE_DESCRIPTION_1>
  <RULE_ID_2>773002</RULE_ID_2>
  <RULE_DESCRIPTION_2>FRAUD_SCRD GEO Counter Triggered (5pts)</RULE_DESCRIPTION_2>
  <RULE_ID_3>773012</RULE_ID_3>
  <RULE_DESCRIPTION_3>FRAUD_SCRD Non-Normal Network Type (10pts)</RULE_DESCRIPTION_3>
  <COUNTERS_TRIGGERED>2</COUNTERS_TRIGGERED>
  <COUNTER_NAME_0>GEO</COUNTER_NAME_0>
  <COUNTER_VALUE_0>2</COUNTER_VALUE_0>
  <COUNTER_NAME_1>FRAUD_SCRD</COUNTER_NAME_1>
  <COUNTER_VALUE_1>15</COUNTER_VALUE_1>
  <REASON_CODE></REASON_CODE>
  <MASTERCARD></MASTERCARD>
  <DDFS>2014-10-23</DDFS>
  <DSR>1206x2144</DSR>
  <UAS>Mozilla/5.0 (Windows NT 6.3; WOW64; rv:34.0) Gecko/20100101 Firefox/34.0</UAS>
  <BROWSER>Firefox 34.0</BROWSER>
  <OS>Windows 8.1</OS>
  <PIP_IPAD></PIP_IPAD>
  <PIP_LAT></PIP_LAT>
  <PIP_LON></PIP_LON>
  <PIP_COUNTRY></PIP_COUNTRY>
  <PIP_REGION></PIP_REGION>
  <PIP_CITY></PIP_CITY>
  <PIP_ORG></PIP_ORG>
  <IP_IPAD>114.108.239.103</IP_IPAD>
  <IP_LAT>14.5833</IP_LAT>
  <IP_LON>120.9667</IP_LON>
  <IP_COUNTRY>PH</IP_COUNTRY>
  <IP_REGION>UNKNOWN</IP_REGION>
  <IP_CITY></IP_CITY>
  <IP_ORG>SKY BROADBAND</IP_ORG>
  <WARNING_COUNT>0</WARNING_COUNT>
</RESPONSE>

2015-01-09T04:27:28Z
RequestParameter:  billNo: 20150109140114 | startTime:2015-01-09 04:27:28

2015-01-09T04:27:28Z
Array
(
    [MODE] => Q
    [FRMT] => XML
    [VERS] => 0600
    [MERC] => 680000
    [SESS] => 92gub3daef8dcj0fmvog19se32
    [ORDR] => 20150109140114
    [CURR] => PHP
    [PENC] => KHASH
    [PTYP] => CARD
    [PTOK] => 4918912GXE0BUP1QG8K5
    [IPAD] => 192.168.192.2
    [MACK] => Y
    [PROD_DESC[0]] => Test Desc
    [PROD_TYPE[0]] => TEST Type
    [PROD_ITEM[0]] => Test Item
    [PROD_QUANT[0]] => 1
    [PROD_PRICE[0]] => 1000
    [TOTL] => 1000
    [SITE] => VERT999
    [UDF[MERCHANT_ID]] => 10001MERTEST001
    [NAME] => Juan Dela Cruz
    [B2A1] => My Address
    [B2CC] => PH
    [B2CI] => Makati
    [B2PC] => 1235
    [B2PN] => 12345678
    [B2ST] => NA
    [S2A1] => 
    [S2CC] => 
    [S2CI] => 
    [S2EM] => 
    [S2NM] =>  
    [S2PC] => 
    [S2PN] => 
    [S2ST] => 
    [SHTP] => SD
    [CASH] => 10
    [DOB] => 1984-09-26
    [GENDER] => M
    [EMAL] => juan@email.com
)


2015-01-09T04:27:29Z
ResponseParameter:  billNo: 20150109140114 | endTime:2015-01-09 04:27:29

2015-01-09T04:27:29Z
<?xml version="1.0" encoding="UTF-8"?>
<RESPONSE>
  <VERS>0600</VERS>
  <MODE>Q</MODE>
  <TRAN>3V1X0B00G5T9</TRAN>
  <MERC>680000</MERC>
  <SESS>92gub3daef8dcj0fmvog19se32</SESS>
  <ORDR>20150109140114</ORDR>
  <AUTO>A</AUTO>
  <SCOR>26</SCOR>
  <GEOX>PH</GEOX>
  <BRND>VISA</BRND>
  <REGN></REGN>
  <NETW>A</NETW>
  <KAPT>Y</KAPT>
  <CARDS>1</CARDS>
  <DEVICES>1</DEVICES>
  <EMAILS>1</EMAILS>
  <VELO>0</VELO>
  <VMAX>0</VMAX>
  <SITE>VERT999</SITE>
  <DEVICE_LAYERS>1E46F64B89.50954AA340.D7A4FD9F14.A80EBD4F24.928106C781</DEVICE_LAYERS>
  <FINGERPRINT>2FCC6566670618B78E958598C406443C</FINGERPRINT>
  <TIMEZONE>960</TIMEZONE>
  <LOCALTIME>2015-01-09 12:27</LOCALTIME>
  <REGION></REGION>
  <COUNTRY>PH</COUNTRY>
  <PROXY>N</PROXY>
  <JAVASCRIPT>Y</JAVASCRIPT>
  <FLASH>Y</FLASH>
  <COOKIES>Y</COOKIES>
  <HTTP_COUNTRY>US</HTTP_COUNTRY>
  <LANGUAGE>EN</LANGUAGE>
  <MOBILE_DEVICE>N</MOBILE_DEVICE>
  <MOBILE_TYPE></MOBILE_TYPE>
  <MOBILE_FORWARDER>N</MOBILE_FORWARDER>
  <VOICE_DEVICE>N</VOICE_DEVICE>
  <PC_REMOTE>N</PC_REMOTE>
  <RULES_TRIGGERED>4</RULES_TRIGGERED>
  <RULE_ID_0>772996</RULE_ID_0>
  <RULE_DESCRIPTION_0>GEO BIN and Device Country not equal (1pt)</RULE_DESCRIPTION_0>
  <RULE_ID_1>772998</RULE_ID_1>
  <RULE_DESCRIPTION_1>GEO Billing &lt;&gt; BIN Country (1pt)</RULE_DESCRIPTION_1>
  <RULE_ID_2>773002</RULE_ID_2>
  <RULE_DESCRIPTION_2>FRAUD_SCRD GEO Counter Triggered (5pts)</RULE_DESCRIPTION_2>
  <RULE_ID_3>773012</RULE_ID_3>
  <RULE_DESCRIPTION_3>FRAUD_SCRD Non-Normal Network Type (10pts)</RULE_DESCRIPTION_3>
  <COUNTERS_TRIGGERED>2</COUNTERS_TRIGGERED>
  <COUNTER_NAME_0>GEO</COUNTER_NAME_0>
  <COUNTER_VALUE_0>2</COUNTER_VALUE_0>
  <COUNTER_NAME_1>FRAUD_SCRD</COUNTER_NAME_1>
  <COUNTER_VALUE_1>15</COUNTER_VALUE_1>
  <REASON_CODE></REASON_CODE>
  <MASTERCARD></MASTERCARD>
  <DDFS>2014-10-23</DDFS>
  <DSR>1206x2144</DSR>
  <UAS>Mozilla/5.0 (Windows NT 6.3; WOW64; rv:34.0) Gecko/20100101 Firefox/34.0</UAS>
  <BROWSER>Firefox 34.0</BROWSER>
  <OS>Windows 8.1</OS>
  <PIP_IPAD></PIP_IPAD>
  <PIP_LAT></PIP_LAT>
  <PIP_LON></PIP_LON>
  <PIP_COUNTRY></PIP_COUNTRY>
  <PIP_REGION></PIP_REGION>
  <PIP_CITY></PIP_CITY>
  <PIP_ORG></PIP_ORG>
  <IP_IPAD>114.108.239.103</IP_IPAD>
  <IP_LAT>14.5833</IP_LAT>
  <IP_LON>120.9667</IP_LON>
  <IP_COUNTRY>PH</IP_COUNTRY>
  <IP_REGION>UNKNOWN</IP_REGION>
  <IP_CITY></IP_CITY>
  <IP_ORG>SKY BROADBAND</IP_ORG>
  <WARNING_COUNT>0</WARNING_COUNT>
</RESPONSE>

2015-01-09T04:31:22Z
RequestParameter:  billNo: 20150109140114 | startTime:2015-01-09 04:31:22

2015-01-09T04:31:22Z
Array
(
    [MODE] => Q
    [FRMT] => XML
    [VERS] => 0600
    [MERC] => 680000
    [SESS] => 92gub3daef8dcj0fmvog19se32
    [ORDR] => 20150109140114
    [CURR] => PHP
    [PENC] => KHASH
    [PTYP] => CARD
    [PTOK] => 4918912GXE0BUP1QG8K5
    [IPAD] => 192.168.192.2
    [MACK] => Y
    [PROD_DESC[0]] => Test Desc
    [PROD_TYPE[0]] => TEST Type
    [PROD_ITEM[0]] => Test Item
    [PROD_QUANT[0]] => 1
    [PROD_PRICE[0]] => 1000
    [TOTL] => 1000
    [SITE] => VERT999
    [UDF[MERCHANT_ID]] => 10001MERTEST001
    [NAME] => Juan Dela Cruz
    [B2A1] => My Address
    [B2CC] => PH
    [B2CI] => Makati
    [B2PC] => 1235
    [B2PN] => 12345678
    [B2ST] => NA
    [S2A1] => 
    [S2CC] => 
    [S2CI] => 
    [S2EM] => 
    [S2NM] =>  
    [S2PC] => 
    [S2PN] => 
    [S2ST] => 
    [SHTP] => SD
    [CASH] => 10
    [DOB] => 1984-09-26
    [GENDER] => M
    [EMAL] => juan@email.com
)


2015-01-09T04:31:23Z
ResponseParameter:  billNo: 20150109140114 | endTime:2015-01-09 04:31:23

2015-01-09T04:31:23Z
<?xml version="1.0" encoding="UTF-8"?>
<RESPONSE>
  <VERS>0600</VERS>
  <MODE>Q</MODE>
  <TRAN>3V1X0T7PVVGK</TRAN>
  <MERC>680000</MERC>
  <SESS>92gub3daef8dcj0fmvog19se32</SESS>
  <ORDR>20150109140114</ORDR>
  <AUTO>A</AUTO>
  <SCOR>26</SCOR>
  <GEOX>PH</GEOX>
  <BRND>VISA</BRND>
  <REGN></REGN>
  <NETW>A</NETW>
  <KAPT>Y</KAPT>
  <CARDS>1</CARDS>
  <DEVICES>1</DEVICES>
  <EMAILS>1</EMAILS>
  <VELO>0</VELO>
  <VMAX>0</VMAX>
  <SITE>VERT999</SITE>
  <DEVICE_LAYERS>1E46F64B89.50954AA340.D7A4FD9F14.A80EBD4F24.928106C781</DEVICE_LAYERS>
  <FINGERPRINT>2FCC6566670618B78E958598C406443C</FINGERPRINT>
  <TIMEZONE>960</TIMEZONE>
  <LOCALTIME>2015-01-09 12:31</LOCALTIME>
  <REGION></REGION>
  <COUNTRY>PH</COUNTRY>
  <PROXY>N</PROXY>
  <JAVASCRIPT>Y</JAVASCRIPT>
  <FLASH>Y</FLASH>
  <COOKIES>Y</COOKIES>
  <HTTP_COUNTRY>US</HTTP_COUNTRY>
  <LANGUAGE>EN</LANGUAGE>
  <MOBILE_DEVICE>N</MOBILE_DEVICE>
  <MOBILE_TYPE></MOBILE_TYPE>
  <MOBILE_FORWARDER>N</MOBILE_FORWARDER>
  <VOICE_DEVICE>N</VOICE_DEVICE>
  <PC_REMOTE>N</PC_REMOTE>
  <RULES_TRIGGERED>4</RULES_TRIGGERED>
  <RULE_ID_0>772996</RULE_ID_0>
  <RULE_DESCRIPTION_0>GEO BIN and Device Country not equal (1pt)</RULE_DESCRIPTION_0>
  <RULE_ID_1>772998</RULE_ID_1>
  <RULE_DESCRIPTION_1>GEO Billing &lt;&gt; BIN Country (1pt)</RULE_DESCRIPTION_1>
  <RULE_ID_2>773002</RULE_ID_2>
  <RULE_DESCRIPTION_2>FRAUD_SCRD GEO Counter Triggered (5pts)</RULE_DESCRIPTION_2>
  <RULE_ID_3>773012</RULE_ID_3>
  <RULE_DESCRIPTION_3>FRAUD_SCRD Non-Normal Network Type (10pts)</RULE_DESCRIPTION_3>
  <COUNTERS_TRIGGERED>2</COUNTERS_TRIGGERED>
  <COUNTER_NAME_0>GEO</COUNTER_NAME_0>
  <COUNTER_VALUE_0>2</COUNTER_VALUE_0>
  <COUNTER_NAME_1>FRAUD_SCRD</COUNTER_NAME_1>
  <COUNTER_VALUE_1>15</COUNTER_VALUE_1>
  <REASON_CODE></REASON_CODE>
  <MASTERCARD></MASTERCARD>
  <DDFS>2014-10-23</DDFS>
  <DSR>1206x2144</DSR>
  <UAS>Mozilla/5.0 (Windows NT 6.3; WOW64; rv:34.0) Gecko/20100101 Firefox/34.0</UAS>
  <BROWSER>Firefox 34.0</BROWSER>
  <OS>Windows 8.1</OS>
  <PIP_IPAD></PIP_IPAD>
  <PIP_LAT></PIP_LAT>
  <PIP_LON></PIP_LON>
  <PIP_COUNTRY></PIP_COUNTRY>
  <PIP_REGION></PIP_REGION>
  <PIP_CITY></PIP_CITY>
  <PIP_ORG></PIP_ORG>
  <IP_IPAD>114.108.239.103</IP_IPAD>
  <IP_LAT>14.5833</IP_LAT>
  <IP_LON>120.9667</IP_LON>
  <IP_COUNTRY>PH</IP_COUNTRY>
  <IP_REGION>UNKNOWN</IP_REGION>
  <IP_CITY></IP_CITY>
  <IP_ORG>SKY BROADBAND</IP_ORG>
  <WARNING_COUNT>0</WARNING_COUNT>
</RESPONSE>

2015-01-09T04:31:47Z
RequestParameter:  billNo: 20150109140114 | startTime:2015-01-09 04:31:47

2015-01-09T04:31:47Z
Array
(
    [MODE] => Q
    [FRMT] => XML
    [VERS] => 0600
    [MERC] => 680000
    [SESS] => 92gub3daef8dcj0fmvog19se32
    [ORDR] => 20150109140114
    [CURR] => PHP
    [PENC] => KHASH
    [PTYP] => CARD
    [PTOK] => 4918912GXE0BUP1QG8K5
    [IPAD] => 192.168.192.2
    [MACK] => Y
    [PROD_DESC[0]] => Test Desc
    [PROD_TYPE[0]] => TEST Type
    [PROD_ITEM[0]] => Test Item
    [PROD_QUANT[0]] => 1
    [PROD_PRICE[0]] => 1000
    [TOTL] => 1000
    [SITE] => VERT999
    [UDF[MERCHANT_ID]] => 10001MERTEST001
    [NAME] => Juan Dela Cruz
    [B2A1] => My Address
    [B2CC] => PH
    [B2CI] => Makati
    [B2PC] => 1235
    [B2PN] => 12345678
    [B2ST] => NA
    [S2A1] => 
    [S2CC] => 
    [S2CI] => 
    [S2EM] => 
    [S2NM] =>  
    [S2PC] => 
    [S2PN] => 
    [S2ST] => 
    [SHTP] => SD
    [CASH] => 10
    [DOB] => 1984-09-26
    [GENDER] => M
    [EMAL] => juan@email.com
)


2015-01-09T04:31:49Z
ResponseParameter:  billNo: 20150109140114 | endTime:2015-01-09 04:31:49

2015-01-09T04:31:49Z
<?xml version="1.0" encoding="UTF-8"?>
<RESPONSE>
  <VERS>0600</VERS>
  <MODE>Q</MODE>
  <TRAN>3V1X0H6N6KHZ</TRAN>
  <MERC>680000</MERC>
  <SESS>92gub3daef8dcj0fmvog19se32</SESS>
  <ORDR>20150109140114</ORDR>
  <AUTO>A</AUTO>
  <SCOR>26</SCOR>
  <GEOX>PH</GEOX>
  <BRND>VISA</BRND>
  <REGN></REGN>
  <NETW>A</NETW>
  <KAPT>Y</KAPT>
  <CARDS>1</CARDS>
  <DEVICES>1</DEVICES>
  <EMAILS>1</EMAILS>
  <VELO>0</VELO>
  <VMAX>0</VMAX>
  <SITE>VERT999</SITE>
  <DEVICE_LAYERS>1E46F64B89.50954AA340.D7A4FD9F14.A80EBD4F24.928106C781</DEVICE_LAYERS>
  <FINGERPRINT>2FCC6566670618B78E958598C406443C</FINGERPRINT>
  <TIMEZONE>960</TIMEZONE>
  <LOCALTIME>2015-01-09 12:32</LOCALTIME>
  <REGION></REGION>
  <COUNTRY>PH</COUNTRY>
  <PROXY>N</PROXY>
  <JAVASCRIPT>Y</JAVASCRIPT>
  <FLASH>Y</FLASH>
  <COOKIES>Y</COOKIES>
  <HTTP_COUNTRY>US</HTTP_COUNTRY>
  <LANGUAGE>EN</LANGUAGE>
  <MOBILE_DEVICE>N</MOBILE_DEVICE>
  <MOBILE_TYPE></MOBILE_TYPE>
  <MOBILE_FORWARDER>N</MOBILE_FORWARDER>
  <VOICE_DEVICE>N</VOICE_DEVICE>
  <PC_REMOTE>N</PC_REMOTE>
  <RULES_TRIGGERED>4</RULES_TRIGGERED>
  <RULE_ID_0>772996</RULE_ID_0>
  <RULE_DESCRIPTION_0>GEO BIN and Device Country not equal (1pt)</RULE_DESCRIPTION_0>
  <RULE_ID_1>772998</RULE_ID_1>
  <RULE_DESCRIPTION_1>GEO Billing &lt;&gt; BIN Country (1pt)</RULE_DESCRIPTION_1>
  <RULE_ID_2>773002</RULE_ID_2>
  <RULE_DESCRIPTION_2>FRAUD_SCRD GEO Counter Triggered (5pts)</RULE_DESCRIPTION_2>
  <RULE_ID_3>773012</RULE_ID_3>
  <RULE_DESCRIPTION_3>FRAUD_SCRD Non-Normal Network Type (10pts)</RULE_DESCRIPTION_3>
  <COUNTERS_TRIGGERED>2</COUNTERS_TRIGGERED>
  <COUNTER_NAME_0>GEO</COUNTER_NAME_0>
  <COUNTER_VALUE_0>2</COUNTER_VALUE_0>
  <COUNTER_NAME_1>FRAUD_SCRD</COUNTER_NAME_1>
  <COUNTER_VALUE_1>15</COUNTER_VALUE_1>
  <REASON_CODE></REASON_CODE>
  <MASTERCARD></MASTERCARD>
  <DDFS>2014-10-23</DDFS>
  <DSR>1206x2144</DSR>
  <UAS>Mozilla/5.0 (Windows NT 6.3; WOW64; rv:34.0) Gecko/20100101 Firefox/34.0</UAS>
  <BROWSER>Firefox 34.0</BROWSER>
  <OS>Windows 8.1</OS>
  <PIP_IPAD></PIP_IPAD>
  <PIP_LAT></PIP_LAT>
  <PIP_LON></PIP_LON>
  <PIP_COUNTRY></PIP_COUNTRY>
  <PIP_REGION></PIP_REGION>
  <PIP_CITY></PIP_CITY>
  <PIP_ORG></PIP_ORG>
  <IP_IPAD>114.108.239.103</IP_IPAD>
  <IP_LAT>14.5833</IP_LAT>
  <IP_LON>120.9667</IP_LON>
  <IP_COUNTRY>PH</IP_COUNTRY>
  <IP_REGION>UNKNOWN</IP_REGION>
  <IP_CITY></IP_CITY>
  <IP_ORG>SKY BROADBAND</IP_ORG>
  <WARNING_COUNT>0</WARNING_COUNT>
</RESPONSE>

2015-01-09T04:36:44Z
RequestParameter:  billNo: 20150109140114 | startTime:2015-01-09 04:36:44

2015-01-09T04:36:44Z
Array
(
    [MODE] => Q
    [FRMT] => XML
    [VERS] => 0600
    [MERC] => 680000
    [SESS] => 92gub3daef8dcj0fmvog19se32
    [ORDR] => 20150109140114
    [CURR] => PHP
    [PENC] => KHASH
    [PTYP] => CARD
    [PTOK] => 4918912GXE0BUP1QG8K5
    [IPAD] => 192.168.192.2
    [MACK] => Y
    [PROD_DESC[0]] => Test Desc
    [PROD_TYPE[0]] => TEST Type
    [PROD_ITEM[0]] => Test Item
    [PROD_QUANT[0]] => 1
    [PROD_PRICE[0]] => 1000
    [TOTL] => 1000
    [SITE] => VERT999
    [UDF[MERCHANT_ID]] => 10001MERTEST001
    [NAME] => Juan Dela Cruz
    [B2A1] => My Address
    [B2CC] => PH
    [B2CI] => Makati
    [B2PC] => 1235
    [B2PN] => 12345678
    [B2ST] => NA
    [S2A1] => 
    [S2CC] => 
    [S2CI] => 
    [S2EM] => 
    [S2NM] =>  
    [S2PC] => 
    [S2PN] => 
    [S2ST] => 
    [SHTP] => SD
    [CASH] => 10
    [DOB] => 1984-09-26
    [GENDER] => M
    [EMAL] => juan@email.com
)


2015-01-09T04:36:47Z
ResponseParameter:  billNo: 20150109140114 | endTime:2015-01-09 04:36:47

2015-01-09T04:36:47Z
<?xml version="1.0" encoding="UTF-8"?>
<RESPONSE>
  <VERS>0600</VERS>
  <MODE>Q</MODE>
  <TRAN>3V1X0HJ6ZD0K</TRAN>
  <MERC>680000</MERC>
  <SESS>92gub3daef8dcj0fmvog19se32</SESS>
  <ORDR>20150109140114</ORDR>
  <AUTO>A</AUTO>
  <SCOR>26</SCOR>
  <GEOX>PH</GEOX>
  <BRND>VISA</BRND>
  <REGN></REGN>
  <NETW>A</NETW>
  <KAPT>Y</KAPT>
  <CARDS>1</CARDS>
  <DEVICES>1</DEVICES>
  <EMAILS>1</EMAILS>
  <VELO>0</VELO>
  <VMAX>0</VMAX>
  <SITE>VERT999</SITE>
  <DEVICE_LAYERS>1E46F64B89.50954AA340.D7A4FD9F14.A80EBD4F24.928106C781</DEVICE_LAYERS>
  <FINGERPRINT>2FCC6566670618B78E958598C406443C</FINGERPRINT>
  <TIMEZONE>960</TIMEZONE>
  <LOCALTIME>2015-01-09 12:37</LOCALTIME>
  <REGION></REGION>
  <COUNTRY>PH</COUNTRY>
  <PROXY>N</PROXY>
  <JAVASCRIPT>Y</JAVASCRIPT>
  <FLASH>Y</FLASH>
  <COOKIES>Y</COOKIES>
  <HTTP_COUNTRY>US</HTTP_COUNTRY>
  <LANGUAGE>EN</LANGUAGE>
  <MOBILE_DEVICE>N</MOBILE_DEVICE>
  <MOBILE_TYPE></MOBILE_TYPE>
  <MOBILE_FORWARDER>N</MOBILE_FORWARDER>
  <VOICE_DEVICE>N</VOICE_DEVICE>
  <PC_REMOTE>N</PC_REMOTE>
  <RULES_TRIGGERED>4</RULES_TRIGGERED>
  <RULE_ID_0>772996</RULE_ID_0>
  <RULE_DESCRIPTION_0>GEO BIN and Device Country not equal (1pt)</RULE_DESCRIPTION_0>
  <RULE_ID_1>772998</RULE_ID_1>
  <RULE_DESCRIPTION_1>GEO Billing &lt;&gt; BIN Country (1pt)</RULE_DESCRIPTION_1>
  <RULE_ID_2>773002</RULE_ID_2>
  <RULE_DESCRIPTION_2>FRAUD_SCRD GEO Counter Triggered (5pts)</RULE_DESCRIPTION_2>
  <RULE_ID_3>773012</RULE_ID_3>
  <RULE_DESCRIPTION_3>FRAUD_SCRD Non-Normal Network Type (10pts)</RULE_DESCRIPTION_3>
  <COUNTERS_TRIGGERED>2</COUNTERS_TRIGGERED>
  <COUNTER_NAME_0>GEO</COUNTER_NAME_0>
  <COUNTER_VALUE_0>2</COUNTER_VALUE_0>
  <COUNTER_NAME_1>FRAUD_SCRD</COUNTER_NAME_1>
  <COUNTER_VALUE_1>15</COUNTER_VALUE_1>
  <REASON_CODE></REASON_CODE>
  <MASTERCARD></MASTERCARD>
  <DDFS>2014-10-23</DDFS>
  <DSR>1206x2144</DSR>
  <UAS>Mozilla/5.0 (Windows NT 6.3; WOW64; rv:34.0) Gecko/20100101 Firefox/34.0</UAS>
  <BROWSER>Firefox 34.0</BROWSER>
  <OS>Windows 8.1</OS>
  <PIP_IPAD></PIP_IPAD>
  <PIP_LAT></PIP_LAT>
  <PIP_LON></PIP_LON>
  <PIP_COUNTRY></PIP_COUNTRY>
  <PIP_REGION></PIP_REGION>
  <PIP_CITY></PIP_CITY>
  <PIP_ORG></PIP_ORG>
  <IP_IPAD>114.108.239.103</IP_IPAD>
  <IP_LAT>14.5833</IP_LAT>
  <IP_LON>120.9667</IP_LON>
  <IP_COUNTRY>PH</IP_COUNTRY>
  <IP_REGION>UNKNOWN</IP_REGION>
  <IP_CITY></IP_CITY>
  <IP_ORG>SKY BROADBAND</IP_ORG>
  <WARNING_COUNT>0</WARNING_COUNT>
</RESPONSE>

2015-01-09T04:41:46Z
RequestParameter:  billNo: 20150109140114 | startTime:2015-01-09 04:41:46

2015-01-09T04:41:46Z
Array
(
    [MODE] => Q
    [FRMT] => XML
    [VERS] => 0600
    [MERC] => 680000
    [SESS] => 92gub3daef8dcj0fmvog19se32
    [ORDR] => 20150109140114
    [CURR] => PHP
    [PENC] => KHASH
    [PTYP] => CARD
    [PTOK] => 4918912GXE0BUP1QG8K5
    [IPAD] => 192.168.192.2
    [MACK] => Y
    [PROD_DESC[0]] => Test Desc
    [PROD_TYPE[0]] => TEST Type
    [PROD_ITEM[0]] => Test Item
    [PROD_QUANT[0]] => 1
    [PROD_PRICE[0]] => 1000
    [TOTL] => 1000
    [SITE] => VERT999
    [UDF[MERCHANT_ID]] => 10001MERTEST001
    [NAME] => Juan Dela Cruz
    [B2A1] => My Address
    [B2CC] => PH
    [B2CI] => Makati
    [B2PC] => 1235
    [B2PN] => 12345678
    [B2ST] => NA
    [S2A1] => 
    [S2CC] => 
    [S2CI] => 
    [S2EM] => 
    [S2NM] =>  
    [S2PC] => 
    [S2PN] => 
    [S2ST] => 
    [SHTP] => SD
    [CASH] => 10
    [DOB] => 1984-09-26
    [GENDER] => M
    [EMAL] => juan@email.com
)


2015-01-09T04:41:48Z
ResponseParameter:  billNo: 20150109140114 | endTime:2015-01-09 04:41:48

2015-01-09T04:41:48Z
<?xml version="1.0" encoding="UTF-8"?>
<RESPONSE>
  <VERS>0600</VERS>
  <MODE>Q</MODE>
  <TRAN>3V1X0RBX4V1Z</TRAN>
  <MERC>680000</MERC>
  <SESS>92gub3daef8dcj0fmvog19se32</SESS>
  <ORDR>20150109140114</ORDR>
  <AUTO>A</AUTO>
  <SCOR>26</SCOR>
  <GEOX>PH</GEOX>
  <BRND>VISA</BRND>
  <REGN></REGN>
  <NETW>A</NETW>
  <KAPT>Y</KAPT>
  <CARDS>1</CARDS>
  <DEVICES>1</DEVICES>
  <EMAILS>1</EMAILS>
  <VELO>0</VELO>
  <VMAX>0</VMAX>
  <SITE>VERT999</SITE>
  <DEVICE_LAYERS>1E46F64B89.50954AA340.D7A4FD9F14.A80EBD4F24.928106C781</DEVICE_LAYERS>
  <FINGERPRINT>2FCC6566670618B78E958598C406443C</FINGERPRINT>
  <TIMEZONE>960</TIMEZONE>
  <LOCALTIME>2015-01-09 12:42</LOCALTIME>
  <REGION></REGION>
  <COUNTRY>PH</COUNTRY>
  <PROXY>N</PROXY>
  <JAVASCRIPT>Y</JAVASCRIPT>
  <FLASH>Y</FLASH>
  <COOKIES>Y</COOKIES>
  <HTTP_COUNTRY>US</HTTP_COUNTRY>
  <LANGUAGE>EN</LANGUAGE>
  <MOBILE_DEVICE>N</MOBILE_DEVICE>
  <MOBILE_TYPE></MOBILE_TYPE>
  <MOBILE_FORWARDER>N</MOBILE_FORWARDER>
  <VOICE_DEVICE>N</VOICE_DEVICE>
  <PC_REMOTE>N</PC_REMOTE>
  <RULES_TRIGGERED>4</RULES_TRIGGERED>
  <RULE_ID_0>772996</RULE_ID_0>
  <RULE_DESCRIPTION_0>GEO BIN and Device Country not equal (1pt)</RULE_DESCRIPTION_0>
  <RULE_ID_1>772998</RULE_ID_1>
  <RULE_DESCRIPTION_1>GEO Billing &lt;&gt; BIN Country (1pt)</RULE_DESCRIPTION_1>
  <RULE_ID_2>773002</RULE_ID_2>
  <RULE_DESCRIPTION_2>FRAUD_SCRD GEO Counter Triggered (5pts)</RULE_DESCRIPTION_2>
  <RULE_ID_3>773012</RULE_ID_3>
  <RULE_DESCRIPTION_3>FRAUD_SCRD Non-Normal Network Type (10pts)</RULE_DESCRIPTION_3>
  <COUNTERS_TRIGGERED>2</COUNTERS_TRIGGERED>
  <COUNTER_NAME_0>GEO</COUNTER_NAME_0>
  <COUNTER_VALUE_0>2</COUNTER_VALUE_0>
  <COUNTER_NAME_1>FRAUD_SCRD</COUNTER_NAME_1>
  <COUNTER_VALUE_1>15</COUNTER_VALUE_1>
  <REASON_CODE></REASON_CODE>
  <MASTERCARD></MASTERCARD>
  <DDFS>2014-10-23</DDFS>
  <DSR>1206x2144</DSR>
  <UAS>Mozilla/5.0 (Windows NT 6.3; WOW64; rv:34.0) Gecko/20100101 Firefox/34.0</UAS>
  <BROWSER>Firefox 34.0</BROWSER>
  <OS>Windows 8.1</OS>
  <PIP_IPAD></PIP_IPAD>
  <PIP_LAT></PIP_LAT>
  <PIP_LON></PIP_LON>
  <PIP_COUNTRY></PIP_COUNTRY>
  <PIP_REGION></PIP_REGION>
  <PIP_CITY></PIP_CITY>
  <PIP_ORG></PIP_ORG>
  <IP_IPAD>114.108.239.103</IP_IPAD>
  <IP_LAT>14.5833</IP_LAT>
  <IP_LON>120.9667</IP_LON>
  <IP_COUNTRY>PH</IP_COUNTRY>
  <IP_REGION>UNKNOWN</IP_REGION>
  <IP_CITY></IP_CITY>
  <IP_ORG>SKY BROADBAND</IP_ORG>
  <WARNING_COUNT>0</WARNING_COUNT>
</RESPONSE>

2015-01-09T04:47:38Z
RequestParameter:  billNo: 20150109140116 | startTime:2015-01-09 04:47:38

2015-01-09T04:47:38Z
Array
(
    [MODE] => Q
    [FRMT] => XML
    [VERS] => 0600
    [MERC] => 680000
    [SESS] => 92gub3daef8dcj0fmvog19se32
    [ORDR] => 20150109140116
    [CURR] => PHP
    [PENC] => KHASH
    [PTYP] => CARD
    [PTOK] => 4918912GXE0BUP1QG8K5
    [IPAD] => 192.168.192.2
    [MACK] => Y
    [PROD_DESC[0]] => Test Desc
    [PROD_TYPE[0]] => TEST Type
    [PROD_ITEM[0]] => Test Item
    [PROD_QUANT[0]] => 1
    [PROD_PRICE[0]] => 1000
    [TOTL] => 1000
    [SITE] => VERT999
    [UDF[MERCHANT_ID]] => 10001MERTEST001
    [NAME] => Juan Dela Cruz
    [B2A1] => My Address
    [B2CC] => PH
    [B2CI] => Makati
    [B2PC] => 1235
    [B2PN] => 12345678
    [B2ST] => NA
    [S2A1] => 
    [S2CC] => 
    [S2CI] => 
    [S2EM] => 
    [S2NM] =>  
    [S2PC] => 
    [S2PN] => 
    [S2ST] => 
    [SHTP] => SD
    [CASH] => 10
    [DOB] => 1984-09-26
    [GENDER] => M
    [EMAL] => juan@email.com
)


2015-01-09T04:47:40Z
ResponseParameter:  billNo: 20150109140116 | endTime:2015-01-09 04:47:40

2015-01-09T04:47:40Z
<?xml version="1.0" encoding="UTF-8"?>
<RESPONSE>
  <VERS>0600</VERS>
  <MODE>Q</MODE>
  <TRAN>3V1X0555R3RZ</TRAN>
  <MERC>680000</MERC>
  <SESS>92gub3daef8dcj0fmvog19se32</SESS>
  <ORDR>20150109140116</ORDR>
  <AUTO>A</AUTO>
  <SCOR>26</SCOR>
  <GEOX>PH</GEOX>
  <BRND>VISA</BRND>
  <REGN></REGN>
  <NETW>A</NETW>
  <KAPT>Y</KAPT>
  <CARDS>1</CARDS>
  <DEVICES>1</DEVICES>
  <EMAILS>1</EMAILS>
  <VELO>0</VELO>
  <VMAX>0</VMAX>
  <SITE>VERT999</SITE>
  <DEVICE_LAYERS>1E46F64B89.50954AA340.D7A4FD9F14.A80EBD4F24.928106C781</DEVICE_LAYERS>
  <FINGERPRINT>2FCC6566670618B78E958598C406443C</FINGERPRINT>
  <TIMEZONE>960</TIMEZONE>
  <LOCALTIME>2015-01-09 12:47</LOCALTIME>
  <REGION></REGION>
  <COUNTRY>PH</COUNTRY>
  <PROXY>N</PROXY>
  <JAVASCRIPT>Y</JAVASCRIPT>
  <FLASH>Y</FLASH>
  <COOKIES>Y</COOKIES>
  <HTTP_COUNTRY>US</HTTP_COUNTRY>
  <LANGUAGE>EN</LANGUAGE>
  <MOBILE_DEVICE>N</MOBILE_DEVICE>
  <MOBILE_TYPE></MOBILE_TYPE>
  <MOBILE_FORWARDER>N</MOBILE_FORWARDER>
  <VOICE_DEVICE>N</VOICE_DEVICE>
  <PC_REMOTE>N</PC_REMOTE>
  <RULES_TRIGGERED>4</RULES_TRIGGERED>
  <RULE_ID_0>772996</RULE_ID_0>
  <RULE_DESCRIPTION_0>GEO BIN and Device Country not equal (1pt)</RULE_DESCRIPTION_0>
  <RULE_ID_1>772998</RULE_ID_1>
  <RULE_DESCRIPTION_1>GEO Billing &lt;&gt; BIN Country (1pt)</RULE_DESCRIPTION_1>
  <RULE_ID_2>773002</RULE_ID_2>
  <RULE_DESCRIPTION_2>FRAUD_SCRD GEO Counter Triggered (5pts)</RULE_DESCRIPTION_2>
  <RULE_ID_3>773012</RULE_ID_3>
  <RULE_DESCRIPTION_3>FRAUD_SCRD Non-Normal Network Type (10pts)</RULE_DESCRIPTION_3>
  <COUNTERS_TRIGGERED>2</COUNTERS_TRIGGERED>
  <COUNTER_NAME_0>GEO</COUNTER_NAME_0>
  <COUNTER_VALUE_0>2</COUNTER_VALUE_0>
  <COUNTER_NAME_1>FRAUD_SCRD</COUNTER_NAME_1>
  <COUNTER_VALUE_1>15</COUNTER_VALUE_1>
  <REASON_CODE></REASON_CODE>
  <MASTERCARD></MASTERCARD>
  <DDFS>2014-10-23</DDFS>
  <DSR>1206x2144</DSR>
  <UAS>Mozilla/5.0 (Windows NT 6.3; WOW64; rv:34.0) Gecko/20100101 Firefox/34.0</UAS>
  <BROWSER>Firefox 34.0</BROWSER>
  <OS>Windows 8.1</OS>
  <PIP_IPAD></PIP_IPAD>
  <PIP_LAT></PIP_LAT>
  <PIP_LON></PIP_LON>
  <PIP_COUNTRY></PIP_COUNTRY>
  <PIP_REGION></PIP_REGION>
  <PIP_CITY></PIP_CITY>
  <PIP_ORG></PIP_ORG>
  <IP_IPAD>114.108.239.103</IP_IPAD>
  <IP_LAT>14.5833</IP_LAT>
  <IP_LON>120.9667</IP_LON>
  <IP_COUNTRY>PH</IP_COUNTRY>
  <IP_REGION>UNKNOWN</IP_REGION>
  <IP_CITY></IP_CITY>
  <IP_ORG>SKY BROADBAND</IP_ORG>
  <WARNING_COUNT>0</WARNING_COUNT>
</RESPONSE>

2015-01-09T04:48:08Z
RequestParameter:  billNo: 20150109140114 | startTime:2015-01-09 04:48:08

2015-01-09T04:48:08Z
Array
(
    [MODE] => Q
    [FRMT] => XML
    [VERS] => 0600
    [MERC] => 680000
    [SESS] => 92gub3daef8dcj0fmvog19se32
    [ORDR] => 20150109140114
    [CURR] => PHP
    [PENC] => KHASH
    [PTYP] => CARD
    [PTOK] => 4918912GXE0BUP1QG8K5
    [IPAD] => 192.168.192.2
    [MACK] => Y
    [PROD_DESC[0]] => Test Desc
    [PROD_TYPE[0]] => TEST Type
    [PROD_ITEM[0]] => Test Item
    [PROD_QUANT[0]] => 1
    [PROD_PRICE[0]] => 1000
    [TOTL] => 1000
    [SITE] => VERT999
    [UDF[MERCHANT_ID]] => 10001MERTEST001
    [NAME] => Juan Dela Cruz
    [B2A1] => My Address
    [B2CC] => PH
    [B2CI] => Makati
    [B2PC] => 1235
    [B2PN] => 12345678
    [B2ST] => NA
    [S2A1] => 
    [S2CC] => 
    [S2CI] => 
    [S2EM] => 
    [S2NM] =>  
    [S2PC] => 
    [S2PN] => 
    [S2ST] => 
    [SHTP] => SD
    [CASH] => 10
    [DOB] => 1984-09-26
    [GENDER] => M
    [EMAL] => juan@email.com
)


2015-01-09T04:48:09Z
ResponseParameter:  billNo: 20150109140114 | endTime:2015-01-09 04:48:09

2015-01-09T04:48:09Z
<?xml version="1.0" encoding="UTF-8"?>
<RESPONSE>
  <VERS>0600</VERS>
  <MODE>Q</MODE>
  <TRAN>3V1X07NBJBZB</TRAN>
  <MERC>680000</MERC>
  <SESS>92gub3daef8dcj0fmvog19se32</SESS>
  <ORDR>20150109140114</ORDR>
  <AUTO>A</AUTO>
  <SCOR>26</SCOR>
  <GEOX>PH</GEOX>
  <BRND>VISA</BRND>
  <REGN></REGN>
  <NETW>A</NETW>
  <KAPT>Y</KAPT>
  <CARDS>1</CARDS>
  <DEVICES>1</DEVICES>
  <EMAILS>1</EMAILS>
  <VELO>0</VELO>
  <VMAX>0</VMAX>
  <SITE>VERT999</SITE>
  <DEVICE_LAYERS>1E46F64B89.50954AA340.D7A4FD9F14.A80EBD4F24.928106C781</DEVICE_LAYERS>
  <FINGERPRINT>2FCC6566670618B78E958598C406443C</FINGERPRINT>
  <TIMEZONE>960</TIMEZONE>
  <LOCALTIME>2015-01-09 12:48</LOCALTIME>
  <REGION></REGION>
  <COUNTRY>PH</COUNTRY>
  <PROXY>N</PROXY>
  <JAVASCRIPT>Y</JAVASCRIPT>
  <FLASH>Y</FLASH>
  <COOKIES>Y</COOKIES>
  <HTTP_COUNTRY>US</HTTP_COUNTRY>
  <LANGUAGE>EN</LANGUAGE>
  <MOBILE_DEVICE>N</MOBILE_DEVICE>
  <MOBILE_TYPE></MOBILE_TYPE>
  <MOBILE_FORWARDER>N</MOBILE_FORWARDER>
  <VOICE_DEVICE>N</VOICE_DEVICE>
  <PC_REMOTE>N</PC_REMOTE>
  <RULES_TRIGGERED>4</RULES_TRIGGERED>
  <RULE_ID_0>772996</RULE_ID_0>
  <RULE_DESCRIPTION_0>GEO BIN and Device Country not equal (1pt)</RULE_DESCRIPTION_0>
  <RULE_ID_1>772998</RULE_ID_1>
  <RULE_DESCRIPTION_1>GEO Billing &lt;&gt; BIN Country (1pt)</RULE_DESCRIPTION_1>
  <RULE_ID_2>773002</RULE_ID_2>
  <RULE_DESCRIPTION_2>FRAUD_SCRD GEO Counter Triggered (5pts)</RULE_DESCRIPTION_2>
  <RULE_ID_3>773012</RULE_ID_3>
  <RULE_DESCRIPTION_3>FRAUD_SCRD Non-Normal Network Type (10pts)</RULE_DESCRIPTION_3>
  <COUNTERS_TRIGGERED>2</COUNTERS_TRIGGERED>
  <COUNTER_NAME_0>GEO</COUNTER_NAME_0>
  <COUNTER_VALUE_0>2</COUNTER_VALUE_0>
  <COUNTER_NAME_1>FRAUD_SCRD</COUNTER_NAME_1>
  <COUNTER_VALUE_1>15</COUNTER_VALUE_1>
  <REASON_CODE></REASON_CODE>
  <MASTERCARD></MASTERCARD>
  <DDFS>2014-10-23</DDFS>
  <DSR>1206x2144</DSR>
  <UAS>Mozilla/5.0 (Windows NT 6.3; WOW64; rv:34.0) Gecko/20100101 Firefox/34.0</UAS>
  <BROWSER>Firefox 34.0</BROWSER>
  <OS>Windows 8.1</OS>
  <PIP_IPAD></PIP_IPAD>
  <PIP_LAT></PIP_LAT>
  <PIP_LON></PIP_LON>
  <PIP_COUNTRY></PIP_COUNTRY>
  <PIP_REGION></PIP_REGION>
  <PIP_CITY></PIP_CITY>
  <PIP_ORG></PIP_ORG>
  <IP_IPAD>114.108.239.103</IP_IPAD>
  <IP_LAT>14.5833</IP_LAT>
  <IP_LON>120.9667</IP_LON>
  <IP_COUNTRY>PH</IP_COUNTRY>
  <IP_REGION>UNKNOWN</IP_REGION>
  <IP_CITY></IP_CITY>
  <IP_ORG>SKY BROADBAND</IP_ORG>
  <WARNING_COUNT>0</WARNING_COUNT>
</RESPONSE>

2015-01-09T07:10:28Z
RequestParameter:  billNo: 20150109140120 | startTime:2015-01-09 07:10:28

2015-01-09T07:10:28Z
Array
(
    [MODE] => Q
    [FRMT] => XML
    [VERS] => 0600
    [MERC] => 680000
    [SESS] => 92gub3daef8dcj0fmvog19se32
    [ORDR] => 20150109140120
    [CURR] => PHP
    [PENC] => KHASH
    [PTYP] => CARD
    [PTOK] => 4918912GXE0BUP1QG8K5
    [IPAD] => 192.168.192.2
    [MACK] => Y
    [PROD_DESC[0]] => Test Desc
    [PROD_TYPE[0]] => TEST Type
    [PROD_ITEM[0]] => Test Item
    [PROD_QUANT[0]] => 1
    [PROD_PRICE[0]] => 1000
    [TOTL] => 1000
    [SITE] => VERT999
    [UDF[MERCHANT_ID]] => 10001MERTEST001
    [NAME] => Juan Dela Cruz
    [B2A1] => My Address
    [B2CC] => PH
    [B2CI] => Makati
    [B2PC] => 1235
    [B2PN] => 12345678
    [B2ST] => NA
    [S2A1] => 
    [S2CC] => 
    [S2CI] => 
    [S2EM] => 
    [S2NM] =>  
    [S2PC] => 
    [S2PN] => 
    [S2ST] => 
    [SHTP] => SD
    [CASH] => 10
    [DOB] => 1984-09-26
    [GENDER] => M
    [EMAL] => juan@email.com
)


2015-01-09T07:10:30Z
ResponseParameter:  billNo: 20150109140120 | endTime:2015-01-09 07:10:30

2015-01-09T07:10:30Z
<?xml version="1.0" encoding="UTF-8"?>
<RESPONSE>
  <VERS>0600</VERS>
  <MODE>Q</MODE>
  <TRAN>3V150J8WHRPJ</TRAN>
  <MERC>680000</MERC>
  <SESS>92gub3daef8dcj0fmvog19se32</SESS>
  <ORDR>20150109140120</ORDR>
  <AUTO>A</AUTO>
  <SCOR>27</SCOR>
  <GEOX>PH</GEOX>
  <BRND>VISA</BRND>
  <REGN></REGN>
  <NETW>A</NETW>
  <KAPT>Y</KAPT>
  <CARDS>1</CARDS>
  <DEVICES>1</DEVICES>
  <EMAILS>1</EMAILS>
  <VELO>0</VELO>
  <VMAX>0</VMAX>
  <SITE>VERT999</SITE>
  <DEVICE_LAYERS>1E46F64B89.50954AA340.D7A4FD9F14.A80EBD4F24.928106C781</DEVICE_LAYERS>
  <FINGERPRINT>2FCC6566670618B78E958598C406443C</FINGERPRINT>
  <TIMEZONE>960</TIMEZONE>
  <LOCALTIME>2015-01-09 15:10</LOCALTIME>
  <REGION></REGION>
  <COUNTRY>PH</COUNTRY>
  <PROXY>N</PROXY>
  <JAVASCRIPT>Y</JAVASCRIPT>
  <FLASH>Y</FLASH>
  <COOKIES>Y</COOKIES>
  <HTTP_COUNTRY>US</HTTP_COUNTRY>
  <LANGUAGE>EN</LANGUAGE>
  <MOBILE_DEVICE>N</MOBILE_DEVICE>
  <MOBILE_TYPE></MOBILE_TYPE>
  <MOBILE_FORWARDER>N</MOBILE_FORWARDER>
  <VOICE_DEVICE>N</VOICE_DEVICE>
  <PC_REMOTE>N</PC_REMOTE>
  <RULES_TRIGGERED>4</RULES_TRIGGERED>
  <RULE_ID_0>772996</RULE_ID_0>
  <RULE_DESCRIPTION_0>GEO BIN and Device Country not equal (1pt)</RULE_DESCRIPTION_0>
  <RULE_ID_1>772998</RULE_ID_1>
  <RULE_DESCRIPTION_1>GEO Billing &lt;&gt; BIN Country (1pt)</RULE_DESCRIPTION_1>
  <RULE_ID_2>773002</RULE_ID_2>
  <RULE_DESCRIPTION_2>FRAUD_SCRD GEO Counter Triggered (5pts)</RULE_DESCRIPTION_2>
  <RULE_ID_3>773012</RULE_ID_3>
  <RULE_DESCRIPTION_3>FRAUD_SCRD Non-Normal Network Type (10pts)</RULE_DESCRIPTION_3>
  <COUNTERS_TRIGGERED>2</COUNTERS_TRIGGERED>
  <COUNTER_NAME_0>GEO</COUNTER_NAME_0>
  <COUNTER_VALUE_0>2</COUNTER_VALUE_0>
  <COUNTER_NAME_1>FRAUD_SCRD</COUNTER_NAME_1>
  <COUNTER_VALUE_1>15</COUNTER_VALUE_1>
  <REASON_CODE></REASON_CODE>
  <MASTERCARD></MASTERCARD>
  <DDFS>2014-10-23</DDFS>
  <DSR>1206x2144</DSR>
  <UAS>Mozilla/5.0 (Windows NT 6.3; WOW64; rv:34.0) Gecko/20100101 Firefox/34.0</UAS>
  <BROWSER>Firefox 34.0</BROWSER>
  <OS>Windows 8.1</OS>
  <PIP_IPAD></PIP_IPAD>
  <PIP_LAT></PIP_LAT>
  <PIP_LON></PIP_LON>
  <PIP_COUNTRY></PIP_COUNTRY>
  <PIP_REGION></PIP_REGION>
  <PIP_CITY></PIP_CITY>
  <PIP_ORG></PIP_ORG>
  <IP_IPAD>114.108.239.103</IP_IPAD>
  <IP_LAT>14.5833</IP_LAT>
  <IP_LON>120.9667</IP_LON>
  <IP_COUNTRY>PH</IP_COUNTRY>
  <IP_REGION>UNKNOWN</IP_REGION>
  <IP_CITY></IP_CITY>
  <IP_ORG>SKY BROADBAND</IP_ORG>
  <WARNING_COUNT>0</WARNING_COUNT>
</RESPONSE>

2015-01-09T07:14:45Z
RequestParameter:  billNo: 20150109140121 | startTime:2015-01-09 07:14:45

2015-01-09T07:14:45Z
Array
(
    [MODE] => Q
    [FRMT] => XML
    [VERS] => 0600
    [MERC] => 680000
    [SESS] => 92gub3daef8dcj0fmvog19se32
    [ORDR] => 20150109140121
    [CURR] => PHP
    [PENC] => KHASH
    [PTYP] => CARD
    [PTOK] => 4918912GXE0BUP1QG8K5
    [IPAD] => 192.168.192.2
    [MACK] => Y
    [PROD_DESC[0]] => Test Desc
    [PROD_TYPE[0]] => TEST Type
    [PROD_ITEM[0]] => Test Item
    [PROD_QUANT[0]] => 1
    [PROD_PRICE[0]] => 1000
    [TOTL] => 1000
    [SITE] => VERT999
    [UDF[MERCHANT_ID]] => 10001MERTEST001
    [NAME] => Juan Dela Cruz
    [B2A1] => My Address
    [B2CC] => PH
    [B2CI] => Makati
    [B2PC] => 1235
    [B2PN] => 12345678
    [B2ST] => NA
    [S2A1] => 
    [S2CC] => 
    [S2CI] => 
    [S2EM] => 
    [S2NM] =>  
    [S2PC] => 
    [S2PN] => 
    [S2ST] => 
    [SHTP] => SD
    [CASH] => 10
    [DOB] => 1984-09-26
    [GENDER] => M
    [EMAL] => juan@email.com
)


2015-01-09T07:14:46Z
ResponseParameter:  billNo: 20150109140121 | endTime:2015-01-09 07:14:46

2015-01-09T07:14:46Z
<?xml version="1.0" encoding="UTF-8"?>
<RESPONSE>
  <VERS>0600</VERS>
  <MODE>Q</MODE>
  <TRAN>3V150JKXG6C4</TRAN>
  <MERC>680000</MERC>
  <SESS>92gub3daef8dcj0fmvog19se32</SESS>
  <ORDR>20150109140121</ORDR>
  <AUTO>A</AUTO>
  <SCOR>27</SCOR>
  <GEOX>PH</GEOX>
  <BRND>VISA</BRND>
  <REGN></REGN>
  <NETW>A</NETW>
  <KAPT>Y</KAPT>
  <CARDS>1</CARDS>
  <DEVICES>1</DEVICES>
  <EMAILS>1</EMAILS>
  <VELO>0</VELO>
  <VMAX>0</VMAX>
  <SITE>VERT999</SITE>
  <DEVICE_LAYERS>1E46F64B89.50954AA340.D7A4FD9F14.A80EBD4F24.928106C781</DEVICE_LAYERS>
  <FINGERPRINT>2FCC6566670618B78E958598C406443C</FINGERPRINT>
  <TIMEZONE>960</TIMEZONE>
  <LOCALTIME>2015-01-09 15:15</LOCALTIME>
  <REGION></REGION>
  <COUNTRY>PH</COUNTRY>
  <PROXY>N</PROXY>
  <JAVASCRIPT>Y</JAVASCRIPT>
  <FLASH>Y</FLASH>
  <COOKIES>Y</COOKIES>
  <HTTP_COUNTRY>US</HTTP_COUNTRY>
  <LANGUAGE>EN</LANGUAGE>
  <MOBILE_DEVICE>N</MOBILE_DEVICE>
  <MOBILE_TYPE></MOBILE_TYPE>
  <MOBILE_FORWARDER>N</MOBILE_FORWARDER>
  <VOICE_DEVICE>N</VOICE_DEVICE>
  <PC_REMOTE>N</PC_REMOTE>
  <RULES_TRIGGERED>4</RULES_TRIGGERED>
  <RULE_ID_0>772996</RULE_ID_0>
  <RULE_DESCRIPTION_0>GEO BIN and Device Country not equal (1pt)</RULE_DESCRIPTION_0>
  <RULE_ID_1>772998</RULE_ID_1>
  <RULE_DESCRIPTION_1>GEO Billing &lt;&gt; BIN Country (1pt)</RULE_DESCRIPTION_1>
  <RULE_ID_2>773002</RULE_ID_2>
  <RULE_DESCRIPTION_2>FRAUD_SCRD GEO Counter Triggered (5pts)</RULE_DESCRIPTION_2>
  <RULE_ID_3>773012</RULE_ID_3>
  <RULE_DESCRIPTION_3>FRAUD_SCRD Non-Normal Network Type (10pts)</RULE_DESCRIPTION_3>
  <COUNTERS_TRIGGERED>2</COUNTERS_TRIGGERED>
  <COUNTER_NAME_0>GEO</COUNTER_NAME_0>
  <COUNTER_VALUE_0>2</COUNTER_VALUE_0>
  <COUNTER_NAME_1>FRAUD_SCRD</COUNTER_NAME_1>
  <COUNTER_VALUE_1>15</COUNTER_VALUE_1>
  <REASON_CODE></REASON_CODE>
  <MASTERCARD></MASTERCARD>
  <DDFS>2014-10-23</DDFS>
  <DSR>1206x2144</DSR>
  <UAS>Mozilla/5.0 (Windows NT 6.3; WOW64; rv:34.0) Gecko/20100101 Firefox/34.0</UAS>
  <BROWSER>Firefox 34.0</BROWSER>
  <OS>Windows 8.1</OS>
  <PIP_IPAD></PIP_IPAD>
  <PIP_LAT></PIP_LAT>
  <PIP_LON></PIP_LON>
  <PIP_COUNTRY></PIP_COUNTRY>
  <PIP_REGION></PIP_REGION>
  <PIP_CITY></PIP_CITY>
  <PIP_ORG></PIP_ORG>
  <IP_IPAD>114.108.239.103</IP_IPAD>
  <IP_LAT>14.5833</IP_LAT>
  <IP_LON>120.9667</IP_LON>
  <IP_COUNTRY>PH</IP_COUNTRY>
  <IP_REGION>UNKNOWN</IP_REGION>
  <IP_CITY></IP_CITY>
  <IP_ORG>SKY BROADBAND</IP_ORG>
  <WARNING_COUNT>0</WARNING_COUNT>
</RESPONSE>

2015-01-09T07:23:21Z
RequestParameter:  billNo: 20150109140122 | startTime:2015-01-09 07:23:21

2015-01-09T07:23:21Z
Array
(
    [MODE] => Q
    [FRMT] => XML
    [VERS] => 0600
    [MERC] => 680000
    [SESS] => 92gub3daef8dcj0fmvog19se32
    [ORDR] => 20150109140122
    [CURR] => PHP
    [PENC] => KHASH
    [PTYP] => CARD
    [PTOK] => 4918912GXE0BUP1QG8K5
    [IPAD] => 192.168.192.2
    [MACK] => Y
    [PROD_DESC[0]] => Test Desc
    [PROD_TYPE[0]] => TEST Type
    [PROD_ITEM[0]] => Test Item
    [PROD_QUANT[0]] => 1
    [PROD_PRICE[0]] => 1000
    [TOTL] => 1000
    [SITE] => VERT999
    [UDF[MERCHANT_ID]] => 10001MERTEST001
    [NAME] => Juan Dela Cruz
    [B2A1] => My Address
    [B2CC] => PH
    [B2CI] => Makati
    [B2PC] => 1235
    [B2PN] => 12345678
    [B2ST] => NA
    [S2A1] => 
    [S2CC] => 
    [S2CI] => 
    [S2EM] => 
    [S2NM] =>  
    [S2PC] => 
    [S2PN] => 
    [S2ST] => 
    [SHTP] => SD
    [CASH] => 10
    [DOB] => 1984-09-26
    [GENDER] => M
    [EMAL] => juan@email.com
)


2015-01-09T07:23:23Z
ResponseParameter:  billNo: 20150109140122 | endTime:2015-01-09 07:23:23

2015-01-09T07:23:23Z
<?xml version="1.0" encoding="UTF-8"?>
<RESPONSE>
  <VERS>0600</VERS>
  <MODE>Q</MODE>
  <TRAN>3V150JMNLG81</TRAN>
  <MERC>680000</MERC>
  <SESS>92gub3daef8dcj0fmvog19se32</SESS>
  <ORDR>20150109140122</ORDR>
  <AUTO>A</AUTO>
  <SCOR>26</SCOR>
  <GEOX>PH</GEOX>
  <BRND>VISA</BRND>
  <REGN></REGN>
  <NETW>A</NETW>
  <KAPT>Y</KAPT>
  <CARDS>1</CARDS>
  <DEVICES>1</DEVICES>
  <EMAILS>1</EMAILS>
  <VELO>0</VELO>
  <VMAX>0</VMAX>
  <SITE>VERT999</SITE>
  <DEVICE_LAYERS>1E46F64B89.50954AA340.D7A4FD9F14.A80EBD4F24.928106C781</DEVICE_LAYERS>
  <FINGERPRINT>2FCC6566670618B78E958598C406443C</FINGERPRINT>
  <TIMEZONE>960</TIMEZONE>
  <LOCALTIME>2015-01-09 15:23</LOCALTIME>
  <REGION></REGION>
  <COUNTRY>PH</COUNTRY>
  <PROXY>N</PROXY>
  <JAVASCRIPT>Y</JAVASCRIPT>
  <FLASH>Y</FLASH>
  <COOKIES>Y</COOKIES>
  <HTTP_COUNTRY>US</HTTP_COUNTRY>
  <LANGUAGE>EN</LANGUAGE>
  <MOBILE_DEVICE>N</MOBILE_DEVICE>
  <MOBILE_TYPE></MOBILE_TYPE>
  <MOBILE_FORWARDER>N</MOBILE_FORWARDER>
  <VOICE_DEVICE>N</VOICE_DEVICE>
  <PC_REMOTE>N</PC_REMOTE>
  <RULES_TRIGGERED>4</RULES_TRIGGERED>
  <RULE_ID_0>772996</RULE_ID_0>
  <RULE_DESCRIPTION_0>GEO BIN and Device Country not equal (1pt)</RULE_DESCRIPTION_0>
  <RULE_ID_1>772998</RULE_ID_1>
  <RULE_DESCRIPTION_1>GEO Billing &lt;&gt; BIN Country (1pt)</RULE_DESCRIPTION_1>
  <RULE_ID_2>773002</RULE_ID_2>
  <RULE_DESCRIPTION_2>FRAUD_SCRD GEO Counter Triggered (5pts)</RULE_DESCRIPTION_2>
  <RULE_ID_3>773012</RULE_ID_3>
  <RULE_DESCRIPTION_3>FRAUD_SCRD Non-Normal Network Type (10pts)</RULE_DESCRIPTION_3>
  <COUNTERS_TRIGGERED>2</COUNTERS_TRIGGERED>
  <COUNTER_NAME_0>GEO</COUNTER_NAME_0>
  <COUNTER_VALUE_0>2</COUNTER_VALUE_0>
  <COUNTER_NAME_1>FRAUD_SCRD</COUNTER_NAME_1>
  <COUNTER_VALUE_1>15</COUNTER_VALUE_1>
  <REASON_CODE></REASON_CODE>
  <MASTERCARD></MASTERCARD>
  <DDFS>2014-10-23</DDFS>
  <DSR>1206x2144</DSR>
  <UAS>Mozilla/5.0 (Windows NT 6.3; WOW64; rv:34.0) Gecko/20100101 Firefox/34.0</UAS>
  <BROWSER>Firefox 34.0</BROWSER>
  <OS>Windows 8.1</OS>
  <PIP_IPAD></PIP_IPAD>
  <PIP_LAT></PIP_LAT>
  <PIP_LON></PIP_LON>
  <PIP_COUNTRY></PIP_COUNTRY>
  <PIP_REGION></PIP_REGION>
  <PIP_CITY></PIP_CITY>
  <PIP_ORG></PIP_ORG>
  <IP_IPAD>114.108.239.103</IP_IPAD>
  <IP_LAT>14.5833</IP_LAT>
  <IP_LON>120.9667</IP_LON>
  <IP_COUNTRY>PH</IP_COUNTRY>
  <IP_REGION>UNKNOWN</IP_REGION>
  <IP_CITY></IP_CITY>
  <IP_ORG>SKY BROADBAND</IP_ORG>
  <WARNING_COUNT>0</WARNING_COUNT>
</RESPONSE>

2015-01-09T07:29:52Z
RequestParameter:  billNo: 20150109140123 | startTime:2015-01-09 07:29:52

2015-01-09T07:29:52Z
Array
(
    [MODE] => Q
    [FRMT] => XML
    [VERS] => 0600
    [MERC] => 680000
    [SESS] => 92gub3daef8dcj0fmvog19se32
    [ORDR] => 20150109140123
    [CURR] => PHP
    [PENC] => KHASH
    [PTYP] => CARD
    [PTOK] => 4918912GXE0BUP1QG8K5
    [IPAD] => 192.168.192.2
    [MACK] => Y
    [PROD_DESC[0]] => Test Desc
    [PROD_TYPE[0]] => TEST Type
    [PROD_ITEM[0]] => Test Item
    [PROD_QUANT[0]] => 1
    [PROD_PRICE[0]] => 1000
    [TOTL] => 1000
    [SITE] => VERT999
    [UDF[MERCHANT_ID]] => 10001MERTEST001
    [NAME] => Juan Dela Cruz
    [B2A1] => My Address
    [B2CC] => PH
    [B2CI] => Makati
    [B2PC] => 1235
    [B2PN] => 12345678
    [B2ST] => NA
    [S2A1] => 
    [S2CC] => 
    [S2CI] => 
    [S2EM] => 
    [S2NM] =>  
    [S2PC] => 
    [S2PN] => 
    [S2ST] => 
    [SHTP] => SD
    [CASH] => 10
    [DOB] => 1984-09-26
    [GENDER] => M
    [EMAL] => juan@email.com
)


2015-01-09T07:29:55Z
ResponseParameter:  billNo: 20150109140123 | endTime:2015-01-09 07:29:55

2015-01-09T07:29:55Z
<?xml version="1.0" encoding="UTF-8"?>
<RESPONSE>
  <VERS>0600</VERS>
  <MODE>Q</MODE>
  <TRAN>3V1503PPVJB8</TRAN>
  <MERC>680000</MERC>
  <SESS>92gub3daef8dcj0fmvog19se32</SESS>
  <ORDR>20150109140123</ORDR>
  <AUTO>A</AUTO>
  <SCOR>27</SCOR>
  <GEOX>PH</GEOX>
  <BRND>VISA</BRND>
  <REGN></REGN>
  <NETW>A</NETW>
  <KAPT>Y</KAPT>
  <CARDS>1</CARDS>
  <DEVICES>1</DEVICES>
  <EMAILS>1</EMAILS>
  <VELO>0</VELO>
  <VMAX>0</VMAX>
  <SITE>VERT999</SITE>
  <DEVICE_LAYERS>1E46F64B89.50954AA340.D7A4FD9F14.A80EBD4F24.928106C781</DEVICE_LAYERS>
  <FINGERPRINT>2FCC6566670618B78E958598C406443C</FINGERPRINT>
  <TIMEZONE>960</TIMEZONE>
  <LOCALTIME>2015-01-09 15:30</LOCALTIME>
  <REGION></REGION>
  <COUNTRY>PH</COUNTRY>
  <PROXY>N</PROXY>
  <JAVASCRIPT>Y</JAVASCRIPT>
  <FLASH>Y</FLASH>
  <COOKIES>Y</COOKIES>
  <HTTP_COUNTRY>US</HTTP_COUNTRY>
  <LANGUAGE>EN</LANGUAGE>
  <MOBILE_DEVICE>N</MOBILE_DEVICE>
  <MOBILE_TYPE></MOBILE_TYPE>
  <MOBILE_FORWARDER>N</MOBILE_FORWARDER>
  <VOICE_DEVICE>N</VOICE_DEVICE>
  <PC_REMOTE>N</PC_REMOTE>
  <RULES_TRIGGERED>4</RULES_TRIGGERED>
  <RULE_ID_0>772996</RULE_ID_0>
  <RULE_DESCRIPTION_0>GEO BIN and Device Country not equal (1pt)</RULE_DESCRIPTION_0>
  <RULE_ID_1>772998</RULE_ID_1>
  <RULE_DESCRIPTION_1>GEO Billing &lt;&gt; BIN Country (1pt)</RULE_DESCRIPTION_1>
  <RULE_ID_2>773002</RULE_ID_2>
  <RULE_DESCRIPTION_2>FRAUD_SCRD GEO Counter Triggered (5pts)</RULE_DESCRIPTION_2>
  <RULE_ID_3>773012</RULE_ID_3>
  <RULE_DESCRIPTION_3>FRAUD_SCRD Non-Normal Network Type (10pts)</RULE_DESCRIPTION_3>
  <COUNTERS_TRIGGERED>2</COUNTERS_TRIGGERED>
  <COUNTER_NAME_0>GEO</COUNTER_NAME_0>
  <COUNTER_VALUE_0>2</COUNTER_VALUE_0>
  <COUNTER_NAME_1>FRAUD_SCRD</COUNTER_NAME_1>
  <COUNTER_VALUE_1>15</COUNTER_VALUE_1>
  <REASON_CODE></REASON_CODE>
  <MASTERCARD></MASTERCARD>
  <DDFS>2014-10-23</DDFS>
  <DSR>1206x2144</DSR>
  <UAS>Mozilla/5.0 (Windows NT 6.3; WOW64; rv:34.0) Gecko/20100101 Firefox/34.0</UAS>
  <BROWSER>Firefox 34.0</BROWSER>
  <OS>Windows 8.1</OS>
  <PIP_IPAD></PIP_IPAD>
  <PIP_LAT></PIP_LAT>
  <PIP_LON></PIP_LON>
  <PIP_COUNTRY></PIP_COUNTRY>
  <PIP_REGION></PIP_REGION>
  <PIP_CITY></PIP_CITY>
  <PIP_ORG></PIP_ORG>
  <IP_IPAD>114.108.239.103</IP_IPAD>
  <IP_LAT>14.5833</IP_LAT>
  <IP_LON>120.9667</IP_LON>
  <IP_COUNTRY>PH</IP_COUNTRY>
  <IP_REGION>UNKNOWN</IP_REGION>
  <IP_CITY></IP_CITY>
  <IP_ORG>SKY BROADBAND</IP_ORG>
  <WARNING_COUNT>0</WARNING_COUNT>
</RESPONSE>

2015-01-09T09:00:13Z
RequestParameter:  billNo: 20150109140124 | startTime:2015-01-09 09:00:13

2015-01-09T09:00:13Z
Array
(
    [MODE] => Q
    [FRMT] => XML
    [VERS] => 0600
    [MERC] => 680000
    [SESS] => 92gub3daef8dcj0fmvog19se32
    [ORDR] => 20150109140124
    [CURR] => PHP
    [PENC] => KHASH
    [PTYP] => CARD
    [PTOK] => 4918912GXE0BUP1QG8K5
    [IPAD] => 192.168.192.2
    [MACK] => Y
    [PROD_DESC[0]] => Test Desc
    [PROD_TYPE[0]] => TEST Type
    [PROD_ITEM[0]] => Test Item
    [PROD_QUANT[0]] => 1
    [PROD_PRICE[0]] => 1000
    [TOTL] => 1000
    [SITE] => VERT999
    [UDF[MERCHANT_ID]] => 10001MERTEST001
    [NAME] => Juan Dela Cruz
    [B2A1] => My Address
    [B2CC] => PH
    [B2CI] => Makati
    [B2PC] => 1235
    [B2PN] => 12345678
    [B2ST] => NA
    [S2A1] => 
    [S2CC] => 
    [S2CI] => 
    [S2EM] => 
    [S2NM] =>  
    [S2PC] => 
    [S2PN] => 
    [S2ST] => 
    [SHTP] => SD
    [CASH] => 10
    [DOB] => 1984-09-26
    [GENDER] => M
    [EMAL] => juan@email.com
)


2015-01-09T09:00:16Z
ResponseParameter:  billNo: 20150109140124 | endTime:2015-01-09 09:00:16

2015-01-09T09:00:16Z
<?xml version="1.0" encoding="UTF-8"?>
<RESPONSE>
  <VERS>0600</VERS>
  <MODE>Q</MODE>
  <TRAN>3V1V07NNPD2Q</TRAN>
  <MERC>680000</MERC>
  <SESS>92gub3daef8dcj0fmvog19se32</SESS>
  <ORDR>20150109140124</ORDR>
  <AUTO>A</AUTO>
  <SCOR>27</SCOR>
  <GEOX>PH</GEOX>
  <BRND>VISA</BRND>
  <REGN></REGN>
  <NETW>A</NETW>
  <KAPT>Y</KAPT>
  <CARDS>1</CARDS>
  <DEVICES>1</DEVICES>
  <EMAILS>1</EMAILS>
  <VELO>0</VELO>
  <VMAX>0</VMAX>
  <SITE>VERT999</SITE>
  <DEVICE_LAYERS>1E46F64B89...CCE16C45E6.928106C781</DEVICE_LAYERS>
  <FINGERPRINT>2FCC6566670618B78E958598C406443C</FINGERPRINT>
  <TIMEZONE></TIMEZONE>
  <LOCALTIME> </LOCALTIME>
  <REGION></REGION>
  <COUNTRY>PH</COUNTRY>
  <PROXY>N</PROXY>
  <JAVASCRIPT>N</JAVASCRIPT>
  <FLASH>N</FLASH>
  <COOKIES>Y</COOKIES>
  <HTTP_COUNTRY>US</HTTP_COUNTRY>
  <LANGUAGE>EN</LANGUAGE>
  <MOBILE_DEVICE>N</MOBILE_DEVICE>
  <MOBILE_TYPE></MOBILE_TYPE>
  <MOBILE_FORWARDER>N</MOBILE_FORWARDER>
  <VOICE_DEVICE>N</VOICE_DEVICE>
  <PC_REMOTE>N</PC_REMOTE>
  <RULES_TRIGGERED>4</RULES_TRIGGERED>
  <RULE_ID_0>772996</RULE_ID_0>
  <RULE_DESCRIPTION_0>GEO BIN and Device Country not equal (1pt)</RULE_DESCRIPTION_0>
  <RULE_ID_1>772998</RULE_ID_1>
  <RULE_DESCRIPTION_1>GEO Billing &lt;&gt; BIN Country (1pt)</RULE_DESCRIPTION_1>
  <RULE_ID_2>773002</RULE_ID_2>
  <RULE_DESCRIPTION_2>FRAUD_SCRD GEO Counter Triggered (5pts)</RULE_DESCRIPTION_2>
  <RULE_ID_3>773012</RULE_ID_3>
  <RULE_DESCRIPTION_3>FRAUD_SCRD Non-Normal Network Type (10pts)</RULE_DESCRIPTION_3>
  <COUNTERS_TRIGGERED>2</COUNTERS_TRIGGERED>
  <COUNTER_NAME_0>GEO</COUNTER_NAME_0>
  <COUNTER_VALUE_0>2</COUNTER_VALUE_0>
  <COUNTER_NAME_1>FRAUD_SCRD</COUNTER_NAME_1>
  <COUNTER_VALUE_1>15</COUNTER_VALUE_1>
  <REASON_CODE></REASON_CODE>
  <MASTERCARD></MASTERCARD>
  <DDFS>2014-10-23</DDFS>
  <DSR></DSR>
  <UAS>Mozilla/5.0 (Windows NT 6.3; WOW64; rv:34.0) Gecko/20100101 Firefox/34.0</UAS>
  <BROWSER>Firefox 34.0</BROWSER>
  <OS>Windows 8.1</OS>
  <PIP_IPAD></PIP_IPAD>
  <PIP_LAT></PIP_LAT>
  <PIP_LON></PIP_LON>
  <PIP_COUNTRY></PIP_COUNTRY>
  <PIP_REGION></PIP_REGION>
  <PIP_CITY></PIP_CITY>
  <PIP_ORG></PIP_ORG>
  <IP_IPAD>114.108.239.103</IP_IPAD>
  <IP_LAT>14.5833</IP_LAT>
  <IP_LON>120.9667</IP_LON>
  <IP_COUNTRY>PH</IP_COUNTRY>
  <IP_REGION>UNKNOWN</IP_REGION>
  <IP_CITY></IP_CITY>
  <IP_ORG>SKY BROADBAND</IP_ORG>
  <WARNING_COUNT>0</WARNING_COUNT>
</RESPONSE>

