2015-05-14T09:27:07Z
RequestParameter:  billNo: bill635671995839306394 | startTime:2015-05-14 09:27:07

2015-05-14T09:27:07Z
Array
(
    [MODE] => Q
    [FRMT] => XML
    [VERS] => 0630
    [MERC] => 680000
    [UDF[CUSTOMER_IPAD]] => 5.135.77.44
    [SESS] => sess635671995839306394
    [ORDR] => bill635671995839306394
    [CURR] => EUR
    [PENC] => KHASH
    [PTYP] => CARD
    [PTOK] => 5586486Y42RR93YSSKDH
    [IPAD] => 5.135.77.44
    [MACK] => Y
    [AUTH] => A
    [PROD_DESC[0]] => Binary Trade
    [PROD_TYPE[0]] => Binary Trade
    [PROD_ITEM[0]] => SKU-BML-BinaryTrade
    [PROD_QUANT[0]] => 1
    [PROD_PRICE[0]] => 5000
    [TOTL] => 5000
    [SITE] => VERT001
    [UDF[MERCHANT_ID]] => 10001MERGTSHOL1
    [NAME] => test test test test
    [B2A1] => rue du parc
    [B2CC] => FR
    [B2CI] => paris
    [B2PC] => 60075
    [B2PN] => 33 68548611748
    [B2ST] => MH
    [S2A1] => 
    [S2CC] => 
    [S2CI] => 
    [S2EM] => 
    [S2NM] =>  
    [S2PC] => 
    [S2PN] => 
    [S2ST] => 
    [SHTP] => 
    [CASH] => 50
    [DOB] => --
    [GENDER] => M
    [EMAL] => general@globaltradingsolutions.com
)


2015-05-14T09:27:11Z
ResponseParameter:  billNo: bill635671995839306394 | endTime:2015-05-14 09:27:11

2015-05-14T09:27:11Z
<?xml version="1.0" encoding="UTF-8"?>
<RESPONSE>
  <VERS>0630</VERS>
  <MODE>Q</MODE>
  <TRAN>30X10DXZZ9TV</TRAN>
  <MERC>680000</MERC>
  <SESS>sess635671995839306394</SESS>
  <ORDR>bill635671995839306394</ORDR>
  <AUTO>A</AUTO>
  <SCOR>59</SCOR>
  <GEOX>FR</GEOX>
  <BRND>MSTR</BRND>
  <REGN>FR_A8</REGN>
  <NETW>N</NETW>
  <KAPT>Y</KAPT>
  <CARDS>1</CARDS>
  <DEVICES>1</DEVICES>
  <EMAILS>1</EMAILS>
  <VELO>0</VELO>
  <VMAX>0</VMAX>
  <SITE>VERT001</SITE>
  <DEVICE_LAYERS>4D8636CDBC..7F2B23D6C7.D63BD204FA.114BDB31F3</DEVICE_LAYERS>
  <FINGERPRINT>643849A979EB5F00560C62F25121AAD7</FINGERPRINT>
  <TIMEZONE>1260</TIMEZONE>
  <LOCALTIME>2015-05-14 12:27</LOCALTIME>
  <REGION>FR_A8</REGION>
  <COUNTRY>FR</COUNTRY>
  <PROXY>N</PROXY>
  <JAVASCRIPT>Y</JAVASCRIPT>
  <FLASH>N</FLASH>
  <COOKIES>Y</COOKIES>
  <HTTP_COUNTRY></HTTP_COUNTRY>
  <LANGUAGE>FR</LANGUAGE>
  <MOBILE_DEVICE>N</MOBILE_DEVICE>
  <MOBILE_TYPE></MOBILE_TYPE>
  <MOBILE_FORWARDER>N</MOBILE_FORWARDER>
  <VOICE_DEVICE>N</VOICE_DEVICE>
  <PC_REMOTE>N</PC_REMOTE>
  <RULES_TRIGGERED>3</RULES_TRIGGERED>
  <RULE_ID_0>772998</RULE_ID_0>
  <RULE_DESCRIPTION_0>GEO Billing &lt;&gt; BIN Country (1pt)</RULE_DESCRIPTION_0>
  <RULE_ID_1>772996</RULE_ID_1>
  <RULE_DESCRIPTION_1>GEO BIN and Device Country not equal (1pt)</RULE_DESCRIPTION_1>
  <RULE_ID_2>773002</RULE_ID_2>
  <RULE_DESCRIPTION_2>FRAUD_SCRD GEO Counter Triggered (5pts)</RULE_DESCRIPTION_2>
  <COUNTERS_TRIGGERED>2</COUNTERS_TRIGGERED>
  <COUNTER_NAME_0>GEO</COUNTER_NAME_0>
  <COUNTER_VALUE_0>2</COUNTER_VALUE_0>
  <COUNTER_NAME_1>FRAUD_SCRD</COUNTER_NAME_1>
  <COUNTER_VALUE_1>5</COUNTER_VALUE_1>
  <REASON_CODE></REASON_CODE>
  <MASTERCARD></MASTERCARD>
  <DDFS>2015-05-14</DDFS>
  <DSR>1080x1920</DSR>
  <UAS>Mozilla/5.0 (Windows NT 6.1; WOW64; rv:37.0) Gecko/20100101 Firefox/37.0</UAS>
  <BROWSER>Firefox 37.0</BROWSER>
  <OS>Windows 7</OS>
  <PIP_IPAD></PIP_IPAD>
  <PIP_LAT></PIP_LAT>
  <PIP_LON></PIP_LON>
  <PIP_COUNTRY></PIP_COUNTRY>
  <PIP_REGION></PIP_REGION>
  <PIP_CITY></PIP_CITY>
  <PIP_ORG></PIP_ORG>
  <IP_IPAD>5.135.77.44</IP_IPAD>
  <IP_LAT>48.8592</IP_LAT>
  <IP_LON>2.3417</IP_LON>
  <IP_COUNTRY>FR</IP_COUNTRY>
  <IP_REGION>Ile-de-France</IP_REGION>
  <IP_CITY>Paris</IP_CITY>
  <IP_ORG>OVH SAS</IP_ORG>
  <WARNING_0>399 BAD_OPTN Cause: [value [--] did not match regex /^((19|20)\d\d-(0[1-9]|1[012])-(0[1-9]|[12][0-9]|3[01]))?$/], Field: [DOB], Value: [--]</WARNING_0>
  <WARNING_COUNT>1</WARNING_COUNT>
</RESPONSE>

2015-05-14T18:46:03Z
RequestParameter:  billNo: Ftxso1431629163 | startTime:2015-05-14 18:46:03

2015-05-14T18:46:03Z
Array
(
    [MODE] => P
    [FRMT] => XML
    [VERS] => 0630
    [MERC] => 680000
    [UDF[CUSTOMER_IPAD]] => 5.135.77.44
    [SESS] => Ftxso1431629163
    [ORDR] => Ftxso1431629163
    [CURR] => USD
    [PENC] => KHASH
    [PTYP] => CARD
    [PTOK] => 486895LPHN5TEUCP6C5V
    [IPAD] => 10.0.0.1
    [MACK] => Y
    [AUTH] => A
    [PROD_DESC[0]] => carte
    [PROD_TYPE[0]] => carte 1
    [PROD_ITEM[0]] => carte
    [PROD_QUANT[0]] => 5
    [PROD_PRICE[0]] => 5000
    [TOTL] => 25000
    [SITE] => VERT001
    [UDF[MERCHANT_ID]] => 10001MERGTSHOL
    [NAME] => Andrew hartley-Snazelle
    [B2A1] => 2200 sacramento street
    [B2CC] => US
    [B2CI] => san francisco
    [B2PC] => 414115
    [B2PN] => 141551722250
    [B2ST] => california
    [S2A1] => 
    [S2CC] => 
    [S2CI] => 
    [S2EM] => 
    [S2NM] =>  
    [S2PC] => 
    [S2PN] => 
    [S2ST] => 
    [SHTP] => 
    [CASH] => 250
    [DOB] => 1964-05-04
    [GENDER] => M
    [EMAL] => hartley-Snazelle@andrew.net
    [ANID] => 141551722250
)


2015-05-14T18:46:07Z
ResponseParameter:  billNo: Ftxso1431629163 | endTime:2015-05-14 18:46:07

2015-05-14T18:46:07Z
<?xml version="1.0" encoding="UTF-8"?>
<RESPONSE>
  <VERS>0630</VERS>
  <MODE>P</MODE>
  <TRAN>309M0B4K9921</TRAN>
  <MERC>680000</MERC>
  <SESS>Ftxso1431629163</SESS>
  <ORDR>Ftxso1431629163</ORDR>
  <AUTO>A</AUTO>
  <SCOR>24</SCOR>
  <GEOX>US</GEOX>
  <BRND>VISA</BRND>
  <REGN></REGN>
  <NETW>N</NETW>
  <KAPT>N</KAPT>
  <CARDS>1</CARDS>
  <DEVICES>1</DEVICES>
  <EMAILS>1</EMAILS>
  <VELO>0</VELO>
  <VMAX>0</VMAX>
  <RULES_TRIGGERED>0</RULES_TRIGGERED>
  <COUNTERS_TRIGGERED>0</COUNTERS_TRIGGERED>
  <REASON_CODE></REASON_CODE>
  <MASTERCARD></MASTERCARD>
  <DDFS></DDFS>
  <DSR></DSR>
  <UAS></UAS>
  <BROWSER></BROWSER>
  <OS></OS>
  <PIP_IPAD></PIP_IPAD>
  <PIP_LAT></PIP_LAT>
  <PIP_LON></PIP_LON>
  <PIP_COUNTRY></PIP_COUNTRY>
  <PIP_REGION></PIP_REGION>
  <PIP_CITY></PIP_CITY>
  <PIP_ORG></PIP_ORG>
  <IP_IPAD></IP_IPAD>
  <IP_LAT></IP_LAT>
  <IP_LON></IP_LON>
  <IP_COUNTRY></IP_COUNTRY>
  <IP_REGION></IP_REGION>
  <IP_CITY></IP_CITY>
  <IP_ORG></IP_ORG>
  <WARNING_COUNT>0</WARNING_COUNT>
</RESPONSE>

