2015-12-17T04:22:38Z
RequestParameter:  billNo: xD7lq1450326156 | startTime:2015-12-17 04:22:38

2015-12-17T04:22:38Z
Array
(
    [MODE] => U
    [FRMT] => XML
    [VERS] => 0630
    [MERC] => 680000
    [SESS] => xD7lq1450326156
    [TRAN] => 3P770701ST03
    [AUTH] => D
    [MACK] => Y
)


2015-12-17T04:22:39Z
ResponseParameter:  billNo: xD7lq1450326156 | endTime:2015-12-17 04:22:39

2015-12-17T04:22:39Z
<?xml version="1.0" encoding="UTF-8"?>
<RESPONSE>
  <VERS>0630</VERS>
  <MODE>U</MODE>
  <TRAN>3P770701ST03</TRAN>
  <MERC>680000</MERC>
  <SESS>xD7lq1450326156</SESS>
  <RULES_TRIGGERED>0</RULES_TRIGGERED>
  <COUNTERS_TRIGGERED>0</COUNTERS_TRIGGERED>
  <REASON_CODE></REASON_CODE>
  <MASTERCARD></MASTERCARD>
  <WARNING_COUNT>0</WARNING_COUNT>
</RESPONSE>

2015-12-17T04:24:28Z
RequestParameter:  billNo: 95GWl1450326266 | startTime:2015-12-17 04:24:28

2015-12-17T04:24:28Z
Array
(
    [MODE] => U
    [FRMT] => XML
    [VERS] => 0630
    [MERC] => 680000
    [SESS] => 95GWl1450326266
    [TRAN] => 3P770R45JWTL
    [AUTH] => D
    [MACK] => Y
)


2015-12-17T04:24:29Z
ResponseParameter:  billNo: 95GWl1450326266 | endTime:2015-12-17 04:24:29

2015-12-17T04:24:29Z
<?xml version="1.0" encoding="UTF-8"?>
<RESPONSE>
  <VERS>0630</VERS>
  <MODE>U</MODE>
  <TRAN>3P770R45JWTL</TRAN>
  <MERC>680000</MERC>
  <SESS>95GWl1450326266</SESS>
  <RULES_TRIGGERED>0</RULES_TRIGGERED>
  <COUNTERS_TRIGGERED>0</COUNTERS_TRIGGERED>
  <REASON_CODE></REASON_CODE>
  <MASTERCARD></MASTERCARD>
  <WARNING_COUNT>0</WARNING_COUNT>
</RESPONSE>

2015-12-17T04:25:27Z
RequestParameter:  billNo: LMd4O1450326326 | startTime:2015-12-17 04:25:27

2015-12-17T04:25:27Z
Array
(
    [MODE] => U
    [FRMT] => XML
    [VERS] => 0630
    [MERC] => 680000
    [SESS] => LMd4O1450326326
    [TRAN] => 3P770ZY4Y40H
    [AUTH] => D
    [MACK] => Y
)


2015-12-17T04:25:28Z
ResponseParameter:  billNo: LMd4O1450326326 | endTime:2015-12-17 04:25:28

2015-12-17T04:25:28Z
<?xml version="1.0" encoding="UTF-8"?>
<RESPONSE>
  <VERS>0630</VERS>
  <MODE>U</MODE>
  <TRAN>3P770ZY4Y40H</TRAN>
  <MERC>680000</MERC>
  <SESS>LMd4O1450326326</SESS>
  <RULES_TRIGGERED>0</RULES_TRIGGERED>
  <COUNTERS_TRIGGERED>0</COUNTERS_TRIGGERED>
  <REASON_CODE></REASON_CODE>
  <MASTERCARD></MASTERCARD>
  <WARNING_COUNT>0</WARNING_COUNT>
</RESPONSE>

2015-12-17T04:33:20Z
RequestParameter:  billNo: 2L6wf1450326793 | startTime:2015-12-17 04:33:20

2015-12-17T04:33:20Z
Array
(
    [MODE] => U
    [FRMT] => XML
    [VERS] => 0630
    [MERC] => 680000
    [SESS] => 2L6wf1450326793
    [TRAN] => 3P770Q23TDK3
    [AUTH] => D
    [MACK] => Y
)


2015-12-17T04:33:21Z
ResponseParameter:  billNo: 2L6wf1450326793 | endTime:2015-12-17 04:33:21

2015-12-17T04:33:21Z
<?xml version="1.0" encoding="UTF-8"?>
<RESPONSE>
  <VERS>0630</VERS>
  <MODE>U</MODE>
  <TRAN>3P770Q23TDK3</TRAN>
  <MERC>680000</MERC>
  <SESS>2L6wf1450326793</SESS>
  <RULES_TRIGGERED>0</RULES_TRIGGERED>
  <COUNTERS_TRIGGERED>0</COUNTERS_TRIGGERED>
  <REASON_CODE></REASON_CODE>
  <MASTERCARD></MASTERCARD>
  <WARNING_COUNT>0</WARNING_COUNT>
</RESPONSE>

2015-12-17T04:36:37Z
RequestParameter:  billNo: Pfbgo1450326990 | startTime:2015-12-17 04:36:37

2015-12-17T04:36:37Z
Array
(
    [MODE] => U
    [FRMT] => XML
    [VERS] => 0630
    [MERC] => 680000
    [SESS] => Pfbgo1450326990
    [TRAN] => 3P7706N6KSVW
    [AUTH] => D
    [MACK] => Y
)


2015-12-17T04:36:38Z
ResponseParameter:  billNo: Pfbgo1450326990 | endTime:2015-12-17 04:36:38

2015-12-17T04:36:38Z
<?xml version="1.0" encoding="UTF-8"?>
<RESPONSE>
  <VERS>0630</VERS>
  <MODE>U</MODE>
  <TRAN>3P7706N6KSVW</TRAN>
  <MERC>680000</MERC>
  <SESS>Pfbgo1450326990</SESS>
  <RULES_TRIGGERED>0</RULES_TRIGGERED>
  <COUNTERS_TRIGGERED>0</COUNTERS_TRIGGERED>
  <REASON_CODE></REASON_CODE>
  <MASTERCARD></MASTERCARD>
  <WARNING_COUNT>0</WARNING_COUNT>
</RESPONSE>

2015-12-17T04:38:51Z
RequestParameter:  billNo: BTqWQ1450327123 | startTime:2015-12-17 04:38:51

2015-12-17T04:38:51Z
Array
(
    [MODE] => U
    [FRMT] => XML
    [VERS] => 0630
    [MERC] => 680000
    [SESS] => BTqWQ1450327123
    [TRAN] => 3P7708CXBMVD
    [AUTH] => D
    [MACK] => Y
)


2015-12-17T04:38:52Z
ResponseParameter:  billNo: BTqWQ1450327123 | endTime:2015-12-17 04:38:52

2015-12-17T04:38:52Z
<?xml version="1.0" encoding="UTF-8"?>
<RESPONSE>
  <VERS>0630</VERS>
  <MODE>U</MODE>
  <TRAN>3P7708CXBMVD</TRAN>
  <MERC>680000</MERC>
  <SESS>BTqWQ1450327123</SESS>
  <RULES_TRIGGERED>0</RULES_TRIGGERED>
  <COUNTERS_TRIGGERED>0</COUNTERS_TRIGGERED>
  <REASON_CODE></REASON_CODE>
  <MASTERCARD></MASTERCARD>
  <WARNING_COUNT>0</WARNING_COUNT>
</RESPONSE>

2015-12-17T04:50:59Z
RequestParameter:  billNo: XrZDB1450327852 | startTime:2015-12-17 04:50:59

2015-12-17T04:50:59Z
Array
(
    [MODE] => U
    [FRMT] => XML
    [VERS] => 0630
    [MERC] => 680000
    [SESS] => XrZDB1450327852
    [TRAN] => 3P770JN0S4HT
    [AUTH] => D
    [MACK] => Y
)


2015-12-17T04:51:00Z
ResponseParameter:  billNo: XrZDB1450327852 | endTime:2015-12-17 04:51:00

2015-12-17T04:51:00Z
<?xml version="1.0" encoding="UTF-8"?>
<RESPONSE>
  <VERS>0630</VERS>
  <MODE>U</MODE>
  <TRAN>3P770JN0S4HT</TRAN>
  <MERC>680000</MERC>
  <SESS>XrZDB1450327852</SESS>
  <RULES_TRIGGERED>0</RULES_TRIGGERED>
  <COUNTERS_TRIGGERED>0</COUNTERS_TRIGGERED>
  <REASON_CODE></REASON_CODE>
  <MASTERCARD></MASTERCARD>
  <WARNING_COUNT>0</WARNING_COUNT>
</RESPONSE>

2015-12-17T04:52:03Z
RequestParameter:  billNo: 720Ny1450327915 | startTime:2015-12-17 04:52:03

2015-12-17T04:52:03Z
Array
(
    [MODE] => U
    [FRMT] => XML
    [VERS] => 0630
    [MERC] => 680000
    [SESS] => 720Ny1450327915
    [TRAN] => 3P77028DNMKJ
    [AUTH] => D
    [MACK] => Y
)


2015-12-17T04:52:04Z
ResponseParameter:  billNo: 720Ny1450327915 | endTime:2015-12-17 04:52:04

2015-12-17T04:52:04Z
<?xml version="1.0" encoding="UTF-8"?>
<RESPONSE>
  <VERS>0630</VERS>
  <MODE>U</MODE>
  <TRAN>3P77028DNMKJ</TRAN>
  <MERC>680000</MERC>
  <SESS>720Ny1450327915</SESS>
  <RULES_TRIGGERED>0</RULES_TRIGGERED>
  <COUNTERS_TRIGGERED>0</COUNTERS_TRIGGERED>
  <REASON_CODE></REASON_CODE>
  <MASTERCARD></MASTERCARD>
  <WARNING_COUNT>0</WARNING_COUNT>
</RESPONSE>

2015-12-17T04:53:06Z
RequestParameter:  billNo: nRAse1450327981 | startTime:2015-12-17 04:53:06

2015-12-17T04:53:06Z
Array
(
    [MODE] => U
    [FRMT] => XML
    [VERS] => 0630
    [MERC] => 680000
    [SESS] => nRAse1450327981
    [TRAN] => 3P770RNTD4DT
    [AUTH] => D
    [MACK] => Y
)


2015-12-17T04:53:07Z
ResponseParameter:  billNo: nRAse1450327981 | endTime:2015-12-17 04:53:07

2015-12-17T04:53:07Z
<?xml version="1.0" encoding="UTF-8"?>
<RESPONSE>
  <VERS>0630</VERS>
  <MODE>U</MODE>
  <TRAN>3P770RNTD4DT</TRAN>
  <MERC>680000</MERC>
  <SESS>nRAse1450327981</SESS>
  <RULES_TRIGGERED>0</RULES_TRIGGERED>
  <COUNTERS_TRIGGERED>0</COUNTERS_TRIGGERED>
  <REASON_CODE></REASON_CODE>
  <MASTERCARD></MASTERCARD>
  <WARNING_COUNT>0</WARNING_COUNT>
</RESPONSE>

2015-12-17T04:58:44Z
RequestParameter:  billNo: lqiXu1450328316 | startTime:2015-12-17 04:58:44

2015-12-17T04:58:44Z
Array
(
    [MODE] => U
    [FRMT] => XML
    [VERS] => 0630
    [MERC] => 680000
    [SESS] => lqiXu1450328316
    [TRAN] => 3P770WM8MY76
    [AUTH] => D
    [MACK] => Y
)


2015-12-17T04:58:45Z
ResponseParameter:  billNo: lqiXu1450328316 | endTime:2015-12-17 04:58:45

2015-12-17T04:58:45Z
<?xml version="1.0" encoding="UTF-8"?>
<RESPONSE>
  <VERS>0630</VERS>
  <MODE>U</MODE>
  <TRAN>3P770WM8MY76</TRAN>
  <MERC>680000</MERC>
  <SESS>lqiXu1450328316</SESS>
  <RULES_TRIGGERED>0</RULES_TRIGGERED>
  <COUNTERS_TRIGGERED>0</COUNTERS_TRIGGERED>
  <REASON_CODE></REASON_CODE>
  <MASTERCARD></MASTERCARD>
  <WARNING_COUNT>0</WARNING_COUNT>
</RESPONSE>

2015-12-17T04:59:22Z
RequestParameter:  billNo: Ajz4y1450328359 | startTime:2015-12-17 04:59:22

2015-12-17T04:59:22Z
Array
(
    [MODE] => U
    [FRMT] => XML
    [VERS] => 0630
    [MERC] => 680000
    [SESS] => Ajz4y1450328359
    [TRAN] => 3P770M44MGCK
    [AUTH] => D
    [MACK] => Y
)


2015-12-17T04:59:23Z
ResponseParameter:  billNo: Ajz4y1450328359 | endTime:2015-12-17 04:59:23

2015-12-17T04:59:23Z
<?xml version="1.0" encoding="UTF-8"?>
<RESPONSE>
  <VERS>0630</VERS>
  <MODE>U</MODE>
  <TRAN>3P770M44MGCK</TRAN>
  <MERC>680000</MERC>
  <SESS>Ajz4y1450328359</SESS>
  <RULES_TRIGGERED>0</RULES_TRIGGERED>
  <COUNTERS_TRIGGERED>0</COUNTERS_TRIGGERED>
  <REASON_CODE></REASON_CODE>
  <MASTERCARD></MASTERCARD>
  <WARNING_COUNT>0</WARNING_COUNT>
</RESPONSE>

2015-12-17T08:04:24Z
RequestParameter:  billNo: qpBxi1450328162 | startTime:2015-12-17 08:04:24

2015-12-17T08:04:24Z
Array
(
    [MODE] => U
    [FRMT] => XML
    [VERS] => 0630
    [MERC] => 680000
    [SESS] => qpBxi1450328162
    [TRAN] => 3P770KJK8K2H
    [AUTH] => 
    [MACK] => Y
    [RFCB] => R
)


2015-12-17T08:04:26Z
ResponseParameter:  billNo: qpBxi1450328162 | endTime:2015-12-17 08:04:26

2015-12-17T08:04:26Z
<?xml version="1.0" encoding="UTF-8"?>
<RESPONSE>
  <VERS>0630</VERS>
  <MODE>U</MODE>
  <TRAN>3P770KJK8K2H</TRAN>
  <MERC>680000</MERC>
  <SESS>qpBxi1450328162</SESS>
  <RULES_TRIGGERED>0</RULES_TRIGGERED>
  <COUNTERS_TRIGGERED>0</COUNTERS_TRIGGERED>
  <REASON_CODE></REASON_CODE>
  <MASTERCARD></MASTERCARD>
  <WARNING_COUNT>0</WARNING_COUNT>
</RESPONSE>

2015-12-17T08:36:07Z
RequestParameter:  billNo: VQ5Dh1450341337 | startTime:2015-12-17 08:36:07

2015-12-17T08:36:07Z
Array
(
    [MODE] => U
    [FRMT] => XML
    [VERS] => 0630
    [MERC] => 680000
    [SESS] => VQ5Dh1450341337
    [TRAN] => 3PDN0XHXQ1KB
    [AUTH] => 
    [MACK] => Y
    [RFCB] => R
)


2015-12-17T08:36:08Z
ResponseParameter:  billNo: VQ5Dh1450341337 | endTime:2015-12-17 08:36:08

2015-12-17T08:36:08Z
<?xml version="1.0" encoding="UTF-8"?>
<RESPONSE>
  <VERS>0630</VERS>
  <MODE>U</MODE>
  <TRAN>3PDN0XHXQ1KB</TRAN>
  <MERC>680000</MERC>
  <SESS>VQ5Dh1450341337</SESS>
  <RULES_TRIGGERED>0</RULES_TRIGGERED>
  <COUNTERS_TRIGGERED>0</COUNTERS_TRIGGERED>
  <REASON_CODE></REASON_CODE>
  <MASTERCARD></MASTERCARD>
  <WARNING_COUNT>0</WARNING_COUNT>
</RESPONSE>

2015-12-17T08:50:07Z
RequestParameter:  billNo: DrSbx1450342039 | startTime:2015-12-17 08:50:07

2015-12-17T08:50:07Z
Array
(
    [MODE] => U
    [FRMT] => XML
    [VERS] => 0630
    [MERC] => 680000
    [SESS] => DrSbx1450342039
    [TRAN] => 3PDN0X7WC94Q
    [AUTH] => 
    [MACK] => Y
    [RFCB] => R
)


2015-12-17T08:50:08Z
ResponseParameter:  billNo: DrSbx1450342039 | endTime:2015-12-17 08:50:08

2015-12-17T08:50:08Z
<?xml version="1.0" encoding="UTF-8"?>
<RESPONSE>
  <VERS>0630</VERS>
  <MODE>U</MODE>
  <TRAN>3PDN0X7WC94Q</TRAN>
  <MERC>680000</MERC>
  <SESS>DrSbx1450342039</SESS>
  <RULES_TRIGGERED>0</RULES_TRIGGERED>
  <COUNTERS_TRIGGERED>0</COUNTERS_TRIGGERED>
  <REASON_CODE></REASON_CODE>
  <MASTERCARD></MASTERCARD>
  <WARNING_COUNT>0</WARNING_COUNT>
</RESPONSE>

