2015-05-04T06:30:31Z
RequestParameter:  billNo: 124d3f9356d842a895ee7bc74b86ac35

2015-05-04T06:30:31Z
SimpleXMLElement Object
(
    [securityCode] => 2003052020272027
    [cardNumber] => 4918914107195005
    [currency] => EUR
    [apiUserId] => 35
    [API_username] => 100-01-ADM-DRivera
    [API_password] => password
    [agt] => SimpleXMLElement Object
        (
        )

    [transactionId] => 150430170458
    [billNo] => 124d3f9356d842a895ee7bc74b86ac35
    [amount] => 99
    [refundAmount] => 99
    [remark] => Refund success|adminRemarks|_|test admin remarks
    [type] => 2
)


2015-05-04T06:30:31Z
ResponseParameter:  billNo: 124d3f9356d842a895ee7bc74b86ac35

2015-05-04T06:30:31Z
resultCode=0&orderStatus=Accepted&ref=124d3f9356d842a895ee7bc74b86ac35&payRef=020531&amt=99&cur=608&errMsg=OnlineRefund Successfully.

2015-05-04T06:33:42Z
RequestParameter:  billNo: ajhiekgcaj

2015-05-04T06:33:42Z
SimpleXMLElement Object
(
    [securityCode] => 2003052020272027
    [cardNumber] => 4918914107195005
    [currency] => EUR
    [apiUserId] => 48
    [API_username] => 100-01-ADM-DRivera
    [API_password] => password
    [agt] => SimpleXMLElement Object
        (
        )

    [transactionId] => 150429130425
    [billNo] => ajhiekgcaj
    [amount] => 99
    [refundAmount] => 99
    [remark] => Refund success|adminRemarks|_|test admin remarks
    [refundType] => 2
    [type] => 2
)


2015-05-04T06:33:42Z
ResponseParameter:  billNo: ajhiekgcaj

2015-05-04T06:33:42Z
resultCode=0&orderStatus=Accepted&ref=ajhiekgcaj&payRef=020542&amt=99&cur=608&errMsg=OnlineRefund Successfully.

2015-05-04T06:39:46Z
RequestParameter:  billNo: iU3I01429849322

2015-05-04T06:39:46Z
SimpleXMLElement Object
(
    [securityCode] => 2003052020272027
    [cardNumber] => 4918914107195005
    [currency] => USD
    [apiUserId] => 2
    [API_username] => 100-01-ADM-DRivera
    [API_password] => password
    [agt] => SimpleXMLElement Object
        (
        )

    [transactionId] => 150424120404
    [billNo] => iU3I01429849322
    [amount] => 10
    [refundAmount] => 10
    [remark] => Refund success|adminRemarks|_|test admin remarks
    [refundType] => 2
    [type] => 2
)


2015-05-04T06:39:46Z
ResponseParameter:  billNo: iU3I01429849322

2015-05-04T06:39:46Z
resultCode=0&orderStatus=Accepted&ref=iU3I01429849322&payRef=020546&amt=10&cur=608&errMsg=OnlineRefund Successfully.

2015-05-04T06:45:11Z
RequestParameter:  billNo: db7d1c3ad3e34147b07c494159170074

2015-05-04T06:45:11Z
SimpleXMLElement Object
(
    [securityCode] => 2003052020272027
    [cardNumber] => 4918914107195005
    [currency] => EUR
    [apiUserId] => 60
    [API_username] => 100-01-ADM-DRivera
    [API_password] => password
    [agt] => SimpleXMLElement Object
        (
        )

    [transactionId] => 150427220413
    [billNo] => db7d1c3ad3e34147b07c494159170074
    [amount] => 99
    [refundAmount] => 99
    [remark] => Refund success|adminRemarks|_|test admin remarks
    [refundType] => 2
    [type] => 2
)


2015-05-04T06:45:11Z
ResponseParameter:  billNo: db7d1c3ad3e34147b07c494159170074

2015-05-04T06:45:11Z
resultCode=0&orderStatus=Accepted&ref=db7d1c3ad3e34147b07c494159170074&payRef=020511&amt=99&cur=608&errMsg=OnlineRefund Successfully.

2015-05-04T07:12:37Z
RequestParameter:  billNo: RwU581430722723

2015-05-04T07:12:37Z
SimpleXMLElement Object
(
    [securityCode] => 2003052020272027
    [cardNumber] => 4918914107195005
    [currency] => EUR
    [apiUserId] => 2
    [API_username] => 100-01-ADM-DRivera
    [API_password] => password
    [agt] => SimpleXMLElement Object
        (
        )

    [transactionId] => 150504150546
    [billNo] => RwU581430722723
    [amount] => 10
    [refundAmount] => 10
    [remark] => Refund success|adminRemarks|_|test admin remarks
    [refundType] => 2
    [type] => 2
)


2015-05-04T07:12:37Z
ResponseParameter:  billNo: RwU581430722723

2015-05-04T07:12:37Z
resultCode=0&orderStatus=Accepted&ref=RwU581430722723&payRef=030537&amt=10&cur=608&errMsg=Void Successfully.

2015-05-04T08:13:28Z
RequestParameter:  billNo: 0oJ7Q1430726870

2015-05-04T08:13:28Z
SimpleXMLElement Object
(
    [securityCode] => 2003052020272027
    [cardNumber] => 4918914107195005
    [currency] => EUR
    [apiUserId] => 2
    [API_username] => 100-01-ADM-DRivera
    [API_password] => password
    [refundOperation] => 02
    [transactionId] => 150504160551
    [billNo] => 0oJ7Q1430726870
    [amount] => 10.00
    [refundAmount] => 10
    [refundType] => 2
    [remark] => |adminRemarks |_|test refund
    [type] => 2
)


2015-05-04T08:13:28Z
ResponseParameter:  billNo: 0oJ7Q1430726870

2015-05-04T08:13:28Z
resultCode=0&orderStatus=Accepted&ref=0oJ7Q1430726870&payRef=040528&amt=10&cur=608&errMsg=Void Successfully.

2015-05-04T08:29:16Z
RequestParameter:  billNo: hamsX1430728073

2015-05-04T08:29:16Z
SimpleXMLElement Object
(
    [securityCode] => 2003052020272027
    [cardNumber] => 4918914107195005
    [currency] => EUR
    [apiUserId] => 2
    [API_username] => 100-01-ADM-DRivera
    [API_password] => password
    [refundOperation] => 02
    [transactionId] => 150504160554
    [billNo] => hamsX1430728073
    [amount] => 10.00
    [refundAmount] => 10
    [refundType] => 2
    [remark] => |adminRemarks |_|admin test refund
    [type] => 2
)


2015-05-04T08:29:16Z
ResponseParameter:  billNo: hamsX1430728073

2015-05-04T08:29:16Z
resultCode=0&orderStatus=Accepted&ref=hamsX1430728073&payRef=040516&amt=10&cur=608&errMsg=Void Successfully.

2015-05-04T08:38:53Z
RequestParameter:  billNo: Aa57W1430728057

2015-05-04T08:38:53Z
SimpleXMLElement Object
(
    [securityCode] => 2003052020272027
    [cardNumber] => 4918914107195005
    [currency] => EUR
    [apiUserId] => 2
    [API_username] => 100-01-ADM-DRivera
    [API_password] => password
    [refundOperation] => 02
    [transactionId] => 150504160538
    [billNo] => Aa57W1430728057
    [amount] => 10.00
    [refundAmount] => 10
    [refundType] => 2
    [remark] => |adminRemarks |_|admin
    [type] => 2
)


2015-05-04T08:38:53Z
ResponseParameter:  billNo: Aa57W1430728057

2015-05-04T08:38:53Z
resultCode=0&orderStatus=Accepted&ref=Aa57W1430728057&payRef=040553&amt=10&cur=608&errMsg=Void Successfully.

