2015-01-23T11:26:10Z
RequestParameter:  billNo: 20150123190121 | startTime:2015-01-23 11:26:10

2015-01-23T11:26:10Z
https://test.pesopay.com/b2cDemo/eng/directPay/payComp.jsp?payType=N&merchantId=18062075&pMethod=Master&lang=E&cardHolder=Firstname%20Lastname&cardNo=5353535353535353&securityCode=123&epMonth=10&epYear=202017&amount=310&currCode=840&orderRef=20150123190121&remark=Customer%20Remarks

2015-01-23T11:26:11Z
ResponseParameter:  billNo: 20150123190121 | endTime:2015-01-23 11:26:11

2015-01-23T11:26:11Z
successcode=-1&Ref=&PayRef=&Amt=&Cur=&prc=&src=&Ord=&Holder=&AuthId=&TxTime=&errMsg=Parameter expiry year incorrect


2015-01-23T11:31:43Z
RequestParameter:  billNo: 20150123190152 | startTime:2015-01-23 11:31:43

2015-01-23T11:31:43Z
https://test.pesopay.com/b2cDemo/eng/directPay/payComp.jsp?payType=N&merchantId=18062075&pMethod=Master&lang=E&cardHolder=Firstname%20Lastname&cardNo=5353535353535353&securityCode=123&epMonth=10&epYear=202017&amount=310&currCode=840&orderRef=20150123190152&remark=Customer%20Remarks

2015-01-23T11:31:44Z
ResponseParameter:  billNo: 20150123190152 | endTime:2015-01-23 11:31:44

2015-01-23T11:31:44Z
successcode=-1&Ref=&PayRef=&Amt=&Cur=&prc=&src=&Ord=&Holder=&AuthId=&TxTime=&errMsg=Parameter expiry year incorrect


2015-01-23T11:48:01Z
RequestParameter:  billNo: 20150123190144 | startTime:2015-01-23 11:48:01

2015-01-23T11:48:01Z
https://test.pesopay.com/b2cDemo/eng/directPay/payComp.jsp?payType=N&merchantId=18062075&pMethod=VISA&lang=E&cardHolder=Juan%20Dela%20Cruz&cardNo=4918914107195005&securityCode=123&epMonth=07&epYear=202015&amount=310&currCode=608&orderRef=20150123190144&remark=Customer%20Remarks

2015-01-23T11:48:01Z
ResponseParameter:  billNo: 20150123190144 | endTime:2015-01-23 11:48:01

2015-01-23T11:48:01Z
successcode=-1&Ref=&PayRef=&Amt=&Cur=&prc=&src=&Ord=&Holder=&AuthId=&TxTime=&errMsg=Parameter expiry year incorrect


2015-01-23T11:54:06Z
RequestParameter:  billNo: 20150123190150 | startTime:2015-01-23 11:54:06

2015-01-23T11:54:06Z
https://test.pesopay.com/b2cDemo/eng/directPay/payComp.jsp?payType=N&merchantId=18062075&pMethod=VISA&lang=E&cardHolder=Juan%20Dela%20Cruz&cardNo=4918914107195005&securityCode=123&epMonth=07&epYear=202015&amount=310&currCode=608&orderRef=20150123190150&remark=Customer%20Remarks

2015-01-23T11:54:09Z
ResponseParameter:  billNo: 20150123190150 | endTime:2015-01-23 11:54:09

2015-01-23T11:54:09Z
successcode=-1&Ref=&PayRef=&Amt=&Cur=&prc=&src=&Ord=&Holder=&AuthId=&TxTime=&errMsg=Parameter expiry year incorrect


2015-01-23T11:56:09Z
RequestParameter:  billNo: 20150123190109 | startTime:2015-01-23 11:56:09

2015-01-23T11:56:09Z
https://test.pesopay.com/b2cDemo/eng/directPay/payComp.jsp?payType=N&merchantId=18062075&pMethod=VISA&lang=E&cardHolder=Juan%20Dela%20Cruz&cardNo=4918914107195005&securityCode=123&epMonth=07&epYear=202020&amount=310&currCode=608&orderRef=20150123190109&remark=Customer%20Remarks

2015-01-23T11:56:11Z
ResponseParameter:  billNo: 20150123190109 | endTime:2015-01-23 11:56:11

2015-01-23T11:56:11Z
successcode=-1&Ref=&PayRef=&Amt=&Cur=&prc=&src=&Ord=&Holder=&AuthId=&TxTime=&errMsg=Parameter expiry year incorrect


2015-01-23T11:56:58Z
RequestParameter:  billNo: 20150123190111 | startTime:2015-01-23 11:56:58

2015-01-23T11:56:58Z
https://test.pesopay.com/b2cDemo/eng/directPay/payComp.jsp?payType=N&merchantId=18062075&pMethod=VISA&lang=E&cardHolder=Juan%20Dela%20Cruz&cardNo=4918914107195005&securityCode=123&epMonth=07&epYear=2020&amount=310&currCode=608&orderRef=20150123190111&remark=Customer%20Remarks

2015-01-23T11:56:58Z
ResponseParameter:  billNo: 20150123190111 | endTime:2015-01-23 11:56:58

2015-01-23T11:56:58Z
successcode=1&Ref=20150123190111&PayRef=1210070844&Amt=310.0&Cur=608&prc=-8&src=2014&Ord=12345678&Holder=Juan Dela Cruz&AuthId=&TxTime=2015-01-23 19:57:18.0&errMsg=Transaction failed







2015-01-23T12:10:52Z
RequestParameter:  billNo: 20150123190158 | startTime:2015-01-23 12:10:52

2015-01-23T12:10:52Z
https://test.pesopay.com/b2cDemo/eng/directPay/payComp.jsp?payType=N&merchantId=18062075&pMethod=VISA&lang=E&cardHolder=Juan%20Dela%20Cruz&cardNo=4918914107195005&securityCode=123&epMonth=07&epYear=2020&amount=110&currCode=608&orderRef=20150123190158&remark=Customer%20Remarks

2015-01-23T12:10:53Z
ResponseParameter:  billNo: 20150123190158 | endTime:2015-01-23 12:10:53

2015-01-23T12:10:53Z
successcode=1&Ref=20150123190158&PayRef=1210070845&Amt=110.0&Cur=608&prc=-8&src=2014&Ord=12345678&Holder=Juan Dela Cruz&AuthId=&TxTime=2015-01-23 20:11:13.0&errMsg=Transaction failed







2015-01-23T12:14:28Z
RequestParameter:  billNo: 20150123200153 | startTime:2015-01-23 12:14:28

2015-01-23T12:14:28Z
https://test.pesopay.com/b2cDemo/eng/directPay/payComp.jsp?payType=N&merchantId=18062075&pMethod=VISA&lang=E&cardHolder=Juan%20Dela%20Cruz&cardNo=4918914107195005&securityCode=123&epMonth=07&epYear=2020&amount=110&currCode=608&orderRef=20150123200153&remark=Customer%20Remarks

2015-01-23T12:14:29Z
ResponseParameter:  billNo: 20150123200153 | endTime:2015-01-23 12:14:29

2015-01-23T12:14:29Z
successcode=1&Ref=20150123200153&PayRef=1210070846&Amt=110.0&Cur=608&prc=-8&src=2014&Ord=12345678&Holder=Juan Dela Cruz&AuthId=&TxTime=2015-01-23 20:14:49.0&errMsg=Transaction failed







2015-01-23T12:16:07Z
RequestParameter:  billNo: 20150123200129 | startTime:2015-01-23 12:16:07

2015-01-23T12:16:07Z
https://test.pesopay.com/b2cDemo/eng/directPay/payComp.jsp?payType=N&merchantId=18062075&pMethod=VISA&lang=E&cardHolder=Juan%20Dela%20Cruz&cardNo=4918914107195005&securityCode=123&epMonth=07&epYear=2020&amount=110&currCode=608&orderRef=20150123200129&remark=Customer%20Remarks

2015-01-23T12:16:08Z
ResponseParameter:  billNo: 20150123200129 | endTime:2015-01-23 12:16:08

2015-01-23T12:16:08Z
successcode=1&Ref=20150123200129&PayRef=1210070847&Amt=110.0&Cur=608&prc=-8&src=2014&Ord=12345678&Holder=Juan Dela Cruz&AuthId=&TxTime=2015-01-23 20:16:28.0&errMsg=Transaction failed







2015-01-23T12:21:06Z
RequestParameter:  billNo: 20150123200108 | startTime:2015-01-23 12:21:06

2015-01-23T12:21:06Z
https://test.pesopay.com/b2cDemo/eng/directPay/payComp.jsp?payType=N&merchantId=18062075&pMethod=VISA&lang=E&cardHolder=Juan%20Dela%20Cruz&cardNo=4918914107195005&securityCode=123&epMonth=07&epYear=2020&amount=110.5&currCode=608&orderRef=20150123200108&remark=Customer%20Remarks

2015-01-23T12:21:07Z
ResponseParameter:  billNo: 20150123200108 | endTime:2015-01-23 12:21:07

2015-01-23T12:21:07Z
successcode=1&Ref=20150123200108&PayRef=1210070848&Amt=110.5&Cur=608&prc=-8&src=2014&Ord=12345678&Holder=Juan Dela Cruz&AuthId=&TxTime=2015-01-23 20:21:26.0&errMsg=Transaction failed







2015-01-23T12:23:36Z
RequestParameter:  billNo: 20150123200107 | startTime:2015-01-23 12:23:36

2015-01-23T12:23:36Z
https://test.pesopay.com/b2cDemo/eng/directPay/payComp.jsp?payType=N&merchantId=18062075&pMethod=VISA&lang=E&cardHolder=Juan%20Dela%20Cruz&cardNo=4918914107195005&securityCode=123&epMonth=07&epYear=2020&amount=110.5&currCode=608&orderRef=20150123200107&remark=Customer%20Remarks

2015-01-23T12:23:37Z
ResponseParameter:  billNo: 20150123200107 | endTime:2015-01-23 12:23:37

2015-01-23T12:23:37Z
successcode=1&Ref=20150123200107&PayRef=1210070849&Amt=110.5&Cur=608&prc=-8&src=2014&Ord=12345678&Holder=Juan Dela Cruz&AuthId=&TxTime=2015-01-23 20:23:56.0&errMsg=Transaction failed







