2015-12-30T02:12:22Z
RequestParameter: startTime:2015-12-30 02:12:22

2015-12-30T02:12:22Z
{"fields":{"project":{"key":"TGLPCSP"},"summary":"AUTO: Gateway Account Lockout","description":"Gateway Account Lockout has occurred for 100-01-ADM-DRivera due to threshold violation: Transaction Success Rate.","customfield_10801":"100-01-ADM-DRivera","issuetype":{"name":"Access"},"assignee":{"name":"Dewynn Rivera","emailAddress":"dewynn@reanscommglobal.com","displayName":"Costumer Support","active":true}}}

2015-12-30T02:12:26Z
ResponeParameter:  endTime:2015-12-30 02:12:26

2015-12-30T02:12:26Z
Array
(
    [rc] => 0
    [result] => {"id":"14401","key":"TGLPCSP-312","self":"https://transcommglobal.atlassian.net/rest/api/2/issue/14401"}
)


2015-12-30T02:14:28Z
RequestParameter: startTime:2015-12-30 02:14:28

2015-12-30T02:14:28Z
{"fields":{"project":{"key":"TGLPCSP"},"summary":"AUTO: Gateway Account Lockout","description":"Gateway Account Lockout has occurred for 100-01-ADM-DRivera due to threshold violation: Transaction Success Rate.","customfield_10801":"100-01-ADM-DRivera","issuetype":{"name":"Access"},"assignee":{"name":"Dewynn Rivera","emailAddress":"dewynn@reanscommglobal.com","displayName":"Costumer Support","active":true}}}

2015-12-30T02:14:30Z
ResponeParameter:  endTime:2015-12-30 02:14:30

2015-12-30T02:14:30Z
Array
(
    [rc] => 0
    [result] => {"id":"14402","key":"TGLPCSP-313","self":"https://transcommglobal.atlassian.net/rest/api/2/issue/14402"}
)


2015-12-30T02:15:54Z
RequestParameter: startTime:2015-12-30 02:15:54

2015-12-30T02:15:54Z
{"fields":{"project":{"key":"TGLPCSP"},"summary":"AUTO: Gateway Account Lockout","description":"Gateway Account Lockout has occurred for 100-01-ADM-DRivera due to threshold violation: Transaction Success Rate.","customfield_10801":"100-01-ADM-DRivera","issuetype":{"name":"Access"},"assignee":{"name":"Dewynn Rivera","emailAddress":"dewynn@reanscommglobal.com","displayName":"Costumer Support","active":true}}}

2015-12-30T02:15:56Z
ResponeParameter:  endTime:2015-12-30 02:15:56

2015-12-30T02:15:56Z
Array
(
    [rc] => 0
    [result] => {"id":"14403","key":"TGLPCSP-314","self":"https://transcommglobal.atlassian.net/rest/api/2/issue/14403"}
)


2015-12-30T02:17:47Z
RequestParameter: startTime:2015-12-30 02:17:47

2015-12-30T02:17:47Z
{"fields":{"project":{"key":"TGLPCSP"},"summary":"AUTO: Gateway Account Lockout","description":"Gateway Account Lockout has occurred for 100-01-ADM-DRivera due to threshold violation: Transaction Success Rate.","customfield_10801":"100-01-ADM-DRivera","issuetype":{"name":"Access"},"assignee":{"name":"Dewynn Rivera","emailAddress":"dewynn@reanscommglobal.com","displayName":"Costumer Support","active":true}}}

2015-12-30T02:17:49Z
ResponeParameter:  endTime:2015-12-30 02:17:49

2015-12-30T02:17:49Z
Array
(
    [rc] => 0
    [result] => {"id":"14404","key":"TGLPCSP-315","self":"https://transcommglobal.atlassian.net/rest/api/2/issue/14404"}
)


2015-12-30T02:25:23Z
RequestParameter: startTime:2015-12-30 02:25:23

2015-12-30T02:25:23Z
{"fields":{"project":{"key":"TGLPCSP"},"summary":"AUTO: Gateway Account Lockout","description":"Gateway Account Lockout has occurred for 100-01-ADM-DRivera due to threshold violation: Transaction Success Rate.","customfield_10801":"100-01-ADM-DRivera","issuetype":{"name":"Access"},"assignee":{"name":"Dewynn Rivera","emailAddress":"dewynn@reanscommglobal.com","displayName":"Costumer Support","active":true}}}

2015-12-30T02:25:24Z
ResponeParameter:  endTime:2015-12-30 02:25:24

2015-12-30T02:25:24Z
Array
(
    [rc] => 0
    [result] => {"id":"14405","key":"TGLPCSP-316","self":"https://transcommglobal.atlassian.net/rest/api/2/issue/14405"}
)


