2015-03-02T07:15:11Z
RequestParameter:  billNo: P2kY5Sc413 | startTime:2015-03-02 07:15:11

2015-03-02T07:15:11Z
https://test.pesopay.com/b2cDemo/eng/directPay/payComp.jsp?payType=N&merchantId=18062075&pMethod=VISA&lang=E&cardHolder=Juan%20Dela%20Cruz&cardNo=4************005&securityCode=***&epMonth=07&epYear=2015&amount=10&currCode=608&orderRef=P2kY5Sc413&remark=

2015-03-02T07:15:12Z
ResponseParameter:  billNo: P2kY5Sc413 | endTime:2015-03-02 07:15:12

2015-03-02T07:15:12Z
successcode=1&Ref=P2kY5Sc413&PayRef=1210074131&Amt=10.0&Cur=608&prc=-8&src=2007&Ord=&Holder=Juan Dela Cruz&AuthId=&TxTime=2015-03-02 15:15:55.0&errMsg=Transaction failed







2015-03-02T07:18:44Z
RequestParameter:  billNo: P2kY5Sc414 | startTime:2015-03-02 07:18:44

2015-03-02T07:18:44Z
https://test.pesopay.com/b2cDemo/eng/directPay/payComp.jsp?payType=N&merchantId=18062075&pMethod=VISA&lang=E&cardHolder=Juan%20Dela%20Cruz&cardNo=4************005&securityCode=***&epMonth=07&epYear=2015&amount=10&currCode=608&orderRef=P2kY5Sc414&remark=

2015-03-02T07:18:45Z
ResponseParameter:  billNo: P2kY5Sc414 | endTime:2015-03-02 07:18:45

2015-03-02T07:18:45Z
successcode=0&Ref=P2kY5Sc414&PayRef=1210074132&Amt=10.0&Cur=608&prc=0&src=0&Ord=12345678&Holder=Juan Dela Cruz&AuthId=074132&TxTime=2015-03-02 15:19:27.0&errMsg=Transaction completed







2015-03-02T07:19:58Z
RequestParameter:  billNo: P2kY5Sc415 | startTime:2015-03-02 07:19:58

2015-03-02T07:19:58Z
https://test.pesopay.com/b2cDemo/eng/directPay/payComp.jsp?payType=N&merchantId=18062075&pMethod=VISA&lang=E&cardHolder=Juan%20Dela%20Cruz&cardNo=4************005&securityCode=***&epMonth=07&epYear=2015&amount=10&currCode=608&orderRef=P2kY5Sc415&remark=

2015-03-02T07:20:00Z
ResponseParameter:  billNo: P2kY5Sc415 | endTime:2015-03-02 07:20:00

2015-03-02T07:20:00Z
successcode=0&Ref=P2kY5Sc415&PayRef=1210074133&Amt=10.0&Cur=608&prc=0&src=0&Ord=12345678&Holder=Juan Dela Cruz&AuthId=074133&TxTime=2015-03-02 15:20:42.0&errMsg=Transaction completed







2015-03-02T07:23:31Z
RequestParameter:  billNo: 1421249964-35411 | startTime:2015-03-02 07:23:31

2015-03-02T07:23:31Z
https://test.pesopay.com/b2cDemo/eng/directPay/payComp.jsp?payType=N&merchantId=18062075&pMethod=VISA&lang=E&cardHolder=Juan%20Dela%20Cruz&cardNo=4918914107195005&securityCode=123&epMonth=07&epYear=2015&amount=10&currCode=608&orderRef=1421249964-35411&remark=

2015-03-02T07:23:32Z
ResponseParameter:  billNo: 1421249964-35411 | endTime:2015-03-02 07:23:32

2015-03-02T07:23:32Z
successcode=1&Ref=1421249964-35411&PayRef=1210074134&Amt=10.0&Cur=608&prc=-8&src=2007&Ord=&Holder=Juan Dela Cruz&AuthId=&TxTime=2015-03-02 15:24:14.0&errMsg=Transaction failed







2015-03-02T07:29:15Z
RequestParameter:  billNo: 1421249964-35413 | startTime:2015-03-02 07:29:15

2015-03-02T07:29:15Z
https://test.pesopay.com/b2cDemo/eng/directPay/payComp.jsp?payType=N&merchantId=18062075&pMethod=VISA&lang=E&cardHolder=Juan%20Dela%20Cruz&cardNo=4918914107195005&securityCode=123&epMonth=07&epYear=2015&amount=10&currCode=608&orderRef=1421249964-35413&remark=

2015-03-02T07:29:16Z
ResponseParameter:  billNo: 1421249964-35413 | endTime:2015-03-02 07:29:16

2015-03-02T07:29:16Z
successcode=0&Ref=1421249964-35413&PayRef=1210074135&Amt=10.0&Cur=608&prc=0&src=0&Ord=12345678&Holder=Juan Dela Cruz&AuthId=074135&TxTime=2015-03-02 15:29:58.0&errMsg=Transaction completed







2015-03-02T07:31:34Z
RequestParameter:  billNo: 1421249964-35414 | startTime:2015-03-02 07:31:34

2015-03-02T07:31:34Z
https://test.pesopay.com/b2cDemo/eng/directPay/payComp.jsp?payType=N&merchantId=18062075&pMethod=VISA&lang=E&cardHolder=Juan%20Dela%20Cruz&cardNo=4918914107195005&securityCode=123&epMonth=07&epYear=2015&amount=10&currCode=608&orderRef=1421249964-35414&remark=

2015-03-02T07:31:35Z
ResponseParameter:  billNo: 1421249964-35414 | endTime:2015-03-02 07:31:35

2015-03-02T07:31:35Z
successcode=0&Ref=1421249964-35414&PayRef=1210074136&Amt=10.0&Cur=608&prc=0&src=0&Ord=12345678&Holder=Juan Dela Cruz&AuthId=074136&TxTime=2015-03-02 15:32:17.0&errMsg=Transaction completed







