2015-04-01T05:22:19Z
RequestParameter:  billNo: 8xeSD142745373012 | startTime:2015-04-01 05:22:19

2015-04-01T05:22:19Z
?payType=N&merchantId=&pMethod=VISA&lang=E&cardHolder=Juan%20Dela%20Cruz&cardNo=4************005&securityCode=***&epMonth=07&epYear=2015&amount=10&currCode=608&orderRef=8xeSD142745373012&remark=Test

2015-04-01T05:22:19Z
ResponseParameter:  billNo: 8xeSD142745373012 | endTime:2015-04-01 05:22:19

2015-04-01T05:22:19Z


2015-04-01T05:23:45Z
RequestParameter:  billNo: 8xeSD142745373013 | startTime:2015-04-01 05:23:45

2015-04-01T05:23:45Z
?payType=N&merchantId=&pMethod=VISA&lang=E&cardHolder=Juan%20Dela%20Cruz&cardNo=4************005&securityCode=***&epMonth=07&epYear=2015&amount=10&currCode=608&orderRef=8xeSD142745373013&remark=Test

2015-04-01T05:23:45Z
ResponseParameter:  billNo: 8xeSD142745373013 | endTime:2015-04-01 05:23:45

2015-04-01T05:23:45Z


2015-04-01T05:25:09Z
RequestParameter:  billNo: 8xeSD142745373014 | startTime:2015-04-01 05:25:09

2015-04-01T05:25:09Z
?payType=N&merchantId=&pMethod=VISA&lang=E&cardHolder=Juan%20Dela%20Cruz&cardNo=4************005&securityCode=***&epMonth=07&epYear=2015&amount=10&currCode=608&orderRef=8xeSD142745373014&remark=Test

2015-04-01T05:25:09Z
ResponseParameter:  billNo: 8xeSD142745373014 | endTime:2015-04-01 05:25:09

2015-04-01T05:25:09Z


2015-04-01T08:10:19Z
RequestParameter:  billNo: hkdhggbkih | startTime:2015-04-01 08:10:19

2015-04-01T08:10:19Z
https://test.pesopay.com/b2cDemo/eng/directPay/payComp.jsp?payType=N&merchantId=18062075&pMethod=VISA&lang=E&cardHolder=Juan%20Dela%20Cruz&cardNo=4************005&securityCode=***&epMonth=07&epYear=2015&amount=10&currCode=608&orderRef=hkdhggbkih&remark=

2015-04-01T08:10:20Z
ResponseParameter:  billNo: hkdhggbkih | endTime:2015-04-01 08:10:20

2015-04-01T08:10:20Z
successcode=0&Ref=hkdhggbkih&PayRef=1210077586&Amt=10.0&Cur=608&prc=0&src=0&Ord=12345678&Holder=Juan Dela Cruz&AuthId=077586&TxTime=2015-04-01 16:10:16.0&errMsg=Transaction completed







2015-04-01T08:22:45Z
RequestParameter:  billNo: hcakciebjf | startTime:2015-04-01 08:22:45

2015-04-01T08:22:45Z
https://test.pesopay.com/b2cDemo/eng/directPay/payComp.jsp?payType=N&merchantId=18062075&pMethod=VISA&lang=E&cardHolder=Juan%20Dela%20Cruz&cardNo=4************005&securityCode=***&epMonth=07&epYear=2015&amount=10&currCode=608&orderRef=hcakciebjf&remark=

2015-04-01T08:22:47Z
ResponseParameter:  billNo: hcakciebjf | endTime:2015-04-01 08:22:47

2015-04-01T08:22:47Z
successcode=0&Ref=hcakciebjf&PayRef=1210077587&Amt=10.0&Cur=608&prc=0&src=0&Ord=12345678&Holder=Juan Dela Cruz&AuthId=077587&TxTime=2015-04-01 16:22:43.0&errMsg=Transaction completed







2015-04-01T08:35:47Z
RequestParameter:  billNo: cgegccgjef | startTime:2015-04-01 08:35:47

2015-04-01T08:35:47Z
https://test.pesopay.com/b2cDemo/eng/directPay/payComp.jsp?payType=N&merchantId=18062075&pMethod=VISA&lang=E&cardHolder=Juan%20Dela%20Cruz&cardNo=4************005&securityCode=***&epMonth=07&epYear=2015&amount=10&currCode=608&orderRef=cgegccgjef&remark=

2015-04-01T08:35:47Z
ResponseParameter:  billNo: cgegccgjef | endTime:2015-04-01 08:35:47

2015-04-01T08:35:47Z
successcode=0&Ref=cgegccgjef&PayRef=1210077589&Amt=10.0&Cur=608&prc=0&src=0&Ord=12345678&Holder=Juan Dela Cruz&AuthId=077589&TxTime=2015-04-01 16:35:44.0&errMsg=Transaction completed







2015-04-01T09:06:51Z
RequestParameter:  billNo: 20150401170429 | startTime:2015-04-01 09:06:51

2015-04-01T09:06:51Z
https://test.pesopay.com/b2cDemo/eng/directPay/payComp.jsp?payType=N&merchantId=18062075&pMethod=VISA&lang=E&cardHolder=Juan%20Dela%20Cruz&cardNo=4************005&securityCode=***&epMonth=07&epYear=202015&amount=10&currCode=840&orderRef=20150401170429&remark=Test

2015-04-01T09:06:52Z
ResponseParameter:  billNo: 20150401170429 | endTime:2015-04-01 09:06:52

2015-04-01T09:06:52Z
successcode=-1&Ref=&PayRef=&Amt=&Cur=&prc=&src=&Ord=&Holder=&AuthId=&TxTime=&errMsg=Parameter expiry year incorrect


2015-04-01T09:12:51Z
RequestParameter:  billNo: 20150401170453 | startTime:2015-04-01 09:12:51

2015-04-01T09:12:51Z
https://test.pesopay.com/b2cDemo/eng/directPay/payComp.jsp?payType=N&merchantId=18062075&pMethod=VISA&lang=E&cardHolder=Juan%20Dela%20Cruz&cardNo=4************005&securityCode=***&epMonth=07&epYear=202015&amount=10&currCode=608&orderRef=20150401170453&remark=Test

2015-04-01T09:12:51Z
ResponseParameter:  billNo: 20150401170453 | endTime:2015-04-01 09:12:51

2015-04-01T09:12:51Z
successcode=-1&Ref=&PayRef=&Amt=&Cur=&prc=&src=&Ord=&Holder=&AuthId=&TxTime=&errMsg=Parameter expiry year incorrect


2015-04-01T09:17:07Z
RequestParameter:  billNo: caehekckfg | startTime:2015-04-01 09:17:07

2015-04-01T09:17:07Z
https://test.pesopay.com/b2cDemo/eng/directPay/payComp.jsp?payType=N&merchantId=18062075&pMethod=VISA&lang=E&cardHolder=Jean-Charles%20WALTER&cardNo=4************172&securityCode=***&epMonth=09&epYear=2016&amount=100&currCode=840&orderRef=caehekckfg&remark=

2015-04-01T09:17:07Z
ResponseParameter:  billNo: caehekckfg | endTime:2015-04-01 09:17:07

2015-04-01T09:17:07Z
successcode=-1&Ref=&PayRef=&Amt=&Cur=&prc=&src=&Ord=&Holder=&AuthId=&TxTime=&errMsg=Parameter currCode incorrect


2015-04-01T09:18:13Z
RequestParameter:  billNo: edbfbihkgk | startTime:2015-04-01 09:18:13

2015-04-01T09:18:13Z
https://test.pesopay.com/b2cDemo/eng/directPay/payComp.jsp?payType=N&merchantId=18062075&pMethod=VISA&lang=E&cardHolder=Jean-Charles%20WALTER&cardNo=4************192&securityCode=***&epMonth=11&epYear=2016&amount=100&currCode=840&orderRef=edbfbihkgk&remark=

2015-04-01T09:18:14Z
ResponseParameter:  billNo: edbfbihkgk | endTime:2015-04-01 09:18:14

2015-04-01T09:18:14Z
successcode=-1&Ref=&PayRef=&Amt=&Cur=&prc=&src=&Ord=&Holder=&AuthId=&TxTime=&errMsg=Parameter currCode incorrect


2015-04-01T09:18:51Z
RequestParameter:  billNo: bahhcahdfg | startTime:2015-04-01 09:18:51

2015-04-01T09:18:51Z
https://test.pesopay.com/b2cDemo/eng/directPay/payComp.jsp?payType=N&merchantId=18062075&pMethod=VISA&lang=E&cardHolder=Jean-Charles%20WALTER&cardNo=4************495&securityCode=***&epMonth=09&epYear=2016&amount=100&currCode=840&orderRef=bahhcahdfg&remark=

2015-04-01T09:18:52Z
ResponseParameter:  billNo: bahhcahdfg | endTime:2015-04-01 09:18:52

2015-04-01T09:18:52Z
successcode=-1&Ref=&PayRef=&Amt=&Cur=&prc=&src=&Ord=&Holder=&AuthId=&TxTime=&errMsg=Parameter currCode incorrect


2015-04-01T09:19:42Z
RequestParameter:  billNo: bfaaiebkbg | startTime:2015-04-01 09:19:42

2015-04-01T09:19:42Z
https://test.pesopay.com/b2cDemo/eng/directPay/payComp.jsp?payType=N&merchantId=18062075&pMethod=VISA&lang=E&cardHolder=Jean-Charles%20WALTER&cardNo=4************495&securityCode=***&epMonth=09&epYear=2016&amount=100&currCode=840&orderRef=bfaaiebkbg&remark=

2015-04-01T09:19:42Z
ResponseParameter:  billNo: bfaaiebkbg | endTime:2015-04-01 09:19:42

2015-04-01T09:19:42Z
successcode=-1&Ref=&PayRef=&Amt=&Cur=&prc=&src=&Ord=&Holder=&AuthId=&TxTime=&errMsg=Parameter currCode incorrect


2015-04-01T09:23:35Z
RequestParameter:  billNo: jakjaeicba | startTime:2015-04-01 09:23:35

2015-04-01T09:23:35Z
https://test.pesopay.com/b2cDemo/eng/directPay/payComp.jsp?payType=N&merchantId=18062075&pMethod=VISA&lang=E&cardHolder=Jean-Charles%20WALTER&cardNo=4************495&securityCode=***&epMonth=09&epYear=2016&amount=100&currCode=840&orderRef=jakjaeicba&remark=

2015-04-01T09:23:35Z
ResponseParameter:  billNo: jakjaeicba | endTime:2015-04-01 09:23:35

2015-04-01T09:23:35Z
successcode=-1&Ref=&PayRef=&Amt=&Cur=&prc=&src=&Ord=&Holder=&AuthId=&TxTime=&errMsg=Parameter currCode incorrect


2015-04-01T09:27:36Z
RequestParameter:  billNo: ggkijceggd | startTime:2015-04-01 09:27:36

2015-04-01T09:27:36Z
https://test.pesopay.com/b2cDemo/eng/directPay/payComp.jsp?payType=N&merchantId=18062075&pMethod=VISA&lang=E&cardHolder=Jean-Charles%20WALTER&cardNo=4************192&securityCode=***&epMonth=11&epYear=2016&amount=100&currCode=840&orderRef=ggkijceggd&remark=

2015-04-01T09:27:37Z
ResponseParameter:  billNo: ggkijceggd | endTime:2015-04-01 09:27:37

2015-04-01T09:27:37Z
successcode=-1&Ref=&PayRef=&Amt=&Cur=&prc=&src=&Ord=&Holder=&AuthId=&TxTime=&errMsg=Parameter currCode incorrect


2015-04-01T11:17:18Z
RequestParameter:  billNo: fbgjkehkgg | startTime:2015-04-01 11:17:18

2015-04-01T11:17:18Z
https://test.pesopay.com/b2cDemo/eng/directPay/payComp.jsp?payType=N&merchantId=18062075&pMethod=VISA&lang=E&cardHolder=mike%20gl&cardNo=4************192&securityCode=***&epMonth=11&epYear=2016&amount=100&currCode=978&orderRef=fbgjkehkgg&remark=

2015-04-01T11:17:20Z
ResponseParameter:  billNo: fbgjkehkgg | endTime:2015-04-01 11:17:20

2015-04-01T11:17:20Z
successcode=-1&Ref=&PayRef=&Amt=&Cur=&prc=&src=&Ord=&Holder=&AuthId=&TxTime=&errMsg=Parameter currCode incorrect


2015-04-01T11:18:35Z
RequestParameter:  billNo: hbdkhcific | startTime:2015-04-01 11:18:35

2015-04-01T11:18:35Z
https://test.pesopay.com/b2cDemo/eng/directPay/payComp.jsp?payType=N&merchantId=18062075&pMethod=VISA&lang=E&cardHolder=mike%20gl&cardNo=4************192&securityCode=***&epMonth=11&epYear=2016&amount=100&currCode=978&orderRef=hbdkhcific&remark=

2015-04-01T11:18:36Z
ResponseParameter:  billNo: hbdkhcific | endTime:2015-04-01 11:18:36

2015-04-01T11:18:36Z
successcode=-1&Ref=&PayRef=&Amt=&Cur=&prc=&src=&Ord=&Holder=&AuthId=&TxTime=&errMsg=Parameter currCode incorrect


2015-04-01T13:20:09Z
RequestParameter:  billNo: 20150401210453 | startTime:2015-04-01 13:20:09

2015-04-01T13:20:09Z
https://test.pesopay.com/b2cDemo/eng/directPay/payComp.jsp?payType=N&merchantId=18062075&pMethod=VISA&lang=E&cardHolder=Juan%20Dela%20Cruz&cardNo=4************005&securityCode=***&epMonth=07&epYear=2015&amount=10&currCode=840&orderRef=20150401210453&remark=Test

2015-04-01T13:20:10Z
ResponseParameter:  billNo: 20150401210453 | endTime:2015-04-01 13:20:10

2015-04-01T13:20:10Z
successcode=-1&Ref=&PayRef=&Amt=&Cur=&prc=&src=&Ord=&Holder=&AuthId=&TxTime=&errMsg=Parameter currCode incorrect


2015-04-01T13:21:53Z
RequestParameter:  billNo: 20150401210411 | startTime:2015-04-01 13:21:53

2015-04-01T13:21:53Z
https://test.pesopay.com/b2cDemo/eng/directPay/payComp.jsp?payType=N&merchantId=18062075&pMethod=VISA&lang=E&cardHolder=Juan%20Dela%20Cruz&cardNo=4************005&securityCode=***&epMonth=07&epYear=2015&amount=10&currCode=608&orderRef=20150401210411&remark=Test

2015-04-01T13:21:53Z
ResponseParameter:  billNo: 20150401210411 | endTime:2015-04-01 13:21:53

2015-04-01T13:21:53Z
successcode=0&Ref=20150401210411&PayRef=1210077648&Amt=10.0&Cur=608&prc=0&src=0&Ord=12345678&Holder=Juan Dela Cruz&AuthId=077648&TxTime=2015-04-01 21:21:49.0&errMsg=Transaction completed







2015-04-01T13:24:11Z
RequestParameter:  billNo: 20150401210432 | startTime:2015-04-01 13:24:11

2015-04-01T13:24:11Z
https://test.pesopay.com/b2cDemo/eng/directPay/payComp.jsp?payType=N&merchantId=18062075&pMethod=VISA&lang=E&cardHolder=Juan%20Dela%20Cruz&cardNo=4************005&securityCode=***&epMonth=07&epYear=2015&amount=10&currCode=608&orderRef=20150401210432&remark=Test

2015-04-01T13:24:12Z
ResponseParameter:  billNo: 20150401210432 | endTime:2015-04-01 13:24:12

2015-04-01T13:24:12Z
successcode=0&Ref=20150401210432&PayRef=1210077649&Amt=10.0&Cur=608&prc=0&src=0&Ord=12345678&Holder=Juan Dela Cruz&AuthId=077649&TxTime=2015-04-01 21:24:08.0&errMsg=Transaction completed







2015-04-01T20:41:30Z
RequestParameter:  billNo: 201504017210446 | startTime:2015-04-01 20:41:30

2015-04-01T20:41:30Z
https://test.pesopay.com/b2cDemo/eng/directPay/payComp.jsp?payType=N&merchantId=18062075&pMethod=VISA&lang=E&cardHolder=Juan%20Dela%20Cruz&cardNo=4************005&securityCode=***&epMonth=07&epYear=2015&amount=1000&currCode=608&orderRef=201504017210446&remark=Test

2015-04-01T20:41:31Z
ResponseParameter:  billNo: 201504017210446 | endTime:2015-04-01 20:41:31

2015-04-01T20:41:31Z
successcode=0&Ref=201504017210446&PayRef=1210077650&Amt=1000.0&Cur=608&prc=0&src=0&Ord=12345678&Holder=Juan Dela Cruz&AuthId=077650&TxTime=2015-04-02 04:41:26.0&errMsg=Transaction completed







2015-04-01T21:08:40Z
RequestParameter:  billNo: 715621986 | startTime:2015-04-01 21:08:40

2015-04-01T21:08:40Z
https://test.pesopay.com/b2cDemo/eng/directPay/payComp.jsp?payType=N&merchantId=18062075&pMethod=VISA&lang=E&cardHolder=Juan%20Dela%20Cruz&cardNo=4************005&securityCode=***&epMonth=07&epYear=2015&amount=1000&currCode=608&orderRef=715621986&remark=Test

2015-04-01T21:08:41Z
ResponseParameter:  billNo: 715621986 | endTime:2015-04-01 21:08:41

2015-04-01T21:08:41Z
successcode=0&Ref=715621986&PayRef=1210077651&Amt=1000.0&Cur=608&prc=0&src=0&Ord=12345678&Holder=Juan Dela Cruz&AuthId=077651&TxTime=2015-04-02 05:08:36.0&errMsg=Transaction completed







2015-04-01T21:35:27Z
RequestParameter:  billNo: 792856245 | startTime:2015-04-01 21:35:27

2015-04-01T21:35:27Z
https://test.pesopay.com/b2cDemo/eng/directPay/payComp.jsp?payType=N&merchantId=18062075&pMethod=VISA&lang=E&cardHolder=Juan%20Dela%20Cruz&cardNo=4************005&securityCode=***&epMonth=07&epYear=2015&amount=1000&currCode=608&orderRef=792856245&remark=Test

2015-04-01T21:35:27Z
ResponseParameter:  billNo: 792856245 | endTime:2015-04-01 21:35:27

2015-04-01T21:35:27Z
successcode=0&Ref=792856245&PayRef=1210077652&Amt=1000.0&Cur=608&prc=0&src=0&Ord=12345678&Holder=Juan Dela Cruz&AuthId=077652&TxTime=2015-04-02 05:35:23.0&errMsg=Transaction completed







2015-04-01T21:53:39Z
RequestParameter:  billNo: 996198589 | startTime:2015-04-01 21:53:39

2015-04-01T21:53:39Z
https://test.pesopay.com/b2cDemo/eng/directPay/payComp.jsp?payType=N&merchantId=18062075&pMethod=VISA&lang=E&cardHolder=Juan%20Dela%20Cruz&cardNo=4************005&securityCode=***&epMonth=07&epYear=2015&amount=1000&currCode=608&orderRef=996198589&remark=Test

2015-04-01T21:53:40Z
ResponseParameter:  billNo: 996198589 | endTime:2015-04-01 21:53:40

2015-04-01T21:53:40Z
successcode=0&Ref=996198589&PayRef=1210077653&Amt=1000.0&Cur=608&prc=0&src=0&Ord=12345678&Holder=Juan Dela Cruz&AuthId=077653&TxTime=2015-04-02 05:53:36.0&errMsg=Transaction completed







