2015-10-29T09:06:29Z
RequestParameter:  billNo: Ww2Dh1446109586 | startTime:2015-10-29 09:06:29

2015-10-29T09:06:29Z
Array
(
    [MODE] => U
    [FRMT] => XML
    [VERS] => 0630
    [MERC] => 680000
    [SESS] => Ww2Dh1446109586
    [TRAN] => 33GP072L4XMC
    [AUTH] => D
    [MACK] => Y
)


2015-10-29T09:06:30Z
ResponseParameter:  billNo: Ww2Dh1446109586 | endTime:2015-10-29 09:06:30

2015-10-29T09:06:30Z
<?xml version="1.0" encoding="UTF-8"?>
<RESPONSE>
  <VERS>0630</VERS>
  <MODE>U</MODE>
  <TRAN>33GP072L4XMC</TRAN>
  <MERC>680000</MERC>
  <SESS>Ww2Dh1446109586</SESS>
  <RULES_TRIGGERED>0</RULES_TRIGGERED>
  <COUNTERS_TRIGGERED>0</COUNTERS_TRIGGERED>
  <REASON_CODE></REASON_CODE>
  <MASTERCARD></MASTERCARD>
  <WARNING_COUNT>0</WARNING_COUNT>
</RESPONSE>

