2015-03-04T07:22:43Z
RequestParameter:  billNo: 101198_54f6b2e78f93f | startTime:2015-03-04 07:22:43

2015-03-04T07:22:43Z
1

2015-03-04T08:10:08Z
RequestParameter:  billNo: 101198_54f6be033d19e | startTime:2015-03-04 08:10:08

2015-03-04T08:10:08Z
1

2015-03-04T08:15:46Z
RequestParameter:  billNo: 101198_54f6bf58efb26 | startTime:2015-03-04 08:15:46

2015-03-04T08:15:46Z
1

2015-03-04T08:29:22Z
RequestParameter:  billNo: 101198_54f6c28841969 | startTime:2015-03-04 08:29:22

2015-03-04T08:29:22Z
1

2015-03-04T08:29:23Z
ResponseParameter:  billNo: 101198_54f6c28841969 | endTime:2015-03-04 08:29:23

2015-03-04T08:29:23Z
<?xml version="1.0" encoding="UTF-8"?>
<RESPONSE>
  <VERS>0600</VERS>
  <MODE>U</MODE>
  <TRAN>3T8X0VR1GVBY</TRAN>
  <MERC>680000</MERC>
  <SESS>bk3hscgbaj19hjou21db4ajsv5</SESS>
  <RULES_TRIGGERED>0</RULES_TRIGGERED>
  <COUNTERS_TRIGGERED>0</COUNTERS_TRIGGERED>
  <REASON_CODE></REASON_CODE>
  <MASTERCARD></MASTERCARD>
  <WARNING_COUNT>0</WARNING_COUNT>
</RESPONSE>

2015-03-04T08:31:18Z
RequestParameter:  billNo: 101198_54f6c2fdbd5d7 | startTime:2015-03-04 08:31:18

2015-03-04T08:31:18Z
1

2015-03-04T08:31:19Z
ResponseParameter:  billNo: 101198_54f6c2fdbd5d7 | endTime:2015-03-04 08:31:19

2015-03-04T08:31:19Z
<?xml version="1.0" encoding="UTF-8"?>
<RESPONSE>
  <VERS>0600</VERS>
  <MODE>U</MODE>
  <TRAN>3T8X06JR87DG</TRAN>
  <MERC>680000</MERC>
  <SESS>bk3hscgbaj19hjou21db4ajsv5</SESS>
  <RULES_TRIGGERED>0</RULES_TRIGGERED>
  <COUNTERS_TRIGGERED>0</COUNTERS_TRIGGERED>
  <REASON_CODE></REASON_CODE>
  <MASTERCARD></MASTERCARD>
  <WARNING_COUNT>0</WARNING_COUNT>
</RESPONSE>

2015-03-04T08:35:01Z
RequestParameter:  billNo: 101198_54f6c3dc1bc12 | startTime:2015-03-04 08:35:01

2015-03-04T08:35:01Z
1

2015-03-04T08:35:02Z
ResponseParameter:  billNo: 101198_54f6c3dc1bc12 | endTime:2015-03-04 08:35:02

2015-03-04T08:35:02Z
<?xml version="1.0" encoding="UTF-8"?>
<RESPONSE>
  <VERS>0600</VERS>
  <MODE>U</MODE>
  <TRAN>3T8X0Q3WHXNB</TRAN>
  <MERC>680000</MERC>
  <SESS>bk3hscgbaj19hjou21db4ajsv5</SESS>
  <RULES_TRIGGERED>0</RULES_TRIGGERED>
  <COUNTERS_TRIGGERED>0</COUNTERS_TRIGGERED>
  <REASON_CODE></REASON_CODE>
  <MASTERCARD></MASTERCARD>
  <WARNING_COUNT>0</WARNING_COUNT>
</RESPONSE>

2015-03-04T08:42:43Z
RequestParameter:  billNo: 101198_54f6c5aa5bada | startTime:2015-03-04 08:42:43

2015-03-04T08:42:43Z
1

2015-03-04T08:42:44Z
ResponseParameter:  billNo: 101198_54f6c5aa5bada | endTime:2015-03-04 08:42:44

2015-03-04T08:42:44Z
<?xml version="1.0" encoding="UTF-8"?>
<RESPONSE>
  <VERS>0600</VERS>
  <MODE>U</MODE>
  <TRAN>3T8X0SY1L2X4</TRAN>
  <MERC>680000</MERC>
  <SESS>bk3hscgbaj19hjou21db4ajsv5</SESS>
  <RULES_TRIGGERED>0</RULES_TRIGGERED>
  <COUNTERS_TRIGGERED>0</COUNTERS_TRIGGERED>
  <REASON_CODE></REASON_CODE>
  <MASTERCARD></MASTERCARD>
  <WARNING_COUNT>0</WARNING_COUNT>
</RESPONSE>

2015-03-04T08:49:05Z
RequestParameter:  billNo: 101198_54f6c727e2d96 | startTime:2015-03-04 08:49:05

2015-03-04T08:49:05Z
1

2015-03-04T08:49:06Z
ResponseParameter:  billNo: 101198_54f6c727e2d96 | endTime:2015-03-04 08:49:06

2015-03-04T08:49:06Z
<?xml version="1.0" encoding="UTF-8"?>
<RESPONSE>
  <VERS>0600</VERS>
  <MODE>U</MODE>
  <TRAN>3T8X0NRD9MTC</TRAN>
  <MERC>680000</MERC>
  <SESS>bk3hscgbaj19hjou21db4ajsv5</SESS>
  <RULES_TRIGGERED>0</RULES_TRIGGERED>
  <COUNTERS_TRIGGERED>0</COUNTERS_TRIGGERED>
  <REASON_CODE></REASON_CODE>
  <MASTERCARD></MASTERCARD>
  <WARNING_COUNT>0</WARNING_COUNT>
</RESPONSE>

2015-03-04T08:57:19Z
RequestParameter:  billNo: 101198_54f6c9170e751 | startTime:2015-03-04 08:57:19

2015-03-04T08:57:19Z
1

2015-03-04T08:57:20Z
ResponseParameter:  billNo: 101198_54f6c9170e751 | endTime:2015-03-04 08:57:20

2015-03-04T08:57:20Z
<?xml version="1.0" encoding="UTF-8"?>
<RESPONSE>
  <VERS>0600</VERS>
  <MODE>U</MODE>
  <TRAN>3T8X0VD3Z7TW</TRAN>
  <MERC>680000</MERC>
  <SESS>bk3hscgbaj19hjou21db4ajsv5</SESS>
  <RULES_TRIGGERED>0</RULES_TRIGGERED>
  <COUNTERS_TRIGGERED>0</COUNTERS_TRIGGERED>
  <REASON_CODE></REASON_CODE>
  <MASTERCARD></MASTERCARD>
  <WARNING_COUNT>0</WARNING_COUNT>
</RESPONSE>

2015-03-04T08:58:40Z
RequestParameter:  billNo: 101198_54f6c967c130f | startTime:2015-03-04 08:58:40

2015-03-04T08:58:40Z
1

2015-03-04T08:58:41Z
ResponseParameter:  billNo: 101198_54f6c967c130f | endTime:2015-03-04 08:58:41

2015-03-04T08:58:41Z
<?xml version="1.0" encoding="UTF-8"?>
<RESPONSE>
  <VERS>0600</VERS>
  <MODE>U</MODE>
  <TRAN>3T8X0Q78VM25</TRAN>
  <MERC>680000</MERC>
  <SESS>bk3hscgbaj19hjou21db4ajsv5</SESS>
  <RULES_TRIGGERED>0</RULES_TRIGGERED>
  <COUNTERS_TRIGGERED>0</COUNTERS_TRIGGERED>
  <REASON_CODE></REASON_CODE>
  <MASTERCARD></MASTERCARD>
  <WARNING_COUNT>0</WARNING_COUNT>
</RESPONSE>

2015-03-04T09:02:48Z
RequestParameter:  billNo: 101198_54f6ca6031437 | startTime:2015-03-04 09:02:48

2015-03-04T09:02:48Z
1

2015-03-04T09:02:49Z
ResponseParameter:  billNo: 101198_54f6ca6031437 | endTime:2015-03-04 09:02:49

2015-03-04T09:02:49Z
<?xml version="1.0" encoding="UTF-8"?>
<RESPONSE>
  <VERS>0600</VERS>
  <MODE>U</MODE>
  <TRAN>3T890GCPMCK6</TRAN>
  <MERC>680000</MERC>
  <SESS>bk3hscgbaj19hjou21db4ajsv5</SESS>
  <RULES_TRIGGERED>0</RULES_TRIGGERED>
  <COUNTERS_TRIGGERED>0</COUNTERS_TRIGGERED>
  <REASON_CODE></REASON_CODE>
  <MASTERCARD></MASTERCARD>
  <WARNING_COUNT>0</WARNING_COUNT>
</RESPONSE>

2015-03-04T09:03:57Z
RequestParameter:  billNo: 101198_54f6caa442ea6 | startTime:2015-03-04 09:03:57

2015-03-04T09:03:57Z
1

2015-03-04T09:03:58Z
ResponseParameter:  billNo: 101198_54f6caa442ea6 | endTime:2015-03-04 09:03:58

2015-03-04T09:03:58Z
<?xml version="1.0" encoding="UTF-8"?>
<RESPONSE>
  <VERS>0600</VERS>
  <MODE>U</MODE>
  <TRAN>3T890SZ5QSK3</TRAN>
  <MERC>680000</MERC>
  <SESS>bk3hscgbaj19hjou21db4ajsv5</SESS>
  <RULES_TRIGGERED>0</RULES_TRIGGERED>
  <COUNTERS_TRIGGERED>0</COUNTERS_TRIGGERED>
  <REASON_CODE></REASON_CODE>
  <MASTERCARD></MASTERCARD>
  <WARNING_COUNT>0</WARNING_COUNT>
</RESPONSE>

2015-03-04T09:04:35Z
RequestParameter:  billNo: 101198_54f6cacb38f68 | startTime:2015-03-04 09:04:35

2015-03-04T09:04:35Z
1

2015-03-04T09:04:37Z
ResponseParameter:  billNo: 101198_54f6cacb38f68 | endTime:2015-03-04 09:04:37

2015-03-04T09:04:37Z
<?xml version="1.0" encoding="UTF-8"?>
<RESPONSE>
  <VERS>0600</VERS>
  <MODE>U</MODE>
  <TRAN>3T890MBLQDLQ</TRAN>
  <MERC>680000</MERC>
  <SESS>bk3hscgbaj19hjou21db4ajsv5</SESS>
  <RULES_TRIGGERED>0</RULES_TRIGGERED>
  <COUNTERS_TRIGGERED>0</COUNTERS_TRIGGERED>
  <REASON_CODE></REASON_CODE>
  <MASTERCARD></MASTERCARD>
  <WARNING_COUNT>0</WARNING_COUNT>
</RESPONSE>

2015-03-04T09:09:39Z
RequestParameter:  billNo: 101198_54f6cbfa53fc6 | startTime:2015-03-04 09:09:39

2015-03-04T09:09:39Z
1

2015-03-04T09:09:40Z
ResponseParameter:  billNo: 101198_54f6cbfa53fc6 | endTime:2015-03-04 09:09:40

2015-03-04T09:09:40Z
<?xml version="1.0" encoding="UTF-8"?>
<RESPONSE>
  <VERS>0600</VERS>
  <MODE>U</MODE>
  <TRAN>3T890XGJS60Z</TRAN>
  <MERC>680000</MERC>
  <SESS>bk3hscgbaj19hjou21db4ajsv5</SESS>
  <RULES_TRIGGERED>0</RULES_TRIGGERED>
  <COUNTERS_TRIGGERED>0</COUNTERS_TRIGGERED>
  <REASON_CODE></REASON_CODE>
  <MASTERCARD></MASTERCARD>
  <WARNING_COUNT>0</WARNING_COUNT>
</RESPONSE>

2015-03-04T09:14:42Z
RequestParameter:  billNo: 101198_54f6cd28d017b | startTime:2015-03-04 09:14:42

2015-03-04T09:14:42Z
1

2015-03-04T09:14:43Z
ResponseParameter:  billNo: 101198_54f6cd28d017b | endTime:2015-03-04 09:14:43

2015-03-04T09:14:43Z
<?xml version="1.0" encoding="UTF-8"?>
<RESPONSE>
  <VERS>0600</VERS>
  <MODE>U</MODE>
  <TRAN>3T890SBCM43X</TRAN>
  <MERC>680000</MERC>
  <SESS>bk3hscgbaj19hjou21db4ajsv5</SESS>
  <RULES_TRIGGERED>0</RULES_TRIGGERED>
  <COUNTERS_TRIGGERED>0</COUNTERS_TRIGGERED>
  <REASON_CODE></REASON_CODE>
  <MASTERCARD></MASTERCARD>
  <WARNING_COUNT>0</WARNING_COUNT>
</RESPONSE>

2015-03-04T09:16:38Z
RequestParameter:  billNo: 101198_54f6cd9db6bf9 | startTime:2015-03-04 09:16:38

2015-03-04T09:16:38Z
1

2015-03-04T09:16:39Z
ResponseParameter:  billNo: 101198_54f6cd9db6bf9 | endTime:2015-03-04 09:16:39

2015-03-04T09:16:39Z
<?xml version="1.0" encoding="UTF-8"?>
<RESPONSE>
  <VERS>0600</VERS>
  <MODE>U</MODE>
  <TRAN>3T890NZR04VM</TRAN>
  <MERC>680000</MERC>
  <SESS>bk3hscgbaj19hjou21db4ajsv5</SESS>
  <RULES_TRIGGERED>0</RULES_TRIGGERED>
  <COUNTERS_TRIGGERED>0</COUNTERS_TRIGGERED>
  <REASON_CODE></REASON_CODE>
  <MASTERCARD></MASTERCARD>
  <WARNING_COUNT>0</WARNING_COUNT>
</RESPONSE>

2015-03-04T09:22:37Z
RequestParameter:  billNo: 101198_54f6cf04af4e4 | startTime:2015-03-04 09:22:37

2015-03-04T09:22:37Z
1

2015-03-04T09:22:38Z
ResponseParameter:  billNo: 101198_54f6cf04af4e4 | endTime:2015-03-04 09:22:38

2015-03-04T09:22:38Z
<?xml version="1.0" encoding="UTF-8"?>
<RESPONSE>
  <VERS>0600</VERS>
  <MODE>U</MODE>
  <TRAN>3T890Q61D43Y</TRAN>
  <MERC>680000</MERC>
  <SESS>bk3hscgbaj19hjou21db4ajsv5</SESS>
  <RULES_TRIGGERED>0</RULES_TRIGGERED>
  <COUNTERS_TRIGGERED>0</COUNTERS_TRIGGERED>
  <REASON_CODE></REASON_CODE>
  <MASTERCARD></MASTERCARD>
  <WARNING_COUNT>0</WARNING_COUNT>
</RESPONSE>

2015-03-04T09:23:52Z
RequestParameter:  billNo: 101198_54f6cf4ebe97b | startTime:2015-03-04 09:23:52

2015-03-04T09:23:52Z
1

2015-03-04T09:23:53Z
ResponseParameter:  billNo: 101198_54f6cf4ebe97b | endTime:2015-03-04 09:23:53

2015-03-04T09:23:53Z
<?xml version="1.0" encoding="UTF-8"?>
<RESPONSE>
  <VERS>0600</VERS>
  <MODE>U</MODE>
  <TRAN>3T890412WD7Z</TRAN>
  <MERC>680000</MERC>
  <SESS>bk3hscgbaj19hjou21db4ajsv5</SESS>
  <RULES_TRIGGERED>0</RULES_TRIGGERED>
  <COUNTERS_TRIGGERED>0</COUNTERS_TRIGGERED>
  <REASON_CODE></REASON_CODE>
  <MASTERCARD></MASTERCARD>
  <WARNING_COUNT>0</WARNING_COUNT>
</RESPONSE>

2015-03-04T09:24:52Z
RequestParameter:  billNo: 101198_54f6cf8b6f160 | startTime:2015-03-04 09:24:52

2015-03-04T09:24:52Z
1

2015-03-04T09:24:53Z
ResponseParameter:  billNo: 101198_54f6cf8b6f160 | endTime:2015-03-04 09:24:53

2015-03-04T09:24:53Z
<?xml version="1.0" encoding="UTF-8"?>
<RESPONSE>
  <VERS>0600</VERS>
  <MODE>U</MODE>
  <TRAN>3T890X3S18M6</TRAN>
  <MERC>680000</MERC>
  <SESS>bk3hscgbaj19hjou21db4ajsv5</SESS>
  <RULES_TRIGGERED>0</RULES_TRIGGERED>
  <COUNTERS_TRIGGERED>0</COUNTERS_TRIGGERED>
  <REASON_CODE></REASON_CODE>
  <MASTERCARD></MASTERCARD>
  <WARNING_COUNT>0</WARNING_COUNT>
</RESPONSE>

2015-03-04T09:26:35Z
RequestParameter:  billNo: 101198_54f6cff21da7c | startTime:2015-03-04 09:26:35

2015-03-04T09:26:35Z
1

2015-03-04T09:26:36Z
ResponseParameter:  billNo: 101198_54f6cff21da7c | endTime:2015-03-04 09:26:36

2015-03-04T09:26:36Z
<?xml version="1.0" encoding="UTF-8"?>
<RESPONSE>
  <VERS>0600</VERS>
  <MODE>U</MODE>
  <TRAN>3T890XQK3GTS</TRAN>
  <MERC>680000</MERC>
  <SESS>bk3hscgbaj19hjou21db4ajsv5</SESS>
  <RULES_TRIGGERED>0</RULES_TRIGGERED>
  <COUNTERS_TRIGGERED>0</COUNTERS_TRIGGERED>
  <REASON_CODE></REASON_CODE>
  <MASTERCARD></MASTERCARD>
  <WARNING_COUNT>0</WARNING_COUNT>
</RESPONSE>

2015-03-04T09:32:08Z
RequestParameter:  billNo: 101198_54f6d13f38c12 | startTime:2015-03-04 09:32:08

2015-03-04T09:32:08Z
1

2015-03-04T09:32:09Z
ResponseParameter:  billNo: 101198_54f6d13f38c12 | endTime:2015-03-04 09:32:09

2015-03-04T09:32:09Z
<?xml version="1.0" encoding="UTF-8"?>
<RESPONSE>
  <VERS>0600</VERS>
  <MODE>U</MODE>
  <TRAN>3T890CGC89CG</TRAN>
  <MERC>680000</MERC>
  <SESS>bk3hscgbaj19hjou21db4ajsv5</SESS>
  <RULES_TRIGGERED>0</RULES_TRIGGERED>
  <COUNTERS_TRIGGERED>0</COUNTERS_TRIGGERED>
  <REASON_CODE></REASON_CODE>
  <MASTERCARD></MASTERCARD>
  <WARNING_COUNT>0</WARNING_COUNT>
</RESPONSE>

2015-03-04T09:33:32Z
RequestParameter:  billNo: 101198_54f6d1943cdfe | startTime:2015-03-04 09:33:32

2015-03-04T09:33:32Z
1

2015-03-04T09:33:33Z
ResponseParameter:  billNo: 101198_54f6d1943cdfe | endTime:2015-03-04 09:33:33

2015-03-04T09:33:33Z
<?xml version="1.0" encoding="UTF-8"?>
<RESPONSE>
  <VERS>0600</VERS>
  <MODE>U</MODE>
  <TRAN>3T890D4Z6JNH</TRAN>
  <MERC>680000</MERC>
  <SESS>bk3hscgbaj19hjou21db4ajsv5</SESS>
  <RULES_TRIGGERED>0</RULES_TRIGGERED>
  <COUNTERS_TRIGGERED>0</COUNTERS_TRIGGERED>
  <REASON_CODE></REASON_CODE>
  <MASTERCARD></MASTERCARD>
  <WARNING_COUNT>0</WARNING_COUNT>
</RESPONSE>

2015-03-04T09:35:10Z
RequestParameter:  billNo: 101198_54f6d1f4909aa | startTime:2015-03-04 09:35:10

2015-03-04T09:35:10Z
1

2015-03-04T09:35:11Z
ResponseParameter:  billNo: 101198_54f6d1f4909aa | endTime:2015-03-04 09:35:11

2015-03-04T09:35:11Z
<?xml version="1.0" encoding="UTF-8"?>
<RESPONSE>
  <VERS>0600</VERS>
  <MODE>U</MODE>
  <TRAN>3T890D06DGY5</TRAN>
  <MERC>680000</MERC>
  <SESS>bk3hscgbaj19hjou21db4ajsv5</SESS>
  <RULES_TRIGGERED>0</RULES_TRIGGERED>
  <COUNTERS_TRIGGERED>0</COUNTERS_TRIGGERED>
  <REASON_CODE></REASON_CODE>
  <MASTERCARD></MASTERCARD>
  <WARNING_COUNT>0</WARNING_COUNT>
</RESPONSE>

2015-03-04T09:37:22Z
RequestParameter:  billNo: 101198_54f6d279463fc | startTime:2015-03-04 09:37:22

2015-03-04T09:37:22Z
1

2015-03-04T09:37:23Z
ResponseParameter:  billNo: 101198_54f6d279463fc | endTime:2015-03-04 09:37:23

2015-03-04T09:37:23Z
<?xml version="1.0" encoding="UTF-8"?>
<RESPONSE>
  <VERS>0600</VERS>
  <MODE>U</MODE>
  <TRAN>3T890YGS4JD9</TRAN>
  <MERC>680000</MERC>
  <SESS>bk3hscgbaj19hjou21db4ajsv5</SESS>
  <RULES_TRIGGERED>0</RULES_TRIGGERED>
  <COUNTERS_TRIGGERED>0</COUNTERS_TRIGGERED>
  <REASON_CODE></REASON_CODE>
  <MASTERCARD></MASTERCARD>
  <WARNING_COUNT>0</WARNING_COUNT>
</RESPONSE>

2015-03-04T09:41:38Z
RequestParameter:  billNo: 101198_54f6d377df496 | startTime:2015-03-04 09:41:38

2015-03-04T09:41:38Z
1

2015-03-04T09:41:41Z
ResponseParameter:  billNo: 101198_54f6d377df496 | endTime:2015-03-04 09:41:41

2015-03-04T09:41:41Z
<?xml version="1.0" encoding="UTF-8"?>
<RESPONSE>
  <VERS>0600</VERS>
  <MODE>U</MODE>
  <TRAN>3T8905K1Y4SQ</TRAN>
  <MERC>680000</MERC>
  <SESS>bk3hscgbaj19hjou21db4ajsv5</SESS>
  <RULES_TRIGGERED>0</RULES_TRIGGERED>
  <COUNTERS_TRIGGERED>0</COUNTERS_TRIGGERED>
  <REASON_CODE></REASON_CODE>
  <MASTERCARD></MASTERCARD>
  <WARNING_COUNT>0</WARNING_COUNT>
</RESPONSE>

2015-03-04T09:42:35Z
RequestParameter:  billNo: 101198_54f6d3b1699ac | startTime:2015-03-04 09:42:35

2015-03-04T09:42:35Z
1

2015-03-04T09:42:36Z
ResponseParameter:  billNo: 101198_54f6d3b1699ac | endTime:2015-03-04 09:42:36

2015-03-04T09:42:36Z
<?xml version="1.0" encoding="UTF-8"?>
<RESPONSE>
  <VERS>0600</VERS>
  <MODE>U</MODE>
  <TRAN>3T890LD0S7K4</TRAN>
  <MERC>680000</MERC>
  <SESS>bk3hscgbaj19hjou21db4ajsv5</SESS>
  <RULES_TRIGGERED>0</RULES_TRIGGERED>
  <COUNTERS_TRIGGERED>0</COUNTERS_TRIGGERED>
  <REASON_CODE></REASON_CODE>
  <MASTERCARD></MASTERCARD>
  <WARNING_COUNT>0</WARNING_COUNT>
</RESPONSE>

2015-03-04T09:47:54Z
RequestParameter:  billNo: 101198_54f6d4f09f5de | startTime:2015-03-04 09:47:54

2015-03-04T09:47:54Z
1

2015-03-04T09:47:56Z
ResponseParameter:  billNo: 101198_54f6d4f09f5de | endTime:2015-03-04 09:47:56

2015-03-04T09:47:56Z
<?xml version="1.0" encoding="UTF-8"?>
<RESPONSE>
  <VERS>0600</VERS>
  <MODE>U</MODE>
  <TRAN>3T89095BXN22</TRAN>
  <MERC>680000</MERC>
  <SESS>bk3hscgbaj19hjou21db4ajsv5</SESS>
  <RULES_TRIGGERED>0</RULES_TRIGGERED>
  <COUNTERS_TRIGGERED>0</COUNTERS_TRIGGERED>
  <REASON_CODE></REASON_CODE>
  <MASTERCARD></MASTERCARD>
  <WARNING_COUNT>0</WARNING_COUNT>
</RESPONSE>

2015-03-04T09:55:19Z
RequestParameter:  billNo: 101198_54f6d6af1bb56 | startTime:2015-03-04 09:55:19

2015-03-04T09:55:19Z
1

2015-03-04T09:55:20Z
ResponseParameter:  billNo: 101198_54f6d6af1bb56 | endTime:2015-03-04 09:55:20

2015-03-04T09:55:20Z
<?xml version="1.0" encoding="UTF-8"?>
<RESPONSE>
  <VERS>0600</VERS>
  <MODE>U</MODE>
  <TRAN>3T8904G145BC</TRAN>
  <MERC>680000</MERC>
  <SESS>bk3hscgbaj19hjou21db4ajsv5</SESS>
  <RULES_TRIGGERED>0</RULES_TRIGGERED>
  <COUNTERS_TRIGGERED>0</COUNTERS_TRIGGERED>
  <REASON_CODE></REASON_CODE>
  <MASTERCARD></MASTERCARD>
  <WARNING_COUNT>0</WARNING_COUNT>
</RESPONSE>

2015-03-04T09:56:49Z
RequestParameter:  billNo: 101198_54f6d708700e9 | startTime:2015-03-04 09:56:49

2015-03-04T09:56:49Z
1

2015-03-04T09:56:50Z
ResponseParameter:  billNo: 101198_54f6d708700e9 | endTime:2015-03-04 09:56:50

2015-03-04T09:56:50Z
<?xml version="1.0" encoding="UTF-8"?>
<RESPONSE>
  <VERS>0600</VERS>
  <MODE>U</MODE>
  <TRAN>3T890DCPDB5P</TRAN>
  <MERC>680000</MERC>
  <SESS>bk3hscgbaj19hjou21db4ajsv5</SESS>
  <RULES_TRIGGERED>0</RULES_TRIGGERED>
  <COUNTERS_TRIGGERED>0</COUNTERS_TRIGGERED>
  <REASON_CODE></REASON_CODE>
  <MASTERCARD></MASTERCARD>
  <WARNING_COUNT>0</WARNING_COUNT>
</RESPONSE>

2015-03-04T09:58:22Z
RequestParameter:  billNo: 101198_54f6d765496a2 | startTime:2015-03-04 09:58:22

2015-03-04T09:58:22Z
1

2015-03-04T09:58:23Z
ResponseParameter:  billNo: 101198_54f6d765496a2 | endTime:2015-03-04 09:58:23

2015-03-04T09:58:23Z
<?xml version="1.0" encoding="UTF-8"?>
<RESPONSE>
  <VERS>0600</VERS>
  <MODE>U</MODE>
  <TRAN>3T890SB784RK</TRAN>
  <MERC>680000</MERC>
  <SESS>bk3hscgbaj19hjou21db4ajsv5</SESS>
  <RULES_TRIGGERED>0</RULES_TRIGGERED>
  <COUNTERS_TRIGGERED>0</COUNTERS_TRIGGERED>
  <REASON_CODE></REASON_CODE>
  <MASTERCARD></MASTERCARD>
  <WARNING_COUNT>0</WARNING_COUNT>
</RESPONSE>

2015-03-04T09:59:38Z
RequestParameter:  billNo: 101198_54f6d7b1e3953 | startTime:2015-03-04 09:59:38

2015-03-04T09:59:38Z
1

2015-03-04T09:59:39Z
ResponseParameter:  billNo: 101198_54f6d7b1e3953 | endTime:2015-03-04 09:59:39

2015-03-04T09:59:39Z
<?xml version="1.0" encoding="UTF-8"?>
<RESPONSE>
  <VERS>0600</VERS>
  <MODE>U</MODE>
  <TRAN>3T840RKC7QPM</TRAN>
  <MERC>680000</MERC>
  <SESS>bk3hscgbaj19hjou21db4ajsv5</SESS>
  <RULES_TRIGGERED>0</RULES_TRIGGERED>
  <COUNTERS_TRIGGERED>0</COUNTERS_TRIGGERED>
  <REASON_CODE></REASON_CODE>
  <MASTERCARD></MASTERCARD>
  <WARNING_COUNT>0</WARNING_COUNT>
</RESPONSE>

2015-03-04T10:00:25Z
RequestParameter:  billNo: 101198_54f6d7e0cf4e7 | startTime:2015-03-04 10:00:25

2015-03-04T10:00:25Z
1

2015-03-04T10:00:26Z
ResponseParameter:  billNo: 101198_54f6d7e0cf4e7 | endTime:2015-03-04 10:00:26

2015-03-04T10:00:26Z
<?xml version="1.0" encoding="UTF-8"?>
<RESPONSE>
  <VERS>0600</VERS>
  <MODE>U</MODE>
  <TRAN>3T84035Y57XK</TRAN>
  <MERC>680000</MERC>
  <SESS>bk3hscgbaj19hjou21db4ajsv5</SESS>
  <RULES_TRIGGERED>0</RULES_TRIGGERED>
  <COUNTERS_TRIGGERED>0</COUNTERS_TRIGGERED>
  <REASON_CODE></REASON_CODE>
  <MASTERCARD></MASTERCARD>
  <WARNING_COUNT>0</WARNING_COUNT>
</RESPONSE>

2015-03-04T10:04:27Z
RequestParameter:  billNo: 101198_54f6d8d2ddd83 | startTime:2015-03-04 10:04:27

2015-03-04T10:04:27Z
1

2015-03-04T10:04:28Z
ResponseParameter:  billNo: 101198_54f6d8d2ddd83 | endTime:2015-03-04 10:04:28

2015-03-04T10:04:28Z
<?xml version="1.0" encoding="UTF-8"?>
<RESPONSE>
  <VERS>0600</VERS>
  <MODE>U</MODE>
  <TRAN>3T840M9HCSSR</TRAN>
  <MERC>680000</MERC>
  <SESS>bk3hscgbaj19hjou21db4ajsv5</SESS>
  <RULES_TRIGGERED>0</RULES_TRIGGERED>
  <COUNTERS_TRIGGERED>0</COUNTERS_TRIGGERED>
  <REASON_CODE></REASON_CODE>
  <MASTERCARD></MASTERCARD>
  <WARNING_COUNT>0</WARNING_COUNT>
</RESPONSE>

2015-03-04T10:04:34Z
RequestParameter:  billNo: 101198_54f6d8d97535b | startTime:2015-03-04 10:04:34

2015-03-04T10:04:34Z
1

2015-03-04T10:04:35Z
ResponseParameter:  billNo: 101198_54f6d8d97535b | endTime:2015-03-04 10:04:35

2015-03-04T10:04:35Z
<?xml version="1.0" encoding="UTF-8"?>
<RESPONSE>
  <VERS>0600</VERS>
  <MODE>U</MODE>
  <TRAN>3T840BMMY0JC</TRAN>
  <MERC>680000</MERC>
  <SESS>bk3hscgbaj19hjou21db4ajsv5</SESS>
  <RULES_TRIGGERED>0</RULES_TRIGGERED>
  <COUNTERS_TRIGGERED>0</COUNTERS_TRIGGERED>
  <REASON_CODE></REASON_CODE>
  <MASTERCARD></MASTERCARD>
  <WARNING_COUNT>0</WARNING_COUNT>
</RESPONSE>

2015-03-04T10:07:35Z
RequestParameter:  billNo: 101198_54f6d98ec499e | startTime:2015-03-04 10:07:35

2015-03-04T10:07:35Z
1

2015-03-04T10:07:36Z
ResponseParameter:  billNo: 101198_54f6d98ec499e | endTime:2015-03-04 10:07:36

2015-03-04T10:07:36Z
<?xml version="1.0" encoding="UTF-8"?>
<RESPONSE>
  <VERS>0600</VERS>
  <MODE>U</MODE>
  <TRAN>3T840BX6K0N2</TRAN>
  <MERC>680000</MERC>
  <SESS>bk3hscgbaj19hjou21db4ajsv5</SESS>
  <RULES_TRIGGERED>0</RULES_TRIGGERED>
  <COUNTERS_TRIGGERED>0</COUNTERS_TRIGGERED>
  <REASON_CODE></REASON_CODE>
  <MASTERCARD></MASTERCARD>
  <WARNING_COUNT>0</WARNING_COUNT>
</RESPONSE>

2015-03-04T10:08:43Z
RequestParameter:  billNo: 101198_54f6d9d32925e | startTime:2015-03-04 10:08:43

2015-03-04T10:08:43Z
1

2015-03-04T10:08:44Z
ResponseParameter:  billNo: 101198_54f6d9d32925e | endTime:2015-03-04 10:08:44

2015-03-04T10:08:44Z
<?xml version="1.0" encoding="UTF-8"?>
<RESPONSE>
  <VERS>0600</VERS>
  <MODE>U</MODE>
  <TRAN>3T8406S7SKX4</TRAN>
  <MERC>680000</MERC>
  <SESS>bk3hscgbaj19hjou21db4ajsv5</SESS>
  <RULES_TRIGGERED>0</RULES_TRIGGERED>
  <COUNTERS_TRIGGERED>0</COUNTERS_TRIGGERED>
  <REASON_CODE></REASON_CODE>
  <MASTERCARD></MASTERCARD>
  <WARNING_COUNT>0</WARNING_COUNT>
</RESPONSE>

2015-03-04T10:10:42Z
RequestParameter:  billNo: 101198_54f6da496cc5e | startTime:2015-03-04 10:10:42

2015-03-04T10:10:42Z
1

2015-03-04T10:10:43Z
ResponseParameter:  billNo: 101198_54f6da496cc5e | endTime:2015-03-04 10:10:43

2015-03-04T10:10:43Z
<?xml version="1.0" encoding="UTF-8"?>
<RESPONSE>
  <VERS>0600</VERS>
  <MODE>U</MODE>
  <TRAN>3T84040DK7PR</TRAN>
  <MERC>680000</MERC>
  <SESS>bk3hscgbaj19hjou21db4ajsv5</SESS>
  <RULES_TRIGGERED>0</RULES_TRIGGERED>
  <COUNTERS_TRIGGERED>0</COUNTERS_TRIGGERED>
  <REASON_CODE></REASON_CODE>
  <MASTERCARD></MASTERCARD>
  <WARNING_COUNT>0</WARNING_COUNT>
</RESPONSE>

2015-03-04T10:12:49Z
RequestParameter:  billNo: 101198_54f6dac8a322c | startTime:2015-03-04 10:12:49

2015-03-04T10:12:49Z
1

2015-03-04T10:12:50Z
ResponseParameter:  billNo: 101198_54f6dac8a322c | endTime:2015-03-04 10:12:50

2015-03-04T10:12:50Z
<?xml version="1.0" encoding="UTF-8"?>
<RESPONSE>
  <VERS>0600</VERS>
  <MODE>U</MODE>
  <TRAN>3T840PB7KPC4</TRAN>
  <MERC>680000</MERC>
  <SESS>bk3hscgbaj19hjou21db4ajsv5</SESS>
  <RULES_TRIGGERED>0</RULES_TRIGGERED>
  <COUNTERS_TRIGGERED>0</COUNTERS_TRIGGERED>
  <REASON_CODE></REASON_CODE>
  <MASTERCARD></MASTERCARD>
  <WARNING_COUNT>0</WARNING_COUNT>
</RESPONSE>

2015-03-04T10:15:06Z
RequestParameter:  billNo: 101198_54f6db52396be | startTime:2015-03-04 10:15:06

2015-03-04T10:15:06Z
1

2015-03-04T10:15:08Z
ResponseParameter:  billNo: 101198_54f6db52396be | endTime:2015-03-04 10:15:08

2015-03-04T10:15:08Z
<?xml version="1.0" encoding="UTF-8"?>
<RESPONSE>
  <VERS>0600</VERS>
  <MODE>U</MODE>
  <TRAN>3T840P1KKJ2V</TRAN>
  <MERC>680000</MERC>
  <SESS>bk3hscgbaj19hjou21db4ajsv5</SESS>
  <RULES_TRIGGERED>0</RULES_TRIGGERED>
  <COUNTERS_TRIGGERED>0</COUNTERS_TRIGGERED>
  <REASON_CODE></REASON_CODE>
  <MASTERCARD></MASTERCARD>
  <WARNING_COUNT>0</WARNING_COUNT>
</RESPONSE>

2015-03-04T10:15:43Z
RequestParameter:  billNo: 101198_54f6db769887f | startTime:2015-03-04 10:15:43

2015-03-04T10:15:43Z
1

2015-03-04T10:15:44Z
ResponseParameter:  billNo: 101198_54f6db769887f | endTime:2015-03-04 10:15:44

2015-03-04T10:15:44Z
<?xml version="1.0" encoding="UTF-8"?>
<RESPONSE>
  <VERS>0600</VERS>
  <MODE>U</MODE>
  <TRAN>3T840XY95H13</TRAN>
  <MERC>680000</MERC>
  <SESS>bk3hscgbaj19hjou21db4ajsv5</SESS>
  <RULES_TRIGGERED>0</RULES_TRIGGERED>
  <COUNTERS_TRIGGERED>0</COUNTERS_TRIGGERED>
  <REASON_CODE></REASON_CODE>
  <MASTERCARD></MASTERCARD>
  <WARNING_COUNT>0</WARNING_COUNT>
</RESPONSE>

2015-03-04T10:16:29Z
RequestParameter:  billNo: 101198_54f6dba51c052 | startTime:2015-03-04 10:16:29

2015-03-04T10:16:29Z
1

2015-03-04T10:16:30Z
ResponseParameter:  billNo: 101198_54f6dba51c052 | endTime:2015-03-04 10:16:30

2015-03-04T10:16:30Z
<?xml version="1.0" encoding="UTF-8"?>
<RESPONSE>
  <VERS>0600</VERS>
  <MODE>U</MODE>
  <TRAN>3T840R8P3HL4</TRAN>
  <MERC>680000</MERC>
  <SESS>bk3hscgbaj19hjou21db4ajsv5</SESS>
  <RULES_TRIGGERED>0</RULES_TRIGGERED>
  <COUNTERS_TRIGGERED>0</COUNTERS_TRIGGERED>
  <REASON_CODE></REASON_CODE>
  <MASTERCARD></MASTERCARD>
  <WARNING_COUNT>0</WARNING_COUNT>
</RESPONSE>

2015-03-04T10:19:32Z
RequestParameter:  billNo: 101198_54f6dc5b8d1a9 | startTime:2015-03-04 10:19:32

2015-03-04T10:19:32Z
1

2015-03-04T10:19:33Z
ResponseParameter:  billNo: 101198_54f6dc5b8d1a9 | endTime:2015-03-04 10:19:33

2015-03-04T10:19:33Z
<?xml version="1.0" encoding="UTF-8"?>
<RESPONSE>
  <VERS>0600</VERS>
  <MODE>U</MODE>
  <TRAN>3T840QKG0B90</TRAN>
  <MERC>680000</MERC>
  <SESS>bk3hscgbaj19hjou21db4ajsv5</SESS>
  <RULES_TRIGGERED>0</RULES_TRIGGERED>
  <COUNTERS_TRIGGERED>0</COUNTERS_TRIGGERED>
  <REASON_CODE></REASON_CODE>
  <MASTERCARD></MASTERCARD>
  <WARNING_COUNT>0</WARNING_COUNT>
</RESPONSE>

2015-03-04T10:26:08Z
RequestParameter:  billNo: 101198_54f6dde675101 | startTime:2015-03-04 10:26:08

2015-03-04T10:26:08Z
1

2015-03-04T10:26:10Z
ResponseParameter:  billNo: 101198_54f6dde675101 | endTime:2015-03-04 10:26:10

2015-03-04T10:26:10Z
<?xml version="1.0" encoding="UTF-8"?>
<RESPONSE>
  <VERS>0600</VERS>
  <MODE>U</MODE>
  <TRAN>3T840TXHQ7XG</TRAN>
  <MERC>680000</MERC>
  <SESS>bk3hscgbaj19hjou21db4ajsv5</SESS>
  <RULES_TRIGGERED>0</RULES_TRIGGERED>
  <COUNTERS_TRIGGERED>0</COUNTERS_TRIGGERED>
  <REASON_CODE></REASON_CODE>
  <MASTERCARD></MASTERCARD>
  <WARNING_COUNT>0</WARNING_COUNT>
</RESPONSE>

2015-03-04T10:26:44Z
RequestParameter:  billNo: 101198_54f6de0b85bc7 | startTime:2015-03-04 10:26:44

2015-03-04T10:26:44Z
1

2015-03-04T10:26:45Z
ResponseParameter:  billNo: 101198_54f6de0b85bc7 | endTime:2015-03-04 10:26:45

2015-03-04T10:26:45Z
<?xml version="1.0" encoding="UTF-8"?>
<RESPONSE>
  <VERS>0600</VERS>
  <MODE>U</MODE>
  <TRAN>3T840HR3Z9K9</TRAN>
  <MERC>680000</MERC>
  <SESS>bk3hscgbaj19hjou21db4ajsv5</SESS>
  <RULES_TRIGGERED>0</RULES_TRIGGERED>
  <COUNTERS_TRIGGERED>0</COUNTERS_TRIGGERED>
  <REASON_CODE></REASON_CODE>
  <MASTERCARD></MASTERCARD>
  <WARNING_COUNT>0</WARNING_COUNT>
</RESPONSE>

2015-03-04T10:36:29Z
RequestParameter:  billNo: 101198_54f6e053cc039 | startTime:2015-03-04 10:36:29

2015-03-04T10:36:29Z
1

2015-03-04T10:36:30Z
ResponseParameter:  billNo: 101198_54f6e053cc039 | endTime:2015-03-04 10:36:30

2015-03-04T10:36:30Z
<?xml version="1.0" encoding="UTF-8"?>
<RESPONSE>
  <VERS>0600</VERS>
  <MODE>U</MODE>
  <TRAN>3T840H15RKLD</TRAN>
  <MERC>680000</MERC>
  <SESS>bk3hscgbaj19hjou21db4ajsv5</SESS>
  <RULES_TRIGGERED>0</RULES_TRIGGERED>
  <COUNTERS_TRIGGERED>0</COUNTERS_TRIGGERED>
  <REASON_CODE></REASON_CODE>
  <MASTERCARD></MASTERCARD>
  <WARNING_COUNT>0</WARNING_COUNT>
</RESPONSE>

2015-03-04T10:43:03Z
RequestParameter:  billNo: 101198_54f6e1dee89d3 | startTime:2015-03-04 10:43:03

2015-03-04T10:43:03Z
1

2015-03-04T10:43:06Z
ResponseParameter:  billNo: 101198_54f6e1dee89d3 | endTime:2015-03-04 10:43:06

2015-03-04T10:43:06Z
<?xml version="1.0" encoding="UTF-8"?>
<RESPONSE>
  <VERS>0600</VERS>
  <MODE>U</MODE>
  <TRAN>3T8405BZGTM2</TRAN>
  <MERC>680000</MERC>
  <SESS>bk3hscgbaj19hjou21db4ajsv5</SESS>
  <RULES_TRIGGERED>0</RULES_TRIGGERED>
  <COUNTERS_TRIGGERED>0</COUNTERS_TRIGGERED>
  <REASON_CODE></REASON_CODE>
  <MASTERCARD></MASTERCARD>
  <WARNING_COUNT>0</WARNING_COUNT>
</RESPONSE>

2015-03-04T10:43:56Z
RequestParameter:  billNo: 101198_54f6e21295eca | startTime:2015-03-04 10:43:56

2015-03-04T10:43:56Z
1

2015-03-04T10:43:57Z
ResponseParameter:  billNo: 101198_54f6e21295eca | endTime:2015-03-04 10:43:57

2015-03-04T10:43:57Z
<?xml version="1.0" encoding="UTF-8"?>
<RESPONSE>
  <VERS>0600</VERS>
  <MODE>U</MODE>
  <TRAN>3T840NR3VW4Z</TRAN>
  <MERC>680000</MERC>
  <SESS>bk3hscgbaj19hjou21db4ajsv5</SESS>
  <RULES_TRIGGERED>0</RULES_TRIGGERED>
  <COUNTERS_TRIGGERED>0</COUNTERS_TRIGGERED>
  <REASON_CODE></REASON_CODE>
  <MASTERCARD></MASTERCARD>
  <WARNING_COUNT>0</WARNING_COUNT>
</RESPONSE>

2015-03-04T10:47:33Z
RequestParameter:  billNo: 101198_54f6e2ec71ec3 | startTime:2015-03-04 10:47:33

2015-03-04T10:47:33Z
1

2015-03-04T10:47:35Z
ResponseParameter:  billNo: 101198_54f6e2ec71ec3 | endTime:2015-03-04 10:47:35

2015-03-04T10:47:35Z
<?xml version="1.0" encoding="UTF-8"?>
<RESPONSE>
  <VERS>0600</VERS>
  <MODE>U</MODE>
  <TRAN>3T8402WS91HG</TRAN>
  <MERC>680000</MERC>
  <SESS>bk3hscgbaj19hjou21db4ajsv5</SESS>
  <RULES_TRIGGERED>0</RULES_TRIGGERED>
  <COUNTERS_TRIGGERED>0</COUNTERS_TRIGGERED>
  <REASON_CODE></REASON_CODE>
  <MASTERCARD></MASTERCARD>
  <WARNING_COUNT>0</WARNING_COUNT>
</RESPONSE>

2015-03-04T12:47:18Z
RequestParameter:  billNo: 101198_54f6fefa86efb | startTime:2015-03-04 12:47:18

2015-03-04T12:47:18Z
1

2015-03-04T12:47:20Z
ResponseParameter:  billNo: 101198_54f6fefa86efb | endTime:2015-03-04 12:47:20

2015-03-04T12:47:20Z
<?xml version="1.0" encoding="UTF-8"?>
<RESPONSE>
  <VERS>0600</VERS>
  <MODE>U</MODE>
  <TRAN>3T8S015B3ZBK</TRAN>
  <MERC>680000</MERC>
  <SESS>bk3hscgbaj19hjou21db4ajsv5</SESS>
  <RULES_TRIGGERED>0</RULES_TRIGGERED>
  <COUNTERS_TRIGGERED>0</COUNTERS_TRIGGERED>
  <REASON_CODE></REASON_CODE>
  <MASTERCARD></MASTERCARD>
  <WARNING_COUNT>0</WARNING_COUNT>
</RESPONSE>

2015-03-04T13:20:46Z
RequestParameter:  billNo: 101198_54f706d5546ae | startTime:2015-03-04 13:20:46

2015-03-04T13:20:46Z
1

2015-03-04T13:20:47Z
ResponseParameter:  billNo: 101198_54f706d5546ae | endTime:2015-03-04 13:20:47

2015-03-04T13:20:47Z
<?xml version="1.0" encoding="UTF-8"?>
<RESPONSE>
  <VERS>0600</VERS>
  <MODE>U</MODE>
  <TRAN>3T8V0J6DZX9S</TRAN>
  <MERC>680000</MERC>
  <SESS>bk3hscgbaj19hjou21db4ajsv5</SESS>
  <RULES_TRIGGERED>0</RULES_TRIGGERED>
  <COUNTERS_TRIGGERED>0</COUNTERS_TRIGGERED>
  <REASON_CODE></REASON_CODE>
  <MASTERCARD></MASTERCARD>
  <WARNING_COUNT>0</WARNING_COUNT>
</RESPONSE>

2015-03-04T13:25:16Z
RequestParameter:  billNo: 101198_54f707e35b734 | startTime:2015-03-04 13:25:16

2015-03-04T13:25:16Z
1

2015-03-04T13:25:17Z
ResponseParameter:  billNo: 101198_54f707e35b734 | endTime:2015-03-04 13:25:17

2015-03-04T13:25:17Z
<?xml version="1.0" encoding="UTF-8"?>
<RESPONSE>
  <VERS>0600</VERS>
  <MODE>U</MODE>
  <TRAN>3T8V0JJKWHM8</TRAN>
  <MERC>680000</MERC>
  <SESS>bk3hscgbaj19hjou21db4ajsv5</SESS>
  <RULES_TRIGGERED>0</RULES_TRIGGERED>
  <COUNTERS_TRIGGERED>0</COUNTERS_TRIGGERED>
  <REASON_CODE></REASON_CODE>
  <MASTERCARD></MASTERCARD>
  <WARNING_COUNT>0</WARNING_COUNT>
</RESPONSE>

