2015-06-04T04:47:46Z
RequestParameter:  billNo: P2kY5S100 | startTime:2015-06-04 04:47:46

2015-06-04T04:47:46Z
https://test.pesopay.com/b2cDemo/eng/directPay/payComp.jsp?payType=N&merchantId=18062075&pMethod=VISA&lang=E&cardHolder=Juan%20Dela%20Cruz&cardNo=4************111&securityCode=***&epMonth=07&epYear=2015&amount=10&currCode=608&orderRef=P2kY5S100&remark=

2015-06-04T04:47:48Z
ResponseParameter:  billNo: P2kY5S100 | endTime:2015-06-04 04:47:48

2015-06-04T04:47:48Z
successcode=1&Ref=P2kY5S100&PayRef=1210086498&Amt=10.0&Cur=608&prc=-8&src=2001&Ord=12345678&Holder=Juan Dela Cruz&AuthId=086498&TxTime=2015-06-04 12:48:08.0&errMsg=Transaction failed







2015-06-04T04:49:31Z
RequestParameter:  billNo: P2kY5S101 | startTime:2015-06-04 04:49:31

2015-06-04T04:49:31Z
https://test.pesopay.com/b2cDemo/eng/directPay/payComp.jsp?payType=N&merchantId=18062075&pMethod=VISA&lang=E&cardHolder=Juan%20Dela%20Cruz&cardNo=4************111&securityCode=***&epMonth=07&epYear=2015&amount=10&currCode=608&orderRef=P2kY5S101&remark=

2015-06-04T04:49:33Z
ResponseParameter:  billNo: P2kY5S101 | endTime:2015-06-04 04:49:33

2015-06-04T04:49:33Z
successcode=1&Ref=P2kY5S101&PayRef=1210086499&Amt=10.0&Cur=608&prc=-8&src=2001&Ord=12345678&Holder=Juan Dela Cruz&AuthId=086499&TxTime=2015-06-04 12:49:53.0&errMsg=Transaction failed







2015-06-04T04:50:41Z
RequestParameter:  billNo: P2kY5S102 | startTime:2015-06-04 04:50:41

2015-06-04T04:50:41Z
https://test.pesopay.com/b2cDemo/eng/directPay/payComp.jsp?payType=N&merchantId=18062075&pMethod=VISA&lang=E&cardHolder=Juan%20Dela%20Cruz&cardNo=4************111&securityCode=***&epMonth=07&epYear=2015&amount=10&currCode=608&orderRef=P2kY5S102&remark=

2015-06-04T04:50:42Z
ResponseParameter:  billNo: P2kY5S102 | endTime:2015-06-04 04:50:42

2015-06-04T04:50:42Z
successcode=1&Ref=P2kY5S102&PayRef=1210086500&Amt=10.0&Cur=608&prc=-8&src=2001&Ord=12345678&Holder=Juan Dela Cruz&AuthId=086500&TxTime=2015-06-04 12:51:02.0&errMsg=Transaction failed







2015-06-04T04:51:15Z
RequestParameter:  billNo: P2kY5S103 | startTime:2015-06-04 04:51:15

2015-06-04T04:51:15Z
https://test.pesopay.com/b2cDemo/eng/directPay/payComp.jsp?payType=N&merchantId=18062075&pMethod=VISA&lang=E&cardHolder=Juan%20Dela%20Cruz&cardNo=4************111&securityCode=***&epMonth=07&epYear=2015&amount=10&currCode=608&orderRef=P2kY5S103&remark=

2015-06-04T04:51:16Z
ResponseParameter:  billNo: P2kY5S103 | endTime:2015-06-04 04:51:16

2015-06-04T04:51:16Z
successcode=1&Ref=P2kY5S103&PayRef=1210086501&Amt=10.0&Cur=608&prc=-8&src=2001&Ord=12345678&Holder=Juan Dela Cruz&AuthId=086501&TxTime=2015-06-04 12:51:36.0&errMsg=Transaction failed







2015-06-04T04:53:05Z
RequestParameter:  billNo: P2kY5S104 | startTime:2015-06-04 04:53:05

2015-06-04T04:53:05Z
https://test.pesopay.com/b2cDemo/eng/directPay/payComp.jsp?payType=N&merchantId=18062075&pMethod=VISA&lang=E&cardHolder=Juan%20Dela%20Cruz&cardNo=4************111&securityCode=***&epMonth=07&epYear=2015&amount=10&currCode=608&orderRef=P2kY5S104&remark=

2015-06-04T04:53:05Z
ResponseParameter:  billNo: P2kY5S104 | endTime:2015-06-04 04:53:05

2015-06-04T04:53:05Z
successcode=1&Ref=P2kY5S104&PayRef=1210086502&Amt=10.0&Cur=608&prc=-8&src=2001&Ord=12345678&Holder=Juan Dela Cruz&AuthId=086502&TxTime=2015-06-04 12:53:25.0&errMsg=Transaction failed







2015-06-04T05:33:04Z
RequestParameter:  billNo: P2kY5S110 | startTime:2015-06-04 05:33:04

2015-06-04T05:33:04Z
https://test.pesopay.com/b2cDemo/eng/directPay/payComp.jsp?payType=N&merchantId=18062075&pMethod=VISA&lang=E&cardHolder=Juan%20Dela%20Cruz&cardNo=4************005&securityCode=***&epMonth=07&epYear=2015&amount=10&currCode=608&orderRef=P2kY5S110&remark=

2015-06-04T05:33:06Z
ResponseParameter:  billNo: P2kY5S110 | endTime:2015-06-04 05:33:06

2015-06-04T05:33:06Z
successcode=0&Ref=P2kY5S110&PayRef=1210086506&Amt=10.0&Cur=608&prc=0&src=0&Ord=12345678&Holder=Juan Dela Cruz&AuthId=086506&TxTime=2015-06-04 13:33:26.0&errMsg=Transaction completed







2015-06-04T05:33:43Z
RequestParameter:  billNo: P2kY5S111 | startTime:2015-06-04 05:33:43

2015-06-04T05:33:43Z
https://test.pesopay.com/b2cDemo/eng/directPay/payComp.jsp?payType=N&merchantId=18062075&pMethod=VISA&lang=E&cardHolder=Juan%20Dela%20Cruz&cardNo=4************005&securityCode=***&epMonth=07&epYear=2015&amount=10&currCode=608&orderRef=P2kY5S111&remark=

2015-06-04T05:33:44Z
ResponseParameter:  billNo: P2kY5S111 | endTime:2015-06-04 05:33:44

2015-06-04T05:33:44Z
successcode=0&Ref=P2kY5S111&PayRef=1210086507&Amt=10.0&Cur=608&prc=0&src=0&Ord=12345678&Holder=Juan Dela Cruz&AuthId=086507&TxTime=2015-06-04 13:34:04.0&errMsg=Transaction completed







2015-06-04T06:06:00Z
RequestParameter:  billNo: P2kY5S112 | startTime:2015-06-04 06:06:00

2015-06-04T06:06:00Z
https://test.pesopay.com/b2cDemo/eng/directPay/payComp.jsp?payType=N&merchantId=18062075&pMethod=VISA&lang=E&cardHolder=Test%20Dela%20Cruz&cardNo=4************005&securityCode=***&epMonth=07&epYear=2015&amount=10&currCode=608&orderRef=P2kY5S112&remark=

2015-06-04T06:06:02Z
ResponseParameter:  billNo: P2kY5S112 | endTime:2015-06-04 06:06:02

2015-06-04T06:06:02Z
successcode=0&Ref=P2kY5S112&PayRef=1210086511&Amt=10.0&Cur=608&prc=0&src=0&Ord=12345678&Holder=Test Dela Cruz&AuthId=086511&TxTime=2015-06-04 14:06:22.0&errMsg=Transaction completed







2015-06-04T06:28:52Z
RequestParameter:  billNo: P2kY5S113 | startTime:2015-06-04 06:28:52

2015-06-04T06:28:52Z
https://test.pesopay.com/b2cDemo/eng/directPay/payComp.jsp?payType=N&merchantId=18062075&pMethod=VISA&lang=E&cardHolder=Juan%20Dela%20Cruz&cardNo=4************005&securityCode=***&epMonth=07&epYear=2015&amount=10&currCode=608&orderRef=P2kY5S113&remark=

2015-06-04T06:28:54Z
ResponseParameter:  billNo: P2kY5S113 | endTime:2015-06-04 06:28:54

2015-06-04T06:28:54Z
successcode=0&Ref=P2kY5S113&PayRef=1210086516&Amt=10.0&Cur=608&prc=0&src=0&Ord=12345678&Holder=Juan Dela Cruz&AuthId=086516&TxTime=2015-06-04 14:29:14.0&errMsg=Transaction completed







2015-06-04T06:32:36Z
RequestParameter:  billNo: P2kY5S117 | startTime:2015-06-04 06:32:36

2015-06-04T06:32:36Z
https://test.pesopay.com/b2cDemo/eng/directPay/payComp.jsp?payType=N&merchantId=18062075&pMethod=VISA&lang=E&cardHolder=Juan%20Dela%20Cruz&cardNo=4************111&securityCode=***&epMonth=07&epYear=2015&amount=10&currCode=608&orderRef=P2kY5S117&remark=

2015-06-04T06:32:37Z
ResponseParameter:  billNo: P2kY5S117 | endTime:2015-06-04 06:32:37

2015-06-04T06:32:37Z
successcode=1&Ref=P2kY5S117&PayRef=1210086517&Amt=10.0&Cur=608&prc=-8&src=2001&Ord=12345678&Holder=Juan Dela Cruz&AuthId=086517&TxTime=2015-06-04 14:32:56.0&errMsg=Transaction failed







2015-06-04T09:07:52Z
RequestParameter:  billNo: P2kY5S130 | startTime:2015-06-04 09:07:52

2015-06-04T09:07:52Z
https://test.pesopay.com/b2cDemo/eng/directPay/payComp.jsp?payType=N&merchantId=18062075&pMethod=VISA&lang=E&cardHolder=Juan%20Dela%20Cruz&cardNo=4************111&securityCode=***&epMonth=07&epYear=2015&amount=10&currCode=608&orderRef=P2kY5S130&remark=

2015-06-04T09:07:53Z
ResponseParameter:  billNo: P2kY5S130 | endTime:2015-06-04 09:07:53

2015-06-04T09:07:53Z
successcode=1&Ref=P2kY5S130&PayRef=1210086690&Amt=10.0&Cur=608&prc=-8&src=2001&Ord=12345678&Holder=Juan Dela Cruz&AuthId=086690&TxTime=2015-06-04 17:08:14.0&errMsg=Transaction failed







2015-06-04T09:14:53Z
RequestParameter:  billNo: P2kY5S135 | startTime:2015-06-04 09:14:53

2015-06-04T09:14:53Z
https://test.pesopay.com/b2cDemo/eng/directPay/payComp.jsp?payType=N&merchantId=18062075&pMethod=VISA&lang=E&cardHolder=Juan%20Dela%20Cruz&cardNo=4************005&securityCode=***&epMonth=07&epYear=2015&amount=10&currCode=608&orderRef=P2kY5S135&remark=

2015-06-04T09:14:54Z
ResponseParameter:  billNo: P2kY5S135 | endTime:2015-06-04 09:14:54

2015-06-04T09:14:54Z
successcode=0&Ref=P2kY5S135&PayRef=1210086693&Amt=10.0&Cur=608&prc=0&src=0&Ord=12345678&Holder=Juan Dela Cruz&AuthId=086693&TxTime=2015-06-04 17:15:15.0&errMsg=Transaction completed







