2015-03-26T04:37:07Z
RequestParameter:  billNo: 4VxJ61427344625 | startTime:2015-03-26 04:37:07

2015-03-26T04:37:07Z
Array
(
    [MODE] => U
    [FRMT] => XML
    [VERS] => 0600
    [MERC] => 680000
    [SESS] => 4VxJ61427344625
    [TRAN] => 3YTS0X4ZBB3R
    [AUTH] => D
    [MACK] => Y
)


2015-03-26T04:37:08Z
ResponseParameter:  billNo: 4VxJ61427344625 | endTime:2015-03-26 04:37:08

2015-03-26T04:37:08Z
<?xml version="1.0" encoding="UTF-8"?>
<RESPONSE>
  <VERS>0600</VERS>
  <MODE>U</MODE>
  <TRAN>3YTS0X4ZBB3R</TRAN>
  <MERC>680000</MERC>
  <SESS>4VxJ61427344625</SESS>
  <RULES_TRIGGERED>0</RULES_TRIGGERED>
  <COUNTERS_TRIGGERED>0</COUNTERS_TRIGGERED>
  <REASON_CODE></REASON_CODE>
  <MASTERCARD></MASTERCARD>
  <WARNING_COUNT>0</WARNING_COUNT>
</RESPONSE>

2015-03-26T04:37:26Z
RequestParameter:  billNo: RDIAF1427344644 | startTime:2015-03-26 04:37:26

2015-03-26T04:37:26Z
Array
(
    [MODE] => U
    [FRMT] => XML
    [VERS] => 0600
    [MERC] => 680000
    [SESS] => RDIAF1427344644
    [TRAN] => 3YTS0LYZS2DY
    [AUTH] => D
    [MACK] => Y
)


2015-03-26T04:37:27Z
ResponseParameter:  billNo: RDIAF1427344644 | endTime:2015-03-26 04:37:27

2015-03-26T04:37:27Z
<?xml version="1.0" encoding="UTF-8"?>
<RESPONSE>
  <VERS>0600</VERS>
  <MODE>U</MODE>
  <TRAN>3YTS0LYZS2DY</TRAN>
  <MERC>680000</MERC>
  <SESS>RDIAF1427344644</SESS>
  <RULES_TRIGGERED>0</RULES_TRIGGERED>
  <COUNTERS_TRIGGERED>0</COUNTERS_TRIGGERED>
  <REASON_CODE></REASON_CODE>
  <MASTERCARD></MASTERCARD>
  <WARNING_COUNT>0</WARNING_COUNT>
</RESPONSE>

2015-03-26T04:37:33Z
RequestParameter:  billNo: TxIJN1427344651 | startTime:2015-03-26 04:37:33

2015-03-26T04:37:33Z
Array
(
    [MODE] => U
    [FRMT] => XML
    [VERS] => 0600
    [MERC] => 680000
    [SESS] => TxIJN1427344651
    [TRAN] => 3YTS0G7ZJ52T
    [AUTH] => D
    [MACK] => Y
)


2015-03-26T04:37:34Z
ResponseParameter:  billNo: TxIJN1427344651 | endTime:2015-03-26 04:37:34

2015-03-26T04:37:34Z
<?xml version="1.0" encoding="UTF-8"?>
<RESPONSE>
  <VERS>0600</VERS>
  <MODE>U</MODE>
  <TRAN>3YTS0G7ZJ52T</TRAN>
  <MERC>680000</MERC>
  <SESS>TxIJN1427344651</SESS>
  <RULES_TRIGGERED>0</RULES_TRIGGERED>
  <COUNTERS_TRIGGERED>0</COUNTERS_TRIGGERED>
  <REASON_CODE></REASON_CODE>
  <MASTERCARD></MASTERCARD>
  <WARNING_COUNT>0</WARNING_COUNT>
</RESPONSE>

2015-03-26T04:37:40Z
RequestParameter:  billNo: lTMrA1427344658 | startTime:2015-03-26 04:37:40

2015-03-26T04:37:40Z
Array
(
    [MODE] => U
    [FRMT] => XML
    [VERS] => 0600
    [MERC] => 680000
    [SESS] => lTMrA1427344658
    [TRAN] => 3YTS0YJC2PRW
    [AUTH] => D
    [MACK] => Y
)


2015-03-26T04:37:41Z
ResponseParameter:  billNo: lTMrA1427344658 | endTime:2015-03-26 04:37:41

2015-03-26T04:37:41Z
<?xml version="1.0" encoding="UTF-8"?>
<RESPONSE>
  <VERS>0600</VERS>
  <MODE>U</MODE>
  <TRAN>3YTS0YJC2PRW</TRAN>
  <MERC>680000</MERC>
  <SESS>lTMrA1427344658</SESS>
  <RULES_TRIGGERED>0</RULES_TRIGGERED>
  <COUNTERS_TRIGGERED>0</COUNTERS_TRIGGERED>
  <REASON_CODE></REASON_CODE>
  <MASTERCARD></MASTERCARD>
  <WARNING_COUNT>0</WARNING_COUNT>
</RESPONSE>

2015-03-26T04:37:50Z
RequestParameter:  billNo: vHEIj1427344668 | startTime:2015-03-26 04:37:50

2015-03-26T04:37:50Z
Array
(
    [MODE] => U
    [FRMT] => XML
    [VERS] => 0600
    [MERC] => 680000
    [SESS] => vHEIj1427344668
    [TRAN] => 3YTS0DXC01L1
    [AUTH] => D
    [MACK] => Y
)


2015-03-26T04:37:51Z
ResponseParameter:  billNo: vHEIj1427344668 | endTime:2015-03-26 04:37:51

2015-03-26T04:37:51Z
<?xml version="1.0" encoding="UTF-8"?>
<RESPONSE>
  <VERS>0600</VERS>
  <MODE>U</MODE>
  <TRAN>3YTS0DXC01L1</TRAN>
  <MERC>680000</MERC>
  <SESS>vHEIj1427344668</SESS>
  <RULES_TRIGGERED>0</RULES_TRIGGERED>
  <COUNTERS_TRIGGERED>0</COUNTERS_TRIGGERED>
  <REASON_CODE></REASON_CODE>
  <MASTERCARD></MASTERCARD>
  <WARNING_COUNT>0</WARNING_COUNT>
</RESPONSE>

2015-03-26T04:37:57Z
RequestParameter:  billNo: FseEx1427344675 | startTime:2015-03-26 04:37:57

2015-03-26T04:37:57Z
Array
(
    [MODE] => U
    [FRMT] => XML
    [VERS] => 0600
    [MERC] => 680000
    [SESS] => FseEx1427344675
    [TRAN] => 3YTS0K19KH8J
    [AUTH] => D
    [MACK] => Y
)


2015-03-26T04:37:58Z
ResponseParameter:  billNo: FseEx1427344675 | endTime:2015-03-26 04:37:58

2015-03-26T04:37:58Z
<?xml version="1.0" encoding="UTF-8"?>
<RESPONSE>
  <VERS>0600</VERS>
  <MODE>U</MODE>
  <TRAN>3YTS0K19KH8J</TRAN>
  <MERC>680000</MERC>
  <SESS>FseEx1427344675</SESS>
  <RULES_TRIGGERED>0</RULES_TRIGGERED>
  <COUNTERS_TRIGGERED>0</COUNTERS_TRIGGERED>
  <REASON_CODE></REASON_CODE>
  <MASTERCARD></MASTERCARD>
  <WARNING_COUNT>0</WARNING_COUNT>
</RESPONSE>

2015-03-26T04:38:08Z
RequestParameter:  billNo: 7TXwQ1427344686 | startTime:2015-03-26 04:38:08

2015-03-26T04:38:08Z
Array
(
    [MODE] => U
    [FRMT] => XML
    [VERS] => 0600
    [MERC] => 680000
    [SESS] => 7TXwQ1427344686
    [TRAN] => 3YTS08G0DNKZ
    [AUTH] => D
    [MACK] => Y
)


2015-03-26T04:38:10Z
ResponseParameter:  billNo: 7TXwQ1427344686 | endTime:2015-03-26 04:38:10

2015-03-26T04:38:10Z
<?xml version="1.0" encoding="UTF-8"?>
<RESPONSE>
  <VERS>0600</VERS>
  <MODE>U</MODE>
  <TRAN>3YTS08G0DNKZ</TRAN>
  <MERC>680000</MERC>
  <SESS>7TXwQ1427344686</SESS>
  <RULES_TRIGGERED>0</RULES_TRIGGERED>
  <COUNTERS_TRIGGERED>0</COUNTERS_TRIGGERED>
  <REASON_CODE></REASON_CODE>
  <MASTERCARD></MASTERCARD>
  <WARNING_COUNT>0</WARNING_COUNT>
</RESPONSE>

2015-03-26T04:38:19Z
RequestParameter:  billNo: h5ctW1427344696 | startTime:2015-03-26 04:38:19

2015-03-26T04:38:19Z
Array
(
    [MODE] => U
    [FRMT] => XML
    [VERS] => 0600
    [MERC] => 680000
    [SESS] => h5ctW1427344696
    [TRAN] => 3YTS0LTXXS3S
    [AUTH] => D
    [MACK] => Y
)


2015-03-26T04:38:20Z
ResponseParameter:  billNo: h5ctW1427344696 | endTime:2015-03-26 04:38:20

2015-03-26T04:38:20Z
<?xml version="1.0" encoding="UTF-8"?>
<RESPONSE>
  <VERS>0600</VERS>
  <MODE>U</MODE>
  <TRAN>3YTS0LTXXS3S</TRAN>
  <MERC>680000</MERC>
  <SESS>h5ctW1427344696</SESS>
  <RULES_TRIGGERED>0</RULES_TRIGGERED>
  <COUNTERS_TRIGGERED>0</COUNTERS_TRIGGERED>
  <REASON_CODE></REASON_CODE>
  <MASTERCARD></MASTERCARD>
  <WARNING_COUNT>0</WARNING_COUNT>
</RESPONSE>

2015-03-26T04:38:26Z
RequestParameter:  billNo: dzsgC1427344704 | startTime:2015-03-26 04:38:26

2015-03-26T04:38:26Z
Array
(
    [MODE] => U
    [FRMT] => XML
    [VERS] => 0600
    [MERC] => 680000
    [SESS] => dzsgC1427344704
    [TRAN] => 3YTS0NBXK53B
    [AUTH] => D
    [MACK] => Y
)


2015-03-26T04:38:27Z
ResponseParameter:  billNo: dzsgC1427344704 | endTime:2015-03-26 04:38:27

2015-03-26T04:38:27Z
<?xml version="1.0" encoding="UTF-8"?>
<RESPONSE>
  <VERS>0600</VERS>
  <MODE>U</MODE>
  <TRAN>3YTS0NBXK53B</TRAN>
  <MERC>680000</MERC>
  <SESS>dzsgC1427344704</SESS>
  <RULES_TRIGGERED>0</RULES_TRIGGERED>
  <COUNTERS_TRIGGERED>0</COUNTERS_TRIGGERED>
  <REASON_CODE></REASON_CODE>
  <MASTERCARD></MASTERCARD>
  <WARNING_COUNT>0</WARNING_COUNT>
</RESPONSE>

2015-03-26T04:39:01Z
RequestParameter:  billNo: EUgqk1427344739 | startTime:2015-03-26 04:39:01

2015-03-26T04:39:01Z
Array
(
    [MODE] => U
    [FRMT] => XML
    [VERS] => 0600
    [MERC] => 680000
    [SESS] => EUgqk1427344739
    [TRAN] => 3YTS0ZXHK391
    [AUTH] => D
    [MACK] => Y
)


2015-03-26T04:39:03Z
ResponseParameter:  billNo: EUgqk1427344739 | endTime:2015-03-26 04:39:03

2015-03-26T04:39:03Z
<?xml version="1.0" encoding="UTF-8"?>
<RESPONSE>
  <VERS>0600</VERS>
  <MODE>U</MODE>
  <TRAN>3YTS0ZXHK391</TRAN>
  <MERC>680000</MERC>
  <SESS>EUgqk1427344739</SESS>
  <RULES_TRIGGERED>0</RULES_TRIGGERED>
  <COUNTERS_TRIGGERED>0</COUNTERS_TRIGGERED>
  <REASON_CODE></REASON_CODE>
  <MASTERCARD></MASTERCARD>
  <WARNING_COUNT>0</WARNING_COUNT>
</RESPONSE>

2015-03-26T04:39:09Z
RequestParameter:  billNo: PgJni1427344747 | startTime:2015-03-26 04:39:09

2015-03-26T04:39:09Z
Array
(
    [MODE] => U
    [FRMT] => XML
    [VERS] => 0600
    [MERC] => 680000
    [SESS] => PgJni1427344747
    [TRAN] => 3YTS0B9MSYQP
    [AUTH] => D
    [MACK] => Y
)


2015-03-26T04:39:10Z
ResponseParameter:  billNo: PgJni1427344747 | endTime:2015-03-26 04:39:10

2015-03-26T04:39:10Z
<?xml version="1.0" encoding="UTF-8"?>
<RESPONSE>
  <VERS>0600</VERS>
  <MODE>U</MODE>
  <TRAN>3YTS0B9MSYQP</TRAN>
  <MERC>680000</MERC>
  <SESS>PgJni1427344747</SESS>
  <RULES_TRIGGERED>0</RULES_TRIGGERED>
  <COUNTERS_TRIGGERED>0</COUNTERS_TRIGGERED>
  <REASON_CODE></REASON_CODE>
  <MASTERCARD></MASTERCARD>
  <WARNING_COUNT>0</WARNING_COUNT>
</RESPONSE>

2015-03-26T04:39:17Z
RequestParameter:  billNo: rwOHJ1427344755 | startTime:2015-03-26 04:39:17

2015-03-26T04:39:17Z
Array
(
    [MODE] => U
    [FRMT] => XML
    [VERS] => 0600
    [MERC] => 680000
    [SESS] => rwOHJ1427344755
    [TRAN] => 3YTS0WGY5NSZ
    [AUTH] => D
    [MACK] => Y
)


2015-03-26T04:39:18Z
ResponseParameter:  billNo: rwOHJ1427344755 | endTime:2015-03-26 04:39:18

2015-03-26T04:39:18Z
<?xml version="1.0" encoding="UTF-8"?>
<RESPONSE>
  <VERS>0600</VERS>
  <MODE>U</MODE>
  <TRAN>3YTS0WGY5NSZ</TRAN>
  <MERC>680000</MERC>
  <SESS>rwOHJ1427344755</SESS>
  <RULES_TRIGGERED>0</RULES_TRIGGERED>
  <COUNTERS_TRIGGERED>0</COUNTERS_TRIGGERED>
  <REASON_CODE></REASON_CODE>
  <MASTERCARD></MASTERCARD>
  <WARNING_COUNT>0</WARNING_COUNT>
</RESPONSE>

2015-03-26T04:39:25Z
RequestParameter:  billNo: YOCBF1427344763 | startTime:2015-03-26 04:39:25

2015-03-26T04:39:25Z
Array
(
    [MODE] => U
    [FRMT] => XML
    [VERS] => 0600
    [MERC] => 680000
    [SESS] => YOCBF1427344763
    [TRAN] => 3YTS03S7SG3J
    [AUTH] => D
    [MACK] => Y
)


2015-03-26T04:39:26Z
ResponseParameter:  billNo: YOCBF1427344763 | endTime:2015-03-26 04:39:26

2015-03-26T04:39:26Z
<?xml version="1.0" encoding="UTF-8"?>
<RESPONSE>
  <VERS>0600</VERS>
  <MODE>U</MODE>
  <TRAN>3YTS03S7SG3J</TRAN>
  <MERC>680000</MERC>
  <SESS>YOCBF1427344763</SESS>
  <RULES_TRIGGERED>0</RULES_TRIGGERED>
  <COUNTERS_TRIGGERED>0</COUNTERS_TRIGGERED>
  <REASON_CODE></REASON_CODE>
  <MASTERCARD></MASTERCARD>
  <WARNING_COUNT>0</WARNING_COUNT>
</RESPONSE>

2015-03-26T04:39:33Z
RequestParameter:  billNo: JH0Uv1427344771 | startTime:2015-03-26 04:39:33

2015-03-26T04:39:33Z
Array
(
    [MODE] => U
    [FRMT] => XML
    [VERS] => 0600
    [MERC] => 680000
    [SESS] => JH0Uv1427344771
    [TRAN] => 3YTS0GXPLZP3
    [AUTH] => D
    [MACK] => Y
)


2015-03-26T04:39:34Z
ResponseParameter:  billNo: JH0Uv1427344771 | endTime:2015-03-26 04:39:34

2015-03-26T04:39:34Z
<?xml version="1.0" encoding="UTF-8"?>
<RESPONSE>
  <VERS>0600</VERS>
  <MODE>U</MODE>
  <TRAN>3YTS0GXPLZP3</TRAN>
  <MERC>680000</MERC>
  <SESS>JH0Uv1427344771</SESS>
  <RULES_TRIGGERED>0</RULES_TRIGGERED>
  <COUNTERS_TRIGGERED>0</COUNTERS_TRIGGERED>
  <REASON_CODE></REASON_CODE>
  <MASTERCARD></MASTERCARD>
  <WARNING_COUNT>0</WARNING_COUNT>
</RESPONSE>

2015-03-26T04:40:03Z
RequestParameter:  billNo: is7u91427344800 | startTime:2015-03-26 04:40:03

2015-03-26T04:40:03Z
Array
(
    [MODE] => U
    [FRMT] => XML
    [VERS] => 0600
    [MERC] => 680000
    [SESS] => is7u91427344800
    [TRAN] => 3YTS0ZZ38SLR
    [AUTH] => D
    [MACK] => Y
)


2015-03-26T04:40:04Z
ResponseParameter:  billNo: is7u91427344800 | endTime:2015-03-26 04:40:04

2015-03-26T04:40:04Z
<?xml version="1.0" encoding="UTF-8"?>
<RESPONSE>
  <VERS>0600</VERS>
  <MODE>U</MODE>
  <TRAN>3YTS0ZZ38SLR</TRAN>
  <MERC>680000</MERC>
  <SESS>is7u91427344800</SESS>
  <RULES_TRIGGERED>0</RULES_TRIGGERED>
  <COUNTERS_TRIGGERED>0</COUNTERS_TRIGGERED>
  <REASON_CODE></REASON_CODE>
  <MASTERCARD></MASTERCARD>
  <WARNING_COUNT>0</WARNING_COUNT>
</RESPONSE>

2015-03-26T04:42:00Z
RequestParameter:  billNo: 6WxNh1427344918 | startTime:2015-03-26 04:42:00

2015-03-26T04:42:00Z
Array
(
    [MODE] => U
    [FRMT] => XML
    [VERS] => 0600
    [MERC] => 680000
    [SESS] => 6WxNh1427344918
    [TRAN] => 3YTS07QX6Z5L
    [AUTH] => D
    [MACK] => Y
)


2015-03-26T04:42:01Z
ResponseParameter:  billNo: 6WxNh1427344918 | endTime:2015-03-26 04:42:01

2015-03-26T04:42:01Z
<?xml version="1.0" encoding="UTF-8"?>
<RESPONSE>
  <VERS>0600</VERS>
  <MODE>U</MODE>
  <TRAN>3YTS07QX6Z5L</TRAN>
  <MERC>680000</MERC>
  <SESS>6WxNh1427344918</SESS>
  <RULES_TRIGGERED>0</RULES_TRIGGERED>
  <COUNTERS_TRIGGERED>0</COUNTERS_TRIGGERED>
  <REASON_CODE></REASON_CODE>
  <MASTERCARD></MASTERCARD>
  <WARNING_COUNT>0</WARNING_COUNT>
</RESPONSE>

2015-03-26T04:42:13Z
RequestParameter:  billNo: PTE4c1427344931 | startTime:2015-03-26 04:42:13

2015-03-26T04:42:13Z
Array
(
    [MODE] => U
    [FRMT] => XML
    [VERS] => 0600
    [MERC] => 680000
    [SESS] => PTE4c1427344931
    [TRAN] => 3YTS0Y423DKQ
    [AUTH] => D
    [MACK] => Y
)


2015-03-26T04:42:14Z
ResponseParameter:  billNo: PTE4c1427344931 | endTime:2015-03-26 04:42:14

2015-03-26T04:42:14Z
<?xml version="1.0" encoding="UTF-8"?>
<RESPONSE>
  <VERS>0600</VERS>
  <MODE>U</MODE>
  <TRAN>3YTS0Y423DKQ</TRAN>
  <MERC>680000</MERC>
  <SESS>PTE4c1427344931</SESS>
  <RULES_TRIGGERED>0</RULES_TRIGGERED>
  <COUNTERS_TRIGGERED>0</COUNTERS_TRIGGERED>
  <REASON_CODE></REASON_CODE>
  <MASTERCARD></MASTERCARD>
  <WARNING_COUNT>0</WARNING_COUNT>
</RESPONSE>

2015-03-26T04:42:19Z
RequestParameter:  billNo: aQGTj1427344938 | startTime:2015-03-26 04:42:19

2015-03-26T04:42:19Z
Array
(
    [MODE] => U
    [FRMT] => XML
    [VERS] => 0600
    [MERC] => 680000
    [SESS] => aQGTj1427344938
    [TRAN] => 3YTS0P00MNP1
    [AUTH] => D
    [MACK] => Y
)


2015-03-26T04:42:20Z
ResponseParameter:  billNo: aQGTj1427344938 | endTime:2015-03-26 04:42:20

2015-03-26T04:42:20Z
<?xml version="1.0" encoding="UTF-8"?>
<RESPONSE>
  <VERS>0600</VERS>
  <MODE>U</MODE>
  <TRAN>3YTS0P00MNP1</TRAN>
  <MERC>680000</MERC>
  <SESS>aQGTj1427344938</SESS>
  <RULES_TRIGGERED>0</RULES_TRIGGERED>
  <COUNTERS_TRIGGERED>0</COUNTERS_TRIGGERED>
  <REASON_CODE></REASON_CODE>
  <MASTERCARD></MASTERCARD>
  <WARNING_COUNT>0</WARNING_COUNT>
</RESPONSE>

2015-03-26T04:42:26Z
RequestParameter:  billNo: dRaSM1427344944 | startTime:2015-03-26 04:42:26

2015-03-26T04:42:26Z
Array
(
    [MODE] => U
    [FRMT] => XML
    [VERS] => 0600
    [MERC] => 680000
    [SESS] => dRaSM1427344944
    [TRAN] => 3YTS0LM2S9JC
    [AUTH] => D
    [MACK] => Y
)


2015-03-26T04:42:27Z
ResponseParameter:  billNo: dRaSM1427344944 | endTime:2015-03-26 04:42:27

2015-03-26T04:42:27Z
<?xml version="1.0" encoding="UTF-8"?>
<RESPONSE>
  <VERS>0600</VERS>
  <MODE>U</MODE>
  <TRAN>3YTS0LM2S9JC</TRAN>
  <MERC>680000</MERC>
  <SESS>dRaSM1427344944</SESS>
  <RULES_TRIGGERED>0</RULES_TRIGGERED>
  <COUNTERS_TRIGGERED>0</COUNTERS_TRIGGERED>
  <REASON_CODE></REASON_CODE>
  <MASTERCARD></MASTERCARD>
  <WARNING_COUNT>0</WARNING_COUNT>
</RESPONSE>

2015-03-26T04:42:31Z
RequestParameter:  billNo: O1DIV1427344949 | startTime:2015-03-26 04:42:31

2015-03-26T04:42:31Z
Array
(
    [MODE] => U
    [FRMT] => XML
    [VERS] => 0600
    [MERC] => 680000
    [SESS] => O1DIV1427344949
    [TRAN] => 3YTS0N12GXMX
    [AUTH] => D
    [MACK] => Y
)


2015-03-26T04:42:32Z
ResponseParameter:  billNo: O1DIV1427344949 | endTime:2015-03-26 04:42:32

2015-03-26T04:42:32Z
<?xml version="1.0" encoding="UTF-8"?>
<RESPONSE>
  <VERS>0600</VERS>
  <MODE>U</MODE>
  <TRAN>3YTS0N12GXMX</TRAN>
  <MERC>680000</MERC>
  <SESS>O1DIV1427344949</SESS>
  <RULES_TRIGGERED>0</RULES_TRIGGERED>
  <COUNTERS_TRIGGERED>0</COUNTERS_TRIGGERED>
  <REASON_CODE></REASON_CODE>
  <MASTERCARD></MASTERCARD>
  <WARNING_COUNT>0</WARNING_COUNT>
</RESPONSE>

2015-03-26T04:42:37Z
RequestParameter:  billNo: zBWco1427344955 | startTime:2015-03-26 04:42:37

2015-03-26T04:42:37Z
Array
(
    [MODE] => U
    [FRMT] => XML
    [VERS] => 0600
    [MERC] => 680000
    [SESS] => zBWco1427344955
    [TRAN] => 3YTS0492KGM2
    [AUTH] => D
    [MACK] => Y
)


2015-03-26T04:42:38Z
ResponseParameter:  billNo: zBWco1427344955 | endTime:2015-03-26 04:42:38

2015-03-26T04:42:38Z
<?xml version="1.0" encoding="UTF-8"?>
<RESPONSE>
  <VERS>0600</VERS>
  <MODE>U</MODE>
  <TRAN>3YTS0492KGM2</TRAN>
  <MERC>680000</MERC>
  <SESS>zBWco1427344955</SESS>
  <RULES_TRIGGERED>0</RULES_TRIGGERED>
  <COUNTERS_TRIGGERED>0</COUNTERS_TRIGGERED>
  <REASON_CODE></REASON_CODE>
  <MASTERCARD></MASTERCARD>
  <WARNING_COUNT>0</WARNING_COUNT>
</RESPONSE>

2015-03-26T04:42:43Z
RequestParameter:  billNo: 5uiQP1427344961 | startTime:2015-03-26 04:42:43

2015-03-26T04:42:43Z
Array
(
    [MODE] => U
    [FRMT] => XML
    [VERS] => 0600
    [MERC] => 680000
    [SESS] => 5uiQP1427344961
    [TRAN] => 3YTS0VKDL6GG
    [AUTH] => D
    [MACK] => Y
)


2015-03-26T04:42:44Z
ResponseParameter:  billNo: 5uiQP1427344961 | endTime:2015-03-26 04:42:44

2015-03-26T04:42:44Z
<?xml version="1.0" encoding="UTF-8"?>
<RESPONSE>
  <VERS>0600</VERS>
  <MODE>U</MODE>
  <TRAN>3YTS0VKDL6GG</TRAN>
  <MERC>680000</MERC>
  <SESS>5uiQP1427344961</SESS>
  <RULES_TRIGGERED>0</RULES_TRIGGERED>
  <COUNTERS_TRIGGERED>0</COUNTERS_TRIGGERED>
  <REASON_CODE></REASON_CODE>
  <MASTERCARD></MASTERCARD>
  <WARNING_COUNT>0</WARNING_COUNT>
</RESPONSE>

2015-03-26T04:42:57Z
RequestParameter:  billNo: crEav1427344975 | startTime:2015-03-26 04:42:57

2015-03-26T04:42:57Z
Array
(
    [MODE] => U
    [FRMT] => XML
    [VERS] => 0600
    [MERC] => 680000
    [SESS] => crEav1427344975
    [TRAN] => 3YTS0PKH9WR9
    [AUTH] => D
    [MACK] => Y
)


2015-03-26T04:42:58Z
ResponseParameter:  billNo: crEav1427344975 | endTime:2015-03-26 04:42:58

2015-03-26T04:42:58Z
<?xml version="1.0" encoding="UTF-8"?>
<RESPONSE>
  <VERS>0600</VERS>
  <MODE>U</MODE>
  <TRAN>3YTS0PKH9WR9</TRAN>
  <MERC>680000</MERC>
  <SESS>crEav1427344975</SESS>
  <RULES_TRIGGERED>0</RULES_TRIGGERED>
  <COUNTERS_TRIGGERED>0</COUNTERS_TRIGGERED>
  <REASON_CODE></REASON_CODE>
  <MASTERCARD></MASTERCARD>
  <WARNING_COUNT>0</WARNING_COUNT>
</RESPONSE>

2015-03-26T04:43:02Z
RequestParameter:  billNo: q3zfH1427344980 | startTime:2015-03-26 04:43:02

2015-03-26T04:43:02Z
Array
(
    [MODE] => U
    [FRMT] => XML
    [VERS] => 0600
    [MERC] => 680000
    [SESS] => q3zfH1427344980
    [TRAN] => 3YTS02PM73CS
    [AUTH] => D
    [MACK] => Y
)


2015-03-26T04:43:04Z
ResponseParameter:  billNo: q3zfH1427344980 | endTime:2015-03-26 04:43:04

2015-03-26T04:43:04Z
<?xml version="1.0" encoding="UTF-8"?>
<RESPONSE>
  <VERS>0600</VERS>
  <MODE>U</MODE>
  <TRAN>3YTS02PM73CS</TRAN>
  <MERC>680000</MERC>
  <SESS>q3zfH1427344980</SESS>
  <RULES_TRIGGERED>0</RULES_TRIGGERED>
  <COUNTERS_TRIGGERED>0</COUNTERS_TRIGGERED>
  <REASON_CODE></REASON_CODE>
  <MASTERCARD></MASTERCARD>
  <WARNING_COUNT>0</WARNING_COUNT>
</RESPONSE>

2015-03-26T04:43:10Z
RequestParameter:  billNo: ruOgL1427344987 | startTime:2015-03-26 04:43:10

2015-03-26T04:43:10Z
Array
(
    [MODE] => U
    [FRMT] => XML
    [VERS] => 0600
    [MERC] => 680000
    [SESS] => ruOgL1427344987
    [TRAN] => 3YTS0MBDXK4N
    [AUTH] => D
    [MACK] => Y
)


2015-03-26T04:43:12Z
ResponseParameter:  billNo: ruOgL1427344987 | endTime:2015-03-26 04:43:12

2015-03-26T04:43:12Z
<?xml version="1.0" encoding="UTF-8"?>
<RESPONSE>
  <VERS>0600</VERS>
  <MODE>U</MODE>
  <TRAN>3YTS0MBDXK4N</TRAN>
  <MERC>680000</MERC>
  <SESS>ruOgL1427344987</SESS>
  <RULES_TRIGGERED>0</RULES_TRIGGERED>
  <COUNTERS_TRIGGERED>0</COUNTERS_TRIGGERED>
  <REASON_CODE></REASON_CODE>
  <MASTERCARD></MASTERCARD>
  <WARNING_COUNT>0</WARNING_COUNT>
</RESPONSE>

2015-03-26T04:43:16Z
RequestParameter:  billNo: q9HsA1427344994 | startTime:2015-03-26 04:43:16

2015-03-26T04:43:16Z
Array
(
    [MODE] => U
    [FRMT] => XML
    [VERS] => 0600
    [MERC] => 680000
    [SESS] => q9HsA1427344994
    [TRAN] => 3YTS0VYY67QH
    [AUTH] => D
    [MACK] => Y
)


2015-03-26T04:43:17Z
ResponseParameter:  billNo: q9HsA1427344994 | endTime:2015-03-26 04:43:17

2015-03-26T04:43:17Z
<?xml version="1.0" encoding="UTF-8"?>
<RESPONSE>
  <VERS>0600</VERS>
  <MODE>U</MODE>
  <TRAN>3YTS0VYY67QH</TRAN>
  <MERC>680000</MERC>
  <SESS>q9HsA1427344994</SESS>
  <RULES_TRIGGERED>0</RULES_TRIGGERED>
  <COUNTERS_TRIGGERED>0</COUNTERS_TRIGGERED>
  <REASON_CODE></REASON_CODE>
  <MASTERCARD></MASTERCARD>
  <WARNING_COUNT>0</WARNING_COUNT>
</RESPONSE>

2015-03-26T04:56:37Z
RequestParameter:  billNo: P2kY5Sc112 | startTime:2015-03-26 04:56:37

2015-03-26T04:56:37Z
Array
(
    [MODE] => U
    [FRMT] => XML
    [VERS] => 0600
    [MERC] => 680000
    [SESS] => tajimb9i7hr4loqg3icq23cen7
    [TRAN] => 3YTS0Y8TYRTK
    [AUTH] => D
    [MACK] => Y
)


2015-03-26T04:56:38Z
ResponseParameter:  billNo: P2kY5Sc112 | endTime:2015-03-26 04:56:38

2015-03-26T04:56:38Z
<?xml version="1.0" encoding="UTF-8"?>
<RESPONSE>
  <VERS>0600</VERS>
  <MODE>U</MODE>
  <TRAN>3YTS0Y8TYRTK</TRAN>
  <MERC>680000</MERC>
  <SESS>tajimb9i7hr4loqg3icq23cen7</SESS>
  <RULES_TRIGGERED>0</RULES_TRIGGERED>
  <COUNTERS_TRIGGERED>0</COUNTERS_TRIGGERED>
  <REASON_CODE></REASON_CODE>
  <MASTERCARD></MASTERCARD>
  <WARNING_COUNT>0</WARNING_COUNT>
</RESPONSE>

2015-03-26T04:56:57Z
RequestParameter:  billNo: P2kY5Sc113 | startTime:2015-03-26 04:56:57

2015-03-26T04:56:57Z
Array
(
    [MODE] => U
    [FRMT] => XML
    [VERS] => 0600
    [MERC] => 680000
    [SESS] => tajimb9i7hr4loqg3icq23cen7
    [TRAN] => 3YTS0MRPGLD2
    [AUTH] => D
    [MACK] => Y
)


2015-03-26T04:56:58Z
ResponseParameter:  billNo: P2kY5Sc113 | endTime:2015-03-26 04:56:58

2015-03-26T04:56:58Z
<?xml version="1.0" encoding="UTF-8"?>
<RESPONSE>
  <VERS>0600</VERS>
  <MODE>U</MODE>
  <TRAN>3YTS0MRPGLD2</TRAN>
  <MERC>680000</MERC>
  <SESS>tajimb9i7hr4loqg3icq23cen7</SESS>
  <RULES_TRIGGERED>0</RULES_TRIGGERED>
  <COUNTERS_TRIGGERED>0</COUNTERS_TRIGGERED>
  <REASON_CODE></REASON_CODE>
  <MASTERCARD></MASTERCARD>
  <WARNING_COUNT>0</WARNING_COUNT>
</RESPONSE>

2015-03-26T04:57:18Z
RequestParameter:  billNo: P2kY5Sc114 | startTime:2015-03-26 04:57:18

2015-03-26T04:57:18Z
Array
(
    [MODE] => U
    [FRMT] => XML
    [VERS] => 0600
    [MERC] => 680000
    [SESS] => tajimb9i7hr4loqg3icq23cen7
    [TRAN] => 3YTS03YWS6CC
    [AUTH] => D
    [MACK] => Y
)


2015-03-26T04:57:19Z
ResponseParameter:  billNo: P2kY5Sc114 | endTime:2015-03-26 04:57:19

2015-03-26T04:57:19Z
<?xml version="1.0" encoding="UTF-8"?>
<RESPONSE>
  <VERS>0600</VERS>
  <MODE>U</MODE>
  <TRAN>3YTS03YWS6CC</TRAN>
  <MERC>680000</MERC>
  <SESS>tajimb9i7hr4loqg3icq23cen7</SESS>
  <RULES_TRIGGERED>0</RULES_TRIGGERED>
  <COUNTERS_TRIGGERED>0</COUNTERS_TRIGGERED>
  <REASON_CODE></REASON_CODE>
  <MASTERCARD></MASTERCARD>
  <WARNING_COUNT>0</WARNING_COUNT>
</RESPONSE>

2015-03-26T04:57:53Z
RequestParameter:  billNo: P2kY5Sc115 | startTime:2015-03-26 04:57:53

2015-03-26T04:57:53Z
Array
(
    [MODE] => U
    [FRMT] => XML
    [VERS] => 0600
    [MERC] => 680000
    [SESS] => tajimb9i7hr4loqg3icq23cen7
    [TRAN] => 3YTS0VDKWR5Z
    [AUTH] => D
    [MACK] => Y
)


2015-03-26T04:57:53Z
ResponseParameter:  billNo: P2kY5Sc115 | endTime:2015-03-26 04:57:53

2015-03-26T04:57:53Z
<?xml version="1.0" encoding="UTF-8"?>
<RESPONSE>
  <VERS>0600</VERS>
  <MODE>U</MODE>
  <TRAN>3YTS0VDKWR5Z</TRAN>
  <MERC>680000</MERC>
  <SESS>tajimb9i7hr4loqg3icq23cen7</SESS>
  <RULES_TRIGGERED>0</RULES_TRIGGERED>
  <COUNTERS_TRIGGERED>0</COUNTERS_TRIGGERED>
  <REASON_CODE></REASON_CODE>
  <MASTERCARD></MASTERCARD>
  <WARNING_COUNT>0</WARNING_COUNT>
</RESPONSE>

2015-03-26T04:58:15Z
RequestParameter:  billNo: P2kY5Sc116 | startTime:2015-03-26 04:58:15

2015-03-26T04:58:15Z
Array
(
    [MODE] => U
    [FRMT] => XML
    [VERS] => 0600
    [MERC] => 680000
    [SESS] => tajimb9i7hr4loqg3icq23cen7
    [TRAN] => 3YTS0M2VKW33
    [AUTH] => D
    [MACK] => Y
)


2015-03-26T04:58:16Z
ResponseParameter:  billNo: P2kY5Sc116 | endTime:2015-03-26 04:58:16

2015-03-26T04:58:16Z
<?xml version="1.0" encoding="UTF-8"?>
<RESPONSE>
  <VERS>0600</VERS>
  <MODE>U</MODE>
  <TRAN>3YTS0M2VKW33</TRAN>
  <MERC>680000</MERC>
  <SESS>tajimb9i7hr4loqg3icq23cen7</SESS>
  <RULES_TRIGGERED>0</RULES_TRIGGERED>
  <COUNTERS_TRIGGERED>0</COUNTERS_TRIGGERED>
  <REASON_CODE></REASON_CODE>
  <MASTERCARD></MASTERCARD>
  <WARNING_COUNT>0</WARNING_COUNT>
</RESPONSE>

2015-03-26T05:29:46Z
RequestParameter:  billNo: m3lz51427347783 | startTime:2015-03-26 05:29:46

2015-03-26T05:29:46Z
Array
(
    [MODE] => U
    [FRMT] => XML
    [VERS] => 0600
    [MERC] => 680000
    [SESS] => m3lz51427347783
    [TRAN] => 3YTV0W2KVMZ2
    [AUTH] => D
    [MACK] => Y
)


2015-03-26T05:29:47Z
ResponseParameter:  billNo: m3lz51427347783 | endTime:2015-03-26 05:29:47

2015-03-26T05:29:47Z
<?xml version="1.0" encoding="UTF-8"?>
<RESPONSE>
  <VERS>0600</VERS>
  <MODE>U</MODE>
  <TRAN>3YTV0W2KVMZ2</TRAN>
  <MERC>680000</MERC>
  <SESS>m3lz51427347783</SESS>
  <RULES_TRIGGERED>0</RULES_TRIGGERED>
  <COUNTERS_TRIGGERED>0</COUNTERS_TRIGGERED>
  <REASON_CODE></REASON_CODE>
  <MASTERCARD></MASTERCARD>
  <WARNING_COUNT>0</WARNING_COUNT>
</RESPONSE>

2015-03-26T05:30:51Z
RequestParameter:  billNo: P2kY5S120 | startTime:2015-03-26 05:30:51

2015-03-26T05:30:51Z
Array
(
    [MODE] => U
    [FRMT] => XML
    [VERS] => 0600
    [MERC] => 680000
    [SESS] => tajimb9i7hr4loqg3icq23cen7
    [TRAN] => 3YTV0T94Q75K
    [AUTH] => D
    [MACK] => Y
)


2015-03-26T05:30:52Z
ResponseParameter:  billNo: P2kY5S120 | endTime:2015-03-26 05:30:52

2015-03-26T05:30:52Z
<?xml version="1.0" encoding="UTF-8"?>
<RESPONSE>
  <VERS>0600</VERS>
  <MODE>U</MODE>
  <TRAN>3YTV0T94Q75K</TRAN>
  <MERC>680000</MERC>
  <SESS>tajimb9i7hr4loqg3icq23cen7</SESS>
  <RULES_TRIGGERED>0</RULES_TRIGGERED>
  <COUNTERS_TRIGGERED>0</COUNTERS_TRIGGERED>
  <REASON_CODE></REASON_CODE>
  <MASTERCARD></MASTERCARD>
  <WARNING_COUNT>0</WARNING_COUNT>
</RESPONSE>

2015-03-26T05:34:34Z
RequestParameter:  billNo: 6fshK1427348071 | startTime:2015-03-26 05:34:34

2015-03-26T05:34:34Z
Array
(
    [MODE] => U
    [FRMT] => XML
    [VERS] => 0600
    [MERC] => 680000
    [SESS] => 6fshK1427348071
    [TRAN] => 3YTV03PK0MVZ
    [AUTH] => D
    [MACK] => Y
)


2015-03-26T05:34:35Z
ResponseParameter:  billNo: 6fshK1427348071 | endTime:2015-03-26 05:34:35

2015-03-26T05:34:35Z
<?xml version="1.0" encoding="UTF-8"?>
<RESPONSE>
  <VERS>0600</VERS>
  <MODE>U</MODE>
  <TRAN>3YTV03PK0MVZ</TRAN>
  <MERC>680000</MERC>
  <SESS>6fshK1427348071</SESS>
  <RULES_TRIGGERED>0</RULES_TRIGGERED>
  <COUNTERS_TRIGGERED>0</COUNTERS_TRIGGERED>
  <REASON_CODE></REASON_CODE>
  <MASTERCARD></MASTERCARD>
  <WARNING_COUNT>0</WARNING_COUNT>
</RESPONSE>

2015-03-26T05:41:16Z
RequestParameter:  billNo: P2kY5Sc101 | startTime:2015-03-26 05:41:16

2015-03-26T05:41:16Z
Array
(
    [MODE] => U
    [FRMT] => XML
    [VERS] => 0600
    [MERC] => 680000
    [SESS] => tajimb9i7hr4loqg3icq23cen7
    [TRAN] => 3YTS0SR6HN27
    [AUTH] => 
    [MACK] => Y
    [RFCB] => R
)


2015-03-26T05:41:17Z
ResponseParameter:  billNo: P2kY5Sc101 | endTime:2015-03-26 05:41:17

2015-03-26T05:41:17Z
<?xml version="1.0" encoding="UTF-8"?>
<RESPONSE>
  <VERS>0600</VERS>
  <MODE>U</MODE>
  <TRAN>3YTS0SR6HN27</TRAN>
  <MERC>680000</MERC>
  <SESS>tajimb9i7hr4loqg3icq23cen7</SESS>
  <RULES_TRIGGERED>0</RULES_TRIGGERED>
  <COUNTERS_TRIGGERED>0</COUNTERS_TRIGGERED>
  <REASON_CODE></REASON_CODE>
  <MASTERCARD></MASTERCARD>
  <WARNING_COUNT>0</WARNING_COUNT>
</RESPONSE>

2015-03-26T05:42:31Z
RequestParameter:  billNo: k51TB1427348548 | startTime:2015-03-26 05:42:31

2015-03-26T05:42:31Z
Array
(
    [MODE] => U
    [FRMT] => XML
    [VERS] => 0600
    [MERC] => 680000
    [SESS] => k51TB1427348548
    [TRAN] => 3YTV08X8D2RK
    [AUTH] => D
    [MACK] => Y
)


2015-03-26T05:42:32Z
ResponseParameter:  billNo: k51TB1427348548 | endTime:2015-03-26 05:42:32

2015-03-26T05:42:32Z
<?xml version="1.0" encoding="UTF-8"?>
<RESPONSE>
  <VERS>0600</VERS>
  <MODE>U</MODE>
  <TRAN>3YTV08X8D2RK</TRAN>
  <MERC>680000</MERC>
  <SESS>k51TB1427348548</SESS>
  <RULES_TRIGGERED>0</RULES_TRIGGERED>
  <COUNTERS_TRIGGERED>0</COUNTERS_TRIGGERED>
  <REASON_CODE></REASON_CODE>
  <MASTERCARD></MASTERCARD>
  <WARNING_COUNT>0</WARNING_COUNT>
</RESPONSE>

2015-03-26T05:42:43Z
RequestParameter:  billNo: szLxl1427348559 | startTime:2015-03-26 05:42:43

2015-03-26T05:42:43Z
Array
(
    [MODE] => U
    [FRMT] => XML
    [VERS] => 0600
    [MERC] => 680000
    [SESS] => szLxl1427348559
    [TRAN] => 3YTV02ZQQH99
    [AUTH] => D
    [MACK] => Y
)


2015-03-26T05:42:44Z
ResponseParameter:  billNo: szLxl1427348559 | endTime:2015-03-26 05:42:44

2015-03-26T05:42:44Z
<?xml version="1.0" encoding="UTF-8"?>
<RESPONSE>
  <VERS>0600</VERS>
  <MODE>U</MODE>
  <TRAN>3YTV02ZQQH99</TRAN>
  <MERC>680000</MERC>
  <SESS>szLxl1427348559</SESS>
  <RULES_TRIGGERED>0</RULES_TRIGGERED>
  <COUNTERS_TRIGGERED>0</COUNTERS_TRIGGERED>
  <REASON_CODE></REASON_CODE>
  <MASTERCARD></MASTERCARD>
  <WARNING_COUNT>0</WARNING_COUNT>
</RESPONSE>

2015-03-26T05:47:34Z
RequestParameter:  billNo: P2kY5Sc122 | startTime:2015-03-26 05:47:34

2015-03-26T05:47:34Z
Array
(
    [MODE] => U
    [FRMT] => XML
    [VERS] => 0600
    [MERC] => 680000
    [SESS] => tajimb9i7hr4loqg3icq23cen7
    [TRAN] => 3YTV07MTSZ12
    [AUTH] => D
    [MACK] => Y
)


2015-03-26T05:47:35Z
ResponseParameter:  billNo: P2kY5Sc122 | endTime:2015-03-26 05:47:35

2015-03-26T05:47:35Z
<?xml version="1.0" encoding="UTF-8"?>
<RESPONSE>
  <VERS>0600</VERS>
  <MODE>U</MODE>
  <TRAN>3YTV07MTSZ12</TRAN>
  <MERC>680000</MERC>
  <SESS>tajimb9i7hr4loqg3icq23cen7</SESS>
  <RULES_TRIGGERED>0</RULES_TRIGGERED>
  <COUNTERS_TRIGGERED>0</COUNTERS_TRIGGERED>
  <REASON_CODE></REASON_CODE>
  <MASTERCARD></MASTERCARD>
  <WARNING_COUNT>0</WARNING_COUNT>
</RESPONSE>

2015-03-26T05:55:41Z
RequestParameter:  billNo: BNPqS1427349338 | startTime:2015-03-26 05:55:41

2015-03-26T05:55:41Z
Array
(
    [MODE] => U
    [FRMT] => XML
    [VERS] => 0600
    [MERC] => 680000
    [SESS] => BNPqS1427349338
    [TRAN] => 3YTV0KJ4LRL7
    [AUTH] => D
    [MACK] => Y
)


2015-03-26T05:55:42Z
ResponseParameter:  billNo: BNPqS1427349338 | endTime:2015-03-26 05:55:42

2015-03-26T05:55:42Z
<?xml version="1.0" encoding="UTF-8"?>
<RESPONSE>
  <VERS>0600</VERS>
  <MODE>U</MODE>
  <TRAN>3YTV0KJ4LRL7</TRAN>
  <MERC>680000</MERC>
  <SESS>BNPqS1427349338</SESS>
  <RULES_TRIGGERED>0</RULES_TRIGGERED>
  <COUNTERS_TRIGGERED>0</COUNTERS_TRIGGERED>
  <REASON_CODE></REASON_CODE>
  <MASTERCARD></MASTERCARD>
  <WARNING_COUNT>0</WARNING_COUNT>
</RESPONSE>

2015-03-26T06:01:11Z
RequestParameter:  billNo: P2kY5Sc126 | startTime:2015-03-26 06:01:11

2015-03-26T06:01:11Z
Array
(
    [MODE] => U
    [FRMT] => XML
    [VERS] => 0600
    [MERC] => 680000
    [SESS] => tajimb9i7hr4loqg3icq23cen7
    [TRAN] => 3YTW0ZHVHC9B
    [AUTH] => D
    [MACK] => Y
)


2015-03-26T06:01:12Z
ResponseParameter:  billNo: P2kY5Sc126 | endTime:2015-03-26 06:01:12

2015-03-26T06:01:12Z
<?xml version="1.0" encoding="UTF-8"?>
<RESPONSE>
  <VERS>0600</VERS>
  <MODE>U</MODE>
  <TRAN>3YTW0ZHVHC9B</TRAN>
  <MERC>680000</MERC>
  <SESS>tajimb9i7hr4loqg3icq23cen7</SESS>
  <RULES_TRIGGERED>0</RULES_TRIGGERED>
  <COUNTERS_TRIGGERED>0</COUNTERS_TRIGGERED>
  <REASON_CODE></REASON_CODE>
  <MASTERCARD></MASTERCARD>
  <WARNING_COUNT>0</WARNING_COUNT>
</RESPONSE>

2015-03-26T06:08:21Z
RequestParameter:  billNo: 9IMv51427350099 | startTime:2015-03-26 06:08:21

2015-03-26T06:08:21Z
Array
(
    [MODE] => U
    [FRMT] => XML
    [VERS] => 0600
    [MERC] => 680000
    [SESS] => 9IMv51427350099
    [TRAN] => 3YTW0TN4WJ5P
    [AUTH] => D
    [MACK] => Y
)


2015-03-26T06:08:22Z
ResponseParameter:  billNo: 9IMv51427350099 | endTime:2015-03-26 06:08:22

2015-03-26T06:08:22Z
<?xml version="1.0" encoding="UTF-8"?>
<RESPONSE>
  <VERS>0600</VERS>
  <MODE>U</MODE>
  <TRAN>3YTW0TN4WJ5P</TRAN>
  <MERC>680000</MERC>
  <SESS>9IMv51427350099</SESS>
  <RULES_TRIGGERED>0</RULES_TRIGGERED>
  <COUNTERS_TRIGGERED>0</COUNTERS_TRIGGERED>
  <REASON_CODE></REASON_CODE>
  <MASTERCARD></MASTERCARD>
  <WARNING_COUNT>0</WARNING_COUNT>
</RESPONSE>

2015-03-26T06:15:40Z
RequestParameter:  billNo: P2kY5Sc130 | startTime:2015-03-26 06:15:40

2015-03-26T06:15:40Z
Array
(
    [MODE] => U
    [FRMT] => XML
    [VERS] => 0600
    [MERC] => 680000
    [SESS] => tajimb9i7hr4loqg3icq23cen7
    [TRAN] => 3YTW0V4K0L2V
    [AUTH] => D
    [MACK] => Y
)


2015-03-26T06:15:41Z
ResponseParameter:  billNo: P2kY5Sc130 | endTime:2015-03-26 06:15:41

2015-03-26T06:15:41Z
<?xml version="1.0" encoding="UTF-8"?>
<RESPONSE>
  <VERS>0600</VERS>
  <MODE>U</MODE>
  <TRAN>3YTW0V4K0L2V</TRAN>
  <MERC>680000</MERC>
  <SESS>tajimb9i7hr4loqg3icq23cen7</SESS>
  <RULES_TRIGGERED>0</RULES_TRIGGERED>
  <COUNTERS_TRIGGERED>0</COUNTERS_TRIGGERED>
  <REASON_CODE></REASON_CODE>
  <MASTERCARD></MASTERCARD>
  <WARNING_COUNT>0</WARNING_COUNT>
</RESPONSE>

2015-03-26T06:25:45Z
RequestParameter:  billNo: uP4n11427351143 | startTime:2015-03-26 06:25:45

2015-03-26T06:25:45Z
Array
(
    [MODE] => U
    [FRMT] => XML
    [VERS] => 0600
    [MERC] => 680000
    [SESS] => uP4n11427351143
    [TRAN] => 3YTW0S3S718D
    [AUTH] => D
    [MACK] => Y
)


2015-03-26T06:25:46Z
ResponseParameter:  billNo: uP4n11427351143 | endTime:2015-03-26 06:25:46

2015-03-26T06:25:46Z
<?xml version="1.0" encoding="UTF-8"?>
<RESPONSE>
  <VERS>0600</VERS>
  <MODE>U</MODE>
  <TRAN>3YTW0S3S718D</TRAN>
  <MERC>680000</MERC>
  <SESS>uP4n11427351143</SESS>
  <RULES_TRIGGERED>0</RULES_TRIGGERED>
  <COUNTERS_TRIGGERED>0</COUNTERS_TRIGGERED>
  <REASON_CODE></REASON_CODE>
  <MASTERCARD></MASTERCARD>
  <WARNING_COUNT>0</WARNING_COUNT>
</RESPONSE>

2015-03-26T06:27:09Z
RequestParameter:  billNo: P2kY5Sc134 | startTime:2015-03-26 06:27:09

2015-03-26T06:27:09Z
Array
(
    [MODE] => U
    [FRMT] => XML
    [VERS] => 0600
    [MERC] => 680000
    [SESS] => tajimb9i7hr4loqg3icq23cen7
    [TRAN] => 3YTW0J3441QD
    [AUTH] => D
    [MACK] => Y
)


2015-03-26T06:27:10Z
ResponseParameter:  billNo: P2kY5Sc134 | endTime:2015-03-26 06:27:10

2015-03-26T06:27:10Z
<?xml version="1.0" encoding="UTF-8"?>
<RESPONSE>
  <VERS>0600</VERS>
  <MODE>U</MODE>
  <TRAN>3YTW0J3441QD</TRAN>
  <MERC>680000</MERC>
  <SESS>tajimb9i7hr4loqg3icq23cen7</SESS>
  <RULES_TRIGGERED>0</RULES_TRIGGERED>
  <COUNTERS_TRIGGERED>0</COUNTERS_TRIGGERED>
  <REASON_CODE></REASON_CODE>
  <MASTERCARD></MASTERCARD>
  <WARNING_COUNT>0</WARNING_COUNT>
</RESPONSE>

2015-03-26T06:37:24Z
RequestParameter:  billNo: 4qHDs1427351842 | startTime:2015-03-26 06:37:24

2015-03-26T06:37:24Z
Array
(
    [MODE] => U
    [FRMT] => XML
    [VERS] => 0600
    [MERC] => 680000
    [SESS] => 4qHDs1427351842
    [TRAN] => 3YTW0H7KKQCK
    [AUTH] => D
    [MACK] => Y
)


2015-03-26T06:37:25Z
ResponseParameter:  billNo: 4qHDs1427351842 | endTime:2015-03-26 06:37:25

2015-03-26T06:37:25Z
<?xml version="1.0" encoding="UTF-8"?>
<RESPONSE>
  <VERS>0600</VERS>
  <MODE>U</MODE>
  <TRAN>3YTW0H7KKQCK</TRAN>
  <MERC>680000</MERC>
  <SESS>4qHDs1427351842</SESS>
  <RULES_TRIGGERED>0</RULES_TRIGGERED>
  <COUNTERS_TRIGGERED>0</COUNTERS_TRIGGERED>
  <REASON_CODE></REASON_CODE>
  <MASTERCARD></MASTERCARD>
  <WARNING_COUNT>0</WARNING_COUNT>
</RESPONSE>

2015-03-26T06:38:56Z
RequestParameter:  billNo: P2kY5Sc138 | startTime:2015-03-26 06:38:56

2015-03-26T06:38:56Z
Array
(
    [MODE] => U
    [FRMT] => XML
    [VERS] => 0600
    [MERC] => 680000
    [SESS] => tajimb9i7hr4loqg3icq23cen7
    [TRAN] => 3YTW0S8478XZ
    [AUTH] => D
    [MACK] => Y
)


2015-03-26T06:38:57Z
ResponseParameter:  billNo: P2kY5Sc138 | endTime:2015-03-26 06:38:57

2015-03-26T06:38:57Z
<?xml version="1.0" encoding="UTF-8"?>
<RESPONSE>
  <VERS>0600</VERS>
  <MODE>U</MODE>
  <TRAN>3YTW0S8478XZ</TRAN>
  <MERC>680000</MERC>
  <SESS>tajimb9i7hr4loqg3icq23cen7</SESS>
  <RULES_TRIGGERED>0</RULES_TRIGGERED>
  <COUNTERS_TRIGGERED>0</COUNTERS_TRIGGERED>
  <REASON_CODE></REASON_CODE>
  <MASTERCARD></MASTERCARD>
  <WARNING_COUNT>0</WARNING_COUNT>
</RESPONSE>

2015-03-26T06:51:03Z
RequestParameter:  billNo: 698cn1427352661 | startTime:2015-03-26 06:51:03

2015-03-26T06:51:03Z
Array
(
    [MODE] => U
    [FRMT] => XML
    [VERS] => 0600
    [MERC] => 680000
    [SESS] => 698cn1427352661
    [TRAN] => 3YTW0KKTTDLL
    [AUTH] => D
    [MACK] => Y
)


2015-03-26T06:51:04Z
ResponseParameter:  billNo: 698cn1427352661 | endTime:2015-03-26 06:51:04

2015-03-26T06:51:04Z
<?xml version="1.0" encoding="UTF-8"?>
<RESPONSE>
  <VERS>0600</VERS>
  <MODE>U</MODE>
  <TRAN>3YTW0KKTTDLL</TRAN>
  <MERC>680000</MERC>
  <SESS>698cn1427352661</SESS>
  <RULES_TRIGGERED>0</RULES_TRIGGERED>
  <COUNTERS_TRIGGERED>0</COUNTERS_TRIGGERED>
  <REASON_CODE></REASON_CODE>
  <MASTERCARD></MASTERCARD>
  <WARNING_COUNT>0</WARNING_COUNT>
</RESPONSE>

2015-03-26T06:54:07Z
RequestParameter:  billNo: P2kY5Sc142 | startTime:2015-03-26 06:54:07

2015-03-26T06:54:07Z
Array
(
    [MODE] => U
    [FRMT] => XML
    [VERS] => 0600
    [MERC] => 680000
    [SESS] => tajimb9i7hr4loqg3icq23cen7
    [TRAN] => 3YTW04346W0Q
    [AUTH] => D
    [MACK] => Y
)


2015-03-26T06:54:08Z
ResponseParameter:  billNo: P2kY5Sc142 | endTime:2015-03-26 06:54:08

2015-03-26T06:54:08Z
<?xml version="1.0" encoding="UTF-8"?>
<RESPONSE>
  <VERS>0600</VERS>
  <MODE>U</MODE>
  <TRAN>3YTW04346W0Q</TRAN>
  <MERC>680000</MERC>
  <SESS>tajimb9i7hr4loqg3icq23cen7</SESS>
  <RULES_TRIGGERED>0</RULES_TRIGGERED>
  <COUNTERS_TRIGGERED>0</COUNTERS_TRIGGERED>
  <REASON_CODE></REASON_CODE>
  <MASTERCARD></MASTERCARD>
  <WARNING_COUNT>0</WARNING_COUNT>
</RESPONSE>

2015-03-26T07:00:47Z
RequestParameter:  billNo: SsIGt1427353244 | startTime:2015-03-26 07:00:47

2015-03-26T07:00:47Z
Array
(
    [MODE] => U
    [FRMT] => XML
    [VERS] => 0600
    [MERC] => 680000
    [SESS] => SsIGt1427353244
    [TRAN] => 3YTT0YN1L5GN
    [AUTH] => D
    [MACK] => Y
)


2015-03-26T07:00:48Z
ResponseParameter:  billNo: SsIGt1427353244 | endTime:2015-03-26 07:00:48

2015-03-26T07:00:48Z
<?xml version="1.0" encoding="UTF-8"?>
<RESPONSE>
  <VERS>0600</VERS>
  <MODE>U</MODE>
  <TRAN>3YTT0YN1L5GN</TRAN>
  <MERC>680000</MERC>
  <SESS>SsIGt1427353244</SESS>
  <RULES_TRIGGERED>0</RULES_TRIGGERED>
  <COUNTERS_TRIGGERED>0</COUNTERS_TRIGGERED>
  <REASON_CODE></REASON_CODE>
  <MASTERCARD></MASTERCARD>
  <WARNING_COUNT>0</WARNING_COUNT>
</RESPONSE>

2015-03-26T07:01:37Z
RequestParameter:  billNo: P2kY5Sc146 | startTime:2015-03-26 07:01:37

2015-03-26T07:01:37Z
Array
(
    [MODE] => U
    [FRMT] => XML
    [VERS] => 0600
    [MERC] => 680000
    [SESS] => tajimb9i7hr4loqg3icq23cen7
    [TRAN] => 3YTT04BSDYLP
    [AUTH] => D
    [MACK] => Y
)


2015-03-26T07:01:38Z
ResponseParameter:  billNo: P2kY5Sc146 | endTime:2015-03-26 07:01:38

2015-03-26T07:01:38Z
<?xml version="1.0" encoding="UTF-8"?>
<RESPONSE>
  <VERS>0600</VERS>
  <MODE>U</MODE>
  <TRAN>3YTT04BSDYLP</TRAN>
  <MERC>680000</MERC>
  <SESS>tajimb9i7hr4loqg3icq23cen7</SESS>
  <RULES_TRIGGERED>0</RULES_TRIGGERED>
  <COUNTERS_TRIGGERED>0</COUNTERS_TRIGGERED>
  <REASON_CODE></REASON_CODE>
  <MASTERCARD></MASTERCARD>
  <WARNING_COUNT>0</WARNING_COUNT>
</RESPONSE>

2015-03-26T07:11:12Z
RequestParameter:  billNo: 5fM2G1427353869 | startTime:2015-03-26 07:11:12

2015-03-26T07:11:12Z
Array
(
    [MODE] => U
    [FRMT] => XML
    [VERS] => 0600
    [MERC] => 680000
    [SESS] => 5fM2G1427353869
    [TRAN] => 3YTT0GRZRVX0
    [AUTH] => D
    [MACK] => Y
)


2015-03-26T07:11:13Z
ResponseParameter:  billNo: 5fM2G1427353869 | endTime:2015-03-26 07:11:13

2015-03-26T07:11:13Z
<?xml version="1.0" encoding="UTF-8"?>
<RESPONSE>
  <VERS>0600</VERS>
  <MODE>U</MODE>
  <TRAN>3YTT0GRZRVX0</TRAN>
  <MERC>680000</MERC>
  <SESS>5fM2G1427353869</SESS>
  <RULES_TRIGGERED>0</RULES_TRIGGERED>
  <COUNTERS_TRIGGERED>0</COUNTERS_TRIGGERED>
  <REASON_CODE></REASON_CODE>
  <MASTERCARD></MASTERCARD>
  <WARNING_COUNT>0</WARNING_COUNT>
</RESPONSE>

2015-03-26T07:12:30Z
RequestParameter:  billNo: P2kY5Sc150 | startTime:2015-03-26 07:12:30

2015-03-26T07:12:30Z
Array
(
    [MODE] => U
    [FRMT] => XML
    [VERS] => 0600
    [MERC] => 680000
    [SESS] => tajimb9i7hr4loqg3icq23cen7
    [TRAN] => 3YTT06X9XQKY
    [AUTH] => D
    [MACK] => Y
)


2015-03-26T07:12:31Z
ResponseParameter:  billNo: P2kY5Sc150 | endTime:2015-03-26 07:12:31

2015-03-26T07:12:31Z
<?xml version="1.0" encoding="UTF-8"?>
<RESPONSE>
  <VERS>0600</VERS>
  <MODE>U</MODE>
  <TRAN>3YTT06X9XQKY</TRAN>
  <MERC>680000</MERC>
  <SESS>tajimb9i7hr4loqg3icq23cen7</SESS>
  <RULES_TRIGGERED>0</RULES_TRIGGERED>
  <COUNTERS_TRIGGERED>0</COUNTERS_TRIGGERED>
  <REASON_CODE></REASON_CODE>
  <MASTERCARD></MASTERCARD>
  <WARNING_COUNT>0</WARNING_COUNT>
</RESPONSE>

2015-03-26T07:22:29Z
RequestParameter:  billNo: TOaPw1427354547 | startTime:2015-03-26 07:22:29

2015-03-26T07:22:29Z
Array
(
    [MODE] => U
    [FRMT] => XML
    [VERS] => 0600
    [MERC] => 680000
    [SESS] => TOaPw1427354547
    [TRAN] => 3YTT0BKD9W3N
    [AUTH] => D
    [MACK] => Y
)


2015-03-26T07:22:30Z
ResponseParameter:  billNo: TOaPw1427354547 | endTime:2015-03-26 07:22:30

2015-03-26T07:22:30Z
<?xml version="1.0" encoding="UTF-8"?>
<RESPONSE>
  <VERS>0600</VERS>
  <MODE>U</MODE>
  <TRAN>3YTT0BKD9W3N</TRAN>
  <MERC>680000</MERC>
  <SESS>TOaPw1427354547</SESS>
  <RULES_TRIGGERED>0</RULES_TRIGGERED>
  <COUNTERS_TRIGGERED>0</COUNTERS_TRIGGERED>
  <REASON_CODE></REASON_CODE>
  <MASTERCARD></MASTERCARD>
  <WARNING_COUNT>0</WARNING_COUNT>
</RESPONSE>

2015-03-26T07:22:46Z
RequestParameter:  billNo: dQo9m1427354565 | startTime:2015-03-26 07:22:46

2015-03-26T07:22:46Z
Array
(
    [MODE] => U
    [FRMT] => XML
    [VERS] => 0600
    [MERC] => 680000
    [SESS] => dQo9m1427354565
    [TRAN] => 3YTT0197Z476
    [AUTH] => D
    [MACK] => Y
)


2015-03-26T07:22:47Z
ResponseParameter:  billNo: dQo9m1427354565 | endTime:2015-03-26 07:22:47

2015-03-26T07:22:47Z
<?xml version="1.0" encoding="UTF-8"?>
<RESPONSE>
  <VERS>0600</VERS>
  <MODE>U</MODE>
  <TRAN>3YTT0197Z476</TRAN>
  <MERC>680000</MERC>
  <SESS>dQo9m1427354565</SESS>
  <RULES_TRIGGERED>0</RULES_TRIGGERED>
  <COUNTERS_TRIGGERED>0</COUNTERS_TRIGGERED>
  <REASON_CODE></REASON_CODE>
  <MASTERCARD></MASTERCARD>
  <WARNING_COUNT>0</WARNING_COUNT>
</RESPONSE>

2015-03-26T07:24:02Z
RequestParameter:  billNo: P2kY5Sc155 | startTime:2015-03-26 07:24:02

2015-03-26T07:24:02Z
Array
(
    [MODE] => U
    [FRMT] => XML
    [VERS] => 0600
    [MERC] => 680000
    [SESS] => tajimb9i7hr4loqg3icq23cen7
    [TRAN] => 3YTT05GPJBBY
    [AUTH] => D
    [MACK] => Y
)


2015-03-26T07:24:03Z
ResponseParameter:  billNo: P2kY5Sc155 | endTime:2015-03-26 07:24:03

2015-03-26T07:24:03Z
<?xml version="1.0" encoding="UTF-8"?>
<RESPONSE>
  <VERS>0600</VERS>
  <MODE>U</MODE>
  <TRAN>3YTT05GPJBBY</TRAN>
  <MERC>680000</MERC>
  <SESS>tajimb9i7hr4loqg3icq23cen7</SESS>
  <RULES_TRIGGERED>0</RULES_TRIGGERED>
  <COUNTERS_TRIGGERED>0</COUNTERS_TRIGGERED>
  <REASON_CODE></REASON_CODE>
  <MASTERCARD></MASTERCARD>
  <WARNING_COUNT>0</WARNING_COUNT>
</RESPONSE>

2015-03-26T07:31:08Z
RequestParameter:  billNo: Ouqtk1427355065 | startTime:2015-03-26 07:31:08

2015-03-26T07:31:08Z
Array
(
    [MODE] => U
    [FRMT] => XML
    [VERS] => 0600
    [MERC] => 680000
    [SESS] => Ouqtk1427355065
    [TRAN] => 3YTT0J2T5Z9H
    [AUTH] => D
    [MACK] => Y
)


2015-03-26T07:31:09Z
ResponseParameter:  billNo: Ouqtk1427355065 | endTime:2015-03-26 07:31:09

2015-03-26T07:31:09Z
<?xml version="1.0" encoding="UTF-8"?>
<RESPONSE>
  <VERS>0600</VERS>
  <MODE>U</MODE>
  <TRAN>3YTT0J2T5Z9H</TRAN>
  <MERC>680000</MERC>
  <SESS>Ouqtk1427355065</SESS>
  <RULES_TRIGGERED>0</RULES_TRIGGERED>
  <COUNTERS_TRIGGERED>0</COUNTERS_TRIGGERED>
  <REASON_CODE></REASON_CODE>
  <MASTERCARD></MASTERCARD>
  <WARNING_COUNT>0</WARNING_COUNT>
</RESPONSE>

2015-03-26T07:32:03Z
RequestParameter:  billNo: P2kY5Sc159 | startTime:2015-03-26 07:32:03

2015-03-26T07:32:03Z
Array
(
    [MODE] => U
    [FRMT] => XML
    [VERS] => 0600
    [MERC] => 680000
    [SESS] => tajimb9i7hr4loqg3icq23cen7
    [TRAN] => 3YTT0JVWWLVK
    [AUTH] => D
    [MACK] => Y
)


2015-03-26T07:32:04Z
ResponseParameter:  billNo: P2kY5Sc159 | endTime:2015-03-26 07:32:04

2015-03-26T07:32:04Z
<?xml version="1.0" encoding="UTF-8"?>
<RESPONSE>
  <VERS>0600</VERS>
  <MODE>U</MODE>
  <TRAN>3YTT0JVWWLVK</TRAN>
  <MERC>680000</MERC>
  <SESS>tajimb9i7hr4loqg3icq23cen7</SESS>
  <RULES_TRIGGERED>0</RULES_TRIGGERED>
  <COUNTERS_TRIGGERED>0</COUNTERS_TRIGGERED>
  <REASON_CODE></REASON_CODE>
  <MASTERCARD></MASTERCARD>
  <WARNING_COUNT>0</WARNING_COUNT>
</RESPONSE>

2015-03-26T07:39:05Z
RequestParameter:  billNo: H1cjY1427355543 | startTime:2015-03-26 07:39:05

2015-03-26T07:39:05Z
Array
(
    [MODE] => U
    [FRMT] => XML
    [VERS] => 0600
    [MERC] => 680000
    [SESS] => H1cjY1427355543
    [TRAN] => 3YTT0R3GVK4J
    [AUTH] => D
    [MACK] => Y
)


2015-03-26T07:39:06Z
ResponseParameter:  billNo: H1cjY1427355543 | endTime:2015-03-26 07:39:06

2015-03-26T07:39:06Z
<?xml version="1.0" encoding="UTF-8"?>
<RESPONSE>
  <VERS>0600</VERS>
  <MODE>U</MODE>
  <TRAN>3YTT0R3GVK4J</TRAN>
  <MERC>680000</MERC>
  <SESS>H1cjY1427355543</SESS>
  <RULES_TRIGGERED>0</RULES_TRIGGERED>
  <COUNTERS_TRIGGERED>0</COUNTERS_TRIGGERED>
  <REASON_CODE></REASON_CODE>
  <MASTERCARD></MASTERCARD>
  <WARNING_COUNT>0</WARNING_COUNT>
</RESPONSE>

2015-03-26T07:41:02Z
RequestParameter:  billNo: P2kY5Sc163 | startTime:2015-03-26 07:41:02

2015-03-26T07:41:02Z
Array
(
    [MODE] => U
    [FRMT] => XML
    [VERS] => 0600
    [MERC] => 680000
    [SESS] => tajimb9i7hr4loqg3icq23cen7
    [TRAN] => 3YTT0BT7MKG5
    [AUTH] => D
    [MACK] => Y
)


2015-03-26T07:41:03Z
ResponseParameter:  billNo: P2kY5Sc163 | endTime:2015-03-26 07:41:03

2015-03-26T07:41:03Z
<?xml version="1.0" encoding="UTF-8"?>
<RESPONSE>
  <VERS>0600</VERS>
  <MODE>U</MODE>
  <TRAN>3YTT0BT7MKG5</TRAN>
  <MERC>680000</MERC>
  <SESS>tajimb9i7hr4loqg3icq23cen7</SESS>
  <RULES_TRIGGERED>0</RULES_TRIGGERED>
  <COUNTERS_TRIGGERED>0</COUNTERS_TRIGGERED>
  <REASON_CODE></REASON_CODE>
  <MASTERCARD></MASTERCARD>
  <WARNING_COUNT>0</WARNING_COUNT>
</RESPONSE>

2015-03-26T07:50:38Z
RequestParameter:  billNo: aV17j1427356236 | startTime:2015-03-26 07:50:38

2015-03-26T07:50:38Z
Array
(
    [MODE] => U
    [FRMT] => XML
    [VERS] => 0600
    [MERC] => 680000
    [SESS] => aV17j1427356236
    [TRAN] => 3YTT05SP4BQK
    [AUTH] => D
    [MACK] => Y
)


2015-03-26T07:50:40Z
ResponseParameter:  billNo: aV17j1427356236 | endTime:2015-03-26 07:50:40

2015-03-26T07:50:40Z
<?xml version="1.0" encoding="UTF-8"?>
<RESPONSE>
  <VERS>0600</VERS>
  <MODE>U</MODE>
  <TRAN>3YTT05SP4BQK</TRAN>
  <MERC>680000</MERC>
  <SESS>aV17j1427356236</SESS>
  <RULES_TRIGGERED>0</RULES_TRIGGERED>
  <COUNTERS_TRIGGERED>0</COUNTERS_TRIGGERED>
  <REASON_CODE></REASON_CODE>
  <MASTERCARD></MASTERCARD>
  <WARNING_COUNT>0</WARNING_COUNT>
</RESPONSE>

2015-03-26T07:52:19Z
RequestParameter:  billNo: P2kY5Sc167 | startTime:2015-03-26 07:52:19

2015-03-26T07:52:19Z
Array
(
    [MODE] => U
    [FRMT] => XML
    [VERS] => 0600
    [MERC] => 680000
    [SESS] => tajimb9i7hr4loqg3icq23cen7
    [TRAN] => 3YTT07ZK4WTP
    [AUTH] => D
    [MACK] => Y
)


2015-03-26T07:52:20Z
ResponseParameter:  billNo: P2kY5Sc167 | endTime:2015-03-26 07:52:20

2015-03-26T07:52:20Z
<?xml version="1.0" encoding="UTF-8"?>
<RESPONSE>
  <VERS>0600</VERS>
  <MODE>U</MODE>
  <TRAN>3YTT07ZK4WTP</TRAN>
  <MERC>680000</MERC>
  <SESS>tajimb9i7hr4loqg3icq23cen7</SESS>
  <RULES_TRIGGERED>0</RULES_TRIGGERED>
  <COUNTERS_TRIGGERED>0</COUNTERS_TRIGGERED>
  <REASON_CODE></REASON_CODE>
  <MASTERCARD></MASTERCARD>
  <WARNING_COUNT>0</WARNING_COUNT>
</RESPONSE>

2015-03-26T08:00:16Z
RequestParameter:  billNo: jMpHt1427356812 | startTime:2015-03-26 08:00:16

2015-03-26T08:00:16Z
Array
(
    [MODE] => U
    [FRMT] => XML
    [VERS] => 0600
    [MERC] => 680000
    [SESS] => jMpHt1427356812
    [TRAN] => 3YTY099NMXB3
    [AUTH] => D
    [MACK] => Y
)


2015-03-26T08:00:17Z
ResponseParameter:  billNo: jMpHt1427356812 | endTime:2015-03-26 08:00:17

2015-03-26T08:00:17Z
<?xml version="1.0" encoding="UTF-8"?>
<RESPONSE>
  <VERS>0600</VERS>
  <MODE>U</MODE>
  <TRAN>3YTY099NMXB3</TRAN>
  <MERC>680000</MERC>
  <SESS>jMpHt1427356812</SESS>
  <RULES_TRIGGERED>0</RULES_TRIGGERED>
  <COUNTERS_TRIGGERED>0</COUNTERS_TRIGGERED>
  <REASON_CODE></REASON_CODE>
  <MASTERCARD></MASTERCARD>
  <WARNING_COUNT>0</WARNING_COUNT>
</RESPONSE>

2015-03-26T08:03:03Z
RequestParameter:  billNo: P2kY5Sc171 | startTime:2015-03-26 08:03:03

2015-03-26T08:03:03Z
Array
(
    [MODE] => U
    [FRMT] => XML
    [VERS] => 0600
    [MERC] => 680000
    [SESS] => tajimb9i7hr4loqg3icq23cen7
    [TRAN] => 3YTY0LWZC9X4
    [AUTH] => D
    [MACK] => Y
)


2015-03-26T08:03:05Z
ResponseParameter:  billNo: P2kY5Sc171 | endTime:2015-03-26 08:03:05

2015-03-26T08:03:05Z
<?xml version="1.0" encoding="UTF-8"?>
<RESPONSE>
  <VERS>0600</VERS>
  <MODE>U</MODE>
  <TRAN>3YTY0LWZC9X4</TRAN>
  <MERC>680000</MERC>
  <SESS>tajimb9i7hr4loqg3icq23cen7</SESS>
  <RULES_TRIGGERED>0</RULES_TRIGGERED>
  <COUNTERS_TRIGGERED>0</COUNTERS_TRIGGERED>
  <REASON_CODE></REASON_CODE>
  <MASTERCARD></MASTERCARD>
  <WARNING_COUNT>0</WARNING_COUNT>
</RESPONSE>

2015-03-26T08:10:24Z
RequestParameter:  billNo: VEUbs1427357421 | startTime:2015-03-26 08:10:24

2015-03-26T08:10:24Z
Array
(
    [MODE] => U
    [FRMT] => XML
    [VERS] => 0600
    [MERC] => 680000
    [SESS] => VEUbs1427357421
    [TRAN] => 3YTY077TCLHY
    [AUTH] => D
    [MACK] => Y
)


2015-03-26T08:10:25Z
ResponseParameter:  billNo: VEUbs1427357421 | endTime:2015-03-26 08:10:25

2015-03-26T08:10:25Z
<?xml version="1.0" encoding="UTF-8"?>
<RESPONSE>
  <VERS>0600</VERS>
  <MODE>U</MODE>
  <TRAN>3YTY077TCLHY</TRAN>
  <MERC>680000</MERC>
  <SESS>VEUbs1427357421</SESS>
  <RULES_TRIGGERED>0</RULES_TRIGGERED>
  <COUNTERS_TRIGGERED>0</COUNTERS_TRIGGERED>
  <REASON_CODE></REASON_CODE>
  <MASTERCARD></MASTERCARD>
  <WARNING_COUNT>0</WARNING_COUNT>
</RESPONSE>

2015-03-26T08:13:25Z
RequestParameter:  billNo: P2kY5Sc175 | startTime:2015-03-26 08:13:25

2015-03-26T08:13:25Z
Array
(
    [MODE] => U
    [FRMT] => XML
    [VERS] => 0600
    [MERC] => 680000
    [SESS] => tajimb9i7hr4loqg3icq23cen7
    [TRAN] => 3YTY0QP89GTW
    [AUTH] => D
    [MACK] => Y
)


2015-03-26T08:13:27Z
ResponseParameter:  billNo: P2kY5Sc175 | endTime:2015-03-26 08:13:27

2015-03-26T08:13:27Z
<?xml version="1.0" encoding="UTF-8"?>
<RESPONSE>
  <VERS>0600</VERS>
  <MODE>U</MODE>
  <TRAN>3YTY0QP89GTW</TRAN>
  <MERC>680000</MERC>
  <SESS>tajimb9i7hr4loqg3icq23cen7</SESS>
  <RULES_TRIGGERED>0</RULES_TRIGGERED>
  <COUNTERS_TRIGGERED>0</COUNTERS_TRIGGERED>
  <REASON_CODE></REASON_CODE>
  <MASTERCARD></MASTERCARD>
  <WARNING_COUNT>0</WARNING_COUNT>
</RESPONSE>

2015-03-26T08:21:23Z
RequestParameter:  billNo: KqFYQ1427358081 | startTime:2015-03-26 08:21:23

2015-03-26T08:21:23Z
Array
(
    [MODE] => U
    [FRMT] => XML
    [VERS] => 0600
    [MERC] => 680000
    [SESS] => KqFYQ1427358081
    [TRAN] => 3YTY0ZSR0Z1X
    [AUTH] => D
    [MACK] => Y
)


2015-03-26T08:21:24Z
ResponseParameter:  billNo: KqFYQ1427358081 | endTime:2015-03-26 08:21:24

2015-03-26T08:21:24Z
<?xml version="1.0" encoding="UTF-8"?>
<RESPONSE>
  <VERS>0600</VERS>
  <MODE>U</MODE>
  <TRAN>3YTY0ZSR0Z1X</TRAN>
  <MERC>680000</MERC>
  <SESS>KqFYQ1427358081</SESS>
  <RULES_TRIGGERED>0</RULES_TRIGGERED>
  <COUNTERS_TRIGGERED>0</COUNTERS_TRIGGERED>
  <REASON_CODE></REASON_CODE>
  <MASTERCARD></MASTERCARD>
  <WARNING_COUNT>0</WARNING_COUNT>
</RESPONSE>

2015-03-26T08:22:48Z
RequestParameter:  billNo: P2kY5Sc179 | startTime:2015-03-26 08:22:48

2015-03-26T08:22:48Z
Array
(
    [MODE] => U
    [FRMT] => XML
    [VERS] => 0600
    [MERC] => 680000
    [SESS] => tajimb9i7hr4loqg3icq23cen7
    [TRAN] => 3YTY04MGSBXC
    [AUTH] => D
    [MACK] => Y
)


2015-03-26T08:22:49Z
ResponseParameter:  billNo: P2kY5Sc179 | endTime:2015-03-26 08:22:49

2015-03-26T08:22:49Z
<?xml version="1.0" encoding="UTF-8"?>
<RESPONSE>
  <VERS>0600</VERS>
  <MODE>U</MODE>
  <TRAN>3YTY04MGSBXC</TRAN>
  <MERC>680000</MERC>
  <SESS>tajimb9i7hr4loqg3icq23cen7</SESS>
  <RULES_TRIGGERED>0</RULES_TRIGGERED>
  <COUNTERS_TRIGGERED>0</COUNTERS_TRIGGERED>
  <REASON_CODE></REASON_CODE>
  <MASTERCARD></MASTERCARD>
  <WARNING_COUNT>0</WARNING_COUNT>
</RESPONSE>

2015-03-26T08:30:54Z
RequestParameter:  billNo: BVRmS1427358652 | startTime:2015-03-26 08:30:54

2015-03-26T08:30:54Z
Array
(
    [MODE] => U
    [FRMT] => XML
    [VERS] => 0600
    [MERC] => 680000
    [SESS] => BVRmS1427358652
    [TRAN] => 3YTY0KC464T2
    [AUTH] => D
    [MACK] => Y
)


2015-03-26T08:30:55Z
ResponseParameter:  billNo: BVRmS1427358652 | endTime:2015-03-26 08:30:55

2015-03-26T08:30:55Z
<?xml version="1.0" encoding="UTF-8"?>
<RESPONSE>
  <VERS>0600</VERS>
  <MODE>U</MODE>
  <TRAN>3YTY0KC464T2</TRAN>
  <MERC>680000</MERC>
  <SESS>BVRmS1427358652</SESS>
  <RULES_TRIGGERED>0</RULES_TRIGGERED>
  <COUNTERS_TRIGGERED>0</COUNTERS_TRIGGERED>
  <REASON_CODE></REASON_CODE>
  <MASTERCARD></MASTERCARD>
  <WARNING_COUNT>0</WARNING_COUNT>
</RESPONSE>

2015-03-26T08:31:49Z
RequestParameter:  billNo: iTtNl1427358707 | startTime:2015-03-26 08:31:49

2015-03-26T08:31:49Z
Array
(
    [MODE] => U
    [FRMT] => XML
    [VERS] => 0600
    [MERC] => 680000
    [SESS] => iTtNl1427358707
    [TRAN] => 3YTY0CX4GGH7
    [AUTH] => D
    [MACK] => Y
)


2015-03-26T08:31:51Z
ResponseParameter:  billNo: iTtNl1427358707 | endTime:2015-03-26 08:31:51

2015-03-26T08:31:51Z
<?xml version="1.0" encoding="UTF-8"?>
<RESPONSE>
  <VERS>0600</VERS>
  <MODE>U</MODE>
  <TRAN>3YTY0CX4GGH7</TRAN>
  <MERC>680000</MERC>
  <SESS>iTtNl1427358707</SESS>
  <RULES_TRIGGERED>0</RULES_TRIGGERED>
  <COUNTERS_TRIGGERED>0</COUNTERS_TRIGGERED>
  <REASON_CODE></REASON_CODE>
  <MASTERCARD></MASTERCARD>
  <WARNING_COUNT>0</WARNING_COUNT>
</RESPONSE>

2015-03-26T08:32:55Z
RequestParameter:  billNo: P2kY5Sc183 | startTime:2015-03-26 08:32:55

2015-03-26T08:32:55Z
Array
(
    [MODE] => U
    [FRMT] => XML
    [VERS] => 0600
    [MERC] => 680000
    [SESS] => tajimb9i7hr4loqg3icq23cen7
    [TRAN] => 3YTY08H9GB86
    [AUTH] => D
    [MACK] => Y
)


2015-03-26T08:32:57Z
ResponseParameter:  billNo: P2kY5Sc183 | endTime:2015-03-26 08:32:57

2015-03-26T08:32:57Z
<?xml version="1.0" encoding="UTF-8"?>
<RESPONSE>
  <VERS>0600</VERS>
  <MODE>U</MODE>
  <TRAN>3YTY08H9GB86</TRAN>
  <MERC>680000</MERC>
  <SESS>tajimb9i7hr4loqg3icq23cen7</SESS>
  <RULES_TRIGGERED>0</RULES_TRIGGERED>
  <COUNTERS_TRIGGERED>0</COUNTERS_TRIGGERED>
  <REASON_CODE></REASON_CODE>
  <MASTERCARD></MASTERCARD>
  <WARNING_COUNT>0</WARNING_COUNT>
</RESPONSE>

2015-03-26T08:44:49Z
RequestParameter:  billNo: h6woV1427359487 | startTime:2015-03-26 08:44:49

2015-03-26T08:44:49Z
Array
(
    [MODE] => U
    [FRMT] => XML
    [VERS] => 0600
    [MERC] => 680000
    [SESS] => h6woV1427359487
    [TRAN] => 3YTY0X3XJTTV
    [AUTH] => D
    [MACK] => Y
)


2015-03-26T08:44:49Z
ResponseParameter:  billNo: h6woV1427359487 | endTime:2015-03-26 08:44:49

2015-03-26T08:44:49Z
<?xml version="1.0" encoding="UTF-8"?>
<RESPONSE>
  <VERS>0600</VERS>
  <MODE>U</MODE>
  <TRAN>3YTY0X3XJTTV</TRAN>
  <MERC>680000</MERC>
  <SESS>h6woV1427359487</SESS>
  <RULES_TRIGGERED>0</RULES_TRIGGERED>
  <COUNTERS_TRIGGERED>0</COUNTERS_TRIGGERED>
  <REASON_CODE></REASON_CODE>
  <MASTERCARD></MASTERCARD>
  <WARNING_COUNT>0</WARNING_COUNT>
</RESPONSE>

2015-03-26T08:46:31Z
RequestParameter:  billNo: P2kY5Sc188 | startTime:2015-03-26 08:46:31

2015-03-26T08:46:31Z
Array
(
    [MODE] => U
    [FRMT] => XML
    [VERS] => 0600
    [MERC] => 680000
    [SESS] => tajimb9i7hr4loqg3icq23cen7
    [TRAN] => 3YTY0RHYL7Q3
    [AUTH] => D
    [MACK] => Y
)


2015-03-26T08:46:32Z
ResponseParameter:  billNo: P2kY5Sc188 | endTime:2015-03-26 08:46:32

2015-03-26T08:46:32Z
<?xml version="1.0" encoding="UTF-8"?>
<RESPONSE>
  <VERS>0600</VERS>
  <MODE>U</MODE>
  <TRAN>3YTY0RHYL7Q3</TRAN>
  <MERC>680000</MERC>
  <SESS>tajimb9i7hr4loqg3icq23cen7</SESS>
  <RULES_TRIGGERED>0</RULES_TRIGGERED>
  <COUNTERS_TRIGGERED>0</COUNTERS_TRIGGERED>
  <REASON_CODE></REASON_CODE>
  <MASTERCARD></MASTERCARD>
  <WARNING_COUNT>0</WARNING_COUNT>
</RESPONSE>

2015-03-26T08:55:21Z
RequestParameter:  billNo: pI9JY1427360119 | startTime:2015-03-26 08:55:21

2015-03-26T08:55:21Z
Array
(
    [MODE] => U
    [FRMT] => XML
    [VERS] => 0600
    [MERC] => 680000
    [SESS] => pI9JY1427360119
    [TRAN] => 3YTY06VXB9BS
    [AUTH] => D
    [MACK] => Y
)


2015-03-26T08:55:22Z
ResponseParameter:  billNo: pI9JY1427360119 | endTime:2015-03-26 08:55:22

2015-03-26T08:55:22Z
<?xml version="1.0" encoding="UTF-8"?>
<RESPONSE>
  <VERS>0600</VERS>
  <MODE>U</MODE>
  <TRAN>3YTY06VXB9BS</TRAN>
  <MERC>680000</MERC>
  <SESS>pI9JY1427360119</SESS>
  <RULES_TRIGGERED>0</RULES_TRIGGERED>
  <COUNTERS_TRIGGERED>0</COUNTERS_TRIGGERED>
  <REASON_CODE></REASON_CODE>
  <MASTERCARD></MASTERCARD>
  <WARNING_COUNT>0</WARNING_COUNT>
</RESPONSE>

2015-03-26T08:57:00Z
RequestParameter:  billNo: P2kY5Sc192 | startTime:2015-03-26 08:57:00

2015-03-26T08:57:00Z
Array
(
    [MODE] => U
    [FRMT] => XML
    [VERS] => 0600
    [MERC] => 680000
    [SESS] => tajimb9i7hr4loqg3icq23cen7
    [TRAN] => 3YTY0QCH9KCQ
    [AUTH] => D
    [MACK] => Y
)


2015-03-26T08:57:01Z
ResponseParameter:  billNo: P2kY5Sc192 | endTime:2015-03-26 08:57:01

2015-03-26T08:57:01Z
<?xml version="1.0" encoding="UTF-8"?>
<RESPONSE>
  <VERS>0600</VERS>
  <MODE>U</MODE>
  <TRAN>3YTY0QCH9KCQ</TRAN>
  <MERC>680000</MERC>
  <SESS>tajimb9i7hr4loqg3icq23cen7</SESS>
  <RULES_TRIGGERED>0</RULES_TRIGGERED>
  <COUNTERS_TRIGGERED>0</COUNTERS_TRIGGERED>
  <REASON_CODE></REASON_CODE>
  <MASTERCARD></MASTERCARD>
  <WARNING_COUNT>0</WARNING_COUNT>
</RESPONSE>

2015-03-26T09:08:37Z
RequestParameter:  billNo: iV2Bs1427360914 | startTime:2015-03-26 09:08:37

2015-03-26T09:08:37Z
Array
(
    [MODE] => U
    [FRMT] => XML
    [VERS] => 0600
    [MERC] => 680000
    [SESS] => iV2Bs1427360914
    [TRAN] => 3YTH008BB225
    [AUTH] => D
    [MACK] => Y
)


2015-03-26T09:08:38Z
ResponseParameter:  billNo: iV2Bs1427360914 | endTime:2015-03-26 09:08:38

2015-03-26T09:08:38Z
<?xml version="1.0" encoding="UTF-8"?>
<RESPONSE>
  <VERS>0600</VERS>
  <MODE>U</MODE>
  <TRAN>3YTH008BB225</TRAN>
  <MERC>680000</MERC>
  <SESS>iV2Bs1427360914</SESS>
  <RULES_TRIGGERED>0</RULES_TRIGGERED>
  <COUNTERS_TRIGGERED>0</COUNTERS_TRIGGERED>
  <REASON_CODE></REASON_CODE>
  <MASTERCARD></MASTERCARD>
  <WARNING_COUNT>0</WARNING_COUNT>
</RESPONSE>

2015-03-26T09:09:37Z
RequestParameter:  billNo: P2kY5Sc196 | startTime:2015-03-26 09:09:37

2015-03-26T09:09:37Z
Array
(
    [MODE] => U
    [FRMT] => XML
    [VERS] => 0600
    [MERC] => 680000
    [SESS] => tajimb9i7hr4loqg3icq23cen7
    [TRAN] => 3YTH0NB1TKNV
    [AUTH] => D
    [MACK] => Y
)


2015-03-26T09:09:38Z
ResponseParameter:  billNo: P2kY5Sc196 | endTime:2015-03-26 09:09:38

2015-03-26T09:09:38Z
<?xml version="1.0" encoding="UTF-8"?>
<RESPONSE>
  <VERS>0600</VERS>
  <MODE>U</MODE>
  <TRAN>3YTH0NB1TKNV</TRAN>
  <MERC>680000</MERC>
  <SESS>tajimb9i7hr4loqg3icq23cen7</SESS>
  <RULES_TRIGGERED>0</RULES_TRIGGERED>
  <COUNTERS_TRIGGERED>0</COUNTERS_TRIGGERED>
  <REASON_CODE></REASON_CODE>
  <MASTERCARD></MASTERCARD>
  <WARNING_COUNT>0</WARNING_COUNT>
</RESPONSE>

2015-03-26T09:15:59Z
RequestParameter:  billNo: Sja6h1427361357 | startTime:2015-03-26 09:15:59

2015-03-26T09:15:59Z
Array
(
    [MODE] => U
    [FRMT] => XML
    [VERS] => 0600
    [MERC] => 680000
    [SESS] => Sja6h1427361357
    [TRAN] => 3YTH0LJJT46L
    [AUTH] => D
    [MACK] => Y
)


2015-03-26T09:16:00Z
ResponseParameter:  billNo: Sja6h1427361357 | endTime:2015-03-26 09:16:00

2015-03-26T09:16:00Z
<?xml version="1.0" encoding="UTF-8"?>
<RESPONSE>
  <VERS>0600</VERS>
  <MODE>U</MODE>
  <TRAN>3YTH0LJJT46L</TRAN>
  <MERC>680000</MERC>
  <SESS>Sja6h1427361357</SESS>
  <RULES_TRIGGERED>0</RULES_TRIGGERED>
  <COUNTERS_TRIGGERED>0</COUNTERS_TRIGGERED>
  <REASON_CODE></REASON_CODE>
  <MASTERCARD></MASTERCARD>
  <WARNING_COUNT>0</WARNING_COUNT>
</RESPONSE>

2015-03-26T09:17:23Z
RequestParameter:  billNo: P2kY5Sc200 | startTime:2015-03-26 09:17:23

2015-03-26T09:17:23Z
Array
(
    [MODE] => U
    [FRMT] => XML
    [VERS] => 0600
    [MERC] => 680000
    [SESS] => tajimb9i7hr4loqg3icq23cen7
    [TRAN] => 3YTH0Y58W2ZZ
    [AUTH] => D
    [MACK] => Y
)


2015-03-26T09:17:24Z
ResponseParameter:  billNo: P2kY5Sc200 | endTime:2015-03-26 09:17:24

2015-03-26T09:17:24Z
<?xml version="1.0" encoding="UTF-8"?>
<RESPONSE>
  <VERS>0600</VERS>
  <MODE>U</MODE>
  <TRAN>3YTH0Y58W2ZZ</TRAN>
  <MERC>680000</MERC>
  <SESS>tajimb9i7hr4loqg3icq23cen7</SESS>
  <RULES_TRIGGERED>0</RULES_TRIGGERED>
  <COUNTERS_TRIGGERED>0</COUNTERS_TRIGGERED>
  <REASON_CODE></REASON_CODE>
  <MASTERCARD></MASTERCARD>
  <WARNING_COUNT>0</WARNING_COUNT>
</RESPONSE>

2015-03-26T09:26:01Z
RequestParameter:  billNo: PYHUm1427361959 | startTime:2015-03-26 09:26:01

2015-03-26T09:26:01Z
Array
(
    [MODE] => U
    [FRMT] => XML
    [VERS] => 0600
    [MERC] => 680000
    [SESS] => PYHUm1427361959
    [TRAN] => 3YTH04XN101H
    [AUTH] => D
    [MACK] => Y
)


2015-03-26T09:26:02Z
ResponseParameter:  billNo: PYHUm1427361959 | endTime:2015-03-26 09:26:02

2015-03-26T09:26:02Z
<?xml version="1.0" encoding="UTF-8"?>
<RESPONSE>
  <VERS>0600</VERS>
  <MODE>U</MODE>
  <TRAN>3YTH04XN101H</TRAN>
  <MERC>680000</MERC>
  <SESS>PYHUm1427361959</SESS>
  <RULES_TRIGGERED>0</RULES_TRIGGERED>
  <COUNTERS_TRIGGERED>0</COUNTERS_TRIGGERED>
  <REASON_CODE></REASON_CODE>
  <MASTERCARD></MASTERCARD>
  <WARNING_COUNT>0</WARNING_COUNT>
</RESPONSE>

2015-03-26T09:27:03Z
RequestParameter:  billNo: P2kY5Sc204 | startTime:2015-03-26 09:27:03

2015-03-26T09:27:03Z
Array
(
    [MODE] => U
    [FRMT] => XML
    [VERS] => 0600
    [MERC] => 680000
    [SESS] => tajimb9i7hr4loqg3icq23cen7
    [TRAN] => 3YTH07X2RXCZ
    [AUTH] => D
    [MACK] => Y
)


2015-03-26T09:27:04Z
ResponseParameter:  billNo: P2kY5Sc204 | endTime:2015-03-26 09:27:04

2015-03-26T09:27:04Z
<?xml version="1.0" encoding="UTF-8"?>
<RESPONSE>
  <VERS>0600</VERS>
  <MODE>U</MODE>
  <TRAN>3YTH07X2RXCZ</TRAN>
  <MERC>680000</MERC>
  <SESS>tajimb9i7hr4loqg3icq23cen7</SESS>
  <RULES_TRIGGERED>0</RULES_TRIGGERED>
  <COUNTERS_TRIGGERED>0</COUNTERS_TRIGGERED>
  <REASON_CODE></REASON_CODE>
  <MASTERCARD></MASTERCARD>
  <WARNING_COUNT>0</WARNING_COUNT>
</RESPONSE>

2015-03-26T09:33:54Z
RequestParameter:  billNo: 3tac91427362432 | startTime:2015-03-26 09:33:54

2015-03-26T09:33:54Z
Array
(
    [MODE] => U
    [FRMT] => XML
    [VERS] => 0600
    [MERC] => 680000
    [SESS] => 3tac91427362432
    [TRAN] => 3YTH094BNJTQ
    [AUTH] => D
    [MACK] => Y
)


2015-03-26T09:33:55Z
ResponseParameter:  billNo: 3tac91427362432 | endTime:2015-03-26 09:33:55

2015-03-26T09:33:55Z
<?xml version="1.0" encoding="UTF-8"?>
<RESPONSE>
  <VERS>0600</VERS>
  <MODE>U</MODE>
  <TRAN>3YTH094BNJTQ</TRAN>
  <MERC>680000</MERC>
  <SESS>3tac91427362432</SESS>
  <RULES_TRIGGERED>0</RULES_TRIGGERED>
  <COUNTERS_TRIGGERED>0</COUNTERS_TRIGGERED>
  <REASON_CODE></REASON_CODE>
  <MASTERCARD></MASTERCARD>
  <WARNING_COUNT>0</WARNING_COUNT>
</RESPONSE>

2015-03-26T09:34:53Z
RequestParameter:  billNo: P2kY5Sc208 | startTime:2015-03-26 09:34:53

2015-03-26T09:34:53Z
Array
(
    [MODE] => U
    [FRMT] => XML
    [VERS] => 0600
    [MERC] => 680000
    [SESS] => tajimb9i7hr4loqg3icq23cen7
    [TRAN] => 3YTH09ZTV1LR
    [AUTH] => D
    [MACK] => Y
)


2015-03-26T09:34:54Z
ResponseParameter:  billNo: P2kY5Sc208 | endTime:2015-03-26 09:34:54

2015-03-26T09:34:54Z
<?xml version="1.0" encoding="UTF-8"?>
<RESPONSE>
  <VERS>0600</VERS>
  <MODE>U</MODE>
  <TRAN>3YTH09ZTV1LR</TRAN>
  <MERC>680000</MERC>
  <SESS>tajimb9i7hr4loqg3icq23cen7</SESS>
  <RULES_TRIGGERED>0</RULES_TRIGGERED>
  <COUNTERS_TRIGGERED>0</COUNTERS_TRIGGERED>
  <REASON_CODE></REASON_CODE>
  <MASTERCARD></MASTERCARD>
  <WARNING_COUNT>0</WARNING_COUNT>
</RESPONSE>

2015-03-26T09:50:46Z
RequestParameter:  billNo: ibnh11427363444 | startTime:2015-03-26 09:50:46

2015-03-26T09:50:46Z
Array
(
    [MODE] => U
    [FRMT] => XML
    [VERS] => 0600
    [MERC] => 680000
    [SESS] => ibnh11427363444
    [TRAN] => 3YTH0KGM8P5R
    [AUTH] => D
    [MACK] => Y
)


2015-03-26T09:50:47Z
ResponseParameter:  billNo: ibnh11427363444 | endTime:2015-03-26 09:50:47

2015-03-26T09:50:47Z
<?xml version="1.0" encoding="UTF-8"?>
<RESPONSE>
  <VERS>0600</VERS>
  <MODE>U</MODE>
  <TRAN>3YTH0KGM8P5R</TRAN>
  <MERC>680000</MERC>
  <SESS>ibnh11427363444</SESS>
  <RULES_TRIGGERED>0</RULES_TRIGGERED>
  <COUNTERS_TRIGGERED>0</COUNTERS_TRIGGERED>
  <REASON_CODE></REASON_CODE>
  <MASTERCARD></MASTERCARD>
  <WARNING_COUNT>0</WARNING_COUNT>
</RESPONSE>

2015-03-26T09:51:50Z
RequestParameter:  billNo: P2kY5Sc212 | startTime:2015-03-26 09:51:50

2015-03-26T09:51:50Z
Array
(
    [MODE] => U
    [FRMT] => XML
    [VERS] => 0600
    [MERC] => 680000
    [SESS] => tajimb9i7hr4loqg3icq23cen7
    [TRAN] => 3YTH0LPQWKJ3
    [AUTH] => D
    [MACK] => Y
)


2015-03-26T09:51:51Z
ResponseParameter:  billNo: P2kY5Sc212 | endTime:2015-03-26 09:51:51

2015-03-26T09:51:51Z
<?xml version="1.0" encoding="UTF-8"?>
<RESPONSE>
  <VERS>0600</VERS>
  <MODE>U</MODE>
  <TRAN>3YTH0LPQWKJ3</TRAN>
  <MERC>680000</MERC>
  <SESS>tajimb9i7hr4loqg3icq23cen7</SESS>
  <RULES_TRIGGERED>0</RULES_TRIGGERED>
  <COUNTERS_TRIGGERED>0</COUNTERS_TRIGGERED>
  <REASON_CODE></REASON_CODE>
  <MASTERCARD></MASTERCARD>
  <WARNING_COUNT>0</WARNING_COUNT>
</RESPONSE>

2015-03-26T10:01:23Z
RequestParameter:  billNo: 0PgRN1427364081 | startTime:2015-03-26 10:01:23

2015-03-26T10:01:23Z
Array
(
    [MODE] => U
    [FRMT] => XML
    [VERS] => 0600
    [MERC] => 680000
    [SESS] => 0PgRN1427364081
    [TRAN] => 3YT00W6LL3YZ
    [AUTH] => D
    [MACK] => Y
)


2015-03-26T10:01:24Z
ResponseParameter:  billNo: 0PgRN1427364081 | endTime:2015-03-26 10:01:24

2015-03-26T10:01:24Z
<?xml version="1.0" encoding="UTF-8"?>
<RESPONSE>
  <VERS>0600</VERS>
  <MODE>U</MODE>
  <TRAN>3YT00W6LL3YZ</TRAN>
  <MERC>680000</MERC>
  <SESS>0PgRN1427364081</SESS>
  <RULES_TRIGGERED>0</RULES_TRIGGERED>
  <COUNTERS_TRIGGERED>0</COUNTERS_TRIGGERED>
  <REASON_CODE></REASON_CODE>
  <MASTERCARD></MASTERCARD>
  <WARNING_COUNT>0</WARNING_COUNT>
</RESPONSE>

2015-03-26T10:02:34Z
RequestParameter:  billNo: P2kY5Sc216 | startTime:2015-03-26 10:02:34

2015-03-26T10:02:34Z
Array
(
    [MODE] => U
    [FRMT] => XML
    [VERS] => 0600
    [MERC] => 680000
    [SESS] => tajimb9i7hr4loqg3icq23cen7
    [TRAN] => 3YT00M6WY2LC
    [AUTH] => D
    [MACK] => Y
)


2015-03-26T10:02:35Z
ResponseParameter:  billNo: P2kY5Sc216 | endTime:2015-03-26 10:02:35

2015-03-26T10:02:35Z
<?xml version="1.0" encoding="UTF-8"?>
<RESPONSE>
  <VERS>0600</VERS>
  <MODE>U</MODE>
  <TRAN>3YT00M6WY2LC</TRAN>
  <MERC>680000</MERC>
  <SESS>tajimb9i7hr4loqg3icq23cen7</SESS>
  <RULES_TRIGGERED>0</RULES_TRIGGERED>
  <COUNTERS_TRIGGERED>0</COUNTERS_TRIGGERED>
  <REASON_CODE></REASON_CODE>
  <MASTERCARD></MASTERCARD>
  <WARNING_COUNT>0</WARNING_COUNT>
</RESPONSE>

2015-03-26T10:12:06Z
RequestParameter:  billNo: Q5Ins1427364723 | startTime:2015-03-26 10:12:06

2015-03-26T10:12:06Z
Array
(
    [MODE] => U
    [FRMT] => XML
    [VERS] => 0600
    [MERC] => 680000
    [SESS] => Q5Ins1427364723
    [TRAN] => 3YT00WSSPBN7
    [AUTH] => D
    [MACK] => Y
)


2015-03-26T10:12:07Z
ResponseParameter:  billNo: Q5Ins1427364723 | endTime:2015-03-26 10:12:07

2015-03-26T10:12:07Z
<?xml version="1.0" encoding="UTF-8"?>
<RESPONSE>
  <VERS>0600</VERS>
  <MODE>U</MODE>
  <TRAN>3YT00WSSPBN7</TRAN>
  <MERC>680000</MERC>
  <SESS>Q5Ins1427364723</SESS>
  <RULES_TRIGGERED>0</RULES_TRIGGERED>
  <COUNTERS_TRIGGERED>0</COUNTERS_TRIGGERED>
  <REASON_CODE></REASON_CODE>
  <MASTERCARD></MASTERCARD>
  <WARNING_COUNT>0</WARNING_COUNT>
</RESPONSE>

2015-03-26T10:13:17Z
RequestParameter:  billNo: P2kY5Sc220 | startTime:2015-03-26 10:13:17

2015-03-26T10:13:17Z
Array
(
    [MODE] => U
    [FRMT] => XML
    [VERS] => 0600
    [MERC] => 680000
    [SESS] => tajimb9i7hr4loqg3icq23cen7
    [TRAN] => 3YT008BPK6D7
    [AUTH] => D
    [MACK] => Y
)


2015-03-26T10:13:18Z
ResponseParameter:  billNo: P2kY5Sc220 | endTime:2015-03-26 10:13:18

2015-03-26T10:13:18Z
<?xml version="1.0" encoding="UTF-8"?>
<RESPONSE>
  <VERS>0600</VERS>
  <MODE>U</MODE>
  <TRAN>3YT008BPK6D7</TRAN>
  <MERC>680000</MERC>
  <SESS>tajimb9i7hr4loqg3icq23cen7</SESS>
  <RULES_TRIGGERED>0</RULES_TRIGGERED>
  <COUNTERS_TRIGGERED>0</COUNTERS_TRIGGERED>
  <REASON_CODE></REASON_CODE>
  <MASTERCARD></MASTERCARD>
  <WARNING_COUNT>0</WARNING_COUNT>
</RESPONSE>

2015-03-26T10:21:54Z
RequestParameter:  billNo: Otquo1427365312 | startTime:2015-03-26 10:21:54

2015-03-26T10:21:54Z
Array
(
    [MODE] => U
    [FRMT] => XML
    [VERS] => 0600
    [MERC] => 680000
    [SESS] => Otquo1427365312
    [TRAN] => 3YT005JBW1HW
    [AUTH] => D
    [MACK] => Y
)


2015-03-26T10:21:55Z
ResponseParameter:  billNo: Otquo1427365312 | endTime:2015-03-26 10:21:55

2015-03-26T10:21:55Z
<?xml version="1.0" encoding="UTF-8"?>
<RESPONSE>
  <VERS>0600</VERS>
  <MODE>U</MODE>
  <TRAN>3YT005JBW1HW</TRAN>
  <MERC>680000</MERC>
  <SESS>Otquo1427365312</SESS>
  <RULES_TRIGGERED>0</RULES_TRIGGERED>
  <COUNTERS_TRIGGERED>0</COUNTERS_TRIGGERED>
  <REASON_CODE></REASON_CODE>
  <MASTERCARD></MASTERCARD>
  <WARNING_COUNT>0</WARNING_COUNT>
</RESPONSE>

2015-03-26T10:22:51Z
RequestParameter:  billNo: P2kY5Sc224 | startTime:2015-03-26 10:22:51

2015-03-26T10:22:51Z
Array
(
    [MODE] => U
    [FRMT] => XML
    [VERS] => 0600
    [MERC] => 680000
    [SESS] => tajimb9i7hr4loqg3icq23cen7
    [TRAN] => 3YT00S7PJ4TT
    [AUTH] => D
    [MACK] => Y
)


2015-03-26T10:22:52Z
ResponseParameter:  billNo: P2kY5Sc224 | endTime:2015-03-26 10:22:52

2015-03-26T10:22:52Z
<?xml version="1.0" encoding="UTF-8"?>
<RESPONSE>
  <VERS>0600</VERS>
  <MODE>U</MODE>
  <TRAN>3YT00S7PJ4TT</TRAN>
  <MERC>680000</MERC>
  <SESS>tajimb9i7hr4loqg3icq23cen7</SESS>
  <RULES_TRIGGERED>0</RULES_TRIGGERED>
  <COUNTERS_TRIGGERED>0</COUNTERS_TRIGGERED>
  <REASON_CODE></REASON_CODE>
  <MASTERCARD></MASTERCARD>
  <WARNING_COUNT>0</WARNING_COUNT>
</RESPONSE>

2015-03-26T10:30:21Z
RequestParameter:  billNo: dzX2R1427365817 | startTime:2015-03-26 10:30:21

2015-03-26T10:30:21Z
Array
(
    [MODE] => U
    [FRMT] => XML
    [VERS] => 0600
    [MERC] => 680000
    [SESS] => dzX2R1427365817
    [TRAN] => 3YT0011RHN29
    [AUTH] => D
    [MACK] => Y
)


2015-03-26T10:30:23Z
ResponseParameter:  billNo: dzX2R1427365817 | endTime:2015-03-26 10:30:23

2015-03-26T10:30:23Z
<?xml version="1.0" encoding="UTF-8"?>
<RESPONSE>
  <VERS>0600</VERS>
  <MODE>U</MODE>
  <TRAN>3YT0011RHN29</TRAN>
  <MERC>680000</MERC>
  <SESS>dzX2R1427365817</SESS>
  <RULES_TRIGGERED>0</RULES_TRIGGERED>
  <COUNTERS_TRIGGERED>0</COUNTERS_TRIGGERED>
  <REASON_CODE></REASON_CODE>
  <MASTERCARD></MASTERCARD>
  <WARNING_COUNT>0</WARNING_COUNT>
</RESPONSE>

2015-03-26T10:31:20Z
RequestParameter:  billNo: P2kY5Sc228 | startTime:2015-03-26 10:31:20

2015-03-26T10:31:20Z
Array
(
    [MODE] => U
    [FRMT] => XML
    [VERS] => 0600
    [MERC] => 680000
    [SESS] => tajimb9i7hr4loqg3icq23cen7
    [TRAN] => 3YT00VK0C5Z4
    [AUTH] => D
    [MACK] => Y
)


2015-03-26T10:31:21Z
ResponseParameter:  billNo: P2kY5Sc228 | endTime:2015-03-26 10:31:21

2015-03-26T10:31:21Z
<?xml version="1.0" encoding="UTF-8"?>
<RESPONSE>
  <VERS>0600</VERS>
  <MODE>U</MODE>
  <TRAN>3YT00VK0C5Z4</TRAN>
  <MERC>680000</MERC>
  <SESS>tajimb9i7hr4loqg3icq23cen7</SESS>
  <RULES_TRIGGERED>0</RULES_TRIGGERED>
  <COUNTERS_TRIGGERED>0</COUNTERS_TRIGGERED>
  <REASON_CODE></REASON_CODE>
  <MASTERCARD></MASTERCARD>
  <WARNING_COUNT>0</WARNING_COUNT>
</RESPONSE>

2015-03-26T10:41:28Z
RequestParameter:  billNo: 1Egyu1427366486 | startTime:2015-03-26 10:41:28

2015-03-26T10:41:28Z
Array
(
    [MODE] => U
    [FRMT] => XML
    [VERS] => 0600
    [MERC] => 680000
    [SESS] => 1Egyu1427366486
    [TRAN] => 3YT0029TWGB2
    [AUTH] => D
    [MACK] => Y
)


2015-03-26T10:41:28Z
ResponseParameter:  billNo: 1Egyu1427366486 | endTime:2015-03-26 10:41:28

2015-03-26T10:41:28Z
<?xml version="1.0" encoding="UTF-8"?>
<RESPONSE>
  <VERS>0600</VERS>
  <MODE>U</MODE>
  <TRAN>3YT0029TWGB2</TRAN>
  <MERC>680000</MERC>
  <SESS>1Egyu1427366486</SESS>
  <RULES_TRIGGERED>0</RULES_TRIGGERED>
  <COUNTERS_TRIGGERED>0</COUNTERS_TRIGGERED>
  <REASON_CODE></REASON_CODE>
  <MASTERCARD></MASTERCARD>
  <WARNING_COUNT>0</WARNING_COUNT>
</RESPONSE>

2015-03-26T10:42:24Z
RequestParameter:  billNo: P2kY5S232 | startTime:2015-03-26 10:42:24

2015-03-26T10:42:24Z
Array
(
    [MODE] => U
    [FRMT] => XML
    [VERS] => 0600
    [MERC] => 680000
    [SESS] => tajimb9i7hr4loqg3icq23cen7
    [TRAN] => 3YT00WDN0L3C
    [AUTH] => D
    [MACK] => Y
)


2015-03-26T10:42:25Z
ResponseParameter:  billNo: P2kY5S232 | endTime:2015-03-26 10:42:25

2015-03-26T10:42:25Z
<?xml version="1.0" encoding="UTF-8"?>
<RESPONSE>
  <VERS>0600</VERS>
  <MODE>U</MODE>
  <TRAN>3YT00WDN0L3C</TRAN>
  <MERC>680000</MERC>
  <SESS>tajimb9i7hr4loqg3icq23cen7</SESS>
  <RULES_TRIGGERED>0</RULES_TRIGGERED>
  <COUNTERS_TRIGGERED>0</COUNTERS_TRIGGERED>
  <REASON_CODE></REASON_CODE>
  <MASTERCARD></MASTERCARD>
  <WARNING_COUNT>0</WARNING_COUNT>
</RESPONSE>

2015-03-26T10:53:45Z
RequestParameter:  billNo: OxEi61427367223 | startTime:2015-03-26 10:53:45

2015-03-26T10:53:45Z
Array
(
    [MODE] => U
    [FRMT] => XML
    [VERS] => 0600
    [MERC] => 680000
    [SESS] => OxEi61427367223
    [TRAN] => 3YT00329MY71
    [AUTH] => D
    [MACK] => Y
)


2015-03-26T10:53:46Z
ResponseParameter:  billNo: OxEi61427367223 | endTime:2015-03-26 10:53:46

2015-03-26T10:53:46Z
<?xml version="1.0" encoding="UTF-8"?>
<RESPONSE>
  <VERS>0600</VERS>
  <MODE>U</MODE>
  <TRAN>3YT00329MY71</TRAN>
  <MERC>680000</MERC>
  <SESS>OxEi61427367223</SESS>
  <RULES_TRIGGERED>0</RULES_TRIGGERED>
  <COUNTERS_TRIGGERED>0</COUNTERS_TRIGGERED>
  <REASON_CODE></REASON_CODE>
  <MASTERCARD></MASTERCARD>
  <WARNING_COUNT>0</WARNING_COUNT>
</RESPONSE>

2015-03-26T10:55:23Z
RequestParameter:  billNo: P2kY5S236 | startTime:2015-03-26 10:55:23

2015-03-26T10:55:23Z
Array
(
    [MODE] => U
    [FRMT] => XML
    [VERS] => 0600
    [MERC] => 680000
    [SESS] => tajimb9i7hr4loqg3icq23cen7
    [TRAN] => 3YT00K004L4P
    [AUTH] => D
    [MACK] => Y
)


2015-03-26T10:55:24Z
ResponseParameter:  billNo: P2kY5S236 | endTime:2015-03-26 10:55:24

2015-03-26T10:55:24Z
<?xml version="1.0" encoding="UTF-8"?>
<RESPONSE>
  <VERS>0600</VERS>
  <MODE>U</MODE>
  <TRAN>3YT00K004L4P</TRAN>
  <MERC>680000</MERC>
  <SESS>tajimb9i7hr4loqg3icq23cen7</SESS>
  <RULES_TRIGGERED>0</RULES_TRIGGERED>
  <COUNTERS_TRIGGERED>0</COUNTERS_TRIGGERED>
  <REASON_CODE></REASON_CODE>
  <MASTERCARD></MASTERCARD>
  <WARNING_COUNT>0</WARNING_COUNT>
</RESPONSE>

2015-03-26T11:02:01Z
RequestParameter:  billNo: uapDr1427367719 | startTime:2015-03-26 11:02:01

2015-03-26T11:02:01Z
Array
(
    [MODE] => U
    [FRMT] => XML
    [VERS] => 0600
    [MERC] => 680000
    [SESS] => uapDr1427367719
    [TRAN] => 3YTC0WK17M9S
    [AUTH] => D
    [MACK] => Y
)


2015-03-26T11:02:02Z
ResponseParameter:  billNo: uapDr1427367719 | endTime:2015-03-26 11:02:02

2015-03-26T11:02:02Z
<?xml version="1.0" encoding="UTF-8"?>
<RESPONSE>
  <VERS>0600</VERS>
  <MODE>U</MODE>
  <TRAN>3YTC0WK17M9S</TRAN>
  <MERC>680000</MERC>
  <SESS>uapDr1427367719</SESS>
  <RULES_TRIGGERED>0</RULES_TRIGGERED>
  <COUNTERS_TRIGGERED>0</COUNTERS_TRIGGERED>
  <REASON_CODE></REASON_CODE>
  <MASTERCARD></MASTERCARD>
  <WARNING_COUNT>0</WARNING_COUNT>
</RESPONSE>

2015-03-26T11:03:57Z
RequestParameter:  billNo: P2kY5S241 | startTime:2015-03-26 11:03:57

2015-03-26T11:03:57Z
Array
(
    [MODE] => U
    [FRMT] => XML
    [VERS] => 0600
    [MERC] => 680000
    [SESS] => tajimb9i7hr4loqg3icq23cen7
    [TRAN] => 3YTC0YS67QVX
    [AUTH] => D
    [MACK] => Y
)


2015-03-26T11:03:58Z
ResponseParameter:  billNo: P2kY5S241 | endTime:2015-03-26 11:03:58

2015-03-26T11:03:58Z
<?xml version="1.0" encoding="UTF-8"?>
<RESPONSE>
  <VERS>0600</VERS>
  <MODE>U</MODE>
  <TRAN>3YTC0YS67QVX</TRAN>
  <MERC>680000</MERC>
  <SESS>tajimb9i7hr4loqg3icq23cen7</SESS>
  <RULES_TRIGGERED>0</RULES_TRIGGERED>
  <COUNTERS_TRIGGERED>0</COUNTERS_TRIGGERED>
  <REASON_CODE></REASON_CODE>
  <MASTERCARD></MASTERCARD>
  <WARNING_COUNT>0</WARNING_COUNT>
</RESPONSE>

2015-03-26T11:08:07Z
RequestParameter:  billNo: hqMdR1427368085 | startTime:2015-03-26 11:08:07

2015-03-26T11:08:07Z
Array
(
    [MODE] => U
    [FRMT] => XML
    [VERS] => 0600
    [MERC] => 680000
    [SESS] => hqMdR1427368085
    [TRAN] => 3YTC00JX7CHH
    [AUTH] => D
    [MACK] => Y
)


2015-03-26T11:08:08Z
ResponseParameter:  billNo: hqMdR1427368085 | endTime:2015-03-26 11:08:08

2015-03-26T11:08:08Z
<?xml version="1.0" encoding="UTF-8"?>
<RESPONSE>
  <VERS>0600</VERS>
  <MODE>U</MODE>
  <TRAN>3YTC00JX7CHH</TRAN>
  <MERC>680000</MERC>
  <SESS>hqMdR1427368085</SESS>
  <RULES_TRIGGERED>0</RULES_TRIGGERED>
  <COUNTERS_TRIGGERED>0</COUNTERS_TRIGGERED>
  <REASON_CODE></REASON_CODE>
  <MASTERCARD></MASTERCARD>
  <WARNING_COUNT>0</WARNING_COUNT>
</RESPONSE>

2015-03-26T11:09:09Z
RequestParameter:  billNo: P2kY5S246 | startTime:2015-03-26 11:09:09

2015-03-26T11:09:09Z
Array
(
    [MODE] => U
    [FRMT] => XML
    [VERS] => 0600
    [MERC] => 680000
    [SESS] => tajimb9i7hr4loqg3icq23cen7
    [TRAN] => 3YTC04X27492
    [AUTH] => D
    [MACK] => Y
)


2015-03-26T11:09:10Z
ResponseParameter:  billNo: P2kY5S246 | endTime:2015-03-26 11:09:10

2015-03-26T11:09:10Z
<?xml version="1.0" encoding="UTF-8"?>
<RESPONSE>
  <VERS>0600</VERS>
  <MODE>U</MODE>
  <TRAN>3YTC04X27492</TRAN>
  <MERC>680000</MERC>
  <SESS>tajimb9i7hr4loqg3icq23cen7</SESS>
  <RULES_TRIGGERED>0</RULES_TRIGGERED>
  <COUNTERS_TRIGGERED>0</COUNTERS_TRIGGERED>
  <REASON_CODE></REASON_CODE>
  <MASTERCARD></MASTERCARD>
  <WARNING_COUNT>0</WARNING_COUNT>
</RESPONSE>

2015-03-26T11:12:13Z
RequestParameter:  billNo: P2kY5S250 | startTime:2015-03-26 11:12:13

2015-03-26T11:12:13Z
Array
(
    [MODE] => U
    [FRMT] => XML
    [VERS] => 0600
    [MERC] => 680000
    [SESS] => tajimb9i7hr4loqg3icq23cen7
    [TRAN] => 3YTC0QT7S7C0
    [AUTH] => D
    [MACK] => Y
)


2015-03-26T11:12:14Z
ResponseParameter:  billNo: P2kY5S250 | endTime:2015-03-26 11:12:14

2015-03-26T11:12:14Z
<?xml version="1.0" encoding="UTF-8"?>
<RESPONSE>
  <VERS>0600</VERS>
  <MODE>U</MODE>
  <TRAN>3YTC0QT7S7C0</TRAN>
  <MERC>680000</MERC>
  <SESS>tajimb9i7hr4loqg3icq23cen7</SESS>
  <RULES_TRIGGERED>0</RULES_TRIGGERED>
  <COUNTERS_TRIGGERED>0</COUNTERS_TRIGGERED>
  <REASON_CODE></REASON_CODE>
  <MASTERCARD></MASTERCARD>
  <WARNING_COUNT>0</WARNING_COUNT>
</RESPONSE>

2015-03-26T11:13:55Z
RequestParameter:  billNo: 8vAxN1427368433 | startTime:2015-03-26 11:13:55

2015-03-26T11:13:55Z
Array
(
    [MODE] => U
    [FRMT] => XML
    [VERS] => 0600
    [MERC] => 680000
    [SESS] => 8vAxN1427368433
    [TRAN] => 3YTC0T1NSXN9
    [AUTH] => D
    [MACK] => Y
)


2015-03-26T11:13:55Z
ResponseParameter:  billNo: 8vAxN1427368433 | endTime:2015-03-26 11:13:55

2015-03-26T11:13:55Z
<?xml version="1.0" encoding="UTF-8"?>
<RESPONSE>
  <VERS>0600</VERS>
  <MODE>U</MODE>
  <TRAN>3YTC0T1NSXN9</TRAN>
  <MERC>680000</MERC>
  <SESS>8vAxN1427368433</SESS>
  <RULES_TRIGGERED>0</RULES_TRIGGERED>
  <COUNTERS_TRIGGERED>0</COUNTERS_TRIGGERED>
  <REASON_CODE></REASON_CODE>
  <MASTERCARD></MASTERCARD>
  <WARNING_COUNT>0</WARNING_COUNT>
</RESPONSE>

2015-03-26T11:20:11Z
RequestParameter:  billNo: 1mpTJ1427368809 | startTime:2015-03-26 11:20:11

2015-03-26T11:20:11Z
Array
(
    [MODE] => U
    [FRMT] => XML
    [VERS] => 0600
    [MERC] => 680000
    [SESS] => 1mpTJ1427368809
    [TRAN] => 3YTC0XMC7KW6
    [AUTH] => D
    [MACK] => Y
)


2015-03-26T11:20:12Z
ResponseParameter:  billNo: 1mpTJ1427368809 | endTime:2015-03-26 11:20:12

2015-03-26T11:20:12Z
<?xml version="1.0" encoding="UTF-8"?>
<RESPONSE>
  <VERS>0600</VERS>
  <MODE>U</MODE>
  <TRAN>3YTC0XMC7KW6</TRAN>
  <MERC>680000</MERC>
  <SESS>1mpTJ1427368809</SESS>
  <RULES_TRIGGERED>0</RULES_TRIGGERED>
  <COUNTERS_TRIGGERED>0</COUNTERS_TRIGGERED>
  <REASON_CODE></REASON_CODE>
  <MASTERCARD></MASTERCARD>
  <WARNING_COUNT>0</WARNING_COUNT>
</RESPONSE>

2015-03-26T11:21:21Z
RequestParameter:  billNo: P2kY5S254 | startTime:2015-03-26 11:21:21

2015-03-26T11:21:21Z
Array
(
    [MODE] => U
    [FRMT] => XML
    [VERS] => 0600
    [MERC] => 680000
    [SESS] => tajimb9i7hr4loqg3icq23cen7
    [TRAN] => 3YTC0HD2LTR3
    [AUTH] => D
    [MACK] => Y
)


2015-03-26T11:21:21Z
ResponseParameter:  billNo: P2kY5S254 | endTime:2015-03-26 11:21:21

2015-03-26T11:21:21Z
<?xml version="1.0" encoding="UTF-8"?>
<RESPONSE>
  <VERS>0600</VERS>
  <MODE>U</MODE>
  <TRAN>3YTC0HD2LTR3</TRAN>
  <MERC>680000</MERC>
  <SESS>tajimb9i7hr4loqg3icq23cen7</SESS>
  <RULES_TRIGGERED>0</RULES_TRIGGERED>
  <COUNTERS_TRIGGERED>0</COUNTERS_TRIGGERED>
  <REASON_CODE></REASON_CODE>
  <MASTERCARD></MASTERCARD>
  <WARNING_COUNT>0</WARNING_COUNT>
</RESPONSE>

2015-03-26T11:29:43Z
RequestParameter:  billNo: B0xJi1427369381 | startTime:2015-03-26 11:29:43

2015-03-26T11:29:43Z
Array
(
    [MODE] => U
    [FRMT] => XML
    [VERS] => 0600
    [MERC] => 680000
    [SESS] => B0xJi1427369381
    [TRAN] => 3YTC02564MPG
    [AUTH] => D
    [MACK] => Y
)


2015-03-26T11:29:44Z
ResponseParameter:  billNo: B0xJi1427369381 | endTime:2015-03-26 11:29:44

2015-03-26T11:29:44Z
<?xml version="1.0" encoding="UTF-8"?>
<RESPONSE>
  <VERS>0600</VERS>
  <MODE>U</MODE>
  <TRAN>3YTC02564MPG</TRAN>
  <MERC>680000</MERC>
  <SESS>B0xJi1427369381</SESS>
  <RULES_TRIGGERED>0</RULES_TRIGGERED>
  <COUNTERS_TRIGGERED>0</COUNTERS_TRIGGERED>
  <REASON_CODE></REASON_CODE>
  <MASTERCARD></MASTERCARD>
  <WARNING_COUNT>0</WARNING_COUNT>
</RESPONSE>

2015-03-26T11:36:21Z
RequestParameter:  billNo: jhZ7O1427369779 | startTime:2015-03-26 11:36:21

2015-03-26T11:36:21Z
Array
(
    [MODE] => U
    [FRMT] => XML
    [VERS] => 0600
    [MERC] => 680000
    [SESS] => jhZ7O1427369779
    [TRAN] => 3YTC0LQYPNYJ
    [AUTH] => D
    [MACK] => Y
)


2015-03-26T11:36:21Z
ResponseParameter:  billNo: jhZ7O1427369779 | endTime:2015-03-26 11:36:21

2015-03-26T11:36:21Z
<?xml version="1.0" encoding="UTF-8"?>
<RESPONSE>
  <VERS>0600</VERS>
  <MODE>U</MODE>
  <TRAN>3YTC0LQYPNYJ</TRAN>
  <MERC>680000</MERC>
  <SESS>jhZ7O1427369779</SESS>
  <RULES_TRIGGERED>0</RULES_TRIGGERED>
  <COUNTERS_TRIGGERED>0</COUNTERS_TRIGGERED>
  <REASON_CODE></REASON_CODE>
  <MASTERCARD></MASTERCARD>
  <WARNING_COUNT>0</WARNING_COUNT>
</RESPONSE>

2015-03-26T11:37:32Z
RequestParameter:  billNo: P2kY5S258 | startTime:2015-03-26 11:37:32

2015-03-26T11:37:32Z
Array
(
    [MODE] => U
    [FRMT] => XML
    [VERS] => 0600
    [MERC] => 680000
    [SESS] => tajimb9i7hr4loqg3icq23cen7
    [TRAN] => 3YTC0R07XCRR
    [AUTH] => D
    [MACK] => Y
)


2015-03-26T11:37:33Z
ResponseParameter:  billNo: P2kY5S258 | endTime:2015-03-26 11:37:33

2015-03-26T11:37:33Z
<?xml version="1.0" encoding="UTF-8"?>
<RESPONSE>
  <VERS>0600</VERS>
  <MODE>U</MODE>
  <TRAN>3YTC0R07XCRR</TRAN>
  <MERC>680000</MERC>
  <SESS>tajimb9i7hr4loqg3icq23cen7</SESS>
  <RULES_TRIGGERED>0</RULES_TRIGGERED>
  <COUNTERS_TRIGGERED>0</COUNTERS_TRIGGERED>
  <REASON_CODE></REASON_CODE>
  <MASTERCARD></MASTERCARD>
  <WARNING_COUNT>0</WARNING_COUNT>
</RESPONSE>

2015-03-26T11:46:19Z
RequestParameter:  billNo: Otrdf1427370376 | startTime:2015-03-26 11:46:19

2015-03-26T11:46:19Z
Array
(
    [MODE] => U
    [FRMT] => XML
    [VERS] => 0600
    [MERC] => 680000
    [SESS] => Otrdf1427370376
    [TRAN] => 3YTC0KB0D829
    [AUTH] => D
    [MACK] => Y
)


2015-03-26T11:46:20Z
ResponseParameter:  billNo: Otrdf1427370376 | endTime:2015-03-26 11:46:20

2015-03-26T11:46:20Z
<?xml version="1.0" encoding="UTF-8"?>
<RESPONSE>
  <VERS>0600</VERS>
  <MODE>U</MODE>
  <TRAN>3YTC0KB0D829</TRAN>
  <MERC>680000</MERC>
  <SESS>Otrdf1427370376</SESS>
  <RULES_TRIGGERED>0</RULES_TRIGGERED>
  <COUNTERS_TRIGGERED>0</COUNTERS_TRIGGERED>
  <REASON_CODE></REASON_CODE>
  <MASTERCARD></MASTERCARD>
  <WARNING_COUNT>0</WARNING_COUNT>
</RESPONSE>

2015-03-26T11:47:59Z
RequestParameter:  billNo: P2kY5S262 | startTime:2015-03-26 11:47:59

2015-03-26T11:47:59Z
Array
(
    [MODE] => U
    [FRMT] => XML
    [VERS] => 0600
    [MERC] => 680000
    [SESS] => tajimb9i7hr4loqg3icq23cen7
    [TRAN] => 3YTC0Q6G6589
    [AUTH] => D
    [MACK] => Y
)


2015-03-26T11:48:00Z
ResponseParameter:  billNo: P2kY5S262 | endTime:2015-03-26 11:48:00

2015-03-26T11:48:00Z
<?xml version="1.0" encoding="UTF-8"?>
<RESPONSE>
  <VERS>0600</VERS>
  <MODE>U</MODE>
  <TRAN>3YTC0Q6G6589</TRAN>
  <MERC>680000</MERC>
  <SESS>tajimb9i7hr4loqg3icq23cen7</SESS>
  <RULES_TRIGGERED>0</RULES_TRIGGERED>
  <COUNTERS_TRIGGERED>0</COUNTERS_TRIGGERED>
  <REASON_CODE></REASON_CODE>
  <MASTERCARD></MASTERCARD>
  <WARNING_COUNT>0</WARNING_COUNT>
</RESPONSE>

2015-03-26T12:50:00Z
RequestParameter:  billNo: gdhcdcgjej | startTime:2015-03-26 12:50:00

2015-03-26T12:50:00Z
Array
(
    [MODE] => U
    [FRMT] => XML
    [VERS] => 0600
    [MERC] => 680000
    [SESS] => 13b4ffb143140a167c93465a4d592181
    [TRAN] => 3YTZ0Y8K4VQ4
    [AUTH] => D
    [MACK] => Y
)


2015-03-26T12:50:54Z
RequestParameter:  billNo: cbaijihahf | startTime:2015-03-26 12:50:54

2015-03-26T12:50:54Z
Array
(
    [MODE] => U
    [FRMT] => XML
    [VERS] => 0600
    [MERC] => 680000
    [SESS] => 13b4ffb143140a167c93465a4d592181
    [TRAN] => 3YTZ0PV8PBPC
    [AUTH] => D
    [MACK] => Y
)


2015-03-26T12:50:56Z
ResponseParameter:  billNo: cbaijihahf | endTime:2015-03-26 12:50:56

2015-03-26T12:50:56Z
<?xml version="1.0" encoding="UTF-8"?>
<RESPONSE>
  <VERS>0600</VERS>
  <MODE>U</MODE>
  <TRAN>3YTZ0PV8PBPC</TRAN>
  <MERC>680000</MERC>
  <SESS>13b4ffb143140a167c93465a4d592181</SESS>
  <RULES_TRIGGERED>0</RULES_TRIGGERED>
  <COUNTERS_TRIGGERED>0</COUNTERS_TRIGGERED>
  <REASON_CODE></REASON_CODE>
  <MASTERCARD></MASTERCARD>
  <WARNING_COUNT>0</WARNING_COUNT>
</RESPONSE>

2015-03-26T12:56:40Z
RequestParameter:  billNo: gdhjbgkdec | startTime:2015-03-26 12:56:40

2015-03-26T12:56:40Z
Array
(
    [MODE] => U
    [FRMT] => XML
    [VERS] => 0600
    [MERC] => 680000
    [SESS] => 3377024af5fa3eaa6d2d499a2eae3417
    [TRAN] => 3YTZ0NRD4X3M
    [AUTH] => 
    [MACK] => Y
    [RFCB] => R
)


2015-03-26T12:56:42Z
ResponseParameter:  billNo: gdhjbgkdec | endTime:2015-03-26 12:56:42

2015-03-26T12:56:42Z
<?xml version="1.0" encoding="UTF-8"?>
<RESPONSE>
  <VERS>0600</VERS>
  <MODE>U</MODE>
  <TRAN>3YTZ0NRD4X3M</TRAN>
  <MERC>680000</MERC>
  <SESS>3377024af5fa3eaa6d2d499a2eae3417</SESS>
  <RULES_TRIGGERED>0</RULES_TRIGGERED>
  <COUNTERS_TRIGGERED>0</COUNTERS_TRIGGERED>
  <REASON_CODE></REASON_CODE>
  <MASTERCARD></MASTERCARD>
  <WARNING_COUNT>0</WARNING_COUNT>
</RESPONSE>

2015-03-26T13:04:41Z
RequestParameter:  billNo: kkkcecifba | startTime:2015-03-26 13:04:41

2015-03-26T13:04:41Z
Array
(
    [MODE] => U
    [FRMT] => XML
    [VERS] => 0600
    [MERC] => 680000
    [SESS] => ff596331221e00b8fe962ad80010683e
    [TRAN] => 3YT809VBK7P8
    [AUTH] => 
    [MACK] => Y
    [RFCB] => R
)


2015-03-26T13:04:42Z
ResponseParameter:  billNo: kkkcecifba | endTime:2015-03-26 13:04:42

2015-03-26T13:04:42Z
<?xml version="1.0" encoding="UTF-8"?>
<RESPONSE>
  <VERS>0600</VERS>
  <MODE>U</MODE>
  <TRAN>3YT809VBK7P8</TRAN>
  <MERC>680000</MERC>
  <SESS>ff596331221e00b8fe962ad80010683e</SESS>
  <RULES_TRIGGERED>0</RULES_TRIGGERED>
  <COUNTERS_TRIGGERED>0</COUNTERS_TRIGGERED>
  <REASON_CODE></REASON_CODE>
  <MASTERCARD></MASTERCARD>
  <WARNING_COUNT>0</WARNING_COUNT>
</RESPONSE>

2015-03-26T15:34:38Z
RequestParameter:  billNo: Hs4cV1427384075 | startTime:2015-03-26 15:34:38

2015-03-26T15:34:38Z
Array
(
    [MODE] => U
    [FRMT] => XML
    [VERS] => 0600
    [MERC] => 680000
    [SESS] => Hs4cV1427384075
    [TRAN] => 3YT10K15ZVHT
    [AUTH] => D
    [MACK] => Y
)


2015-03-26T15:38:17Z
RequestParameter:  billNo: 34opm1427384295 | startTime:2015-03-26 15:38:17

2015-03-26T15:38:17Z
Array
(
    [MODE] => U
    [FRMT] => XML
    [VERS] => 0630
    [MERC] => 680000
    [SESS] => 34opm1427384295
    [TRAN] => 3YT10RVT1D8H
    [AUTH] => D
    [MACK] => Y
)


2015-03-26T15:38:18Z
ResponseParameter:  billNo: 34opm1427384295 | endTime:2015-03-26 15:38:18

2015-03-26T15:38:18Z
<?xml version="1.0" encoding="UTF-8"?>
<RESPONSE>
  <VERS>0630</VERS>
  <MODE>U</MODE>
  <TRAN>3YT10RVT1D8H</TRAN>
  <MERC>680000</MERC>
  <SESS>34opm1427384295</SESS>
  <RULES_TRIGGERED>0</RULES_TRIGGERED>
  <COUNTERS_TRIGGERED>0</COUNTERS_TRIGGERED>
  <REASON_CODE></REASON_CODE>
  <MASTERCARD></MASTERCARD>
  <WARNING_COUNT>0</WARNING_COUNT>
</RESPONSE>

2015-03-26T15:43:39Z
RequestParameter:  billNo: MKqaC1427384617 | startTime:2015-03-26 15:43:39

2015-03-26T15:43:39Z
Array
(
    [MODE] => U
    [FRMT] => XML
    [VERS] => 0630
    [MERC] => 680000
    [SESS] => MKqaC1427384617
    [TRAN] => 3YT10X5DKSHV
    [AUTH] => D
    [MACK] => Y
)


2015-03-26T15:43:40Z
ResponseParameter:  billNo: MKqaC1427384617 | endTime:2015-03-26 15:43:40

2015-03-26T15:43:40Z
<?xml version="1.0" encoding="UTF-8"?>
<RESPONSE>
  <VERS>0630</VERS>
  <MODE>U</MODE>
  <TRAN>3YT10X5DKSHV</TRAN>
  <MERC>680000</MERC>
  <SESS>MKqaC1427384617</SESS>
  <RULES_TRIGGERED>0</RULES_TRIGGERED>
  <COUNTERS_TRIGGERED>0</COUNTERS_TRIGGERED>
  <REASON_CODE></REASON_CODE>
  <MASTERCARD></MASTERCARD>
  <WARNING_COUNT>0</WARNING_COUNT>
</RESPONSE>

