2015-03-19T12:48:27Z
RequestParameter:  billNo: cebfibgagk | startTime:2015-03-19 12:48:27

2015-03-19T12:48:27Z
1

2015-03-19T12:50:41Z
RequestParameter:  billNo: 142914803 | startTime:2015-03-19 12:50:41

2015-03-19T12:50:41Z
1

2015-03-19T13:30:43Z
RequestParameter:  billNo: jjeaiihhgb | startTime:2015-03-19 13:30:43

2015-03-19T13:30:43Z
1

2015-03-19T13:54:44Z
RequestParameter:  billNo: kibjdaffea | startTime:2015-03-19 13:54:44

2015-03-19T13:54:44Z
1

2015-03-19T13:58:26Z
RequestParameter:  billNo: jhhgadcdcc | startTime:2015-03-19 13:58:26

2015-03-19T13:58:26Z
1

2015-03-19T15:30:21Z
RequestParameter:  billNo: 424187288 | startTime:2015-03-19 15:30:21

2015-03-19T15:30:21Z
1

2015-03-19T15:45:02Z
RequestParameter:  billNo: 523015342 | startTime:2015-03-19 15:45:02

2015-03-19T15:45:02Z
1

