2015-10-15T02:55:45Z
RequestParameter:  billNo: 2015101501 | startTime:2015-10-15 02:55:45

2015-10-15T02:55:45Z
https://sip.uniques.net/direct/payment

2015-10-15T02:55:45Z
Array
(
    [cid] => 88906
    [payNo] => 2015101501
    [createdAt] => 20151015100101
    [billCurrency] => EUR
    [lang] => ENG
    [billIp] => 27.32.198.143
    [signInfo] => 01ec1ba197b3947d1ed97262627c807b
    [ccNo] => 4************697
    [cvc] => ***
    [expMonth] => 04
    [expYear] => 2017
    [fName] => Juan
    [lName] => Dela Cruz
    [emailAddress] => juan@email.com
    [phoneNo] => 7117112
    [birth] => 19800909
    [zip] => 2234
    [billAddress] => Address
    [billCity] => City
    [billState] => State
    [billCountry] => AU
    [billAmount] => 10
    [comment] => Test only
)


2015-10-15T02:55:46Z
ResponseParameter:  billNo: 2015101501 | endTime:2015-10-15 02:55:46

2015-10-15T02:55:46Z
Array
(
    [rc] => 0
    [message] => Failed
    [data] => {"operation":"01","resultCode":"1","errorCode":"-68","cid":"88906","payNo":"2015101501","billAmount":"10.00","createdAt":"20151015105552","billCurrency":"EUR","tid":"","comment":"Invalid MD5Info","signInfo":"13237D8AB190F749652CF3BCB617A96C","billingDescriptor":""}

)


2015-10-15T02:58:22Z
RequestParameter:  billNo: 2015101502 | startTime:2015-10-15 02:58:22

2015-10-15T02:58:22Z
https://sip.uniques.net/direct/payment

2015-10-15T02:58:22Z
Array
(
    [cid] => 88906
    [payNo] => 2015101502
    [createdAt] => 20151015100101
    [billCurrency] => EUR
    [lang] => ENG
    [billIp] => 27.32.198.143
    [signInfo] => 8bd24f73b090db8892545aa7dce73177
    [ccNo] => 4************697
    [cvc] => ***
    [expMonth] => 04
    [expYear] => 2017
    [fName] => Juan
    [lName] => Dela Cruz
    [emailAddress] => juan@email.com
    [phoneNo] => 7117112
    [birth] => 19800909
    [zip] => 2234
    [billAddress] => Address
    [billCity] => City
    [billState] => State
    [billCountry] => AU
    [billAmount] => 10
    [comment] => Test only
)


2015-10-15T02:58:23Z
ResponseParameter:  billNo: 2015101502 | endTime:2015-10-15 02:58:23

2015-10-15T02:58:23Z
Array
(
    [rc] => 0
    [message] => Failed
    [data] => {"operation":"01","resultCode":"1","errorCode":"-68","cid":"88906","payNo":"2015101502","billAmount":"10.00","createdAt":"20151015105829","billCurrency":"EUR","tid":"","comment":"Invalid MD5Info","signInfo":"3FD96819C38334AA06D863131F21EADE","billingDescriptor":""}

)


2015-10-15T03:01:24Z
RequestParameter:  billNo: 2015101503 | startTime:2015-10-15 03:01:24

2015-10-15T03:01:24Z
https://sip.uniques.net/direct/payment

2015-10-15T03:01:24Z
Array
(
    [cid] => 88906
    [payNo] => 2015101503
    [createdAt] => 20151015100101
    [billCurrency] => EUR
    [lang] => ENG
    [billIp] => 27.32.198.143
    [signInfo] => bb6753118215e06bd5f4f1de9efd12f7
    [ccNo] => 4************697
    [cvc] => ***
    [expMonth] => 04
    [expYear] => 2017
    [fName] => Juan
    [lName] => Dela Cruz
    [emailAddress] => juan@email.com
    [phoneNo] => 7117112
    [birth] => 19800909
    [zip] => 2234
    [billAddress] => Address
    [billCity] => City
    [billState] => State
    [billCountry] => AU
    [billAmount] => 10
    [comment] => Test Payment Only, test comma
)


2015-10-15T03:01:25Z
ResponseParameter:  billNo: 2015101503 | endTime:2015-10-15 03:01:25

2015-10-15T03:01:25Z
Array
(
    [rc] => 0
    [message] => Failed
    [data] => {"operation":"01","resultCode":"1","errorCode":"-68","cid":"88906","payNo":"2015101503","billAmount":"10.00","createdAt":"20151015110130","billCurrency":"EUR","tid":"","comment":"Invalid MD5Info","signInfo":"6CFF83A6F4480CA4F255BBCD5EA487AD","billingDescriptor":""}

)


2015-10-15T03:03:07Z
RequestParameter:  billNo: 2015101504 | startTime:2015-10-15 03:03:07

2015-10-15T03:03:07Z
https://sip.uniques.net/direct/payment

2015-10-15T03:03:07Z
Array
(
    [cid] => 88906
    [payNo] => 2015101504
    [createdAt] => 20151015100101
    [billCurrency] => EUR
    [lang] => ENG
    [billIp] => 27.32.198.143
    [signInfo] => ad7aa28322c2778a8d89745b494787a7
    [ccNo] => 4************697
    [cvc] => ***
    [expMonth] => 04
    [expYear] => 2017
    [fName] => Juan
    [lName] => Dela Cruz
    [emailAddress] => juan@email.com
    [phoneNo] => 7117112
    [birth] => 19800909
    [zip] => 2234
    [billAddress] => Address
    [billCity] => City
    [billState] => State
    [billCountry] => AU
    [billAmount] => 10
    [comment] => Test Payment Only, test comma...
)


2015-10-15T03:03:08Z
ResponseParameter:  billNo: 2015101504 | endTime:2015-10-15 03:03:08

2015-10-15T03:03:08Z
Array
(
    [rc] => 0
    [message] => Failed
    [data] => {"operation":"01","resultCode":"1","errorCode":"-68","cid":"88906","payNo":"2015101504","billAmount":"10.00","createdAt":"20151015110313","billCurrency":"EUR","tid":"","comment":"Invalid MD5Info","signInfo":"77CDD3BFA5D5A1488CD9F0A0F2743D20","billingDescriptor":""}

)


