2015-09-20T09:04:28Z
RequestParameter:  billNo: 20150920170905 | startTime:2015-09-20 09:04:28

2015-09-20T09:04:28Z
https://test.payu.in/_payment

2015-09-20T09:04:28Z
Array
(
    [txn_s2s_flow] => 1
    [key] => Gzv04m
    [txnid] => 20150920170905
    [amount] => 99
    [productinfo] => Binary Trade
    [firstname] => Juan
    [email] => JUANDCAPPROVE@EXAMPLE.COM
    [phone] => 375336264692
    [surl] => surl
    [furl] => furl
    [pg] => CC
    [bankcode] => CC
    [ccnum] => 4************112
    [ccname] => Juan Dela Cruz
    [ccvv] => ***
    [ccexpmon] => 05
    [ccexpyr] => 2017
)


2015-09-20T09:04:31Z
ResponseParameter:  billNo: 20150920170905 | endTime:2015-09-20 09:04:31

2015-09-20T09:04:31Z
Array
(
    [rc] => 999
    [message] => failed
    [payu_data] => FSS0001-Authentication Not Available
    [data] => stdClass Object
        (
            [status] => failed
            [error] => FSS0001-Authentication Not Available
        )

)


