2015-07-02T10:42:42Z
RequestParameter:  CardNumber: 513770GZ7GQ7SP2N66NA | startTime:2015-07-02 10:42:42

2015-07-02T10:42:42Z
Array
(
    [ptok[5137706112517419]] => D
)


2015-07-02T10:42:44Z
ResponseParameter:  CardNumber: 513770GZ7GQ7SP2N66NA | endTime:2015-07-02 10:42:44

2015-07-02T10:42:44Z
<?xml version="1.0" encoding="UTF-8"?>
<response><status>ok</status><count><success>1</success><failure>0</failure></count><errors/><result>0</result></response>


2015-07-02T16:19:38Z
RequestParameter:  CardNumber: 49730153CHS5SV5AE6S9 | startTime:2015-07-02 16:19:38

2015-07-02T16:19:38Z
Array
(
    [ptok[4973019441947913]] => D
)


2015-07-02T16:19:40Z
ResponseParameter:  CardNumber: 49730153CHS5SV5AE6S9 | endTime:2015-07-02 16:19:40

2015-07-02T16:19:40Z
<?xml version="1.0" encoding="UTF-8"?>
<response><status>ok</status><count><success>1</success><failure>0</failure></count><errors/><result>0</result></response>


2015-07-02T16:21:17Z
RequestParameter:  CardNumber: 513320Q7GFA9ZKFTQN0Q | startTime:2015-07-02 16:21:17

2015-07-02T16:21:17Z
Array
(
    [ptok[5133209412710986]] => D
)


2015-07-02T16:21:19Z
ResponseParameter:  CardNumber: 513320Q7GFA9ZKFTQN0Q | endTime:2015-07-02 16:21:19

2015-07-02T16:21:19Z
<?xml version="1.0" encoding="UTF-8"?>
<response><status>ok</status><count><success>1</success><failure>0</failure></count><errors/><result>0</result></response>


2015-07-02T16:38:10Z
RequestParameter:  CardNumber: 431571A1ORMV9KJTMGD2 | startTime:2015-07-02 16:38:10

2015-07-02T16:38:10Z
Array
(
    [ptok[4315715000106141]] => D
)


2015-07-02T16:38:12Z
ResponseParameter:  CardNumber: 431571A1ORMV9KJTMGD2 | endTime:2015-07-02 16:38:12

2015-07-02T16:38:12Z
<?xml version="1.0" encoding="UTF-8"?>
<response><status>ok</status><count><success>1</success><failure>0</failure></count><errors/><result>0</result></response>


