2015-06-15T02:28:27Z
RequestParameter:  billNo: qdRuD1434335280

2015-06-15T02:28:27Z
SimpleXMLElement Object
(
    [securityCode] => 2003052020272027
    [cardNumber] => 4918914107195005
    [currency] => USD
    [apiUserId] => 2
    [r_apiUserId] => 2
    [API_username] => 100-01-ADM-DRivera
    [API_password] => password
    [refundOperation] => 02
    [transactionId] => 150615100602
    [billNo] => qdRuD1434335280
    [amount] => 10.00
    [refundAmount] => 10
    [refundType] => 1
    [remark] => qe qweqweqweqw|adminRemarks|_|ewqwe qwew
    [type] => 2
)


2015-06-15T02:28:27Z
ResponseParameter:  billNo: qdRuD1434335280

2015-06-15T02:28:27Z
resultCode=0&orderStatus=Accepted&ref=qdRuD1434335280&payRef=100627&amt=10&cur=608&errMsg=Void Successfully.

2015-06-15T02:40:07Z
RequestParameter:  billNo: pHj0U1434335980

2015-06-15T02:40:07Z
SimpleXMLElement Object
(
    [securityCode] => 2003052020272027
    [cardNumber] => 4918914107195005
    [currency] => USD
    [apiUserId] => 2
    [r_apiUserId] => 2
    [API_username] => 100-01-ADM-DRivera
    [API_password] => password
    [refundOperation] => 02
    [transactionId] => 150615100642
    [billNo] => pHj0U1434335980
    [amount] => 10.00
    [refundAmount] => 10.00
    [refundType] => 1
    [remark] => test|adminRemarks|_|test
    [type] => 2
)


2015-06-15T02:40:07Z
ResponseParameter:  billNo: pHj0U1434335980

2015-06-15T02:40:07Z
resultCode=0&orderStatus=Accepted&ref=pHj0U1434335980&payRef=100607&amt=10.00&cur=608&errMsg=Void Successfully.

2015-06-15T02:41:47Z
RequestParameter:  billNo: IQRmr1434336078

2015-06-15T02:41:47Z
SimpleXMLElement Object
(
    [securityCode] => 2003052020272027
    [cardNumber] => 4918914107195005
    [currency] => USD
    [apiUserId] => 2
    [r_apiUserId] => 2
    [API_username] => 100-01-ADM-DRivera
    [API_password] => password
    [refundOperation] => 02
    [transactionId] => 150615100620
    [billNo] => IQRmr1434336078
    [amount] => 10.00
    [refundAmount] => 10
    [refundType] => 1
    [remark] => TEST r_appuserid|adminRemarks|_|TEST r_appuserid
    [type] => 2
)


2015-06-15T02:41:47Z
ResponseParameter:  billNo: IQRmr1434336078

2015-06-15T02:41:47Z
resultCode=0&orderStatus=Accepted&ref=IQRmr1434336078&payRef=100647&amt=10&cur=608&errMsg=Void Successfully.

2015-06-15T02:45:08Z
RequestParameter:  billNo: T58u41434336284

2015-06-15T02:45:08Z
SimpleXMLElement Object
(
    [securityCode] => 2003052020272027
    [cardNumber] => 4918914107195005
    [currency] => USD
    [apiUserId] => 2
    [r_apiUserId] => 2
    [API_username] => 100-01-ADM-DRivera
    [API_password] => password
    [refundOperation] => 02
    [transactionId] => 150615100645
    [billNo] => T58u41434336284
    [amount] => 10.00
    [refundAmount] => 10
    [refundType] => 1
    [remark] => TEST r_apiUserId|adminRemarks|_|TEST r_apiUserId
    [type] => 2
)


2015-06-15T02:45:08Z
ResponseParameter:  billNo: T58u41434336284

2015-06-15T02:45:08Z
resultCode=0&orderStatus=Accepted&ref=T58u41434336284&payRef=100608&amt=10&cur=608&errMsg=Void Successfully.

2015-06-15T03:06:52Z
RequestParameter:  billNo: VLtCF1434337066

2015-06-15T03:06:52Z
SimpleXMLElement Object
(
    [securityCode] => 2003052020272027
    [cardNumber] => 4918914107195005
    [currency] => USD
    [apiUserId] => 2
    [r_apiUserId] => 2
    [API_username] => 100-01-ADM-DRivera
    [API_password] => password
    [refundOperation] => 02
    [transactionId] => 150615100648
    [billNo] => VLtCF1434337066
    [amount] => 10.00
    [refundAmount] => 10
    [refundType] => 1
    [remark] => asdasdas|adminRemarks|_|dasdasd
    [type] => 2
)


2015-06-15T03:06:52Z
ResponseParameter:  billNo: VLtCF1434337066

2015-06-15T03:06:52Z
resultCode=0&orderStatus=Accepted&ref=VLtCF1434337066&payRef=110652&amt=10&cur=608&errMsg=Void Successfully.

2015-06-15T03:12:15Z
RequestParameter:  billNo: PStpu1434337914

2015-06-15T03:12:15Z
SimpleXMLElement Object
(
    [securityCode] => 2003052020272027
    [cardNumber] => 4918914107195005
    [currency] => USD
    [apiUserId] => 2
    [r_apiUserId] => 2
    [API_username] => 100-01-ADM-DRivera
    [API_password] => password
    [refundOperation] => 02
    [transactionId] => 150615110655
    [billNo] => PStpu1434337914
    [amount] => 10.00
    [refundAmount] => 10.00
    [refundType] => 1
    [remark] => dsjkfhdksfhjds|adminRemarks|_|hjasdhkasd
    [type] => 2
)


2015-06-15T03:12:15Z
ResponseParameter:  billNo: PStpu1434337914

2015-06-15T03:12:15Z
resultCode=0&orderStatus=Accepted&ref=PStpu1434337914&payRef=110615&amt=10.00&cur=608&errMsg=Void Successfully.

2015-06-15T03:12:57Z
RequestParameter:  billNo: VlPvq1434337961

2015-06-15T03:12:57Z
SimpleXMLElement Object
(
    [securityCode] => 2003052020272027
    [cardNumber] => 4918914107195005
    [currency] => USD
    [apiUserId] => 2
    [r_apiUserId] => 2
    [API_username] => 100-01-ADM-DRivera
    [API_password] => password
    [refundOperation] => 02
    [transactionId] => 150615110643
    [billNo] => VlPvq1434337961
    [amount] => 10.00
    [refundAmount] => 10
    [refundType] => 1
    [remark] => df dsf ds|adminRemarks|_|das asd
    [type] => 2
)


2015-06-15T03:12:57Z
ResponseParameter:  billNo: VlPvq1434337961

2015-06-15T03:12:57Z
resultCode=0&orderStatus=Accepted&ref=VlPvq1434337961&payRef=110657&amt=10&cur=608&errMsg=Void Successfully.

2015-06-15T03:17:48Z
RequestParameter:  billNo: 3F9Yl1434338234

2015-06-15T03:17:48Z
SimpleXMLElement Object
(
    [securityCode] => 2003052020272027
    [cardNumber] => 4918914107195005
    [currency] => USD
    [apiUserId] => 2
    [r_apiUserId] => 2
    [API_username] => 100-01-ADM-DRivera
    [API_password] => password
    [refundOperation] => 02
    [transactionId] => 150615110615
    [billNo] => 3F9Yl1434338234
    [amount] => 10.00
    [refundAmount] => 10
    [refundType] => 1
    [remark] => TEST R_appuserid|adminRemarks|_|TEST R_appuserid
    [type] => 2
)


2015-06-15T03:17:48Z
ResponseParameter:  billNo: 3F9Yl1434338234

2015-06-15T03:17:48Z
resultCode=0&orderStatus=Accepted&ref=3F9Yl1434338234&payRef=110648&amt=10&cur=608&errMsg=Void Successfully.

2015-06-15T05:37:41Z
RequestParameter:  billNo: ygkh01434346612

2015-06-15T05:37:41Z
SimpleXMLElement Object
(
    [securityCode] => 2003052020272027
    [cardNumber] => 4918914107195005
    [currency] => USD
    [apiUserId] => 2
    [r_apiUserId] => 2
    [API_username] => 100-01-ADM-DRivera
    [API_password] => password
    [refundOperation] => 02
    [transactionId] => 150615130653
    [billNo] => ygkh01434346612
    [amount] => 10.00
    [refundAmount] => 10
    [refundType] => 2
    [remark] => Test |adminRemarks|_|Test Ref Bank
    [type] => 2
)


2015-06-15T05:37:41Z
ResponseParameter:  billNo: ygkh01434346612

2015-06-15T05:37:41Z
resultCode=0&orderStatus=Accepted&ref=ygkh01434346612&payRef=010641&amt=10&cur=608&errMsg=Void Successfully.

2015-06-15T05:38:07Z
RequestParameter:  billNo: vuhEW1434346628

2015-06-15T05:38:07Z
SimpleXMLElement Object
(
    [securityCode] => 2003052020272027
    [cardNumber] => 4918914107195005
    [currency] => USD
    [apiUserId] => 2
    [r_apiUserId] => 2
    [API_username] => 100-01-ADM-DRivera
    [API_password] => password
    [refundOperation] => 02
    [transactionId] => 150615130610
    [billNo] => vuhEW1434346628
    [amount] => 10.00
    [refundAmount] => 10
    [refundType] => 1
    [remark] => Test|adminRemarks|_|Test Refund
    [type] => 2
)


2015-06-15T05:38:07Z
ResponseParameter:  billNo: vuhEW1434346628

2015-06-15T05:38:07Z
resultCode=0&orderStatus=Accepted&ref=vuhEW1434346628&payRef=010607&amt=10&cur=608&errMsg=Void Successfully.

2015-06-15T09:09:08Z
RequestParameter:  billNo: DLJv51434336897

2015-06-15T09:09:08Z
SimpleXMLElement Object
(
    [securityCode] => 2003052020272027
    [cardNumber] => 4918914107195005
    [currency] => USD
    [apiUserId] => 2
    [r_apiUserId] => 2
    [API_username] => 100-01-ADM-DRivera
    [API_password] => password
    [refundOperation] => 02
    [transactionId] => 150615100658
    [billNo] => DLJv51434336897
    [amount] => 10.00
    [refundAmount] => 10
    [refundType] => 1
    [remark] => test|adminRemarks|_|test refund
    [type] => 2
)


2015-06-15T09:09:08Z
ResponseParameter:  billNo: DLJv51434336897

2015-06-15T09:09:08Z
resultCode=0&orderStatus=Accepted&ref=DLJv51434336897&payRef=050608&amt=10&cur=608&errMsg=Void Successfully.

