2016-05-06T03:57:16Z
RequestParameter:  billNo: 979790a99df1b3e5 | startTime:2016-05-06 03:57:16

2016-05-06T03:57:16Z
Array
(
    [MODE] => U
    [FRMT] => XML
    [VERS] => 0630
    [MERC] => 680000
    [SESS] => 979790a99df1b3e5
    [TRAN] => PNDK01B09CL8
    [AUTH] => D
    [MACK] => Y
)


2016-05-06T03:57:17Z
ResponseParameter:  billNo: 979790a99df1b3e5 | endTime:2016-05-06 03:57:17

2016-05-06T03:57:17Z
<?xml version="1.0" encoding="UTF-8"?>
<RESPONSE>
  <VERS>0630</VERS>
  <MODE>U</MODE>
  <TRAN>PNDK01B09CL8</TRAN>
  <MERC>680000</MERC>
  <SESS>979790a99df1b3e5</SESS>
  <RULES_TRIGGERED>0</RULES_TRIGGERED>
  <COUNTERS_TRIGGERED>0</COUNTERS_TRIGGERED>
  <REASON_CODE></REASON_CODE>
  <MASTERCARD></MASTERCARD>
  <WARNING_COUNT>0</WARNING_COUNT>
</RESPONSE>

2016-05-06T04:30:38Z
RequestParameter:  billNo: e6db49c12f3f4f4e | startTime:2016-05-06 04:30:38

2016-05-06T04:30:38Z
Array
(
    [MODE] => U
    [FRMT] => XML
    [VERS] => 0630
    [MERC] => 680000
    [SESS] => e6db49c12f3f4f4e
    [TRAN] => PNDN0B594B38
    [AUTH] => D
    [MACK] => Y
)


2016-05-06T04:30:40Z
ResponseParameter:  billNo: e6db49c12f3f4f4e | endTime:2016-05-06 04:30:40

2016-05-06T04:30:40Z
<?xml version="1.0" encoding="UTF-8"?>
<RESPONSE>
  <VERS>0630</VERS>
  <MODE>U</MODE>
  <TRAN>PNDN0B594B38</TRAN>
  <MERC>680000</MERC>
  <SESS>e6db49c12f3f4f4e</SESS>
  <RULES_TRIGGERED>0</RULES_TRIGGERED>
  <COUNTERS_TRIGGERED>0</COUNTERS_TRIGGERED>
  <REASON_CODE></REASON_CODE>
  <MASTERCARD></MASTERCARD>
  <WARNING_COUNT>0</WARNING_COUNT>
</RESPONSE>

2016-05-06T04:53:30Z
RequestParameter:  billNo: c8ccc9343acfdd9b | startTime:2016-05-06 04:53:30

2016-05-06T04:53:30Z
Array
(
    [MODE] => U
    [FRMT] => XML
    [VERS] => 0630
    [MERC] => 680000
    [SESS] => c8ccc9343acfdd9b
    [TRAN] => PNDN0T5JZL26
    [AUTH] => D
    [MACK] => Y
)


2016-05-06T04:53:31Z
ResponseParameter:  billNo: c8ccc9343acfdd9b | endTime:2016-05-06 04:53:31

2016-05-06T04:53:31Z
<?xml version="1.0" encoding="UTF-8"?>
<RESPONSE>
  <VERS>0630</VERS>
  <MODE>U</MODE>
  <TRAN>PNDN0T5JZL26</TRAN>
  <MERC>680000</MERC>
  <SESS>c8ccc9343acfdd9b</SESS>
  <RULES_TRIGGERED>0</RULES_TRIGGERED>
  <COUNTERS_TRIGGERED>0</COUNTERS_TRIGGERED>
  <REASON_CODE></REASON_CODE>
  <MASTERCARD></MASTERCARD>
  <WARNING_COUNT>0</WARNING_COUNT>
</RESPONSE>

