2016-03-14T03:30:02Z
Endpoint: https://www.3dsecurempi.com/TDS/MPIVerifyEnrollmentXML

2016-03-14T03:30:02Z
Verify RequestParameter:  billNo: H7op41457926198

2016-03-14T03:30:02Z
<EPG><MESSAGE id='H7op41457926198' version='1.02'><MPI><mid></mid><name>Juan Dela Cruz</name><pan>5422882800700007</pan><expiry>1807</expiry><currency>840</currency><amount>1000</amount><desc></desc><httpUserAgent>Mozilla/5.0 (Windows NT 6.3; WOW64; rv:45.0) Gecko/20100101 Firefox/45.0</httpUserAgent><httpAcceptLanguage>en-US,en;q=0.5</httpAcceptLanguage><trackid>H7op41457926198</trackid></MPI></MESSAGE></EPG>

2016-03-14T03:30:05Z
Verify ResponseParameter:  billNo: H7op41457926198

2016-03-14T03:30:05Z
Array
(
    [rc] => 0
    [result] => <EPG><MESSAGE id="H7op41457926198" version="1.0"><Response><result>Unable to Verify Enrollment</result><avr>U</avr><message>VERes: This Merchant (/M) is not setup on the MPI.
Request originated from IP Address: 119.81.70.162</message><pareq></pareq><url></url><trackid>H7op41457926198</trackid></Response></MESSAGE></EPG>
)


2016-03-14T04:02:09Z
Endpoint: https://www.3dsecurempi.com/TDS/MPIVerifyEnrollmentXML

2016-03-14T04:02:09Z
Verify RequestParameter:  billNo: FoYA11457928127

2016-03-14T04:02:09Z
<EPG><MESSAGE id='FoYA11457928127' version='1.02'><MPI><mid>allianzmetro</mid><name>JUAN DELA CRUZ</name><pan>5422882800700007</pan><expiry>1807</expiry><currency>840</currency><amount>1000</amount><desc></desc><httpUserAgent>Mozilla/5.0 (Windows NT 6.3; WOW64; rv:45.0) Gecko/20100101 Firefox/45.0</httpUserAgent><httpAcceptLanguage>en-US,en;q=0.5</httpAcceptLanguage><trackid>FoYA11457928127</trackid></MPI></MESSAGE></EPG>

2016-03-14T04:02:11Z
Verify ResponseParameter:  billNo: FoYA11457928127

2016-03-14T04:02:11Z
Array
(
    [rc] => 0
    [result] => <EPG><MESSAGE id="FoYA11457928127" version="1.0"><Response><result>Enrolled</result><avr>Y</avr><message></message><pareq>eJxdUttuozAQfY/Uf7DQvjYeaBJI5LjKlt6kklZbulIekRkl7AZIbVOl+/VrE6BOeWHOmQNz5sKuj+WefKBURV0tPX8MHsFK1HlRbZfeW3p3GXnX/GLE0p1EjF9RNBL5iBCWoFLZFkmRL73bdXz7OwoAZvN5OJ97VmAkL6tf+H6KDeqKcFNjHDDawz6doBS7rNI9YahMvP98XHO/fRjt4Fe+RPkY8zAMs/2+yKp/JWpZM3qiBxlhVVYiX5EUlSZ9GUZb1lGJuqm0/OQziBjtgZNv5J7vtD6oBaVXuWonMUZRl2UXm9B4VIxaZd8W/d4Xe2ksoc5qH4ucP8ebySZdBev7RCexmCYFwObP7u9Tul0yahXOB3mmkQfgz+DKnxCYLiBYQMhoyzu6rLSN8LfXH8SHMYCZ4olxNAdraHWifbAal3En1EhpjuOTRxMjGpCjwOOhrtB8ZRY8xK5tVIIbl/b1RQ+z+j4advNw1owQ2mx2OgmCKAoigNC4tV13iXMjhVmfH9l0B4Yy/V9Nwf5C7Z7ae+YjRs9u/WL0H5NN2JA=</pareq><url>https://www.3dsecurempi.com/TDS/AUT?Action=Authenticate</url><trackid>FoYA11457928127</trackid></Response></MESSAGE></EPG>
)


2016-03-14T04:03:12Z
Endpoint: https://www.3dsecurempi.com/TDS/MPIVerifyEnrollmentXML

2016-03-14T04:03:12Z
Verify RequestParameter:  billNo: trDZO1457928190

2016-03-14T04:03:12Z
<EPG><MESSAGE id='trDZO1457928190' version='1.02'><MPI><mid>allianzmetro</mid><name>JUAN DELA CRUZ</name><pan>5422882800700007</pan><expiry>1807</expiry><currency>840</currency><amount>1000</amount><desc></desc><httpUserAgent>Mozilla/5.0 (Windows NT 6.3; WOW64; rv:45.0) Gecko/20100101 Firefox/45.0</httpUserAgent><httpAcceptLanguage>en-US,en;q=0.5</httpAcceptLanguage><trackid>trDZO1457928190</trackid></MPI></MESSAGE></EPG>

2016-03-14T04:03:13Z
Verify ResponseParameter:  billNo: trDZO1457928190

2016-03-14T04:03:13Z
Array
(
    [rc] => 0
    [result] => <EPG><MESSAGE id="trDZO1457928190" version="1.0"><Response><result>Enrolled</result><avr>Y</avr><message></message><pareq>eJxdUl1PgzAUfV/if2iIr64tzMGWrma6qUscfqE+k3LjMHzMtpjpr7dlAzt54Z5zD9xzP9jFrizQF0iV19XMo0PiIahEneXV+8x7Sa7PIu+CnwxYspEAi2cQjQQ+QIitQan0HVCezbxlvFi+TiJ/Mh4FIQk8KzCSh/kTfO5jgw5FuKkx9BnuYJdegxSbtNIdYahUfF6uYk7bh+ED/MuXIFcLHoZhWhR5Wv2UoGXN8J7uZYhVaQl8jhJQGnVlGG5ZRyXqptLym49JxHAHnHwjC77RequmGAeZaicxBFGX5SE2ofGoGLbKri38vy/20FhCHdXe5RmPk+vi/mZJ1z+Pep2saHxFSPzxurl7W80YtgrngyzVwH1CxySgI0TOpySYkgnDLe/o0tI2wl+eTxElQ0LMFPeMo9laQ/M9TYnVuIw7oUZKcxzfPBoZUY8cBey2dQXmK7PgPnZtgxLcuLSvP7qf1f/RsKvbo2aE0Gaz5yPfjyI/IiQ0bkloL6NNHBvJzfpoZNMH0Jfp/moKdhdq99TeMx8wfHTrJ4NfYWLYcw==</pareq><url>https://www.3dsecurempi.com/TDS/AUT?Action=Authenticate</url><trackid>trDZO1457928190</trackid></Response></MESSAGE></EPG>
)


2016-03-14T04:05:13Z
Endpoint: https://www.3dsecurempi.com/TDS/MPIVerifyEnrollmentXML

2016-03-14T04:05:13Z
Verify RequestParameter:  billNo: D6eg71457928310

2016-03-14T04:05:13Z
<EPG><MESSAGE id='D6eg71457928310' version='1.02'><MPI><mid>allianzmetro</mid><name>JUAN DELA CRUZ</name><pan>5422882800700007</pan><expiry>1807</expiry><currency>840</currency><amount>1000</amount><desc></desc><httpUserAgent>Mozilla/5.0 (Windows NT 6.3; WOW64; rv:45.0) Gecko/20100101 Firefox/45.0</httpUserAgent><httpAcceptLanguage>en-US,en;q=0.5</httpAcceptLanguage><trackid>D6eg71457928310</trackid></MPI></MESSAGE></EPG>

2016-03-14T04:05:15Z
Verify ResponseParameter:  billNo: D6eg71457928310

2016-03-14T04:05:15Z
Array
(
    [rc] => 0
    [result] => <EPG><MESSAGE id="D6eg71457928310" version="1.0"><Response><result>Enrolled</result><avr>Y</avr><message></message><pareq>eJxdUttuozAQfY/Uf7DQvm5sCAVUOa6yTVebqqBuS1v1EZlRQxsgtc0q6dfvmATq1ELynDPHzJVf7uoN+QdKV20z9/wp8wg0si2r5nXuPea/fybepTib8HytAJYPIDsFYkIIT0Hr4hVIVc6962x5/RTOojhKwigMPCtAyd3iHj4ONqJjEIExpgGnAxzcKSi5LhozEEgV8uPXKhN+fzg9wi9/DWq1FHEcF5tNVTSfNRjVcnqgRxnhTVGDWJActCFDGE571lHJtmuM2ouIJZwOwPF3aiPWxmz1BaWzUvedmIJs6/poo4k5ak6tciiLfq+L33WW0Cexd1Up0uCmesn/BulzarK3m3V2xViWrz5v8/c5p1bhPCgLAyJgfsRmfkjY+QV+tkc97+iK2hYiHh9+EJ9NGcMuHhhHs7UJLQ60z6zGZdwOdUrhcuxFEqJoRI4Cdtu2AXyFAx5tN23QUmCW9vqix159bw2/+nNSjJQGJ3seBkGSBAljMWbLYrsZveM0kQrH5yfWfQRjmOGvGHDYUDunfp/FhNOTXT+b/AersNil</pareq><url>https://www.3dsecurempi.com/TDS/AUT?Action=Authenticate</url><trackid>D6eg71457928310</trackid></Response></MESSAGE></EPG>
)


2016-03-14T04:06:18Z
Endpoint: https://www.3dsecurempi.com/TDS/MPIVerifyEnrollmentXML

2016-03-14T04:06:18Z
Verify RequestParameter:  billNo: RvziG1457928376

2016-03-14T04:06:18Z
<EPG><MESSAGE id='RvziG1457928376' version='1.02'><MPI><mid>allianzmetro</mid><name>JUAN DELA CRUZ</name><pan>5422882800700007</pan><expiry>1807</expiry><currency>840</currency><amount>1000</amount><desc></desc><httpUserAgent>Mozilla/5.0 (Windows NT 6.3; WOW64; rv:45.0) Gecko/20100101 Firefox/45.0</httpUserAgent><httpAcceptLanguage>en-US,en;q=0.5</httpAcceptLanguage><trackid>RvziG1457928376</trackid></MPI></MESSAGE></EPG>

2016-03-14T04:06:19Z
Verify ResponseParameter:  billNo: RvziG1457928376

2016-03-14T04:06:19Z
Array
(
    [rc] => 0
    [result] => <EPG><MESSAGE id="RvziG1457928376" version="1.0"><Response><result>Enrolled</result><avr>Y</avr><message></message><pareq>eJxdUttuozAQfY/Uf7DQvja2yQUUOa7YplUrLVG1pfuQN2RGDbtcUttU6X59xyRQp7ww58yBOXMRN8e6Iu+gTdk264BPWUCgUW1RNq/r4CW7v46DG3k1EdleA2yeQXUa5IQQkYIx+SuQslgHd9vN3Z+QccajcMkXgROg5Cn5DW+nGNG5iMQa01DQAQ7pFLTa540dCKRy9fbzcSt5/wh6hl/5GvTjRkZRlFdVmTf/a7C6FfREjzIimrwGmZAMjCVDGUF71lOptmus/pBLFgs6AC/f6UrurT2YFaWzwvSTmIJq6/ocY4gejaBOObRFv/clnjpHmIvax7KQabirdlkyS/8mNs225e6Wse0mmf3K/q0FdQrvgyK3IHHiSzbjc8IWK7Zc8YWgPe/p8to1Il+efxDOpozhFE+Mpzk4Q8mJ5sxpfMafUKc1HseHjOcoGpGngOOhbQC/wgWPsW8bjJLo0r2+6HFW30cjbh8umlHK4mYX8zCM4zBmLEK3LHKX0ScujZS4Ph679BmMZYa/YsHhQt2e+nuWE0Evbv1q8gnlttg4</pareq><url>https://www.3dsecurempi.com/TDS/AUT?Action=Authenticate</url><trackid>RvziG1457928376</trackid></Response></MESSAGE></EPG>
)


2016-03-14T04:09:08Z
Endpoint: https://www.3dsecurempi.com/TDS/MPIVerifyEnrollmentXML

2016-03-14T04:09:08Z
Verify RequestParameter:  billNo: RvziG14579283761

2016-03-14T04:09:08Z
<EPG><MESSAGE id='RvziG14579283761' version='1.02'><MPI><mid>allianzmetro</mid><name>JUAN DELA CRUZ</name><pan>5422882800700007</pan><expiry>1807</expiry><currency>840</currency><amount>1000</amount><desc></desc><httpUserAgent>Mozilla/5.0 (Windows NT 6.3; WOW64; rv:45.0) Gecko/20100101 Firefox/45.0</httpUserAgent><httpAcceptLanguage>en-US,en;q=0.5</httpAcceptLanguage><trackid>RvziG14579283761</trackid></MPI></MESSAGE></EPG>

2016-03-14T04:09:10Z
Verify ResponseParameter:  billNo: RvziG14579283761

2016-03-14T04:09:10Z
Array
(
    [rc] => 0
    [result] => <EPG><MESSAGE id="RvziG14579283761" version="1.0"><Response><result>Enrolled</result><avr>Y</avr><message></message><pareq>eJxdUstu4jAU3SP1H6yo28F2CCRFxogZOh2kaVq1UFR2kXPVZJQHtZ0K5utrB5KaZpN7zj3JuS82P5QF+gCp8rqaeXRIPASVqNO8ept5m/XvH5E351cDts4kwPIZRCOBDxBi96BU8gYoT2febby8fRkHNKDkZjT2bN4oHhdP8H6KDTp7cGMx9BnuYJe+BymypNIdYahEvP9cxZy2D8Nn+JUvQa6WPAzDpCjypPpfgpY1wye6lyFWJSXwBVqD0qizYbhlHZWom0rLI5+QiOEOOPlGFjzTeq+mGI9S1Q5iCKIuy3NsQlOjYtgqu7bw977YY2MJdeF9yFO++5dmu3WcPdxtdHz3SuMjIfF2V/zdrmYMW4XzQZpo4D6hEzKiASLjKbmZkgnDLe/oktI2wjfP14iSISFmiifG0extQYsTTYnVuIw7oUZKcxtHHgVG1CNHAYd9XYH5yiy4j92yQQluqrSvL7qf1ffRsF9/LpoRQpvNjgPfjyI/IiQ01ZLQXkabuCwkN+ujkU2fQW/T/dUYdhdq99SeMx8wfHHqV4NPe47YyQ==</pareq><url>https://www.3dsecurempi.com/TDS/AUT?Action=Authenticate</url><trackid>RvziG14579283761</trackid></Response></MESSAGE></EPG>
)


2016-03-14T04:09:52Z
Endpoint: https://www.3dsecurempi.com/TDS/MPIVerifyEnrollmentXML

2016-03-14T04:09:52Z
Verify RequestParameter:  billNo: UqYas1457928589

2016-03-14T04:09:52Z
<EPG><MESSAGE id='UqYas1457928589' version='1.02'><MPI><mid>allianzmetro</mid><name>JUAN DELA CRUZ</name><pan>5422882800700007</pan><expiry>1807</expiry><currency>840</currency><amount>1000</amount><desc></desc><httpUserAgent>Mozilla/5.0 (Windows NT 6.3; WOW64; rv:45.0) Gecko/20100101 Firefox/45.0</httpUserAgent><httpAcceptLanguage>en-US,en;q=0.5</httpAcceptLanguage><trackid>UqYas1457928589</trackid></MPI></MESSAGE></EPG>

2016-03-14T04:09:53Z
Verify ResponseParameter:  billNo: UqYas1457928589

2016-03-14T04:09:53Z
Array
(
    [rc] => 0
    [result] => <EPG><MESSAGE id="UqYas1457928589" version="1.0"><Response><result>Enrolled</result><avr>Y</avr><message></message><pareq>eJxdUstu4jAU3SPxD1Y028FOCI2LjBFTaKfSkKlKGKndRc5VSZsHtZ2W9uvHDiQ1zSb3nHuSc19sfigL9AZS5XU18/wR8RBUos7y6mnmbZPrn9Sb8+GAJTsJsNyAaCTwAUJsDUqlT4DybOat4uXq38QP6ZiSMPRs3ijuFvfweowNOnlwYzEKGO5gl16DFLu00h1hqFS8/rqNud8+DJ/gV74EebvkURSlRZGn1WcJWtYMH+lehliVlsAXKAGlUWfDcMs6KlE3lZYf/IJQhjvg5BtZ8J3WezXFeJypdhAjEHVZnmITmhoVw1bZtYW/98XuGkuoM+9DnvG/N9cv8fOKxMlWP96s3x82hMSf98Wf5GXGsFU4H2SpBh4Q/4KM/RCRyZRcTsNLhlve0aWlbYRvNz+QT0aEmCkeGUeztwUtjrRPrMZl3Ak1Uprb+OA0NKIeOQo47OsKzFdmwX3slg1KcFOlfX3R/ay+j4Zd/T5rRghtNjsJg4DSgBISmWpJZC+jTZwXkpv1+dSmT6C36f5qDLsLtXtqz5kPGD479eHgP3UR2MY=</pareq><url>https://www.3dsecurempi.com/TDS/AUT?Action=Authenticate</url><trackid>UqYas1457928589</trackid></Response></MESSAGE></EPG>
)


2016-03-14T04:10:24Z
Endpoint: https://www.3dsecurempi.com/TDS/MPIVerifyEnrollmentXML

2016-03-14T04:10:24Z
Verify RequestParameter:  billNo: tUO4c1457928622

2016-03-14T04:10:24Z
<EPG><MESSAGE id='tUO4c1457928622' version='1.02'><MPI><mid>allianzmetro</mid><name>JUAN DELA CRUZ</name><pan>5422882800700007</pan><expiry>1807</expiry><currency>840</currency><amount>1000</amount><desc></desc><httpUserAgent>Mozilla/5.0 (Windows NT 6.3; WOW64; rv:45.0) Gecko/20100101 Firefox/45.0</httpUserAgent><httpAcceptLanguage>en-US,en;q=0.5</httpAcceptLanguage><trackid>tUO4c1457928622</trackid></MPI></MESSAGE></EPG>

2016-03-14T04:10:25Z
Verify ResponseParameter:  billNo: tUO4c1457928622

2016-03-14T04:10:25Z
Array
(
    [rc] => 0
    [result] => <EPG><MESSAGE id="tUO4c1457928622" version="1.0"><Response><result>Enrolled</result><avr>Y</avr><message></message><pareq>eJxdUttO4zAQfa/EP1gRr9SXpiSqXKNCi6hEA1raXe1j5IxoIJdiO1D4euy0CS55yZwzJ5kzF361Lwv0DkrndTUN6JAECCpZZ3n1PA0269uLOLgSZwO+3iqA+RPIRoEYIMRXoHX6DCjPpsEimS/+RoxGYxayURw4gZU8zv7A2yG26FhE2BpDxnEHu/QKlNymlekIS6Xy7XqZCNo+HB/hT74EtZyLKIrSosjT6qsEo2qOD3QvQ7xKSxAztAZtUFeG45b1VLJuKqM+xSWJOe6Al29UIbbG7PQE41Gm20kMQdZleYxtaD1qjp2yawv/7os/No7QJ7X3eSaSf5uP5KV4eZhLsyqXJMkJ+f+1CO/Xr1OOncL7IEsNCEboJRnREJHxhJIJszNqeU+Xlq4RsXk6R5QMCbFTPDCeZucMzQ40JU7jM/6EGqXscXyKOLSiHnkK2O/qCuxXdsF97NsGLYV16V4/dD+r36PhN3cnzUhp7GbHIWNxzGJCIuuWRO4y2sSpkdyuj8YufQR9me6vtmB3oW5P7T2LAccnt342+AZOLdkR</pareq><url>https://www.3dsecurempi.com/TDS/AUT?Action=Authenticate</url><trackid>tUO4c1457928622</trackid></Response></MESSAGE></EPG>
)


2016-03-14T04:11:42Z
Endpoint: https://www.3dsecurempi.com/TDS/MPIVerifyEnrollmentXML

2016-03-14T04:11:42Z
Verify RequestParameter:  billNo: im9n01457928701

2016-03-14T04:11:42Z
<EPG><MESSAGE id='im9n01457928701' version='1.02'><MPI><mid>allianzmetro</mid><name>JUAN DELA CRUZ</name><pan>5422882800700007</pan><expiry>1807</expiry><currency>840</currency><amount>1000</amount><desc></desc><httpUserAgent>Mozilla/5.0 (Windows NT 6.3; WOW64; rv:45.0) Gecko/20100101 Firefox/45.0</httpUserAgent><httpAcceptLanguage>en-US,en;q=0.5</httpAcceptLanguage><trackid>im9n01457928701</trackid></MPI></MESSAGE></EPG>

2016-03-14T04:11:43Z
Verify ResponseParameter:  billNo: im9n01457928701

2016-03-14T04:11:43Z
Array
(
    [rc] => 0
    [result] => <EPG><MESSAGE id="im9n01457928701" version="1.0"><Response><result>Enrolled</result><avr>Y</avr><message></message><pareq>eJxdUl1vmzAUfY/U/2ChvS62ISle5LjKRqdFarJupZO2N2SuEiYMqW2mpL9+NgnUKS/cc+6Be+4HvzuqGv0Dbaq2WUZ0SiIEjWzLqtkto+f860cW3YmbCc/3GiB7AtlpEBOE+AaMKXaAqnIZ3W+z+1+UsnmasCRJIi9wksfVT3g5xw5dighXYxpzPMAhvQEt90VjB8JRhXz5vN4K2j8cX+BbXoFeZyJN06Kuq6J5VWB1y/GZHmWIN4UCsUI5GIuGMhz3bKCSbddYfRK3hHE8gCDf6VrsrT2YBcZJafpJTEG2Sl1iFzqPhmOvHNrC7/vij50nzFXtY1WK339X8Sb7ozavP+w2r9X2RMj3bD1/yHdLjr0i+KAsLIiY0FuS0Bki8wWli+QTxz0f6ArlGxHPTx8QJVNC3BTPTKA5eEOrM02J14RMOKFOa3ccJ8FmTjSiQAHHQ9uA+8oteIxD22CkcC79640eZ/V+NPzLt6tmpLRus/NZHDMWM0JS55ak/jL6xLWRyq2PMp++gLHM8FdXcLhQv6f+nsWE46tbv5n8Bwja2OY=</pareq><url>https://www.3dsecurempi.com/TDS/AUT?Action=Authenticate</url><trackid>im9n01457928701</trackid></Response></MESSAGE></EPG>
)


2016-03-14T04:15:35Z
Endpoint: https://www.3dsecurempi.com/TDS/MPIVerifyEnrollmentXML

2016-03-14T04:15:35Z
Verify RequestParameter:  billNo: DmSq21457928933

2016-03-14T04:15:35Z
<EPG><MESSAGE id='DmSq21457928933' version='1.02'><MPI><mid>allianzmetro</mid><name>JUAN DELA CRUZ</name><pan>5422882800700007</pan><expiry>1807</expiry><currency>840</currency><amount>1000</amount><desc></desc><httpUserAgent>Mozilla/5.0 (Windows NT 6.3; WOW64; rv:45.0) Gecko/20100101 Firefox/45.0</httpUserAgent><httpAcceptLanguage>en-US,en;q=0.5</httpAcceptLanguage><trackid>DmSq21457928933</trackid></MPI></MESSAGE></EPG>

2016-03-14T04:15:36Z
Verify ResponseParameter:  billNo: DmSq21457928933

2016-03-14T04:15:36Z
Array
(
    [rc] => 0
    [result] => <EPG><MESSAGE id="DmSq21457928933" version="1.0"><Response><result>Enrolled</result><avr>Y</avr><message></message><pareq>eJxdUsFu4jAQvSP1H6yo12I7EGIhY0QL1SItqNqGlThGzgiikoTazi7w9bUDSU1zybw3z5434+HTU3FA/0DpvConAe2TAEEpqywvd5Ngk7w+sWAqHno82SuA+TvIWoHoIcRXoHW6A5Rnk2Cxni/+suGIhlFEKAucwEreZn/g8xpbdCsibI1+yHEL2/QKlNynpWkJS6Xy83m5FrT5OL7B73wBajkXcRynh0OelpcCjKo4vtKdDPEyLUDMUALaoLYMxw3rqWRVl0adxYgwjlvg5Wt1EHtjjnqM8SDTzST6IKuiuMU2tB41x07ZtoV/9sXfakfou9qnPBPry/5jlSxP28vCbBN5XueEbJPt/9/JbsKxU3gHstSACAkdkQEdIhKNaTQe2Kk2vKdLC9eI2Lw/Ikr6hNgpXhlPc3SGZleaEqfxGX9CtVJ2Oc6CDa2oQ54CTseqBHvKWuli3zZoKaxL9/umu1n9HA1/+XXXjJTGvmw0DEPGQkZIbN2S2G1Gk7g3ktvno8ylb6Ar095qC7Yb6t6p2WfR4/hu1x96X0/Y2bo=</pareq><url>https://www.3dsecurempi.com/TDS/AUT?Action=Authenticate</url><trackid>DmSq21457928933</trackid></Response></MESSAGE></EPG>
)


2016-03-14T05:50:13Z
Endpoint: https://www.cardpaydirect.com/EPG/EpayNoProgressBar

2016-03-14T05:50:13Z
RequestParameter:  billNo: 2KTkI1457934612

2016-03-14T05:50:13Z
Array
(
    [Version] => 2.0
    [Referer] => Vente-PriveeTest
    [Identifier] => 2KTkI1457934612
    [Items] => Product Item
    [Amount] => 10
    [DateMM] => 07
    [DateYY] => 18
    [CVV] => ***
    [CardType] => M
    [Card] => 5************007
    [Name] => JUAN DELA CRUZ
    [Email] => cs@allianzmetro.com
    [Address] => 12345678 qwertyu
    [City] => MAKATI
    [Country] => PH
    [IPAddress] => 
)


2016-03-14T05:50:19Z
ResponseParameter:  billNo: 2KTkI1457934612

2016-03-14T05:50:19Z
Array
(
    [rc] => 0
    [result] => ReceiptCode=D161403064936799,Identifier=2KTkI1457934612,AcceptReject=T,Auth=12345,ReasonCode=0,CardNoDigest=6CA5F54FA9315311CB458A8A6D200730
)


2016-03-14T05:52:20Z
Endpoint: https://www.cardpaydirect.com/EPG/EpayNoProgressBar

2016-03-14T05:52:20Z
RequestParameter:  billNo: 1XjEa1457934738

2016-03-14T05:52:20Z
Array
(
    [Version] => 2.0
    [Referer] => Vente-PriveeTest
    [Identifier] => 1XjEa1457934738
    [Items] => Product Item
    [Amount] => 10
    [DateMM] => 07
    [DateYY] => 18
    [CVV] => ***
    [CardType] => M
    [Card] => 5************007
    [Name] => JUAN DELA CRUZ
    [Email] => cs@allianzmetro.com
    [Address] => 12345678 qwertyu
    [City] => MAKATI
    [Country] => PH
    [IPAddress] => 
)


2016-03-14T05:52:25Z
ResponseParameter:  billNo: 1XjEa1457934738

2016-03-14T05:52:25Z
Array
(
    [rc] => 0
    [result] => ReceiptCode=D161403065142705,Identifier=1XjEa1457934738,AcceptReject=T,Auth=12345,ReasonCode=0,CardNoDigest=6CA5F54FA9315311CB458A8A6D200730
)


2016-03-14T05:52:39Z
Endpoint: https://www.cardpaydirect.com/EPG/EpayNoProgressBar

2016-03-14T05:52:39Z
RequestParameter:  billNo: 10E2U1457934758

2016-03-14T05:52:39Z
Array
(
    [Version] => 2.0
    [Referer] => Vente-PriveeTest
    [Identifier] => 10E2U1457934758
    [Items] => Product Item
    [Amount] => 10
    [DateMM] => 07
    [DateYY] => 18
    [CVV] => ***
    [CardType] => M
    [Card] => 5************007
    [Name] => JUAN DELA CRUZ
    [Email] => cs@allianzmetro.com
    [Address] => 12345678 qwertyu
    [City] => MAKATI
    [Country] => PH
    [IPAddress] => 
)


2016-03-14T05:52:45Z
ResponseParameter:  billNo: 10E2U1457934758

2016-03-14T05:52:45Z
Array
(
    [rc] => 0
    [result] => ReceiptCode=D161403065202174,Identifier=10E2U1457934758,AcceptReject=T,Auth=12345,ReasonCode=0,CardNoDigest=6CA5F54FA9315311CB458A8A6D200730
)


