2016-04-11T01:17:06Z
RequestParameter: startTime:2016-04-11 01:17:06

2016-04-11T01:17:06Z
{"name":"Automaton (API)","custom_fields":{"account_name":""},"requester_id":14000013909,"subject":"Test Only","type":"Accounts &amp; Access","status":2,"priority":2,"description":"Gateway Account Lockout has occurred for 100-01-MER-999-AAA due to transaction success rate.","group_id":14000005384,"product_id":14000000023,"source":3}

2016-04-11T01:17:08Z
ResponeParameter:  endTime:2016-04-11 01:17:08

2016-04-11T01:17:08Z
Array
(
    [rc] => 0
    [result] => {"description":"Validation failed","errors":[{"field":"account_name","message":"It should not be blank as this is a mandatory field","code":"invalid_value"}]}
)


2016-04-11T01:25:32Z
RequestParameter: startTime:2016-04-11 01:25:32

2016-04-11T01:25:32Z
{"name":"Automaton (API)","custom_fields":{"account_name":""},"requester_id":14000013909,"subject":"Test Only","type":"Accounts &amp; Access","status":2,"priority":2,"description":"Gateway Account Lockout has occurred for 100-01-MER-999-AAA due to transaction success rate.","group_id":14000005384,"product_id":14000000023,"source":3}

2016-04-11T01:25:33Z
ResponeParameter:  endTime:2016-04-11 01:25:33

2016-04-11T01:25:33Z
Array
(
    [rc] => 0
    [result] => {"description":"Validation failed","errors":[{"field":"account_name","message":"It should not be blank as this is a mandatory field","code":"invalid_value"}]}
)


2016-04-11T01:28:38Z
RequestParameter: startTime:2016-04-11 01:28:38

2016-04-11T01:28:38Z
{"name":"Automaton (API)","custom_fields":{"account_name":""},"requester_id":14000013909,"subject":"Test Only","type":"Accounts &amp; Access","status":2,"priority":2,"description":"Gateway Account Lockout has occurred for 100-01-MER-999-AAA due to transaction success rate.","group_id":14000005384,"product_id":14000000023,"source":3}

2016-04-11T01:28:39Z
ResponeParameter:  endTime:2016-04-11 01:28:39

2016-04-11T01:28:39Z
Array
(
    [rc] => 0
    [result] => {"description":"Validation failed","errors":[{"field":"account_name","message":"It should not be blank as this is a mandatory field","code":"invalid_value"}]}
)


2016-04-11T01:28:51Z
RequestParameter: startTime:2016-04-11 01:28:51

2016-04-11T01:28:51Z
{"name":"Automaton (API)","custom_fields":{"account_name":""},"requester_id":14000013909,"subject":"Test Only","type":"Accounts &amp; Access","status":2,"priority":2,"description":"Gateway Account Lockout has occurred for 100-01-MER-999-AAA due to transaction success rate.","group_id":14000005384,"product_id":14000000023,"source":3}

2016-04-11T01:28:53Z
ResponeParameter:  endTime:2016-04-11 01:28:53

2016-04-11T01:28:53Z
Array
(
    [rc] => 0
    [result] => {"description":"Validation failed","errors":[{"field":"account_name","message":"It should not be blank as this is a mandatory field","code":"invalid_value"}]}
)


2016-04-11T01:29:23Z
RequestParameter: startTime:2016-04-11 01:29:23

2016-04-11T01:29:23Z
{"name":"Automaton (API)","custom_fields":{"account_name":""},"requester_id":14000013909,"subject":"Test Only","type":"Accounts &amp; Access","status":2,"priority":2,"description":"Gateway Account Lockout has occurred for 100-01-MER-999-AAA due to transaction success rate.","group_id":14000005384,"product_id":14000000023,"source":3}

2016-04-11T01:29:24Z
ResponeParameter:  endTime:2016-04-11 01:29:24

2016-04-11T01:29:24Z
Array
(
    [rc] => 0
    [result] => {"description":"Validation failed","errors":[{"field":"account_name","message":"It should not be blank as this is a mandatory field","code":"invalid_value"}]}
)


2016-04-11T01:33:55Z
RequestParameter: startTime:2016-04-11 01:33:55

2016-04-11T01:33:55Z
{"name":"Automaton (API)","custom_fields":{"account_name":""},"requester_id":14000013909,"subject":"Test Only","type":"Accounts &amp; Access","status":2,"priority":2,"description":"Gateway Account Lockout has occurred for 100-01-MER-999-AAA due to transaction success rate.","group_id":14000005384,"product_id":14000000023,"source":3}

2016-04-11T01:33:57Z
ResponeParameter:  endTime:2016-04-11 01:33:57

2016-04-11T01:33:57Z
Array
(
    [rc] => 0
    [result] => {"description":"Validation failed","errors":[{"field":"account_name","message":"It should not be blank as this is a mandatory field","code":"invalid_value"}]}
)


2016-04-11T01:35:56Z
RequestParameter: startTime:2016-04-11 01:35:56

2016-04-11T01:35:56Z
{"name":"Automaton (API)","custom_fields":{"account_name":""},"requester_id":14000013909,"subject":"Test Only","type":"Accounts &amp; Access","status":2,"priority":2,"description":"Gateway Account Lockout has occurred for 100-01-MER-999-AAA due to transaction success rate.","group_id":14000005384,"product_id":14000000023,"source":3}

2016-04-11T01:35:57Z
ResponeParameter:  endTime:2016-04-11 01:35:57

2016-04-11T01:35:57Z
Array
(
    [rc] => 0
    [result] => {"description":"Validation failed","errors":[{"field":"account_name","message":"It should not be blank as this is a mandatory field","code":"invalid_value"}]}
)


2016-04-11T01:43:43Z
RequestParameter: startTime:2016-04-11 01:43:43

2016-04-11T01:43:43Z
{"name":"Automaton (API)","custom_fields":{"account_name":""},"requester_id":14000013909,"subject":"Test Only","type":"Accounts &amp; Access","status":2,"priority":2,"description":"Gateway Account Lockout has occurred for 100-01-MER-999-AAA due to transaction success rate.","group_id":14000005384,"product_id":14000000023,"source":3}

2016-04-11T01:43:44Z
ResponeParameter:  endTime:2016-04-11 01:43:44

2016-04-11T01:43:44Z
Array
(
    [rc] => 0
    [result] => {"description":"Validation failed","errors":[{"field":"account_name","message":"It should not be blank as this is a mandatory field","code":"invalid_value"}]}
)


2016-04-11T01:44:39Z
RequestParameter: startTime:2016-04-11 01:44:39

2016-04-11T01:44:39Z
{"name":"Automaton (API)","custom_fields":{"account_name":""},"requester_id":14000013909,"subject":"Test Only","type":"Accounts &amp; Access","status":2,"priority":2,"description":"Gateway Account Lockout has occurred for 100-01-MER-999-AAA due to transaction success rate.","group_id":14000005384,"product_id":14000000023,"source":3}

2016-04-11T01:44:40Z
ResponeParameter:  endTime:2016-04-11 01:44:40

2016-04-11T01:44:40Z
Array
(
    [rc] => 0
    [result] => {"description":"Validation failed","errors":[{"field":"account_name","message":"It should not be blank as this is a mandatory field","code":"invalid_value"}]}
)


2016-04-11T01:47:34Z
RequestParameter: startTime:2016-04-11 01:47:34

2016-04-11T01:47:34Z
{"name":"Automaton (API)","custom_fields":{"account_name":"100-01-MER-999-AAA"},"requester_id":14000013909,"subject":"Test Only","type":"Accounts &amp; Access","status":2,"priority":2,"description":"Gateway Account Lockout has occurred for 100-01-MER-999-AAA due to transaction success rate.","group_id":14000005384,"product_id":14000000023,"source":3}

2016-04-11T01:47:35Z
ResponeParameter:  endTime:2016-04-11 01:47:35

2016-04-11T01:47:35Z
Array
(
    [rc] => 0
    [result] => {"cc_emails":[],"fwd_emails":[],"reply_cc_emails":[],"fr_escalated":false,"spam":false,"email_config_id":14000014861,"group_id":14000005384,"priority":2,"requester_id":14000013909,"responder_id":null,"source":3,"status":2,"subject":"Test Only","company_id":null,"custom_fields":{"sub_category_dropdown":null,"other_brand":null,"account_name":"100-01-MER-999-AAA","transaction_identifier":null},"description":"<div>Gateway Account Lockout has occurred for 100-01-MER-999-AAA due to transaction success rate.</div>","description_text":"Gateway Account Lockout has occurred for 100-01-MER-999-AAA due to transaction success rate.","to_emails":null,"product_id":14000000023,"id":40,"type":"Accounts &amp; Access","created_at":"2016-04-11T01:47:38Z","updated_at":"2016-04-11T01:47:38Z","due_by":"2016-04-11T16:00:00Z","fr_due_by":"2016-04-11T07:25:00Z","is_escalated":false,"tags":[],"attachments":[]}
)


2016-04-11T01:48:10Z
RequestParameter: startTime:2016-04-11 01:48:10

2016-04-11T01:48:10Z
{"name":"Automaton (API)","custom_fields":{"account_name":"100-01-MER-999-AAA"},"requester_id":14001180910,"subject":"Test Only","type":"Accounts &amp; Access","status":2,"priority":2,"description":"Gateway Account Lockout has occurred for 100-01-MER-999-AAA due to transaction success rate.","group_id":14000005384,"product_id":14000000023,"source":3}

2016-04-11T01:48:12Z
ResponeParameter:  endTime:2016-04-11 01:48:12

2016-04-11T01:48:12Z
Array
(
    [rc] => 0
    [result] => {"code":"invalid_credentials","message":"You have to be logged in to perform this action."}
)


2016-04-11T01:50:35Z
RequestParameter: startTime:2016-04-11 01:50:35

2016-04-11T01:50:35Z
{"name":"Automaton (API)","custom_fields":{"account_name":"100-01-MER-999-AAA"},"requester_id":14001180910,"subject":"Test Only","type":"Accounts &amp; Access","status":2,"priority":2,"description":"Gateway Account Lockout has occurred for 100-01-MER-999-AAA due to transaction success rate.","group_id":14000005384,"product_id":14000000023,"source":3}

2016-04-11T01:50:36Z
ResponeParameter:  endTime:2016-04-11 01:50:36

2016-04-11T01:50:36Z
Array
(
    [rc] => 0
    [result] => {"code":"invalid_credentials","message":"You have to be logged in to perform this action."}
)


2016-04-11T02:06:38Z
RequestParameter: startTime:2016-04-11 02:06:38

2016-04-11T02:06:38Z
{"name":"Automaton (API)","custom_fields":{"account_name":"100-01-MER-999-AAA"},"requester_id":14001180910,"subject":"Test Only","type":"Accounts &amp; Access","status":2,"priority":2,"description":"Gateway Account Lockout has occurred for 100-01-MER-999-AAA due to transaction success rate.","group_id":14000005384,"product_id":14000000023,"source":3}

2016-04-11T02:06:40Z
ResponeParameter:  endTime:2016-04-11 02:06:40

2016-04-11T02:06:40Z
Array
(
    [rc] => 0
    [result] => {"code":"invalid_credentials","message":"You have to be logged in to perform this action."}
)


2016-04-11T02:20:39Z
RequestParameter: startTime:2016-04-11 02:20:39

2016-04-11T02:20:39Z
{"name":"Automaton (API)","custom_fields":{"account_name":"100-01-MER-999-AAA"},"requester_id":14001180910,"subject":"Test Only","type":"Accounts &amp; Access","status":2,"priority":2,"description":"Gateway Account Lockout has occurred for 100-01-MER-999-AAA due to transaction success rate.","group_id":14000005384,"product_id":14000000023,"source":3}

2016-04-11T02:20:40Z
ResponeParameter:  endTime:2016-04-11 02:20:40

2016-04-11T02:20:40Z
Array
(
    [rc] => 0
    [result] => {"code":"invalid_credentials","message":"You have to be logged in to perform this action."}
)


2016-04-11T02:23:30Z
RequestParameter: startTime:2016-04-11 02:23:30

2016-04-11T02:23:30Z
{"name":"Automaton (API)","custom_fields":{"account_name":"100-01-MER-999-AAA"},"requester_id":14000013909,"subject":"Test Only","type":"Accounts &amp; Access","status":2,"priority":2,"description":"Gateway Account Lockout has occurred for 100-01-MER-999-AAA due to transaction success rate.","group_id":14000005384,"product_id":14000000023,"source":3}

2016-04-11T02:23:31Z
ResponeParameter:  endTime:2016-04-11 02:23:31

2016-04-11T02:23:31Z
Array
(
    [rc] => 0
    [result] => {"cc_emails":[],"fwd_emails":[],"reply_cc_emails":[],"fr_escalated":false,"spam":false,"email_config_id":14000014861,"group_id":14000005384,"priority":2,"requester_id":14000013909,"responder_id":null,"source":3,"status":2,"subject":"Test Only","company_id":null,"custom_fields":{"sub_category_dropdown":null,"other_brand":null,"account_name":"100-01-MER-999-AAA","transaction_identifier":null},"description":"<div>Gateway Account Lockout has occurred for 100-01-MER-999-AAA due to transaction success rate.</div>","description_text":"Gateway Account Lockout has occurred for 100-01-MER-999-AAA due to transaction success rate.","to_emails":null,"product_id":14000000023,"id":41,"type":"Accounts &amp; Access","created_at":"2016-04-11T02:23:34Z","updated_at":"2016-04-11T02:23:34Z","due_by":"2016-04-11T16:00:00Z","fr_due_by":"2016-04-11T07:25:00Z","is_escalated":false,"tags":[],"attachments":[]}
)


2016-04-11T03:26:38Z
RequestParameter: startTime:2016-04-11 03:26:38

2016-04-11T03:26:38Z
{"name":"Automaton (API)","custom_fields":{"account_name":"100-01-MER-999-AAA"},"requester_id":14001180910,"subject":"Test Only","type":"Accounts &amp; Access","status":2,"priority":2,"description":"Gateway Account Lockout has occurred for 100-01-MER-999-AAA due to transaction success rate.","group_id":14000005384,"product_id":14000000023,"source":3}

2016-04-11T03:26:39Z
ResponeParameter:  endTime:2016-04-11 03:26:39

2016-04-11T03:26:39Z
Array
(
    [rc] => 0
    [result] => {"cc_emails":[],"fwd_emails":[],"reply_cc_emails":[],"fr_escalated":false,"spam":false,"email_config_id":14000014861,"group_id":14000005384,"priority":2,"requester_id":14001180910,"responder_id":null,"source":3,"status":2,"subject":"Test Only","company_id":null,"custom_fields":{"sub_category_dropdown":null,"other_brand":null,"account_name":"100-01-MER-999-AAA","transaction_identifier":null},"description":"<div>Gateway Account Lockout has occurred for 100-01-MER-999-AAA due to transaction success rate.</div>","description_text":"Gateway Account Lockout has occurred for 100-01-MER-999-AAA due to transaction success rate.","to_emails":null,"product_id":14000000023,"id":42,"type":"Accounts &amp; Access","created_at":"2016-04-11T03:26:42Z","updated_at":"2016-04-11T03:26:42Z","due_by":"2016-04-11T16:00:00Z","fr_due_by":"2016-04-11T07:25:00Z","is_escalated":false,"tags":[],"attachments":[]}
)


