2016-04-12T06:15:39Z
Access DateTime:2016-04-12 06:15:39

2016-04-12T06:15:39Z
Array
(
    [REDIRECT_HTTPS] => on
    [REDIRECT_SSL_TLS_SNI] => apistage.paymentsystemsintegration.com
    [REDIRECT_STATUS] => 200
    [HTTPS] => on
    [SSL_TLS_SNI] => apistage.paymentsystemsintegration.com
    [HTTP_HOST] => apistage.paymentsystemsintegration.com
    [HTTP_USER_AGENT] => Mozilla/5.0 (Windows NT 6.3; WOW64; rv:39.0) Gecko/20100101 Firefox/39.0
    [HTTP_ACCEPT] => text/html,application/xhtml+xml,application/xml;q=0.9,*/*;q=0.8
    [HTTP_ACCEPT_LANGUAGE] => en-US,en;q=0.5
    [HTTP_ACCEPT_ENCODING] => gzip, deflate
    [HTTP_REFERER] => https://apiclient.paymentsystemsintegration.com/main/process/nginv2/paymentapi
    [HTTP_COOKIE] => _ga=GA1.2.274859042.1459477253
    [HTTP_CONNECTION] => keep-alive
    [PATH] => /sbin:/usr/sbin:/bin:/usr/bin
    [SERVER_SIGNATURE] => 
    [SERVER_SOFTWARE] => Apache
    [SERVER_NAME] => apistage.paymentsystemsintegration.com
    [SERVER_ADDR] => 119.81.70.162
    [SERVER_PORT] => 443
    [REMOTE_ADDR] => 112.198.82.189
    [DOCUMENT_ROOT] => /var/www/html/PSI_stage
    [SERVER_ADMIN] => root@localhost
    [SCRIPT_FILENAME] => /var/www/html/PSI_stage/index.php
    [REMOTE_PORT] => 44725
    [REDIRECT_QUERY_STRING] => /dc/logo.htm
    [REDIRECT_URL] => /dc/logo.htm
    [GATEWAY_INTERFACE] => CGI/1.1
    [SERVER_PROTOCOL] => HTTP/1.1
    [REQUEST_METHOD] => GET
    [QUERY_STRING] => m=680000&s=5ftmbq9e1q9rsnip0tp2cdvbh5
    [REQUEST_URI] => /dc/logo.htm?m=680000&s=5ftmbq9e1q9rsnip0tp2cdvbh5
    [SCRIPT_NAME] => /index.php
    [PHP_SELF] => /index.php
    [REQUEST_TIME] => 1460441739
)


