2016-01-04T02:19:59Z
RequestParameter:  billNo: TEST2016010401

2016-01-04T02:19:59Z
Array
(
    [f_extended] => 5
    [guid] => RRSG-5628-0LB6-5EA3
    [pwd] => 9f77f9720dbc680d306f920dd6c0e14da0995b0e
    [request_type] => transaction_status
    [init_transaction_id] => efd6784aa7b53bebe6d7b5917be81e447ec99679
)


2016-01-04T02:20:01Z
RequestParameter:  billNo: TEST2016010401

2016-01-04T02:20:01Z
Array
(
    [rc] => 0
    [result] => ID:efd6784aa7b53bebe6d7b5917be81e447ec99679~Status:Success~MerchantID:TEST2016010401~Terminal:Rietumu 3D~ResultCode:000~ApprovalCode:427962~NameOnCard:JUAN DELA CRUZ~CardMasked:5413********0019
)


2016-01-04T02:41:18Z
RequestParameter:  billNo: TEST2016010402

2016-01-04T02:41:18Z
Array
(
    [f_extended] => 5
    [guid] => RRSG-5628-0LB6-5EA3
    [pwd] => 9f77f9720dbc680d306f920dd6c0e14da0995b0e
    [request_type] => transaction_status
    [init_transaction_id] => c7c9f48801fb307a724eda4fd9338361a1941e22
)


2016-01-04T02:41:19Z
RequestParameter:  billNo: TEST2016010402

2016-01-04T02:41:19Z
Array
(
    [rc] => 0
    [result] => ID:c7c9f48801fb307a724eda4fd9338361a1941e22~Status:Pending~MerchantID:TEST2016010402~Terminal:Rietumu 3D~ResultCode:~ApprovalCode:0~NameOnCard:JUAN DELA CRUZ~CardMasked:5413********0019
)


2016-01-04T02:48:49Z
RequestParameter:  billNo: TEST2016010402

2016-01-04T02:48:49Z
Array
(
    [f_extended] => 5
    [guid] => RRSG-5628-0LB6-5EA3
    [pwd] => 9f77f9720dbc680d306f920dd6c0e14da0995b0e
    [request_type] => transaction_status
    [init_transaction_id] => c7c9f48801fb307a724eda4fd9338361a1941e22
)


2016-01-04T02:48:50Z
RequestParameter:  billNo: TEST2016010402

2016-01-04T02:48:50Z
Array
(
    [rc] => 0
    [result] => ID:c7c9f48801fb307a724eda4fd9338361a1941e22~Status:Success~MerchantID:TEST2016010402~Terminal:Rietumu 3D~ResultCode:000~ApprovalCode:326736~NameOnCard:JUAN DELA CRUZ~CardMasked:5413********0019
)


