2016-01-15T00:46:13Z
RequestParameter:  billNo: TEST2016011501 | startTime:2016-01-15 00:46:13

2016-01-15T00:46:13Z
Array
(
    [MODE] => P
    [FRMT] => XML
    [VERS] => 0630
    [MERC] => 680000
    [UDF[CUSTOMER_IPAD]] => 112.211.18.77
    [SESS] => TEST2016011501
    [ORDR] => TEST2016011501
    [CURR] => USD
    [PENC] => KHASH
    [PTYP] => CARD
    [PTOK] => 541333J57QNPX4I65H8H
    [IPAD] => 10.0.0.1
    [MACK] => Y
    [AUTH] => A
    [PROD_DESC[0]] => Product Description
    [PROD_TYPE[0]] => Product Type
    [PROD_ITEM[0]] => Product Item
    [PROD_QUANT[0]] => 1
    [PROD_PRICE[0]] => 1000
    [TOTL] => 2000
    [SITE] => VERT999
    [UDF[MERCHANT_ID]] => 10001MERTEST001
    [UDF[MERCHANT_PRVDR]] => LBK-008-FP-USD-VIS,MAS
    [NAME] => JUAN DELA CRUZ
    [B2A1] => 12345678 qwertyu
    [B2CC] => PH
    [B2CI] => MAKATI
    [B2PC] => 1204
    [B2PN] => 123456
    [B2ST] => NA
    [S2A1] => 
    [S2CC] => 
    [S2CI] => 
    [S2EM] => 
    [S2NM] =>  
    [S2PC] => 
    [S2PN] => 
    [S2ST] => 
    [SHTP] => 
    [CASH] => 20
    [DOB] => 1984-01-01
    [GENDER] => M
    [EMAL] => juan@main.com
    [ANID] => 123456
)


2016-01-15T00:46:17Z
ResponseParameter:  billNo: TEST2016011501 | endTime:2016-01-15 00:46:17

2016-01-15T00:46:18Z
<?xml version="1.0" encoding="UTF-8"?>
<RESPONSE>
  <VERS>0630</VERS>
  <MODE>P</MODE>
  <TRAN>37DY0ZKQKDLC</TRAN>
  <MERC>680000</MERC>
  <SESS>TEST2016011501</SESS>
  <ORDR>TEST2016011501</ORDR>
  <AUTO>A</AUTO>
  <SCOR>29</SCOR>
  <GEOX>US</GEOX>
  <BRND>MSTR</BRND>
  <REGN></REGN>
  <NETW>N</NETW>
  <KAPT>N</KAPT>
  <CARDS>1</CARDS>
  <DEVICES>1</DEVICES>
  <EMAILS>1</EMAILS>
  <VELO>0</VELO>
  <VMAX>0</VMAX>
  <RULES_TRIGGERED>2</RULES_TRIGGERED>
  <RULE_ID_0>772998</RULE_ID_0>
  <RULE_DESCRIPTION_0>GEO Billing &lt;&gt; BIN Country (1pt)</RULE_DESCRIPTION_0>
  <RULE_ID_1>773002</RULE_ID_1>
  <RULE_DESCRIPTION_1>FRAUD_SCRD GEO Counter Triggered (5pts)</RULE_DESCRIPTION_1>
  <COUNTERS_TRIGGERED>2</COUNTERS_TRIGGERED>
  <COUNTER_NAME_0>GEO</COUNTER_NAME_0>
  <COUNTER_VALUE_0>1</COUNTER_VALUE_0>
  <COUNTER_NAME_1>FRAUD_SCRD</COUNTER_NAME_1>
  <COUNTER_VALUE_1>5</COUNTER_VALUE_1>
  <REASON_CODE></REASON_CODE>
  <MASTERCARD></MASTERCARD>
  <DDFS></DDFS>
  <DSR></DSR>
  <UAS></UAS>
  <BROWSER></BROWSER>
  <OS></OS>
  <PIP_IPAD></PIP_IPAD>
  <PIP_LAT></PIP_LAT>
  <PIP_LON></PIP_LON>
  <PIP_COUNTRY></PIP_COUNTRY>
  <PIP_REGION></PIP_REGION>
  <PIP_CITY></PIP_CITY>
  <PIP_ORG></PIP_ORG>
  <IP_IPAD></IP_IPAD>
  <IP_LAT></IP_LAT>
  <IP_LON></IP_LON>
  <IP_COUNTRY></IP_COUNTRY>
  <IP_REGION></IP_REGION>
  <IP_CITY></IP_CITY>
  <IP_ORG></IP_ORG>
  <WARNING_COUNT>0</WARNING_COUNT>
</RESPONSE>

2016-01-15T01:08:38Z
RequestParameter:  billNo: TEST2016011502 | startTime:2016-01-15 01:08:38

2016-01-15T01:08:38Z
Array
(
    [MODE] => P
    [FRMT] => XML
    [VERS] => 0630
    [MERC] => 680000
    [UDF[CUSTOMER_IPAD]] => 112.211.18.77
    [SESS] => TEST2016011502
    [ORDR] => TEST2016011502
    [CURR] => USD
    [PENC] => KHASH
    [PTYP] => CARD
    [PTOK] => 541333J57QNPX4I65H8H
    [IPAD] => 10.0.0.1
    [MACK] => Y
    [AUTH] => A
    [PROD_DESC[0]] => Product Description 1
    [PROD_TYPE[0]] => Product Type 1
    [PROD_ITEM[0]] => Product Item 1
    [PROD_QUANT[0]] => 1
    [PROD_PRICE[0]] => 1000
    [PROD_DESC[1]] => Product Description 2
    [PROD_TYPE[1]] => Product Type 2
    [PROD_ITEM[1]] => Product Item 2
    [PROD_QUANT[1]] => 1
    [PROD_PRICE[1]] => 1000
    [TOTL] => 2000
    [SITE] => VERT999
    [UDF[MERCHANT_ID]] => 10001MERTEST001
    [UDF[MERCHANT_PRVDR]] => LBK-008-FP-USD-VIS,MAS
    [NAME] => JUAN DELA CRUZ
    [B2A1] => 12345678 qwertyu
    [B2CC] => PH
    [B2CI] => MAKATI
    [B2PC] => 1204
    [B2PN] => 123456
    [B2ST] => NA
    [S2A1] => 
    [S2CC] => 
    [S2CI] => 
    [S2EM] => 
    [S2NM] =>  
    [S2PC] => 
    [S2PN] => 
    [S2ST] => 
    [SHTP] => 
    [CASH] => 20
    [DOB] => 1984-01-01
    [GENDER] => M
    [EMAL] => juan@main.com
    [ANID] => 123456
)


2016-01-15T01:08:40Z
ResponseParameter:  billNo: TEST2016011502 | endTime:2016-01-15 01:08:40

2016-01-15T01:08:40Z
<?xml version="1.0" encoding="UTF-8"?>
<RESPONSE>
  <VERS>0630</VERS>
  <MODE>P</MODE>
  <TRAN>37DH05XN9ZS9</TRAN>
  <MERC>680000</MERC>
  <SESS>TEST2016011502</SESS>
  <ORDR>TEST2016011502</ORDR>
  <AUTO>A</AUTO>
  <SCOR>29</SCOR>
  <GEOX>US</GEOX>
  <BRND>MSTR</BRND>
  <REGN></REGN>
  <NETW>N</NETW>
  <KAPT>N</KAPT>
  <CARDS>1</CARDS>
  <DEVICES>1</DEVICES>
  <EMAILS>1</EMAILS>
  <VELO>0</VELO>
  <VMAX>0</VMAX>
  <RULES_TRIGGERED>2</RULES_TRIGGERED>
  <RULE_ID_0>772998</RULE_ID_0>
  <RULE_DESCRIPTION_0>GEO Billing &lt;&gt; BIN Country (1pt)</RULE_DESCRIPTION_0>
  <RULE_ID_1>773002</RULE_ID_1>
  <RULE_DESCRIPTION_1>FRAUD_SCRD GEO Counter Triggered (5pts)</RULE_DESCRIPTION_1>
  <COUNTERS_TRIGGERED>2</COUNTERS_TRIGGERED>
  <COUNTER_NAME_0>GEO</COUNTER_NAME_0>
  <COUNTER_VALUE_0>1</COUNTER_VALUE_0>
  <COUNTER_NAME_1>FRAUD_SCRD</COUNTER_NAME_1>
  <COUNTER_VALUE_1>5</COUNTER_VALUE_1>
  <REASON_CODE></REASON_CODE>
  <MASTERCARD></MASTERCARD>
  <DDFS></DDFS>
  <DSR></DSR>
  <UAS></UAS>
  <BROWSER></BROWSER>
  <OS></OS>
  <PIP_IPAD></PIP_IPAD>
  <PIP_LAT></PIP_LAT>
  <PIP_LON></PIP_LON>
  <PIP_COUNTRY></PIP_COUNTRY>
  <PIP_REGION></PIP_REGION>
  <PIP_CITY></PIP_CITY>
  <PIP_ORG></PIP_ORG>
  <IP_IPAD></IP_IPAD>
  <IP_LAT></IP_LAT>
  <IP_LON></IP_LON>
  <IP_COUNTRY></IP_COUNTRY>
  <IP_REGION></IP_REGION>
  <IP_CITY></IP_CITY>
  <IP_ORG></IP_ORG>
  <WARNING_COUNT>0</WARNING_COUNT>
</RESPONSE>

