2016-01-02T04:37:41Z
Access DateTime:2016-01-02 04:37:41

2016-01-02T04:37:41Z
Array
(
    [REDIRECT_HTTPS] => on
    [REDIRECT_SSL_TLS_SNI] => apistage.paymentsystemsintegration.com
    [REDIRECT_STATUS] => 200
    [HTTPS] => on
    [SSL_TLS_SNI] => apistage.paymentsystemsintegration.com
    [HTTP_HOST] => apistage.paymentsystemsintegration.com
    [HTTP_CONNECTION] => keep-alive
    [HTTP_ACCEPT] => text/html,application/xhtml+xml,application/xml;q=0.9,image/webp,*/*;q=0.8
    [HTTP_UPGRADE_INSECURE_REQUESTS] => 1
    [HTTP_USER_AGENT] => Mozilla/5.0 (Windows NT 6.1; Win64; x64) AppleWebKit/537.36 (KHTML, like Gecko) Chrome/47.0.2526.106 Safari/537.36
    [HTTP_REFERER] => https://apiclient.paymentsystemsintegration.com/main/process/nginv2/paymentapi
    [HTTP_ACCEPT_ENCODING] => gzip, deflate, sdch
    [HTTP_ACCEPT_LANGUAGE] => en-US,en;q=0.8
    [HTTP_COOKIE] => _ga=GA1.2.1693246690.1444814084
    [PATH] => /sbin:/usr/sbin:/bin:/usr/bin
    [SERVER_SIGNATURE] => 
    [SERVER_SOFTWARE] => Apache
    [SERVER_NAME] => apistage.paymentsystemsintegration.com
    [SERVER_ADDR] => 119.81.70.162
    [SERVER_PORT] => 443
    [REMOTE_ADDR] => 112.208.228.57
    [DOCUMENT_ROOT] => /var/www/html/PSI_stage
    [SERVER_ADMIN] => root@localhost
    [SCRIPT_FILENAME] => /var/www/html/PSI_stage/index.php
    [REMOTE_PORT] => 1804
    [REDIRECT_QUERY_STRING] => /dc/logo.htm
    [REDIRECT_URL] => /dc/logo.htm
    [GATEWAY_INTERFACE] => CGI/1.1
    [SERVER_PROTOCOL] => HTTP/1.1
    [REQUEST_METHOD] => GET
    [QUERY_STRING] => m=680000&s=dcglv36tr8t2aeiikapbd39as4
    [REQUEST_URI] => /dc/logo.htm?m=680000&s=dcglv36tr8t2aeiikapbd39as4
    [SCRIPT_NAME] => /index.php
    [PHP_SELF] => /index.php
    [REQUEST_TIME] => 1451709461
)


