2014-07-15T09:35:10Z
RequestParameter:  referenceId: 2014071505

2014-07-15T09:35:10Z
https://pay.ppwpartners.com/gateway/payment_request.jsp?Ver=100&RequestType=TRAN&MerchantID=PPWPAYTTEST012&Password=testadmin04&TransactionType=3&Reference=2014071505&Currency=USD&Amount=12&CardNumber=50000000000000006&ExpiryMM=12&ExpiryYY=14&Csc=123&CardHolder=firstName%20lastName&ProductName=2

2014-07-15T09:35:12Z
ResponseParameter:  referenceId: 2014071505

2014-07-15T09:35:12Z
<?xml version="1.0" encoding="UTF-8" ?>
<ErrorResponse>
<RequestType>TRAN</RequestType>
<MerchantID>PPWPAYTTEST012</MerchantID> 
<Reference>2014071505</Reference>
<ResponseCode>109</ResponseCode>
<ResponseMessage>Invalid MerchantID</ResponseMessage>
</ErrorResponse>


2014-07-15T09:36:42Z
RequestParameter:  referenceId: 2014071506

2014-07-15T09:36:42Z
https://pay.ppwpartners.com/gateway/payment_request.jsp?Ver=100&RequestType=TRAN&MerchantID=PPWPAYTTEST011&Password=testadmin03&TransactionType=3&Reference=2014071506&Currency=USD&Amount=12&CardNumber=50000000000000006&ExpiryMM=12&ExpiryYY=14&Csc=123&CardHolder=firstName%20lastName&ProductName=2

2014-07-15T09:36:43Z
ResponseParameter:  referenceId: 2014071506

2014-07-15T09:36:43Z
<?xml version="1.0" encoding="UTF-8" ?>
<ErrorResponse>
<RequestType>TRAN</RequestType>
<MerchantID>PPWPAYTTEST011</MerchantID> 
<Reference>2014071506</Reference>
<ResponseCode>101</ResponseCode>
<ResponseMessage>Parameters missing or invalid(Please input the length of Credit Card Number under 16 byte)</ResponseMessage>
</ErrorResponse>


