2013-07-15T09:27:37Z
RequestParameter:  referenceId: 2013071501

2013-07-15T09:27:37Z
https://secure.paymentinside.com/int/ccss-process.aspCID=0&merchantKey=&v_CartID=2013071501&v_currency=USD&v_cardnum=4000000000000002&v_cvv2=123&v_month=12&v_year=0&v_firstName=firstName&v_lastName=lastName&v_card_holder=firstName&v_card_holder_last=lastName&v_billemail=email@mail.com&v_billphone=123456789&v_billpost=123456&v_billstreet=address&v_billcity=address&v_billstate=state&v_billcountry=PH&v_amount=11.00&callBackURL=https://api.rttransaccion.com/getallresponse/pilresponse.php

2013-07-15T09:27:39Z
ResponseParameter:  referenceId: 2013071501

2013-07-15T09:27:39Z
0 is not belong to any gateway, please contact administrator

2013-07-15T09:36:06Z
RequestParameter:  referenceId: 2013071502

2013-07-15T09:36:06Z
https://secure.paymentinside.com/int/ccss-process.aspCID=0&merchantKey=nH2CKBs5&v_CartID=2013071502&v_currency=USD&v_cardnum=4000000000000002&v_cvv2=123&v_month=12&v_year=0&v_firstName=firstName&v_lastName=lastName&v_card_holder=firstName&v_card_holder_last=lastName&v_billemail=email@mail.com&v_billphone=123456789&v_billpost=123456&v_billstreet=address&v_billcity=address&v_billstate=state&v_billcountry=PH&v_amount=11.00&callBackURL=https://api.rttransaccion.com/getallresponse/pilresponse.php

2013-07-15T09:36:08Z
ResponseParameter:  referenceId: 2013071502

2013-07-15T09:36:08Z
0 is not belong to any gateway, please contact administrator

2013-07-15T11:47:18Z
RequestParameter:  referenceId: 2013071504

2013-07-15T11:47:18Z
https://secure.paymentinside.com/int/ccss-process.aspCID=0&merchantKey=nH2CKBs5&v_CartID=2013071504&v_currency=USD&v_cardnum=4000000000000002&v_cvv2=123&v_month=12&v_year=0&v_firstName=firstName&v_lastName=lastName&v_card_holder=firstName&v_card_holder_last=lastName&v_billemail=email@mail.com&v_billphone=123456789&v_billpost=123456&v_billstreet=address&v_billcity=address&v_billstate=state&v_billcountry=PH&v_amount=11.00&callBackURL=https://api.rttransaccion.com/getallresponse/pilresponse.php

2013-07-15T11:47:20Z
ResponseParameter:  referenceId: 2013071504

2013-07-15T11:47:20Z
0 is not belong to any gateway, please contact administrator

2013-07-15T11:50:09Z
RequestParameter:  referenceId: 2013071505

2013-07-15T11:50:09Z
https://secure.paymentinside.com/int/ccss-process.aspCID=0&merchantKey=nH2CKBs5&v_CartID=2013071505&v_currency=USD&v_cardnum=4000000000000002&v_cvv2=123&v_month=12&v_year=0&v_firstName=firstName&v_lastName=lastName&v_card_holder=firstName&v_card_holder_last=lastName&v_billemail=email@mail.com&v_billphone=123456789&v_billpost=123456&v_billstreet=address&v_billcity=address&v_billstate=state&v_billcountry=PH&v_amount=11.00&callBackURL=https://api.rttransaccion.com/getallresponse/pilresponse.php

2013-07-15T11:50:10Z
ResponseParameter:  referenceId: 2013071505

2013-07-15T11:50:10Z
0 is not belong to any gateway, please contact administrator

2013-07-15T11:51:10Z
RequestParameter:  referenceId: 2013071506

2013-07-15T11:51:10Z
https://secure.paymentinside.com/int/ccss-process.aspCID=0&merchantKey=nH2CKBs5&v_CartID=2013071506&v_currency=USD&v_cardnum=4000000000000002&v_cvv2=123&v_month=12&v_year=0&v_firstName=firstName&v_lastName=lastName&v_card_holder=firstName&v_card_holder_last=lastName&v_billemail=email@mail.com&v_billphone=123456789&v_billpost=123456&v_billstreet=address&v_billcity=address&v_billstate=state&v_billcountry=PH&v_amount=11.00&callBackURL=https://api.rttransaccion.com/getallresponse/pilresponse.php

2013-07-15T11:51:11Z
ResponseParameter:  referenceId: 2013071506

2013-07-15T11:51:11Z
0 is not belong to any gateway, please contact administrator

2013-07-15T11:52:44Z
RequestParameter:  referenceId: 2013071507

2013-07-15T11:52:44Z
https://secure.paymentinside.com/int/ccss-process.aspCID=M104-103&merchantKey=nH2CKBs5&v_CartID=2013071507&v_currency=USD&v_cardnum=4000000000000002&v_cvv2=123&v_month=12&v_year=0&v_firstName=firstName&v_lastName=lastName&v_card_holder=firstName&v_card_holder_last=lastName&v_billemail=email@mail.com&v_billphone=123456789&v_billpost=123456&v_billstreet=address&v_billcity=address&v_billstate=state&v_billcountry=PH&v_amount=11.00&callBackURL=https://api.rttransaccion.com/getallresponse/pilresponse.php

2013-07-15T11:52:45Z
ResponseParameter:  referenceId: 2013071507

2013-07-15T11:52:45Z
M104-103 is not belong to any gateway, please contact administrator

2013-07-15T11:55:22Z
RequestParameter:  referenceId: 2013071508

2013-07-15T11:55:22Z
https://secure.paymentinside.com/int/ccss-process.aspCID=M104-103&merchantKey=nH2CKBs5&v_CartID=2013071508&v_currency=USD&v_cardnum=4000000000000002&v_cvv2=123&v_month=12&v_year=0&v_firstName=firstName&v_lastName=lastName&v_card_holder=firstName&v_card_holder_last=lastName&v_billemail=email@mail.com&v_billphone=123456789&v_billpost=123456&v_billstreet=address&v_billcity=address&v_billstate=state&v_billcountry=PH&v_amount=11.00&callBackURL=https://api.rttransaccion.com/getallresponse/pilresponse.php

2013-07-15T11:55:23Z
ResponseParameter:  referenceId: 2013071508

2013-07-15T11:55:23Z
M104-103 is not belong to any gateway, please contact administrator

2013-07-15T11:56:18Z
RequestParameter:  referenceId: 2013071509

2013-07-15T11:56:18Z
https://secure.paymentinside.com/int/ccss-process.aspCID=M104-C-318&merchantKey=nH2CKBs5&v_CartID=2013071509&v_currency=USD&v_cardnum=4000000000000002&v_cvv2=123&v_month=12&v_year=0&v_firstName=firstName&v_lastName=lastName&v_card_holder=firstName&v_card_holder_last=lastName&v_billemail=email@mail.com&v_billphone=123456789&v_billpost=123456&v_billstreet=address&v_billcity=address&v_billstate=state&v_billcountry=PH&v_amount=11.00&callBackURL=https://api.rttransaccion.com/getallresponse/pilresponse.php

2013-07-15T11:56:19Z
ResponseParameter:  referenceId: 2013071509

2013-07-15T11:56:19Z
<!DOCTYPE html PUBLIC "-//W3C//DTD XHTML 1.0 Transitional//EN" "http://www.w3.org/TR/xhtml1/DTD/xhtml1-transitional.dtd">
<html xmlns="http://www.w3.org/1999/xhtml">
<head>
<meta http-equiv="refresh" content="20;URL='http://merchant.paymentInside.com/API/PayoutProcessTimeout.asp?cid=M104-C-318'">
    <meta http-equiv="Content-Type" content="text/html; charset=iso-8859-1" />
    <title>Processing Transaction</title>

    <script type="text/JavaScript">
	function SubmitForm(){
		document.forms["form1"].submit();
	}
    </script>

</head>
<body onload='javascript:setTimeout(SubmitForm,300);'>
    
        <center>
            <form id="form1" name="form1" method="post"  method="post" action="https://merchant.paymentInside.com/API/mpServerProcess.asp">
            <table width="660" height="151" border="0" cellpadding="0" cellspacing="0">
                <tr>
                    <td height="52" align="center" bgcolor="#FFFFFF">
                        Redirecting Page, please wait...
                    </td>
                </tr>
            </table>
			<input type="hidden" name="CID" value="M104-C-318">
            <input type="hidden" name="v_cardnum" value="4000000000000002">
            <input type="hidden" name="v_cvv2" value="123">
            <input type="hidden" name="v_month" value="12">
			<input type="hidden" name="v_year" value="0">
			<input type="hidden" name="v_currency" value="1">
			<input type="hidden" name="v_card_holder_last" value="lastName">
			<input type="hidden" name="v_card_holder" value="firstName">
			
            <input type="hidden" name="v_shipphone" value="">
            <input type="hidden" name="v_shipcountry" value="">
			<input type="hidden" name="v_shipcity" value="">
            <input type="hidden" name="v_shippost" value="">
            <input type="hidden" name="v_shipstate" value="">
            <input type="hidden" name="v_moneytype" value="">
            <input type="hidden" name="v_shipstreet" value="">
            <input type="hidden" name="v_amount" value="11.00">
            <input type="hidden" name="v_CartID" value="2013071509">
			<input type="hidden" name="v_productno" value="">
            <input type="hidden" name="v_productcode" value="">
            <input type="hidden" name="v_productdesc" value="">
            <input type="hidden" name="v_productqty" value="">
            <input type="hidden" name="v_productunitprice" value="">
            <input type="hidden" name="v_subamount" value="">
			<input type="hidden" name="v_productPriceCurrency" value="">
			
            <input type="hidden" name="v_billstreet" value="address">
            <input type="hidden" name="v_billcity" value="address">
            <input type="hidden" name="v_billstate" value="state">
            <input type="hidden" name="v_billpost" value="123456">
            <input type="hidden" name="v_billcountry" value="PHILIPPINES">
            <input type="hidden" name="v_billphone" value="123456789">
            <input type="hidden" name="v_billemail" value="email@mail.com">
            <input type="hidden" name="v_firstname" value="firstName">
            <input type="hidden" name="v_lastname" value="lastName">
			  <input type="hidden" name="callBackURL" value="https://api.rttransaccion.com/getallresponse/pilresponse.php">

            </form>
        </center>
    </body>
</html>


2013-07-15T12:04:36Z
RequestParameter:  referenceId: 2013071510

2013-07-15T12:04:36Z
https://secure.paymentinside.com/int/ccss-process.aspCID=M104-C-318&merchantKey=nH2CKBs5&v_CartID=2013071510&v_currency=USD&v_cardnum=4000000000000002&v_cvv2=123&v_month=12&v_year=0&v_firstName=firstName&v_lastName=lastName&v_card_holder=firstName&v_card_holder_last=lastName&v_billemail=email@mail.com&v_billphone=123456789&v_billpost=123456&v_billstreet=address&v_billcity=address&v_billstate=state&v_billcountry=PH&v_amount=11.00&callBackURL=https://merchant.paymentInside.com/API/mpServerProcess.asp

2013-07-15T12:04:38Z
ResponseParameter:  referenceId: 2013071510

2013-07-15T12:04:38Z
<!DOCTYPE html PUBLIC "-//W3C//DTD XHTML 1.0 Transitional//EN" "http://www.w3.org/TR/xhtml1/DTD/xhtml1-transitional.dtd">
<html xmlns="http://www.w3.org/1999/xhtml">
<head>
<meta http-equiv="refresh" content="20;URL='http://merchant.paymentInside.com/API/PayoutProcessTimeout.asp?cid=M104-C-318'">
    <meta http-equiv="Content-Type" content="text/html; charset=iso-8859-1" />
    <title>Processing Transaction</title>

    <script type="text/JavaScript">
	function SubmitForm(){
		document.forms["form1"].submit();
	}
    </script>

</head>
<body onload='javascript:setTimeout(SubmitForm,300);'>
    
        <center>
            <form id="form1" name="form1" method="post"  method="post" action="https://merchant.paymentInside.com/API/mpServerProcess.asp">
            <table width="660" height="151" border="0" cellpadding="0" cellspacing="0">
                <tr>
                    <td height="52" align="center" bgcolor="#FFFFFF">
                        Redirecting Page, please wait...
                    </td>
                </tr>
            </table>
			<input type="hidden" name="CID" value="M104-C-318">
            <input type="hidden" name="v_cardnum" value="4000000000000002">
            <input type="hidden" name="v_cvv2" value="123">
            <input type="hidden" name="v_month" value="12">
			<input type="hidden" name="v_year" value="0">
			<input type="hidden" name="v_currency" value="1">
			<input type="hidden" name="v_card_holder_last" value="lastName">
			<input type="hidden" name="v_card_holder" value="firstName">
			
            <input type="hidden" name="v_shipphone" value="">
            <input type="hidden" name="v_shipcountry" value="">
			<input type="hidden" name="v_shipcity" value="">
            <input type="hidden" name="v_shippost" value="">
            <input type="hidden" name="v_shipstate" value="">
            <input type="hidden" name="v_moneytype" value="">
            <input type="hidden" name="v_shipstreet" value="">
            <input type="hidden" name="v_amount" value="11.00">
            <input type="hidden" name="v_CartID" value="2013071510">
			<input type="hidden" name="v_productno" value="">
            <input type="hidden" name="v_productcode" value="">
            <input type="hidden" name="v_productdesc" value="">
            <input type="hidden" name="v_productqty" value="">
            <input type="hidden" name="v_productunitprice" value="">
            <input type="hidden" name="v_subamount" value="">
			<input type="hidden" name="v_productPriceCurrency" value="">
			
            <input type="hidden" name="v_billstreet" value="address">
            <input type="hidden" name="v_billcity" value="address">
            <input type="hidden" name="v_billstate" value="state">
            <input type="hidden" name="v_billpost" value="123456">
            <input type="hidden" name="v_billcountry" value="PHILIPPINES">
            <input type="hidden" name="v_billphone" value="123456789">
            <input type="hidden" name="v_billemail" value="email@mail.com">
            <input type="hidden" name="v_firstname" value="firstName">
            <input type="hidden" name="v_lastname" value="lastName">
			  <input type="hidden" name="callBackURL" value="https://merchant.paymentInside.com/API/mpServerProcess.asp">

            </form>
        </center>
    </body>
</html>


