2014-04-21T07:06:47Z
RequestParameter:  referenceId: BILL00000410013

2014-04-21T07:06:47Z
https://secure.qwipi.com/ars/payments.jspmerNo=10335&md5Key=9BD5CA2B0930A0D3F8C4985A05D34D9A&billNo=BILL00000410013&dateTime=201211051511373&currency=USD&language=eng&cardHolderIp=192.168.170.168&md5Info=619FADF6CBB66B836EA83DA13557021F&cardNum=40000000000000006&cvv2=123&month=12&year=0&birthDate=09201984&firstName=firstName&lastName=lastName&email=email@mail.com&phone=123456789&zipCode=123456&address=address&city=address&state=state&country=US&amount=12.00&products=2&remark=remark

2014-04-21T07:07:50Z
ResponseParameter:  referenceId: BILL00000410013

2014-04-21T07:07:50Z


2014-04-21T07:26:15Z
RequestParameter:  referenceId: BILL00000410015

2014-04-21T07:26:15Z
https://secure.qwipi.com/ars/payments.jspmerNo=10335&md5Key=9BD5CA2B0930A0D3F8C4985A05D34D9A&billNo=BILL00000410015&dateTime=201211051511373&currency=USD&language=eng&cardHolderIp=192.168.170.168&md5Info=7BC5C88D0D4DA9A4172C6C75B59F8924&cardNum=40000000000000006&cvv2=123&month=12&year=0&birthDate=09201984&firstName=firstName&lastName=lastName&email=email@mail.com&phone=123456789&zipCode=123456&address=address&city=address&state=state&country=US&amount=12.00&products=2&remark=remark

2014-04-21T07:27:18Z
ResponseParameter:  referenceId: BILL00000410015

2014-04-21T07:27:18Z


2014-04-21T08:01:50Z
RequestParameter:  referenceId: BILL00000410020

2014-04-21T08:01:50Z
https://secure.qwipi.com/ars/payments.jspmerNo=10335&md5Key=9BD5CA2B0930A0D3F8C4985A05D34D9A&billNo=BILL00000410020&dateTime=201211051511373&currency=USD&language=eng&cardHolderIp=192.168.170.168&md5Info=D22DF977D9BB1EEE48AAFF6826AB6072&cardNum=40000000000000008&cvv2=123&month=12&year=0&birthDate=09201984&firstName=firstName&lastName=lastName&email=email@mail.com&phone=123456789&zipCode=123456&address=address&city=address&state=state&country=US&amount=12.00&products=2&remark=remark

2014-04-21T08:02:54Z
ResponseParameter:  referenceId: BILL00000410020

2014-04-21T08:02:54Z


2014-04-21T08:37:58Z
RequestParameter:  referenceId: BILL00000410026

2014-04-21T08:37:58Z
https://secure.qwipi.com/ars/payments.jspmerNo=10335&md5Key=9BD5CA2B0930A0D3F8C4985A05D34D9A&billNo=BILL00000410026&dateTime=201211051511374&currency=USD&language=eng&cardHolderIp=192.168.170.168&md5Info=D7944C33A34FE94A33DA14B3CEDEDA50&cardNum=40000000000000008&cvv2=123&month=12&year=0&birthDate=09201984&firstName=firstName&lastName=lastName&email=email@mail.com&phone=123456789&zipCode=123456&address=address&city=address&state=state&country=US&amount=12.00&products=2&remark=remark

2014-04-21T08:39:01Z
ResponseParameter:  referenceId: BILL00000410026

2014-04-21T08:39:01Z


2014-04-21T08:45:26Z
RequestParameter:  referenceId: BILL00000410027

2014-04-21T08:45:26Z
https://secure.qwipi.com/ars/payments.jspmerNo=10335&md5Key=9BD5CA2B0930A0D3F8C4985A05D34D9A&billNo=BILL00000410027&dateTime=201211051511374&currency=USD&language=eng&cardHolderIp=192.168.170.168&md5Info=17722BF89035A2794FA9CB49604834D2&cardNum=40000000000000008&cvv2=123&month=12&year=0&birthDate=09201984&firstName=firstName&lastName=lastName&email=email@mail.com&phone=123456789&zipCode=123456&address=address&city=address&state=state&country=US&amount=12.00&products=2&remark=remark

2014-04-21T08:46:29Z
ResponseParameter:  referenceId: BILL00000410027

2014-04-21T08:46:29Z


