2014-09-08T13:23:41Z
RequestParameter:  referenceId: 10000079111

2014-09-08T13:23:41Z
https://pay.ppwpartners.com/gateway/payment_request.jsp?Ver=100&RequestType=TRAN&MerchantID=PPWPAYTTEST011&Password=testadmin03&TransactionType=1&Reference=10000079111&Currency=USD&Amount=285&CardNumber=5309700000000001&ExpiryMM=01&ExpiryYY=15&Csc=467&CardHolder=Josh%20Tester&ProductName=

2014-09-08T13:23:43Z
ResponseParameter:  referenceId: 10000079111

2014-09-08T13:23:43Z
<?xml version="1.0" encoding="UTF-8" ?>
<TransactionResponse>
<RequestType>TRAN</RequestType>
<MerchantID>PPWPAYTTEST011</MerchantID> 
<TransactionType>1</TransactionType>
<Reference>10000079111</Reference>
<ResponseCode>000</ResponseCode>
<ResponseMessage>Success</ResponseMessage>
<ResponseTime>20140908222430</ResponseTime>
<TransactionID>2014090800001D700030</TransactionID>
<AuthCode>00000000</AuthCode>
</TransactionResponse>



2014-09-08T13:34:45Z
RequestParameter:  referenceId: 4306540dbee5a41da

2014-09-08T13:34:45Z
https://pay.ppwpartners.com/gateway/payment_request.jsp?Ver=100&RequestType=TRAN&MerchantID=PPWPAYTTEST011&Password=testadmin03&TransactionType=1&Reference=4306540dbee5a41da&Currency=USD&Amount=285&CardNumber=5309700000000001&ExpiryMM=01&ExpiryYY=15&Csc=467&CardHolder=Josh%20Tester&ProductName=

2014-09-08T13:34:46Z
ResponseParameter:  referenceId: 4306540dbee5a41da

2014-09-08T13:34:46Z
<?xml version="1.0" encoding="UTF-8" ?>
<TransactionResponse>
<RequestType>TRAN</RequestType>
<MerchantID>PPWPAYTTEST011</MerchantID> 
<TransactionType>1</TransactionType>
<Reference>4306540dbee5a41da</Reference>
<ResponseCode>000</ResponseCode>
<ResponseMessage>Success</ResponseMessage>
<ResponseTime>20140908223533</ResponseTime>
<TransactionID>2014090800001D800030</TransactionID>
<AuthCode>00000000</AuthCode>
</TransactionResponse>



2014-09-08T13:46:48Z
RequestParameter:  referenceId: 4306540dc1b8ddc80

2014-09-08T13:46:48Z
https://pay.ppwpartners.com/gateway/payment_request.jsp?Ver=100&RequestType=TRAN&MerchantID=PPWPAYTTEST011&Password=testadmin03&TransactionType=1&Reference=4306540dc1b8ddc80&Currency=USD&Amount=285&CardNumber=5309700000000001&ExpiryMM=01&ExpiryYY=15&Csc=467&CardHolder=Josh%20Tester&ProductName=

2014-09-08T13:46:49Z
ResponseParameter:  referenceId: 4306540dc1b8ddc80

2014-09-08T13:46:49Z
<?xml version="1.0" encoding="UTF-8" ?>
<TransactionResponse>
<RequestType>TRAN</RequestType>
<MerchantID>PPWPAYTTEST011</MerchantID> 
<TransactionType>1</TransactionType>
<Reference>4306540dc1b8ddc80</Reference>
<ResponseCode>000</ResponseCode>
<ResponseMessage>Success</ResponseMessage>
<ResponseTime>20140908154736</ResponseTime>
<TransactionID>2014090800001D900030</TransactionID>
<AuthCode>00000000</AuthCode>
</TransactionResponse>



2014-09-08T13:49:18Z
RequestParameter:  referenceId: 4306540dc24ec8512

2014-09-08T13:49:18Z
https://pay.ppwpartners.com/gateway/payment_request.jsp?Ver=100&RequestType=TRAN&MerchantID=PPWPAYTTEST011&Password=testadmin03&TransactionType=1&Reference=4306540dc24ec8512&Currency=USD&Amount=94.5&CardNumber=5309700000000001&ExpiryMM=01&ExpiryYY=2015&Csc=467&CardHolder=Ariel%20Aharonson&ProductName=

2014-09-08T13:49:19Z
ResponseParameter:  referenceId: 4306540dc24ec8512

2014-09-08T13:49:19Z
<?xml version="1.0" encoding="UTF-8" ?>
<ErrorResponse>
<RequestType>TRAN</RequestType>
<MerchantID>PPWPAYTTEST011</MerchantID> 
<Reference>4306540dc24ec8512</Reference>
<ResponseCode>101</ResponseCode>
<ResponseMessage>Parameters missing or invalid(Format of expiry year is YY)</ResponseMessage>
</ErrorResponse>


2014-09-08T13:54:51Z
RequestParameter:  referenceId: 4306540dc39be4871

2014-09-08T13:54:51Z
https://pay.ppwpartners.com/gateway/payment_request.jsp?Ver=100&RequestType=TRAN&MerchantID=PPWPAYTTEST011&Password=testadmin03&TransactionType=1&Reference=4306540dc39be4871&Currency=USD&Amount=94.5&CardNumber=5309700000000001&ExpiryMM=01&ExpiryYY=2015&Csc=467&CardHolder=Ariel%20Aharonson&ProductName=

2014-09-08T13:54:52Z
ResponseParameter:  referenceId: 4306540dc39be4871

2014-09-08T13:54:52Z
<?xml version="1.0" encoding="UTF-8" ?>
<ErrorResponse>
<RequestType>TRAN</RequestType>
<MerchantID>PPWPAYTTEST011</MerchantID> 
<Reference>4306540dc39be4871</Reference>
<ResponseCode>101</ResponseCode>
<ResponseMessage>Parameters missing or invalid(Format of expiry year is YY)</ResponseMessage>
</ErrorResponse>


2014-09-08T14:08:55Z
RequestParameter:  referenceId: 4306540dc6e83707f

2014-09-08T14:08:55Z
https://pay.ppwpartners.com/gateway/payment_request.jsp?Ver=100&RequestType=TRAN&MerchantID=PPWPAYTTEST011&Password=testadmin03&TransactionType=1&Reference=4306540dc6e83707f&Currency=USD&Amount=94.5&CardNumber=5309700000000001&ExpiryMM=01&ExpiryYY=15&Csc=467&CardHolder=Ariel%20Aharonson&ProductName=

2014-09-08T14:08:56Z
ResponseParameter:  referenceId: 4306540dc6e83707f

2014-09-08T14:08:56Z
<?xml version="1.0" encoding="UTF-8" ?>
<TransactionResponse>
<RequestType>TRAN</RequestType>
<MerchantID>PPWPAYTTEST011</MerchantID> 
<TransactionType>1</TransactionType>
<Reference>4306540dc6e83707f</Reference>
<ResponseCode>000</ResponseCode>
<ResponseMessage>Success</ResponseMessage>
<ResponseTime>20140908160943</ResponseTime>
<TransactionID>2014090800001E000030</TransactionID>
<AuthCode>00000000</AuthCode>
</TransactionResponse>



2014-09-08T14:31:23Z
RequestParameter:  referenceId: 4306540dcc2bdd666

2014-09-08T14:31:23Z
https://pay.ppwpartners.com/gateway/payment_request.jsp?Ver=100&RequestType=TRAN&MerchantID=PPWPAYTTEST011&Password=testadmin03&TransactionType=1&Reference=4306540dcc2bdd666&Currency=USD&Amount=94.5&CardNumber=5309700000000001&ExpiryMM=01&ExpiryYY=15&Csc=467&CardHolder=Ariel%20Aharonson&ProductName=1

2014-09-08T14:31:24Z
ResponseParameter:  referenceId: 4306540dcc2bdd666

2014-09-08T14:31:24Z
<?xml version="1.0" encoding="UTF-8" ?>
<TransactionResponse>
<RequestType>TRAN</RequestType>
<MerchantID>PPWPAYTTEST011</MerchantID> 
<TransactionType>1</TransactionType>
<Reference>4306540dcc2bdd666</Reference>
<ResponseCode>000</ResponseCode>
<ResponseMessage>Success</ResponseMessage>
<ResponseTime>20140908163211</ResponseTime>
<TransactionID>2014090800001EA00030</TransactionID>
<AuthCode>00000000</AuthCode>
</TransactionResponse>



2014-09-08T14:34:07Z
RequestParameter:  referenceId: 4306540dcccfe68bb

2014-09-08T14:34:07Z
https://pay.ppwpartners.com/gateway/payment_request.jsp?Ver=100&RequestType=TRAN&MerchantID=PPWPAYTTEST011&Password=testadmin03&TransactionType=1&Reference=4306540dcccfe68bb&Currency=USD&Amount=94.5&CardNumber=5309700000000001&ExpiryMM=01&ExpiryYY=15&Csc=467&CardHolder=Ariel%20Aharonson&ProductName=1

2014-09-08T14:34:07Z
ResponseParameter:  referenceId: 4306540dcccfe68bb

2014-09-08T14:34:07Z
<?xml version="1.0" encoding="UTF-8" ?>
<TransactionResponse>
<RequestType>TRAN</RequestType>
<MerchantID>PPWPAYTTEST011</MerchantID> 
<TransactionType>1</TransactionType>
<Reference>4306540dcccfe68bb</Reference>
<ResponseCode>000</ResponseCode>
<ResponseMessage>Success</ResponseMessage>
<ResponseTime>20140908233454</ResponseTime>
<TransactionID>2014090800001EB00030</TransactionID>
<AuthCode>00000000</AuthCode>
</TransactionResponse>



2014-09-08T14:35:17Z
RequestParameter:  referenceId: 4306540dcd161c66a

2014-09-08T14:35:17Z
https://pay.ppwpartners.com/gateway/payment_request.jsp?Ver=100&RequestType=TRAN&MerchantID=PPWPAYTTEST011&Password=testadmin03&TransactionType=1&Reference=4306540dcd161c66a&Currency=USD&Amount=94.5&CardNumber=5309700000000001&ExpiryMM=01&ExpiryYY=15&Csc=467&CardHolder=Ariel%20Aharonson&ProductName=1

2014-09-08T14:35:18Z
ResponseParameter:  referenceId: 4306540dcd161c66a

2014-09-08T14:35:18Z
<?xml version="1.0" encoding="UTF-8" ?>
<TransactionResponse>
<RequestType>TRAN</RequestType>
<MerchantID>PPWPAYTTEST011</MerchantID> 
<TransactionType>1</TransactionType>
<Reference>4306540dcd161c66a</Reference>
<ResponseCode>000</ResponseCode>
<ResponseMessage>Success</ResponseMessage>
<ResponseTime>20140908233605</ResponseTime>
<TransactionID>2014090800001EC00030</TransactionID>
<AuthCode>00000000</AuthCode>
</TransactionResponse>



2014-09-08T17:45:07Z
RequestParameter:  referenceId: 4306540df9944b1b7

2014-09-08T17:45:07Z
https://pay.ppwpartners.com/gateway/payment_request.jsp?Ver=100&RequestType=TRAN&MerchantID=PPWPAYTTEST011&Password=testadmin03&TransactionType=1&Reference=4306540df9944b1b7&Currency=USD&Amount=94.5&CardNumber=5309700000000001&ExpiryMM=01&ExpiryYY=15&Csc=467&CardHolder=Ariel%20Aharonson&ProductName=1

2014-09-08T17:45:08Z
ResponseParameter:  referenceId: 4306540df9944b1b7

2014-09-08T17:45:08Z
<?xml version="1.0" encoding="UTF-8" ?>
<TransactionResponse>
<RequestType>TRAN</RequestType>
<MerchantID>PPWPAYTTEST011</MerchantID> 
<TransactionType>1</TransactionType>
<Reference>4306540df9944b1b7</Reference>
<ResponseCode>000</ResponseCode>
<ResponseMessage>Success</ResponseMessage>
<ResponseTime>20140909024555</ResponseTime>
<TransactionID>20140909000004400030</TransactionID>
<AuthCode>00000000</AuthCode>
</TransactionResponse>



2014-09-08T17:45:29Z
RequestParameter:  referenceId: 4306540df9aa5ae42

2014-09-08T17:45:29Z
https://pay.ppwpartners.com/gateway/payment_request.jsp?Ver=100&RequestType=TRAN&MerchantID=PPWPAYTTEST011&Password=testadmin03&TransactionType=1&Reference=4306540df9aa5ae42&Currency=USD&Amount=94.5&CardNumber=5309700000000001&ExpiryMM=01&ExpiryYY=15&Csc=467&CardHolder=Ariel%20Aharonson&ProductName=1

2014-09-08T17:45:30Z
ResponseParameter:  referenceId: 4306540df9aa5ae42

2014-09-08T17:45:30Z
<?xml version="1.0" encoding="UTF-8" ?>
<TransactionResponse>
<RequestType>TRAN</RequestType>
<MerchantID>PPWPAYTTEST011</MerchantID> 
<TransactionType>1</TransactionType>
<Reference>4306540df9aa5ae42</Reference>
<ResponseCode>000</ResponseCode>
<ResponseMessage>Success</ResponseMessage>
<ResponseTime>20140908194617</ResponseTime>
<TransactionID>20140909000004500030</TransactionID>
<AuthCode>00000000</AuthCode>
</TransactionResponse>



