2014-09-24T09:09:42Z
RequestParameter:  referenceId: BILL000550

2014-09-24T09:09:42Z
?Ver=100&RequestType=TRAN&MerchantID=&Password=&TransactionType=1&Reference=BILL000550&Currency=USD&Amount=10&CardNumber=5309700000000001&ExpiryMM=01&ExpiryYY=15&Csc=467&CardHolder=Test%20Name&ProductName=2

2014-09-24T09:09:42Z
ResponseParameter:  referenceId: BILL000550

2014-09-24T09:09:42Z


2014-09-24T09:11:37Z
RequestParameter:  referenceId: BILL000551

2014-09-24T09:11:37Z
?Ver=100&RequestType=TRAN&MerchantID=&Password=&TransactionType=1&Reference=BILL000551&Currency=USD&Amount=10&CardNumber=5309700000000001&ExpiryMM=01&ExpiryYY=15&Csc=467&CardHolder=Test%20Name&ProductName=2

2014-09-24T09:11:37Z
ResponseParameter:  referenceId: BILL000551

2014-09-24T09:11:37Z


2014-09-24T09:14:08Z
RequestParameter:  referenceId: BILL000552

2014-09-24T09:14:08Z
?Ver=100&RequestType=TRAN&MerchantID=&Password=&TransactionType=1&Reference=BILL000552&Currency=USD&Amount=10&CardNumber=5309700000000001&ExpiryMM=01&ExpiryYY=15&Csc=467&CardHolder=Test%20Name&ProductName=2

2014-09-24T09:14:08Z
ResponseParameter:  referenceId: BILL000552

2014-09-24T09:14:08Z


2014-09-24T09:14:36Z
RequestParameter:  referenceId: BILL000553

2014-09-24T09:14:36Z
?Ver=100&RequestType=TRAN&MerchantID=&Password=&TransactionType=1&Reference=BILL000553&Currency=USD&Amount=10&CardNumber=5309700000000001&ExpiryMM=01&ExpiryYY=15&Csc=467&CardHolder=Test%20Name&ProductName=2

2014-09-24T09:14:36Z
ResponseParameter:  referenceId: BILL000553

2014-09-24T09:14:36Z


2014-09-24T09:19:14Z
RequestParameter:  referenceId: BILL000554

2014-09-24T09:19:14Z
?Ver=100&RequestType=TRAN&MerchantID=&Password=&TransactionType=1&Reference=BILL000554&Currency=USD&Amount=10&CardNumber=4012888888881881&ExpiryMM=01&ExpiryYY=15&Csc=467&CardHolder=Test%20Name&ProductName=2

2014-09-24T09:19:14Z
ResponseParameter:  referenceId: BILL000554

2014-09-24T09:19:14Z


2014-09-24T09:25:14Z
RequestParameter:  referenceId: BILL000555

2014-09-24T09:25:14Z
?Ver=100&RequestType=TRAN&MerchantID=&Password=&TransactionType=1&Reference=BILL000555&Currency=USD&Amount=10&CardNumber=5309700000000001&ExpiryMM=01&ExpiryYY=15&Csc=467&CardHolder=Test%20Name&ProductName=2

2014-09-24T09:25:14Z
ResponseParameter:  referenceId: BILL000555

2014-09-24T09:25:14Z


2014-09-24T09:25:31Z
RequestParameter:  referenceId: BILL000556

2014-09-24T09:25:31Z
?Ver=100&RequestType=TRAN&MerchantID=&Password=&TransactionType=1&Reference=BILL000556&Currency=USD&Amount=10&CardNumber=5309700000000001&ExpiryMM=01&ExpiryYY=15&Csc=467&CardHolder=Test%20Name&ProductName=2

2014-09-24T09:25:31Z
ResponseParameter:  referenceId: BILL000556

2014-09-24T09:25:31Z


2014-09-24T09:26:34Z
RequestParameter:  referenceId: 2014092401

2014-09-24T09:26:34Z
?Ver=100&RequestType=TRAN&MerchantID=&Password=&TransactionType=1&Reference=2014092401&Currency=USD&Amount=12&CardNumber=5309700000000001&ExpiryMM=01&ExpiryYY=15&Csc=467&CardHolder=firstName%20lastName&ProductName=2

2014-09-24T09:26:34Z
ResponseParameter:  referenceId: 2014092401

2014-09-24T09:26:34Z


2014-09-24T09:28:25Z
RequestParameter:  referenceId: BILL000557

2014-09-24T09:28:25Z
?Ver=100&RequestType=TRAN&MerchantID=&Password=&TransactionType=1&Reference=BILL000557&Currency=USD&Amount=10&CardNumber=5309700000000001&ExpiryMM=01&ExpiryYY=15&Csc=467&CardHolder=Test%20Name&ProductName=2

2014-09-24T09:28:25Z
ResponseParameter:  referenceId: BILL000557

2014-09-24T09:28:25Z


2014-09-24T09:32:53Z
RequestParameter:  referenceId: BILL000558

2014-09-24T09:32:53Z
?Ver=100&RequestType=TRAN&MerchantID=&Password=&TransactionType=1&Reference=BILL000558&Currency=USD&Amount=10&CardNumber=5309700000000001&ExpiryMM=01&ExpiryYY=15&Csc=467&CardHolder=Test%20Name&ProductName=2

2014-09-24T09:32:53Z
ResponseParameter:  referenceId: BILL000558

2014-09-24T09:32:53Z


2014-09-24T09:33:29Z
RequestParameter:  referenceId: 2014092402

2014-09-24T09:33:29Z
?Ver=100&RequestType=TRAN&MerchantID=&Password=&TransactionType=1&Reference=2014092402&Currency=USD&Amount=12&CardNumber=5309700000000001&ExpiryMM=01&ExpiryYY=15&Csc=467&CardHolder=firstName%20lastName&ProductName=2

2014-09-24T09:33:29Z
ResponseParameter:  referenceId: 2014092402

2014-09-24T09:33:29Z


2014-09-24T09:37:05Z
RequestParameter:  referenceId: 2014092403

2014-09-24T09:37:05Z
?Ver=100&RequestType=TRAN&MerchantID=&Password=&TransactionType=1&Reference=2014092403&Currency=USD&Amount=12&CardNumber=5309700000000001&ExpiryMM=01&ExpiryYY=15&Csc=467&CardHolder=firstName%20lastName&ProductName=2

2014-09-24T09:37:05Z
ResponseParameter:  referenceId: 2014092403

2014-09-24T09:37:05Z


2014-09-24T09:37:38Z
RequestParameter:  referenceId: 2014092404

2014-09-24T09:37:38Z
?Ver=100&RequestType=TRAN&MerchantID=&Password=&TransactionType=1&Reference=2014092404&Currency=USD&Amount=12&CardNumber=5309700000000001&ExpiryMM=01&ExpiryYY=15&Csc=467&CardHolder=firstName%20lastName&ProductName=2

2014-09-24T09:37:38Z
ResponseParameter:  referenceId: 2014092404

2014-09-24T09:37:38Z


2014-09-24T09:38:38Z
RequestParameter:  referenceId: BILL000559

2014-09-24T09:38:38Z
?Ver=100&RequestType=TRAN&MerchantID=&Password=&TransactionType=1&Reference=BILL000559&Currency=USD&Amount=10&CardNumber=5309700000000001&ExpiryMM=01&ExpiryYY=15&Csc=467&CardHolder=Test%20Name&ProductName=2

2014-09-24T09:38:38Z
ResponseParameter:  referenceId: BILL000559

2014-09-24T09:38:38Z


2014-09-24T09:39:15Z
RequestParameter:  referenceId: 2014092405

2014-09-24T09:39:15Z
?Ver=100&RequestType=TRAN&MerchantID=&Password=&TransactionType=1&Reference=2014092405&Currency=USD&Amount=12&CardNumber=5309700000000001&ExpiryMM=01&ExpiryYY=15&Csc=467&CardHolder=firstName%20lastName&ProductName=2

2014-09-24T09:40:44Z
RequestParameter:  referenceId: 2014092406

2014-09-24T09:40:44Z
?Ver=100&RequestType=TRAN&MerchantID=&Password=&TransactionType=1&Reference=2014092406&Currency=USD&Amount=12&CardNumber=5309700000000001&ExpiryMM=01&ExpiryYY=15&Csc=467&CardHolder=firstName%20lastName&ProductName=2

2014-09-24T09:43:55Z
RequestParameter:  referenceId: BILL000560

2014-09-24T09:43:55Z
?Ver=100&RequestType=TRAN&MerchantID=&Password=&TransactionType=1&Reference=BILL000560&Currency=USD&Amount=10&CardNumber=5309700000000001&ExpiryMM=01&ExpiryYY=15&Csc=467&CardHolder=Test%20Name&ProductName=2

2014-09-24T09:43:55Z
ResponseParameter:  referenceId: BILL000560

2014-09-24T09:43:55Z


2014-09-24T09:51:19Z
RequestParameter:  referenceId: 2014092411

2014-09-24T09:51:19Z
?Ver=100&RequestType=TRAN&MerchantID=&Password=&TransactionType=1&Reference=2014092411&Currency=USD&Amount=12&CardNumber=5309700000000001&ExpiryMM=01&ExpiryYY=15&Csc=467&CardHolder=firstName%20lastName&ProductName=2

2014-09-24T09:51:19Z
ResponseParameter:  referenceId: 2014092411

2014-09-24T09:51:19Z


2014-09-24T09:52:51Z
RequestParameter:  referenceId: 2014092412

2014-09-24T09:52:51Z
https://pay.ppwpartners.com/gateway/payment_request.jsp?Ver=100&RequestType=TRAN&MerchantID=PPWPAYTTEST011&Password=testadmin03&TransactionType=1&Reference=2014092412&Currency=USD&Amount=12&CardNumber=5309700000000001&ExpiryMM=01&ExpiryYY=15&Csc=467&CardHolder=firstName%20lastName&ProductName=2

2014-09-24T09:52:53Z
ResponseParameter:  referenceId: 2014092412

2014-09-24T09:52:53Z
<?xml version="1.0" encoding="UTF-8" ?>
<TransactionResponse>
<RequestType>TRAN</RequestType>
<MerchantID>PPWPAYTTEST011</MerchantID> 
<TransactionType>1</TransactionType>
<Reference>2014092412</Reference>
<ResponseCode>000</ResponseCode>
<ResponseMessage>Success</ResponseMessage>
<ResponseTime>20140924165347</ResponseTime>
<TransactionID>20140924000019600030</TransactionID>
<AuthCode>00000000</AuthCode>
</TransactionResponse>



2014-09-24T09:53:41Z
RequestParameter:  referenceId: 2014092413

2014-09-24T09:53:41Z
https://pay.ppwpartners.com/gateway/payment_request.jsp?Ver=100&RequestType=TRAN&MerchantID=PPWPAYTTEST011&Password=testadmin03&TransactionType=1&Reference=2014092413&Currency=USD&Amount=12&CardNumber=5309700000000001&ExpiryMM=01&ExpiryYY=15&Csc=467&CardHolder=firstName%20lastName&ProductName=2

2014-09-24T09:53:42Z
ResponseParameter:  referenceId: 2014092413

2014-09-24T09:53:42Z
<?xml version="1.0" encoding="UTF-8" ?>
<TransactionResponse>
<RequestType>TRAN</RequestType>
<MerchantID>PPWPAYTTEST011</MerchantID> 
<TransactionType>1</TransactionType>
<Reference>2014092413</Reference>
<ResponseCode>000</ResponseCode>
<ResponseMessage>Success</ResponseMessage>
<ResponseTime>20140924165436</ResponseTime>
<TransactionID>20140924000019700030</TransactionID>
<AuthCode>00000000</AuthCode>
</TransactionResponse>



2014-09-24T09:54:09Z
RequestParameter:  referenceId: BILL000563

2014-09-24T09:54:09Z
https://pay.ppwpartners.com/gateway/payment_request.jsp?Ver=100&RequestType=TRAN&MerchantID=PPWPAYTTEST011&Password=testadmin03&TransactionType=1&Reference=BILL000563&Currency=USD&Amount=10&CardNumber=5309700000000001&ExpiryMM=01&ExpiryYY=15&Csc=467&CardHolder=Test%20Name&ProductName=2

2014-09-24T09:54:10Z
ResponseParameter:  referenceId: BILL000563

2014-09-24T09:54:10Z
<?xml version="1.0" encoding="UTF-8" ?>
<TransactionResponse>
<RequestType>TRAN</RequestType>
<MerchantID>PPWPAYTTEST011</MerchantID> 
<TransactionType>1</TransactionType>
<Reference>BILL000563</Reference>
<ResponseCode>000</ResponseCode>
<ResponseMessage>Success</ResponseMessage>
<ResponseTime>20140924115505</ResponseTime>
<TransactionID>20140924000019800030</TransactionID>
<AuthCode>00000000</AuthCode>
</TransactionResponse>



2014-09-24T09:55:11Z
RequestParameter:  referenceId: BILL000564

2014-09-24T09:55:11Z
https://pay.ppwpartners.com/gateway/payment_request.jsp?Ver=100&RequestType=TRAN&MerchantID=PPWPAYTTEST011&Password=testadmin03&TransactionType=1&Reference=BILL000564&Currency=USD&Amount=10&CardNumber=5309700000000001&ExpiryMM=01&ExpiryYY=15&Csc=467&CardHolder=Test%20Name&ProductName=2

2014-09-24T09:55:12Z
ResponseParameter:  referenceId: BILL000564

2014-09-24T09:55:12Z
<?xml version="1.0" encoding="UTF-8" ?>
<TransactionResponse>
<RequestType>TRAN</RequestType>
<MerchantID>PPWPAYTTEST011</MerchantID> 
<TransactionType>1</TransactionType>
<Reference>BILL000564</Reference>
<ResponseCode>000</ResponseCode>
<ResponseMessage>Success</ResponseMessage>
<ResponseTime>20140924165606</ResponseTime>
<TransactionID>20140924000019900030</TransactionID>
<AuthCode>00000000</AuthCode>
</TransactionResponse>



2014-09-24T10:22:07Z
RequestParameter:  referenceId: BILL000565

2014-09-24T10:22:07Z
https://pay.ppwpartners.com/gateway/payment_request.jsp?Ver=100&RequestType=TRAN&MerchantID=PPWPAYTTEST011&Password=testadmin03&TransactionType=1&Reference=BILL000565&Currency=USD&Amount=12&CardNumber=5309700000000001&ExpiryMM=01&ExpiryYY=15&Csc=467&CardHolder=firstName%20lastName&ProductName=2

2014-09-24T10:22:08Z
ResponseParameter:  referenceId: BILL000565

2014-09-24T10:22:08Z
<?xml version="1.0" encoding="UTF-8" ?>
<TransactionResponse>
<RequestType>TRAN</RequestType>
<MerchantID>PPWPAYTTEST011</MerchantID> 
<TransactionType>1</TransactionType>
<Reference>BILL000565</Reference>
<ResponseCode>000</ResponseCode>
<ResponseMessage>Success</ResponseMessage>
<ResponseTime>20140924122302</ResponseTime>
<TransactionID>20140924000019E00030</TransactionID>
<AuthCode>00000000</AuthCode>
</TransactionResponse>



2014-09-24T10:24:32Z
RequestParameter:  referenceId: BILL000566

2014-09-24T10:24:32Z
https://pay.ppwpartners.com/gateway/payment_request.jsp?Ver=100&RequestType=TRAN&MerchantID=PPWPAYTTEST011&Password=testadmin03&TransactionType=1&Reference=BILL000566&Currency=USD&Amount=12&CardNumber=5309700000000001&ExpiryMM=01&ExpiryYY=15&Csc=467&CardHolder=firstName%20lastName&ProductName=2

2014-09-24T10:24:33Z
ResponseParameter:  referenceId: BILL000566

2014-09-24T10:24:33Z
<?xml version="1.0" encoding="UTF-8" ?>
<TransactionResponse>
<RequestType>TRAN</RequestType>
<MerchantID>PPWPAYTTEST011</MerchantID> 
<TransactionType>1</TransactionType>
<Reference>BILL000566</Reference>
<ResponseCode>000</ResponseCode>
<ResponseMessage>Success</ResponseMessage>
<ResponseTime>20140924122527</ResponseTime>
<TransactionID>20140924000019F00030</TransactionID>
<AuthCode>00000000</AuthCode>
</TransactionResponse>



2014-09-24T10:29:41Z
RequestParameter:  referenceId: BILL000567

2014-09-24T10:29:41Z
https://pay.ppwpartners.com/gateway/payment_request.jsp?Ver=100&RequestType=TRAN&MerchantID=PPWPAYTTEST022&Password=testpassword&TransactionType=1&Reference=BILL000567&Currency=USD&Amount=12&CardNumber=50000000000000006&ExpiryMM=01&ExpiryYY=15&Csc=467&CardHolder=firstName%20lastName&ProductName=2

2014-09-24T10:29:42Z
ResponseParameter:  referenceId: BILL000567

2014-09-24T10:29:42Z
<?xml version="1.0" encoding="UTF-8" ?>
<ErrorResponse>
<RequestType>TRAN</RequestType>
<MerchantID>PPWPAYTTEST022</MerchantID> 
<Reference>BILL000567</Reference>
<ResponseCode>109</ResponseCode>
<ResponseMessage>Invalid MerchantID</ResponseMessage>
</ErrorResponse>


